0.005 -4.35349e-08
0.01 -1.89477e-07
0.015 -4.3993e-07
0.02 -7.55611e-07
0.025 -1.08663e-06
0.03 -1.38135e-06
0.035 -1.59473e-06
0.04 -1.69568e-06
0.045 -1.67203e-06
0.05 -1.53231e-06
0.055 -1.30408e-06
0.06 -1.02953e-06
0.065 -7.58743e-07
0.07 -5.42456e-07
0.075 -4.24624e-07
0.08 -4.35643e-07
0.085 -5.86201e-07
0.09 -8.62919e-07
0.095 -1.22634e-06
0.1 -1.61215e-06
0.105 -1.93653e-06
0.11 -2.10832e-06
0.115 -2.04883e-06
0.12 -1.71416e-06
0.125 -1.10956e-06
0.13 -2.92046e-07
0.135 6.3771e-07
0.14 1.55236e-06
0.145 2.32074e-06
0.15 2.83148e-06
0.155 3.01368e-06
0.16 2.85026e-06
0.165 2.38231e-06
0.17 1.7034e-06
0.175 9.42925e-07
0.18 2.4072e-07
0.185 -2.78588e-07
0.19 -5.23054e-07
0.195 -4.39216e-07
0.2 -1.30386e-08
0.205 7.25066e-07
0.21 1.69518e-06
0.215 2.77598e-06
0.22 3.82823e-06
0.225 4.72219e-06
0.23 5.35592e-06
0.235 5.66255e-06
0.24 5.6139e-06
0.245 5.22705e-06
0.25 4.56867e-06
0.255 3.74935e-06
0.26 2.9066e-06
0.265 2.18132e-06
0.27 1.69503e-06
0.275 1.53288e-06
0.28 1.73287e-06
0.285 2.27954e-06
0.29 3.10475e-06
0.295 4.09875e-06
0.3 5.1288e-06
0.305 6.05958e-06
0.31 6.77182e-06
0.315 7.17898e-06
0.32 7.24107e-06
0.325 6.92012e-06
0.33 6.25336e-06
0.335 5.40102e-06
0.34 4.53286e-06
0.345 3.78003e-06
0.35 3.24743e-06
0.355 3.00493e-06
0.36 3.07427e-06
0.365 3.42331e-06
0.37 3.97306e-06
0.375 4.6154e-06
0.38 5.23354e-06
0.385 5.71944e-06
0.39 5.98774e-06
0.395 5.98827e-06
0.4 5.71488e-06
0.405 5.2078e-06
0.41 4.54784e-06
0.415 3.84237e-06
0.42 3.2052e-06
0.425 2.73612e-06
0.43 2.50645e-06
0.435 2.55341e-06
0.44 2.87977e-06
0.445 3.45242e-06
0.45 4.20154e-06
0.455 5.02768e-06
0.46 5.81727e-06
0.465 6.46221e-06
0.47 6.87923e-06
0.475 7.02534e-06
0.48 6.90562e-06
0.485 6.56971e-06
0.49 6.09387e-06
0.495 5.55905e-06
0.5 5.04626e-06
0.505 4.64544e-06
0.51 4.44931e-06
0.515 4.52878e-06
0.52 4.91173e-06
0.525 5.57521e-06
0.53 6.44136e-06
0.535 7.37351e-06
0.54 8.18931e-06
0.545 8.70146e-06
0.55 8.76653e-06
0.555 8.3174e-06
0.56 7.37342e-06
0.565 6.03578e-06
0.57 4.47732e-06
0.575 2.92785e-06
0.58 1.64315e-06
0.585 8.53921e-07
0.59 7.13161e-07
0.595 1.26359e-06
0.6 2.43058e-06
0.605 4.03613e-06
0.61 5.82643e-06
0.615 7.50886e-06
0.62 8.79955e-06
0.625 9.47684e-06
0.63 9.42391e-06
0.635 8.6479e-06
0.64 7.27761e-06
0.645 5.54678e-06
0.65 3.76017e-06
0.655 2.23742e-06
0.66 1.24629e-06
0.665 9.50484e-07
0.67 1.38659e-06
0.675 2.46642e-06
0.68 3.99505e-06
0.685 5.70082e-06
0.69 7.27769e-06
0.695 8.43841e-06
0.7 8.96801e-06
0.705 8.76325e-06
0.71 7.84902e-06
0.715 6.37113e-06
0.72 4.56975e-06
0.725 2.73854e-06
0.73 1.17548e-06
0.735 1.33932e-07
0.74 -2.18023e-07
0.745 1.74915e-07
0.75 1.24423e-06
0.755 2.80708e-06
0.76 4.59716e-06
0.765 6.311e-06
0.77 7.65927e-06
0.775 8.4131e-06
0.78 8.43826e-06
0.785 7.7156e-06
0.79 6.34653e-06
0.795 4.53994e-06
0.8 2.57916e-06
0.805 7.73878e-07
0.81 -5.93493e-07
0.815 -1.31507e-06
0.82 -1.29015e-06
0.825 -5.40519e-07
0.83 7.92547e-07
0.835 2.4706e-06
0.84 4.19687e-06
0.845 5.66415e-06
0.85 6.60442e-06
0.855 6.83417e-06
0.86 6.28767e-06
0.865 5.03056e-06
0.87 3.24915e-06
0.875 1.2174e-06
0.88 -7.49728e-07
0.885 -2.34551e-06
0.89 -3.31794e-06
0.895 -3.51147e-06
0.9 -2.89643e-06
0.905 -1.57661e-06
0.91 2.27327e-07
0.915 2.21451e-06
0.92 4.05351e-06
0.925 5.43484e-06
0.93 6.11847e-06
0.935 5.97196e-06
0.94 4.99317e-06
0.945 3.31289e-06
0.95 1.17645e-06
0.955 -1.09488e-06
0.96 -3.15759e-06
0.965 -4.70427e-06
0.97 -5.51595e-06
0.975 -5.4975e-06
0.98 -4.69024e-06
0.985 -3.26368e-06
0.99 -1.48966e-06
0.995 3.0047e-07
1 1.77204e-06
1.005 2.64778e-06
1.01 2.75954e-06
1.015 2.07816e-06
1.02 7.16273e-07
1.025 -1.09391e-06
1.03 -3.0428e-06
1.035 -4.79696e-06
1.04 -6.05503e-06
1.045 -6.59751e-06
1.05 -6.3242e-06
1.055 -5.2742e-06
1.06 -3.62385e-06
1.065 -1.65836e-06
1.07 2.79694e-07
1.075 1.85233e-06
1.08 2.78404e-06
1.085 2.90576e-06
1.09 2.18012e-06
1.095 7.0643e-07
1.1 -1.29494e-06
1.105 -3.51733e-06
1.11 -5.61809e-06
1.115 -7.27643e-06
1.12 -8.24731e-06
1.125 -8.40096e-06
1.13 -7.74155e-06
1.135 -6.40443e-06
1.14 -4.63501e-06
1.145 -2.75084e-06
1.15 -1.08997e-06
1.155 4.62336e-08
1.16 4.44789e-07
1.165 1.67068e-08
1.17 -1.19075e-06
1.175 -3.00484e-06
1.18 -5.15634e-06
1.185 -7.32267e-06
1.19 -9.18062e-06
1.195 -1.04599e-05
1.2 -1.09886e-05
1.205 -1.07216e-05
1.21 -9.7455e-06
1.215 -8.25863e-06
1.22 -6.53216e-06
1.225 -4.86375e-06
1.23 -3.53161e-06
1.235 -2.75276e-06
1.24 -2.65291e-06
1.245 -3.25851e-06
1.25 -4.50563e-06
1.255 -6.24415e-06
1.26 -8.23782e-06
1.265 -1.01871e-05
1.27 -1.17857e-05
1.275 -1.27875e-05
1.28 -1.30468e-05
1.285 -1.25128e-05
1.29 -1.12076e-05
1.295 -9.23893e-06
1.3 -6.83835e-06
1.305 -4.36121e-06
1.31 -2.21655e-06
1.315 -7.66651e-07
1.32 -2.51107e-07
1.325 -7.61664e-07
1.33 -2.25766e-06
1.335 -4.60111e-06
1.34 -7.60112e-06
1.345 -1.10502e-05
1.35 -1.47349e-05
1.355 -1.84141e-05
1.36 -2.17687e-05
1.365 -2.43684e-05
1.37 -2.57351e-05
1.375 -2.54909e-05
1.38 -2.34983e-05
1.385 -1.99282e-05
1.39 -1.52545e-05
1.395 -1.01816e-05
1.4 -5.5217e-06
1.405 -2.05488e-06
1.41 -3.93909e-07
1.415 -8.67706e-07
1.42 -3.43833e-06
1.425 -7.65542e-06
1.43 -1.26665e-05
1.435 -1.73413e-05
1.44 -2.0543e-05
1.445 -2.14751e-05
1.45 -1.9955e-05
1.455 -1.6485e-05
1.46 -1.20749e-05
1.465 -7.86941e-06
1.47 -4.74755e-06
1.475 -3.13417e-06
1.48 -3.07676e-06
1.485 -4.34195e-06
1.49 -6.36853e-06
1.495 -8.30585e-06
1.5 -9.37441e-06
1.505 -9.34661e-06
1.51 -8.73273e-06
1.515 -8.49626e-06
1.52 -9.49446e-06
1.525 -1.20425e-05
1.53 -1.58839e-05
1.535 -2.0511e-05
1.54 -2.54784e-05
1.545 -3.03481e-05
1.55 -3.43565e-05
1.555 -3.63228e-05
1.56 -3.50157e-05
1.565 -2.96711e-05
1.57 -2.03736e-05
1.575 -8.23541e-06
1.58 4.71568e-06
1.585 1.59748e-05
1.59 2.31242e-05
1.595 2.42977e-05
1.6 1.85376e-05
1.605 6.1098e-06
1.61 -1.12709e-05
1.615 -3.04178e-05
1.62 -4.70261e-05
1.625 -5.65624e-05
1.63 -5.55407e-05
1.635 -4.27807e-05
1.64 -2.01861e-05
1.645 7.5226e-06
1.65 3.42585e-05
1.655 5.43782e-05
1.66 6.38786e-05
1.665 6.0871e-05
1.67 4.57077e-05
1.675 2.08957e-05
1.68 -9.26264e-06
1.685 -3.93281e-05
1.69 -6.37426e-05
1.695 -7.81737e-05
1.7 -8.06766e-05
1.705 -7.1996e-05
1.71 -5.49179e-05
1.715 -3.32316e-05
1.72 -1.08961e-05
1.725 8.40455e-06
1.73 2.15072e-05
1.735 2.60758e-05
1.74 2.10628e-05
1.745 7.17424e-06
1.75 -1.29822e-05
1.755 -3.53444e-05
1.76 -5.55285e-05
1.765 -7.03281e-05
1.77 -7.86391e-05
1.775 -8.10663e-05
1.78 -7.87014e-05
1.785 -7.21148e-05
1.79 -6.09696e-05
1.795 -4.43526e-05
1.8 -2.19162e-05
1.805 4.8679e-06
1.81 3.25041e-05
1.815 5.644e-05
1.82 7.24188e-05
1.825 7.76661e-05
1.83 7.15619e-05
1.835 5.54854e-05
1.84 3.20358e-05
1.845 4.32743e-06
1.85 -2.41844e-05
1.855 -4.96181e-05
1.86 -6.8054e-05
1.865 -7.6571e-05
1.87 -7.40618e-05
1.875 -6.11348e-05
1.88 -3.94984e-05
1.885 -1.15635e-05
1.89 1.94001e-05
1.895 4.87289e-05
1.9 7.02665e-05
1.905 7.76382e-05
1.91 6.67232e-05
1.915 3.77244e-05
1.92 -4.61618e-06
1.925 -5.26208e-05
1.93 -9.80592e-05
1.935 -0.000134084
1.94 -0.000155866
1.945 -0.000160303
1.95 -0.000146048
1.955 -0.000114235
1.96 -6.91212e-05
1.965 -1.77124e-05
1.97 3.16696e-05
1.975 7.12828e-05
1.98 9.55937e-05
1.985 0.000102061
1.99 9.09764e-05
1.995 6.48434e-05
2 2.78382e-05
2.005 -1.45051e-05
2.01 -5.56833e-05
2.015 -8.90061e-05
2.02 -0.000108751
2.025 -0.000111303
2.03 -9.58942e-05
2.035 -6.4768e-05
2.04 -2.27242e-05
2.045 2.38374e-05
2.05 6.80324e-05
2.055 0.000103447
2.06 0.000124786
2.065 0.000128404
2.07 0.000113061
2.075 8.07121e-05
2.08 3.66408e-05
2.085 -1.14029e-05
2.09 -5.48255e-05
2.095 -8.61595e-05
2.1 -0.00010075
2.105 -9.75208e-05
2.11 -7.87729e-05
2.115 -4.93707e-05
2.12 -1.56353e-05
2.125 1.58268e-05
2.13 3.93552e-05
2.135 5.15019e-05
2.14 5.17357e-05
2.145 4.20815e-05
2.15 2.59946e-05
2.155 7.11865e-06
2.16 -1.16373e-05
2.165 -2.86522e-05
2.17 -4.37579e-05
2.175 -5.77449e-05
2.18 -7.11915e-05
2.185 -8.31132e-05
2.19 -9.00572e-05
2.195 -8.65831e-05
2.2 -6.7855e-05
2.205 -3.30224e-05
2.21 1.33504e-05
2.215 6.27117e-05
2.22 0.000105237
2.225 0.000132289
2.23 0.00013836
2.235 0.000122543
2.24 8.89894e-05
2.245 4.54456e-05
2.25 1.67789e-07
2.255 -4.05317e-05
2.26 -7.23179e-05
2.265 -9.17188e-05
2.27 -9.611e-05
2.275 -8.49895e-05
2.28 -6.10674e-05
2.285 -2.98202e-05
2.29 2.40049e-06
2.295 3.02429e-05
2.3 5.00648e-05
2.305 5.96933e-05
2.31 5.80982e-05
2.315 4.54105e-05
2.32 2.31629e-05
2.325 -5.46166e-06
2.33 -3.5605e-05
2.335 -6.13054e-05
2.34 -7.6761e-05
2.345 -7.76852e-05
2.35 -6.21485e-05
2.355 -3.10538e-05
2.36 1.15311e-05
2.365 5.85382e-05
2.37 0.000100998
2.375 0.000130163
2.38 0.00014009
2.385 0.000129332
2.39 0.000100838
2.395 6.05289e-05
2.4 1.57145e-05
2.405 -2.61702e-05
2.41 -5.88624e-05
2.415 -7.85246e-05
2.42 -8.41933e-05
2.425 -7.72427e-05
2.43 -6.06026e-05
2.435 -3.80897e-05
2.44 -1.3571e-05
2.445 9.90617e-06
2.45 3.04265e-05
2.455 4.67586e-05
2.46 5.75848e-05
2.465 6.11987e-05
2.47 5.62093e-05
2.475 4.28966e-05
2.48 2.41105e-05
2.485 4.85841e-06
2.49 -9.33803e-06
2.495 -1.45821e-05
2.5 -1.01819e-05
2.505 1.22924e-06
2.51 1.50114e-05
2.515 2.65422e-05
2.52 3.30185e-05
2.525 3.39796e-05
2.53 3.03417e-05
2.535 2.3335e-05
2.54 1.45645e-05
2.545 6.47104e-06
2.55 1.94e-06
2.555 3.05757e-06
2.56 9.66002e-06
2.565 1.84546e-05
2.57 2.3792e-05
2.575 2.048e-05
2.58 7.21087e-06
2.585 -1.20309e-05
2.59 -3.00666e-05
2.595 -4.07148e-05
2.6 -4.20039e-05
2.605 -3.63881e-05
2.61 -2.82422e-05
2.615 -2.07006e-05
2.62 -1.43106e-05
2.625 -8.25082e-06
2.63 -2.24457e-06
2.635 2.77241e-06
2.64 4.78512e-06
2.645 8.27395e-07
2.65 -1.18182e-05
2.655 -3.28945e-05
2.66 -5.73926e-05
2.665 -7.72582e-05
2.67 -8.56888e-05
2.675 -8.0775e-05
2.68 -6.60848e-05
2.685 -4.80233e-05
2.69 -3.18492e-05
2.695 -1.92278e-05
2.7 -9.05617e-06
2.705 -4.22469e-07
2.71 5.36314e-06
2.715 5.49348e-06
2.72 -1.7679e-06
2.725 -1.45831e-05
2.73 -2.681e-05
2.735 -3.04371e-05
2.74 -2.01688e-05
2.745 3.48255e-06
2.75 3.46001e-05
2.755 6.42398e-05
2.76 8.29266e-05
2.765 8.31638e-05
2.77 6.18869e-05
2.775 2.17262e-05
2.78 -2.97342e-05
2.785 -8.24615e-05
2.79 -0.000127198
2.795 -0.000157724
2.8 -0.000171371
2.805 -0.000168527
2.81 -0.000151522
2.815 -0.000122845
2.82 -8.40279e-05
2.825 -3.63907e-05
2.83 1.74737e-05
2.835 7.31342e-05
2.84 0.000124872
2.845 0.000166585
2.85 0.000192837
2.855 0.000200205
2.86 0.000188431
2.865 0.000160673
2.87 0.000122811
2.875 8.26858e-05
2.88 5.02227e-05
2.885 3.76846e-05
2.89 5.70798e-05
2.895 0.00011335
2.9 0.00019801
2.905 0.000290394
2.91 0.000366421
2.915 0.000407474
2.92 0.000404504
2.925 0.000358115
2.93 0.000276612
2.935 0.000173621
2.94 6.59098e-05
2.945 -2.94967e-05
2.95 -9.91765e-05
2.955 -0.000136157
2.96 -0.000140242
2.965 -0.000116796
2.97 -7.4979e-05
2.975 -2.46454e-05
2.98 2.84064e-05
2.985 8.50379e-05
2.99 0.000147582
2.995 0.000210609
3 0.000259979
3.005 0.000281258
3.01 0.000266413
3.015 0.000214926
3.02 0.000133286
3.025 3.40251e-05
3.03 -6.60113e-05
3.035 -0.000147744
3.04 -0.000192938
3.045 -0.000188331
3.05 -0.000129212
3.055 -2.09202e-05
3.06 0.000121947
3.065 0.00027806
3.07 0.000422949
3.075 0.00053333
3.08 0.000591472
3.085 0.000588229
3.09 0.000523844
3.095 0.000406953
3.1 0.000252827
3.105 8.13361e-05
3.11 -8.55278e-05
3.115 -0.000226598
3.12 -0.000324165
3.125 -0.000365572
3.13 -0.00034458
3.135 -0.000263338
3.14 -0.000133256
3.145 2.71152e-05
3.15 0.000196109
3.155 0.000352437
3.16 0.000477185
3.165 0.000554993
3.17 0.000575682
3.175 0.000536586
3.18 0.000444074
3.185 0.00031243
3.19 0.000160276
3.195 7.02295e-06
3.2 -0.000128336
3.205 -0.000226801
3.21 -0.000270145
3.215 -0.000244336
3.22 -0.000144771
3.225 1.87592e-05
3.23 0.000220121
3.235 0.000420031
3.24 0.000574025
3.245 0.000643513
3.25 0.000608326
3.255 0.000477106
3.26 0.000287686
3.265 9.2098e-05
3.27 -6.37747e-05
3.275 -0.000149139
3.28 -0.00014892
3.285 -6.81486e-05
3.29 6.68649e-05
3.295 0.000219752
3.3 0.000359018
3.305 0.000466056
3.31 0.000534921
3.315 0.000566431
3.32 0.000560849
3.325 0.000514655
3.33 0.000423848
3.335 0.000290265
3.34 0.000125186
3.345 -5.22042e-05
3.35 -0.00021963
3.355 -0.000356921
3.36 -0.000449832
3.365 -0.000491833
3.37 -0.000484207
3.375 -0.000435083
3.38 -0.000357309
3.385 -0.000265176
3.39 -0.000171234
3.395 -8.50045e-05
3.4 -1.36602e-05
3.405 3.6887e-05
3.41 6.05374e-05
3.415 4.92771e-05
3.42 -5.2115e-06
3.425 -0.000104548
3.43 -0.000236704
3.435 -0.000375898
3.44 -0.000489488
3.445 -0.000548912
3.45 -0.000541069
3.455 -0.000471208
3.46 -0.000351402
3.465 -0.000187158
3.47 1.88732e-05
3.475 0.000251702
3.48 0.000480354
3.485 0.000668839
3.49 0.000786957
3.495 0.000815287
3.5 0.000748106
3.505 0.000596344
3.51 0.000388346
3.515 0.000164794
3.52 -3.1583e-05
3.525 -0.0001658
3.53 -0.000215678
3.535 -0.000173455
3.54 -4.68578e-05
3.545 0.00014064
3.55 0.00035307
3.555 0.000549219
3.56 0.000690761
3.565 0.000748458
3.57 0.000706113
3.575 0.000562798
3.58 0.000333325
3.585 4.58457e-05
3.59 -0.000264268
3.595 -0.000562095
3.6 -0.000818053
3.605 -0.0010079
3.61 -0.00111017
3.615 -0.00110534
3.62 -0.000979659
3.625 -0.000736212
3.63 -0.000409172
3.635 -6.33408e-05
3.64 0.000228893
3.645 0.00041196
3.65 0.000455874
3.655 0.000356469
3.66 0.000134154
3.665 -0.000171175
3.67 -0.000508962
3.675 -0.000826629
3.68 -0.00107615
3.685 -0.00121908
3.69 -0.00123109
3.695 -0.00110693
3.7 -0.000864764
3.705 -0.000544089
3.71 -0.000196675
3.715 0.000123158
3.72 0.00036461
3.725 0.000485163
3.73 0.000459851
3.735 0.000291529
3.74 1.00079e-05
3.745 -0.000338133
3.75 -0.000697632
3.755 -0.00101065
3.76 -0.00122574
3.765 -0.00130739
3.77 -0.00124237
3.775 -0.00104244
3.78 -0.000743169
3.785 -0.000397953
3.79 -6.77388e-05
3.795 0.00019075
3.8 0.00033481
3.805 0.000342249
3.81 0.000213066
3.815 -3.22841e-05
3.82 -0.000354112
3.825 -0.00069939
3.83 -0.00101546
3.835 -0.00125875
3.84 -0.00139119
3.845 -0.00138122
3.85 -0.00122253
3.855 -0.000946881
3.86 -0.000609129
3.865 -0.00026377
3.87 4.26031e-05
3.875 0.000268873
3.88 0.00038135
3.885 0.000360341
3.89 0.000204797
3.895 -6.4868e-05
3.9 -0.000405516
3.905 -0.000757162
3.91 -0.00105573
3.915 -0.0012458
3.92 -0.00128991
3.925 -0.00117403
3.93 -0.00091003
3.935 -0.000535022
3.94 -0.000105605
3.945 0.000312811
3.95 0.000657284
3.955 0.00087608
3.96 0.000935367
3.965 0.000824538
3.97 0.000560143
3.975 0.000186416
3.98 -0.00023142
3.985 -0.000620209
3.99 -0.000912937
3.995 -0.00106047
4 -0.00103953
4.005 -0.000856393
4.01 -0.000546483
4.015 -0.000168797
4.02 0.000205498
4.025 0.000507268
4.03 0.000681754
4.035 0.000696294
4.04 0.000543455
4.045 0.000241441
4.05 -0.000167491
4.055 -0.000622036
4.06 -0.0010511
4.065 -0.00138578
4.07 -0.00157139
4.075 -0.00157709
4.08 -0.00140036
4.085 -0.00106544
4.09 -0.000618384
4.095 -0.000122014
4.1 0.000350148
4.105 0.000724309
4.11 0.000940836
4.115 0.000968251
4.12 0.000809647
4.125 0.000498462
4.13 8.92814e-05
4.135 -0.000350036
4.14 -0.000743959
4.145 -0.00101451
4.15 -0.00109174
4.155 -0.000934691
4.16 -0.000553113
4.165 -9.96013e-06
4.17 0.000597147
4.175 0.00116042
4.18 0.00158736
4.185 0.00181971
4.19 0.00183379
4.195 0.00163496
4.2 0.00126109
4.205 0.000781447
4.21 0.000282209
4.215 -0.000148661
4.22 -0.000433389
4.225 -0.000518806
4.23 -0.000388559
4.235 -6.54348e-05
4.24 0.000395184
4.245 0.000916257
4.25 0.00141142
4.255 0.00179871
4.26 0.00201443
4.265 0.00202295
4.27 0.00182213
4.275 0.00144604
4.28 0.000959192
4.285 0.000445651
4.29 -2.19095e-06
4.295 -0.00030366
4.3 -0.000410083
4.305 -0.000313393
4.31 -4.52706e-05
4.315 0.000337138
4.32 0.00076723
4.325 0.00117181
4.33 0.00147736
4.335 0.0016271
4.34 0.00159361
4.345 0.00138218
4.35 0.0010286
4.355 0.000593347
4.36 0.000150626
4.365 -0.000227601
4.37 -0.000484799
4.375 -0.000585803
4.38 -0.000520223
4.385 -0.000306387
4.39 9.74358e-06
4.395 0.000366061
4.4 0.000698962
4.405 0.000950471
4.41 0.00107253
4.415 0.0010361
4.42 0.000837629
4.425 0.000497261
4.43 5.73048e-05
4.435 -0.00041695
4.44 -0.000844276
4.445 -0.00114703
4.45 -0.00127313
4.455 -0.00120674
4.46 -0.000964415
4.465 -0.000584386
4.47 -0.000119566
4.475 0.000362063
4.48 0.000779784
4.485 0.00105515
4.49 0.00113405
4.495 0.00100015
4.5 0.000672301
4.505 0.000196787
4.51 -0.000354986
4.515 -0.000893058
4.52 -0.00132703
4.525 -0.00158518
4.53 -0.00162684
4.535 -0.00144801
4.54 -0.00108075
4.545 -0.000588587
4.55 -5.8095e-05
4.555 0.000415728
4.56 0.000745831
4.565 0.000866117
4.57 0.000745044
4.575 0.000398171
4.58 -0.000111942
4.585 -0.000691391
4.59 -0.00123643
4.595 -0.00165335
4.6 -0.00187627
4.605 -0.00187434
4.61 -0.00164288
4.615 -0.00119621
4.62 -0.000576121
4.625 0.000139063
4.63 0.000841739
4.635 0.0014182
4.64 0.00177638
4.645 0.00186279
4.65 0.00166735
4.655 0.00122534
4.66 0.000612891
4.665 -6.67941e-05
4.67 -0.000699156
4.675 -0.00117537
4.68 -0.00141072
4.685 -0.0013604
4.69 -0.00103118
4.695 -0.000482645
4.7 0.000189502
4.705 0.000878531
4.71 0.00148122
4.715 0.00190455
4.72 0.00208112
4.725 0.00198733
4.73 0.00164888
4.735 0.00113231
4.74 0.000532602
4.745 -3.7926e-05
4.75 -0.000475349
4.755 -0.000719598
4.76 -0.000756851
4.765 -0.000596242
4.77 -0.000261944
4.775 0.000205602
4.78 0.000746275
4.785 0.00127389
4.79 0.00169413
4.795 0.00193788
4.8 0.00197018
4.805 0.00177985
4.81 0.00138148
4.815 0.000829702
4.82 0.000217602
4.825 -0.000347991
4.83 -0.000774548
4.835 -0.00100385
4.84 -0.00101633
4.845 -0.000822956
4.85 -0.000465284
4.855 -2.14668e-05
4.86 0.000406452
4.865 0.00072246
4.87 0.000860422
4.875 0.000790801
4.88 0.000519644
4.885 8.88915e-05
4.89 -0.000428972
4.895 -0.000948948
4.9 -0.00139283
4.905 -0.00169402
4.91 -0.00179848
4.915 -0.00167919
4.92 -0.00135012
4.925 -0.000863607
4.93 -0.000299939
4.935 0.000243356
4.94 0.000666943
4.945 0.000892133
4.95 0.000882092
4.955 0.000648827
4.96 0.000243183
4.965 -0.000265704
4.97 -0.000809473
4.975 -0.00131557
4.98 -0.00168478
4.985 -0.00180536
4.99 -0.00161121
4.995 -0.00111679
5 -0.000401958
5.005 0.00041511
5.01 0.00119753
5.015 0.00181265
5.02 0.00215746
5.025 0.00217681
5.03 0.00187118
5.035 0.00129804
5.04 0.000562054
5.045 -0.000205129
5.05 -0.000866299
5.055 -0.00130276
5.06 -0.00143976
5.065 -0.00125801
5.07 -0.000785551
5.075 -8.93531e-05
5.08 0.000723705
5.085 0.00151629
5.09 0.00214917
5.095 0.00251389
5.1 0.00255668
5.105 0.00228006
5.11 0.00173542
5.115 0.00101547
5.12 0.000236872
5.125 -0.000479455
5.13 -0.00102086
5.135 -0.00129548
5.14 -0.00125119
5.145 -0.000893754
5.15 -0.000290304
5.155 0.000449115
5.16 0.00120012
5.165 0.00184248
5.17 0.00226812
5.175 0.00239137
5.18 0.00216689
5.185 0.00160912
5.19 0.000799028
5.195 -0.00013128
5.2 -0.00102901
5.205 -0.00175254
5.21 -0.00219453
5.215 -0.00229577
5.22 -0.00205021
5.225 -0.00150625
5.23 -0.000762137
5.235 4.89262e-05
5.24 0.000781551
5.245 0.00130309
5.25 0.00151579
5.255 0.00137387
5.26 0.000891699
5.265 0.000141804
5.27 -0.000756863
5.275 -0.00166022
5.28 -0.00242523
5.285 -0.00293606
5.29 -0.00312238
5.295 -0.00296112
5.3 -0.002478
5.305 -0.00174958
5.31 -0.000893267
5.315 -4.86924e-05
5.32 0.000647754
5.325 0.0010821
5.33 0.00117891
5.335 0.000918231
5.34 0.000340665
5.345 -0.000459979
5.35 -0.00135184
5.355 -0.00218511
5.36 -0.00281997
5.365 -0.00315331
5.37 -0.00313475
5.375 -0.00276583
5.38 -0.00207946
5.385 -0.00113143
5.39 -1.87018e-05
5.395 0.00111001
5.4 0.0020786
5.405 0.00273042
5.41 0.00296739
5.415 0.00276169
5.42 0.00215356
5.425 0.00124338
5.43 0.00017795
5.435 -0.000869667
5.44 -0.00172995
5.445 -0.00226592
5.45 -0.00239415
5.455 -0.00209724
5.46 -0.00142607
5.465 -0.000490478
5.47 0.000558141
5.475 0.00154784
5.48 0.00231352
5.485 0.0027267
5.49 0.00271561
5.495 0.00227366
5.5 0.00146072
5.505 0.00039609
5.51 -0.000759773
5.515 -0.00183121
5.52 -0.0026549
5.525 -0.00310536
5.53 -0.00311481
5.535 -0.00268419
5.54 -0.0018845
5.545 -0.000847319
5.55 0.000256336
5.555 0.00124373
5.56 0.00194909
5.565 0.00225111
5.57 0.00209445
5.575 0.00150027
5.58 0.000562914
5.585 -0.000567121
5.59 -0.00170856
5.595 -0.00267799
5.6 -0.00331871
5.605 -0.00352982
5.61 -0.00327719
5.615 -0.00259574
5.62 -0.00158757
5.625 -0.000407513
5.63 0.000756673
5.635 0.00171195
5.64 0.00229484
5.645 0.00240242
5.65 0.00201297
5.655 0.00119408
5.66 9.37461e-05
5.665 -0.00109048
5.67 -0.00215262
5.675 -0.00291306
5.68 -0.00324386
5.685 -0.00308554
5.69 -0.0024542
5.695 -0.00143836
5.7 -0.000186071
5.705 0.00111629
5.71 0.00227097
5.715 0.00309995
5.72 0.00348146
5.725 0.00336852
5.73 0.00278933
5.735 0.00184351
5.74 0.000686821
5.745 -0.000495704
5.75 -0.00151786
5.755 -0.00221792
5.76 -0.00248229
5.765 -0.00226321
5.77 -0.00158747
5.775 -0.000555258
5.78 0.000674646
5.785 0.00191127
5.79 0.00296332
5.795 0.00367194
5.8 0.00394375
5.805 0.00375539
5.81 0.00314149
5.815 0.00219094
5.82 0.00104106
5.825 -0.000137878
5.83 -0.00116638
5.835 -0.00188419
5.84 -0.00217878
5.845 -0.00200603
5.85 -0.00139692
5.855 -0.000449998
5.86 0.000687818
5.865 0.00184374
5.87 0.00284224
5.875 0.00353021
5.88 0.00379952
5.885 0.00360329
5.89 0.00296354
5.895 0.00196863
5.9 0.000760353
5.905 -0.000488293
5.91 -0.00159662
5.915 -0.00240202
5.92 -0.00278826
5.925 -0.00270537
5.93 -0.0021774
5.935 -0.00129852
5.94 -0.000217985
5.945 0.000886499
5.95 0.00183779
5.955 0.00248353
5.96 0.00271707
5.965 0.00249278
5.97 0.00183322
5.975 0.000826969
5.98 -0.000384229
5.985 -0.00162256
5.99 -0.00269861
5.995 -0.0034441
6 -0.00374082
6.005 -0.00354069
6.01 -0.00287498
6.015 -0.0018466
6.02 -0.000611602
6.025 0.000645565
6.03 0.00173778
6.035 0.00249829
6.04 0.00280572
6.045 0.00261136
6.05 0.00196036
6.055 0.00098663
6.06 -0.000125679
6.065 -0.00118513
6.07 -0.00201942
6.075 -0.00249404
6.08 -0.0025291
6.085 -0.00211094
6.09 -0.00129552
6.095 -0.000201314
6.1 0.00101001
6.105 0.00215751
6.11 0.00306667
6.115 0.00359855
6.12 0.00367368
6.125 0.00328353
6.13 0.00249053
6.135 0.00141733
6.14 0.000226529
6.145 -0.000905178
6.15 -0.00181129
6.155 -0.00235864
6.16 -0.00246639
6.165 -0.00211286
6.17 -0.00134103
6.175 -0.000272514
6.18 0.000897604
6.185 0.00194709
6.19 0.00268619
6.195 0.00299071
6.2 0.00280716
6.205 0.00215191
6.21 0.00111071
6.215 -0.00017062
6.22 -0.00150622
6.225 -0.00269874
6.23 -0.00357214
6.235 -0.00399962
6.24 -0.00392528
6.245 -0.00336942
6.25 -0.00241853
6.255 -0.00121231
6.26 7.4102e-05
6.265 0.00125586
6.27 0.00216238
6.275 0.00265738
6.28 0.00265995
6.285 0.00216459
6.29 0.00125101
6.295 7.24532e-05
6.3 -0.00117564
6.305 -0.00228724
6.31 -0.0030726
6.315 -0.00338663
6.32 -0.00315453
6.325 -0.00238782
6.33 -0.00118833
6.335 0.000264333
6.34 0.00174509
6.345 0.00302595
6.35 0.00391299
6.355 0.00427751
6.36 0.00407117
6.365 0.00333158
6.37 0.00217718
6.375 0.000783039
6.38 -0.000648514
6.385 -0.00191107
6.39 -0.00282115
6.395 -0.00324848
6.4 -0.00313328
6.405 -0.00249092
6.41 -0.00141373
6.415 -6.99443e-05
6.42 0.00131765
6.425 0.00251485
6.43 0.00332266
6.435 0.00361007
6.44 0.00332736
6.445 0.00250818
6.45 0.00126489
6.455 -0.000228402
6.46 -0.00175962
6.465 -0.00310672
6.47 -0.00407116
6.475 -0.0045171
6.48 -0.00439043
6.485 -0.00371682
6.49 -0.00259642
6.495 -0.0011896
6.5 0.000308444
6.505 0.00169395
6.51 0.00277946
6.515 0.00341962
6.52 0.00353169
6.525 0.00310637
6.53 0.00220923
6.535 0.00097181
6.54 -0.000428758
6.545 -0.00179267
6.55 -0.00292324
6.555 -0.0036571
6.56 -0.00388995
6.565 -0.00359261
6.57 -0.00281472
6.575 -0.00167506
6.58 -0.000343
6.585 0.000988417
6.59 0.00212968
6.595 0.0029201
6.6 0.003252
6.605 0.003085
6.61 0.00244909
6.615 0.00143901
6.62 0.00020086
6.625 -0.00109015
6.63 -0.00225274
6.635 -0.00312154
6.64 -0.00356971
6.645 -0.00352712
6.65 -0.0029919
6.655 -0.0020341
6.66 -0.000788042
6.665 0.00057061
6.67 0.0018523
6.675 0.00287879
6.68 0.00350906
6.685 0.00366099
6.69 0.00332423
6.695 0.00256137
6.7 0.00149553
6.705 0.000286442
6.71 -0.000898246
6.715 -0.00190242
6.72 -0.00259422
6.725 -0.00288199
6.73 -0.00272825
6.735 -0.00215626
6.74 -0.00124847
6.745 -0.000137384
6.75 0.00101318
6.755 0.00203002
6.76 0.00275664
6.765 0.00308259
6.77 0.00295942
6.775 0.00240139
6.78 0.0014831
6.785 0.000332956
6.79 -0.000887066
6.795 -0.00200486
6.8 -0.00285906
6.805 -0.00332244
6.81 -0.00332314
6.815 -0.00285757
6.82 -0.00199204
6.825 -0.000852916
6.83 0.000395023
6.835 0.00157258
6.84 0.00250983
6.845 0.0030716
6.85 0.00317784
6.855 0.00281538
6.86 0.00204026
6.865 0.000969189
6.87 -0.000239751
6.875 -0.00140989
6.88 -0.00236921
6.885 -0.00297556
6.89 -0.00313863
6.895 -0.002834
6.9 -0.00210708
6.905 -0.00106584
6.91 0.000136679
6.915 0.00132585
6.92 0.00232913
6.925 0.00299973
6.93 0.00323886
6.935 0.00301148
6.94 0.00235188
6.945 0.00135822
6.95 0.000177765
6.955 -0.00101682
6.96 -0.0020517
6.965 -0.00277483
6.97 -0.00307961
6.975 -0.00292239
6.98 -0.00232936
6.985 -0.00139232
6.99 -0.000254318
6.995 0.000914577
7 0.00194176
7.005 0.00267426
7.01 0.00300209
7.015 0.00287615
7.02 0.00231586
7.025 0.00140586
7.03 0.000282959
7.035 -0.000886304
7.04 -0.0019291
7.045 -0.00268903
7.05 -0.00305021
7.055 -0.0029558
7.06 -0.0024168
7.065 -0.00151045
7.07 -0.000368578
7.075 0.000844529
7.08 0.0019557
7.085 0.00280501
7.09 0.00326937
7.095 0.00328142
7.1 0.00283966
7.105 0.00200895
7.11 0.000911165
7.115 -0.000294875
7.12 -0.00143582
7.125 -0.00234654
7.13 -0.00289512
7.135 -0.00300319
7.14 -0.00265741
7.145 -0.00191144
7.15 -0.000877807
7.155 0.000291106
7.16 0.00142472
7.165 0.00235646
7.17 0.0029484
7.175 0.00311227
7.18 0.00282281
7.185 0.00212176
7.19 0.00111127
7.195 -6.1679e-05
7.2 -0.00122828
7.205 -0.00222127
7.21 -0.00289711
7.215 -0.00315769
7.22 -0.00296604
7.225 -0.00235226
7.23 -0.00140881
7.235 -0.00027639
7.24 0.000879759
7.245 0.00189359
7.25 0.00261908
7.255 0.00295203
7.26 0.00284651
7.265 0.00232173
7.27 0.00145897
7.275 0.000389216
7.28 -0.000728484
7.285 -0.00172951
7.29 -0.00246521
7.295 -0.00282547
7.3 -0.00275597
7.305 -0.00226639
7.31 -0.00142912
7.315 -0.000368317
7.32 0.000761266
7.325 0.00179654
7.33 0.00258684
7.335 0.00301634
7.34 0.00302235
7.345 0.00260489
7.35 0.00182674
7.355 0.000803908
7.36 -0.000313805
7.365 -0.00136356
7.37 -0.00219049
7.375 -0.00267143
7.38 -0.00273416
7.385 -0.00236846
7.39 -0.00162835
7.395 -0.000624111
7.4 0.00049675
7.405 0.00157078
7.41 0.00243964
7.415 0.00297373
7.42 0.00309208
7.425 0.00277468
7.43 0.0020656
7.435 0.00106618
7.44 -8.05286e-05
7.445 -0.00121185
7.45 -0.00216776
7.455 -0.00281204
7.46 -0.00305264
7.465 -0.00285595
7.47 -0.00225192
7.475 -0.00132966
7.48 -0.000224207
7.485 0.000905731
7.49 0.0019001
7.495 0.00261727
7.5 0.00295507
7.505 0.00286707
7.51 0.00236951
7.515 0.00153844
7.52 0.000498051
7.525 -0.000599831
7.53 -0.00159661
7.535 -0.00234725
7.54 -0.0027426
7.545 -0.00272633
7.55 -0.00230318
7.555 -0.00153809
7.56 -0.000546354
7.565 0.000526126
7.57 0.00152363
7.575 0.00230036
7.58 0.00274206
7.585 0.00278353
7.59 0.00241836
7.595 0.00170001
7.6 0.000733738
7.605 -0.000341106
7.61 -0.00137001
7.615 -0.00220301
7.62 -0.00271788
7.625 -0.00283925
7.63 -0.00255001
7.635 -0.00189406
7.64 -0.000969588
7.645 8.675e-05
7.65 0.0011215
7.655 0.00198548
7.66 0.00255341
7.665 0.0027423
7.67 0.0025243
7.675 0.00193125
7.68 0.00105043
7.685 1.18158e-05
7.69 -0.00103272
7.695 -0.00193086
7.7 -0.00255
7.705 -0.00279802
7.71 -0.00263831
7.715 -0.00209546
7.72 -0.00125114
7.725 -0.000231517
7.73 0.000814179
7.735 0.00173505
7.74 0.00239742
7.745 0.00270492
7.75 0.00261385
7.755 0.00213965
7.76 0.00135422
7.765 0.000374768
7.77 -0.000655648
7.775 -0.00158785
7.78 -0.00228551
7.785 -0.00264625
7.79 -0.00261796
7.795 -0.00220684
7.8 -0.00147638
7.805 -0.00053758
7.81 0.000470274
7.815 0.00139964
7.82 0.00211352
7.825 0.00250591
7.83 0.00251801
7.835 0.00214688
7.84 0.00144584
7.845 0.000516567
7.85 -0.000507917
7.855 -0.00148139
7.86 -0.00226304
7.865 -0.0027392
7.87 -0.00284111
7.875 -0.00255498
7.88 -0.00192396
7.885 -0.0010415
7.89 -3.73271e-05
7.895 0.000944189
7.9 0.00176417
7.905 0.00230599
7.91 0.0024925
7.915 0.00229839
7.92 0.00175406
7.925 0.000940936
7.93 -2.08218e-05
7.935 -0.000992058
7.94 -0.00183385
7.945 -0.00242466
7.95 -0.00267851
7.955 -0.00255876
7.96 -0.00208361
7.965 -0.00132331
7.97 -0.000389902
7.975 0.000581546
7.98 0.00145204
7.985 0.00209606
7.99 0.00242061
7.995 0.0023798
8 0.00198146
8.005 0.001286
8.01 0.000397547
8.015 -0.000551202
8.02 -0.0014201
8.025 -0.00208127
8.03 -0.00243526
8.035 -0.00242631
8.04 -0.00205222
8.045 -0.00136542
8.05 -0.000464979
8.055 0.000520259
8.06 0.00144969
8.065 0.00218853
8.07 0.00262781
8.075 0.00270162
8.08 0.00239731
8.085 0.00175749
8.09 0.000873723
8.095 -0.000127814
8.1 -0.00110521
8.105 -0.00191968
8.11 -0.00245498
8.115 -0.00263544
8.12 -0.00243783
8.125 -0.00189513
8.13 -0.00109164
8.135 -0.000150345
8.14 0.000790751
8.145 0.00159414
8.15 0.00213759
8.155 0.00233742
8.16 0.00216191
8.165 0.00163492
8.17 0.000832707
8.175 -0.000127554
8.18 -0.00110681
8.185 -0.00196383
8.19 -0.00257343
8.195 -0.00284513
8.2 -0.00273748
8.205 -0.00226429
8.21 -0.00149232
8.215 -0.000531748
8.22 0.000482163
8.225 0.00140799
8.23 0.00211568
8.235 0.002506
8.24 0.00252575
8.245 0.00217532
8.25 0.00150907
8.255 0.000627699
8.26 -0.000336364
8.265 -0.00124
8.27 -0.00194945
8.275 -0.00235722
8.28 -0.00239859
8.285 -0.00206269
8.29 -0.00139476
8.295 -0.000489449
8.3 0.000524985
8.305 0.00150401
8.31 0.00230485
8.315 0.00280809
8.32 0.00293699
8.325 0.00266962
8.33 0.00204252
8.335 0.00114525
8.34 0.000107466
8.345 -0.000922067
8.35 -0.00179665
8.355 -0.00239118
8.36 -0.00262225
8.365 -0.00246138
8.37 -0.00193859
8.375 -0.00113688
8.38 -0.000179419
8.385 0.000790814
8.39 0.00163089
8.395 0.00221551
8.4 0.0024558
8.405 0.0023134
8.41 0.00180616
8.415 0.00100529
8.42 2.49649e-05
8.425 -0.000995792
8.43 -0.00191229
8.435 -0.002593
8.44 -0.00293993
8.445 -0.00290431
8.45 -0.0024938
8.455 -0.00177076
8.46 -0.000842809
8.465 0.000154568
8.47 0.00108018
8.475 0.00180377
8.48 0.00222309
8.485 0.00228207
8.49 0.00197919
8.495 0.00136622
8.5 0.000539847
8.505 -0.000372408
8.51 -0.00123151
8.515 -0.00190585
8.52 -0.00228861
8.525 -0.00231513
8.53 -0.00197443
8.535 -0.00131086
8.54 -0.000416697
8.545 0.000584017
8.55 0.00155248
8.555 0.00235201
8.56 0.00286827
8.565 0.00302737
8.57 0.00280741
8.575 0.00224186
8.58 0.0014148
8.585 0.000448963
8.59 -0.000512764
8.595 -0.00133133
8.6 -0.0018916
8.605 -0.00211592
8.61 -0.00197517
8.615 -0.00149514
8.62 -0.00075369
8.625 0.000132332
8.63 0.00103014
8.635 0.00180704
8.64 0.00234414
8.645 0.00255644
8.65 0.00240717
8.655 0.00191315
8.66 0.00114179
8.665 0.000200412
8.67 -0.000781342
8.675 -0.00166888
8.68 -0.00233919
8.685 -0.00269967
8.69 -0.00270314
8.695 -0.00235487
8.7 -0.00171191
8.705 -0.000874621
8.71 2.84112e-05
8.715 0.000866761
8.72 0.00151995
8.725 0.00188808
8.73 0.00191485
8.735 0.00159744
8.74 0.000985058
8.745 0.000171815
8.75 -0.000719945
8.755 -0.00155704
8.76 -0.00221299
8.765 -0.00258751
8.77 -0.00262127
8.775 -0.00230454
8.78 -0.00167874
8.785 -0.000830041
8.79 0.000122979
8.795 0.00105167
8.8 0.0018316
8.805 0.00235494
8.81 0.00255142
8.815 0.00239969
8.82 0.00192843
8.825 0.00121184
8.83 0.000358907
8.835 -0.000502369
8.84 -0.00124557
8.845 -0.00176349
8.85 -0.00198103
8.855 -0.00186687
8.86 -0.00143953
8.865 -0.00076428
8.87 5.7572e-05
8.875 0.00091
8.88 0.00167143
8.885 0.00222576
8.89 0.00248762
8.895 0.00241646
8.9 0.00201986
8.905 0.00135146
8.91 0.000502966
8.915 -0.000408485
8.92 -0.00125868
8.925 -0.00193252
8.93 -0.00233627
8.935 -0.00241148
8.94 -0.00214741
8.945 -0.00158536
8.95 -0.000811742
8.955 5.64439e-05
8.96 0.000895226
8.965 0.00158391
8.97 0.00201604
8.975 0.00212368
8.98 0.00188921
8.985 0.00134584
8.99 0.000572748
8.995 -0.000316594
9 -0.00119226
9.005 -0.00192551
9.01 -0.002405
9.015 -0.00255425
9.02 -0.00234539
9.025 -0.00180415
9.03 -0.00100575
9.035 -6.36227e-05
9.04 0.000894474
9.045 0.00173711
9.05 0.00234082
9.055 0.00261743
9.06 0.00252888
9.065 0.00209012
9.07 0.00136653
9.075 0.00046405
9.08 -0.000486017
9.085 -0.00134762
9.09 -0.00199879
9.095 -0.00234655
9.1 -0.0023411
9.105 -0.00198485
9.11 -0.00133241
9.115 -0.000481951
9.12 0.000439296
9.125 0.00129631
9.13 0.00196557
9.135 0.00234974
9.14 0.00239272
9.145 0.00208963
9.15 0.0014873
9.155 0.000676186
9.16 -0.000223138
9.165 -0.0010793
9.17 -0.00176824
9.175 -0.00218854
9.18 -0.00227735
9.185 -0.00202118
9.19 -0.00145819
9.195 -0.000672535
9.2 0.000217974
9.205 0.001082
9.21 0.00179383
9.215 0.00224879
9.22 0.00237912
9.225 0.00216499
9.23 0.00163732
9.235 0.000872885
9.24 -1.70025e-05
9.245 -0.000909171
9.25 -0.00167857
9.255 -0.00221018
9.26 -0.00242522
9.265 -0.00229436
9.27 -0.00183952
9.275 -0.00113045
9.28 -0.00027377
9.285 0.000603053
9.29 0.00137308
9.295 0.00192748
9.3 0.00218728
9.305 0.00211522
9.31 0.00172294
9.315 0.00106935
9.32 0.000251332
9.325 -0.00061046
9.33 -0.0013907
9.335 -0.0019769
9.34 -0.002283
9.345 -0.00226253
9.35 -0.00191716
9.355 -0.00129666
9.36 -0.000491128
9.365 0.000382311
9.37 0.00119927
9.375 0.00184562
9.38 0.00223039
9.385 0.00229938
9.39 0.00204464
9.395 0.00150548
9.4 0.000762354
9.405 -7.49413e-05
9.41 -0.000889536
9.415 -0.00156672
9.42 -0.00200408
9.425 -0.00213524
9.43 -0.00194146
9.435 -0.00145259
9.44 -0.000742774
9.445 8.10436e-05
9.45 0.000901386
9.455 0.00160113
9.46 0.00207409
9.465 0.00224739
9.47 0.00209387
9.475 0.00163466
9.48 0.000936083
9.485 9.97357e-05
9.49 -0.000757057
9.495 -0.00151284
9.5 -0.00205485
9.505 -0.00230179
9.51 -0.00221729
9.515 -0.00181397
9.52 -0.00115168
9.525 -0.000328462
9.53 0.000533783
9.535 0.00131007
9.54 0.00189021
9.545 0.00219104
9.55 0.0021688
9.555 0.00182719
9.56 0.00121719
9.565 0.000429089
9.57 -0.000420836
9.575 -0.00120917
9.58 -0.00182271
9.585 -0.00217223
9.59 -0.00220619
9.595 -0.0019197
9.6 -0.00135547
9.605 -0.000597156
9.61 0.000243155
9.615 0.00104417
9.62 0.00169256
9.625 0.00209578
9.63 0.00219603
9.635 0.00198002
9.64 0.00148081
9.645 0.000772256
9.65 -4.21862e-05
9.655 -0.000850567
9.66 -0.00154081
9.665 -0.00201053
9.67 -0.00219054
9.675 -0.00205667
9.68 -0.00163112
9.685 -0.000979092
9.69 -0.000198698
9.695 0.000594838
9.7 0.00128638
9.705 0.00177573
9.71 0.00199134
9.715 0.00190163
9.72 0.00152061
9.725 0.0009059
9.73 0.000149572
9.735 -0.000637724
9.74 -0.00134148
9.745 -0.00185744
9.75 -0.00210798
9.755 -0.00205455
9.76 -0.00170388
9.765 -0.00110726
9.77 -0.000352602
9.775 0.000448501
9.78 0.00118022
9.785 0.00173902
9.79 0.00204486
9.795 0.00205299
9.8 0.00176201
9.805 0.00121434
9.81 0.00048984
9.815 -0.000305861
9.82 -0.00105867
9.825 -0.00166201
9.83 -0.0020297
9.835 -0.00210929
9.84 -0.00189093
9.845 -0.0014087
9.85 -0.000734988
9.855 3.03316e-05
9.86 0.000780774
9.865 0.0014121
9.87 0.0018308
9.875 0.00197482
9.88 0.00182412
9.885 0.00140188
9.89 0.000771371
9.895 2.63957e-05
9.9 -0.000728389
9.905 -0.00138599
9.91 -0.00184674
9.915 -0.00204042
9.92 -0.00193818
9.925 -0.00155497
9.93 -0.000947234
9.935 -0.000204299
9.94 0.00056574
9.945 0.00125285
9.95 0.00175956
9.955 0.00201355
9.96 0.00197872
9.965 0.00166133
9.97 0.00110928
9.975 0.000404699
9.98 -0.00034836
9.985 -0.00104095
9.99 -0.00157437
9.995 -0.00187189
10 -0.0018908
10.005 -0.00163006
10.01 -0.00113036
10.015 -0.000467499
10.02 0.000259167
10.025 0.000943877
10.03 0.00148891
10.035 0.00181502
10.04 0.0018735
10.045 0.0016548
10.05 0.00119013
10.055 0.000546584
10.06 -0.000182551
10.065 -0.000893404
10.07 -0.00148462
10.075 -0.00186915
10.08 -0.00198911
10.085 -0.0018261
10.09 -0.00140391
10.095 -0.000784694
10.1 -5.96215e-05
10.105 0.000670231
10.11 0.00130286
10.115 0.00174409
10.12 0.00192754
10.125 0.00182582
10.13 0.00145303
10.135 0.000862902
10.14 0.000140606
10.145 -0.000612273
10.15 -0.00128986
10.155 -0.00179374
10.16 -0.00204933
10.165 -0.002018
10.17 -0.00170301
10.175 -0.00114949
10.18 -0.000437521
10.185 0.000329495
10.19 0.00104257
10.195 0.00160231
10.2 0.00192973
10.205 0.00197833
10.21 0.00174252
10.215 0.00125871
10.22 0.000599492
10.225 -0.000137261
10.23 -0.000847184
10.235 -0.00143012
10.24 -0.0017999
10.245 -0.00190187
10.25 -0.00172256
10.255 -0.00129045
10.26 -0.000671424
10.265 4.15566e-05
10.27 0.000748489
10.275 0.00135071
10.28 0.00175882
10.285 0.00191243
10.29 0.00179043
10.295 0.00141231
10.3 0.00083512
10.305 0.000144831
10.31 -0.000558288
10.315 -0.0011728
10.32 -0.00160846
10.325 -0.00180079
10.33 -0.00172147
10.335 -0.00138248
10.34 -0.000834383
10.345 -0.000158556
10.35 0.000547738
10.355 0.00118368
10.36 0.00165615
10.365 0.00189505
10.37 0.00186467
10.375 0.00156901
10.38 0.00105123
10.385 0.000386795
10.39 -0.000327829
10.395 -0.000991162
10.4 -0.00151062
10.405 -0.00181316
10.41 -0.00185659
10.415 -0.0016369
10.42 -0.00118867
10.425 -0.000579334
10.43 0.000100925
10.435 0.000757257
10.44 0.00129902
10.445 0.00164731
10.45 0.00175154
10.455 0.00159824
10.46 0.00121166
10.465 0.000650082
10.47 -2.85338e-06
10.475 -0.000655412
10.48 -0.00121552
10.485 -0.00159892
10.49 -0.00174781
10.495 -0.00164081
10.5 -0.00129492
10.505 -0.000762967
10.51 -0.0001254
10.515 0.00052589
10.52 0.00109789
10.525 0.00150592
10.53 0.00168966
10.535 0.00162316
10.54 0.00131764
10.545 0.000819457
10.55 0.000202612
10.555 -0.000442616
10.56 -0.00102421
10.565 -0.00146042
10.57 -0.00168914
10.575 -0.00167739
10.58 -0.00142751
10.585 -0.000977081
10.59 -0.000393157
10.595 0.000237717
10.6 0.00082452
10.605 0.00128419
10.61 0.0015503
10.615 0.00158354
10.62 0.00137918
10.625 0.000968075
10.63 0.000411715
10.635 -0.000206939
10.64 -0.000797607
10.645 -0.00127497
10.65 -0.00156852
10.655 -0.00163393
10.66 -0.00146082
10.665 -0.00107431
10.67 -0.000531014
10.675 8.93779e-05
10.68 0.000700823
10.685 0.00121873
10.69 0.00156681
10.695 0.00169342
10.7 0.00158074
10.705 0.00124611
10.71 0.000739138
10.715 0.000133761
10.72 -0.000485101
10.725 -0.00103173
10.73 -0.00142858
10.735 -0.00161879
10.74 -0.00157555
10.745 -0.00130635
10.75 -0.000852123
10.755 -0.00028097
10.76 0.000321936
10.765 0.000869354
10.77 0.00128394
10.775 0.00150599
10.78 0.00150259
10.785 0.00127397
10.79 0.000853645
10.795 0.000303109
10.8 -0.000297172
10.805 -0.000861301
10.81 -0.00130961
10.815 -0.00157763
10.82 -0.00162622
10.825 -0.00144873
10.83 -0.00107215
10.835 -0.000552877
10.84 3.16644e-05
10.845 0.0005995
10.85 0.00107109
10.855 0.00137547
10.86 0.00146639
10.865 0.00133108
10.87 0.000991124
10.875 0.000498917
10.88 -7.08354e-05
10.885 -0.000637135
10.89 -0.00111897
10.895 -0.00144191
10.9 -0.00155487
10.905 -0.00143918
10.91 -0.0011101
10.915 -0.000614667
10.92 -2.47813e-05
10.925 0.000578196
10.93 0.00111042
10.935 0.00149245
10.94 0.00166628
10.945 0.00160546
10.95 0.00131803
10.955 0.000845335
10.96 0.00025583
10.965 -0.00036485
10.97 -0.000928317
10.975 -0.00135556
10.98 -0.00158575
10.985 -0.00158577
10.99 -0.0013564
10.995 -0.00093257
11 -0.000377897
11.005 0.000224933
11.01 0.00078868
11.015 0.00123348
11.02 0.00149513
11.025 0.0015351
11.03 0.0013476
11.035 0.000960372
11.04 0.000430287
11.045 -0.000165001
11.05 -0.000740991
11.055 -0.0012164
11.06 -0.00152162
11.065 -0.00161132
11.07 -0.00147246
11.075 -0.00112594
11.08 -0.000623294
11.085 -3.90035e-05
11.09 0.000545381
11.095 0.00104866
11.1 0.00139662
11.105 0.00153782
11.11 0.00145238
11.115 0.00115371
11.12 0.000686513
11.125 0.000120149
11.13 -0.000464274
11.135 -0.000983551
11.14 -0.00136136
11.145 -0.00154152
11.15 -0.00149737
11.155 -0.00123553
11.16 -0.000795035
11.165 -0.000241243
11.17 0.000343842
11.175 0.000876035
11.18 0.00128047
11.185 0.00149914
11.19 0.00149987
11.195 0.00128241
11.2 0.000878674
11.205 0.000347739
11.21 -0.000232798
11.215 -0.000779946
11.22 -0.00121654
11.225 -0.00147978
11.23 -0.00153099
11.235 -0.00136262
11.24 -0.000999498
11.245 -0.000495095
11.25 7.63569e-05
11.255 0.000635781
11.26 0.00110602
11.265 0.00141751
11.27 0.00152354
11.275 0.00140838
11.28 0.00108851
11.285 0.000610401
11.29 4.3652e-05
11.295 -0.000533732
11.3 -0.0010418
11.305 -0.00140534
11.31 -0.00157005
11.315 -0.001512
11.32 -0.00124013
11.325 -0.000794868
11.33 -0.000241978
11.335 0.000337075
11.34 0.00085948
11.345 0.00125235
11.35 0.00145997
11.355 0.00145243
11.36 0.00123138
11.365 0.000830054
11.37 0.000308154
11.375 -0.000256962
11.38 -0.000783393
11.385 -0.0011959
11.39 -0.00143431
11.395 -0.00146308
11.4 -0.00127778
11.405 -0.000905915
11.41 -0.000402487
11.415 0.000158126
11.42 0.000696172
11.425 0.00113641
11.43 0.00141524
11.435 0.00149163
11.44 0.00135453
11.445 0.00102423
11.45 0.000549243
11.455 -8.54519e-07
11.46 -0.000549843
11.465 -0.0010213
11.47 -0.00134503
11.475 -0.0014724
11.48 -0.0013849
11.485 -0.00109584
11.49 -0.000648427
11.495 -0.000109237
11.5 0.000445551
11.505 0.000938015
11.51 0.00129551
11.515 0.00146463
11.52 0.00142032
11.525 0.00116891
11.53 0.00074723
11.535 0.000216967
11.54 -0.000344346
11.545 -0.000856427
11.55 -0.00124704
11.555 -0.00145983
11.56 -0.00146325
11.565 -0.00125647
11.57 -0.000869965
11.575 -0.000360719
11.58 0.000196237
11.585 0.000721237
11.59 0.00114076
11.595 0.0013948
11.6 0.00144621
11.605 0.00128764
11.61 0.000942732
11.615 0.000462405
11.62 -8.26263e-05
11.625 -0.000616788
11.63 -0.00106557
11.635 -0.00136149
11.64 -0.00145975
11.645 -0.00134621
11.65 -0.00103814
11.655 -0.000581634
11.66 -4.46838e-05
11.665 0.000497375
11.67 0.000968821
11.675 0.00129975
11.68 0.00144056
11.685 0.00137059
11.69 0.00110019
11.695 0.000669184
11.7 0.000140823
11.705 -0.000409066
11.71 -0.000902334
11.715 -0.00126758
11.72 -0.00145114
11.725 -0.00142595
11.73 -0.00119587
11.735 -0.000795214
11.74 -0.000283389
11.745 0.000263901
11.75 0.000768174
11.755 0.00115879
11.76 0.00137981
11.765 0.00139866
11.77 0.00121242
11.775 0.000848422
11.78 0.000360052
11.785 -0.000181168
11.79 -0.000698239
11.795 -0.00111836
11.8 -0.00138049
11.805 -0.00144582
11.81 -0.00130479
11.815 -0.000978363
11.82 -0.000514815
11.825 1.74607e-05
11.83 0.000544657
11.835 0.00099387
11.84 0.00129858
11.845 0.00141323
11.85 0.00132131
11.855 0.00103666
11.86 0.000601523
11.865 8.0055e-05
11.87 -0.000454526
11.875 -0.000927162
11.88 -0.00126789
11.885 -0.00142567
11.89 -0.00137724
11.895 -0.00112994
11.9 -0.000720617
11.905 -0.000209995
11.91 0.00032658
11.915 0.000812216
11.92 0.00117865
11.925 0.00137336
11.93 0.00136773
11.935 0.00116257
11.94 0.00078816
11.945 0.000299551
11.95 -0.000231555
11.955 -0.000729095
11.96 -0.00112285
11.965 -0.001356
11.97 -0.00139416
11.975 -0.00123178
11.98 -0.000893088
11.985 -0.000428323
11.99 9.37323e-05
11.995 0.000600265
12 0.00102108
12.005 0.00129385
12.01 0.00137757
12.015 0.00126001
12.02 0.000958544
12.025 0.000517597
12.03 1.98977e-06
12.035 -0.000516729
12.04 -0.000966243
12.045 -0.00127942
12.05 -0.00140896
12.055 -0.00133579
12.06 -0.00107089
12.065 -0.000653663
12.07 -0.000145933
12.075 0.000379699
12.08 0.000849165
12.085 0.00119464
12.09 0.00136552
12.095 0.0013368
12.1 0.00111282
12.105 0.000726695
12.11 0.000235233
12.115 -0.000289353
12.12 -0.000771856
12.125 -0.00114422
12.13 -0.00135277
12.135 -0.00136675
12.14 -0.00118416
12.145 -0.000832227
12.15 -0.000363176
12.155 0.000153559
12.16 0.000644554
12.165 0.00104129
12.17 0.00128629
12.175 0.00134334
12.18 0.00120414
12.185 0.000889318
12.19 0.000445245
12.195 -6.28137e-05
12.2 -0.000564624
12.205 -0.000990429
12.21 -0.00127634
12.215 -0.00137895
12.22 -0.00128318
12.225 -0.00100332
12.23 -0.000580988
12.235 -7.87608e-05
12.24 0.000433145
12.245 0.000883491
12.25 0.00120581
12.255 0.00135197
12.26 0.00130057
12.265 0.00105931
12.27 0.000663817
12.275 0.000172231
12.28 -0.000343949
12.285 -0.000811086
12.29 -0.00116268
12.295 -0.00134774
12.3 -0.00133899
12.305 -0.00113778
12.31 -0.000774088
12.315 -0.000301881
12.32 0.000208948
12.325 0.000685205
12.33 0.00106028
12.335 0.00128053
12.34 0.00131367
12.345 0.00115492
12.35 0.000827807
12.355 0.000380483
12.36 -0.00012133
12.365 -0.000607772
12.37 -0.0010111
12.375 -0.00127121
12.38 -0.00134877
12.385 -0.00123241
12.39 -0.000939484
12.395 -0.000513503
12.4 -1.75882e-05
12.405 0.000479166
12.41 0.000907859
12.415 0.00120506
12.42 0.00132623
12.425 0.00125363
12.43 0.000998075
12.435 0.000597275
12.44 0.000110162
12.445 -0.000394249
12.45 -0.000844942
12.455 -0.00117614
12.46 -0.00133879
12.465 -0.00130895
12.47 -0.00109115
12.475 -0.000717804
