0.0025 -3.03869e-08
0.005 -1.16416e-06
0.0075 -5.72442e-06
0.01 -1.57199e-05
0.0125 -3.16361e-05
0.015 -5.21164e-05
0.0175 -7.41743e-05
0.02 -9.39169e-05
0.0225 -0.000107563
0.025 -0.000112415
0.0275 -0.000107458
0.03 -9.33945e-05
0.0325 -7.21769e-05
0.035 -4.62381e-05
0.0375 -1.7758e-05
0.04 1.17841e-05
0.0425 4.16624e-05
0.045 7.16273e-05
0.0475 0.000101483
0.05 0.00013072
0.0525 0.000158339
0.055 0.000182887
0.0575 0.000202671
0.06 0.000216026
0.0625 0.000221596
0.065 0.000218549
0.0675 0.000206742
0.07 0.000186791
0.0725 0.000160051
0.075 0.000128476
0.0775 9.43647e-05
0.08 6.00499e-05
0.0825 2.75927e-05
0.085 -1.42281e-06
0.0875 -2.59551e-05
0.09 -4.54377e-05
0.0925 -5.96403e-05
0.095 -6.85362e-05
0.0975 -7.22316e-05
0.1 -7.09593e-05
0.1025 -6.50961e-05
0.105 -5.51467e-05
0.1075 -4.16641e-05
0.11 -2.51267e-05
0.1125 -5.83223e-06
0.115 1.61194e-05
0.1175 4.07174e-05
0.12 6.7827e-05
0.1225 9.69466e-05
0.125 0.000127031
0.1275 0.000156454
0.13 0.000183128
0.1325 0.000204751
0.135 0.000219086
0.1375 0.00022422
0.14 0.000218731
0.1425 0.000201776
0.145 0.000173108
0.1475 0.000133075
0.15 8.26303e-05
0.1525 2.33582e-05
0.155 -4.24926e-05
0.1575 -0.000112009
0.16 -0.000181686
0.1625 -0.000248047
0.165 -0.000307351
0.1675 -0.000355492
0.17 -0.000389139
0.1725 -0.000406312
0.175 -0.000406329
0.1775 -0.000389708
0.18 -0.000357881
0.1825 -0.000312791
0.185 -0.000256503
0.1875 -0.000191
0.19 -0.000118213
0.1925 -4.02506e-05
0.195 4.02941e-05
0.1975 0.00012016
0.2 0.000195469
0.2025 0.000262045
0.205 0.000315907
0.2075 0.000353757
0.21 0.000373314
0.2125 0.000373402
0.215 0.000353861
0.2175 0.000315393
0.22 0.000259461
0.2225 0.000188307
0.225 0.000105032
0.2275 1.36069e-05
0.23 -8.13083e-05
0.2325 -0.000174764
0.235 -0.000262056
0.2375 -0.000339216
0.24 -0.000403255
0.2425 -0.000452093
0.245 -0.000484227
0.2475 -0.000498339
0.25 -0.000493058
0.2525 -0.000467069
0.255 -0.000419537
0.2575 -0.000350682
0.26 -0.000262254
0.2625 -0.000157679
0.265 -4.17984e-05
0.2675 7.97115e-05
0.27 0.000201023
0.2725 0.000316709
0.275 0.000422013
0.2775 0.000512861
0.28 0.000585729
0.2825 0.000637563
0.285 0.000665902
0.2875 0.000669199
0.29 0.000647213
0.2925 0.0006013
0.295 0.000534397
0.2975 0.000450666
0.3 0.000354882
0.3025 0.000251752
0.305 0.000145379
0.3075 3.90181e-05
0.31 -6.48604e-05
0.3125 -0.00016429
0.315 -0.000257449
0.3175 -0.000342381
0.32 -0.000416849
0.3225 -0.000478359
0.325 -0.000524292
0.3275 -0.000552111
0.33 -0.000559621
0.3325 -0.000545264
0.335 -0.000508442
0.3375 -0.000449819
0.34 -0.000371468
0.3425 -0.000276811
0.345 -0.00017028
0.3475 -5.67928e-05
0.35 5.88152e-05
0.3525 0.000172189
0.355 0.000279565
0.3575 0.000377595
0.36 0.000463054
0.3625 0.000532671
0.365 0.000583274
0.3675 0.000612289
0.37 0.00061841
0.3725 0.000602153
0.375 0.000565966
0.3775 0.000513786
0.38 0.000450146
0.3825 0.00037914
0.385 0.000303667
0.3875 0.000225199
0.39 0.000144155
0.3925 6.06552e-05
0.395 -2.46857e-05
0.3975 -0.000110241
0.4 -0.000193309
0.4025 -0.000270449
0.405 -0.000338021
0.4075 -0.000392708
0.41 -0.000431849
0.4125 -0.000453581
0.415 -0.000456865
0.4175 -0.000441488
0.42 -0.00040809
0.4225 -0.000358194
0.425 -0.000294146
0.4275 -0.000218941
0.43 -0.00013595
0.4325 -4.86271e-05
0.435 3.9679e-05
0.4375 0.000125769
0.44 0.000206514
0.4425 0.000278763
0.445 0.000339332
0.4475 0.000385158
0.45 0.000413583
0.4525 0.000422682
0.455 0.000411541
0.4575 0.000380414
0.46 0.000330735
0.4625 0.000265034
0.465 0.000186769
0.4675 0.000100098
0.47 9.56179e-06
0.4725 -8.02835e-05
0.475 -0.000165272
0.4775 -0.000241953
0.48 -0.000307738
0.4825 -0.000360832
0.485 -0.00039996
0.4875 -0.00042404
0.49 -0.000431932
0.4925 -0.000422397
0.495 -0.000394267
0.4975 -0.000346767
0.5 -0.000279853
0.5025 -0.000194485
0.505 -9.2789e-05
0.5075 2.18551e-05
0.51 0.000144798
0.5125 0.000270178
0.515 0.00039114
0.5175 0.000500286
0.52 0.000590362
0.5225 0.000655071
0.525 0.000689784
0.5275 0.000691955
0.53 0.000661148
0.5325 0.000598749
0.535 0.000507618
0.5375 0.000391888
0.54 0.000257001
0.5425 0.000109832
0.545 -4.14107e-05
0.5475 -0.0001878
0.55 -0.000320872
0.5525 -0.000434083
0.555 -0.000523993
0.5575 -0.000590612
0.56 -0.000636632
0.5625 -0.000665728
0.565 -0.000680575
0.5675 -0.000681408
0.57 -0.000665744
0.5725 -0.000629402
0.575 -0.000568376
0.5775 -0.000480766
0.58 -0.00036798
0.5825 -0.000234778
0.585 -8.82462e-05
0.5875 6.37334e-05
0.59 0.000213854
0.5925 0.000356086
0.595 0.000485614
0.5975 0.000598312
0.6 0.000690221
0.6025 0.000757417
0.605 0.000796394
0.6075 0.000804739
0.61 0.000781752
0.6125 0.000728743
0.615 0.00064887
0.6175 0.000546664
0.62 0.000427476
0.6225 0.000297067
0.625 0.000161424
0.6275 2.6686e-05
0.63 -0.000100976
0.6325 -0.00021565
0.635 -0.000312152
0.6375 -0.000386529
0.64 -0.000436432
0.6425 -0.000461227
0.645 -0.000461822
0.6475 -0.00044032
0.65 -0.000399645
0.6525 -0.000343247
0.655 -0.000274923
0.6575 -0.000198695
0.66 -0.000118681
0.6625 -3.88999e-05
0.665 3.69672e-05
0.6675 0.000105784
0.67 0.000165065
0.6725 0.000212945
0.675 0.000248056
0.6775 0.000269387
0.68 0.000276246
0.6825 0.000268359
0.685 0.000246108
0.6875 0.000210805
0.69 0.000164905
0.6925 0.000112021
0.695 5.67011e-05
0.6975 3.95391e-06
0.7 -4.1377e-05
0.7025 -7.52672e-05
0.705 -9.50495e-05
0.7075 -9.97231e-05
0.71 -8.99676e-05
0.7125 -6.78792e-05
0.715 -3.6522e-05
0.7175 5.77209e-07
0.72 3.9862e-05
0.7225 7.80233e-05
0.725 0.000112105
0.7275 0.000139486
0.73 0.00015783
0.7325 0.00016507
0.735 0.000159487
0.7375 0.000139881
0.74 0.000105789
0.7425 5.77048e-05
0.745 -2.76359e-06
0.7475 -7.2842e-05
0.75 -0.000148693
0.7525 -0.000225694
0.755 -0.000298886
0.7575 -0.000363543
0.76 -0.000415766
0.7625 -0.000452935
0.765 -0.000473912
0.7675 -0.000478897
0.77 -0.000468993
0.7725 -0.000445623
0.775 -0.000410025
0.7775 -0.00036302
0.78 -0.000305136
0.7825 -0.000237046
0.785 -0.000160104
0.7875 -7.67589e-05
0.79 9.35415e-06
0.7925 9.37001e-05
0.795 0.000171418
0.7975 0.000237995
0.8 0.000289855
0.8025 0.000324731
0.805 0.000341788
0.8075 0.000341563
0.81 0.000325794
0.8125 0.000297174
0.815 0.000259059
0.8175 0.000215092
0.82 0.000168781
0.8225 0.000123071
0.825 8.0042e-05
0.8275 4.083e-05
0.83 5.80465e-06
0.8325 -2.50511e-05
0.835 -5.17089e-05
0.8375 -7.37918e-05
0.84 -9.05333e-05
0.8425 -0.000100995
0.845 -0.000104441
0.8475 -0.0001007
0.85 -9.03544e-05
0.8525 -7.4695e-05
0.855 -5.54676e-05
0.8575 -3.45441e-05
0.86 -1.36417e-05
0.8625 5.8283e-06
0.865 2.27823e-05
0.8675 3.64166e-05
0.87 4.61627e-05
0.8725 5.16778e-05
0.875 5.28501e-05
0.8775 4.97663e-05
0.88 4.26015e-05
0.8825 3.14486e-05
0.885 1.61632e-05
0.8875 -3.67443e-06
0.89 -2.86115e-05
0.8925 -5.90022e-05
0.895 -9.4615e-05
0.8975 -0.000134323
0.9 -0.000176014
0.9025 -0.000216783
0.905 -0.00025336
0.9075 -0.000282641
0.91 -0.000302174
0.9125 -0.000310464
0.915 -0.000307071
0.9175 -0.000292513
0.92 -0.000268077
0.9225 -0.000235597
0.925 -0.000197256
0.9275 -0.000155425
0.93 -0.000112516
0.9325 -7.0852e-05
0.935 -3.25264e-05
0.9375 7.03158e-07
0.94 2.74956e-05
0.9425 4.69633e-05
0.945 5.86791e-05
0.9475 6.26655e-05
0.95 5.93733e-05
0.9525 4.96362e-05
0.955 3.45838e-05
0.9575 1.55014e-05
0.96 -6.35428e-06
0.9625 -2.99416e-05
0.965 -5.4568e-05
0.9675 -7.99204e-05
0.97 -0.000105979
0.9725 -0.000132835
0.975 -0.000160485
0.9775 -0.000188665
0.98 -0.000216798
0.9825 -0.000244055
0.985 -0.000269531
0.9875 -0.000292452
0.99 -0.000312354
0.9925 -0.000329175
0.995 -0.000343215
0.9975 -0.000354999
1 -0.00036507
1.0025 -0.000373805
1.005 -0.000381326
1.0075 -0.000387533
1.01 -0.000392285
1.0125 -0.000395636
1.015 -0.000398043
1.0175 -0.000400433
1.02 -0.000404074
1.0225 -0.000410262
1.025 -0.00041993
1.0275 -0.000433316
1.03 -0.000449834
1.0325 -0.000468196
1.035 -0.00048675
1.0375 -0.000503896
1.04 -0.000518431
1.0425 -0.000529675
1.045 -0.000537395
1.0475 -0.00054157
1.05 -0.000542175
1.0525 -0.000539091
1.055 -0.000532205
1.0575 -0.000521667
1.06 -0.000508144
1.0625 -0.000492974
1.065 -0.000478103
1.0675 -0.000465828
1.07 -0.000458435
1.0725 -0.000457851
1.075 -0.000465413
1.0775 -0.000481786
1.08 -0.000507
1.0825 -0.000540529
1.085 -0.000581359
1.0875 -0.000628033
1.09 -0.000678683
1.0925 -0.00073111
1.095 -0.000782924
1.0975 -0.00083174
1.1 -0.000875361
1.1025 -0.000911937
1.105 -0.000940057
1.1075 -0.000958777
1.11 -0.000967631
1.1125 -0.000966647
1.115 -0.000956384
1.1175 -0.000937961
1.12 -0.000913011
1.1225 -0.00088356
1.125 -0.000851794
1.1275 -0.000819811
1.13 -0.000789398
1.1325 -0.000761919
1.135 -0.000738326
1.1375 -0.000719264
1.14 -0.000705182
1.1425 -0.000696399
1.145 -0.000693077
1.1475 -0.000695137
1.15 -0.000702175
1.1525 -0.000713461
1.155 -0.000728028
1.1575 -0.000744851
1.16 -0.000763019
1.1625 -0.00078183
1.165 -0.000800726
1.1675 -0.000819095
1.17 -0.00083598
1.1725 -0.000849807
1.175 -0.000858236
1.1775 -0.000858197
1.18 -0.000846111
1.1825 -0.000818262
1.185 -0.000771214
1.1875 -0.000702206
1.19 -0.000609462
1.1925 -0.000492379
1.195 -0.000351608
1.1975 -0.000189041
1.2 -7.7371e-06
1.2025 0.000188246
1.205 0.000393936
1.2075 0.000603598
1.21 0.000811068
1.2125 0.00101007
1.215 0.0011945
1.2175 0.00135877
1.22 0.00149803
1.2225 0.00160846
1.225 0.00168742
1.2275 0.00173347
1.23 0.00174643
1.2325 0.00172726
1.235 0.00167795
1.2375 0.00160141
1.24 0.00150135
1.2425 0.00138219
1.245 0.00124896
1.2475 0.00110723
1.25 0.000962882
1.2525 0.000821954
1.255 0.000690373
1.2575 0.000573683
1.26 0.000476795
1.2625 0.000403781
1.265 0.000357706
1.2675 0.000340506
1.27 0.000352906
1.2725 0.000394364
1.275 0.00046307
1.2775 0.000555994
1.28 0.00066902
1.2825 0.000797146
1.285 0.000934741
1.2875 0.00107583
1.29 0.00121438
1.2925 0.00134455
1.295 0.00146093
1.2975 0.00155875
1.3 0.00163404
1.3025 0.00168383
1.305 0.00170623
1.3075 0.00170052
1.31 0.00166715
1.3125 0.00160768
1.315 0.00152475
1.3175 0.00142199
1.32 0.00130393
1.3225 0.00117592
1.325 0.00104394
1.3275 0.00091439
1.33 0.000793788
1.3325 0.000688432
1.335 0.000604021
1.3375 0.000545311
1.34 0.000515789
1.3425 0.000517397
1.345 0.000550318
1.3475 0.000612837
1.35 0.000701318
1.3525 0.000810345
1.355 0.000933025
1.3575 0.00106144
1.36 0.00118719
1.3625 0.00130193
1.365 0.00139786
1.3675 0.00146808
1.37 0.00150685
1.3725 0.00150985
1.375 0.00147427
1.3775 0.00139901
1.38 0.00128474
1.3825 0.00113386
1.385 0.000950389
1.3875 0.000739742
1.39 0.000508489
1.3925 0.000264131
1.395 1.49134e-05
1.3975 -0.000230403
1.4 -0.000462728
1.4025 -0.000672963
1.405 -0.000852579
1.4075 -0.000994168
1.41 -0.0010919
1.4125 -0.00114177
1.415 -0.0011417
1.4175 -0.00109142
1.42 -0.000992437
1.4225 -0.000848104
1.425 -0.000663755
1.4275 -0.00044684
1.43 -0.000206882
1.4325 4.4891e-05
1.435 0.000296226
1.4375 0.000534675
1.44 0.000748308
1.4425 0.000926137
1.445 0.00105823
1.4475 0.00113566
1.45 0.0011507
1.4525 0.0010974
1.455 0.000972671
1.4575 0.000777662
1.46 0.000518768
1.4625 0.000207953
1.465 -0.000138013
1.4675 -0.000499288
1.47 -0.000855197
1.4725 -0.00118639
1.475 -0.00147639
1.4775 -0.00171235
1.48 -0.0018849
1.4825 -0.00198773
1.485 -0.00201722
1.4875 -0.00197241
1.49 -0.00185526
1.4925 -0.00167104
1.495 -0.00142833
1.4975 -0.00113862
1.5 -0.000815426
1.5025 -0.000473284
1.505 -0.000126766
1.5075 0.000210137
1.51 0.000524308
1.5125 0.00080356
1.515 0.00103668
1.5175 0.00121369
1.52 0.00132637
1.5225 0.00136886
1.525 0.00133822
1.5275 0.0012348
1.53 0.00106232
1.5325 0.000827707
1.535 0.000540774
1.5375 0.000213798
1.54 -0.000138949
1.5425 -0.000501799
1.545 -0.000858386
1.5475 -0.00119243
1.55 -0.00148861
1.5525 -0.00173335
1.555 -0.0019155
1.5575 -0.00202675
1.56 -0.00206196
1.5625 -0.00201921
1.565 -0.00189993
1.5675 -0.00170884
1.57 -0.0014539
1.5725 -0.00114594
1.575 -0.000798266
1.5775 -0.000425912
1.58 -4.48952e-05
1.5825 0.000328824
1.585 0.000679646
1.5875 0.000992619
1.59 0.00125426
1.5925 0.00145295
1.595 0.0015792
1.5975 0.0016261
1.6 0.00158983
1.6025 0.00147006
1.605 0.00127031
1.6075 0.000997935
1.61 0.000663853
1.6125 0.000282023
1.615 -0.000131345
1.6175 -0.000558693
1.62 -0.000982014
1.6225 -0.00138366
1.625 -0.00174707
1.6275 -0.00205737
1.63 -0.00230189
1.6325 -0.00247091
1.635 -0.00255797
1.6375 -0.00255951
1.64 -0.00247472
1.6425 -0.00230606
1.645 -0.00205944
1.6475 -0.00174402
1.65 -0.00137189
1.6525 -0.000957794
1.655 -0.000518534
1.6575 -7.22026e-05
1.66 0.000362944
1.6625 0.000769007
1.665 0.00112916
1.6675 0.00142902
1.67 0.00165736
1.6725 0.00180631
1.675 0.00187153
1.6775 0.00185211
1.68 0.00175043
1.6825 0.00157197
1.685 0.0013252
1.6875 0.00102136
1.69 0.000674253
1.6925 0.000299737
1.695 -8.48171e-05
1.6975 -0.000461449
1.7 -0.000812508
1.7025 -0.00112143
1.705 -0.00137354
1.7075 -0.00155671
1.71 -0.0016619
1.7125 -0.00168348
1.715 -0.00161946
1.7175 -0.00147144
1.72 -0.00124464
1.7225 -0.000947629
1.725 -0.000592127
1.7275 -0.000192581
1.73 0.000234322
1.7325 0.00067021
1.735 0.00109576
1.7375 0.00149168
1.74 0.00183971
1.7425 0.0021236
1.745 0.00233022
1.7475 0.00245031
1.75 0.00247848
1.7525 0.00241314
1.755 0.00225665
1.7575 0.00201534
1.76 0.00169907
1.7625 0.00132078
1.765 0.000896038
1.7675 0.000442461
1.77 -2.08676e-05
1.7725 -0.000474184
1.775 -0.000897648
1.7775 -0.001272
1.78 -0.00157961
1.7825 -0.00180546
1.785 -0.00193818
1.7875 -0.0019709
1.79 -0.00190193
1.7925 -0.00173502
1.795 -0.00147919
1.7975 -0.00114815
1.8 -0.000759301
1.8025 -0.000332667
1.805 0.000110323
1.8075 0.000547978
1.81 0.000959309
1.8125 0.00132484
1.815 0.00162739
1.8175 0.00185284
1.82 0.00199063
1.8225 0.00203425
1.825 0.00198139
1.8275 0.00183405
1.83 0.00159831
1.8325 0.00128406
1.835 0.00090456
1.8375 0.000475936
1.84 1.65481e-05
1.8425 -0.000453939
1.845 -0.0009152
1.8475 -0.001347
1.85 -0.00173039
1.8525 -0.00204867
1.855 -0.00228805
1.8575 -0.00243825
1.86 -0.00249279
1.8625 -0.0024493
1.865 -0.00230954
1.8675 -0.00207947
1.87 -0.00176905
1.8725 -0.00139197
1.875 -0.000965151
1.8775 -0.000507909
1.88 -4.10256e-05
1.8825 0.000414731
1.885 0.000839258
1.8875 0.00121383
1.89 0.00152249
1.8925 0.00175285
1.895 0.0018963
1.8975 0.00194835
1.9 0.00190869
1.9025 0.00178111
1.905 0.00157336
1.9075 0.00129668
1.91 0.00096526
1.9125 0.000595505
1.915 0.00020525
1.9175 -0.000187042
1.92 -0.000563076
1.9225 -0.000905365
1.925 -0.00119775
1.9275 -0.00142604
1.93 -0.00157869
1.9325 -0.00164747
1.935 -0.0016281
1.9375 -0.00152059
1.94 -0.00132929
1.9425 -0.00106265
1.945 -0.000732537
1.9475 -0.000353522
1.95 5.7894e-05
1.9525 0.00048405
1.955 0.000906596
1.9575 0.00130699
1.96 0.00166733
1.9625 0.00197135
1.965 0.00220531
1.9675 0.00235899
1.97 0.00242618
1.9725 0.00240481
1.975 0.00229654
1.9775 0.00210612
1.98 0.0018406
1.9825 0.00150895
1.985 0.00112183
1.9875 0.000691654
1.99 0.000232634
1.9925 -0.000239463
1.995 -0.000708027
1.9975 -0.00115653
2 -0.00156949
2.0025 -0.00193331
2.005 -0.00223687
2.0075 -0.00247155
2.01 -0.00263111
2.0125 -0.00271178
2.015 -0.00271213
2.0175 -0.00263252
2.02 -0.00247564
2.0225 -0.00224687
2.025 -0.00195395
2.0275 -0.00160657
2.03 -0.00121581
2.0325 -0.000793714
2.035 -0.000352998
2.0375 9.29349e-05
2.04 0.000529885
2.0425 0.000942802
2.045 0.00131612
2.0475 0.00163467
2.05 0.00188497
2.0525 0.00205654
2.055 0.00214296
2.0575 0.00214245
2.06 0.00205782
2.0625 0.00189588
2.065 0.00166666
2.0675 0.0013825
2.07 0.00105732
2.0725 0.000706157
2.075 0.000344718
2.0775 -1.09803e-05
2.08 -0.000345242
2.0825 -0.000643192
2.085 -0.000891258
2.0875 -0.00107787
2.09 -0.00119402
2.0925 -0.00123365
2.095 -0.00119394
2.0975 -0.00107551
2.1 -0.000882501
2.1025 -0.000622565
2.105 -0.000306657
2.1075 5.1438e-05
2.11 0.000435885
2.1125 0.000829499
2.115 0.00121456
2.1175 0.00157379
2.12 0.00189101
2.1225 0.00215149
2.125 0.00234224
2.1275 0.0024523
2.13 0.00247319
2.1325 0.00239944
2.135 0.0022294
2.1375 0.00196591
2.14 0.0016165
2.1425 0.00119325
2.145 0.000712393
2.1475 0.000193375
2.15 -0.000342233
2.1525 -0.0008721
2.155 -0.00137426
2.1575 -0.0018279
2.16 -0.00221429
2.1625 -0.00251763
2.165 -0.00272574
2.1675 -0.00283093
2.17 -0.00283024
2.1725 -0.00272509
2.175 -0.00252136
2.1775 -0.00222931
2.18 -0.00186263
2.1825 -0.00143763
2.185 -0.000972518
2.1875 -0.000486487
2.19 1.07892e-06
2.1925 0.000471541
2.195 0.000907311
2.1975 0.00129222
2.2 0.00161237
2.2025 0.00185661
2.205 0.00201677
2.2075 0.00208783
2.21 0.00206813
2.2125 0.00195939
2.215 0.00176656
2.2175 0.00149765
2.22 0.00116341
2.2225 0.00077695
2.225 0.000353405
2.2275 -9.04302e-05
2.23 -0.000536662
2.2325 -0.000966806
2.235 -0.00136225
2.2375 -0.00170503
2.24 -0.00197889
2.2425 -0.00217023
2.245 -0.00226902
2.2475 -0.00226944
2.25 -0.00217022
2.2525 -0.0019747
2.255 -0.00169058
2.2575 -0.00132958
2.26 -0.000906874
2.2625 -0.000440477
2.265 4.9513e-05
2.2675 0.00054186
2.27 0.00101481
2.2725 0.00144687
2.275 0.00181813
2.2775 0.00211115
2.28 0.00231177
2.2825 0.00240992
2.285 0.00240022
2.2875 0.00228257
2.29 0.00206229
2.2925 0.00174994
2.295 0.0013607
2.2975 0.000913291
2.3 0.000428755
2.3025 -7.09122e-05
2.305 -0.000564147
2.3075 -0.00103061
2.31 -0.00145152
2.3125 -0.0018102
2.315 -0.00209248
2.3175 -0.0022872
2.32 -0.00238672
2.3225 -0.00238749
2.325 -0.00229032
2.3275 -0.00210047
2.33 -0.00182725
2.3325 -0.0014834
2.335 -0.0010843
2.3375 -0.000647115
2.34 -0.00019007
2.3425 0.00026818
2.345 0.000709069
2.3475 0.00111463
2.35 0.00146816
2.3525 0.00175501
2.355 0.00196324
2.3575 0.00208415
2.36 0.00211267
2.3625 0.00204744
2.365 0.00189079
2.3675 0.00164851
2.37 0.00132964
2.3725 0.000946205
2.375 0.000512868
2.3775 4.65373e-05
2.38 -0.000434537
2.3825 -0.000911195
2.385 -0.00136384
2.3875 -0.00177355
2.39 -0.00212301
2.3925 -0.00239708
2.395 -0.00258352
2.3975 -0.00267353
2.4 -0.00266219
2.4025 -0.00254884
2.405 -0.00233722
2.4075 -0.00203544
2.41 -0.00165568
2.4125 -0.00121376
2.415 -0.00072847
2.4175 -0.000220733
2.42 0.000287265
2.4225 0.00077303
2.425 0.00121477
2.4275 0.00159258
2.43 0.00188969
2.4325 0.00209344
2.435 0.00219608
2.4375 0.00219503
2.44 0.00209283
2.4425 0.00189663
2.445 0.00161744
2.4475 0.00126935
2.45 0.000868791
2.4525 0.000433959
2.455 -1.57506e-05
2.4575 -0.00046051
2.46 -0.000880697
2.4625 -0.00125753
2.465 -0.00157407
2.4675 -0.00181621
2.47 -0.00197326
2.4725 -0.00203845
2.475 -0.00200895
2.4775 -0.00188582
2.48 -0.00167371
2.4825 -0.0013807
2.485 -0.00101815
2.4875 -0.000600473
2.49 -0.000144966
2.4925 0.000328743
2.495 0.000799361
2.4975 0.00124491
2.5 0.00164401
2.5025 0.00197716
2.505 0.00222797
2.5075 0.00238399
2.51 0.00243746
2.5125 0.00238562
2.515 0.00223073
2.5175 0.00197991
2.52 0.00164464
2.5225 0.00124014
2.525 0.000784619
2.5275 0.000298451
2.53 -0.000196682
2.5325 -0.000678874
2.535 -0.00112689
2.5375 -0.00152083
2.54 -0.00184298
2.5425 -0.00207876
2.545 -0.00221739
2.5475 -0.00225245
2.55 -0.00218205
2.5525 -0.00200884
2.555 -0.00173971
2.5575 -0.00138536
2.56 -0.000959891
2.5625 -0.000480346
2.565 3.37634e-05
2.5675 0.000561144
2.57 0.00107906
2.5725 0.00156406
2.575 0.00199343
2.5775 0.00234649
2.58 0.00260562
2.5825 0.00275778
2.585 0.00279516
2.5875 0.00271471
2.59 0.00251847
2.5925 0.00221391
2.595 0.00181337
2.5975 0.00133347
2.6 0.000794388
2.6025 0.000218911
2.605 -0.000368634
2.6075 -0.00094361
2.61 -0.00148209
2.6125 -0.00196171
2.615 -0.00236252
2.6175 -0.00266791
2.62 -0.00286514
2.6225 -0.00294624
2.625 -0.00290817
2.6275 -0.00275267
2.63 -0.00248635
2.6325 -0.00212049
2.635 -0.00167058
2.6375 -0.00115577
2.64 -0.000598045
2.6425 -2.12603e-05
2.645 0.000550215
2.6475 0.00109211
2.65 0.001581
2.6525 0.00199595
2.655 0.00231957
2.6575 0.00253861
2.66 0.00264451
2.6625 0.00263364
2.665 0.00250736
2.6675 0.00227184
2.67 0.00193774
2.6725 0.00151978
2.675 0.00103615
2.6775 0.000507785
2.68 -4.25081e-05
2.6825 -0.00059131
2.685 -0.00111534
2.6875 -0.00159208
2.69 -0.00200101
2.6925 -0.00232447
2.695 -0.00254824
2.6975 -0.00266208
2.7 -0.00266015
2.7025 -0.00254124
2.705 -0.00230889
2.7075 -0.00197133
2.71 -0.00154125
2.7125 -0.00103541
2.715 -0.00047403
2.7175 0.000120002
2.72 0.000722158
2.7225 0.00130725
2.725 0.00185042
2.7275 0.00232837
2.73 0.0027204
2.7325 0.00300938
2.735 0.00318348
2.7375 0.00323662
2.74 0.00316692
2.7425 0.00297705
2.745 0.00267492
2.7475 0.00227328
2.75 0.00178926
2.7525 0.00124365
2.755 0.000659898
2.7575 6.29986e-05
2.76 -0.000522114
2.7625 -0.00107059
2.765 -0.00155806
2.7675 -0.00196269
2.77 -0.00226631
2.7725 -0.0024552
2.775 -0.00252098
2.7775 -0.00246134
2.78 -0.00228042
2.7825 -0.00198847
2.785 -0.00160119
2.7875 -0.00113841
2.79 -0.000622813
2.7925 -7.84384e-05
2.795 0.000471156
2.7975 0.00100314
2.8 0.00149529
2.8025 0.00192729
2.805 0.00228139
2.8075 0.00254279
2.81 0.00270044
2.8125 0.00274763
2.815 0.00268258
2.8175 0.00250856
2.82 0.00223367
2.8225 0.00187026
2.825 0.00143421
2.8275 0.000944027
2.83 0.00042007
2.8325 -0.000116343
2.835 -0.000643676
2.8375 -0.00114079
2.84 -0.00158765
2.8425 -0.00196619
2.845 -0.00226118
2.8475 -0.00246078
2.85 -0.00255714
2.8525 -0.0025467
2.855 -0.00243039
2.8575 -0.0022136
2.86 -0.00190595
2.8625 -0.00152088
2.865 -0.00107511
2.8675 -0.000587953
2.87 -8.04794e-05
2.8725 0.000425952
2.875 0.000910075
2.8775 0.00135098
2.88 0.00172951
2.8825 0.00202917
2.885 0.00223663
2.8875 0.00234236
2.89 0.00234111
2.8925 0.00223225
2.895 0.00201979
2.8975 0.00171228
2.9 0.00132248
2.9025 0.000866859
2.905 0.000364917
2.9075 -0.000161615
2.91 -0.000689748
2.9125 -0.00119618
2.915 -0.0016584
2.9175 -0.00205599
2.92 -0.00237168
2.9225 -0.00259217
2.925 -0.00270865
2.9275 -0.00271707
2.93 -0.00261813
2.9325 -0.00241714
2.935 -0.0021237
2.9375 -0.00175134
2.94 -0.00131696
2.9425 -0.000840178
2.945 -0.000342523
2.9475 0.000153605
2.95 0.000626297
2.9525 0.00105511
2.955 0.00142152
2.9575 0.00170964
2.96 0.00190675
2.9625 0.00200376
2.965 0.00199554
2.9675 0.00188115
2.97 0.00166401
2.9725 0.00135181
2.975 0.000956315
2.9775 0.000492846
2.98 -2.03275e-05
2.9825 -0.000563142
2.985 -0.00111397
2.9875 -0.00165014
2.99 -0.00214951
2.9925 -0.00259144
2.995 -0.00295751
2.9975 -0.00323289
3 -0.00340743
3.0025 -0.00347512
3.005 -0.00343338
3.0075 -0.00328341
3.01 -0.00303049
3.0125 -0.0026838
3.015 -0.00225598
3.0175 -0.00176271
3.02 -0.00122194
3.0225 -0.000653223
3.025 -7.69427e-05
3.0275 0.000487157
3.03 0.00101949
3.0325 0.00150034
3.035 0.0019116
3.0375 0.00223756
3.04 0.00246534
3.0425 0.00258567
3.045 0.00259379
3.0475 0.00249007
3.05 0.0022803
3.0525 0.00197553
3.055 0.00159129
3.0575 0.00114648
3.06 0.000662138
3.0625 0.000160179
3.065 -0.000337501
3.0675 -0.000810062
3.07 -0.0012382
3.0725 -0.00160428
3.075 -0.00189307
3.0775 -0.00209255
3.08 -0.00219473
3.0825 -0.00219619
3.085 -0.00209821
3.0875 -0.00190657
3.09 -0.00163092
3.0925 -0.00128415
3.095 -0.000881624
3.0975 -0.00044067
3.1 2.00454e-05
3.1025 0.000481517
3.105 0.000924352
3.1075 0.00132897
3.11 0.00167717
3.1125 0.00195321
3.115 0.00214441
3.1175 0.0022419
3.12 0.00224105
3.1225 0.00214174
3.125 0.0019483
3.1275 0.00166922
3.13 0.00131671
3.1325 0.000906077
3.135 0.000454995
3.1375 -1.74287e-05
3.14 -0.000492079
3.1425 -0.000950212
3.145 -0.00137358
3.1475 -0.0017455
3.15 -0.00205147
3.1525 -0.00227938
3.155 -0.00241992
3.1575 -0.00246696
3.16 -0.00241798
3.1625 -0.00227432
3.165 -0.00204123
3.1675 -0.00172779
3.17 -0.00134664
3.1725 -0.000913473
3.175 -0.000446323
3.1775 3.52344e-05
3.18 0.000511451
3.1825 0.000962567
3.185 0.00136912
3.1875 0.00171356
3.19 0.0019812
3.1925 0.00216069
3.195 0.0022445
3.1975 0.00222931
3.2 0.00211595
3.2025 0.00190924
3.205 0.0016176
3.2075 0.00125266
3.21 0.000828898
3.2125 0.000363267
3.215 -0.000125236
3.2175 -0.0006165
3.22 -0.00108984
3.2225 -0.00152447
3.225 -0.00190079
3.2275 -0.00220156
3.23 -0.00241284
3.2325 -0.00252469
3.235 -0.00253167
3.2375 -0.00243286
3.24 -0.00223172
3.2425 -0.00193574
3.245 -0.00155615
3.2475 -0.0011075
3.25 -0.000607322
3.2525 -7.54646e-05
3.255 0.000467317
3.2575 0.000999369
3.26 0.00149842
3.2625 0.00194362
3.265 0.00231668
3.2675 0.00260235
3.27 0.00278899
3.2725 0.00286911
3.275 0.00283962
3.2775 0.00270203
3.28 0.00246247
3.2825 0.00213142
3.285 0.00172344
3.2875 0.00125652
3.29 0.000751271
3.2925 0.000230014
3.295 -0.000284267
3.2975 -0.000769189
3.3 -0.00120382
3.3025 -0.00156912
3.305 -0.00184873
3.3075 -0.00202977
3.31 -0.00210342
3.3125 -0.00206547
3.315 -0.00191665
3.3175 -0.00166267
3.32 -0.00131404
3.3225 -0.000885686
3.325 -0.000396344
3.3275 0.000132251
3.33 0.00067653
3.3325 0.00121203
3.335 0.00171424
3.3375 0.00215976
3.34 0.00252743
3.3425 0.00279922
3.345 0.00296098
3.3475 0.00300313
3.35 0.00292115
3.3525 0.00271593
3.355 0.00239378
3.3575 0.00196625
3.36 0.00144951
3.3625 0.00086367
3.365 0.000231786
3.3675 -0.000421158
3.37 -0.0010697
3.3725 -0.0016888
3.375 -0.00225418
3.3775 -0.00274323
3.38 -0.00313579
3.3825 -0.00341496
3.385 -0.00356779
3.3875 -0.00358632
3.39 -0.00346771
3.3925 -0.0032145
3.395 -0.00283519
3.3975 -0.00234369
3.4 -0.00175884
3.4025 -0.00110372
3.405 -0.000404439
3.4075 0.000311201
3.41 0.00101505
3.4125 0.00167967
3.415 0.00227928
3.4175 0.00279081
3.42 0.00319465
3.4225 0.00347538
3.425 0.00362386
3.4275 0.00363727
3.43 0.00351669
3.4325 0.00326763
3.435 0.00290098
3.4375 0.00243205
3.44 0.00187977
3.4425 0.0012659
3.445 0.000613895
3.4475 -5.20663e-05
3.45 -0.000708417
3.4525 -0.00133173
3.455 -0.00189864
3.4575 -0.00238769
3.46 -0.00278031
3.4625 -0.00306134
3.465 -0.00321991
3.4675 -0.00325007
3.47 -0.00315107
3.4725 -0.00292729
3.475 -0.002588
3.4775 -0.002147
3.48 -0.00162208
3.4825 -0.00103431
3.485 -0.0004071
3.4875 0.000234672
3.49 0.000866106
3.4925 0.0014632
3.495 0.00200334
3.4975 0.00246609
3.5 0.00283409
3.5025 0.00309367
3.505 0.00323538
3.5075 0.00325437
3.51 0.0031505
3.5125 0.00292835
3.515 0.00259723
3.5175 0.00217112
3.52 0.00166821
3.5225 0.00111016
3.525 0.000520882
3.5275 -7.46655e-05
3.53 -0.00065213
3.5325 -0.00118843
3.535 -0.00166239
3.5375 -0.0020562
3.54 -0.00235602
3.5425 -0.00255212
3.545 -0.00263899
3.5475 -0.00261529
3.55 -0.00248372
3.5525 -0.00225091
3.555 -0.00192734
3.5575 -0.00152727
3.56 -0.00106823
3.5625 -0.0005702
3.565 -5.44172e-05
3.5675 0.000458616
3.57 0.000949509
3.5725 0.00140005
3.575 0.00179455
3.5775 0.00212014
3.58 0.00236649
3.5825 0.00252584
3.585 0.00259321
3.5875 0.00256652
3.59 0.00244687
3.5925 0.00223863
3.595 0.00194957
3.5975 0.0015906
3.6 0.00117531
3.6025 0.000719182
3.605 0.000238893
3.6075 -0.000248233
3.61 -0.000724746
3.6125 -0.00117343
3.615 -0.00157767
3.6175 -0.00192221
3.62 -0.0021939
3.6225 -0.00238252
3.625 -0.00248117
3.6275 -0.00248656
3.63 -0.00239887
3.6325 -0.00222159
3.635 -0.00196146
3.6375 -0.00162848
3.64 -0.00123577
3.6425 -0.000799312
3.645 -0.000337361
3.6475 0.000130454
3.65 0.000584696
3.6525 0.00100736
3.655 0.0013825
3.6575 0.00169694
3.66 0.00194064
3.6625 0.00210664
3.665 0.00219076
3.6675 0.00219129
3.67 0.0021089
3.6725 0.00194679
3.675 0.001711
3.6775 0.00141072
3.68 0.00105809
3.6825 0.000667687
3.685 0.000255591
3.6875 -0.000161548
3.69 -0.000567572
3.6925 -0.000947421
3.695 -0.0012874
3.6975 -0.00157559
3.7 -0.00180212
3.7025 -0.00195939
3.705 -0.00204233
3.7075 -0.00204853
3.71 -0.00197841
3.7125 -0.00183519
3.715 -0.00162495
3.7175 -0.00135645
3.72 -0.0010409
3.7225 -0.000691522
3.725 -0.000323023
3.7275 4.89966e-05
3.73 0.000409319
3.7325 0.000743349
3.735 0.0010371
3.7375 0.00127825
3.74 0.00145672
3.7425 0.00156491
3.745 0.001598
3.7475 0.00155417
3.75 0.00143482
3.7525 0.00124478
3.755 0.000992314
3.7575 0.000688898
3.76 0.000348617
3.7625 -1.27837e-05
3.765 -0.000379449
3.7675 -0.000735738
3.77 -0.00106639
3.7725 -0.00135769
3.775 -0.00159779
3.7775 -0.00177666
3.78 -0.0018862
3.7825 -0.00192055
3.785 -0.00187651
3.7875 -0.00175397
3.79 -0.00155614
3.7925 -0.00128968
3.795 -0.000964517
3.7975 -0.000593392
3.8 -0.000191216
3.8025 0.000225687
3.805 0.000640675
3.8075 0.00103731
3.81 0.00139946
3.8125 0.00171193
3.815 0.00196122
3.8175 0.00213601
3.82 0.00222782
3.8225 0.00223144
3.825 0.00214524
3.8275 0.00197118
3.83 0.00171483
3.8325 0.00138525
3.835 0.000994759
3.8375 0.000558488
3.84 9.37086e-05
3.8425 -0.000381443
3.845 -0.000847957
3.8475 -0.00128612
3.85 -0.00167717
3.8525 -0.00200433
3.855 -0.00225327
3.8575 -0.00241285
3.86 -0.0024757
3.8625 -0.00243861
3.865 -0.00230266
3.8675 -0.00207304
3.87 -0.0017588
3.8725 -0.00137244
3.875 -0.000929365
3.8775 -0.000447334
3.88 5.42726e-05
3.8825 0.000555871
3.885 0.00103765
3.8875 0.00147956
3.89 0.00186296
3.8925 0.00217169
3.895 0.00239261
3.8975 0.00251632
3.9 0.0025377
3.9025 0.00245599
3.905 0.00227474
3.9075 0.0020015
3.91 0.00164753
3.9125 0.00122748
3.915 0.000758816
3.9175 0.000261086
3.92 -0.000244973
3.9225 -0.000738391
3.925 -0.0011987
3.9275 -0.00160664
3.93 -0.0019451
3.9325 -0.0021998
3.935 -0.0023599
3.9375 -0.00241842
3.94 -0.0023726
3.9425 -0.00222396
3.945 -0.0019782
3.9475 -0.00164502
3.95 -0.00123777
3.9525 -0.000773075
3.955 -0.000270117
3.9575 0.000250224
3.96 0.000766672
3.9625 0.0012583
3.965 0.00170488
3.9675 0.00208777
3.97 0.00239079
3.9725 0.00260083
3.975 0.00270853
3.9775 0.00270872
3.98 0.00260074
3.9825 0.00238835
3.985 0.00207956
3.9875 0.00168637
3.99 0.00122434
3.9925 0.000711909
3.995 0.000169388
3.9975 -0.000382151
4 -0.000921618
4.0025 -0.00142844
4.005 -0.00188342
4.0075 -0.00226949
4.01 -0.00257214
4.0125 -0.00277985
4.015 -0.0028846
4.0175 -0.00288216
4.02 -0.00277229
4.0225 -0.00255875
4.025 -0.00224926
4.0275 -0.00185543
4.03 -0.00139249
4.0325 -0.000878707
4.035 -0.000334661
4.0375 0.000217643
4.04 0.000756074
4.0425 0.0012593
4.045 0.0017073
4.0475 0.00208224
4.05 0.00236935
4.0525 0.00255757
4.055 0.00264005
4.0575 0.00261432
4.06 0.00248218
4.0625 0.00224946
4.065 0.00192577
4.0675 0.00152424
4.07 0.00106109
4.0725 0.000554972
4.075 2.61269e-05
4.0775 -0.00050508
4.08 -0.00101791
4.0825 -0.00149135
4.085 -0.00190603
4.0875 -0.00224509
4.09 -0.00249454
4.0925 -0.00264382
4.095 -0.00268639
4.0975 -0.00262008
4.1 -0.00244713
4.1025 -0.00217419
4.105 -0.00181208
4.1075 -0.00137546
4.11 -0.000882207
4.1125 -0.000352485
4.115 0.000192149
4.1175 0.000730026
4.12 0.00124009
4.1225 0.0017022
4.125 0.00209783
4.1275 0.00241084
4.13 0.00262807
4.1325 0.00274009
4.135 0.00274177
4.1375 0.00263256
4.14 0.00241656
4.1425 0.0021024
4.145 0.00170298
4.1475 0.00123501
4.15 0.00071807
4.1525 0.000173596
4.155 -0.000376248
4.1575 -0.000909374
4.16 -0.00140439
4.1625 -0.00184146
4.165 -0.00220302
4.1675 -0.00247448
4.17 -0.0026448
4.1725 -0.00270716
4.175 -0.0026593
4.1775 -0.00250365
4.18 -0.00224713
4.1825 -0.00190094
4.185 -0.00148008
4.1875 -0.00100278
4.19 -0.000489653
4.1925 3.72983e-05
4.195 0.000556326
4.1975 0.00104611
4.2 0.00148588
4.2025 0.00185712
4.205 0.00214456
4.2075 0.00233652
4.21 0.00242549
4.2125 0.00240848
4.215 0.0022869
4.2175 0.00206624
4.22 0.00175562
4.2225 0.00136744
4.225 0.000916973
4.2275 0.000421934
4.23 -9.82828e-05
4.2325 -0.000623985
4.235 -0.00113492
4.2375 -0.00161036
4.24 -0.00203111
4.2425 -0.00238045
4.245 -0.00264449
4.2475 -0.00281279
4.25 -0.00287879
4.2525 -0.00284015
4.255 -0.00269869
4.2575 -0.00246026
4.26 -0.00213455
4.2625 -0.00173478
4.265 -0.00127732
4.2675 -0.000780994
4.27 -0.000266162
4.2725 0.000246139
4.275 0.000735486
4.2775 0.00118289
4.28 0.00157112
4.2825 0.00188539
4.285 0.002114
4.2875 0.0022488
4.29 0.00228559
4.2925 0.00222415
4.295 0.00206811
4.2975 0.00182465
4.3 0.00150419
4.3025 0.00112013
4.305 0.000688379
4.3075 0.000226674
4.31 -0.000246215
4.3125 -0.000711254
4.315 -0.00114969
4.3175 -0.00154361
4.32 -0.00187674
4.3225 -0.00213508
4.325 -0.0023074
4.3275 -0.00238571
4.33 -0.00236564
4.3325 -0.00224665
4.335 -0.00203199
4.3375 -0.00172877
4.34 -0.00134789
4.3425 -0.000903891
4.345 -0.000414375
4.3475 0.000100779
4.35 0.000621133
4.3525 0.001126
4.355 0.00159463
4.3575 0.00200787
4.36 0.00234904
4.3625 0.00260436
4.365 0.00276357
4.3675 0.00282042
4.37 0.00277305
4.3725 0.00262392
4.375 0.00237964
4.3775 0.00205069
4.38 0.00165101
4.3825 0.00119742
4.385 0.000708868
4.3875 0.000205599
4.39 -0.00029156
4.3925 -0.000761978
4.395 -0.00118594
4.3975 -0.00154544
4.4 -0.00182513
4.4025 -0.00201317
4.405 -0.00210177
4.4075 -0.00208751
4.41 -0.00197124
4.4125 -0.00175778
4.415 -0.00145561
4.4175 -0.00107685
4.42 -0.000637258
4.4225 -0.000156095
4.425 0.000344712
4.4275 0.000841617
4.43 0.00131043
4.4325 0.00172782
4.435 0.00207305
4.4375 0.00232932
4.44 0.00248445
4.4425 0.00253123
4.445 0.00246738
4.4475 0.0022953
4.45 0.00202166
4.4525 0.00165707
4.455 0.00121589
4.4575 0.000715944
4.46 0.000177925
4.4625 -0.000375667
4.465 -0.000921755
4.4675 -0.00143764
4.47 -0.00190202
4.4725 -0.00229604
4.475 -0.00260388
4.4775 -0.00281311
4.48 -0.00291487
4.4825 -0.00290427
4.485 -0.00278057
4.4875 -0.00254737
4.49 -0.00221267
4.4925 -0.00178867
4.495 -0.00129146
4.4975 -0.000740459
4.5 -0.000157471
4.5025 0.000434566
4.505 0.00101256
4.5075 0.00155372
4.51 0.00203638
4.5125 0.00244096
4.515 0.00275064
4.5175 0.0029522
4.52 0.00303673
4.5225 0.00300025
4.525 0.00284389
4.5275 0.0025739
4.53 0.0022013
4.5325 0.00174157
4.535 0.00121397
4.5375 0.00064075
4.54 4.60761e-05
4.5425 -0.000545772
4.545 -0.00111029
4.5475 -0.001623
4.55 -0.00206171
4.5525 -0.00240768
4.555 -0.00264599
4.5575 -0.00276612
4.56 -0.00276239
4.5625 -0.0026342
4.565 -0.00238594
4.5675 -0.00202683
4.57 -0.00157058
4.5725 -0.00103503
4.575 -0.000441433
4.5775 0.000186503
4.58 0.00082423
4.5825 0.00144725
4.585 0.00203144
4.5875 0.00255389
4.59 0.00299366
4.5925 0.00333223
4.595 0.00355415
4.5975 0.00364779
4.6 0.00360611
4.6025 0.0034274
4.605 0.0031157
4.6075 0.0026809
4.61 0.00213853
4.6125 0.0015091
4.615 0.000816907
4.6175 8.87928e-05
4.62 -0.000648048
4.6225 -0.00136567
4.625 -0.00203542
4.6275 -0.00263052
4.63 -0.00312732
4.6325 -0.00350582
4.635 -0.00375064
4.6375 -0.00385289
4.64 -0.00381021
4.6425 -0.00362521
4.645 -0.00330583
4.6475 -0.00286568
4.65 -0.00232305
4.6525 -0.00170009
4.655 -0.0010219
4.6575 -0.000315353
4.66 0.000391987
4.6625 0.00107319
4.665 0.00170285
4.6675 0.00225758
4.67 0.00271685
4.6725 0.00306378
4.675 0.00328577
4.6775 0.00337515
4.68 0.00332951
4.6825 0.00315174
4.685 0.00284987
4.6875 0.00243679
4.69 0.00192992
4.6925 0.00135043
4.695 0.000722201
4.6975 7.0756e-05
4.7 -0.000578574
4.7025 -0.00120054
4.705 -0.0017701
4.7075 -0.00226439
4.71 -0.00266382
4.7125 -0.00295252
4.715 -0.00311921
4.7175 -0.00315781
4.72 -0.00306762
4.7225 -0.00285315
4.725 -0.00252371
4.7275 -0.00209303
4.73 -0.00157879
4.7325 -0.00100191
4.735 -0.000385612
4.7375 0.000245493
4.74 0.000866587
4.7425 0.00145341
4.745 0.00198289
4.7475 0.0024342
4.75 0.00278964
4.7525 0.0030354
4.755 0.00316222
4.7575 0.00316583
4.76 0.0030469
4.7625 0.00281089
4.765 0.00246774
4.7675 0.00203166
4.77 0.00152066
4.7725 0.000955798
4.775 0.00036015
4.7775 -0.000242179
4.78 -0.000827234
4.7825 -0.00137205
4.785 -0.00185516
4.7875 -0.00225744
4.79 -0.00256275
4.7925 -0.00275871
4.795 -0.00283733
4.7975 -0.00279551
4.8 -0.00263521
4.8025 -0.00236333
4.805 -0.00199152
4.8075 -0.00153589
4.81 -0.00101621
4.8125 -0.000454895
4.815 0.000124259
4.8175 0.000697467
4.82 0.0012416
4.8225 0.00173458
4.825 0.00215645
4.8275 0.00249005
4.83 0.00272162
4.8325 0.0028415
4.835 0.00284465
4.8375 0.00273092
4.84 0.0025049
4.8425 0.00217562
4.845 0.00175625
4.8475 0.00126357
4.85 0.000717241
4.8525 0.000138933
4.855 -0.000449089
4.8575 -0.00102423
4.86 -0.00156375
4.8625 -0.0020461
4.865 -0.00245174
4.8675 -0.00276377
4.87 -0.00296866
4.8725 -0.00305709
4.875 -0.00302452
4.8775 -0.00287135
4.88 -0.00260285
4.8825 -0.00222902
4.885 -0.00176433
4.8875 -0.00122722
4.89 -0.000639235
4.8925 -2.39202e-05
4.895 0.000595062
4.8975 0.00119378
4.9 0.00174805
4.9025 0.00223556
4.905 0.00263686
4.9075 0.00293557
4.91 0.0031192
4.9125 0.00317971
4.915 0.00311399
4.9175 0.00292387
4.92 0.00261611
4.9225 0.00220221
4.925 0.00169811
4.9275 0.0011236
4.93 0.000501316
4.9325 -0.000144242
4.935 -0.000787954
4.9375 -0.00140475
4.94 -0.00197014
4.9425 -0.00246119
4.945 -0.00285745
4.9475 -0.00314183
4.95 -0.00330158
4.9525 -0.00332915
4.955 -0.00322254
4.9575 -0.00298533
4.96 -0.00262652
4.9625 -0.0021602
4.965 -0.00160511
4.9675 -0.000983759
4.97 -0.000321371
4.9725 0.000355212
4.975 0.00101881
4.9775 0.00164287
4.98 0.00220221
4.9825 0.00267415
4.985 0.00303954
4.9875 0.00328353
4.99 0.00339635
4.9925 0.00337365
4.995 0.0032165
4.9975 0.00293109
5 0.0025285
5.0025 0.00202446
5.005 0.00143888
5.0075 0.000795073
5.01 0.00011871
5.0125 -0.000563796
5.015 -0.00122563
5.0175 -0.00183999
5.02 -0.00238195
5.0225 -0.00282951
5.025 -0.00316423
5.0275 -0.00337204
5.03 -0.00344407
5.0325 -0.00337699
5.035 -0.00317302
5.0375 -0.00283972
5.04 -0.0023898
5.0425 -0.00184077
5.045 -0.00121435
5.0475 -0.000535513
5.05 0.000168628
5.0525 0.000870106
5.055 0.00154099
5.0575 0.00215413
5.06 0.00268445
5.0625 0.00310994
5.065 0.00341266
5.0675 0.0035796
5.07 0.00360337
5.0725 0.00348242
5.075 0.00322091
5.0775 0.00282854
5.08 0.00232027
5.0825 0.00171597
5.085 0.00103951
5.0875 0.000317708
5.09 -0.000420895
5.0925 -0.00114744
5.095 -0.00183377
5.0975 -0.00245325
5.1 -0.00298175
5.1025 -0.00339857
5.105 -0.00368726
5.1075 -0.00383647
5.11 -0.0038405
5.1125 -0.00369915
5.115 -0.00341815
5.1175 -0.00300909
5.12 -0.00248851
5.1225 -0.00187739
5.125 -0.00120032
5.1275 -0.00048436
5.13 0.000242077
5.1325 0.000950452
5.135 0.00161305
5.1375 0.00220377
5.14 0.00269915
5.1425 0.00307939
5.145 0.00332926
5.1475 0.00343894
5.15 0.00340438
5.1525 0.00322732
5.155 0.00291508
5.1575 0.00248036
5.16 0.00194087
5.1625 0.00131879
5.165 0.000639715
5.1675 -6.84601e-05
5.17 -0.000777661
5.1725 -0.0014596
5.175 -0.00208604
5.1775 -0.00263128
5.18 -0.00307333
5.1825 -0.00339435
5.185 -0.00358155
5.1875 -0.00362784
5.19 -0.00353195
5.1925 -0.0032983
5.195 -0.0029366
5.1975 -0.00246154
5.2 -0.00189229
5.2025 -0.00125176
5.205 -0.000565411
5.2075 0.000139833
5.21 0.00083685
5.2125 0.00149914
5.215 0.00210151
5.2175 0.0026211
5.22 0.00303824
5.2225 0.00333718
5.225 0.00350677
5.2275 0.00354099
5.23 0.00343891
5.2325 0.00320459
5.235 0.00284686
5.2375 0.00237917
5.24 0.00181923
5.2425 0.00118841
5.245 0.000510734
5.2475 -0.000187977
5.25 -0.000881307
5.2525 -0.00154313
5.255 -0.00214827
5.2575 -0.0026735
5.26 -0.00309843
5.2625 -0.00340644
5.265 -0.00358554
5.2675 -0.0036289
5.27 -0.00353506
5.2725 -0.00330778
5.275 -0.002956
5.2775 -0.0024937
5.28 -0.00193938
5.2825 -0.00131537
5.285 -0.000646681
5.2875 3.99196e-05
5.29 0.000717743
5.2925 0.0013602
5.295 0.00194101
5.2975 0.00243641
5.3 0.00282622
5.3025 0.00309447
5.305 0.00323022
5.3075 0.00322808
5.31 0.00308832
5.3125 0.00281686
5.315 0.00242504
5.3175 0.00192935
5.32 0.00135076
5.3225 0.00071373
5.325 4.49588e-05
5.3275 -0.000628738
5.33 -0.00128041
5.3325 -0.00188314
5.335 -0.00241239
5.3375 -0.00284704
5.34 -0.00316975
5.3425 -0.00336767
5.345 -0.00343306
5.3475 -0.00336354
5.35 -0.00316194
5.3525 -0.00283619
5.355 -0.00239903
5.3575 -0.00186766
5.36 -0.00126306
5.3625 -0.00060905
5.365 6.87914e-05
5.3675 0.000744874
5.37 0.00139359
5.3725 0.00198951
5.375 0.00250938
5.3775 0.00293313
5.38 0.00324436
5.3825 0.00343109
5.385 0.00348638
5.3875 0.0034085
5.39 0.0032009
5.3925 0.002872
5.395 0.00243503
5.3975 0.00190753
5.4 0.00131067
5.4025 0.000668219
5.405 5.49955e-06
5.4075 -0.000652527
5.41 -0.00128099
5.4125 -0.00185505
5.415 -0.00235219
5.4175 -0.00275313
5.42 -0.00304227
5.4225 -0.00320844
5.425 -0.00324544
5.4275 -0.00315227
5.43 -0.00293302
5.4325 -0.0025967
5.435 -0.00215704
5.4375 -0.00163202
5.44 -0.00104308
5.4425 -0.000414156
5.445 0.000229414
5.4475 0.000862071
5.45 0.00145893
5.4525 0.00199645
5.455 0.00245348
5.4575 0.00281213
5.46 0.00305853
5.4625 0.00318351
5.465 0.00318292
5.4675 0.00305767
5.47 0.00281345
5.4725 0.00246057
5.475 0.00201359
5.4775 0.00149088
5.48 0.000913806
5.4825 0.000305749
5.485 -0.00030883
5.4875 -0.000905615
5.49 -0.00146131
5.4925 -0.00195423
5.495 -0.00236512
5.4975 -0.00267798
5.5 -0.00288077
5.5025 -0.002966
5.505 -0.00293102
5.5075 -0.0027779
5.51 -0.00251324
5.5125 -0.00214794
5.515 -0.00169688
5.5175 -0.00117844
5.52 -0.000613613
5.5225 -2.50706e-05
5.525 0.000564586
5.5275 0.00113255
5.53 0.00165582
5.5325 0.0021133
5.535 0.00248679
5.5375 0.00276132
5.54 0.00292591
5.5425 0.00297416
5.545 0.00290449
5.5475 0.00272008
5.55 0.00242869
5.5525 0.0020424
5.555 0.00157718
5.5575 0.00105225
5.56 0.000489127
5.5625 -8.93903e-05
5.565 -0.00066068
5.5675 -0.00120253
5.57 -0.00169334
5.5725 -0.00211363
5.575 -0.0024469
5.5775 -0.00268005
5.58 -0.00280414
5.5825 -0.00281484
5.585 -0.00271248
5.5875 -0.0025019
5.59 -0.00219219
5.5925 -0.00179636
5.595 -0.00133095
5.5975 -0.000815315
5.6 -0.000270748
5.6025 0.000280438
5.605 0.000815933
5.6075 0.00131415
5.61 0.0017548
5.6125 0.00211979
5.615 0.00239396
5.6175 0.00256584
5.62 0.00262816
5.6225 0.00257822
5.625 0.00241784
5.6275 0.00215312
5.63 0.00179426
5.6325 0.00135527
5.635 0.000853516
5.6375 0.000308964
5.64 -0.000256765
5.6425 -0.0008216
5.645 -0.00136372
5.6475 -0.001862
5.65 -0.0022969
5.6525 -0.00265117
5.655 -0.00291045
5.6575 -0.00306394
5.66 -0.00310495
5.6625 -0.00303122
5.665 -0.00284491
5.6675 -0.00255249
5.67 -0.00216462
5.6725 -0.00169587
5.675 -0.00116412
5.6775 -0.000589656
5.68 5.71296e-06
5.6825 0.000600316
5.685 0.0011722
5.6875 0.00169901
5.69 0.00216008
5.6925 0.00253739
5.695 0.00281593
5.6975 0.00298455
5.7 0.00303658
5.7025 0.00297006
5.705 0.00278773
5.7075 0.00249691
5.71 0.00210933
5.7125 0.00164073
5.715 0.00111023
5.7175 0.000539437
5.72 -4.84548e-05
5.7225 -0.000630409
5.725 -0.00118347
5.7275 -0.00168486
5.73 -0.00211402
5.7325 -0.00245347
5.735 -0.00268932
5.7375 -0.00281191
5.74 -0.00281625
5.7425 -0.00270207
5.745 -0.00247368
5.7475 -0.00213983
5.75 -0.00171354
5.7525 -0.00121181
5.755 -0.000654973
5.7575 -6.58866e-05
5.76 0.000531911
5.7625 0.001114
5.765 0.00165526
5.7675 0.00213225
5.77 0.00252453
5.7725 0.00281515
5.775 0.0029914
5.7775 0.00304546
5.78 0.00297462
5.7825 0.00278121
5.785 0.00247241
5.7875 0.00206001
5.79 0.00156011
5.7925 0.000992567
5.795 0.000380128
5.7975 -0.000252645
5.8 -0.000880713
5.8025 -0.00147946
5.805 -0.00202534
5.8075 -0.00249683
5.81 -0.00287534
5.8125 -0.00314581
5.815 -0.00329749
5.8175 -0.00332441
5.82 -0.00322563
5.8225 -0.00300509
5.825 -0.00267149
5.8275 -0.002238
5.83 -0.00172185
5.8325 -0.00114356
5.835 -0.000525876
5.8375 0.000107239
5.84 0.000731818
5.8425 0.00132446
5.845 0.00186276
5.8475 0.00232628
5.85 0.00269741
5.8525 0.00296196
5.855 0.00310988
5.8575 0.00313575
5.86 0.00303895
5.8625 0.00282354
5.865 0.00249813
5.8675 0.00207569
5.87 0.00157313
5.8725 0.00101056
5.875 0.00041043
5.8775 -0.00020344
5.88 -0.000807002
5.8825 -0.00137685
5.885 -0.00189085
5.8875 -0.00232897
5.89 -0.00267419
5.8925 -0.00291318
5.895 -0.00303688
5.8975 -0.00304087
5.9 -0.0029253
5.9025 -0.00269481
5.905 -0.00235833
5.9075 -0.00192899
5.91 -0.0014237
5.9125 -0.000862397
5.915 -0.000267155
5.9175 0.000338729
5.92 0.000931822
5.9225 0.00148933
5.925 0.00198965
5.9275 0.00241316
5.93 0.0027431
5.9325 0.0029663
5.935 0.00307393
5.9375 0.00306193
5.94 0.00293106
5.9425 0.00268674
5.945 0.00233884
5.9475 0.00190128
5.95 0.00139139
5.9525 0.000829156
5.955 0.00023627
5.9575 -0.000364517
5.96 -0.000950399
5.9625 -0.0014992
5.965 -0.00198979
5.9675 -0.00240288
5.97 -0.00272197
5.9725 -0.00293418
5.975 -0.00303096
5.9775 -0.0030085
5.98 -0.00286768
5.9825 -0.00261398
5.985 -0.00225729
5.9875 -0.0018117
5.99 -0.00129497
5.9925 -0.000727753
5.995 -0.000132646
5.9975 0.000467151
6 0.00104816
6.0025 0.00158697
6.005 0.00206178
6.0075 0.00245338
6.01 0.00274578
6.0125 0.00292703
6.015 0.00298989
6.0175 0.00293213
6.02 0.00275649
6.0225 0.00247048
6.025 0.00208603
6.0275 0.00161913
6.03 0.00108904
6.0325 0.000517415
6.035 -7.26249e-05
6.0375 -0.000658174
6.04 -0.0012165
6.0425 -0.00172515
6.045 -0.00216385
6.0475 -0.0025154
6.05 -0.00276615
6.0525 -0.00290659
6.055 -0.00293185
6.0575 -0.00284166
6.06 -0.00264018
6.0625 -0.00233574
6.065 -0.00194062
6.0675 -0.00147068
6.07 -0.000944723
6.0725 -0.000383646
6.075 0.000190454
6.0775 0.000755331
6.08 0.00128927
6.0825 0.00177158
6.085 0.00218343
6.0875 0.00250864
6.09 0.00273427
6.0925 0.00285136
6.095 0.0028553
6.0975 0.00274602
6.1 0.00252779
6.1025 0.00220917
6.105 0.00180274
6.1075 0.00132465
6.11 0.00079394
6.1125 0.000231656
6.115 -0.000339994
6.1175 -0.000898709
6.12 -0.00142285
6.1225 -0.0018919
6.125 -0.00228729
6.1275 -0.0025932
6.13 -0.00279728
6.1325 -0.0028913
6.135 -0.00287158
6.1375 -0.00273891
6.14 -0.00249848
6.1425 -0.0021597
6.145 -0.00173598
6.1475 -0.00124431
6.15 -0.000704444
6.1525 -0.000138022
6.155 0.000432815
6.1575 0.000985726
6.16 0.00149851
6.1625 0.00195057
6.165 0.00232376
6.1675 0.00260296
6.17 0.00277678
6.1725 0.00283805
6.175 0.00278418
6.1775 0.00261707
6.18 0.002343
6.1825 0.0019725
6.185 0.00152006
6.1875 0.00100363
6.19 0.000443766
6.1925 -0.00013729
6.195 -0.000716818
6.1975 -0.00127231
6.2 -0.00178196
6.2025 -0.00222558
6.205 -0.00258537
6.2075 -0.00284655
6.21 -0.00299805
6.2125 -0.00303313
6.215 -0.00294954
6.2175 -0.00274964
6.22 -0.00244034
6.2225 -0.00203301
6.225 -0.00154318
6.2275 -0.000989917
6.23 -0.000394897
6.2325 0.000218548
6.235 0.000826516
6.2375 0.00140529
6.24 0.00193196
6.2425 0.00238532
6.245 0.00274685
6.2475 0.00300152
6.25 0.0031386
6.2525 0.00315222
6.255 0.00304157
6.2575 0.00281077
6.26 0.0024688
6.2625 0.0020292
6.265 0.00150963
6.2675 0.000931048
6.27 0.000316737
6.2725 -0.00030868
6.275 -0.000920493
6.2775 -0.00149482
6.28 -0.00200922
6.2825 -0.00244358
6.285 -0.0027809
6.2875 -0.00300808
6.29 -0.00311649
6.2925 -0.00310228
6.295 -0.00296641
6.2975 -0.00271444
6.3 -0.0023564
6.3025 -0.00190661
6.305 -0.00138317
6.3075 -0.000807124
6.31 -0.000201469
6.3125 0.000409863
6.315 0.00100309
6.3175 0.00155537
6.32 0.00204544
6.3225 0.00245436
6.325 0.00276629
6.3275 0.00296913
6.33 0.0030551
6.3325 0.00302104
6.335 0.00286845
6.3375 0.0026033
6.34 0.00223596
6.3425 0.00178093
6.345 0.00125636
6.3475 0.00068317
6.35 8.42024e-05
6.3525 -0.000517325
6.355 -0.00109797
6.3575 -0.00163431
6.36 -0.00210467
6.3625 -0.00249
6.365 -0.0027745
6.3675 -0.0029464
6.37 -0.00299861
6.3725 -0.00292901
6.375 -0.00274038
6.3775 -0.00244024
6.38 -0.00204062
6.3825 -0.00155771
6.385 -0.00101117
6.3875 -0.000423202
6.39 0.000182503
6.3925 0.000781913
6.395 0.00135143
6.3975 0.00186849
6.4 0.00231251
6.4025 0.00266569
6.405 0.00291369
6.4075 0.00304638
6.41 0.00305826
6.4125 0.00294867
6.415 0.00272172
6.4175 0.0023861
6.42 0.00195498
6.4225 0.00144558
6.425 0.00087841
6.4275 0.00027634
6.43 -0.000336419
6.4325 -0.000935508
6.435 -0.00149727
6.4375 -0.00199933
6.44 -0.00242145
6.4425 -0.00274636
6.445 -0.00296055
6.4475 -0.00305498
6.45 -0.00302555
6.4525 -0.00287311
6.455 -0.00260335
6.4575 -0.00222655
6.46 -0.00175733
6.4625 -0.00121413
6.465 -0.000618371
6.4675 6.55786e-06
6.47 0.000637072
6.4725 0.00124907
6.475 0.00181793
6.4775 0.00232081
6.48 0.0027377
6.4825 0.00305184
6.485 0.00325056
6.4875 0.00332587
6.49 0.00327476
6.4925 0.00309907
6.495 0.00280526
6.4975 0.0024042
6.5 0.001911
6.5025 0.00134445
6.505 0.00072635
6.5075 8.0606e-05
6.51 -0.000568312
6.5125 -0.00119552
6.515 -0.00177607
6.5175 -0.00228684
6.52 -0.00270761
6.5225 -0.00302163
6.525 -0.00321642
6.5275 -0.00328437
6.53 -0.00322292
6.5325 -0.0030345
6.535 -0.00272633
6.5375 -0.00231028
6.54 -0.00180259
6.5425 -0.00122327
6.545 -0.000595152
6.5475 5.70372e-05
6.55 0.000708404
6.5525 0.00133384
6.555 0.00190821
6.5575 0.00240842
6.56 0.00281446
6.5625 0.00310992
6.565 0.00328287
6.5675 0.00332638
6.57 0.0032388
6.5725 0.00302357
6.575 0.00268915
6.5775 0.00224872
6.58 0.0017198
6.5825 0.00112355
6.585 0.000483791
6.5875 -0.000173966
6.59 -0.00082379
6.5925 -0.00144024
6.595 -0.00199909
6.5975 -0.00247827
6.6 -0.00285889
6.6025 -0.00312596
6.605 -0.00326921
6.6075 -0.00328348
6.61 -0.00316878
6.6125 -0.0029301
6.615 -0.00257721
6.6175 -0.00212441
6.62 -0.00159006
6.6225 -0.000995777
6.625 -0.000365466
6.6275 0.000275673
6.63 0.000902299
6.6325 0.00148981
6.635 0.00201503
6.6375 0.00245721
6.64 0.00279894
6.6425 0.00302695
6.645 0.00313278
6.6475 0.00311311
6.65 0.00296966
6.6525 0.00270897
6.655 0.00234204
6.6575 0.00188407
6.66 0.00135378
6.6625 0.000772621
6.665 0.00016378
6.6675 -0.000448849
6.67 -0.00104164
6.6725 -0.00159193
6.675 -0.00207872
6.6775 -0.00248336
6.68 -0.00279028
6.6825 -0.00298769
6.685 -0.00306814
6.6875 -0.00302886
6.69 -0.00287173
6.6925 -0.00260311
6.695 -0.00223372
6.6975 -0.00177836
6.7 -0.0012554
6.7025 -0.00068588
6.705 -9.25692e-05
6.7075 0.000501776
6.71 0.00107417
6.7125 0.00160141
6.715 0.00206219
6.7175 0.00243804
6.72 0.00271376
6.7225 0.00287809
6.725 0.00292435
6.7275 0.00285062
6.73 0.00265972
6.7325 0.00235902
6.735 0.00196023
6.7375 0.00147909
6.74 0.000934713
6.7425 0.000348739
6.745 -0.000255635
6.7475 -0.000854805
6.75 -0.00142555
6.7525 -0.00194558
6.755 -0.00239449
6.7575 -0.00275452
6.76 -0.00301137
6.7625 -0.00315489
6.765 -0.00317962
6.7675 -0.00308487
6.77 -0.00287458
6.7725 -0.00255718
6.775 -0.00214534
6.7775 -0.00165559
6.78 -0.00110762
6.7825 -0.0005233
6.785 7.4147e-05
6.7875 0.000661534
6.79 0.00121603
6.7925 0.0017155
6.795 0.00214001
6.7975 0.00247269
6.8 0.00270046
6.8025 0.00281461
6.805 0.0028113
6.8075 0.00269145
6.81 0.00246063
6.8125 0.00212869
6.815 0.00170953
6.8175 0.00122052
6.82 0.000681753
6.8225 0.000115148
6.825 -0.000456904
6.8275 -0.00101194
6.83 -0.00152777
6.8325 -0.00198385
6.835 -0.00236204
6.8375 -0.00264722
6.84 -0.00282792
6.8425 -0.00289691
6.845 -0.00285149
6.8475 -0.00269341
6.85 -0.00242876
6.8525 -0.0020678
6.855 -0.00162471
6.8575 -0.00111708
6.86 -0.000565142
6.8625 9.23479e-06
6.865 0.000584178
6.8675 0.00113758
6.87 0.00164707
6.8725 0.00209208
6.875 0.00245477
6.8775 0.00272043
6.88 0.00287814
6.8825 0.00292146
6.885 0.00284862
6.8875 0.00266252
6.89 0.00237056
6.8925 0.0019844
6.895 0.00151963
6.8975 0.000995154
6.9 0.000432248
6.9025 -0.000146334
6.905 -0.000717572
6.9075 -0.00125897
6.91 -0.00174914
6.9125 -0.00216874
6.915 -0.00250125
6.9175 -0.0027337
6.92 -0.00285719
6.9225 -0.00286738
6.925 -0.00276441
6.9275 -0.00255279
6.93 -0.00224118
6.9325 -0.00184216
6.935 -0.00137188
6.9375 -0.000849317
6.94 -0.000295383
6.9425 0.000268013
6.945 0.000819017
6.9475 0.00133652
6.95 0.00180063
6.9525 0.00219346
6.955 0.00249979
6.9575 0.00270771
6.96 0.00280921
6.9625 0.00280054
6.965 0.00268226
6.9675 0.00245904
6.97 0.0021395
6.9725 0.00173603
6.975 0.00126427
6.9775 0.000742565
6.98 0.000191092
6.9825 -0.000368812
6.985 -0.000915624
6.9875 -0.00142834
6.99 -0.00188694
6.9925 -0.00227324
6.995 -0.00257173
6.9975 -0.00277035
7 -0.0028612
7.0025 -0.00284082
7.005 -0.00271023
7.0075 -0.00247469
7.01 -0.00214358
7.0125 -0.00173011
7.015 -0.00125094
7.0175 -0.000725295
7.02 -0.000174205
7.0225 0.000380497
7.025 0.000917005
7.0275 0.0014142
7.03 0.00185235
7.0325 0.00221397
7.035 0.00248449
7.0375 0.00265301
7.04 0.00271286
7.0425 0.00266189
7.045 0.00250238
7.0475 0.00224092
7.05 0.00188811
7.0525 0.00145835
7.055 0.000969185
7.0575 0.000440512
7.06 -0.000106286
7.0625 -0.000649645
7.065 -0.00116818
7.0675 -0.00164102
7.07 -0.00204907
7.0725 -0.00237584
7.075 -0.00260806
7.0775 -0.00273637
7.08 -0.0027558
7.0825 -0.00266591
7.085 -0.00247054
7.0875 -0.00217765
7.09 -0.00179906
7.0925 -0.00135005
7.095 -0.000848775
7.0975 -0.000315364
7.1 0.000228916
7.1025 0.000762688
7.105 0.00126516
7.1075 0.00171664
7.11 0.0020994
7.1125 0.0023984
7.115 0.0026019
7.1175 0.00270205
7.12 0.0026952
7.1225 0.00258192
7.125 0.00236683
7.1275 0.00205846
7.13 0.00166902
7.1325 0.00121411
7.135 0.000711936
7.1375 0.000182557
7.14 -0.000353035
7.1425 -0.000873905
7.145 -0.00135988
7.1475 -0.00179201
7.15 -0.00215333
7.1525 -0.00242953
7.155 -0.00260966
7.1575 -0.00268677
7.16 -0.00265818
7.1625 -0.00252556
7.165 -0.00229469
7.1675 -0.00197526
7.17 -0.00158064
7.1725 -0.00112731
7.175 -0.00063408
7.1775 -0.000121164
7.18 0.000391144
7.1825 0.00088263
7.185 0.00133337
7.1875 0.00172513
7.19 0.00204223
7.1925 0.00227193
7.195 0.00240507
7.1975 0.0024365
7.2 0.00236531
7.2025 0.00219469
7.205 0.0019317
7.2075 0.00158714
7.21 0.00117522
7.2125 0.000713026
7.215 0.000219706
7.2175 -0.000284377
7.22 -0.000778765
7.2225 -0.00124359
7.225 -0.00166003
7.2275 -0.00201109
7.23 -0.00228227
7.2325 -0.00246213
7.235 -0.00254294
7.2375 -0.00252101
7.24 -0.00239682
7.2425 -0.00217485
7.245 -0.00186349
7.2475 -0.00147479
7.25 -0.00102415
7.2525 -0.000529616
7.255 -1.09762e-05
7.2575 0.00051182
7.26 0.00101848
7.2625 0.00148835
7.265 0.00190223
7.2675 0.00224333
7.27 0.00249751
7.2725 0.00265405
7.275 0.00270619
7.2775 0.00265152
7.28 0.00249197
7.2825 0.00223366
7.285 0.00188672
7.2875 0.00146495
7.29 0.000985383
7.2925 0.000467392
7.295 -6.81476e-05
7.2975 -0.000600508
7.3 -0.00110899
7.3025 -0.00157295
7.305 -0.00197364
7.3075 -0.002295
7.31 -0.00252405
7.3125 -0.00265146
7.315 -0.00267212
7.3175 -0.00258523
7.32 -0.00239419
7.3225 -0.00210642
7.325 -0.0017331
7.3275 -0.00128892
7.33 -0.000791475
7.3325 -0.000260419
7.335 0.000283398
7.3375 0.000818953
7.34 0.00132567
7.3425 0.0017839
7.345 0.00217576
7.3475 0.00248582
7.35 0.00270177
7.3525 0.0028151
7.355 0.00282147
7.3575 0.00272087
7.36 0.00251739
7.3625 0.00221903
7.365 0.00183743
7.3675 0.00138747
7.37 0.000886585
7.3725 0.000354012
7.375 -0.000189916
7.3775 -0.000724642
7.38 -0.00122996
7.3825 -0.00168638
7.385 -0.00207592
7.3875 -0.00238293
7.39 -0.00259488
7.3925 -0.00270318
7.395 -0.00270357
7.3975 -0.00259626
7.4 -0.00238573
7.4025 -0.00208056
7.405 -0.00169323
7.4075 -0.00123969
7.41 -0.000738616
7.4125 -0.000210586
7.415 0.000322799
7.4175 0.000839967
7.42 0.00132018
7.4225 0.00174413
7.425 0.00209475
7.4275 0.00235794
7.43 0.00252321
7.4325 0.0025841
7.435 0.00253843
7.4375 0.00238825
7.44 0.00213963
7.4425 0.00180256
7.445 0.00139069
7.4475 0.000920797
7.45 0.00041198
7.4525 -0.000115244
7.455 -0.000640221
7.4575 -0.0011425
7.46 -0.00160204
7.4625 -0.00200035
7.465 -0.00232117
7.4675 -0.00255106
