0.01 1.05254e-06
0.02 3.67227e-06
0.03 6.22581e-06
0.04 8.01958e-06
0.05 1.07815e-05
0.06 1.52334e-05
0.07 1.81684e-05
0.08 1.4507e-05
0.09 1.17818e-06
0.1 -1.76891e-05
0.11 -2.82731e-05
0.12 -1.92343e-05
0.13 4.10056e-06
0.14 2.40808e-05
0.15 2.66881e-05
0.16 1.09325e-05
0.17 -1.30065e-05
0.18 -2.90014e-05
0.19 -2.40937e-05
0.2 -3.08236e-06
0.21 1.43269e-05
0.22 1.73789e-05
0.23 1.27931e-05
0.24 1.10104e-05
0.25 1.11948e-05
0.26 5.25002e-06
0.27 -7.67065e-06
0.28 -2.31954e-05
0.29 -3.81316e-05
0.3 -4.39234e-05
0.31 -2.86096e-05
0.32 6.57689e-06
0.33 4.55921e-05
0.34 6.77271e-05
0.35 5.59675e-05
0.36 1.02911e-05
0.37 -4.62954e-05
0.38 -7.4948e-05
0.39 -4.18978e-05
0.4 4.0633e-05
0.41 0.000106099
0.42 9.77133e-05
0.43 2.65011e-05
0.44 -5.15719e-05
0.45 -9.16089e-05
0.46 -7.91691e-05
0.47 -2.8504e-05
0.48 2.28207e-05
0.49 4.53766e-05
0.5 4.04535e-05
0.51 2.24397e-05
0.52 3.95881e-06
0.53 -2.97455e-06
0.54 4.04673e-06
0.55 1.33712e-05
0.56 1.49992e-05
0.57 8.03075e-06
0.58 -5.68071e-06
0.59 -1.57654e-05
0.6 -6.56688e-06
0.61 2.60009e-05
0.62 6.38385e-05
0.63 6.68294e-05
0.64 1.55494e-05
0.65 -5.30916e-05
0.66 -8.24866e-05
0.67 -4.88875e-05
0.68 3.06795e-05
0.69 0.000117482
0.7 0.000169481
0.71 0.000155931
0.72 7.60237e-05
0.73 -3.45671e-05
0.74 -0.000129875
0.75 -0.000172775
0.76 -0.00013948
0.77 -3.27858e-05
0.78 0.00010402
0.79 0.000203887
0.8 0.000212426
0.81 0.000115622
0.82 -3.40242e-05
0.83 -0.000137359
0.84 -0.000127517
0.85 -2.17295e-05
0.86 0.000108801
0.87 0.000187814
0.88 0.00016526
0.89 4.48296e-05
0.9 -0.00011103
0.91 -0.000214085
0.92 -0.000197171
0.93 -6.15248e-05
0.94 0.000111108
0.95 0.000214986
0.96 0.000180459
0.97 1.45285e-05
0.98 -0.000182934
0.99 -0.000274375
1 -0.000190331
1.01 1.1191e-05
1.02 0.000196085
1.03 0.000258575
1.04 0.000181166
1.05 2.38359e-05
1.06 -0.000122447
1.07 -0.000178925
1.08 -0.000111006
1.09 4.60947e-05
1.1 0.000187035
1.11 0.000213952
1.12 0.000124886
1.13 -1.08694e-05
1.14 -0.000128554
1.15 -0.000179463
1.16 -0.000115094
1.17 6.85175e-05
1.18 0.000269739
1.19 0.000335318
1.2 0.00019678
1.21 -7.83651e-05
1.22 -0.000339395
1.23 -0.000422567
1.24 -0.000239068
1.25 0.000138921
1.26 0.000485211
1.27 0.000561419
1.28 0.00029818
1.29 -0.000156731
1.3 -0.000541219
1.31 -0.000628404
1.32 -0.00035474
1.33 0.000130075
1.34 0.000550032
1.35 0.000663936
1.36 0.000386695
1.37 -0.000149013
1.38 -0.000628927
1.39 -0.000750575
1.4 -0.000434315
1.41 0.000131113
1.42 0.000613684
1.43 0.000736214
1.44 0.000435705
1.45 -9.59176e-05
1.46 -0.000530495
1.47 -0.000613902
1.48 -0.000310281
1.49 0.000200884
1.5 0.000619084
1.51 0.00068396
1.52 0.000353547
1.53 -0.000166908
1.54 -0.000575562
1.55 -0.000650319
1.56 -0.000360818
1.57 0.000112314
1.58 0.000484629
1.59 0.000542434
1.6 0.000260589
1.61 -0.000203142
1.62 -0.000605377
1.63 -0.000748208
1.64 -0.000587395
1.65 -0.000252488
1.66 3.74458e-05
1.67 0.000103168
1.68 -9.58199e-05
1.69 -0.000441335
1.7 -0.000728673
1.71 -0.00079055
1.72 -0.000595825
1.73 -0.000263043
1.74 1.26366e-05
1.75 7.22296e-05
1.76 -0.000115349
1.77 -0.00044123
1.78 -0.000732455
1.79 -0.000853103
1.8 -0.000768201
1.81 -0.000554922
1.82 -0.00036473
1.83 -0.000340317
1.84 -0.000508444
1.85 -0.000711357
1.86 -0.000686118
1.87 -0.000275466
1.88 0.000424145
1.89 0.00110309
1.9 0.00143357
1.91 0.0012683
1.92 0.000712583
1.93 6.80281e-05
1.94 -0.000328703
1.95 -0.000264923
1.96 0.000196787
1.97 0.000631165
1.98 0.000561028
1.99 -8.38871e-05
2 -0.00091206
2.01 -0.00137398
2.02 -0.00110772
2.03 -0.00013996
2.04 0.00111702
2.05 0.00205828
2.06 0.0022077
2.07 0.00152665
2.08 0.000480258
2.09 -0.000270152
2.1 -0.000325014
2.11 0.000239908
2.12 0.00100795
2.13 0.00149009
2.14 0.00137465
2.15 0.00069966
2.16 -0.000161722
2.17 -0.000759889
2.18 -0.00086481
2.19 -0.000538435
2.2 -1.33208e-05
2.21 0.000467097
2.22 0.000735002
2.23 0.000717512
2.24 0.000454901
2.25 0.000104276
2.26 -0.000143418
2.27 -0.000203167
2.28 -0.000136641
2.29 -5.93198e-05
2.3 -4.36505e-05
2.31 -9.71833e-05
2.32 -0.000185896
2.33 -0.000265831
2.34 -0.000297947
2.35 -0.000228717
2.36 -7.5496e-06
2.37 0.000327394
2.38 0.000618847
2.39 0.000675546
2.4 0.000417299
2.41 -3.02364e-05
2.42 -0.000412814
2.43 -0.000528401
2.44 -0.000339792
2.45 2.30719e-05
2.46 0.000338559
2.47 0.00040744
2.48 0.000160089
2.49 -0.000292064
2.5 -0.000702854
2.51 -0.000822695
2.52 -0.000543316
2.53 3.08716e-05
2.54 0.000619479
2.55 0.000900813
2.56 0.000696421
2.57 9.423e-05
2.58 -0.000586343
2.59 -0.00097701
2.6 -0.000877874
2.61 -0.00037845
2.62 0.000203185
2.63 0.00051671
2.64 0.00038176
2.65 -9.88461e-05
2.66 -0.000599495
2.67 -0.00078684
2.68 -0.000529284
2.69 3.51427e-05
2.7 0.000603009
2.71 0.000874053
2.72 0.000678342
2.73 7.51393e-05
2.74 -0.000636088
2.75 -0.00107723
2.76 -0.00103012
2.77 -0.000536675
2.78 0.000163623
2.79 0.000734259
2.8 0.000881948
2.81 0.000515092
2.82 -0.000190151
2.83 -0.000869931
2.84 -0.0011539
2.85 -0.000866949
2.86 -0.000146854
2.87 0.000620501
2.88 0.00102684
2.89 0.000869837
2.9 0.000249533
2.91 -0.000485248
2.92 -0.000918487
2.93 -0.000801314
2.94 -0.00020668
2.95 0.000510238
2.96 0.00092907
2.97 0.000804986
2.98 0.000196097
2.99 -0.000565574
3 -0.00104894
3.01 -0.000978291
3.02 -0.000412025
3.03 0.000290713
3.04 0.0006943
3.05 0.000548436
3.06 -6.69613e-05
3.07 -0.000789438
3.08 -0.00117942
3.09 -0.000964933
3.1 -0.000206668
3.11 0.000711134
3.12 0.00128076
3.13 0.00115721
3.14 0.000374295
3.15 -0.000653959
3.16 -0.00136818
3.17 -0.0013914
3.18 -0.000745375
3.19 0.000166238
3.2 0.000798502
3.21 0.000793429
3.22 0.000193287
3.23 -0.000589126
3.24 -0.00102587
3.25 -0.000799044
3.26 2.45529e-06
3.27 0.000936258
3.28 0.00147374
3.29 0.00131416
3.3 0.000557111
3.31 -0.000366165
3.32 -0.000952333
3.33 -0.000919447
3.34 -0.000356476
3.35 0.000371354
3.36 0.000873334
3.37 0.000938852
3.38 0.00060628
3.39 0.000114399
3.4 -0.000233475
3.41 -0.000242395
3.42 5.71611e-05
3.43 0.000434406
3.44 0.000616451
3.45 0.000469036
3.46 8.16201e-05
3.47 -0.000294428
3.48 -0.000405262
3.49 -0.000149259
3.5 0.00035365
3.51 0.00082131
3.52 0.000968207
3.53 0.000677945
3.54 9.25442e-05
3.55 -0.000455288
3.56 -0.000640107
3.57 -0.00034606
3.58 0.000259298
3.59 0.000824732
3.6 0.00101402
3.61 0.000697877
3.62 4.74924e-05
3.63 -0.000552973
3.64 -0.000747159
3.65 -0.000436314
3.66 0.000169385
3.67 0.000693867
3.68 0.000817071
3.69 0.000459975
3.7 -0.00015634
3.71 -0.000636868
3.72 -0.000665615
3.73 -0.000216078
3.74 0.000424095
3.75 0.000834798
3.76 0.000728182
3.77 0.000126311
3.78 -0.000651025
3.79 -0.00117852
3.8 -0.00118057
3.81 -0.00069231
3.82 -3.04739e-05
3.83 0.000397119
3.84 0.000347664
3.85 -7.61486e-05
3.86 -0.000489371
3.87 -0.000508818
3.88 -2.52575e-05
3.89 0.000720054
3.9 0.00128331
3.91 0.00128321
3.92 0.000634187
3.93 -0.000378163
3.94 -0.00123754
3.95 -0.00148312
3.96 -0.000986801
3.97 -5.09939e-05
3.98 0.000757524
3.99 0.000947789
4 0.000404851
4.01 -0.000540383
4.02 -0.00131699
4.03 -0.00145805
4.04 -0.000869293
4.05 0.000115288
4.06 0.000915526
4.07 0.00104011
4.08 0.000395908
4.09 -0.000637034
4.1 -0.00143411
4.11 -0.00150528
4.12 -0.000784927
4.13 0.000328166
4.14 0.0012028
4.15 0.00134628
4.16 0.00069924
4.17 -0.000321096
4.18 -0.00107305
4.19 -0.00108684
4.2 -0.000344195
4.21 0.000726341
4.22 0.00151125
4.23 0.00155617
4.24 0.000810484
4.25 -0.000333201
4.26 -0.00124298
4.27 -0.00141259
4.28 -0.000764338
4.29 0.000308474
4.3 0.00117786
4.31 0.0013518
4.32 0.000762018
4.33 -0.000201183
4.34 -0.000928993
4.35 -0.000967305
4.36 -0.000289521
4.37 0.000698527
4.38 0.00141168
4.39 0.00143223
4.4 0.000749495
4.41 -0.000238216
4.42 -0.00096127
4.43 -0.00101659
4.44 -0.000402719
4.45 0.000484724
4.46 0.00109362
4.47 0.00104458
4.48 0.000349159
4.49 -0.00060326
4.5 -0.00127593
4.51 -0.00129647
4.52 -0.000665049
4.53 0.000256855
4.54 0.00096016
4.55 0.00107705
4.56 0.000581566
4.57 -0.000205306
4.58 -0.00080493
4.59 -0.000859903
4.6 -0.000341347
4.61 0.000440702
4.62 0.00102663
4.63 0.00107322
4.64 0.000544833
4.65 -0.000268096
4.66 -0.000908225
4.67 -0.00100727
4.68 -0.000505727
4.69 0.000300295
4.7 0.000927182
4.71 0.000987585
4.72 0.000423642
4.73 -0.000449319
4.74 -0.00112419
4.75 -0.00120653
4.76 -0.000649173
4.77 0.000233494
4.78 0.00095608
4.79 0.00112819
4.8 0.000668147
4.81 -0.000147826
4.82 -0.000844413
4.83 -0.00101905
4.84 -0.000569128
4.85 0.000244951
4.86 0.00093926
4.87 0.00108761
4.88 0.000585078
4.89 -0.000283883
4.9 -0.00101956
4.91 -0.00120405
4.92 -0.000740134
4.93 9.63785e-05
4.94 0.000816898
4.95 0.00100497
4.96 0.000559497
4.97 -0.000250093
4.98 -0.000943836
4.99 -0.00110816
5 -0.000640144
5.01 0.00018289
5.02 0.000867413
5.03 0.00100352
5.04 0.000507861
5.05 -0.000332584
5.06 -0.0010289
5.07 -0.0011715
5.08 -0.000664037
5.09 0.000222724
5.1 0.00100531
5.11 0.00126201
5.12 0.00087055
5.13 7.31279e-05
5.14 -0.000669716
5.15 -0.000947475
5.16 -0.000632242
5.17 5.29798e-05
5.18 0.000673524
5.19 0.00085216
5.2 0.000497691
5.21 -0.000155819
5.22 -0.000706703
5.23 -0.00082418
5.24 -0.000435116
5.25 0.000234746
5.26 0.00079226
5.27 0.000910017
5.28 0.000518897
5.29 -0.000155909
5.3 -0.000729887
5.31 -0.00088175
5.32 -0.000538305
5.33 8.41127e-05
5.34 0.000610582
5.35 0.000730501
5.36 0.000375994
5.37 -0.000243881
5.38 -0.00076569
5.39 -0.000880979
5.4 -0.000513147
5.41 0.000140974
5.42 0.000723194
5.43 0.00091582
5.44 0.000623504
5.45 2.72723e-05
5.46 -0.000525265
5.47 -0.000721651
5.48 -0.000458218
5.49 0.000105397
5.5 0.000636046
5.51 0.000813407
5.52 0.0005138
5.53 -0.000110309
5.54 -0.000708033
5.55 -0.000926329
5.56 -0.000615112
5.57 7.60334e-05
5.58 0.000774776
5.59 0.0010964
5.6 0.00086434
5.61 0.000208362
5.62 -0.000518117
5.63 -0.000940533
5.64 -0.000859492
5.65 -0.000343314
5.66 0.000316152
5.67 0.000759745
5.68 0.000754666
5.69 0.000321305
5.7 -0.000281209
5.71 -0.000702853
5.72 -0.000702127
5.73 -0.000285313
5.74 0.000297219
5.75 0.000698315
5.76 0.000678959
5.77 0.000251385
5.78 -0.000328633
5.79 -0.000716469
5.8 -0.000683448
5.81 -0.000250008
5.82 0.000328629
5.83 0.000715969
5.84 0.000695527
5.85 0.000296153
5.86 -0.000233116
5.87 -0.000577136
5.88 -0.00054235
5.89 -0.000167017
5.9 0.000311878
5.91 0.00060851
5.92 0.000554792
5.93 0.000190313
5.94 -0.000264242
5.95 -0.000534825
5.96 -0.00045464
5.97 -6.37524e-05
5.98 0.000413851
5.99 0.000703517
6 0.00064032
6.01 0.00026134
6.02 -0.000217879
6.03 -0.000526146
6.04 -0.000491873
6.05 -0.00014362
6.06 0.000306706
6.07 0.000590766
6.08 0.000540533
6.09 0.000181425
6.1 -0.000286645
6.11 -0.000605983
6.12 -0.000607525
6.13 -0.000304103
6.14 0.000119801
6.15 0.000416902
6.16 0.000425646
6.17 0.000163347
6.18 -0.000196617
6.19 -0.000432728
6.2 -0.000399386
6.21 -0.000107994
6.22 0.000278132
6.23 0.000536496
6.24 0.000514803
6.25 0.000221354
6.26 -0.000178946
6.27 -0.000459505
6.28 -0.000461177
6.29 -0.000183392
6.3 0.000213974
6.31 0.000502552
6.32 0.000518567
6.33 0.000255954
6.34 -0.000132255
6.35 -0.000421609
6.36 -0.000445347
6.37 -0.000193736
6.38 0.00017613
6.39 0.000434243
6.4 0.000420518
6.41 0.000144277
6.42 -0.000225086
6.43 -0.000467176
6.44 -0.000442468
6.45 -0.000168124
6.46 0.000196006
6.47 0.000437636
6.48 0.000410951
6.49 0.000122536
6.5 -0.000267136
6.51 -0.000533598
6.52 -0.000519248
6.53 -0.00022864
6.54 0.000171454
6.55 0.000451346
6.56 0.000454706
6.57 0.000187271
6.58 -0.000192145
6.59 -0.00046607
6.6 -0.000480657
6.61 -0.000230494
6.62 0.000138687
6.63 0.000413851
6.64 0.000440048
6.65 0.000209725
6.66 -0.000139074
6.67 -0.000406384
6.68 -0.000442666
6.69 -0.000230995
6.7 0.000104178
6.71 0.0003693
6.72 0.000412618
6.73 0.000208295
6.74 -0.0001299
6.75 -0.000410687
6.76 -0.000471579
6.77 -0.000272382
6.78 8.15363e-05
6.79 0.000400646
6.8 0.000515628
6.81 0.000368553
6.82 4.69002e-05
6.83 -0.000262471
6.84 -0.000379176
6.85 -0.000236222
6.86 7.93131e-05
6.87 0.000380431
6.88 0.000490236
6.89 0.000341629
6.9 1.51593e-05
6.91 -0.000306399
6.92 -0.00044183
6.93 -0.000315728
6.94 -4.83189e-06
6.95 0.000302895
6.96 0.000417516
6.97 0.000262728
6.98 -7.44786e-05
6.99 -0.000393688
7 -0.00049986
7.01 -0.00032105
7.02 4.44273e-05
7.03 0.000384194
7.04 0.000500842
7.05 0.000333511
7.06 -6.55327e-06
7.07 -0.000309312
7.08 -0.000397076
7.09 -0.000227987
7.1 8.57434e-05
7.11 0.000348656
7.12 0.00039924
7.13 0.000207167
7.14 -0.000108523
7.15 -0.000353768
7.16 -0.000378793
7.17 -0.000167341
7.18 0.000155473
7.19 0.000399087
7.2 0.000421025
7.21 0.000209168
7.22 -0.000112942
7.23 -0.000359345
7.24 -0.000390741
7.25 -0.000193603
7.26 0.000115088
7.27 0.000355503
7.28 0.000386399
7.29 0.000188064
7.3 -0.000122626
7.31 -0.000360154
7.32 -0.00038311
7.33 -0.000179112
7.34 0.000131466
7.35 0.000368561
7.36 0.000396766
7.37 0.000203408
7.38 -9.5331e-05
7.39 -0.000324566
7.4 -0.000354049
7.41 -0.000173522
7.42 0.000103408
7.43 0.000309035
7.44 0.000322604
7.45 0.000141113
7.46 -0.000120647
7.47 -0.000300169
7.48 -0.000286398
7.49 -8.73882e-05
7.5 0.000176115
7.51 0.00034617
7.52 0.000322378
7.53 0.000118302
7.54 -0.000149311
7.55 -0.000328797
7.56 -0.000321399
7.57 -0.000138655
7.58 0.000105105
7.59 0.000261018
7.6 0.000234309
7.61 4.15048e-05
7.62 -0.000198116
7.63 -0.0003343
7.64 -0.000280081
7.65 -6.70002e-05
7.66 0.00017652
7.67 0.000306644
7.68 0.000250579
7.69 4.7631e-05
7.7 -0.000176317
7.71 -0.000285159
7.72 -0.000214208
7.73 -6.8195e-06
7.74 0.000215146
7.75 0.000324364
7.76 0.000261591
7.77 6.87475e-05
7.78 -0.000137945
7.79 -0.000236341
7.8 -0.000168117
7.81 2.6519e-05
7.82 0.000230011
7.83 0.00031594
7.84 0.000226133
7.85 9.08205e-06
7.86 -0.000208018
7.87 -0.000297898
7.88 -0.00021121
7.89 -4.08385e-06
7.9 0.000198504
7.91 0.000277539
7.92 0.000189288
7.93 -1.0059e-05
7.94 -0.000199468
7.95 -0.000266245
7.96 -0.000171776
7.97 3.00067e-05
7.98 0.000228579
7.99 0.000319837
8 0.000261318
8.01 9.36342e-05
8.02 -8.4279e-05
8.03 -0.000173197
8.04 -0.000131297
8.05 2.89539e-06
8.06 0.000136473
8.07 0.000180504
8.08 0.000104902
8.09 -4.33352e-05
8.1 -0.000170304
8.11 -0.000194241
8.12 -9.68978e-05
8.13 6.21902e-05
8.14 0.000180807
8.15 0.000180506
8.16 5.83502e-05
8.17 -0.000112182
8.18 -0.000228118
8.19 -0.000219221
8.2 -8.84778e-05
8.21 9.16677e-05
8.22 0.000223599
8.23 0.000239813
8.24 0.000137913
8.25 -1.94155e-05
8.26 -0.000139367
8.27 -0.000151585
8.28 -4.8227e-05
8.29 0.000111415
8.3 0.000234214
8.31 0.000246038
8.32 0.000135696
8.33 -3.61553e-05
8.34 -0.000172215
8.35 -0.000197433
8.36 -0.000103527
8.37 4.86902e-05
8.38 0.000167391
8.39 0.000183097
8.4 8.82553e-05
8.41 -5.91491e-05
8.42 -0.000171636
8.43 -0.000184908
8.44 -9.34561e-05
8.45 4.79572e-05
8.46 0.000155777
8.47 0.000167245
8.48 7.86353e-05
8.49 -5.3293e-05
8.5 -0.000147085
8.51 -0.000145255
8.52 -4.66342e-05
8.53 9.38347e-05
8.54 0.000196671
8.55 0.000201903
8.56 0.000103433
8.57 -4.42634e-05
8.58 -0.000156672
8.59 -0.000170712
8.6 -8.26148e-05
8.61 5.13123e-05
8.62 0.000149707
8.63 0.000155223
8.64 6.80437e-05
8.65 -5.57978e-05
8.66 -0.000139308
8.67 -0.000130833
8.68 -3.45045e-05
8.69 9.30163e-05
8.7 0.000177603
8.71 0.000171866
8.72 8.25153e-05
8.73 -3.42506e-05
8.74 -0.000107053
8.75 -9.33096e-05
8.76 -5.70266e-06
8.77 9.697e-05
8.78 0.000147526
8.79 0.000111141
8.8 4.85854e-06
8.81 -0.000113458
8.82 -0.000178417
8.83 -0.000153795
8.84 -5.2606e-05
8.85 6.99893e-05
8.86 0.000147613
8.87 0.000140352
8.88 5.57467e-05
8.89 -5.85018e-05
8.9 -0.000141885
8.91 -0.000152782
8.92 -8.9552e-05
8.93 1.00407e-05
8.94 9.14964e-05
8.95 0.000114427
8.96 7.2747e-05
8.97 -5.23053e-06
8.98 -7.47918e-05
8.99 -9.94595e-05
9 -6.83618e-05
9.01 1.42597e-07
9.02 6.9032e-05
9.03 0.000102689
9.04 8.54658e-05
9.05 2.94603e-05
9.06 -3.14353e-05
9.07 -5.97466e-05
9.08 -3.78392e-05
9.09 1.84539e-05
9.1 6.99235e-05
9.11 8.14572e-05
9.12 4.52398e-05
9.13 -1.52236e-05
9.14 -6.14945e-05
9.15 -6.59511e-05
9.16 -2.97883e-05
9.17 1.92421e-05
9.18 4.75497e-05
9.19 3.81616e-05
9.2 -1.67388e-06
9.21 -4.87157e-05
9.22 -7.80933e-05
9.23 -7.59085e-05
9.24 -4.47175e-05
9.25 1.06986e-06
9.26 4.53113e-05
9.27 7.64543e-05
9.28 8.70682e-05
9.29 7.24652e-05
9.3 3.31863e-05
9.31 -2.04105e-05
9.32 -6.73851e-05
9.33 -8.51796e-05
9.34 -6.41645e-05
9.35 -1.5652e-05
9.36 3.39479e-05
9.37 5.97463e-05
9.38 5.34718e-05
9.39 2.58907e-05
9.4 -2.69464e-06
9.41 -1.41588e-05
9.42 -2.14544e-07
9.43 3.41097e-05
9.44 7.26553e-05
9.45 9.58879e-05
9.46 9.01865e-05
9.47 5.49019e-05
9.48 4.78352e-06
9.49 -3.48938e-05
9.5 -4.15996e-05
9.51 -1.01052e-05
9.52 4.21222e-05
9.53 8.36166e-05
9.54 8.81308e-05
9.55 5.14535e-05
9.56 -6.23393e-06
9.57 -5.3415e-05
9.58 -6.63619e-05
9.59 -4.21492e-05
9.6 9.36476e-07
9.61 3.46911e-05
9.62 3.68123e-05
9.63 3.34152e-06
9.64 -4.75651e-05
9.65 -8.43967e-05
9.66 -8.15795e-05
9.67 -3.65574e-05
9.68 2.78995e-05
9.69 7.67982e-05
9.7 8.31043e-05
9.71 4.4035e-05
9.72 -1.60766e-05
9.73 -5.93781e-05
9.74 -5.76505e-05
9.75 -1.16459e-05
9.76 4.84217e-05
9.77 8.31158e-05
9.78 6.8724e-05
9.79 1.13459e-05
9.8 -5.56004e-05
9.81 -8.96388e-05
9.82 -6.48586e-05
9.83 1.01895e-05
9.84 9.4911e-05
9.85 0.000139753
9.86 0.00011665
9.87 3.69822e-05
9.88 -5.57684e-05
9.89 -0.000112233
9.9 -0.000105254
9.91 -4.45604e-05
9.92 3.0963e-05
9.93 7.74604e-05
9.94 7.00893e-05
9.95 1.551e-05
9.96 -5.14579e-05
9.97 -8.74035e-05
9.98 -6.68342e-05
9.99 2.46573e-06
10 8.478e-05
10.01 0.0001365
10.02 0.000129752
10.03 6.83757e-05
10.04 -1.26782e-05
10.05 -6.6222e-05
10.06 -5.96099e-05
10.07 6.11235e-06
10.08 9.53887e-05
10.09 0.000157158
10.1 0.000153643
10.11 8.28311e-05
10.12 -1.74394e-05
10.13 -8.84117e-05
10.14 -8.5223e-05
10.15 -6.8218e-06
10.16 0.000100329
10.17 0.000169056
10.18 0.000152406
10.19 5.36559e-05
10.2 -7.47656e-05
10.21 -0.000163237
10.22 -0.000165904
10.23 -8.55414e-05
10.24 3.01708e-05
10.25 0.000116881
10.26 0.000129339
10.27 6.53255e-05
10.28 -3.48575e-05
10.29 -0.00011296
10.3 -0.000126175
10.31 -7.04982e-05
10.32 1.74802e-05
10.33 8.18943e-05
10.34 8.21598e-05
10.35 1.8597e-05
10.36 -6.92208e-05
10.37 -0.000128166
10.38 -0.000122877
10.39 -5.52875e-05
10.4 3.66557e-05
10.41 0.000101082
10.42 0.000102475
10.43 4.11405e-05
10.44 -4.76108e-05
10.45 -0.000112201
10.46 -0.000113001
10.47 -4.56943e-05
10.48 5.39315e-05
10.49 0.000128622
10.5 0.000133423
10.51 6.47051e-05
10.52 -3.64766e-05
10.53 -0.000109995
10.54 -0.000113688
10.55 -4.90388e-05
10.56 4.09078e-05
10.57 9.95956e-05
10.58 9.21344e-05
10.59 2.55021e-05
10.6 -5.7776e-05
10.61 -0.000106321
10.62 -9.02428e-05
10.63 -1.78003e-05
10.64 6.95205e-05
10.65 0.00012079
10.66 0.000105338
10.67 3.11474e-05
10.68 -5.84266e-05
10.69 -0.000109246
10.7 -8.89684e-05
10.71 -7.4061e-06
10.72 8.8545e-05
10.73 0.000142463
10.74 0.00012263
10.75 4.20981e-05
10.76 -4.92564e-05
10.77 -9.58213e-05
10.78 -7.04226e-05
10.79 9.2567e-06
10.8 9.19884e-05
10.81 0.000125646
10.82 8.88702e-05
10.83 2.14546e-06
10.84 -8.50058e-05
10.85 -0.000122896
10.86 -9.00605e-05
10.87 -4.62854e-06
10.88 8.61565e-05
10.89 0.000131612
10.9 0.000105821
10.91 2.31331e-05
10.92 -6.96265e-05
10.93 -0.000120083
10.94 -0.000100727
10.95 -2.59047e-05
10.96 5.6427e-05
10.97 9.49049e-05
10.98 6.75819e-05
10.99 -4.12482e-06
11 -7.12186e-05
11.01 -9.09021e-05
11.02 -5.26471e-05
11.03 1.82797e-05
11.04 7.74346e-05
11.05 8.81669e-05
11.06 4.33248e-05
11.07 -3.0826e-05
11.08 -9.02362e-05
11.09 -0.000100006
11.1 -5.46384e-05
11.11 1.97461e-05
11.12 8.04014e-05
11.13 9.25961e-05
11.14 4.95087e-05
11.15 -2.41521e-05
11.16 -8.64612e-05
11.17 -0.000103485
11.18 -6.83388e-05
11.19 -2.72859e-06
11.2 5.59831e-05
11.21 7.51808e-05
11.22 4.64927e-05
11.23 -8.89751e-06
11.24 -5.47392e-05
11.25 -6.1857e-05
11.26 -2.42039e-05
11.27 3.68654e-05
11.28 8.43987e-05
11.29 8.97011e-05
11.3 5.10032e-05
11.31 -5.88873e-06
11.32 -4.37764e-05
11.33 -3.61896e-05
11.34 1.67769e-05
11.35 8.70808e-05
11.36 0.0001334
11.37 0.000125035
11.38 6.22356e-05
11.39 -2.16666e-05
11.4 -8.01673e-05
11.41 -8.26086e-05
11.42 -3.27e-05
11.43 3.52027e-05
11.44 7.99732e-05
11.45 8.02978e-05
11.46 4.42033e-05
11.47 -1.11534e-06
11.48 -2.74853e-05
11.49 -2.04161e-05
11.5 1.36172e-05
11.51 5.18058e-05
11.52 6.97341e-05
11.53 5.4599e-05
11.54 1.09172e-05
11.55 -4.10696e-05
11.56 -7.39258e-05
11.57 -6.69173e-05
11.58 -1.85791e-05
11.59 5.02048e-05
11.6 0.000105707
11.61 0.00011949
11.62 8.47255e-05
11.63 1.98639e-05
11.64 -4.19928e-05
11.65 -7.04671e-05
11.66 -5.42457e-05
11.67 -6.93598e-06
11.68 4.19772e-05
11.69 6.39101e-05
11.7 4.68222e-05
11.71 2.50048e-06
11.72 -3.99789e-05
11.73 -5.26061e-05
11.74 -2.60418e-05
11.75 2.46471e-05
11.76 6.92159e-05
11.77 8.15872e-05
11.78 5.59204e-05
11.79 8.51091e-06
11.8 -3.364e-05
11.81 -4.89873e-05
11.82 -3.26113e-05
11.83 2.58902e-06
11.84 3.46298e-05
11.85 4.61451e-05
11.86 3.35097e-05
11.87 5.94838e-06
11.88 -2.10814e-05
11.89 -3.34092e-05
11.9 -2.44327e-05
11.91 1.56886e-06
11.92 3.03579e-05
11.93 4.39309e-05
11.94 3.05943e-05
11.95 -4.76022e-06
11.96 -3.86667e-05
11.97 -4.10015e-05
11.98 2.11053e-06
11.99 6.9451e-05
12 0.000111259
12.01 8.68573e-05
12.02 2.98856e-06
12.03 -8.71463e-05
12.04 -0.000121637
12.05 -7.14833e-05
12.06 3.93028e-05
12.07 0.000146708
12.08 0.000186092
12.09 0.000131537
12.1 1.18705e-05
12.11 -0.000103601
12.12 -0.000144222
12.13 -8.34386e-05
12.14 4.12684e-05
12.15 0.000151659
12.16 0.000176927
12.17 9.61789e-05
12.18 -4.83043e-05
12.19 -0.000174304
12.2 -0.00020665
12.21 -0.00012206
12.22 3.43998e-05
12.23 0.000172696
12.24 0.000210321
12.25 0.000122449
12.26 -4.16865e-05
12.27 -0.000186216
12.28 -0.000224995
12.29 -0.000133465
12.3 3.63992e-05
12.31 0.000187645
12.32 0.000235599
12.33 0.000155512
12.34 -3.66989e-06
12.35 -0.000147267
12.36 -0.000190608
12.37 -0.000109899
12.38 4.36435e-05
12.39 0.000175532
12.4 0.000205542
12.41 0.000116445
12.42 -3.58853e-05
12.43 -0.000157972
12.44 -0.000177937
12.45 -8.82487e-05
12.46 5.38273e-05
12.47 0.000162505
12.48 0.00017333
12.49 8.00956e-05
12.5 -6.23845e-05
12.51 -0.000170527
12.52 -0.000179751
12.53 -8.21533e-05
12.54 6.7447e-05
12.55 0.000183239
12.56 0.000199469
12.57 0.000107957
12.58 -3.87841e-05
12.59 -0.00015692
12.6 -0.000178058
12.61 -8.96938e-05
12.62 5.7524e-05
12.63 0.000180038
12.64 0.000208995
12.65 0.000128582
12.66 -1.6436e-05
12.67 -0.000146513
12.68 -0.000191493
12.69 -0.000130232
12.7 -2.74647e-06
12.71 0.000113681
12.72 0.000151191
12.73 9.12789e-05
12.74 -2.67737e-05
12.75 -0.000129853
12.76 -0.000153123
12.77 -7.85447e-05
12.78 5.34567e-05
12.79 0.00016731
12.8 0.000196243
12.81 0.000121231
12.82 -1.6738e-05
12.83 -0.000139795
12.84 -0.000177332
12.85 -0.000106162
12.86 3.44882e-05
12.87 0.000164481
12.88 0.000210056
12.89 0.00014758
12.9 1.6331e-05
12.91 -0.000106582
12.92 -0.000152178
12.93 -9.8523e-05
12.94 1.92481e-05
12.95 0.000131458
12.96 0.000173956
12.97 0.000123498
12.98 9.69832e-06
12.99 -0.000102647
13 -0.000150258
13.01 -0.000107017
13.02 8.0722e-07
13.03 0.000108724
13.04 0.000150805
13.05 9.96384e-05
13.06 -1.60342e-05
13.07 -0.000128584
13.08 -0.0001721
13.09 -0.000121252
13.1 -5.7789e-06
13.11 0.000106743
13.12 0.000150208
13.13 9.89387e-05
13.14 -1.67788e-05
13.15 -0.00012748
13.16 -0.000164782
13.17 -0.000102505
13.18 2.66634e-05
13.19 0.000149781
13.2 0.000196028
13.21 0.0001388
13.22 1.21682e-05
13.23 -0.000109244
13.24 -0.000154521
13.25 -9.84129e-05
13.26 2.46615e-05
13.27 0.000141675
13.28 0.000183301
13.29 0.00012337
13.3 -6.14035e-06
13.31 -0.000132727
13.32 -0.000184603
13.33 -0.000133441
13.34 -1.22751e-05
13.35 0.000105242
13.36 0.00014958
13.37 9.56494e-05
13.38 -2.26742e-05
13.39 -0.000132463
13.4 -0.000164705
13.41 -9.58126e-05
13.42 3.62368e-05
13.43 0.000153358
13.44 0.000184858
13.45 0.000111319
13.46 -2.31792e-05
13.47 -0.000137963
13.48 -0.00016442
13.49 -8.74148e-05
13.5 4.56627e-05
13.51 0.000154956
13.52 0.000177248
13.53 0.000102573
13.54 -2.17861e-05
13.55 -0.000120751
13.56 -0.000136429
13.57 -6.11631e-05
13.58 5.97227e-05
13.59 0.000155424
13.6 0.000170189
13.61 9.51405e-05
13.62 -2.66434e-05
13.63 -0.000125542
13.64 -0.000145206
13.65 -7.47702e-05
13.66 4.46269e-05
13.67 0.000144123
13.68 0.000167468
13.69 0.000102339
13.7 -1.37226e-05
13.71 -0.00011456
13.72 -0.000142883
13.73 -8.30129e-05
13.74 3.00452e-05
13.75 0.000131072
13.76 0.000162623
13.77 0.000108009
13.78 4.13787e-07
13.79 -9.75505e-05
13.8 -0.00013066
13.81 -8.21498e-05
13.82 1.66329e-05
13.83 0.000104389
13.84 0.000127056
13.85 7.03807e-05
13.86 -3.24814e-05
13.87 -0.000121879
13.88 -0.000146976
13.89 -9.42942e-05
13.9 5.66797e-06
13.91 9.68688e-05
13.92 0.000129932
13.93 8.95114e-05
13.94 1.94734e-06
13.95 -8.11999e-05
13.96 -0.000112942
13.97 -7.69814e-05
13.98 4.23986e-06
13.99 8.40513e-05
14 0.000118026
14.01 8.89199e-05
14.02 1.67176e-05
14.03 -5.35403e-05
14.04 -7.87564e-05
14.05 -4.30165e-05
14.06 3.34692e-05
14.07 0.000106499
14.08 0.000134168
14.09 0.000101156
14.1 2.70207e-05
14.11 -4.5634e-05
14.12 -7.61578e-05
14.13 -4.96815e-05
14.14 1.48782e-05
14.15 7.72312e-05
14.16 9.96047e-05
14.17 6.81986e-05
14.18 6.69557e-07
14.19 -6.49857e-05
14.2 -9.256e-05
14.21 -6.76529e-05
14.22 -5.43599e-06
14.23 5.87689e-05
14.24 9.02441e-05
14.25 7.2901e-05
14.26 1.72425e-05
14.27 -4.49839e-05
14.28 -7.90296e-05
14.29 -6.67125e-05
14.3 -1.57511e-05
14.31 4.536e-05
14.32 8.37486e-05
14.33 7.95777e-05
14.34 3.57271e-05
14.35 -2.32204e-05
14.36 -6.36125e-05
14.37 -6.15583e-05
14.38 -1.70644e-05
14.39 4.56828e-05
14.4 9.17418e-05
14.41 9.4692e-05
14.42 5.19376e-05
14.43 -1.32568e-05
14.44 -6.47078e-05
14.45 -7.44256e-05
14.46 -3.93131e-05
14.47 1.78529e-05
14.48 6.29561e-05
14.49 7.06579e-05
14.5 3.80936e-05
14.51 -1.48387e-05
14.52 -5.74945e-05
14.53 -6.62454e-05
14.54 -3.78648e-05
14.55 9.58407e-06
14.56 4.83046e-05
14.57 5.66372e-05
14.58 3.07289e-05
14.59 -1.32006e-05
14.6 -4.79803e-05
14.61 -5.14381e-05
14.62 -1.9988e-05
14.63 2.90067e-05
14.64 6.71713e-05
14.65 7.18699e-05
14.66 4.01709e-05
14.67 -9.41631e-06
14.68 -4.82881e-05
14.69 -5.54426e-05
14.7 -2.94463e-05
14.71 1.20438e-05
14.72 4.30789e-05
14.73 4.46889e-05
14.74 1.61671e-05
14.75 -2.44252e-05
14.76 -5.10938e-05
14.77 -4.54608e-05
14.78 -8.14533e-06
14.79 4.1041e-05
14.8 7.44805e-05
14.81 7.28745e-05
14.82 3.69944e-05
14.83 -1.26115e-05
14.84 -4.7222e-05
14.85 -4.63257e-05
14.86 -1.03186e-05
14.87 3.89804e-05
14.88 7.11895e-05
14.89 6.57373e-05
14.9 2.42073e-05
14.91 -2.98359e-05
14.92 -6.36936e-05
14.93 -5.54973e-05
14.94 -9.00831e-06
14.95 4.81216e-05
14.96 8.12329e-05
14.97 6.97248e-05
14.98 1.99925e-05
14.99 -3.82542e-05
15 -7.06858e-05
15.01 -5.93036e-05
15.02 -1.23591e-05
15.03 4.11393e-05
15.04 6.88628e-05
15.05 5.39918e-05
15.06 4.76862e-06
15.07 -5.03465e-05
15.08 -7.97669e-05
15.09 -6.70214e-05
15.1 -1.96858e-05
15.11 3.473e-05
15.12 6.43958e-05
15.13 5.22218e-05
15.14 6.68324e-06
15.15 -4.28438e-05
15.16 -6.40117e-05
15.17 -4.20012e-05
15.18 1.1021e-05
15.19 6.38502e-05
15.2 8.54429e-05
15.21 6.33369e-05
15.22 1.09574e-05
15.23 -4.04818e-05
15.24 -6.03336e-05
15.25 -3.63998e-05
15.26 1.79511e-05
15.27 7.16446e-05
15.28 9.40026e-05
15.29 7.25896e-05
15.3 2.0092e-05
15.31 -3.25175e-05
15.32 -5.37584e-05
15.33 -3.14278e-05
15.34 1.95336e-05
15.35 6.63617e-05
15.36 7.87815e-05
15.37 4.79716e-05
15.38 -7.66644e-06
15.39 -5.37908e-05
15.4 -6.2169e-05
15.41 -2.88272e-05
15.42 2.4604e-05
15.43 6.54848e-05
15.44 6.95612e-05
15.45 3.40929e-05
15.46 -2.11765e-05
15.47 -6.53744e-05
15.48 -7.42289e-05
15.49 -4.3687e-05
15.5 8.58251e-06
15.51 5.3646e-05
15.52 6.77609e-05
15.53 4.53002e-05
15.54 1.19365e-06
15.55 -3.74895e-05
15.56 -4.68566e-05
15.57 -2.07346e-05
15.58 2.51707e-05
15.59 6.36063e-05
15.6 7.25835e-05
15.61 4.72264e-05
15.62 1.80222e-06
15.63 -3.78267e-05
15.64 -4.88413e-05
15.65 -2.55265e-05
15.66 1.71027e-05
15.67 5.27836e-05
15.68 6.00121e-05
15.69 3.40735e-05
15.7 -1.10097e-05
15.71 -5.06588e-05
15.72 -6.31739e-05
15.73 -4.15732e-05
15.74 2.34969e-06
15.75 4.44675e-05
15.76 6.17455e-05
15.77 4.54402e-05
15.78 6.19571e-06
15.79 -3.19839e-05
15.8 -4.54314e-05
15.81 -2.49594e-05
15.82 1.80356e-05
15.83 5.8524e-05
15.84 7.35513e-05
15.85 5.58202e-05
15.86 1.72303e-05
15.87 -1.89453e-05
15.88 -3.20134e-05
15.89 -1.54596e-05
15.9 1.96391e-05
15.91 5.11639e-05
15.92 5.92362e-05
15.93 3.81008e-05
15.94 -4.60522e-07
15.95 -3.41884e-05
15.96 -4.38099e-05
15.97 -2.39938e-05
15.98 1.45669e-05
15.99 5.10076e-05
16 6.4848e-05
16.01 4.80509e-05
16.02 1.06045e-05
16.03 -2.57812e-05
16.04 -4.10134e-05
16.05 -2.79908e-05
16.06 4.65918e-06
16.07 3.82847e-05
16.08 5.40743e-05
16.09 4.34886e-05
16.1 1.3631e-05
16.11 -1.71435e-05
16.12 -3.08323e-05
16.13 -1.98555e-05
16.14 9.51522e-06
16.15 4.07196e-05
16.16 5.60555e-05
16.17 4.67091e-05
16.18 1.83825e-05
16.19 -1.16521e-05
16.2 -2.4699e-05
16.21 -1.16791e-05
16.22 2.11535e-05
16.23 5.56933e-05
16.24 7.24921e-05
16.25 6.14022e-05
16.26 2.71838e-05
16.27 -1.25922e-05
16.28 -3.76856e-05
16.29 -3.63978e-05
16.3 -1.09354e-05
16.31 2.41401e-05
16.32 4.87951e-05
16.33 4.78743e-05
16.34 2.05348e-05
16.35 -1.81461e-05
16.36 -4.58686e-05
16.37 -4.69333e-05
16.38 -2.13059e-05
16.39 1.5752e-05
16.4 4.29561e-05
16.41 4.56795e-05
16.42 2.36779e-05
16.43 -9.65504e-06
16.44 -3.46802e-05
16.45 -3.61649e-05
16.46 -1.18838e-05
16.47 2.54509e-05
16.48 5.4335e-05
16.49 5.6724e-05
16.5 2.86461e-05
16.51 -1.61369e-05
16.52 -5.23045e-05
16.53 -5.80329e-05
16.54 -2.90854e-05
16.55 1.80478e-05
16.56 5.59686e-05
16.57 6.29933e-05
16.58 3.58646e-05
16.59 -9.09166e-06
16.6 -4.5879e-05
16.61 -5.40149e-05
16.62 -3.01946e-05
16.63 1.07606e-05
16.64 4.52284e-05
16.65 5.34751e-05
16.66 3.00248e-05
16.67 -1.21483e-05
16.68 -4.80607e-05
16.69 -5.54781e-05
16.7 -2.85749e-05
16.71 1.85397e-05
16.72 5.99071e-05
16.73 7.25018e-05
16.74 4.97289e-05
16.75 5.29447e-06
16.76 -3.45748e-05
16.77 -4.61293e-05
16.78 -2.14843e-05
16.79 2.62796e-05
16.8 6.9392e-05
16.81 8.13401e-05
16.82 5.30431e-05
16.83 -8.82886e-07
16.84 -5.05187e-05
16.85 -6.78776e-05
16.86 -4.27859e-05
16.87 1.03126e-05
16.88 6.07232e-05
16.89 8.01116e-05
16.9 5.90615e-05
16.91 1.20014e-05
16.92 -3.23556e-05
16.93 -4.78733e-05
16.94 -2.53914e-05
16.95 2.24219e-05
16.96 6.83375e-05
16.97 8.56328e-05
16.98 6.35939e-05
16.99 1.47486e-05
17 -3.32716e-05
17.01 -5.5089e-05
17.02 -4.11871e-05
17.03 -1.59526e-06
17.04 4.0277e-05
17.05 6.01822e-05
17.06 4.63065e-05
17.07 5.86101e-06
17.08 -3.86279e-05
17.09 -6.14605e-05
17.1 -4.8654e-05
17.11 -7.06771e-06
17.12 3.92002e-05
17.13 6.33297e-05
17.14 5.14336e-05
17.15 1.04089e-05
17.16 -3.59404e-05
17.17 -6.01382e-05
17.18 -4.68652e-05
17.19 -2.73367e-06
17.2 4.72732e-05
17.21 7.46923e-05
17.22 6.4413e-05
17.23 2.34894e-05
17.24 -2.36442e-05
17.25 -4.98946e-05
17.26 -4.1075e-05
17.27 -3.96088e-06
17.28 3.80923e-05
17.29 5.97694e-05
17.3 4.87635e-05
17.31 1.2741e-05
17.32 -2.61348e-05
17.33 -4.56252e-05
17.34 -3.62084e-05
17.35 -5.08947e-06
17.36 2.96096e-05
17.37 4.91416e-05
17.38 4.37954e-05
17.39 1.73467e-05
17.4 -1.5459e-05
17.41 -3.61053e-05
17.42 -3.29259e-05
17.43 -8.71038e-06
17.44 2.13815e-05
17.45 3.90697e-05
17.46 3.33161e-05
17.47 7.07268e-06
17.48 -2.36466e-05
17.49 -3.9111e-05
17.5 -2.85175e-05
17.51 3.55918e-06
17.52 4.07079e-05
17.53 6.35615e-05
17.54 5.93698e-05
17.55 2.89805e-05
17.56 -1.23994e-05
17.57 -4.2926e-05
17.58 -4.56815e-05
17.59 -1.8155e-05
17.6 2.47975e-05
17.61 5.78164e-05
17.62 5.97738e-05
17.63 2.81379e-05
17.64 -1.83335e-05
17.65 -5.12817e-05
17.66 -5.06006e-05
17.67 -1.71307e-05
17.68 2.84246e-05
17.69 5.8818e-05
17.7 5.6438e-05
17.71 2.36739e-05
17.72 -1.89849e-05
17.73 -4.59714e-05
17.74 -4.23112e-05
17.75 -1.23879e-05
17.76 2.44088e-05
17.77 4.69433e-05
17.78 4.43545e-05
17.79 2.076e-05
17.8 -8.37993e-06
17.81 -2.50697e-05
17.82 -1.91512e-05
17.83 5.78377e-06
17.84 3.48311e-05
17.85 4.99626e-05
17.86 4.03022e-05
17.87 9.13797e-06
17.88 -2.70144e-05
17.89 -4.74454e-05
17.9 -3.99803e-05
17.91 -9.11937e-06
17.92 2.72284e-05
17.93 4.86247e-05
17.94 4.29998e-05
17.95 1.36892e-05
17.96 -2.19478e-05
17.97 -4.24772e-05
17.98 -3.52419e-05
17.99 -4.54186e-06
18 3.13203e-05
18.01 5.16399e-05
18.02 4.53498e-05
18.03 1.65986e-05
18.04 -1.84249e-05
18.05 -4.08289e-05
18.06 -3.8896e-05
18.07 -1.39919e-05
18.08 1.98038e-05
18.09 4.30045e-05
18.1 4.17701e-05
18.11 1.63753e-05
18.12 -1.866e-05
18.13 -4.32158e-05
18.14 -4.34962e-05
18.15 -1.92778e-05
18.16 1.64623e-05
18.17 4.47387e-05
18.18 5.10309e-05
18.19 3.26071e-05
18.2 5.29126e-08
18.21 -2.71914e-05
18.22 -3.17019e-05
18.23 -9.49412e-06
18.24 2.68992e-05
18.25 5.58063e-05
18.26 5.96926e-05
18.27 3.57117e-05
18.28 -2.80525e-06
18.29 -3.41898e-05
18.3 -4.07786e-05
18.31 -1.8517e-05
18.32 2.08563e-05
18.33 5.58544e-05
18.34 6.72947e-05
18.35 4.93848e-05
18.36 1.29277e-05
18.37 -2.04326e-05
18.38 -3.053e-05
18.39 -1.07528e-05
18.4 2.75213e-05
18.41 6.13356e-05
18.42 6.99296e-05
18.43 4.65653e-05
18.44 3.08892e-06
18.45 -3.60659e-05
18.46 -4.82435e-05
18.47 -2.61143e-05
18.48 1.72397e-05
18.49 5.58317e-05
18.5 6.60403e-05
18.51 4.01918e-05
18.52 -9.07109e-06
18.53 -5.58345e-05
18.54 -7.4977e-05
18.55 -5.66058e-05
18.56 -1.16116e-05
18.57 3.49941e-05
18.58 5.77175e-05
18.59 4.518e-05
18.6 6.87783e-06
18.61 -3.33645e-05
18.62 -5.17336e-05
18.63 -3.78699e-05
18.64 -9.83252e-07
18.65 3.64466e-05
18.66 5.29903e-05
18.67 4.04577e-05
18.68 7.9213e-06
18.69 -2.46389e-05
18.7 -3.8169e-05
18.71 -2.49315e-05
18.72 7.47267e-06
18.73 4.06341e-05
18.74 5.57709e-05
18.75 4.46073e-05
18.76 1.42712e-05
18.77 -1.69447e-05
18.78 -3.05203e-05
18.79 -1.9396e-05
18.8 7.95741e-06
18.81 3.43083e-05
18.82 4.41493e-05
18.83 3.18602e-05
18.84 5.0336e-06
18.85 -1.97473e-05
18.86 -2.73869e-05
18.87 -1.34059e-05
18.88 1.40507e-05
18.89 3.92682e-05
18.9 4.8445e-05
18.91 3.74118e-05
18.92 1.28039e-05
18.93 -1.18226e-05
18.94 -2.29964e-05
18.95 -1.50388e-05
18.96 6.45614e-06
18.97 2.81987e-05
18.98 3.7331e-05
18.99 2.86426e-05
19 7.28399e-06
19.01 -1.4279e-05
19.02 -2.35674e-05
19.03 -1.56229e-05
19.04 4.2395e-06
19.05 2.4254e-05
19.06 3.34088e-05
19.07 2.71939e-05
19.08 9.66668e-06
19.09 -8.3602e-06
19.1 -1.56111e-05
19.11 -7.64795e-06
19.12 1.06417e-05
19.13 2.82569e-05
19.14 3.45139e-05
19.15 2.54834e-05
19.16 6.69707e-06
19.17 -1.01993e-05
19.18 -1.50509e-05
19.19 -5.29052e-06
19.2 1.29896e-05
19.21 2.83538e-05
19.22 3.06866e-05
19.23 1.83481e-05
19.24 -6.23705e-07
19.25 -1.50363e-05
19.26 -1.76009e-05
19.27 -7.85409e-06
19.28 8.68322e-06
19.29 2.33636e-05
19.3 2.87132e-05
19.31 2.34212e-05
19.32 1.2585e-05
19.33 3.66345e-06
19.34 2.05014e-06
19.35 8.12206e-06
19.36 1.78361e-05
19.37 2.51699e-05
19.38 2.52835e-05
19.39 1.74278e-05
19.4 5.50873e-06
19.41 -3.93672e-06
19.42 -5.28969e-06
19.43 2.72057e-06
19.44 1.57947e-05
19.45 2.6597e-05
19.46 2.96191e-05
19.47 2.42237e-05
19.48 1.41274e-05
19.49 5.04312e-06
19.5 1.72982e-06
19.51 5.64762e-06
19.52 1.40022e-05
19.53 2.13815e-05
19.54 2.33702e-05
19.55 1.87048e-05
19.56 9.81577e-06
19.57 1.28728e-06
19.58 -3.2315e-06
19.59 -2.82042e-06
19.6 7.67963e-07
19.61 4.08859e-06
19.62 4.26854e-06
19.63 1.73495e-06
19.64 -2.706e-07
19.65 7.46922e-07
19.66 4.84167e-06
19.67 1.04726e-05
19.68 1.48892e-05
19.69 1.52032e-05
19.7 1.06309e-05
19.71 3.6741e-06
19.72 -1.20618e-06
19.73 -2.20081e-07
19.74 6.80731e-06
19.75 1.51744e-05
19.76 1.87734e-05
19.77 1.49784e-05
19.78 6.12891e-06
19.79 -2.37942e-06
19.8 -5.46435e-06
19.81 -1.39506e-06
19.82 7.04874e-06
19.83 1.43355e-05
19.84 1.59247e-05
19.85 1.10554e-05
19.86 2.64548e-06
19.87 -5.0791e-06
19.88 -8.62761e-06
19.89 -6.23771e-06
19.9 1.10489e-06
19.91 9.55283e-06
19.92 1.3938e-05
19.93 1.09966e-05
19.94 1.9034e-06
19.95 -8.40409e-06
19.96 -1.39199e-05
19.97 -1.08006e-05
19.98 2.52933e-07
19.99 1.3812e-05
20 2.22715e-05
20.01 2.04702e-05
20.02 9.14868e-06
20.03 -5.83008e-06
20.04 -1.69329e-05
20.05 -1.7952e-05
20.06 -6.47668e-06
20.07 1.36485e-05
20.08 3.30067e-05
20.09 4.20535e-05
20.1 3.62771e-05
20.11 1.79523e-05
20.12 -4.05271e-06
20.13 -1.80422e-05
20.14 -1.65024e-05
20.15 -6.03446e-07
20.16 2.03983e-05
20.17 3.3887e-05
20.18 3.1291e-05
20.19 1.35782e-05
20.2 -8.97035e-06
20.21 -2.25989e-05
20.22 -1.86362e-05
20.23 1.26544e-06
20.24 2.6017e-05
20.25 4.13953e-05
20.26 3.84741e-05
20.27 1.90565e-05
20.28 -4.97059e-06
20.29 -1.91163e-05
20.3 -1.51437e-05
20.31 4.93688e-06
20.32 3.00895e-05
20.33 4.6319e-05
20.34 4.48649e-05
20.35 2.689e-05
20.36 2.31907e-06
20.37 -1.55807e-05
20.38 -1.72939e-05
20.39 -2.63871e-06
20.4 1.89873e-05
20.41 3.4224e-05
20.42 3.33148e-05
20.43 1.58101e-05
20.44 -8.80542e-06
20.45 -2.63668e-05
20.46 -2.66095e-05
20.47 -9.69722e-06
20.48 1.45023e-05
20.49 3.25122e-05
20.5 3.42677e-05
20.51 1.88614e-05
20.52 -4.72466e-06
20.53 -2.33495e-05
20.54 -2.7467e-05
20.55 -1.61404e-05
20.56 3.62912e-06
20.57 2.13758e-05
20.58 2.8232e-05
20.59 2.13472e-05
20.6 5.5731e-06
20.61 -9.44359e-06
20.62 -1.52287e-05
20.63 -9.15371e-06
20.64 4.49618e-06
20.65 1.70984e-05
20.66 2.07253e-05
20.67 1.32218e-05
20.68 -4.21073e-07
20.69 -1.13036e-05
20.7 -1.20056e-05
20.71 -1.38588e-06
20.72 1.41713e-05
20.73 2.45889e-05
20.74 2.2938e-05
20.75 1.02939e-05
20.76 -4.87545e-06
20.77 -1.21531e-05
20.78 -6.00795e-06
20.79 1.04485e-05
20.8 2.77238e-05
20.81 3.62775e-05
20.82 3.18579e-05
20.83 1.72428e-05
20.84 2.45254e-07
20.85 -1.07996e-05
20.86 -1.09454e-05
20.87 -9.32423e-07
20.88 1.2706e-05
20.89 2.13753e-05
20.9 2.01774e-05
20.91 1.04506e-05
20.92 -1.91915e-06
20.93 -9.54374e-06
20.94 -7.25896e-06
20.95 4.69904e-06
20.96 2.03417e-05
20.97 3.12013e-05
20.98 3.1268e-05
20.99 2.07754e-05
21 5.94444e-06
21.01 -5.00472e-06
21.02 -6.57392e-06
21.03 1.41154e-06
21.04 1.42307e-05
21.05 2.48329e-05
21.06 2.76947e-05
21.07 2.12374e-05
21.08 8.64738e-06
21.09 -3.19119e-06
21.1 -7.97751e-06
21.11 -3.37654e-06
21.12 8.48321e-06
21.13 2.12243e-05
21.14 2.70109e-05
21.15 2.16214e-05
21.16 7.20363e-06
21.17 -8.75741e-06
21.18 -1.79629e-05
21.19 -1.62398e-05
21.2 -5.22303e-06
21.21 8.82118e-06
21.22 1.83953e-05
21.23 1.9074e-05
21.24 1.12807e-05
21.25 -6.61809e-07
21.26 -1.02035e-05
21.27 -1.16991e-05
21.28 -3.5405e-06
21.29 1.06703e-05
21.3 2.35591e-05
21.31 2.82156e-05
21.32 2.23051e-05
21.33 9.35028e-06
21.34 -3.5272e-06
21.35 -9.80722e-06
21.36 -7.08657e-06
21.37 1.77994e-06
21.38 1.06349e-05
21.39 1.40863e-05
21.4 1.03187e-05
21.41 2.05777e-06
21.42 -4.60243e-06
21.43 -4.57973e-06
21.44 2.31508e-06
21.45 1.18164e-05
21.46 1.85219e-05
21.47 1.90236e-05
21.48 1.3817e-05
21.49 6.27665e-06
21.5 5.06855e-07
21.51 -4.72062e-07
21.52 3.64387e-06
21.53 1.05053e-05
21.54 1.56283e-05
21.55 1.46716e-05
21.56 7.31458e-06
21.57 -2.08573e-06
21.58 -7.92782e-06
21.59 -7.01824e-06
21.6 -1.76826e-07
21.61 8.20261e-06
21.62 1.28676e-05
21.63 1.05596e-05
21.64 1.90273e-06
21.65 -8.08668e-06
21.66 -1.22323e-05
21.67 -5.76168e-06
21.68 9.46895e-06
21.69 2.53079e-05
21.7 3.26136e-05
21.71 2.73624e-05
21.72 1.30197e-05
21.73 -1.64438e-06
21.74 -7.64342e-06
21.75 -9.8563e-07
21.76 1.51227e-05
21.77 3.17815e-05
21.78 3.94368e-05
21.79 3.36447e-05
21.8 1.74517e-05
21.81 -2.21327e-07
21.82 -9.41571e-06
21.83 -5.02693e-06
21.84 1.00126e-05
21.85 2.64671e-05
21.86 3.46844e-05
21.87 2.99426e-05
21.88 1.45321e-05
21.89 -3.11003e-06
21.9 -1.27415e-05
21.91 -8.34495e-06
21.92 8.54901e-06
21.93 2.91036e-05
21.94 4.05788e-05
21.95 3.39697e-05
21.96 1.16637e-05
21.97 -1.34465e-05
21.98 -2.69954e-05
21.99 -2.20077e-05
22 -2.33555e-06
22.01 2.06815e-05
22.02 3.46204e-05
22.03 3.24098e-05
22.04 1.56326e-05
22.05 -6.6767e-06
22.06 -2.17209e-05
22.07 -1.95541e-05
22.08 8.49888e-08
22.09 2.57326e-05
22.1 4.09631e-05
22.11 3.66617e-05
22.12 1.64564e-05
22.13 -7.64484e-06
22.14 -2.22241e-05
22.15 -1.92028e-05
22.16 -5.1663e-07
22.17 2.25644e-05
22.18 3.61142e-05
22.19 3.16376e-05
22.2 1.07691e-05
22.21 -1.51284e-05
22.22 -3.1578e-05
22.23 -3.02157e-05
22.24 -1.35976e-05
22.25 7.62896e-06
22.26 2.15518e-05
22.27 2.10191e-05
22.28 7.53485e-06
22.29 -9.92991e-06
22.3 -2.0833e-05
22.31 -1.88542e-05
22.32 -5.35314e-06
22.33 1.18473e-05
22.34 2.2846e-05
22.35 2.06278e-05
22.36 5.62789e-06
22.37 -1.36538e-05
22.38 -2.5679e-05
22.39 -2.29276e-05
22.4 -6.49103e-06
22.41 1.46096e-05
22.42 2.87285e-05
22.43 2.82877e-05
22.44 1.41177e-05
22.45 -5.23332e-06
22.46 -1.83999e-05
22.47 -1.80726e-05
22.48 -5.33956e-06
22.49 1.17385e-05
22.5 2.32203e-05
22.51 2.3372e-05
22.52 1.30162e-05
22.53 -1.8509e-06
22.54 -1.22927e-05
22.55 -1.1888e-05
22.56 -6.58503e-07
22.57 1.57375e-05
22.58 2.8792e-05
22.59 3.15828e-05
22.6 2.28044e-05
22.61 7.40615e-06
22.62 -6.48159e-06
22.63 -1.18348e-05
22.64 -6.1654e-06
22.65 6.75544e-06
22.66 1.86671e-05
22.67 2.20755e-05
22.68 1.52626e-05
22.69 3.27072e-06
22.7 -5.3722e-06
22.71 -4.10841e-06
22.72 7.02569e-06
22.73 2.12644e-05
22.74 2.94158e-05
22.75 2.57775e-05
22.76 1.20642e-05
22.77 -4.58072e-06
22.78 -1.59227e-05
22.79 -1.56259e-05
22.8 -2.46603e-06
22.81 1.759e-05
22.82 3.3534e-05
22.83 3.64067e-05
22.84 2.53832e-05
22.85 7.4526e-06
22.86 -7.14295e-06
22.87 -1.0288e-05
22.88 -6.99991e-08
22.89 1.7563e-05
22.9 3.20402e-05
22.91 3.50959e-05
22.92 2.55121e-05
22.93 9.44612e-06
22.94 -3.57016e-06
22.95 -6.40708e-06
22.96 1.68533e-06
22.97 1.47591e-05
22.98 2.43032e-05
22.99 2.45267e-05
23 1.50467e-05
23.01 1.30565e-06
23.02 -8.55581e-06
23.03 -9.30156e-06
23.04 -1.46718e-06
23.05 9.7659e-06
23.06 1.76559e-05
23.07 1.75025e-05
23.08 9.35162e-06
23.09 -2.31312e-06
23.1 -1.13007e-05
23.11 -1.26269e-05
23.12 -4.99271e-06
23.13 7.64632e-06
23.14 1.80293e-05
23.15 2.01775e-05
23.16 1.29037e-05
23.17 8.60539e-07
23.18 -8.04902e-06
23.19 -7.96115e-06
23.2 6.8894e-07
23.21 1.20479e-05
23.22 1.88765e-05
23.23 1.62972e-05
23.24 4.7047e-06
23.25 -9.80867e-06
23.26 -1.80799e-05
23.27 -1.35059e-05
23.28 3.10621e-06
23.29 2.35679e-05
23.3 3.6889e-05
23.31 3.59518e-05
23.32 2.16824e-05
23.33 2.38164e-06
23.34 -1.10891e-05
23.35 -1.14504e-05
23.36 7.87642e-07
23.37 1.79081e-05
23.38 3.02901e-05
23.39 3.17803e-05
23.4 2.26035e-05
23.41 8.64098e-06
23.42 -2.53393e-06
23.43 -5.62812e-06
23.44 3.54812e-07
23.45 1.16962e-05
23.46 2.12498e-05
23.47 2.24615e-05
23.48 1.43554e-05
23.49 2.38842e-06
23.5 -6.04081e-06
23.51 -5.81279e-06
23.52 3.41121e-06
23.53 1.66425e-05
23.54 2.66582e-05
23.55 2.82451e-05
23.56 2.10072e-05
23.57 9.41255e-06
23.58 3.03009e-07
23.59 -1.33845e-06
23.6 4.82269e-06
23.61 1.47072e-05
23.62 2.28593e-05
23.63 2.54696e-05
23.64 2.12266e-05
23.65 1.23935e-05
23.66 4.08159e-06
23.67 5.95757e-07
23.68 2.70486e-06
23.69 8.43146e-06
23.7 1.44651e-05
23.71 1.71648e-05
23.72 1.47075e-05
23.73 8.36476e-06
23.74 1.64699e-06
23.75 -1.27805e-06
23.76 2.44663e-06
23.77 1.16081e-05
23.78 2.04908e-05
23.79 2.30317e-05
23.8 1.76307e-05
23.81 7.52301e-06
23.82 -1.61305e-06
23.83 -4.7863e-06
23.84 -9.33182e-07
23.85 7.23475e-06
23.86 1.48944e-05
23.87 1.70101e-05
23.88 1.13966e-05
23.89 4.74523e-07
23.9 -9.65225e-06
23.91 -1.29289e-05
23.92 -7.03553e-06
23.93 5.33749e-06
23.94 1.7612e-05
23.95 2.31582e-05
23.96 1.95232e-05
23.97 9.6432e-06
23.98 -1.60105e-07
23.99 -4.26782e-06
24 -1.20929e-06
24.01 6.36872e-06
24.02 1.39992e-05
24.03 1.77455e-05
24.04 1.53954e-05
24.05 7.79716e-06
24.06 -6.21552e-07
24.07 -4.88832e-06
24.08 -2.99619e-06
24.09 3.42563e-06
24.1 1.04009e-05
24.11 1.41547e-05
24.12 1.28861e-05
24.13 7.41765e-06
24.14 1.38669e-06
24.15 -6.80119e-07
24.16 3.76132e-06
24.17 1.29542e-05
24.18 2.17248e-05
24.19 2.57025e-05
24.2 2.35674e-05
24.21 1.60409e-05
24.22 5.81983e-06
24.23 -2.06129e-06
24.24 -3.18094e-06
24.25 2.54209e-06
24.26 1.11161e-05
24.27 1.72905e-05
24.28 1.6887e-05
24.29 9.28993e-06
24.3 -1.58005e-06
24.31 -9.68133e-06
24.32 -1.10449e-05
24.33 -5.73077e-06
24.34 3.47721e-06
24.35 1.24744e-05
24.36 1.70154e-05
24.37 1.5037e-05
24.38 8.40903e-06
24.39 1.82947e-06
24.4 -6.72542e-07
24.41 1.73809e-06
24.42 7.36609e-06
24.43 1.38388e-05
24.44 1.88222e-05
24.45 2.00613e-05
24.46 1.62475e-05
24.47 7.7005e-06
24.48 -3.15356e-06
24.49 -1.23992e-05
24.5 -1.75682e-05
24.51 -1.8677e-05
24.52 -1.64333e-05
24.53 -9.75434e-06
24.54 4.60925e-06
24.55 2.74272e-05
24.56 5.23699e-05
24.57 6.82497e-05
24.58 6.6819e-05
24.59 4.73659e-05
24.6 1.56201e-05
24.61 -1.81865e-05
24.62 -4.16369e-05
24.63 -4.49506e-05
24.64 -2.68716e-05
24.65 3.978e-06
24.66 3.32888e-05
24.67 4.67997e-05
24.68 3.66107e-05
24.69 7.44312e-06
24.7 -2.37156e-05
24.71 -3.78869e-05
24.72 -2.67353e-05
24.73 2.28915e-06
24.74 3.06827e-05
24.75 4.06848e-05
24.76 2.81155e-05
24.77 4.38304e-06
24.78 -1.34692e-05
24.79 -1.39003e-05
24.8 3.61788e-06
24.81 2.98882e-05
24.82 5.09719e-05
24.83 5.42991e-05
24.84 3.5638e-05
24.85 2.96267e-06
24.86 -2.73089e-05
24.87 -3.94665e-05
24.88 -2.70032e-05
24.89 3.42272e-06
24.9 3.47661e-05
24.91 4.93895e-05
24.92 3.9532e-05
24.93 1.12582e-05
24.94 -1.91514e-05
24.95 -3.44748e-05
24.96 -2.67125e-05
24.97 -1.59631e-06
24.98 2.52023e-05
24.99 3.72737e-05
25 2.73569e-05
25.01 2.62275e-06
25.02 -1.94949e-05
25.03 -2.34353e-05
25.04 -6.82821e-06
25.05 1.86092e-05
25.06 3.60805e-05
25.07 3.47038e-05
25.08 1.59477e-05
25.09 -8.95471e-06
25.1 -2.73486e-05
25.11 -3.11795e-05
25.12 -1.9436e-05
25.13 1.35523e-06
25.14 1.98131e-05
25.15 2.57229e-05
25.16 1.62855e-05
25.17 -2.27781e-06
25.18 -1.90922e-05
25.19 -2.45576e-05
25.2 -1.47509e-05
25.21 5.38484e-06
25.22 2.36238e-05
25.23 2.81742e-05
25.24 1.58303e-05
25.25 -5.60396e-06
25.26 -2.21069e-05
25.27 -2.23191e-05
25.28 -4.83126e-06
25.29 2.14394e-05
25.3 4.31357e-05
25.31 4.95301e-05
25.32 3.71197e-05
25.33 1.17039e-05
25.34 -1.35725e-05
25.35 -2.48851e-05
25.36 -1.57116e-05
25.37 8.85905e-06
25.38 3.4913e-05
25.39 4.76478e-05
25.4 4.00294e-05
25.41 1.64028e-05
25.42 -1.03161e-05
25.43 -2.49174e-05
25.44 -1.84831e-05
25.45 5.58316e-06
25.46 3.29476e-05
25.47 4.67309e-05
25.48 3.88304e-05
25.49 1.49214e-05
25.5 -1.05222e-05
25.51 -2.26921e-05
25.52 -1.48096e-05
25.53 7.6427e-06
25.54 3.11176e-05
25.55 4.2491e-05
25.56 3.59214e-05
25.57 1.59305e-05
25.58 -5.44706e-06
25.59 -1.58912e-05
25.6 -9.6746e-06
25.61 9.05681e-06
25.62 2.87076e-05
25.63 3.73285e-05
25.64 2.9745e-05
25.65 1.01167e-05
25.66 -1.08625e-05
25.67 -2.2101e-05
25.68 -1.83447e-05
25.69 -2.73153e-06
25.7 1.57776e-05
25.71 2.78491e-05
25.72 2.79286e-05
25.73 1.6038e-05
25.74 -1.68657e-06
25.75 -1.58291e-05
25.76 -1.8401e-05
25.77 -7.26513e-06
25.78 1.15396e-05
25.79 2.65852e-05
25.8 2.78794e-05
25.81 1.37039e-05
25.82 -7.83633e-06
25.83 -2.37521e-05
25.84 -2.40241e-05
25.85 -7.79598e-06
25.86 1.54731e-05
25.87 3.14208e-05
25.88 3.0124e-05
25.89 1.22704e-05
25.9 -1.20336e-05
25.91 -2.88917e-05
25.92 -2.82944e-05
25.93 -1.06075e-05
25.94 1.37148e-05
25.95 3.07561e-05
25.96 3.11867e-05
25.97 1.52923e-05
25.98 -7.18894e-06
25.99 -2.29798e-05
26 -2.35131e-05
26.01 -9.22499e-06
26.02 1.15189e-05
26.03 2.7129e-05
26.04 2.9347e-05
26.05 1.78103e-05
26.06 2.71866e-07
26.07 -1.24072e-05
26.08 -1.31129e-05
26.09 -2.16061e-06
26.1 1.34532e-05
26.11 2.44362e-05
26.12 2.45473e-05
26.13 1.4529e-05
26.14 2.0132e-06
26.15 -3.83577e-06
26.16 1.26134e-06
26.17 1.43789e-05
26.18 2.78672e-05
26.19 3.40421e-05
26.2 2.91158e-05
26.21 1.53645e-05
26.22 5.23863e-07
26.23 -6.72986e-06
26.24 -2.48818e-06
26.25 1.0169e-05
26.26 2.37582e-05
26.27 3.0695e-05
26.28 2.75649e-05
26.29 1.68257e-05
26.3 5.02651e-06
26.31 -7.9101e-07
26.32 2.54906e-06
26.33 1.25114e-05
26.34 2.23018e-05
26.35 2.50929e-05
26.36 1.8584e-05
26.37 5.80398e-06
26.38 -6.88982e-06
26.39 -1.2923e-05
26.4 -9.04607e-06
26.41 2.53937e-06
26.42 1.49365e-05
26.43 2.00036e-05
26.44 1.34194e-05
26.45 -1.37626e-06
26.46 -1.46341e-05
26.47 -1.67183e-05
26.48 -4.94125e-06
26.49 1.43805e-05
26.5 3.06004e-05
26.51 3.56991e-05
26.52 2.81264e-05
26.53 1.22488e-05
26.54 -4.13936e-06
26.55 -1.26376e-05
26.56 -7.82426e-06
26.57 8.73052e-06
26.58 2.76269e-05
26.59 3.67367e-05
26.6 2.93902e-05
26.61 9.17468e-06
26.62 -1.22781e-05
26.63 -2.24526e-05
26.64 -1.55298e-05
26.65 4.73544e-06
26.66 2.76706e-05
26.67 4.0945e-05
26.68 3.65417e-05
26.69 1.59174e-05
26.7 -9.68251e-06
26.71 -2.55949e-05
26.72 -2.27866e-05
26.73 -3.09186e-06
26.74 2.22843e-05
26.75 3.90471e-05
26.76 3.78913e-05
26.77 2.00284e-05
26.78 -3.70875e-06
26.79 -1.98735e-05
26.8 -2.01015e-05
26.81 -5.2274e-06
26.82 1.50702e-05
26.83 2.87216e-05
26.84 2.88405e-05
26.85 1.62123e-05
26.86 -1.76034e-06
26.87 -1.44706e-05
26.88 -1.44255e-05
26.89 -2.35432e-06
26.9 1.37638e-05
26.91 2.4152e-05
26.92 2.28241e-05
26.93 1.11061e-05
26.94 -2.83148e-06
26.95 -9.59365e-06
26.96 -5.02569e-06
26.97 7.65667e-06
26.98 2.03633e-05
26.99 2.54291e-05
27 2.01604e-05
27.01 8.21577e-06
27.02 -2.35955e-06
27.03 -4.54062e-06
27.04 2.86328e-06
27.05 1.49165e-05
27.06 2.44113e-05
27.07 2.60856e-05
27.08 1.89034e-05
27.09 6.43445e-06
27.1 -5.12034e-06
27.11 -1.05658e-05
27.12 -8.24339e-06
27.13 -2.37712e-08
27.14 9.32615e-06
27.15 1.4337e-05
27.16 1.21708e-05
27.17 4.16312e-06
27.18 -4.66708e-06
27.19 -8.43603e-06
27.2 -4.65248e-06
27.21 4.02446e-06
27.22 1.20933e-05
27.23 1.51145e-05
27.24 1.22341e-05
27.25 5.88492e-06
27.26 2.84629e-07
27.27 -6.9886e-07
27.28 3.65482e-06
27.29 1.04233e-05
27.3 1.53429e-05
27.31 1.55843e-05
27.32 1.12558e-05
27.33 5.12898e-06
27.34 5.31666e-07
27.35 -3.58066e-07
27.36 2.47292e-06
27.37 6.78668e-06
27.38 9.90998e-06
27.39 1.01229e-05
27.4 7.15071e-06
27.41 2.92226e-06
27.42 9.04118e-07
27.43 3.02385e-06
27.44 8.12387e-06
27.45 1.35895e-05
27.46 1.7452e-05
27.47 1.8366e-05
27.48 1.56606e-05
27.49 1.01778e-05
27.5 3.90415e-06
27.51 -4.8193e-07
27.52 -2.50544e-07
27.53 5.54973e-06
27.54 1.42128e-05
27.55 2.04674e-05
27.56 2.02768e-05
27.57 1.37334e-05
27.58 5.09216e-06
27.59 -2.3768e-07
27.6 5.97426e-07
27.61 6.54566e-06
27.62 1.3703e-05
27.63 1.74112e-05
27.64 1.48881e-05
27.65 6.79475e-06
27.66 -2.8791e-06
27.67 -8.77763e-06
27.68 -7.66263e-06
27.69 -1.40995e-08
27.7 1.04088e-05
27.71 1.81641e-05
27.72 1.91871e-05
27.73 1.29572e-05
27.74 2.83822e-06
27.75 -5.49006e-06
27.76 -7.29652e-06
27.77 -1.55846e-06
27.78 8.78767e-06
27.79 1.82477e-05
27.8 2.12946e-05
27.81 1.60861e-05
27.82 5.41077e-06
27.83 -5.48395e-06
27.84 -1.03457e-05
27.85 -5.26988e-06
27.86 7.13866e-06
27.87 1.94618e-05
27.88 2.44959e-05
27.89 1.86188e-05
27.9 4.35034e-06
27.91 -9.86463e-06
27.92 -1.50835e-05
27.93 -8.02604e-06
27.94 7.14331e-06
27.95 2.15487e-05
27.96 2.70073e-05
27.97 2.10565e-05
27.98 8.0127e-06
27.99 -4.06607e-06
28 -8.49067e-06
28.01 -3.20394e-06
28.02 8.66402e-06
28.03 2.0064e-05
28.04 2.41668e-05
28.05 1.87057e-05
28.06 7.25007e-06
28.07 -3.18272e-06
28.08 -6.95234e-06
28.09 -2.49189e-06
28.1 7.81873e-06
28.11 1.85992e-05
28.12 2.40011e-05
28.13 2.11018e-05
28.14 1.14117e-05
28.15 -3.41037e-07
28.16 -8.5356e-06
28.17 -9.29545e-06
28.18 -2.30553e-06
28.19 8.69743e-06
28.2 1.77467e-05
28.21 2.04887e-05
28.22 1.62001e-05
28.23 7.70641e-06
28.24 7.06843e-08
28.25 -2.36171e-06
28.26 1.92717e-06
28.27 1.1229e-05
28.28 2.09795e-05
28.29 2.563e-05
28.3 2.17222e-05
28.31 1.08318e-05
28.32 -7.2091e-07
28.33 -6.72156e-06
28.34 -5.14401e-06
28.35 2.00666e-06
28.36 1.04689e-05
28.37 1.52874e-05
28.38 1.36462e-05
28.39 6.89839e-06
28.4 -1.07858e-06
28.41 -6.37953e-06
28.42 -6.89794e-06
28.43 -3.10796e-06
28.44 3.18916e-06
28.45 1.03439e-05
28.46 1.76945e-05
28.47 2.43943e-05
28.48 2.75863e-05
28.49 2.41084e-05
28.5 1.43067e-05
28.51 3.45905e-06
28.52 -1.89071e-06
28.53 7.48474e-07
28.54 8.2986e-06
28.55 1.50994e-05
28.56 1.72391e-05
28.57 1.46721e-05
28.58 9.87726e-06
28.59 5.61e-06
28.6 3.64306e-06
28.61 4.60043e-06
28.62 7.82403e-06
28.63 1.08452e-05
28.64 1.06441e-05
28.65 5.9819e-06
28.66 -1.64207e-06
28.67 -7.67559e-06
28.68 -6.21884e-06
28.69 4.87261e-06
28.7 2.05809e-05
28.71 3.14041e-05
28.72 3.00498e-05
28.73 1.69397e-05
28.74 -4.71765e-07
28.75 -1.3011e-05
28.76 -1.40216e-05
28.77 -2.39273e-06
28.78 1.57694e-05
28.79 2.98913e-05
28.8 3.14301e-05
28.81 1.94042e-05
28.82 1.02458e-06
28.83 -1.27186e-05
28.84 -1.41874e-05
28.85 -4.17767e-06
28.86 9.98856e-06
28.87 1.99009e-05
28.88 2.05081e-05
28.89 1.22136e-05
28.9 1.13556e-07
28.91 -8.72225e-06
28.92 -8.88916e-06
28.93 1.54816e-07
28.94 1.33623e-05
28.95 2.2911e-05
28.96 2.28095e-05
28.97 1.2887e-05
28.98 -7.95168e-07
28.99 -1.02154e-05
29 -1.08976e-05
29.01 -3.71867e-06
29.02 6.85297e-06
29.03 1.53275e-05
29.04 1.72306e-05
29.05 1.07064e-05
29.06 -1.52728e-06
29.07 -1.25195e-05
29.08 -1.49792e-05
29.09 -6.03307e-06
29.1 1.05869e-05
29.11 2.65283e-05
29.12 3.28549e-05
29.13 2.48049e-05
29.14 5.65384e-06
29.15 -1.38355e-05
29.16 -2.15188e-05
29.17 -1.20176e-05
29.18 9.2032e-06
29.19 2.95434e-05
29.2 3.72595e-05
29.21 2.81457e-05
29.22 7.629e-06
29.23 -1.22256e-05
29.24 -1.96609e-05
29.25 -1.04267e-05
29.26 9.85133e-06
29.27 2.90364e-05
29.28 3.56815e-05
29.29 2.59295e-05
29.3 5.79775e-06
29.31 -1.27849e-05
29.32 -1.91084e-05
29.33 -9.6486e-06
29.34 9.98144e-06
29.35 2.84254e-05
29.36 3.52082e-05
29.37 2.61535e-05
29.38 5.92471e-06
29.39 -1.35096e-05
29.4 -1.9906e-05
29.41 -8.91937e-06
29.42 1.2741e-05
29.43 3.16654e-05
29.44 3.61859e-05
29.45 2.32827e-05
29.46 6.9098e-07
29.47 -1.76416e-05
29.48 -2.04177e-05
29.49 -5.79015e-06
29.5 1.72065e-05
29.51 3.4371e-05
29.52 3.55826e-05
29.53 2.06923e-05
29.54 -6.10184e-07
29.55 -1.5271e-05
29.56 -1.49011e-05
29.57 -2.85817e-07
29.58 1.92682e-05
29.59 3.18119e-05
29.6 2.99934e-05
29.61 1.53408e-05
29.62 -2.68828e-06
29.63 -1.29119e-05
29.64 -9.32763e-06
29.65 5.43017e-06
29.66 2.19322e-05
29.67 3.011e-05
29.68 2.53872e-05
29.69 1.06424e-05
29.7 -6.15706e-06
29.71 -1.6363e-05
29.72 -1.4775e-05
29.73 -2.28047e-06
29.74 1.37959e-05
29.75 2.38064e-05
29.76 2.19097e-05
29.77 9.473e-06
29.78 -5.96101e-06
29.79 -1.51372e-05
29.8 -1.25508e-05
29.81 3.94516e-07
29.82 1.6411e-05
29.83 2.65872e-05
29.84 2.56534e-05
29.85 1.4789e-05
29.86 4.01534e-07
29.87 -9.68535e-06
29.88 -1.02482e-05
29.89 -8.84639e-07
29.9 1.36633e-05
29.91 2.52317e-05
29.92 2.66494e-05
29.93 1.66285e-05
29.94 7.76425e-07
29.95 -1.20514e-05
29.96 -1.46869e-05
29.97 -5.48569e-06
29.98 1.04781e-05
29.99 2.42054e-05
