0.02 2.59539e-08
0.04 7.35219e-08
0.06 8.04694e-08
0.08 3.68052e-08
0.1 1.05351e-08
0.12 3.93909e-08
0.14 7.61339e-08
0.16 6.58244e-08
0.18 2.96545e-08
0.2 2.78725e-08
0.22 6.54477e-08
0.24 8.83144e-08
0.26 7.0044e-08
0.28 5.0657e-08
0.3 7.02245e-08
0.32 1.02363e-07
0.34 1.06449e-07
0.36 9.78397e-08
0.38 9.44039e-08
0.4 4.9554e-08
0.42 -6.26964e-08
0.44 -5.7262e-08
0.46 1.74007e-07
0.48 2.74791e-07
0.5 9.9594e-09
0.52 -2.60138e-07
0.54 -1.89446e-07
0.56 -5.58514e-08
0.58 -2.74287e-07
0.6 -5.04479e-07
0.62 -2.29752e-07
0.64 9.08614e-08
0.66 -1.11599e-07
0.68 -6.92449e-07
0.7 -1.01339e-06
0.72 -2.32984e-07
0.74 8.8284e-07
0.76 6.28973e-07
0.78 -3.37774e-07
0.8 9.21104e-08
0.82 1.85198e-06
0.84 2.60776e-06
0.86 1.26315e-06
0.88 -3.4273e-07
0.9 -2.17655e-07
0.92 1.02003e-06
0.94 1.14591e-06
0.96 -6.20918e-07
0.98 -2.22863e-06
1 -1.53348e-06
1.02 5.33813e-07
1.04 1.08002e-06
1.06 -8.09401e-07
1.08 -2.71207e-06
1.1 -2.20857e-06
1.12 -9.15855e-08
1.14 1.10168e-06
1.16 8.862e-08
1.18 -2.07213e-06
1.2 -2.25098e-06
1.22 4.91828e-07
1.24 2.05803e-06
1.26 -2.80135e-07
1.28 -3.22076e-06
1.3 -2.84435e-06
1.32 3.28055e-07
1.34 2.83062e-06
1.36 2.03511e-06
1.38 -8.55254e-07
1.4 -1.93309e-06
1.42 7.56852e-08
1.44 1.67347e-06
1.46 -6.74435e-07
1.48 -5.02196e-06
1.5 -6.02363e-06
1.52 -2.63228e-06
1.54 1.44548e-07
1.56 -1.50344e-06
1.58 -4.63266e-06
1.6 -3.84016e-06
1.62 4.15028e-07
1.64 2.30411e-06
1.66 -3.95749e-07
1.68 -3.23469e-06
1.7 -2.07012e-06
1.72 8.66043e-07
1.74 5.83936e-07
1.76 -2.42448e-06
1.78 -2.98781e-06
1.8 -4.73114e-07
1.82 3.27572e-07
1.84 -2.4263e-06
1.86 -4.4889e-06
1.88 -1.60637e-06
1.9 2.93692e-06
1.92 1.67312e-06
1.94 -4.6623e-06
1.96 -6.67226e-06
1.98 -1.26368e-06
2 2.45948e-06
2.02 -2.37698e-06
2.04 -8.98365e-06
2.06 -7.52664e-06
2.08 -7.45761e-07
2.1 4.88248e-07
2.12 -5.25118e-06
2.14 -7.94288e-06
2.16 -2.77715e-06
2.18 2.78919e-06
2.2 1.41179e-06
2.22 -4.01902e-06
2.24 -5.40279e-06
2.26 -1.014e-06
2.28 1.42044e-06
2.3 -3.06835e-06
2.32 -7.96003e-06
2.34 -5.9595e-06
2.36 -5.42856e-08
2.38 1.32782e-06
2.4 -4.23896e-06
2.42 -8.99424e-06
2.44 -5.60814e-06
2.46 1.06869e-06
2.48 1.482e-06
2.5 -3.35419e-06
2.52 -4.35748e-06
2.54 3.40331e-07
2.56 3.6076e-06
2.58 2.32475e-06
2.6 1.87465e-06
2.62 5.93317e-06
2.64 1.00724e-05
2.66 9.45194e-06
2.68 7.13369e-06
2.7 9.14503e-06
2.72 1.46058e-05
2.74 1.75498e-05
2.76 1.63128e-05
2.78 1.47088e-05
2.8 1.59244e-05
2.82 1.90021e-05
2.84 2.04081e-05
2.86 1.90053e-05
2.88 1.68682e-05
2.9 1.57108e-05
2.92 1.62975e-05
2.94 1.74371e-05
2.96 1.64409e-05
2.98 1.4143e-05
3 1.42565e-05
3.02 1.41599e-05
3.04 8.53634e-06
3.06 2.39938e-06
3.08 2.35034e-06
3.1 3.80829e-06
3.12 1.6263e-08
3.14 -7.10314e-06
3.16 -1.1292e-05
3.18 -1.13933e-05
3.2 -1.19377e-05
3.22 -1.57625e-05
3.24 -2.00398e-05
3.26 -2.06478e-05
3.28 -1.852e-05
3.3 -1.71993e-05
3.32 -1.75509e-05
3.34 -1.74169e-05
3.36 -1.31899e-05
3.38 -6.0765e-06
3.4 -2.7037e-06
3.42 -4.38175e-06
3.44 -2.90093e-06
3.46 7.42421e-06
3.48 1.77113e-05
3.5 1.61811e-05
3.52 8.08468e-06
3.54 8.09993e-06
3.56 1.69086e-05
3.58 2.15289e-05
3.6 1.68472e-05
3.62 1.2881e-05
3.64 1.51564e-05
3.66 1.21459e-05
3.68 3.2927e-07
3.7 -4.5532e-06
3.72 1.09068e-06
3.74 1.44593e-06
3.76 -8.92649e-06
3.78 -1.61573e-05
3.8 -1.09752e-05
3.82 -4.07561e-06
3.84 -7.66676e-06
3.86 -1.64342e-05
3.88 -1.85122e-05
3.9 -1.30964e-05
3.92 -1.01958e-05
3.94 -1.53756e-05
3.96 -2.16637e-05
3.98 -1.87408e-05
4 -6.58388e-06
4.02 4.9952e-07
4.04 -6.5689e-06
4.06 -1.40042e-05
4.08 -6.21501e-06
4.1 7.8784e-06
4.12 9.7721e-06
4.14 1.16801e-06
4.16 -7.80989e-07
4.18 6.60192e-06
4.2 6.72038e-06
4.22 -5.63177e-06
4.24 -1.34441e-05
4.26 -7.1404e-06
4.28 5.56943e-07
4.3 -2.96184e-06
4.32 -8.23627e-06
4.34 1.41344e-07
4.36 1.23043e-05
4.38 8.35199e-06
4.4 -6.20058e-06
4.42 -1.02645e-05
4.44 -4.34276e-07
4.46 7.60427e-06
4.48 5.51232e-06
4.5 -1.87981e-06
4.52 -7.83015e-06
4.54 -6.58806e-06
4.56 -3.54316e-08
4.58 2.52611e-06
4.6 -2.16401e-06
4.62 -6.65742e-06
4.64 -2.03721e-06
4.66 7.99448e-06
4.68 9.86838e-06
4.7 2.47961e-06
4.72 -3.12053e-08
4.74 8.04787e-06
4.76 1.53062e-05
4.78 9.84959e-06
4.8 -3.48932e-06
4.82 -6.65078e-06
4.84 5.13742e-06
4.86 1.33882e-05
4.88 5.06688e-06
4.9 -6.82693e-06
4.92 -5.27623e-06
4.94 3.92172e-06
4.96 4.21307e-06
4.98 -5.39863e-06
5 -1.23334e-05
5.02 -1.04176e-05
5.04 -7.05845e-06
5.06 -8.30327e-06
5.08 -6.07956e-06
5.1 3.61704e-06
5.12 7.76758e-06
5.14 3.15196e-07
5.16 -5.70906e-06
5.18 6.82554e-08
5.2 9.77504e-06
5.22 1.06227e-05
5.24 1.77734e-06
5.26 -8.23634e-06
5.28 -9.27352e-06
5.3 3.7724e-07
5.32 9.15001e-06
5.34 7.5533e-06
5.36 4.69943e-07
5.38 -1.56745e-06
5.4 2.82655e-06
5.42 5.64204e-06
5.44 3.76829e-06
5.46 2.78873e-06
5.48 5.29515e-06
5.5 7.08365e-06
5.52 5.2918e-06
5.54 2.36844e-06
5.56 1.26068e-06
5.58 1.6197e-06
5.6 1.59487e-06
5.62 4.44312e-07
5.64 8.04209e-08
5.66 1.98579e-06
5.68 2.72464e-06
5.7 -2.9399e-08
5.72 -2.20497e-06
5.74 -7.48644e-07
5.76 1.26474e-06
5.78 -2.02739e-07
5.8 -3.65926e-06
5.82 -3.53746e-06
5.84 2.95587e-07
5.86 1.04772e-06
5.88 -3.47182e-06
5.9 -7.24028e-06
5.92 -4.77658e-06
5.94 2.35186e-06
5.96 6.37616e-06
5.98 3.74976e-06
6 1.34769e-06
6.02 4.22612e-06
6.04 7.7423e-06
6.06 7.56376e-06
6.08 4.78169e-06
6.1 2.16149e-06
6.12 3.0406e-06
6.14 7.0903e-06
6.16 8.63897e-06
6.18 2.9619e-06
6.2 -6.53941e-06
6.22 -9.41584e-06
6.24 -4.14915e-06
6.26 -2.43568e-06
6.28 -9.32551e-06
6.3 -1.38657e-05
6.32 -6.77e-06
6.34 2.81722e-06
6.36 1.19535e-06
6.38 -7.31848e-06
6.4 -8.30003e-06
6.42 -1.49289e-07
6.44 5.07192e-06
6.46 3.28337e-07
6.48 -7.63958e-06
6.5 -9.72576e-06
6.52 -6.28245e-06
6.54 -5.17901e-06
6.56 -8.75975e-06
6.58 -8.74624e-06
6.6 -2.84096e-06
6.62 -5.25528e-07
6.64 -3.85528e-06
6.66 -3.04751e-06
6.68 4.37629e-06
6.7 7.9472e-06
6.72 6.2422e-07
6.74 -9.93984e-06
6.76 -1.04777e-05
6.78 -5.84394e-07
6.8 5.82694e-06
6.82 3.50501e-07
6.84 -7.45359e-06
6.86 -4.59767e-06
6.88 4.55068e-06
6.9 5.09732e-06
6.92 -4.83751e-06
6.94 -1.11784e-05
6.96 -4.6689e-06
6.98 5.79854e-06
7 6.33888e-06
7.02 -2.3438e-06
7.04 -6.73441e-06
7.06 -3.47469e-07
7.08 7.00532e-06
7.1 5.17113e-06
7.12 -1.03705e-06
7.14 -1.2376e-06
7.16 4.65222e-06
7.18 7.87085e-06
7.2 4.51779e-06
7.22 7.71317e-07
7.24 2.79232e-06
7.26 6.61304e-06
7.28 3.85089e-06
7.3 -3.30811e-06
7.32 -3.68484e-06
7.34 4.18585e-06
7.36 8.53417e-06
7.38 2.96638e-06
7.4 -3.56786e-06
7.42 -1.601e-06
7.44 4.46642e-06
7.46 4.41255e-06
7.48 -2.39094e-06
7.5 -6.15737e-06
7.52 -1.52338e-06
7.54 3.43912e-06
7.56 2.80647e-07
7.58 -5.45379e-06
7.6 -3.14094e-06
7.62 5.39205e-06
7.64 8.49429e-06
7.66 3.6023e-06
7.68 2.96145e-08
7.7 2.59442e-06
7.72 5.27936e-06
7.74 2.66532e-06
7.76 -4.42763e-07
7.78 2.41449e-06
7.8 7.22093e-06
7.82 6.26224e-06
7.84 2.26888e-07
7.86 -4.02233e-06
7.88 -2.46214e-06
7.9 1.55997e-06
7.92 1.62283e-06
7.94 -2.28796e-06
7.96 -3.78617e-06
7.98 -7.27931e-07
8 1.84185e-06
8.02 6.87948e-07
8.04 -9.74359e-07
8.06 9.63326e-08
8.08 2.08663e-06
8.1 2.00212e-06
8.12 3.88566e-07
8.14 -1.89676e-07
8.16 9.33884e-07
8.18 2.35956e-06
8.2 3.15368e-06
8.22 2.97531e-06
8.24 1.85295e-07
8.26 -4.24042e-06
8.28 -4.45634e-06
8.3 7.00022e-07
8.32 4.49116e-06
8.34 2.62808e-06
8.36 -1.47484e-06
8.38 -2.10745e-06
8.4 1.47145e-06
8.42 4.27294e-06
8.44 2.06503e-06
8.46 -3.53437e-06
8.48 -5.85411e-06
8.5 -1.14548e-06
8.52 4.42618e-06
8.54 3.21458e-06
8.56 -1.64171e-06
8.58 -1.4426e-06
8.6 4.53802e-06
8.62 7.99606e-06
8.64 3.28713e-06
8.66 -2.75981e-06
8.68 4.52486e-08
8.7 7.97583e-06
8.72 8.82347e-06
8.74 1.3913e-06
8.76 -3.32105e-06
8.78 8.14969e-07
8.8 6.1729e-06
8.82 3.27419e-06
8.84 -4.81547e-06
8.86 -7.9222e-06
8.88 -2.94668e-06
8.9 3.27704e-06
8.92 2.42537e-06
8.94 -3.00853e-06
8.96 -3.36413e-06
8.98 1.33614e-06
9 2.73969e-06
9.02 -1.37782e-06
9.04 -4.9919e-06
9.06 -2.83778e-06
9.08 2.60666e-06
9.1 3.36598e-06
9.12 -2.61236e-06
9.14 -6.67887e-06
9.16 -3.07217e-06
9.18 1.13842e-06
9.2 -1.67628e-06
9.22 -7.239e-06
9.24 -6.75039e-06
9.26 -5.65687e-07
9.28 2.61422e-06
9.3 -4.92863e-07
9.32 -3.19197e-06
9.34 -1.36507e-07
9.36 4.62896e-06
9.38 3.93058e-06
9.4 -1.84663e-06
9.42 -4.55717e-06
9.44 2.36449e-08
9.46 5.24623e-06
9.48 2.59102e-06
9.5 -5.10021e-06
9.52 -6.69842e-06
9.54 -6.46728e-08
9.56 3.88208e-06
9.58 -1.0488e-07
9.6 -2.48807e-06
9.62 2.20987e-06
9.64 4.69086e-06
9.66 -1.60277e-06
9.68 -8.24451e-06
9.7 -6.03084e-06
9.72 1.01392e-06
9.74 3.74671e-06
9.76 -9.39215e-07
9.78 -8.00217e-06
9.8 -8.0262e-06
9.82 -5.57641e-07
9.84 3.56655e-06
9.86 3.09169e-07
9.88 -2.39505e-06
9.9 8.8729e-07
9.92 5.12485e-06
9.94 2.74274e-06
9.96 -3.66152e-06
9.98 -3.74608e-06
10 3.76452e-06
10.02 8.01296e-06
10.04 3.04137e-06
10.06 -3.0956e-06
10.08 -1.84243e-06
10.1 2.8494e-06
10.12 2.19032e-06
10.14 -3.89341e-06
10.16 -6.90788e-06
10.18 -2.25403e-06
10.2 3.11758e-06
10.22 8.80284e-07
10.24 -5.5524e-06
10.26 -6.47152e-06
10.28 -7.50092e-07
10.3 3.25773e-06
10.32 8.21015e-07
10.34 -2.96575e-06
10.36 -1.77875e-06
10.38 2.56901e-06
10.4 3.4348e-06
10.42 7.74452e-08
10.44 -1.39501e-06
10.46 1.584e-06
10.48 4.22419e-06
10.5 2.74956e-06
10.52 1.07306e-07
10.54 2.52646e-07
10.56 1.24149e-06
10.58 -8.95365e-08
10.6 -1.32098e-06
10.62 3.54173e-07
10.64 2.41013e-06
10.66 1.75109e-06
10.68 -5.71889e-07
10.7 -1.94973e-06
10.72 -1.39464e-06
10.74 2.20436e-08
10.76 1.0498e-07
10.78 -1.10764e-06
10.8 -6.50787e-07
10.82 1.89014e-06
10.84 3.0441e-06
10.86 8.90385e-07
10.88 -2.41933e-06
10.9 -3.04285e-06
10.92 -1.86796e-07
10.94 2.04026e-06
10.96 4.86217e-07
10.98 -2.13681e-06
11 -1.89669e-06
11.02 2.01871e-07
11.04 4.75524e-07
11.06 -1.27655e-06
11.08 -1.86186e-06
11.1 -3.90795e-08
11.12 2.02173e-06
11.14 2.28716e-06
11.16 1.30993e-06
11.18 9.47437e-07
11.2 1.74997e-06
11.22 2.53434e-06
11.24 1.80835e-06
11.26 -4.61238e-07
11.28 -2.06216e-06
11.3 -1.30342e-06
11.32 2.28231e-07
11.34 -2.33335e-08
11.36 -1.92393e-06
11.38 -2.97641e-06
11.4 -1.40763e-06
11.42 1.38375e-06
11.44 1.92946e-06
11.46 -4.37242e-07
11.48 -2.12803e-06
11.5 -7.2969e-07
11.52 1.41602e-06
11.54 1.26209e-06
11.56 -2.64219e-07
11.58 -1.39383e-07
11.6 1.95164e-06
11.62 3.30624e-06
11.64 2.31777e-06
11.66 6.80515e-07
11.68 6.58457e-07
11.7 1.68581e-06
11.72 1.60439e-06
11.74 2.74673e-07
11.76 -7.01649e-07
11.78 -8.75163e-07
11.8 -1.24539e-06
11.82 -2.29048e-06
11.84 -2.96843e-06
11.86 -2.31741e-06
11.88 -1.25089e-06
11.9 -8.08013e-07
11.92 -1.72528e-07
11.94 1.14089e-06
11.96 1.76417e-06
11.98 8.54253e-07
12 -3.93326e-07
12.02 -3.51699e-07
12.04 8.68603e-07
12.06 1.459e-06
12.08 5.68139e-07
12.1 -5.03636e-07
12.12 -5.52147e-07
12.14 3.19764e-07
12.16 1.39662e-06
12.18 1.61219e-06
12.2 6.16112e-07
12.22 -4.56033e-07
12.24 -7.18048e-07
12.26 -7.57538e-07
12.28 -1.3444e-06
12.3 -2.21466e-06
12.32 -2.55492e-06
12.34 -2.14251e-06
12.36 -1.53238e-06
12.38 -1.11106e-06
12.4 -6.51407e-07
12.42 3.51588e-08
12.44 6.74148e-07
12.46 8.52076e-07
12.48 6.59053e-07
12.5 7.71031e-07
12.52 1.38381e-06
12.54 1.69139e-06
12.56 1.16603e-06
12.58 6.40842e-07
12.6 1.07749e-06
12.62 1.96973e-06
12.64 1.9721e-06
12.66 6.18346e-07
12.68 -8.17168e-07
12.7 -8.05216e-07
12.72 1.07944e-07
12.74 1.19942e-07
12.76 -1.05694e-06
12.78 -1.92332e-06
12.8 -1.25687e-06
12.82 5.60764e-07
12.84 1.73791e-06
12.86 8.97402e-07
12.88 -8.51331e-07
12.9 -1.07644e-06
12.92 5.91231e-07
12.94 1.76267e-06
12.96 6.89278e-07
12.98 -1.01506e-06
13 -8.46996e-07
13.02 6.66572e-07
13.04 9.81483e-07
13.06 -2.49989e-07
13.08 -7.67077e-07
13.1 4.49704e-07
13.12 1.65867e-06
13.14 1.22838e-06
13.16 -5.86431e-08
13.18 -5.11607e-07
13.2 8.1309e-08
13.22 6.82399e-07
13.24 6.53431e-07
13.26 3.21956e-07
13.28 4.08854e-08
13.3 -4.28968e-07
13.32 -1.00833e-06
13.34 -1.01158e-06
13.36 -2.35717e-07
13.38 6.38561e-07
13.4 7.27011e-07
13.42 -4.60463e-08
13.44 -5.50746e-07
13.46 -7.26221e-08
13.48 3.1681e-07
13.5 -3.36459e-07
13.52 -1.00525e-06
13.54 -4.85305e-07
13.56 4.13182e-07
13.58 1.68336e-07
13.6 -1.00259e-06
13.62 -1.43262e-06
13.64 -4.73496e-07
13.66 5.16821e-07
13.68 1.11392e-07
13.7 -1.10602e-06
13.72 -1.36747e-06
13.74 -2.59722e-07
13.76 8.4984e-07
13.78 8.85778e-07
13.8 3.78729e-07
13.82 3.6011e-07
13.84 8.00326e-07
13.86 7.5238e-07
13.88 -1.74594e-07
13.9 -9.94297e-07
13.92 -6.58909e-07
13.94 3.22169e-07
13.96 6.62624e-07
13.98 1.27881e-07
14 -3.26374e-07
14.02 2.26235e-07
14.04 1.59243e-06
14.06 2.42173e-06
14.08 1.91547e-06
14.1 9.2278e-07
14.12 2.19217e-07
14.14 -4.33587e-07
14.16 -8.31544e-07
14.18 -3.79196e-07
14.2 2.77882e-07
14.22 -2.44207e-07
14.24 -1.71803e-06
14.26 -2.23032e-06
14.28 -9.87121e-07
14.3 3.6437e-07
14.32 -9.47237e-09
14.34 -1.62505e-06
14.36 -2.29551e-06
14.38 -1.09715e-06
14.4 1.95208e-07
14.42 -3.80344e-07
14.44 -1.96465e-06
14.46 -2.03968e-06
14.48 -2.76419e-07
14.5 1.01197e-06
14.52 5.08545e-07
14.54 -3.66697e-07
14.56 2.11894e-08
14.58 9.32875e-07
14.6 6.76676e-07
14.62 -2.55008e-07
14.64 1.45612e-07
14.66 1.78321e-06
14.68 2.17779e-06
14.7 -6.80243e-08
14.72 -2.8914e-06
14.74 -2.90714e-06
14.76 -2.01678e-07
14.78 1.39198e-06
14.8 -4.52439e-07
14.82 -3.1519e-06
14.84 -2.61325e-06
14.86 6.21037e-07
14.88 1.65248e-06
14.9 -1.17211e-06
14.92 -3.02231e-06
14.94 -3.54661e-07
14.96 2.89675e-06
14.98 1.73842e-06
15 -1.8188e-06
15.02 -2.23485e-06
15.04 7.39006e-07
15.06 2.01898e-06
15.08 -4.78879e-07
15.1 -2.782e-06
15.12 -1.2102e-06
15.14 2.26781e-06
15.16 3.02787e-06
15.18 4.09674e-07
15.2 -1.44756e-06
15.22 9.19794e-08
15.24 2.12626e-06
15.26 9.59407e-07
15.28 -2.02888e-06
15.3 -2.7753e-06
15.32 -7.3383e-07
15.34 7.49456e-07
15.36 -2.84329e-07
15.38 -1.70082e-06
15.4 -8.59995e-07
15.42 1.31205e-06
15.44 1.8133e-06
15.46 3.36442e-08
15.48 -1.5366e-06
15.5 -9.57837e-07
15.52 7.56788e-07
15.54 1.29041e-06
15.56 2.33419e-07
15.58 -3.58871e-07
15.6 7.87851e-07
15.62 2.00025e-06
15.64 1.23488e-06
15.66 -7.21692e-07
15.68 -1.27897e-06
15.7 2.93754e-07
15.72 1.8279e-06
15.74 1.47147e-06
15.76 2.25736e-07
15.78 8.00028e-08
15.8 1.09763e-06
15.82 1.54594e-06
15.84 4.54918e-07
15.86 -8.79462e-07
15.88 -6.7557e-07
15.9 6.72615e-07
15.92 1.20856e-06
15.94 4.36503e-07
15.96 -7.56786e-09
15.98 8.96725e-07
16 1.84262e-06
16.02 1.40081e-06
16.04 2.60323e-07
16.06 -4.67362e-08
16.08 6.75904e-07
16.1 1.21385e-06
16.12 5.77012e-07
16.14 -6.32007e-07
16.16 -8.47603e-07
16.18 3.94128e-07
16.2 1.6036e-06
16.22 1.23464e-06
16.24 -9.39014e-08
16.26 -7.2144e-07
16.28 -3.64015e-07
16.3 2.44491e-07
16.32 6.69646e-07
16.34 6.4404e-07
16.36 3.6921e-08
16.38 -5.84167e-07
16.4 -4.82488e-07
16.42 2.36804e-09
16.44 -1.32119e-07
16.46 -9.23606e-07
16.48 -1.4374e-06
16.5 -1.41475e-06
16.52 -1.69592e-06
16.54 -2.56134e-06
16.56 -2.86489e-06
16.58 -1.82155e-06
16.6 -6.19377e-07
16.62 -8.29377e-07
16.64 -2.0289e-06
16.66 -2.39028e-06
16.68 -6.66928e-07
16.7 2.57132e-06
16.72 4.68075e-06
16.74 4.24038e-06
16.76 3.6628e-06
16.78 5.09009e-06
16.8 6.79113e-06
16.82 6.36728e-06
16.84 3.90709e-06
16.86 3.53481e-07
16.88 -2.0763e-06
16.9 -3.89637e-07
16.92 2.76422e-06
16.94 1.42058e-06
16.96 -3.17899e-06
16.98 -4.26254e-06
17 -6.75001e-07
17.02 1.69068e-06
17.04 -7.77032e-07
17.06 -4.40274e-06
17.08 -4.14699e-06
17.1 -1.27674e-06
17.12 -1.36643e-06
17.14 -5.1825e-06
17.16 -6.80202e-06
17.18 -2.92548e-06
17.2 8.85653e-07
17.22 -1.44542e-06
17.24 -5.91201e-06
17.26 -4.75441e-06
17.28 3.22478e-07
17.3 1.34432e-06
17.32 -2.53864e-06
17.34 -4.04253e-06
17.36 5.79567e-07
17.38 5.90434e-06
17.4 5.69263e-06
17.42 2.19968e-06
17.44 2.35056e-06
17.46 6.63332e-06
17.48 8.16892e-06
17.5 3.89233e-06
17.52 -3.6989e-08
17.54 1.84849e-06
17.56 4.88085e-06
17.58 2.12797e-06
17.6 -3.54719e-06
17.62 -4.53896e-06
17.64 -9.19415e-07
17.66 5.98927e-07
17.68 -2.52491e-06
17.7 -5.50542e-06
17.72 -4.34738e-06
17.74 -1.73225e-06
17.76 -1.98834e-06
17.78 -4.24374e-06
17.8 -4.50592e-06
17.82 -2.11664e-06
17.84 3.96677e-08
17.86 1.76584e-07
17.88 -7.13458e-07
17.9 -7.5116e-07
17.92 5.25301e-07
17.94 1.82048e-06
17.96 2.18434e-06
17.98 2.25422e-06
18 2.68661e-06
18.02 2.91781e-06
18.04 2.38831e-06
18.06 1.68957e-06
18.08 1.23586e-06
18.1 1.58269e-07
18.12 -1.5398e-06
18.14 -2.05427e-06
18.16 -9.19762e-07
18.18 -1.49933e-07
18.2 -1.20056e-06
18.22 -3.14913e-06
18.24 -4.35916e-06
18.26 -4.59379e-06
18.28 -4.71911e-06
18.3 -4.89072e-06
18.32 -3.7931e-06
18.34 -1.88206e-07
18.36 3.78193e-06
18.38 4.20854e-06
18.4 2.19104e-06
18.42 2.61988e-06
18.44 6.0893e-06
18.46 8.30972e-06
18.48 5.89055e-06
18.5 3.05425e-07
18.52 -2.39737e-06
18.54 9.8537e-07
18.56 4.74593e-06
18.58 2.40694e-06
18.6 -3.18004e-06
18.62 -4.63547e-06
18.64 -9.623e-07
18.66 1.57992e-06
18.68 -1.14328e-06
18.7 -5.32789e-06
18.72 -5.27052e-06
18.74 -1.9366e-06
18.76 -1.21808e-06
18.78 -4.76185e-06
18.8 -6.61222e-06
18.82 -1.42233e-06
18.84 5.75498e-06
18.86 5.90026e-06
18.88 1.09753e-06
18.9 9.37695e-07
18.92 6.50523e-06
18.94 9.69579e-06
18.96 6.37641e-06
18.98 1.82827e-06
19 1.76406e-06
19.02 4.16439e-06
19.04 3.83924e-06
19.06 7.46481e-08
19.08 -3.05326e-06
19.1 -2.11007e-06
19.12 7.41756e-07
19.14 3.6655e-07
19.16 -3.36535e-06
19.18 -4.96037e-06
19.2 -2.39433e-06
19.22 -7.56886e-07
19.24 -3.70542e-06
19.26 -6.82807e-06
19.28 -4.46493e-06
19.3 5.07288e-07
19.32 1.12479e-06
19.34 -2.52704e-06
19.36 -4.29043e-06
19.38 -1.59839e-06
19.4 1.40334e-06
19.42 5.75206e-07
19.44 -1.8078e-06
19.46 -5.98374e-07
19.48 3.71658e-06
19.5 5.32742e-06
19.52 2.14003e-06
19.54 -9.5212e-07
19.56 5.56379e-07
19.58 4.05738e-06
19.6 3.50085e-06
19.62 -1.04338e-06
19.64 -2.26537e-06
19.66 2.38165e-06
19.68 4.94954e-06
19.7 -6.0799e-08
19.72 -5.93842e-06
19.74 -4.28748e-06
19.76 2.04736e-06
19.78 3.56031e-06
19.8 -2.07232e-06
19.82 -6.7127e-06
19.84 -3.65211e-06
19.86 2.58476e-06
19.88 3.75611e-06
19.9 -2.12586e-08
19.92 -1.84847e-06
19.94 1.44099e-06
19.96 4.92749e-06
19.98 3.09747e-06
20 -1.35559e-06
20.02 -1.56035e-06
20.04 2.73415e-06
20.06 5.02318e-06
20.08 1.6414e-06
20.1 -3.93148e-06
20.12 -5.87876e-06
20.14 -2.89771e-06
20.16 1.0159e-06
20.18 2.13558e-06
20.2 5.95394e-08
20.22 -2.8649e-06
20.24 -3.22605e-06
20.26 -5.13615e-07
20.28 1.25156e-06
20.3 -9.14455e-07
20.32 -3.25298e-06
20.34 -1.05429e-06
20.36 2.41137e-06
20.38 1.71479e-06
20.4 -9.27206e-07
20.42 -1.5102e-07
20.44 3.62082e-06
20.46 5.40202e-06
20.48 3.1421e-06
20.5 -2.16619e-07
20.52 -1.07326e-06
20.54 1.75679e-07
20.56 -1.30212e-08
20.58 -8.06805e-07
20.6 1.1839e-06
20.62 2.26641e-06
20.64 -1.87579e-06
20.66 -6.37361e-06
20.68 -5.81021e-06
20.7 -1.5775e-06
20.72 2.35107e-06
20.74 1.98978e-06
20.76 -2.60429e-06
20.78 -4.57607e-06
20.8 -4.85759e-07
20.82 2.7553e-06
20.84 -5.56247e-07
20.86 -4.7063e-06
20.88 -1.56175e-06
20.9 5.65498e-06
20.92 6.91054e-06
20.94 1.47921e-06
20.96 -1.3662e-06
20.98 2.95779e-06
21 7.21802e-06
21.02 3.11801e-06
21.04 -4.41431e-06
21.06 -3.91443e-06
21.08 3.79215e-06
21.1 6.59879e-06
21.12 -2.39922e-07
21.14 -7.08144e-06
21.16 -3.99898e-06
21.18 4.25147e-06
21.2 4.71221e-06
21.22 -3.86974e-06
21.24 -8.96105e-06
21.26 -3.78841e-06
21.28 2.83951e-06
21.3 8.59011e-07
21.32 -5.62053e-06
21.34 -4.80525e-06
21.36 3.97223e-06
21.38 8.41012e-06
21.4 3.21219e-06
21.42 -2.3419e-06
21.44 -1.24504e-06
21.46 2.97835e-06
21.48 4.60473e-06
21.5 1.3781e-06
21.52 -3.40954e-06
21.54 -4.15776e-06
21.56 -1.60502e-06
21.58 -1.38907e-06
21.6 -3.78114e-06
21.62 -3.52441e-06
21.64 -3.25539e-09
21.66 1.38988e-06
21.68 -1.29599e-06
21.7 -3.01485e-06
21.72 3.00569e-07
21.74 4.49608e-06
21.76 2.70157e-06
21.78 -3.47251e-06
21.8 -5.04051e-06
21.82 4.59197e-07
21.84 4.35708e-06
21.86 4.66006e-07
21.88 -4.97238e-06
21.9 -3.34975e-06
21.92 2.98005e-06
21.94 4.892e-06
21.96 3.70678e-07
21.98 -3.01801e-06
22 9.66321e-08
22.02 4.99052e-06
22.04 4.5468e-06
22.06 -2.76481e-07
22.08 -2.99338e-06
22.1 -1.10332e-06
22.12 1.38514e-06
22.14 3.18461e-07
22.16 -2.51613e-06
22.18 -2.47995e-06
22.2 3.58444e-07
22.22 1.5969e-06
22.24 -2.80852e-07
22.26 -1.99619e-06
22.28 -8.63942e-07
22.3 1.38971e-06
22.32 1.59093e-06
22.34 8.12169e-08
22.36 -1.70132e-07
22.38 1.55313e-06
22.4 2.85075e-06
22.42 2.03692e-06
22.44 4.69572e-07
22.46 3.98646e-07
22.48 1.77474e-06
22.5 2.20089e-06
22.52 4.05355e-07
22.54 -1.53059e-06
22.56 -1.18852e-06
22.58 5.07271e-07
22.6 8.44406e-07
22.62 -6.15571e-07
22.64 -1.64678e-06
22.66 -8.30507e-07
22.68 3.9436e-07
22.7 2.7574e-08
22.72 -1.39815e-06
22.74 -1.69134e-06
22.76 -5.35788e-07
22.78 2.24513e-08
22.8 -9.99413e-07
22.82 -1.84281e-06
22.84 -8.08689e-07
22.86 9.10017e-07
22.88 9.98399e-07
22.9 -4.04034e-07
22.92 -1.02127e-06
22.94 1.44556e-07
22.96 1.48324e-06
22.98 1.24322e-06
23 -4.1275e-09
23.02 -4.68578e-07
23.04 1.66214e-07
23.06 4.9201e-07
23.08 -3.5994e-07
23.1 -1.34833e-06
23.12 -1.00781e-06
23.14 2.3255e-07
23.16 4.80551e-07
23.18 -6.48571e-07
23.2 -1.19977e-06
23.22 7.30689e-08
23.24 1.5757e-06
23.26 1.34794e-06
23.28 1.54133e-07
23.3 5.51496e-08
23.32 1.05846e-06
23.34 1.34363e-06
23.36 2.62639e-07
23.38 -8.05183e-07
23.4 -8.44403e-07
23.42 -6.46326e-07
23.44 -1.02696e-06
23.46 -1.29436e-06
23.48 -6.12111e-07
23.5 2.38651e-07
23.52 -3.4862e-08
23.54 -9.49793e-07
23.56 -8.5449e-07
23.58 4.58574e-07
23.6 1.35896e-06
23.62 7.7639e-07
23.64 -2.4213e-07
23.66 -1.82104e-07
23.68 7.7364e-07
23.7 1.33409e-06
23.72 9.16757e-07
23.74 1.27057e-07
23.76 -1.22409e-07
23.78 2.38953e-07
23.8 4.58709e-07
23.82 1.94223e-07
23.84 -1.20484e-07
23.86 -2.39659e-07
23.88 -4.09283e-07
23.9 -6.16609e-07
23.92 -4.18554e-07
23.94 8.39331e-08
23.96 -1.2824e-08
23.98 -8.2805e-07
24 -1.12664e-06
24.02 -6.33551e-08
24.04 1.527e-06
24.06 1.84701e-06
24.08 4.96839e-07
24.1 -7.07844e-07
24.12 -4.62649e-07
24.14 3.41132e-07
24.16 5.19635e-07
24.18 1.18279e-07
24.2 -3.73643e-07
24.22 -6.20244e-07
24.24 -4.27725e-07
24.26 3.17368e-08
24.28 4.58348e-07
24.3 6.43993e-07
24.32 3.84961e-07
24.34 -3.32315e-07
24.36 -1.0282e-06
24.38 -1.03123e-06
24.4 -4.20921e-07
24.42 1.63379e-08
24.44 1.80752e-10
24.46 7.54202e-09
24.48 1.98202e-07
24.5 1.39351e-07
24.52 -2.34113e-07
24.54 -4.17971e-07
24.56 -1.19706e-07
24.58 3.76383e-07
24.6 5.3568e-07
24.62 2.24074e-07
24.64 3.08887e-09
24.66 3.6129e-07
24.68 8.27141e-07
24.7 5.13876e-07
24.72 -4.6392e-07
24.74 -8.75779e-07
24.76 -1.47662e-07
24.78 7.62003e-07
24.8 8.35204e-07
24.82 3.01146e-07
24.84 1.4461e-07
24.86 6.9352e-07
24.88 1.09489e-06
24.9 6.54358e-07
24.92 5.84389e-08
24.94 2.59905e-07
24.96 8.9513e-07
24.98 9.33913e-07
25 3.07885e-07
25.02 -5.79371e-08
25.04 3.26181e-07
25.06 8.28784e-07
25.08 6.53077e-07
25.1 -2.00465e-08
25.12 -2.39261e-07
25.14 3.54891e-07
25.16 8.85372e-07
25.18 5.12776e-07
25.2 -2.69721e-07
25.22 -4.53437e-07
25.24 -2.2934e-08
25.26 1.2259e-07
25.28 -4.66805e-07
25.3 -1.15241e-06
25.32 -1.16029e-06
25.34 -5.28525e-07
25.36 1.08123e-07
25.38 1.83387e-07
25.4 -2.56712e-07
25.42 -5.40147e-07
25.44 -2.42267e-07
25.46 1.55373e-07
25.48 -1.04997e-08
25.5 -5.38594e-07
25.52 -6.0485e-07
25.54 -1.48077e-08
25.56 4.71956e-07
25.58 3.16903e-07
25.6 -1.83889e-08
25.62 1.64437e-07
25.64 6.99315e-07
25.66 8.00781e-07
25.68 2.54359e-07
25.7 -2.59447e-07
25.72 -1.03498e-07
25.74 3.6695e-07
25.76 2.56258e-07
25.78 -4.30633e-07
25.8 -7.23183e-07
25.82 -2.51927e-07
25.84 2.39079e-07
25.86 1.5714e-07
25.88 -1.8344e-07
25.9 -2.83155e-07
25.92 -1.70151e-07
25.94 -1.46747e-07
25.96 -2.54366e-07
25.98 -3.38534e-07
26 -3.97098e-07
26.02 -5.21198e-07
26.04 -6.64164e-07
26.06 -6.25023e-07
26.08 -3.062e-07
26.1 -3.06409e-08
26.12 -2.39704e-07
26.14 -7.23274e-07
26.16 -7.69105e-07
26.18 -2.41028e-07
26.2 1.89554e-07
26.22 4.0684e-08
26.24 -3.37379e-07
26.26 -3.09505e-07
26.28 1.37761e-07
26.3 3.50354e-07
26.32 1.34316e-08
26.34 -3.31928e-07
26.36 -2.10091e-07
26.38 4.43017e-08
26.4 -6.91822e-08
26.42 -4.16669e-07
26.44 -5.06074e-07
26.46 -2.22009e-07
26.48 1.37312e-07
26.5 2.83864e-07
26.52 1.26158e-07
26.54 -1.55732e-07
26.56 -2.1157e-07
26.58 1.25742e-07
26.6 6.17731e-07
26.62 7.92154e-07
26.64 4.72445e-07
26.66 4.4538e-08
26.68 -2.1176e-09
26.7 3.06684e-07
26.72 4.33126e-07
26.74 9.34361e-08
26.76 -2.87351e-07
26.78 -2.78185e-07
26.8 -4.38068e-08
26.82 1.84885e-09
26.84 -2.62209e-07
26.86 -4.99958e-07
26.88 -4.12419e-07
26.9 -2.17059e-07
26.92 -1.91913e-07
26.94 -1.82479e-07
26.96 3.44495e-08
26.98 2.50352e-07
27 8.16583e-08
27.02 -2.69025e-07
27.04 -1.76375e-07
27.06 3.00758e-07
27.08 3.81682e-07
27.1 -1.6286e-07
27.12 -5.44054e-07
27.14 -1.36612e-07
27.16 4.93102e-07
27.18 3.89265e-07
27.2 -3.40962e-07
27.22 -6.71003e-07
27.24 -1.80866e-07
27.26 3.43455e-07
27.28 1.49614e-07
27.3 -3.70936e-07
27.32 -3.6721e-07
27.34 2.08104e-07
27.36 5.93702e-07
27.38 3.66677e-07
27.4 -1.72573e-08
27.42 5.45275e-09
27.44 3.88026e-07
27.46 6.2264e-07
27.48 3.72874e-07
27.5 -7.12806e-08
27.52 -2.30897e-07
27.54 -1.65865e-07
27.56 -2.53768e-07
27.58 -5.3228e-07
27.6 -6.80497e-07
27.62 -5.54267e-07
27.64 -4.48332e-07
27.66 -5.83606e-07
27.68 -7.02089e-07
27.7 -5.04436e-07
27.72 -9.41838e-08
27.74 2.39444e-07
27.76 4.12027e-07
27.78 5.21774e-07
27.8 6.07194e-07
27.82 6.29578e-07
27.84 5.91425e-07
27.86 5.1171e-07
27.88 3.48538e-07
27.9 1.23343e-07
27.92 -2.20822e-08
27.94 -2.92569e-08
27.96 3.70069e-08
27.98 8.45353e-08
28 2.09578e-08
28.02 -8.17497e-08
28.04 -5.95006e-08
28.06 5.54886e-09
28.08 -7.93591e-08
28.1 -2.80241e-07
28.12 -3.07488e-07
28.14 -1.74851e-08
28.16 1.88288e-07
28.18 -3.6377e-08
28.2 -2.4409e-07
28.22 7.72069e-08
28.24 5.98599e-07
28.26 7.42628e-07
28.28 5.75399e-07
28.3 5.73491e-07
28.32 8.52096e-07
28.34 9.83559e-07
28.36 3.05689e-07
28.38 -1.09378e-06
28.4 -1.77979e-06
28.42 -7.29208e-07
28.44 7.96428e-07
28.46 6.41468e-07
28.48 -9.84246e-07
28.5 -1.55581e-06
28.52 -8.45887e-08
28.54 1.4111e-06
28.56 1.04327e-06
28.58 -3.04946e-07
28.6 -6.38298e-07
28.62 1.26337e-07
28.64 5.04797e-07
28.66 9.38371e-08
28.68 -7.22212e-08
28.7 4.70565e-07
28.72 8.58764e-07
28.74 2.74804e-07
28.76 -7.89981e-07
28.78 -1.01928e-06
28.8 1.40204e-08
28.82 9.85285e-07
28.84 4.62977e-07
28.86 -8.03515e-07
28.88 -8.13453e-07
28.9 5.47592e-07
28.92 1.34662e-06
28.94 6.55359e-07
28.96 -2.27093e-07
28.98 -3.88333e-08
29 5.42194e-07
29.02 3.05626e-07
29.04 -2.93558e-07
29.06 -1.24766e-08
29.08 8.20442e-07
29.1 7.5676e-07
29.12 -3.267e-07
29.14 -9.75983e-07
29.16 -4.15407e-07
29.18 3.27329e-07
29.2 8.81766e-08
29.22 -6.70965e-07
29.24 -7.64335e-07
29.26 -1.72411e-07
29.28 1.72597e-07
29.3 -7.05562e-08
29.32 -3.8346e-07
29.34 -3.38099e-07
29.36 -7.85835e-08
29.38 1.00817e-07
29.4 1.70217e-07
29.42 1.92821e-07
29.44 1.38851e-07
29.46 3.18821e-08
29.48 1.20992e-08
29.5 1.09424e-07
29.52 1.61163e-07
29.54 1.36772e-08
29.56 -3.4172e-07
29.58 -6.59563e-07
29.6 -5.53628e-07
29.62 -6.48733e-08
29.64 1.48944e-07
29.66 -2.79367e-07
29.68 -7.34217e-07
29.7 -5.47838e-07
29.72 -4.37701e-08
29.74 2.41367e-08
29.76 -3.57612e-07
29.78 -4.57627e-07
29.8 -3.9549e-09
29.82 3.75472e-07
29.84 2.33218e-07
29.86 -2.83236e-08
29.88 9.47975e-08
29.9 4.3964e-07
29.92 5.5642e-07
29.94 3.97791e-07
29.96 2.44282e-07
29.98 1.96075e-07
30 4.13513e-08
30.02 -3.17456e-07
30.04 -5.83546e-07
30.06 -4.94955e-07
30.08 -3.06461e-07
30.1 -3.71101e-07
30.12 -4.88453e-07
30.14 -2.34384e-07
30.16 2.7265e-07
30.18 4.87957e-07
30.2 2.62496e-07
30.22 1.59457e-08
30.24 9.30076e-08
30.26 3.74097e-07
30.28 5.34436e-07
30.3 4.82149e-07
30.32 4.3054e-07
30.34 4.67801e-07
30.36 4.12001e-07
30.38 2.12541e-07
30.4 3.28136e-08
30.42 -3.66894e-08
30.44 -1.50296e-07
30.46 -4.70163e-07
30.48 -7.77246e-07
30.5 -6.74332e-07
30.52 -1.82809e-07
30.54 1.63095e-07
30.56 1.43383e-09
30.58 -2.98097e-07
30.6 -1.61745e-07
30.62 3.344e-07
30.64 6.20279e-07
30.66 4.72872e-07
30.68 2.49266e-07
30.7 3.24329e-07
30.72 5.62879e-07
30.74 4.57377e-07
30.76 -5.57333e-08
30.78 -3.1545e-07
30.8 6.8093e-09
30.82 3.07685e-07
30.84 9.28136e-08
30.86 -2.54836e-07
30.88 -1.59067e-07
30.9 3.36849e-07
30.92 6.92176e-07
30.94 5.48897e-07
30.96 1.46001e-07
30.98 2.08336e-09
31 1.71226e-07
31.02 1.87451e-07
31.04 -1.10821e-07
31.06 -3.1845e-07
31.08 -2.22897e-07
31.1 -1.2031e-07
31.12 -1.70448e-07
31.14 -1.13393e-07
31.16 1.69252e-07
31.18 3.60603e-07
31.2 2.09694e-07
31.22 -4.93402e-08
31.24 -2.34401e-08
31.26 2.81814e-07
31.28 4.32054e-07
31.3 1.77407e-07
31.32 -1.22259e-07
31.34 -7.71681e-09
31.36 3.6597e-07
31.38 4.25473e-07
31.4 9.14205e-08
31.42 -4.28505e-08
31.44 2.6274e-07
31.46 4.64494e-07
31.48 1.97227e-07
31.5 -1.85653e-07
31.52 -2.60575e-07
31.54 -9.28579e-08
31.56 -2.30234e-08
31.58 -1.79464e-07
31.6 -3.28607e-07
31.62 -2.26958e-07
31.64 -3.66161e-08
31.66 -1.10137e-07
31.68 -3.95638e-07
31.7 -5.01636e-07
31.72 -3.14436e-07
31.74 -1.21428e-07
31.76 -1.50204e-07
31.78 -2.75706e-07
31.8 -2.45174e-07
31.82 -8.26925e-08
31.84 -3.8586e-08
31.86 -1.04491e-07
31.88 -1.15939e-08
31.9 2.28112e-07
31.92 2.85606e-07
31.94 8.34254e-08
31.96 -2.28641e-08
31.98 1.97052e-07
32 4.31582e-07
32.02 2.7748e-07
32.04 -1.34371e-07
32.06 -3.14026e-07
32.08 -1.28162e-07
32.1 4.33305e-08
32.12 -1.06164e-07
32.14 -4.05945e-07
32.16 -4.63666e-07
32.18 -2.02281e-07
32.2 1.15505e-08
32.22 -1.18216e-07
32.24 -3.80196e-07
32.26 -3.81449e-07
32.28 -1.33118e-07
32.3 -1.34282e-08
32.32 -2.08062e-07
32.34 -4.57942e-07
32.36 -4.24784e-07
32.38 -1.82304e-07
32.4 -1.25307e-07
32.42 -3.38045e-07
32.44 -4.59265e-07
32.46 -2.72084e-07
32.48 -9.40416e-09
32.5 -1.52857e-08
32.52 -2.86824e-07
32.54 -4.20705e-07
32.56 -1.46049e-07
32.58 2.07185e-07
32.6 1.49059e-07
32.62 -1.76837e-07
32.64 -1.71093e-07
32.66 2.70511e-07
32.68 5.62463e-07
32.7 3.2022e-07
32.72 -8.01028e-08
32.74 -1.14826e-07
32.76 7.40557e-08
32.78 -2.19367e-08
32.8 -3.6194e-07
32.82 -4.32766e-07
32.84 -8.54442e-08
32.86 2.62978e-07
32.88 2.7359e-07
32.9 1.80503e-07
32.92 3.29106e-07
32.94 5.50663e-07
32.96 4.6488e-07
32.98 1.40989e-07
33 -2.80121e-08
33.02 5.3456e-08
33.04 1.12065e-07
33.06 -7.87097e-09
33.08 -1.36737e-07
33.1 -1.11751e-07
33.12 -4.45329e-08
33.14 -8.98448e-08
33.16 -1.55849e-07
33.18 -1.0548e-07
33.2 9.70853e-09
33.22 8.92294e-08
33.24 9.1638e-08
33.26 3.6315e-08
33.28 -2.61559e-08
33.3 -1.05556e-07
33.32 -1.80684e-07
33.34 -8.89894e-08
33.36 2.03964e-07
33.38 3.90798e-07
33.4 2.01635e-07
33.42 -1.44012e-07
33.44 -1.71866e-07
33.46 1.66216e-07
33.48 3.45629e-07
33.5 2.91434e-08
33.52 -3.64723e-07
33.54 -3.07786e-07
33.56 5.05775e-08
33.58 2.23157e-07
33.6 9.66585e-08
33.62 -5.43817e-08
33.64 -3.48037e-08
33.66 1.7475e-08
33.68 -1.20977e-07
33.7 -3.54748e-07
33.72 -3.55342e-07
33.74 -1.21675e-07
33.76 -2.0452e-08
33.78 -1.19889e-07
33.8 -5.61432e-08
33.82 2.74423e-07
33.84 4.73686e-07
33.86 3.16806e-07
33.88 1.22462e-07
33.9 2.27833e-07
33.92 4.88044e-07
33.94 5.13838e-07
33.96 2.62663e-07
33.98 1.29688e-07
34 3.32468e-07
34.02 5.16999e-07
34.04 3.1783e-07
34.06 -1.91631e-08
34.08 -7.11738e-08
34.1 7.00256e-08
34.12 7.35144e-08
34.14 -9.45703e-08
34.16 -2.20668e-07
34.18 -1.58403e-07
34.2 -2.20429e-09
34.22 4.78313e-08
34.24 -6.00992e-08
34.26 -1.79314e-07
34.28 -1.48136e-07
34.3 1.9941e-08
34.32 1.30035e-07
34.34 3.53346e-08
34.36 -1.09542e-07
34.38 1.64387e-08
34.4 3.88847e-07
34.42 5.72197e-07
34.44 3.81971e-07
34.46 1.68151e-07
34.48 2.36735e-07
34.5 3.64036e-07
34.52 1.80952e-07
34.54 -2.05357e-07
34.56 -3.58612e-07
34.58 -1.4608e-07
34.6 1.18872e-07
34.62 1.56527e-07
34.64 4.30965e-08
34.66 -1.11854e-08
34.68 2.40904e-08
34.7 1.39402e-08
34.72 -1.05145e-07
34.74 -2.33621e-07
34.76 -2.63923e-07
34.78 -1.92016e-07
34.8 -7.83312e-08
34.82 -7.20528e-09
34.84 1.82009e-08
34.86 9.98801e-08
34.88 2.07883e-07
34.9 1.96217e-07
34.92 1.32726e-07
34.94 2.12447e-07
34.96 3.96421e-07
34.98 4.61342e-07
35 2.99123e-07
35.02 6.05717e-08
35.04 3.12649e-09
35.06 1.1767e-07
35.08 9.59163e-08
35.1 -1.69904e-07
35.12 -3.76518e-07
35.14 -3.28057e-07
35.16 -2.63221e-07
35.18 -3.841e-07
35.2 -4.85347e-07
35.22 -2.98689e-07
35.24 4.45444e-08
35.26 1.52502e-07
35.28 -6.23632e-08
35.3 -2.35121e-07
35.32 -5.40451e-08
35.34 2.40727e-07
35.36 1.72117e-07
35.38 -1.66613e-07
35.4 -1.93385e-07
35.42 2.17801e-07
35.44 5.24905e-07
35.46 3.26343e-07
35.48 -7.01039e-08
35.5 -1.11748e-07
35.52 1.38529e-07
35.54 1.31076e-07
35.56 -2.24357e-07
35.58 -4.65162e-07
35.6 -3.88649e-07
35.62 -2.84157e-07
35.64 -3.57333e-07
35.66 -4.23859e-07
35.68 -2.88521e-07
35.7 -1.07854e-07
35.72 -9.6979e-08
35.74 -1.85881e-07
35.76 -2.41035e-07
35.78 -1.77568e-07
35.8 1.10284e-07
35.82 4.09145e-07
35.84 2.48983e-07
35.86 -2.26922e-07
35.88 -3.23759e-07
35.9 8.16273e-09
35.92 1.15015e-07
35.94 -8.9897e-08
35.96 5.92705e-08
35.98 5.9057e-07
36 5.82876e-07
36.02 -1.52691e-07
36.04 -5.16601e-07
36.06 4.01684e-08
36.08 6.36996e-07
36.1 5.17073e-07
36.12 1.16906e-07
36.14 3.31396e-08
36.16 6.45109e-08
36.18 4.72506e-09
36.2 1.59496e-07
36.22 4.78947e-07
36.24 4.70282e-07
36.26 3.67175e-08
36.28 -4.43085e-07
36.3 -6.02087e-07
36.32 -4.57169e-07
36.34 -3.7125e-07
36.36 -4.5704e-07
36.38 -4.19164e-07
36.4 -1.32884e-07
36.42 1.93102e-07
36.44 3.27549e-07
36.46 1.23313e-07
36.48 -2.2299e-07
36.5 -9.38974e-09
36.52 9.62567e-07
36.54 1.60088e-06
36.56 9.75668e-07
36.58 -5.20596e-08
36.6 -1.10661e-08
36.62 8.49034e-07
36.64 8.76713e-07
36.66 -2.19275e-07
36.68 -8.17416e-07
36.7 -2.90766e-07
36.72 -2.85271e-08
36.74 -6.39056e-07
36.76 -7.16015e-07
36.78 3.65547e-07
36.8 8.34903e-07
36.82 -4.22836e-07
36.84 -1.51381e-06
36.86 -6.0756e-07
36.88 8.40535e-07
36.9 3.77599e-07
36.92 -1.43958e-06
36.94 -1.88084e-06
36.96 -2.38479e-07
36.98 1.44378e-06
37 1.30089e-06
37.02 -1.94773e-07
37.04 -8.01551e-07
37.06 6.04597e-07
37.08 2.15889e-06
37.1 1.47208e-06
37.12 -5.92632e-07
37.14 -1.13449e-06
37.16 2.51283e-07
37.18 1.03327e-06
37.2 -1.63387e-07
37.22 -1.70283e-06
37.24 -1.80328e-06
37.26 -7.88285e-07
37.28 1.29363e-07
37.3 3.07973e-07
37.32 -1.58885e-07
37.34 -6.52561e-07
37.36 -6.55853e-07
37.38 -3.23154e-07
37.4 -1.61617e-07
37.42 -2.41094e-07
37.44 -1.64803e-07
37.46 1.78299e-07
37.48 4.81894e-07
37.5 5.21112e-07
37.52 3.46691e-07
37.54 2.01749e-07
37.56 4.00575e-07
37.58 9.2871e-07
37.6 1.16415e-06
37.62 6.27004e-07
37.64 -2.24105e-07
37.66 -5.7629e-07
37.68 -1.91426e-07
37.7 4.50244e-07
37.72 5.49899e-07
37.74 -9.25788e-08
37.76 -6.18053e-07
37.78 -2.54969e-07
37.8 4.5953e-07
37.82 2.92887e-07
37.84 -9.13841e-07
37.86 -1.71228e-06
37.88 -1.01301e-06
37.9 1.55657e-07
37.92 2.60403e-07
37.94 -3.93967e-07
37.96 -5.12745e-07
37.98 6.62262e-08
38 4.43913e-07
38.02 1.94107e-07
38.04 -1.58978e-07
38.06 -3.84392e-08
38.08 3.33755e-07
38.1 3.3394e-07
38.12 -2.06514e-08
38.14 -1.87686e-07
38.16 3.09286e-08
38.18 3.51436e-07
38.2 4.66516e-07
38.22 4.41921e-07
38.24 4.74322e-07
38.26 3.99226e-07
38.28 -2.57958e-08
38.3 -5.5939e-07
38.32 -6.7644e-07
38.34 -2.64088e-07
38.36 1.40951e-07
38.38 -6.51931e-09
38.4 -4.23449e-07
38.42 -3.27935e-07
38.44 3.62655e-07
38.46 8.57117e-07
38.48 5.66939e-07
38.5 -1.24203e-07
38.52 -3.98348e-07
38.54 -1.14643e-07
38.56 1.00159e-07
38.58 -1.78094e-07
38.6 -6.32925e-07
38.62 -7.05199e-07
38.64 -3.52263e-07
38.66 -6.45987e-08
38.68 -1.30594e-07
38.7 -2.84715e-07
38.72 -1.87396e-07
38.74 1.21079e-07
38.76 3.45655e-07
38.78 3.27046e-07
38.8 2.00583e-07
38.82 1.54597e-07
38.84 1.363e-07
38.86 -4.6443e-08
38.88 -3.40791e-07
38.9 -4.34885e-07
38.92 -2.70275e-07
38.94 -1.81967e-07
38.96 -3.0851e-07
38.98 -3.10333e-07
39 6.28302e-08
39.02 5.12475e-07
39.04 6.24803e-07
39.06 4.99367e-07
39.08 5.71632e-07
39.1 9.06942e-07
39.12 1.02135e-06
39.14 5.33678e-07
39.16 -2.11627e-07
39.18 -4.95205e-07
39.2 -1.73246e-07
39.22 1.36704e-07
39.24 -4.99628e-08
39.26 -4.13406e-07
39.28 -3.53326e-07
39.3 7.71274e-08
39.32 2.45252e-07
39.34 -8.138e-08
39.36 -4.16133e-07
39.38 -3.51799e-07
39.4 -9.96351e-08
39.42 -2.98266e-08
39.44 -1.52688e-07
39.46 -2.39598e-07
39.48 -1.63353e-07
39.5 5.37373e-09
39.52 1.43988e-07
39.54 1.98481e-07
39.56 1.70098e-07
39.58 9.56697e-08
39.6 7.65673e-08
39.62 2.38413e-07
39.64 5.24931e-07
39.66 6.66689e-07
39.68 5.28804e-07
39.7 3.36927e-07
39.72 3.40972e-07
39.74 3.85044e-07
39.76 1.74017e-07
39.78 -1.61012e-07
39.8 -2.54811e-07
39.82 -1.01832e-07
39.84 -8.21701e-09
39.86 -1.23113e-07
39.88 -2.76189e-07
39.9 -2.52443e-07
39.92 -8.72694e-08
39.94 3.78814e-08
39.96 5.75494e-08
39.98 1.04272e-08
40 -5.694e-08
40.02 -7.91248e-08
40.04 -2.66624e-08
40.06 3.40769e-08
40.08 -5.93865e-09
40.1 -1.01507e-07
40.12 -2.61818e-08
40.14 2.16865e-07
40.16 2.96691e-07
40.18 1.15452e-07
40.2 -3.25492e-08
40.22 2.94499e-09
40.24 4.32286e-08
40.26 -7.24634e-08
40.28 -2.61126e-07
40.3 -3.1361e-07
40.32 -1.83962e-07
40.34 -6.41342e-08
40.36 -9.90599e-08
40.38 -1.8564e-07
40.4 -1.23326e-07
40.42 1.39392e-07
40.44 3.98684e-07
40.46 4.37963e-07
40.48 3.29381e-07
40.5 2.87491e-07
40.52 3.46216e-07
40.54 2.99852e-07
40.56 1.81628e-08
40.58 -1.99692e-07
40.6 -4.97343e-09
40.62 3.17743e-07
40.64 1.89764e-07
40.66 -3.89309e-07
40.68 -7.9312e-07
40.7 -5.86906e-07
40.72 -1.4547e-07
40.74 -1.38317e-07
40.76 -5.71604e-07
40.78 -8.26721e-07
40.8 -5.47223e-07
40.82 -3.16107e-08
40.84 2.31275e-07
40.86 1.66005e-07
40.88 9.80522e-08
40.9 1.6062e-07
40.92 1.70831e-07
40.94 1.13355e-07
40.96 1.57049e-07
40.98 2.88585e-07
41 3.61444e-07
41.02 3.03201e-07
41.04 1.4351e-07
41.06 3.46067e-08
41.08 7.76085e-08
41.1 1.44759e-07
41.12 1.04472e-07
41.14 -4.71155e-09
41.16 -9.37776e-08
41.18 -1.57095e-07
41.2 -2.52205e-07
41.22 -3.68241e-07
41.24 -4.01556e-07
41.26 -3.0088e-07
41.28 -1.99298e-07
41.3 -2.48732e-07
41.32 -3.31692e-07
41.34 -2.32907e-07
41.36 -1.84787e-08
41.38 7.96832e-08
41.4 2.19204e-08
41.42 5.15595e-09
41.44 1.88618e-07
41.46 4.45221e-07
41.48 5.06624e-07
41.5 3.35521e-07
41.52 1.88969e-07
41.54 2.65036e-07
41.56 4.36857e-07
41.58 4.27667e-07
41.6 1.72619e-07
41.62 -7.62743e-08
41.64 -7.97864e-08
41.66 5.90572e-08
41.68 7.24786e-08
41.7 -8.79206e-08
41.72 -2.49704e-07
41.74 -3.17769e-07
41.76 -3.52082e-07
41.78 -3.85721e-07
41.8 -3.84879e-07
41.82 -3.10422e-07
41.84 -1.31588e-07
41.86 9.20488e-08
41.88 2.12298e-07
41.9 1.92253e-07
41.92 1.91878e-07
41.94 3.24342e-07
41.96 4.68188e-07
41.98 4.53407e-07
42 2.95346e-07
42.02 1.4844e-07
42.04 8.55813e-08
42.06 2.27637e-08
42.08 -9.85551e-08
42.1 -1.66535e-07
42.12 -6.87871e-08
42.14 9.65656e-08
42.16 1.41351e-07
42.18 3.01883e-08
42.2 -8.97823e-08
42.22 -7.8353e-08
42.24 3.45376e-09
42.26 -1.57321e-08
42.28 -1.65956e-07
42.3 -3.04642e-07
42.32 -3.23491e-07
42.34 -2.59062e-07
42.36 -1.68319e-07
42.38 -8.63544e-08
42.4 -4.44738e-08
42.42 1.3158e-08
42.44 1.1988e-07
42.46 1.77237e-07
42.48 1.33668e-07
42.5 6.90543e-08
42.52 8.64331e-08
42.54 1.87197e-07
42.56 2.5473e-07
42.58 2.0727e-07
42.6 1.15353e-07
42.62 1.14679e-07
42.64 2.00325e-07
42.66 2.12254e-07
42.68 9.62897e-08
42.7 1.27541e-08
42.72 8.94993e-08
42.74 2.04175e-07
42.76 1.32518e-07
42.78 -1.00628e-07
42.8 -1.83306e-07
42.82 6.92128e-09
42.84 1.27724e-07
42.86 -9.93604e-08
42.88 -4.06573e-07
42.9 -3.90118e-07
42.92 -1.10086e-07
42.94 1.59919e-08
42.96 -1.97659e-07
42.98 -4.44282e-07
43 -3.4548e-07
43.02 2.05014e-08
43.04 2.27666e-07
43.06 1.00235e-07
43.08 -8.10172e-08
43.1 -1.0674e-08
43.12 2.37178e-07
43.14 3.38459e-07
43.16 1.99659e-07
43.18 7.89664e-08
43.2 1.46638e-07
43.22 2.2884e-07
43.24 1.26973e-07
43.26 -7.9327e-08
43.28 -1.72021e-07
43.3 -1.2122e-07
43.32 -1.24632e-07
43.34 -2.78118e-07
43.36 -4.20441e-07
43.38 -3.90454e-07
43.4 -2.54508e-07
43.42 -1.58705e-07
43.44 -1.0258e-07
43.46 -8.22543e-09
43.48 1.24919e-07
43.5 2.26882e-07
43.52 2.53892e-07
43.54 2.31651e-07
43.56 2.01221e-07
43.58 1.64645e-07
43.6 9.08921e-08
43.62 -8.80458e-09
43.64 -5.88484e-08
43.66 -2.46887e-08
43.68 1.68627e-08
43.7 -3.40937e-08
43.72 -1.4268e-07
43.74 -1.55367e-07
43.76 -5.39551e-08
43.78 -1.20821e-09
43.8 -4.00806e-08
43.82 -4.12212e-08
43.84 3.8575e-08
43.86 6.66381e-08
43.88 -5.38785e-08
43.9 -1.90519e-07
43.92 -1.5699e-07
43.94 -2.40575e-08
43.96 -3.62258e-08
43.98 -2.00587e-07
44 -2.51703e-07
44.02 -8.18767e-08
44.04 9.33582e-08
44.06 7.13852e-08
44.08 -6.38513e-08
44.1 -9.94929e-08
44.12 9.71338e-09
44.14 9.81489e-08
44.16 3.76093e-08
44.18 -9.51322e-08
44.2 -1.50387e-07
44.22 -1.14145e-07
44.24 -9.68213e-08
44.26 -1.53619e-07
44.28 -2.25319e-07
44.3 -2.33295e-07
44.32 -1.66333e-07
44.34 -7.07902e-08
44.36 -1.63804e-08
44.38 -3.0609e-08
44.4 -2.12831e-08
44.42 9.52373e-08
44.44 2.32321e-07
44.46 2.72726e-07
44.48 2.18974e-07
44.5 1.22354e-07
44.52 2.75121e-08
44.54 -2.95907e-08
44.56 -5.9468e-08
44.58 -1.03441e-07
44.6 -1.67656e-07
44.62 -2.05357e-07
44.64 -1.73776e-07
44.66 -9.90168e-08
44.68 -6.02826e-08
44.7 -8.85244e-08
44.72 -9.57871e-08
44.74 -1.39081e-08
44.76 8.05789e-08
44.78 9.01124e-08
44.8 2.01476e-08
44.82 -4.04904e-08
44.84 -1.01471e-08
44.86 9.05093e-08
44.88 1.53865e-07
44.9 1.12081e-07
44.92 2.04383e-08
44.94 -7.42993e-09
44.96 4.38367e-08
44.98 6.52254e-08
45 -1.55177e-08
45.02 -1.1513e-07
45.04 -9.93456e-08
45.06 2.55137e-08
45.08 1.05886e-07
45.1 3.58508e-08
45.12 -7.38137e-08
45.14 -4.94295e-08
45.16 6.15303e-08
45.18 6.72233e-08
45.2 -6.10633e-08
45.22 -1.20986e-07
45.24 3.47671e-08
45.26 2.62918e-07
45.28 3.17193e-07
45.3 1.73248e-07
45.32 6.21351e-08
45.34 1.50079e-07
45.36 2.45426e-07
45.38 9.76747e-08
45.4 -1.67739e-07
45.42 -2.10219e-07
45.44 4.42428e-08
45.46 2.21657e-07
45.48 2.55302e-08
45.5 -2.60395e-07
45.52 -2.10861e-07
45.54 7.02061e-08
45.56 1.24466e-07
45.58 -1.29306e-07
45.6 -2.80655e-07
45.62 -8.08135e-08
45.64 1.72517e-07
45.66 7.74211e-08
45.68 -2.44105e-07
45.7 -3.05612e-07
45.72 -4.20877e-09
45.74 2.09428e-07
45.76 2.75191e-09
45.78 -3.23753e-07
45.8 -2.55638e-07
45.82 1.52414e-07
45.84 3.36625e-07
45.86 8.53573e-08
45.88 -1.4405e-07
45.9 4.69552e-08
45.92 3.96388e-07
45.94 4.22671e-07
45.96 1.3252e-07
45.98 -7.72605e-08
46 -3.16235e-08
46.02 8.7023e-08
46.04 7.68319e-08
46.06 -3.98908e-08
46.08 -9.7469e-08
46.1 -8.09035e-08
46.12 -1.03763e-07
46.14 -1.72648e-07
46.16 -2.10473e-07
46.18 -1.51527e-07
46.2 7.2964e-09
46.22 1.23916e-07
46.24 3.95481e-08
46.26 -1.09845e-07
46.28 -3.60707e-08
46.3 1.75644e-07
46.32 1.89018e-07
46.34 6.25389e-09
46.36 -7.46947e-08
46.38 6.06742e-08
46.4 2.00535e-07
46.42 1.23124e-07
46.44 -5.73709e-08
46.46 -5.46927e-08
46.48 1.08264e-07
46.5 1.32191e-07
46.52 -4.75362e-08
46.54 -1.68643e-07
46.56 -6.4475e-08
46.58 9.52412e-08
46.6 6.70839e-08
46.62 -9.93693e-08
46.64 -1.46756e-07
46.66 -1.45492e-08
46.68 7.20113e-08
46.7 -4.57638e-08
46.72 -1.96378e-07
46.74 -1.30576e-07
46.76 6.51397e-08
46.78 1.19202e-07
46.8 1.09718e-08
46.82 -3.27999e-08
46.84 1.01604e-07
46.86 1.84239e-07
46.88 9.66277e-10
46.9 -2.251e-07
46.92 -1.77786e-07
46.94 7.73568e-08
46.96 2.09122e-07
46.98 6.41649e-08
47 -1.33667e-07
47.02 -1.17184e-07
47.04 6.12919e-08
47.06 1.39092e-07
47.08 -2.4736e-08
47.1 -2.36693e-07
47.12 -1.5882e-07
47.14 1.36781e-07
47.16 1.78023e-07
47.18 -1.45481e-07
47.2 -3.63554e-07
47.22 -1.3893e-07
47.24 2.15488e-07
47.26 1.96822e-07
47.28 -1.03476e-07
47.3 -1.344e-07
47.32 2.39232e-07
47.34 5.43529e-07
47.36 4.36295e-07
47.38 1.59321e-07
47.4 8.29227e-08
47.42 1.32153e-07
47.44 -1.13391e-08
47.46 -2.66007e-07
47.48 -2.23162e-07
47.5 1.03141e-07
47.52 2.09423e-07
47.54 -5.25654e-08
47.56 -1.93924e-07
47.58 5.50567e-08
47.6 2.7375e-07
47.62 7.64561e-08
47.64 -2.66635e-07
47.66 -2.93088e-07
47.68 -5.23838e-08
47.7 4.09279e-08
47.72 -1.31515e-07
47.74 -2.27998e-07
47.76 -1.56079e-08
47.78 2.31632e-07
47.8 1.67632e-07
47.82 -8.23337e-08
47.84 -1.46755e-07
47.86 1.17497e-08
47.88 8.01938e-08
47.9 -8.79761e-08
47.92 -2.25616e-07
47.94 -1.05491e-07
47.96 6.50668e-08
47.98 1.47104e-08
48 -1.34962e-07
48.02 -8.71993e-08
48.04 1.39311e-07
48.06 2.08666e-07
48.08 -3.66274e-08
48.1 -3.02934e-07
48.12 -2.09975e-07
48.14 1.71522e-07
48.16 3.10863e-07
48.18 -4.0922e-08
48.2 -3.86349e-07
48.22 -2.25847e-07
48.24 1.61263e-07
48.26 2.02282e-07
48.28 -1.05051e-07
48.3 -2.38026e-07
48.32 8.27325e-08
48.34 4.31163e-07
48.36 2.90165e-07
48.38 -1.12882e-07
48.4 -1.58175e-07
48.42 2.01004e-07
48.44 3.95312e-07
48.46 1.34541e-07
48.48 -1.86151e-07
48.5 -1.46806e-07
48.52 9.90896e-08
48.54 1.0305e-07
48.56 -2.0558e-07
48.58 -3.91531e-07
48.6 -1.86238e-07
48.62 8.26954e-08
48.64 2.23683e-09
48.66 -2.68733e-07
48.68 -2.20406e-07
48.7 1.6725e-07
48.72 3.48011e-07
48.74 7.33268e-08
48.76 -2.04889e-07
48.78 -3.43755e-08
48.8 3.08571e-07
48.82 2.72925e-07
48.84 -7.5448e-08
48.86 -1.92252e-07
48.88 8.19116e-08
48.9 3.02295e-07
48.92 1.29727e-07
48.94 -1.59122e-07
48.96 -1.28551e-07
48.98 1.50331e-07
49 2.35422e-07
49.02 3.7977e-09
49.04 -1.75811e-07
49.06 -3.13332e-08
49.08 2.02248e-07
49.1 1.63329e-07
49.12 -4.95729e-08
49.14 -4.53907e-08
49.16 2.01919e-07
49.18 3.05778e-07
49.2 6.98641e-08
49.22 -1.69079e-07
49.24 -5.68971e-08
49.26 1.68578e-07
49.28 8.01185e-08
49.3 -2.1494e-07
49.32 -2.70249e-07
49.34 -8.63262e-09
49.36 1.80611e-07
49.38 2.7777e-08
49.4 -2.11569e-07
49.42 -1.41064e-07
49.44 1.45016e-07
49.46 2.16998e-07
49.48 -1.03493e-08
49.5 -1.79093e-07
49.52 -6.8636e-08
49.54 8.72595e-08
49.56 2.86918e-08
49.58 -1.34873e-07
49.6 -1.75452e-07
49.62 -1.10957e-07
49.64 -1.35657e-07
49.66 -2.95285e-07
49.68 -3.89099e-07
49.7 -2.86744e-07
49.72 -1.38823e-07
49.74 -1.18536e-07
49.76 -1.59363e-07
49.78 -9.06362e-08
49.8 5.38214e-08
49.82 6.32975e-08
49.84 -8.14721e-08
49.86 -1.22245e-07
49.88 7.16077e-08
49.9 2.53662e-07
49.92 1.58905e-07
49.94 -7.26103e-08
49.96 -1.19527e-07
49.98 2.34665e-08
50 8.09602e-08
50.02 -6.82243e-08
50.04 -2.1486e-07
50.06 -1.1818e-07
50.08 1.21834e-07
50.1 1.64656e-07
50.12 -6.48515e-08
50.14 -2.43652e-07
50.16 -1.42987e-07
50.18 6.47786e-08
50.2 9.55758e-08
50.22 -7.60899e-08
50.24 -2.11545e-07
50.26 -1.20163e-07
50.28 7.22514e-08
50.3 9.64098e-08
50.32 -3.9099e-08
50.34 -6.72697e-08
50.36 7.70561e-08
50.38 1.58733e-07
50.4 5.81361e-08
50.42 -4.46526e-08
50.44 2.93427e-08
50.46 1.8397e-07
50.48 1.81738e-07
50.5 -7.77672e-09
50.52 -1.39391e-07
50.54 -3.93224e-08
50.56 1.48073e-07
50.58 1.72164e-07
50.6 3.76e-08
50.62 -1.73035e-08
50.64 8.55085e-08
50.66 1.51184e-07
50.68 5.78802e-08
50.7 -4.54185e-08
50.72 7.781e-10
50.74 1.09132e-07
50.76 8.99353e-08
50.78 -4.72632e-08
50.8 -1.00841e-07
50.82 -1.72651e-08
50.84 3.33697e-09
50.86 -1.32589e-07
50.88 -2.34571e-07
50.9 -1.6043e-07
50.92 -4.09634e-08
50.94 -4.89883e-08
50.96 -1.64105e-07
50.98 -2.30853e-07
51 -1.61349e-07
51.02 -4.45211e-08
51.04 -3.11019e-08
51.06 -1.11252e-07
51.08 -1.24571e-07
51.1 -3.03491e-08
51.12 3.57003e-08
51.14 -1.61256e-08
51.16 -1.18585e-07
51.18 -1.42606e-07
51.2 -5.13716e-08
51.22 3.91801e-08
51.24 1.34452e-08
51.26 -4.82057e-08
51.28 2.24535e-08
51.3 2.04425e-07
51.32 3.17308e-07
51.34 2.20623e-07
51.36 -1.10545e-07
51.38 -4.92233e-07
51.4 -6.1947e-07
51.42 -3.75172e-07
51.44 7.58833e-08
51.46 4.19789e-07
51.48 3.80445e-07
51.5 3.6189e-08
51.52 -1.18714e-07
51.54 1.49619e-07
51.56 3.92224e-07
51.58 1.89873e-07
51.6 -2.13716e-07
51.62 -3.06984e-07
51.64 8.11822e-09
51.66 3.25912e-07
51.68 2.96291e-07
51.7 6.40195e-08
51.72 2.32936e-09
51.74 1.58138e-07
51.76 2.23826e-07
51.78 3.3758e-08
51.8 -2.16614e-07
51.82 -2.73331e-07
51.84 -1.23373e-07
51.86 4.31634e-08
51.88 5.59802e-08
51.9 -4.98358e-08
51.92 -9.03053e-08
51.94 1.34526e-08
51.96 1.38787e-07
51.98 1.48653e-07
52 7.75146e-08
52.02 4.24603e-08
52.04 4.87528e-08
52.06 9.15784e-09
52.08 -8.22197e-08
52.1 -1.10171e-07
52.12 -2.14568e-08
52.14 3.49431e-08
52.16 -5.42393e-08
52.18 -1.266e-07
52.2 5.73725e-09
52.22 2.33885e-07
52.24 2.84358e-07
52.26 1.14697e-07
52.28 -2.49196e-08
52.3 3.41341e-08
52.32 1.50157e-07
52.34 9.5855e-08
52.36 -1.02041e-07
52.38 -1.88545e-07
52.4 -6.3439e-08
52.42 6.19015e-08
52.44 1.9304e-09
52.46 -9.57769e-08
52.48 -8.80935e-09
52.5 1.59891e-07
52.52 1.4272e-07
52.54 -6.43114e-08
52.56 -1.88517e-07
52.58 -9.95376e-08
52.6 8.35548e-10
52.62 -6.70414e-08
52.64 -1.95336e-07
52.66 -1.88365e-07
52.68 -5.81784e-08
52.7 1.97888e-08
52.72 -1.3635e-08
52.74 -6.94345e-08
52.76 -7.4134e-08
52.78 -4.59464e-08
52.8 -4.7437e-08
52.82 -8.3171e-08
52.84 -9.24348e-08
52.86 -6.09884e-08
52.88 -5.33413e-08
52.9 -8.0661e-08
52.92 -5.73872e-08
52.94 2.38501e-08
52.96 3.30052e-08
52.98 -5.93727e-08
53 -9.59976e-08
53.02 8.84573e-09
53.04 1.21087e-07
53.06 9.26213e-08
53.08 -2.656e-09
53.1 1.37993e-08
53.12 1.42008e-07
53.14 1.88965e-07
53.16 8.67759e-08
53.18 1.52218e-08
53.2 7.12256e-08
53.22 1.24315e-07
53.24 6.01114e-08
53.26 -4.74349e-08
53.28 -6.71148e-08
53.3 -1.43179e-08
53.32 -1.45027e-08
53.34 -1.09797e-07
53.36 -1.76493e-07
53.38 -1.04336e-07
53.4 4.17254e-09
53.42 -3.83985e-09
53.44 -7.91147e-08
53.46 -8.06787e-08
53.48 -1.07346e-08
53.5 1.98902e-08
53.52 -1.46254e-08
53.54 -2.88198e-08
53.56 1.6961e-08
53.58 5.30457e-08
53.6 1.34837e-08
53.62 -6.73238e-08
53.64 -1.05354e-07
53.66 -6.8498e-08
53.68 -1.98765e-08
53.7 -3.63916e-08
53.72 -6.98637e-08
53.74 -2.35158e-08
53.76 6.90817e-08
53.78 9.72882e-08
53.8 4.84299e-08
53.82 5.22157e-09
53.84 3.14206e-08
53.86 9.9337e-08
53.88 9.90193e-08
53.9 -6.26617e-09
53.92 -8.01253e-08
53.94 -1.00428e-08
53.96 9.69289e-08
53.98 8.14321e-08
54 -2.80944e-08
54.02 -7.15099e-08
54.04 9.21305e-09
54.06 9.99919e-08
54.08 8.86977e-08
54.1 1.27724e-08
54.12 5.69e-09
54.14 8.7356e-08
54.16 1.11674e-07
54.18 2.13939e-08
54.2 -7.0526e-08
54.22 -9.56867e-08
54.24 -8.86277e-08
54.26 -9.00283e-08
54.28 -1.10358e-07
54.3 -1.09795e-07
54.32 -6.26021e-08
54.34 -2.64582e-08
54.36 -5.18206e-08
54.38 -1.00317e-07
54.4 -1.02429e-07
54.42 -4.77122e-08
54.44 1.70757e-08
54.46 5.14954e-08
54.48 5.45772e-08
54.5 5.02448e-08
54.52 6.43136e-08
54.54 8.74164e-08
54.56 7.60453e-08
54.58 2.27945e-08
54.6 -1.57923e-08
54.62 1.67882e-08
54.64 7.98202e-08
54.66 7.6177e-08
54.68 -1.47356e-08
54.7 -1.12549e-07
54.72 -1.21547e-07
54.74 -6.50005e-08
54.76 -6.69046e-08
54.78 -1.44267e-07
54.8 -1.80692e-07
54.82 -1.26374e-07
54.84 -4.21913e-08
54.86 7.88777e-09
54.88 2.14082e-08
54.9 5.1681e-08
54.92 1.06119e-07
54.94 1.20635e-07
54.96 9.48173e-08
54.98 9.72423e-08
55 1.1437e-07
55.02 7.86808e-08
55.04 5.89509e-09
55.06 -2.18053e-08
55.08 7.90757e-09
55.1 2.47429e-08
55.12 6.56273e-09
55.14 -1.50823e-08
55.16 -1.75563e-08
55.18 2.36948e-10
55.2 2.5034e-08
55.22 5.16858e-08
55.24 7.50739e-08
55.26 8.46129e-08
55.28 7.65945e-08
55.3 5.38347e-08
55.32 4.09603e-08
55.34 6.50024e-08
55.36 7.58109e-08
55.38 9.42954e-09
55.4 -6.63107e-08
55.42 -4.6181e-08
55.44 2.09218e-08
55.46 1.7306e-08
55.48 -5.17271e-08
55.5 -1.06568e-07
55.52 -1.02816e-07
55.54 -6.11134e-08
55.56 -3.62969e-08
55.58 -3.52778e-08
55.6 -3.31137e-08
55.62 -9.67857e-09
55.64 1.59263e-08
55.66 -2.41585e-08
55.68 -1.06641e-07
55.7 -1.02508e-07
55.72 1.05939e-08
55.74 8.88726e-08
55.76 3.16714e-08
55.78 -6.81662e-08
55.8 -5.39748e-08
55.82 6.76662e-08
55.84 1.23898e-07
55.86 4.57488e-08
55.88 9.92442e-09
55.9 1.56678e-07
55.92 2.85818e-07
55.94 5.44555e-08
55.96 -4.25507e-07
55.98 -5.72359e-07
56 -2.0068e-07
56.02 2.00057e-07
56.04 1.80447e-07
56.06 -1.31169e-07
56.08 -2.15662e-07
56.1 1.16597e-07
56.12 4.42098e-07
56.14 3.39062e-07
56.16 -5.48624e-08
56.18 -2.37892e-07
56.2 -4.70878e-08
56.22 1.27514e-07
56.24 2.72013e-10
56.26 -1.92901e-07
56.28 -1.26032e-07
56.3 1.35046e-07
56.32 2.53338e-07
56.34 1.02732e-07
56.36 -5.82508e-08
56.38 -2.39001e-09
56.4 1.22452e-07
56.42 7.55134e-08
56.44 -5.95062e-08
56.46 -8.79031e-09
56.48 2.04813e-07
56.5 2.53863e-07
56.52 4.96976e-08
56.54 -9.42066e-08
56.56 3.74066e-08
56.58 2.2455e-07
56.6 1.3442e-07
56.62 -1.57324e-07
56.64 -2.54484e-07
56.66 -3.71952e-08
56.68 1.71948e-07
56.7 7.67965e-08
56.72 -1.69354e-07
56.74 -1.91404e-07
56.76 4.19027e-08
56.78 1.83057e-07
56.8 4.18976e-08
56.82 -1.30394e-07
56.84 -5.92723e-08
56.86 1.30015e-07
56.88 1.62593e-07
56.9 -5.93234e-09
56.92 -1.62429e-07
56.94 -1.16234e-07
56.96 2.08447e-09
56.98 -5.28486e-08
57 -2.24175e-07
57.02 -2.43458e-07
57.04 -8.63445e-08
57.06 -1.77973e-08
57.08 -1.28596e-07
57.1 -1.64827e-07
57.12 9.18222e-09
57.14 1.37957e-07
57.16 1.41471e-08
57.18 -1.69677e-07
57.2 -1.18774e-07
57.22 1.0355e-07
57.24 1.51273e-07
57.26 -6.81681e-08
57.28 -2.3357e-07
57.3 -8.65194e-08
57.32 1.69442e-07
57.34 1.59903e-07
57.36 -8.56729e-08
57.38 -1.64909e-07
57.4 6.68003e-08
57.42 2.64343e-07
57.44 1.39365e-07
57.46 -1.20487e-07
57.48 -1.58931e-07
57.5 4.12377e-08
57.52 1.73997e-07
57.54 6.14576e-08
57.56 -1.2342e-07
57.58 -1.17933e-07
57.6 5.68308e-08
57.62 1.47851e-07
57.64 4.72067e-08
57.66 -7.78887e-08
57.68 -4.88843e-08
57.7 6.39564e-08
57.72 7.02073e-08
57.74 -4.08437e-08
57.76 -9.911e-08
57.78 -2.68863e-08
57.8 4.82109e-08
57.82 9.17606e-09
57.84 -6.59146e-08
57.86 -4.4256e-08
57.88 4.21415e-08
57.9 5.08792e-08
57.92 -3.35843e-08
57.94 -6.95653e-08
57.96 6.65989e-09
57.98 7.27069e-08
58 2.28606e-08
58.02 -6.33485e-08
58.04 -5.97139e-08
58.06 1.77889e-08
58.08 5.35054e-08
58.1 3.1731e-09
58.12 -4.91898e-08
58.14 -2.28102e-08
58.16 3.92273e-08
58.18 4.38248e-08
58.2 -9.13677e-09
58.22 -3.32413e-08
58.24 8.09095e-09
58.26 4.74036e-08
58.28 2.29109e-08
58.3 -2.56506e-08
58.32 -2.29943e-08
58.34 2.461e-08
58.36 4.2689e-08
58.38 6.70025e-09
58.4 -2.31048e-08
58.42 3.56044e-10
58.44 3.92207e-08
58.46 3.35438e-08
58.48 -6.40248e-09
58.5 -1.94898e-08
58.52 1.24775e-08
58.54 3.90717e-08
58.56 1.99685e-08
58.58 -1.35249e-08
58.6 -9.21369e-09
58.62 2.46116e-08
58.64 3.46473e-08
58.66 7.25446e-09
58.68 -1.28931e-08
58.7 4.48282e-09
58.72 3.01866e-08
58.74 2.45301e-08
58.76 -1.72948e-09
58.78 -7.20817e-09
58.8 1.51213e-08
58.82 2.95008e-08
58.84 1.4588e-08
58.86 -5.13801e-09
58.88 5.26929e-10
58.9 2.14439e-08
58.92 2.50825e-08
58.94 7.14776e-09
58.96 -3.79245e-09
58.98 8.37209e-09
59 2.3797e-08
59.02 1.90361e-08
59.04 2.68166e-09
59.06 2.77017e-10
59.08 1.46138e-08
59.1 2.30046e-08
59.12 1.32384e-08
59.14 1.33841e-09
59.16 5.48547e-09
59.18 1.84173e-08
59.2 2.00854e-08
59.22 8.78323e-09
59.24 2.50944e-09
59.26 1.04782e-08
59.28 1.97819e-08
59.3 1.63515e-08
59.32 6.28226e-09
59.34 5.2933e-09
59.36 1.43496e-08
59.38 1.9182e-08
59.4 1.28451e-08
59.42 5.72277e-09
59.44 8.69795e-09
59.46 1.66838e-08
59.48 1.73623e-08
59.5 1.02675e-08
59.52 6.704e-09
59.54 1.18956e-08
59.56 1.74975e-08
59.58 1.5098e-08
59.6 8.92585e-09
59.62 8.62832e-09
59.64 1.43416e-08
59.66 1.71151e-08
59.68 1.30302e-08
59.7 8.78622e-09
59.72 1.08789e-08
59.74 1.58048e-08
59.76 1.60128e-08
59.78 1.15765e-08
59.8 9.5787e-09
59.82 1.29513e-08
59.84 1.63208e-08
59.86 1.46738e-08
59.88 1.09052e-08
59.9 1.09221e-08
59.92 1.45232e-08
59.94 1.61077e-08
59.96 1.34912e-08
59.98 3.78076e-09
