0.02 4.1597e-06
0.04 1.17837e-05
0.06 1.28976e-05
0.08 5.89949e-06
0.1 1.68873e-06
0.12 6.31356e-06
0.14 1.2203e-05
0.16 1.05508e-05
0.18 4.75337e-06
0.2 4.46743e-06
0.22 1.04899e-05
0.24 1.41553e-05
0.26 1.12269e-05
0.28 8.11929e-06
0.3 1.12555e-05
0.32 1.64069e-05
0.34 1.70621e-05
0.36 1.56821e-05
0.38 1.51311e-05
0.4 7.94303e-06
0.42 -1.00473e-05
0.44 -9.17646e-06
0.46 2.7889e-05
0.48 4.40439e-05
0.5 1.59831e-06
0.52 -4.16933e-05
0.54 -3.03599e-05
0.56 -8.94606e-06
0.58 -4.39611e-05
0.6 -8.08663e-05
0.62 -3.68348e-05
0.64 1.45588e-05
0.66 -1.79012e-05
0.68 -0.000111014
0.7 -0.000162483
0.72 -3.73836e-05
0.74 0.000141493
0.76 0.000100743
0.78 -5.42609e-05
0.8 1.47053e-05
0.82 0.000296859
0.84 0.000418206
0.86 0.000202813
0.88 -5.46604e-05
0.9 -3.44754e-05
0.92 0.000164173
0.94 0.000184331
0.96 -9.91122e-05
0.98 -0.000356886
1 -0.000245338
1.02 8.5896e-05
1.04 0.000173033
1.06 -0.000129933
1.08 -0.000434563
1.1 -0.000353609
1.12 -1.46366e-05
1.14 0.000176049
1.16 1.36915e-05
1.18 -0.00033207
1.2 -0.000360515
1.22 7.866e-05
1.24 0.000329304
1.26 -4.52002e-05
1.28 -0.000516062
1.3 -0.000455839
1.32 5.19603e-05
1.34 0.000452706
1.36 0.000325516
1.38 -0.000137262
1.4 -0.000309913
1.42 1.17176e-05
1.44 0.000267577
1.46 -0.000108518
1.48 -0.000805033
1.5 -0.000966986
1.52 -0.000424382
1.54 2.15964e-05
1.56 -0.000243061
1.58 -0.000746589
1.6 -0.00061992
1.62 6.37531e-05
1.64 0.000367621
1.66 -6.61033e-05
1.68 -0.000522575
1.7 -0.000335659
1.72 0.000136388
1.74 9.15764e-05
1.76 -0.00039172
1.78 -0.000482881
1.8 -7.91939e-05
1.82 5.02165e-05
1.84 -0.000391293
1.86 -0.000722959
1.88 -0.000261328
1.9 0.000467681
1.92 0.000265586
1.94 -0.000750469
1.96 -0.00107311
1.98 -0.000202814
2 0.00039664
2.02 -0.000383965
2.04 -0.00145049
2.06 -0.00121646
2.08 -0.00012372
2.1 7.44896e-05
2.12 -0.000851088
2.14 -0.00128512
2.16 -0.000453046
2.18 0.000443216
2.2 0.000220459
2.22 -0.000654349
2.24 -0.000876168
2.26 -0.000168814
2.28 0.000223028
2.3 -0.000499332
2.32 -0.00128618
2.34 -0.000964232
2.36 -1.46937e-05
2.38 0.000209255
2.4 -0.000683538
2.42 -0.00145041
2.44 -0.000907735
2.46 0.000168213
2.48 0.000234592
2.5 -0.00054724
2.52 -0.000711096
2.54 4.67508e-05
2.56 0.000575478
2.58 0.000367351
2.6 0.000289553
2.62 0.000940445
2.64 0.00161254
2.66 0.00152147
2.68 0.00114833
2.7 0.00146315
2.72 0.00233686
2.74 0.00284697
2.76 0.00271877
2.78 0.00248678
2.8 0.00263948
2.82 0.0031018
2.84 0.00342729
2.86 0.00337773
2.88 0.0030543
2.9 0.00269818
2.92 0.00268111
2.94 0.00297548
2.96 0.00297951
2.98 0.00257091
3 0.00239617
3.02 0.00231787
3.04 0.00154013
3.06 0.000603507
3.08 0.00043631
3.1 0.00053286
3.12 2.12562e-08
3.14 -0.001007
3.16 -0.00170721
3.18 -0.00186641
3.2 -0.00199365
3.22 -0.00250516
3.24 -0.00318125
3.26 -0.00352008
3.28 -0.00340931
3.3 -0.00309836
3.32 -0.00288947
3.34 -0.0028353
3.36 -0.00236964
3.38 -0.00129351
3.4 -0.000496027
3.42 -0.000534544
3.44 -0.000418373
3.46 0.00102889
3.48 0.00284088
3.5 0.00298367
3.52 0.00170941
3.54 0.00129568
3.56 0.00249819
3.58 0.00363088
3.6 0.00331444
3.62 0.00249924
3.64 0.00237271
3.66 0.00181831
3.68 0.000255229
3.7 -0.000455142
3.72 9.41341e-05
3.74 -7.52967e-05
3.76 -0.00154696
3.78 -0.0025225
3.8 -0.00185563
3.82 -0.000955783
3.84 -0.00142402
3.86 -0.00262933
3.88 -0.00305815
3.9 -0.00244747
3.92 -0.00197007
3.94 -0.00253643
3.96 -0.00348868
3.98 -0.00329512
4 -0.00147368
4.02 -1.20844e-06
4.04 -0.000808985
4.06 -0.00223237
4.08 -0.00142005
4.1 0.000976918
4.12 0.00193827
4.14 0.000791448
4.16 -0.000106456
4.18 0.000547285
4.2 0.000910555
4.22 -0.000443936
4.24 -0.00187167
4.26 -0.00162013
4.28 -0.000533696
4.3 -0.000392102
4.32 -0.000781608
4.34 0.000108336
4.36 0.00153976
4.38 0.0012191
4.4 -0.000542032
4.42 -0.0013885
4.44 -0.000492972
4.46 0.000763124
4.48 0.00116511
4.5 0.000355122
4.52 -0.00122316
4.54 -0.00177097
4.56 -0.000485336
4.58 0.000824
4.6 0.000328915
4.62 -0.00116735
4.64 -0.00109319
4.66 0.000998446
4.68 0.00230002
4.7 0.00118383
4.72 -0.000207508
4.74 0.000505591
4.76 0.00241856
4.78 0.00255562
4.8 0.00012473
4.82 -0.00165395
4.84 -0.000154885
4.86 0.00231253
4.88 0.00200894
4.9 -0.000577123
4.92 -0.00178194
4.94 -0.000377843
4.96 0.00109408
4.98 0.000320844
5 -0.00187493
5.02 -0.00291834
5.04 -0.00202048
5.06 -0.000752465
5.08 -9.55954e-06
5.1 0.000440933
5.12 0.000339953
5.14 -0.000163896
5.16 -0.000165591
5.18 0.000520593
5.2 0.00113945
5.22 0.0011751
5.24 0.000594637
5.26 -0.000646488
5.28 -0.00156463
5.3 -0.000731469
5.32 0.00116653
5.34 0.00195046
5.36 0.000858799
5.38 -0.000517597
5.4 -0.000414646
5.42 0.000775382
5.44 0.00145406
5.46 0.00108471
5.48 0.000458371
5.5 0.000462246
5.52 0.00101835
5.54 0.0012101
5.56 0.000526036
5.58 -0.000313121
5.6 -0.000298527
5.62 0.000348341
5.64 0.000674765
5.66 0.000407381
5.68 -9.50729e-05
5.7 -0.000319133
5.72 -2.45073e-05
5.74 0.000311951
5.76 0.00011167
5.78 -0.000475091
5.8 -0.000748705
5.82 -0.000296561
5.84 0.0002728
5.86 7.88785e-06
5.88 -0.000888511
5.9 -0.00128669
5.92 -0.000642121
5.94 0.000495033
5.96 0.00101026
5.98 0.000588986
6 0.000306067
6.02 0.000802384
6.04 0.00132598
6.06 0.00129092
6.08 0.000878015
6.1 0.000437353
6.12 0.000503408
6.14 0.00115531
6.16 0.00152827
6.18 0.00067676
6.2 -0.00104425
6.22 -0.0017943
6.24 -0.00094611
6.26 -0.000360956
6.28 -0.00132144
6.3 -0.00234145
6.32 -0.00150658
6.34 0.000249422
6.36 0.000489485
6.38 -0.000854637
6.4 -0.00156276
6.42 -0.000549441
6.44 0.000761956
6.46 0.000576512
6.48 -0.000929872
6.5 -0.00202707
6.52 -0.00166845
6.54 -0.00084646
6.56 -0.000923698
6.58 -0.00131027
6.6 -0.00100184
6.62 -0.000517266
6.64 -0.000373287
6.66 -3.43823e-05
6.68 0.000688113
6.7 0.000950723
6.72 7.18472e-05
6.74 -0.00131285
6.76 -0.00165864
6.78 -0.000490682
6.8 0.000698583
6.82 0.000371717
6.84 -0.000826853
6.86 -0.000946663
6.88 0.000229666
6.9 0.000822349
6.92 -0.000262737
6.94 -0.00163249
6.96 -0.00130099
6.98 0.000451978
7 0.00137787
7.02 0.000337461
7.04 -0.00108889
7.06 -0.000804164
7.08 0.000770517
7.1 0.00146233
7.12 0.00056829
7.14 -0.000416017
7.16 -4.83707e-05
7.18 0.00115309
7.2 0.00154989
7.22 0.000736001
7.24 3.58626e-05
7.26 0.000371489
7.28 0.000785351
7.3 0.000263422
7.32 -0.000379225
7.34 6.56097e-06
7.36 0.00093568
7.38 0.00104628
7.4 0.000189046
7.42 -0.000433446
7.44 -8.98183e-05
7.46 0.000539631
7.48 0.000355073
7.5 -0.000488337
7.52 -0.000763765
7.54 -0.000202047
7.56 0.000171614
7.58 -0.00012806
7.6 -0.000324606
7.62 0.000218612
7.64 0.000952387
7.66 0.00111533
7.68 0.000744872
7.7 0.000325382
7.72 0.000174969
7.74 0.000267909
7.76 0.000539497
7.78 0.000876411
7.8 0.000905562
7.82 0.000549305
7.84 0.000153886
7.86 -0.000140492
7.88 -0.000302793
7.9 -0.00021874
7.92 -5.99153e-05
7.94 -9.12109e-05
7.96 -0.000221981
7.98 -0.000250762
8 -0.00016032
8.02 1.31662e-05
8.04 0.000228326
8.06 0.000302066
8.08 0.000135302
8.1 -7.53233e-06
8.12 0.000124512
8.14 0.000330687
8.16 0.000287363
8.18 0.000139129
8.2 0.000312133
8.22 0.000674549
8.24 0.000364599
8.26 -0.00070381
8.28 -0.00110726
8.3 -0.000122439
8.32 0.000982897
8.34 0.000841371
8.36 -0.000233487
8.38 -0.000749831
8.4 2.33536e-06
8.42 0.000982722
8.44 0.000766065
8.46 -0.000606455
8.48 -0.00142523
8.5 -0.000465914
8.52 0.00101805
8.54 0.000998713
8.56 -0.00026769
8.58 -0.000701863
8.6 0.000503696
8.62 0.00170727
8.64 0.00108028
8.66 -0.00050857
8.68 -0.000559882
8.7 0.00109518
8.72 0.00199713
8.74 0.000831118
8.76 -0.00073344
8.78 -0.000561473
8.8 0.000864836
8.82 0.00120473
8.84 -0.000280569
8.86 -0.00174037
8.88 -0.00127544
8.9 0.000531599
8.92 0.00118751
8.94 -6.02193e-05
8.96 -0.00110962
8.98 -0.000502609
9 0.000633022
9.02 0.000579992
9.04 -0.000610268
9.06 -0.00118433
9.08 -0.000161784
9.1 0.000966344
9.12 0.000373044
9.14 -0.00111993
9.16 -0.00134988
9.18 -0.000250868
9.2 0.000293828
9.22 -0.000541636
9.24 -0.00141969
9.26 -0.000935948
9.28 0.000298633
9.3 0.000680876
9.32 -2.36468e-05
9.34 -0.000539642
9.36 6.88633e-06
9.38 0.000826732
9.4 0.000578621
9.42 -0.000491952
9.44 -0.000755017
9.46 0.000249321
9.48 0.000906158
9.5 1.0425e-05
9.52 -0.00119232
9.54 -0.000931214
9.56 0.00027008
9.58 0.000714853
9.6 0.000307229
9.62 1.74252e-05
9.64 -3.72687e-05
9.66 -0.000301374
9.68 -0.000664134
9.7 -0.000728026
9.72 -0.000430645
9.74 7.33446e-05
9.76 0.000171952
9.78 -0.000661966
9.8 -0.0014023
9.82 -0.000842498
9.84 0.000287679
9.86 0.000654788
9.88 0.00019811
9.9 -0.000143337
9.92 0.000160433
9.94 0.000444027
9.96 6.87191e-05
9.98 -0.000328279
10 7.2477e-05
10.02 0.000842307
10.04 0.000915802
10.06 0.000201953
10.08 -0.000366277
10.1 -0.000246477
10.12 8.89561e-05
10.14 -9.71299e-05
10.16 -0.000685683
10.18 -0.000762681
10.2 -0.000142184
10.22 0.000209016
10.24 -0.000274705
10.26 -0.000883488
10.28 -0.000713912
10.3 5.62956e-05
10.32 0.000494632
10.34 0.000169013
10.36 -0.000326194
10.38 -0.000228195
10.4 0.000295292
10.42 0.000522118
10.44 0.000283032
10.46 3.37561e-05
10.48 0.000135039
10.5 0.000452454
10.52 0.000590432
10.54 0.000341392
10.56 -0.000169549
10.58 -0.000465079
10.6 -0.000100002
10.62 0.000522322
10.64 0.000533302
10.66 -3.8241e-05
10.68 -0.000371589
10.7 -0.000182703
10.72 5.62498e-05
10.74 -1.34928e-05
10.76 -0.000275813
10.78 -0.000331787
10.8 6.44252e-05
10.82 0.0005388
10.84 0.000504137
10.86 -1.17787e-05
10.88 -0.000482651
10.9 -0.000451697
10.92 1.84492e-05
10.94 0.000313068
10.96 5.90074e-05
10.98 -0.00034174
11 -0.000334717
11.02 -2.63002e-05
11.04 6.30127e-05
11.06 -0.000166822
11.08 -0.000300877
11.1 -7.99969e-05
11.12 0.000289532
11.14 0.000460149
11.16 0.000338788
11.18 0.000166548
11.2 0.000202124
11.22 0.000399526
11.24 0.000413318
11.26 2.98067e-05
11.28 -0.000411554
11.3 -0.000398365
11.32 -1.88845e-05
11.34 0.000136469
11.36 -0.000193999
11.38 -0.00058638
11.4 -0.000438209
11.42 0.000187851
11.44 0.000502239
11.46 8.40006e-05
11.48 -0.000462396
11.5 -0.000370941
11.52 0.000188123
11.54 0.000431263
11.56 0.000129069
11.58 -0.000142892
11.6 9.78725e-05
11.62 0.000578896
11.64 0.000671747
11.66 0.000269372
11.68 -6.57277e-05
11.7 6.05018e-05
11.72 0.000354815
11.74 0.000332777
11.76 -4.19799e-05
11.78 -0.000395782
11.8 -0.000433913
11.82 -0.000288
11.84 -0.000272163
11.86 -0.000408292
11.88 -0.000463112
11.9 -0.000262651
11.92 0.000124716
11.94 0.000378353
11.96 0.000263853
11.98 -1.94407e-05
12 -0.000108318
12.02 5.69692e-05
12.04 0.000237126
12.06 0.000202161
12.08 1.47794e-05
12.1 -7.81027e-05
12.12 -2.75304e-05
12.14 6.8456e-05
12.16 0.000188811
12.18 0.000259951
12.2 0.000167713
12.22 -2.11705e-05
12.24 -0.00016085
12.26 -0.000218683
12.28 -0.000252837
12.3 -0.000323176
12.32 -0.000411521
12.34 -0.000430955
12.36 -0.000338056
12.38 -0.000184196
12.4 -5.61966e-05
12.42 1.26479e-05
12.44 6.38689e-05
12.46 0.000123334
12.48 0.000163556
12.5 0.000188462
12.52 0.000227071
12.54 0.000248503
12.56 0.000209104
12.58 0.000166667
12.6 0.000210584
12.62 0.000308602
12.64 0.000321784
12.66 0.000149367
12.68 -9.25571e-05
12.7 -0.000167092
12.72 -6.03723e-05
12.74 2.51612e-06
12.76 -0.000119449
12.78 -0.000301418
12.8 -0.000288393
12.82 9.48759e-06
12.84 0.000329516
12.86 0.000282938
12.88 -9.18255e-05
12.9 -0.000293771
12.92 -3.28565e-05
12.94 0.000342781
12.96 0.000298627
12.98 -0.00010509
13 -0.000295857
13.02 -4.76368e-05
13.04 0.000235336
13.06 0.000164181
13.08 -8.7236e-05
13.1 -0.000107432
13.12 0.000144828
13.14 0.000326578
13.16 0.000193884
13.18 -9.18781e-05
13.2 -0.000188121
13.22 8.31103e-06
13.24 0.000250317
13.26 0.000240633
13.28 -1.93281e-05
13.3 -0.000264518
13.32 -0.000261369
13.34 -6.10121e-05
13.36 8.22103e-05
13.38 6.37035e-05
13.4 -5.1154e-06
13.42 -2.51283e-05
13.44 1.23263e-05
13.46 4.71798e-05
13.48 -1.74174e-05
13.5 -0.000150964
13.52 -0.0001674
13.54 -1.84209e-05
13.56 8.66638e-05
13.58 -1.7392e-05
13.6 -0.000213318
13.62 -0.000247733
13.64 -7.11623e-05
13.66 8.59932e-05
13.68 1.69604e-05
13.7 -0.00019083
13.72 -0.000257749
13.74 -8.18183e-05
13.76 0.000141097
13.78 0.00019648
13.8 0.000105347
13.82 4.55012e-05
13.84 9.59867e-05
13.86 0.000136796
13.88 2.8176e-05
13.9 -0.000151922
13.92 -0.000180877
13.94 -1.63497e-05
13.96 0.000140547
13.98 0.000114693
14 -2.90516e-05
14.02 -4.21407e-05
14.04 0.000206136
14.06 0.000477636
14.08 0.000450634
14.1 0.000180297
14.12 -5.5088e-05
14.14 -0.000141025
14.16 -0.000104235
14.18 -5.33245e-06
14.2 3.05479e-05
14.22 -0.000105875
14.24 -0.000319629
14.26 -0.000361929
14.28 -0.000165894
14.3 2.7308e-05
14.32 -2.39314e-05
14.34 -0.000266466
14.36 -0.000397491
14.38 -0.000234116
14.4 -2.73274e-06
14.42 -4.18689e-05
14.44 -0.000306277
14.46 -0.000394041
14.48 -0.000130436
14.5 0.000162165
14.52 0.000165142
14.54 -6.24916e-06
14.56 -4.74788e-05
14.58 7.72612e-05
14.6 0.000136695
14.62 5.81913e-05
14.64 5.38838e-05
14.66 0.000227862
14.68 0.000335141
14.7 7.5654e-05
14.72 -0.000423595
14.74 -0.000593072
14.76 -0.000188725
14.78 0.000243397
14.8 8.34329e-05
14.82 -0.000477527
14.84 -0.000619686
14.86 -7.59289e-05
14.88 0.000373979
14.9 5.92297e-05
14.92 -0.000494277
14.94 -0.000357764
14.96 0.000303123
14.98 0.000508471
15 -3.04309e-06
15.02 -0.000463555
15.04 -0.000255645
15.06 0.000224722
15.08 0.000236043
15.1 -0.000206292
15.12 -0.000402609
15.14 1.51333e-05
15.16 0.00054924
15.18 0.000491104
15.2 -5.47035e-05
15.22 -0.000313444
15.24 -2.23282e-06
15.26 0.000313415
15.28 9.62843e-05
15.3 -0.000418487
15.32 -0.000556384
15.34 -0.000150831
15.36 0.000219179
15.38 9.40664e-05
15.4 -0.000232057
15.42 -0.000200093
15.44 0.000178665
15.46 0.000350263
15.48 3.41396e-05
15.5 -0.000365372
15.52 -0.00028015
15.54 0.000198065
15.56 0.000419201
15.58 0.000151092
15.6 -0.00011749
15.62 2.16072e-05
15.64 0.000311483
15.66 0.000251945
15.68 -0.000125913
15.7 -0.000271628
15.72 5.75386e-05
15.74 0.000449025
15.76 0.000407483
15.78 2.14604e-05
15.8 -0.00016091
15.82 7.85368e-05
15.84 0.000325137
15.86 0.000162812
15.88 -0.000193157
15.9 -0.000225428
15.92 0.000107526
15.94 0.000353171
15.96 0.000239823
15.98 1.54858e-05
16 3.00095e-05
16.02 0.000251284
16.04 0.000341074
16.06 0.000136152
16.08 -8.87973e-05
16.1 -2.38149e-05
16.12 0.000188201
16.14 0.000166824
16.16 -9.17129e-05
16.18 -0.000176269
16.2 9.27095e-05
16.22 0.000362768
16.24 0.000252664
16.26 -0.000125272
16.28 -0.000322834
16.3 -9.79214e-05
16.32 0.000284656
16.34 0.000334312
16.36 -2.85306e-05
16.38 -0.000335156
16.4 -0.00019387
16.42 0.000143608
16.44 0.000148017
16.46 -0.000202347
16.48 -0.000432795
16.5 -0.00030963
16.52 -0.000164446
16.54 -0.000329806
16.56 -0.000579508
16.58 -0.000485213
16.6 -0.000126376
16.62 1.6216e-06
16.64 -0.000276836
16.66 -0.000543039
16.68 -0.000280046
16.7 0.000459263
16.72 0.000975751
16.74 0.000835916
16.76 0.000550116
16.78 0.000749168
16.8 0.00121062
16.82 0.0012858
16.84 0.000774369
16.86 -3.60402e-05
16.88 -0.000518432
16.9 -0.000115931
16.92 0.000577945
16.94 0.000377248
16.96 -0.000548481
16.98 -0.000886981
17 -0.000234357
17.02 0.000369603
17.04 3.9095e-05
17.06 -0.000770243
17.08 -0.000957061
17.1 -0.000371974
17.12 -7.66838e-05
17.14 -0.000688262
17.16 -0.00128667
17.18 -0.000815918
17.2 9.40115e-05
17.22 4.67329e-05
17.24 -0.000840168
17.26 -0.00110031
17.28 -0.00030302
17.3 0.000333494
17.32 -2.83112e-05
17.34 -0.000635557
17.36 -0.000336382
17.38 0.000731954
17.4 0.00131105
17.42 0.000860681
17.44 0.000330511
17.46 0.000649345
17.48 0.00128473
17.5 0.00114784
17.52 0.000367845
17.54 3.28066e-05
17.56 0.000367544
17.58 0.000472935
17.6 -7.81137e-05
17.62 -0.000672116
17.64 -0.000673225
17.66 -0.000259553
17.68 -0.00011337
17.7 -0.000475529
17.72 -0.000872285
17.74 -0.000829363
17.76 -0.000480918
17.78 -0.000303975
17.8 -0.000470343
17.82 -0.000651793
17.84 -0.000434734
17.86 8.14469e-05
17.88 0.000321185
17.9 4.73353e-05
17.92 -0.000250313
17.94 -3.72747e-05
17.96 0.000537774
17.98 0.000831776
18 0.000554071
18.02 0.000151664
18.04 0.000175073
18.06 0.000522072
18.08 0.000564683
18.1 3.45288e-06
18.12 -0.000618695
18.14 -0.000550767
18.16 4.07023e-05
18.18 0.00025649
18.2 -0.00023357
18.22 -0.000814525
18.24 -0.00087648
18.26 -0.000619543
18.28 -0.000628209
18.3 -0.000930056
18.32 -0.000894337
18.34 -0.000101002
18.36 0.000850681
18.38 0.000946366
18.4 0.000344477
18.42 0.00022842
18.44 0.000971362
18.46 0.00164454
18.48 0.00126335
18.5 2.62537e-05
18.52 -0.000696383
18.54 -3.13112e-05
18.56 0.000971642
18.58 0.000740895
18.6 -0.000501132
18.62 -0.00112074
18.64 -0.000416616
18.66 0.000444487
18.68 0.000149693
18.7 -0.000905469
18.72 -0.00126831
18.74 -0.000557919
18.76 2.11417e-05
18.78 -0.000501291
18.8 -0.00125128
18.82 -0.000670107
18.84 0.000876126
18.86 0.00143108
18.88 0.000563093
18.9 -5.68627e-05
18.92 0.000657149
18.94 0.00171763
18.96 0.00165055
18.98 0.000585932
19 -8.84182e-05
19.02 0.00027058
19.04 0.000848223
19.06 0.000568388
19.08 -0.00042695
19.1 -0.000874716
19.12 -0.000242003
19.14 0.000368906
19.16 -7.1503e-05
19.18 -0.000943926
19.2 -0.00101427
19.22 -0.000361438
19.24 -0.000170554
19.26 -0.000749632
19.28 -0.00105571
19.3 -0.000485065
19.32 0.000197923
19.34 0.000123646
19.36 -0.000487897
19.38 -0.000718191
19.4 -0.000226004
19.42 0.000296862
19.44 0.000226235
19.46 -4.63222e-05
19.48 0.000152968
19.5 0.000661579
19.52 0.000755223
19.54 0.000283976
19.56 -6.59511e-05
19.58 0.000199042
19.6 0.000555661
19.62 0.000310288
19.64 -0.000117983
19.66 4.4651e-05
19.68 0.000445356
19.7 0.000211038
19.72 -0.000515069
19.74 -0.000755492
19.76 -0.000176102
19.78 0.00038929
19.8 6.97976e-05
19.82 -0.000776877
19.84 -0.000946859
19.86 -0.000113961
19.88 0.000706102
19.9 0.000597713
19.92 -7.84916e-05
19.94 -0.000235511
19.96 0.000370823
19.98 0.000787929
20 0.000371498
20.02 -0.000228187
20.04 -0.000106936
20.06 0.000556895
20.08 0.000723506
20.1 -0.000143999
20.12 -0.00119078
20.14 -0.00113176
20.16 1.23166e-05
20.18 0.000924154
20.2 0.000507526
20.22 -0.000747738
20.24 -0.00117484
20.26 -0.000188349
20.28 0.000736595
20.3 0.000207541
20.32 -0.000874093
20.34 -0.000719161
20.36 0.000435319
20.38 0.000852218
20.4 0.000124427
20.42 -0.000430917
20.44 0.000127001
20.46 0.00108817
20.48 0.00114372
20.5 0.00014481
20.52 -0.000669801
20.54 -0.000398925
20.56 0.000238549
20.58 0.000378429
20.6 0.000219482
20.62 -6.8932e-05
20.64 -0.000539515
20.66 -0.000803648
20.68 -0.000712481
20.7 -0.000447642
20.72 3.44038e-05
20.74 0.000357631
20.76 -4.81536e-05
20.78 -0.000642655
20.8 -0.000471238
20.82 0.00013034
20.84 0.000137909
20.86 -0.00036822
20.88 -0.000328025
20.9 0.000489522
20.92 0.00105104
20.94 0.000707491
20.96 0.000118988
20.98 0.000225449
21 0.000794643
21.02 0.00066688
21.04 -0.000235918
21.06 -0.000595169
21.08 0.000139654
21.1 0.000847185
21.12 0.000382395
21.14 -0.000736258
21.16 -0.000930271
21.18 0.000114224
21.2 0.000800615
21.22 -8.17633e-06
21.24 -0.00123279
21.26 -0.0012013
21.28 -9.38743e-05
21.3 0.000439778
21.32 -0.000234316
21.34 -0.000793803
21.36 -5.40393e-05
21.38 0.00108947
21.4 0.00116118
21.42 0.00025759
21.44 -0.000495037
21.46 -0.000265701
21.48 0.000682357
21.5 0.000945156
21.52 -0.0001178
21.54 -0.00118022
21.56 -0.000977842
21.58 -0.000144737
21.6 5.1949e-05
21.62 -0.000401482
21.64 -0.000614243
21.66 -0.000257593
21.68 0.00012224
21.7 9.92204e-05
21.72 -4.39504e-06
21.74 0.000168578
21.76 0.000276734
21.78 -8.12026e-05
21.8 -0.000483791
21.82 -0.000294795
21.84 0.000198616
21.86 0.000209039
21.88 -0.000263203
21.9 -0.000460357
21.92 -3.04524e-05
21.94 0.000507444
21.96 0.00048385
21.98 1.12638e-05
22 -0.0001633
22.02 0.000248534
22.04 0.000688346
22.06 0.000524374
22.08 -0.000147321
22.1 -0.000577568
22.12 -0.00031083
22.14 0.000159292
22.16 0.000136614
22.18 -0.000265696
22.2 -0.000416701
22.22 -0.000110843
22.24 0.000221735
22.26 0.000146536
22.28 -0.000177149
22.3 -0.000243063
22.32 6.77326e-05
22.34 0.00038045
22.36 0.000355469
22.38 0.000115731
22.4 7.01116e-05
22.42 0.000320332
22.44 0.000490139
22.46 0.000305897
22.48 4.12071e-05
22.5 4.27672e-05
22.52 0.000178025
22.54 0.000117386
22.56 -0.000129414
22.58 -0.000247411
22.6 -9.23578e-05
22.62 9.32556e-05
22.64 3.03819e-05
22.66 -0.000197463
22.68 -0.000272936
22.7 -0.000116431
22.72 1.19507e-05
22.74 -7.6177e-05
22.76 -0.000252942
22.78 -0.000293887
22.8 -0.000173732
22.82 -5.64081e-05
22.84 -3.76199e-05
22.86 -5.37234e-05
22.88 -2.34834e-05
22.9 3.74638e-05
22.92 5.36756e-05
22.94 2.54536e-05
22.96 4.03856e-05
22.98 0.000124106
23 0.00017345
23.02 9.38426e-05
23.04 -5.20368e-05
23.06 -0.000122651
23.08 -9.41839e-05
23.1 -6.7904e-05
23.12 -8.66649e-05
23.14 -9.20775e-05
23.16 -7.02438e-05
23.18 -6.6084e-05
23.2 -5.72126e-05
23.22 2.1695e-05
23.24 0.000135389
23.26 0.000178741
23.28 0.000145832
23.3 0.000120693
23.32 0.000127535
23.34 0.000115809
23.36 5.85603e-05
23.38 -2.08361e-05
23.4 -0.000114786
23.42 -0.000223673
23.44 -0.000273399
23.46 -0.000181654
23.48 -1.74561e-05
23.5 3.32576e-05
23.52 -9.20511e-05
23.54 -0.000208076
23.56 -0.000113832
23.58 0.000113636
23.6 0.000220156
23.62 0.000113884
23.64 -2.72842e-05
23.66 -1.25573e-05
23.68 0.000123792
23.7 0.000218904
23.72 0.000180471
23.74 5.65903e-05
23.76 -2.45018e-05
23.78 3.65837e-07
23.8 6.15873e-05
23.82 6.91028e-05
23.84 1.59321e-05
23.86 -6.12046e-05
23.88 -0.00012565
23.9 -0.000130337
23.92 -5.11533e-05
23.94 3.47008e-05
23.96 -1.22998e-05
23.98 -0.000171787
24 -0.000219941
24.02 -2.24893e-05
24.04 0.000277014
24.06 0.000360431
24.08 0.000120138
24.1 -0.000139012
24.12 -0.000134964
24.14 3.05978e-05
24.16 0.000124998
24.18 7.32499e-05
24.2 -6.88179e-05
24.22 -0.000171503
24.24 -0.000122201
24.26 2.4106e-05
24.28 0.000127621
24.3 0.000125094
24.32 3.98164e-05
24.34 -7.93398e-05
24.36 -0.000175595
24.38 -0.000179385
24.4 -9.58371e-05
24.42 -1.96782e-05
24.44 4.9355e-06
24.46 2.05848e-05
24.48 3.66817e-05
24.5 8.27953e-06
24.52 -5.23907e-05
24.54 -7.38097e-05
24.56 -2.41043e-05
24.58 5.82312e-05
24.6 9.72527e-05
24.62 5.64546e-05
24.64 6.93958e-06
24.66 4.49448e-05
24.68 0.000131733
24.7 0.000114195
24.72 -4.58117e-05
24.74 -0.00016818
24.76 -9.0228e-05
24.78 0.000102987
24.8 0.00019894
24.82 0.000120149
24.84 1.31673e-05
24.86 4.98895e-05
24.88 0.000174422
24.9 0.000189253
24.92 7.3163e-05
24.94 4.03585e-06
24.96 7.4675e-05
24.98 0.000172032
25 0.000149879
25.02 3.56876e-05
25.04 -1.31449e-05
25.06 6.58147e-05
25.08 0.000150402
25.1 0.000101247
25.12 -2.21194e-05
25.14 -3.46876e-05
25.16 8.63763e-05
25.18 0.000158269
25.2 6.30476e-05
25.22 -9.2374e-05
25.24 -0.000128468
25.26 -3.98876e-05
25.28 -2.21843e-07
25.3 -0.000111971
25.32 -0.000252768
25.34 -0.000219706
25.36 -1.08143e-05
25.38 0.000134867
25.4 4.24057e-05
25.42 -0.000149906
25.44 -0.000168465
25.46 1.32646e-06
25.48 0.000100811
25.5 -1.55896e-05
25.52 -0.000172773
25.54 -0.000129571
25.56 6.77579e-05
25.58 0.000166768
25.6 7.34942e-05
25.62 -3.80759e-05
25.64 1.13603e-05
25.66 0.000152182
25.68 0.000167327
25.7 1.20907e-05
25.72 -0.000110412
25.74 -4.84132e-05
25.76 7.23643e-05
25.78 4.85659e-05
25.8 -9.66932e-05
25.82 -0.000162665
25.84 -5.97683e-05
25.86 8.44317e-05
25.88 9.49002e-05
25.9 -3.92179e-05
25.92 -0.00015231
25.94 -0.000109846
25.96 1.57075e-05
25.98 4.14609e-05
26 -8.14737e-05
26.02 -0.000203312
26.04 -0.000176745
26.06 -5.01706e-05
26.08 2.0461e-05
26.1 -2.93139e-05
26.12 -0.000128165
26.14 -0.000158131
26.16 -8.676e-05
26.18 -4.85315e-06
26.2 5.28627e-07
26.22 -4.51577e-05
26.24 -6.05847e-05
26.26 -1.76774e-05
26.28 3.53418e-05
26.3 3.32845e-05
26.32 -1.95475e-05
26.34 -4.81775e-05
26.36 -2.24023e-05
26.38 -1.37604e-06
26.4 -3.24196e-05
26.42 -8.05494e-05
26.44 -8.65886e-05
26.46 -4.52318e-05
26.48 1.03088e-05
26.5 4.75634e-05
26.52 3.63518e-05
26.54 -1.8574e-05
26.56 -5.34586e-05
26.58 -4.52025e-06
26.6 0.000107214
26.62 0.00017118
26.64 0.00011204
26.66 -1.15907e-06
26.68 -3.5442e-05
26.7 3.84125e-05
26.72 0.000103349
26.74 5.26997e-05
26.76 -5.75907e-05
26.78 -9.77921e-05
26.8 -3.89611e-05
26.82 2.40714e-05
26.84 -6.24081e-06
26.86 -9.6881e-05
26.88 -0.000128548
26.9 -7.19588e-05
26.92 -7.37954e-06
26.94 6.79216e-06
26.96 -4.95287e-06
26.98 -1.90054e-06
27 1.1319e-06
27.02 -1.34246e-05
27.04 -1.02049e-05
27.06 2.44132e-05
27.08 3.50636e-05
27.1 -1.45709e-05
27.12 -6.56761e-05
27.14 -3.7361e-05
27.16 4.43612e-05
27.18 6.56061e-05
27.2 -1.64622e-05
27.22 -0.000103214
27.24 -8.36721e-05
27.26 9.97391e-06
27.28 5.12202e-05
27.3 -4.40073e-06
27.32 -6.69404e-05
27.34 -3.46903e-05
27.36 6.76707e-05
27.38 0.000120417
27.4 6.66548e-05
27.42 -1.7777e-05
27.44 -1.27802e-05
27.46 8.56198e-05
27.48 0.000137612
27.5 5.46461e-05
27.52 -7.57708e-05
27.54 -0.000120448
27.56 -6.92272e-05
27.58 -2.98848e-05
27.6 -7.51071e-05
27.62 -0.000149293
27.64 -0.000160205
27.66 -0.000105387
27.68 -6.08757e-05
27.7 -6.91105e-05
27.72 -7.83662e-05
27.74 -1.64962e-05
27.76 9.84769e-05
27.78 0.000164505
27.8 0.000126558
27.82 5.95182e-05
27.84 6.49582e-05
27.86 0.00012367
27.88 0.0001221
27.9 2.73132e-05
27.92 -5.84483e-05
27.94 -4.54827e-05
27.96 3.06124e-05
27.98 6.35831e-05
28 6.54488e-06
28.02 -6.22682e-05
28.04 -4.61744e-05
28.06 2.10779e-05
28.08 2.81044e-05
28.1 -4.94908e-05
28.12 -0.000103764
28.14 -4.25534e-05
28.16 5.28673e-05
28.18 4.29106e-05
28.2 -3.87531e-05
28.22 -4.11732e-05
28.24 6.76923e-05
28.26 0.000169955
28.28 0.000167127
28.3 0.000102841
28.32 9.25539e-05
28.34 0.000150379
28.36 0.000110939
28.38 -0.000131662
28.4 -0.000344802
28.42 -0.000223662
28.44 0.000106025
28.46 0.000192991
28.48 -8.40773e-05
28.5 -0.000317391
28.52 -0.0001535
28.54 0.000202834
28.56 0.000297226
28.58 5.60473e-05
28.6 -0.000175292
28.62 -0.000134327
28.64 5.81188e-05
28.66 0.000148238
28.68 8.43288e-05
28.7 6.18793e-06
28.72 2.27958e-05
28.74 6.40075e-05
28.76 -6.91499e-06
28.78 -0.000141912
28.8 -0.000126553
28.82 5.97891e-05
28.84 0.000152334
28.86 1.2009e-05
28.88 -0.000144218
28.9 -7.17768e-05
28.92 0.000151399
28.94 0.0002464
28.96 0.000114021
28.98 -5.76144e-05
29 -8.03437e-05
29.02 1.31287e-05
29.04 9.2898e-05
29.06 0.000104024
29.08 6.22342e-05
29.1 2.1193e-06
29.12 -4.0571e-05
29.14 -5.12079e-05
29.16 -4.73174e-05
29.18 -5.25482e-05
29.2 -6.44581e-05
29.22 -6.0126e-05
29.24 -4.55691e-05
29.26 -5.47449e-05
29.28 -7.25212e-05
29.3 -4.5872e-05
29.32 5.3769e-06
29.34 8.57466e-07
29.36 -5.90647e-05
29.38 -6.94748e-05
29.4 2.16136e-05
29.42 0.000110601
29.44 7.56357e-05
29.46 -3.85474e-05
29.48 -7.44789e-05
29.5 1.3358e-05
29.52 9.53025e-05
29.54 4.58117e-05
29.56 -0.000101381
29.58 -0.000188146
29.6 -0.000111755
29.62 3.30259e-05
29.64 5.68029e-05
29.66 -7.43365e-05
29.68 -0.000181173
29.7 -0.000119558
29.72 1.29131e-05
29.74 3.11823e-05
29.76 -7.07722e-05
29.78 -0.000122102
29.8 -3.264e-05
29.82 8.16746e-05
29.84 8.42992e-05
29.86 5.35898e-06
29.88 -2.41466e-05
29.9 4.19276e-05
29.92 0.000121755
29.94 0.000123337
29.96 5.34469e-05
29.98 -8.99139e-06
30 -2.66089e-05
30.02 -3.63835e-05
30.04 -6.99125e-05
30.06 -0.00010267
30.08 -0.000105695
30.1 -8.68893e-05
30.12 -5.94146e-05
30.14 -2.02715e-05
30.16 2.5977e-05
30.18 5.6306e-05
30.2 5.68552e-05
30.22 3.71987e-05
30.24 2.06164e-05
30.26 3.29355e-05
30.28 7.50433e-05
30.3 0.000111642
30.32 0.000112809
30.34 8.07798e-05
30.36 4.16696e-05
30.38 2.56533e-05
30.4 2.79409e-05
30.42 1.33375e-05
30.44 -4.05174e-05
30.46 -0.000115189
30.48 -0.000152292
30.5 -0.000112226
30.52 -3.0197e-05
30.54 1.57772e-05
30.56 -8.52135e-06
30.58 -4.89008e-05
30.6 -2.9421e-05
30.62 4.71101e-05
30.64 0.000106953
30.66 0.000101817
30.68 6.08727e-05
30.7 4.85537e-05
30.72 7.98037e-05
30.74 8.54552e-05
30.76 1.70929e-05
30.78 -5.11007e-05
30.8 -3.34529e-05
30.82 2.73588e-05
30.84 3.78724e-05
30.86 -9.5297e-06
30.88 -3.89571e-05
30.9 1.17198e-05
30.92 0.000108604
30.94 0.000143757
30.96 7.08222e-05
30.98 -2.06373e-05
31 -2.88535e-05
31.02 1.96873e-05
31.04 2.94143e-05
31.06 -2.24568e-05
31.08 -7.7343e-05
31.1 -8.1938e-05
31.12 -3.37377e-05
31.14 2.7536e-05
31.16 5.33159e-05
31.18 3.17296e-05
31.2 7.45317e-07
31.22 8.45724e-07
31.24 2.92668e-05
31.26 5.42279e-05
31.28 4.92613e-05
31.3 1.71855e-05
31.32 -5.12224e-06
31.34 1.31841e-05
31.36 5.24093e-05
31.38 5.87125e-05
31.4 2.34261e-05
31.42 8.30339e-06
31.44 4.18546e-05
31.46 6.60387e-05
31.48 3.63745e-05
31.5 -1.72638e-05
31.52 -4.74884e-05
31.54 -4.11545e-05
31.56 -2.13532e-05
31.58 -2.12567e-05
31.6 -4.29781e-05
31.62 -5.21381e-05
31.64 -3.53858e-05
31.66 -2.74285e-05
31.68 -5.19805e-05
31.7 -8.2668e-05
31.72 -8.26571e-05
31.74 -5.12658e-05
31.76 -2.26661e-05
31.78 -2.45207e-05
31.8 -4.26994e-05
31.82 -4.56206e-05
31.84 -2.94083e-05
31.86 -5.94952e-06
31.88 1.98675e-05
31.9 3.62594e-05
31.92 2.8559e-05
31.94 8.27798e-06
31.96 9.77029e-06
31.98 4.28918e-05
32 6.74974e-05
32.02 4.1873e-05
32.04 -1.78188e-05
32.06 -5.30515e-05
32.08 -3.77222e-05
32.1 -8.73407e-06
32.12 -1.52475e-05
32.14 -5.94781e-05
32.16 -9.04381e-05
32.18 -6.5305e-05
32.2 -1.35475e-05
32.22 -3.84733e-06
32.24 -4.83763e-05
32.26 -8.46459e-05
32.28 -6.24281e-05
32.3 -1.33764e-05
32.32 -8.88761e-06
32.34 -6.22053e-05
32.36 -0.000103902
32.38 -7.80432e-05
32.4 -2.69184e-05
32.42 -2.43074e-05
32.44 -6.70696e-05
32.46 -8.66427e-05
32.48 -4.54589e-05
32.5 6.08344e-06
32.52 -7.49449e-06
32.54 -6.79297e-05
32.56 -7.58631e-05
32.58 -4.24747e-06
32.6 5.19996e-05
32.62 2.13236e-05
32.64 -3.36154e-05
32.66 -1.24266e-05
32.68 7.05306e-05
32.7 0.000105405
32.72 4.30886e-05
32.74 -4.04633e-05
32.76 -5.87189e-05
32.78 -2.63655e-05
32.8 -1.21103e-05
32.82 -3.75457e-05
32.84 -5.5119e-05
32.86 -1.77338e-05
32.88 5.23024e-05
32.9 9.58226e-05
32.92 8.83223e-05
32.94 5.55199e-05
32.96 3.72402e-05
32.98 4.3936e-05
33 4.56342e-05
33.02 1.45083e-05
33.04 -2.77869e-05
33.06 -3.41743e-05
33.08 -1.85437e-06
33.1 1.68633e-05
33.12 -1.40856e-05
33.14 -5.79863e-05
33.16 -5.08348e-05
33.18 9.12876e-07
33.2 2.89605e-05
33.22 9.26882e-06
33.24 -1.52085e-05
33.26 -7.28599e-06
33.28 1.40232e-05
33.3 5.73701e-07
33.32 -4.44037e-05
33.34 -4.86988e-05
33.36 2.30454e-05
33.38 9.32858e-05
33.4 6.62833e-05
33.42 -3.09171e-05
33.44 -7.04572e-05
33.46 3.35178e-06
33.48 8.40842e-05
33.5 4.71027e-05
33.52 -6.58591e-05
33.54 -0.000107165
33.56 -3.09887e-05
33.58 6.3063e-05
33.6 6.87734e-05
33.62 -5.07569e-06
33.64 -5.81037e-05
33.66 -3.50121e-05
33.68 3.62077e-06
33.7 -1.81788e-05
33.72 -7.24241e-05
33.74 -7.97433e-05
33.76 -3.25272e-05
33.78 1.39483e-05
33.8 3.02843e-05
33.82 3.20573e-05
33.84 3.81711e-05
33.86 5.16216e-05
33.88 6.34903e-05
33.9 6.46041e-05
33.92 5.99037e-05
33.94 5.86229e-05
33.96 5.90708e-05
33.98 6.00888e-05
34 6.44569e-05
34.02 6.15957e-05
34.04 4.07172e-05
34.06 1.77518e-05
34.08 8.07999e-06
34.1 -1.76696e-06
34.12 -1.63236e-05
34.14 -2.17982e-05
34.16 -2.00309e-05
34.18 -2.09902e-05
34.2 -2.11603e-05
34.22 -1.31195e-05
34.24 -5.50639e-06
34.26 -1.33943e-05
34.28 -2.83546e-05
34.3 -2.1884e-05
34.32 7.63495e-06
34.34 2.09335e-05
34.36 2.13265e-07
34.38 -7.07617e-06
34.4 4.00463e-05
34.42 9.83274e-05
34.44 0.000100344
34.46 5.32554e-05
34.48 2.19575e-05
34.5 3.10972e-05
34.52 3.58535e-05
34.54 -2.85383e-06
34.56 -5.69652e-05
34.58 -6.53866e-05
34.6 -1.36778e-05
34.62 4.4773e-05
34.64 4.93828e-05
34.66 1.83606e-06
34.68 -3.7559e-05
34.7 -2.79245e-05
34.72 6.42753e-07
34.74 -7.42295e-06
34.76 -5.40148e-05
34.78 -7.88381e-05
34.8 -3.96075e-05
34.82 2.14728e-05
34.84 3.6588e-05
34.86 1.11539e-05
34.88 -7.19521e-07
34.9 1.99329e-05
34.92 5.01104e-05
34.94 6.41194e-05
34.96 5.92038e-05
34.98 5.38095e-05
35 5.23769e-05
35.02 3.78845e-05
35.04 1.24237e-05
35.06 -2.75757e-06
35.08 -8.61667e-06
35.1 -2.33824e-05
35.12 -4.59473e-05
35.14 -6.4113e-05
35.16 -7.86405e-05
35.18 -8.73534e-05
35.2 -7.67393e-05
35.22 -4.2741e-05
35.24 -4.51803e-06
35.26 8.72444e-06
35.28 -9.4384e-06
35.3 -2.89022e-05
35.32 -1.35064e-05
35.34 2.33851e-05
35.36 2.55323e-05
35.38 -1.40626e-05
35.4 -2.94506e-05
35.42 1.75791e-05
35.44 7.73295e-05
35.46 7.62091e-05
35.48 1.48786e-05
35.5 -2.88349e-05
35.52 -1.33111e-05
35.54 1.0467e-05
35.56 -1.12541e-05
35.58 -6.28001e-05
35.6 -9.77744e-05
35.62 -9.48449e-05
35.64 -6.82455e-05
35.66 -4.58037e-05
35.68 -4.18632e-05
35.7 -5.01247e-05
35.72 -4.80231e-05
35.74 -2.60579e-05
35.76 -1.68321e-05
35.78 -3.17334e-05
35.8 -1.28839e-05
35.82 5.26127e-05
35.84 6.89135e-05
35.86 -5.93049e-06
35.88 -7.1421e-05
35.9 -5.00865e-05
35.92 2.44715e-06
35.94 2.21905e-05
35.96 4.14383e-05
35.98 8.14656e-05
36 7.00619e-05
36.02 -1.48309e-05
36.04 -6.24283e-05
36.06 -5.08799e-06
36.08 7.59192e-05
36.1 9.27985e-05
36.12 6.17621e-05
36.14 2.404e-05
36.16 -2.07885e-05
36.18 -3.67819e-05
36.2 3.2423e-05
36.22 0.000120852
36.24 0.000105357
36.26 -8.22055e-06
36.28 -0.000109196
36.3 -0.000121314
36.32 -7.42879e-05
36.34 -5.89714e-05
36.36 -9.2698e-05
36.38 -9.90076e-05
36.4 -3.87177e-05
36.42 4.19264e-05
36.44 7.67373e-05
36.46 2.84181e-05
36.48 -5.48141e-05
36.5 -2.72497e-05
36.52 0.000162978
36.54 0.000311302
36.56 0.000210318
36.58 -7.90748e-06
36.6 -4.53372e-05
36.62 0.000118683
36.64 0.000191445
36.66 2.60507e-05
36.68 -0.00015209
36.7 -0.000137174
36.72 -5.14258e-05
36.74 -5.94148e-05
36.76 -7.14293e-05
36.78 2.3609e-05
36.8 7.85022e-05
36.82 -5.63915e-05
36.84 -0.000205108
36.86 -0.000126807
36.88 6.1023e-05
36.9 4.93601e-05
36.92 -0.000176796
36.94 -0.000300251
36.96 -0.000127394
36.98 0.000169202
37 0.000273766
37.02 8.17608e-05
37.04 -0.000132896
37.06 -2.6342e-05
37.08 0.000302582
37.1 0.00037499
37.12 4.69885e-05
37.14 -0.000251046
37.16 -0.000155546
37.18 0.000119342
37.2 0.000136235
37.22 -0.000153037
37.24 -0.000408913
37.26 -0.000335596
37.28 1.87955e-06
37.3 0.000232266
37.32 9.45647e-05
37.34 -0.000219031
37.36 -0.000295717
37.38 -6.30979e-05
37.4 0.000134378
37.42 5.11004e-05
37.44 -0.000137169
37.46 -0.000124058
37.48 9.42013e-05
37.5 0.000239295
37.52 0.000134426
37.54 -5.89715e-05
37.56 -4.82064e-05
37.58 0.000190179
37.6 0.000338716
37.62 0.00016629
37.64 -0.000127718
37.66 -0.000201592
37.68 -1.6653e-05
37.7 0.000174529
37.72 0.000138962
37.74 -7.05539e-05
37.76 -0.000178899
37.78 -4.99278e-05
37.8 0.00013388
37.82 9.47237e-05
37.84 -0.00017901
37.86 -0.000361497
37.88 -0.000212729
37.9 5.15258e-05
37.92 9.16609e-05
37.94 -6.46163e-05
37.96 -0.000143075
37.98 -3.93489e-05
38 9.56298e-05
38.02 9.79411e-05
38.04 -8.30455e-06
38.06 -6.35956e-05
38.08 3.23719e-06
38.1 8.50189e-05
38.12 6.69402e-05
38.14 -2.33453e-05
38.16 -6.44878e-05
38.18 9.74977e-06
38.2 0.000122097
38.22 0.000153036
38.24 8.99625e-05
38.26 8.00003e-06
38.28 -4.03847e-05
38.3 -6.39898e-05
38.32 -8.16222e-05
38.34 -7.56519e-05
38.36 -3.50179e-05
38.38 -6.39345e-06
38.4 -2.43479e-05
38.42 -3.83656e-05
38.44 1.559e-05
38.46 0.000109556
38.48 0.000135973
38.5 4.5054e-05
38.52 -7.33026e-05
38.54 -9.75234e-05
38.56 -2.89764e-05
38.58 1.40712e-05
38.6 -4.89912e-05
38.62 -0.000148866
38.64 -0.000150439
38.66 -4.53929e-05
38.68 3.68419e-05
38.7 8.9583e-06
38.72 -6.62221e-05
38.74 -6.11389e-05
38.76 4.45458e-05
38.78 0.000129517
38.8 9.36286e-05
38.82 -7.68519e-06
38.84 -5.08579e-05
38.86 -1.78374e-05
38.88 8.47974e-07
38.9 -4.404e-05
38.92 -9.92757e-05
38.94 -9.95925e-05
38.96 -4.99302e-05
38.98 7.65698e-07
39 2.70154e-05
39.02 4.43149e-05
39.04 7.59284e-05
39.06 0.000119953
39.08 0.000153238
39.1 0.000160334
39.12 0.000139048
39.14 8.44935e-05
39.16 2.22156e-06
39.18 -6.53984e-05
39.2 -7.0361e-05
39.22 -2.53908e-05
39.24 1.60759e-06
39.26 -2.46824e-05
39.28 -5.81695e-05
39.3 -4.09429e-05
39.32 7.69382e-06
39.34 1.96369e-05
39.36 -2.63568e-05
39.38 -8.06597e-05
39.4 -8.28969e-05
39.42 -2.92608e-05
39.44 1.71777e-05
39.46 -1.70595e-06
39.48 -5.63434e-05
39.5 -5.98769e-05
39.52 1.35426e-05
39.54 8.48014e-05
39.56 6.92544e-05
39.58 -8.6989e-06
39.6 -4.04836e-05
39.62 3.24041e-05
39.64 0.000138071
39.66 0.00015674
39.68 7.9257e-05
39.7 1.98015e-05
39.72 5.24684e-05
39.74 0.000103103
39.76 6.21604e-05
39.78 -4.40301e-05
39.8 -9.14227e-05
39.82 -3.93135e-05
39.84 2.45119e-05
39.86 9.82074e-06
39.88 -6.14495e-05
39.9 -9.10457e-05
39.92 -3.88871e-05
39.94 3.15989e-05
39.96 4.34972e-05
39.98 -5.4909e-06
40 -4.93851e-05
40.02 -3.43638e-05
40.04 1.54103e-05
40.06 3.23925e-05
40.08 -7.93051e-06
40.1 -5.05467e-05
40.12 -2.3045e-05
40.14 5.38061e-05
40.16 7.945e-05
40.18 2.35168e-05
40.2 -3.16939e-05
40.22 -2.23745e-05
40.24 1.55369e-05
40.26 1.09484e-05
40.28 -4.50901e-05
40.3 -8.63489e-05
40.32 -6.106e-05
40.34 -5.1647e-06
40.36 8.70893e-06
40.38 -2.92509e-05
40.4 -5.23555e-05
40.42 -2.75771e-06
40.44 8.26679e-05
40.46 0.000114062
40.48 7.1539e-05
40.5 2.53198e-05
40.52 3.49346e-05
40.54 6.48331e-05
40.56 3.69282e-05
40.58 -3.16295e-05
40.6 -3.99905e-05
40.62 2.64357e-05
40.64 5.76718e-05
40.66 -2.59529e-05
40.68 -0.000150689
40.7 -0.00016729
40.72 -6.22874e-05
40.74 1.15554e-05
40.76 -5.09193e-05
40.78 -0.000166704
40.8 -0.000172622
40.82 -3.93707e-05
40.84 9.01982e-05
40.86 8.98653e-05
40.88 4.07893e-06
40.9 -3.84437e-05
40.92 4.44596e-06
40.94 6.794e-05
40.96 7.66057e-05
40.98 3.18314e-05
41 8.38727e-06
41.02 4.32193e-05
41.04 7.35333e-05
41.06 4.12935e-05
41.08 -1.59499e-05
41.1 -2.69736e-05
41.12 1.59457e-05
41.14 4.5548e-05
41.16 7.85405e-06
41.18 -6.34064e-05
41.2 -9.4111e-05
41.22 -6.75315e-05
41.24 -3.6325e-05
41.26 -4.26715e-05
41.28 -7.08143e-05
41.3 -8.03296e-05
41.32 -5.35464e-05
41.34 -1.44132e-05
41.36 -1.12854e-06
41.38 -1.33824e-05
41.4 -1.546e-05
41.42 1.21011e-05
41.44 5.31871e-05
41.46 7.85046e-05
41.48 7.53996e-05
41.5 5.71354e-05
41.52 4.69295e-05
41.54 5.46747e-05
41.56 6.91416e-05
41.58 6.81183e-05
41.6 3.82921e-05
41.62 -3.348e-06
41.64 -2.224e-05
41.66 -9.47563e-06
41.68 7.17545e-06
41.7 -1.77811e-06
41.72 -3.65752e-05
41.74 -7.34921e-05
41.76 -8.83616e-05
41.78 -7.61135e-05
41.8 -5.82547e-05
41.82 -5.25304e-05
41.84 -4.06756e-05
41.86 -1.892e-06
41.88 4.20757e-05
41.9 5.40994e-05
41.92 4.01149e-05
41.94 4.05035e-05
41.96 6.90459e-05
41.98 9.31017e-05
42 7.6764e-05
42.02 2.88139e-05
42.04 -8.35006e-06
42.06 -1.40529e-05
42.08 -8.68375e-06
42.1 -1.32972e-05
42.12 -1.87589e-05
42.14 -7.08204e-06
42.16 1.60698e-05
42.18 2.23336e-05
42.2 -1.33444e-06
42.22 -2.77965e-05
42.24 -2.64298e-05
42.26 -8.08217e-06
42.28 -1.03281e-05
42.3 -4.49656e-05
42.32 -7.97375e-05
42.34 -7.64708e-05
42.36 -3.41102e-05
42.38 4.43578e-06
42.4 2.21772e-06
42.42 -1.52861e-05
42.44 -2.13252e-06
42.46 3.32742e-05
42.48 4.63585e-05
42.5 2.1575e-05
42.52 -4.09571e-06
42.54 1.05144e-05
42.56 5.01219e-05
42.58 6.18214e-05
42.6 2.94991e-05
42.62 -8.8239e-07
42.64 1.25169e-05
42.66 4.45254e-05
42.68 4.28777e-05
42.7 7.65732e-06
42.72 -1.00453e-05
42.74 1.39645e-05
42.76 3.59273e-05
42.78 9.15689e-06
42.8 -3.55417e-05
42.82 -3.42338e-05
42.84 2.41545e-06
42.86 4.57176e-06
42.88 -4.58146e-05
42.9 -8.76543e-05
42.92 -6.61767e-05
42.94 -1.0725e-05
42.96 -5.91934e-07
42.98 -5.37328e-05
43 -9.26728e-05
43.02 -4.87865e-05
43.04 3.75131e-05
43.06 6.71015e-05
43.08 1.39547e-05
43.1 -3.91947e-05
43.12 -1.06056e-05
43.14 6.64903e-05
43.16 9.16256e-05
43.18 3.89241e-05
43.2 -1.63086e-05
43.22 -8.18234e-06
43.24 3.57905e-05
43.26 3.80663e-05
43.28 -1.95432e-05
43.3 -7.1953e-05
43.32 -6.63276e-05
43.34 -3.17289e-05
43.36 -3.145e-05
43.38 -7.312e-05
43.4 -9.84388e-05
43.42 -6.23252e-05
43.44 6.19448e-06
43.46 3.8686e-05
43.48 1.76495e-05
43.5 -1.86828e-06
43.52 2.56755e-05
43.54 7.03445e-05
43.56 7.03156e-05
43.58 2.04936e-05
43.6 -2.25297e-05
43.62 -1.74916e-05
43.64 1.27413e-05
43.66 1.85189e-05
43.68 -1.02015e-05
43.7 -3.82034e-05
43.72 -3.51834e-05
43.74 -9.49659e-06
43.76 3.077e-06
43.78 -1.44497e-05
43.8 -3.04877e-05
43.82 -1.18584e-05
43.84 2.14405e-05
43.86 2.15106e-05
43.88 -1.98866e-05
43.9 -5.35959e-05
43.92 -3.71843e-05
43.94 2.41659e-06
43.96 2.88605e-06
43.98 -4.03436e-05
44 -6.40174e-05
44.02 -3.00321e-05
44.04 2.11144e-05
44.06 2.86906e-05
44.08 -8.83631e-06
44.1 -3.69878e-05
44.12 -1.77562e-05
44.14 2.12569e-05
44.16 2.58127e-05
44.18 -1.27082e-05
44.2 -4.83483e-05
44.22 -4.31602e-05
44.24 -1.51114e-05
44.26 -9.41003e-06
44.28 -3.81318e-05
44.3 -6.50402e-05
44.32 -5.255e-05
44.34 -9.79949e-06
44.36 1.57464e-05
44.38 -1.23846e-06
44.4 -2.35772e-05
44.42 -3.03329e-06
44.44 4.6338e-05
44.46 7.05505e-05
44.48 4.74718e-05
44.5 5.39146e-06
44.52 -1.45102e-05
44.54 -4.48287e-06
44.56 3.72336e-06
44.58 -1.57317e-05
44.6 -4.71729e-05
44.62 -5.54639e-05
44.64 -3.26002e-05
44.66 -7.35583e-06
44.68 -8.40272e-06
44.7 -2.85061e-05
44.72 -3.18345e-05
44.74 -4.61347e-06
44.76 2.30692e-05
44.78 2.09154e-05
44.8 -3.99098e-06
44.82 -1.9814e-05
44.84 -6.82591e-06
44.86 2.08206e-05
44.88 3.26159e-05
44.9 1.75421e-05
44.92 -4.64654e-06
44.94 -7.7671e-06
44.96 7.55765e-06
44.98 1.46225e-05
45 -3.09842e-06
45.02 -2.76302e-05
45.04 -2.77661e-05
45.06 -3.40559e-07
45.08 2.25599e-05
45.1 1.17542e-05
45.12 -1.68423e-05
45.14 -2.18552e-05
45.16 2.0463e-06
45.18 1.71048e-05
45.2 -1.6507e-06
45.22 -2.65515e-05
45.24 -1.23515e-05
45.26 3.75095e-05
45.28 7.00565e-05
45.3 4.93322e-05
45.32 6.97493e-06
45.34 2.71204e-06
45.36 3.25025e-05
45.38 3.51208e-05
45.4 -1.11976e-05
45.42 -5.16237e-05
45.44 -2.65007e-05
45.46 3.10819e-05
45.48 3.41091e-05
45.5 -2.50342e-05
45.52 -6.34943e-05
45.54 -3.05522e-05
45.56 2.12252e-05
45.58 1.69156e-05
45.6 -3.32962e-05
45.62 -5.29609e-05
45.64 -1.18816e-05
45.66 2.72374e-05
45.68 2.81533e-06
45.7 -5.04336e-05
45.72 -5.27722e-05
45.74 1.17488e-06
45.76 3.11941e-05
45.78 -9.64225e-06
45.8 -5.88291e-05
45.82 -3.52509e-05
45.84 3.75243e-05
45.86 6.53266e-05
45.88 2.07079e-05
45.9 -2.15585e-05
45.92 6.0988e-06
45.94 7.14526e-05
45.96 8.65574e-05
45.98 2.29207e-05
46 -5.06635e-05
46.02 -4.9074e-05
46.04 1.80989e-05
46.06 5.42788e-05
46.08 8.18605e-06
46.1 -6.37678e-05
46.12 -7.52513e-05
46.14 -2.15273e-05
46.16 1.43733e-05
46.18 -1.41095e-05
46.2 -4.70839e-05
46.22 -2.07772e-05
46.24 2.78451e-05
46.26 2.9641e-05
46.28 -5.30983e-06
46.3 -1.96748e-05
46.32 4.01309e-06
46.34 3.25657e-05
46.36 2.78482e-05
46.38 -1.97774e-06
46.4 -1.31798e-05
46.42 6.93463e-06
46.44 2.59435e-05
46.46 1.88281e-05
46.48 -4.3128e-06
46.5 -1.79835e-05
46.52 -1.03398e-05
46.54 2.98435e-06
46.56 1.14432e-06
46.58 -1.20708e-05
46.6 -1.75436e-05
46.62 -9.06603e-06
46.64 3.47665e-07
46.66 -2.89303e-06
46.68 -1.59774e-05
46.7 -2.56396e-05
46.72 -2.21721e-05
46.74 -7.72422e-06
46.76 1.84951e-06
46.78 -7.76047e-07
46.8 -2.41441e-06
46.82 8.21092e-06
46.84 2.47159e-05
46.86 2.14314e-05
46.88 -1.19771e-05
46.9 -4.00665e-05
46.92 -2.9233e-05
46.94 7.54402e-06
46.96 2.97634e-05
46.98 1.40451e-05
47 -1.81175e-05
47.02 -2.74721e-05
47.04 -4.65057e-06
47.06 2.01037e-05
47.08 7.35553e-06
47.1 -3.52898e-05
47.12 -4.48728e-05
47.14 1.16155e-06
47.16 3.43556e-05
47.18 -1.57807e-06
47.2 -6.06227e-05
47.22 -5.7488e-05
47.24 9.64239e-06
47.26 5.16818e-05
47.28 1.86579e-05
47.3 -2.61543e-05
47.32 -1.9275e-06
47.34 7.43358e-05
47.36 0.000113908
47.38 7.35833e-05
47.4 3.59392e-06
47.42 -2.85086e-05
47.44 -2.13942e-05
47.46 -1.26751e-05
47.48 -1.17114e-05
47.5 -7.30869e-06
47.52 -4.28791e-06
47.54 -7.13348e-06
47.56 2.30083e-07
47.58 1.81657e-05
47.6 1.81638e-05
47.62 -8.67358e-06
47.64 -3.33845e-05
47.66 -3.32506e-05
47.68 -2.1627e-05
47.7 -2.09654e-05
47.72 -2.94042e-05
47.74 -2.38445e-05
47.76 3.16865e-06
47.78 2.47892e-05
47.8 1.66074e-05
47.82 -7.0546e-06
47.84 -1.58292e-05
47.86 -6.61587e-06
47.88 -3.26263e-06
47.9 -1.85666e-05
47.92 -3.08505e-05
47.94 -1.96501e-05
47.96 -3.21298e-06
47.98 -6.31266e-06
48 -1.82981e-05
48.02 -1.10966e-05
48.04 1.57794e-05
48.06 2.73039e-05
48.08 -2.42905e-06
48.1 -4.69498e-05
48.12 -4.80776e-05
48.14 9.41668e-06
48.16 5.41399e-05
48.18 1.57258e-05
48.2 -5.96985e-05
48.22 -6.97704e-05
48.24 -4.94883e-06
48.26 4.57361e-05
48.28 1.96089e-05
48.3 -3.68524e-05
48.32 -2.85565e-05
48.34 4.47687e-05
48.36 8.03144e-05
48.38 2.81646e-05
48.4 -3.59438e-05
48.42 -2.26902e-05
48.44 4.53186e-05
48.46 6.99151e-05
48.48 1.46112e-05
48.5 -5.16362e-05
48.52 -4.8948e-05
48.54 4.2181e-06
48.56 1.78076e-05
48.58 -3.36891e-05
48.6 -7.6387e-05
48.62 -5.04967e-05
48.64 4.01001e-06
48.66 1.28722e-05
48.68 -1.84807e-05
48.7 -2.48978e-05
48.72 1.18057e-05
48.74 4.05066e-05
48.76 2.32218e-05
48.78 -8.20141e-06
48.8 -7.71389e-06
48.82 1.85518e-05
48.84 3.06772e-05
48.86 1.22513e-05
48.88 -9.91435e-06
48.9 -5.84638e-06
48.92 1.57039e-05
48.94 2.23155e-05
48.96 4.25558e-06
48.98 -1.28582e-05
49 -6.22695e-06
49.02 1.24515e-05
49.04 1.63792e-05
49.06 1.66988e-06
49.08 -9.5508e-06
49.1 -2.48569e-06
49.12 1.58413e-05
49.14 2.9502e-05
49.16 2.79681e-05
49.18 1.47408e-05
49.2 3.0563e-07
49.22 -2.60745e-06
49.24 8.17585e-06
49.26 9.2596e-06
49.28 -1.3966e-05
49.3 -3.62592e-05
49.32 -2.91588e-05
49.34 -2.44572e-06
49.36 1.05458e-05
49.38 -5.40221e-06
49.4 -2.63242e-05
49.42 -1.80575e-05
49.44 1.20349e-05
49.46 2.41083e-05
49.48 4.09374e-06
49.5 -1.95201e-05
49.52 -1.91634e-05
49.54 -4.98829e-06
49.56 -1.03943e-06
49.58 -1.10528e-05
49.6 -2.49031e-05
49.62 -3.54909e-05
49.64 -4.38832e-05
49.66 -5.39663e-05
49.68 -6.02645e-05
49.7 -5.55282e-05
49.72 -4.39911e-05
49.74 -3.27946e-05
49.76 -2.20843e-05
49.78 -8.51164e-06
49.8 2.37653e-06
49.82 -2.10283e-06
49.84 -1.73038e-05
49.86 -1.66194e-05
49.88 1.12065e-05
49.9 3.6974e-05
49.92 2.68504e-05
49.94 -6.90146e-06
49.96 -2.28369e-05
49.98 -9.12022e-06
50 5.60042e-06
50.02 -5.95872e-06
50.04 -3.15493e-05
50.06 -3.17576e-05
50.08 3.00881e-06
50.1 2.83015e-05
50.12 5.70725e-06
50.14 -3.81375e-05
50.16 -4.80988e-05
50.18 -1.26214e-05
50.2 2.31643e-05
50.22 1.14711e-05
50.24 -3.47991e-05
50.26 -5.1901e-05
50.28 -1.31519e-05
50.3 2.97454e-05
50.32 2.32024e-05
50.34 -1.21279e-05
50.36 -2.07598e-05
50.38 6.79586e-06
50.4 3.04486e-05
50.42 2.05263e-05
50.44 -3.3744e-06
50.46 -2.78962e-06
50.48 2.03925e-05
50.5 2.53491e-05
50.52 -2.98069e-06
50.54 -2.73511e-05
50.56 -1.05562e-05
50.58 2.8548e-05
50.6 3.99887e-05
50.62 1.37299e-05
50.64 -1.18349e-05
50.66 -6.4591e-06
50.68 1.641e-05
50.7 2.38096e-05
50.72 6.85422e-06
50.74 -1.10383e-05
50.76 -8.89607e-06
50.78 4.42167e-06
50.8 7.59871e-06
50.82 -6.96016e-06
50.84 -2.93438e-05
50.86 -3.97223e-05
50.88 -2.88019e-05
50.9 -1.44869e-05
50.92 -1.79617e-05
50.94 -3.16404e-05
50.96 -3.61027e-05
50.98 -3.00708e-05
51 -2.41352e-05
51.02 -2.21856e-05
51.04 -2.17204e-05
51.06 -1.92822e-05
51.08 -1.26302e-05
51.1 -6.8527e-06
51.12 -7.50376e-06
51.14 -1.1917e-05
51.16 -1.70236e-05
51.18 -2.07374e-05
51.2 -1.70464e-05
51.22 -6.38025e-06
51.24 -1.9342e-07
51.26 -9.571e-07
51.28 5.28513e-06
51.3 2.58211e-05
51.32 4.90862e-05
51.34 4.72683e-05
51.36 -7.48181e-06
51.38 -9.38404e-05
51.4 -0.000137336
51.42 -8.99968e-05
51.44 1.48216e-05
51.46 9.37874e-05
51.48 8.1476e-05
51.5 -7.38786e-08
51.52 -4.22894e-05
51.54 1.27731e-05
51.56 8.09581e-05
51.58 5.81096e-05
51.6 -3.4964e-05
51.62 -8.51964e-05
51.64 -2.99826e-05
51.66 6.52193e-05
51.68 8.96591e-05
51.7 2.73854e-05
51.72 -2.91685e-05
51.74 -8.61605e-06
51.76 4.63104e-05
51.78 4.54522e-05
51.8 -2.56556e-05
51.82 -8.71269e-05
51.84 -6.51105e-05
51.86 1.37968e-05
51.88 5.17709e-05
51.9 6.49794e-06
51.92 -5.20674e-05
51.94 -3.85542e-05
51.96 3.19516e-05
51.98 6.82733e-05
52 2.93813e-05
52.02 -2.61662e-05
52.04 -2.85947e-05
52.06 9.62543e-06
52.08 2.16577e-05
52.1 -1.22378e-05
52.12 -4.01705e-05
52.14 -2.51437e-05
52.16 4.5549e-06
52.18 1.02113e-05
52.2 -9.59663e-07
52.22 5.40072e-06
52.24 3.29362e-05
52.26 4.63232e-05
52.28 2.43291e-05
52.3 -7.68482e-06
52.32 -1.17747e-05
52.34 7.85154e-06
52.36 1.13358e-05
52.38 -1.44744e-05
52.4 -3.63549e-05
52.42 -2.57833e-05
52.44 1.51674e-06
52.46 1.46386e-05
52.48 8.70999e-06
52.5 -1.01054e-08
52.52 -5.76032e-07
52.54 8.74883e-08
52.56 -8.06401e-06
52.58 -2.22268e-05
52.6 -3.17198e-05
52.62 -2.84259e-05
52.64 -1.86097e-05
52.66 -1.65377e-05
52.68 -2.33721e-05
52.7 -2.41465e-05
52.72 -8.62976e-06
52.74 6.26677e-06
52.76 -2.07146e-06
52.78 -2.46431e-05
52.8 -3.25921e-05
52.82 -1.72667e-05
52.84 -3.28433e-07
52.86 -4.89846e-06
52.88 -2.59537e-05
52.9 -3.37472e-05
52.92 -1.10326e-05
52.94 1.70863e-05
52.96 1.09318e-05
52.98 -2.2639e-05
53 -3.39081e-05
53.02 -2.67164e-06
53.04 3.14364e-05
53.06 2.49658e-05
53.08 -7.20832e-06
53.1 -1.40601e-05
53.12 1.80513e-05
53.14 4.40755e-05
53.16 2.80234e-05
53.18 -2.97795e-06
53.2 -6.87401e-06
53.22 1.37939e-05
53.24 2.32188e-05
53.26 3.69097e-06
53.28 -2.21316e-05
53.3 -2.50383e-05
53.32 -9.32964e-06
53.34 -5.62489e-06
53.36 -2.29722e-05
53.38 -3.4335e-05
53.4 -2.16543e-05
53.42 -1.43198e-06
53.44 3.07458e-06
53.46 -9.5502e-06
53.48 -2.08724e-05
53.5 -1.54139e-05
53.52 1.43635e-06
53.54 1.07968e-05
53.56 3.53873e-06
53.58 -8.80572e-06
53.6 -1.09942e-05
53.62 -5.78424e-06
53.64 -7.79531e-06
53.66 -1.77537e-05
53.68 -2.1926e-05
53.7 -1.5333e-05
53.72 -4.4141e-06
53.74 3.28582e-06
53.76 4.51482e-06
53.78 3.50516e-06
53.8 6.20623e-06
53.82 9.36363e-06
53.84 8.40314e-06
53.86 7.70411e-06
53.88 7.43702e-06
53.9 7.73796e-07
53.92 -7.85018e-06
53.94 -5.92194e-06
53.96 4.7526e-06
53.98 9.76444e-06
54 1.98059e-06
54.02 -9.13307e-06
54.04 -8.60664e-06
54.06 4.95181e-06
54.08 1.65319e-05
54.1 1.26186e-05
54.12 1.96631e-06
54.14 2.02334e-06
54.16 9.23567e-06
54.18 9.06515e-06
54.2 -3.1894e-06
54.22 -2.20933e-05
54.24 -3.29479e-05
54.26 -2.6053e-05
54.28 -1.41742e-05
54.3 -1.26396e-05
54.32 -1.81907e-05
54.34 -1.989e-05
54.36 -1.50059e-05
54.38 -1.13252e-05
54.4 -1.47695e-05
54.42 -1.84257e-05
54.44 -1.04165e-05
54.46 7.57379e-06
54.48 1.86309e-05
54.5 1.24618e-05
54.52 1.76983e-06
54.54 3.8254e-06
54.56 1.37271e-05
54.58 1.27571e-05
54.6 -1.75146e-06
54.62 -9.19019e-06
54.64 2.59052e-06
54.66 1.6304e-05
54.68 7.67332e-06
54.7 -2.09649e-05
54.72 -3.80495e-05
54.74 -2.5992e-05
54.76 -8.93688e-06
54.78 -1.48074e-05
54.8 -3.51996e-05
54.82 -4.16044e-05
54.84 -2.12797e-05
54.86 7.47335e-06
54.88 1.67397e-05
54.9 7.09896e-06
54.92 2.26522e-06
54.94 1.20788e-05
54.96 2.54492e-05
54.98 2.83651e-05
55 1.60176e-05
55.02 -7.10958e-07
55.04 -5.6815e-06
55.06 2.10471e-06
55.08 6.62373e-06
55.1 -1.91779e-06
55.12 -1.06141e-05
55.14 -7.14465e-06
55.16 1.27147e-06
55.18 2.50255e-06
55.2 -2.19084e-06
55.22 -3.65786e-07
55.24 1.11848e-05
55.26 2.02257e-05
55.28 1.61135e-05
55.3 3.45383e-06
55.32 -1.66214e-06
55.34 8.823e-06
55.36 1.76326e-05
55.38 4.35471e-06
55.4 -1.79619e-05
55.42 -1.9727e-05
55.44 -1.72083e-06
55.46 7.83769e-06
55.48 -4.62616e-06
55.5 -2.56867e-05
55.52 -3.22664e-05
55.54 -1.80095e-05
55.56 -1.91096e-06
55.58 -1.22498e-06
55.6 -1.17545e-05
55.62 -1.43016e-05
55.64 -2.72758e-06
55.66 1.24361e-06
55.68 -1.46238e-05
55.7 -2.70947e-05
55.72 -1.324e-05
55.74 1.22877e-05
55.76 1.62621e-05
55.78 -6.04742e-06
55.8 -2.18872e-05
55.82 -5.8947e-06
55.84 2.12232e-05
55.86 2.34386e-05
55.88 7.6122e-06
55.9 1.18942e-05
55.92 3.51053e-05
55.94 1.85954e-05
55.96 -5.76978e-05
55.98 -0.000112807
56 -7.47327e-05
56.02 1.65166e-05
56.04 5.93911e-05
56.06 1.02372e-05
56.08 -5.28058e-05
56.1 -2.87094e-05
56.12 6.27635e-05
56.14 0.000103679
56.16 3.3203e-05
56.18 -6.43361e-05
56.2 -7.07526e-05
56.22 3.90233e-06
56.24 4.80503e-05
56.26 6.70119e-06
56.28 -5.3129e-05
56.3 -3.88293e-05
56.32 3.79028e-05
56.34 7.52016e-05
56.36 2.61438e-05
56.38 -3.96464e-05
56.4 -3.89898e-05
56.42 1.53092e-05
56.44 4.55853e-05
56.46 2.23706e-05
56.48 -7.97083e-06
56.5 -2.09612e-06
56.52 2.5533e-05
56.54 3.35724e-05
56.56 1.23144e-05
56.58 -7.80785e-06
56.6 -7.06945e-06
56.62 -1.20553e-06
56.64 -8.57396e-06
56.66 -2.07296e-05
56.68 -1.61099e-05
56.7 1.30699e-06
56.72 4.98301e-06
56.74 -1.05562e-05
56.76 -2.06207e-05
56.78 -7.87064e-06
56.8 1.17727e-05
56.82 1.41486e-05
56.84 -9.55258e-07
56.86 -1.20229e-05
56.88 -7.65039e-07
56.9 1.51188e-05
56.92 4.04696e-06
56.94 -2.49817e-05
56.96 -3.90908e-05
56.98 -3.02923e-05
57 -1.84857e-05
57.02 -1.98201e-05
57.04 -3.08238e-05
57.06 -3.8525e-05
57.08 -3.13039e-05
57.1 -7.10289e-06
57.12 1.45591e-05
57.14 7.63554e-06
57.16 -1.9467e-05
57.18 -3.01618e-05
57.2 -8.32908e-06
57.22 1.91298e-05
57.24 1.4214e-05
57.26 -2.00271e-05
57.28 -3.95445e-05
57.3 -1.61288e-05
57.32 2.23039e-05
57.34 2.52416e-05
57.36 -9.8522e-06
57.38 -2.97361e-05
57.4 -1.60466e-06
57.42 3.74819e-05
57.44 3.43187e-05
57.46 -8.26917e-06
57.48 -3.71061e-05
57.5 -1.76761e-05
57.52 2.26178e-05
57.54 3.01442e-05
57.56 -5.95667e-06
57.58 -3.71405e-05
57.6 -2.06814e-05
57.62 2.18993e-05
57.64 3.45398e-05
57.66 1.88031e-06
57.68 -3.05828e-05
57.7 -2.08522e-05
57.72 1.28403e-05
57.74 2.12373e-05
57.76 -6.80435e-06
57.78 -3.17597e-05
57.8 -2.10563e-05
57.82 7.99145e-06
57.84 1.62702e-05
57.86 -3.58101e-06
57.88 -2.13901e-05
57.9 -1.39912e-05
57.92 5.73341e-06
57.94 1.12442e-05
57.96 -2.12049e-06
57.98 -1.48446e-05
58 -1.05393e-05
58.02 3.32994e-06
58.04 5.99424e-06
58.06 -6.39715e-06
58.08 -1.48412e-05
58.1 -6.70469e-06
58.12 6.27735e-06
58.14 6.18936e-06
58.16 -5.79415e-06
58.18 -1.19726e-05
58.2 -3.61284e-06
58.22 7.40395e-06
58.24 6.08563e-06
58.26 -5.19342e-06
58.28 -1.0758e-05
58.3 -3.49472e-06
58.32 5.9292e-06
58.34 4.58193e-06
58.36 -5.01942e-06
58.38 -9.03151e-06
58.4 -1.82213e-06
58.42 6.47167e-06
58.44 4.53215e-06
58.46 -4.4432e-06
58.48 -7.89553e-06
58.5 -1.61437e-06
58.52 5.23288e-06
58.54 3.30682e-06
58.56 -4.34259e-06
58.58 -6.94168e-06
58.6 -1.06587e-06
58.62 4.83648e-06
58.64 2.5717e-06
58.66 -4.29852e-06
58.68 -5.89755e-06
58.7 -2.48746e-07
58.72 4.37407e-06
58.74 1.59076e-06
58.76 -4.32854e-06
58.78 -4.97947e-06
58.8 2.71096e-07
58.82 3.8198e-06
58.84 8.3481e-07
58.86 -4.2036e-06
58.88 -4.21219e-06
58.9 5.62952e-07
58.92 3.28102e-06
58.94 3.12199e-07
58.96 -3.92554e-06
58.98 -3.50449e-06
59 7.49421e-07
59.02 2.76642e-06
59.04 -1.04e-07
59.06 -3.61974e-06
59.08 -2.8783e-06
59.1 8.76932e-07
59.12 2.30944e-06
59.14 -4.18922e-07
59.16 -3.30309e-06
59.18 -2.34244e-06
59.2 9.37911e-07
59.22 1.89477e-06
59.24 -6.53567e-07
59.26 -2.9856e-06
59.28 -1.88197e-06
59.3 9.58409e-07
59.32 1.53225e-06
59.34 -8.16271e-07
59.36 -2.67323e-06
59.38 -1.48955e-06
59.4 9.47439e-07
59.42 1.21812e-06
59.44 -9.20012e-07
59.46 -2.37109e-06
59.48 -1.15674e-06
59.5 9.14162e-07
59.52 9.49181e-07
59.54 -9.75801e-07
59.56 -2.08353e-06
59.58 -8.76472e-07
59.6 8.6578e-07
59.62 7.22118e-07
59.64 -9.93097e-07
59.66 -1.81332e-06
59.68 -6.42152e-07
59.7 8.08122e-07
59.72 5.33391e-07
59.74 -9.79728e-07
59.76 -1.56183e-06
59.78 -4.4721e-07
59.8 7.45891e-07
59.82 3.79373e-07
59.84 -9.42647e-07
59.86 -1.3301e-06
59.88 -2.86175e-07
59.9 6.82923e-07
59.92 2.56423e-07
59.94 -8.87756e-07
59.96 -1.11806e-06
59.98 -1.39003e-06
