0.02 3.83303e-05
0.04 0.000108593
0.06 0.000118889
0.08 5.44096e-05
0.1 1.55794e-05
0.12 5.81986e-05
0.14 0.000112507
0.16 9.72967e-05
0.18 4.38439e-05
0.2 4.11832e-05
0.22 9.66969e-05
0.24 0.000130503
0.26 0.000103511
0.28 7.48446e-05
0.3 0.000103751
0.32 0.000151255
0.34 0.000157314
0.36 0.000144585
0.38 0.000139488
0.4 7.32597e-05
0.42 -9.24899e-05
0.44 -8.44767e-05
0.46 0.000257018
0.48 0.000406037
0.5 1.48876e-05
0.52 -0.000384217
0.54 -0.000279528
0.56 -8.20358e-05
0.58 -0.000405123
0.6 -0.000746086
0.62 -0.000340324
0.64 0.000133854
0.66 -0.000166073
0.68 -0.00102548
0.7 -0.00150218
0.72 -0.000354299
0.74 0.0012937
0.76 0.000925388
0.78 -0.000497934
0.8 0.000134328
0.82 0.00274486
0.84 0.00410234
0.86 0.00248275
0.88 -5.28762e-05
0.9 -0.000532242
0.92 0.00111792
0.94 0.00197678
0.96 -0.000172029
0.98 -0.00315888
1 -0.00299183
1.02 0.000250775
1.04 0.00213506
1.06 -0.000271469
1.08 -0.00417932
1.1 -0.00475197
1.12 -0.00134358
1.14 0.00220275
1.16 0.00167688
1.18 -0.00293188
1.2 -0.00537338
1.22 -0.00118521
1.24 0.00382005
1.26 0.00199613
1.28 -0.00454491
1.3 -0.00794605
1.32 -0.00387794
1.34 0.00431958
1.36 0.00844708
1.38 0.00405524
1.4 -0.00407067
1.42 -0.00664718
1.44 -0.00137692
1.46 0.0031513
1.48 -0.00170072
1.5 -0.0128048
1.52 -0.0210647
1.54 -0.0218321
1.56 -0.0158465
1.58 -0.00766882
1.6 -0.00211365
1.62 -0.000866809
1.64 -0.00285164
1.66 -0.00555183
1.68 -0.00686892
1.7 -0.00621227
1.72 -0.00452604
1.74 -0.00398884
1.76 -0.00530354
1.78 -0.00655867
1.8 -0.00693462
1.82 -0.00781823
1.84 -0.0101737
1.86 -0.0126467
1.88 -0.0110078
1.9 -0.00356696
1.92 0.00299175
1.94 0.00062338
1.96 -0.00957526
1.98 -0.019366
2 -0.0228074
2.02 -0.0204989
2.04 -0.0166706
2.06 -0.0147533
2.08 -0.0161096
2.1 -0.0203105
2.12 -0.024602
2.14 -0.0253179
2.16 -0.0209998
2.18 -0.0127407
2.2 -0.00319698
2.22 0.00244575
2.24 0.000128196
2.26 -0.00834679
2.28 -0.0193456
2.3 -0.0307649
2.32 -0.0429608
2.34 -0.0592359
2.36 -0.0797854
2.38 -0.100905
2.4 -0.122249
2.42 -0.144772
2.44 -0.165423
2.46 -0.180053
2.48 -0.185586
2.5 -0.178275
2.52 -0.155314
2.54 -0.118027
2.56 -0.0696781
2.58 -0.0111862
