0.02 4.61979e-05
0.04 0.000130885
0.06 0.000143303
0.08 6.55907e-05
0.1 1.87823e-05
0.12 7.01501e-05
0.14 0.000135617
0.16 0.000117288
0.18 5.28552e-05
0.2 4.96411e-05
0.22 0.000116554
0.24 0.000157309
0.26 0.000124773
0.28 9.02147e-05
0.3 0.000125056
0.32 0.000182321
0.34 0.00018963
0.36 0.000174285
0.38 0.000168135
0.4 8.83154e-05
0.42 -0.000111448
0.44 -0.000101793
0.46 0.000309781
0.48 0.00048943
0.5 1.7988e-05
0.52 -0.000463086
0.54 -0.00033684
0.56 -9.87669e-05
0.58 -0.000488292
0.6 -0.000899485
0.62 -0.000410431
0.64 0.000161241
0.66 -0.000200468
0.68 -0.00123743
0.7 -0.00181335
0.72 -0.000429899
0.74 0.00155797
0.76 0.00111545
0.78 -0.000600531
0.8 0.000160349
0.82 0.0033405
0.84 0.00522517
0.86 0.00361536
0.88 0.000412784
0.9 -0.000810994
0.92 0.000880828
0.94 0.00245621
0.96 0.000484646
0.98 -0.00342327
1 -0.00420022
1.02 -0.000588364
1.04 0.0026754
1.06 0.000764109
1.08 -0.00451521
1.1 -0.00700706
1.12 -0.00377181
1.14 0.00209051
1.16 0.00382777
1.18 -0.00185157
1.2 -0.00772642
1.22 -0.00476666
1.24 0.00324645
1.26 0.00494998
1.28 -0.00252243
1.3 -0.0108181
1.32 -0.00981758
1.34 0.00199353
1.36 0.0142642
1.38 0.0149535
1.4 0.00304334
1.42 -0.00994643
1.44 -0.011821
1.46 -0.00404823
1.48 0.000488746
1.5 -0.00596094
1.52 -0.017763
1.54 -0.0265523
1.56 -0.0318841
1.58 -0.0368849
1.6 -0.0418028
1.62 -0.0450248
1.64 -0.0446472
1.66 -0.0392039
1.68 -0.0296897
1.7 -0.0185037
1.72 -0.00809121
1.74 -0.00168804
1.76 -0.000944015
1.78 -0.00443963
1.8 -0.0114817
1.82 -0.0232839
1.84 -0.0401719
1.86 -0.060009
1.88 -0.077389
1.9 -0.0871707
1.92 -0.0898332
1.94 -0.0894096
1.96 -0.0877869
1.98 -0.0843766
2 -0.0806788
2.02 -0.0812131
2.04 -0.0893024
2.06 -0.104828
2.08 -0.126236
2.1 -0.152244
2.12 -0.179961
2.14 -0.203927
2.16 -0.219002
2.18 -0.221041
2.2 -0.206618
2.22 -0.176489
2.24 -0.135136
2.26 -0.0873629
2.28 -0.0406215
2.3 -0.00412178
2.32 0.0136327
2.34 0.00893854
2.36 -0.0144541
2.38 -0.0494585
2.4 -0.0916405
2.42 -0.141699
2.44 -0.1964
2.46 -0.245674
2.48 -0.281817
2.5 -0.300127
2.52 -0.295394
2.54 -0.265658
2.56 -0.213802
2.58 -0.140887
2.6 -0.0438838
