0.02 3.92588e-05
0.04 0.000111224
0.06 0.00012177
0.08 5.57288e-05
0.1 1.59573e-05
0.12 5.96088e-05
0.14 0.000115234
0.16 9.96555e-05
0.18 4.49071e-05
0.2 4.21812e-05
0.22 9.904e-05
0.24 0.000133666
0.26 0.00010602
0.28 7.66583e-05
0.3 0.000106265
0.32 0.000154921
0.34 0.000161127
0.36 0.00014809
0.38 0.000142868
0.4 7.5036e-05
0.42 -9.47276e-05
0.44 -8.65206e-05
0.46 0.000263244
0.48 0.000415877
0.5 1.52527e-05
0.52 -0.000393524
0.54 -0.000286292
0.56 -8.40121e-05
0.58 -0.000414938
0.6 -0.000764184
0.62 -0.000348593
0.64 0.000137088
0.66 -0.000170127
0.68 -0.00105039
0.7 -0.00153871
0.72 -0.000363139
0.74 0.00132478
0.76 0.000947735
0.78 -0.000509954
0.8 0.000137536
0.82 0.00281355
0.84 0.0042274
0.86 0.00260174
0.88 -1.13835e-05
0.9 -0.000570838
0.92 0.0010911
0.94 0.00203621
0.96 -9.85989e-05
0.98 -0.00319969
1 -0.00313483
1.02 0.000169592
1.04 0.0022168
1.06 -0.000156824
1.08 -0.0042366
1.1 -0.00499391
1.12 -0.00155276
1.14 0.00224548
1.16 0.00189077
1.18 -0.00289906
1.2 -0.00567613
1.22 -0.00150798
1.24 0.00386703
1.26 0.00231677
1.28 -0.00446851
1.3 -0.00842208
1.32 -0.00455681
1.34 0.00418945
1.36 0.00922545
1.38 0.0051822
1.4 -0.00371071
1.42 -0.00750798
1.44 -0.00252745
1.46 0.00301734
1.48 -0.000770823
1.5 -0.0119061
1.52 -0.0208107
1.54 -0.022102
1.56 -0.0165628
1.58 -0.00865124
1.6 -0.00294911
1.62 -0.0012414
1.64 -0.00271097
1.66 -0.00515944
1.68 -0.00665031
1.7 -0.00646233
1.72 -0.00521488
1.74 -0.00478222
1.76 -0.00580588
1.78 -0.00656975
1.8 -0.00661574
1.82 -0.00761104
1.84 -0.010471
1.86 -0.013485
1.88 -0.0119771
1.9 -0.00410235
1.92 0.00316858
1.94 0.00119798
1.96 -0.0093032
1.98 -0.0198323
2 -0.0243577
2.02 -0.0235289
2.04 -0.0208192
2.06 -0.0187582
2.08 -0.0187298
2.1 -0.0213392
2.12 -0.0247149
2.14 -0.0250085
2.16 -0.0203968
2.18 -0.012051
2.2 -0.0027591
2.22 0.00238867
2.24 -0.000417291
2.26 -0.0091036
2.28 -0.0198648
2.3 -0.0307522
2.32 -0.0425639
2.34 -0.058831
2.36 -0.0796574
2.38 -0.101313
2.4 -0.123503
2.42 -0.147103
2.44 -0.168927
2.46 -0.184717
2.48 -0.191226
2.5 -0.184504
2.52 -0.161628
2.54 -0.12389
2.56 -0.074546
2.58 -0.0145124
