0.02 7.67999e-07
0.04 2.17559e-06
0.06 2.38118e-06
0.08 1.08912e-06
0.1 3.1175e-07
0.12 1.16562e-06
0.14 2.2529e-06
0.16 1.94784e-06
0.18 8.77522e-07
0.2 8.24781e-07
0.22 1.93667e-06
0.24 2.61333e-06
0.26 2.07269e-06
0.28 1.499e-06
0.3 2.07802e-06
0.32 3.02903e-06
0.34 3.14996e-06
0.36 2.8952e-06
0.38 2.79352e-06
0.4 1.46638e-06
0.42 -1.8552e-06
0.44 -1.6944e-06
0.46 5.14904e-06
0.48 8.13139e-06
0.5 2.94777e-07
0.52 -7.69772e-06
0.54 -5.60577e-06
0.56 -1.65252e-06
0.58 -8.11642e-06
0.6 -1.49284e-05
0.62 -6.79897e-06
0.64 2.68855e-06
0.66 -3.30281e-06
0.68 -2.04913e-05
0.7 -2.99892e-05
0.72 -6.89561e-06
0.74 2.6124e-05
0.76 1.86097e-05
0.78 -9.99922e-06
0.8 2.7237e-06
0.82 5.4803e-05
0.84 7.71743e-05
0.86 3.73897e-05
0.88 -1.01328e-05
0.9 -6.42697e-06
0.92 3.02068e-05
0.94 3.39311e-05
0.96 -1.83601e-05
0.98 -6.59371e-05
1 -4.53622e-05
1.02 1.58077e-05
1.04 3.19566e-05
1.06 -2.39582e-05
1.08 -8.02492e-05
1.1 -6.53408e-05
1.12 -2.70797e-06
1.14 3.25826e-05
1.16 2.60489e-06
1.18 -6.13154e-05
1.2 -6.66e-05
1.22 1.45486e-05
1.24 6.08808e-05
1.26 -8.30037e-06
1.28 -9.5301e-05
1.3 -8.41648e-05
1.32 9.68813e-06
1.34 8.3728e-05
1.36 6.0197e-05
1.38 -2.53154e-05
1.4 -5.72041e-05
1.42 2.22736e-06
1.44 4.9498e-05
1.46 -1.99733e-05
1.48 -0.00014861
1.5 -0.000178294
1.52 -7.79717e-05
1.54 4.22509e-06
1.56 -4.45612e-05
1.58 -0.000137224
1.6 -0.000113781
1.62 1.21925e-05
1.64 6.81247e-05
1.66 -1.18071e-05
1.68 -9.58612e-05
1.7 -6.13833e-05
1.72 2.55518e-05
1.74 1.72098e-05
1.76 -7.18569e-05
1.78 -8.85512e-05
1.8 -1.41077e-05
1.82 9.62172e-06
1.84 -7.18817e-05
1.86 -0.000132956
1.88 -4.76634e-05
1.9 8.68121e-05
1.92 4.94252e-05
1.94 -0.000138077
1.96 -0.000197566
1.98 -3.73961e-05
2 7.28679e-05
2.02 -7.04401e-05
2.04 -0.000266161
2.06 -0.000222986
2.08 -2.21774e-05
2.1 1.42763e-05
2.12 -0.000155748
2.14 -0.000235419
2.16 -8.23921e-05
2.18 8.24106e-05
2.2 4.15343e-05
2.22 -0.0001193
2.24 -0.000160193
2.26 -3.01798e-05
2.28 4.18681e-05
2.3 -9.10896e-05
2.32 -0.000235905
2.34 -0.000176614
2.36 -1.77402e-06
2.38 3.90791e-05
2.4 -0.000125757
2.42 -0.000266475
2.44 -0.000166082
2.46 3.16173e-05
2.48 4.363e-05
2.5 -9.9733e-05
2.52 -0.000129324
2.54 9.96785e-06
2.56 0.000106678
2.58 6.84631e-05
2.6 5.50148e-05
2.62 0.000175308
2.64 0.000298103
2.66 0.000279858
2.68 0.000211113
2.7 0.000270494
2.72 0.00043217
2.74 0.00051974
2.76 0.000483649
2.78 0.000436141
2.8 0.000471681
2.82 0.000562639
2.84 0.000604753
2.86 0.000563729
2.88 0.000500287
2.9 0.000465575
2.92 0.000482969
2.94 0.000517136
2.96 0.000487815
2.98 0.000419468
3 0.000422533
3.02 0.000419876
3.04 0.00025383
3.06 7.21963e-05
3.08 7.03934e-05
3.1 0.000113419
3.12 1.48909e-06
3.14 -0.000209557
3.16 -0.000334209
3.18 -0.000336692
3.2 -0.000351782
3.22 -0.00046524
3.24 -0.000593362
3.26 -0.000612315
3.28 -0.000548464
3.3 -0.000508108
3.32 -0.000518935
3.34 -0.000516411
3.36 -0.000391542
3.38 -0.000179794
3.4 -7.92603e-05
3.42 -0.000129779
3.44 -8.70075e-05
3.46 0.000218886
3.48 0.000524459
3.5 0.000479386
3.52 0.000238821
3.54 0.000238662
3.56 0.000499981
3.58 0.000637547
3.6 0.00049856
3.62 0.000380202
3.64 0.000447831
3.66 0.000359941
3.68 1.04925e-05
3.7 -0.000135003
3.72 3.13504e-05
3.74 4.25108e-05
3.76 -0.000263549
3.78 -0.000477772
3.8 -0.000325365
3.82 -0.00012136
3.84 -0.000226825
3.86 -0.000485776
3.88 -0.000547808
3.9 -0.000388234
3.92 -0.000302182
3.94 -0.000454731
3.96 -0.000640702
3.98 -0.000554726
4 -0.000195329
4.02 1.43888e-05
4.04 -0.000194486
4.06 -0.000414463
4.08 -0.000184223
4.1 0.000232667
4.12 0.000288891
4.14 3.45306e-05
4.16 -2.32047e-05
4.18 0.000195013
4.2 0.000198472
4.22 -0.000166839
4.24 -0.000397909
4.26 -0.000211536
4.28 1.60663e-05
4.3 -8.79732e-05
4.32 -0.000243845
4.34 4.06885e-06
4.36 0.000363812
4.38 0.000246794
4.4 -0.000183692
4.42 -0.000303845
4.44 -1.30665e-05
4.46 0.000224653
4.48 0.000162795
4.5 -5.57656e-05
4.52 -0.000231812
4.54 -0.000195233
4.56 -1.44491e-06
4.58 7.45146e-05
4.6 -6.40718e-05
4.62 -0.00019714
4.64 -6.06765e-05
4.66 0.000236159
4.68 0.000291853
4.7 7.33415e-05
4.72 -1.1221e-06
4.74 0.00023777
4.76 0.000452645
4.78 0.000291372
4.8 -0.000103347
4.82 -0.000197099
4.84 0.000151631
4.86 0.000395939
4.88 0.000149871
4.9 -0.000202156
4.92 -0.00015647
4.94 0.000115669
4.96 0.000124463
4.98 -0.00015984
5 -0.000365171
5.02 -0.000308662
5.04 -0.000209225
5.06 -0.00024588
5.08 -0.000180036
5.1 0.000106744
5.12 0.00022948
5.14 9.08913e-06
5.16 -0.000169033
5.18 1.8569e-06
5.2 0.000288924
5.22 0.000314007
5.24 5.24236e-05
5.26 -0.000243821
5.28 -0.000274646
5.3 1.07915e-05
5.32 0.000270465
5.34 0.000223395
5.36 1.3799e-05
5.38 -4.66518e-05
5.4 8.32908e-05
5.42 0.000166716
5.44 0.000111391
5.46 8.23523e-05
5.48 0.000156386
5.5 0.000209302
5.52 0.000156402
5.54 6.99561e-05
5.56 3.70896e-05
5.58 4.7622e-05
5.6 4.69293e-05
5.62 1.29866e-05
5.64 2.22314e-06
5.66 5.85735e-05
5.68 8.04439e-05
5.7 -1.08432e-06
5.72 -6.55266e-05
5.74 -2.24348e-05
5.76 3.72057e-05
5.78 -6.18621e-06
5.8 -0.000108514
5.82 -0.000104964
5.84 8.47732e-06
5.86 3.07959e-05
5.88 -0.000102927
5.9 -0.0002145
5.92 -0.000141643
5.94 6.93285e-05
5.96 0.00018848
5.98 0.000110777
6 3.96458e-05
6.02 0.000124788
6.04 0.00022887
6.06 0.000223634
6.08 0.000141299
6.1 6.37166e-05
6.12 8.97205e-05
6.14 0.000209595
6.16 0.000255448
6.18 8.74284e-05
6.2 -0.000193762
6.22 -0.00027888
6.24 -0.000123019
6.26 -7.23146e-05
6.28 -0.00027621
6.3 -0.00041057
6.32 -0.000200587
6.34 8.31201e-05
6.36 3.51273e-05
6.38 -0.000216793
6.4 -0.000245835
6.42 -4.6653e-06
6.44 0.000150171
6.46 1.01171e-05
6.48 -0.000226159
6.5 -0.000288575
6.52 -0.000186519
6.54 -0.000153165
6.56 -0.000258983
6.58 -0.000259181
6.6 -8.48226e-05
6.62 -1.59109e-05
6.64 -0.000113915
6.66 -9.01593e-05
6.68 0.000128964
6.7 0.000234552
6.72 1.83626e-05
6.74 -0.000293943
6.76 -0.000310219
6.78 -1.79108e-05
6.8 0.000171951
6.82 1.03768e-05
6.84 -0.000220466
6.86 -0.000136366
6.88 0.00013407
6.9 0.000150517
6.92 -0.000143086
6.94 -0.000330824
6.96 -0.000138612
6.98 0.000171051
7 0.000187402
7.02 -6.92827e-05
7.04 -0.000199446
7.06 -1.0787e-05
7.08 0.00020687
7.1 0.00015295
7.12 -3.0665e-05
7.14 -3.68917e-05
7.16 0.000137181
7.18 0.000232613
7.2 0.000133675
7.22 2.27562e-05
7.24 8.22741e-05
7.26 0.000195266
7.28 0.00011377
7.3 -9.79081e-05
7.32 -0.000109221
7.34 0.00012345
7.36 0.000252187
7.38 8.76786e-05
7.4 -0.000105632
7.42 -4.76491e-05
7.44 0.000131744
7.46 0.000130292
7.48 -7.08208e-05
7.5 -0.000182324
7.52 -4.54275e-05
7.54 0.000101365
7.56 8.09612e-06
7.58 -0.000161449
7.6 -9.31293e-05
7.62 0.000159174
7.64 0.000251008
7.66 0.000106463
7.68 8.06074e-07
7.7 7.6595e-05
7.72 0.000155968
7.74 7.86167e-05
7.76 -1.33157e-05
7.78 7.12497e-05
7.8 0.000213449
7.82 0.000185056
7.84 6.48234e-06
7.86 -0.000119225
7.88 -7.307e-05
7.9 4.5898e-05
7.92 4.7748e-05
7.94 -6.79279e-05
7.96 -0.000112236
7.98 -2.17758e-05
8 5.42267e-05
8.02 2.0101e-05
8.04 -2.90365e-05
8.06 2.65255e-06
8.08 6.15005e-05
8.1 5.89751e-05
8.12 1.12638e-05
8.14 -5.80832e-06
8.16 2.74215e-05
8.18 6.95649e-05
8.2 9.30628e-05
8.22 8.78266e-05
8.24 5.28652e-06
8.26 -0.000125705
8.28 -0.000132133
8.3 2.04544e-05
8.32 0.000132684
8.34 7.75737e-05
8.36 -4.38684e-05
8.38 -6.26252e-05
8.4 4.32876e-05
8.42 0.00012623
8.44 6.09083e-05
8.46 -0.000104818
8.48 -0.000173496
8.5 -3.41553e-05
8.52 0.000130748
8.54 9.49071e-05
8.56 -4.88076e-05
8.58 -4.29314e-05
8.6 0.000134038
8.62 0.000236383
8.64 9.70615e-05
8.66 -8.1879e-05
8.68 1.10031e-06
8.7 0.000235761
8.72 0.000260866
8.74 4.0968e-05
8.76 -9.84839e-05
8.78 2.3874e-05
8.8 0.000182412
8.82 9.6663e-05
8.84 -0.000142697
8.86 -0.000234655
8.88 -8.74714e-05
8.9 9.66948e-05
8.92 7.15438e-05
8.94 -8.92147e-05
8.96 -9.97695e-05
8.98 3.92643e-05
9 8.08096e-05
9.02 -4.09764e-05
9.04 -0.000147917
9.06 -8.42315e-05
9.08 7.68458e-05
9.1 9.93617e-05
9.12 -7.7489e-05
9.14 -0.00019785
9.16 -9.1194e-05
9.18 3.33966e-05
9.2 -4.98266e-05
9.22 -0.000214399
9.24 -0.000199994
9.26 -1.70425e-05
9.28 7.70784e-05
9.3 -1.4789e-05
9.32 -9.46404e-05
9.34 -4.28593e-06
9.36 0.000136822
9.38 0.000116315
9.4 -5.47787e-05
9.42 -0.000135267
9.44 2.90726e-07
9.46 0.000155121
9.48 7.66813e-05
9.5 -0.000151138
9.52 -0.000198669
9.54 -2.26653e-06
9.56 0.000115053
9.58 -2.67663e-06
9.6 -7.38391e-05
9.62 6.45442e-05
9.64 0.000138301
9.66 -4.71973e-05
9.68 -0.000243754
9.7 -0.000178958
9.72 2.92178e-05
9.74 0.000110635
9.76 -2.7512e-05
9.78 -0.000236815
9.8 -0.000238149
9.82 -1.71259e-05
9.84 0.000105507
9.86 9.35176e-06
9.88 -7.11109e-05
9.9 2.56171e-05
9.92 0.000151255
9.94 8.12449e-05
9.96 -0.000108287
9.98 -0.000111253
10 0.000110814
10.02 0.000236897
10.04 9.01108e-05
10.06 -9.16917e-05
10.08 -5.50078e-05
10.1 8.38368e-05
10.12 6.4709e-05
10.14 -0.000115156
10.16 -0.000204646
10.18 -6.72156e-05
10.2 9.18829e-05
10.22 2.60092e-05
10.24 -0.000164326
10.26 -0.000191829
10.28 -2.26771e-05
10.3 9.61365e-05
10.32 2.42685e-05
10.34 -8.78776e-05
10.36 -5.30116e-05
10.38 7.56117e-05
10.4 0.000101461
10.42 2.24683e-06
10.44 -4.15016e-05
10.46 4.64432e-05
10.48 0.000124667
10.5 8.12776e-05
10.52 3.10381e-06
10.54 7.18255e-06
10.56 3.63367e-05
10.58 -2.89099e-06
10.6 -3.91679e-05
10.62 1.03196e-05
10.64 7.09722e-05
10.66 5.1471e-05
10.68 -1.70942e-05
10.7 -5.7796e-05
10.72 -4.15085e-05
10.74 2.86797e-07
10.76 2.81829e-06
10.78 -3.29115e-05
10.8 -1.94001e-05
10.82 5.56412e-05
10.84 8.97354e-05
10.86 2.61236e-05
10.88 -7.17134e-05
10.9 -9.02364e-05
10.92 -5.85305e-06
10.94 6.00586e-05
10.96 1.42004e-05
10.98 -6.33683e-05
11 -5.63609e-05
11.02 5.64422e-06
11.04 1.37947e-05
11.06 -3.79389e-05
11.08 -5.52623e-05
11.1 -1.43082e-06
11.12 5.95108e-05
11.14 6.74508e-05
11.16 3.86092e-05
11.18 2.78355e-05
11.2 5.14933e-05
11.22 7.47098e-05
11.24 5.33134e-05
11.26 -1.3815e-05
11.28 -6.12589e-05
11.3 -3.88714e-05
11.32 6.4887e-06
11.34 -8.78065e-07
11.36 -5.71174e-05
11.38 -8.83352e-05
11.4 -4.19491e-05
11.42 4.07034e-05
11.44 5.69104e-05
11.46 -1.31422e-05
11.48 -6.32396e-05
11.5 -2.18734e-05
11.52 4.16753e-05
11.54 3.71571e-05
11.56 -8.03939e-06
11.58 -4.39233e-06
11.6 5.74906e-05
11.62 9.76239e-05
11.64 6.83911e-05
11.66 1.99059e-05
11.68 1.92221e-05
11.7 4.96446e-05
11.72 4.72737e-05
11.74 7.92168e-06
11.76 -2.10063e-05
11.78 -2.61564e-05
11.8 -3.70891e-05
11.82 -6.79936e-05
11.84 -8.80699e-05
11.86 -6.88324e-05
11.88 -3.72709e-05
11.9 -2.41401e-05
11.92 -5.32728e-06
11.94 3.35177e-05
11.96 5.19497e-05
11.98 2.50449e-05
12 -1.18505e-05
12.02 -1.06301e-05
12.04 2.54526e-05
12.06 4.29224e-05
12.08 1.6588e-05
12.1 -1.51146e-05
12.12 -1.6571e-05
12.14 9.20809e-06
12.16 4.10846e-05
12.18 4.74904e-05
12.2 1.80161e-05
12.22 -1.37345e-05
12.24 -2.15002e-05
12.26 -2.26534e-05
12.28 -4.00029e-05
12.3 -6.57638e-05
12.32 -7.58539e-05
12.34 -6.36516e-05
12.36 -4.55781e-05
12.38 -3.31017e-05
12.4 -1.95147e-05
12.42 7.86895e-07
12.44 1.97057e-05
12.46 2.49937e-05
12.48 1.9284e-05
12.5 2.25771e-05
12.52 4.06993e-05
12.54 4.98163e-05
12.56 3.42874e-05
12.58 1.87396e-05
12.6 3.1642e-05
12.62 5.80431e-05
12.64 5.81303e-05
12.66 1.8079e-05
12.68 -2.44122e-05
12.7 -2.40726e-05
12.72 2.95172e-06
12.74 3.32085e-06
12.76 -3.15001e-05
12.78 -5.71505e-05
12.8 -3.74411e-05
12.82 1.63514e-05
12.84 5.12007e-05
12.86 2.63339e-05
12.88 -2.54244e-05
12.9 -3.20969e-05
12.92 1.72554e-05
12.94 5.19336e-05
12.96 2.01744e-05
12.98 -3.02704e-05
13 -2.53069e-05
13.02 1.94846e-05
13.04 2.88142e-05
13.06 -7.6232e-06
13.08 -2.29343e-05
13.1 1.30642e-05
13.12 4.88473e-05
13.14 3.61262e-05
13.16 -1.96042e-06
13.18 -1.53777e-05
13.2 2.16174e-06
13.22 1.99591e-05
13.24 1.91123e-05
13.26 9.29865e-06
13.28 9.69976e-07
13.3 -1.29341e-05
13.32 -3.00693e-05
13.34 -3.01628e-05
13.36 -7.21133e-06
13.38 1.86544e-05
13.4 2.1277e-05
13.42 -1.59023e-06
13.44 -1.65262e-05
13.46 -2.38678e-06
13.48 9.13444e-06
13.5 -1.01896e-05
13.52 -2.99756e-05
13.54 -1.45951e-05
13.56 1.19856e-05
13.58 4.74315e-06
13.6 -2.98968e-05
13.62 -4.26215e-05
13.64 -1.42501e-05
13.66 1.50495e-05
13.68 3.06029e-06
13.7 -3.29542e-05
13.72 -4.06944e-05
13.74 -7.92738e-06
13.76 2.49036e-05
13.78 2.59787e-05
13.8 1.09837e-05
13.82 1.04266e-05
13.84 2.34423e-05
13.86 2.20249e-05
13.88 -5.39453e-06
13.9 -2.96487e-05
13.92 -1.97357e-05
13.94 9.28822e-06
13.96 1.93714e-05
13.98 3.55985e-06
14 -9.88457e-06
14.02 6.45539e-06
14.04 4.68805e-05
14.06 7.14329e-05
14.08 5.64607e-05
14.1 2.70781e-05
14.12 6.24825e-06
14.14 -1.30658e-05
14.16 -2.48333e-05
14.18 -1.14509e-05
14.2 7.98221e-06
14.22 -7.46824e-06
14.24 -5.10717e-05
14.26 -6.62286e-05
14.28 -2.94486e-05
14.3 1.0538e-05
14.32 -5.18248e-07
14.34 -4.83141e-05
14.36 -6.81562e-05
14.38 -3.27092e-05
14.4 5.52881e-06
14.42 -1.14904e-05
14.44 -5.83615e-05
14.46 -6.059e-05
14.48 -8.42603e-06
14.5 2.97018e-05
14.52 1.48191e-05
14.54 -1.10737e-05
14.56 3.94973e-07
14.58 2.73617e-05
14.6 1.97846e-05
14.62 -7.77193e-06
14.64 4.08439e-06
14.66 5.25313e-05
14.68 6.42025e-05
14.7 -2.24467e-06
14.72 -8.57859e-05
14.74 -8.62621e-05
14.76 -6.21558e-06
14.78 4.09473e-05
14.8 -1.36182e-05
14.82 -9.3497e-05
14.84 -7.75718e-05
14.86 1.8125e-05
14.88 4.86601e-05
14.9 -3.49034e-05
14.92 -8.96602e-05
14.94 -1.07451e-05
14.96 8.54642e-05
14.98 5.12108e-05
15 -5.40312e-05
15.02 -6.63568e-05
15.04 2.16144e-05
15.06 5.94945e-05
15.08 -1.43902e-05
15.1 -8.25382e-05
15.12 -3.60564e-05
15.14 6.68441e-05
15.16 8.93592e-05
15.18 1.19163e-05
15.2 -4.30483e-05
15.22 2.47471e-06
15.24 6.26612e-05
15.26 2.81601e-05
15.28 -6.02439e-05
15.3 -8.23503e-05
15.32 -2.19751e-05
15.34 2.19188e-05
15.36 -8.6384e-06
15.38 -5.05395e-05
15.4 -2.56841e-05
15.42 3.85641e-05
15.44 5.34121e-05
15.46 7.83336e-07
15.48 -4.56899e-05
15.5 -2.86032e-05
15.52 2.21298e-05
15.54 3.79602e-05
15.56 6.70644e-06
15.58 -1.08461e-05
15.6 2.30538e-05
15.62 5.89412e-05
15.64 3.6329e-05
15.66 -2.1563e-05
15.68 -3.80871e-05
15.7 8.42989e-06
15.72 5.38511e-05
15.74 4.33365e-05
15.76 6.46586e-06
15.78 2.11989e-06
15.8 3.22363e-05
15.82 4.55394e-05
15.84 1.32565e-05
15.86 -2.62686e-05
15.88 -2.02547e-05
15.9 1.96653e-05
15.92 3.55539e-05
15.94 1.26986e-05
15.96 -4.72835e-07
15.98 2.62846e-05
16 5.43046e-05
16.02 4.12433e-05
16.04 7.47141e-06
16.06 -1.63578e-06
16.08 1.97598e-05
16.1 3.57016e-05
16.12 1.68557e-05
16.14 -1.89423e-05
16.16 -2.53316e-05
16.18 1.14277e-05
16.2 4.72343e-05
16.22 3.63109e-05
16.24 -3.01959e-06
16.26 -2.15929e-05
16.28 -1.10036e-05
16.3 7.01032e-06
16.32 1.9583e-05
16.34 1.88164e-05
16.36 8.55505e-07
16.38 -1.75133e-05
16.4 -1.45056e-05
16.42 -1.68938e-07
16.44 -4.15185e-06
16.46 -2.75641e-05
16.48 -4.27625e-05
16.5 -4.20997e-05
16.52 -5.04282e-05
16.54 -7.60347e-05
16.56 -8.50105e-05
16.58 -5.41364e-05
16.6 -1.85688e-05
16.62 -2.4787e-05
16.64 -6.02788e-05
16.66 -7.09672e-05
16.68 -1.99724e-05
16.7 7.58451e-05
16.72 0.000138271
16.74 0.000125257
16.76 0.000108172
16.78 0.000150393
16.8 0.000200719
16.82 0.000188188
16.84 0.000115403
16.86 1.02448e-05
16.88 -6.16695e-05
16.9 -1.17689e-05
16.92 8.15551e-05
16.94 4.18019e-05
16.96 -9.42939e-05
16.98 -0.000126363
17 -2.02222e-05
17.02 4.97759e-05
17.04 -2.32298e-05
17.06 -0.000130506
17.08 -0.000122953
17.1 -3.80388e-05
17.12 -4.06887e-05
17.14 -0.000153589
17.16 -0.000201511
17.18 -8.68183e-05
17.2 2.59473e-05
17.22 -4.30151e-05
17.24 -0.000175167
17.26 -0.000140924
17.28 9.2811e-06
17.3 3.95245e-05
17.32 -7.53417e-05
17.34 -0.000119837
17.36 1.69046e-05
17.38 0.000174461
17.4 0.00016823
17.42 6.48958e-05
17.44 6.93399e-05
17.46 0.000196038
17.48 0.000241485
17.5 0.00011497
17.52 -1.29512e-06
17.54 5.44715e-05
17.56 0.000144181
17.58 6.27328e-05
17.6 -0.000105177
17.62 -0.000134533
17.64 -2.74617e-05
17.66 1.74576e-05
17.68 -7.49518e-05
17.7 -0.000163128
17.72 -0.000128881
17.74 -5.1527e-05
17.76 -5.90995e-05
17.78 -0.000125809
17.8 -0.00013356
17.82 -6.28836e-05
17.84 9.06282e-07
17.86 4.98008e-06
17.88 -2.13227e-05
17.9 -2.24427e-05
17.92 1.52957e-05
17.94 5.3614e-05
17.96 6.4411e-05
17.98 6.64996e-05
18 7.92757e-05
18.02 8.60907e-05
18.04 7.04284e-05
18.06 4.97796e-05
18.08 3.63601e-05
18.1 4.45032e-06
18.12 -4.58128e-05
18.14 -6.10268e-05
18.16 -2.74423e-05
18.18 -4.66756e-06
18.2 -3.57722e-05
18.22 -9.34345e-05
18.24 -0.000129229
18.26 -0.00013617
18.28 -0.000139889
18.3 -0.000144975
18.32 -0.000112488
18.34 -5.80466e-06
18.36 0.000111671
18.38 0.000124292
18.4 6.4607e-05
18.42 7.73096e-05
18.44 0.000179966
18.46 0.00024566
18.48 0.000174079
18.5 8.82384e-06
18.52 -7.11515e-05
18.54 2.89297e-05
18.56 0.000140192
18.58 7.09877e-05
18.6 -9.43156e-05
18.62 -0.00013739
18.64 -2.8729e-05
18.66 4.64876e-05
18.68 -3.4068e-05
18.7 -0.000157874
18.72 -0.000156197
18.74 -5.75754e-05
18.76 -3.63077e-05
18.78 -0.000141139
18.8 -0.000195885
18.82 -4.23345e-05
18.84 0.000170032
18.86 0.000174352
18.88 3.22723e-05
18.9 2.75434e-05
18.92 0.000192261
18.94 0.000286663
18.96 0.000188467
18.98 5.39042e-05
19 5.19901e-05
19.02 0.000122994
19.04 0.000113375
19.06 2.00121e-06
19.08 -9.07469e-05
19.1 -6.30374e-05
19.12 2.16157e-05
19.14 1.09089e-05
19.16 -9.96e-05
19.18 -0.000147205
19.2 -7.13786e-05
19.22 -2.25923e-05
19.24 -0.000109605
19.26 -0.000202219
19.28 -0.000132602
19.3 1.4594e-05
19.32 3.31895e-05
19.34 -7.47856e-05
19.36 -0.000127233
19.38 -4.77704e-05
19.4 4.12194e-05
19.42 1.69711e-05
19.44 -5.3583e-05
19.46 -1.80495e-05
19.48 0.000109558
19.5 0.000157434
19.52 6.32822e-05
19.54 -2.83402e-05
19.56 1.60887e-05
19.58 0.00011971
19.6 0.000103449
19.62 -3.09517e-05
19.64 -6.72817e-05
19.66 7.00894e-05
19.68 0.000146182
19.7 -1.9033e-06
19.72 -0.000175858
19.74 -0.00012719
19.76 6.02047e-05
19.78 0.000105128
19.8 -6.14175e-05
19.82 -0.000198826
19.84 -0.00010843
19.86 7.61392e-05
19.88 0.000110973
19.9 -7.3141e-07
19.92 -5.49375e-05
19.94 4.22716e-05
19.96 0.000145525
19.98 9.1537e-05
20 -4.02419e-05
20.02 -4.64624e-05
20.04 8.05523e-05
20.06 0.000148416
20.08 4.84612e-05
20.1 -0.000116517
20.12 -0.000174285
20.14 -8.60807e-05
20.16 2.98559e-05
20.18 6.30557e-05
20.2 1.5415e-06
20.22 -8.51101e-05
20.24 -9.57815e-05
20.26 -1.53894e-05
20.28 3.68925e-05
20.3 -2.73012e-05
20.32 -9.65876e-05
20.34 -3.14709e-05
20.36 7.11849e-05
20.38 5.05678e-05
20.4 -2.77029e-05
20.42 -4.76832e-06
20.44 0.000106911
20.46 0.000159682
20.48 9.27785e-05
20.5 -6.67866e-06
20.52 -3.20328e-05
20.54 4.98098e-06
20.56 -5.7535e-07
20.58 -2.41047e-05
20.6 3.47604e-05
20.62 6.68153e-05
20.64 -5.57091e-05
20.66 -0.000188815
20.68 -0.000172201
20.7 -4.69696e-05
20.72 6.93263e-05
20.74 5.86809e-05
20.76 -7.72718e-05
20.78 -0.000135667
20.8 -1.46492e-05
20.82 8.12925e-05
20.84 -1.6666e-05
20.86 -0.000139489
20.88 -4.64788e-05
20.9 0.000167069
20.92 0.000204267
20.94 4.3581e-05
20.96 -4.06419e-05
20.98 8.72694e-05
21 0.00021334
21.02 9.20569e-05
21.04 -0.00013082
21.06 -0.000116068
21.08 0.000111934
21.1 0.000195009
21.12 -7.29416e-06
21.14 -0.000209748
21.16 -0.000118606
21.18 0.000125505
21.2 0.000139202
21.22 -0.000114683
21.24 -0.000265382
21.26 -0.000112406
21.28 8.37208e-05
21.3 2.52042e-05
21.32 -0.000166479
21.34 -0.000142415
21.36 0.000117232
21.38 0.000248582
21.4 9.48786e-05
21.42 -6.94465e-05
21.44 -3.70856e-05
21.46 8.78121e-05
21.48 0.000135996
21.5 4.06197e-05
21.52 -0.000101059
21.54 -0.000123306
21.56 -4.78137e-05
21.58 -4.13476e-05
21.6 -0.000112058
21.62 -0.000104503
21.64 -3.94185e-07
21.66 4.08394e-05
21.68 -3.8547e-05
21.7 -8.93832e-05
21.72 8.64754e-06
21.74 0.000132747
21.76 7.97007e-05
21.78 -0.000102924
21.8 -0.000149352
21.82 1.33021e-05
21.84 0.000128641
21.86 1.35866e-05
21.88 -0.0001473
21.9 -9.93534e-05
21.92 8.78731e-05
21.94 0.000144484
21.96 1.07916e-05
21.98 -8.94696e-05
22 2.60822e-06
22.02 0.00014737
22.04 0.000134303
22.06 -8.34249e-06
22.08 -8.87677e-05
22.1 -3.29357e-05
22.12 4.06836e-05
22.14 9.20453e-06
22.16 -7.46166e-05
22.18 -7.36024e-05
22.2 1.03057e-05
22.22 4.69725e-05
22.24 -8.50172e-06
22.26 -5.92422e-05
22.28 -2.5817e-05
22.3 4.08195e-05
22.32 4.68284e-05
22.34 2.22895e-06
22.36 -5.23061e-06
22.38 4.56832e-05
22.4 8.40732e-05
22.42 6.00642e-05
22.44 1.37233e-05
22.46 1.15733e-05
22.48 5.2236e-05
22.5 6.48697e-05
22.52 1.18016e-05
22.54 -4.54799e-05
22.56 -3.54188e-05
22.58 1.4725e-05
22.6 2.47428e-05
22.62 -1.84056e-05
22.64 -4.89379e-05
22.66 -2.48429e-05
22.68 1.13931e-05
22.7 5.92154e-07
22.72 -4.15633e-05
22.74 -5.02752e-05
22.76 -1.61291e-05
22.78 4.02791e-07
22.8 -2.97843e-05
22.82 -5.47316e-05
22.84 -2.41754e-05
22.86 2.66543e-05
22.88 2.93008e-05
22.9 -1.21561e-05
22.92 -3.04328e-05
22.94 4.01993e-06
22.96 4.3627e-05
22.98 3.65659e-05
23 -3.20216e-07
23.02 -1.40932e-05
23.04 4.65461e-06
23.06 1.43071e-05
23.08 -1.08643e-05
23.1 -4.01082e-05
23.12 -3.00681e-05
23.14 6.61611e-06
23.16 1.39818e-05
23.18 -1.9399e-05
23.2 -3.57228e-05
23.22 1.90698e-06
23.24 4.63705e-05
23.26 3.9665e-05
23.28 4.35574e-06
23.3 1.40216e-06
23.32 3.10641e-05
23.34 3.95141e-05
23.36 7.55656e-06
23.38 -2.40393e-05
23.4 -2.52283e-05
23.42 -1.93834e-05
23.44 -3.06278e-05
23.46 -3.8518e-05
23.48 -1.83378e-05
23.5 6.81259e-06
23.52 -1.28299e-06
23.54 -2.8333e-05
23.56 -2.55011e-05
23.58 1.33352e-05
23.6 3.99611e-05
23.62 2.27348e-05
23.64 -7.38176e-06
23.66 -5.60845e-06
23.68 2.26491e-05
23.7 3.92265e-05
23.72 2.6898e-05
23.74 3.54581e-06
23.76 -3.84897e-06
23.78 6.82307e-06
23.8 1.33281e-05
23.82 5.52201e-06
23.84 -3.78398e-06
23.86 -7.32691e-06
23.88 -1.236e-05
23.9 -1.84862e-05
23.92 -1.26093e-05
23.94 2.25834e-06
23.96 -6.20109e-07
23.98 -2.47478e-05
24 -3.35718e-05
24.02 -2.09991e-06
24.04 4.49538e-05
24.06 5.44147e-05
24.08 1.44659e-05
24.1 -2.11719e-05
24.12 -1.39168e-05
24.14 9.85566e-06
24.16 1.51328e-05
24.18 3.2667e-06
24.2 -1.12804e-05
24.22 -1.85841e-05
24.24 -1.28997e-05
24.26 6.96695e-07
24.28 1.33328e-05
24.3 1.88322e-05
24.32 1.11591e-05
24.34 -1.00747e-05
24.36 -3.0664e-05
24.38 -3.07465e-05
24.4 -1.26864e-05
24.42 2.46125e-07
24.44 -2.3457e-07
24.46 -1.0666e-08
24.48 5.63672e-06
24.5 3.89199e-06
24.52 -7.16565e-06
24.54 -1.26062e-05
24.56 -3.77455e-06
24.58 1.09076e-05
24.6 1.56176e-05
24.62 6.39355e-06
24.64 -1.43204e-07
24.66 1.04602e-05
24.68 2.42448e-05
24.7 1.49716e-05
24.72 -1.39631e-05
24.74 -2.61488e-05
24.76 -4.60311e-06
24.78 2.23128e-05
24.8 2.44789e-05
24.82 8.67893e-06
24.84 4.04879e-06
24.86 2.02905e-05
24.88 3.21658e-05
24.9 1.91295e-05
24.92 1.4966e-06
24.94 7.45887e-06
24.96 2.62548e-05
24.98 2.74019e-05
25 8.87774e-06
25.02 -1.94659e-06
25.04 9.41919e-06
25.06 2.42905e-05
25.08 1.90916e-05
25.1 -8.25192e-07
25.12 -7.31219e-06
25.14 1.02673e-05
25.16 2.59646e-05
25.18 1.49413e-05
25.2 -8.21245e-06
25.22 -1.36511e-05
25.24 -9.1512e-07
25.26 3.39198e-06
25.28 -1.40456e-05
25.3 -3.43341e-05
25.32 -3.45722e-05
25.34 -1.58789e-05
25.36 2.96433e-06
25.38 5.19517e-06
25.4 -7.82884e-06
25.42 -1.62199e-05
25.44 -7.40622e-06
25.46 4.36356e-06
25.48 -5.42396e-07
25.5 -1.61706e-05
25.52 -1.81343e-05
25.54 -6.74645e-07
25.56 1.37337e-05
25.58 9.14861e-06
25.6 -7.76529e-07
25.62 4.62844e-06
25.64 2.04572e-05
25.66 2.34655e-05
25.68 7.29776e-06
25.7 -7.91117e-06
25.72 -3.30015e-06
25.74 1.06231e-05
25.76 7.35183e-06
25.78 -1.29738e-05
25.8 -2.16352e-05
25.82 -7.69321e-06
25.84 6.83881e-06
25.86 4.41838e-06
25.88 -5.65947e-06
25.9 -8.6138e-06
25.92 -5.27202e-06
25.94 -4.57706e-06
25.96 -7.75873e-06
25.98 -1.02504e-05
26 -1.19867e-05
26.02 -1.56596e-05
26.04 -1.98878e-05
26.06 -1.87282e-05
26.08 -9.29564e-06
26.1 -1.14364e-06
26.12 -7.32864e-06
26.14 -2.16352e-05
26.16 -2.29921e-05
26.18 -7.36878e-06
26.2 5.37225e-06
26.22 9.69886e-07
26.24 -1.0215e-05
26.26 -9.3916e-06
26.28 3.84016e-06
26.3 1.01312e-05
26.32 1.64953e-07
26.34 -1.00533e-05
26.36 -6.45101e-06
26.38 1.0739e-06
26.4 -2.28256e-06
26.42 -1.25614e-05
26.44 -1.52074e-05
26.46 -6.80547e-06
26.48 3.82579e-06
26.5 8.16574e-06
26.52 3.50241e-06
26.54 -4.84043e-06
26.56 -6.4966e-06
26.58 3.48449e-06
26.6 1.80468e-05
26.62 2.32106e-05
26.64 1.37478e-05
26.66 1.08245e-06
26.68 -2.97733e-07
26.7 8.84239e-06
26.72 1.25846e-05
26.74 2.5311e-06
26.76 -8.73827e-06
26.78 -8.46636e-06
26.8 -1.52966e-06
26.82 -1.78741e-07
26.84 -7.99334e-06
26.86 -1.50292e-05
26.88 -1.24388e-05
26.9 -6.65759e-06
26.92 -5.91346e-06
26.94 -5.63465e-06
26.96 7.84292e-07
26.98 7.17377e-06
27 2.18318e-06
27.02 -8.19375e-06
27.04 -5.45334e-06
27.06 8.66455e-06
27.08 1.10601e-05
27.1 -5.05194e-06
27.12 -1.63328e-05
27.14 -4.27821e-06
27.16 1.43562e-05
27.18 1.12864e-05
27.2 -1.03207e-05
27.22 -2.00899e-05
27.24 -5.58941e-06
27.26 9.92685e-06
27.28 4.1946e-06
27.3 -1.12075e-05
27.32 -1.11e-05
27.34 5.92079e-06
27.36 1.73327e-05
27.38 1.06195e-05
27.4 -7.4075e-07
27.42 -7.304e-08
27.44 1.12446e-05
27.46 1.819e-05
27.48 1.08037e-05
27.5 -2.33987e-06
27.52 -7.0679e-06
27.54 -5.14563e-06
27.56 -7.74353e-06
27.58 -1.59821e-05
27.6 -2.03704e-05
27.62 -1.66392e-05
27.64 -1.3504e-05
27.66 -1.7503e-05
27.68 -2.10079e-05
27.7 -1.51622e-05
27.72 -3.0247e-06
27.74 6.85815e-06
27.76 1.19763e-05
27.78 1.52119e-05
27.8 1.77202e-05
27.82 1.83859e-05
27.84 1.72764e-05
27.86 1.49227e-05
27.88 1.00783e-05
27.9 3.40304e-06
27.92 -8.90375e-07
27.94 -1.08824e-06
27.96 8.69001e-07
27.98 2.26028e-06
28 3.75896e-07
28.02 -2.65049e-06
28.04 -1.98383e-06
28.06 -6.74348e-08
28.08 -2.59128e-06
28.1 -8.53249e-06
28.12 -9.32714e-06
28.14 -7.43637e-07
28.16 5.33567e-06
28.18 -1.31842e-06
28.2 -7.45841e-06
28.22 2.05767e-06
28.24 1.7484e-05
28.26 2.17375e-05
28.28 1.67879e-05
28.3 1.67391e-05
28.32 2.49877e-05
28.34 2.88728e-05
28.36 8.80754e-06
28.38 -3.26023e-05
28.4 -5.28971e-05
28.42 -2.1812e-05
28.44 2.33266e-05
28.46 1.87423e-05
28.48 -2.93544e-05
28.5 -4.62655e-05
28.52 -2.74052e-06
28.54 4.1522e-05
28.56 3.06542e-05
28.58 -9.24392e-06
28.6 -1.91302e-05
28.62 3.48805e-06
28.64 1.47045e-05
28.66 2.55907e-06
28.68 -2.36478e-06
28.7 1.36784e-05
28.72 2.51676e-05
28.74 7.9061e-06
28.76 -2.35959e-05
28.78 -3.0397e-05
28.8 1.65685e-07
28.82 2.89182e-05
28.84 1.34822e-05
28.86 -2.39982e-05
28.88 -2.43142e-05
28.9 1.5954e-05
28.92 3.96173e-05
28.94 1.91774e-05
28.96 -6.9467e-06
28.98 -1.39551e-06
29 1.57988e-05
29.02 8.8169e-06
29.04 -8.90626e-06
29.06 -6.02906e-07
29.08 2.40307e-05
29.1 2.21543e-05
29.12 -9.88977e-06
29.14 -2.91043e-05
29.16 -1.25343e-05
29.18 9.43721e-06
29.2 2.37488e-06
29.22 -2.00807e-05
29.24 -2.28562e-05
29.26 -5.34897e-06
29.28 4.87235e-06
29.3 -2.30931e-06
29.32 -1.15746e-05
29.34 -1.0248e-05
29.36 -2.56986e-06
29.38 2.75315e-06
29.4 4.81454e-06
29.42 5.47341e-06
29.44 3.86489e-06
29.46 7.04019e-07
29.48 1.31233e-07
29.5 3.01229e-06
29.52 4.53199e-06
29.54 1.61867e-07
29.56 -1.03467e-05
29.58 -1.97436e-05
29.6 -1.66137e-05
29.62 -2.16112e-06
29.64 4.16773e-06
29.66 -8.49503e-06
29.68 -2.19528e-05
29.7 -1.64488e-05
29.72 -1.53943e-06
29.74 4.78086e-07
29.76 -1.08077e-05
29.78 -1.37704e-05
29.8 -3.57013e-07
29.82 1.08691e-05
29.84 6.66989e-06
29.86 -1.06344e-06
29.88 2.57283e-06
29.9 1.27684e-05
29.92 1.62271e-05
29.94 1.1543e-05
29.96 7.0018e-06
29.98 5.56682e-06
30 9.83665e-07
30.02 -9.62823e-06
30.04 -1.74964e-05
30.06 -1.48786e-05
30.08 -9.30813e-06
30.1 -1.12205e-05
30.12 -1.46863e-05
30.14 -7.16556e-06
30.16 7.83275e-06
30.18 1.42001e-05
30.2 7.53305e-06
30.22 2.43209e-07
30.24 2.52171e-06
30.26 1.0833e-05
30.28 1.55766e-05
30.3 1.40354e-05
30.32 1.25118e-05
30.34 1.36103e-05
30.36 1.19541e-05
30.38 6.05359e-06
30.4 7.40693e-07
30.42 -1.31561e-06
30.44 -4.68276e-06
30.46 -1.41511e-05
30.48 -2.32352e-05
30.5 -2.01864e-05
30.52 -5.64312e-06
30.54 4.58856e-06
30.56 -1.94878e-07
30.58 -9.05331e-06
30.6 -5.01636e-06
30.62 9.66109e-06
30.64 1.81172e-05
30.66 1.37584e-05
30.68 7.14642e-06
30.7 9.36681e-06
30.72 1.6421e-05
30.74 1.32979e-05
30.76 -1.88168e-06
30.78 -9.56464e-06
30.8 -3.19096e-08
30.82 8.86761e-06
30.84 2.5108e-06
30.86 -7.77239e-06
30.88 -4.93817e-06
30.9 9.73243e-06
30.92 2.02454e-05
30.94 1.60095e-05
30.96 4.09089e-06
30.98 -1.69948e-07
31 4.83048e-06
31.02 5.31014e-06
31.04 -3.5122e-06
31.06 -9.65435e-06
31.08 -6.82979e-06
31.1 -3.79721e-06
31.12 -5.28045e-06
31.14 -3.58952e-06
31.16 4.776e-06
31.18 1.04374e-05
31.2 5.97032e-06
31.22 -1.69448e-06
31.24 -9.26588e-07
31.26 8.10626e-06
31.28 1.25508e-05
31.3 5.0152e-06
31.32 -3.85118e-06
31.34 -4.6104e-07
31.36 1.05958e-05
31.38 1.23555e-05
31.4 2.47121e-06
31.42 -1.50098e-06
31.44 7.54152e-06
31.46 1.35107e-05
31.48 5.60207e-06
31.5 -5.72681e-06
31.52 -7.94376e-06
31.54 -2.9821e-06
31.56 -9.15818e-07
31.58 -5.54367e-06
31.6 -9.95683e-06
31.62 -6.95065e-06
31.64 -1.31918e-06
31.66 -3.4934e-06
31.68 -1.19401e-05
31.7 -1.50776e-05
31.72 -9.54037e-06
31.74 -3.82921e-06
31.76 -4.67904e-06
31.78 -8.39203e-06
31.8 -7.48949e-06
31.82 -2.68251e-06
31.84 -1.37612e-06
31.86 -3.32418e-06
31.88 -5.75766e-07
31.9 6.51658e-06
31.92 8.21896e-06
31.94 2.23597e-06
31.96 -9.11229e-07
31.98 5.59568e-06
32 1.25375e-05
32.02 7.97902e-06
32.04 -4.20895e-06
32.06 -9.52732e-06
32.08 -4.02806e-06
32.1 1.04821e-06
32.12 -3.37416e-06
32.14 -1.22459e-05
32.16 -1.39559e-05
32.18 -6.22147e-06
32.2 1.07781e-07
32.22 -3.73102e-06
32.24 -1.14841e-05
32.26 -1.15229e-05
32.28 -4.17441e-06
32.3 -6.31008e-07
32.32 -6.3897e-06
32.34 -1.37852e-05
32.36 -1.28056e-05
32.38 -5.63012e-06
32.4 -3.94192e-06
32.42 -1.02376e-05
32.44 -1.38267e-05
32.46 -8.2872e-06
32.48 -5.11457e-07
32.5 -6.84715e-07
32.52 -8.72154e-06
32.54 -1.26848e-05
32.56 -4.55681e-06
32.58 5.89746e-06
32.6 4.17773e-06
32.62 -5.46684e-06
32.64 -5.29748e-06
32.66 7.77044e-06
32.68 1.64107e-05
32.7 9.24307e-06
32.72 -2.60345e-06
32.74 -3.63198e-06
32.76 1.95692e-06
32.78 -8.82882e-07
32.8 -1.09434e-05
32.82 -1.30401e-05
32.84 -2.76357e-06
32.86 7.54917e-06
32.88 7.8664e-06
32.9 5.10923e-06
32.92 9.50152e-06
32.94 1.60583e-05
32.96 1.35251e-05
32.98 3.94266e-06
33 -1.06589e-06
33.02 1.3381e-06
33.04 3.07947e-06
33.06 -4.58708e-07
33.08 -4.2741e-06
33.1 -3.54575e-06
33.12 -1.55945e-06
33.14 -2.89159e-06
33.16 -4.83866e-06
33.18 -3.35331e-06
33.2 4.76059e-08
33.22 2.40226e-06
33.24 2.48137e-06
33.26 8.46205e-07
33.28 -1.00889e-06
33.3 -3.36296e-06
33.32 -5.58197e-06
33.34 -2.86268e-06
33.36 5.80478e-06
33.38 1.13275e-05
33.4 5.72899e-06
33.42 -4.49387e-06
33.44 -5.31516e-06
33.46 4.68535e-06
33.48 9.99031e-06
33.5 6.26762e-07
33.52 -1.1024e-05
33.54 -9.3392e-06
33.56 1.26082e-06
33.58 6.36593e-06
33.6 2.62649e-06
33.62 -1.83957e-06
33.64 -1.26234e-06
33.66 2.80556e-07
33.68 -3.81618e-06
33.7 -1.073e-05
33.72 -1.07466e-05
33.74 -3.8352e-06
33.76 -8.41983e-07
33.78 -3.78236e-06
33.8 -1.89301e-06
33.82 7.88822e-06
33.84 1.37818e-05
33.86 9.1393e-06
33.88 3.39108e-06
33.9 6.51047e-06
33.92 1.42085e-05
33.94 1.49698e-05
33.96 7.53822e-06
33.98 3.60544e-06
34 9.61005e-06
34.02 1.50721e-05
34.04 9.1714e-06
34.06 -8.07003e-07
34.08 -2.34231e-06
34.1 1.84311e-06
34.12 1.94574e-06
34.14 -3.03505e-06
34.16 -6.7689e-06
34.18 -4.92103e-06
34.2 -2.94456e-07
34.22 1.18307e-06
34.24 -2.01604e-06
34.26 -5.54306e-06
34.28 -4.61529e-06
34.3 3.59771e-07
34.32 3.61336e-06
34.34 8.08037e-07
34.36 -3.47635e-06
34.38 2.55698e-07
34.4 1.1275e-05
34.42 1.66965e-05
34.44 1.10669e-05
34.46 4.74326e-06
34.48 6.77498e-06
34.5 1.05397e-05
34.52 5.11897e-06
34.54 -6.31145e-06
34.56 -1.08439e-05
34.58 -4.55536e-06
34.6 3.28199e-06
34.62 4.39565e-06
34.64 1.04185e-06
34.66 -5.62585e-07
34.68 4.79505e-07
34.7 1.76723e-07
34.72 -3.34651e-06
34.74 -7.14581e-06
34.76 -8.04223e-06
34.78 -5.91674e-06
34.8 -2.55393e-06
34.82 -4.47553e-07
34.84 3.06313e-07
34.86 2.72273e-06
34.88 5.91655e-06
34.9 5.57108e-06
34.92 3.69423e-06
34.94 6.05432e-06
34.96 1.14971e-05
34.98 1.3417e-05
35 8.6174e-06
35.02 1.55987e-06
35.04 -1.40386e-07
35.06 3.24712e-06
35.08 2.603e-06
35.1 -5.26113e-06
35.12 -1.13742e-05
35.14 -9.94194e-06
35.16 -8.0251e-06
35.18 -1.16012e-05
35.2 -1.45953e-05
35.22 -9.07197e-06
35.24 1.08292e-06
35.26 4.2773e-06
35.28 -2.07867e-06
35.3 -7.18972e-06
35.32 -1.8331e-06
35.34 6.88796e-06
35.36 4.85859e-06
35.38 -5.16278e-06
35.4 -5.95509e-06
35.42 6.21055e-06
35.44 1.52979e-05
35.46 9.42395e-06
35.48 -2.30642e-06
35.5 -3.54015e-06
35.52 3.86401e-06
35.54 3.64398e-06
35.56 -6.87179e-06
35.58 -1.39976e-05
35.6 -1.17359e-05
35.62 -8.64494e-06
35.64 -1.08086e-05
35.66 -1.27755e-05
35.68 -8.77162e-06
35.7 -3.42744e-06
35.72 -3.10542e-06
35.74 -5.73392e-06
35.76 -7.36514e-06
35.78 -5.48889e-06
35.8 3.02739e-06
35.82 1.18723e-05
35.84 7.13561e-06
35.86 -6.94667e-06
35.88 -9.81489e-06
35.9 5.28392e-09
35.92 3.16912e-06
35.94 -2.892e-06
35.96 1.52117e-06
35.98 1.72403e-05
36 1.70128e-05
36.02 -4.75034e-06
36.04 -1.55185e-05
36.06 9.53526e-07
36.08 1.86128e-05
36.1 1.50673e-05
36.12 3.22915e-06
36.14 7.48947e-07
36.16 1.67317e-06
36.18 -9.67002e-08
36.2 4.48648e-06
36.22 1.39417e-05
36.24 1.36835e-05
36.26 8.51246e-07
36.28 -1.33463e-05
36.3 -1.80498e-05
36.32 -1.3762e-05
36.34 -1.12215e-05
36.36 -1.37606e-05
36.38 -1.26383e-05
36.4 -4.1659e-06
36.42 5.48158e-06
36.44 9.46116e-06
36.46 3.41592e-06
36.48 -6.83417e-06
36.5 -5.13028e-07
36.52 2.82507e-05
36.54 4.71406e-05
36.56 2.86397e-05
36.58 -1.7729e-06
36.6 -5.60879e-07
36.62 2.48894e-05
36.64 2.57089e-05
36.66 -6.72114e-06
36.68 -2.44222e-05
36.7 -8.84071e-06
36.72 -1.08076e-06
36.74 -1.9149e-05
36.76 -2.14292e-05
36.78 1.05811e-05
36.8 2.44789e-05
36.82 -1.27405e-05
36.84 -4.5035e-05
36.86 -1.8223e-05
36.88 2.46358e-05
36.9 1.09462e-05
36.92 -4.28268e-05
36.94 -5.58945e-05
36.96 -7.30093e-06
36.98 4.24852e-05
37 3.82665e-05
37.02 -5.98977e-06
37.04 -2.39531e-05
37.06 1.76494e-05
37.08 6.36491e-05
37.1 4.33369e-05
37.12 -1.77611e-05
37.14 -3.38083e-05
37.16 7.19078e-06
37.18 3.03409e-05
37.2 -5.05759e-06
37.22 -5.06183e-05
37.24 -5.36078e-05
37.26 -2.3574e-05
37.28 3.59594e-06
37.3 8.88985e-06
37.32 -4.93372e-06
37.34 -1.95536e-05
37.36 -1.96485e-05
37.38 -9.79184e-06
37.4 -5.00899e-06
37.42 -7.37097e-06
37.44 -5.12053e-06
37.46 5.03867e-06
37.48 1.40327e-05
37.5 1.51929e-05
37.52 1.00223e-05
37.54 5.72962e-06
37.56 1.16203e-05
37.58 2.72549e-05
37.6 3.42184e-05
37.62 1.83165e-05
37.64 -6.86834e-06
37.66 -1.7284e-05
37.68 -5.89488e-06
37.7 1.3087e-05
37.72 1.60334e-05
37.74 -2.97308e-06
37.76 -1.85182e-05
37.78 -7.77771e-06
37.8 1.33592e-05
37.82 8.42913e-06
37.84 -2.72721e-05
37.86 -5.08983e-05
37.88 -3.0215e-05
37.9 4.36196e-06
37.92 7.46892e-06
37.94 -1.18845e-05
37.96 -1.54017e-05
37.98 1.72029e-06
38 1.28951e-05
38.02 5.51246e-06
38.04 -4.93029e-06
38.06 -1.36983e-06
38.08 9.63568e-06
38.1 9.64371e-06
38.12 -8.40338e-07
38.14 -5.782e-06
38.16 6.79465e-07
38.18 1.01595e-05
38.2 1.35704e-05
38.22 1.28491e-05
38.24 1.38056e-05
38.26 1.15764e-05
38.28 -1.00129e-06
38.3 -1.67849e-05
38.32 -2.02464e-05
38.34 -8.04979e-06
38.36 3.93126e-06
38.38 -4.29194e-07
38.4 -1.27602e-05
38.42 -9.9342e-06
38.44 1.04944e-05
38.46 2.51243e-05
38.48 1.65443e-05
38.5 -3.90235e-06
38.52 -1.20193e-05
38.54 -3.63189e-06
38.56 2.72677e-06
38.58 -5.49811e-06
38.6 -1.89573e-05
38.62 -2.1106e-05
38.64 -1.06663e-05
38.66 -2.14633e-06
38.68 -4.09194e-06
38.7 -8.65618e-06
38.72 -5.78459e-06
38.74 3.3433e-06
38.76 9.99661e-06
38.78 9.45014e-06
38.8 5.70272e-06
38.82 4.33588e-06
38.84 3.79674e-06
38.86 -1.60775e-06
38.88 -1.03203e-05
38.9 -1.31059e-05
38.92 -8.23177e-06
38.94 -5.61636e-06
38.96 -9.36302e-06
38.98 -9.42009e-06
39 1.62282e-06
39.02 1.49319e-05
39.04 1.82578e-05
39.06 1.45441e-05
39.08 1.668e-05
39.1 2.66029e-05
39.12 2.99914e-05
39.14 1.55615e-05
39.16 -6.49536e-06
39.18 -1.48893e-05
39.2 -5.36229e-06
39.22 3.81131e-06
39.24 -1.71139e-06
39.26 -1.24669e-05
39.28 -1.06904e-05
39.3 2.04694e-06
39.32 7.02326e-06
39.34 -2.64093e-06
39.36 -1.25474e-05
39.38 -1.06454e-05
39.4 -3.18393e-06
39.42 -1.1168e-06
39.44 -4.75123e-06
39.46 -7.32373e-06
39.48 -5.06884e-06
39.5 -7.58653e-08
39.52 4.02724e-06
39.54 5.64045e-06
39.56 4.79973e-06
39.58 2.59636e-06
39.6 2.03146e-06
39.62 6.82162e-06
39.64 1.53003e-05
39.66 1.94949e-05
39.68 1.54145e-05
39.7 9.7369e-06
39.72 9.85694e-06
39.74 1.11611e-05
39.76 4.91632e-06
39.78 -4.99766e-06
39.8 -7.77375e-06
39.82 -3.24782e-06
39.84 -4.77752e-07
39.86 -3.8768e-06
39.88 -8.40608e-06
39.9 -7.7042e-06
39.92 -2.81742e-06
39.94 8.86349e-07
39.96 1.4696e-06
39.98 7.55211e-08
40 -1.91894e-06
40.02 -2.57613e-06
40.04 -1.02309e-06
40.06 7.75188e-07
40.08 -4.09102e-07
40.1 -3.23802e-06
40.12 -1.00929e-06
40.14 6.1835e-06
40.16 8.5463e-06
40.18 3.1829e-06
40.2 -1.1976e-06
40.22 -1.47529e-07
40.24 1.04543e-06
40.26 -2.37735e-06
40.28 -7.96069e-06
40.3 -9.51492e-06
40.32 -5.67858e-06
40.34 -2.13175e-06
40.36 -3.16553e-06
40.38 -5.72875e-06
40.4 -3.88421e-06
40.42 3.89169e-06
40.44 1.15648e-05
40.46 1.27261e-05
40.48 9.51245e-06
40.5 8.2736e-06
40.52 1.00122e-05
40.54 8.64007e-06
40.56 3.03664e-07
40.58 -6.14334e-06
40.6 -3.81062e-07
40.62 9.16887e-06
40.64 5.38174e-06
40.66 -1.17539e-05
40.68 -2.37038e-05
40.7 -1.7603e-05
40.72 -4.54076e-06
40.74 -4.32799e-06
40.76 -1.71549e-05
40.78 -2.47104e-05
40.8 -1.64312e-05
40.82 -1.16093e-06
40.84 6.61693e-06
40.86 4.67465e-06
40.88 2.65999e-06
40.9 4.51947e-06
40.92 4.82864e-06
40.94 3.12333e-06
40.96 4.40775e-06
40.98 8.30073e-06
41 1.04651e-05
41.02 8.74471e-06
41.04 4.01279e-06
41.06 7.8462e-07
41.08 2.0608e-06
41.1 4.05454e-06
41.12 2.86149e-06
41.14 -3.76058e-07
41.16 -3.01362e-06
41.18 -4.88192e-06
41.2 -7.69241e-06
41.22 -1.11297e-05
41.24 -1.2121e-05
41.26 -9.14087e-06
41.28 -6.12938e-06
41.3 -7.59087e-06
41.32 -1.00505e-05
41.34 -7.13052e-06
41.36 -7.82369e-07
41.38 2.12698e-06
41.4 4.17376e-07
41.42 -8.29841e-08
41.44 5.34435e-06
41.46 1.29411e-05
41.48 1.47615e-05
41.5 9.69651e-06
41.52 5.35595e-06
41.54 7.60702e-06
41.56 1.26952e-05
41.58 1.24247e-05
41.6 4.87465e-06
41.62 -2.49296e-06
41.64 -2.5956e-06
41.66 1.51543e-06
41.68 1.91231e-06
41.7 -2.83654e-06
41.72 -7.62476e-06
41.74 -9.63721e-06
41.76 -1.06513e-05
41.78 -1.1648e-05
41.8 -1.16248e-05
41.82 -9.42118e-06
41.84 -4.12753e-06
41.86 2.49074e-06
41.88 6.04811e-06
41.9 5.45434e-06
41.92 5.44398e-06
41.94 9.36462e-06
41.96 1.36211e-05
41.98 1.31831e-05
42 8.50589e-06
42.02 4.15936e-06
42.04 2.29953e-06
42.06 4.40066e-07
42.08 -3.15069e-06
42.1 -5.1623e-06
42.12 -2.26918e-06
42.14 2.62409e-06
42.16 3.94885e-06
42.18 6.58943e-07
42.2 -2.89087e-06
42.22 -2.5521e-06
42.24 -1.31343e-07
42.26 -6.99595e-07
42.28 -5.14509e-06
42.3 -9.24875e-06
42.32 -9.8066e-06
42.34 -7.90039e-06
42.36 -5.21528e-06
42.38 -2.78966e-06
42.4 -1.55011e-06
42.42 1.55745e-07
42.44 3.31402e-06
42.46 5.01085e-06
42.48 3.72109e-06
42.5 1.80935e-06
42.52 2.32416e-06
42.54 5.30585e-06
42.56 7.30378e-06
42.58 5.89932e-06
42.6 3.17983e-06
42.62 3.1601e-06
42.64 5.6941e-06
42.66 6.04674e-06
42.68 2.61541e-06
42.7 1.43848e-07
42.72 2.41475e-06
42.74 5.80772e-06
42.76 3.68725e-06
42.78 -3.2114e-06
42.8 -5.65776e-06
42.82 -2.90504e-08
42.84 3.5454e-06
42.86 -3.17419e-06
42.88 -1.22649e-05
42.9 -1.17784e-05
42.92 -3.49248e-06
42.94 2.4039e-07
42.96 -6.08003e-06
42.98 -1.33813e-05
43 -1.04612e-05
43.02 3.70574e-07
43.04 6.50519e-06
43.06 2.73499e-06
43.08 -2.63208e-06
43.1 -5.5262e-07
43.12 6.784e-06
43.14 9.78414e-06
43.16 5.67611e-06
43.18 2.10153e-06
43.2 4.10335e-06
43.22 6.53839e-06
43.24 3.52573e-06
43.26 -2.58062e-06
43.28 -5.32591e-06
43.3 -3.82226e-06
43.32 -3.92094e-06
43.34 -8.46219e-06
43.36 -1.26759e-05
43.38 -1.17904e-05
43.4 -7.7665e-06
43.42 -4.9294e-06
43.44 -3.26877e-06
43.46 -4.76535e-07
43.48 3.4649e-06
43.5 6.48103e-06
43.52 7.27756e-06
43.54 6.61942e-06
43.56 5.72154e-06
43.58 4.64031e-06
43.6 2.45597e-06
43.62 -4.96053e-07
43.64 -1.97607e-06
43.66 -9.63233e-07
43.68 2.66364e-07
43.7 -1.24335e-06
43.72 -4.45737e-06
43.74 -4.83148e-06
43.76 -1.82924e-06
43.78 -2.69003e-07
43.8 -1.4208e-06
43.82 -1.45466e-06
43.84 9.07988e-07
43.86 1.7391e-06
43.88 -1.82812e-06
43.9 -5.87255e-06
43.92 -4.88001e-06
43.94 -9.45306e-07
43.96 -1.30526e-06
43.98 -6.16971e-06
44 -7.68285e-06
44.02 -2.65707e-06
44.04 2.52914e-06
44.06 1.87893e-06
44.08 -2.12356e-06
44.1 -3.17851e-06
44.12 5.35716e-08
44.14 2.67098e-06
44.16 8.79223e-07
44.18 -3.04935e-06
44.2 -4.6844e-06
44.22 -3.61142e-06
44.24 -3.09859e-06
44.26 -4.77975e-06
44.28 -6.90186e-06
44.3 -7.1378e-06
44.32 -5.1559e-06
44.34 -2.32856e-06
44.36 -7.18834e-07
44.38 -1.14e-06
44.4 -8.63708e-07
44.42 2.58455e-06
44.44 6.64089e-06
44.46 7.83635e-06
44.48 6.24592e-06
44.5 3.3871e-06
44.52 5.80597e-07
44.54 -1.10951e-06
44.56 -1.99389e-06
44.58 -3.29493e-06
44.6 -5.19483e-06
44.62 -6.31062e-06
44.64 -5.37652e-06
44.66 -3.16438e-06
44.68 -2.0178e-06
44.7 -2.85337e-06
44.72 -3.06859e-06
44.74 -6.45769e-07
44.76 2.15058e-06
44.78 2.43294e-06
44.8 3.62384e-07
44.82 -1.4323e-06
44.84 -5.34338e-07
44.86 2.44454e-06
44.88 4.31939e-06
44.9 3.08272e-06
44.92 3.70725e-07
44.94 -4.53764e-07
44.96 1.06347e-06
44.98 1.69631e-06
45 -6.93188e-07
45.02 -3.64085e-06
45.04 -3.17359e-06
45.06 5.21189e-07
45.08 2.89936e-06
45.1 8.26856e-07
45.12 -2.41813e-06
45.14 -1.69645e-06
45.16 1.58692e-06
45.18 1.75524e-06
45.2 -2.0409e-06
45.22 -3.81398e-06
45.24 7.95038e-07
45.26 7.54626e-06
45.28 9.15234e-06
45.3 4.89293e-06
45.32 1.60506e-06
45.34 4.20731e-06
45.36 7.02858e-06
45.38 2.65644e-06
45.4 -5.1973e-06
45.42 -6.45443e-06
45.44 1.07516e-06
45.46 6.32519e-06
45.48 5.21778e-07
45.5 -7.93923e-06
45.52 -6.47381e-06
45.54 1.84304e-06
45.56 3.44893e-06
45.58 -4.05992e-06
45.6 -8.53867e-06
45.62 -2.62572e-06
45.64 4.87061e-06
45.66 2.05723e-06
45.68 -7.45673e-06
45.7 -9.27737e-06
45.72 -3.59183e-07
45.74 5.96308e-06
45.76 -1.51876e-07
45.78 -9.8137e-06
45.8 -7.79908e-06
45.82 4.27504e-06
45.84 9.72693e-06
45.86 2.29301e-06
45.88 -4.4956e-06
45.9 1.15514e-06
45.92 1.14949e-05
45.94 1.22738e-05
45.96 3.68887e-06
45.98 -2.51953e-06
46 -1.17037e-06
46.02 2.34047e-06
46.04 2.04e-06
46.06 -1.41344e-06
46.08 -3.11804e-06
46.1 -2.62869e-06
46.12 -3.30474e-06
46.14 -5.3422e-06
46.16 -6.4616e-06
46.18 -4.7183e-06
46.2 -1.88799e-08
46.22 3.43284e-06
46.24 9.37115e-07
46.26 -3.48393e-06
46.28 -1.30176e-06
46.3 4.96305e-06
46.32 5.35966e-06
46.34 -4.81559e-08
46.36 -2.44433e-06
46.38 1.56068e-06
46.4 5.69993e-06
46.42 3.41023e-06
46.44 -1.93247e-06
46.46 -1.85552e-06
46.48 2.96851e-06
46.5 3.68032e-06
46.52 -1.63833e-06
46.54 -5.22574e-06
46.56 -2.14449e-06
46.58 2.58467e-06
46.6 1.75383e-06
46.62 -3.17345e-06
46.64 -4.57867e-06
46.66 -6.66102e-07
46.68 1.89833e-06
46.7 -1.58592e-06
46.72 -6.04527e-06
46.74 -4.1e-06
46.76 1.69286e-06
46.78 3.29501e-06
46.8 9.21511e-08
46.82 -1.20541e-06
46.84 2.77099e-06
46.86 5.21815e-06
46.88 -2.0364e-07
46.9 -6.89439e-06
46.92 -5.49626e-06
46.94 2.05384e-06
46.96 5.95483e-06
46.98 1.66626e-06
47 -4.19016e-06
47.02 -3.70471e-06
47.04 1.57875e-06
47.06 3.88452e-06
47.08 -9.63851e-07
47.1 -7.23944e-06
47.12 -4.9362e-06
47.14 3.81932e-06
47.16 5.0468e-06
47.18 -4.53619e-06
47.2 -1.10032e-05
47.22 -4.35282e-06
47.24 6.14944e-06
47.26 5.60012e-06
47.28 -3.29797e-06
47.3 -4.22086e-06
47.32 6.84325e-06
47.34 1.58588e-05
47.36 1.26831e-05
47.38 4.47582e-06
47.4 2.21156e-06
47.42 3.67677e-06
47.44 -5.61708e-07
47.46 -8.10256e-06
47.48 -6.84454e-06
47.5 2.81186e-06
47.52 5.96678e-06
47.54 -1.78207e-06
47.56 -5.97275e-06
47.58 1.38836e-06
47.6 7.86436e-06
47.62 2.03414e-06
47.64 -8.11929e-06
47.66 -8.9101e-06
47.68 -1.79e-06
47.7 9.78806e-07
47.72 -4.1178e-06
47.74 -6.97844e-06
47.76 -7.02222e-07
47.78 6.61559e-06
47.8 4.73065e-06
47.82 -2.66387e-06
47.84 -4.57751e-06
47.86 1.07539e-07
47.88 2.13754e-06
47.9 -2.83198e-06
47.92 -6.90651e-06
47.94 -3.35892e-06
47.96 1.68652e-06
47.98 2.02388e-07
48 -4.22253e-06
48.02 -2.81299e-06
48.04 3.88422e-06
48.06 5.93785e-06
48.08 -1.31502e-06
48.1 -9.19425e-06
48.12 -6.44842e-06
48.14 4.83715e-06
48.16 8.96377e-06
48.18 -1.44107e-06
48.2 -1.16638e-05
48.22 -6.9196e-06
48.24 4.53393e-06
48.26 5.75211e-06
48.28 -3.33868e-06
48.3 -7.27622e-06
48.32 2.21116e-06
48.34 1.25226e-05
48.36 8.35477e-06
48.38 -3.57065e-06
48.4 -4.91475e-06
48.42 5.71096e-06
48.44 1.14633e-05
48.46 3.75053e-06
48.48 -5.74013e-06
48.5 -4.5799e-06
48.52 2.69538e-06
48.54 2.81581e-06
48.56 -6.31443e-06
48.58 -1.18192e-05
48.6 -5.74789e-06
48.62 2.21077e-06
48.64 -1.66443e-07
48.66 -8.18337e-06
48.68 -6.75615e-06
48.7 4.71225e-06
48.72 1.00629e-05
48.74 1.93832e-06
48.76 -6.29444e-06
48.78 -1.25222e-06
48.8 8.89446e-06
48.82 7.84233e-06
48.84 -2.46363e-06
48.86 -5.92141e-06
48.88 2.18809e-06
48.9 8.70949e-06
48.92 3.60603e-06
48.94 -4.94006e-06
48.96 -4.03775e-06
48.98 4.21228e-06
49 6.73141e-06
49.02 -1.1979e-07
49.04 -5.43463e-06
49.06 -1.16193e-06
49.08 5.74894e-06
49.1 4.59927e-06
49.12 -1.69886e-06
49.14 -1.57615e-06
49.16 5.73969e-06
49.18 8.8131e-06
49.2 1.83446e-06
49.22 -5.23535e-06
49.24 -1.91763e-06
49.26 4.75288e-06
49.28 2.13628e-06
49.3 -6.59288e-06
49.32 -8.22985e-06
49.34 -4.90316e-07
49.36 5.10924e-06
49.38 5.88395e-07
49.4 -6.4931e-06
49.42 -4.40793e-06
49.44 4.05591e-06
49.46 6.18642e-06
49.48 -5.39244e-07
49.5 -5.53228e-06
49.52 -2.26527e-06
49.54 2.34698e-06
49.56 6.14917e-07
49.58 -4.22386e-06
49.6 -5.42512e-06
49.62 -3.51806e-06
49.64 -4.24915e-06
49.66 -8.97151e-06
49.68 -1.17472e-05
49.7 -8.71963e-06
49.72 -4.34341e-06
49.74 -3.74242e-06
49.76 -4.94932e-06
49.78 -2.91564e-06
49.8 1.35799e-06
49.82 1.63827e-06
49.84 -2.64447e-06
49.86 -3.85035e-06
49.88 1.88525e-06
49.9 7.27163e-06
49.92 4.46798e-06
49.94 -2.38185e-06
49.96 -3.77009e-06
49.98 4.60305e-07
50 2.16114e-06
50.02 -2.25278e-06
50.04 -6.59128e-06
50.06 -3.73075e-06
50.08 3.37071e-06
50.1 4.63788e-06
50.12 -2.15278e-06
50.14 -7.44353e-06
50.16 -4.46524e-06
50.18 1.68235e-06
50.2 2.59399e-06
50.22 -2.4851e-06
50.24 -6.49336e-06
50.26 -3.78992e-06
50.28 1.90346e-06
50.3 2.61882e-06
50.32 -1.39038e-06
50.34 -2.22415e-06
50.36 2.04596e-06
50.38 4.46281e-06
50.4 1.48658e-06
50.42 -1.55478e-06
50.44 6.34442e-07
50.46 5.20962e-06
50.48 5.1438e-06
50.5 -4.63563e-07
50.52 -4.35817e-06
50.54 -1.39764e-06
50.56 4.1473e-06
50.58 4.86064e-06
50.6 8.7917e-07
50.62 -7.45769e-07
50.64 2.29605e-06
50.66 4.23954e-06
50.68 1.47909e-06
50.7 -1.57753e-06
50.72 -2.10926e-07
50.74 2.9951e-06
50.76 2.42732e-06
50.78 -1.63213e-06
50.8 -3.21764e-06
50.82 -7.44964e-07
50.84 -1.35404e-07
50.86 -4.15726e-06
50.88 -7.17493e-06
50.9 -4.98143e-06
50.92 -1.44663e-06
50.94 -1.68378e-06
50.96 -5.08962e-06
50.98 -7.06483e-06
51 -5.00888e-06
51.02 -1.55208e-06
51.04 -1.15436e-06
51.06 -3.52541e-06
51.08 -3.91979e-06
51.1 -1.13238e-06
51.12 8.2206e-07
51.14 -7.1087e-07
51.16 -3.74245e-06
51.18 -4.45376e-06
51.2 -1.75453e-06
51.22 9.25299e-07
51.24 1.64356e-07
51.26 -1.66001e-06
51.28 4.30315e-07
51.3 5.81484e-06
51.32 9.15576e-06
51.34 6.29536e-06
51.36 -3.50442e-06
51.38 -1.47999e-05
51.4 -1.85662e-05
51.42 -1.13372e-05
51.44 2.01089e-06
51.46 1.21883e-05
51.48 1.10246e-05
51.5 8.37782e-07
51.52 -3.7466e-06
51.54 4.19311e-06
51.56 1.13725e-05
51.58 5.38546e-06
51.6 -6.55721e-06
51.62 -9.3181e-06
51.64 5.38893e-09
51.66 9.41e-06
51.68 8.53469e-06
51.7 1.66153e-06
51.72 -1.65084e-07
51.74 4.44472e-06
51.76 6.38923e-06
51.78 7.65883e-07
51.8 -6.64322e-06
51.82 -8.32278e-06
51.84 -3.8857e-06
51.86 1.04327e-06
51.88 1.42336e-06
51.9 -1.70826e-06
51.92 -2.90668e-06
51.94 1.63659e-07
51.96 3.8733e-06
51.98 4.1656e-06
52 2.05986e-06
52.02 1.02195e-06
52.04 1.20853e-06
52.06 3.7612e-08
52.08 -2.66639e-06
52.1 -3.49423e-06
52.12 -8.69364e-07
52.14 8.0017e-07
52.16 -1.83834e-06
52.18 -3.97994e-06
52.2 -6.45159e-08
52.22 6.68675e-06
52.24 8.18098e-06
52.26 3.16076e-06
52.28 -9.71222e-07
52.3 7.75741e-07
52.32 4.20921e-06
52.34 2.60291e-06
52.36 -3.25301e-06
52.38 -5.81329e-06
52.4 -2.11158e-06
52.42 1.59777e-06
52.44 -1.76467e-07
52.46 -3.06796e-06
52.48 -4.94838e-07
52.5 4.4973e-06
52.52 3.98956e-06
52.54 -2.13659e-06
52.56 -5.81231e-06
52.58 -3.17966e-06
52.6 -2.09392e-07
52.62 -2.21757e-06
52.64 -6.01385e-06
52.66 -5.80797e-06
52.68 -1.956e-06
52.7 3.51379e-07
52.72 -6.37065e-07
52.74 -2.28813e-06
52.76 -2.42771e-06
52.78 -1.59392e-06
52.8 -1.63768e-06
52.82 -2.69465e-06
52.84 -2.96892e-06
52.86 -2.03886e-06
52.88 -1.81263e-06
52.9 -2.62063e-06
52.92 -1.93172e-06
52.94 4.71877e-07
52.96 7.42465e-07
52.98 -1.99093e-06
53 -3.07435e-06
53.02 2.81012e-08
53.04 3.34913e-06
53.06 2.50665e-06
53.08 -3.12486e-07
53.1 1.74686e-07
53.12 3.96838e-06
53.14 5.35767e-06
53.16 2.33382e-06
53.18 2.16668e-07
53.2 1.87392e-06
53.22 3.44471e-06
53.24 1.54473e-06
53.26 -1.63756e-06
53.28 -2.21974e-06
53.3 -6.57471e-07
53.32 -6.63117e-07
53.34 -3.48299e-06
53.36 -5.4565e-06
53.38 -3.32131e-06
53.4 -1.10502e-07
53.42 -3.4764e-07
53.44 -2.57498e-06
53.46 -2.62115e-06
53.48 -5.51495e-07
53.5 3.54609e-07
53.52 -6.66739e-07
53.54 -1.08666e-06
53.56 2.68082e-07
53.58 1.33579e-06
53.6 1.65036e-07
53.62 -2.22609e-06
53.64 -3.35136e-06
53.66 -2.26078e-06
53.68 -8.22109e-07
53.7 -1.31082e-06
53.72 -2.30122e-06
53.74 -9.29684e-07
53.76 1.81032e-06
53.78 2.64492e-06
53.8 1.19918e-06
53.82 -7.93263e-08
53.84 6.95934e-07
53.86 2.70558e-06
53.88 2.69615e-06
53.9 -4.19275e-07
53.92 -2.6048e-06
53.94 -5.31047e-07
53.96 2.63428e-06
53.98 2.17574e-06
54 -1.06516e-06
54.02 -2.34986e-06
54.04 3.87178e-08
54.06 2.72491e-06
54.08 2.39077e-06
54.1 1.4415e-07
54.12 -6.5457e-08
54.14 2.35101e-06
54.16 3.07059e-06
54.18 3.99213e-07
54.2 -2.32076e-06
54.22 -3.06537e-06
54.24 -2.85655e-06
54.26 -2.89797e-06
54.28 -3.49948e-06
54.3 -3.48282e-06
54.32 -2.08642e-06
54.34 -1.01691e-06
54.36 -1.76732e-06
54.38 -3.20231e-06
54.4 -3.26487e-06
54.42 -1.64583e-06
54.44 2.71341e-07
54.46 1.28996e-06
54.48 1.38117e-06
54.5 1.2529e-06
54.52 1.66915e-06
54.54 2.35284e-06
54.56 2.01644e-06
54.58 4.40687e-07
54.6 -7.01217e-07
54.62 2.62836e-07
54.64 2.12807e-06
54.66 2.02033e-06
54.68 -6.6988e-07
54.7 -3.56435e-06
54.72 -3.83066e-06
54.74 -2.15736e-06
54.76 -2.21362e-06
54.78 -4.50286e-06
54.8 -5.58087e-06
54.82 -3.97369e-06
54.84 -1.48253e-06
54.86 -4.6284e-10
54.88 3.99692e-07
54.9 1.29541e-06
54.92 2.90619e-06
54.94 3.3358e-06
54.96 2.57196e-06
54.98 2.64371e-06
55 3.15041e-06
55.02 2.09431e-06
55.04 -5.94019e-08
55.06 -8.79034e-07
55.08 1.18793e-10
55.1 4.98202e-07
55.12 -3.97294e-08
55.14 -6.80127e-07
55.16 -7.53328e-07
55.18 -2.26898e-07
55.2 5.06827e-07
55.22 1.29554e-06
55.24 1.98769e-06
55.26 2.26994e-06
55.28 2.0326e-06
55.3 1.3591e-06
55.32 9.78197e-07
55.34 1.68966e-06
55.36 2.00945e-06
55.38 4.5107e-08
55.4 -2.19611e-06
55.42 -1.6004e-06
55.44 3.85235e-07
55.46 2.78194e-07
55.48 -1.76457e-06
55.5 -3.38732e-06
55.52 -3.27633e-06
55.54 -2.04235e-06
55.56 -1.30802e-06
55.58 -1.27781e-06
55.6 -1.21372e-06
55.62 -5.20273e-07
55.64 2.37341e-07
55.66 -9.48798e-07
55.68 -3.38948e-06
55.7 -3.26719e-06
55.72 7.9533e-08
55.74 2.39585e-06
55.76 7.03311e-07
55.78 -2.2509e-06
55.8 -1.83102e-06
55.82 1.76834e-06
55.84 3.43232e-06
55.86 1.11992e-06
55.88 5.98686e-08
55.9 4.40236e-06
55.92 8.2238e-06
55.94 1.37771e-06
55.96 -1.28249e-05
55.98 -1.71712e-05
56 -6.17352e-06
56.02 5.6849e-06
56.04 5.10565e-06
56.06 -4.11442e-06
56.08 -6.61504e-06
56.1 3.21578e-06
56.12 1.28479e-05
56.14 9.8002e-06
56.16 -1.85596e-06
56.18 -7.27311e-06
56.2 -1.62831e-06
56.22 3.53873e-06
56.24 -2.2519e-07
56.26 -5.94119e-06
56.28 -3.9636e-06
56.3 3.76118e-06
56.32 7.2624e-06
56.34 2.80705e-06
56.36 -1.95681e-06
56.38 -3.05108e-07
56.4 3.3887e-06
56.42 2.00072e-06
56.44 -1.99383e-06
56.46 -4.93677e-07
56.48 5.82605e-06
56.5 7.2777e-06
56.52 1.23731e-06
56.54 -3.02113e-06
56.56 8.72226e-07
56.58 6.40996e-06
56.6 3.74421e-06
56.62 -4.88816e-06
56.64 -7.76431e-06
56.66 -1.33572e-06
56.68 4.85451e-06
56.7 2.04102e-06
56.72 -5.24408e-06
56.74 -5.89957e-06
56.76 1.00417e-06
56.78 5.18404e-06
56.8 1.00817e-06
56.82 -4.09245e-06
56.84 -1.98995e-06
56.86 3.61256e-06
56.88 4.57908e-06
56.9 -4.07975e-07
56.92 -5.04133e-06
56.94 -3.6752e-06
56.96 -1.72145e-07
56.98 -1.79608e-06
57 -6.86686e-06
57.02 -7.43952e-06
57.04 -2.79035e-06
57.06 -7.59913e-07
57.08 -4.03766e-06
57.1 -5.11134e-06
57.12 3.63794e-08
57.14 3.84794e-06
57.16 1.85901e-07
57.18 -5.25393e-06
57.2 -3.74927e-06
57.22 2.82899e-06
57.24 4.2425e-06
57.26 -2.24992e-06
57.28 -7.14521e-06
57.3 -2.79515e-06
57.32 4.77929e-06
57.34 4.4984e-06
57.36 -2.76794e-06
57.38 -5.11374e-06
57.4 1.74189e-06
57.42 7.58817e-06
57.44 3.89104e-06
57.46 -3.7985e-06
57.48 -4.93729e-06
57.5 9.85612e-07
57.52 4.91515e-06
57.54 1.5856e-06
57.56 -3.88591e-06
57.58 -3.72444e-06
57.6 1.44729e-06
57.62 4.14164e-06
57.64 1.16367e-06
57.66 -2.53887e-06
57.68 -1.68111e-06
57.7 1.65852e-06
57.72 1.8442e-06
57.74 -1.44213e-06
57.76 -3.16706e-06
57.78 -1.02999e-06
57.8 1.1929e-06
57.82 3.81284e-08
57.84 -2.18442e-06
57.86 -1.54398e-06
57.88 1.01295e-06
57.9 1.27208e-06
57.92 -1.22735e-06
57.94 -2.29264e-06
57.96 -3.72227e-08
57.98 1.91765e-06
58 4.42997e-07
58.02 -2.10832e-06
58.04 -2.00122e-06
58.06 2.92243e-07
58.08 1.34959e-06
58.1 -1.39666e-07
58.12 -1.68951e-06
58.14 -9.09186e-07
58.16 9.26792e-07
58.18 1.06319e-06
58.2 -5.04052e-07
58.22 -1.21769e-06
58.24 5.2918e-09
58.26 1.16892e-06
58.28 4.44345e-07
58.3 -9.92875e-07
58.32 -9.14548e-07
58.34 4.94209e-07
58.36 1.02949e-06
58.38 -3.54198e-08
58.4 -9.17647e-07
58.42 -2.23565e-07
58.44 9.26666e-07
58.46 7.58897e-07
58.48 -4.23232e-07
58.5 -8.10737e-07
58.52 1.3518e-07
58.54 9.22338e-07
58.56 3.57171e-07
58.58 -6.34078e-07
58.6 -5.06675e-07
58.62 4.94313e-07
58.64 7.91465e-07
58.66 -1.90967e-08
58.68 -6.15449e-07
58.7 -1.01367e-07
58.72 6.5935e-07
58.74 4.92101e-07
58.76 -2.84997e-07
58.78 -4.47264e-07
58.8 2.13473e-07
58.82 6.39108e-07
58.84 1.97893e-07
58.86 -3.85913e-07
58.88 -2.18386e-07
58.9 4.0061e-07
58.92 5.08396e-07
58.94 -2.23013e-08
58.96 -3.46137e-07
58.98 1.37705e-08
59 4.70283e-07
59.02 3.29486e-07
59.04 -1.54493e-07
59.06 -2.2574e-07
59.08 1.98493e-07
59.1 4.46866e-07
59.12 1.57918e-07
59.14 -1.94275e-07
59.16 -7.16233e-08
59.18 3.11071e-07
59.2 3.60502e-07
59.22 2.60647e-08
59.24 -1.59649e-07
59.26 7.61239e-08
59.28 3.51478e-07
59.3 2.50019e-07
59.32 -4.79644e-08
59.34 -7.72849e-08
59.36 1.90698e-07
59.38 3.33745e-07
59.4 1.46255e-07
59.42 -6.45412e-08
59.44 2.34589e-08
59.46 2.59787e-07
59.48 2.7991e-07
59.5 6.99668e-08
59.52 -3.55211e-08
59.54 1.18086e-07
59.56 2.83883e-07
59.58 2.12907e-07
59.6 3.02526e-08
59.62 2.14136e-08
59.64 1.90476e-07
59.66 2.72577e-07
59.68 1.51716e-07
59.7 2.61075e-08
59.72 8.80096e-08
59.74 2.33785e-07
59.76 2.39967e-07
59.78 1.08692e-07
59.8 4.95484e-08
59.82 1.49337e-07
59.84 2.49064e-07
59.86 2.00346e-07
59.88 8.88163e-08
59.9 8.92971e-08
59.92 1.95857e-07
59.94 2.42766e-07
59.96 1.65349e-07
59.98 -1.22009e-07
