0.02 3.23244e-07
0.04 9.15683e-07
0.06 1.00221e-06
0.08 4.58396e-07
0.1 1.31211e-07
0.12 4.90597e-07
0.14 9.48218e-07
0.16 8.19819e-07
0.18 3.69336e-07
0.2 3.47141e-07
0.22 8.15124e-07
0.24 1.09992e-06
0.26 8.7237e-07
0.28 6.30911e-07
0.3 8.74617e-07
0.32 1.27488e-06
0.34 1.32578e-06
0.36 1.21855e-06
0.38 1.17576e-06
0.4 6.17177e-07
0.42 -7.80848e-07
0.44 -7.13166e-07
0.46 2.16718e-06
0.48 3.42241e-06
0.5 1.24051e-07
0.52 -3.2399e-06
0.54 -2.35944e-06
0.56 -6.95574e-07
0.58 -3.41613e-06
0.6 -6.28313e-06
0.62 -2.86153e-06
0.64 1.13162e-06
0.66 -1.39e-06
0.68 -8.62433e-06
0.7 -1.26217e-05
0.72 -2.90194e-06
0.74 1.09954e-05
0.76 7.83321e-06
0.78 -4.20753e-06
0.8 1.14687e-06
0.82 2.30658e-05
0.84 3.24799e-05
0.86 1.5734e-05
0.88 -4.26706e-06
0.9 -2.70849e-06
0.92 1.27079e-05
0.94 1.42756e-05
0.96 -7.73099e-06
0.98 -2.77549e-05
1 -1.90963e-05
1.02 6.65038e-06
1.04 1.34508e-05
1.06 -1.0082e-05
1.08 -3.3777e-05
1.1 -2.75045e-05
1.12 -1.14028e-06
1.14 1.37181e-05
1.16 1.10077e-06
1.18 -2.58073e-05
1.2 -2.80335e-05
1.22 6.12466e-06
1.24 2.56288e-05
1.26 -3.49081e-06
1.28 -4.01124e-05
1.3 -3.54247e-05
1.32 4.08255e-06
1.34 3.52485e-05
1.36 2.53423e-05
1.38 -1.06531e-05
1.4 -2.40761e-05
1.42 9.40593e-07
1.44 2.08387e-05
1.46 -8.40256e-06
1.48 -6.25471e-05
1.5 -7.50298e-05
1.52 -3.27973e-05
1.54 1.79147e-06
1.56 -1.87371e-05
1.58 -5.77213e-05
1.6 -4.78523e-05
1.62 5.15413e-06
1.64 2.86872e-05
1.66 -4.94533e-06
1.68 -4.0311e-05
1.7 -2.58037e-05
1.72 1.07736e-05
1.74 7.2609e-06
1.76 -3.02153e-05
1.78 -3.72354e-05
1.8 -5.91051e-06
1.82 4.06781e-06
1.84 -3.02329e-05
1.86 -5.59285e-05
1.88 -2.00285e-05
1.9 3.65623e-05
1.92 2.08238e-05
1.94 -5.80865e-05
1.96 -8.31218e-05
1.98 -1.57389e-05
2 3.06471e-05
2.02 -2.96216e-05
2.04 -0.000111943
2.06 -9.37858e-05
2.08 -9.30622e-06
2.1 6.05233e-06
2.12 -6.54622e-05
2.14 -9.89898e-05
2.16 -3.46242e-05
2.18 3.47176e-05
2.2 1.75425e-05
2.22 -5.01188e-05
2.24 -6.73439e-05
2.26 -1.26582e-05
2.28 1.76638e-05
2.3 -3.82647e-05
2.32 -9.92e-05
2.34 -7.42682e-05
2.36 -7.0379e-07
2.38 1.65021e-05
2.4 -5.28491e-05
2.42 -0.000112075
2.44 -6.98691e-05
2.46 1.33098e-05
2.48 1.84202e-05
2.5 -4.18567e-05
2.52 -5.43358e-05
2.54 4.22157e-06
2.56 4.49192e-05
2.58 2.8898e-05
2.6 2.32695e-05
2.62 7.38505e-05
2.64 0.000125456
2.66 0.000117748
2.68 8.88496e-05
2.7 0.000113877
2.72 0.000181904
2.74 0.000218647
2.76 0.000203327
2.78 0.000183341
2.8 0.000198408
2.82 0.000236722
2.84 0.000254318
2.86 0.000236928
2.88 0.000210276
2.9 0.000195784
2.92 0.000203098
2.94 0.000217366
2.96 0.000204984
2.98 0.000176305
3 0.000177671
3.02 0.000176502
3.04 0.000106523
3.06 3.00833e-05
3.08 2.94136e-05
3.1 4.7553e-05
3.12 3.72215e-07
3.14 -8.83915e-05
3.16 -0.000140705
3.18 -0.000141829
3.2 -0.000148377
3.22 -0.000196083
3.24 -0.000249682
3.26 -0.000257423
3.28 -0.000230713
3.3 -0.000214019
3.32 -0.000218511
3.34 -0.000217131
3.36 -0.000164502
3.38 -7.56448e-05
3.4 -3.35113e-05
3.42 -5.46028e-05
3.44 -3.63597e-05
3.46 9.233e-05
3.48 0.000220681
3.5 0.000201636
3.52 0.00010059
3.54 0.000100681
3.56 0.000210541
3.58 0.000268241
3.6 0.000209825
3.62 0.000160233
3.64 0.00018864
3.66 0.00015138
3.68 4.24264e-06
3.7 -5.67697e-05
3.72 1.34031e-05
3.74 1.79651e-05
3.76 -0.00011105
3.78 -0.000201165
3.8 -0.000136808
3.82 -5.08998e-05
3.84 -9.5465e-05
3.86 -0.000204571
3.88 -0.000230563
3.9 -0.000163243
3.92 -0.000127067
3.94 -0.000191436
3.96 -0.000269738
3.98 -0.000233442
4 -8.20961e-05
4.02 6.15994e-06
4.04 -8.18149e-05
4.06 -0.000174424
4.08 -7.74708e-05
4.1 9.80369e-05
4.12 0.000121669
4.14 1.45489e-05
4.16 -9.75122e-06
4.18 8.21516e-05
4.2 8.36311e-05
4.22 -7.01637e-05
4.24 -0.000167449
4.26 -8.89775e-05
4.28 6.86022e-06
4.3 -3.69408e-05
4.32 -0.000102593
4.34 1.74031e-06
4.36 0.000153188
4.38 0.000103955
4.4 -7.726e-05
4.42 -0.000127854
4.44 -5.4455e-06
4.46 9.46424e-05
4.48 6.85973e-05
4.5 -2.34362e-05
4.52 -9.75402e-05
4.54 -8.21002e-05
4.56 -5.07741e-07
4.58 3.14575e-05
4.6 -2.68941e-05
4.62 -8.29295e-05
4.64 -2.54963e-05
4.66 9.94655e-05
4.68 0.000122916
4.7 3.09211e-05
4.72 -4.42254e-07
4.74 0.000100117
4.76 0.000190578
4.78 0.000122699
4.8 -4.34553e-05
4.82 -8.29174e-05
4.84 6.38839e-05
4.86 0.00016672
4.88 6.31291e-05
4.9 -8.5054e-05
4.92 -6.58074e-05
4.94 4.87663e-05
4.96 5.24648e-05
4.98 -6.72307e-05
5 -0.00015366
5.02 -0.00012984
5.04 -8.79643e-05
5.06 -0.000103414
5.08 -7.57327e-05
5.1 4.49781e-05
5.12 9.66619e-05
5.14 3.89614e-06
5.16 -7.11026e-05
5.18 8.16961e-07
5.2 0.000121667
5.22 0.000132239
5.24 2.21206e-05
5.26 -0.000102589
5.28 -0.000115549
5.3 4.62256e-06
5.32 0.000113913
5.34 9.40636e-05
5.36 5.83187e-06
5.38 -1.95822e-05
5.4 3.5137e-05
5.42 7.02363e-05
5.44 4.69194e-05
5.46 3.46965e-05
5.48 6.58848e-05
5.5 8.81693e-05
5.52 6.58829e-05
5.54 2.94778e-05
5.56 1.56546e-05
5.58 2.01112e-05
5.6 1.98203e-05
5.62 5.51235e-06
5.64 9.72288e-07
5.66 2.46821e-05
5.68 3.38841e-05
5.7 -3.99715e-07
5.72 -2.74904e-05
5.74 -9.36649e-06
5.76 1.56982e-05
5.78 -2.57021e-06
5.8 -4.56057e-05
5.82 -4.40911e-05
5.84 3.63365e-06
5.86 1.29976e-05
5.88 -4.32791e-05
5.9 -9.02059e-05
5.92 -5.95301e-05
5.94 2.92403e-05
5.96 7.93653e-05
5.98 4.66681e-05
6 1.67536e-05
6.02 5.25918e-05
6.04 9.63773e-05
6.06 9.41616e-05
6.08 5.9522e-05
6.1 2.68855e-05
6.12 3.7824e-05
6.14 8.82595e-05
6.16 0.000107557
6.18 3.68564e-05
6.2 -8.14846e-05
6.22 -0.000117318
6.24 -5.17225e-05
6.26 -3.03743e-05
6.28 -0.000116182
6.3 -0.000172734
6.32 -8.43654e-05
6.34 3.50429e-05
6.36 1.48498e-05
6.38 -9.11851e-05
6.4 -0.000103416
6.42 -1.906e-06
6.44 6.31254e-05
6.46 4.05171e-06
6.48 -9.51849e-05
6.5 -0.000121173
6.52 -7.82919e-05
6.54 -6.45459e-05
6.56 -0.000109138
6.58 -0.000108971
6.6 -3.54278e-05
6.62 -6.59115e-06
6.64 -4.80578e-05
6.66 -3.79946e-05
6.68 5.44629e-05
6.7 9.89347e-05
6.72 7.73338e-06
6.74 -0.000123833
6.76 -0.000130534
6.78 -7.32355e-06
6.8 7.2526e-05
6.82 4.32489e-06
6.84 -9.28671e-05
6.86 -5.7301e-05
6.88 5.66308e-05
6.9 6.34393e-05
6.92 -6.02873e-05
6.94 -0.000139259
6.96 -5.81925e-05
6.98 7.217e-05
7 7.8905e-05
7.02 -2.92259e-05
7.04 -8.3911e-05
7.06 -4.37345e-06
7.08 8.72003e-05
7.1 6.43643e-05
7.12 -1.29494e-05
7.14 -1.54518e-05
7.16 5.78949e-05
7.18 9.79829e-05
7.2 5.62307e-05
7.22 9.57242e-06
7.24 3.47363e-05
7.26 8.23165e-05
7.28 4.79194e-05
7.3 -4.12361e-05
7.32 -4.59302e-05
7.34 5.2088e-05
7.36 0.000106244
7.38 3.69068e-05
7.4 -4.44705e-05
7.42 -1.99798e-05
7.44 5.55803e-05
7.46 5.49118e-05
7.48 -2.98144e-05
7.5 -7.67228e-05
7.52 -1.90169e-05
7.54 4.27844e-05
7.56 3.45311e-06
7.58 -6.79591e-05
7.6 -3.9156e-05
7.62 6.71094e-05
7.64 0.000105745
7.66 4.4827e-05
7.68 3.36158e-07
7.7 3.22732e-05
7.72 6.57049e-05
7.74 3.3151e-05
7.76 -5.55008e-06
7.78 3.00367e-05
7.8 8.98911e-05
7.82 7.7947e-05
7.84 2.78517e-06
7.86 -5.01308e-05
7.88 -3.07027e-05
7.9 1.93826e-05
7.92 2.0165e-05
7.94 -2.85341e-05
7.96 -4.71901e-05
7.98 -9.10733e-06
8 2.28921e-05
8.02 8.52433e-06
8.04 -1.21714e-05
8.06 1.16366e-06
8.08 2.5945e-05
8.1 2.48894e-05
8.12 4.79871e-06
8.14 -2.39799e-06
8.16 1.15925e-05
8.18 2.93427e-05
8.2 3.92334e-05
8.22 3.70177e-05
8.24 2.27156e-06
8.26 -5.28532e-05
8.28 -5.55469e-05
8.3 8.67498e-06
8.32 5.58975e-05
8.34 3.26948e-05
8.36 -1.84098e-05
8.38 -2.6292e-05
8.4 1.8284e-05
8.42 5.31799e-05
8.44 2.56812e-05
8.46 -4.4061e-05
8.48 -7.29546e-05
8.5 -1.43086e-05
8.52 5.50867e-05
8.54 3.99964e-05
8.56 -2.04884e-05
8.58 -1.80089e-05
8.6 5.64781e-05
8.62 9.95475e-05
8.64 4.09001e-05
8.66 -3.44124e-05
8.68 5.22418e-07
8.7 9.9294e-05
8.72 0.000109852
8.74 1.72889e-05
8.76 -4.14021e-05
8.78 1.01089e-05
8.8 7.68393e-05
8.82 4.07385e-05
8.84 -6.00138e-05
8.86 -9.87085e-05
8.88 -3.67432e-05
8.9 4.07704e-05
8.92 3.01664e-05
8.94 -3.7508e-05
8.96 -4.19387e-05
8.98 1.65977e-05
9 3.40789e-05
9.02 -1.71993e-05
9.04 -6.22108e-05
9.06 -3.53859e-05
9.08 3.24202e-05
9.1 4.18803e-05
9.12 -3.25736e-05
9.14 -8.3222e-05
9.16 -3.8307e-05
9.18 1.41336e-05
9.2 -2.09176e-05
9.22 -9.01964e-05
9.24 -8.41148e-05
9.26 -7.09128e-06
9.28 3.25146e-05
9.3 -6.17736e-06
9.32 -3.97921e-05
9.34 -1.7419e-06
9.36 5.76067e-05
9.38 4.89115e-05
9.4 -2.3036e-05
9.42 -5.67956e-05
9.44 2.5073e-07
9.46 6.52958e-05
9.48 3.22326e-05
9.5 -6.35564e-05
9.52 -8.34679e-05
9.54 -8.52687e-07
9.56 4.83103e-05
9.58 -1.3351e-06
9.6 -3.10237e-05
9.62 2.74727e-05
9.64 5.83733e-05
9.66 -1.99971e-05
9.68 -0.000102713
9.7 -7.51551e-05
9.72 1.2575e-05
9.74 4.6619e-05
9.76 -1.17288e-05
9.78 -9.96974e-05
9.8 -0.000100011
9.82 -6.99735e-06
9.84 4.438e-05
9.86 3.81953e-06
9.88 -2.98671e-05
9.9 1.10023e-05
9.92 6.37812e-05
9.94 3.41239e-05
9.96 -4.56353e-05
9.98 -4.66979e-05
10 4.68362e-05
10.02 9.97552e-05
10.04 3.78461e-05
10.06 -3.8589e-05
10.08 -2.29919e-05
10.1 3.54392e-05
10.12 2.72389e-05
10.14 -4.85238e-05
10.16 -8.60727e-05
10.18 -2.81209e-05
10.2 3.87802e-05
10.22 1.09254e-05
10.24 -6.91859e-05
10.26 -8.06404e-05
10.28 -9.39082e-06
10.3 4.05279e-05
10.32 1.01889e-05
10.34 -3.69716e-05
10.36 -2.21958e-05
10.38 3.1948e-05
10.4 4.27359e-05
10.42 9.29444e-07
10.44 -1.74104e-05
10.46 1.9684e-05
10.48 5.25642e-05
10.5 3.42048e-05
10.52 1.30154e-06
10.54 3.10784e-06
10.56 1.54174e-05
10.58 -1.15896e-06
10.6 -1.64903e-05
10.62 4.37402e-06
10.64 2.99752e-05
10.66 2.17644e-05
10.68 -7.16387e-06
10.7 -2.43205e-05
10.72 -1.74091e-05
10.74 2.3057e-07
10.76 1.26356e-06
10.78 -1.38347e-05
10.8 -8.14298e-06
10.82 2.34997e-05
10.84 3.78689e-05
10.86 1.10476e-05
10.88 -3.01697e-05
10.9 -3.79362e-05
10.92 -2.3696e-06
10.94 2.53662e-05
10.96 6.01494e-06
10.98 -2.66507e-05
11 -2.36621e-05
11.02 2.47031e-06
11.04 5.87879e-06
11.06 -1.59383e-05
11.08 -2.32267e-05
11.1 -5.2811e-07
11.12 2.51417e-05
11.14 2.8455e-05
11.16 1.62784e-05
11.18 1.17516e-05
11.2 2.1747e-05
11.22 3.15274e-05
11.24 2.24902e-05
11.26 -5.78524e-06
11.28 -2.57323e-05
11.3 -1.62784e-05
11.32 2.80706e-06
11.34 -3.25884e-07
11.36 -2.40054e-05
11.38 -3.71175e-05
11.4 -1.75731e-05
11.42 1.71984e-05
11.44 2.39923e-05
11.46 -5.49048e-06
11.48 -2.65488e-05
11.5 -9.1274e-06
11.52 1.75991e-05
11.54 1.5678e-05
11.56 -3.3354e-06
11.58 -1.77845e-06
11.6 2.42687e-05
11.62 4.11397e-05
11.64 2.88248e-05
11.66 8.43206e-06
11.68 8.16033e-06
11.7 2.09583e-05
11.72 1.99426e-05
11.74 3.3783e-06
11.76 -8.78118e-06
11.78 -1.09394e-05
11.8 -1.55499e-05
11.82 -2.85687e-05
11.84 -3.70141e-05
11.86 -2.89042e-05
11.88 -1.56189e-05
11.9 -1.01036e-05
11.92 -2.19137e-06
11.94 1.41662e-05
11.96 2.19312e-05
11.98 1.06007e-05
12 -4.93861e-06
12.02 -4.42272e-06
12.04 1.07755e-05
12.06 1.81309e-05
12.08 7.03697e-06
12.1 -6.31317e-06
12.12 -6.91929e-06
12.14 3.94058e-06
12.16 1.73545e-05
12.18 2.00398e-05
12.2 7.6323e-06
12.22 -5.72201e-06
12.24 -8.98423e-06
12.26 -9.47467e-06
12.28 -1.67843e-05
12.3 -2.76246e-05
12.32 -3.18628e-05
12.34 -2.67251e-05
12.36 -1.91254e-05
12.38 -1.38788e-05
12.4 -8.15534e-06
12.42 3.95842e-07
12.44 8.3557e-06
12.46 1.05724e-05
12.48 8.1675e-06
12.5 9.56104e-06
12.52 1.71933e-05
12.54 2.10253e-05
12.56 1.44824e-05
12.58 7.94038e-06
12.6 1.3378e-05
12.62 2.44912e-05
12.64 2.45217e-05
12.66 7.6609e-06
12.68 -1.02188e-05
12.7 -1.00701e-05
12.72 1.30347e-06
12.74 1.45333e-06
12.76 -1.32045e-05
12.78 -2.39957e-05
12.8 -1.56954e-05
12.82 6.94298e-06
12.84 2.16044e-05
12.86 1.11362e-05
12.88 -1.06438e-05
12.9 -1.34478e-05
12.92 7.32234e-06
12.94 2.19126e-05
12.96 8.54425e-06
12.98 -1.26829e-05
13 -1.05902e-05
13.02 8.26044e-06
13.04 1.2183e-05
13.06 -3.15397e-06
13.08 -9.59436e-06
13.1 5.55949e-06
13.12 2.06169e-05
13.14 1.52585e-05
13.16 -7.70592e-07
13.18 -6.41281e-06
13.2 9.71044e-07
13.22 8.45779e-06
13.24 8.09788e-06
13.26 3.96948e-06
13.28 4.68057e-07
13.3 -5.3841e-06
13.32 -1.25993e-05
13.34 -1.26394e-05
13.36 -2.97669e-06
13.38 7.9116e-06
13.4 9.01337e-06
13.42 -6.14109e-07
13.44 -6.89983e-06
13.46 -9.45579e-07
13.48 3.90427e-06
13.5 -4.23154e-06
13.52 -1.25606e-05
13.54 -6.0851e-06
13.56 5.10463e-06
13.58 2.05519e-06
13.6 -1.25275e-05
13.62 -1.78831e-05
13.64 -5.93837e-06
13.66 6.39509e-06
13.68 1.34612e-06
13.7 -1.38153e-05
13.72 -1.70717e-05
13.74 -3.2762e-06
13.76 1.05426e-05
13.78 1.0991e-05
13.8 4.67681e-06
13.82 4.44454e-06
13.84 9.92632e-06
13.86 9.32914e-06
13.88 -2.21506e-06
13.9 -1.24238e-05
13.92 -8.24758e-06
13.94 3.97063e-06
13.96 8.21145e-06
13.98 1.5525e-06
14 -4.10512e-06
14.02 2.77639e-06
14.04 1.97914e-05
14.06 3.01209e-05
14.08 2.38165e-05
14.1 1.14524e-05
14.12 2.68896e-06
14.14 -5.4413e-06
14.16 -1.0397e-05
14.18 -4.76332e-06
14.2 3.4195e-06
14.22 -3.08307e-06
14.24 -2.14383e-05
14.26 -2.78184e-05
14.28 -1.23354e-05
14.3 4.49636e-06
14.32 -1.59267e-07
14.34 -2.02797e-05
14.36 -2.86301e-05
14.38 -1.37062e-05
14.4 2.38922e-06
14.42 -4.77812e-06
14.44 -2.45092e-05
14.46 -2.54442e-05
14.48 -3.48458e-06
14.5 1.25619e-05
14.52 6.2931e-06
14.54 -4.60711e-06
14.56 2.23137e-07
14.58 1.15769e-05
14.6 8.38634e-06
14.62 -3.21633e-06
14.64 1.77335e-06
14.66 2.2168e-05
14.68 2.70819e-05
14.7 -8.87987e-07
14.72 -3.60517e-05
14.74 -3.62487e-05
14.76 -2.55387e-06
14.78 1.72952e-05
14.8 -5.6754e-06
14.82 -3.92963e-05
14.84 -3.25888e-05
14.86 7.69246e-06
14.88 2.05399e-05
14.9 -1.46379e-05
14.92 -3.76821e-05
14.94 -4.45949e-06
14.96 3.60354e-05
14.98 2.16107e-05
15 -2.26915e-05
15.02 -2.78745e-05
15.04 9.16149e-06
15.06 2.51035e-05
15.08 -6.00396e-06
15.1 -3.46883e-05
15.12 -1.51145e-05
15.14 2.82014e-05
15.16 3.76696e-05
15.18 5.06353e-06
15.2 -1.80682e-05
15.22 1.10351e-06
15.24 2.6439e-05
15.26 1.19086e-05
15.28 -2.53077e-05
15.3 -3.46057e-05
15.32 -9.18263e-06
15.34 9.29146e-06
15.36 -3.58125e-06
15.38 -2.12221e-05
15.4 -1.07522e-05
15.42 1.62979e-05
15.44 2.25422e-05
15.46 3.79865e-07
15.48 -1.91771e-05
15.5 -1.19714e-05
15.52 9.38239e-06
15.54 1.60305e-05
15.56 2.86821e-06
15.58 -4.50944e-06
15.6 9.77014e-06
15.62 2.487e-05
15.64 1.53399e-05
15.66 -9.02739e-06
15.68 -1.59698e-05
15.7 3.61582e-06
15.72 2.2724e-05
15.74 1.82872e-05
15.76 2.77223e-06
15.78 9.55012e-07
15.8 1.36281e-05
15.82 1.92132e-05
15.84 5.62663e-06
15.86 -1.09933e-05
15.88 -8.45594e-06
15.9 8.33471e-06
15.92 1.50114e-05
15.94 5.39711e-06
15.96 -1.34649e-07
15.98 1.11262e-05
16 2.29072e-05
16.02 1.74065e-05
16.04 3.20276e-06
16.06 -6.22944e-07
16.08 8.37603e-06
16.1 1.50767e-05
16.12 7.14652e-06
16.14 -7.91134e-06
16.16 -1.0598e-05
16.18 4.86659e-06
16.2 1.99313e-05
16.22 1.53372e-05
16.24 -1.20967e-06
16.26 -9.02694e-06
16.28 -4.5757e-06
16.3 3.00421e-06
16.32 8.30022e-06
16.34 7.98067e-06
16.36 4.18218e-07
16.38 -7.31703e-06
16.4 -6.04971e-06
16.42 -1.08701e-08
16.44 -1.68663e-06
16.46 -1.15448e-05
16.48 -1.79435e-05
16.5 -1.76608e-05
16.52 -2.11628e-05
16.54 -3.19419e-05
16.56 -3.57228e-05
16.58 -2.27279e-05
16.6 -7.75496e-06
16.62 -1.03707e-05
16.64 -2.53109e-05
16.66 -2.98116e-05
16.68 -8.3475e-06
16.7 3.19836e-05
16.72 5.82558e-05
16.74 5.27718e-05
16.76 4.55787e-05
16.78 6.33546e-05
16.8 8.45397e-05
16.82 7.92613e-05
16.84 4.86213e-05
16.86 4.36275e-06
16.88 -2.58997e-05
16.9 -4.89376e-06
16.92 3.43854e-05
16.94 1.76513e-05
16.96 -3.96331e-05
16.98 -5.31283e-05
17 -8.44875e-06
17.02 2.10139e-05
17.04 -9.71899e-06
17.06 -5.48742e-05
17.08 -5.169e-05
17.1 -1.59441e-05
17.12 -1.70612e-05
17.14 -6.45867e-05
17.16 -8.47567e-05
17.18 -3.64776e-05
17.2 1.09873e-05
17.22 -1.8044e-05
17.24 -7.36716e-05
17.26 -5.92549e-05
17.28 3.97334e-06
17.3 1.67001e-05
17.32 -3.16577e-05
17.34 -5.03872e-05
17.36 7.17661e-06
17.38 7.34933e-05
17.4 7.08591e-05
17.42 2.73581e-05
17.44 2.92358e-05
17.46 8.25731e-05
17.48 0.000101699
17.5 4.84382e-05
17.52 -4.99025e-07
17.54 2.29815e-05
17.56 6.07462e-05
17.58 2.64616e-05
17.6 -4.42175e-05
17.62 -5.65702e-05
17.64 -1.14938e-05
17.66 7.4155e-06
17.68 -3.14877e-05
17.7 -6.86067e-05
17.72 -5.41857e-05
17.74 -2.16183e-05
17.76 -2.48074e-05
17.78 -5.28945e-05
17.8 -5.61591e-05
17.82 -2.6404e-05
17.84 4.50116e-07
17.86 2.15736e-06
17.88 -8.92458e-06
17.9 -9.39456e-06
17.92 6.50009e-06
17.94 2.26303e-05
17.96 2.71647e-05
17.98 2.8037e-05
18 3.34205e-05
18.02 3.62975e-05
18.04 2.97033e-05
18.06 2.10034e-05
18.08 1.53533e-05
18.1 1.93024e-06
18.12 -1.92199e-05
18.14 -2.56264e-05
18.16 -1.14953e-05
18.18 -1.90793e-06
18.2 -1.49946e-05
18.22 -3.92633e-05
18.24 -5.43325e-05
18.26 -5.72544e-05
18.28 -5.88162e-05
18.3 -6.09544e-05
18.32 -4.72834e-05
18.34 -2.38492e-06
18.36 4.7061e-05
18.38 5.23738e-05
18.4 2.72477e-05
18.42 3.25899e-05
18.44 7.57996e-05
18.46 0.000103453
18.48 7.33236e-05
18.5 3.76437e-06
18.52 -2.98973e-05
18.54 1.2232e-05
18.56 5.90666e-05
18.58 2.99361e-05
18.6 -3.96455e-05
18.62 -5.77726e-05
18.64 -1.20274e-05
18.66 1.96339e-05
18.68 -1.42803e-05
18.7 -6.63961e-05
18.72 -6.56831e-05
18.74 -2.41632e-05
18.76 -1.52139e-05
18.78 -5.93475e-05
18.8 -8.23922e-05
18.82 -1.77563e-05
18.84 7.16325e-05
18.86 7.34434e-05
18.88 1.36306e-05
18.9 1.164e-05
18.92 8.09787e-05
18.94 0.000120715
18.96 7.93755e-05
18.98 2.27322e-05
19 2.19315e-05
19.02 5.18246e-05
19.04 4.77751e-05
19.06 8.90721e-07
19.08 -3.80692e-05
19.1 -2.63279e-05
19.12 9.1934e-06
19.14 4.52873e-06
19.16 -4.19493e-05
19.18 -6.18222e-05
19.2 -2.98681e-05
19.22 -9.46951e-06
19.24 -4.61859e-05
19.26 -8.50792e-05
19.28 -5.5654e-05
19.3 6.27158e-06
19.32 1.39686e-05
19.34 -3.15089e-05
19.36 -5.34754e-05
19.38 -1.99534e-05
19.4 1.74331e-05
19.42 7.12558e-06
19.44 -2.25516e-05
19.46 -7.49375e-06
19.48 4.62427e-05
19.5 6.6308e-05
19.52 2.66165e-05
19.54 -1.1895e-05
19.56 6.88683e-06
19.58 5.04877e-05
19.6 4.3561e-05
19.62 -1.30311e-05
19.64 -2.82532e-05
19.66 2.96178e-05
19.68 6.16005e-05
19.7 -7.95477e-07
19.72 -7.39976e-05
19.74 -5.34415e-05
19.76 2.54524e-05
19.78 4.42998e-05
19.8 -2.58461e-05
19.82 -8.3642e-05
19.84 -4.55308e-05
19.86 3.21454e-05
19.88 4.67406e-05
19.9 -2.99895e-07
19.92 -2.3061e-05
19.94 1.79014e-05
19.96 6.13255e-05
19.98 3.85402e-05
20 -1.69189e-05
20.02 -1.94752e-05
20.04 3.40065e-05
20.06 6.25196e-05
20.08 2.0407e-05
20.1 -4.90021e-05
20.12 -7.32613e-05
20.14 -3.61363e-05
20.16 1.2611e-05
20.18 2.65609e-05
20.2 7.03018e-07
20.22 -3.57247e-05
20.24 -4.02235e-05
20.26 -6.43721e-06
20.28 1.55497e-05
20.3 -1.14298e-05
20.32 -4.05585e-05
20.34 -1.31737e-05
20.36 2.99931e-05
20.38 2.13182e-05
20.4 -1.15891e-05
20.42 -1.92371e-06
20.44 4.50541e-05
20.46 6.72405e-05
20.48 3.90945e-05
20.5 -2.73875e-06
20.52 -1.34092e-05
20.54 2.14649e-06
20.56 -2.02211e-07
20.58 -1.00884e-05
20.6 1.47036e-05
20.62 2.81854e-05
20.64 -2.34029e-05
20.66 -7.94211e-05
20.68 -7.24059e-05
20.7 -1.96904e-05
20.72 2.92392e-05
20.74 2.47416e-05
20.76 -3.24745e-05
20.78 -5.70339e-05
20.8 -6.09299e-06
20.82 3.42734e-05
20.84 -6.96808e-06
20.86 -5.86546e-05
20.88 -1.94926e-05
20.9 7.03869e-05
20.92 8.60263e-05
20.94 1.83845e-05
20.96 -1.70539e-05
20.98 3.67965e-05
21 8.98547e-05
21.02 3.87932e-05
21.04 -5.50165e-05
21.06 -4.87925e-05
21.08 4.71857e-05
21.1 8.21416e-05
21.12 -3.02693e-06
21.14 -8.82342e-05
21.16 -4.98483e-05
21.18 5.29042e-05
21.2 5.86464e-05
21.22 -4.82326e-05
21.24 -0.000111645
21.26 -4.72286e-05
21.28 3.53182e-05
21.3 1.06583e-05
21.32 -7.00366e-05
21.34 -5.98866e-05
21.36 4.94258e-05
21.38 0.000104699
21.4 3.99695e-05
21.42 -2.92013e-05
21.44 -1.55475e-05
21.46 3.70465e-05
21.48 5.73061e-05
21.5 1.71282e-05
21.52 -4.24997e-05
21.54 -5.18266e-05
21.56 -2.00375e-05
21.58 -1.73424e-05
21.6 -4.71285e-05
21.62 -4.39338e-05
21.64 -8.62031e-08
21.66 1.72698e-05
21.68 -1.61703e-05
21.7 -3.75829e-05
21.72 3.69391e-06
21.74 5.59459e-05
21.76 3.36103e-05
21.78 -4.32777e-05
21.8 -6.28173e-05
21.82 5.66707e-06
21.84 5.4219e-05
21.86 5.77138e-06
21.88 -6.19605e-05
21.9 -4.17644e-05
21.92 3.70632e-05
21.94 6.08851e-05
21.96 4.58561e-06
21.98 -3.76226e-05
22 1.15641e-06
22.02 6.21056e-05
22.04 5.65904e-05
22.06 -3.47466e-06
22.08 -3.73205e-05
22.1 -1.37909e-05
22.12 1.72046e-05
22.14 3.93056e-06
22.16 -3.13705e-05
22.18 -3.09293e-05
22.2 4.41495e-06
22.22 1.98454e-05
22.24 -3.53195e-06
22.26 -2.48977e-05
22.28 -1.08056e-05
22.3 1.72603e-05
22.32 1.97746e-05
22.34 9.77664e-07
22.36 -2.15779e-06
22.38 1.92971e-05
22.4 3.546e-05
22.42 2.53319e-05
22.44 5.81308e-06
22.46 4.9233e-06
22.48 2.20575e-05
22.5 2.73691e-05
22.52 5.01248e-06
22.54 -1.91002e-05
22.56 -1.48463e-05
22.58 6.27219e-06
22.6 1.04762e-05
22.62 -7.70304e-06
22.64 -2.05496e-05
22.66 -1.03885e-05
22.68 4.86736e-06
22.7 3.04567e-07
22.72 -1.74503e-05
22.74 -2.11062e-05
22.76 -6.71802e-06
22.78 2.37052e-07
22.8 -1.24853e-05
22.82 -2.29898e-05
22.84 -1.01147e-05
22.86 1.12894e-05
22.88 1.23938e-05
22.9 -5.06968e-06
22.92 -1.27592e-05
22.94 1.75674e-06
22.96 1.84299e-05
22.98 1.54445e-05
23 -8.92382e-08
23.02 -5.87702e-06
23.04 2.02627e-06
23.06 6.08577e-06
23.08 -4.52153e-06
23.1 -1.68319e-05
23.12 -1.25943e-05
23.14 2.85266e-06
23.16 5.94429e-06
23.18 -8.11605e-06
23.2 -1.49828e-05
23.22 8.66874e-07
23.24 1.9582e-05
23.26 1.67486e-05
23.28 1.88118e-06
23.3 6.45775e-07
23.32 1.31395e-05
23.34 1.66928e-05
23.36 3.2321e-06
23.38 -1.00676e-05
23.4 -1.05587e-05
23.42 -8.0927e-06
23.44 -1.28313e-05
23.46 -1.61599e-05
23.48 -7.66402e-06
23.5 2.92976e-06
23.52 -4.76459e-07
23.54 -1.18693e-05
23.56 -1.06817e-05
23.58 5.67003e-06
23.6 1.68827e-05
23.62 9.62843e-06
23.64 -3.05493e-06
23.66 -2.30792e-06
23.68 9.5933e-06
23.7 1.65732e-05
23.72 1.13774e-05
23.74 1.54326e-06
23.76 -1.56507e-06
23.78 2.93383e-06
23.8 5.67123e-06
23.82 2.37891e-06
23.84 -1.54029e-06
23.86 -3.02607e-06
23.88 -5.13968e-06
23.9 -7.72092e-06
23.92 -5.25291e-06
23.94 1.00503e-06
23.96 -2.01358e-07
23.98 -1.03548e-05
24 -1.40725e-05
24.02 -8.29234e-07
24.04 1.89772e-05
24.06 2.29619e-05
24.08 6.14681e-06
24.1 -8.85595e-06
24.12 -5.80237e-06
24.14 4.20712e-06
24.16 6.42993e-06
24.18 1.43235e-06
24.2 -4.69347e-06
24.22 -7.76554e-06
24.24 -5.36899e-06
24.26 3.53551e-07
24.28 5.66803e-06
24.3 7.98064e-06
24.32 4.75363e-06
24.34 -4.18053e-06
24.36 -1.28471e-05
24.38 -1.28841e-05
24.4 -5.28302e-06
24.42 1.62139e-07
24.44 -3.93049e-08
24.46 5.30358e-08
24.48 2.42817e-06
24.5 1.69483e-06
24.52 -2.95715e-06
24.54 -5.24698e-06
24.56 -1.53163e-06
24.58 4.64712e-06
24.6 6.63068e-06
24.62 2.74946e-06
24.64 -2.5075e-09
24.66 4.45911e-06
24.68 1.0261e-05
24.7 6.35904e-06
24.72 -5.81901e-06
24.74 -1.09483e-05
24.76 -1.87993e-06
24.78 9.44929e-06
24.8 1.03609e-05
24.82 3.70983e-06
24.84 1.76047e-06
24.86 8.5967e-06
24.88 1.35953e-05
24.9 8.10873e-06
24.92 6.87127e-07
24.94 3.19639e-06
24.96 1.11076e-05
24.98 1.15904e-05
25 3.79369e-06
25.02 -7.62233e-07
25.04 4.0217e-06
25.06 1.02811e-05
25.08 8.09273e-06
25.1 -2.90453e-07
25.12 -3.02058e-06
25.14 4.37907e-06
25.16 1.09858e-05
25.18 6.3455e-06
25.2 -3.3999e-06
25.22 -5.68816e-06
25.24 -3.26812e-07
25.26 1.4856e-06
25.28 -5.85471e-06
25.3 -1.43936e-05
25.32 -1.44921e-05
25.34 -6.62397e-06
25.36 1.3055e-06
25.38 2.24328e-06
25.4 -3.23796e-06
25.42 -6.7684e-06
25.44 -3.05863e-06
25.46 1.89407e-06
25.48 -1.71494e-07
25.5 -6.74873e-06
25.52 -7.57426e-06
25.54 -2.25667e-07
25.56 5.83707e-06
25.58 3.90624e-06
25.6 -2.69795e-07
25.62 2.00689e-06
25.64 8.66854e-06
25.66 9.9326e-06
25.68 3.12733e-06
25.7 -3.27215e-06
25.72 -1.33018e-06
25.74 4.52908e-06
25.76 3.15075e-06
25.78 -5.40403e-06
25.8 -9.04788e-06
25.82 -3.17891e-06
25.84 2.93643e-06
25.86 1.91628e-06
25.88 -2.32532e-06
25.9 -3.56749e-06
25.92 -2.16038e-06
25.94 -1.86879e-06
25.96 -3.20882e-06
25.98 -4.25706e-06
26 -4.98674e-06
26.02 -6.53254e-06
26.04 -8.31294e-06
26.06 -7.82524e-06
26.08 -3.85452e-06
26.1 -4.2279e-07
26.12 -3.02656e-06
26.14 -9.04897e-06
26.16 -9.61973e-06
26.18 -3.04298e-06
26.2 2.31961e-06
26.22 4.65676e-07
26.24 -4.24267e-06
26.26 -3.89555e-06
26.28 1.67465e-06
26.3 4.32233e-06
26.32 1.26417e-07
26.34 -4.1747e-06
26.36 -2.65751e-06
26.38 5.10534e-07
26.4 -9.02766e-07
26.42 -5.23022e-06
26.44 -6.34371e-06
26.46 -2.80612e-06
26.48 1.66891e-06
26.5 3.49442e-06
26.52 1.53058e-06
26.54 -1.98033e-06
26.56 -2.67611e-06
26.58 1.52487e-06
26.6 7.65271e-06
26.62 9.82535e-06
26.64 5.84333e-06
26.66 5.13611e-07
26.68 -6.74449e-08
26.7 3.7788e-06
26.72 5.35366e-06
26.74 1.12277e-06
26.76 -3.61992e-06
26.78 -3.50566e-06
26.8 -5.86456e-07
26.82 -1.78881e-08
26.84 -3.30672e-06
26.86 -6.2678e-06
26.88 -5.17748e-06
26.9 -2.74435e-06
26.92 -2.43122e-06
26.94 -2.31376e-06
26.96 3.88015e-07
26.98 3.07707e-06
27 9.76156e-07
27.02 -3.39146e-06
27.04 -2.23765e-06
27.06 3.70476e-06
27.08 4.71271e-06
27.1 -2.06919e-06
27.12 -6.81687e-06
27.14 -1.74254e-06
27.16 6.10025e-06
27.18 4.80721e-06
27.2 -4.28725e-06
27.22 -8.39791e-06
27.24 -2.2938e-06
27.26 4.23635e-06
27.28 1.82247e-06
27.3 -4.66049e-06
27.32 -4.61429e-06
27.34 2.5506e-06
27.36 7.35312e-06
27.38 4.52609e-06
27.4 -2.55469e-07
27.42 2.6987e-08
27.44 4.7914e-06
27.46 7.71364e-06
27.48 4.60339e-06
27.5 -9.28349e-07
27.52 -2.91678e-06
27.54 -2.10711e-06
27.56 -3.2016e-06
27.58 -6.66998e-06
27.6 -8.51614e-06
27.62 -6.94444e-06
27.64 -5.62509e-06
27.66 -7.30947e-06
27.68 -8.78495e-06
27.7 -6.32355e-06
27.72 -1.21433e-06
27.74 2.94098e-06
27.76 5.09082e-06
27.78 6.45785e-06
27.8 7.52148e-06
27.82 7.80001e-06
27.84 7.32495e-06
27.86 6.33241e-06
27.88 4.3002e-06
27.9 1.49524e-06
27.92 -3.16091e-07
27.94 -4.053e-07
27.96 4.2011e-07
27.98 1.01195e-06
28 2.19961e-07
28.02 -1.05919e-06
28.04 -7.81924e-07
28.06 2.82755e-08
28.08 -1.02935e-06
28.1 -3.53135e-06
28.12 -3.87064e-06
28.14 -2.58667e-07
28.16 2.30418e-06
28.18 -4.94013e-07
28.2 -3.08106e-06
28.22 9.20607e-07
28.24 7.41445e-06
28.26 9.20832e-06
28.28 7.12547e-06
28.3 7.10162e-06
28.32 1.05716e-05
28.34 1.2209e-05
28.36 3.76643e-06
28.38 -1.36635e-05
28.4 -2.22075e-05
28.42 -9.12326e-06
28.44 9.87788e-06
28.46 7.94823e-06
28.48 -1.22989e-05
28.5 -1.94178e-05
28.52 -1.09491e-06
28.54 1.75331e-05
28.56 1.29526e-05
28.58 -3.83825e-06
28.6 -7.99031e-06
28.62 1.53203e-06
28.64 6.24555e-06
28.66 1.12805e-06
28.68 -9.39758e-07
28.7 5.81984e-06
28.72 1.06541e-05
28.74 3.38145e-06
28.76 -9.87934e-06
28.78 -1.27353e-05
28.8 1.3329e-07
28.82 1.22298e-05
28.84 5.72539e-06
28.86 -1.00477e-05
28.88 -1.01719e-05
28.9 6.77846e-06
28.92 1.67303e-05
28.94 8.12186e-06
28.96 -2.86852e-06
28.98 -5.24698e-07
29 6.71111e-06
29.02 3.76529e-06
29.04 -3.69642e-06
29.06 -1.95812e-07
29.08 1.01769e-05
29.1 9.38357e-06
29.12 -4.10963e-06
29.14 -1.21957e-05
29.16 -5.21469e-06
29.18 4.03496e-06
29.2 1.05681e-06
29.22 -8.39694e-06
29.24 -9.55976e-06
29.26 -2.18862e-06
29.28 2.10781e-06
29.3 -9.19813e-07
29.32 -4.81606e-06
29.34 -4.25146e-06
29.36 -1.02025e-06
29.38 1.21403e-06
29.4 2.07925e-06
29.42 2.36127e-06
29.44 1.68851e-06
29.46 3.55548e-07
29.48 1.09403e-07
29.5 1.3223e-06
29.52 1.96678e-06
29.54 1.29243e-07
29.56 -4.29745e-06
29.58 -8.25562e-06
29.6 -6.93581e-06
29.62 -8.48802e-07
29.64 1.81367e-06
29.66 -3.52073e-06
29.68 -9.18517e-06
29.7 -6.86374e-06
29.72 -5.86225e-07
29.74 2.59205e-07
29.76 -4.49497e-06
29.78 -5.74015e-06
29.8 -8.99928e-08
29.82 4.63515e-06
29.84 2.8634e-06
29.86 -3.93553e-07
29.88 1.14008e-06
29.9 5.43463e-06
29.92 6.88877e-06
29.94 4.91329e-06
29.96 3.00177e-06
29.98 2.40137e-06
30 4.74021e-07
30.02 -3.99492e-06
30.04 -7.30879e-06
30.06 -6.20531e-06
30.08 -3.85782e-06
30.1 -4.66307e-06
30.12 -6.1246e-06
30.14 -2.96009e-06
30.16 3.35482e-06
30.18 6.0363e-06
30.2 3.22831e-06
30.22 1.5776e-07
30.24 1.11753e-06
30.26 4.61826e-06
30.28 6.61517e-06
30.3 5.96409e-06
30.32 5.32141e-06
30.34 5.7854e-06
30.36 5.09032e-06
30.38 2.60616e-06
30.4 3.67853e-07
30.42 -4.97773e-07
30.44 -1.91285e-06
30.46 -5.89677e-06
30.48 -9.72133e-06
30.5 -8.43952e-06
30.52 -2.31781e-06
30.54 1.99019e-06
30.56 -2.32052e-08
30.58 -3.75355e-06
30.6 -2.05528e-06
30.62 4.12382e-06
30.64 7.68421e-06
30.66 5.84851e-06
30.68 3.0638e-06
30.7 3.9986e-06
30.72 6.96941e-06
30.74 5.65541e-06
30.76 -7.34944e-07
30.78 -3.96956e-06
30.8 4.38114e-08
30.82 3.79095e-06
30.84 1.11499e-06
30.86 -3.21462e-06
30.88 -2.02193e-06
30.9 4.1542e-06
30.92 8.57963e-06
30.94 6.79548e-06
30.96 1.77777e-06
30.98 -1.48739e-08
31 2.09141e-06
31.02 2.29352e-06
31.04 -1.42105e-06
31.06 -4.00692e-06
31.08 -2.81711e-06
31.1 -1.53961e-06
31.12 -2.16389e-06
31.14 -1.45308e-06
31.16 2.06709e-06
31.18 4.45009e-06
31.2 2.57061e-06
31.22 -6.55329e-07
31.24 -3.32708e-07
31.26 3.46889e-06
31.28 5.33994e-06
31.3 2.16859e-06
31.32 -1.56343e-06
31.34 -1.36936e-07
31.36 4.51692e-06
31.38 5.25799e-06
31.4 1.09776e-06
31.42 -5.74411e-07
31.44 3.23141e-06
31.46 5.74399e-06
31.48 2.41539e-06
31.5 -2.353e-06
31.52 -3.28615e-06
31.54 -1.19756e-06
31.56 -3.27901e-07
31.58 -2.2761e-06
31.6 -4.13343e-06
31.62 -2.86757e-06
31.64 -4.97174e-07
31.66 -1.41301e-06
31.68 -4.96873e-06
31.7 -6.28856e-06
31.72 -3.9569e-06
31.74 -1.55332e-06
31.76 -1.91198e-06
31.78 -3.47495e-06
31.8 -3.09439e-06
31.82 -1.07073e-06
31.84 -5.21666e-07
31.86 -1.3429e-06
31.88 -1.85922e-07
31.9 2.80069e-06
31.92 3.51767e-06
31.94 9.9843e-07
31.96 -3.26954e-07
31.98 2.41242e-06
32 5.33507e-06
32.02 3.41613e-06
32.04 -1.7147e-06
32.06 -3.95317e-06
32.08 -1.63746e-06
32.1 4.9964e-07
32.12 -1.36253e-06
32.14 -5.09744e-06
32.16 -5.81663e-06
32.18 -2.56016e-06
32.2 1.0376e-07
32.22 -1.51308e-06
32.24 -4.77687e-06
32.26 -4.79229e-06
32.28 -1.69846e-06
32.3 -2.0754e-07
32.32 -2.63242e-06
32.34 -5.74513e-06
32.36 -5.33168e-06
32.38 -2.31099e-06
32.4 -1.60126e-06
32.42 -4.25155e-06
32.44 -5.76146e-06
32.46 -3.42959e-06
32.48 -1.57599e-07
32.5 -2.31225e-07
32.52 -3.61362e-06
32.54 -5.28093e-06
32.56 -1.85971e-06
32.58 2.53975e-06
32.6 1.81541e-06
32.62 -2.24368e-06
32.64 -2.17185e-06
32.66 3.32841e-06
32.68 6.96442e-06
32.7 3.94713e-06
32.72 -1.03869e-06
32.74 -1.47092e-06
32.76 8.81555e-07
32.78 -3.14196e-07
32.8 -4.54891e-06
32.82 -5.43092e-06
32.84 -1.10504e-06
32.86 3.23437e-06
32.88 3.3664e-06
32.9 2.20708e-06
32.92 4.05802e-06
32.94 6.81747e-06
32.96 5.74898e-06
32.98 1.71499e-06
33 -3.89787e-07
33.02 6.24937e-07
33.04 1.35481e-06
33.06 -1.39054e-07
33.08 -1.74401e-06
33.1 -1.43271e-06
33.12 -5.95513e-07
33.14 -1.15995e-06
33.16 -1.98206e-06
33.18 -1.35467e-06
33.2 8.00231e-08
33.22 1.0704e-06
33.24 1.10034e-06
33.26 4.11306e-07
33.28 -3.66684e-07
33.3 -1.35555e-06
33.32 -2.29129e-06
33.34 -1.14933e-06
33.36 2.49929e-06
33.38 4.82631e-06
33.4 2.47043e-06
33.42 -1.8345e-06
33.44 -2.1815e-06
33.46 2.02915e-06
33.48 4.26376e-06
33.5 3.22138e-07
33.52 -4.58339e-06
33.54 -3.8744e-06
33.56 5.88851e-07
33.58 2.73838e-06
33.6 1.16302e-06
33.62 -7.18172e-07
33.64 -4.74471e-07
33.66 1.76615e-07
33.68 -1.54764e-06
33.7 -4.4591e-06
33.72 -4.46663e-06
33.74 -1.5565e-06
33.76 -2.95726e-07
33.78 -1.53451e-06
33.8 -7.40972e-07
33.82 3.37668e-06
33.84 5.85929e-06
33.86 3.90527e-06
33.88 1.48392e-06
33.9 2.79605e-06
33.92 6.0376e-06
33.94 6.35935e-06
33.96 3.23062e-06
33.98 1.57379e-06
34 4.09948e-06
34.02 6.39845e-06
34.04 3.91803e-06
34.06 -2.7968e-07
34.08 -9.27859e-07
34.1 8.31082e-07
34.12 8.7506e-07
34.14 -1.21849e-06
34.16 -2.78955e-06
34.18 -2.0142e-06
34.2 -6.83415e-08
34.22 5.55163e-07
34.24 -7.89345e-07
34.26 -2.27455e-06
34.28 -1.88617e-06
34.3 2.0758e-07
34.32 1.57887e-06
34.34 3.99101e-07
34.36 -1.40553e-06
34.38 1.63714e-07
34.4 4.80222e-06
34.42 7.08572e-06
34.44 4.71628e-06
34.46 2.05316e-06
34.48 2.90758e-06
34.5 4.49323e-06
34.52 2.21287e-06
34.54 -2.59867e-06
34.56 -4.50742e-06
34.58 -1.8603e-06
34.6 1.43961e-06
34.62 1.90851e-06
34.64 4.95743e-07
34.66 -1.8025e-07
34.68 2.59159e-07
34.7 1.32708e-07
34.72 -1.35052e-06
34.74 -2.95065e-06
34.76 -3.32801e-06
34.78 -2.43241e-06
34.8 -1.01655e-06
34.82 -1.30746e-07
34.84 1.85701e-07
34.86 1.20305e-06
34.88 2.54821e-06
34.9 2.40287e-06
34.92 1.61208e-06
34.94 2.60499e-06
34.96 4.89636e-06
34.98 5.70495e-06
35 3.68454e-06
35.02 7.13459e-07
35.04 -1.97241e-09
35.06 1.42463e-06
35.08 1.15366e-06
35.1 -2.15705e-06
35.12 -4.73034e-06
35.14 -4.12679e-06
35.16 -3.31931e-06
35.18 -4.8248e-06
35.2 -6.08579e-06
35.22 -3.76104e-06
35.24 5.13777e-07
35.26 1.85837e-06
35.28 -8.17623e-07
35.3 -2.96923e-06
35.32 -7.14085e-07
35.34 2.95714e-06
35.36 2.1027e-06
35.38 -2.11595e-06
35.4 -2.44942e-06
35.42 2.67163e-06
35.44 6.49649e-06
35.46 4.02362e-06
35.48 -9.13916e-07
35.5 -1.4327e-06
35.52 1.68427e-06
35.54 1.59152e-06
35.56 -2.8351e-06
35.58 -5.83427e-06
35.6 -4.88155e-06
35.62 -3.5802e-06
35.64 -4.49141e-06
35.66 -5.31985e-06
35.68 -3.63438e-06
35.7 -1.38441e-06
35.72 -1.24893e-06
35.74 -2.35601e-06
35.76 -3.04288e-06
35.78 -2.25257e-06
35.8 1.33241e-06
35.82 5.05473e-06
35.84 3.06021e-06
35.86 -2.86698e-06
35.88 -4.07329e-06
35.9 6.05004e-08
35.92 1.39149e-06
35.94 -1.16038e-06
35.96 6.9735e-07
35.98 7.31424e-06
36 7.21845e-06
36.02 -1.94247e-06
36.04 -6.47481e-06
36.06 4.59215e-07
36.08 7.89234e-06
36.1 6.39904e-06
36.12 1.41539e-06
36.14 3.71975e-07
36.16 7.62371e-07
36.18 1.77238e-08
36.2 1.94558e-06
36.22 5.92436e-06
36.24 5.81631e-06
36.26 4.16265e-07
36.28 -5.55943e-06
36.3 -7.53962e-06
36.32 -5.73481e-06
36.34 -4.66487e-06
36.36 -5.73335e-06
36.38 -5.2615e-06
36.4 -1.69594e-06
36.42 2.36397e-06
36.44 4.03841e-06
36.46 1.49491e-06
36.48 -2.81801e-06
36.5 -1.57821e-07
36.52 1.19473e-05
36.54 1.98973e-05
36.56 1.21109e-05
36.58 -6.88922e-07
36.6 -1.78709e-07
36.62 1.05331e-05
36.64 1.0878e-05
36.66 -2.77161e-06
36.68 -1.02213e-05
36.7 -3.66262e-06
36.72 -3.96697e-07
36.74 -8.00012e-06
36.76 -8.95828e-06
36.78 4.51184e-06
36.8 1.03572e-05
36.82 -5.30727e-06
36.84 -1.88947e-05
36.86 -7.60795e-06
36.88 1.04272e-05
36.9 4.66164e-06
36.92 -1.79699e-05
36.94 -2.34657e-05
36.96 -3.01149e-06
36.98 1.79399e-05
37 1.6161e-05
37.02 -2.46597e-06
37.04 -1.00233e-05
37.06 7.48854e-06
37.08 2.68464e-05
37.1 1.82937e-05
37.12 -7.4208e-06
37.14 -1.41704e-05
37.16 3.08763e-06
37.18 1.28275e-05
37.2 -2.07503e-06
37.22 -2.12482e-05
37.24 -2.25008e-05
37.26 -9.8601e-06
37.28 1.57001e-06
37.3 3.79571e-06
37.32 -2.01924e-06
37.34 -8.16903e-06
37.36 -8.21024e-06
37.38 -4.06553e-06
37.4 -2.05298e-06
37.42 -3.04361e-06
37.44 -2.0944e-06
37.46 2.17909e-06
37.48 5.96135e-06
37.5 6.4501e-06
37.52 4.27688e-06
37.54 2.47104e-06
37.56 4.94787e-06
37.58 1.15264e-05
37.6 1.44586e-05
37.62 7.76788e-06
37.64 -2.83254e-06
37.66 -7.21827e-06
37.68 -2.42463e-06
37.7 5.56663e-06
37.72 6.80734e-06
37.74 -1.19413e-06
37.76 -7.73819e-06
37.78 -3.21627e-06
37.8 5.68197e-06
37.82 3.60644e-06
37.84 -1.14222e-05
37.86 -2.13663e-05
37.88 -1.26579e-05
37.9 1.89688e-06
37.92 3.20195e-06
37.94 -4.94707e-06
37.96 -6.42648e-06
37.98 7.83484e-07
38 5.4872e-06
38.02 2.37673e-06
38.04 -2.02026e-06
38.06 -5.19502e-07
38.08 4.11528e-06
38.1 4.11774e-06
38.12 -2.97773e-07
38.14 -2.37795e-06
38.16 3.44139e-07
38.18 4.3355e-06
38.2 5.76922e-06
38.22 5.46352e-06
38.24 5.86691e-06
38.26 4.93098e-06
38.28 -3.62605e-07
38.3 -7.00777e-06
38.32 -8.46533e-06
38.34 -3.33012e-06
38.36 1.71404e-06
38.38 -1.22372e-07
38.4 -5.31447e-06
38.42 -4.12489e-06
38.44 4.47552e-06
38.46 1.06336e-05
38.48 7.02017e-06
38.5 -1.58725e-06
38.52 -5.002e-06
38.54 -1.46927e-06
38.56 1.20605e-06
38.58 -2.25881e-06
38.6 -7.9233e-06
38.62 -8.82402e-06
38.64 -4.42882e-06
38.66 -8.4574e-07
38.68 -1.66713e-06
38.7 -3.58675e-06
38.72 -2.37525e-06
38.74 1.46653e-06
38.76 4.26407e-06
38.78 4.03277e-06
38.8 2.45746e-06
38.82 1.88418e-06
38.84 1.65632e-06
38.86 -6.19143e-07
38.88 -4.28494e-06
38.9 -5.45732e-06
38.92 -3.40758e-06
38.94 -2.30747e-06
38.96 -3.88303e-06
38.98 -3.90579e-06
39 7.41315e-07
39.02 6.34135e-06
39.04 7.74085e-06
39.06 6.17893e-06
39.08 7.07865e-06
39.1 1.12543e-05
39.12 1.26793e-05
39.14 6.60612e-06
39.16 -2.67624e-06
39.18 -6.20857e-06
39.2 -2.19911e-06
39.22 1.66143e-06
39.24 -6.62931e-07
39.26 -5.18945e-06
39.28 -4.44166e-06
39.3 9.19222e-07
39.32 3.01351e-06
39.34 -1.05412e-06
39.36 -5.22352e-06
39.38 -4.42279e-06
39.4 -1.28225e-06
39.42 -4.12357e-07
39.44 -1.94227e-06
39.46 -3.02499e-06
39.48 -2.07576e-06
39.5 2.57573e-08
39.52 1.75254e-06
39.54 2.43134e-06
39.56 2.07753e-06
39.58 1.15033e-06
39.6 9.12612e-07
39.62 2.92863e-06
39.64 6.49704e-06
39.66 8.26232e-06
39.68 6.54496e-06
39.7 4.15544e-06
39.72 4.20598e-06
39.74 4.75474e-06
39.76 2.12629e-06
39.78 -2.0463e-06
39.8 -3.21438e-06
39.82 -1.30916e-06
39.84 -1.43402e-07
39.86 -1.5744e-06
39.88 -3.48073e-06
39.9 -3.18491e-06
39.92 -1.12788e-06
39.94 4.30687e-07
39.96 6.75739e-07
39.98 8.90407e-08
40 -7.49987e-07
40.02 -1.02647e-06
40.04 -3.73147e-07
40.06 3.83469e-07
40.08 -1.14778e-07
40.1 -1.30511e-06
40.12 -3.67118e-07
40.14 2.65992e-06
40.16 3.65427e-06
40.18 1.3971e-06
40.2 -4.46292e-07
40.22 -4.35301e-09
40.24 4.9739e-07
40.26 -9.43384e-07
40.28 -3.29308e-06
40.3 -3.94689e-06
40.32 -2.33226e-06
40.34 -8.39751e-07
40.36 -1.27464e-06
40.38 -2.353e-06
40.4 -1.57703e-06
40.42 1.69501e-06
40.44 4.92452e-06
40.46 5.41386e-06
40.48 4.06145e-06
40.5 3.53958e-06
40.52 4.27097e-06
40.54 3.69368e-06
40.56 1.85429e-07
40.58 -2.52799e-06
40.6 -1.03005e-07
40.62 3.91633e-06
40.64 2.32258e-06
40.66 -4.88946e-06
40.68 -9.91894e-06
40.7 -7.35088e-06
40.72 -1.85295e-06
40.74 -1.76364e-06
40.76 -7.15999e-06
40.78 -1.03375e-05
40.8 -6.85662e-06
40.82 -4.3477e-07
40.84 2.83954e-06
40.86 2.02667e-06
40.88 1.18026e-06
40.9 1.95946e-06
40.92 2.08669e-06
40.94 1.37094e-06
40.96 1.91509e-06
40.98 3.55323e-06
41 4.46065e-06
41.02 3.73535e-06
41.04 1.74652e-06
41.06 3.9012e-07
41.08 9.25606e-07
41.1 1.76194e-06
41.12 1.26025e-06
41.14 -9.95465e-08
41.16 -1.20889e-06
41.18 -1.99755e-06
41.2 -3.18211e-06
41.22 -4.62724e-06
41.24 -5.04217e-06
41.26 -3.78833e-06
41.28 -2.5232e-06
41.3 -3.13885e-06
41.32 -4.17206e-06
41.34 -2.94174e-06
41.36 -2.71169e-07
41.38 9.51424e-07
41.4 2.32102e-07
41.42 2.33361e-08
41.44 2.30821e-06
41.46 5.50405e-06
41.48 6.26889e-06
41.5 4.13795e-06
41.52 2.31266e-06
41.54 3.25995e-06
41.56 5.39993e-06
41.58 5.28556e-06
41.6 2.10907e-06
41.62 -9.90856e-07
41.64 -1.03468e-06
41.66 6.94547e-07
41.68 8.61774e-07
41.7 -1.1359e-06
41.72 -3.15092e-06
41.74 -3.99873e-06
41.76 -4.42605e-06
41.78 -4.84494e-06
41.8 -4.83445e-06
41.82 -3.90719e-06
41.84 -1.67993e-06
41.86 1.10542e-06
41.88 2.60316e-06
41.9 2.35356e-06
41.92 2.34885e-06
41.94 3.99856e-06
41.96 5.79013e-06
41.98 5.60614e-06
42 3.63758e-06
42.02 1.80786e-06
42.04 1.02492e-06
42.06 2.42607e-07
42.08 -1.26831e-06
42.1 -2.11504e-06
42.12 -8.97747e-07
42.14 1.16167e-06
42.16 1.71956e-06
42.18 3.35131e-07
42.2 -1.15914e-06
42.22 -1.01688e-06
42.24 2.02839e-09
42.26 -2.36826e-07
42.28 -2.10779e-06
42.3 -3.83516e-06
42.32 -4.07001e-06
42.34 -3.26753e-06
42.36 -2.13726e-06
42.38 -1.11643e-06
42.4 -5.94932e-07
42.42 1.22822e-07
42.44 1.45212e-06
42.46 2.16658e-06
42.48 1.62389e-06
42.5 8.19041e-07
42.52 1.03549e-06
42.54 2.29057e-06
42.56 3.13171e-06
42.58 2.54054e-06
42.6 1.39568e-06
42.62 1.38732e-06
42.64 2.45409e-06
42.66 2.60266e-06
42.68 1.1583e-06
42.7 1.17867e-07
42.72 1.07375e-06
42.74 2.50202e-06
42.76 1.60955e-06
42.78 -1.29423e-06
42.8 -2.32396e-06
42.82 4.52516e-08
42.84 1.54983e-06
42.86 -1.27842e-06
42.88 -5.10467e-06
42.9 -4.89979e-06
42.92 -1.4121e-06
42.94 1.58202e-07
42.96 -2.50269e-06
42.98 -5.57429e-06
43 -4.34383e-06
43.02 2.14281e-07
43.04 2.7945e-06
43.06 1.20753e-06
43.08 -1.04989e-06
43.1 -1.73903e-07
43.12 2.91292e-06
43.14 4.17442e-06
43.16 2.44583e-06
43.18 9.42637e-07
43.2 1.78535e-06
43.22 2.80913e-06
43.24 1.54051e-06
43.26 -1.02881e-06
43.28 -2.18336e-06
43.3 -1.55079e-06
43.32 -1.59327e-06
43.34 -3.50475e-06
43.36 -5.2773e-06
43.38 -4.90396e-06
43.4 -3.2109e-06
43.42 -2.01762e-06
43.44 -1.3185e-06
43.46 -1.43393e-07
43.48 1.51477e-06
43.5 2.78473e-06
43.52 3.12128e-06
43.54 2.84429e-06
43.56 2.46517e-06
43.58 2.00956e-06
43.6 1.09109e-06
43.62 -1.5048e-07
43.64 -7.73809e-07
43.66 -3.48504e-07
43.68 1.68986e-07
43.7 -4.6553e-07
43.72 -1.81786e-06
43.74 -1.97597e-06
43.76 -7.13037e-07
43.78 -5.59435e-08
43.8 -5.3987e-07
43.82 -5.54221e-07
43.84 4.39299e-07
43.86 7.88823e-07
43.88 -7.11872e-07
43.9 -2.41357e-06
43.92 -1.99622e-06
43.94 -3.40802e-07
43.96 -4.92209e-07
43.98 -2.53899e-06
44 -3.17565e-06
44.02 -1.06081e-06
44.04 1.12158e-06
44.06 8.48134e-07
44.08 -8.35979e-07
44.1 -1.28e-06
44.12 7.98796e-08
44.14 1.18132e-06
44.16 4.27554e-07
44.18 -1.2256e-06
44.2 -1.91396e-06
44.22 -1.46275e-06
44.24 -1.24689e-06
44.26 -1.95409e-06
44.28 -2.84709e-06
44.3 -2.94663e-06
44.32 -2.11272e-06
44.34 -9.22619e-07
44.36 -2.44843e-07
44.38 -4.22134e-07
44.4 -3.0611e-07
44.42 1.14513e-06
44.44 2.85259e-06
44.46 3.35586e-06
44.48 2.6863e-06
44.5 1.48286e-06
44.52 3.01703e-07
44.54 -4.09389e-07
44.56 -7.81532e-07
44.58 -1.32932e-06
44.6 -2.12912e-06
44.62 -2.59858e-06
44.64 -2.20519e-06
44.66 -1.27416e-06
44.68 -7.91824e-07
44.7 -1.14386e-06
44.72 -1.2345e-06
44.74 -2.14231e-07
44.76 9.63117e-07
44.78 1.08163e-06
44.8 2.09652e-07
44.82 -5.45621e-07
44.84 -1.67169e-07
44.86 1.08674e-06
44.88 1.87542e-06
44.9 1.35462e-06
44.92 2.13426e-07
44.94 -1.332e-07
44.96 5.05318e-07
44.98 7.71278e-07
45 -2.34538e-07
45.02 -1.47485e-06
45.04 -1.27795e-06
45.06 2.76948e-07
45.08 1.27759e-06
45.1 4.05346e-07
45.12 -9.60132e-07
45.14 -6.56304e-07
45.16 7.25381e-07
45.18 7.96046e-07
45.2 -8.01556e-07
45.22 -1.54759e-06
45.24 3.9223e-07
45.26 3.23349e-06
45.28 3.90939e-06
45.3 2.11683e-06
45.32 7.33139e-07
45.34 1.82831e-06
45.36 3.01561e-06
45.38 1.17547e-06
45.4 -2.12994e-06
45.42 -2.65897e-06
45.44 5.10025e-07
45.46 2.71953e-06
45.48 2.77023e-07
45.5 -3.28389e-06
45.52 -2.66706e-06
45.54 8.33282e-07
45.56 1.50907e-06
45.58 -1.65131e-06
45.6 -3.53623e-06
45.62 -1.04748e-06
45.64 2.10748e-06
45.66 9.23235e-07
45.68 -3.081e-06
45.7 -3.84707e-06
45.72 -9.34835e-08
45.74 2.56722e-06
45.76 -6.62794e-09
45.78 -4.07296e-06
45.8 -3.22478e-06
45.82 1.8571e-06
45.84 4.15143e-06
45.86 1.02231e-06
45.88 -1.83479e-06
45.9 5.43848e-07
45.92 4.8957e-06
45.94 5.2232e-06
45.96 1.60976e-06
45.98 -1.00302e-06
46 -4.34893e-07
46.02 1.0427e-06
46.04 9.15976e-07
46.06 -5.37578e-07
46.08 -1.2548e-06
46.1 -1.04871e-06
46.12 -1.3334e-06
46.14 -2.19113e-06
46.16 -2.66217e-06
46.18 -1.92818e-06
46.2 4.97621e-08
46.22 1.50232e-06
46.24 4.51739e-07
46.26 -1.4089e-06
46.28 -4.90251e-07
46.3 2.14649e-06
46.32 2.31321e-06
46.34 3.70918e-08
46.36 -9.71174e-07
46.38 7.14626e-07
46.4 2.45655e-06
46.42 1.49259e-06
46.44 -7.5534e-07
46.46 -7.2212e-07
46.48 1.30731e-06
46.5 1.60539e-06
46.52 -6.32884e-07
46.54 -2.14124e-06
46.56 -8.44023e-07
46.58 1.14513e-06
46.6 7.94563e-07
46.62 -1.27843e-06
46.64 -1.86869e-06
46.66 -2.22243e-07
46.68 8.55843e-07
46.7 -6.10856e-07
46.72 -2.48665e-06
46.74 -1.66723e-06
46.76 7.7022e-07
46.78 1.44362e-06
46.8 9.58037e-08
46.82 -4.49367e-07
46.84 1.22444e-06
46.86 2.25359e-06
46.88 -2.88823e-08
46.9 -2.84436e-06
46.92 -2.25519e-06
46.94 9.2238e-07
46.96 2.5635e-06
46.98 7.58293e-07
47 -1.70557e-06
47.02 -1.50044e-06
47.04 7.2228e-07
47.06 1.69134e-06
47.08 -3.48906e-07
47.1 -2.98875e-06
47.12 -2.01906e-06
47.14 1.66245e-06
47.16 2.17625e-06
47.18 -1.85271e-06
47.2 -4.56881e-06
47.22 -1.77142e-06
47.24 2.64271e-06
47.26 2.41045e-06
47.28 -1.32951e-06
47.3 -1.71479e-06
47.32 2.93845e-06
47.34 6.72842e-06
47.36 5.3931e-06
47.38 1.94354e-06
47.4 9.91826e-07
47.42 1.60487e-06
47.44 -1.8211e-07
47.46 -3.35376e-06
47.48 -2.82031e-06
47.5 1.24343e-06
47.52 2.56719e-06
47.54 -6.95486e-07
47.56 -2.45601e-06
47.58 6.44705e-07
47.6 3.36832e-06
47.62 9.11288e-07
47.64 -3.36157e-06
47.66 -3.69114e-06
47.68 -6.93529e-07
47.7 4.68619e-07
47.72 -1.67885e-06
47.74 -2.8804e-06
47.76 -2.35339e-07
47.78 2.84397e-06
47.8 2.04717e-06
47.82 -1.06615e-06
47.84 -1.8689e-06
47.86 1.05098e-07
47.88 9.57899e-07
47.9 -1.13634e-06
47.92 -2.85085e-06
47.94 -1.35507e-06
47.96 7.69237e-07
47.98 1.4243e-07
48 -1.72159e-06
48.02 -1.12702e-06
48.04 1.69384e-06
48.06 2.55783e-06
48.08 -4.96893e-07
48.1 -3.81369e-06
48.12 -2.65626e-06
48.14 2.09502e-06
48.16 3.83073e-06
48.18 -5.50335e-07
48.2 -4.85265e-06
48.22 -2.85401e-06
48.24 1.96727e-06
48.26 2.47848e-06
48.28 -1.34904e-06
48.3 -3.00544e-06
48.32 9.89193e-07
48.34 5.3289e-06
48.36 3.57319e-06
48.38 -1.44657e-06
48.4 -2.01104e-06
48.42 2.46221e-06
48.44 4.8825e-06
48.46 1.63501e-06
48.48 -2.3592e-06
48.5 -1.86954e-06
48.52 1.19293e-06
48.54 1.24255e-06
48.56 -2.6011e-06
48.58 -4.91727e-06
48.6 -2.36074e-06
48.62 9.88797e-07
48.64 -1.29532e-08
48.66 -3.38767e-06
48.68 -2.78604e-06
48.7 2.04181e-06
48.72 4.29329e-06
48.74 8.72546e-07
48.76 -2.59253e-06
48.78 -4.6917e-07
48.8 3.80193e-06
48.82 3.35821e-06
48.84 -9.80347e-07
48.86 -2.43521e-06
48.88 9.7904e-07
48.9 3.72381e-06
48.92 1.57488e-06
48.94 -2.02247e-06
48.96 -1.64197e-06
48.98 1.83111e-06
49 2.89101e-06
49.02 6.55738e-09
49.04 -2.23038e-06
49.06 -4.31282e-07
49.08 2.47772e-06
49.1 1.99325e-06
49.12 -6.58106e-07
49.14 -6.06134e-07
49.16 2.4737e-06
49.18 3.76721e-06
49.2 8.29296e-07
49.22 -2.1465e-06
49.24 -7.49548e-07
49.26 2.0584e-06
49.28 9.56773e-07
49.3 -2.71775e-06
49.32 -3.40659e-06
49.34 -1.48559e-07
49.36 2.20827e-06
49.38 3.05009e-07
49.4 -2.67573e-06
49.42 -1.79775e-06
49.44 1.76498e-06
49.46 2.6615e-06
49.48 -1.69726e-07
49.5 -2.27125e-06
49.52 -8.95791e-07
49.54 1.04561e-06
49.56 3.16305e-07
49.58 -1.72056e-06
49.6 -2.22597e-06
49.62 -1.42297e-06
49.64 -1.73071e-06
49.66 -3.71861e-06
49.68 -4.88685e-06
49.7 -3.61221e-06
49.72 -1.77013e-06
49.74 -1.51744e-06
49.76 -2.02571e-06
49.78 -1.16969e-06
49.8 6.29299e-07
49.82 7.47226e-07
49.84 -1.05566e-06
49.86 -1.56331e-06
49.88 8.50972e-07
49.9 3.11822e-06
49.92 1.93807e-06
49.94 -9.45192e-07
49.96 -1.52947e-06
49.98 2.51303e-07
50 9.67265e-07
50.02 -8.90677e-07
50.04 -2.71685e-06
50.06 -1.51278e-06
50.08 1.47636e-06
50.1 2.00969e-06
50.12 -8.48592e-07
50.14 -3.07544e-06
50.16 -1.82182e-06
50.18 7.65712e-07
50.2 1.14937e-06
50.22 -9.88511e-07
50.24 -2.67558e-06
50.26 -1.53761e-06
50.28 8.58786e-07
50.3 1.15981e-06
50.32 -5.27781e-07
50.34 -8.78718e-07
50.36 9.18666e-07
50.38 1.93596e-06
50.4 6.83196e-07
50.42 -5.97846e-07
50.44 3.22867e-07
50.46 2.24994e-06
50.48 2.22393e-06
50.5 -1.36823e-07
50.52 -1.77787e-06
50.54 -5.31964e-07
50.56 1.80351e-06
50.58 2.1046e-06
50.6 4.2766e-07
50.62 -2.57535e-07
50.64 1.02328e-06
50.66 1.84269e-06
50.68 6.80938e-07
50.7 -6.06833e-07
50.72 -3.22759e-08
50.74 1.31803e-06
50.76 1.08003e-06
50.78 -6.29e-07
50.8 -1.29742e-06
50.82 -2.56752e-07
50.84 8.91066e-10
50.86 -1.69132e-06
50.88 -2.96224e-06
50.9 -2.03988e-06
50.92 -5.51692e-07
50.94 -6.50545e-07
50.96 -2.08407e-06
50.98 -2.91632e-06
51 -2.05129e-06
51.02 -5.95619e-07
51.04 -4.27663e-07
51.06 -1.42612e-06
51.08 -1.59286e-06
51.1 -4.19524e-07
51.12 4.0383e-07
51.14 -2.41169e-07
51.16 -1.51774e-06
51.18 -1.81756e-06
51.2 -6.81104e-07
51.22 4.47358e-07
51.24 1.26972e-07
51.26 -6.41436e-07
51.28 2.38232e-07
51.3 2.50499e-06
51.32 3.91141e-06
51.34 2.70712e-06
51.36 -1.41795e-06
51.38 -6.17185e-06
51.4 -7.75621e-06
51.42 -4.71332e-06
51.44 9.04157e-07
51.46 5.18708e-06
51.48 4.69724e-06
51.5 4.10055e-07
51.52 -1.51922e-06
51.54 1.82238e-06
51.56 4.84378e-06
51.58 2.32389e-06
51.6 -2.70238e-06
51.62 -3.86419e-06
51.64 5.99057e-08
51.66 4.01794e-06
51.68 3.64941e-06
51.7 7.56706e-07
51.72 -1.19099e-08
51.74 1.92834e-06
51.76 2.74661e-06
51.78 3.79709e-07
51.8 -2.73857e-06
51.82 -3.44528e-06
51.84 -1.57777e-06
51.86 4.96595e-07
51.88 6.56472e-07
51.9 -6.61507e-07
51.92 -1.1658e-06
51.94 1.26431e-07
51.96 1.68766e-06
51.98 1.81067e-06
52 9.24501e-07
52.02 4.87724e-07
52.04 5.6617e-07
52.06 7.32398e-08
52.08 -1.06481e-06
52.1 -1.41313e-06
52.12 -3.08337e-07
52.14 3.94246e-07
52.16 -7.16324e-07
52.18 -1.61762e-06
52.2 3.04027e-08
52.22 2.87188e-06
52.24 3.50068e-06
52.26 1.38772e-06
52.28 -3.51273e-07
52.3 3.84073e-07
52.32 1.82913e-06
52.34 1.15297e-06
52.36 -1.31171e-06
52.38 -2.38921e-06
52.4 -8.31178e-07
52.42 7.29963e-07
52.44 -1.68168e-08
52.46 -1.23372e-06
52.48 -1.50701e-07
52.5 1.95037e-06
52.52 1.73664e-06
52.54 -8.41799e-07
52.56 -2.38885e-06
52.58 -1.28077e-06
52.6 -3.06053e-08
52.62 -8.75844e-07
52.64 -2.47368e-06
52.66 -2.387e-06
52.68 -7.65663e-07
52.7 2.05481e-07
52.72 -2.10672e-07
52.74 -9.0565e-07
52.76 -9.64303e-07
52.78 -6.13274e-07
52.8 -6.31738e-07
52.82 -1.07672e-06
52.84 -1.19216e-06
52.86 -8.00603e-07
52.88 -7.05343e-07
52.9 -1.0455e-06
52.92 -7.55612e-07
52.94 2.56081e-07
52.96 3.7005e-07
52.98 -7.80415e-07
53 -1.23649e-06
53.02 6.9263e-08
53.04 1.46711e-06
53.06 1.11257e-06
53.08 -7.39949e-08
53.1 1.30982e-07
53.12 1.72771e-06
53.14 2.31249e-06
53.16 1.03981e-06
53.18 1.48697e-07
53.2 8.46187e-07
53.22 1.50732e-06
53.24 7.07677e-07
53.26 -6.31707e-07
53.28 -8.76774e-07
53.3 -2.19253e-07
53.32 -2.21609e-07
53.34 -1.40844e-06
53.36 -2.23906e-06
53.38 -1.34039e-06
53.4 1.09881e-08
53.42 -8.88107e-08
53.44 -1.02627e-06
53.46 -1.04571e-06
53.48 -1.7463e-07
53.5 2.06745e-07
53.52 -2.23115e-07
53.54 -3.99853e-07
53.56 1.70332e-07
53.58 6.19709e-07
53.6 1.2696e-07
53.62 -8.79433e-07
53.64 -1.35305e-06
53.66 -8.94047e-07
53.68 -2.88526e-07
53.7 -4.9421e-07
53.72 -9.11049e-07
53.74 -3.3379e-07
53.76 8.1944e-07
53.78 1.17071e-06
53.8 5.62226e-07
53.82 2.41176e-08
53.84 3.50409e-07
53.86 1.19624e-06
53.88 1.19228e-06
53.9 -1.1897e-07
53.92 -1.03883e-06
53.94 -1.66015e-07
53.96 1.16624e-06
53.98 9.73248e-07
54 -3.90819e-07
54.02 -9.31539e-07
54.04 7.3795e-08
54.06 1.20439e-06
54.08 1.06375e-06
54.1 1.18164e-07
54.12 2.99425e-08
54.14 1.04702e-06
54.16 1.34989e-06
54.18 2.25526e-07
54.2 -9.19284e-07
54.22 -1.23268e-06
54.24 -1.1448e-06
54.26 -1.16223e-06
54.28 -1.41539e-06
54.3 -1.40838e-06
54.32 -8.20646e-07
54.34 -3.70504e-07
54.36 -6.8635e-07
54.38 -1.29033e-06
54.4 -1.31665e-06
54.42 -6.35207e-07
54.44 1.71701e-07
54.46 6.00423e-07
54.48 6.38823e-07
54.5 5.84838e-07
54.52 7.60031e-07
54.54 1.04778e-06
54.56 9.06194e-07
54.58 2.42981e-07
54.6 -2.37641e-07
54.62 1.68109e-07
54.64 9.53177e-07
54.66 9.07845e-07
54.68 -2.24439e-07
54.7 -1.44271e-06
54.72 -1.55479e-06
54.74 -8.50505e-07
54.76 -8.7419e-07
54.78 -1.83772e-06
54.8 -2.29141e-06
54.82 -1.61492e-06
54.84 -5.66426e-07
54.86 5.73093e-08
54.88 2.2569e-07
54.9 6.0271e-07
54.92 1.28072e-06
54.94 1.46153e-06
54.96 1.13999e-06
54.98 1.17017e-06
55 1.38348e-06
55.02 9.39e-07
55.04 3.25032e-08
55.06 -3.12504e-07
55.08 5.75304e-08
55.1 2.67203e-07
55.12 4.08006e-08
55.14 -2.28765e-07
55.16 -2.59594e-07
55.18 -3.80062e-08
55.2 2.70838e-07
55.22 6.02794e-07
55.24 8.94085e-07
55.26 1.01287e-06
55.28 9.13001e-07
55.3 6.29549e-07
55.32 4.69216e-07
55.34 7.68644e-07
55.36 9.03244e-07
55.38 7.64924e-08
55.4 -8.66808e-07
55.42 -6.16097e-07
55.44 2.19629e-07
55.46 1.74587e-07
55.48 -6.85181e-07
55.5 -1.36819e-06
55.52 -1.32148e-06
55.54 -8.02104e-07
55.56 -4.93023e-07
55.58 -4.8031e-07
55.6 -4.53346e-07
55.62 -1.61484e-07
55.64 1.57398e-07
55.66 -3.41831e-07
55.68 -1.3691e-06
55.7 -1.31763e-06
55.72 9.09798e-08
55.74 1.0659e-06
55.76 3.53519e-07
55.78 -8.89894e-07
55.8 -7.13169e-07
55.82 8.01785e-07
55.84 1.50214e-06
55.86 5.28864e-07
55.88 8.26927e-08
55.9 1.91041e-06
55.92 3.51878e-06
55.94 6.37301e-07
55.96 -5.34039e-06
55.98 -7.16945e-06
56 -2.54045e-06
56.02 2.45055e-06
56.04 2.20645e-06
56.06 -1.67448e-06
56.08 -2.72686e-06
56.1 1.41113e-06
56.12 5.46513e-06
56.14 4.18205e-06
56.16 -7.24052e-07
56.18 -3.00378e-06
56.2 -6.27572e-07
56.22 1.5471e-06
56.24 -3.74446e-08
56.26 -2.44332e-06
56.28 -1.61067e-06
56.3 1.64083e-06
56.32 3.11425e-06
56.34 1.2387e-06
56.36 -7.66309e-07
56.38 -7.0782e-08
56.4 1.48401e-06
56.42 8.99561e-07
56.44 -7.81924e-07
56.46 -1.50366e-07
56.48 2.50982e-06
56.5 3.12073e-06
56.52 5.78103e-07
56.54 -1.21411e-06
56.56 4.24934e-07
56.58 2.75562e-06
56.6 1.63318e-06
56.62 -2.00023e-06
56.64 -3.21035e-06
56.66 -5.04288e-07
56.68 2.10047e-06
56.7 9.15553e-07
56.72 -2.15003e-06
56.74 -2.42475e-06
56.76 4.80809e-07
56.78 2.23887e-06
56.8 4.80969e-07
56.82 -1.66481e-06
56.84 -7.79182e-07
56.86 1.5782e-06
56.88 1.98405e-06
56.9 -1.14705e-07
56.92 -2.06384e-06
56.94 -1.48866e-06
56.96 -1.51154e-08
56.98 -6.99142e-07
57 -2.83283e-06
57.02 -3.07308e-06
57.04 -1.11646e-06
57.06 -2.62703e-07
57.08 -1.64249e-06
57.1 -2.09369e-06
57.12 7.33946e-08
57.14 1.67715e-06
57.16 1.35233e-07
57.18 -2.15411e-06
57.2 -1.52016e-06
57.22 1.24864e-06
57.24 1.84299e-06
57.26 -8.89908e-07
57.28 -2.94987e-06
57.3 -1.11853e-06
57.32 2.06926e-06
57.34 1.95053e-06
57.36 -1.10785e-06
57.38 -2.09471e-06
57.4 7.90962e-07
57.42 3.25123e-06
57.44 1.69483e-06
57.46 -1.5414e-06
57.48 -2.02032e-06
57.5 4.72533e-07
57.52 2.12604e-06
57.54 7.24576e-07
57.56 -1.57796e-06
57.58 -1.50977e-06
57.6 6.66719e-07
57.62 1.80043e-06
57.64 5.47116e-07
57.66 -1.01091e-06
57.68 -6.49837e-07
57.7 7.5556e-07
57.72 8.33602e-07
57.74 -5.49494e-07
57.76 -1.2754e-06
57.78 -3.75966e-07
57.8 5.59511e-07
57.82 7.35003e-08
57.84 -8.61818e-07
57.86 -5.92253e-07
57.88 4.83802e-07
57.9 5.92802e-07
57.92 -4.59089e-07
57.94 -9.07356e-07
57.96 4.18811e-08
57.98 8.64552e-07
58 2.43878e-07
58.02 -8.2984e-07
58.04 -7.84712e-07
58.06 1.80509e-07
58.08 6.25455e-07
58.1 -1.32227e-09
58.12 -6.53546e-07
58.14 -3.25111e-07
58.16 4.47555e-07
58.18 5.04925e-07
58.2 -1.54657e-07
58.22 -4.54959e-07
58.24 5.97496e-08
58.26 5.49428e-07
58.28 2.44469e-07
58.3 -3.60361e-07
58.32 -3.27364e-07
58.34 2.65504e-07
58.36 4.90742e-07
58.38 4.25697e-08
58.4 -3.28685e-07
58.42 -3.65581e-08
58.44 4.47499e-07
58.46 3.76865e-07
58.48 -1.20633e-07
58.5 -2.83688e-07
58.52 1.14412e-07
58.54 4.45668e-07
58.56 2.07799e-07
58.58 -2.09359e-07
58.6 -1.55719e-07
58.62 2.65548e-07
58.64 3.90585e-07
58.66 4.94489e-08
58.68 -2.0151e-07
58.7 1.48578e-08
58.72 3.34998e-07
58.74 2.64591e-07
58.76 -6.24513e-08
58.78 -1.30723e-07
58.8 1.47357e-07
58.82 3.26472e-07
58.84 1.40772e-07
58.86 -1.04916e-07
58.88 -3.43955e-08
58.9 2.2611e-07
58.92 2.71457e-07
58.94 4.81054e-08
58.96 -8.81699e-08
58.98 6.33088e-08
59 2.55427e-07
59.02 1.96159e-07
59.04 -7.52398e-09
59.06 -3.74962e-08
59.08 1.41048e-07
59.1 2.45567e-07
59.12 1.23954e-07
59.14 -2.42617e-08
59.16 2.73668e-08
59.18 1.88424e-07
59.2 2.09218e-07
59.22 6.84654e-08
59.24 -9.68496e-09
59.26 8.95472e-08
59.28 2.05427e-07
59.3 1.62719e-07
59.32 3.73128e-08
59.34 2.49809e-08
59.36 1.37765e-07
59.38 1.97961e-07
59.4 1.1905e-07
59.42 3.03394e-08
59.44 6.73808e-08
59.46 1.66839e-07
59.48 1.75302e-07
59.5 8.69452e-08
59.52 4.25552e-08
59.54 1.07205e-07
59.56 1.76979e-07
59.58 1.47103e-07
59.6 7.02332e-08
59.62 6.65182e-08
59.64 1.3767e-07
59.66 1.7222e-07
59.68 1.21353e-07
59.7 6.84911e-08
59.72 9.4545e-08
59.74 1.55895e-07
59.76 1.58495e-07
59.78 1.03246e-07
59.8 7.83574e-08
59.82 1.20355e-07
59.84 1.62325e-07
59.86 1.4182e-07
59.88 9.48825e-08
59.9 9.50866e-08
59.92 1.39933e-07
59.94 1.59674e-07
59.96 1.27091e-07
59.98 6.14877e-09
