0.02 1.13831e-05
0.04 3.2247e-05
0.06 3.52972e-05
0.08 1.61471e-05
0.1 4.62239e-06
0.12 1.72786e-05
0.14 3.33976e-05
0.16 2.88773e-05
0.18 1.30104e-05
0.2 1.22263e-05
0.22 2.87083e-05
0.24 3.87405e-05
0.26 3.07264e-05
0.28 2.22204e-05
0.3 3.08032e-05
0.32 4.49023e-05
0.34 4.66967e-05
0.36 4.29194e-05
0.38 4.14105e-05
0.4 2.17405e-05
0.42 -2.74889e-05
0.44 -2.51065e-05
0.46 7.63209e-05
0.48 0.000120539
0.5 4.38381e-06
0.52 -0.000114097
0.54 -8.30663e-05
0.56 -2.44556e-05
0.58 -0.000120302
0.6 -0.000221351
0.62 -0.000100856
0.64 3.98224e-05
0.66 -4.90579e-05
0.68 -0.000303953
0.7 -0.000444948
0.72 -0.000102508
0.74 0.000387189
0.76 0.000275384
0.78 -0.00014907
0.8 3.99798e-05
0.82 0.000812541
0.84 0.00114566
0.86 0.000556779
0.88 -0.000148255
0.9 -9.24291e-05
0.92 0.000452396
0.94 0.000507488
0.96 -0.000269318
0.98 -0.000975207
1 -0.000669439
1.02 0.000236477
1.04 0.000473184
1.06 -0.000356372
1.08 -0.00118865
1.1 -0.000966233
1.12 -4.01862e-05
1.14 0.000479243
1.16 3.52414e-05
1.18 -0.000908335
1.2 -0.000985383
1.22 0.000214239
1.24 0.000898619
1.26 -0.000124644
1.28 -0.00141142
1.3 -0.00124799
1.32 0.000138514
1.34 0.00123464
1.36 0.000888854
1.38 -0.000376113
1.4 -0.000849464
1.42 2.93211e-05
1.44 0.000729918
1.46 -0.000297738
1.48 -0.00220777
1.5 -0.00267543
1.52 -0.00122808
1.54 -8.47738e-07
1.56 -0.000668364
1.58 -0.00203622
1.6 -0.00175713
1.62 8.52145e-05
1.64 0.000992459
1.66 -0.000124165
1.68 -0.00142535
1.7 -0.00101772
1.72 0.00028572
1.74 0.00028146
1.76 -0.00100503
1.78 -0.00136664
1.8 -0.000346555
1.82 8.99108e-05
1.84 -0.0010014
1.86 -0.00195484
1.88 -0.000830257
1.9 0.00116574
1.92 0.000762472
1.94 -0.00196603
1.96 -0.00301821
1.98 -0.000795674
2 0.000967926
2.02 -0.000928681
2.04 -0.00397227
2.06 -0.0038287
2.08 -0.00096305
2.1 0.000183241
2.12 -0.00190309
2.14 -0.00362759
2.16 -0.00210605
2.18 0.000669702
2.2 0.00108805
2.22 -0.00115913
2.24 -0.00280465
2.26 -0.00154457
2.28 0.000310372
2.3 -0.000564212
2.32 -0.00306983
2.34 -0.00359065
2.36 -0.001287
2.38 0.00069212
2.4 -0.000769506
2.42 -0.00385815
2.44 -0.00394631
2.46 -0.000722979
2.48 0.00128434
2.5 -0.000189808
2.52 -0.0021214
2.54 -0.00140847
2.56 0.000898489
2.58 0.00208233
2.6 0.00184823
2.62 0.00198594
2.64 0.00322525
2.66 0.00464725
2.68 0.00564468
2.7 0.00671271
2.72 0.00854609
2.74 0.0115806
2.76 0.0160363
2.78 0.0221384
2.8 0.0317009
2.82 0.0486517
2.84 0.0761769
2.86 0.114639
2.88 0.161362
2.9 0.211344
2.92 0.259795
2.94 0.303257
2.96 0.338955
2.98 0.36525
3 0.381793
3.02 0.386541
3.04 0.375714
3.06 0.348004
3.08 0.30395
3.1 0.2442
3.12 0.170749
3.14 0.0864347
3.16 -0.00640417
3.18 -0.0984379
3.2 -0.185364
3.22 -0.273507
3.24 -0.3607
3.26 -0.438692
3.28 -0.506497
3.3 -0.568014
3.32 -0.623727
3.34 -0.67017
3.36 -0.702833
3.38 -0.718428
3.4 -0.714411
3.42 -0.6882
3.44 -0.638021
3.46 -0.562008
3.48 -0.459591
3.5 -0.333879
3.52 -0.189773
3.54 -0.0313283
3.56 0.13685
3.58 0.304716
3.6 0.465994
3.62 0.622842
3.64 0.773548
3.66 0.908269
3.68 1.01838
3.7 1.10166
3.72 1.15692
3.74 1.17978
3.76 1.1654
3.78 1.11329
3.8 1.0268
3.82 0.909781
3.84 0.767116
3.86 0.604698
3.88 0.426778
3.9 0.236074
3.92 0.0349081
3.94 -0.174859
3.96 -0.391856
3.98 -0.608812
4 -0.81441
4.02 -1.00401
4.04 -1.17737
4.06 -1.33129
4.08 -1.46042
4.1 -1.5607
4.12 -1.62926
4.14 -1.66366
4.16 -1.66198
4.18 -1.62515
4.2 -1.55947
4.22 -1.47358
4.24 -1.37475
4.26 -1.26975
4.28 -1.16486
4.3 -1.06446
4.32 -0.968758
4.34 -0.874143
4.36 -0.779342
4.38 -0.686903
4.4 -0.599509
4.42 -0.519651
4.44 -0.449929
4.46 -0.391078
4.48 -0.340776
4.5 -0.298602
4.52 -0.268714
4.54 -0.254085
4.56 -0.254623
4.58 -0.269432
4.6 -0.297583
4.62 -0.337996
4.64 -0.387353
4.66 -0.440564
4.68 -0.493876
4.7 -0.544249
4.72 -0.587929
4.74 -0.621521
4.76 -0.642629
4.78 -0.651268
4.8 -0.650521
4.82 -0.642636
4.84 -0.627514
4.86 -0.605512
4.88 -0.578143
4.9 -0.547051
4.92 -0.514399
4.94 -0.483471
4.96 -0.457174
4.98 -0.437405
5 -0.426902
5.02 -0.429311
5.04 -0.447707
5.06 -0.482148
5.08 -0.526667
5.1 -0.573344
5.12 -0.618416
5.14 -0.660209
5.16 -0.69641
5.18 -0.724648
5.2 -0.742652
5.22 -0.74812
5.24 -0.740935
5.26 -0.725683
5.28 -0.707125
5.3 -0.685618
5.32 -0.659111
5.34 -0.625648
5.36 -0.58502
5.38 -0.539115
5.4 -0.490669
5.42 -0.442116
5.44 -0.394206
5.46 -0.346383
5.48 -0.298916
5.5 -0.253077
5.52 -0.210065
5.54 -0.171159
5.56 -0.138315
5.58 -0.113643
5.6 -0.0985535
5.62 -0.0939567
5.64 -0.0998312
5.66 -0.115127
5.68 -0.139496
5.7 -0.172958
5.72 -0.214446
5.74 -0.262454
5.76 -0.315595
5.78 -0.372622
5.8 -0.432247
5.82 -0.492297
5.84 -0.550419
5.86 -0.605468
5.88 -0.656961
5.9 -0.704556
5.92 -0.747324
5.94 -0.782344
5.96 -0.806231
5.98 -0.816587
6 -0.811235
6.02 -0.789256
6.04 -0.751465
6.06 -0.698598
6.08 -0.632268
6.1 -0.556236
6.12 -0.47374
6.14 -0.38651
6.16 -0.296494
6.18 -0.207919
6.2 -0.127226
6.22 -0.0593983
6.24 -0.00758709
6.26 0.0248308
6.28 0.0351762
6.3 0.0232986
6.32 -0.0082061
6.34 -0.0561244
6.36 -0.1177
6.38 -0.189592
6.4 -0.268178
6.42 -0.350157
6.44 -0.432184
6.46 -0.511322
6.48 -0.586346
6.5 -0.658032
6.52 -0.72748
6.54 -0.795361
6.56 -0.861336
6.58 -0.922215
6.6 -0.974506
6.62 -1.01748
6.64 -1.05002
6.66 -1.06808
6.68 -1.06752
6.7 -1.04745
6.72 -1.01086
6.74 -0.963071
6.76 -0.908623
6.78 -0.849698
6.8 -0.787253
6.82 -0.722632
6.84 -0.657529
6.86 -0.593081
6.88 -0.530524
6.9 -0.471921
6.92 -0.419906
6.94 -0.376913
6.96 -0.343938
6.98 -0.320234
7 -0.304479
7.02 -0.296204
7.04 -0.295643
7.06 -0.302578
7.08 -0.316241
7.1 -0.335249
7.12 -0.357668
7.14 -0.381976
7.16 -0.407021
7.18 -0.431367
7.2 -0.453411
7.22 -0.471724
7.24 -0.485196
7.26 -0.493712
7.28 -0.498914
7.3 -0.502583
7.32 -0.504604
7.34 -0.503852
7.36 -0.499798
7.38 -0.492633
7.4 -0.482743
7.42 -0.470899
7.44 -0.458275
7.46 -0.446029
7.48 -0.43555
7.5 -0.428024
7.52 -0.423879
7.54 -0.42368
7.56 -0.428175
7.58 -0.437024
7.6 -0.448458
7.62 -0.460232
7.64 -0.470502
7.66 -0.477416
7.68 -0.479544
7.7 -0.477133
7.72 -0.471654
7.74 -0.464451
7.76 -0.455469
7.78 -0.443708
7.8 -0.429046
7.82 -0.412304
7.84 -0.39505
7.86 -0.380018
7.88 -0.369648
7.9 -0.364883
7.92 -0.366059
7.94 -0.373268
7.96 -0.386047
7.98 -0.403833
8 -0.425992
8.02 -0.451146
8.04 -0.477297
8.06 -0.50281
8.08 -0.526667
8.1 -0.547888
8.12 -0.565443
8.14 -0.578641
8.16 -0.587098
8.18 -0.59019
8.2 -0.586828
8.22 -0.57648
8.24 -0.561082
8.26 -0.543992
8.28 -0.526762
8.3 -0.509254
8.32 -0.491031
8.34 -0.471712
8.36 -0.451822
8.38 -0.432601
8.4 -0.414772
8.42 -0.398436
8.44 -0.384183
8.46 -0.374106
8.48 -0.370186
8.5 -0.372256
8.52 -0.3791
8.54 -0.389743
8.56 -0.403046
8.58 -0.417559
8.6 -0.431586
8.62 -0.443641
8.64 -0.453656
8.66 -0.461887
8.68 -0.467276
8.7 -0.468718
8.72 -0.466032
8.74 -0.459627
8.76 -0.450381
8.78 -0.439331
8.8 -0.427575
8.82 -0.416637
8.84 -0.408451
8.86 -0.405273
8.88 -0.408296
8.9 -0.416492
8.92 -0.428576
8.94 -0.443438
8.96 -0.459546
8.98 -0.476376
9 -0.493968
9.02 -0.511898
9.04 -0.529897
9.06 -0.547401
9.08 -0.562833
9.1 -0.575197
9.12 -0.584955
9.14 -0.592429
9.16 -0.597569
9.18 -0.601068
9.2 -0.603799
9.22 -0.606049
9.24 -0.60758
9.26 -0.607719
9.28 -0.605644
9.3 -0.600375
9.32 -0.590846
9.34 -0.576382
9.36 -0.556787
9.38 -0.53272
9.4 -0.505947
9.42 -0.478278
9.44 -0.450554
9.46 -0.42322
9.48 -0.397705
9.5 -0.376243
9.52 -0.360265
9.54 -0.350222
9.56 -0.346713
9.58 -0.349434
9.6 -0.355913
9.62 -0.36423
9.64 -0.375326
9.66 -0.391113
9.68 -0.412341
9.7 -0.438865
9.72 -0.469718
9.74 -0.502261
9.76 -0.534588
9.78 -0.567422
9.8 -0.600748
9.82 -0.632755
9.84 -0.661605
9.86 -0.684804
9.88 -0.699595
9.9 -0.704367
9.92 -0.698697
9.94 -0.683694
9.96 -0.661134
9.98 -0.631675
10 -0.595273
10.02 -0.55255
10.04 -0.504932
10.06 -0.454222
10.08 -0.402813
10.1 -0.353638
10.12 -0.309402
10.14 -0.272517
10.16 -0.244833
10.18 -0.22688
10.2 -0.218618
10.22 -0.220334
10.24 -0.232284
10.26 -0.254207
10.28 -0.285134
10.3 -0.323234
10.32 -0.366004
10.34 -0.410937
10.36 -0.455872
10.38 -0.498887
10.4 -0.538352
10.42 -0.572676
10.44 -0.600162
10.46 -0.61958
10.48 -0.63034
10.5 -0.631985
10.52 -0.62414
10.54 -0.607209
10.56 -0.58309
10.58 -0.554081
10.6 -0.521208
10.62 -0.485025
10.64 -0.446742
10.66 -0.407756
10.68 -0.369554
10.7 -0.334228
10.72 -0.303758
10.74 -0.279197
10.76 -0.261264
10.78 -0.250404
10.8 -0.246091
10.82 -0.247446
10.84 -0.25396
10.86 -0.265556
10.88 -0.282794
10.9 -0.305977
10.92 -0.334178
10.94 -0.365913
10.96 -0.39977
10.98 -0.434326
11 -0.46834
11.02 -0.500914
11.04 -0.531212
11.06 -0.558141
11.08 -0.580492
11.1 -0.597205
11.12 -0.607172
11.14 -0.609214
11.16 -0.6026
11.18 -0.587347
11.2 -0.56404
11.22 -0.533544
11.24 -0.497329
11.26 -0.457801
11.28 -0.417556
11.3 -0.378666
11.32 -0.342756
11.34 -0.311198
11.36 -0.285294
11.38 -0.266229
11.4 -0.254397
11.42 -0.249236
11.44 -0.250199
11.46 -0.257191
11.48 -0.270062
11.5 -0.288364
11.52 -0.311371
11.54 -0.337954
11.56 -0.366609
11.58 -0.39568
11.6 -0.423528
11.62 -0.448603
11.64 -0.469641
11.66 -0.485819
11.68 -0.496754
11.7 -0.502454
11.72 -0.503155
11.74 -0.499123
11.76 -0.490918
11.78 -0.479677
11.8 -0.466835
11.82 -0.453781
11.84 -0.441535
11.86 -0.430642
11.88 -0.421421
11.9 -0.413768
11.92 -0.40684
11.94 -0.399724
11.96 -0.392134
11.98 -0.384302
12 -0.376749
12.02 -0.369994
12.04 -0.364274
12.06 -0.359719
12.08 -0.356496
12.1 -0.354838
12.12 -0.355147
12.14 -0.357506
12.16 -0.361306
12.18 -0.36592
12.2 -0.371202
12.22 -0.377288
12.24 -0.38452
12.26 -0.393351
12.28 -0.404088
12.3 -0.416835
12.32 -0.431501
12.34 -0.447713
12.36 -0.46474
12.38 -0.481479
12.4 -0.496594
12.42 -0.508784
12.44 -0.516952
12.46 -0.520336
12.48 -0.518538
12.5 -0.511344
12.52 -0.498737
12.54 -0.481102
12.56 -0.45922
12.58 -0.433992
12.6 -0.4063
12.62 -0.377056
12.64 -0.347349
12.66 -0.318688
12.68 -0.292786
12.7 -0.271068
12.72 -0.254616
12.74 -0.244258
12.76 -0.240589
12.78 -0.244003
12.8 -0.254413
12.82 -0.270825
12.84 -0.291739
12.86 -0.315984
12.88 -0.342792
12.9 -0.371306
12.92 -0.400306
12.94 -0.428463
12.96 -0.454716
12.98 -0.478219
13 -0.498227
13.02 -0.514165
13.04 -0.525629
13.06 -0.532208
13.08 -0.53345
13.1 -0.529092
13.12 -0.519144
13.14 -0.503855
13.16 -0.483827
13.18 -0.460116
13.2 -0.434016
13.22 -0.40664
13.24 -0.378847
13.26 -0.351499
13.28 -0.325728
13.3 -0.302978
13.32 -0.284562
13.34 -0.271274
13.36 -0.263373
13.38 -0.26068
13.4 -0.26291
13.42 -0.269943
13.44 -0.281563
13.46 -0.297319
13.48 -0.316789
13.5 -0.339478
13.52 -0.364501
13.54 -0.390707
13.56 -0.417013
13.58 -0.442511
13.6 -0.466421
13.62 -0.488001
13.64 -0.506448
13.66 -0.520977
13.68 -0.531031
13.7 -0.536367
13.72 -0.536912
13.74 -0.532597
13.76 -0.523291
13.78 -0.508895
13.8 -0.489577
13.82 -0.465928
13.84 -0.438917
13.86 -0.409819
13.88 -0.380167
13.9 -0.351478
13.92 -0.324971
13.94 -0.301542
13.96 -0.281811
13.98 -0.266245
14 -0.25527
14.02 -0.249041
14.04 -0.247192
14.06 -0.249149
14.08 -0.254474
14.1 -0.262935
14.12 -0.274775
14.14 -0.290533
14.16 -0.310216
14.18 -0.33304
14.2 -0.35801
14.22 -0.38442
14.24 -0.411746
14.26 -0.439253
14.28 -0.465862
14.3 -0.490333
14.32 -0.511629
14.34 -0.529168
14.36 -0.542641
14.38 -0.551644
14.4 -0.555771
14.42 -0.554889
14.44 -0.549149
14.46 -0.53875
14.48 -0.523873
14.5 -0.504748
14.52 -0.481673
14.54 -0.455138
14.56 -0.425959
14.58 -0.395321
14.6 -0.364614
14.62 -0.334961
14.64 -0.306984
14.66 -0.281154
14.68 -0.258245
14.7 -0.239669
14.72 -0.227205
14.74 -0.221995
14.76 -0.224159
14.78 -0.233248
14.8 -0.248866
14.82 -0.270709
14.84 -0.29793
14.86 -0.329045
14.88 -0.362665
14.9 -0.397649
14.92 -0.432429
14.94 -0.465072
14.96 -0.494082
14.98 -0.518491
15 -0.537521
15.02 -0.550563
15.04 -0.557347
15.06 -0.55796
15.08 -0.552619
15.1 -0.541596
15.12 -0.525178
15.14 -0.503513
15.16 -0.476874
15.18 -0.446068
15.2 -0.412337
15.22 -0.377082
15.24 -0.341902
15.26 -0.308542
15.28 -0.278638
15.3 -0.253644
15.32 -0.23471
15.34 -0.222492
15.36 -0.217164
15.38 -0.218552
15.4 -0.226193
15.42 -0.239373
15.44 -0.257246
15.46 -0.27904
15.48 -0.304136
15.5 -0.331859
15.52 -0.361114
15.54 -0.390485
15.56 -0.418589
15.58 -0.444092
15.6 -0.465741
15.62 -0.482627
15.64 -0.494328
15.66 -0.500852
15.68 -0.502346
15.7 -0.498801
15.72 -0.490096
15.74 -0.476216
15.76 -0.457452
15.78 -0.434519
15.8 -0.408409
15.82 -0.380263
15.84 -0.351446
15.86 -0.323426
15.88 -0.297454
15.9 -0.27446
15.92 -0.255119
15.94 -0.239874
15.96 -0.228917
15.98 -0.222293
16 -0.220083
16.02 -0.222342
16.04 -0.229026
16.06 -0.240045
16.08 -0.255121
16.1 -0.273687
16.12 -0.295134
16.14 -0.318939
16.16 -0.344394
16.18 -0.370342
16.2 -0.395393
16.22 -0.418358
16.24 -0.438411
16.26 -0.455146
16.28 -0.468467
16.3 -0.478035
16.32 -0.483138
16.34 -0.4833
16.36 -0.478672
16.38 -0.469752
16.4 -0.45708
16.42 -0.441288
16.44 -0.423219
16.46 -0.403834
16.48 -0.384161
16.5 -0.365383
16.52 -0.348855
16.54 -0.33581
16.56 -0.326926
16.58 -0.322261
16.6 -0.321604
16.62 -0.324762
16.64 -0.331585
16.66 -0.34183
16.68 -0.354489
16.7 -0.367325
16.72 -0.377908
16.74 -0.384408
16.76 -0.385272
16.78 -0.379427
16.8 -0.366636
16.82 -0.347258
16.84 -0.322616
16.86 -0.295994
16.88 -0.271063
16.9 -0.249368
16.92 -0.231613
16.94 -0.219304
16.96 -0.213767
16.98 -0.215536
17 -0.224736
17.02 -0.241126
17.04 -0.264132
17.06 -0.293108
17.08 -0.327292
17.1 -0.365823
17.12 -0.408055
17.14 -0.453292
17.16 -0.500024
17.18 -0.545899
17.2 -0.588927
17.22 -0.628087
17.24 -0.662271
17.26 -0.689933
17.28 -0.710065
17.3 -0.722237
17.32 -0.725852
17.34 -0.719995
17.36 -0.703616
17.38 -0.675804
17.4 -0.636184
17.42 -0.585064
17.44 -0.52328
17.46 -0.452362
17.48 -0.37488
17.5 -0.294063
17.52 -0.212812
17.54 -0.13357
17.56 -0.0592483
17.58 0.00686025
17.6 0.062212
17.62 0.104975
17.64 0.133507
17.66 0.14664
17.68 0.143889
17.7 0.125274
17.72 0.0911735
17.74 0.042448
17.76 -0.0191854
17.78 -0.0910972
17.8 -0.170246
17.82 -0.253565
17.84 -0.337708
17.86 -0.419125
17.88 -0.494887
17.9 -0.562905
17.92 -0.621454
17.94 -0.668908
17.96 -0.703674
17.98 -0.724303
18 -0.729871
18.02 -0.720256
18.04 -0.696074
18.06 -0.658528
18.08 -0.609661
18.1 -0.552644
18.12 -0.491033
18.14 -0.427782
18.16 -0.36529
18.18 -0.305725
18.2 -0.251108
18.22 -0.203554
18.24 -0.165364
18.26 -0.138696
18.28 -0.12511
18.3 -0.125206
18.32 -0.138096
18.34 -0.16088
18.36 -0.189817
18.38 -0.221958
18.4 -0.254756
18.42 -0.285543
18.44 -0.311961
18.46 -0.332055
18.48 -0.345124
18.5 -0.352632
18.52 -0.35642
18.54 -0.356977
18.56 -0.354464
18.58 -0.349595
18.6 -0.343444
18.62 -0.337292
18.64 -0.33216
18.66 -0.32858
18.68 -0.327001
18.7 -0.328012
18.72 -0.332151
18.74 -0.339738
18.76 -0.350981
18.78 -0.366015
18.8 -0.384002
18.82 -0.402123
18.84 -0.417024
18.86 -0.42648
18.88 -0.428617
18.9 -0.421726
18.92 -0.405124
18.94 -0.37892
18.96 -0.343746
18.98 -0.301124
19 -0.25369
19.02 -0.204685
19.04 -0.156997
19.06 -0.113325
19.08 -0.0764832
19.1 -0.0485522
19.12 -0.0306818
19.14 -0.0238896
19.16 -0.0290553
19.18 -0.0462478
19.2 -0.0749607
19.22 -0.114761
19.24 -0.165046
19.26 -0.22414
19.28 -0.289084
19.3 -0.35669
19.32 -0.424113
19.34 -0.48871
19.36 -0.5484
19.38 -0.601669
19.4 -0.647152
19.42 -0.683584
19.44 -0.709654
19.46 -0.723734
19.48 -0.72429
19.5 -0.710634
19.52 -0.683185
19.54 -0.643245
19.56 -0.592562
19.58 -0.53317
19.6 -0.467828
19.62 -0.399731
19.64 -0.331062
19.66 -0.263208
19.68 -0.198459
19.7 -0.139846
19.72 -0.0898387
19.74 -0.0499556
19.76 -0.0208746
19.78 -0.00283103
19.8 0.00359042
19.82 -0.00235341
19.84 -0.0205825
19.86 -0.0498792
19.88 -0.0879435
19.9 -0.131978
19.92 -0.179503
19.94 -0.228235
19.96 -0.27604
19.98 -0.321395
20 -0.363112
20.02 -0.399903
20.04 -0.430485
20.06 -0.453759
20.08 -0.46934
20.1 -0.478397
20.12 -0.482912
20.14 -0.483961
20.16 -0.48093
20.18 -0.472168
20.2 -0.457098
20.22 -0.437077
20.24 -0.413787
20.26 -0.388105
20.28 -0.36084
20.3 -0.333358
20.32 -0.30656
20.34 -0.280543
20.36 -0.255949
20.38 -0.233734
20.4 -0.213979
20.42 -0.196344
20.44 -0.180603
20.46 -0.166513
20.48 -0.154085
20.5 -0.144256
20.52 -0.138556
20.54 -0.138398
20.56 -0.145008
20.58 -0.157811
20.6 -0.174588
20.62 -0.194969
20.64 -0.220279
20.66 -0.25094
20.68 -0.286885
20.7 -0.326928
20.72 -0.367497
20.74 -0.405535
20.76 -0.440279
20.78 -0.470917
20.8 -0.496023
20.82 -0.515103
20.84 -0.528308
20.86 -0.535091
20.88 -0.533849
20.9 -0.523032
20.92 -0.502133
20.94 -0.471363
20.96 -0.431457
20.98 -0.383636
21 -0.329925
21.02 -0.273795
21.04 -0.218708
21.06 -0.166645
21.08 -0.11883
21.1 -0.0765768
21.12 -0.0416299
21.14 -0.0158994
21.16 -0.000337901
21.18 0.00513478
21.2 0.000326274
21.22 -0.0153739
21.24 -0.0421555
21.26 -0.0794935
21.28 -0.126148
21.3 -0.180245
21.32 -0.239282
21.34 -0.299749
21.36 -0.357658
21.38 -0.409929
21.4 -0.454103
21.42 -0.488319
21.44 -0.512778
21.46 -0.528056
21.48 -0.533172
21.5 -0.527984
21.52 -0.514216
21.54 -0.493855
21.56 -0.469042
21.58 -0.442063
21.6 -0.414139
21.62 -0.385237
21.64 -0.355517
21.66 -0.325962
21.68 -0.297655
21.7 -0.271055
21.72 -0.245867
21.74 -0.22196
21.76 -0.200444
21.78 -0.183186
21.8 -0.171259
21.82 -0.164733
21.84 -0.163706
21.86 -0.168505
21.88 -0.179061
21.9 -0.194715
21.92 -0.214378
21.94 -0.236643
21.96 -0.260131
21.98 -0.283635
22 -0.305959
22.02 -0.325902
22.04 -0.342384
22.06 -0.354822
22.08 -0.36361
22.1 -0.369607
22.12 -0.373312
22.14 -0.3749
22.16 -0.374371
22.18 -0.371565
22.2 -0.366452
22.22 -0.359181
22.24 -0.349857
22.26 -0.338667
22.28 -0.32598
22.3 -0.312174
22.32 -0.297566
22.34 -0.282335
22.36 -0.266623
22.38 -0.250699
22.4 -0.234907
22.42 -0.219647
22.44 -0.205493
22.46 -0.193095
22.48 -0.182955
22.5 -0.17561
22.52 -0.171867
22.54 -0.172487
22.56 -0.177867
22.58 -0.188002
22.6 -0.202533
22.62 -0.220881
22.64 -0.242374
22.66 -0.266229
22.68 -0.29156
22.7 -0.317463
22.72 -0.343041
22.74 -0.367358
22.76 -0.389561
22.78 -0.409021
22.8 -0.425212
22.82 -0.437507
22.84 -0.445155
22.86 -0.447507
22.88 -0.444225
22.9 -0.435308
22.92 -0.421073
22.94 -0.40201
22.96 -0.378684
22.98 -0.351812
23 -0.322381
23.02 -0.291669
23.04 -0.261122
23.06 -0.232185
23.08 -0.206223
23.1 -0.184406
23.12 -0.167507
23.14 -0.155945
23.16 -0.150051
23.18 -0.150067
23.2 -0.155856
23.22 -0.166821
23.24 -0.182144
23.26 -0.20093
23.28 -0.222162
23.3 -0.244815
23.32 -0.268029
23.34 -0.291067
23.36 -0.313245
23.38 -0.333995
23.4 -0.353019
23.42 -0.370253
23.44 -0.3855
23.46 -0.398184
23.48 -0.407524
23.5 -0.412947
23.52 -0.414256
23.54 -0.41142
23.56 -0.404381
23.58 -0.393095
23.6 -0.377672
23.62 -0.358525
23.64 -0.336369
23.66 -0.312139
23.68 -0.286817
23.7 -0.26123
23.72 -0.236162
23.74 -0.21261
23.76 -0.191666
23.78 -0.174287
23.8 -0.161207
23.82 -0.152884
23.84 -0.149589
23.86 -0.151607
23.88 -0.159176
23.9 -0.172191
23.92 -0.190028
23.94 -0.211775
23.96 -0.236638
23.98 -0.263856
24 -0.292395
24.02 -0.320809
24.04 -0.347335
24.06 -0.370464
24.08 -0.389347
24.1 -0.403588
24.12 -0.413108
24.14 -0.417939
24.16 -0.417885
24.18 -0.412744
24.2 -0.402839
24.22 -0.388905
24.24 -0.371655
24.26 -0.351683
24.28 -0.329473
24.3 -0.305566
24.32 -0.280844
24.34 -0.256605
24.36 -0.23428
24.38 -0.215013
24.4 -0.199544
24.42 -0.188284
24.44 -0.181329
24.46 -0.178575
24.48 -0.179961
24.5 -0.185524
24.52 -0.19517
24.54 -0.208573
24.56 -0.225165
24.58 -0.244113
24.6 -0.264462
24.62 -0.28532
24.64 -0.305809
24.66 -0.324997
24.68 -0.342057
24.7 -0.356478
24.72 -0.368048
24.74 -0.376587
24.76 -0.381804
24.78 -0.383344
24.8 -0.380861
24.82 -0.374225
24.84 -0.363593
24.86 -0.349304
24.88 -0.331922
24.9 -0.312231
24.92 -0.291057
24.94 -0.269216
24.96 -0.24757
24.98 -0.226988
25 -0.208289
25.02 -0.192216
25.04 -0.179388
25.06 -0.170261
25.08 -0.165178
25.1 -0.164417
25.12 -0.168076
25.14 -0.175962
25.16 -0.187691
25.18 -0.202812
25.2 -0.220807
25.22 -0.241105
25.24 -0.263065
25.26 -0.285978
25.28 -0.309144
25.3 -0.33191
25.32 -0.353633
25.34 -0.373526
25.36 -0.39059
25.38 -0.403905
25.4 -0.412904
25.42 -0.4173
25.44 -0.416941
25.46 -0.411845
25.48 -0.402269
25.5 -0.388674
25.52 -0.371619
25.54 -0.351703
25.56 -0.329595
25.58 -0.306027
25.6 -0.281785
25.62 -0.257663
25.64 -0.234461
25.66 -0.212999
25.68 -0.194119
25.7 -0.178637
25.72 -0.167196
25.74 -0.160246
25.76 -0.158148
25.78 -0.161126
25.8 -0.169141
25.82 -0.181904
25.84 -0.198877
25.86 -0.219249
25.88 -0.242066
25.9 -0.266428
25.92 -0.291493
25.94 -0.316378
25.96 -0.340146
25.98 -0.361922
26 -0.381011
26.02 -0.396883
26.04 -0.409107
26.06 -0.417289
26.08 -0.421025
26.1 -0.420049
26.12 -0.414427
26.14 -0.404499
26.16 -0.390705
26.18 -0.373538
26.2 -0.353566
26.22 -0.33147
26.24 -0.308061
26.26 -0.284227
26.28 -0.260828
26.3 -0.238713
26.32 -0.21871
26.34 -0.201548
26.36 -0.187869
26.38 -0.178243
26.4 -0.173087
26.42 -0.172625
26.44 -0.176905
26.46 -0.18575
26.48 -0.198678
26.5 -0.21495
26.52 -0.233801
26.54 -0.254521
26.56 -0.276343
26.58 -0.298323
26.6 -0.319364
26.62 -0.338426
26.64 -0.354728
26.66 -0.367763
26.68 -0.37719
26.7 -0.382733
26.72 -0.384234
26.74 -0.381728
26.76 -0.375417
26.78 -0.36568
26.8 -0.353018
26.82 -0.337991
26.84 -0.321264
26.86 -0.303581
26.88 -0.285704
26.9 -0.268397
26.92 -0.252321
26.94 -0.237959
26.96 -0.225667
26.98 -0.215796
27 -0.208753
27.02 -0.204858
27.04 -0.204193
27.06 -0.206687
27.08 -0.21226
27.1 -0.22079
27.12 -0.231987
27.14 -0.245349
27.16 -0.260249
27.18 -0.276068
27.2 -0.292244
27.22 -0.308223
27.24 -0.323417
27.26 -0.337225
27.28 -0.349081
27.3 -0.358491
27.32 -0.365064
27.34 -0.368486
27.36 -0.368512
27.38 -0.365026
27.4 -0.35811
27.42 -0.348066
27.44 -0.335297
27.46 -0.320252
27.48 -0.303534
27.5 -0.285914
27.52 -0.268262
27.54 -0.251508
27.56 -0.236522
27.58 -0.224034
27.6 -0.214612
27.62 -0.208671
27.64 -0.206501
27.66 -0.208233
27.68 -0.213764
27.7 -0.222771
27.72 -0.234712
27.74 -0.248822
27.76 -0.264188
27.78 -0.2799
27.8 -0.295154
27.82 -0.309264
27.84 -0.321642
27.86 -0.331833
27.88 -0.339572
27.9 -0.344747
27.92 -0.347325
27.94 -0.347336
27.96 -0.34484
27.98 -0.339932
28 -0.33283
28.02 -0.323852
28.04 -0.31336
28.06 -0.301817
28.08 -0.289766
28.1 -0.27778
28.12 -0.266363
28.14 -0.255885
28.16 -0.246714
28.18 -0.239241
28.2 -0.233699
28.22 -0.230146
28.24 -0.228562
28.26 -0.228828
28.28 -0.230723
28.3 -0.234001
28.32 -0.238424
28.34 -0.243796
28.36 -0.250266
28.38 -0.258357
28.4 -0.268337
28.42 -0.279798
28.44 -0.291928
28.46 -0.30408
28.48 -0.315864
28.5 -0.326837
28.52 -0.336412
28.54 -0.343941
28.56 -0.348829
28.58 -0.350714
28.6 -0.3496
28.62 -0.345812
28.64 -0.33972
28.66 -0.33147
28.68 -0.321115
28.7 -0.308888
28.72 -0.295277
28.74 -0.281024
28.76 -0.267067
28.78 -0.254234
28.8 -0.242939
28.82 -0.233371
28.84 -0.225867
28.86 -0.220824
28.88 -0.21841
28.9 -0.218572
28.92 -0.22113
28.94 -0.225782
28.96 -0.232207
28.98 -0.240201
29 -0.249689
29.02 -0.260535
29.04 -0.272271
29.06 -0.284173
29.08 -0.295629
29.1 -0.306291
29.12 -0.315958
29.14 -0.324448
29.16 -0.331575
29.18 -0.337143
29.2 -0.340964
29.22 -0.342863
29.24 -0.342762
29.26 -0.340725
29.28 -0.336835
29.3 -0.331124
29.32 -0.323732
29.34 -0.314998
29.36 -0.305322
29.38 -0.295014
29.4 -0.284306
29.42 -0.2735
29.44 -0.263023
29.46 -0.253346
29.48 -0.244874
29.5 -0.23794
29.52 -0.23282
29.54 -0.229778
29.56 -0.229123
29.58 -0.231128
29.6 -0.23579
29.62 -0.242807
29.64 -0.251802
29.66 -0.262453
29.68 -0.274382
29.7 -0.287121
29.72 -0.300154
29.74 -0.312933
29.76 -0.324897
29.78 -0.335473
29.8 -0.34413
29.82 -0.350454
29.84 -0.354101
29.86 -0.354807
29.88 -0.352464
29.9 -0.347126
29.92 -0.338946
29.94 -0.328166
29.96 -0.315207
29.98 -0.300701
30 -0.285459
30.02 -0.270369
30.04 -0.256249
30.06 -0.243774
30.08 -0.233512
30.1 -0.225915
30.12 -0.221209
30.14 -0.219381
30.16 -0.220266
30.18 -0.223631
30.2 -0.229207
30.22 -0.236718
30.24 -0.245879
30.26 -0.256299
30.28 -0.267464
30.3 -0.278804
30.32 -0.289759
30.34 -0.299875
30.36 -0.308839
30.38 -0.316406
30.4 -0.322397
30.42 -0.326721
30.44 -0.32941
30.46 -0.330631
30.48 -0.330564
30.5 -0.329274
30.52 -0.32669
30.54 -0.322731
30.56 -0.317434
30.58 -0.31094
30.6 -0.303423
30.62 -0.295065
30.64 -0.286044
30.66 -0.276568
30.68 -0.266932
30.7 -0.257498
30.72 -0.248645
30.74 -0.240834
30.76 -0.23457
30.78 -0.230219
30.8 -0.227994
30.82 -0.228045
30.84 -0.230402
30.86 -0.234952
30.88 -0.241473
30.9 -0.249595
30.92 -0.258796
30.94 -0.26856
30.96 -0.278489
30.98 -0.288264
31 -0.297605
31.02 -0.306288
31.04 -0.314086
31.06 -0.320745
31.08 -0.326077
31.1 -0.329976
31.12 -0.332297
31.14 -0.332814
31.16 -0.331335
31.18 -0.327817
31.2 -0.322376
31.22 -0.315247
31.24 -0.306727
31.26 -0.297125
31.28 -0.286796
31.3 -0.276185
31.32 -0.265765
31.34 -0.255955
31.36 -0.247113
31.38 -0.239584
31.4 -0.233672
31.42 -0.229563
31.44 -0.227376
31.46 -0.227236
31.48 -0.229201
31.5 -0.233257
31.52 -0.239365
31.54 -0.247405
31.56 -0.257106
31.58 -0.268097
31.6 -0.279944
31.62 -0.29215
31.64 -0.304215
31.66 -0.315699
31.68 -0.326205
31.7 -0.335363
31.72 -0.342841
31.74 -0.348338
31.76 -0.35159
31.78 -0.352418
31.8 -0.350745
31.82 -0.346612
31.84 -0.340186
31.86 -0.331678
31.88 -0.321308
31.9 -0.309388
31.92 -0.296366
31.94 -0.282772
31.96 -0.269129
31.98 -0.255923
32 -0.243642
32.02 -0.232805
32.04 -0.223935
32.06 -0.217493
32.08 -0.213827
32.1 -0.213138
32.12 -0.215491
32.14 -0.220849
32.16 -0.22905
32.18 -0.239754
32.2 -0.252485
32.22 -0.266701
32.24 -0.281829
32.26 -0.297265
32.28 -0.312388
32.3 -0.326585
32.32 -0.339311
32.34 -0.350116
32.36 -0.35862
32.38 -0.364506
32.4 -0.367565
32.42 -0.367691
32.44 -0.364866
32.46 -0.359174
32.48 -0.350793
32.5 -0.34002
32.52 -0.327313
32.54 -0.313211
32.56 -0.298228
32.58 -0.28288
32.6 -0.267741
32.62 -0.253387
32.64 -0.24031
32.66 -0.228909
32.68 -0.21953
32.7 -0.212486
32.72 -0.208061
32.74 -0.206491
32.76 -0.207968
32.78 -0.212599
32.8 -0.220296
32.82 -0.230759
32.84 -0.243514
32.86 -0.257931
32.88 -0.273272
32.9 -0.288731
32.92 -0.303524
32.94 -0.317
32.96 -0.328657
32.98 -0.338106
33 -0.34507
33.02 -0.349406
33.04 -0.351056
33.06 -0.350019
33.08 -0.346358
33.1 -0.340251
33.12 -0.332
33.14 -0.321984
33.16 -0.310603
33.18 -0.298293
33.2 -0.28553
33.22 -0.272768
33.24 -0.260457
33.26 -0.249071
33.28 -0.239087
33.3 -0.230981
33.32 -0.225146
33.34 -0.221774
33.36 -0.220848
33.38 -0.222281
33.4 -0.226002
33.42 -0.231931
33.44 -0.239872
33.46 -0.249479
33.48 -0.26035
33.5 -0.272101
33.52 -0.284327
33.54 -0.296592
33.56 -0.308431
33.58 -0.319314
33.6 -0.328701
33.62 -0.33617
33.64 -0.341454
33.66 -0.344424
33.68 -0.34508
33.7 -0.343502
33.72 -0.339783
33.74 -0.334066
33.76 -0.326583
33.78 -0.317583
33.8 -0.307275
33.82 -0.295909
33.84 -0.283849
33.86 -0.271526
33.88 -0.259389
33.9 -0.247889
33.92 -0.237453
33.94 -0.228478
33.96 -0.221328
33.98 -0.216281
34 -0.213512
34.02 -0.213146
34.04 -0.215264
34.06 -0.219843
34.08 -0.226774
34.1 -0.235893
34.12 -0.246912
34.14 -0.259413
34.16 -0.272928
34.18 -0.286943
34.2 -0.300883
34.22 -0.314157
34.24 -0.326226
34.26 -0.336635
34.28 -0.344997
34.3 -0.350956
34.32 -0.354231
34.34 -0.354681
34.36 -0.352294
34.38 -0.347091
34.4 -0.339139
34.42 -0.328647
34.44 -0.315978
34.46 -0.301617
34.48 -0.286162
34.5 -0.270317
34.52 -0.254855
34.54 -0.240544
34.56 -0.228075
34.58 -0.218001
34.6 -0.210686
34.62 -0.206308
34.64 -0.204936
34.66 -0.206592
34.68 -0.211244
34.7 -0.218759
34.72 -0.228897
34.74 -0.241312
34.76 -0.255567
34.78 -0.271112
34.8 -0.287274
34.82 -0.303333
34.84 -0.318567
34.86 -0.332267
34.88 -0.343819
34.9 -0.352764
34.92 -0.358729
34.94 -0.361412
34.96 -0.360639
34.98 -0.356394
35 -0.348864
35.02 -0.338444
35.04 -0.32565
35.06 -0.311075
35.08 -0.295412
35.1 -0.279416
35.12 -0.263824
35.14 -0.249347
35.16 -0.236674
35.18 -0.226381
35.2 -0.21886
35.22 -0.214304
35.24 -0.21275
35.26 -0.214142
35.28 -0.218368
35.3 -0.225239
35.32 -0.234429
35.34 -0.245515
35.36 -0.258061
35.38 -0.271582
35.4 -0.285488
35.42 -0.299134
35.44 -0.311886
35.46 -0.323189
35.48 -0.332619
35.5 -0.339854
35.52 -0.344697
35.54 -0.347084
35.56 -0.347021
35.58 -0.344595
35.6 -0.340026
35.62 -0.333628
35.64 -0.325705
35.66 -0.316534
35.68 -0.306415
35.7 -0.295711
35.72 -0.284807
35.74 -0.274084
35.76 -0.263978
35.78 -0.25489
35.8 -0.247018
35.82 -0.240482
35.84 -0.235542
35.86 -0.232494
35.88 -0.231495
35.9 -0.232641
35.92 -0.235983
35.94 -0.241341
35.96 -0.248232
35.98 -0.256145
36 -0.264818
36.02 -0.274085
36.04 -0.283621
36.06 -0.293021
36.08 -0.301889
36.1 -0.309749
36.12 -0.316121
36.14 -0.320761
36.16 -0.323728
36.18 -0.32503
36.2 -0.324459
36.22 -0.321877
36.24 -0.317383
36.26 -0.311265
36.28 -0.304015
36.3 -0.296223
36.32 -0.288404
36.34 -0.280983
36.36 -0.274256
36.38 -0.268376
36.4 -0.263427
36.42 -0.259416
36.44 -0.256291
36.46 -0.254133
36.48 -0.253134
36.5 -0.253205
36.52 -0.253903
36.54 -0.254846
36.56 -0.255972
36.58 -0.257365
36.6 -0.259056
36.62 -0.261072
36.64 -0.263565
36.66 -0.266682
36.68 -0.270389
36.7 -0.274728
36.72 -0.279934
36.74 -0.285991
36.76 -0.292327
36.78 -0.298243
36.8 -0.303528
36.82 -0.308317
36.84 -0.312524
36.86 -0.315833
36.88 -0.318067
36.9 -0.319315
36.92 -0.319744
36.94 -0.319427
36.96 -0.318277
36.98 -0.31589
37 -0.311815
37.02 -0.306089
37.04 -0.299027
37.06 -0.290714
37.08 -0.281176
37.1 -0.270813
37.12 -0.2603
37.14 -0.250314
37.16 -0.241512
37.18 -0.2345
37.2 -0.229749
37.22 -0.227693
37.24 -0.228862
37.26 -0.233525
37.28 -0.241195
37.3 -0.250969
37.32 -0.262174
37.34 -0.274443
37.36 -0.287458
37.38 -0.300798
37.4 -0.313917
37.42 -0.326162
37.44 -0.33684
37.46 -0.345337
37.48 -0.351136
37.5 -0.353825
37.52 -0.353221
37.54 -0.349372
37.56 -0.342365
37.58 -0.332243
37.6 -0.319256
37.62 -0.304042
37.64 -0.28754
37.66 -0.270816
37.68 -0.254763
37.7 -0.239908
37.72 -0.226683
37.74 -0.215658
37.76 -0.207383
37.78 -0.202188
37.8 -0.200211
37.82 -0.201625
37.84 -0.20674
37.86 -0.215706
37.88 -0.22824
37.9 -0.243733
37.92 -0.261342
37.94 -0.280037
37.96 -0.298851
37.98 -0.317013
38 -0.333791
38.02 -0.348433
38.04 -0.360296
38.06 -0.368903
38.08 -0.37394
38.1 -0.375257
38.12 -0.372817
38.14 -0.366735
38.16 -0.357295
38.18 -0.344829
38.2 -0.329704
38.22 -0.312353
38.24 -0.293355
38.26 -0.273558
38.28 -0.254033
38.3 -0.235887
38.32 -0.220059
38.34 -0.207185
38.36 -0.197649
38.38 -0.191746
38.4 -0.189669
38.42 -0.191384
38.44 -0.196611
38.46 -0.204896
38.48 -0.215778
38.5 -0.228887
38.52 -0.243889
38.54 -0.260371
38.56 -0.277801
38.58 -0.295567
38.6 -0.313076
38.62 -0.329755
38.64 -0.345
38.66 -0.358179
38.68 -0.368689
38.7 -0.376028
38.72 -0.379845
38.74 -0.379903
38.76 -0.376057
38.78 -0.368324
38.8 -0.356944
38.82 -0.342388
38.84 -0.325343
38.86 -0.306679
38.88 -0.287337
38.9 -0.268211
38.92 -0.250113
38.94 -0.233804
38.96 -0.219917
38.98 -0.20887
39 -0.200868
39.02 -0.195968
39.04 -0.194128
39.06 -0.195209
39.08 -0.198977
39.1 -0.205122
39.12 -0.213354
39.14 -0.223508
39.16 -0.235511
39.18 -0.249219
39.2 -0.264285
39.22 -0.280181
39.24 -0.296284
39.26 -0.311953
39.28 -0.326541
39.3 -0.33943
39.32 -0.350094
39.34 -0.358126
39.36 -0.363256
39.38 -0.365373
39.4 -0.364472
39.42 -0.360576
39.44 -0.353783
39.46 -0.344343
39.48 -0.332647
39.5 -0.319128
39.52 -0.30423
39.54 -0.288432
39.56 -0.272305
39.58 -0.256498
39.6 -0.241645
39.62 -0.228247
39.64 -0.216657
39.66 -0.207175
39.68 -0.200093
39.7 -0.195673
39.72 -0.194112
39.74 -0.195571
39.76 -0.200171
39.78 -0.207889
39.8 -0.218532
39.82 -0.231761
39.84 -0.247085
39.86 -0.263892
39.88 -0.281514
39.9 -0.299259
39.92 -0.316416
39.94 -0.332253
39.96 -0.346062
39.98 -0.357268
40 -0.365472
40.02 -0.370401
40.04 -0.371876
40.06 -0.369833
40.08 -0.364371
40.1 -0.35573
40.12 -0.344208
40.14 -0.330176
40.16 -0.314169
40.18 -0.296826
40.2 -0.278843
40.22 -0.260994
40.24 -0.244074
40.26 -0.22882
40.28 -0.2159
40.3 -0.205867
40.32 -0.199114
40.34 -0.19588
40.36 -0.196254
40.38 -0.200184
40.4 -0.207455
40.42 -0.217643
40.44 -0.230165
40.46 -0.244364
40.48 -0.259564
40.5 -0.275112
40.52 -0.2904
40.54 -0.304905
40.56 -0.318218
40.58 -0.329939
40.6 -0.339601
40.62 -0.346806
40.64 -0.351344
40.66 -0.353222
40.68 -0.352596
40.7 -0.349629
40.72 -0.344468
40.74 -0.337316
40.76 -0.328486
40.78 -0.318391
40.8 -0.307459
40.82 -0.296013
40.84 -0.284275
40.86 -0.27247
40.88 -0.260901
40.9 -0.249998
40.92 -0.240252
40.94 -0.23205
40.96 -0.225651
40.98 -0.22125
41 -0.21897
41.02 -0.21887
41.04 -0.221001
41.06 -0.225354
41.08 -0.231799
41.1 -0.240116
41.12 -0.249986
41.14 -0.261029
41.16 -0.272859
41.18 -0.285095
41.2 -0.297366
41.22 -0.309289
41.24 -0.320449
41.26 -0.330404
41.28 -0.33874
41.3 -0.345133
41.32 -0.34931
41.34 -0.35104
41.36 -0.350181
41.38 -0.346689
41.4 -0.340625
41.42 -0.332158
41.44 -0.321525
41.46 -0.309031
41.48 -0.295083
41.5 -0.28021
41.52 -0.265025
41.54 -0.250153
41.56 -0.23618
41.58 -0.223662
41.6 -0.213153
41.62 -0.205173
41.64 -0.200137
41.66 -0.198309
41.68 -0.199796
41.7 -0.204567
41.72 -0.212488
41.74 -0.223354
41.76 -0.236846
41.78 -0.252483
41.8 -0.269644
41.82 -0.287602
41.84 -0.30552
41.86 -0.322516
41.88 -0.337769
41.9 -0.350578
41.92 -0.36036
41.94 -0.366656
41.96 -0.369161
41.98 -0.367744
42 -0.362479
42.02 -0.353656
42.04 -0.341757
42.06 -0.327409
42.08 -0.311324
42.1 -0.294221
42.12 -0.276782
42.14 -0.259655
42.16 -0.243463
42.18 -0.228815
42.2 -0.216293
42.22 -0.206407
42.24 -0.199551
42.26 -0.196016
42.28 -0.195982
42.3 -0.199522
42.32 -0.20657
42.34 -0.216886
42.36 -0.230012
42.38 -0.245328
42.4 -0.262134
42.42 -0.279654
42.44 -0.297087
42.46 -0.313683
42.48 -0.328764
42.5 -0.34174
42.52 -0.352112
42.54 -0.359463
42.56 -0.363487
42.58 -0.36402
42.6 -0.36105
42.62 -0.354707
42.64 -0.345251
42.66 -0.33309
42.68 -0.318756
42.7 -0.302851
42.72 -0.286021
42.74 -0.26894
42.76 -0.252324
42.78 -0.236906
42.8 -0.223325
42.82 -0.212098
42.84 -0.203675
42.86 -0.198452
42.88 -0.196702
42.9 -0.198541
42.92 -0.203904
42.94 -0.212554
42.96 -0.224138
42.98 -0.238212
43 -0.254199
43.02 -0.271376
43.04 -0.288932
43.06 -0.306062
43.08 -0.322035
43.1 -0.336202
43.12 -0.347981
43.14 -0.356876
43.16 -0.362512
43.18 -0.364654
43.2 -0.363231
43.22 -0.358351
43.24 -0.350274
43.26 -0.339402
43.28 -0.326262
43.3 -0.311476
43.32 -0.295734
43.34 -0.27976
43.36 -0.264262
43.38 -0.249897
43.4 -0.237239
43.42 -0.226727
43.44 -0.218651
43.46 -0.213187
43.48 -0.210421
43.5 -0.210348
43.52 -0.212878
43.54 -0.217856
43.56 -0.225071
43.58 -0.234261
43.6 -0.24512
43.62 -0.257284
43.64 -0.270322
43.66 -0.283736
43.68 -0.297001
43.7 -0.309616
43.72 -0.321119
43.74 -0.331071
43.76 -0.33908
43.78 -0.344841
43.8 -0.348104
43.82 -0.348695
43.84 -0.346557
43.86 -0.341782
43.88 -0.334611
43.9 -0.325388
43.92 -0.314509
43.94 -0.302427
43.96 -0.289664
43.98 -0.276767
44 -0.264253
44.02 -0.25259
44.04 -0.242199
44.06 -0.233437
44.08 -0.226614
44.1 -0.221992
44.12 -0.219751
44.14 -0.219969
44.16 -0.222633
44.18 -0.227651
44.2 -0.234862
44.22 -0.244021
44.24 -0.254794
44.26 -0.266765
44.28 -0.279471
44.3 -0.292422
44.32 -0.305094
44.34 -0.316933
44.36 -0.327407
44.38 -0.336062
44.4 -0.342507
44.42 -0.346412
44.44 -0.347549
44.46 -0.345801
44.48 -0.341192
44.5 -0.33394
44.52 -0.324424
44.54 -0.313121
44.56 -0.300572
44.58 -0.287357
44.6 -0.274073
44.62 -0.261297
44.64 -0.249553
44.66 -0.239285
44.68 -0.230867
44.7 -0.224606
44.72 -0.220712
44.74 -0.219286
44.76 -0.22034
44.78 -0.223791
44.8 -0.229485
44.82 -0.237203
44.84 -0.246638
44.86 -0.257379
44.88 -0.268946
44.9 -0.280848
44.92 -0.292612
44.94 -0.303787
44.96 -0.313943
44.98 -0.322698
45 -0.329741
45.02 -0.334833
45.04 -0.337791
45.06 -0.33848
45.08 -0.336842
45.1 -0.332933
45.12 -0.326918
45.14 -0.319039
45.16 -0.309621
45.18 -0.299064
45.2 -0.287822
45.22 -0.276353
45.24 -0.265074
45.26 -0.254354
45.28 -0.244537
45.3 -0.235974
45.32 -0.228998
45.34 -0.223884
45.36 -0.220864
45.38 -0.220141
45.4 -0.221833
45.42 -0.225927
45.44 -0.232237
45.46 -0.240482
45.48 -0.250347
45.5 -0.261458
45.52 -0.273373
45.54 -0.285612
45.56 -0.297695
45.58 -0.309148
45.6 -0.319508
45.62 -0.328345
45.64 -0.335289
45.66 -0.340081
45.68 -0.342571
45.7 -0.342674
45.72 -0.340368
45.74 -0.335726
45.76 -0.328948
45.78 -0.320344
45.8 -0.310259
45.82 -0.299047
45.84 -0.287104
45.86 -0.274873
45.88 -0.262808
45.9 -0.251349
45.92 -0.240909
45.94 -0.231852
45.96 -0.224512
45.98 -0.219221
46 -0.216293
46.02 -0.215919
46.04 -0.21813
46.06 -0.222836
46.08 -0.229857
46.1 -0.238958
46.12 -0.249835
46.14 -0.262078
46.16 -0.275213
46.18 -0.288699
46.2 -0.301916
46.22 -0.314249
46.24 -0.325194
46.26 -0.334324
46.28 -0.341239
46.3 -0.345636
46.32 -0.347353
46.34 -0.346316
46.36 -0.342563
46.38 -0.336249
46.4 -0.327628
46.42 -0.31706
46.44 -0.304994
46.46 -0.291916
46.48 -0.278364
46.5 -0.264918
46.52 -0.252148
46.54 -0.24058
46.56 -0.230681
46.58 -0.222833
46.6 -0.217339
46.62 -0.214415
46.64 -0.214173
46.66 -0.216624
46.68 -0.221678
46.7 -0.229151
46.72 -0.238753
46.74 -0.250076
46.76 -0.262634
46.78 -0.275889
46.8 -0.289262
46.82 -0.302171
46.84 -0.314058
46.86 -0.324461
46.88 -0.333046
46.9 -0.339537
46.92 -0.343708
46.94 -0.34538
46.96 -0.344436
46.98 -0.340883
47 -0.334879
47.02 -0.326698
47.04 -0.316687
47.06 -0.305243
47.08 -0.292857
47.1 -0.280089
47.12 -0.267445
47.14 -0.255384
47.16 -0.244392
47.18 -0.234954
47.2 -0.227476
47.22 -0.222238
47.24 -0.219399
47.26 -0.219034
47.28 -0.221123
47.3 -0.225518
47.32 -0.231952
47.34 -0.240066
47.36 -0.249435
47.38 -0.25963
47.4 -0.270278
47.42 -0.281088
47.44 -0.291809
47.46 -0.302134
47.48 -0.311641
47.5 -0.319896
47.52 -0.326565
47.54 -0.331388
47.56 -0.334121
47.58 -0.334607
47.6 -0.33284
47.62 -0.328939
47.64 -0.323109
47.66 -0.315643
47.68 -0.306902
47.7 -0.297274
47.72 -0.287142
47.74 -0.27687
47.76 -0.266801
47.78 -0.257284
47.8 -0.248677
47.82 -0.241316
47.84 -0.235506
47.86 -0.231514
47.88 -0.229545
47.9 -0.229715
47.92 -0.232021
47.94 -0.236351
47.96 -0.242532
47.98 -0.25032
48 -0.259372
48.02 -0.269264
48.04 -0.27954
48.06 -0.289763
48.08 -0.299569
48.1 -0.30864
48.12 -0.316635
48.14 -0.323161
48.16 -0.327907
48.18 -0.330726
48.2 -0.33156
48.22 -0.330398
48.24 -0.32729
48.26 -0.322343
48.28 -0.315731
48.3 -0.307697
48.32 -0.298498
48.34 -0.28844
48.36 -0.27792
48.38 -0.26738
48.4 -0.257252
48.42 -0.247941
48.44 -0.239819
48.46 -0.233215
48.48 -0.228412
48.5 -0.225652
48.52 -0.225101
48.54 -0.226831
48.56 -0.230835
48.58 -0.236993
48.6 -0.245055
48.62 -0.254685
48.64 -0.26549
48.66 -0.277017
48.68 -0.288729
48.7 -0.300059
48.72 -0.310498
48.74 -0.31962
48.76 -0.327055
48.78 -0.332487
48.8 -0.335692
48.82 -0.336562
48.84 -0.335075
48.86 -0.331296
48.88 -0.32538
48.9 -0.317575
48.92 -0.308209
48.94 -0.297674
48.96 -0.286407
48.98 -0.27487
49 -0.263535
49.02 -0.252862
49.04 -0.243282
49.06 -0.23517
49.08 -0.228842
49.1 -0.224549
49.12 -0.22244
49.14 -0.222553
49.16 -0.224841
49.18 -0.229207
49.2 -0.235509
49.22 -0.243523
49.24 -0.252928
49.26 -0.263372
49.28 -0.274494
49.3 -0.285879
49.32 -0.297078
49.34 -0.307633
49.36 -0.317102
49.38 -0.325098
49.4 -0.331304
49.42 -0.335455
49.44 -0.337361
49.46 -0.336936
49.48 -0.334188
49.5 -0.329237
49.52 -0.322309
49.54 -0.313727
49.56 -0.303862
49.58 -0.293113
49.6 -0.281938
49.62 -0.270849
49.64 -0.260365
49.66 -0.25098
49.68 -0.24311
49.7 -0.237075
49.72 -0.233098
49.74 -0.231295
49.76 -0.231663
49.78 -0.234104
49.8 -0.238451
49.82 -0.244514
49.84 -0.252054
49.86 -0.26074
49.88 -0.270154
49.9 -0.279863
49.92 -0.28946
49.94 -0.298572
49.96 -0.306863
49.98 -0.314041
50 -0.319858
50.02 -0.324115
50.04 -0.326668
50.06 -0.327403
50.08 -0.326242
50.1 -0.323206
50.12 -0.318437
50.14 -0.312165
50.16 -0.304678
50.18 -0.296285
50.2 -0.287303
50.22 -0.278089
50.24 -0.269044
50.26 -0.260545
50.28 -0.252915
50.3 -0.246436
50.32 -0.241341
50.34 -0.237791
50.36 -0.2359
50.38 -0.235749
50.4 -0.237341
50.42 -0.2406
50.44 -0.245372
50.46 -0.251439
50.48 -0.25855
50.5 -0.266447
50.52 -0.274851
50.54 -0.283437
50.56 -0.291838
50.58 -0.299682
50.6 -0.306628
50.62 -0.312376
50.64 -0.316693
50.66 -0.319431
50.68 -0.320501
50.7 -0.319863
50.72 -0.317541
50.74 -0.313637
50.76 -0.308329
50.78 -0.301858
50.8 -0.2945
50.82 -0.286575
50.84 -0.278457
50.86 -0.270533
50.88 -0.263147
50.9 -0.256606
50.92 -0.251181
50.94 -0.247081
50.96 -0.244471
50.98 -0.243475
51 -0.244141
51.02 -0.246423
51.04 -0.250203
51.06 -0.255306
51.08 -0.261497
51.1 -0.2685
51.12 -0.276017
51.14 -0.283733
51.16 -0.291348
51.18 -0.298575
51.2 -0.305117
51.22 -0.310686
51.24 -0.315041
51.26 -0.317979
51.28 -0.319324
51.3 -0.318948
51.32 -0.316782
51.34 -0.312893
51.36 -0.307584
51.38 -0.301337
51.4 -0.294636
51.42 -0.28781
51.44 -0.280961
51.46 -0.274065
51.48 -0.267205
51.5 -0.260656
51.52 -0.25472
51.54 -0.249628
51.56 -0.245597
51.58 -0.242831
51.6 -0.241513
51.62 -0.241788
51.64 -0.243663
51.66 -0.246987
51.68 -0.251519
51.7 -0.257007
51.72 -0.263217
51.74 -0.26992
51.76 -0.276889
51.78 -0.283897
51.8 -0.290746
51.82 -0.297259
51.84 -0.303225
51.86 -0.308364
51.88 -0.312404
51.9 -0.315145
51.92 -0.316463
51.94 -0.316287
51.96 -0.314591
51.98 -0.311399
52 -0.306811
52.02 -0.301008
52.04 -0.294265
52.06 -0.286918
52.08 -0.279324
52.1 -0.271816
52.12 -0.26469
52.14 -0.258239
52.16 -0.25275
52.18 -0.248429
52.2 -0.24539
52.22 -0.243668
52.24 -0.24327
52.26 -0.244191
52.28 -0.246408
52.3 -0.249863
52.32 -0.254445
52.34 -0.260004
52.36 -0.266368
52.38 -0.273318
52.4 -0.280589
52.42 -0.287892
52.44 -0.294927
52.46 -0.301372
52.48 -0.306908
52.5 -0.311278
52.52 -0.31431
52.54 -0.315915
52.56 -0.316072
52.58 -0.314816
52.6 -0.312244
52.62 -0.308482
52.64 -0.303693
52.66 -0.298074
52.68 -0.29185
52.7 -0.285252
52.72 -0.278509
52.74 -0.271867
52.76 -0.265607
52.78 -0.260001
52.8 -0.25529
52.82 -0.251672
52.84 -0.24929
52.86 -0.248239
52.88 -0.24857
52.9 -0.250273
52.92 -0.253243
52.94 -0.257322
52.96 -0.262344
52.98 -0.268117
53 -0.274398
53.02 -0.280902
53.04 -0.287336
53.06 -0.293418
53.08 -0.298883
53.1 -0.303484
53.12 -0.30701
53.14 -0.309309
53.16 -0.310291
53.18 -0.309904
53.2 -0.30817
53.22 -0.305191
53.24 -0.301116
53.26 -0.29614
53.28 -0.290493
53.3 -0.284439
53.32 -0.27826
53.34 -0.272245
53.36 -0.266662
53.38 -0.261731
53.4 -0.25764
53.42 -0.254543
53.44 -0.252544
53.46 -0.251702
53.48 -0.252053
53.5 -0.25358
53.52 -0.256208
53.54 -0.259806
53.56 -0.264208
53.58 -0.269232
53.6 -0.274679
53.62 -0.280352
53.64 -0.28605
53.66 -0.291559
53.68 -0.296657
53.7 -0.30114
53.72 -0.304809
53.74 -0.30748
53.76 -0.309011
53.78 -0.309314
53.8 -0.308354
53.82 -0.306168
53.84 -0.302847
53.86 -0.298514
53.88 -0.293349
53.9 -0.287599
53.92 -0.281523
53.94 -0.275369
53.96 -0.269381
53.98 -0.2638
54 -0.258856
54.02 -0.254759
54.04 -0.251677
54.06 -0.249722
54.08 -0.248954
54.1 -0.249391
54.12 -0.251003
54.14 -0.253714
54.16 -0.257423
54.18 -0.261999
54.2 -0.267278
54.22 -0.2731
54.24 -0.279282
54.26 -0.285594
54.28 -0.29179
54.3 -0.297612
54.32 -0.302801
54.34 -0.307131
54.36 -0.310426
54.38 -0.312554
54.4 -0.313434
54.42 -0.313022
54.44 -0.311305
54.46 -0.308307
54.48 -0.304111
54.5 -0.298866
54.52 -0.292772
54.54 -0.28607
54.56 -0.279038
54.58 -0.271985
54.6 -0.265222
54.62 -0.259025
54.64 -0.253635
54.66 -0.249269
54.68 -0.246127
54.7 -0.244385
54.72 -0.244157
54.74 -0.245478
54.76 -0.24832
54.78 -0.252586
54.8 -0.258107
54.82 -0.264657
54.84 -0.271947
54.86 -0.279627
54.88 -0.287325
54.9 -0.294668
54.92 -0.301314
54.94 -0.306975
54.96 -0.311408
54.98 -0.314412
55 -0.315872
55.02 -0.315761
55.04 -0.314119
55.06 -0.311037
55.08 -0.306665
55.1 -0.301199
55.12 -0.294863
55.14 -0.287915
55.16 -0.280648
55.18 -0.273361
55.2 -0.266338
55.22 -0.25984
55.24 -0.254102
55.26 -0.249333
55.28 -0.24572
55.3 -0.243413
55.32 -0.242515
55.34 -0.243056
55.36 -0.24502
55.38 -0.248367
55.4 -0.252988
55.42 -0.258704
55.44 -0.265289
55.46 -0.272484
55.48 -0.279998
55.5 -0.287548
55.52 -0.294855
55.54 -0.301633
55.56 -0.307599
55.58 -0.31249
55.6 -0.316087
55.62 -0.318228
55.64 -0.318812
55.66 -0.317838
55.68 -0.31538
55.7 -0.311539
55.72 -0.306446
55.74 -0.300283
55.76 -0.293288
55.78 -0.285752
55.8 -0.277978
55.82 -0.270268
55.84 -0.262919
55.86 -0.256221
55.88 -0.250405
55.9 -0.245634
55.92 -0.242069
55.94 -0.239969
55.96 -0.239626
55.98 -0.241188
56 -0.244605
56.02 -0.249657
56.04 -0.256007
56.06 -0.263336
56.08 -0.271317
56.1 -0.279562
56.12 -0.287649
56.14 -0.295192
56.16 -0.301918
56.18 -0.307643
56.2 -0.312219
56.22 -0.315526
56.24 -0.317452
56.26 -0.317902
56.28 -0.316834
56.3 -0.314251
56.32 -0.310202
56.34 -0.304817
56.36 -0.298307
56.38 -0.29095
56.4 -0.283087
56.42 -0.275078
56.44 -0.26725
56.46 -0.259872
56.48 -0.253189
56.5 -0.247464
56.52 -0.242945
56.54 -0.239825
56.56 -0.238227
56.58 -0.238217
56.6 -0.23983
56.62 -0.243064
56.64 -0.247834
56.66 -0.253956
56.68 -0.261158
56.7 -0.269131
56.72 -0.277554
56.74 -0.28609
56.76 -0.29438
56.78 -0.302071
56.8 -0.308839
56.82 -0.314394
56.84 -0.318505
56.86 -0.321007
56.88 -0.321787
56.9 -0.320817
56.92 -0.31818
56.94 -0.314023
56.96 -0.308554
56.98 -0.302047
57 -0.294801
57.02 -0.287113
57.04 -0.279293
57.06 -0.271673
57.08 -0.264556
57.1 -0.258175
57.12 -0.252715
57.14 -0.248378
57.16 -0.24535
57.18 -0.24376
57.2 -0.243663
57.22 -0.245038
57.24 -0.247827
57.26 -0.25194
57.28 -0.257232
57.3 -0.263476
57.32 -0.270385
57.34 -0.27766
57.36 -0.285004
57.38 -0.292105
57.4 -0.298645
57.42 -0.304339
57.44 -0.308949
57.46 -0.312306
57.48 -0.31431
57.5 -0.314905
57.52 -0.314056
57.54 -0.311785
57.56 -0.308195
57.58 -0.303451
57.6 -0.297748
57.62 -0.291303
57.64 -0.284361
57.66 -0.277203
57.68 -0.270132
57.7 -0.263447
57.72 -0.257433
57.74 -0.252341
57.76 -0.248379
57.78 -0.245714
57.8 -0.24446
57.82 -0.244671
57.84 -0.246328
57.86 -0.24935
57.88 -0.253606
57.9 -0.258928
57.92 -0.265102
57.94 -0.27187
57.96 -0.278944
57.98 -0.286034
58 -0.292856
58.02 -0.299136
58.04 -0.304623
58.06 -0.3091
58.08 -0.31238
58.1 -0.314327
58.12 -0.314859
58.14 -0.313956
58.16 -0.311651
58.18 -0.308038
58.2 -0.303263
58.22 -0.297519
58.24 -0.291041
58.26 -0.284096
58.28 -0.276968
58.3 -0.269951
58.32 -0.26333
58.34 -0.257374
58.36 -0.252322
58.38 -0.24838
58.4 -0.245702
58.42 -0.244395
58.44 -0.244511
58.46 -0.246045
58.48 -0.248933
58.5 -0.253059
58.52 -0.258253
58.54 -0.264302
58.56 -0.270956
58.58 -0.277945
58.6 -0.284981
58.62 -0.291778
58.64 -0.298057
58.66 -0.303565
58.68 -0.308077
58.7 -0.311412
58.72 -0.313436
58.74 -0.314066
58.76 -0.313278
58.78 -0.311105
58.8 -0.307635
58.82 -0.303011
58.84 -0.297424
58.86 -0.291103
58.88 -0.284306
58.9 -0.277313
58.92 -0.270408
58.94 -0.263874
58.96 -0.257975
58.98 -0.252951
59 -0.249005
59.02 -0.246295
59.04 -0.244931
59.06 -0.244967
59.08 -0.246401
59.1 -0.249175
59.12 -0.253174
59.14 -0.258233
59.16 -0.264145
59.18 -0.270668
59.2 -0.277533
59.22 -0.284461
59.24 -0.291167
59.26 -0.297379
59.28 -0.302845
59.3 -0.307342
59.32 -0.310689
59.34 -0.312752
59.36 -0.313446
59.38 -0.312745
59.4 -0.310677
59.42 -0.307327
59.44 -0.302833
59.46 -0.297379
59.48 -0.29119
59.5 -0.284519
59.52 -0.277639
59.54 -0.270831
59.56 -0.264373
59.58 -0.258527
59.6 -0.253531
59.62 -0.249586
59.64 -0.246851
59.66 -0.245437
59.68 -0.2454
59.7 -0.24674
59.72 -0.249404
59.74 -0.253281
59.76 -0.258211
59.78 -0.263993
59.8 -0.270389
59.82 -0.277137
59.84 -0.28396
59.86 -0.290581
59.88 -0.296728
59.9 -0.302152
59.92 -0.306633
59.94 -0.30999
59.96 -0.312087
59.98 -0.312846
