0.02 4.53792e-05
0.04 0.000128566
0.06 0.000140762
0.08 6.4427e-05
0.1 1.84489e-05
0.12 6.89063e-05
0.14 0.000133212
0.16 0.000115207
0.18 5.19172e-05
0.2 4.87609e-05
0.22 0.000114488
0.24 0.000154519
0.26 0.000122561
0.28 8.86151e-05
0.3 0.000122839
0.32 0.000179088
0.34 0.000186266
0.36 0.000171194
0.38 0.000165154
0.4 8.67483e-05
0.42 -0.000109476
0.44 -9.99918e-05
0.46 0.00030429
0.48 0.000480751
0.5 1.76647e-05
0.52 -0.000454879
0.54 -0.000330877
0.56 -9.70275e-05
0.58 -0.000479637
0.6 -0.000883518
0.62 -0.000403131
0.64 0.000158392
0.66 -0.000196884
0.68 -0.00121542
0.7 -0.00178105
0.72 -0.000422007
0.74 0.0015306
0.76 0.00109573
0.78 -0.000589924
0.8 0.000157575
0.82 0.00327691
0.84 0.00509944
0.86 0.00347942
0.88 0.000348773
0.9 -0.000780564
0.92 0.000920753
0.94 0.0024135
0.96 0.000400981
0.98 -0.00341713
1 -0.00407282
1.02 -0.00047425
1.04 0.00263747
1.06 0.000637273
1.08 -0.00450242
1.1 -0.00673944
1.12 -0.00343674
1.14 0.00215487
1.16 0.00356128
1.18 -0.00205972
1.2 -0.00749995
1.22 -0.00427651
1.24 0.00343386
1.26 0.00461106
1.28 -0.00291046
1.3 -0.0106773
1.32 -0.00921277
1.34 0.00234456
1.36 0.0137695
1.38 0.0136585
1.4 0.0016801
1.42 -0.0102822
1.44 -0.0105888
1.46 -0.00210906
1.48 0.00167417
1.5 -0.00605222
1.52 -0.0186703
1.54 -0.0280335
1.56 -0.0344957
1.58 -0.0416077
1.6 -0.0494985
1.62 -0.056042
1.64 -0.0589581
1.66 -0.0564744
1.68 -0.0487768
1.7 -0.0375288
1.72 -0.0248781
1.74 -0.0139989
1.76 -0.00696963
1.78 -0.00344986
1.8 -0.0041188
1.82 -0.0110997
1.84 -0.0255226
1.86 -0.0458805
1.88 -0.0658996
1.9 -0.0790393
1.92 -0.0856139
1.94 -0.0895899
1.96 -0.091986
1.98 -0.0918309
2 -0.090525
2.02 -0.0919898
2.04 -0.099382
2.06 -0.112917
2.08 -0.131162
2.1 -0.15307
2.12 -0.176303
2.14 -0.195876
2.16 -0.206996
2.18 -0.205975
2.2 -0.189798
2.22 -0.159325
2.24 -0.119022
2.26 -0.0736711
2.28 -0.0304428
2.3 0.00207173
2.32 0.0156749
2.34 0.00684362
2.36 -0.0202951
2.38 -0.0580646
2.4 -0.101208
2.42 -0.150399
2.44 -0.203102
2.46 -0.249604
2.48 -0.282186
2.5 -0.296596
2.52 -0.288253
2.54 -0.255378
2.56 -0.20097
2.58 -0.12645
2.6 -0.0291629
