0.02 4.44106e-05
0.04 0.000125821
0.06 0.000137757
0.08 6.30503e-05
0.1 1.80545e-05
0.12 6.74349e-05
0.14 0.000130367
0.16 0.000112746
0.18 5.08077e-05
0.2 4.77196e-05
0.22 0.000112043
0.24 0.000151219
0.26 0.000119943
0.28 8.67228e-05
0.3 0.000120216
0.32 0.000175263
0.34 0.000182288
0.36 0.000167537
0.38 0.000161627
0.4 8.48946e-05
0.42 -0.000107142
0.44 -9.78603e-05
0.46 0.000297794
0.48 0.000470484
0.5 1.72824e-05
0.52 -0.000445169
0.54 -0.000323822
0.56 -9.49692e-05
0.58 -0.000469398
0.6 -0.00086463
0.62 -0.000394497
0.64 0.000155022
0.66 -0.000192646
0.68 -0.00118938
0.7 -0.00174284
0.72 -0.000412686
0.74 0.0014982
0.76 0.0010724
0.78 -0.000577371
0.8 0.00015429
0.82 0.00320238
0.84 0.00495505
0.86 0.00332705
0.88 0.000279211
0.9 -0.000746406
0.92 0.000961287
0.94 0.00236079
0.96 0.000308736
0.98 -0.00340153
1 -0.00392265
1.02 -0.000348584
1.04 0.00258651
1.06 0.000494104
1.08 -0.0044811
1.1 -0.00643734
1.12 -0.00307101
1.14 0.00221215
1.16 0.00326111
1.18 -0.00227146
1.2 -0.00722593
1.22 -0.00374084
1.24 0.0036079
1.26 0.00422062
1.28 -0.00330515
1.3 -0.0104508
1.32 -0.00848365
1.34 0.00273364
1.36 0.0131502
1.38 0.0122482
1.4 0.000443572
1.42 -0.0103294
1.44 -0.00944108
1.46 -0.000961676
1.48 0.00172073
1.5 -0.00685754
1.52 -0.0193221
1.54 -0.0278923
1.56 -0.0329203
1.58 -0.0373751
1.6 -0.0413435
1.62 -0.043207
1.64 -0.0411819
1.66 -0.0342934
1.68 -0.0237882
1.7 -0.0121842
1.72 -0.0022213
1.74 0.00228458
1.76 -0.000395098
1.78 -0.00758788
1.8 -0.017412
1.82 -0.0306134
1.84 -0.0468255
1.86 -0.06403
1.88 -0.0782173
1.9 -0.0848618
1.92 -0.0842201
1.94 -0.0807309
1.96 -0.0767303
1.98 -0.0717085
2 -0.0674466
2.02 -0.0684774
2.04 -0.0777603
2.06 -0.0950215
2.08 -0.118524
2.1 -0.146612
2.12 -0.17623
2.14 -0.201904
2.16 -0.218363
2.18 -0.221383
2.2 -0.207638
2.22 -0.177857
2.24 -0.136392
2.26 -0.0880873
2.28 -0.0403844
2.3 -0.0023861
2.32 0.0171026
2.34 0.014331
