0.02 1.86396e-07
0.04 5.28021e-07
0.06 5.77917e-07
0.08 2.64329e-07
0.1 7.56614e-08
0.12 2.82899e-07
0.14 5.46782e-07
0.16 4.72741e-07
0.18 2.12974e-07
0.2 2.00176e-07
0.22 4.70035e-07
0.24 6.34259e-07
0.26 5.03044e-07
0.28 3.6381e-07
0.3 5.04341e-07
0.32 7.35151e-07
0.34 7.645e-07
0.36 7.02669e-07
0.38 6.77993e-07
0.4 3.55889e-07
0.42 -4.50272e-07
0.44 -4.11243e-07
0.46 1.24969e-06
0.48 1.9735e-06
0.5 7.15302e-08
0.52 -1.86826e-06
0.54 -1.36056e-06
0.56 -4.01105e-07
0.58 -1.96988e-06
0.6 -3.6231e-06
0.62 -1.65006e-06
0.64 6.52544e-07
0.66 -8.01511e-07
0.68 -4.9731e-06
0.7 -7.27809e-06
0.72 -1.67332e-06
0.74 6.34039e-06
0.76 4.51705e-06
0.78 -2.42605e-06
0.8 6.61418e-07
0.82 1.33007e-05
0.84 1.87289e-05
0.86 9.07233e-06
0.88 -2.46096e-06
0.9 -1.56244e-06
0.92 7.32688e-06
0.94 8.23088e-06
0.96 -4.45862e-06
0.98 -1.60051e-05
1 -1.10124e-05
1.02 3.83437e-06
1.04 7.75639e-06
1.06 -5.81336e-06
1.08 -1.94774e-05
1.1 -1.58609e-05
1.12 -6.57632e-07
1.14 7.91119e-06
1.16 6.35532e-07
1.18 -1.48816e-05
1.2 -1.61657e-05
1.22 3.53196e-06
1.24 1.47794e-05
1.26 -2.01246e-06
1.28 -2.31307e-05
1.3 -2.04275e-05
1.32 2.35503e-06
1.34 2.03273e-05
1.36 1.46145e-05
1.38 -6.14269e-06
1.4 -1.38832e-05
1.42 5.42928e-07
1.44 1.20175e-05
1.46 -4.84454e-06
1.48 -3.60671e-05
1.5 -4.32632e-05
1.52 -1.89087e-05
1.54 1.03538e-06
1.56 -1.08013e-05
1.58 -3.32783e-05
1.6 -2.75871e-05
1.62 2.97604e-06
1.64 1.65448e-05
1.66 -2.84734e-06
1.68 -2.32385e-05
1.7 -1.48738e-05
1.72 6.21586e-06
1.74 4.19006e-06
1.76 -1.74183e-05
1.78 -2.14653e-05
1.8 -3.40344e-06
1.82 2.34885e-06
1.84 -1.74298e-05
1.86 -3.22451e-05
1.88 -1.15435e-05
1.9 2.10875e-05
1.92 1.20116e-05
1.94 -3.349e-05
1.96 -4.79258e-05
1.98 -9.07561e-06
2 1.76684e-05
2.02 -1.70765e-05
2.04 -6.45362e-05
2.06 -5.40689e-05
2.08 -5.36152e-06
2.1 3.49764e-06
2.12 -3.77321e-05
2.14 -5.70645e-05
2.16 -1.99562e-05
2.18 2.00251e-05
2.2 1.01266e-05
2.22 -2.88838e-05
2.24 -3.88189e-05
2.26 -7.29147e-06
2.28 1.01929e-05
2.3 -2.20518e-05
2.32 -5.71867e-05
2.34 -4.28142e-05
2.36 -3.98429e-07
2.38 9.52524e-06
2.4 -3.04605e-05
2.42 -6.46125e-05
2.44 -4.02836e-05
2.46 7.67514e-06
2.48 1.06318e-05
2.5 -2.41147e-05
2.52 -3.13151e-05
2.54 2.4389e-06
2.56 2.59055e-05
2.58 1.66786e-05
2.6 1.34389e-05
2.62 4.25971e-05
2.64 7.2341e-05
2.66 6.7891e-05
2.68 5.12336e-05
2.7 6.56715e-05
2.72 0.000104895
2.74 0.000126062
2.76 0.000117205
2.78 0.000105682
2.8 0.00011439
2.82 0.000136488
2.84 0.000146612
2.86 0.000136562
2.88 0.000121204
2.9 0.000112867
2.92 0.000117083
2.94 0.000125291
2.96 0.000118144
2.98 0.000101622
3 0.000102423
3.02 0.00010174
3.04 6.13707e-05
3.06 1.7294e-05
3.08 1.69235e-05
3.1 2.73885e-05
3.12 1.69572e-07
3.14 -5.09493e-05
3.16 -8.10423e-05
3.18 -8.17888e-05
3.2 -8.57061e-05
3.22 -0.000113172
3.24 -0.000143908
3.26 -0.000148314
3.28 -0.000133041
3.3 -0.000123523
3.32 -0.000126032
3.34 -0.000125098
3.36 -9.47668e-05
3.38 -4.36646e-05
3.4 -1.94108e-05
3.42 -3.14633e-05
3.44 -2.08576e-05
3.46 5.32841e-05
3.48 0.000127187
3.5 0.000116219
3.52 5.80596e-05
3.54 5.8144e-05
3.56 0.000121407
3.58 0.000154613
3.6 0.000120989
3.62 9.24812e-05
3.64 0.000108829
3.66 8.72403e-05
3.68 2.3819e-06
3.7 -3.27096e-05
3.72 7.80582e-06
3.74 1.0374e-05
3.76 -6.40952e-05
3.78 -0.000116032
3.8 -7.88394e-05
3.82 -2.92929e-05
3.84 -5.50629e-05
3.86 -0.000118016
3.88 -0.000132953
3.9 -9.40766e-05
3.92 -7.32396e-05
3.94 -0.00011042
3.96 -0.000155577
3.98 -0.000134596
4 -4.72963e-05
4.02 3.56943e-06
4.04 -4.71936e-05
4.06 -0.000100586
4.08 -4.46437e-05
4.1 5.65672e-05
4.12 7.01637e-05
4.14 8.37451e-06
4.16 -5.61758e-06
4.18 4.74038e-05
4.2 4.82491e-05
4.22 -4.04631e-05
4.24 -9.65654e-05
4.26 -5.12908e-05
4.28 3.98726e-06
4.3 -2.12876e-05
4.32 -5.91664e-05
4.34 1.00412e-06
4.36 8.83569e-05
4.38 5.99691e-05
4.4 -4.45468e-05
4.42 -7.37312e-05
4.44 -3.13008e-06
4.46 5.46005e-05
4.48 3.95741e-05
4.5 -1.35148e-05
4.52 -5.62469e-05
4.54 -4.73258e-05
4.56 -2.6799e-07
4.58 1.8129e-05
4.6 -1.55517e-05
4.62 -4.78234e-05
4.64 -1.46459e-05
4.66 5.7399e-05
4.68 7.08605e-05
4.7 1.77982e-05
4.72 -2.3604e-07
4.74 5.77832e-05
4.76 0.000109912
4.78 7.07268e-05
4.8 -2.507e-05
4.82 -4.7778e-05
4.84 3.68804e-05
4.86 9.61379e-05
4.88 3.6379e-05
4.9 -4.90407e-05
4.92 -3.79072e-05
4.94 2.81495e-05
4.96 3.02445e-05
4.98 -3.87826e-05
5 -8.85881e-05
5.02 -7.48327e-05
5.04 -5.07079e-05
5.06 -5.96449e-05
5.08 -4.36734e-05
5.1 2.59635e-05
5.12 5.57701e-05
5.14 2.25023e-06
5.16 -4.10123e-05
5.18 4.78682e-07
5.2 7.01884e-05
5.22 7.6276e-05
5.24 1.27523e-05
5.26 -5.91629e-05
5.28 -6.66134e-05
5.3 2.69433e-06
5.32 6.56996e-05
5.34 5.42351e-05
5.36 3.36407e-06
5.38 -1.12705e-05
5.4 2.0285e-05
5.42 4.05069e-05
5.44 2.70519e-05
5.46 2.00163e-05
5.48 3.8015e-05
5.5 5.08593e-05
5.52 3.79923e-05
5.54 1.69983e-05
5.56 9.0414e-06
5.58 1.16184e-05
5.6 1.14405e-05
5.62 3.17898e-06
5.64 5.65821e-07
5.66 1.42485e-05
5.68 1.9554e-05
5.7 -2.24114e-07
5.72 -1.58476e-05
5.74 -5.38916e-06
5.76 9.0693e-06
5.78 -1.46983e-06
5.8 -2.62927e-05
5.82 -2.54176e-05
5.84 2.10969e-06
5.86 7.5106e-06
5.88 -2.49472e-05
5.9 -5.20108e-05
5.92 -3.43173e-05
5.94 1.68769e-05
5.96 4.57787e-05
5.98 2.69177e-05
6 9.66696e-06
6.02 3.03384e-05
6.04 5.55901e-05
6.06 5.43084e-05
6.08 3.43291e-05
6.1 1.55113e-05
6.12 2.1824e-05
6.14 5.09078e-05
6.16 6.20307e-05
6.18 2.12597e-05
6.2 -4.69774e-05
6.22 -6.76364e-05
6.24 -2.98123e-05
6.26 -1.75058e-05
6.28 -6.69868e-05
6.3 -9.9594e-05
6.32 -4.86346e-05
6.34 2.02191e-05
6.36 8.57185e-06
6.38 -5.25723e-05
6.4 -5.96221e-05
6.42 -1.08587e-06
6.44 3.6412e-05
6.46 2.34528e-06
6.48 -5.48783e-05
6.5 -6.98615e-05
6.52 -4.51334e-05
6.54 -3.72086e-05
6.56 -6.29238e-05
6.58 -6.28265e-05
6.6 -2.04166e-05
6.62 -3.78823e-06
6.64 -2.77015e-05
6.66 -2.18994e-05
6.68 3.14169e-05
6.7 5.7062e-05
6.72 4.46987e-06
6.74 -7.13986e-05
6.76 -7.52614e-05
6.78 -4.21051e-06
6.8 4.18342e-05
6.82 2.50413e-06
6.84 -5.35425e-05
6.86 -3.30321e-05
6.88 3.26685e-05
6.9 3.65942e-05
6.92 -3.47548e-05
6.94 -8.02934e-05
6.96 -3.35444e-05
6.98 4.16298e-05
7 4.55112e-05
7.02 -1.68448e-05
7.04 -4.83775e-05
7.06 -2.5092e-06
7.08 5.02967e-05
7.1 3.71252e-05
7.12 -7.45955e-06
7.14 -8.90052e-06
7.16 3.33975e-05
7.18 5.65133e-05
7.2 3.24337e-05
7.22 5.52779e-06
7.24 2.00411e-05
7.26 4.74798e-05
7.28 2.76432e-05
7.3 -2.37702e-05
7.32 -2.64761e-05
7.34 3.00484e-05
7.36 6.12771e-05
7.38 2.12915e-05
7.4 -2.56355e-05
7.42 -1.15108e-05
7.44 3.2063e-05
7.46 3.16765e-05
7.48 -1.71835e-05
7.5 -4.42331e-05
7.52 -1.09541e-05
7.54 2.46848e-05
7.56 2.00229e-06
7.58 -3.918e-05
7.6 -2.25699e-05
7.62 3.87108e-05
7.64 6.09903e-05
7.66 2.58586e-05
7.68 2.01263e-07
7.7 1.86394e-05
7.72 3.79371e-05
7.74 1.91347e-05
7.76 -3.22294e-06
7.78 1.73095e-05
7.8 5.18671e-05
7.82 4.4987e-05
7.84 1.60833e-06
7.86 -2.89279e-05
7.88 -1.76994e-05
7.9 1.12142e-05
7.92 1.16554e-05
7.94 -1.64612e-05
7.96 -2.72242e-05
7.98 -5.23389e-06
8 1.3236e-05
8.02 4.93014e-06
8.04 -7.0294e-06
8.06 6.68733e-07
8.08 1.49861e-05
8.1 1.4381e-05
8.12 2.77175e-06
8.14 -1.39175e-06
8.16 6.69257e-06
8.18 1.69479e-05
8.2 2.26439e-05
8.22 2.13446e-05
8.24 1.30619e-06
8.26 -3.04618e-05
8.28 -3.20046e-05
8.3 5.01514e-06
8.32 3.223e-05
8.34 1.88559e-05
8.36 -1.05962e-05
8.38 -1.51393e-05
8.4 1.05503e-05
8.42 3.06644e-05
8.44 1.48176e-05
8.46 -2.53866e-05
8.48 -4.2052e-05
8.5 -8.247e-06
8.52 3.17679e-05
8.54 2.30773e-05
8.56 -1.17951e-05
8.58 -1.03734e-05
8.6 3.25705e-05
8.62 5.74099e-05
8.64 2.36006e-05
8.66 -1.98275e-05
8.68 3.09051e-07
8.7 5.72613e-05
8.72 6.33558e-05
8.74 9.98563e-06
8.76 -2.38613e-05
8.78 5.83528e-06
8.8 4.43152e-05
8.82 2.35043e-05
8.84 -3.45913e-05
8.86 -5.69089e-05
8.88 -2.11809e-05
8.9 2.35197e-05
8.92 1.74094e-05
8.94 -2.16157e-05
8.96 -2.41754e-05
8.98 9.57846e-06
9 1.96629e-05
9.02 -9.90405e-06
9.04 -3.58621e-05
9.06 -2.03967e-05
9.08 1.87043e-05
9.1 2.41625e-05
9.12 -1.87707e-05
9.14 -4.79794e-05
9.16 -2.20805e-05
9.18 8.16114e-06
9.2 -1.20492e-05
9.22 -5.19995e-05
9.24 -4.84946e-05
9.26 -4.07905e-06
9.28 1.87615e-05
9.3 -3.54984e-06
9.32 -2.29357e-05
9.34 -9.95411e-07
9.36 3.32291e-05
9.38 2.82166e-05
9.4 -1.32725e-05
9.42 -3.27415e-05
9.44 1.54404e-07
9.46 3.76632e-05
9.48 1.8597e-05
9.5 -3.66396e-05
9.52 -4.81206e-05
9.54 -4.79901e-07
9.56 2.78668e-05
9.58 -7.64301e-07
9.6 -1.78806e-05
9.62 1.58567e-05
9.64 3.36743e-05
9.66 -1.15232e-05
9.68 -5.92219e-05
9.7 -4.33255e-05
9.72 7.26684e-06
9.74 2.68943e-05
9.76 -6.7568e-06
9.78 -5.74817e-05
9.8 -5.76567e-05
9.82 -4.01986e-06
9.84 2.56013e-05
9.86 2.20907e-06
9.88 -1.7213e-05
9.9 6.35826e-06
9.92 3.67917e-05
9.94 1.96856e-05
9.96 -2.63079e-05
9.98 -2.69166e-05
10 2.70218e-05
10.02 5.75342e-05
10.04 2.18309e-05
10.06 -2.22438e-05
10.08 -1.32456e-05
10.1 2.04495e-05
10.12 1.57174e-05
10.14 -2.79734e-05
10.16 -4.96235e-05
10.18 -1.62021e-05
10.2 2.23756e-05
10.22 6.30941e-06
10.24 -3.98879e-05
10.26 -4.649e-05
10.28 -5.40138e-06
10.3 2.33825e-05
10.32 5.88412e-06
10.34 -2.13112e-05
10.36 -1.27877e-05
10.38 1.84359e-05
10.4 2.46546e-05
10.42 5.44256e-07
10.44 -1.00307e-05
10.46 1.13625e-05
10.48 3.03234e-05
10.5 1.9734e-05
10.52 7.58807e-07
10.54 1.802e-06
10.56 8.9025e-06
10.58 -6.56621e-07
10.6 -9.49957e-06
10.62 2.5314e-06
10.64 1.72961e-05
10.66 1.25624e-05
10.68 -4.12031e-06
10.7 -1.4015e-05
10.72 -1.00287e-05
10.74 1.4483e-07
10.76 7.40387e-07
10.78 -7.96763e-06
10.8 -4.6862e-06
10.82 1.35617e-05
10.84 2.18486e-05
10.86 6.38142e-06
10.88 -1.73877e-05
10.9 -2.18657e-05
10.92 -1.35487e-06
10.94 1.46392e-05
10.96 3.47896e-06
10.98 -1.53586e-05
11 -1.36344e-05
11.02 1.4363e-06
11.04 3.40163e-06
11.06 -9.1807e-06
11.08 -1.3384e-05
11.1 -2.93682e-07
11.12 1.45061e-05
11.14 1.64128e-05
11.16 9.3952e-06
11.18 6.79184e-06
11.2 1.25548e-05
11.22 1.81877e-05
11.24 1.29743e-05
11.26 -3.32497e-06
11.28 -1.48228e-05
11.3 -9.37436e-06
11.32 1.62568e-06
11.34 -1.80374e-07
11.36 -1.38298e-05
11.38 -2.1389e-05
11.4 -1.01229e-05
11.42 9.92454e-06
11.44 1.38444e-05
11.46 -3.15271e-06
11.48 -1.52962e-05
11.5 -5.25401e-06
11.52 1.01564e-05
11.54 9.05153e-06
11.56 -1.91018e-06
11.58 -1.01417e-06
11.6 1.40029e-05
11.62 2.37319e-05
11.64 1.66333e-05
11.66 4.87465e-06
11.68 4.71574e-06
11.7 1.2094e-05
11.72 1.15097e-05
11.74 1.96011e-06
11.76 -5.05199e-06
11.78 -6.29852e-06
11.8 -8.95741e-06
11.82 -1.64627e-05
11.84 -2.13316e-05
11.86 -1.66563e-05
11.88 -8.997e-06
11.9 -5.81612e-06
11.92 -1.25192e-06
11.94 8.18076e-06
11.96 1.26568e-05
11.98 6.12204e-06
12 -2.83759e-06
12.02 -2.53863e-06
12.04 6.22509e-06
12.06 1.04651e-05
12.08 4.06733e-06
12.1 -3.62976e-06
12.12 -3.97829e-06
12.14 2.28333e-06
12.16 1.00171e-05
12.18 1.15657e-05
12.2 4.41208e-06
12.22 -3.28811e-06
12.24 -5.17007e-06
12.26 -5.45359e-06
12.28 -9.66811e-06
12.3 -1.59181e-05
12.32 -1.83621e-05
12.34 -1.54003e-05
12.36 -1.10183e-05
12.38 -7.9923e-06
12.4 -4.69128e-06
12.42 2.39314e-07
12.44 4.82849e-06
12.46 6.10662e-06
12.48 4.72046e-06
12.5 5.52443e-06
12.52 9.92511e-06
12.54 1.21342e-05
12.56 8.36145e-06
12.58 4.58961e-06
12.6 7.7253e-06
12.62 1.41331e-05
12.64 1.41504e-05
12.66 4.42808e-06
12.68 -5.88165e-06
12.7 -5.79602e-06
12.72 7.62118e-07
12.74 8.48469e-07
12.76 -7.60356e-06
12.78 -1.38259e-05
12.8 -9.03981e-06
12.82 4.01419e-06
12.84 1.24685e-05
12.86 6.43221e-06
12.88 -6.12702e-06
12.9 -7.7439e-06
12.92 4.23302e-06
12.94 1.26463e-05
12.96 4.93749e-06
12.98 -7.30295e-06
13 -6.09609e-06
13.02 4.77411e-06
13.04 7.03593e-06
13.06 -1.8082e-06
13.08 -5.52199e-06
13.1 3.21656e-06
13.12 1.18993e-05
13.14 8.8092e-06
13.16 -4.33975e-07
13.18 -3.68731e-06
13.2 5.70797e-07
13.22 4.88788e-06
13.24 4.68004e-06
13.26 2.29937e-06
13.28 2.80562e-07
13.3 -3.09386e-06
13.32 -7.25458e-06
13.34 -7.27785e-06
13.36 -1.70588e-06
13.38 4.57292e-06
13.4 5.20825e-06
13.42 -3.43553e-07
13.44 -3.96825e-06
13.46 -5.34613e-07
13.48 2.26217e-06
13.5 -2.42935e-06
13.52 -7.23241e-06
13.54 -3.49834e-06
13.56 2.9543e-06
13.58 1.1959e-06
13.6 -7.2133e-06
13.62 -1.03017e-05
13.64 -3.41361e-06
13.66 3.69856e-06
13.68 7.86985e-07
13.7 -7.95605e-06
13.72 -9.83378e-06
13.74 -1.87839e-06
13.76 6.09024e-06
13.78 6.34855e-06
13.8 2.70719e-06
13.82 2.57335e-06
13.84 5.73471e-06
13.86 5.39039e-06
13.88 -1.26677e-06
13.9 -7.15369e-06
13.92 -4.7452e-06
13.94 2.30059e-06
13.96 4.74583e-06
13.98 9.05613e-07
14 -2.3568e-06
14.02 1.61172e-06
14.04 1.14234e-05
14.06 1.73795e-05
14.08 1.37438e-05
14.1 6.61437e-06
14.12 1.56132e-06
14.14 -3.12696e-06
14.16 -5.98486e-06
14.18 -2.73622e-06
14.2 1.98263e-06
14.22 -1.76696e-06
14.24 -1.23516e-05
14.26 -1.60307e-05
14.28 -7.10236e-06
14.3 2.60371e-06
14.32 -8.10747e-08
14.34 -1.16837e-05
14.36 -1.64988e-05
14.38 -7.89267e-06
14.4 1.38876e-06
14.42 -2.74456e-06
14.44 -1.41226e-05
14.46 -1.46616e-05
14.48 -1.99836e-06
14.5 7.25465e-06
14.52 3.63938e-06
14.54 -2.64635e-06
14.56 1.3924e-07
14.58 6.68662e-06
14.6 4.84671e-06
14.62 -1.84427e-06
14.64 1.03294e-06
14.66 1.27937e-05
14.68 1.56274e-05
14.7 -5.01474e-07
14.72 -2.07784e-05
14.74 -2.08917e-05
14.76 -1.46161e-06
14.78 9.98392e-06
14.8 -3.26221e-06
14.82 -2.26493e-05
14.84 -1.87811e-05
14.86 4.44694e-06
14.88 1.18548e-05
14.9 -8.43065e-06
14.92 -2.17186e-05
14.94 -2.56036e-06
14.96 2.07907e-05
14.98 1.24721e-05
15 -1.30749e-05
15.02 -1.60632e-05
15.04 5.29413e-06
15.06 1.44868e-05
15.08 -3.45196e-06
15.1 -1.99926e-05
15.12 -8.70461e-06
15.14 1.62736e-05
15.16 2.17326e-05
15.18 2.92965e-06
15.2 -1.04088e-05
15.22 6.47392e-07
15.24 1.52571e-05
15.26 6.87743e-06
15.28 -1.45836e-05
15.3 -1.99446e-05
15.32 -5.28362e-06
15.34 5.36915e-06
15.36 -2.0548e-06
15.38 -1.22276e-05
15.4 -6.18937e-06
15.42 9.40953e-06
15.44 1.30097e-05
15.46 2.29003e-07
15.48 -1.10555e-05
15.5 -6.90571e-06
15.52 5.41931e-06
15.54 9.2663e-06
15.56 1.67103e-06
15.58 -2.59802e-06
15.6 5.63488e-06
15.62 1.43553e-05
15.64 8.86667e-06
15.66 -5.19401e-06
15.68 -9.20763e-06
15.7 2.09086e-06
15.72 1.31209e-05
15.74 1.0563e-05
15.76 1.60591e-06
15.78 5.53057e-07
15.8 7.86862e-06
15.82 1.10971e-05
15.84 3.25869e-06
15.86 -6.33408e-06
15.88 -4.87109e-06
15.9 4.81959e-06
15.92 8.67338e-06
15.94 3.12294e-06
15.96 -7.31079e-08
15.98 6.42376e-06
16 1.32244e-05
16.02 1.00523e-05
16.04 1.85502e-06
16.06 -3.53813e-07
16.08 4.8406e-06
16.1 8.70931e-06
16.12 4.13362e-06
16.14 -4.55511e-06
16.16 -6.10406e-06
16.18 2.81895e-06
16.2 1.15079e-05
16.22 8.85446e-06
16.24 -6.90917e-07
16.26 -5.19618e-06
16.28 -2.62478e-06
16.3 1.74577e-06
16.32 4.79518e-06
16.34 4.60928e-06
16.36 2.51938e-07
16.38 -4.20552e-06
16.4 -3.47667e-06
16.42 1.97762e-09
16.44 -9.64058e-07
16.46 -6.64519e-06
16.48 -1.03337e-05
16.5 -1.01734e-05
16.52 -1.21951e-05
16.54 -1.84092e-05
16.56 -2.05865e-05
16.58 -1.30934e-05
16.6 -4.46213e-06
16.62 -5.97143e-06
16.64 -1.45843e-05
16.66 -1.71778e-05
16.68 -4.80201e-06
16.7 1.84524e-05
16.72 3.36021e-05
16.74 3.04416e-05
16.76 2.62943e-05
16.78 3.65432e-05
16.8 4.87583e-05
16.82 4.57153e-05
16.84 2.80484e-05
16.86 2.52691e-06
16.88 -1.49251e-05
16.9 -2.81249e-06
16.92 1.98391e-05
16.94 1.01904e-05
16.96 -2.28433e-05
16.98 -3.06265e-05
17 -4.86167e-06
17.02 1.21293e-05
17.04 -5.59262e-06
17.06 -3.16325e-05
17.08 -2.97969e-05
17.1 -9.18297e-06
17.12 -9.82611e-06
17.14 -3.72322e-05
17.16 -4.88642e-05
17.18 -2.10242e-05
17.2 6.34729e-06
17.22 -1.03932e-05
17.24 -4.24716e-05
17.26 -3.41589e-05
17.28 2.30216e-06
17.3 9.6417e-06
17.32 -1.82443e-05
17.34 -2.90455e-05
17.36 4.14867e-06
17.38 4.23904e-05
17.4 4.08711e-05
17.42 1.57857e-05
17.44 1.68683e-05
17.46 4.76257e-05
17.48 5.86547e-05
17.5 2.79419e-05
17.52 -2.77998e-07
17.54 1.32623e-05
17.56 3.50399e-05
17.58 1.52699e-05
17.6 -2.54875e-05
17.62 -3.26107e-05
17.64 -6.61675e-06
17.66 4.28779e-06
17.68 -1.81462e-05
17.7 -3.95514e-05
17.72 -3.12353e-05
17.74 -1.24545e-05
17.76 -1.42933e-05
17.78 -3.04904e-05
17.8 -3.23734e-05
17.82 -1.52148e-05
17.84 2.71205e-07
17.86 1.25518e-06
17.88 -5.1363e-06
17.9 -5.40739e-06
17.92 3.75919e-06
17.94 1.3061e-05
17.96 1.56749e-05
17.98 1.6177e-05
18 1.92818e-05
18.02 2.09418e-05
18.04 1.71393e-05
18.06 1.21216e-05
18.08 8.86318e-06
18.1 1.12355e-06
18.12 -1.10719e-05
18.14 -1.47664e-05
18.16 -6.61826e-06
18.18 -1.08974e-06
18.2 -8.63553e-06
18.22 -2.26297e-05
18.24 -3.13196e-05
18.26 -3.30047e-05
18.28 -3.3905e-05
18.3 -3.51377e-05
18.32 -2.72545e-05
18.34 -1.36453e-06
18.36 2.71481e-05
18.38 3.02118e-05
18.4 1.57227e-05
18.42 1.88028e-05
18.44 4.37196e-05
18.46 5.96659e-05
18.48 4.22919e-05
18.5 2.1808e-06
18.52 -1.723e-05
18.54 7.06392e-06
18.56 3.40712e-05
18.58 1.72731e-05
18.6 -2.28511e-05
18.62 -3.33038e-05
18.64 -6.92431e-06
18.66 1.13332e-05
18.68 -8.22387e-06
18.7 -3.82766e-05
18.72 -3.78649e-05
18.74 -1.39218e-05
18.76 -8.7615e-06
18.78 -3.42117e-05
18.8 -4.75005e-05
18.82 -1.02281e-05
18.84 4.13178e-05
18.86 4.23614e-05
18.88 7.86976e-06
18.9 6.72187e-06
18.92 4.67064e-05
18.94 6.96202e-05
18.96 4.57814e-05
18.98 1.31179e-05
19 1.26566e-05
19.02 2.98949e-05
19.04 2.75597e-05
19.06 5.23512e-07
19.08 -2.19404e-05
19.1 -1.51671e-05
19.12 5.31367e-06
19.14 2.61915e-06
19.16 -2.4182e-05
19.18 -3.5637e-05
19.2 -1.72089e-05
19.22 -5.44949e-06
19.24 -2.66249e-05
19.26 -4.90507e-05
19.28 -3.20791e-05
19.3 3.62978e-06
19.32 8.06457e-06
19.34 -1.81615e-05
19.36 -3.08256e-05
19.38 -1.14925e-05
19.4 1.00649e-05
19.42 4.11778e-06
19.44 -1.29958e-05
19.46 -4.3099e-06
19.48 2.66786e-05
19.5 3.8247e-05
19.52 1.53565e-05
19.54 -6.8502e-06
19.56 3.98314e-06
19.58 2.91259e-05
19.6 2.51291e-05
19.62 -7.50593e-06
19.64 -1.62819e-05
19.66 1.70914e-05
19.68 3.55332e-05
19.7 -4.49591e-07
19.72 -4.26612e-05
19.74 -3.08049e-05
19.76 1.46901e-05
19.78 2.55561e-05
19.8 -1.48955e-05
19.82 -4.82219e-05
19.84 -2.62422e-05
19.86 1.85494e-05
19.88 2.69626e-05
19.9 -1.6482e-07
19.92 -1.32879e-05
19.94 1.03354e-05
19.96 3.53747e-05
19.98 2.22329e-05
20 -9.74767e-06
20.02 -1.12191e-05
20.04 1.96224e-05
20.06 3.60623e-05
20.08 1.1776e-05
20.1 -2.82475e-05
20.12 -4.22335e-05
20.14 -2.08248e-05
20.16 7.28276e-06
20.18 1.5325e-05
20.2 4.15184e-07
20.22 -2.05885e-05
20.24 -2.31826e-05
20.26 -3.70173e-06
20.28 8.97599e-06
20.3 -6.58024e-06
20.32 -2.33758e-05
20.34 -7.58514e-06
20.36 1.73052e-05
20.38 1.23028e-05
20.4 -6.6719e-06
20.42 -1.09786e-06
20.44 2.59908e-05
20.46 3.87836e-05
20.48 2.25535e-05
20.5 -1.56855e-06
20.52 -7.7212e-06
20.54 1.2485e-06
20.56 -1.06364e-07
20.58 -5.80704e-06
20.6 8.4896e-06
20.62 1.62638e-05
20.64 -1.34846e-05
20.66 -4.5787e-05
20.68 -4.17411e-05
20.7 -1.13427e-05
20.72 1.68717e-05
20.74 1.42774e-05
20.76 -1.87162e-05
20.78 -3.28774e-05
20.8 -3.50202e-06
20.82 1.97747e-05
20.84 -4.00774e-06
20.86 -3.38125e-05
20.88 -1.12293e-05
20.9 4.05996e-05
20.92 4.96171e-05
20.94 1.06109e-05
20.96 -9.82426e-06
20.98 2.12293e-05
21 5.18252e-05
21.02 2.23801e-05
21.04 -3.17152e-05
21.06 -2.81255e-05
21.08 2.7221e-05
21.1 4.73778e-05
21.12 -1.73565e-06
21.14 -5.087e-05
21.16 -2.87332e-05
21.18 3.05194e-05
21.2 3.3829e-05
21.22 -2.7804e-05
21.24 -6.43692e-05
21.26 -2.72215e-05
21.28 2.03787e-05
21.3 6.1564e-06
21.32 -4.03775e-05
21.34 -3.45231e-05
21.36 2.85138e-05
21.38 6.03862e-05
21.4 2.30572e-05
21.42 -1.68307e-05
21.44 -8.95464e-06
21.46 2.13757e-05
21.48 3.30568e-05
21.5 9.88537e-06
21.52 -2.44986e-05
21.54 -2.98738e-05
21.56 -1.15412e-05
21.58 -9.98925e-06
21.6 -2.71675e-05
21.62 -2.53242e-05
21.64 -3.72565e-08
21.66 9.97021e-06
21.68 -9.316e-06
21.7 -2.16634e-05
21.72 2.14199e-06
21.74 3.22739e-05
21.76 1.93914e-05
21.78 -2.49479e-05
21.8 -3.62133e-05
21.82 3.28092e-06
21.84 3.12775e-05
21.86 3.33702e-06
21.88 -3.5721e-05
21.9 -2.40721e-05
21.92 2.13857e-05
21.94 3.51206e-05
21.96 2.65253e-06
21.98 -2.16864e-05
22 6.78566e-07
22.02 3.58257e-05
22.04 3.26428e-05
22.06 -1.99569e-06
22.08 -2.15109e-05
22.1 -7.93961e-06
22.12 9.93364e-06
22.14 2.27617e-06
22.16 -1.80813e-05
22.18 -1.78246e-05
22.2 2.55889e-06
22.22 1.14556e-05
22.24 -2.02778e-06
22.26 -1.43482e-05
22.28 -6.21934e-06
22.3 9.96594e-06
22.32 1.14136e-05
22.34 5.72306e-07
22.36 -1.2347e-06
22.38 1.11396e-05
22.4 2.04598e-05
22.42 1.46172e-05
22.44 3.36082e-06
22.46 2.84943e-06
22.48 1.27314e-05
22.5 1.57934e-05
22.52 2.89971e-06
22.54 -1.10047e-05
22.56 -8.54976e-06
22.58 3.62902e-06
22.6 6.05186e-06
22.62 -4.43264e-06
22.64 -1.18398e-05
22.66 -5.97872e-06
22.68 2.81861e-06
22.7 1.8586e-07
22.72 -1.00557e-05
22.74 -1.21647e-05
22.76 -3.86279e-06
22.78 1.52027e-07
22.8 -7.18728e-06
22.82 -1.32498e-05
22.84 -5.82488e-06
22.86 6.52283e-06
22.88 7.16119e-06
22.9 -2.91325e-06
22.92 -7.35057e-06
22.94 1.02259e-06
22.96 1.06411e-05
22.98 8.9188e-06
23 -4.27997e-08
23.02 -3.38125e-06
23.04 1.17965e-06
23.06 3.52293e-06
23.08 -2.59595e-06
23.1 -9.69778e-06
23.12 -7.25339e-06
23.14 1.65731e-06
23.16 3.44066e-06
23.18 -4.67003e-06
23.2 -8.63141e-06
23.22 5.10152e-07
23.24 1.13045e-05
23.26 9.66972e-06
23.28 1.09388e-06
23.3 3.81218e-07
23.32 7.58801e-06
23.34 9.63827e-06
23.36 1.87457e-06
23.38 -5.79648e-06
23.4 -6.07888e-06
23.42 -4.65468e-06
23.44 -7.38695e-06
23.46 -9.30834e-06
23.48 -4.41024e-06
23.5 1.69997e-06
23.52 -2.62689e-07
23.54 -6.83301e-06
23.56 -6.1499e-06
23.58 3.2792e-06
23.6 9.74643e-06
23.62 5.56392e-06
23.64 -1.75107e-06
23.66 -1.32135e-06
23.68 5.54215e-06
23.7 9.5683e-06
23.72 6.57203e-06
23.74 8.99924e-07
23.76 -8.92831e-07
23.78 1.7025e-06
23.8 3.28183e-06
23.82 1.3827e-06
23.84 -8.78321e-07
23.86 -1.73492e-06
23.88 -2.95264e-06
23.9 -4.44077e-06
23.92 -3.01847e-06
23.94 5.89462e-07
23.96 -1.05688e-07
23.98 -5.95981e-06
24 -8.10369e-06
24.02 -4.67823e-07
24.04 1.09532e-05
24.06 1.32515e-05
24.08 3.55559e-06
24.1 -5.09604e-06
24.12 -3.33571e-06
24.14 2.43643e-06
24.16 3.71878e-06
24.18 8.36931e-07
24.2 -2.69604e-06
24.22 -4.46771e-06
24.24 -3.08528e-06
24.26 2.14973e-07
24.28 3.27923e-06
24.3 4.61224e-06
24.32 2.75144e-06
24.34 -2.39987e-06
24.36 -7.39714e-06
24.38 -7.41878e-06
24.4 -3.03603e-06
24.42 1.0402e-07
24.44 -1.17761e-08
24.46 4.14639e-08
24.48 1.41069e-06
24.5 9.87665e-07
24.52 -1.69459e-06
24.54 -3.01473e-06
24.56 -8.72426e-07
24.58 2.6902e-06
24.6 3.83398e-06
24.62 1.59615e-06
24.64 9.36834e-09
24.66 2.58195e-06
24.68 5.92736e-06
24.7 3.67741e-06
24.72 -3.34477e-06
24.74 -6.30248e-06
24.76 -1.07339e-06
24.78 5.45943e-06
24.8 5.98517e-06
24.82 2.14991e-06
24.84 1.02579e-06
24.86 4.96778e-06
24.88 7.85016e-06
24.9 4.68646e-06
24.92 4.06877e-07
24.94 1.85377e-06
24.96 6.41565e-06
24.98 6.69411e-06
25 2.19823e-06
25.02 -4.28907e-07
25.04 2.32967e-06
25.06 5.93911e-06
25.08 4.67723e-06
25.1 -1.56862e-07
25.12 -1.73117e-06
25.14 2.53578e-06
25.16 6.3455e-06
25.18 3.66968e-06
25.2 -1.94993e-06
25.22 -3.2694e-06
25.24 -1.77766e-07
25.26 8.67333e-07
25.28 -3.36546e-06
25.3 -8.28929e-06
25.32 -8.34603e-06
25.34 -3.80889e-06
25.36 7.63474e-07
25.38 1.30416e-06
25.4 -1.85654e-06
25.42 -3.89225e-06
25.44 -1.75301e-06
25.46 1.10286e-06
25.48 -8.82946e-08
25.5 -3.88099e-06
25.52 -4.35695e-06
25.54 -1.19417e-07
25.56 3.37654e-06
25.58 2.26306e-06
25.6 -1.44991e-07
25.62 1.16793e-06
25.64 5.00933e-06
25.66 5.73814e-06
25.68 1.81389e-06
25.7 -1.87626e-06
25.72 -7.56346e-07
25.74 2.62235e-06
25.76 1.82748e-06
25.78 -3.10563e-06
25.8 -5.20676e-06
25.82 -1.82235e-06
25.84 1.704e-06
25.86 1.11563e-06
25.88 -1.33034e-06
25.9 -2.04655e-06
25.92 -1.23504e-06
25.94 -1.0669e-06
25.96 -1.83974e-06
25.98 -2.44423e-06
26 -2.8649e-06
26.02 -3.75619e-06
26.04 -4.78289e-06
26.06 -4.50174e-06
26.08 -2.21205e-06
26.1 -2.33088e-07
26.12 -1.73453e-06
26.14 -5.20739e-06
26.16 -5.53653e-06
26.18 -1.74402e-06
26.2 1.34832e-06
26.22 2.792e-07
26.24 -2.43592e-06
26.26 -2.23575e-06
26.28 9.76368e-07
26.3 2.50316e-06
26.32 8.35093e-08
26.34 -2.39676e-06
26.36 -1.5218e-06
26.38 3.05135e-07
26.4 -5.09867e-07
26.42 -3.00538e-06
26.44 -3.64747e-06
26.46 -1.60743e-06
26.48 9.73113e-07
26.5 2.02568e-06
26.52 8.93132e-07
26.54 -1.13137e-06
26.56 -1.53246e-06
26.58 8.90033e-07
26.6 4.42348e-06
26.62 5.67621e-06
26.64 3.38008e-06
26.66 3.06861e-07
26.68 -2.82025e-08
26.7 2.18961e-06
26.72 3.09771e-06
26.74 6.58063e-07
26.76 -2.07671e-06
26.78 -2.01085e-06
26.8 -3.27559e-07
26.82 3.09068e-10
26.84 -1.89614e-06
26.86 -3.6036e-06
26.88 -2.97489e-06
26.9 -1.57185e-06
26.92 -1.39128e-06
26.94 -1.32354e-06
26.96 2.34422e-07
26.98 1.78502e-06
27 5.73505e-07
27.02 -1.94505e-06
27.04 -1.27968e-06
27.06 2.147e-06
27.08 2.7282e-06
27.1 -1.18258e-06
27.12 -3.92027e-06
27.14 -9.94129e-07
27.16 3.52837e-06
27.18 2.78267e-06
27.2 -2.46166e-06
27.22 -4.83198e-06
27.24 -1.31197e-06
27.26 2.45361e-06
27.28 1.06154e-06
27.3 -2.67691e-06
27.32 -2.6502e-06
27.34 1.48154e-06
27.36 4.25085e-06
27.38 2.62048e-06
27.4 -1.36833e-07
27.42 2.61906e-08
27.44 2.7737e-06
27.46 4.4587e-06
27.48 2.66501e-06
27.5 -5.24827e-07
27.52 -1.67126e-06
27.54 -1.20426e-06
27.56 -1.8355e-06
27.58 -3.83566e-06
27.6 -4.90016e-06
27.62 -3.99368e-06
27.64 -3.23288e-06
27.66 -4.20432e-06
27.68 -5.05521e-06
27.7 -3.63576e-06
27.72 -6.89453e-07
27.74 1.70663e-06
27.76 2.94616e-06
27.78 3.73438e-06
27.8 4.34781e-06
27.82 4.50852e-06
27.84 4.23453e-06
27.86 3.66208e-06
27.88 2.49022e-06
27.9 8.72858e-07
27.92 -1.71585e-07
27.94 -2.23085e-07
27.96 2.52834e-07
27.98 5.94155e-07
28 1.37523e-07
28.02 -6.00099e-07
28.04 -4.40281e-07
28.06 2.68991e-08
28.08 -5.82919e-07
28.1 -2.02564e-06
28.12 -2.22131e-06
28.14 -1.38539e-07
28.16 1.33949e-06
28.18 -2.73863e-07
28.2 -1.76593e-06
28.22 5.4119e-07
28.24 4.28588e-06
28.26 5.3207e-06
28.28 4.11973e-06
28.3 4.10565e-06
28.32 6.10634e-06
28.34 7.05076e-06
28.36 2.18272e-06
28.38 -7.86816e-06
28.4 -1.27953e-05
28.42 -5.25029e-06
28.44 5.70684e-06
28.46 4.59416e-06
28.48 -7.08155e-06
28.5 -1.11867e-05
28.52 -6.20674e-07
28.54 1.01213e-05
28.56 7.47979e-06
28.58 -2.20297e-06
28.6 -4.59722e-06
28.62 8.94239e-07
28.64 3.61244e-06
28.66 6.61093e-07
28.68 -5.31633e-07
28.7 3.36643e-06
28.72 6.15448e-06
28.74 1.96073e-06
28.76 -5.68637e-06
28.78 -7.33331e-06
28.8 8.75792e-08
28.82 7.06315e-06
28.84 3.31218e-06
28.86 -5.78357e-06
28.88 -5.85512e-06
28.9 3.91961e-06
28.92 9.65825e-06
28.94 4.69387e-06
28.96 -1.64384e-06
28.98 -2.91964e-07
29 3.88086e-06
29.02 2.18202e-06
29.04 -2.12112e-06
29.06 -1.0255e-07
29.08 5.87918e-06
29.1 5.42188e-06
29.12 -2.35917e-06
29.14 -7.0222e-06
29.16 -2.99642e-06
29.18 2.33768e-06
29.2 6.2027e-07
29.22 -4.83158e-06
29.24 -5.50221e-06
29.26 -1.25131e-06
29.28 1.22644e-06
29.3 -5.19666e-07
29.32 -2.76677e-06
29.34 -2.44111e-06
29.36 -5.77481e-07
29.38 7.10984e-07
29.4 1.20958e-06
29.42 1.37196e-06
29.44 9.84218e-07
29.46 2.15885e-07
29.48 7.38936e-08
29.5 7.72992e-07
29.52 1.14455e-06
29.54 8.5197e-08
29.56 -2.46724e-06
29.58 -4.74982e-06
29.6 -3.98897e-06
29.62 -4.78889e-07
29.64 1.05662e-06
29.66 -2.01939e-06
29.68 -5.28594e-06
29.7 -3.9474e-06
29.72 -3.27374e-07
29.74 1.60276e-07
29.76 -2.58129e-06
29.78 -3.29949e-06
29.8 -4.13417e-08
29.82 2.68354e-06
29.84 1.66191e-06
29.86 -2.16347e-07
29.88 6.67921e-07
29.9 3.14445e-06
29.92 3.98308e-06
29.94 2.84388e-06
29.96 1.74148e-06
29.98 1.39526e-06
30 2.83989e-07
30.02 -2.29292e-06
30.04 -4.20389e-06
30.06 -3.56763e-06
30.08 -2.21394e-06
30.1 -2.67821e-06
30.12 -3.52099e-06
30.14 -1.69626e-06
30.16 1.94516e-06
30.18 3.49143e-06
30.2 1.87222e-06
30.22 1.01577e-07
30.24 6.55022e-07
30.26 2.67372e-06
30.28 3.82524e-06
30.3 3.44975e-06
30.32 3.07913e-06
30.34 3.34671e-06
30.36 2.94594e-06
30.38 1.51345e-06
30.4 2.22716e-07
30.42 -2.76436e-07
30.44 -1.09238e-06
30.46 -3.38964e-06
30.48 -5.59504e-06
30.5 -4.85591e-06
30.52 -1.32588e-06
30.54 1.15832e-06
30.56 -2.70504e-09
30.58 -2.15384e-06
30.6 -1.17457e-06
30.62 2.38863e-06
30.64 4.44173e-06
30.66 3.38311e-06
30.68 1.77726e-06
30.7 2.31634e-06
30.72 4.02951e-06
30.74 3.27181e-06
30.76 -4.13215e-07
30.78 -2.27844e-06
30.8 3.59236e-08
30.82 2.19673e-06
30.84 6.53592e-07
30.86 -1.84312e-06
30.88 -1.15533e-06
30.9 2.40618e-06
30.92 4.95808e-06
30.94 3.92914e-06
30.96 1.03565e-06
30.98 2.01695e-09
31 1.21681e-06
31.02 1.33344e-06
31.04 -8.08807e-07
31.06 -2.30016e-06
31.08 -1.6139e-06
31.1 -8.76951e-07
31.12 -1.23696e-06
31.14 -8.27361e-07
31.16 1.20242e-06
31.18 2.57676e-06
31.2 1.49314e-06
31.22 -3.67215e-07
31.24 -1.81375e-07
31.26 2.01084e-06
31.28 3.08997e-06
31.3 1.26126e-06
31.32 -8.90956e-07
31.34 -6.84807e-08
31.36 2.61527e-06
31.38 3.04275e-06
31.4 6.43708e-07
31.42 -3.20705e-07
31.44 1.87389e-06
31.46 3.3229e-06
31.48 1.40356e-06
31.5 -1.34622e-06
31.52 -1.88441e-06
31.54 -6.79952e-07
31.56 -1.78334e-07
31.58 -1.30177e-06
31.6 -2.37293e-06
31.62 -1.64301e-06
31.64 -2.76014e-07
31.66 -8.03941e-07
31.68 -2.85432e-06
31.7 -3.61564e-06
31.72 -2.27127e-06
31.74 -8.85092e-07
31.76 -1.09168e-06
31.78 -1.99301e-06
31.8 -1.7738e-06
31.82 -6.06924e-07
31.84 -2.90106e-07
31.86 -7.63373e-07
31.88 -9.62284e-08
31.9 1.62524e-06
31.92 2.03817e-06
31.94 5.86211e-07
31.96 -1.77129e-07
31.98 1.40221e-06
32 3.08653e-06
32.02 1.97984e-06
32.04 -9.7795e-07
32.06 -2.26822e-06
32.08 -9.33452e-07
32.1 2.98169e-07
32.12 -7.75417e-07
32.14 -2.92835e-06
32.16 -3.34294e-06
32.18 -1.46578e-06
32.2 6.99471e-08
32.22 -8.61952e-07
32.24 -2.74343e-06
32.26 -2.7525e-06
32.28 -9.69059e-07
32.3 -1.09424e-07
32.32 -1.5072e-06
32.34 -3.30181e-06
32.36 -3.06374e-06
32.38 -1.3223e-06
32.4 -9.12906e-07
32.42 -2.44072e-06
32.44 -3.31134e-06
32.46 -1.96708e-06
32.48 -8.05437e-08
32.5 -1.22733e-07
32.52 -2.07285e-06
32.54 -3.03441e-06
32.56 -1.06191e-06
32.58 1.47497e-06
32.6 1.05757e-06
32.62 -1.28295e-06
32.64 -1.24174e-06
32.66 1.92975e-06
32.68 4.02652e-06
32.7 2.28684e-06
32.72 -5.88209e-07
32.74 -8.37644e-07
32.76 5.18838e-07
32.78 -1.70523e-07
32.8 -2.61232e-06
32.82 -3.121e-06
32.84 -6.26659e-07
32.86 1.87565e-06
32.88 1.95191e-06
32.9 1.28342e-06
32.92 2.35062e-06
32.94 3.94176e-06
32.96 3.3257e-06
32.98 9.9963e-07
33 -2.14104e-07
33.02 3.70935e-07
33.04 7.9182e-07
33.06 -6.951e-08
33.08 -9.94961e-07
33.1 -8.15524e-07
33.12 -3.32823e-07
33.14 -6.58257e-07
33.16 -1.13225e-06
33.18 -7.70476e-07
33.2 5.67592e-08
33.22 6.27829e-07
33.24 6.45138e-07
33.26 2.47859e-07
33.28 -2.0079e-07
33.3 -7.71066e-07
33.32 -1.31065e-06
33.34 -6.52088e-07
33.36 1.45188e-06
33.38 2.79369e-06
33.4 1.43513e-06
33.42 -1.04725e-06
33.44 -1.24728e-06
33.46 1.18077e-06
33.48 2.46928e-06
33.5 1.96331e-07
33.52 -2.63235e-06
33.54 -2.22344e-06
33.56 3.50255e-07
33.58 1.58969e-06
33.6 6.8122e-07
33.62 -4.03511e-07
33.64 -2.6292e-07
33.66 1.12515e-07
33.68 -8.81822e-07
33.7 -2.5607e-06
33.72 -2.56497e-06
33.74 -8.86838e-07
33.76 -1.59873e-07
33.78 -8.73998e-07
33.8 -4.16172e-07
33.82 1.95789e-06
33.84 3.38895e-06
33.86 2.26228e-06
33.88 8.66551e-07
33.9 1.6233e-06
33.92 3.49208e-06
33.94 3.67732e-06
33.96 1.87344e-06
33.98 9.18441e-07
34 2.37476e-06
34.02 3.70003e-06
34.04 2.26963e-06
34.06 -1.50585e-07
34.08 -5.24117e-07
34.1 4.89937e-07
34.12 5.14987e-07
34.14 -6.92159e-07
34.16 -1.59777e-06
34.18 -1.1506e-06
34.2 -2.88161e-08
34.22 3.30537e-07
34.24 -4.44585e-07
34.26 -1.30077e-06
34.28 -1.07687e-06
34.3 1.30224e-07
34.32 9.20912e-07
34.34 2.40811e-07
34.36 -7.99675e-07
34.38 1.05081e-07
34.4 2.77965e-06
34.42 4.09645e-06
34.44 2.73031e-06
34.46 1.19468e-06
34.48 1.68722e-06
34.5 2.60147e-06
34.52 1.28662e-06
34.54 -1.48778e-06
34.56 -2.58846e-06
34.58 -1.06213e-06
34.6 8.40719e-07
34.62 1.11119e-06
34.64 2.9657e-07
34.66 -9.32979e-08
34.68 1.60019e-07
34.7 8.71318e-08
34.72 -7.68087e-07
34.74 -1.69078e-06
34.76 -1.90843e-06
34.78 -1.39203e-06
34.8 -5.7554e-07
34.82 -6.4703e-08
34.84 1.1775e-07
34.86 7.04336e-07
34.88 1.48e-06
34.9 1.39624e-06
34.92 9.40263e-07
34.94 1.51279e-06
34.96 2.83404e-06
34.98 3.30031e-06
35 2.1353e-06
35.02 4.22063e-07
35.04 9.48198e-09
35.06 8.32106e-07
35.08 6.75884e-07
35.1 -1.23318e-06
35.12 -2.71705e-06
35.14 -2.36904e-06
35.16 -1.90341e-06
35.18 -2.77152e-06
35.2 -3.49865e-06
35.22 -2.15811e-06
35.24 3.06913e-07
35.26 1.08226e-06
35.28 -4.60836e-07
35.3 -1.70155e-06
35.32 -4.01128e-07
35.34 1.71586e-06
35.36 1.22314e-06
35.38 -1.20953e-06
35.4 -1.40181e-06
35.42 1.55122e-06
35.44 3.75679e-06
35.46 2.33079e-06
35.48 -5.16405e-07
35.5 -8.1552e-07
35.52 9.81888e-07
35.54 9.2838e-07
35.56 -1.62423e-06
35.58 -3.35366e-06
35.6 -2.80421e-06
35.62 -2.05379e-06
35.64 -2.57928e-06
35.66 -3.05703e-06
35.68 -2.08508e-06
35.7 -7.87607e-07
35.72 -7.09496e-07
35.74 -1.34793e-06
35.76 -1.74402e-06
35.78 -1.28825e-06
35.8 7.79026e-07
35.82 2.92542e-06
35.84 1.77522e-06
35.86 -1.64264e-06
35.88 -2.33817e-06
35.9 4.56008e-08
35.92 8.13042e-07
35.94 -6.58551e-07
35.96 4.12723e-07
35.98 4.22837e-06
36 4.17312e-06
36.02 -1.10953e-06
36.04 -3.72307e-06
36.06 2.75485e-07
36.08 4.56177e-06
36.1 3.70057e-06
36.12 8.26693e-07
36.14 2.25063e-07
36.16 4.50303e-07
36.18 2.09372e-08
36.2 1.13253e-06
36.22 3.42678e-06
36.24 3.36452e-06
36.26 2.50705e-07
36.28 -3.19655e-06
36.3 -4.33968e-06
36.32 -3.29676e-06
36.34 -2.67697e-06
36.36 -3.29397e-06
36.38 -3.02488e-06
36.4 -9.69288e-07
36.42 1.37444e-06
36.44 2.3415e-06
36.46 8.72977e-07
36.48 -1.61623e-06
36.5 -8.14707e-08
36.52 6.90123e-06
36.54 1.14858e-05
36.56 6.99365e-06
36.58 -3.88422e-07
36.6 -9.2656e-08
36.62 6.08602e-06
36.64 6.28421e-06
36.66 -1.58871e-06
36.68 -5.88465e-06
36.7 -2.10083e-06
36.72 -2.16647e-07
36.74 -4.60345e-06
36.76 -5.15826e-06
36.78 2.61136e-06
36.8 5.98556e-06
36.82 -3.04778e-06
36.84 -1.08863e-05
36.86 -4.37882e-06
36.88 6.02386e-06
36.9 2.70125e-06
36.92 -1.0351e-05
36.94 -1.35227e-05
36.96 -1.72725e-06
36.98 1.0357e-05
37 9.33168e-06
37.02 -1.41196e-06
37.04 -5.77137e-06
37.06 4.32852e-06
37.08 1.54932e-05
37.1 1.05605e-05
37.12 -4.26991e-06
37.14 -8.16212e-06
37.16 1.79178e-06
37.18 7.4092e-06
37.2 -1.18586e-06
37.22 -1.22435e-05
37.24 -1.29648e-05
37.26 -5.67377e-06
37.28 9.17202e-07
37.3 2.19877e-06
37.32 -1.15513e-06
37.34 -4.69995e-06
37.36 -4.72238e-06
37.38 -2.33311e-06
37.4 -1.17416e-06
37.42 -1.74535e-06
37.44 -1.19651e-06
37.46 1.26835e-06
37.48 3.44819e-06
37.5 3.72893e-06
37.52 2.47638e-06
37.54 1.43634e-06
37.56 2.86455e-06
37.58 6.6568e-06
37.6 8.34712e-06
37.62 4.48988e-06
37.64 -1.62192e-06
37.66 -4.15137e-06
37.68 -1.3881e-06
37.7 3.22006e-06
37.72 3.93638e-06
37.74 -6.77311e-07
37.76 -4.45156e-06
37.78 -1.84458e-06
37.8 3.28693e-06
37.82 2.09075e-06
37.84 -6.57555e-06
37.86 -1.23104e-05
37.88 -7.28875e-06
37.9 1.10471e-06
37.92 1.85753e-06
37.94 -2.84204e-06
37.96 -3.6956e-06
37.98 4.6225e-07
38 3.17513e-06
38.02 1.38146e-06
38.04 -1.15455e-06
38.06 -2.89316e-07
38.08 2.38371e-06
38.1 2.38547e-06
38.12 -1.60958e-07
38.14 -1.36089e-06
38.16 2.08849e-07
38.18 2.51084e-06
38.2 3.3377e-06
38.22 3.16106e-06
38.24 3.39342e-06
38.26 2.85395e-06
38.28 -1.98225e-07
38.3 -4.03017e-06
38.32 -4.87096e-06
38.34 -1.90982e-06
38.36 9.99118e-07
38.38 -5.9691e-08
38.4 -3.05388e-06
38.42 -2.36815e-06
38.44 2.59133e-06
38.46 6.1426e-06
38.48 4.05887e-06
38.5 -9.04787e-07
38.52 -2.87392e-06
38.54 -8.36533e-07
38.56 7.06328e-07
38.58 -1.29183e-06
38.6 -4.55843e-06
38.62 -5.07774e-06
38.64 -2.54303e-06
38.66 -4.76863e-07
38.68 -9.50721e-07
38.7 -2.05776e-06
38.72 -1.359e-06
38.74 8.56494e-07
38.76 2.46956e-06
38.78 2.33596e-06
38.8 1.42755e-06
38.82 1.09718e-06
38.84 9.65896e-07
38.86 -3.46389e-07
38.88 -2.46039e-06
38.9 -3.13633e-06
38.92 -1.95417e-06
38.94 -1.3198e-06
38.96 -2.22852e-06
38.98 -2.24172e-06
39 4.38143e-07
39.02 3.66747e-06
39.04 4.47435e-06
39.06 3.57351e-06
39.08 4.09237e-06
39.1 6.50042e-06
39.12 7.32216e-06
39.14 3.81993e-06
39.16 -1.53276e-06
39.18 -3.56951e-06
39.2 -1.2573e-06
39.22 9.68813e-07
39.24 -3.71706e-07
39.26 -2.98195e-06
39.28 -2.55058e-06
39.3 5.40864e-07
39.32 1.74842e-06
39.34 -5.97338e-07
39.36 -3.00157e-06
39.38 -2.53963e-06
39.4 -7.28591e-07
39.42 -2.27132e-07
39.44 -1.10954e-06
39.46 -1.73386e-06
39.48 -1.18625e-06
39.5 2.56934e-08
39.52 1.02124e-06
39.54 1.41247e-06
39.56 1.20853e-06
39.58 6.74087e-07
39.6 5.37021e-07
39.62 1.69934e-06
39.64 3.75693e-06
39.66 4.775e-06
39.68 3.78484e-06
39.7 2.40688e-06
39.72 2.43586e-06
39.74 2.75229e-06
39.76 1.23676e-06
39.78 -1.16926e-06
39.8 -1.84291e-06
39.82 -7.44351e-07
39.84 -7.20734e-08
39.86 -8.97154e-07
39.88 -1.99644e-06
39.9 -1.82594e-06
39.92 -6.39792e-07
39.94 2.59017e-07
39.96 4.00364e-07
39.98 6.19893e-08
40 -4.21897e-07
40.02 -5.81298e-07
40.04 -2.04492e-07
40.06 2.31809e-07
40.08 -5.55689e-08
40.1 -7.41998e-07
40.12 -2.01062e-07
40.14 1.54451e-06
40.16 2.11786e-06
40.18 8.16215e-07
40.2 -2.46762e-07
40.22 8.14082e-09
40.24 2.97501e-07
40.26 -5.3335e-07
40.28 -1.88833e-06
40.3 -2.26531e-06
40.32 -1.33419e-06
40.34 -4.73552e-07
40.36 -7.24377e-07
40.38 -1.34622e-06
40.4 -8.98726e-07
40.42 9.88105e-07
40.44 2.85034e-06
40.46 3.13244e-06
40.48 2.35258e-06
40.5 2.05171e-06
40.52 2.47349e-06
40.54 2.14055e-06
40.56 1.17495e-07
40.58 -1.44749e-06
40.6 -4.93568e-08
40.62 2.26889e-06
40.64 1.35047e-06
40.66 -2.80856e-06
40.68 -5.70941e-06
40.7 -4.22856e-06
40.72 -1.0576e-06
40.74 -1.00583e-06
40.76 -4.11806e-06
40.78 -5.95081e-06
40.8 -3.94333e-06
40.82 -2.39706e-07
40.84 1.64837e-06
40.86 1.17911e-06
40.88 6.9082e-07
40.9 1.14053e-06
40.92 1.21427e-06
40.94 8.01326e-07
40.96 1.11467e-06
40.98 2.05931e-06
41 2.58297e-06
41.02 2.16489e-06
41.04 1.01773e-06
41.06 2.3529e-07
41.08 5.44257e-07
41.1 1.02687e-06
41.12 7.37558e-07
41.14 -4.68964e-08
41.16 -6.86711e-07
41.18 -1.14122e-06
41.2 -1.82405e-06
41.22 -2.65751e-06
41.24 -2.89705e-06
41.26 -2.17402e-06
41.28 -1.44422e-06
41.3 -1.79914e-06
41.32 -2.39513e-06
41.34 -1.68585e-06
41.36 -1.45777e-07
41.38 5.59423e-07
41.4 1.44593e-07
41.42 2.39997e-08
41.44 1.3415e-06
41.46 3.18452e-06
41.48 3.62566e-06
41.5 2.39676e-06
41.52 1.34408e-06
41.54 1.89037e-06
41.56 3.12452e-06
41.58 3.0586e-06
41.6 1.22677e-06
41.62 -5.60862e-07
41.64 -5.86033e-07
41.66 4.11244e-07
41.68 5.07639e-07
41.7 -6.44438e-07
41.72 -1.80639e-06
41.74 -2.29515e-06
41.76 -2.54149e-06
41.78 -2.78312e-06
41.8 -2.77717e-06
41.82 -2.24244e-06
41.84 -9.57999e-07
41.86 6.48165e-07
41.88 1.51171e-06
41.9 1.3677e-06
41.92 1.36505e-06
41.94 2.31644e-06
41.96 3.34951e-06
41.98 3.24331e-06
42 2.10812e-06
42.02 1.05312e-06
42.04 6.01709e-07
42.06 1.50538e-07
42.08 -7.20801e-07
42.1 -1.20902e-06
42.12 -5.0698e-07
42.14 6.80571e-07
42.16 1.00219e-06
42.18 2.03813e-07
42.2 -6.57781e-07
42.22 -5.75671e-07
42.24 1.18473e-08
42.26 -1.25969e-07
42.28 -1.20486e-06
42.3 -2.20085e-06
42.32 -2.33622e-06
42.34 -1.87352e-06
42.36 -1.22183e-06
42.38 -6.33168e-07
42.4 -3.32374e-07
42.42 8.1526e-08
42.44 8.47975e-07
42.46 1.25991e-06
42.48 9.47018e-07
42.5 4.82978e-07
42.52 6.07776e-07
42.54 1.33144e-06
42.56 1.81646e-06
42.58 1.47562e-06
42.6 8.15485e-07
42.62 8.10628e-07
42.64 1.42572e-06
42.66 1.5114e-06
42.68 6.78578e-07
42.7 7.86323e-08
42.72 6.29791e-07
42.74 1.45337e-06
42.76 9.38758e-07
42.78 -7.3565e-07
42.8 -1.32944e-06
42.82 3.67218e-08
42.84 9.04312e-07
42.86 -7.26549e-07
42.88 -2.9329e-06
42.9 -2.81475e-06
42.92 -8.03619e-07
42.94 1.01869e-07
42.96 -1.43251e-06
42.98 -3.20372e-06
43 -2.49417e-06
43.02 1.34233e-07
43.04 1.62208e-06
43.06 7.06929e-07
43.08 -5.94801e-07
43.1 -8.96431e-08
43.12 1.69037e-06
43.14 2.41779e-06
43.16 1.42097e-06
43.18 5.54168e-07
43.2 1.04015e-06
43.22 1.63051e-06
43.24 8.98947e-07
43.26 -5.82655e-07
43.28 -1.24839e-06
43.3 -8.83579e-07
43.32 -9.08077e-07
43.34 -2.01035e-06
43.36 -3.03249e-06
43.38 -2.81716e-06
43.4 -1.84084e-06
43.42 -1.15277e-06
43.44 -7.49671e-07
43.46 -7.20463e-08
43.48 8.84148e-07
43.5 1.61645e-06
43.52 1.81046e-06
43.54 1.65073e-06
43.56 1.43216e-06
43.58 1.16946e-06
43.6 6.39802e-07
43.62 -7.61757e-08
43.64 -4.35596e-07
43.66 -1.903e-07
43.68 1.08112e-07
43.7 -2.57818e-07
43.72 -1.03765e-06
43.74 -1.12879e-06
43.76 -4.00494e-07
43.78 -2.16614e-08
43.8 -3.00807e-07
43.82 -3.08997e-07
43.84 2.64061e-07
43.86 4.65594e-07
43.88 -3.99918e-07
43.9 -1.38123e-06
43.92 -1.14045e-06
43.94 -1.85767e-07
43.96 -2.73152e-07
43.98 -1.45354e-06
44 -1.82064e-06
44.02 -6.01005e-07
44.04 6.5749e-07
44.06 4.997e-07
44.08 -4.71523e-07
44.1 -7.27499e-07
44.12 5.67769e-08
44.14 6.919e-07
44.16 2.57137e-07
44.18 -6.96176e-07
44.2 -1.09302e-06
44.22 -8.32762e-07
44.24 -7.0834e-07
44.26 -1.11623e-06
44.28 -1.63116e-06
44.3 -1.68846e-06
44.32 -1.20757e-06
44.34 -5.21383e-07
44.36 -1.30605e-07
44.38 -2.32795e-07
44.4 -1.65831e-07
44.42 6.70996e-07
44.44 1.65552e-06
44.46 1.94571e-06
44.48 1.55967e-06
44.5 8.65749e-07
44.52 1.84614e-07
44.54 -2.25477e-07
44.56 -4.4005e-07
44.58 -7.55873e-07
44.6 -1.21706e-06
44.62 -1.48782e-06
44.64 -1.26099e-06
44.66 -7.24092e-07
44.68 -4.45922e-07
44.7 -6.48752e-07
44.72 -7.00901e-07
44.74 -1.12854e-07
44.76 5.65731e-07
44.78 6.34195e-07
44.8 1.31726e-07
44.82 -3.03761e-07
44.84 -8.58435e-08
44.86 6.37047e-07
44.88 1.09206e-06
44.9 7.91983e-07
44.92 1.33821e-07
44.94 -6.63298e-08
44.96 3.01851e-07
44.98 4.55463e-07
45 -1.24412e-07
45.02 -8.3981e-07
45.04 -7.26457e-07
45.06 1.70255e-07
45.08 7.4748e-07
45.1 2.44511e-07
45.12 -5.43081e-07
45.14 -3.67968e-07
45.16 4.28919e-07
45.18 4.69813e-07
45.2 -4.5151e-07
45.22 -8.81868e-07
45.24 2.36712e-07
45.26 1.87525e-06
45.28 2.26507e-06
45.3 1.23128e-06
45.32 4.33276e-07
45.34 1.06486e-06
45.36 1.74964e-06
45.38 6.88528e-07
45.4 -1.21763e-06
45.42 -1.52273e-06
45.44 3.04756e-07
45.46 1.57893e-06
45.48 1.70402e-07
45.5 -1.88307e-06
45.52 -1.52735e-06
45.54 4.91211e-07
45.56 8.80917e-07
45.58 -9.416e-07
45.6 -2.02858e-06
45.62 -5.93384e-07
45.64 1.22599e-06
45.66 5.4306e-07
45.68 -1.76606e-06
45.7 -2.20781e-06
45.72 -4.32273e-08
45.74 1.49109e-06
45.76 6.81212e-09
45.78 -2.33808e-06
45.8 -1.84893e-06
45.82 1.0816e-06
45.84 2.4046e-06
45.86 6.00086e-07
45.88 -1.04748e-06
45.9 3.2424e-07
45.92 2.83379e-06
45.94 3.02258e-06
45.96 9.3881e-07
45.98 -5.67822e-07
46 -2.4011e-07
46.02 6.11985e-07
46.04 5.38833e-07
46.06 -2.99428e-07
46.08 -7.12972e-07
46.1 -5.94036e-07
46.12 -7.58196e-07
46.14 -1.25288e-06
46.16 -1.52453e-06
46.18 -1.10123e-06
46.2 3.93998e-08
46.22 8.76967e-07
46.24 2.71082e-07
46.26 -8.01841e-07
46.28 -2.7204e-07
46.3 1.24845e-06
46.32 1.34453e-06
46.34 3.19694e-08
46.36 -5.49407e-07
46.38 4.22761e-07
46.4 1.42722e-06
46.42 8.71299e-07
46.44 -4.24974e-07
46.46 -4.05767e-07
46.48 7.64535e-07
46.5 9.36393e-07
46.52 -3.54347e-07
46.54 -1.22412e-06
46.56 -4.76037e-07
46.58 6.71009e-07
46.6 4.68816e-07
46.62 -7.26598e-07
46.64 -1.06694e-06
46.66 -1.17483e-07
46.68 5.04183e-07
46.7 -3.41626e-07
46.72 -1.4233e-06
46.74 -9.50752e-07
46.76 4.54822e-07
46.78 8.43108e-07
46.8 6.58504e-08
46.82 -2.48517e-07
46.84 7.16718e-07
46.86 1.31019e-06
46.88 -6.02331e-09
46.9 -1.62958e-06
46.92 -1.2898e-06
46.94 5.42563e-07
46.96 1.48889e-06
46.98 4.47871e-07
47 -9.72914e-07
47.02 -8.54573e-07
47.04 4.27185e-07
47.06 9.85955e-07
47.08 -1.90595e-07
47.1 -1.71284e-06
47.12 -1.15361e-06
47.14 9.69331e-07
47.16 1.26556e-06
47.18 -1.05776e-06
47.2 -2.62394e-06
47.22 -1.01078e-06
47.24 1.53459e-06
47.26 1.40059e-06
47.28 -7.56079e-07
47.3 -9.78202e-07
47.32 1.70512e-06
47.34 3.89054e-06
47.36 3.12046e-06
47.38 1.13129e-06
47.4 5.82563e-07
47.42 9.36104e-07
47.44 -9.43954e-08
47.46 -1.92335e-06
47.48 -1.61568e-06
47.5 7.27722e-07
47.52 1.49104e-06
47.54 -3.90457e-07
47.56 -1.40566e-06
47.58 3.82421e-07
47.6 1.95301e-06
47.62 5.36126e-07
47.64 -1.92785e-06
47.66 -2.11786e-06
47.68 -3.89222e-07
47.7 2.80925e-07
47.72 -9.5748e-07
47.74 -1.65038e-06
47.76 -1.25066e-07
47.78 1.65053e-06
47.8 1.19092e-06
47.82 -6.04244e-07
47.84 -1.06691e-06
47.86 7.13927e-08
47.88 5.62931e-07
47.9 -6.44796e-07
47.92 -1.63328e-06
47.94 -7.70583e-07
47.96 4.54293e-07
47.98 9.26529e-08
48 -9.82225e-07
48.02 -6.39192e-07
48.04 9.87522e-07
48.06 1.4856e-06
48.08 -2.76025e-07
48.1 -2.18856e-06
48.12 -1.52097e-06
48.14 1.21883e-06
48.16 2.21956e-06
48.18 -3.06841e-07
48.2 -2.78763e-06
48.22 -1.63498e-06
48.24 1.14514e-06
48.26 1.43977e-06
48.28 -7.67384e-07
48.3 -1.72241e-06
48.32 5.81164e-07
48.34 3.08353e-06
48.36 2.07097e-06
48.38 -8.23611e-07
48.4 -1.14895e-06
48.42 1.43056e-06
48.44 2.82607e-06
48.46 9.53326e-07
48.48 -1.34983e-06
48.5 -1.06733e-06
48.52 6.98619e-07
48.54 7.27104e-07
48.56 -1.48936e-06
48.58 -2.82486e-06
48.6 -1.35055e-06
48.62 5.80882e-07
48.64 3.10566e-09
48.66 -1.94291e-06
48.68 -1.59588e-06
48.7 1.18813e-06
48.72 2.48635e-06
48.74 5.13689e-07
48.76 -1.4844e-06
48.78 -2.59859e-07
48.8 2.20308e-06
48.82 1.94711e-06
48.84 -5.54773e-07
48.86 -1.39365e-06
48.88 5.75271e-07
48.9 2.15801e-06
48.92 9.1872e-07
48.94 -1.1557e-06
48.96 -9.36185e-07
48.98 1.06663e-06
49 1.67775e-06
49.02 1.43395e-08
49.04 -1.27557e-06
49.06 -2.38013e-07
49.08 1.43948e-06
49.1 1.16002e-06
49.12 -3.68944e-07
49.14 -3.38921e-07
49.16 1.43714e-06
49.18 2.18302e-06
49.2 4.88795e-07
49.22 -1.22721e-06
49.24 -4.21581e-07
49.26 1.19768e-06
49.28 5.62388e-07
49.3 -1.5566e-06
49.32 -1.9538e-06
49.34 -7.4984e-08
49.36 1.28409e-06
49.38 1.86509e-07
49.4 -1.53237e-06
49.42 -1.02604e-06
49.44 1.02847e-06
49.46 1.54543e-06
49.48 -8.72796e-08
49.5 -1.29913e-06
49.52 -5.059e-07
49.54 6.1366e-07
49.56 1.9306e-07
49.58 -9.81567e-07
49.6 -1.273e-06
49.62 -8.09862e-07
49.64 -9.8729e-07
49.66 -2.13367e-06
49.68 -2.80737e-06
49.7 -2.07231e-06
49.72 -1.01002e-06
49.74 -8.64322e-07
49.76 -1.15748e-06
49.78 -6.6388e-07
49.8 3.73552e-07
49.82 4.41581e-07
49.84 -5.98098e-07
49.86 -8.90885e-07
49.88 5.01322e-07
49.9 1.80876e-06
49.92 1.12823e-06
49.94 -5.34432e-07
49.96 -8.71364e-07
49.98 1.55559e-07
50 5.68445e-07
50.02 -5.02955e-07
50.04 -1.55604e-06
50.06 -8.61706e-07
50.08 8.62002e-07
50.1 1.16954e-06
50.12 -4.78714e-07
50.14 -1.76282e-06
50.16 -1.03989e-06
50.18 4.52227e-07
50.2 6.73426e-07
50.22 -5.59413e-07
50.24 -1.53224e-06
50.26 -8.75979e-07
50.28 5.05895e-07
50.3 6.79428e-07
50.32 -2.93745e-07
50.34 -4.9608e-07
50.36 5.4041e-07
50.38 1.12701e-06
50.4 4.04569e-07
50.42 -3.33633e-07
50.44 1.97761e-07
50.46 1.30825e-06
50.48 1.29224e-06
50.5 -6.87982e-08
50.52 -1.01403e-06
50.54 -2.95393e-07
50.56 1.05044e-06
50.58 1.22348e-06
50.6 2.57091e-07
50.62 -1.37229e-07
50.64 6.01119e-07
50.66 1.07279e-06
50.68 4.02726e-07
50.7 -3.39136e-07
50.72 -7.38133e-09
50.74 7.70776e-07
50.76 6.32919e-07
50.78 -3.5239e-07
50.8 -7.37173e-07
50.82 -1.36976e-07
50.84 1.09743e-08
50.86 -9.65203e-07
50.88 -1.6976e-06
50.9 -1.16515e-06
50.92 -3.07187e-07
50.94 -3.64815e-07
50.96 -1.19154e-06
50.98 -1.67091e-06
51 -1.17176e-06
51.02 -3.32736e-07
51.04 -2.3635e-07
51.06 -8.11957e-07
51.08 -9.07615e-07
51.1 -2.30946e-07
51.12 2.43404e-07
51.14 -1.28783e-07
51.16 -8.64616e-07
51.18 -1.03714e-06
51.2 -3.81928e-07
51.22 2.68399e-07
51.24 8.35954e-08
51.26 -3.59161e-07
51.28 1.48288e-07
51.3 1.45516e-06
51.32 2.26587e-06
51.34 1.57152e-06
51.36 -8.06864e-07
51.38 -3.5481e-06
51.4 -4.46193e-06
51.42 -2.70742e-06
51.44 5.32007e-07
51.46 3.00189e-06
51.48 2.71933e-06
51.5 2.46936e-07
51.52 -8.65555e-07
51.54 1.06157e-06
51.56 2.80392e-06
51.58 1.35067e-06
51.6 -1.54784e-06
51.62 -2.21767e-06
51.64 4.53232e-08
51.66 2.32767e-06
51.68 2.11495e-06
51.7 4.46823e-07
51.72 3.76612e-09
51.74 1.12274e-06
51.76 1.5945e-06
51.78 2.29479e-07
51.8 -1.56864e-06
51.82 -1.97599e-06
51.84 -8.99029e-07
51.86 2.97006e-07
51.88 3.89073e-07
51.9 -3.70869e-07
51.92 -6.61528e-07
51.94 8.36283e-08
51.96 9.83766e-07
51.98 1.05464e-06
52 5.43739e-07
52.02 2.91968e-07
52.04 3.37153e-07
52.06 5.28018e-08
52.08 -6.03444e-07
52.1 -8.04194e-07
52.12 -1.67084e-07
52.14 2.37974e-07
52.16 -4.025e-07
52.18 -9.22179e-07
52.2 2.82274e-08
52.22 1.66674e-06
52.24 2.02924e-06
52.26 8.10781e-07
52.28 -1.91927e-07
52.3 2.32167e-07
52.32 1.06542e-06
52.34 6.75447e-07
52.36 -7.45796e-07
52.38 -1.36706e-06
52.4 -4.68595e-07
52.42 4.31579e-07
52.44 8.97528e-10
52.46 -7.00809e-07
52.48 -7.62366e-08
52.5 1.13532e-06
52.52 1.01201e-06
52.54 -4.74831e-07
52.56 -1.36686e-06
52.58 -7.27844e-07
52.6 -6.99254e-09
52.62 -4.94453e-07
52.64 -1.41582e-06
52.66 -1.36577e-06
52.68 -4.3082e-07
52.7 1.29129e-07
52.72 -1.10889e-07
52.74 -5.11617e-07
52.76 -5.45386e-07
52.78 -3.4297e-07
52.8 -3.53667e-07
52.82 -6.1028e-07
52.84 -6.76808e-07
52.86 -4.50986e-07
52.88 -3.96076e-07
52.9 -5.92267e-07
52.92 -4.25104e-07
52.94 1.58321e-07
52.96 2.24055e-07
52.98 -4.39385e-07
53 -7.02404e-07
53.02 5.05671e-08
53.04 8.56653e-07
53.06 6.52211e-07
53.08 -3.20472e-08
53.1 8.61419e-08
53.12 1.00691e-06
53.14 1.34414e-06
53.16 6.10235e-07
53.18 9.63557e-08
53.2 4.98567e-07
53.22 8.79836e-07
53.24 4.18733e-07
53.26 -3.5364e-07
53.28 -4.94971e-07
53.3 -1.15797e-07
53.32 -1.17133e-07
53.34 -8.01515e-07
53.36 -1.28051e-06
53.38 -7.62297e-07
53.4 1.69887e-08
53.42 -4.05553e-08
53.44 -5.81156e-07
53.46 -5.92384e-07
53.48 -9.00656e-08
53.5 1.2987e-07
53.52 -1.1801e-07
53.54 -2.19945e-07
53.56 1.08845e-07
53.58 3.67991e-07
53.6 8.38614e-08
53.62 -4.96478e-07
53.64 -7.69599e-07
53.66 -5.04912e-07
53.68 -1.55727e-07
53.7 -2.74334e-07
53.72 -5.14717e-07
53.74 -1.81853e-07
53.76 4.83159e-07
53.78 6.85731e-07
53.8 3.34845e-07
53.82 2.45359e-08
53.84 2.12689e-07
53.86 7.00445e-07
53.88 6.98165e-07
53.9 -5.79685e-08
53.92 -5.8841e-07
53.94 -8.50979e-08
53.96 6.83148e-07
53.98 5.71859e-07
54 -2.14732e-07
54.02 -5.26537e-07
54.04 5.31905e-08
54.06 7.05146e-07
54.08 6.24042e-07
54.1 7.87673e-08
54.12 2.78966e-08
54.14 6.14397e-07
54.16 7.89045e-07
54.18 1.40682e-07
54.2 -5.19468e-07
54.22 -7.00178e-07
54.24 -6.4949e-07
54.26 -6.59543e-07
54.28 -8.05539e-07
54.3 -8.01496e-07
54.32 -4.62575e-07
54.34 -2.03e-07
54.36 -3.85139e-07
54.38 -7.33426e-07
54.4 -7.486e-07
54.42 -3.55641e-07
54.44 1.09656e-07
54.46 3.56863e-07
54.48 3.79e-07
54.5 3.47879e-07
54.52 4.48912e-07
54.54 6.14835e-07
54.56 5.33179e-07
54.58 1.50742e-07
54.6 -1.2639e-07
54.62 1.07592e-07
54.64 5.60282e-07
54.66 5.34124e-07
54.68 -1.18794e-07
54.7 -8.21283e-07
54.72 -8.85908e-07
54.74 -4.79797e-07
54.76 -4.93466e-07
54.78 -1.04907e-06
54.8 -1.31067e-06
54.82 -9.20579e-07
54.84 -3.15985e-07
54.86 4.36775e-08
54.88 1.40777e-07
54.9 3.58191e-07
54.92 7.49156e-07
54.94 8.53411e-07
54.96 6.67993e-07
54.98 6.85406e-07
55 8.08411e-07
55.02 5.52103e-07
55.04 2.93713e-08
55.06 -1.69572e-07
55.08 4.38163e-08
55.1 1.64725e-07
55.12 3.41634e-08
55.14 -1.21286e-07
55.16 -1.39058e-07
55.18 -1.12726e-08
55.2 1.66818e-07
55.22 3.5823e-07
55.24 5.26198e-07
55.26 5.94703e-07
55.28 5.37116e-07
55.3 3.73662e-07
55.32 2.81201e-07
55.34 4.53866e-07
55.36 5.31489e-07
55.38 5.47504e-08
55.4 -4.89201e-07
55.42 -3.44634e-07
55.44 1.37283e-07
55.46 1.11315e-07
55.48 -3.84464e-07
55.5 -7.78318e-07
55.52 -7.51384e-07
55.54 -4.51884e-07
55.56 -2.73653e-07
55.58 -2.66329e-07
55.6 -2.50788e-07
55.62 -8.24853e-08
55.64 1.01404e-07
55.66 -1.86471e-07
55.68 -7.78845e-07
55.7 -7.49169e-07
55.72 6.31044e-08
55.74 6.25291e-07
55.76 2.14493e-07
55.78 -5.02521e-07
55.8 -4.0061e-07
55.82 4.72986e-07
55.84 8.7684e-07
55.86 3.15597e-07
55.88 5.83127e-08
55.9 1.11226e-06
55.92 2.03972e-06
55.94 3.78124e-07
55.96 -3.06887e-06
55.98 -4.12356e-06
56 -1.45425e-06
56.02 1.42377e-06
56.04 1.28297e-06
56.06 -9.54978e-07
56.08 -1.5618e-06
56.1 8.24387e-07
56.12 3.16208e-06
56.14 2.42214e-06
56.16 -4.06944e-07
56.18 -1.72147e-06
56.2 -3.51188e-07
56.22 9.02792e-07
56.24 -1.09944e-08
56.26 -1.39832e-06
56.28 -9.18119e-07
56.3 9.56868e-07
56.32 1.80645e-06
56.34 7.24867e-07
56.36 -4.3129e-07
56.38 -3.01518e-08
56.4 8.66427e-07
56.42 5.29355e-07
56.44 -4.40301e-07
56.46 -7.60881e-08
56.48 1.45794e-06
56.5 1.81021e-06
56.52 3.43966e-07
56.54 -6.89514e-07
56.56 2.55678e-07
56.58 1.59968e-06
56.6 9.52404e-07
56.62 -1.14282e-06
56.64 -1.84061e-06
56.66 -2.80122e-07
56.68 1.2219e-06
56.7 5.38568e-07
56.72 -1.22921e-06
56.74 -1.38758e-06
56.76 2.87939e-07
56.78 1.30169e-06
56.8 2.87949e-07
56.82 -9.49404e-07
56.84 -4.38656e-07
56.86 9.20739e-07
56.88 1.15473e-06
56.9 -5.55495e-08
56.92 -1.17948e-06
56.94 -8.47756e-07
56.96 1.96437e-09
56.98 -3.92524e-07
57 -1.62293e-06
57.02 -1.76143e-06
57.04 -6.33112e-07
57.06 -1.40815e-07
57.08 -9.36512e-07
57.1 -1.19671e-06
57.12 5.29698e-08
57.14 9.77787e-07
57.16 8.86238e-08
57.18 -1.23154e-06
57.2 -8.65968e-07
57.22 7.30686e-07
57.24 1.07342e-06
57.26 -5.02535e-07
57.28 -1.69041e-06
57.3 -6.34342e-07
57.32 1.2039e-06
57.34 1.13541e-06
57.36 -6.28233e-07
57.38 -1.19729e-06
57.4 4.66762e-07
57.42 1.88547e-06
57.44 9.87933e-07
57.46 -8.7825e-07
57.48 -1.15438e-06
57.5 2.83161e-07
57.52 1.23663e-06
57.54 4.28428e-07
57.56 -8.99322e-07
57.58 -8.59951e-07
57.6 3.95142e-07
57.62 1.04885e-06
57.64 3.26089e-07
57.66 -5.72328e-07
57.68 -3.64064e-07
57.7 4.4632e-07
57.72 4.91244e-07
57.74 -3.06274e-07
57.76 -7.2475e-07
57.78 -2.06088e-07
57.8 3.33249e-07
57.82 5.2942e-08
57.84 -4.86332e-07
57.86 -3.30811e-07
57.88 2.89656e-07
57.9 3.52424e-07
57.92 -2.54149e-07
57.94 -5.1256e-07
57.96 3.48478e-08
57.98 5.09177e-07
58 1.51212e-07
58.02 -4.67909e-07
58.04 -4.41819e-07
58.06 1.14768e-07
58.08 3.71281e-07
58.1 9.8275e-09
58.12 -3.66226e-07
58.14 -1.76792e-07
58.16 2.68735e-07
58.18 3.01765e-07
58.2 -7.85761e-08
58.22 -2.51694e-07
58.24 4.51285e-08
58.26 3.2746e-07
58.28 1.51573e-07
58.3 -1.97176e-07
58.32 -1.78108e-07
58.34 1.63763e-07
58.36 2.93605e-07
58.38 3.51557e-08
58.4 -1.78896e-07
58.42 -1.04161e-08
58.44 2.68695e-07
58.46 2.27932e-07
58.48 -5.89437e-08
58.5 -1.52937e-07
58.52 7.66345e-08
58.54 2.67627e-07
58.56 1.30441e-07
58.58 -1.10096e-07
58.6 -7.91403e-08
58.62 1.63778e-07
58.64 2.35855e-07
58.66 3.91337e-08
58.68 -1.05561e-07
58.7 1.9222e-08
58.72 2.03817e-07
58.74 1.63198e-07
58.76 -2.53863e-08
58.78 -6.47354e-08
58.8 9.56235e-08
58.82 1.98894e-07
58.84 9.17988e-08
58.86 -4.98662e-08
58.88 -9.18595e-09
58.9 1.41031e-07
58.92 1.67164e-07
58.94 3.83659e-08
58.96 -4.0204e-08
58.98 4.71545e-08
59 1.57931e-07
59.02 1.23742e-07
59.04 6.29174e-09
59.06 -1.09796e-08
59.08 9.19801e-08
59.1 1.52241e-07
59.12 8.21061e-08
59.14 -3.35564e-09
59.16 2.64249e-08
59.18 1.19296e-07
59.2 1.31277e-07
59.22 5.01106e-08
59.24 5.05352e-09
59.26 6.22806e-08
59.28 1.29097e-07
59.3 1.04463e-07
59.32 3.21493e-08
59.34 2.50456e-08
59.36 9.00835e-08
59.38 1.24789e-07
59.4 7.92811e-08
59.42 2.81309e-08
59.44 4.94962e-08
59.46 1.06847e-07
59.48 1.11721e-07
59.5 6.07694e-08
59.52 3.51772e-08
59.54 7.24603e-08
59.56 1.12692e-07
59.58 9.54597e-08
59.6 5.11343e-08
59.62 4.89967e-08
59.64 9.00269e-08
59.66 1.09945e-07
59.68 8.06102e-08
59.7 5.01312e-08
59.72 6.51594e-08
59.74 1.00535e-07
59.76 1.0203e-07
59.78 7.01703e-08
59.8 5.58222e-08
59.82 8.00425e-08
59.84 1.04241e-07
59.86 9.24138e-08
59.88 6.53487e-08
59.9 6.547e-08
59.92 9.1331e-08
59.94 1.02711e-07
59.96 8.39209e-08
59.98 1.41824e-08
