0.02 5.26982e-06
0.04 1.49285e-05
0.06 1.63398e-05
0.08 7.47413e-06
0.1 2.13948e-06
0.12 7.99858e-06
0.14 1.54599e-05
0.16 1.33669e-05
0.18 6.02212e-06
0.2 5.65975e-06
0.22 1.32896e-05
0.24 1.79332e-05
0.26 1.42233e-05
0.28 1.02863e-05
0.3 1.42595e-05
0.32 2.07857e-05
0.34 2.16159e-05
0.36 1.98676e-05
0.38 1.91695e-05
0.4 1.00631e-05
0.42 -1.27283e-05
0.44 -1.16251e-05
0.46 3.5332e-05
0.48 5.5799e-05
0.5 2.02556e-06
0.52 -5.28203e-05
0.54 -3.84612e-05
0.56 -1.13317e-05
0.58 -5.56933e-05
0.6 -0.000102452
0.62 -4.66691e-05
0.64 1.84429e-05
0.66 -2.26836e-05
0.68 -0.000140653
0.7 -0.000205868
0.72 -4.7375e-05
0.74 0.000179253
0.76 0.000127607
0.78 -6.87838e-05
0.8 1.86107e-05
0.82 0.000376095
0.84 0.000529901
0.86 0.000257064
0.88 -6.9155e-05
0.9 -4.35384e-05
0.92 0.000208216
0.94 0.000233748
0.96 -0.000125426
0.98 -0.000452028
1 -0.000310668
1.02 0.000108928
1.04 0.000219189
1.06 -0.000164673
1.08 -0.0005505
1.1 -0.000447865
1.12 -1.85397e-05
1.14 0.000222854
1.16 1.71788e-05
1.18 -0.000420672
1.2 -0.000456642
1.22 9.95883e-05
1.24 0.000417004
1.26 -5.73519e-05
1.28 -0.000653734
1.3 -0.000577496
1.32 6.5599e-05
1.34 0.000573201
1.36 0.000412198
1.38 -0.000173937
1.4 -0.000392665
1.42 1.46822e-05
1.44 0.000338778
1.46 -0.000137591
1.48 -0.00101992
1.5 -0.00122562
1.52 -0.000538531
1.54 2.68275e-05
1.56 -0.000308592
1.58 -0.000947176
1.6 -0.00078688
1.62 7.97785e-05
1.64 0.000465177
1.66 -8.45374e-05
1.68 -0.000663347
1.7 -0.000426585
1.72 0.000171892
1.74 0.00011537
1.76 -0.000497175
1.78 -0.000613026
1.8 -0.000101532
1.82 6.2776e-05
1.84 -0.00049647
1.86 -0.00091696
1.88 -0.000332371
1.9 0.000591367
1.92 0.000335572
1.94 -0.000951722
1.96 -0.00136069
1.98 -0.000262722
2 0.000492827
2.02 -0.000489318
2.04 -0.00183209
2.06 -0.00153887
2.08 -0.000164135
2.1 8.53453e-05
2.12 -0.00107923
2.14 -0.00162417
2.16 -0.000575537
2.18 0.000553479
2.2 0.000274267
2.22 -0.00082708
2.24 -0.00110836
2.26 -0.000218692
2.28 0.000275322
2.3 -0.000634762
2.32 -0.00162727
2.34 -0.00122244
2.36 -2.49218e-05
2.38 0.000261124
2.4 -0.000863136
2.42 -0.00183571
2.44 -0.00115483
2.46 0.000207119
2.48 0.000296135
2.5 -0.00069182
2.52 -0.000903086
2.54 5.31884e-05
2.56 0.000725022
2.58 0.000465781
2.6 0.000367275
2.62 0.0011879
2.64 0.00203871
2.66 0.00192862
2.68 0.00146074
2.7 0.00185839
2.72 0.00300623
2.74 0.00379834
2.76 0.00382011
2.78 0.00350205
2.8 0.00348261
2.82 0.00404348
2.84 0.00479632
2.86 0.0051901
2.88 0.00482077
2.9 0.0039139
2.92 0.0035783
2.94 0.00422598
2.96 0.00473006
2.98 0.004241
3 0.00349878
3.02 0.00300274
3.04 0.00218563
3.06 0.00129783
3.08 0.000928027
3.1 0.000597496
3.12 -0.000247812
3.14 -0.00126362
3.16 -0.00189401
3.18 -0.00222971
3.2 -0.00272238
3.22 -0.00349434
3.24 -0.0042804
3.26 -0.00474008
3.28 -0.00479713
3.3 -0.00445426
3.32 -0.00396529
3.34 -0.00373204
3.36 -0.00325283
3.38 -0.00201809
3.4 -0.000840476
3.42 -0.000577155
3.44 -0.000380238
3.46 0.00131908
3.48 0.00384127
3.5 0.00462918
3.52 0.00320375
3.54 0.00204025
3.56 0.00296297
3.58 0.00483048
3.6 0.00544642
3.62 0.00463283
3.64 0.00354138
3.66 0.00193785
3.68 6.21301e-05
3.7 -0.000256397
3.72 0.000500834
3.74 -0.000196322
3.76 -0.00243453
3.78 -0.00361089
3.8 -0.00248835
3.82 -0.00119571
3.84 -0.0018989
3.86 -0.00368958
3.88 -0.00440157
3.9 -0.00352043
3.92 -0.00264634
3.94 -0.00328591
3.96 -0.00477259
3.98 -0.00483948
4 -0.00238227
4.02 6.89909e-05
4.04 -0.000630024
4.06 -0.00287719
4.08 -0.00249669
4.1 0.000748288
4.12 0.00307261
4.14 0.00227899
4.16 0.000355958
4.18 -5.85917e-05
4.2 0.000431849
4.22 -0.00010892
4.24 -0.00147828
4.26 -0.00222001
4.28 -0.0018555
4.3 -0.00114577
4.32 -0.000353084
4.34 0.00108647
4.36 0.00209718
4.38 0.00109808
4.4 -0.000850911
4.42 -0.00148285
4.44 -0.000482871
4.46 0.000748506
4.48 0.00140633
4.5 0.000889396
4.52 -0.00113657
4.54 -0.00258569
4.56 -0.00142512
4.58 0.000858561
4.6 0.00122802
4.62 -0.000760712
4.64 -0.00186497
4.66 0.000205483
4.68 0.00297374
4.7 0.0030358
4.72 0.000994469
4.74 0.000154877
4.76 0.00190191
4.78 0.00358093
4.8 0.00202741
4.82 -0.0011509
4.84 -0.00152394
4.86 0.00134607
4.88 0.0033194
4.9 0.00168274
4.92 -0.00148717
4.94 -0.00246438
4.96 -0.000547488
4.98 0.00127828
5 5.20754e-06
5.02 -0.0033862
5.04 -0.00503224
5.06 -0.00299779
5.08 0.00102695
5.1 0.0032196
5.12 0.00124284
5.14 -0.00210457
5.16 -0.00208665
5.18 0.00140913
5.2 0.00393835
5.22 0.00268825
5.24 -0.000556081
5.26 -0.0026289
5.28 -0.00193675
5.3 0.0006185
5.32 0.00236832
5.34 0.00187192
5.36 0.000304356
5.38 -0.000334008
5.4 0.000398231
5.42 0.00123491
5.44 0.00134347
5.46 0.00118946
5.48 0.00125485
5.5 0.00140226
5.52 0.00138592
5.54 0.0011246
5.56 0.000628677
5.58 0.00013568
5.6 5.86951e-06
5.62 0.0001989
5.64 0.00048537
5.66 0.00071774
5.68 0.000495116
5.7 -0.000159918
5.72 -0.000470052
5.74 -0.000133605
5.76 0.000240917
5.78 -2.05392e-05
5.8 -0.000812361
5.82 -0.00104737
5.84 -0.000269997
5.86 0.000265518
5.88 -0.000417499
5.9 -0.00156022
5.92 -0.00162938
5.94 -4.06007e-05
5.96 0.00174609
5.98 0.00191515
6 0.000898008
6.02 0.000423344
6.04 0.00110513
6.06 0.00221479
6.08 0.0023982
6.1 0.00110021
6.12 -3.9886e-05
6.14 0.000781618
6.16 0.00255512
6.18 0.00229195
6.2 -0.000875578
6.22 -0.00351905
6.24 -0.00262518
6.26 -0.00031545
6.28 -0.000432484
6.3 -0.00269311
6.32 -0.00331203
6.34 -0.00101373
6.36 0.00116505
6.38 0.000579511
6.4 -0.00160523
6.42 -0.00225769
6.44 -0.000410043
6.46 0.00148754
6.48 0.000690829
6.5 -0.00229098
6.52 -0.00403401
6.54 -0.00275652
6.56 -0.000561215
6.58 4.5938e-05
6.6 -0.00111564
6.62 -0.00238403
6.64 -0.00174898
6.66 0.00082495
6.68 0.00271094
6.7 0.00172119
6.72 -0.00113433
6.74 -0.00289266
6.76 -0.00189205
6.78 0.0004297
6.8 0.00128144
6.82 -0.000163739
6.84 -0.00176074
6.86 -0.00114262
6.88 0.000907881
6.9 0.00146191
6.92 -0.000529206
6.94 -0.00265706
6.96 -0.00205844
6.98 0.000734544
7 0.00237801
7.02 0.000950225
7.04 -0.00155724
7.06 -0.00174097
7.08 0.000652379
7.1 0.00255307
7.12 0.00179844
7.14 -0.000340604
7.16 -0.000954704
7.18 0.000823776
7.2 0.00272769
7.22 0.00240182
7.24 0.000497105
7.26 -0.000541944
7.28 3.83472e-06
7.3 0.000840204
7.32 0.000927091
7.34 0.000463786
7.36 0.000216572
7.38 0.000498512
7.4 0.000888929
7.42 0.000754542
7.44 9.93409e-05
7.46 -0.000409339
7.48 -0.000403186
7.5 -0.000126828
7.52 2.39195e-05
7.54 -0.000264226
7.56 -0.0007949
7.58 -0.000778408
7.6 0.000127905
7.62 0.00118252
7.64 0.00140267
7.66 0.000956228
7.68 0.000780671
7.7 0.000987141
7.72 0.00089374
7.74 0.000331943
7.76 0.000178065
7.78 0.00104588
7.8 0.00191593
7.82 0.00152873
7.84 0.000180956
7.86 -0.00089806
7.88 -0.000832097
7.9 6.73623e-05
7.92 0.000554875
7.94 1.5091e-05
7.96 -0.000822413
7.98 -0.000883997
8 -0.000114028
8.02 0.00061844
8.04 0.0006632
8.06 0.000154119
8.08 -0.000248266
8.1 -4.73942e-05
8.12 0.000558779
8.14 0.000812716
8.16 0.000361032
8.18 -8.55414e-05
8.2 0.000342831
8.22 0.00122332
8.24 0.00092957
8.26 -0.000879083
8.28 -0.00194903
8.3 -0.000645402
8.32 0.00149688
8.34 0.00191924
8.36 0.000212713
8.38 -0.00140993
8.4 -0.000821591
8.42 0.0012429
8.44 0.00198659
8.46 4.24337e-05
8.48 -0.00232235
8.5 -0.00183794
8.52 0.00101638
8.54 0.00251461
8.56 0.000937285
8.58 -0.00123594
8.6 -0.000819125
8.62 0.00176147
8.64 0.0028801
8.66 0.000958103
8.68 -0.00111447
8.7 -0.000380027
8.72 0.0020785
8.74 0.00287567
8.76 0.000883576
8.78 -0.00132214
8.8 -0.00101195
8.82 0.000987298
8.84 0.00154321
8.86 -0.000569769
8.88 -0.00269531
8.9 -0.00169817
8.92 0.00119859
8.94 0.00221321
8.96 0.000357302
8.98 -0.00181723
9 -0.00161911
9.02 0.000489475
9.04 0.00148809
9.06 7.75635e-05
9.08 -0.0014972
9.1 -0.00104869
9.12 0.000451177
9.14 0.000785864
9.16 -0.00050825
9.18 -0.00188946
9.2 -0.00176066
9.22 -0.000478035
9.24 0.000181378
9.26 -0.000489135
9.28 -0.00127488
9.3 -0.000792897
9.32 0.000627633
9.34 0.0013696
9.36 0.000709603
9.38 -0.000409372
9.4 -0.000747728
9.42 -0.000114031
9.44 0.000717065
9.46 0.000852864
9.48 1.26285e-05
9.5 -0.00104702
9.52 -0.00110993
9.54 -0.000136405
9.56 0.000450649
9.58 4.24583e-05
9.6 -0.000109448
9.62 0.000639145
9.64 0.000900669
9.66 -0.000344081
9.68 -0.00176475
9.7 -0.0016253
9.72 -0.000225084
9.74 0.000904137
9.76 0.000471114
9.78 -0.00142982
9.8 -0.00250433
9.82 -0.00116036
9.84 0.000889706
9.86 0.00132991
9.88 0.000230621
9.9 -0.000592049
9.92 -3.76239e-05
9.94 0.000902237
9.96 0.000708842
9.98 -0.00024644
10 -0.00036312
10.02 0.000684596
10.04 0.00153609
10.06 0.00107744
10.08 -0.000218669
10.1 -0.000978552
10.12 -0.000565401
10.14 7.50756e-05
10.16 -0.000173148
10.18 -0.000894888
10.2 -0.000962934
10.22 -0.000329209
10.24 1.08788e-05
10.26 -0.00048528
10.28 -0.00108132
10.3 -0.000768477
10.32 0.000287592
10.34 0.000891205
10.36 0.000398209
10.38 -0.000413809
10.4 -0.00045042
10.42 0.00032043
10.44 0.00101415
10.46 0.00087876
10.48 0.000157701
10.5 -0.000148241
10.52 0.000427797
10.54 0.00107358
10.56 0.000605861
10.58 -0.000684817
10.6 -0.00101661
10.62 0.000216552
10.64 0.00136663
10.66 0.000946989
10.68 -0.000458853
10.7 -0.00119129
10.72 -0.000542507
10.74 0.000547493
10.76 0.000635952
10.78 -0.00031935
10.8 -0.000785981
10.82 6.22127e-05
10.84 0.00115429
10.86 0.00101871
10.88 -0.000411824
10.9 -0.00147544
10.92 -0.000763807
10.94 0.000800115
10.96 0.00115718
10.98 -7.97041e-05
11 -0.00123023
11.02 -0.000884968
11.04 0.000337023
11.06 0.00080772
11.08 4.46039e-05
11.1 -0.000865309
11.12 -0.000599114
11.14 0.000749669
11.16 0.00159473
11.18 0.000923145
11.2 -0.000322216
11.22 -0.000481855
11.24 0.000547773
11.26 0.00110825
11.28 0.000197209
11.3 -0.00107449
11.32 -0.00108377
11.34 5.47662e-05
11.36 0.000732503
11.38 1.23433e-05
11.4 -0.00106232
11.42 -0.000831283
11.44 0.000526852
11.46 0.00118174
11.48 0.000270325
11.5 -0.00096144
11.52 -0.000893087
11.54 0.00037951
11.56 0.00125395
11.58 0.000746206
11.6 -0.000294012
11.62 -0.000374094
11.64 0.000667338
11.66 0.00145055
11.68 0.000912431
11.7 -0.000310663
11.72 -0.000721604
11.74 8.9022e-05
11.76 0.000944634
11.78 0.000551951
11.8 -0.000828028
11.82 -0.00158859
11.84 -0.000874908
11.86 0.00027801
11.88 0.000360226
11.9 -0.000538682
11.92 -0.000866371
11.94 7.23373e-05
11.96 0.00112144
11.98 0.000943711
12 -0.000231766
12.02 -0.000893005
12.04 -0.000197392
12.06 0.000907162
12.08 0.000975787
12.1 -5.74556e-05
12.12 -0.000959484
12.14 -0.000615896
12.16 0.000683547
12.18 0.00136439
12.2 0.000548627
12.22 -0.000733769
12.24 -0.00095158
12.26 -9.48161e-05
12.28 0.000486317
12.3 -7.36741e-05
12.32 -0.00110147
12.34 -0.001284
12.36 -0.000407815
12.38 0.000387689
12.4 0.00024441
12.42 -0.000357793
12.44 -0.000428634
12.46 0.000183214
12.48 0.000741679
12.5 0.000652522
12.52 0.000152379
12.54 -7.28184e-05
12.56 0.000232219
12.58 0.00065694
12.6 0.00068703
12.62 0.000345317
12.64 0.000105105
12.66 0.000157294
12.68 0.000221548
12.7 6.49926e-05
12.72 -0.000225667
12.74 -0.000377758
12.76 -0.000275656
12.78 -0.000148676
12.8 -0.000186237
12.82 -0.000167368
12.84 0.000119008
12.86 0.000406861
12.88 0.000293051
12.9 -0.000113279
12.92 -0.000273833
12.94 1.93301e-05
12.96 0.000383337
12.98 0.000355248
13 -2.71601e-05
13.02 -0.000322915
13.04 -0.000230433
13.06 0.00011074
13.08 0.000344864
13.1 0.00028337
13.12 7.92868e-05
13.14 3.43905e-05
13.16 0.000198635
13.18 0.000289088
13.2 0.000104901
13.22 -0.000140144
13.24 -9.67199e-05
13.26 0.000226331
13.28 0.000389969
13.3 5.58968e-05
13.32 -0.000510592
13.34 -0.000637493
13.36 -0.000112118
13.38 0.00050131
13.4 0.000529278
13.42 -2.70113e-05
13.44 -0.000483762
13.46 -0.000299322
13.48 0.000185608
13.5 0.000266629
13.52 -0.000102654
13.54 -0.000393145
13.56 -0.000257206
13.58 6.64915e-05
13.6 0.000113689
13.62 -0.00018497
13.64 -0.000423498
13.66 -0.000259102
13.68 8.0259e-05
13.7 0.000128126
13.72 -0.000173214
13.74 -0.000409004
13.76 -0.000197384
13.78 0.000295542
13.8 0.000551399
13.82 0.000340017
13.84 -2.69091e-05
13.86 -0.000142747
13.88 -1.40697e-05
13.9 7.49923e-05
13.92 -1.97153e-05
13.94 -0.000162505
13.96 -0.000127643
13.98 9.1399e-05
14 0.000253095
14.02 0.000231792
14.04 0.000228539
14.06 0.000421932
14.08 0.000645028
14.1 0.000599572
14.12 0.000187944
14.14 -0.000343289
14.16 -0.000497048
14.18 -0.000103744
14.2 0.000332176
14.22 0.000188764
14.24 -0.000477623
14.26 -0.000873197
14.28 -0.000465437
14.3 0.000222794
14.32 0.000325431
14.34 -0.000258748
14.36 -0.000795237
14.38 -0.000608607
14.4 2.61283e-05
14.42 0.000258745
14.44 -0.000191579
14.46 -0.000697
14.48 -0.000543286
14.5 0.000122019
14.52 0.000564945
14.54 0.000387914
14.56 -7.91186e-05
14.58 -0.000267457
14.6 -5.42069e-05
14.62 0.000286911
14.64 0.00047544
14.66 0.000419212
14.68 0.000220217
14.7 -5.90622e-05
14.72 -0.000437663
14.74 -0.000649155
14.76 -0.000386712
14.78 7.09335e-05
14.8 0.000117894
14.82 -0.000382062
14.84 -0.000758454
14.86 -0.00039817
14.88 0.000208373
14.9 0.000202877
14.92 -0.000278524
14.94 -0.000404505
14.96 3.61677e-05
14.98 0.000458275
15 0.000351784
15.02 -0.000112821
15.04 -0.000392814
15.06 -0.000255542
15.08 2.79376e-05
15.1 8.48907e-05
15.12 -8.01577e-05
15.14 -9.67183e-05
15.16 0.000229524
15.18 0.00055941
15.2 0.000469069
15.22 6.89649e-05
15.24 -0.000211527
15.26 -0.000184834
15.28 -4.73368e-05
15.3 -0.000109187
15.32 -0.000388826
15.34 -0.000525131
15.36 -0.000273343
15.38 9.74735e-05
15.4 0.000216595
15.42 9.45489e-05
15.44 -1.2003e-05
15.46 2.70744e-05
15.48 7.50169e-05
15.5 -2.63626e-05
15.52 -0.00015426
15.54 -7.66953e-05
15.56 0.000184587
15.58 0.000398537
15.6 0.000399148
15.62 0.000232242
15.64 7.25176e-05
15.66 -9.10432e-08
15.68 -1.60291e-05
15.7 3.25054e-05
15.72 0.000171029
15.74 0.000342977
15.76 0.000409824
15.78 0.000297133
15.8 0.000140942
15.82 0.000116028
15.84 0.000167851
15.86 0.000120897
15.88 -2.68972e-05
15.9 -9.68436e-05
15.92 2.44898e-05
15.94 0.000251482
15.96 0.000396799
15.98 0.000364333
16 0.000237256
16.02 0.00018651
16.04 0.000259641
16.06 0.000302658
16.08 0.000212263
16.1 9.63102e-05
16.12 5.23607e-05
16.14 2.09615e-05
16.16 -3.69975e-05
16.18 -4.78821e-06
16.2 0.000194202
16.22 0.000382795
16.24 0.000317257
16.26 1.2482e-06
16.28 -0.000318004
16.3 -0.000293418
16.32 0.000126135
16.34 0.00049479
16.36 0.000340878
16.38 -0.000189862
16.4 -0.000461093
16.42 -0.000199788
16.44 0.00015043
16.46 7.88034e-05
16.48 -0.000371597
16.5 -0.000711679
16.52 -0.000649858
16.54 -0.00044335
16.56 -0.000428339
16.58 -0.000535915
16.6 -0.000507153
16.62 -0.000332732
16.64 -0.000257126
16.66 -0.000389868
16.68 -0.000372387
16.7 0.000238427
16.72 0.00117072
16.74 0.00162212
16.76 0.00138528
16.78 0.00108385
16.8 0.00124656
16.82 0.00167868
16.84 0.00164147
16.86 0.000554278
16.88 -0.000841643
16.9 -0.000849282
16.92 0.000520006
16.94 0.00116226
16.96 2.5009e-05
16.98 -0.00139258
17 -0.00125931
17.02 0.000109731
17.04 0.00084443
17.06 -3.69254e-05
17.08 -0.00142874
17.1 -0.0016173
17.12 -0.000660089
17.14 -0.00017312
17.16 -0.000860181
17.18 -0.00151349
17.2 -0.00105588
17.22 -0.000226295
17.24 -0.00016665
17.26 -0.000761088
17.28 -0.00108234
17.3 -0.000680457
17.32 -3.53042e-05
17.34 0.000236225
17.36 0.000200238
17.38 0.000383077
17.4 0.000953883
17.42 0.0014931
17.44 0.00161381
17.46 0.00139495
17.48 0.00111287
17.5 0.000935079
17.52 0.000936466
17.54 0.00100576
17.56 0.00072548
17.58 -2.97879e-05
17.6 -0.000689142
17.62 -0.000697388
17.64 -0.000328684
17.66 -0.000291171
17.68 -0.000705012
17.7 -0.00103024
17.72 -0.000934193
17.74 -0.000716745
17.76 -0.000745843
17.78 -0.000904114
17.8 -0.000867762
17.82 -0.000610647
17.84 -0.000300891
17.86 -4.7994e-05
17.88 6.34888e-05
17.9 2.60673e-05
17.92 7.91582e-06
17.94 0.000204648
17.96 0.000606675
17.98 0.000943278
18 0.000932379
18.02 0.000626473
18.04 0.000394292
18.06 0.000480346
18.08 0.000608535
18.1 0.000261616
18.12 -0.000466234
18.14 -0.00079688
18.16 -0.000386154
18.18 0.000113521
18.2 -3.87611e-05
18.22 -0.000824301
18.24 -0.00147625
18.26 -0.00139802
18.28 -0.000959364
18.3 -0.000858442
18.32 -0.000985973
18.34 -0.000502428
18.36 0.000709879
18.38 0.00151827
18.4 0.00123017
18.42 0.00066021
18.44 0.000892608
18.46 0.00184128
18.48 0.00219411
18.5 0.000958595
18.52 -0.000764528
18.54 -0.000858724
18.56 0.000687846
18.58 0.00160055
18.6 0.000469986
18.62 -0.00139918
18.64 -0.00170402
18.66 -0.000223613
18.68 0.000893941
18.7 6.05627e-05
18.72 -0.00166835
18.74 -0.00207563
18.76 -0.00083692
18.78 9.70621e-05
18.8 -0.000493509
18.82 -0.00114076
18.84 -0.000213757
18.86 0.00144698
18.88 0.00205722
18.9 0.00133226
18.92 0.000556083
18.94 0.000912012
18.96 0.00199383
18.98 0.00230163
19 0.00119011
19.02 -0.000234885
19.04 -0.000430894
19.06 0.000447424
19.08 0.000785682
19.1 -6.29232e-05
19.12 -0.00101194
19.14 -0.000974436
19.16 -0.000274245
19.18 1.15667e-05
19.2 -0.00057761
19.22 -0.00140724
19.24 -0.00156481
19.26 -0.000928083
19.28 -0.000211516
19.3 -0.000170706
19.32 -0.00069138
19.34 -0.000880134
19.36 -0.000392309
19.38 8.54885e-05
19.4 -3.78309e-05
19.42 -0.000490194
19.44 -0.000492303
19.46 0.000270098
19.48 0.00114237
19.5 0.00122882
19.52 0.000508069
19.54 -8.53657e-05
19.56 0.000182758
19.58 0.000934306
19.6 0.00103131
19.62 0.000120215
19.64 -0.000578154
19.66 -2.82249e-06
19.68 0.000941789
19.7 0.000655768
19.72 -0.000733363
19.74 -0.00146554
19.76 -0.000569159
19.78 0.000774185
19.8 0.00070165
19.82 -0.000819511
19.84 -0.00175958
19.86 -0.0007594
19.88 0.00106916
19.9 0.0016271
19.92 0.000446426
19.94 -0.00072743
19.96 -0.000294499
19.98 0.00104804
20 0.00142377
20.02 0.000392784
20.04 -0.000564102
20.06 -0.000155342
20.08 0.000920888
20.1 0.000788415
20.12 -0.000937847
20.14 -0.00220157
20.16 -0.00114659
20.18 0.00120952
20.2 0.00193242
20.22 -7.16749e-05
20.24 -0.00224182
20.26 -0.00165377
20.28 0.000825959
20.3 0.0017217
20.32 -2.36236e-05
20.34 -0.00170577
20.36 -0.00102882
20.38 0.000960897
20.4 0.00177256
20.42 0.0006803
20.44 -0.000584246
20.46 -0.000180915
20.48 0.00139981
20.5 0.00189087
20.52 0.000367869
20.54 -0.0014075
20.56 -0.00142003
20.58 0.000351662
20.6 0.00195624
20.62 0.00118396
20.64 -0.00144322
20.66 -0.00272372
20.68 -0.00132332
20.7 0.000695608
20.72 0.00120836
20.74 4.70343e-05
20.76 -0.00134547
20.78 -0.00120327
20.8 0.000345454
20.82 0.00111115
20.84 -7.26263e-05
20.86 -0.00148287
20.88 -0.000840897
20.9 0.00135464
20.92 0.00239662
20.94 0.00115238
20.96 -0.00051055
20.98 -0.00031566
21 0.00135137
21.02 0.00183928
21.04 0.000167488
21.06 -0.00138679
21.08 -0.000691159
21.1 0.00122099
21.12 0.00159395
21.14 -0.000297115
21.16 -0.00193251
21.18 -0.00102124
21.2 0.00106679
21.22 0.00127214
21.24 -0.000831038
21.26 -0.00248661
21.28 -0.00155821
21.3 0.000594995
21.32 0.00116464
21.34 -0.000156275
21.36 -0.00104923
21.38 -6.14844e-05
21.4 0.0017031
21.42 0.00211428
21.44 0.000400876
21.46 -0.00139818
21.48 -0.000728873
21.5 0.00140672
21.52 0.00170488
21.54 -0.000550641
21.56 -0.00260024
21.58 -0.00203479
21.6 0.000211684
21.62 0.00136727
21.64 0.000244086
21.66 -0.00151251
21.68 -0.0015426
21.7 0.000251097
21.72 0.00173964
21.74 0.0012582
21.76 -0.000582063
21.78 -0.00162791
21.8 -0.000665955
21.82 0.00102364
21.84 0.00120691
21.86 -0.000396098
21.88 -0.00162235
21.9 -0.00078608
21.92 0.00103657
21.94 0.00156574
21.96 0.000306404
21.98 -0.000934553
22 -0.000474634
22.02 0.00109011
22.04 0.0017563
22.06 0.000688294
22.08 -0.000880773
22.1 -0.0011969
22.12 -0.000113205
22.14 0.000812749
22.16 0.000393043
22.18 -0.000726559
22.2 -0.0010227
22.22 -0.000141594
22.24 0.000769678
22.26 0.000596645
22.28 -0.00035352
22.3 -0.000771784
22.32 -0.000101467
22.34 0.00083228
22.36 0.000951586
22.38 0.000250315
22.4 -0.000239262
22.42 0.00013423
22.44 0.000860887
22.46 0.000982266
22.48 0.00033886
22.5 -0.000251709
22.52 -0.000196688
22.54 0.00017847
22.56 0.000259982
22.58 -6.17127e-05
22.6 -0.000387948
22.62 -0.00033592
22.64 -1.59624e-05
22.66 0.000136375
22.68 -6.77736e-05
22.7 -0.000399417
22.72 -0.000464786
22.74 -0.000183483
22.76 4.82213e-05
22.78 -0.000118778
22.8 -0.000502929
22.82 -0.000564242
22.84 -0.000120526
22.86 0.000355905
22.88 0.000345383
22.9 -5.99997e-05
22.92 -0.000333243
22.94 -0.000142682
22.96 0.00031398
22.98 0.000530754
23 0.000280959
23.02 -0.000116494
23.04 -0.000238496
23.06 -6.74839e-05
23.08 7.09236e-05
23.1 -5.65103e-05
23.12 -0.00029682
23.14 -0.000306733
23.16 -7.22351e-05
23.18 8.58622e-05
23.2 2.22041e-05
23.22 -6.64322e-05
23.24 3.34944e-05
23.26 0.000278613
23.28 0.000435297
23.3 0.000349608
23.32 0.000128836
23.34 4.46358e-06
23.36 5.67772e-05
23.38 0.000131382
23.4 -3.8634e-06
23.42 -0.000375026
23.44 -0.000614811
23.46 -0.000377736
23.48 9.06649e-05
23.5 0.00024696
23.52 -5.54352e-05
23.54 -0.00042872
23.56 -0.00036833
23.58 0.000118224
23.6 0.000514233
23.62 0.000416696
23.64 -2.97331e-06
23.66 -0.000230773
23.68 -2.82105e-05
23.7 0.000392316
23.72 0.000572577
23.74 0.000272544
23.76 -0.000165938
23.78 -0.000249528
23.8 3.12753e-05
23.82 0.000302944
23.84 0.000258894
23.86 -7.15413e-05
23.88 -0.000380367
23.9 -0.000356869
23.92 -2.1519e-05
23.94 0.000249939
23.96 0.000117153
23.98 -0.000314549
24 -0.000507213
24.02 -0.000126082
24.04 0.000522924
24.06 0.000756852
24.08 0.00029788
24.1 -0.000294243
24.12 -0.000371007
24.14 3.10328e-06
24.16 0.000343559
24.18 0.000313149
24.2 -5.48178e-05
24.22 -0.000401892
24.24 -0.000352779
24.26 3.78636e-05
24.28 0.000371874
24.3 0.000359738
24.32 5.6748e-05
24.34 -0.000262316
24.36 -0.000359434
24.38 -0.000208861
24.4 -3.20219e-05
24.42 -1.73131e-05
24.44 -8.12007e-05
24.46 -3.83783e-05
24.48 0.000100165
24.5 0.00013848
24.52 -4.28376e-06
24.54 -0.000174975
24.56 -0.000166585
24.58 4.35809e-05
24.6 0.000253034
24.62 0.000242742
24.64 5.69586e-05
24.66 -3.60323e-05
24.68 9.08712e-05
24.7 0.000236177
24.72 0.000132747
24.74 -0.000157809
24.76 -0.00028622
24.78 -6.43913e-05
24.8 0.000312334
24.82 0.000452024
24.84 0.000225894
24.86 -3.31044e-05
24.88 3.37611e-06
24.9 0.000251126
24.92 0.000386654
24.94 0.000254109
24.96 3.51092e-05
24.98 -5.50677e-06
25 0.000155517
25.02 0.000300012
25.04 0.000243453
25.06 6.55752e-05
25.08 -2.08181e-05
25.1 4.63507e-05
25.12 0.000156035
25.14 0.000192051
25.16 0.000133103
25.18 4.3141e-05
25.2 -2.94053e-06
25.22 -3.00399e-06
25.24 -1.34857e-05
25.26 -7.29077e-05
25.28 -0.000170877
25.3 -0.000256884
25.32 -0.000279383
25.34 -0.000210749
25.36 -6.78416e-05
25.38 5.94357e-05
25.4 5.71512e-05
25.42 -6.93184e-05
25.44 -0.000166479
25.46 -0.000120743
25.48 -6.35389e-06
25.5 1.91013e-05
25.52 -6.84663e-05
25.54 -0.000131716
25.56 -5.65562e-05
25.58 0.000110016
25.6 0.000216909
25.62 0.000185632
25.64 9.46269e-05
25.66 6.55932e-05
25.68 0.000107684
25.7 0.000122767
25.72 6.09444e-05
25.74 -2.15995e-05
25.76 -6.8598e-05
25.78 -7.60353e-05
25.8 -6.26991e-05
25.82 -5.63791e-05
25.84 -5.98898e-05
25.86 -3.24305e-05
25.88 3.03289e-05
25.9 4.70019e-05
25.92 -3.95085e-05
25.94 -0.000153904
25.96 -0.000163166
25.98 -6.61916e-05
26 -1.31508e-05
26.02 -0.000106145
26.04 -0.000262956
26.06 -0.000286766
26.08 -0.000112552
26.1 7.31949e-05
26.12 4.15327e-05
26.14 -0.000191645
26.16 -0.000339013
26.18 -0.000195049
26.2 7.2237e-05
26.22 0.000164578
26.24 1.82317e-05
26.26 -0.00016592
26.28 -0.000153362
26.3 3.92007e-05
26.32 0.000174839
26.34 0.000103367
26.36 -9.14186e-05
26.38 -0.000207326
26.4 -0.000139376
26.42 5.88544e-06
26.44 4.24533e-05
26.46 -6.504e-05
26.48 -0.000146501
26.5 -4.75209e-05
26.52 0.000137623
26.54 0.000173721
26.56 8.32175e-06
26.58 -0.000133575
26.6 -2.12417e-05
26.62 0.000271583
26.64 0.000401222
26.66 0.000184455
26.68 -0.000131272
26.7 -0.000177243
26.72 5.97324e-05
26.74 0.000256377
26.76 0.000167689
26.78 -0.000116507
26.8 -0.000283487
26.82 -0.000156648
26.84 7.49724e-05
26.86 0.000110259
26.88 -9.04164e-05
26.9 -0.000293917
26.92 -0.00024668
26.94 1.69005e-05
26.96 0.00022093
26.98 0.000173218
27 -6.1538e-05
27.02 -0.00021996
27.04 -0.000108138
27.06 0.00015247
27.08 0.000244414
27.1 4.67251e-05
27.12 -0.000211509
27.14 -0.000212837
27.16 4.18781e-05
27.18 0.000236378
27.2 0.000137587
27.22 -0.000145337
27.24 -0.000283217
27.26 -0.000121477
27.28 0.000136461
27.3 0.000194622
27.32 1.39489e-05
27.34 -0.00015997
27.36 -9.53257e-05
27.38 0.000154692
27.4 0.000307441
27.42 0.000183809
27.44 -4.87641e-05
27.46 -8.87478e-05
27.48 9.8486e-05
27.5 0.000254168
27.52 0.000151541
27.54 -0.000143443
27.56 -0.000335834
27.58 -0.000239488
27.6 -2.32162e-05
27.62 1.84765e-05
27.64 -0.000171241
27.66 -0.000357343
27.68 -0.00029108
27.7 -4.56953e-05
27.72 0.00011101
27.74 8.54264e-05
27.76 2.11564e-05
27.78 7.9561e-05
27.8 0.00023752
27.82 0.0003208
27.84 0.000235018
27.86 8.7086e-05
27.88 2.20951e-05
27.9 5.39516e-05
27.92 8.98836e-05
27.94 4.98465e-05
27.96 -3.33923e-05
27.98 -5.88331e-05
28 -4.53884e-06
28.02 5.58057e-05
28.04 5.35571e-05
28.06 -1.59855e-05
28.08 -9.19655e-05
28.1 -0.000111115
28.12 -5.90595e-05
28.14 2.79347e-05
28.16 6.19918e-05
28.18 -3.76658e-06
28.2 -7.0089e-05
28.22 -1.16888e-05
28.24 0.000145836
28.26 0.000268531
28.28 0.000270917
28.3 0.000202032
28.32 0.000180365
28.34 0.000234201
28.36 0.000183371
28.38 -0.000138677
28.4 -0.000504663
28.42 -0.000445881
28.44 4.01729e-05
28.46 0.00036796
28.48 0.000131258
28.5 -0.000366379
28.52 -0.000456595
28.54 2.83487e-05
28.56 0.0005536
28.58 0.000524633
28.6 -2.13222e-05
28.62 -0.000483427
28.64 -0.000361569
28.66 0.000185323
28.68 0.000539149
28.7 0.000349034
28.72 -9.64358e-05
28.74 -0.000293941
28.76 -0.000144169
28.78 6.49433e-05
28.8 0.000115096
28.82 3.83187e-05
28.84 -5.9402e-05
28.86 -9.76606e-05
28.88 -2.60774e-05
28.9 0.000112157
28.92 0.000206352
28.94 0.000205621
28.96 0.000152315
28.98 9.34595e-05
29 2.0822e-05
29.02 -5.6448e-05
29.04 -3.9289e-05
29.06 0.000124885
29.08 0.000276996
29.1 0.000201817
29.12 -6.38523e-05
29.14 -0.000258989
29.16 -0.000203444
29.18 -9.26633e-06
29.2 7.41352e-05
29.22 -3.00818e-05
29.24 -0.000186942
29.26 -0.000224147
29.28 -0.000101833
29.3 6.09105e-05
29.32 0.000100089
29.34 -3.22518e-05
29.36 -0.000187681
29.38 -0.000156438
29.4 6.79025e-05
29.42 0.000251692
29.44 0.000189834
29.46 -4.18604e-05
29.48 -0.00017067
29.5 -5.86955e-05
29.52 0.000147756
29.54 0.000188995
29.56 -2.86123e-05
29.58 -0.000313803
29.6 -0.000338806
29.62 -5.03632e-05
29.64 0.00020636
29.66 0.000117821
29.68 -0.000210833
29.7 -0.000373218
29.72 -0.000174324
29.74 0.000114073
29.76 0.000145134
29.78 -6.29628e-05
29.8 -0.000216029
29.82 -0.000119572
29.84 0.000127331
29.86 0.000267887
29.88 0.000172935
29.9 -1.83389e-05
29.92 -5.7189e-05
29.94 0.000119208
29.96 0.000300372
29.98 0.000239314
30 -4.00146e-05
30.02 -0.000277291
30.04 -0.000258809
30.06 -5.8807e-05
30.08 4.35724e-05
30.1 -8.00036e-05
30.12 -0.000250766
30.14 -0.000202907
30.16 5.57915e-05
30.18 0.000261687
30.2 0.000225706
30.22 2.54636e-05
30.24 -0.000101416
30.26 -1.18912e-05
30.28 0.000205528
30.3 0.000322161
30.32 0.000228966
30.34 5.58539e-05
30.36 -1.19252e-05
30.38 6.21757e-05
30.4 0.000147682
30.42 0.000101429
30.44 -7.88717e-05
30.46 -0.000260095
30.48 -0.000284997
30.5 -0.000141399
30.52 1.70859e-05
30.54 5.28271e-05
30.56 -2.9378e-05
30.58 -0.000104703
30.6 -5.89953e-05
30.62 8.84579e-05
30.64 0.000212382
30.66 0.000215188
30.68 0.00012474
30.7 6.12951e-05
30.72 9.74209e-05
30.74 0.000153197
30.76 0.000103353
30.78 -2.44319e-05
30.8 -9.07762e-05
30.82 -4.09127e-05
30.84 5.23482e-05
30.86 8.52325e-05
30.88 3.24454e-05
30.9 -9.7663e-06
30.92 6.42951e-05
30.94 0.000206006
30.96 0.000242424
30.98 0.000110714
31 -5.96361e-05
31.02 -0.000116388
31.04 -3.76102e-05
31.06 6.2801e-05
31.08 4.52099e-05
31.1 -9.71919e-05
31.12 -0.000194477
31.14 -9.58046e-05
31.16 0.000123447
31.18 0.000235235
31.2 0.000127664
31.22 -6.52286e-05
31.24 -0.000118365
31.26 3.21471e-05
31.28 0.000213013
31.3 0.000205324
31.32 1.8375e-05
31.34 -0.000118801
31.36 -4.30604e-05
31.38 0.000148467
31.4 0.000226119
31.42 0.000121138
31.44 -2.18707e-05
31.46 -4.89736e-05
31.48 4.82853e-05
31.5 0.000132065
31.52 6.6681e-05
31.54 -0.000104999
31.56 -0.000196128
31.58 -0.00011254
31.6 3.32639e-05
31.62 7.41788e-05
31.64 -2.828e-05
31.66 -0.000163149
31.68 -0.000187633
31.7 -9.18976e-05
31.72 -5.71163e-06
31.74 -2.47463e-05
31.76 -0.000105182
31.78 -0.000133892
31.8 -6.61365e-05
31.82 2.23453e-05
31.84 2.94999e-05
31.86 -3.28821e-05
31.88 -5.03031e-05
31.9 2.97465e-05
31.92 0.000121475
31.94 0.000117474
31.96 3.43323e-05
31.98 -9.73998e-06
32 4.50258e-05
32.02 0.000119687
32.04 9.59077e-05
32.06 -3.11812e-05
32.08 -0.000140317
32.1 -0.000123642
32.12 -1.86772e-05
32.14 2.94168e-05
32.16 -4.90631e-05
32.18 -0.000156128
32.2 -0.000152549
32.22 -4.28425e-05
32.24 3.67005e-05
32.26 -6.14882e-06
32.28 -0.000114494
32.3 -0.000155595
32.32 -8.78673e-05
32.34 -9.77819e-06
32.36 -2.28447e-05
32.38 -0.000108759
32.4 -0.000166976
32.42 -0.000132118
32.44 -4.53796e-05
32.46 -1.86131e-06
32.48 -3.22441e-05
32.5 -8.35043e-05
32.52 -0.00010074
32.54 -7.11506e-05
32.56 -1.24917e-05
32.58 3.32729e-05
32.6 2.58798e-05
32.62 -1.69462e-05
32.64 -2.24631e-05
32.66 4.72212e-05
32.68 0.000135566
32.7 0.000150516
32.72 7.20614e-05
32.74 -2.67072e-05
32.76 -7.24183e-05
32.78 -6.5387e-05
32.8 -4.61212e-05
32.82 -4.17959e-05
32.84 -4.24204e-05
32.86 -1.4179e-05
32.88 5.48418e-05
32.9 0.00013878
32.92 0.000187367
32.94 0.000162285
32.96 8.71278e-05
32.98 3.29967e-05
33 3.41454e-05
33.02 5.01285e-05
33.04 2.90277e-05
33.06 -2.02946e-05
33.08 -4.54302e-05
33.1 -2.60849e-05
33.12 -1.89845e-06
33.14 -1.34861e-05
33.16 -4.23304e-05
33.18 -4.55605e-05
33.2 -1.2516e-05
33.22 3.60243e-05
33.24 6.19119e-05
33.26 4.05586e-05
33.28 -1.03561e-05
33.3 -5.61249e-05
33.32 -6.83097e-05
33.34 -2.24686e-05
33.36 7.06588e-05
33.38 0.000137834
33.4 0.00010393
33.42 -9.55952e-06
33.44 -8.22296e-05
33.46 -2.55716e-05
33.48 9.20849e-05
33.5 0.000113616
33.52 -4.24266e-06
33.54 -0.000136923
33.56 -0.000137514
33.58 4.12326e-06
33.6 0.000148425
33.62 0.000146129
33.64 6.92387e-07
33.66 -0.000136305
33.68 -0.00014104
33.7 -4.64002e-05
33.72 2.39579e-05
33.74 -5.6676e-06
33.76 -9.55098e-05
33.78 -0.000120205
33.8 -6.36053e-06
33.82 0.000159105
33.84 0.000211344
33.86 0.000112547
33.88 2.09994e-07
33.9 1.47629e-05
33.92 0.000141485
33.94 0.000230828
33.96 0.000174541
33.98 4.62521e-05
34 5.97575e-06
34.02 8.91349e-05
34.04 0.0001719
34.06 0.000138391
34.08 9.75559e-06
34.1 -9.74409e-05
34.12 -8.63734e-05
34.14 1.50839e-05
34.16 7.28615e-05
34.18 1.20158e-05
34.2 -8.92822e-05
34.22 -0.000101562
34.24 -1.05424e-05
34.26 6.72008e-05
34.28 3.80178e-05
34.3 -4.9244e-05
34.32 -7.46009e-05
34.34 -7.25669e-06
34.36 7.06194e-05
34.38 9.24947e-05
34.4 8.00389e-05
34.42 8.42026e-05
34.44 0.000119219
34.46 0.000152345
34.48 0.000140363
34.5 7.49364e-05
34.52 -7.40796e-06
34.54 -5.72595e-05
34.56 -5.77457e-05
34.58 -3.08317e-05
34.6 -1.32089e-06
34.62 2.65903e-05
34.64 4.9561e-05
34.66 4.84851e-05
34.68 1.4057e-05
34.7 -3.10392e-05
34.72 -5.41519e-05
34.74 -5.07262e-05
34.76 -4.7062e-05
34.78 -5.61873e-05
34.8 -5.38213e-05
34.82 -2.12016e-05
34.84 2.74884e-05
34.86 6.87566e-05
34.88 7.89683e-05
34.9 5.23137e-05
34.92 3.13883e-05
34.94 6.35218e-05
34.96 0.000131731
34.98 0.00017003
35 0.000130624
35.02 3.69196e-05
35.04 -2.61389e-05
35.06 -7.83717e-06
35.08 3.69501e-05
35.1 1.87217e-05
35.12 -6.71111e-05
35.14 -0.00014565
35.16 -0.00016
35.18 -0.000120162
35.2 -7.45199e-05
35.22 -4.97127e-05
35.24 -3.22752e-05
35.26 -8.32883e-06
35.28 9.04305e-06
35.3 4.7337e-06
35.32 -2.40886e-06
35.34 9.90189e-06
35.36 2.09171e-05
35.38 9.50813e-06
35.4 2.39674e-06
35.42 3.35399e-05
35.44 9.18296e-05
35.46 0.000122283
35.48 8.46742e-05
35.5 1.09768e-05
35.52 -3.69635e-05
35.54 -4.18431e-05
35.56 -2.8815e-05
35.58 -3.75354e-05
35.6 -9.447e-05
35.62 -0.000168192
35.64 -0.000180028
35.66 -0.000104443
35.68 -1.48202e-05
35.7 -1.49221e-06
35.72 -6.03966e-05
35.74 -0.000101507
35.76 -7.92915e-05
35.78 -2.13409e-05
35.8 5.43223e-05
35.82 0.000117319
35.84 9.15415e-05
35.86 -2.08848e-05
35.88 -9.74883e-05
35.9 -6.84976e-05
35.92 -2.12016e-06
35.94 3.73713e-05
35.96 8.69117e-05
35.98 0.000156666
36 0.000142683
36.02 8.23314e-06
36.04 -0.000100242
36.06 -5.37289e-05
36.08 9.20863e-05
36.1 0.000200034
36.12 0.000195417
36.14 8.38253e-05
36.16 -7.25236e-05
36.18 -0.000128927
36.2 2.22233e-05
36.22 0.000244674
36.24 0.000274551
36.26 5.98142e-05
36.28 -0.000205496
36.3 -0.000290894
36.32 -0.000157961
36.34 -1.61942e-05
36.36 -3.89943e-05
36.38 -0.000152891
36.4 -0.000170613
36.42 -2.13938e-05
36.44 0.000174577
36.46 0.000201854
36.48 1.03345e-05
36.5 -0.00012501
36.52 7.81497e-05
36.54 0.000471312
36.56 0.000566911
36.58 0.000207174
36.6 -0.000159239
36.62 -0.000108623
36.64 0.000197786
36.66 0.000306099
36.68 8.07413e-05
36.7 -0.000251894
36.72 -0.000404733
36.74 -0.000242593
36.76 9.22797e-05
36.78 0.000298985
36.8 0.000148595
36.82 -0.000258752
36.84 -0.00043937
36.86 -0.00013561
36.88 0.000251413
36.9 0.000189804
36.92 -0.000275778
36.94 -0.000558938
36.96 -0.000278857
36.98 0.000272306
37 0.000523876
37.02 0.000244188
37.04 -0.000183119
37.06 -0.000161546
37.08 0.000326724
37.1 0.000633238
37.12 0.000319275
37.14 -0.000232752
37.16 -0.000379237
37.18 -6.10784e-05
37.2 0.000233899
37.22 8.89837e-05
37.24 -0.000442239
37.26 -0.000757871
37.28 -0.000346413
37.3 0.000361858
37.32 0.000498012
37.34 -6.3269e-05
37.36 -0.00063854
37.38 -0.000544109
37.4 8.04296e-05
37.42 0.000472425
37.44 0.000235702
37.46 -0.000242069
37.48 -0.000307996
37.5 0.000118548
37.52 0.000503267
37.54 0.000389803
37.56 -2.3177e-05
37.58 -0.000144243
37.6 0.000189021
37.62 0.000511907
37.64 0.000341548
37.66 -0.00018584
37.68 -0.000449835
37.7 -0.000125029
37.72 0.000385816
37.74 0.000423946
37.76 -5.83052e-05
37.78 -0.000452311
37.8 -0.000274874
37.82 0.000177818
37.84 0.000220977
37.86 -0.000245459
37.88 -0.000605423
37.9 -0.00038035
37.92 0.000139089
37.94 0.000363025
37.96 0.000119421
37.98 -0.000262223
38 -0.000311197
38.02 3.42856e-05
38.04 0.000358467
38.06 0.00029336
38.08 -5.00056e-05
38.1 -0.000256603
38.12 -0.000108982
38.14 0.000187975
38.16 0.000270708
38.18 7.97535e-05
38.2 -9.86156e-05
38.22 -7.75296e-06
38.24 0.000269751
38.26 0.00036555
38.28 8.77149e-05
38.3 -0.000314665
38.32 -0.000410038
38.34 -0.00010134
38.36 0.000234001
38.38 0.000204359
38.4 -0.00012098
38.42 -0.000306018
38.44 -8.91307e-05
38.46 0.000317469
38.48 0.000450032
38.5 0.000137456
38.52 -0.000275724
38.54 -0.00033424
38.56 -2.97036e-05
38.58 0.000218644
38.6 9.42513e-05
38.62 -0.000270665
38.64 -0.000426734
38.66 -0.00016682
38.68 0.00018338
38.7 0.000218062
38.72 -4.48952e-05
38.74 -0.000243677
38.76 -0.000115655
38.78 0.000209006
38.8 0.000359644
38.82 0.000168627
38.84 -0.000139616
38.86 -0.000243092
38.88 -9.53817e-05
38.9 7.5631e-05
38.92 5.42621e-05
38.94 -0.000140132
38.96 -0.000271039
38.98 -0.000152321
39 0.000115719
39.02 0.00027707
39.04 0.000220154
39.06 8.83374e-05
39.08 9.88422e-05
39.1 0.000277973
39.12 0.000402901
39.14 0.000262164
39.16 -4.84042e-05
39.18 -0.00024272
39.2 -0.000169999
39.22 3.60442e-05
39.24 0.00012012
39.26 -1.42726e-06
39.28 -0.00016514
39.3 -0.000161815
39.32 3.37752e-06
39.34 0.000128752
39.36 6.58281e-05
39.38 -0.000125991
39.4 -0.00023764
39.42 -0.000136357
39.44 6.32687e-05
39.46 0.000129715
39.48 -2.80119e-06
39.5 -0.000156479
39.52 -0.000119265
39.54 9.17392e-05
39.56 0.000242054
39.58 0.000160788
39.6 -4.63017e-05
39.62 -0.000108534
39.64 8.31837e-05
39.66 0.00033553
39.68 0.000358947
39.7 0.000132918
39.72 -6.4616e-05
39.74 -3.3305e-05
39.76 0.000123288
39.78 0.000167295
39.8 1.77152e-05
39.82 -0.000172565
39.84 -0.000193472
39.86 -3.72431e-05
39.88 9.62714e-05
39.9 5.36337e-05
39.92 -0.000102013
39.94 -0.000166041
39.96 -4.18744e-05
39.98 0.000131308
40 0.000146879
40.02 -1.24085e-05
40.04 -0.00015439
40.06 -0.000112159
40.08 5.10332e-05
40.1 0.000134841
40.12 6.66711e-05
40.14 -3.75265e-05
40.16 -4.42586e-05
40.18 5.33447e-05
40.2 0.000138997
40.22 9.68557e-05
40.24 -4.64988e-05
40.26 -0.00014538
40.28 -0.000111875
40.3 -1.10293e-05
40.32 3.06742e-05
40.34 -2.80538e-05
40.36 -0.000106048
40.38 -0.000101982
40.4 -8.27218e-06
40.42 0.000100099
40.44 0.000147832
40.46 0.000125028
40.48 8.97812e-05
40.5 9.39181e-05
40.52 0.000125109
40.54 0.000119133
40.56 3.43064e-05
40.58 -6.26197e-05
40.6 -5.37484e-05
40.62 5.5275e-05
40.64 0.000114254
40.66 2.99016e-06
40.68 -0.000210773
40.7 -0.000300962
40.72 -0.000163975
40.74 1.56394e-05
40.76 8.18568e-06
40.78 -0.000180989
40.8 -0.000312623
40.82 -0.000186133
40.84 9.01218e-05
40.86 0.000244755
40.88 0.000165937
40.9 -2.579e-05
40.92 -0.000121623
40.94 -1.99656e-05
40.96 0.000170179
40.98 0.000238313
41 0.000125913
41.02 -1.69922e-05
41.04 -3.98487e-05
41.06 5.37829e-05
41.08 0.000135637
41.1 9.84493e-05
41.12 -1.68699e-05
41.14 -8.08117e-05
41.16 -4.12104e-05
41.18 2.07493e-05
41.2 -4.54102e-06
41.22 -0.000117462
41.24 -0.000199369
41.26 -0.000152397
41.28 -3.40403e-05
41.3 1.19444e-05
41.32 -5.47154e-05
41.34 -0.000129247
41.36 -0.000101422
41.38 1.57382e-05
41.4 0.000106886
41.42 9.27249e-05
41.44 2.77797e-05
41.46 2.92376e-05
41.48 0.000123289
41.5 0.000207134
41.52 0.000178379
41.54 7.13714e-05
41.56 1.61817e-05
41.58 7.11335e-05
41.6 0.00014537
41.62 0.000115623
41.64 -1.24409e-05
41.66 -0.000108999
41.68 -7.60094e-05
41.7 3.35833e-05
41.72 6.98826e-05
41.74 -4.22957e-05
41.76 -0.000205277
41.78 -0.000239288
41.8 -0.000112857
41.82 1.95404e-05
41.84 3.71669e-05
41.86 -1.95308e-05
41.88 -3.38273e-05
41.9 4.31387e-05
41.92 0.000148225
41.94 0.000185364
41.96 0.000135129
41.98 7.24054e-05
42 6.69837e-05
42.02 9.98233e-05
42.04 9.5006e-05
42.06 1.72772e-05
42.08 -7.80419e-05
42.1 -9.83641e-05
42.12 -2.06499e-05
42.14 7.54762e-05
42.16 9.4574e-05
42.18 2.39604e-05
42.2 -5.85043e-05
42.22 -6.6997e-05
42.24 -3.30313e-06
42.26 4.53311e-05
42.28 7.19171e-06
42.3 -9.28315e-05
42.32 -0.000160086
42.34 -0.00013061
42.36 -3.3486e-05
42.38 3.92353e-05
42.4 2.78945e-05
42.42 -2.18169e-05
42.44 -2.11085e-05
42.46 4.36129e-05
42.48 0.000102771
42.5 8.98582e-05
42.52 2.36663e-05
42.54 -8.9696e-06
42.56 3.84864e-05
42.58 0.000112417
42.6 0.000123859
42.62 6.06238e-05
42.64 -8.57741e-07
42.66 4.40013e-06
42.68 5.7619e-05
42.7 8.9535e-05
42.72 6.48394e-05
42.74 1.53451e-05
42.76 -1.23886e-05
42.78 -1.03674e-05
42.8 5.34682e-06
42.82 1.76989e-05
42.84 3.56897e-06
42.86 -4.41274e-05
42.88 -9.28575e-05
42.9 -0.000101868
42.92 -6.57594e-05
42.94 -2.3097e-05
42.96 -2.49617e-05
42.98 -7.6664e-05
43 -0.000115217
43.02 -7.37181e-05
43.04 3.10934e-05
43.06 0.000106171
43.08 8.25346e-05
43.1 -1.37234e-06
43.12 -3.40923e-05
43.14 3.54379e-05
43.16 0.000134917
43.18 0.00015539
43.2 7.42263e-05
43.22 -2.4029e-05
43.24 -4.33119e-05
43.26 1.40785e-05
43.28 5.41123e-05
43.3 5.92936e-06
43.32 -9.85452e-05
43.34 -0.000160565
43.36 -0.000128334
43.38 -5.75615e-05
43.4 -3.60284e-05
43.42 -7.03024e-05
43.44 -8.31858e-05
43.46 -2.16161e-05
43.48 7.56982e-05
43.5 0.000127545
43.52 0.000102217
43.54 4.73669e-05
43.56 2.89865e-05
43.58 5.61134e-05
43.6 7.43792e-05
43.62 3.78616e-05
43.64 -2.78886e-05
43.66 -5.49071e-05
43.68 -1.82467e-05
43.7 2.82281e-05
43.72 1.85279e-05
43.74 -3.75437e-05
43.76 -7.19454e-05
43.78 -4.61295e-05
43.8 1.57172e-05
43.82 5.62715e-05
43.84 4.0225e-05
43.86 -1.31721e-05
43.88 -5.4638e-05
43.9 -5.10889e-05
43.92 -1.36613e-05
43.94 1.07412e-05
43.96 -1.46755e-05
43.98 -6.71401e-05
44 -8.30648e-05
44.02 -3.62729e-05
44.04 2.99836e-05
44.06 5.35208e-05
44.08 1.80774e-05
44.1 -3.26409e-05
44.12 -3.9732e-05
44.14 5.50901e-06
44.16 4.96322e-05
44.18 3.56094e-05
44.2 -3.16173e-05
44.22 -8.78213e-05
44.24 -8.03326e-05
44.26 -2.78754e-05
44.28 -8.89091e-07
44.3 -3.70741e-05
44.32 -9.12294e-05
44.34 -8.52382e-05
44.36 -9.97813e-06
44.38 5.71262e-05
44.4 5.50565e-05
44.42 1.32681e-05
44.44 5.33785e-06
44.46 6.15208e-05
44.48 0.000128344
44.5 0.000119189
44.52 2.26756e-05
44.54 -7.1861e-05
44.56 -7.83224e-05
44.58 -1.3785e-05
44.6 2.60041e-05
44.62 -1.66628e-05
44.64 -9.2217e-05
44.66 -0.000105146
44.68 -3.44022e-05
44.7 4.0366e-05
44.72 4.27239e-05
44.74 -1.26612e-05
44.76 -4.63909e-05
44.78 -8.91867e-06
44.8 5.71783e-05
44.82 6.88954e-05
44.84 1.24099e-05
44.86 -3.66791e-05
44.88 -9.77971e-06
44.9 6.53201e-05
44.92 9.62182e-05
44.94 4.20256e-05
44.96 -3.6697e-05
44.98 -5.42854e-05
45 -3.00382e-06
45.02 4.393e-05
45.04 2.79823e-05
45.06 -2.38939e-05
45.08 -3.98935e-05
45.1 3.15288e-07
45.12 4.68149e-05
45.14 4.6766e-05
45.16 1.58198e-06
45.18 -3.91344e-05
45.2 -3.49584e-05
45.22 7.41604e-06
45.24 5.22625e-05
45.26 7.34018e-05
45.28 7.24937e-05
45.3 6.28868e-05
45.32 5.63089e-05
45.34 6.04107e-05
45.36 5.89765e-05
45.38 2.80771e-05
45.4 -2.3206e-05
45.42 -5.14439e-05
45.44 -1.90291e-05
45.46 4.1481e-05
45.48 5.08278e-05
45.5 -8.9803e-06
45.52 -6.91184e-05
45.54 -6.15229e-05
45.56 -2.17108e-06
45.58 3.45729e-05
45.6 8.66628e-06
45.62 -4.08746e-05
45.64 -4.90153e-05
45.66 -1.1652e-05
45.68 1.52882e-05
45.7 -2.5626e-06
45.72 -3.62477e-05
45.74 -3.91202e-05
45.76 -1.2745e-05
45.78 1.58155e-06
45.8 -9.15702e-06
45.82 -1.35241e-05
45.84 1.16761e-05
45.86 4.88523e-05
45.88 6.64688e-05
45.9 5.79449e-05
45.92 4.74554e-05
45.94 6.11057e-05
45.96 8.83735e-05
45.98 8.20923e-05
46 1.76468e-05
46.02 -5.17849e-05
46.04 -5.0145e-05
46.06 1.74492e-05
46.08 6.58163e-05
46.1 2.31371e-05
46.12 -7.8073e-05
46.14 -0.000128694
46.16 -7.95195e-05
46.18 1.01749e-05
46.2 5.86927e-05
46.22 3.7517e-05
46.24 -2.21189e-05
46.26 -5.07419e-05
46.28 -2.29105e-06
46.3 7.42096e-05
46.32 8.73574e-05
46.34 2.66177e-05
46.36 -3.25553e-05
46.38 -2.18979e-05
46.4 4.52246e-05
46.42 8.63954e-05
46.44 5.07322e-05
46.46 -1.58873e-05
46.48 -3.66968e-05
46.5 3.38109e-07
46.52 4.08372e-05
46.54 3.21327e-05
46.56 -1.68731e-05
46.58 -4.72645e-05
46.6 -2.41598e-05
46.62 2.23215e-05
46.64 3.66292e-05
46.66 2.62655e-06
46.68 -4.17567e-05
46.7 -5.22038e-05
46.72 -2.28187e-05
46.74 1.54959e-05
46.76 2.46456e-05
46.78 3.11531e-06
46.8 -1.03752e-05
46.82 1.23841e-05
46.84 5.63428e-05
46.86 6.62084e-05
46.88 9.32878e-06
46.9 -6.33512e-05
46.92 -7.39043e-05
46.94 -6.92979e-06
46.96 7.33193e-05
46.98 8.27683e-05
47 1.01896e-05
47.02 -6.56742e-05
47.04 -6.00718e-05
47.06 2.14527e-05
47.08 7.41616e-05
47.1 2.11858e-05
47.12 -6.86044e-05
47.14 -7.39443e-05
47.16 5.33709e-06
47.18 5.81414e-05
47.2 1.40134e-05
47.22 -6.85646e-05
47.24 -7.87843e-05
47.26 2.24024e-06
47.28 8.63234e-05
47.3 9.53212e-05
47.32 4.78633e-05
47.34 2.98363e-05
47.36 8.86041e-05
47.38 0.000166001
47.4 0.00015662
47.42 3.31769e-05
47.44 -0.000112936
47.46 -0.000148031
47.48 -3.52788e-05
47.5 0.00010361
47.52 0.000110807
47.54 -1.55167e-05
47.56 -0.000106895
47.58 -4.39865e-05
47.6 8.94255e-05
47.62 0.000122443
47.64 8.07383e-06
47.66 -0.000131065
47.68 -0.000148503
47.7 -3.92981e-05
47.72 6.5387e-05
47.74 6.15929e-05
47.76 -1.81747e-05
47.78 -6.20605e-05
47.8 -1.327e-05
47.82 7.01066e-05
47.84 8.57596e-05
47.86 6.64336e-06
47.88 -8.62721e-05
47.9 -9.6632e-05
47.92 -1.68884e-05
47.94 6.17273e-05
47.96 4.65245e-05
47.98 -4.35194e-05
48 -9.36921e-05
48.02 -3.20686e-05
48.04 8.17658e-05
48.06 0.000118701
48.08 2.41915e-05
48.1 -0.000110813
48.12 -0.000133626
48.14 -2.22394e-06
48.16 0.000138913
48.18 0.000114983
48.2 -5.38624e-05
48.22 -0.000171198
48.24 -0.000105455
48.26 6.33597e-05
48.28 0.000144376
48.3 5.91392e-05
48.32 -6.38428e-05
48.34 -5.9674e-05
48.36 6.42692e-05
48.38 0.000155319
48.4 0.000108073
48.42 -1.6272e-05
48.44 -7.06711e-05
48.46 2.64808e-06
48.48 0.000106507
48.5 0.000102862
48.52 -1.67339e-05
48.54 -0.000124577
48.56 -0.000115462
48.58 -1.82897e-05
48.6 4.86086e-05
48.62 1.17227e-05
48.64 -8.22007e-05
48.66 -0.000118304
48.68 -3.64471e-05
48.7 9.10376e-05
48.72 0.000130572
48.74 4.35496e-05
48.76 -6.23591e-05
48.78 -5.64439e-05
48.8 5.25038e-05
48.82 0.000128992
48.84 8.27134e-05
48.86 -2.83955e-05
48.88 -7.36134e-05
48.9 -4.63747e-06
48.92 9.16611e-05
48.94 0.00010037
48.96 1.30294e-05
48.98 -6.62694e-05
49 -4.71895e-05
49.02 4.24602e-05
49.04 9.55344e-05
49.06 5.30573e-05
49.08 -3.08904e-05
49.1 -5.81744e-05
49.12 5.7782e-06
49.14 9.74299e-05
49.16 0.000120966
49.18 5.28974e-05
49.2 -3.59868e-05
49.22 -5.24389e-05
49.24 1.78129e-05
49.26 7.90518e-05
49.28 4.14107e-05
49.3 -5.92907e-05
49.32 -0.000107063
49.34 -4.67379e-05
49.36 5.37099e-05
49.38 7.95169e-05
49.4 4.53933e-06
49.42 -7.33622e-05
49.44 -5.58081e-05
49.46 3.71791e-05
49.48 9.71743e-05
49.5 5.48566e-05
49.52 -4.40905e-05
49.54 -9.4665e-05
49.56 -4.56604e-05
49.58 4.37108e-05
49.6 6.22046e-05
49.62 -2.60209e-05
49.64 -0.000136584
49.66 -0.000160141
49.68 -8.51733e-05
49.7 -7.16674e-06
49.72 -1.26775e-05
49.74 -7.81062e-05
49.76 -0.000103235
49.78 -3.53003e-05
49.8 6.18753e-05
49.82 7.82145e-05
49.84 -5.10206e-06
49.86 -8.06085e-05
49.88 -4.27431e-05
49.9 7.53968e-05
49.92 0.000136254
49.94 6.67929e-05
49.96 -5.64153e-05
49.98 -0.000101817
50 -3.19922e-05
50.02 5.75784e-05
50.04 5.55114e-05
50.06 -2.73808e-05
50.08 -7.68436e-05
50.1 -2.91631e-05
50.12 5.10179e-05
50.14 5.95126e-05
50.16 -2.00298e-05
50.18 -9.26101e-05
50.2 -6.54632e-05
50.22 2.82496e-05
50.24 6.90663e-05
50.26 9.04173e-06
50.28 -7.17163e-05
50.3 -7.18732e-05
50.32 1.37074e-05
50.34 9.49798e-05
50.36 8.54798e-05
50.38 -1.38384e-06
50.4 -6.20496e-05
50.42 -2.34386e-05
50.44 7.16042e-05
50.46 0.000117477
50.48 6.34692e-05
50.5 -3.46117e-05
50.52 -7.45921e-05
50.54 -1.78929e-05
50.56 7.12875e-05
50.58 9.78094e-05
50.6 4.09352e-05
50.62 -2.41562e-05
50.64 -2.16283e-05
50.66 3.59197e-05
50.68 7.35252e-05
50.7 4.76907e-05
50.72 -8.54376e-06
50.74 -3.06872e-05
50.76 2.96172e-07
50.78 3.96551e-05
50.8 3.81176e-05
50.82 -6.31069e-06
50.84 -5.62544e-05
50.86 -6.98717e-05
50.88 -3.90701e-05
50.9 -3.71427e-06
50.92 -6.70732e-06
50.94 -4.05377e-05
50.96 -6.48056e-05
50.98 -5.788e-05
51 -3.14339e-05
51.02 -1.08716e-05
51.04 -1.27344e-05
51.06 -2.82799e-05
51.08 -3.08716e-05
51.1 -1.18431e-05
51.12 9.31262e-06
51.14 1.00074e-05
51.16 -1.43261e-05
51.18 -4.16101e-05
51.2 -3.87929e-05
51.22 -3.1334e-06
51.24 2.79708e-05
51.26 2.68848e-05
51.28 1.38031e-05
51.3 2.74311e-05
51.32 7.58727e-05
51.34 0.000108073
51.36 4.28487e-05
51.38 -0.000121248
51.4 -0.000254107
51.42 -0.000208989
51.44 -2.26603e-06
51.46 0.000199061
51.48 0.000224902
51.5 6.09538e-05
51.52 -0.000101848
51.54 -7.50012e-05
51.56 9.60743e-05
51.58 0.000193776
51.6 8.79749e-05
51.62 -0.000116281
51.64 -0.000183735
51.66 -2.61353e-05
51.68 0.000191543
51.7 0.000236686
51.72 7.35747e-05
51.74 -0.00010375
51.76 -0.000105926
51.78 4.07132e-05
51.8 0.000132818
51.82 3.65667e-05
51.84 -0.000142934
51.86 -0.000180129
51.88 -2.32948e-05
51.9 0.000143299
51.92 0.000135096
51.94 -2.1374e-05
51.96 -0.000127674
51.98 -5.14745e-05
52 0.000120836
52.02 0.000187172
52.04 6.6443e-05
52.06 -0.000110855
52.08 -0.000154471
52.1 -2.97069e-05
52.12 0.000113239
52.14 0.000108958
52.16 -3.68513e-05
52.18 -0.000145165
52.2 -7.42424e-05
52.22 0.000110633
52.24 0.000209972
52.26 0.000119971
52.28 -5.00844e-05
52.3 -0.000110263
52.32 -7.54912e-06
52.34 0.00011985
52.36 0.000108137
52.38 -3.57859e-05
52.4 -0.000145465
52.42 -9.78779e-05
52.44 4.47512e-05
52.46 0.000123849
52.48 6.9595e-05
52.5 -3.91389e-05
52.52 -7.61383e-05
52.54 -1.17937e-05
52.56 6.25045e-05
52.58 4.7775e-05
52.6 -4.84631e-05
52.62 -0.00011824
52.64 -8.31691e-05
52.66 1.09846e-05
52.68 5.43993e-05
52.7 6.30973e-06
52.72 -6.03671e-05
52.74 -5.98975e-05
52.76 1.63949e-06
52.78 4.51555e-05
52.8 1.66035e-05
52.82 -5.02956e-05
52.84 -7.5432e-05
52.86 -3.08667e-05
52.88 2.55298e-05
52.9 2.77017e-05
52.92 -1.45796e-05
52.94 -3.93827e-05
52.96 -1.93373e-05
52.98 1.5663e-05
53 2.70942e-05
53.02 1.08876e-05
53.04 -4.87905e-06
53.06 3.45526e-06
53.08 3.0605e-05
53.1 5.17608e-05
53.12 5.05219e-05
53.14 3.12079e-05
53.16 1.63469e-05
53.18 2.67643e-05
53.2 4.72628e-05
53.22 4.45984e-05
53.24 1.43018e-05
53.26 -1.50029e-05
53.28 -1.77176e-05
53.3 -1.31463e-06
53.32 4.44315e-06
53.34 -1.79498e-05
53.36 -4.80139e-05
53.38 -4.79037e-05
53.4 -1.50793e-05
53.42 1.4438e-05
53.44 1.37347e-05
53.46 -9.60305e-06
53.48 -2.75204e-05
53.5 -1.9562e-05
53.52 8.38013e-06
53.54 3.02332e-05
53.56 2.5712e-05
53.58 1.94438e-06
53.6 -1.57047e-05
53.62 -1.439e-05
53.64 -6.30831e-06
53.66 -6.6493e-06
53.68 -1.53664e-05
53.7 -2.26927e-05
53.72 -1.56116e-05
53.74 8.09735e-06
53.76 3.05464e-05
53.78 3.36873e-05
53.8 2.09123e-05
53.82 8.63187e-06
53.84 1.08028e-05
53.86 2.83468e-05
53.88 3.92714e-05
53.9 2.10419e-05
53.92 -1.13813e-05
53.94 -1.9213e-05
53.96 7.72066e-06
53.98 3.80232e-05
54 3.57036e-05
54.02 1.89417e-06
54.04 -2.38133e-05
54.06 -8.04381e-06
54.08 3.56022e-05
54.1 5.88394e-05
54.12 3.90544e-05
54.14 4.18596e-06
54.16 -8.81704e-06
54.18 8.35864e-06
54.2 2.70887e-05
54.22 8.43128e-06
54.24 -4.12634e-05
54.26 -7.01367e-05
54.28 -4.87736e-05
54.3 -2.03616e-06
54.32 2.17183e-05
54.34 -1.33937e-08
54.36 -3.94249e-05
54.38 -5.11097e-05
54.4 -2.38713e-05
54.42 1.17066e-05
54.44 2.37023e-05
54.46 1.32882e-05
54.48 5.41868e-06
54.5 1.56772e-05
54.52 3.61038e-05
54.54 4.58551e-05
54.56 3.21252e-05
54.58 5.19389e-06
54.6 -9.74424e-06
54.62 3.90597e-06
54.64 3.2431e-05
54.66 4.22543e-05
54.68 1.53049e-05
54.7 -3.10527e-05
54.72 -5.5218e-05
54.74 -3.76761e-05
54.76 -8.73931e-06
54.78 -8.22926e-06
54.8 -3.70299e-05
54.82 -6.12488e-05
54.84 -4.64099e-05
54.86 4.61115e-06
54.88 4.86323e-05
54.9 5.23887e-05
54.92 2.64062e-05
54.94 6.86338e-06
54.96 2.07971e-05
54.98 5.73554e-05
55 7.14353e-05
55.02 3.76977e-05
55.04 -1.31364e-05
55.06 -2.8921e-05
55.08 8.0478e-07
55.1 3.45433e-05
55.12 3.35548e-05
55.14 7.40507e-07
55.16 -2.71338e-05
55.18 -1.83005e-05
55.2 1.92246e-05
55.22 4.88251e-05
55.24 4.51144e-05
55.26 1.96949e-05
55.28 5.29746e-06
55.3 1.56917e-05
55.32 3.52599e-05
55.34 4.29324e-05
55.36 2.75289e-05
55.38 -3.99719e-06
55.4 -2.37118e-05
55.42 -1.16787e-05
55.44 1.39804e-05
55.46 1.97591e-05
55.48 -1.49862e-06
55.5 -3.11516e-05
55.52 -4.36632e-05
55.54 -2.79773e-05
55.56 -8.00788e-07
55.58 1.30911e-05
55.6 4.21477e-06
55.62 -1.05227e-05
55.64 -9.46031e-06
55.66 -1.41146e-06
55.68 -6.13055e-06
55.7 -1.73851e-05
55.72 -1.35585e-05
55.74 8.73029e-06
55.76 2.67321e-05
55.78 1.91715e-05
55.8 -3.4842e-06
55.82 -8.96302e-06
55.84 1.28511e-05
55.86 3.84979e-05
55.88 5.01859e-05
55.9 5.65764e-05
55.92 5.88351e-05
55.94 1.85051e-05
55.96 -7.97678e-05
55.98 -0.000158648
56 -0.000130095
56.02 -8.1787e-06
56.04 9.84209e-05
56.06 8.61405e-05
56.08 -1.76386e-05
56.1 -7.03839e-05
56.12 1.26111e-05
56.14 0.000146898
56.16 0.000163316
56.18 2.20024e-05
56.2 -0.00012997
56.22 -0.000135529
56.24 -3.29518e-06
56.26 0.000111422
56.28 8.5958e-05
56.3 -3.02951e-05
56.32 -8.19971e-05
56.34 -1.55479e-06
56.36 0.000115858
56.38 0.00012889
56.4 1.53488e-05
56.42 -9.94714e-05
56.44 -8.27439e-05
56.46 5.55265e-05
56.48 0.000166178
56.5 0.000124332
56.52 -2.05171e-05
56.54 -9.90777e-05
56.56 -2.39317e-05
56.58 0.000110502
56.6 0.000135281
56.62 7.90293e-06
56.64 -0.000131733
56.66 -0.000124815
56.68 1.85764e-05
56.7 0.000129708
56.72 8.07735e-05
56.74 -6.54564e-05
56.76 -0.000132622
56.78 -4.22677e-05
56.8 9.79118e-05
56.82 0.000129468
56.84 2.45759e-05
56.86 -8.98967e-05
56.88 -7.68504e-05
56.9 4.15568e-05
56.92 0.000110462
56.94 4.15741e-05
56.96 -9.12262e-05
56.98 -0.000146194
57 -7.28766e-05
57.02 3.75198e-05
57.04 5.75006e-05
57.06 -3.54438e-05
57.08 -0.000127433
57.1 -9.36797e-05
57.12 4.18172e-05
57.14 0.000122937
57.16 5.52831e-05
57.18 -7.9083e-05
57.2 -0.000118674
57.22 -1.56411e-05
57.24 0.000104491
57.26 9.52804e-05
57.28 -3.34627e-05
57.3 -0.000124938
57.32 -6.5794e-05
57.34 7.36888e-05
57.36 0.000128532
57.38 4.33999e-05
57.4 -6.85008e-05
57.42 -7.06219e-05
57.44 3.66819e-05
57.46 0.000119242
57.48 7.17515e-05
57.5 -5.20138e-05
57.52 -0.000102895
57.54 -2.11288e-05
57.56 8.98511e-05
57.58 9.57973e-05
57.6 -5.67718e-06
57.62 -8.73881e-05
57.64 -4.98043e-05
57.66 5.93765e-05
57.68 0.000108055
57.7 3.85344e-05
57.72 -6.75248e-05
57.74 -8.79506e-05
57.76 -4.21766e-06
57.78 8.06455e-05
57.8 6.62433e-05
57.82 -2.75182e-05
57.84 -8.61434e-05
57.86 -3.9048e-05
57.88 5.68134e-05
57.9 8.67983e-05
57.92 1.70063e-05
57.94 -6.59257e-05
57.96 -6.23213e-05
57.98 2.02312e-05
58 8.13091e-05
58.02 5.02427e-05
58.04 -3.49094e-05
58.06 -7.45062e-05
58.08 -2.30368e-05
58.1 5.79957e-05
58.12 7.42667e-05
58.14 9.85165e-06
58.16 -5.70284e-05
58.18 -4.8038e-05
58.2 2.41972e-05
58.22 7.41464e-05
58.24 4.53186e-05
58.26 -2.60169e-05
58.28 -5.61803e-05
58.3 -1.21872e-05
58.32 5.22059e-05
58.34 6.19047e-05
58.36 7.8718e-06
58.38 -4.46402e-05
58.4 -3.42497e-05
58.42 2.52154e-05
58.44 6.32272e-05
58.46 3.64835e-05
58.48 -2.18549e-05
58.5 -4.33156e-05
58.52 -4.38906e-06
58.54 4.76998e-05
58.56 5.19568e-05
58.58 5.12769e-06
58.6 -3.64019e-05
58.62 -2.45069e-05
58.64 2.49345e-05
58.66 5.31645e-05
58.68 2.84583e-05
58.7 -1.84515e-05
58.72 -3.24492e-05
58.74 1.36747e-06
58.76 4.2012e-05
58.78 4.21917e-05
58.8 3.26077e-06
58.82 -2.82138e-05
58.84 -1.60581e-05
58.86 2.39891e-05
58.88 4.44649e-05
58.9 2.23948e-05
58.92 -1.50038e-05
58.94 -2.37762e-05
58.96 5.17701e-06
58.98 3.68738e-05
59 3.44758e-05
59.02 2.06615e-06
59.04 -2.16304e-05
59.06 -9.45028e-06
59.08 2.31484e-05
59.1 3.76159e-05
59.12 1.78822e-05
59.14 -1.18599e-05
59.16 -1.67315e-05
59.18 7.98894e-06
59.2 3.25351e-05
59.22 2.84709e-05
59.24 1.60967e-06
59.26 -1.60258e-05
59.28 -4.322e-06
59.3 2.2061e-05
59.32 3.19981e-05
59.34 1.46055e-05
59.36 -8.90047e-06
59.38 -1.10161e-05
59.4 9.91963e-06
59.42 2.87788e-05
59.44 2.37927e-05
59.46 1.66383e-06
59.48 -1.12848e-05
59.5 -3.70404e-07
59.52 2.0868e-05
59.54 2.74344e-05
59.56 1.22899e-05
59.58 -6.16596e-06
59.6 -6.39112e-06
59.62 1.12035e-05
59.64 2.55622e-05
59.66 2.01784e-05
59.68 2.06045e-06
59.7 -7.28512e-06
59.72 2.66295e-06
59.74 1.96593e-05
59.76 2.375e-05
59.78 1.06995e-05
59.8 -3.69356e-06
59.82 -2.67198e-06
59.84 1.20144e-05
59.86 2.28387e-05
59.88 1.74159e-05
59.9 2.66715e-06
59.92 -3.93666e-06
59.94 4.97072e-06
59.96 1.84933e-05
59.98 1.90539e-05
