0.02 1.29769e-07
0.04 3.6761e-07
0.06 4.02347e-07
0.08 1.84027e-07
0.1 5.26756e-08
0.12 1.96955e-07
0.14 3.8067e-07
0.16 3.29123e-07
0.18 1.48273e-07
0.2 1.39363e-07
0.22 3.27239e-07
0.24 4.41573e-07
0.26 3.5022e-07
0.28 2.53285e-07
0.3 3.51123e-07
0.32 5.11813e-07
0.34 5.32246e-07
0.36 4.89199e-07
0.38 4.7202e-07
0.4 2.47771e-07
0.42 -3.13481e-07
0.44 -2.86309e-07
0.46 8.70036e-07
0.48 1.37396e-06
0.5 4.97986e-08
0.52 -1.30069e-06
0.54 -9.47227e-07
0.56 -2.79253e-07
0.58 -1.37144e-06
0.6 -2.52241e-06
0.62 -1.14877e-06
0.64 4.54304e-07
0.66 -5.58008e-07
0.68 -3.46227e-06
0.7 -5.067e-06
0.72 -1.16495e-06
0.74 4.4142e-06
0.76 3.14481e-06
0.78 -1.68897e-06
0.8 4.60506e-07
0.82 9.25994e-06
0.84 1.3039e-05
0.86 6.31603e-06
0.88 -1.71344e-06
0.9 -1.08795e-06
0.92 5.10069e-06
0.94 5.73007e-06
0.96 -3.10427e-06
0.98 -1.11429e-05
1 -7.66705e-06
1.02 2.66934e-06
1.04 5.40004e-06
1.06 -4.04718e-06
1.08 -1.35603e-05
1.1 -1.10425e-05
1.12 -4.57874e-07
1.14 5.50801e-06
1.16 4.42685e-07
1.18 -1.03606e-05
1.2 -1.12547e-05
1.22 2.45902e-06
1.24 1.02897e-05
1.26 -1.40094e-06
1.28 -1.61037e-05
1.3 -1.42217e-05
1.32 1.63982e-06
1.34 1.41523e-05
1.36 1.0175e-05
1.38 -4.27645e-06
1.4 -9.66549e-06
1.42 3.78143e-07
1.44 8.36686e-06
1.46 -3.37257e-06
1.48 -2.51099e-05
1.5 -3.01193e-05
1.52 -1.31633e-05
1.54 7.21505e-07
1.56 -7.51896e-06
1.58 -2.31666e-05
1.6 -1.92043e-05
1.62 2.07306e-06
1.64 1.15192e-05
1.66 -1.98106e-06
1.68 -1.61769e-05
1.7 -1.03536e-05
1.72 4.32846e-06
1.74 2.91803e-06
1.76 -1.21251e-05
1.78 -1.49424e-05
1.8 -2.3681e-06
1.82 1.63619e-06
1.84 -1.21335e-05
1.86 -2.24475e-05
1.88 -8.03492e-06
1.9 1.46824e-05
1.92 8.36361e-06
1.94 -2.33143e-05
1.96 -3.33644e-05
1.98 -6.31844e-06
2 1.22996e-05
2.02 -1.18873e-05
2.04 -4.49261e-05
2.06 -3.76395e-05
2.08 -3.73132e-06
2.1 2.43725e-06
2.12 -2.62645e-05
2.14 -3.97235e-05
2.16 -1.38908e-05
2.18 1.39431e-05
2.2 7.05325e-06
2.22 -2.01041e-05
2.24 -2.70217e-05
2.26 -5.0741e-06
2.28 7.09842e-06
2.3 -1.53487e-05
2.32 -3.98088e-05
2.34 -2.98039e-05
2.36 -2.75274e-07
2.38 6.63419e-06
2.4 -2.12025e-05
2.42 -4.49791e-05
2.44 -2.80438e-05
2.46 5.34346e-06
2.48 7.40478e-06
2.5 -1.67825e-05
2.52 -2.17966e-05
2.54 1.69927e-06
2.56 1.80364e-05
2.58 1.16159e-05
2.6 9.36218e-06
2.62 2.96596e-05
2.64 5.03633e-05
2.66 4.72637e-05
2.68 3.56688e-05
2.7 4.57222e-05
2.72 7.30283e-05
2.74 8.77589e-05
2.76 8.15862e-05
2.78 7.3565e-05
2.8 7.96329e-05
2.82 9.50187e-05
2.84 0.000102061
2.86 9.50579e-05
2.88 8.43676e-05
2.9 7.85699e-05
2.92 8.15044e-05
2.94 8.72127e-05
2.96 8.22352e-05
2.98 7.07373e-05
3 7.12984e-05
3.02 7.08202e-05
3.04 4.27106e-05
3.06 1.20249e-05
3.08 1.17714e-05
3.1 1.90586e-05
3.12 1.05084e-07
3.14 -3.55464e-05
3.16 -5.65459e-05
3.18 -5.69701e-05
3.2 -5.95794e-05
3.22 -7.8739e-05
3.24 -0.000100257
3.26 -0.000103333
3.28 -9.25898e-05
3.3 -8.59088e-05
3.32 -8.77341e-05
3.34 -8.71669e-05
3.36 -6.60123e-05
3.38 -3.03411e-05
3.4 -1.34513e-05
3.42 -2.19279e-05
3.44 -1.45845e-05
3.46 3.70961e-05
3.48 8.86118e-05
3.5 8.09438e-05
3.52 4.03795e-05
3.54 4.0437e-05
3.56 8.45491e-05
3.58 0.000107697
3.6 8.42398e-05
3.62 6.43441e-05
3.64 7.57463e-05
3.66 6.07684e-05
3.68 1.69258e-06
3.7 -2.27858e-05
3.72 5.39843e-06
3.74 7.22137e-06
3.76 -4.45882e-05
3.78 -8.07637e-05
3.8 -5.49113e-05
3.82 -2.04181e-05
3.84 -3.83215e-05
3.86 -8.21324e-05
3.88 -9.25597e-05
3.9 -6.55217e-05
3.92 -5.10005e-05
3.94 -7.68538e-05
3.96 -0.000108292
3.98 -9.3716e-05
4 -3.29509e-05
4.02 2.4887e-06
4.04 -3.2828e-05
4.06 -7.00146e-05
4.08 -3.10967e-05
4.1 3.93679e-05
4.12 4.88617e-05
4.14 5.85427e-06
4.16 -3.90869e-06
4.18 3.29861e-05
4.2 3.35868e-05
4.22 -2.8152e-05
4.24 -6.72122e-05
4.26 -3.57138e-05
4.28 2.76311e-06
4.3 -1.48162e-05
4.32 -4.1173e-05
4.34 7.07959e-07
4.36 6.15054e-05
4.38 4.17434e-05
4.4 -3.10036e-05
4.42 -5.1316e-05
4.44 -2.1768e-06
4.46 3.80041e-05
4.48 2.75505e-05
4.5 -9.39637e-06
4.52 -3.9148e-05
4.54 -3.29505e-05
4.56 -1.92893e-07
4.58 1.26245e-05
4.6 -1.08168e-05
4.62 -3.32889e-05
4.64 -1.01987e-05
4.66 3.99599e-05
4.68 4.93396e-05
4.7 1.24001e-05
4.72 -1.61729e-07
4.74 4.02264e-05
4.76 7.65224e-05
4.78 4.92477e-05
4.8 -1.74471e-05
4.82 -3.32626e-05
4.84 2.56751e-05
4.86 6.69352e-05
4.88 2.53345e-05
4.9 -3.4138e-05
4.92 -2.63914e-05
4.94 1.95985e-05
4.96 2.10618e-05
4.98 -2.6994e-05
5 -6.16727e-05
5.02 -5.20986e-05
5.04 -3.53002e-05
5.06 -4.15188e-05
5.08 -3.04004e-05
5.1 1.80774e-05
5.12 3.88281e-05
5.14 1.57038e-06
5.16 -2.85472e-05
5.18 3.36954e-07
5.2 4.88665e-05
5.22 5.31053e-05
5.24 8.88264e-06
5.26 -4.11843e-05
5.28 -4.63737e-05
5.3 1.87724e-06
5.32 4.57431e-05
5.34 3.77633e-05
5.36 2.34611e-06
5.38 -7.84443e-06
5.4 1.41244e-05
5.42 2.82046e-05
5.44 1.88382e-05
5.46 1.39387e-05
5.48 2.6468e-05
5.5 3.54109e-05
5.52 2.64544e-05
5.54 1.18385e-05
5.56 6.29742e-06
5.58 8.0908e-06
5.6 7.96796e-06
5.62 2.21737e-06
5.64 3.97608e-07
5.66 9.92228e-06
5.68 1.36159e-05
5.7 -1.52539e-07
5.72 -1.10291e-05
5.74 -3.74861e-06
5.76 6.31658e-06
5.78 -1.02046e-06
5.8 -1.83013e-05
5.82 -1.76919e-05
5.84 1.47183e-06
5.86 5.2315e-06
5.88 -1.73652e-05
5.9 -3.62062e-05
5.92 -2.38881e-05
5.94 1.17527e-05
5.96 3.1874e-05
5.98 1.87434e-05
6 6.73376e-06
6.02 2.1125e-05
6.04 3.87048e-05
6.06 3.78126e-05
6.08 2.39034e-05
6.1 1.08025e-05
6.12 1.5197e-05
6.14 3.54449e-05
6.16 4.3189e-05
6.18 1.48045e-05
6.2 -3.27024e-05
6.22 -4.70855e-05
6.24 -2.07523e-05
6.26 -1.21841e-05
6.28 -4.66328e-05
6.3 -6.93343e-05
6.32 -3.38565e-05
6.34 1.40798e-05
6.36 5.97124e-06
6.38 -3.65977e-05
6.4 -4.1506e-05
6.42 -7.5286e-07
6.44 2.53535e-05
6.46 1.63627e-06
6.48 -3.82033e-05
6.5 -4.86348e-05
6.52 -3.14186e-05
6.54 -2.5901e-05
6.56 -4.38042e-05
6.58 -4.37369e-05
6.6 -1.4211e-05
6.62 -2.63391e-06
6.64 -1.92822e-05
6.66 -1.52431e-05
6.68 2.18756e-05
6.7 3.97299e-05
6.72 3.11522e-06
6.74 -4.97046e-05
6.76 -5.2394e-05
6.78 -2.9281e-06
6.8 2.91285e-05
6.82 1.74673e-06
6.84 -3.72733e-05
6.86 -2.2994e-05
6.88 2.27472e-05
6.9 2.54804e-05
6.92 -2.41931e-05
6.94 -5.58974e-05
6.96 -2.33504e-05
6.98 2.89864e-05
7 3.16884e-05
7.02 -1.17244e-05
7.04 -3.36775e-05
7.06 -1.7435e-06
7.08 3.50203e-05
7.1 2.58499e-05
7.12 -5.19051e-06
7.14 -6.19357e-06
7.16 2.32549e-05
7.18 3.93482e-05
7.2 2.25835e-05
7.22 3.85128e-06
7.24 1.39558e-05
7.26 3.3059e-05
7.28 1.92486e-05
7.3 -1.65459e-05
7.32 -1.84297e-05
7.34 2.09232e-05
7.36 4.26647e-05
7.38 1.48263e-05
7.4 -1.78446e-05
7.42 -8.01073e-06
7.44 2.23259e-05
7.46 2.20567e-05
7.48 -1.19602e-05
7.5 -3.07923e-05
7.52 -7.62291e-06
7.54 1.71893e-05
7.56 1.39733e-06
7.58 -2.72743e-05
7.6 -1.57102e-05
7.62 2.69541e-05
7.64 4.24652e-05
7.66 1.80059e-05
7.68 1.42822e-07
7.7 1.29678e-05
7.72 2.63931e-05
7.74 1.3321e-05
7.76 -2.22143e-06
7.78 1.20657e-05
7.8 3.61002e-05
7.82 3.13069e-05
7.84 1.12809e-06
7.86 -2.0119e-05
7.88 -1.23166e-05
7.9 7.79543e-06
7.92 8.10899e-06
7.94 -1.14466e-05
7.96 -1.89377e-05
7.98 -3.645e-06
8 9.20457e-06
8.02 3.43396e-06
8.04 -4.87866e-06
8.06 4.754e-07
8.08 1.04282e-05
8.1 1.00056e-05
8.12 1.93663e-06
8.14 -9.55061e-07
8.16 4.66363e-06
8.18 1.17928e-05
8.2 1.57629e-05
8.22 1.48701e-05
8.24 9.20107e-07
8.26 -2.12075e-05
8.28 -2.22868e-05
8.3 3.49423e-06
8.32 2.24494e-05
8.34 1.31344e-05
8.36 -7.37943e-06
8.38 -1.05426e-05
8.4 7.35106e-06
8.42 2.13584e-05
8.44 1.03195e-05
8.46 -1.7677e-05
8.48 -2.92762e-05
8.5 -5.73379e-06
8.52 2.21247e-05
8.54 1.60674e-05
8.56 -8.21384e-06
8.58 -7.21887e-06
8.6 2.26838e-05
8.62 3.99743e-05
8.64 1.64303e-05
8.66 -1.38044e-05
8.68 2.20226e-07
8.7 3.98729e-05
8.72 4.41116e-05
8.74 6.95126e-06
8.76 -1.66108e-05
8.78 4.06869e-06
8.8 3.08584e-05
8.82 1.63654e-05
8.84 -2.40827e-05
8.86 -3.96169e-05
8.88 -1.47397e-05
8.9 1.63791e-05
8.92 1.21214e-05
8.94 -1.5048e-05
8.96 -1.68266e-05
8.98 6.67449e-06
9 1.36926e-05
9.02 -6.89454e-06
9.04 -2.49651e-05
9.06 -1.4195e-05
9.08 1.30271e-05
9.1 1.68242e-05
9.12 -1.30672e-05
9.14 -3.34001e-05
9.16 -1.53671e-05
9.18 5.686e-06
9.2 -8.38698e-06
9.22 -3.62005e-05
9.24 -3.37579e-05
9.26 -2.83472e-06
9.28 1.30651e-05
9.3 -2.46983e-06
9.32 -1.59654e-05
9.34 -6.8853e-07
9.36 2.31386e-05
9.38 1.96471e-05
9.4 -9.23857e-06
9.42 -2.27915e-05
9.44 1.12109e-07
9.46 2.62251e-05
9.48 1.29495e-05
9.5 -2.55065e-05
9.52 -3.34979e-05
9.54 -3.29595e-07
9.56 1.94043e-05
9.58 -5.29958e-07
9.6 -1.24459e-05
9.62 1.10435e-05
9.64 2.34482e-05
9.66 -8.01964e-06
9.68 -4.12281e-05
9.7 -3.016e-05
9.72 5.06344e-06
9.74 1.87275e-05
9.76 -4.70165e-06
9.78 -4.00164e-05
9.8 -4.0137e-05
9.82 -2.79444e-06
9.84 1.78269e-05
9.86 1.54035e-06
9.88 -1.19809e-05
9.9 4.43047e-06
9.92 2.56182e-05
9.94 1.3708e-05
9.96 -1.83131e-05
9.98 -1.87362e-05
10 1.88165e-05
10.02 4.00589e-05
10.04 1.52013e-05
10.06 -1.54835e-05
10.08 -9.21806e-06
10.1 1.42409e-05
10.12 1.09457e-05
10.14 -1.94725e-05
10.16 -3.4545e-05
10.18 -1.12762e-05
10.2 1.55817e-05
10.22 4.39565e-06
10.24 -2.77674e-05
10.26 -3.23633e-05
10.28 -3.75661e-06
10.3 1.62825e-05
10.32 4.09941e-06
10.34 -1.48342e-05
10.36 -8.89953e-06
10.38 1.28389e-05
10.4 1.7168e-05
10.42 3.81672e-07
10.44 -6.98055e-06
10.46 7.9141e-06
10.48 2.11148e-05
10.5 1.3742e-05
10.52 5.31032e-07
10.54 1.25762e-06
10.56 6.20149e-06
10.58 -4.53681e-07
10.6 -6.61063e-06
10.62 1.76528e-06
10.64 1.20449e-05
10.66 8.74948e-06
10.68 -2.86531e-06
10.7 -9.75431e-06
10.72 -6.97892e-06
10.74 1.04293e-07
10.76 5.18929e-07
10.78 -5.54396e-06
10.8 -3.25958e-06
10.82 9.44491e-06
10.84 1.52146e-05
10.86 4.44606e-06
10.88 -1.21023e-05
10.9 -1.52199e-05
10.92 -9.39882e-07
10.94 1.01953e-05
10.96 2.42527e-06
10.98 -1.06897e-05
11 -9.48916e-06
11.02 1.0034e-06
11.04 2.37166e-06
11.06 -6.38851e-06
11.08 -9.31496e-06
11.1 -2.01211e-07
11.12 1.01027e-05
11.14 1.14299e-05
11.16 6.54398e-06
11.18 4.73153e-06
11.2 8.74402e-06
11.22 1.26658e-05
11.24 9.03596e-06
11.26 -2.31184e-06
11.28 -1.03165e-05
11.3 -6.52304e-06
11.32 1.1352e-06
11.34 -1.22427e-07
11.36 -9.62529e-06
11.38 -1.48878e-05
11.4 -7.04414e-06
11.42 6.91284e-06
11.44 9.6416e-06
11.46 -2.19188e-06
11.48 -1.0646e-05
11.5 -3.65442e-06
11.52 7.07422e-06
11.54 6.30477e-06
11.56 -1.32678e-06
11.58 -7.0277e-07
11.6 9.75226e-06
11.62 1.65254e-05
11.64 1.15832e-05
11.66 3.39687e-06
11.68 3.28642e-06
11.7 8.42319e-06
11.72 8.01623e-06
11.74 1.3677e-06
11.76 -3.51401e-06
11.78 -4.38171e-06
11.8 -6.23286e-06
11.82 -1.14582e-05
11.84 -1.48479e-05
11.86 -1.15929e-05
11.88 -6.26038e-06
11.9 -4.04592e-06
11.92 -8.68412e-07
11.94 5.69868e-06
11.96 8.81501e-06
11.98 4.26544e-06
12 -1.97238e-06
12.02 -1.76425e-06
12.04 4.33718e-06
12.06 7.28911e-06
12.08 2.8349e-06
12.1 -2.52391e-06
12.12 -2.76651e-06
12.14 1.59296e-06
12.16 6.97723e-06
12.18 8.05521e-06
12.2 3.07484e-06
12.22 -2.28597e-06
12.24 -3.59611e-06
12.26 -3.79353e-06
12.28 -6.72777e-06
12.3 -1.10791e-05
12.32 -1.27805e-05
12.34 -1.07184e-05
12.36 -7.66775e-06
12.38 -5.56107e-06
12.4 -3.26285e-06
12.42 1.69919e-07
12.44 3.36489e-06
12.46 4.25462e-06
12.48 3.28954e-06
12.5 3.84935e-06
12.52 6.91318e-06
12.54 8.45112e-06
12.56 5.82441e-06
12.58 3.19846e-06
12.6 5.38162e-06
12.62 9.84279e-06
12.64 9.85472e-06
12.66 3.08599e-06
12.68 -4.09162e-06
12.7 -4.03193e-06
12.72 5.33868e-07
12.74 5.93919e-07
12.76 -5.29044e-06
12.78 -9.62242e-06
12.8 -6.29024e-06
12.82 2.79797e-06
12.84 8.6838e-06
12.86 4.48127e-06
12.88 -4.26244e-06
12.9 -5.38804e-06
12.92 2.95031e-06
12.94 8.80757e-06
12.96 3.44065e-06
12.98 -5.08111e-06
13 -4.24083e-06
13.02 3.32702e-06
13.04 4.90163e-06
13.06 -1.2557e-06
13.08 -3.84119e-06
13.1 2.24266e-06
13.12 8.28756e-06
13.14 6.13615e-06
13.16 -2.98966e-07
13.18 -2.56386e-06
13.2 4.0068e-07
13.22 3.40619e-06
13.24 3.26141e-06
13.26 1.60401e-06
13.28 1.9859e-07
13.3 -2.15068e-06
13.32 -5.04745e-06
13.34 -5.06367e-06
13.36 -1.1844e-06
13.38 3.18696e-06
13.4 3.62924e-06
13.42 -2.35998e-07
13.44 -2.75951e-06
13.46 -3.68943e-07
13.48 1.5782e-06
13.5 -1.6881e-06
13.52 -5.03203e-06
13.54 -2.43233e-06
13.56 2.06006e-06
13.58 8.35844e-07
13.6 -5.01873e-06
13.62 -7.16885e-06
13.64 -2.37331e-06
13.66 2.57824e-06
13.68 5.51141e-07
13.7 -5.53585e-06
13.72 -6.84311e-06
13.74 -1.30446e-06
13.76 4.24333e-06
13.78 4.42309e-06
13.8 1.88791e-06
13.82 1.79477e-06
13.84 3.99579e-06
13.86 3.75607e-06
13.88 -8.78741e-07
13.9 -4.97724e-06
13.92 -3.30037e-06
13.94 1.60497e-06
13.96 3.3073e-06
13.98 6.33655e-07
14 -1.63763e-06
14.02 1.12534e-06
14.04 7.9563e-06
14.06 1.21029e-05
14.08 9.57164e-06
14.1 4.60813e-06
14.12 1.09025e-06
14.14 -2.17376e-06
14.16 -4.16349e-06
14.18 -1.90176e-06
14.2 1.38357e-06
14.22 -1.22688e-06
14.24 -8.59597e-06
14.26 -1.11574e-05
14.28 -4.94143e-06
14.3 1.81599e-06
14.32 -5.31917e-08
14.34 -8.13102e-06
14.36 -1.14833e-05
14.38 -5.49162e-06
14.4 9.70162e-07
14.42 -1.90753e-06
14.44 -9.82903e-06
14.46 -1.02042e-05
14.48 -1.38796e-06
14.5 5.05399e-06
14.52 2.53695e-06
14.54 -1.83923e-06
14.56 1.00153e-07
14.58 4.65852e-06
14.6 3.37755e-06
14.62 -1.2808e-06
14.64 7.22302e-07
14.66 8.91025e-06
14.68 1.08831e-05
14.7 -3.45913e-07
14.72 -1.44628e-05
14.74 -1.45416e-05
14.76 -1.01427e-06
14.78 6.95409e-06
14.8 -2.26797e-06
14.82 -1.57653e-05
14.84 -1.30721e-05
14.86 3.09929e-06
14.88 8.2566e-06
14.9 -5.8663e-06
14.92 -1.51173e-05
14.94 -1.7792e-06
14.96 1.44779e-05
14.98 8.68631e-06
15 -9.09969e-06
15.02 -1.118e-05
15.04 3.68913e-06
15.06 1.0089e-05
15.08 -2.40012e-06
15.1 -1.39157e-05
15.12 -6.05687e-06
15.14 1.13331e-05
15.16 1.51335e-05
15.18 2.04271e-06
15.2 -7.24354e-06
15.22 4.5402e-07
15.24 1.06254e-05
15.26 4.79127e-06
15.28 -1.01501e-05
15.3 -1.38823e-05
15.32 -3.67509e-06
15.34 3.74137e-06
15.36 -1.42739e-06
15.38 -8.50977e-06
15.4 -4.30581e-06
15.42 6.55431e-06
15.44 9.06064e-06
15.46 1.62532e-07
15.48 -7.68869e-06
15.5 -4.79505e-06
15.52 3.778e-06
15.54 6.44626e-06
15.56 1.16142e-06
15.58 -1.80008e-06
15.6 3.93338e-06
15.62 9.99537e-06
15.64 6.16866e-06
15.66 -3.61414e-06
15.68 -6.40064e-06
15.7 1.46285e-06
15.72 9.13365e-06
15.74 7.35164e-06
15.76 1.12299e-06
15.78 3.94187e-07
15.8 5.48225e-06
15.82 7.7239e-06
15.84 2.2689e-06
15.86 -4.40305e-06
15.88 -3.38372e-06
15.9 3.35717e-06
15.92 6.03701e-06
15.94 2.17681e-06
15.96 -4.36041e-08
15.98 4.47775e-06
16 9.20724e-06
16.02 6.99831e-06
16.04 1.29591e-06
16.06 -2.39477e-07
16.08 3.37365e-06
16.1 6.06344e-06
16.12 2.87932e-06
16.14 -3.16578e-06
16.16 -4.24385e-06
16.18 1.96476e-06
16.2 8.01222e-06
16.22 6.16746e-06
16.24 -4.75262e-07
16.26 -3.61306e-06
16.28 -1.82595e-06
16.3 1.21666e-06
16.32 3.34249e-06
16.34 3.21442e-06
16.36 1.78757e-07
16.38 -2.92667e-06
16.4 -2.41822e-06
16.42 6.07351e-09
16.44 -6.66413e-07
16.46 -4.62388e-06
16.48 -7.19284e-06
16.5 -7.07954e-06
16.52 -8.48539e-06
16.54 -1.28125e-05
16.56 -1.43303e-05
16.58 -9.11357e-06
16.6 -3.10269e-06
16.62 -4.15271e-06
16.64 -1.01504e-05
16.66 -1.19573e-05
16.68 -3.34046e-06
16.7 1.28508e-05
16.72 2.3398e-05
16.74 2.11962e-05
16.76 1.83083e-05
16.78 2.54447e-05
16.8 3.39498e-05
16.82 3.18307e-05
16.84 1.95297e-05
16.86 1.76168e-06
16.88 -1.03873e-05
16.9 -1.95399e-06
16.92 1.38152e-05
16.94 7.09706e-06
16.96 -1.59007e-05
16.98 -2.13185e-05
17 -3.38087e-06
17.02 8.44746e-06
17.04 -3.89099e-06
17.06 -2.20194e-05
17.08 -2.07408e-05
17.1 -6.38963e-06
17.12 -6.8381e-06
17.14 -2.59183e-05
17.16 -3.40159e-05
17.18 -1.46333e-05
17.2 4.42232e-06
17.22 -7.23295e-06
17.24 -2.95658e-05
17.26 -2.37779e-05
17.28 1.60646e-06
17.3 6.71569e-06
17.32 -1.2699e-05
17.34 -2.02184e-05
17.36 2.89199e-06
17.38 2.95158e-05
17.4 2.84574e-05
17.42 1.09928e-05
17.44 1.17471e-05
17.46 3.31607e-05
17.48 4.08387e-05
17.5 1.9456e-05
17.52 -1.90584e-07
17.54 9.23669e-06
17.56 2.43984e-05
17.58 1.0634e-05
17.6 -1.77416e-05
17.62 -2.27005e-05
17.64 -4.603e-06
17.66 2.98865e-06
17.68 -1.26304e-05
17.7 -2.75328e-05
17.72 -2.17427e-05
17.74 -8.66722e-06
17.76 -9.94767e-06
17.78 -2.12245e-05
17.8 -2.25353e-05
17.82 -1.05891e-05
17.84 1.92351e-07
17.86 8.77054e-07
17.88 -3.57296e-06
17.9 -3.7615e-06
17.92 2.62062e-06
17.94 9.09649e-06
17.96 1.09159e-05
17.98 1.12655e-05
18 1.34273e-05
18.02 1.45832e-05
18.04 1.19357e-05
18.06 8.44213e-06
18.08 6.17363e-06
18.1 7.85546e-07
18.12 -7.70488e-06
18.14 -1.02772e-05
18.16 -4.60457e-06
18.18 -7.55447e-07
18.2 -6.00868e-06
18.22 -1.57515e-05
18.24 -2.18016e-05
18.26 -2.29748e-05
18.28 -2.36014e-05
18.3 -2.44595e-05
18.32 -1.89714e-05
18.34 -9.46834e-07
18.36 1.89038e-05
18.38 2.10369e-05
18.4 1.09494e-05
18.42 1.30937e-05
18.44 3.04408e-05
18.46 4.15428e-05
18.48 2.9447e-05
18.5 1.52141e-06
18.52 -1.19925e-05
18.54 4.92108e-06
18.56 2.37238e-05
18.58 1.20289e-05
18.6 -1.59059e-05
18.62 -2.31831e-05
18.64 -4.8174e-06
18.66 7.89363e-06
18.68 -5.72221e-06
18.7 -2.66452e-05
18.72 -2.63584e-05
18.74 -9.68899e-06
18.76 -6.09635e-06
18.78 -2.38151e-05
18.8 -3.30668e-05
18.82 -7.11753e-06
18.84 2.8769e-05
18.86 2.94954e-05
18.88 5.48201e-06
18.9 4.68282e-06
18.92 3.25203e-05
18.94 4.84731e-05
18.96 3.18763e-05
18.98 9.13571e-06
19 8.8146e-06
19.02 2.08162e-05
19.04 1.91904e-05
19.06 3.6756e-07
19.08 -1.52719e-05
19.1 -1.05561e-05
19.12 3.70281e-06
19.14 1.82683e-06
19.16 -1.68324e-05
19.18 -2.48075e-05
19.2 -1.19775e-05
19.22 -3.79046e-06
19.24 -1.8533e-05
19.26 -3.41461e-05
19.28 -2.23304e-05
19.3 2.53047e-06
19.32 5.618e-06
19.34 -1.2641e-05
19.36 -2.14578e-05
19.38 -7.99782e-06
19.4 7.01068e-06
19.42 2.87014e-06
19.44 -9.04467e-06
19.46 -2.99752e-06
19.48 1.8577e-05
19.5 2.66311e-05
19.52 1.06944e-05
19.54 -4.76617e-06
19.56 2.77619e-06
19.58 2.02809e-05
19.6 1.74983e-05
19.62 -5.22258e-06
19.64 -1.13325e-05
19.66 1.19024e-05
19.68 2.47417e-05
19.7 -3.09788e-07
19.72 -2.96978e-05
19.74 -2.14432e-05
19.76 1.02307e-05
19.78 1.77956e-05
19.8 -1.03673e-05
19.82 -3.35692e-05
19.84 -1.82665e-05
19.86 1.29177e-05
19.88 1.87747e-05
19.9 -1.11824e-07
19.92 -9.248e-06
19.94 7.19897e-06
19.96 2.46314e-05
19.98 1.54817e-05
20 -6.78344e-06
20.02 -7.80755e-06
20.04 1.36647e-05
20.06 2.511e-05
20.08 8.20144e-06
20.1 -1.9663e-05
20.12 -2.93997e-05
20.14 -1.44947e-05
20.16 5.07362e-06
20.18 1.06723e-05
20.2 2.92074e-07
20.22 -1.43304e-05
20.24 -1.61363e-05
20.26 -2.5739e-06
20.28 6.25216e-06
20.3 -4.57802e-06
20.32 -1.62709e-05
20.34 -5.2774e-06
20.36 1.20511e-05
20.38 8.56829e-06
20.4 -4.64181e-06
20.42 -7.61002e-07
20.44 1.80982e-05
20.46 2.70044e-05
20.48 1.57048e-05
20.5 -1.08886e-06
20.52 -5.3722e-06
20.54 8.7252e-07
20.56 -7.08693e-08
20.58 -4.03975e-06
20.6 5.9137e-06
20.62 1.13262e-05
20.64 -9.38478e-06
20.66 -3.18738e-05
20.68 -2.90569e-05
20.7 -7.89344e-06
20.72 1.17494e-05
20.74 9.94314e-06
20.76 -1.30271e-05
20.78 -2.28861e-05
20.8 -2.43474e-06
20.82 1.37706e-05
20.84 -2.78701e-06
20.86 -2.35372e-05
20.88 -7.81457e-06
20.9 2.8269e-05
20.92 3.45469e-05
20.94 7.39039e-06
20.96 -6.83664e-06
20.98 1.47831e-05
21 3.60842e-05
21.02 1.55843e-05
21.04 -2.20772e-05
21.06 -1.95779e-05
21.08 1.89548e-05
21.1 3.2988e-05
21.12 -1.20528e-06
21.14 -3.54128e-05
21.16 -2.00008e-05
21.18 2.12512e-05
21.2 2.35552e-05
21.22 -1.93543e-05
21.24 -4.48109e-05
21.26 -1.89482e-05
21.28 1.41914e-05
21.3 4.28929e-06
21.32 -2.81081e-05
21.34 -2.40319e-05
21.36 1.9855e-05
21.38 4.20445e-05
21.4 1.60554e-05
21.42 -1.17148e-05
21.44 -6.23101e-06
21.46 1.48855e-05
21.48 2.30177e-05
21.5 6.88506e-06
21.52 -1.70531e-05
21.54 -2.07948e-05
21.56 -8.03133e-06
21.58 -6.95122e-06
21.6 -1.89112e-05
21.62 -1.76277e-05
21.64 -2.23821e-08
21.66 6.94388e-06
21.68 -6.48453e-06
21.7 -1.50796e-05
21.72 1.49606e-06
21.74 2.24737e-05
21.76 1.35026e-05
21.78 -1.73672e-05
21.8 -2.52084e-05
21.82 2.28908e-06
21.84 2.17792e-05
21.86 2.3251e-06
21.88 -2.48669e-05
21.9 -1.6755e-05
21.92 1.48934e-05
21.94 2.44542e-05
21.96 1.84853e-06
21.98 -1.50954e-05
22 4.76692e-07
22.02 2.49461e-05
22.04 2.27286e-05
22.06 -1.38736e-06
22.08 -1.49727e-05
22.1 -5.52319e-06
22.12 6.91952e-06
22.14 1.58705e-06
22.16 -1.25858e-05
22.18 -1.24058e-05
22.2 1.78571e-06
22.22 7.97862e-06
22.24 -1.40943e-06
22.26 -9.98644e-06
22.28 -4.32598e-06
22.3 6.94222e-06
22.32 7.94906e-06
22.34 4.00867e-07
22.36 -8.56388e-07
22.38 7.75933e-06
22.4 1.42477e-05
22.42 1.01792e-05
22.44 2.34249e-06
22.46 1.98728e-06
22.48 8.86746e-06
22.5 1.09986e-05
22.52 2.0214e-06
22.54 -7.65851e-06
22.56 -5.9487e-06
22.58 2.5302e-06
22.6 4.21633e-06
22.62 -3.08329e-06
22.64 -8.23968e-06
22.66 -4.15868e-06
22.68 1.96578e-06
22.7 1.32283e-07
22.72 -6.99625e-06
22.74 -8.46259e-06
22.76 -2.68507e-06
22.78 1.06378e-07
22.8 -5.00262e-06
22.82 -9.21968e-06
22.84 -4.04944e-06
22.86 4.54403e-06
22.88 4.98625e-06
22.9 -2.02571e-06
22.92 -5.11212e-06
22.94 7.16747e-07
22.96 7.41028e-06
22.98 6.21045e-06
23 -2.62229e-08
23.02 -2.34874e-06
23.04 8.25044e-07
23.06 2.4542e-06
23.08 -1.80531e-06
23.1 -6.74732e-06
23.12 -5.04498e-06
23.14 1.15676e-06
23.16 2.39699e-06
23.18 -3.24847e-06
23.2 -6.00463e-06
23.22 3.59363e-07
23.24 7.87258e-06
23.26 6.73403e-06
23.28 7.65029e-07
23.3 2.69908e-07
23.32 5.28632e-06
23.34 6.71233e-06
23.36 1.30755e-06
23.38 -4.03162e-06
23.4 -4.22792e-06
23.42 -3.23758e-06
23.44 -5.14058e-06
23.46 -6.47748e-06
23.48 -3.06634e-06
23.5 1.18733e-06
23.52 -1.80198e-07
23.54 -4.7547e-06
23.56 -4.27816e-06
23.58 2.28702e-06
23.6 6.78888e-06
23.62 3.87615e-06
23.64 -1.21634e-06
23.66 -9.16263e-07
23.68 3.86231e-06
23.7 6.66455e-06
23.72 4.57803e-06
23.74 6.29603e-07
23.76 -6.17835e-07
23.78 1.18887e-06
23.8 2.28769e-06
23.82 9.65379e-07
23.84 -6.08144e-07
23.86 -1.20413e-06
23.88 -2.05231e-06
23.9 -3.08887e-06
23.92 -2.0985e-06
23.94 4.13897e-07
23.96 -6.99798e-08
23.98 -4.14611e-06
24 -5.63897e-06
24.02 -3.22527e-07
24.04 7.62919e-06
24.06 9.22917e-06
24.08 2.47838e-06
24.1 -3.54496e-06
24.12 -2.31901e-06
24.14 1.69981e-06
24.16 2.59231e-06
24.18 5.85608e-07
24.2 -1.87395e-06
24.22 -3.10701e-06
24.24 -2.1445e-06
24.26 1.52829e-07
24.28 2.28597e-06
24.3 3.21423e-06
24.32 1.919e-06
24.34 -1.66743e-06
24.36 -5.14682e-06
24.38 -5.16192e-06
24.4 -2.11039e-06
24.42 7.58538e-08
24.44 -4.94334e-09
24.46 3.19138e-08
24.48 9.85251e-07
24.5 6.90963e-07
24.52 -1.17641e-06
24.54 -2.09569e-06
24.56 -6.04315e-07
24.58 1.87614e-06
24.6 2.67259e-06
24.62 1.11454e-06
24.64 9.64001e-09
24.66 1.80067e-06
24.68 4.12992e-06
24.7 2.56356e-06
24.72 -2.32542e-06
24.74 -4.38469e-06
24.76 -7.44107e-07
24.78 3.8042e-06
24.8 4.1702e-06
24.82 1.49994e-06
24.84 7.17272e-07
24.86 3.46181e-06
24.88 5.46862e-06
24.9 3.26598e-06
24.92 2.86407e-07
24.94 1.29375e-06
24.96 4.46985e-06
24.98 4.66376e-06
25 1.53362e-06
25.02 -2.95469e-07
25.04 1.62512e-06
25.06 4.13811e-06
25.08 3.25957e-06
25.1 -1.06027e-07
25.12 -1.20209e-06
25.14 1.76865e-06
25.16 4.42104e-06
25.18 2.55808e-06
25.2 -1.35439e-06
25.22 -2.27298e-06
25.24 -1.20491e-07
25.26 6.07124e-07
25.28 -2.33983e-06
25.3 -5.76785e-06
25.32 -5.80729e-06
25.34 -2.64846e-06
25.36 5.34795e-07
25.38 9.11145e-07
25.4 -1.28935e-06
25.42 -2.70655e-06
25.44 -1.21717e-06
25.46 7.71053e-07
25.48 -5.82888e-08
25.5 -2.69876e-06
25.52 -3.03006e-06
25.54 -7.98658e-08
25.56 2.35447e-06
25.58 1.57965e-06
25.6 -9.75702e-08
25.62 8.15575e-07
25.64 3.49027e-06
25.66 3.99865e-06
25.68 1.2667e-06
25.7 -1.30324e-06
25.72 -5.24039e-07
25.74 1.82882e-06
25.76 1.27613e-06
25.78 -2.15858e-06
25.8 -3.62215e-06
25.82 -1.26599e-06
25.84 1.18975e-06
25.86 7.80479e-07
25.88 -9.22908e-07
25.9 -1.42208e-06
25.92 -8.56864e-07
25.94 -7.39201e-07
25.96 -1.27721e-06
25.98 -1.69861e-06
26 -1.99175e-06
26.02 -2.61187e-06
26.04 -3.32623e-06
26.06 -3.1307e-06
26.08 -1.53709e-06
26.1 -1.59345e-07
26.12 -1.20421e-06
26.14 -3.62183e-06
26.16 -3.85129e-06
26.18 -1.21127e-06
26.2 9.41788e-07
26.22 1.97833e-07
26.24 -1.69244e-06
26.26 -1.55342e-06
26.28 6.82718e-07
26.3 1.74593e-06
26.32 6.16056e-08
26.34 -1.66531e-06
26.36 -1.05644e-06
26.38 2.15495e-07
26.4 -3.51642e-07
26.42 -2.08893e-06
26.44 -2.53615e-06
26.46 -1.11605e-06
26.48 6.80642e-07
26.5 1.41366e-06
26.52 6.25151e-07
26.54 -7.84526e-07
26.56 -1.06383e-06
26.58 6.22885e-07
26.6 3.08301e-06
26.62 3.95506e-06
26.64 2.35632e-06
26.66 2.16762e-07
26.68 -1.63403e-08
26.7 1.52776e-06
26.72 2.15984e-06
26.74 4.61251e-07
26.76 -1.44262e-06
26.78 -1.39664e-06
26.8 -2.24744e-07
26.82 3.39051e-09
26.84 -1.31696e-06
26.86 -2.5056e-06
26.88 -2.0678e-06
26.9 -1.09106e-06
26.92 -9.65453e-07
26.94 -9.1828e-07
26.96 1.66478e-07
26.98 1.24604e-06
27 4.0249e-07
27.02 -1.351e-06
27.04 -8.87712e-07
27.06 1.49804e-06
27.08 1.90266e-06
27.1 -8.20132e-07
27.12 -2.72614e-06
27.14 -6.88872e-07
27.16 2.45976e-06
27.18 1.94054e-06
27.2 -1.71065e-06
27.22 -3.36086e-06
27.24 -9.10123e-07
27.26 1.7115e-06
27.28 7.42264e-07
27.3 -1.86051e-06
27.32 -1.84187e-06
27.34 1.03473e-06
27.36 2.96272e-06
27.38 1.82757e-06
27.4 -9.21032e-08
27.42 2.14642e-08
27.44 1.93434e-06
27.46 3.1074e-06
27.48 1.85856e-06
27.5 -3.62208e-07
27.52 -1.16028e-06
27.54 -8.35125e-07
27.56 -1.27465e-06
27.58 -2.66722e-06
27.6 -3.40829e-06
27.62 -2.77714e-06
27.64 -2.24747e-06
27.66 -2.92385e-06
27.68 -3.51626e-06
27.7 -2.52799e-06
27.72 -4.76724e-07
27.74 1.19141e-06
27.76 2.05432e-06
27.78 2.60307e-06
27.8 3.03019e-06
27.82 3.14209e-06
27.84 2.95132e-06
27.86 2.55274e-06
27.88 1.7369e-06
27.9 6.10927e-07
27.92 -1.16213e-07
27.94 -1.52098e-07
27.96 1.79225e-07
27.98 4.16878e-07
28 9.89917e-08
28.02 -4.14556e-07
28.04 -3.03316e-07
28.06 2.1938e-08
28.08 -4.02594e-07
28.1 -1.40701e-06
28.12 -1.54325e-06
28.14 -9.32395e-08
28.16 9.35637e-07
28.18 -1.87681e-07
28.2 -1.22625e-06
28.22 3.80221e-07
28.24 2.98719e-06
28.26 3.70735e-06
28.28 2.87121e-06
28.3 2.86165e-06
28.32 4.25467e-06
28.34 4.912e-06
28.36 1.52266e-06
28.38 -5.47471e-06
28.4 -8.90475e-06
28.42 -3.65187e-06
28.44 3.97631e-06
28.46 3.20154e-06
28.48 -4.92701e-06
28.5 -7.78487e-06
28.52 -4.28783e-07
28.54 7.04967e-06
28.56 5.21056e-06
28.58 -1.53049e-06
28.6 -3.19728e-06
28.62 6.25843e-07
28.64 2.51815e-06
28.66 4.63404e-07
28.68 -3.66869e-07
28.7 2.34702e-06
28.72 4.28798e-06
28.74 1.36821e-06
28.76 -3.95568e-06
28.78 -5.10218e-06
28.8 6.42684e-08
28.82 4.92059e-06
28.84 2.30909e-06
28.86 -4.02333e-06
28.88 -4.07306e-06
28.9 2.73211e-06
28.92 6.72728e-06
28.94 3.27103e-06
28.96 -1.14122e-06
28.98 -1.99982e-07
29 2.70511e-06
29.02 1.52231e-06
29.04 -1.47355e-06
29.06 -6.81546e-08
29.08 4.09638e-06
29.1 3.77796e-06
29.12 -1.63929e-06
29.14 -4.88567e-06
29.16 -2.08284e-06
29.18 1.63078e-06
29.2 4.35049e-07
29.22 -3.36059e-06
29.24 -3.82744e-06
29.26 -8.67886e-07
29.28 8.57122e-07
29.3 -3.58593e-07
29.32 -1.92306e-06
29.34 -1.69628e-06
29.36 -3.98763e-07
29.38 4.98236e-07
29.4 8.45298e-07
29.42 9.58348e-07
29.44 6.88459e-07
29.46 1.53566e-07
29.48 5.46693e-08
29.5 5.41346e-07
29.52 8.00045e-07
29.54 6.2569e-08
29.56 -1.71444e-06
29.58 -3.30363e-06
29.6 -2.77392e-06
29.62 -3.30165e-07
29.64 7.38885e-07
29.66 -1.40267e-06
29.68 -3.67688e-06
29.7 -2.74498e-06
29.72 -2.24666e-07
29.74 1.14844e-07
29.76 -1.79388e-06
29.78 -2.29392e-06
29.8 -2.55622e-08
29.82 1.87154e-06
29.84 1.16026e-06
29.86 -1.47416e-07
29.88 4.68209e-07
29.9 2.1924e-06
29.92 2.77628e-06
29.94 1.98314e-06
29.96 1.21562e-06
29.98 9.74592e-07
30 2.00951e-07
30.02 -1.5931e-06
30.04 -2.92354e-06
30.06 -2.48057e-06
30.08 -1.53811e-06
30.1 -1.86133e-06
30.12 -2.44809e-06
30.14 -1.17772e-06
30.16 1.35745e-06
30.18 2.43398e-06
30.2 1.30667e-06
30.22 7.39305e-08
30.24 4.59241e-07
30.26 1.86468e-06
30.28 2.66637e-06
30.3 2.40495e-06
30.32 2.14691e-06
30.34 2.33321e-06
30.36 2.0542e-06
30.38 1.0569e-06
30.4 1.5827e-07
30.42 -1.89243e-07
30.44 -7.57286e-07
30.46 -2.35663e-06
30.48 -3.89205e-06
30.5 -3.37747e-06
30.52 -9.1985e-07
30.54 8.09664e-07
30.56 1.35543e-09
30.58 -1.49629e-06
30.6 -8.14524e-07
30.62 1.6662e-06
30.64 3.09558e-06
30.66 2.35856e-06
30.68 1.24054e-06
30.7 1.61585e-06
30.72 2.80859e-06
30.74 2.28107e-06
30.76 -2.84464e-07
30.78 -1.58305e-06
30.8 2.82386e-08
30.82 1.53261e-06
30.84 4.58262e-07
30.86 -1.27997e-06
30.88 -8.01131e-07
30.9 1.67843e-06
30.92 3.45507e-06
30.94 2.73869e-06
30.96 7.24221e-07
30.98 4.62002e-09
31 8.50311e-07
31.02 9.31442e-07
31.04 -5.59902e-07
31.06 -1.59804e-06
31.08 -1.12029e-06
31.1 -6.07373e-07
31.12 -8.5805e-07
31.14 -5.72762e-07
31.16 8.40462e-07
31.18 1.7972e-06
31.2 1.04266e-06
31.22 -2.52497e-07
31.24 -1.22994e-07
31.26 1.40326e-06
31.28 2.15445e-06
31.3 8.81229e-07
31.32 -6.17087e-07
31.34 -4.43812e-08
31.36 1.82403e-06
31.38 2.12155e-06
31.4 4.51305e-07
31.42 -2.20042e-07
31.44 1.3079e-06
31.46 2.31666e-06
31.48 9.80326e-07
31.5 -9.34058e-07
31.52 -1.30867e-06
31.54 -4.70102e-07
31.56 -1.20936e-07
31.58 -9.03126e-07
31.6 -1.64883e-06
31.62 -1.14059e-06
31.64 -1.88897e-07
31.66 -5.56502e-07
31.68 -1.984e-06
31.7 -2.51398e-06
31.72 -1.57799e-06
31.74 -6.12959e-07
31.76 -7.56831e-07
31.78 -1.38434e-06
31.8 -1.23167e-06
31.82 -4.19276e-07
31.84 -1.98747e-07
31.86 -5.28266e-07
31.88 -6.3773e-08
31.9 1.13475e-06
31.92 1.42222e-06
31.94 4.11324e-07
31.96 -1.2012e-07
31.98 9.79456e-07
32 2.15211e-06
32.02 1.3816e-06
32.04 -6.77655e-07
32.06 -1.57593e-06
32.08 -6.46622e-07
32.1 2.1084e-07
32.12 -5.36628e-07
32.14 -2.03553e-06
32.16 -2.32414e-06
32.18 -1.01722e-06
32.2 5.19402e-08
32.22 -5.96884e-07
32.24 -1.90678e-06
32.26 -1.91306e-06
32.28 -6.71407e-07
32.3 -7.29506e-08
32.32 -1.04611e-06
32.34 -2.29551e-06
32.36 -2.12973e-06
32.38 -9.17336e-07
32.4 -6.32343e-07
32.42 -1.69603e-06
32.44 -2.30213e-06
32.46 -1.36624e-06
32.48 -5.28342e-08
32.5 -8.22321e-08
32.52 -1.43992e-06
32.54 -2.10933e-06
32.56 -7.36059e-07
32.58 1.03011e-06
32.6 7.39494e-07
32.62 -8.89979e-07
32.64 -8.61269e-07
32.66 1.34674e-06
32.68 2.8065e-06
32.7 1.59531e-06
32.72 -4.06303e-07
32.74 -5.79936e-07
32.76 3.6446e-07
32.78 -1.15493e-07
32.8 -1.81549e-06
32.82 -2.16963e-06
32.84 -4.33037e-07
32.86 1.30907e-06
32.88 1.36215e-06
32.9 8.96724e-07
32.92 1.63973e-06
32.94 2.7475e-06
32.96 2.31859e-06
32.98 6.99154e-07
33 -1.4585e-07
33.02 2.61476e-07
33.04 5.54509e-07
33.06 -4.51644e-08
33.08 -6.89482e-07
33.1 -5.64551e-07
33.12 -2.28476e-07
33.14 -4.55041e-07
33.16 -7.85048e-07
33.18 -5.33194e-07
33.2 4.27406e-08
33.22 4.40334e-07
33.24 4.52379e-07
33.26 1.75777e-07
33.28 -1.36575e-07
33.3 -5.33588e-07
33.32 -9.09237e-07
33.34 -4.50756e-07
33.36 1.01402e-06
33.38 1.94819e-06
33.4 1.00237e-06
33.42 -7.25869e-07
33.44 -8.65135e-07
33.46 8.25279e-07
33.48 1.72234e-06
33.5 1.39913e-07
33.52 -1.82942e-06
33.54 -1.54474e-06
33.56 2.47079e-07
33.58 1.10998e-06
33.6 4.7749e-07
33.62 -2.77706e-07
33.64 -1.79822e-07
33.66 8.15646e-08
33.68 -6.10696e-07
33.7 -1.77954e-06
33.72 -1.78252e-06
33.74 -6.14187e-07
33.76 -1.08071e-07
33.78 -6.05254e-07
33.8 -2.86519e-07
33.82 1.36631e-06
33.84 2.36262e-06
33.86 1.57823e-06
33.88 6.06513e-07
33.9 1.13336e-06
33.92 2.43442e-06
33.94 2.56338e-06
33.96 1.30752e-06
33.98 6.4264e-07
34 1.65654e-06
34.02 2.57919e-06
34.04 1.58335e-06
34.06 -1.01615e-07
34.08 -3.6167e-07
34.1 3.44321e-07
34.12 3.61764e-07
34.14 -4.78656e-07
34.16 -1.10914e-06
34.18 -7.97822e-07
34.2 -1.68318e-08
34.22 2.3335e-07
34.24 -3.06297e-07
34.26 -9.02372e-07
34.28 -7.4649e-07
34.3 9.38937e-08
34.32 6.44368e-07
34.34 1.70874e-07
34.36 -5.53514e-07
34.38 7.63857e-08
34.4 1.93843e-06
34.42 2.85518e-06
34.44 1.90406e-06
34.46 8.34955e-07
34.48 1.17787e-06
34.5 1.81437e-06
34.52 8.98964e-07
34.54 -1.03258e-06
34.56 -1.79887e-06
34.58 -7.36219e-07
34.6 5.88546e-07
34.62 7.76834e-07
34.64 2.09688e-07
34.66 -6.17307e-08
34.68 1.1464e-07
34.7 6.38924e-08
34.72 -5.31523e-07
34.74 -1.17391e-06
34.76 -1.32543e-06
34.78 -9.65894e-07
34.8 -3.97463e-07
34.82 -4.18259e-08
34.84 8.52013e-08
34.86 4.93591e-07
34.88 1.03361e-06
34.9 9.75286e-07
34.92 6.57832e-07
34.94 1.05643e-06
34.96 1.9763e-06
34.98 2.30091e-06
35 1.48982e-06
35.02 2.9706e-07
35.04 9.8272e-09
35.06 5.82542e-07
35.08 4.73778e-07
35.1 -8.55323e-07
35.12 -1.88839e-06
35.14 -1.6461e-06
35.16 -1.32192e-06
35.18 -1.92631e-06
35.2 -2.43254e-06
35.22 -1.49925e-06
35.24 2.16909e-07
35.26 7.56703e-07
35.28 -3.17615e-07
35.3 -1.1814e-06
35.32 -2.76035e-07
35.34 1.19782e-06
35.36 8.54781e-07
35.38 -8.38859e-07
35.4 -9.72726e-07
35.42 1.0832e-06
35.44 2.61871e-06
35.46 1.62592e-06
35.48 -3.56311e-07
35.5 -5.64542e-07
35.52 6.8683e-07
35.54 6.4957e-07
35.56 -1.12758e-06
35.58 -2.33161e-06
35.6 -1.94906e-06
35.62 -1.42661e-06
35.64 -1.79247e-06
35.66 -2.12509e-06
35.68 -1.44841e-06
35.7 -5.45092e-07
35.72 -4.90713e-07
35.74 -9.35209e-07
35.76 -1.21097e-06
35.78 -8.93653e-07
35.8 5.45602e-07
35.82 2.03991e-06
35.84 1.23912e-06
35.86 -1.1404e-06
35.88 -1.62461e-06
35.9 3.49913e-08
35.92 5.6927e-07
35.94 -4.55274e-07
35.96 2.90556e-07
35.98 2.94704e-06
36 2.90857e-06
36.02 -7.69247e-07
36.04 -2.5888e-06
36.06 1.95029e-07
36.08 3.17916e-06
36.1 2.57957e-06
36.12 5.78747e-07
36.14 1.59904e-07
36.16 3.1674e-07
36.18 1.78141e-08
36.2 7.91686e-07
36.22 2.38894e-06
36.24 2.34561e-06
36.26 1.77775e-07
36.28 -2.22123e-06
36.3 -3.01623e-06
36.32 -2.29166e-06
36.34 -1.86207e-06
36.36 -2.29102e-06
36.38 -2.10162e-06
36.4 -6.70219e-07
36.42 9.59696e-07
36.44 1.63193e-06
36.46 6.10766e-07
36.48 -1.12074e-06
36.5 -5.27493e-08
36.52 4.80773e-06
36.54 7.9999e-06
36.56 4.87279e-06
36.58 -2.67217e-07
36.6 -6.18385e-08
36.62 4.24011e-06
36.64 4.37874e-06
36.66 -1.10246e-06
36.68 -4.09392e-06
36.7 -1.45982e-06
36.72 -1.47565e-07
36.74 -3.20055e-06
36.76 -3.58649e-06
36.78 1.82116e-06
36.8 4.16894e-06
36.82 -2.11917e-06
36.84 -7.57473e-06
36.86 -3.04433e-06
36.88 4.19643e-06
36.9 1.88267e-06
36.92 -7.20307e-06
36.94 -9.4102e-06
36.96 -1.19887e-06
36.98 7.21297e-06
37 6.49922e-06
37.02 -9.79306e-07
37.04 -4.01392e-06
37.06 3.01668e-06
37.08 1.07888e-05
37.1 7.35514e-06
37.12 -2.96885e-06
37.14 -5.6787e-06
37.16 1.2503e-06
37.18 5.16084e-06
37.2 -8.22329e-07
37.22 -8.52006e-06
37.24 -9.02266e-06
37.26 -3.94735e-06
37.28 6.41356e-07
37.3 1.5343e-06
37.32 -8.00455e-07
37.34 -3.26893e-06
37.36 -3.285e-06
37.38 -1.62126e-06
37.4 -8.1382e-07
37.42 -1.21156e-06
37.44 -8.30013e-07
37.46 8.85859e-07
37.48 2.40391e-06
37.5 2.59971e-06
37.52 1.7274e-06
37.54 1.00289e-06
37.56 1.99728e-06
37.58 4.63789e-06
37.6 5.81482e-06
37.62 3.12904e-06
37.64 -1.12628e-06
37.66 -2.88706e-06
37.68 -9.62907e-07
37.7 2.24524e-06
37.72 2.74358e-06
37.74 -4.68574e-07
37.76 -3.09592e-06
37.78 -1.28071e-06
37.8 2.29168e-06
37.82 1.45861e-06
37.84 -4.57486e-06
37.86 -8.56715e-06
37.88 -5.07099e-06
37.9 7.7233e-07
37.92 1.29625e-06
37.94 -1.97549e-06
37.96 -2.5695e-06
37.98 3.25189e-07
38 2.21368e-06
38.02 9.64829e-07
38.04 -8.00574e-07
38.06 -1.98038e-07
38.08 1.66284e-06
38.1 1.66387e-06
38.12 -1.08948e-07
38.14 -9.44166e-07
38.16 1.4876e-07
38.18 1.75128e-06
38.2 2.32681e-06
38.22 2.20391e-06
38.24 2.36582e-06
38.26 1.99024e-06
38.28 -1.34833e-07
38.3 -2.80269e-06
38.32 -3.38794e-06
38.34 -1.32629e-06
38.36 6.98862e-07
38.38 -3.8407e-08
38.4 -2.12297e-06
38.42 -1.64544e-06
38.44 1.80741e-06
38.46 4.27972e-06
38.48 2.82893e-06
38.5 -6.2674e-07
38.52 -1.99754e-06
38.54 -5.79097e-07
38.56 4.94953e-07
38.58 -8.96223e-07
38.6 -3.17037e-06
38.62 -3.53183e-06
38.64 -1.76719e-06
38.66 -3.28807e-07
38.68 -6.58719e-07
38.7 -1.42936e-06
38.72 -9.42841e-07
38.74 5.99535e-07
38.76 1.72249e-06
38.78 1.62949e-06
38.8 9.97118e-07
38.82 7.67133e-07
38.84 6.75672e-07
38.86 -2.37982e-07
38.88 -1.70972e-06
38.9 -2.18025e-06
38.92 -1.35723e-06
38.94 -9.15647e-07
38.96 -1.54832e-06
38.98 -1.55745e-06
39 3.08309e-07
39.02 2.55654e-06
39.04 3.11823e-06
39.06 2.49108e-06
39.08 2.85236e-06
39.1 4.52887e-06
39.12 5.10092e-06
39.14 2.66262e-06
39.16 -1.06391e-06
39.18 -2.48185e-06
39.2 -8.72079e-07
39.22 6.77707e-07
39.24 -2.55586e-07
39.26 -2.07281e-06
39.28 -1.77246e-06
39.3 3.79797e-07
39.32 1.22046e-06
39.34 -4.12669e-07
39.36 -2.08646e-06
39.38 -1.76484e-06
39.4 -5.04007e-07
39.42 -1.54923e-07
39.44 -7.69218e-07
39.46 -1.2038e-06
39.48 -8.22604e-07
39.5 2.10521e-08
39.52 7.14178e-07
39.54 9.86661e-07
39.56 8.4468e-07
39.58 4.72489e-07
39.6 3.77015e-07
39.62 1.18631e-06
39.64 2.61889e-06
39.66 3.32762e-06
39.68 2.63818e-06
39.7 1.67884e-06
39.72 1.69911e-06
39.74 1.91944e-06
39.76 8.64254e-07
39.78 -8.10884e-07
39.8 -1.27984e-06
39.82 -5.14939e-07
39.84 -4.6901e-08
39.86 -6.21401e-07
39.88 -1.38676e-06
39.9 -1.268e-06
39.92 -4.4214e-07
39.94 1.83579e-07
39.96 2.81919e-07
39.98 4.63423e-08
40 -2.90478e-07
40.02 -4.01428e-07
40.04 -1.39142e-07
40.06 1.64568e-07
40.08 -3.54802e-08
40.1 -5.13322e-07
40.12 -1.36723e-07
40.14 1.0785e-06
40.16 1.47765e-06
40.18 5.71475e-07
40.2 -1.68539e-07
40.22 8.90696e-09
40.24 2.10322e-07
40.26 -3.68117e-07
40.28 -1.31142e-06
40.3 -1.57386e-06
40.32 -9.25636e-07
40.34 -3.26486e-07
40.36 -5.01095e-07
40.38 -9.33994e-07
40.4 -6.22446e-07
40.42 6.91139e-07
40.44 1.98761e-06
40.46 2.18403e-06
40.48 1.64111e-06
40.5 1.43164e-06
40.52 1.72526e-06
40.54 1.49346e-06
40.56 8.50273e-08
40.58 -1.00426e-06
40.6 -3.06853e-08
40.62 1.5829e-06
40.64 9.43026e-07
40.66 -1.95233e-06
40.68 -3.97141e-06
40.7 -2.94036e-06
40.72 -7.33173e-07
40.74 -6.97388e-07
40.76 -2.86382e-06
40.78 -4.13942e-06
40.8 -2.74194e-06
40.82 -1.63867e-07
40.84 1.15057e-06
40.86 8.2422e-07
40.88 4.84452e-07
40.9 7.97296e-07
40.92 8.48355e-07
40.94 5.60977e-07
40.96 7.79437e-07
40.98 1.43712e-06
41 1.80142e-06
41.02 1.51021e-06
41.04 7.11751e-07
41.06 1.67228e-07
41.08 3.82237e-07
41.1 7.17997e-07
41.12 5.16562e-07
41.14 -2.93599e-08
41.16 -4.74695e-07
41.18 -7.91281e-07
41.2 -1.26683e-06
41.22 -1.84701e-06
41.24 -2.01359e-06
41.26 -1.51021e-06
41.28 -1.0023e-06
41.3 -1.24947e-06
41.32 -1.66427e-06
41.34 -1.17034e-06
41.36 -9.82041e-08
41.38 3.92609e-07
41.4 1.03799e-07
41.42 1.99775e-08
41.44 9.37285e-07
41.46 2.2203e-06
41.48 2.52732e-06
41.5 1.67181e-06
41.52 9.39043e-07
41.54 1.31937e-06
41.56 2.17848e-06
41.58 2.13254e-06
41.6 8.57297e-07
41.62 -3.87174e-07
41.64 -4.04738e-07
41.66 2.89479e-07
41.68 3.5659e-07
41.7 -4.45405e-07
41.72 -1.25432e-06
41.74 -1.59466e-06
41.76 -1.76622e-06
41.78 -1.93441e-06
41.8 -1.9302e-06
41.82 -1.55792e-06
41.84 -6.63754e-07
41.86 4.54435e-07
41.88 1.05569e-06
41.9 9.55464e-07
41.92 9.5359e-07
41.94 1.6159e-06
41.96 2.33513e-06
41.98 2.26124e-06
42 1.47093e-06
42.02 7.364e-07
42.04 4.22101e-07
42.06 1.08016e-07
42.08 -4.98573e-07
42.1 -8.38475e-07
42.12 -3.49746e-07
42.14 4.77016e-07
42.16 7.00951e-07
42.18 1.45144e-07
42.2 -4.54714e-07
42.22 -3.97576e-07
42.24 1.14585e-08
42.26 -8.44631e-08
42.28 -8.35579e-07
42.3 -1.52902e-06
42.32 -1.62327e-06
42.34 -1.30112e-06
42.36 -8.474e-07
42.38 -4.37574e-07
42.4 -2.28179e-07
42.42 5.99752e-08
42.44 5.93593e-07
42.46 8.80391e-07
42.48 6.62541e-07
42.5 3.39464e-07
42.52 4.26355e-07
42.54 9.30182e-07
42.56 1.26785e-06
42.58 1.03055e-06
42.6 5.70957e-07
42.62 5.67585e-07
42.64 9.95823e-07
42.66 1.05547e-06
42.68 4.75645e-07
42.7 5.79618e-08
42.72 4.41691e-07
42.74 1.01507e-06
42.76 6.5679e-07
42.78 -5.08945e-07
42.8 -9.22338e-07
42.82 2.87996e-08
42.84 6.32817e-07
42.86 -5.02604e-07
42.88 -2.03867e-06
42.9 -1.9564e-06
42.92 -5.56241e-07
42.94 7.4154e-08
42.96 -9.94098e-07
42.98 -2.22722e-06
43 -1.73321e-06
43.02 9.66948e-08
43.04 1.13252e-06
43.06 4.95379e-07
43.08 -4.10886e-07
43.1 -5.91775e-08
43.12 1.18008e-06
43.14 1.68649e-06
43.16 9.92497e-07
43.18 3.89032e-07
43.2 7.27384e-07
43.22 1.13839e-06
43.24 6.29067e-07
43.26 -4.02432e-07
43.28 -8.65908e-07
43.3 -6.11911e-07
43.32 -6.28973e-07
43.34 -1.39639e-06
43.36 -2.10801e-06
43.38 -1.95808e-06
43.4 -1.27836e-06
43.42 -7.99333e-07
43.44 -5.18703e-07
43.46 -4.69327e-08
43.48 6.18783e-07
43.5 1.1286e-06
43.52 1.26366e-06
43.54 1.15246e-06
43.56 1.0003e-06
43.58 8.17415e-07
43.6 4.48657e-07
43.62 -4.98191e-08
43.64 -3.00043e-07
43.66 -1.29254e-07
43.68 7.85022e-08
43.7 -1.76271e-07
43.72 -7.192e-07
43.74 -7.82642e-07
43.76 -2.75589e-07
43.78 -1.18498e-08
43.8 -2.06203e-07
43.82 -2.11906e-07
43.84 1.87068e-07
43.86 3.27381e-07
43.88 -2.75197e-07
43.9 -9.58396e-07
43.92 -7.90758e-07
43.94 -1.26099e-07
43.96 -1.86938e-07
43.98 -1.00874e-06
44 -1.26432e-06
44.02 -4.15191e-07
44.04 4.6098e-07
44.06 3.5112e-07
44.08 -3.25056e-07
44.1 -5.03265e-07
44.12 4.27588e-08
44.14 4.84935e-07
44.16 1.82243e-07
44.18 -4.8146e-07
44.2 -7.57741e-07
44.22 -5.76538e-07
44.24 -4.89917e-07
44.26 -7.73901e-07
44.28 -1.13239e-06
44.3 -1.17228e-06
44.32 -8.37478e-07
44.34 -3.59759e-07
44.36 -8.77046e-08
44.38 -1.58848e-07
44.4 -1.12223e-07
44.42 4.70378e-07
44.44 1.1558e-06
44.46 1.35783e-06
44.48 1.08907e-06
44.5 6.05964e-07
44.52 1.31755e-07
44.54 -1.53755e-07
44.56 -3.0314e-07
44.58 -5.23012e-07
44.6 -8.44091e-07
44.62 -1.03259e-06
44.64 -8.74682e-07
44.66 -5.00888e-07
44.68 -3.07222e-07
44.7 -4.48433e-07
44.72 -4.84742e-07
44.74 -7.53436e-08
44.76 3.9709e-07
44.78 4.44755e-07
44.8 9.49326e-08
44.82 -2.08255e-07
44.84 -5.65385e-08
44.86 4.46741e-07
44.88 7.63518e-07
44.9 5.54604e-07
44.92 9.63903e-08
44.94 -4.2953e-08
44.96 2.13377e-07
44.98 3.20321e-07
45 -8.33919e-08
45.02 -5.81453e-07
45.04 -5.02534e-07
45.06 1.2176e-07
45.08 5.23624e-07
45.1 1.73453e-07
45.12 -3.7487e-07
45.14 -2.52953e-07
45.16 3.01843e-07
45.18 3.30311e-07
45.2 -3.11118e-07
45.22 -6.10733e-07
45.24 1.68028e-07
45.26 1.30878e-06
45.28 1.58017e-06
45.3 8.6044e-07
45.32 3.04872e-07
45.34 7.44586e-07
45.36 1.22133e-06
45.38 4.82575e-07
45.4 -8.44495e-07
45.42 -1.0569e-06
45.44 2.15403e-07
45.46 1.10248e-06
45.48 1.21854e-07
45.5 -1.30778e-06
45.52 -1.06012e-06
45.54 3.45217e-07
45.56 6.16523e-07
45.58 -6.52326e-07
45.6 -1.40908e-06
45.62 -4.09881e-07
45.64 8.56769e-07
45.66 3.81303e-07
45.68 -1.22632e-06
45.7 -1.53386e-06
45.72 -2.68591e-08
45.74 1.04133e-06
45.76 7.96173e-09
45.78 -1.62456e-06
45.8 -1.284e-06
45.82 7.56253e-07
45.84 1.67732e-06
45.86 4.20994e-07
45.88 -7.26044e-07
45.9 2.28967e-07
45.92 1.97613e-06
45.94 2.10755e-06
45.96 6.56813e-07
45.98 -3.921e-07
46 -1.63931e-07
46.02 4.293e-07
46.04 3.78359e-07
46.06 -2.05248e-07
46.08 -4.93148e-07
46.1 -4.10333e-07
46.12 -5.24626e-07
46.14 -8.69038e-07
46.16 -1.05816e-06
46.18 -7.63446e-07
46.2 3.06664e-08
46.22 6.13774e-07
46.24 1.91945e-07
46.26 -5.55023e-07
46.28 -1.86163e-07
46.3 8.72408e-07
46.32 9.39289e-07
46.34 2.54742e-08
46.36 -3.79275e-07
46.38 2.97559e-07
46.4 9.96864e-07
46.42 6.0982e-07
46.44 -2.9265e-07
46.46 -2.79269e-07
46.48 5.35505e-07
46.5 6.55147e-07
46.52 -2.43478e-07
46.54 -8.49016e-07
46.56 -3.28186e-07
46.58 4.70392e-07
46.6 3.29615e-07
46.62 -5.02642e-07
46.64 -7.39584e-07
46.66 -7.85588e-08
46.68 3.54245e-07
46.7 -2.34619e-07
46.72 -9.87688e-07
46.74 -6.58686e-07
46.76 3.19884e-07
46.78 5.90201e-07
46.8 4.9063e-08
46.82 -1.69797e-07
46.84 5.02211e-07
46.86 9.15386e-07
46.88 -9.70778e-10
46.9 -1.1313e-06
46.92 -8.94736e-07
46.94 3.80969e-07
46.96 1.0398e-06
46.98 3.15027e-07
47 -6.74129e-07
47.02 -5.91728e-07
47.04 3.00644e-07
47.06 6.89653e-07
47.08 -1.29476e-07
47.1 -1.18926e-06
47.12 -7.99915e-07
47.14 6.78088e-07
47.16 8.84313e-07
47.18 -7.332e-07
47.2 -1.82357e-06
47.22 -7.0047e-07
47.24 1.07163e-06
47.26 9.78313e-07
47.28 -5.23172e-07
47.3 -6.77804e-07
47.32 1.19034e-06
47.34 2.71184e-06
47.36 2.17568e-06
47.38 7.90818e-07
47.4 4.08808e-07
47.42 6.54952e-07
47.44 -6.24962e-08
47.46 -1.33583e-06
47.48 -1.12161e-06
47.5 5.09882e-07
47.52 1.0413e-06
47.54 -2.68621e-07
47.56 -9.75412e-07
47.58 2.69473e-07
47.6 1.36293e-06
47.62 3.76477e-07
47.64 -1.33896e-06
47.66 -1.47124e-06
47.68 -2.67738e-07
47.7 1.98821e-07
47.72 -6.63378e-07
47.74 -1.14578e-06
47.76 -8.38451e-08
47.78 1.15234e-06
47.8 8.32352e-07
47.82 -4.17461e-07
47.84 -7.39567e-07
47.86 5.29365e-08
47.88 3.95152e-07
47.9 -4.45684e-07
47.92 -1.13388e-06
47.94 -5.33257e-07
47.96 3.19517e-07
47.98 6.77386e-08
48 -6.80609e-07
48.02 -4.41791e-07
48.04 6.90744e-07
48.06 1.03751e-06
48.08 -1.88943e-07
48.1 -1.52046e-06
48.12 -1.05568e-06
48.14 8.51792e-07
48.16 1.5485e-06
48.18 -2.10406e-07
48.2 -1.93754e-06
48.22 -1.13505e-06
48.24 8.00494e-07
48.26 1.0056e-06
48.28 -5.31043e-07
48.3 -1.19593e-06
48.32 4.07846e-07
48.34 2.15e-06
48.36 1.44503e-06
48.38 -5.70193e-07
48.4 -7.9668e-07
48.42 9.99201e-07
48.44 1.97075e-06
48.46 6.66917e-07
48.48 -9.36542e-07
48.5 -7.39843e-07
48.52 4.89624e-07
48.54 5.0944e-07
48.56 -1.03369e-06
48.58 -1.96345e-06
48.6 -9.37013e-07
48.62 4.07655e-07
48.64 5.38366e-09
48.66 -1.34945e-06
48.68 -1.10783e-06
48.7 8.30425e-07
48.72 1.73424e-06
48.74 3.60843e-07
48.76 -1.03023e-06
48.78 -1.77685e-07
48.8 1.53703e-06
48.82 1.35881e-06
48.84 -3.83026e-07
48.86 -9.67048e-07
48.88 4.03742e-07
48.9 1.50565e-06
48.92 6.42835e-07
48.94 -8.01394e-07
48.96 -6.48554e-07
48.98 7.45833e-07
49 1.17129e-06
49.02 1.31964e-08
49.04 -8.84844e-07
49.06 -1.62475e-07
49.08 1.00541e-06
49.1 8.10837e-07
49.12 -2.53651e-07
49.14 -2.32744e-07
49.16 1.00378e-06
49.18 1.52307e-06
49.2 3.43521e-07
49.22 -8.51179e-07
49.24 -2.90284e-07
49.26 8.37069e-07
49.28 3.94774e-07
49.3 -1.08049e-06
49.32 -1.35703e-06
49.34 -4.89727e-08
49.36 8.97232e-07
49.38 1.33077e-07
49.4 -1.06363e-06
49.42 -7.11113e-07
49.44 7.19264e-07
49.46 1.07917e-06
49.48 -5.75453e-08
49.5 -9.01249e-07
49.52 -3.48983e-07
49.54 4.30475e-07
49.56 1.37643e-07
49.58 -6.80156e-07
49.6 -8.83052e-07
49.62 -5.60595e-07
49.64 -6.8411e-07
49.66 -1.48224e-06
49.68 -1.95129e-06
49.7 -1.43952e-06
49.72 -6.99936e-07
49.74 -5.98503e-07
49.76 -8.02619e-07
49.78 -4.58977e-07
49.8 2.63299e-07
49.82 3.10669e-07
49.84 -4.13169e-07
49.86 -6.17021e-07
49.88 3.52241e-07
49.9 1.2625e-06
49.92 7.88712e-07
49.94 -3.68852e-07
49.96 -6.03429e-07
49.98 1.11528e-07
50 3.98987e-07
50.02 -3.4693e-07
50.04 -1.0801e-06
50.06 -5.96699e-07
50.08 6.0336e-07
50.1 8.17468e-07
50.12 -3.30059e-07
50.14 -1.22406e-06
50.16 -7.20742e-07
50.18 3.18077e-07
50.2 4.7207e-07
50.22 -3.86247e-07
50.24 -1.06353e-06
50.26 -6.06626e-07
50.28 3.55441e-07
50.3 4.76245e-07
50.32 -2.01289e-07
50.34 -3.42149e-07
50.36 3.79468e-07
50.38 7.87857e-07
50.4 2.84882e-07
50.42 -2.29058e-07
50.44 1.40908e-07
50.46 9.14039e-07
50.48 9.02884e-07
50.5 -4.46796e-08
50.52 -7.02753e-07
50.54 -2.02422e-07
50.56 7.3455e-07
50.58 8.55017e-07
50.6 1.82205e-07
50.62 -9.23176e-08
50.64 4.21732e-07
50.66 7.50109e-07
50.68 2.83601e-07
50.7 -2.32889e-07
50.72 -1.91371e-09
50.74 5.39848e-07
50.76 4.43869e-07
50.78 -2.42115e-07
50.8 -5.10002e-07
50.82 -9.2134e-08
50.84 1.08728e-08
50.86 -6.68751e-07
50.88 -1.17866e-06
50.9 -8.07952e-07
50.92 -2.1063e-07
50.94 -2.50753e-07
50.96 -8.2633e-07
50.98 -1.16007e-06
51 -8.12555e-07
51.02 -2.28418e-07
51.04 -1.61318e-07
51.06 -5.62064e-07
51.08 -6.28661e-07
51.1 -1.57556e-07
51.12 1.7269e-07
51.14 -8.64332e-08
51.16 -5.98727e-07
51.18 -7.18833e-07
51.2 -2.62668e-07
51.22 1.90091e-07
51.24 6.14234e-08
51.26 -2.46828e-07
51.28 1.06464e-07
51.3 1.01631e-06
51.32 1.58073e-06
51.34 1.09731e-06
51.36 -5.58522e-07
51.38 -2.46697e-06
51.4 -3.10317e-06
51.42 -1.88167e-06
51.44 3.73612e-07
51.46 2.09315e-06
51.48 1.89643e-06
51.5 1.75142e-07
51.52 -5.99376e-07
51.54 7.42292e-07
51.56 1.95532e-06
51.58 9.43562e-07
51.6 -1.07438e-06
51.62 -1.54072e-06
51.64 3.47837e-08
51.66 1.62375e-06
51.68 1.47566e-06
51.7 3.14299e-07
51.72 5.84556e-09
51.74 7.84882e-07
51.76 1.11332e-06
51.78 1.62987e-07
51.8 -1.08887e-06
51.82 -1.37246e-06
51.84 -6.22674e-07
51.86 2.10006e-07
51.88 2.74098e-07
51.9 -2.54978e-07
51.92 -4.57331e-07
51.94 6.14525e-08
51.96 6.88127e-07
51.98 7.37467e-07
52 3.81774e-07
52.02 2.06496e-07
52.04 2.37955e-07
52.06 3.99851e-08
52.08 -4.16898e-07
52.1 -5.56656e-07
52.12 -1.13094e-07
52.14 1.68906e-07
52.16 -2.76999e-07
52.18 -6.388e-07
52.2 2.28803e-08
52.22 1.16361e-06
52.24 1.41598e-06
52.26 5.67687e-07
52.28 -1.30398e-07
52.3 1.64864e-07
52.32 7.44974e-07
52.34 4.73472e-07
52.36 -5.16004e-07
52.38 -9.48528e-07
52.4 -3.23006e-07
52.42 3.03697e-07
52.44 3.84895e-09
52.46 -4.84684e-07
52.48 -4.98507e-08
52.5 7.93645e-07
52.52 7.07792e-07
52.54 -3.27357e-07
52.56 -9.48386e-07
52.58 -5.03497e-07
52.6 -1.63505e-09
52.62 -3.41013e-07
52.64 -9.82477e-07
52.66 -9.47627e-07
52.68 -2.96704e-07
52.7 9.31322e-08
52.72 -7.39775e-08
52.74 -3.5297e-07
52.76 -3.76474e-07
52.78 -2.35544e-07
52.8 -2.42994e-07
52.82 -4.21656e-07
52.84 -4.67974e-07
52.86 -3.10749e-07
52.88 -2.72518e-07
52.9 -4.09111e-07
52.92 -2.92737e-07
52.94 1.13448e-07
52.96 1.59217e-07
52.98 -3.02672e-07
53 -4.85791e-07
53.02 3.84274e-08
53.04 5.9963e-07
53.06 4.57299e-07
53.08 -1.90851e-08
53.1 6.3195e-08
53.12 7.04237e-07
53.14 9.39021e-07
53.16 4.28074e-07
53.18 7.03066e-08
53.2 3.50326e-07
53.22 6.1577e-07
53.24 2.94751e-07
53.26 -2.42979e-07
53.28 -3.41377e-07
53.3 -7.73935e-08
53.32 -7.83205e-08
53.34 -5.54789e-07
53.36 -8.88267e-07
53.38 -5.27487e-07
53.4 1.50556e-08
53.42 -2.50064e-08
53.44 -4.01377e-07
53.46 -4.09196e-07
53.48 -5.94781e-08
53.5 9.3644e-08
53.52 -7.89324e-08
53.54 -1.49902e-07
53.56 7.90023e-08
53.58 2.59423e-07
53.6 6.16121e-08
53.62 -3.42423e-07
53.64 -5.32572e-07
53.66 -3.48295e-07
53.68 -1.0519e-07
53.7 -1.87764e-07
53.72 -3.55122e-07
53.74 -1.23383e-07
53.76 3.39603e-07
53.78 4.80635e-07
53.8 2.36346e-07
53.82 2.03057e-08
53.84 1.51299e-07
53.86 4.90879e-07
53.88 4.89291e-07
53.9 -3.71334e-08
53.92 -4.06429e-07
53.94 -5.60194e-08
53.96 4.78837e-07
53.98 4.01356e-07
54 -1.46274e-07
54.02 -3.63353e-07
54.04 4.02583e-08
54.06 4.94153e-07
54.08 4.37685e-07
54.1 5.8061e-08
54.12 2.26462e-08
54.14 4.30972e-07
54.16 5.52562e-07
54.18 1.01168e-07
54.2 -3.58432e-07
54.22 -4.84239e-07
54.24 -4.48947e-07
54.26 -4.55948e-07
54.28 -5.57594e-07
54.3 -5.54778e-07
54.32 -3.18818e-07
54.34 -1.381e-07
54.36 -2.64908e-07
54.38 -5.0739e-07
54.4 -5.17952e-07
54.42 -2.44369e-07
54.44 7.95708e-08
54.46 2.51673e-07
54.48 2.67084e-07
54.5 2.4542e-07
54.52 3.15761e-07
54.54 4.31276e-07
54.56 3.74424e-07
54.58 1.08171e-07
54.6 -8.47666e-08
54.62 7.8134e-08
54.64 3.93296e-07
54.66 3.75082e-07
54.68 -7.94808e-08
54.7 -5.68552e-07
54.72 -6.13543e-07
54.74 -3.30809e-07
54.76 -3.40327e-07
54.78 -7.2714e-07
54.8 -9.09265e-07
54.82 -6.3768e-07
54.84 -2.16762e-07
54.86 3.36343e-08
54.88 1.01236e-07
54.9 2.526e-07
54.92 5.2479e-07
54.94 5.97371e-07
54.96 4.68283e-07
54.98 4.80407e-07
55 5.66044e-07
55.02 3.876e-07
55.04 2.36725e-08
55.06 -1.14831e-07
55.08 3.3732e-08
55.1 1.17909e-07
55.12 2.70097e-08
55.14 -8.1215e-08
55.16 -9.35865e-08
55.18 -4.62103e-09
55.2 1.19365e-07
55.22 2.52625e-07
55.24 3.69566e-07
55.26 4.1726e-07
55.28 3.77168e-07
55.3 2.6337e-07
55.32 1.98998e-07
55.34 3.19208e-07
55.36 3.7325e-07
55.38 4.13432e-08
55.4 -3.37358e-07
55.42 -2.3671e-07
55.44 9.88035e-08
55.46 8.07242e-08
55.48 -2.6444e-07
55.5 -5.38642e-07
55.52 -5.19888e-07
55.54 -3.11375e-07
55.56 -1.87291e-07
55.58 -1.82193e-07
55.6 -1.71373e-07
55.62 -5.41994e-08
55.64 7.38249e-08
55.66 -1.26596e-07
55.68 -5.39009e-07
55.7 -5.18347e-07
55.72 4.71618e-08
55.74 4.38557e-07
55.76 1.52555e-07
55.78 -3.46633e-07
55.8 -2.75679e-07
55.82 3.32523e-07
55.84 6.13685e-07
55.86 2.22943e-07
55.88 4.38205e-08
55.9 7.77585e-07
55.92 1.42328e-06
55.94 2.66475e-07
55.96 -2.13333e-06
55.98 -2.8676e-06
56 -1.00921e-06
56.02 9.94468e-07
56.04 8.9643e-07
56.06 -6.61642e-07
56.08 -1.08411e-06
56.1 5.77174e-07
56.12 2.20468e-06
56.14 1.68952e-06
56.16 -2.80103e-07
56.18 -1.19526e-06
56.2 -2.41258e-07
56.22 6.3176e-07
56.24 -4.43648e-09
56.26 -9.703e-07
56.28 -6.35967e-07
56.3 6.69412e-07
56.32 1.26088e-06
56.34 5.07868e-07
56.36 -2.97049e-07
56.38 -1.77605e-08
56.4 6.06445e-07
56.42 3.71763e-07
56.44 -3.03324e-07
56.46 -4.97516e-08
56.48 1.01825e-06
56.5 1.26351e-06
56.52 2.4269e-07
56.54 -4.76826e-07
56.56 1.81229e-07
56.58 1.11694e-06
56.6 6.66295e-07
56.62 -7.92416e-07
56.64 -1.27822e-06
56.66 -1.91788e-07
56.68 8.53924e-07
56.7 3.78178e-07
56.72 -8.52565e-07
56.74 -9.62819e-07
56.76 2.03699e-07
56.78 9.09474e-07
56.8 2.0369e-07
56.82 -6.57762e-07
56.84 -3.02167e-07
56.86 6.44258e-07
56.88 8.07158e-07
56.9 -3.54568e-08
56.92 -8.17941e-07
56.94 -5.86979e-07
56.96 4.60516e-09
56.98 -2.70049e-07
57 -1.12667e-06
57.02 -1.22309e-06
57.04 -4.37538e-07
57.06 -9.48007e-08
57.08 -6.4878e-07
57.1 -8.29932e-07
57.12 4.01044e-08
57.14 6.83972e-07
57.16 6.49287e-08
57.18 -8.54184e-07
57.2 -5.99668e-07
57.22 5.11938e-07
57.24 7.5055e-07
57.26 -3.46642e-07
57.28 -1.17365e-06
57.3 -4.38403e-07
57.32 8.41396e-07
57.34 7.93706e-07
57.36 -4.3416e-07
57.38 -8.3034e-07
57.4 3.28191e-07
57.42 1.3159e-06
57.44 6.91025e-07
57.46 -6.08225e-07
57.48 -8.00457e-07
57.5 2.00373e-07
57.52 8.64174e-07
57.54 3.01491e-07
57.56 -6.22895e-07
57.58 -5.95472e-07
57.6 2.78336e-07
57.62 7.33445e-07
57.64 2.3024e-07
57.66 -3.95239e-07
57.68 -2.50232e-07
57.7 3.13966e-07
57.72 3.45231e-07
57.74 -2.10012e-07
57.76 -5.01351e-07
57.78 -1.40245e-07
57.8 2.35242e-07
57.82 4.00798e-08
57.84 -3.35368e-07
57.86 -2.27085e-07
57.88 2.04893e-07
57.9 2.48587e-07
57.92 -1.73719e-07
57.94 -3.53625e-07
57.96 2.74908e-08
57.98 3.57722e-07
58 1.08499e-07
58.02 -3.2254e-07
58.04 -3.04371e-07
58.06 8.31332e-08
58.08 2.61717e-07
58.1 1.00645e-08
58.12 -2.51747e-07
58.14 -1.19856e-07
58.16 1.90325e-07
58.18 2.13317e-07
58.2 -5.14832e-08
58.22 -1.72007e-07
58.24 3.46471e-08
58.26 2.31208e-07
58.28 1.08751e-07
58.3 -1.34052e-07
58.32 -1.20774e-07
58.34 1.17241e-07
58.36 2.07637e-07
58.38 2.76992e-08
58.4 -1.21324e-07
58.42 -4.02498e-09
58.44 1.90295e-07
58.46 1.61913e-07
58.48 -3.78134e-08
58.5 -1.03251e-07
58.52 5.65807e-08
58.54 1.8955e-07
58.56 9.40383e-08
58.58 -7.34255e-08
58.6 -5.18721e-08
58.62 1.17251e-07
58.64 1.6743e-07
58.66 3.04694e-08
58.68 -7.02675e-08
58.7 1.66089e-08
58.72 1.45126e-07
58.74 1.16845e-07
58.76 -1.44497e-08
58.78 -4.18438e-08
58.8 6.98003e-08
58.82 1.41697e-07
58.84 6.71358e-08
58.86 -3.14925e-08
58.88 -3.1695e-09
58.9 1.01413e-07
58.92 1.19607e-07
58.94 2.99353e-08
58.96 -2.47652e-08
58.98 3.60553e-08
59 1.13178e-07
59.02 8.93755e-08
59.04 7.60517e-09
59.06 -4.41861e-09
59.08 6.72633e-08
59.1 1.09217e-07
59.12 6.03879e-08
59.14 8.88791e-10
59.16 2.16229e-08
59.18 8.62806e-08
59.2 9.46214e-08
59.22 3.81123e-08
59.24 6.74354e-09
59.26 4.6586e-08
59.28 9.31039e-08
59.3 7.59528e-08
59.32 2.56076e-08
59.34 2.06624e-08
59.36 6.59427e-08
59.38 9.01045e-08
59.4 5.84212e-08
59.42 2.28101e-08
59.44 3.76852e-08
59.46 7.76134e-08
59.48 8.10066e-08
59.5 4.55332e-08
59.52 2.7716e-08
59.54 5.36731e-08
59.56 8.16823e-08
59.58 6.9685e-08
59.6 3.88252e-08
59.62 3.73373e-08
59.64 6.5903e-08
59.66 7.97702e-08
59.68 5.93466e-08
59.7 3.8127e-08
59.72 4.859e-08
59.74 7.32189e-08
59.76 7.42592e-08
59.78 5.20783e-08
59.8 4.20892e-08
59.82 5.89518e-08
59.84 7.57989e-08
59.86 6.75645e-08
59.88 4.87215e-08
59.9 4.88061e-08
59.92 6.68109e-08
59.94 7.47337e-08
59.96 6.16516e-08
59.98 1.30995e-08
