0.02 2.68976e-07
0.04 7.61955e-07
0.06 8.33957e-07
0.08 3.81438e-07
0.1 1.09183e-07
0.12 4.08234e-07
0.14 7.89028e-07
0.16 6.82184e-07
0.18 3.07331e-07
0.2 2.88861e-07
0.22 6.78278e-07
0.24 9.15262e-07
0.26 7.25913e-07
0.28 5.24992e-07
0.3 7.27783e-07
0.32 1.06085e-06
0.34 1.1032e-06
0.36 1.01398e-06
0.38 9.78371e-07
0.4 5.13563e-07
0.42 -6.49758e-07
0.44 -5.93438e-07
0.46 1.80335e-06
0.48 2.84784e-06
0.5 1.03224e-07
0.52 -2.69597e-06
0.54 -1.96334e-06
0.56 -5.78803e-07
0.58 -2.84262e-06
0.6 -5.22828e-06
0.62 -2.38111e-06
0.64 9.41641e-07
0.66 -1.15663e-06
0.68 -7.17642e-06
0.7 -1.05026e-05
0.72 -2.41472e-06
0.74 9.14942e-06
0.76 6.5182e-06
0.78 -3.50105e-06
0.8 9.54376e-07
0.82 1.91934e-05
0.84 2.70268e-05
0.86 1.30922e-05
0.88 -3.55092e-06
0.9 -2.25413e-06
0.92 1.05739e-05
0.94 1.18784e-05
0.96 -6.43343e-06
0.98 -2.30956e-05
1 -1.58907e-05
1.02 5.53359e-06
1.04 1.11927e-05
1.06 -8.38918e-06
1.08 -2.81065e-05
1.1 -2.28873e-05
1.12 -9.48902e-07
1.14 1.14155e-05
1.16 9.16415e-07
1.18 -2.14747e-05
1.2 -2.33274e-05
1.22 5.09656e-06
1.24 2.13266e-05
1.26 -2.90448e-06
1.28 -3.33783e-05
1.3 -2.94775e-05
1.32 3.39765e-06
1.34 2.93317e-05
1.36 2.10884e-05
1.38 -8.86444e-06
1.4 -2.00341e-05
1.42 7.82995e-07
1.44 1.73408e-05
1.46 -6.99149e-06
1.48 -5.20464e-05
1.5 -6.24323e-05
1.52 -2.72891e-05
1.54 1.49205e-06
1.56 -1.55896e-05
1.58 -4.80273e-05
1.6 -3.98149e-05
1.62 4.2911e-06
1.64 2.38725e-05
1.66 -4.11261e-06
1.68 -3.35397e-05
1.7 -2.14684e-05
1.72 8.96681e-06
1.74 6.0437e-06
1.76 -2.51397e-05
1.78 -3.09806e-05
1.8 -4.91548e-06
1.82 3.38672e-06
1.84 -2.51551e-05
1.86 -4.65359e-05
1.88 -1.66627e-05
1.9 3.04265e-05
1.92 1.733e-05
1.94 -4.83318e-05
1.96 -6.91637e-05
1.98 -1.30965e-05
2 2.54997e-05
2.02 -2.4646e-05
2.04 -9.31411e-05
2.06 -7.80339e-05
2.08 -7.74108e-06
2.1 5.04061e-06
2.12 -5.44629e-05
2.14 -8.23613e-05
2.16 -2.88059e-05
2.18 2.88922e-05
2.2 1.46036e-05
2.22 -4.1695e-05
2.24 -5.60298e-05
2.26 -1.05287e-05
2.28 1.47025e-05
2.3 -3.18331e-05
2.32 -8.25367e-05
2.34 -6.1793e-05
2.36 -5.81381e-07
2.38 1.37371e-05
2.4 -4.39684e-05
2.42 -9.32512e-05
2.44 -5.81359e-05
2.46 1.10754e-05
2.48 1.53335e-05
2.5 -3.48173e-05
2.52 -4.52039e-05
2.54 3.51546e-06
2.56 3.73799e-05
2.58 2.40549e-05
2.6 1.93748e-05
2.62 6.14589e-05
2.64 0.000104393
2.66 9.79758e-05
2.68 7.39328e-05
2.7 9.47617e-05
2.72 0.000151366
2.74 0.000181929
2.76 0.000169167
2.78 0.000152538
2.8 0.000165087
2.82 0.000196971
2.84 0.0002116
2.86 0.000197117
2.88 0.000174945
2.9 0.000162898
2.92 0.000168983
2.94 0.000180844
2.96 0.000170537
2.98 0.000146682
3 0.000147826
3.02 0.000146848
3.04 8.86082e-05
3.06 2.50023e-05
3.08 2.4454e-05
3.1 3.9551e-05
3.12 2.83931e-07
3.14 -7.35334e-05
3.16 -0.000117017
3.18 -0.000118018
3.2 -0.000123561
3.22 -0.000163229
3.24 -0.000207718
3.26 -0.000214124
3.28 -0.000191984
3.3 -0.000178162
3.32 -0.000181845
3.34 -0.000180608
3.36 -0.000136827
3.38 -6.29765e-05
3.4 -2.79421e-05
3.42 -4.54203e-05
3.44 -3.01853e-05
3.46 7.6855e-05
3.48 0.000183587
3.5 0.00016775
3.52 8.37388e-05
3.54 8.38336e-05
3.56 0.000175193
3.58 0.000223164
3.6 0.000174595
3.62 0.000133386
3.64 0.000157003
3.66 0.000125932
3.68 3.48896e-06
3.7 -4.72225e-05
3.72 1.12017e-05
3.74 1.4958e-05
3.76 -9.24447e-05
3.78 -0.000167413
3.8 -0.000113808
3.82 -4.23178e-05
3.84 -7.94471e-05
3.86 -0.00017026
3.88 -0.000191856
3.9 -0.000135802
3.92 -0.000105714
3.94 -0.000159317
3.96 -0.000224476
3.98 -0.00019424
4 -6.82855e-05
4.02 5.13592e-06
4.04 -6.80912e-05
4.06 -0.000145146
4.08 -6.44461e-05
4.1 8.16002e-05
4.12 0.000101244
4.14 1.20954e-05
4.16 -8.11137e-06
4.18 6.83799e-05
4.2 6.96054e-05
4.22 -5.83881e-05
4.24 -0.000139343
4.26 -7.40289e-05
4.28 5.72827e-06
4.3 -3.0731e-05
4.32 -8.53752e-05
4.34 1.44763e-06
4.36 0.000127484
4.38 8.65176e-05
4.4 -6.42875e-05
4.42 -0.000106394
4.44 -4.52553e-06
4.46 7.87696e-05
4.48 5.70917e-05
4.5 -1.95031e-05
4.52 -8.11665e-05
4.54 -6.83068e-05
4.56 -4.07105e-07
4.58 2.61609e-05
4.6 -2.24222e-05
4.62 -6.90122e-05
4.64 -2.11679e-05
4.66 8.28015e-05
4.68 0.00010226
4.7 2.56976e-05
4.72 -3.53307e-07
4.74 8.33522e-05
4.76 0.000158594
4.78 0.000102072
4.8 -3.61735e-05
4.82 -6.89676e-05
4.84 5.31931e-05
4.86 0.000138726
4.88 5.25057e-05
4.9 -7.0773e-05
4.92 -5.47265e-05
4.94 4.06009e-05
4.96 4.36444e-05
4.98 -5.59601e-05
5 -0.000127849
5.02 -0.000108011
5.04 -7.31868e-05
5.06 -8.60675e-05
5.08 -6.3024e-05
5.1 3.74484e-05
5.12 8.04577e-05
5.14 3.24113e-06
5.16 -5.91794e-05
5.18 6.83745e-07
5.2 0.000101265
5.22 0.000110054
5.24 1.84001e-05
5.26 -8.53743e-05
5.28 -9.6138e-05
5.3 3.86849e-06
5.32 9.47962e-05
5.34 7.82632e-05
5.36 4.85098e-06
5.38 -1.62787e-05
5.4 2.92553e-05
5.42 5.8446e-05
5.44 3.90358e-05
5.46 2.88764e-05
5.48 5.4841e-05
5.5 7.33786e-05
5.52 5.48199e-05
5.54 2.4526e-05
5.56 1.30361e-05
5.58 1.67504e-05
5.6 1.64991e-05
5.62 4.58378e-06
5.64 8.10575e-07
5.66 2.05482e-05
5.68 2.82035e-05
5.7 -3.30877e-07
5.72 -2.2873e-05
5.74 -7.78567e-06
5.76 1.30734e-05
5.78 -2.13282e-06
5.8 -3.79476e-05
5.82 -3.66845e-05
5.84 3.03324e-06
5.86 1.08246e-05
5.88 -3.60092e-05
5.9 -7.50593e-05
5.92 -4.95293e-05
5.94 2.43414e-05
5.96 6.60484e-05
5.98 3.88359e-05
6 1.39442e-05
6.02 4.37702e-05
6.04 8.02062e-05
6.06 7.83588e-05
6.08 4.95318e-05
6.1 2.23766e-05
6.12 3.14823e-05
6.14 7.345e-05
6.16 8.95039e-05
6.18 3.06721e-05
6.2 -6.77985e-05
6.22 -9.76134e-05
6.24 -4.30319e-05
6.26 -2.52703e-05
6.28 -9.66721e-05
6.3 -0.000143728
6.32 -7.01935e-05
6.34 2.91661e-05
6.36 1.23613e-05
6.38 -7.58715e-05
6.4 -8.60468e-05
6.42 -1.57843e-06
6.44 5.25336e-05
6.46 3.37628e-06
6.48 -7.91995e-05
6.5 -0.000100823
6.52 -6.51406e-05
6.54 -5.37036e-05
6.56 -9.08099e-05
6.58 -9.067e-05
6.6 -2.94727e-05
6.62 -5.47767e-06
6.64 -3.99838e-05
6.66 -3.16102e-05
6.68 4.53262e-05
6.7 8.23321e-05
6.72 6.44071e-06
6.74 -0.000103039
6.76 -0.000108614
6.78 -6.08664e-06
6.8 6.03573e-05
6.82 3.60435e-06
6.84 -7.72715e-05
6.86 -4.76753e-05
6.88 4.71309e-05
6.9 5.27959e-05
6.92 -5.0161e-05
6.94 -0.000115874
6.96 -4.8416e-05
6.98 6.00617e-05
7 6.56644e-05
7.02 -2.4315e-05
7.04 -6.98186e-05
7.06 -3.63176e-06
7.08 7.25685e-05
7.1 5.35641e-05
7.12 -1.07713e-05
7.14 -1.28522e-05
7.16 4.81828e-05
7.18 8.15401e-05
7.2 4.67952e-05
7.22 7.96967e-06
7.24 2.89108e-05
7.26 6.85042e-05
7.28 3.98806e-05
7.3 -3.43088e-05
7.32 -3.82141e-05
7.34 4.33504e-05
7.36 8.84144e-05
7.38 3.07159e-05
7.4 -3.70003e-05
7.42 -1.66196e-05
7.44 4.62569e-05
7.46 4.56999e-05
7.48 -2.48043e-05
7.5 -6.38377e-05
7.52 -1.58174e-05
7.54 3.56095e-05
7.56 2.87962e-06
7.58 -5.65456e-05
7.6 -3.25773e-05
7.62 5.58503e-05
7.64 8.80001e-05
7.66 3.73065e-05
7.68 2.83625e-07
7.7 2.68735e-05
7.72 5.47057e-05
7.74 2.75966e-05
7.76 -4.63444e-06
7.78 2.49857e-05
7.8 7.48202e-05
7.82 6.48863e-05
7.84 2.31798e-06
7.86 -4.17293e-05
7.88 -2.55459e-05
7.9 1.61524e-05
7.92 1.67968e-05
7.94 -2.37496e-05
7.96 -3.9277e-05
7.98 -7.56756e-06
8 1.90715e-05
8.02 7.10189e-06
8.04 -1.01364e-05
8.06 9.65724e-07
8.08 2.16049e-05
8.1 2.0729e-05
8.12 3.99505e-06
8.14 -2.00246e-06
8.16 9.65049e-06
8.18 2.44339e-05
8.2 3.26592e-05
8.22 3.08011e-05
8.24 1.88668e-06
8.26 -4.39707e-05
8.28 -4.62052e-05
8.3 7.22601e-06
8.32 4.65102e-05
8.34 2.72067e-05
8.36 -1.53071e-05
8.38 -2.18646e-05
8.4 1.52179e-05
8.42 4.42499e-05
8.44 2.13745e-05
8.46 -3.6651e-05
8.48 -6.06967e-05
8.5 -1.19049e-05
8.52 4.58392e-05
8.54 3.32897e-05
8.56 -1.70369e-05
8.58 -1.49791e-05
8.6 4.69972e-05
8.62 8.28385e-05
8.64 3.40432e-05
8.66 -2.86255e-05
8.68 4.38822e-07
8.7 8.26259e-05
8.72 9.14157e-05
8.74 1.4396e-05
8.76 -3.44439e-05
8.78 8.4147e-06
8.8 6.39425e-05
8.82 3.39066e-05
8.84 -4.99294e-05
8.86 -8.2131e-05
8.88 -3.05712e-05
8.9 3.39312e-05
8.92 2.51104e-05
8.94 -3.12035e-05
8.96 -3.48935e-05
8.98 1.38152e-05
9 2.83642e-05
9.02 -1.43037e-05
9.04 -5.17602e-05
9.06 -2.94408e-05
9.08 2.69826e-05
9.1 3.48565e-05
9.12 -2.70977e-05
9.14 -6.92449e-05
9.16 -3.1871e-05
9.18 1.17671e-05
9.2 -1.73985e-05
9.22 -7.50473e-05
9.24 -6.9988e-05
9.26 -5.89514e-06
9.28 2.7063e-05
9.3 -5.13317e-06
9.32 -3.3106e-05
9.34 -1.44453e-06
9.36 4.79415e-05
9.38 4.07071e-05
9.4 -1.91624e-05
9.42 -4.72555e-05
9.44 2.14095e-07
9.46 5.43393e-05
9.48 2.6826e-05
9.5 -5.28812e-05
9.52 -6.94481e-05
9.54 -7.02168e-07
9.56 4.02022e-05
9.58 -1.11282e-06
9.6 -2.58109e-05
9.62 2.28733e-05
9.64 4.85836e-05
9.66 -1.66386e-05
9.68 -8.54689e-05
9.7 -6.25295e-05
9.72 1.04767e-05
9.74 3.87995e-05
9.76 -9.7597e-06
9.78 -8.29572e-05
9.8 -8.32105e-05
9.82 -5.81116e-06
9.84 3.69337e-05
9.86 3.1788e-06
9.88 -2.48477e-05
9.9 9.16593e-06
9.92 5.3082e-05
9.94 2.83977e-05
9.96 -3.7972e-05
9.98 -3.88506e-05
10 3.89836e-05
10.02 8.30144e-05
10.04 3.14941e-05
10.06 -3.2107e-05
10.08 -1.91231e-05
10.1 2.94991e-05
10.12 2.26709e-05
10.14 -4.03753e-05
10.16 -7.16171e-05
10.18 -2.33903e-05
10.2 3.22781e-05
10.22 9.09514e-06
10.24 -5.75678e-05
10.26 -6.70956e-05
10.28 -7.80484e-06
10.3 3.3731e-05
10.32 8.48184e-06
10.34 -3.07608e-05
10.36 -1.84621e-05
10.38 2.65931e-05
10.4 3.55672e-05
10.42 7.76815e-07
10.44 -1.44826e-05
10.46 1.63872e-05
10.48 4.37473e-05
10.5 2.84672e-05
10.52 1.0868e-06
10.54 2.59204e-06
10.56 1.28369e-05
10.58 -9.57753e-07
10.6 -1.37174e-05
10.62 3.64445e-06
10.64 2.49498e-05
10.66 1.8118e-05
10.68 -5.9555e-06
10.7 -2.02331e-05
10.72 -1.44807e-05
10.74 1.99316e-07
10.76 1.05839e-06
10.78 -1.1507e-05
10.8 -6.77113e-06
10.82 1.95609e-05
10.84 3.15186e-05
10.86 9.199e-06
10.88 -2.51e-05
10.9 -3.1562e-05
10.92 -1.96478e-06
10.94 2.11148e-05
10.96 5.0108e-06
10.98 -2.21717e-05
11 -1.96839e-05
11.02 2.06276e-06
11.04 4.89864e-06
11.06 -1.32573e-05
11.08 -1.93223e-05
11.1 -4.33104e-07
11.12 2.09355e-05
11.14 2.3698e-05
11.16 1.3553e-05
11.18 9.77182e-06
11.2 1.80951e-05
11.22 2.62494e-05
11.24 1.87306e-05
11.26 -4.81216e-06
11.28 -2.14176e-05
11.3 -1.35403e-05
11.32 2.35212e-06
11.34 -2.59957e-07
11.36 -1.99767e-05
11.38 -3.0888e-05
11.4 -1.46132e-05
11.42 1.43262e-05
11.44 1.99709e-05
11.46 -4.57102e-06
11.48 -2.20897e-05
11.5 -7.58289e-06
11.52 1.46569e-05
11.54 1.30489e-05
11.56 -2.77672e-06
11.58 -1.47421e-06
11.6 2.0207e-05
11.62 3.42421e-05
11.64 2.39866e-05
11.66 7.01731e-06
11.68 6.7987e-06
11.7 1.74514e-05
11.72 1.66006e-05
11.74 2.81173e-06
11.76 -7.30345e-06
11.78 -9.09294e-06
11.8 -1.29293e-05
11.82 -2.37683e-05
11.84 -3.07984e-05
11.86 -2.40456e-05
11.88 -1.29865e-05
11.9 -8.39939e-06
11.92 -1.82046e-06
11.94 1.1791e-05
11.96 1.8257e-05
11.98 8.83039e-06
12 -4.10368e-06
12.02 -3.6775e-06
12.04 8.97126e-06
12.06 1.50956e-05
12.08 5.86376e-06
12.1 -5.24879e-06
12.12 -5.75435e-06
12.14 3.2853e-06
12.16 1.44496e-05
12.18 1.66823e-05
12.2 6.35482e-06
12.22 -4.75709e-06
12.24 -7.46867e-06
12.26 -7.87587e-06
12.28 -1.39607e-05
12.3 -2.29829e-05
12.32 -2.65081e-05
12.34 -2.22306e-05
12.36 -1.59071e-05
12.38 -1.15437e-05
12.4 -6.78172e-06
12.42 3.35777e-07
12.44 6.96063e-06
12.46 8.8039e-06
12.48 6.80085e-06
12.5 7.9609e-06
12.52 1.43138e-05
12.54 1.75028e-05
12.56 1.20567e-05
12.58 6.61192e-06
12.6 1.11378e-05
12.62 2.03867e-05
12.64 2.04116e-05
12.66 6.37996e-06
12.68 -8.49829e-06
12.7 -8.37326e-06
12.72 1.09177e-06
12.74 1.21561e-06
12.76 -1.09826e-05
12.78 -1.99617e-05
12.8 -1.30537e-05
12.82 5.78432e-06
12.84 1.79832e-05
12.86 9.27166e-06
12.88 -8.85117e-06
12.9 -1.11833e-05
12.92 6.09967e-06
12.94 1.82393e-05
12.96 7.11498e-06
12.98 -1.05476e-05
13 -8.80549e-06
13.02 6.87997e-06
13.04 1.01431e-05
13.06 -2.61901e-06
13.08 -7.9773e-06
13.1 4.63281e-06
13.12 1.71616e-05
13.14 1.27022e-05
13.16 -6.35537e-07
13.18 -5.32973e-06
13.2 8.14523e-07
13.22 7.04365e-06
13.24 6.74381e-06
13.26 3.30902e-06
13.28 3.95974e-07
13.3 -4.47395e-06
13.32 -1.04784e-05
13.34 -1.05118e-05
13.36 -2.47071e-06
13.38 6.58982e-06
13.4 7.50618e-06
13.42 -5.05418e-07
13.44 -5.73563e-06
13.46 -7.80508e-07
13.48 3.25513e-06
13.5 -3.51526e-06
13.52 -1.04462e-05
13.54 -5.05747e-06
13.56 4.25402e-06
13.58 1.71632e-06
13.6 -1.04186e-05
13.62 -1.48751e-05
13.64 -4.9352e-06
13.66 5.32784e-06
13.68 1.12615e-06
13.7 -1.14903e-05
13.72 -1.41998e-05
13.74 -2.71986e-06
13.76 8.77898e-06
13.78 9.15171e-06
13.8 3.8973e-06
13.82 3.70431e-06
13.84 8.26613e-06
13.86 7.76909e-06
13.88 -1.83741e-06
13.9 -1.03323e-05
13.92 -6.85679e-06
13.94 3.31037e-06
13.96 6.83893e-06
13.98 1.29756e-06
14 -3.41011e-06
14.02 2.31648e-06
14.04 1.6475e-05
14.06 2.507e-05
14.08 1.98238e-05
14.1 9.53566e-06
14.12 2.24372e-06
14.14 -4.52172e-06
14.16 -8.6457e-06
14.18 -3.95776e-06
14.2 2.85161e-06
14.22 -2.55923e-06
14.24 -1.78332e-05
14.26 -2.31423e-05
14.28 -1.02584e-05
14.3 3.74777e-06
14.32 -1.26398e-07
14.34 -1.68693e-05
14.36 -2.38177e-05
14.38 -1.13989e-05
14.4 1.99445e-06
14.42 -3.9699e-06
14.44 -2.03887e-05
14.46 -2.11666e-05
14.48 -2.89329e-06
14.5 1.04592e-05
14.52 5.2425e-06
14.54 -3.82791e-06
14.56 1.91639e-07
14.58 9.63955e-06
14.6 6.98455e-06
14.62 -2.67054e-06
14.64 1.48142e-06
14.66 1.84525e-05
14.68 2.25415e-05
14.7 -7.3294e-07
14.72 -2.99933e-05
14.74 -3.0157e-05
14.76 -2.1188e-06
14.78 1.43977e-05
14.8 -4.71671e-06
14.82 -3.26932e-05
14.84 -2.71114e-05
14.86 6.4074e-06
14.88 1.70976e-05
14.9 -1.21748e-05
14.92 -3.135e-05
14.94 -3.70445e-06
14.96 2.9992e-05
14.98 1.79885e-05
15 -1.88765e-05
15.02 -2.3189e-05
15.04 7.62985e-06
15.06 2.08954e-05
15.08 -4.9903e-06
15.1 -2.8859e-05
15.12 -1.25707e-05
15.14 2.34734e-05
15.16 3.13515e-05
15.18 4.2189e-06
15.2 -1.50293e-05
15.22 9.24546e-07
15.24 2.20068e-05
15.26 9.91523e-06
15.28 -2.10535e-05
15.3 -2.879e-05
15.32 -7.63445e-06
15.34 7.73804e-06
15.36 -2.97423e-06
15.38 -1.76537e-05
15.4 -8.94095e-06
15.42 1.35683e-05
15.44 1.87639e-05
15.46 3.21643e-07
15.48 -1.59574e-05
15.5 -9.96552e-06
15.52 7.81198e-06
15.54 1.33541e-05
15.56 2.39762e-06
15.58 -3.7526e-06
15.6 8.12862e-06
15.62 2.07034e-05
15.64 1.27784e-05
15.66 -7.50507e-06
15.68 -1.32898e-05
15.7 3.01112e-06
15.72 1.892e-05
15.74 1.52285e-05
15.76 2.3104e-06
15.78 7.94451e-07
15.8 1.13457e-05
15.82 1.59992e-05
15.84 4.69071e-06
15.86 -9.14581e-06
15.88 -7.03462e-06
15.9 6.94352e-06
15.92 1.25022e-05
15.94 4.49717e-06
15.96 -1.10603e-07
15.98 9.26224e-06
16 1.90708e-05
16.02 1.44935e-05
16.04 2.66928e-06
16.06 -5.16285e-07
16.08 6.9758e-06
16.1 1.25552e-05
16.12 5.95428e-06
16.14 -6.57993e-06
16.16 -8.81535e-06
16.18 4.05707e-06
16.2 1.65942e-05
16.22 1.27682e-05
16.24 -1.00357e-06
16.26 -7.50662e-06
16.28 -3.79919e-06
16.3 2.50796e-06
16.32 6.9115e-06
16.34 6.64435e-06
16.36 3.54099e-07
16.38 -6.08026e-06
16.4 -5.02713e-06
16.42 -4.8203e-09
16.44 -1.39906e-06
16.46 -9.59957e-06
16.48 -1.49231e-05
16.5 -1.46899e-05
16.52 -1.76057e-05
16.54 -2.6574e-05
16.56 -2.9718e-05
16.58 -1.89049e-05
16.6 -6.44772e-06
16.62 -8.62507e-06
16.64 -2.10553e-05
16.66 -2.47992e-05
16.68 -6.93944e-06
16.7 2.66191e-05
16.72 4.84806e-05
16.74 4.39187e-05
16.76 3.79337e-05
16.78 5.27242e-05
16.8 7.03518e-05
16.82 6.59601e-05
16.84 4.04652e-05
16.86 3.63677e-06
16.88 -2.15462e-05
16.9 -4.06706e-06
16.92 2.86189e-05
16.94 1.46949e-05
16.96 -3.29732e-05
16.98 -4.42038e-05
17 -7.02467e-06
17.02 1.74929e-05
17.04 -8.0805e-06
17.06 -4.5656e-05
17.08 -4.30067e-05
17.1 -1.32611e-05
17.12 -1.41899e-05
17.14 -5.37372e-05
17.16 -7.05219e-05
17.18 -3.03479e-05
17.2 9.14934e-06
17.22 -1.50079e-05
17.24 -6.12974e-05
17.26 -4.93014e-05
17.28 3.31247e-06
17.3 1.39032e-05
17.32 -2.63367e-05
17.34 -4.19225e-05
17.36 5.97753e-06
17.38 6.11613e-05
17.4 5.89691e-05
17.42 2.27706e-05
17.44 2.4333e-05
17.46 6.87164e-05
17.48 8.46313e-05
17.5 4.03121e-05
17.52 -4.09807e-07
17.54 1.9129e-05
17.56 5.05542e-05
17.58 2.20254e-05
17.6 -3.67884e-05
17.62 -4.70674e-05
17.64 -9.5579e-06
17.66 6.17726e-06
17.68 -2.61952e-05
17.7 -5.70831e-05
17.72 -4.50829e-05
17.74 -1.79824e-05
17.76 -2.06359e-05
17.78 -4.40082e-05
17.8 -4.67251e-05
17.82 -2.19651e-05
17.84 3.81214e-07
17.86 1.80153e-06
17.88 -7.42072e-06
17.9 -7.81186e-06
17.92 5.41506e-06
17.94 1.88376e-05
17.96 2.26101e-05
17.98 2.33354e-05
18 2.78154e-05
18.02 3.02101e-05
18.04 2.47229e-05
18.06 1.7483e-05
18.08 1.27812e-05
18.1 1.6121e-06
18.12 -1.59868e-05
18.14 -2.1318e-05
18.16 -9.55956e-06
18.18 -1.58173e-06
18.2 -1.2471e-05
18.22 -3.26653e-05
18.24 -4.52048e-05
18.26 -4.76364e-05
18.28 -4.89357e-05
18.3 -5.07148e-05
18.32 -3.9339e-05
18.34 -1.97847e-06
18.36 3.91663e-05
18.38 4.35873e-05
18.4 2.26792e-05
18.42 2.71243e-05
18.44 6.30799e-05
18.46 8.60909e-05
18.48 6.10196e-05
18.5 3.13805e-06
18.52 -2.48724e-05
18.54 1.01843e-05
18.56 4.91565e-05
18.58 2.49164e-05
18.6 -3.2984e-05
18.62 -4.80678e-05
18.64 -1.00018e-05
18.66 1.63442e-05
18.68 -1.18768e-05
18.7 -5.52436e-05
18.72 -5.46499e-05
18.74 -2.00999e-05
18.76 -1.26532e-05
18.78 -4.93781e-05
18.8 -6.85541e-05
18.82 -1.47691e-05
18.84 5.96132e-05
18.86 6.11196e-05
18.88 1.13477e-05
18.9 9.69126e-06
18.92 6.73898e-05
18.94 0.000100455
18.96 6.60554e-05
18.98 1.89211e-05
19 1.82551e-05
19.02 4.31302e-05
19.04 3.97605e-05
19.06 7.46695e-07
19.08 -3.16694e-05
19.1 -2.18959e-05
19.12 7.65772e-06
19.14 3.76965e-06
19.16 -3.49044e-05
19.18 -5.14343e-05
19.2 -2.48428e-05
19.22 -7.87422e-06
19.24 -3.84305e-05
19.26 -7.07909e-05
19.28 -4.63006e-05
19.3 5.22781e-06
19.32 1.16274e-05
19.34 -2.62169e-05
19.36 -4.44912e-05
19.38 -1.65936e-05
19.4 1.45137e-05
19.42 5.93235e-06
19.44 -1.87621e-05
19.46 -6.22797e-06
19.48 3.84884e-05
19.5 5.51817e-05
19.52 2.21508e-05
19.54 -9.89332e-06
19.56 5.73892e-06
19.58 4.20197e-05
19.6 3.62524e-05
19.62 -1.084e-05
19.64 -2.35038e-05
19.66 2.4654e-05
19.68 5.12657e-05
19.7 -6.58061e-07
19.72 -6.15704e-05
19.74 -4.44621e-05
19.76 2.11879e-05
19.78 3.68685e-05
19.8 -2.15034e-05
19.82 -6.95947e-05
19.84 -3.78787e-05
19.86 2.67568e-05
19.88 3.88986e-05
19.9 -2.4589e-07
19.92 -1.91835e-05
19.94 1.49042e-05
19.96 5.10368e-05
19.98 3.20742e-05
20 -1.40742e-05
20.02 -1.61988e-05
20.04 2.83054e-05
20.06 5.20295e-05
20.08 1.6985e-05
20.1 -4.07704e-05
20.12 -6.09545e-05
20.14 -3.00618e-05
20.16 1.04995e-05
20.18 2.21062e-05
20.2 5.90648e-07
20.22 -2.97225e-05
20.24 -3.34687e-05
20.26 -5.35209e-06
20.28 1.29485e-05
20.3 -9.50191e-06
20.32 -3.37452e-05
20.34 -1.09595e-05
20.36 2.49641e-05
20.38 1.77487e-05
20.4 -9.63638e-06
20.42 -1.59754e-06
20.44 3.7494e-05
20.46 5.59596e-05
20.48 3.25398e-05
20.5 -2.27359e-06
20.52 -1.11548e-05
20.54 1.79153e-06
20.56 -1.59878e-07
20.58 -8.38716e-06
20.6 1.22396e-05
20.62 2.34573e-05
20.64 -1.94674e-05
20.66 -6.60792e-05
20.68 -6.02433e-05
20.7 -1.63801e-05
20.72 2.43354e-05
20.74 2.05951e-05
20.76 -2.70152e-05
20.78 -4.74533e-05
20.8 -5.06547e-06
20.82 2.85255e-05
20.84 -5.79077e-06
20.86 -4.88007e-05
20.88 -1.6215e-05
20.9 5.85753e-05
20.92 7.15904e-05
20.94 1.53049e-05
20.96 -1.41852e-05
20.98 3.06238e-05
21 7.47752e-05
21.02 3.22872e-05
21.04 -4.57737e-05
21.06 -4.05956e-05
21.08 3.92696e-05
21.1 6.83578e-05
21.12 -2.51225e-06
21.14 -7.34153e-05
21.16 -4.14739e-05
21.18 4.40289e-05
21.2 4.88073e-05
21.22 -4.01293e-05
21.24 -9.28958e-05
21.26 -3.92933e-05
21.28 2.93959e-05
21.3 8.8754e-06
21.32 -5.82733e-05
21.34 -4.98273e-05
21.36 4.11348e-05
21.38 8.71289e-05
21.4 3.32649e-05
21.42 -2.42943e-05
21.44 -1.29318e-05
21.46 3.08342e-05
21.48 4.76923e-05
21.5 1.42578e-05
21.52 -3.536e-05
21.54 -4.31196e-05
21.56 -1.66661e-05
21.58 -1.44242e-05
21.6 -3.92113e-05
21.62 -3.65527e-05
21.64 -6.49738e-08
21.66 1.43734e-05
21.68 -1.34576e-05
21.7 -3.12698e-05
21.72 3.08644e-06
21.74 4.65647e-05
21.76 2.79695e-05
21.78 -3.60129e-05
21.8 -5.22643e-05
21.82 4.72854e-06
21.84 4.51245e-05
21.86 4.80277e-06
21.88 -5.15567e-05
21.9 -3.47434e-05
21.92 3.08526e-05
21.94 5.06688e-05
21.96 3.81607e-06
21.98 -3.13023e-05
22 9.72666e-07
22.02 5.16887e-05
22.04 4.70931e-05
22.06 -2.89005e-06
22.08 -3.10485e-05
22.1 -1.1465e-05
22.12 1.43239e-05
22.14 3.27313e-06
22.16 -2.6101e-05
22.18 -2.57287e-05
22.2 3.68364e-06
22.22 1.65195e-05
22.24 -2.93669e-06
22.26 -2.07131e-05
22.28 -8.98256e-06
22.3 1.43713e-05
22.32 1.64592e-05
22.34 8.16386e-07
22.36 -1.78941e-06
22.38 1.60664e-05
22.4 2.95139e-05
22.42 2.10827e-05
22.44 4.84107e-06
22.46 4.10399e-06
22.48 1.83628e-05
22.5 2.278e-05
22.52 4.17453e-06
22.54 -1.58885e-05
22.56 -1.2346e-05
22.58 5.22688e-06
22.6 8.72249e-06
22.62 -6.40579e-06
22.64 -1.70935e-05
22.66 -8.63649e-06
22.68 4.05704e-06
22.7 2.58032e-07
22.72 -1.45161e-05
22.74 -1.75561e-05
22.76 -5.58251e-06
22.78 2.03313e-07
22.8 -1.03847e-05
22.82 -1.91248e-05
22.84 -8.40943e-06
22.86 9.40127e-06
22.88 1.03185e-05
22.9 -4.21388e-06
22.92 -1.06111e-05
22.94 1.46908e-06
22.96 1.53424e-05
22.98 1.28567e-05
23 -6.92369e-08
23.02 -4.88389e-06
23.04 1.69321e-06
23.06 5.0701e-06
23.08 -3.75746e-06
23.1 -1.40005e-05
23.12 -1.04731e-05
23.14 2.38059e-06
23.16 4.95196e-06
23.18 -6.74842e-06
23.2 -1.24614e-05
23.22 7.28262e-07
23.24 1.63009e-05
23.26 1.39421e-05
23.28 1.57064e-06
23.3 5.43678e-07
23.32 1.09413e-05
23.34 1.38981e-05
23.36 2.69504e-06
23.38 -8.3732e-06
23.4 -8.78042e-06
23.42 -6.72648e-06
23.44 -1.06701e-05
23.46 -1.34419e-05
23.48 -6.37269e-06
23.5 2.44431e-06
23.52 -3.88997e-07
23.54 -9.8704e-06
23.56 -8.88368e-06
23.58 4.72341e-06
23.6 1.40552e-05
23.62 8.01899e-06
23.64 -2.53649e-06
23.66 -1.91562e-06
23.68 7.98867e-06
23.7 1.37978e-05
23.72 9.47385e-06
23.74 1.28936e-06
23.76 -1.29716e-06
23.78 2.44766e-06
23.8 4.72606e-06
23.82 1.98558e-06
23.84 -1.27655e-06
23.86 -2.51244e-06
23.88 -4.27016e-06
23.9 -6.41802e-06
23.92 -4.3653e-06
23.94 8.41595e-07
23.96 -1.61565e-07
23.98 -8.60976e-06
24 -1.17037e-05
24.02 -6.8446e-07
24.04 1.57968e-05
24.06 1.91132e-05
24.08 5.12135e-06
24.1 -7.36324e-06
24.12 -4.82276e-06
24.14 3.50668e-06
24.16 5.35691e-06
24.18 1.1982e-06
24.2 -3.8998e-06
24.22 -6.45624e-06
24.24 -4.4615e-06
24.26 3.00678e-07
24.28 4.72258e-06
24.3 6.64643e-06
24.32 3.96129e-06
24.34 -3.47246e-06
24.36 -1.06839e-05
24.38 -1.07151e-05
24.4 -4.39038e-06
24.42 1.40857e-07
24.44 -2.63989e-08
24.46 5.03653e-08
24.48 2.02635e-06
24.5 1.41602e-06
24.52 -2.45465e-06
24.54 -4.3598e-06
24.56 -1.26839e-06
24.58 3.87274e-06
24.6 5.52333e-06
24.62 2.294e-06
24.64 4.11609e-09
24.66 3.71647e-06
24.68 8.54412e-06
24.7 5.29739e-06
24.72 -4.83595e-06
24.74 -9.10414e-06
24.76 -1.55836e-06
24.78 7.86882e-06
24.8 8.62754e-06
24.82 3.09311e-06
24.84 1.47092e-06
24.86 7.15935e-06
24.88 1.13188e-05
24.9 6.75346e-06
24.92 5.77834e-07
24.94 2.66693e-06
24.96 9.25095e-06
24.98 9.65097e-06
25 3.1609e-06
25.02 -6.29439e-07
25.04 3.35378e-06
25.06 8.56271e-06
25.08 6.7396e-06
25.1 -2.37433e-07
25.12 -2.50785e-06
25.14 3.65123e-06
25.16 9.14834e-06
25.18 5.2853e-06
25.2 -2.82432e-06
25.22 -4.72688e-06
25.24 -2.64665e-07
25.26 1.24245e-06
25.28 -4.86687e-06
25.3 -1.19718e-05
25.32 -1.20524e-05
25.34 -5.5049e-06
25.36 1.09208e-06
25.38 1.87167e-06
25.4 -2.68853e-06
25.42 -5.6252e-06
25.44 -2.53857e-06
25.46 1.58153e-06
25.48 -1.37433e-07
25.5 -5.6095e-06
25.52 -6.29586e-06
25.54 -1.81622e-07
25.56 4.86246e-06
25.58 3.25603e-06
25.6 -2.18061e-07
25.62 1.67655e-06
25.64 7.21907e-06
25.66 8.27046e-06
25.68 2.60818e-06
25.7 -2.71629e-06
25.72 -1.10053e-06
25.74 3.77439e-06
25.76 2.62736e-06
25.78 -4.49066e-06
25.8 -7.52242e-06
25.82 -2.6391e-06
25.84 2.4491e-06
25.86 1.60035e-06
25.88 -1.92869e-06
25.9 -2.96224e-06
25.92 -1.79176e-06
25.94 -1.54936e-06
25.96 -2.66415e-06
25.98 -3.53607e-06
26 -4.14335e-06
26.02 -5.43e-06
26.04 -6.91154e-06
26.06 -6.50539e-06
26.08 -3.20112e-06
26.1 -3.45743e-07
26.12 -2.51311e-06
26.14 -7.52476e-06
26.16 -7.9987e-06
26.18 -2.52514e-06
26.2 1.93661e-06
26.22 3.92808e-07
26.24 -3.52506e-06
26.26 -3.23517e-06
26.28 1.40031e-06
26.3 3.60269e-06
26.32 1.10452e-07
26.34 -3.46815e-06
26.36 -2.20478e-06
26.38 4.31385e-07
26.4 -7.45485e-07
26.42 -4.34678e-06
26.44 -5.27267e-06
26.46 -2.32839e-06
26.48 1.395e-06
26.5 2.91332e-06
26.52 1.27919e-06
26.54 -1.64163e-06
26.56 -2.22032e-06
26.58 1.27488e-06
26.6 6.37347e-06
26.62 8.18162e-06
26.64 4.86866e-06
26.66 4.33715e-07
26.68 -5.03007e-08
26.7 3.15025e-06
26.72 4.4613e-06
26.74 9.4071e-07
26.76 -3.00641e-06
26.78 -2.9116e-06
26.8 -4.81983e-07
26.82 -8.39899e-09
26.84 -2.74538e-06
26.86 -5.20989e-06
26.88 -4.30257e-06
26.9 -2.27738e-06
26.92 -2.01663e-06
26.94 -1.91932e-06
26.96 3.28523e-07
26.98 2.56637e-06
27 8.18569e-07
27.02 -2.81585e-06
27.04 -1.85614e-06
27.06 3.08852e-06
27.08 3.92757e-06
27.1 -1.71552e-06
27.12 -5.66633e-06
27.14 -1.4442e-06
27.16 5.08198e-06
27.18 4.0063e-06
27.2 -3.5613e-06
27.22 -6.98208e-06
27.24 -1.90288e-06
27.26 3.53115e-06
27.28 1.5227e-06
27.3 -3.87199e-06
27.32 -3.83376e-06
27.34 2.12829e-06
27.36 6.12475e-06
27.38 3.77238e-06
27.4 -2.06619e-07
27.42 2.83056e-08
27.44 3.99299e-06
27.46 6.42478e-06
27.48 3.83663e-06
27.5 -7.66602e-07
27.52 -2.42121e-06
27.54 -1.7473e-06
27.56 -2.65795e-06
27.58 -5.54417e-06
27.6 -7.08051e-06
27.62 -5.7726e-06
27.64 -4.67461e-06
27.66 -6.07621e-06
27.68 -7.30411e-06
27.7 -5.256e-06
27.72 -1.00443e-06
27.74 2.45338e-06
27.76 4.24222e-06
27.78 5.37959e-06
27.8 6.26464e-06
27.82 6.49655e-06
27.84 6.10131e-06
27.86 5.27531e-06
27.88 3.58416e-06
27.9 1.25015e-06
27.92 -2.56967e-07
27.94 -3.31181e-07
27.96 3.55566e-07
27.98 8.47997e-07
28 1.89033e-07
28.02 -8.75293e-07
28.04 -6.44607e-07
28.06 2.94931e-08
28.08 -8.50581e-07
28.1 -2.93246e-06
28.12 -3.21475e-06
28.14 -2.09214e-07
28.16 1.9233e-06
28.18 -4.05107e-07
28.2 -2.55776e-06
28.22 7.72111e-07
28.24 6.17567e-06
28.26 7.66833e-06
28.28 5.93519e-06
28.3 5.91542e-06
28.32 8.80281e-06
28.34 1.01653e-05
28.36 3.14005e-06
28.38 -1.13636e-05
28.4 -1.84732e-05
28.42 -7.5855e-06
28.44 8.22562e-06
28.46 6.61985e-06
28.48 -1.02282e-05
28.5 -1.61518e-05
28.52 -9.04968e-07
28.54 1.45957e-05
28.56 1.07841e-05
28.58 -3.18801e-06
28.6 -6.64293e-06
28.62 1.28095e-06
28.64 5.20315e-06
28.66 9.44603e-07
28.68 -7.76127e-07
28.7 4.84878e-06
28.72 8.87158e-06
28.74 2.8198e-06
28.76 -8.21486e-06
28.78 -1.05913e-05
28.8 1.17017e-07
28.82 1.01827e-05
28.84 4.77015e-06
28.86 -8.35498e-06
28.88 -8.45828e-06
28.9 5.64663e-06
28.92 1.39276e-05
28.94 6.7642e-06
28.96 -2.38111e-06
28.98 -4.30571e-07
29 5.5919e-06
29.02 3.1416e-06
29.04 -3.06957e-06
29.06 -1.59132e-07
29.08 8.4732e-06
29.1 7.81577e-06
29.12 -3.41195e-06
29.14 -1.01429e-05
29.16 -4.33511e-06
29.18 3.36347e-06
29.2 8.87159e-07
29.22 -6.98039e-06
29.24 -7.95011e-06
29.26 -1.81647e-06
29.28 1.76063e-06
29.3 -7.57859e-07
29.32 -4.00149e-06
29.34 -3.5331e-06
29.36 -8.43555e-07
29.38 1.01729e-06
29.4 1.73722e-06
29.42 1.97029e-06
29.44 1.40985e-06
29.46 3.01881e-07
29.48 9.81703e-08
29.5 1.10678e-06
29.52 1.64174e-06
29.54 1.12758e-07
29.56 -3.56951e-06
29.58 -6.86268e-06
29.6 -5.76539e-06
29.62 -7.01145e-07
29.64 1.51487e-06
29.66 -2.92296e-06
29.68 -7.6365e-06
29.7 -5.70576e-06
29.72 -4.82483e-07
29.74 2.21755e-07
29.76 -3.73366e-06
29.78 -4.77023e-06
29.8 -6.93853e-08
29.82 3.86256e-06
29.84 2.38898e-06
29.86 -3.20957e-07
29.88 9.54629e-07
29.9 4.52774e-06
29.92 5.73809e-06
29.94 4.09483e-06
29.96 2.50414e-06
29.98 2.00397e-06
30 4.00029e-07
30.02 -3.31986e-06
30.04 -6.07845e-06
30.06 -5.15793e-06
30.08 -3.20174e-06
30.1 -3.87279e-06
30.12 -5.09199e-06
30.14 -2.45911e-06
30.16 2.79832e-06
30.18 5.03107e-06
30.2 2.69259e-06
30.22 1.35355e-07
30.24 9.34868e-07
30.26 3.85028e-06
30.28 5.51215e-06
30.3 4.96821e-06
30.32 4.43231e-06
30.34 4.81996e-06
30.36 4.24327e-06
30.38 2.17542e-06
30.4 3.10998e-07
30.42 -4.09411e-07
30.44 -1.58519e-06
30.46 -4.89943e-06
30.48 -8.08315e-06
30.5 -7.01783e-06
30.52 -1.92325e-06
30.54 1.66298e-06
30.56 -1.23537e-08
30.58 -3.11782e-06
30.6 -1.70529e-06
30.62 3.43748e-06
30.64 6.40115e-06
30.66 4.87308e-06
30.68 2.55469e-06
30.7 3.33256e-06
30.72 5.80573e-06
30.74 4.7128e-06
30.76 -6.05568e-07
30.78 -3.29793e-06
30.8 4.2141e-08
30.82 3.16113e-06
30.84 9.34365e-07
30.86 -2.66926e-06
30.88 -1.67714e-06
30.9 3.46283e-06
30.92 7.1459e-06
30.94 5.66086e-06
30.96 1.48479e-06
30.98 -6.82386e-09
31 1.74659e-06
31.02 1.91503e-06
31.04 -1.17651e-06
31.06 -3.32873e-06
31.08 -2.33832e-06
31.1 -1.2747e-06
31.12 -1.79425e-06
31.14 -1.20335e-06
31.16 1.72566e-06
31.18 3.70905e-06
31.2 2.14545e-06
31.22 -5.3919e-07
31.24 -2.71171e-07
31.26 2.89228e-06
31.28 4.44966e-06
31.3 1.81083e-06
31.32 -1.29501e-06
31.34 -1.08259e-07
31.36 3.76454e-06
31.38 4.38154e-06
31.4 9.19644e-07
31.42 -4.72152e-07
31.44 2.69468e-06
31.46 4.78574e-06
31.48 2.01613e-06
31.5 -1.95193e-06
31.52 -2.72867e-06
31.54 -9.90619e-07
31.56 -2.66681e-07
31.58 -1.88778e-06
31.6 -3.43355e-06
31.62 -2.38034e-06
31.64 -4.07704e-07
31.66 -1.16943e-06
31.68 -4.12817e-06
31.7 -5.22687e-06
31.72 -3.28697e-06
31.74 -1.28661e-06
31.76 -1.58464e-06
31.78 -2.88531e-06
31.8 -2.56907e-06
31.82 -8.85238e-07
31.84 -4.27992e-07
31.86 -1.11087e-06
31.88 -1.48175e-07
31.9 2.33591e-06
31.92 2.93178e-06
31.94 8.36606e-07
31.96 -2.64894e-07
31.98 2.01411e-06
32 4.44461e-06
32.02 2.84764e-06
32.04 -1.42051e-06
32.06 -3.28244e-06
32.08 -1.35639e-06
32.1 4.20864e-07
32.12 -1.1283e-06
32.14 -4.23502e-06
32.16 -4.83333e-06
32.18 -2.12458e-06
32.2 9.15431e-08
32.22 -1.25315e-06
32.24 -3.96818e-06
32.26 -3.98132e-06
32.28 -1.4078e-06
32.3 -1.67272e-07
32.32 -2.18425e-06
32.34 -4.77395e-06
32.36 -4.43048e-06
32.38 -1.91755e-06
32.4 -1.32672e-06
32.42 -3.53136e-06
32.44 -4.78773e-06
32.46 -2.84797e-06
32.48 -1.25619e-07
32.5 -1.86434e-07
32.52 -3.0005e-06
32.54 -4.38811e-06
32.56 -1.54179e-06
32.58 2.11905e-06
32.6 1.5168e-06
32.62 -1.86063e-06
32.64 -1.80121e-06
32.66 2.7753e-06
32.68 5.80106e-06
32.7 3.29071e-06
32.72 -8.58079e-07
32.74 -1.21811e-06
32.76 7.39294e-07
32.78 -2.55427e-07
32.8 -3.77896e-06
32.82 -4.51304e-06
32.84 -9.13693e-07
32.86 2.69722e-06
32.88 2.80736e-06
32.9 1.84275e-06
32.92 3.38272e-06
32.94 5.67873e-06
32.96 4.78975e-06
32.98 1.43322e-06
33 -3.1823e-07
33.02 5.2593e-07
33.04 1.13322e-06
33.06 -1.09671e-07
33.08 -1.44506e-06
33.1 -1.18613e-06
33.12 -4.8965e-07
33.14 -9.59287e-07
33.16 -1.64321e-06
33.18 -1.12112e-06
33.2 7.25762e-08
33.22 8.96596e-07
33.24 9.21588e-07
33.26 3.48358e-07
33.28 -2.99048e-07
33.3 -1.12203e-06
33.32 -1.9007e-06
33.34 -9.50347e-07
33.36 2.08581e-06
33.38 4.02208e-06
33.4 2.06161e-06
33.42 -1.52058e-06
33.44 -1.80921e-06
33.46 1.69458e-06
33.48 3.55394e-06
33.5 2.73972e-07
33.52 -3.80939e-06
33.54 -3.22058e-06
33.56 4.95586e-07
33.58 2.287e-06
33.6 9.75152e-07
33.62 -5.93194e-07
33.64 -3.90774e-07
33.66 1.53632e-07
33.68 -1.27969e-06
33.7 -3.7042e-06
33.72 -3.71258e-06
33.74 -1.29021e-06
33.76 -2.38777e-07
33.78 -1.26897e-06
33.8 -6.10413e-07
33.82 2.81427e-06
33.84 4.88081e-06
33.86 3.25672e-06
33.88 1.242e-06
33.9 2.33213e-06
33.92 5.02864e-06
33.94 5.29762e-06
33.96 2.69546e-06
33.98 1.31617e-06
34 3.41637e-06
34.02 5.32931e-06
34.04 3.26667e-06
34.06 -2.25675e-07
34.08 -7.6603e-07
34.1 6.96607e-07
34.12 7.33706e-07
34.14 -1.00721e-06
34.16 -2.3145e-06
34.18 -1.67038e-06
34.2 -5.16746e-08
34.22 4.67948e-07
34.24 -6.50064e-07
34.26 -1.88634e-06
34.28 -1.56406e-06
34.3 1.78193e-07
34.32 1.32011e-06
34.34 3.38743e-07
34.36 -1.16356e-06
34.38 1.41642e-07
34.4 4.00176e-06
34.42 5.9026e-06
34.44 3.93091e-06
34.46 1.71421e-06
34.48 2.42494e-06
34.5 3.7449e-06
34.52 1.84783e-06
34.54 -2.15622e-06
34.56 -3.74505e-06
34.58 -1.54228e-06
34.6 1.20416e-06
34.62 1.5945e-06
34.64 4.18477e-07
34.66 -1.44362e-07
34.68 2.21542e-07
34.7 1.16744e-07
34.72 -1.11754e-06
34.74 -2.44946e-06
34.76 -2.76357e-06
34.78 -2.01798e-06
34.8 -8.39572e-07
34.82 -1.02698e-07
34.84 1.60294e-07
34.86 1.00691e-06
34.88 2.12656e-06
34.9 2.00571e-06
34.92 1.3474e-06
34.94 2.17343e-06
34.96 4.08029e-06
34.98 4.75338e-06
35 3.0721e-06
35.02 5.99558e-07
35.04 4.18396e-09
35.06 1.19151e-06
35.08 9.66176e-07
35.1 -1.78887e-06
35.12 -3.93033e-06
35.14 -3.42805e-06
35.16 -2.75592e-06
35.18 -4.00864e-06
35.2 -5.0581e-06
35.22 -3.12374e-06
35.24 4.33524e-07
35.26 1.55253e-06
35.28 -6.74278e-07
35.3 -2.46484e-06
35.32 -5.88294e-07
35.34 2.46675e-06
35.36 1.75581e-06
35.38 -1.75471e-06
35.4 -2.0323e-06
35.42 2.22907e-06
35.44 5.41192e-06
35.46 3.35419e-06
35.48 -7.54536e-07
35.5 -1.18626e-06
35.52 1.40753e-06
35.54 1.33042e-06
35.56 -2.35311e-06
35.58 -4.84885e-06
35.6 -4.05604e-06
35.62 -2.97306e-06
35.64 -3.73128e-06
35.66 -4.42073e-06
35.68 -3.01827e-06
35.7 -1.14597e-06
35.72 -1.03317e-06
35.74 -1.95441e-06
35.76 -2.52605e-06
35.78 -1.86842e-06
35.8 1.11477e-06
35.82 4.21219e-06
35.84 2.55244e-06
35.86 -2.37973e-06
35.88 -3.38347e-06
35.9 5.64207e-08
35.92 1.16394e-06
35.94 -9.59604e-07
35.96 5.86223e-07
35.98 6.09232e-06
36 6.01265e-06
36.02 -1.61036e-06
36.04 -5.38185e-06
36.06 3.88123e-07
36.08 6.57341e-06
36.1 5.33078e-06
36.12 1.18371e-06
36.14 3.15461e-07
36.16 6.40401e-07
36.18 2.08247e-08
36.2 1.62498e-06
36.22 4.93571e-06
36.24 4.8458e-06
36.26 3.52402e-07
36.28 -4.62315e-06
36.3 -6.2736e-06
36.32 -4.76706e-06
36.34 -3.87067e-06
36.36 -4.76167e-06
36.38 -4.37551e-06
36.4 -1.40952e-06
36.42 1.97444e-06
36.44 3.37104e-06
36.46 1.25066e-06
36.48 -2.34292e-06
36.5 -1.27687e-07
36.52 9.95027e-06
36.54 1.65662e-05
36.56 1.00825e-05
36.58 -5.7095e-07
36.6 -1.43196e-07
36.62 8.77399e-06
36.64 9.05959e-06
36.66 -2.30256e-06
36.68 -8.50194e-06
36.7 -3.04069e-06
36.72 -3.21152e-07
36.74 -6.65071e-06
36.76 -7.45091e-06
36.78 3.75901e-06
36.8 8.62619e-06
36.82 -4.40822e-06
36.84 -1.57174e-05
36.86 -6.32688e-06
36.88 8.68251e-06
36.9 3.88708e-06
36.92 -1.49461e-05
36.94 -1.95217e-05
36.96 -2.50136e-06
36.98 1.4935e-05
37 1.34556e-05
37.02 -2.04605e-06
37.04 -8.33629e-06
37.06 6.2367e-06
37.08 2.23467e-05
37.1 1.52296e-05
37.12 -6.1698e-06
37.14 -1.17868e-05
37.16 2.57548e-06
37.18 1.06813e-05
37.2 -1.72028e-06
37.22 -1.7676e-05
37.24 -1.8718e-05
37.26 -8.19793e-06
37.28 1.31356e-06
37.3 3.16426e-06
37.32 -1.67536e-06
37.34 -6.79183e-06
37.36 -6.8249e-06
37.38 -3.37631e-06
37.4 -1.7029e-06
37.42 -2.52748e-06
37.44 -1.73654e-06
37.46 1.82019e-06
37.48 4.96675e-06
37.5 5.37245e-06
37.52 3.56433e-06
37.54 2.0627e-06
37.56 4.12391e-06
37.58 9.59714e-06
37.6 1.20365e-05
37.62 6.4696e-06
37.64 -2.35041e-06
37.66 -6.00003e-06
37.68 -2.01194e-06
37.7 4.63759e-06
37.72 5.67065e-06
37.74 -9.87118e-07
37.76 -6.43297e-06
37.78 -2.67073e-06
37.8 4.73382e-06
37.82 3.0073e-06
37.84 -9.49827e-06
37.86 -1.77734e-05
37.88 -1.05271e-05
37.9 1.58451e-06
37.92 2.67079e-06
37.94 -4.11042e-06
37.96 -5.34187e-06
37.98 6.57745e-07
38 4.57218e-06
38.02 1.984e-06
38.04 -1.67515e-06
38.06 -4.26568e-07
38.08 3.43034e-06
38.1 3.43269e-06
38.12 -2.41619e-07
38.14 -1.97289e-06
38.16 2.92159e-07
38.18 3.6137e-06
38.2 4.80689e-06
38.22 4.55232e-06
38.24 4.88775e-06
38.26 4.10903e-06
38.28 -2.95596e-07
38.3 -5.82511e-06
38.32 -7.03817e-06
38.34 -2.76518e-06
38.36 1.4323e-06
38.38 -9.56623e-08
38.4 -4.41618e-06
38.42 -3.42649e-06
38.44 3.73007e-06
38.46 8.8545e-06
38.48 5.8477e-06
38.5 -1.31482e-06
38.52 -4.15637e-06
38.54 -1.21659e-06
38.56 1.00972e-06
38.58 -1.87351e-06
38.6 -6.58718e-06
38.62 -7.33667e-06
38.64 -3.6792e-06
38.66 -6.9762e-07
38.68 -1.38122e-06
38.7 -2.97866e-06
38.72 -1.97048e-06
38.74 1.22644e-06
38.76 3.55428e-06
38.78 3.36168e-06
38.8 2.05079e-06
38.82 1.57387e-06
38.84 1.38435e-06
38.86 -5.09171e-07
38.88 -3.55964e-06
38.9 -4.53516e-06
38.92 -2.82942e-06
38.94 -1.91398e-06
38.96 -3.22513e-06
38.98 -3.24414e-06
39 6.22871e-07
39.02 5.28283e-06
39.04 6.44732e-06
39.06 5.14751e-06
39.08 5.89618e-06
39.1 9.37095e-06
39.12 1.05568e-05
39.14 5.50304e-06
39.16 -2.22104e-06
39.18 -5.16027e-06
39.2 -1.82382e-06
39.22 1.3886e-06
39.24 -5.45657e-07
39.26 -4.31231e-06
39.28 -3.68997e-06
39.3 7.71008e-07
39.32 2.51366e-06
39.34 -8.71211e-07
39.36 -4.34065e-06
39.38 -3.67422e-06
39.4 -1.06086e-06
39.42 -3.37096e-07
39.44 -1.61067e-06
39.46 -2.51192e-06
39.48 -1.72134e-06
39.5 2.81673e-08
39.52 1.46471e-06
39.54 2.02866e-06
39.56 1.73417e-06
39.58 9.63447e-07
39.6 7.66041e-07
39.62 2.44301e-06
39.64 5.41172e-06
39.66 6.88091e-06
39.68 5.45257e-06
39.7 3.46425e-06
39.72 3.50567e-06
39.74 3.96199e-06
39.76 1.77528e-06
39.78 -1.69632e-06
39.8 -2.66852e-06
39.82 -1.08367e-06
39.84 -1.13642e-07
39.86 -1.30392e-06
39.88 -2.88999e-06
39.9 -2.64419e-06
39.92 -9.32848e-07
39.94 3.64244e-07
39.96 5.68555e-07
39.98 8.03469e-08
40 -6.182e-07
40.02 -8.48416e-07
40.04 -3.04491e-07
40.06 3.25366e-07
40.08 -8.9389e-08
40.1 -1.0802e-06
40.12 -2.99666e-07
40.14 2.21948e-06
40.16 3.04701e-06
40.18 1.16854e-06
40.2 -3.65577e-07
40.22 2.30133e-09
40.24 4.20061e-07
40.26 -7.78847e-07
40.28 -2.73431e-06
40.3 -3.27843e-06
40.32 -1.93468e-06
40.34 -6.92583e-07
40.36 -1.05457e-06
40.38 -1.95209e-06
40.4 -1.30637e-06
40.42 1.41654e-06
40.44 4.10392e-06
40.46 4.51094e-06
40.48 3.38545e-06
40.5 2.9513e-06
40.52 3.56006e-06
40.54 3.07966e-06
40.56 1.60218e-07
40.58 -2.0977e-06
40.6 -7.96743e-08
40.62 3.26497e-06
40.64 1.93869e-06
40.66 -4.06271e-06
40.68 -8.24777e-06
40.7 -6.11067e-06
40.72 -1.53571e-06
40.74 -1.46154e-06
40.76 -5.95203e-06
40.78 -8.59603e-06
40.8 -5.69937e-06
40.82 -3.5568e-07
40.84 2.37049e-06
40.86 1.6955e-06
40.88 9.88693e-07
40.9 1.63384e-06
40.92 1.74071e-06
40.94 1.14856e-06
40.96 1.60189e-06
40.98 2.96202e-06
41 3.71534e-06
41.02 3.11385e-06
41.04 1.46142e-06
41.06 3.31889e-07
41.08 7.74776e-07
41.1 1.47036e-06
41.12 1.05527e-06
41.14 -7.49103e-08
41.16 -9.99667e-07
41.18 -1.65787e-06
41.2 -2.64283e-06
41.22 -3.84321e-06
41.24 -4.18826e-06
41.26 -3.14681e-06
41.28 -2.09508e-06
41.3 -2.60604e-06
41.32 -3.46427e-06
41.34 -2.44112e-06
41.36 -2.20562e-07
41.38 7.96635e-07
41.4 1.99561e-07
41.42 2.66034e-08
41.44 1.92681e-06
41.46 4.58497e-06
41.48 5.22189e-06
41.5 3.44999e-06
41.52 1.93123e-06
41.54 2.71831e-06
41.56 4.49844e-06
41.58 4.40413e-06
41.6 1.76182e-06
41.62 -8.18094e-07
41.64 -8.55572e-07
41.66 5.83313e-07
41.68 7.23396e-07
41.7 -9.38473e-07
41.72 -2.61588e-06
41.74 -3.32204e-06
41.76 -3.67728e-06
41.78 -4.02505e-06
41.8 -4.01631e-06
41.82 -3.24546e-06
41.84 -1.39244e-06
41.86 9.25851e-07
41.88 2.17267e-06
41.9 1.96466e-06
41.92 1.96012e-06
41.94 3.3329e-06
41.96 4.82428e-06
41.98 4.6714e-06
42 3.03287e-06
42.02 1.50993e-06
42.04 8.58688e-07
42.06 2.08194e-07
42.08 -1.0491e-06
42.1 -1.75413e-06
42.12 -7.41351e-07
42.14 9.72676e-07
42.16 1.43721e-06
42.18 2.84988e-07
42.2 -9.58782e-07
42.22 -8.40363e-07
42.24 7.84439e-09
42.26 -1.90797e-07
42.28 -1.74794e-06
42.3 -3.18554e-06
42.32 -3.38078e-06
42.34 -2.71273e-06
42.36 -1.77227e-06
42.38 -9.23109e-07
42.4 -4.89236e-07
42.42 1.0825e-07
42.44 1.21454e-06
42.46 1.8089e-06
42.48 1.3571e-06
42.5 6.87427e-07
42.52 8.67759e-07
42.54 1.91218e-06
42.56 2.61192e-06
42.58 2.11987e-06
42.6 1.16734e-06
42.62 1.16055e-06
42.64 2.04818e-06
42.66 2.17164e-06
42.68 9.69724e-07
42.7 1.04111e-07
42.72 8.99711e-07
42.74 2.08819e-06
42.76 1.34526e-06
42.78 -1.07118e-06
42.8 -1.92783e-06
42.82 4.38716e-08
42.84 1.29576e-06
42.86 -1.05793e-06
42.88 -4.24184e-06
42.9 -4.07111e-06
42.92 -1.16881e-06
42.94 1.37684e-07
42.96 -2.07669e-06
42.98 -4.63254e-06
43 -3.60843e-06
43.02 1.84478e-07
43.04 2.33132e-06
43.06 1.01065e-06
43.08 -8.6766e-07
43.1 -1.38564e-07
43.12 2.42999e-06
43.14 3.47952e-06
43.16 2.04109e-06
43.18 7.90413e-07
43.2 1.49175e-06
43.22 2.34355e-06
43.24 1.28778e-06
43.26 -8.50162e-07
43.28 -1.81073e-06
43.3 -1.28432e-06
43.32 -1.31979e-06
43.34 -2.91045e-06
43.36 -4.38534e-06
43.38 -4.07455e-06
43.4 -2.66576e-06
43.42 -1.67293e-06
43.44 -1.09121e-06
43.46 -1.13279e-07
43.48 1.26657e-06
43.5 2.32325e-06
43.52 2.60319e-06
43.54 2.37273e-06
43.56 2.05737e-06
43.58 1.67827e-06
43.6 9.13898e-07
43.62 -1.19292e-07
43.64 -6.37907e-07
43.66 -2.83918e-07
43.68 1.46669e-07
43.7 -3.81413e-07
43.72 -1.50673e-06
43.74 -1.63821e-06
43.76 -5.87253e-07
43.78 -4.06169e-08
43.8 -4.43444e-07
43.82 -4.55232e-07
43.84 3.71735e-07
43.86 6.62537e-07
43.88 -5.8646e-07
43.9 -2.00253e-06
43.92 -1.65505e-06
43.94 -2.77398e-07
43.96 -4.03515e-07
43.98 -2.10688e-06
44 -2.63661e-06
44.02 -8.76613e-07
44.04 9.3944e-07
44.06 7.11733e-07
44.08 -6.8977e-07
44.1 -1.05914e-06
44.12 7.25964e-08
44.14 9.89092e-07
44.16 3.61709e-07
44.18 -1.01395e-06
44.2 -1.58661e-06
44.22 -1.21105e-06
44.24 -1.03152e-06
44.26 -1.62012e-06
44.28 -2.36317e-06
44.3 -2.44586e-06
44.32 -1.75192e-06
44.34 -7.6173e-07
44.36 -1.97815e-07
44.38 -3.45273e-07
44.4 -2.48638e-07
44.42 9.58933e-07
44.44 2.37964e-06
44.46 2.79841e-06
44.48 2.24134e-06
44.5 1.23998e-06
44.52 2.57066e-07
44.54 -3.34713e-07
44.56 -6.4435e-07
44.58 -1.1001e-06
44.6 -1.76561e-06
44.62 -2.15633e-06
44.64 -1.82901e-06
44.66 -1.05424e-06
44.68 -6.52829e-07
44.7 -9.45558e-07
44.72 -1.02084e-06
44.74 -1.72215e-07
44.76 8.07083e-07
44.78 9.05867e-07
44.8 1.80712e-07
44.82 -4.47732e-07
44.84 -1.33208e-07
44.86 9.09993e-07
44.88 1.56655e-06
44.9 1.13348e-06
44.92 1.83742e-07
44.94 -1.0503e-07
44.96 4.26278e-07
44.98 6.47899e-07
45 -1.88913e-07
45.02 -1.22123e-06
45.04 -1.05762e-06
45.06 2.3636e-07
45.08 1.06928e-06
45.1 3.43469e-07
45.12 -7.93016e-07
45.14 -5.40302e-07
45.16 6.09607e-07
45.18 6.68588e-07
45.2 -6.60902e-07
45.22 -1.28189e-06
45.24 3.32262e-07
45.26 2.69671e-06
45.28 3.25922e-06
45.3 1.76745e-06
45.32 6.15921e-07
45.34 1.52731e-06
45.36 2.51545e-06
45.38 9.84227e-07
45.4 -1.76641e-06
45.42 -2.20668e-06
45.44 4.3042e-07
45.46 2.26909e-06
45.48 2.3656e-07
45.5 -2.72666e-06
45.52 -2.21337e-06
45.54 6.99462e-07
45.56 1.26183e-06
45.58 -1.36809e-06
45.6 -2.93664e-06
45.62 -8.65636e-07
45.64 1.75977e-06
45.66 7.74307e-07
45.68 -2.5578e-06
45.7 -3.19528e-06
45.72 -7.17527e-08
45.74 2.14248e-06
45.76 8.031e-10
45.78 -3.38319e-06
45.8 -2.67768e-06
45.82 1.55124e-06
45.84 3.46073e-06
45.86 8.56873e-07
45.88 -1.52091e-06
45.9 4.58304e-07
45.92 4.07984e-06
45.94 4.35257e-06
45.96 1.34558e-06
45.98 -8.28831e-07
46 -3.56027e-07
46.02 8.7379e-07
46.04 7.68406e-07
46.06 -4.41358e-07
46.08 -1.03833e-06
46.1 -8.66686e-07
46.12 -1.10337e-06
46.14 -1.81715e-06
46.16 -2.20932e-06
46.18 -1.59861e-06
46.2 4.7456e-08
46.22 1.25627e-06
46.24 3.81941e-07
46.26 -1.16649e-06
46.28 -4.02026e-07
46.3 1.79223e-06
46.32 1.93099e-06
46.34 3.68379e-08
46.36 -8.02248e-07
46.38 6.00639e-07
46.4 2.05025e-06
46.42 1.24808e-06
46.44 -6.22598e-07
46.46 -5.94973e-07
46.48 1.09388e-06
46.5 1.34198e-06
46.52 -5.20611e-07
46.54 -1.77584e-06
46.56 -6.96365e-07
46.58 9.5895e-07
46.6 6.67252e-07
46.62 -1.05782e-06
46.64 -1.54903e-06
46.66 -1.78931e-07
46.68 7.18241e-07
46.7 -5.02257e-07
46.72 -2.06323e-06
46.74 -1.38138e-06
46.76 6.4695e-07
46.78 1.20734e-06
46.8 8.57319e-08
46.82 -3.67978e-07
46.84 1.02486e-06
46.86 1.8813e-06
46.88 -1.79816e-08
46.9 -2.36086e-06
46.92 -1.87062e-06
46.94 7.73546e-07
46.96 2.13919e-06
46.98 6.37009e-07
47 -1.41327e-06
47.02 -1.24256e-06
47.04 6.07063e-07
47.06 1.41345e-06
47.08 -2.84332e-07
47.1 -2.48103e-06
47.12 -1.67409e-06
47.14 1.38941e-06
47.16 1.81693e-06
47.18 -1.53569e-06
47.2 -3.79581e-06
47.22 -1.46799e-06
47.24 2.20511e-06
47.26 2.01179e-06
47.28 -1.10035e-06
47.3 -1.42093e-06
47.32 2.45117e-06
47.34 5.60487e-06
47.36 4.49366e-06
47.38 1.6232e-06
47.4 8.31308e-07
47.42 1.34148e-06
47.44 -1.45525e-07
47.46 -2.78475e-06
47.48 -2.34084e-06
47.5 1.04073e-06
47.52 2.14226e-06
47.54 -5.72737e-07
47.56 -2.03772e-06
47.58 5.42476e-07
47.6 2.80889e-06
47.62 7.64323e-07
47.64 -2.79125e-06
47.66 -3.06548e-06
47.68 -5.71062e-07
47.7 3.95998e-07
47.72 -1.391e-06
47.74 -2.39086e-06
47.76 -1.89828e-07
47.78 2.37238e-06
47.8 1.70919e-06
47.82 -8.81237e-07
47.84 -1.5489e-06
47.86 9.36465e-08
47.88 8.02944e-07
47.9 -9.39796e-07
47.92 -2.36618e-06
47.94 -1.12133e-06
47.96 6.46172e-07
47.98 1.24334e-07
48 -1.4267e-06
48.02 -9.31683e-07
48.04 1.41567e-06
48.06 2.13439e-06
48.08 -4.07655e-07
48.1 -3.16747e-06
48.12 -2.20415e-06
48.14 1.74943e-06
48.16 3.19354e-06
48.18 -4.52093e-07
48.2 -4.03195e-06
48.22 -2.3687e-06
48.24 1.64307e-06
48.26 2.06828e-06
48.28 -1.11665e-06
48.3 -2.4948e-06
48.32 8.29264e-07
48.34 4.44027e-06
48.36 2.97918e-06
48.38 -1.19777e-06
48.4 -1.66731e-06
48.42 2.05495e-06
48.44 4.06876e-06
48.46 1.3664e-06
48.48 -1.95713e-06
48.5 -1.54956e-06
48.52 9.9872e-07
48.54 1.03988e-06
48.56 -2.15849e-06
48.58 -4.08569e-06
48.6 -1.95829e-06
48.62 8.28824e-07
48.64 -4.849e-09
48.66 -2.81297e-06
48.68 -2.31225e-06
48.7 1.70511e-06
48.72 3.57851e-06
48.74 7.31982e-07
48.76 -2.15131e-06
48.78 -3.84334e-07
48.8 3.16971e-06
48.82 2.80039e-06
48.84 -8.0983e-07
48.86 -2.02037e-06
48.88 8.20754e-07
48.9 3.10468e-06
48.92 1.31643e-06
48.94 -1.67698e-06
48.96 -1.36028e-06
48.98 1.52977e-06
49 2.41167e-06
49.02 1.13997e-08
49.04 -1.84996e-06
49.06 -3.5282e-07
49.08 2.06781e-06
49.1 1.6646e-06
49.12 -5.41674e-07
49.14 -4.98372e-07
49.16 2.06447e-06
49.18 3.14079e-06
49.2 6.96034e-07
49.22 -1.78018e-06
49.24 -6.17685e-07
49.26 1.71889e-06
49.28 8.02163e-07
49.3 -2.25553e-06
49.32 -2.8287e-06
49.34 -1.17569e-07
49.36 1.84359e-06
49.38 2.59792e-07
49.4 -2.22056e-06
49.42 -1.48993e-06
49.44 1.47473e-06
49.46 2.22071e-06
49.48 -1.35262e-07
49.5 -1.88397e-06
49.52 -7.39374e-07
49.54 8.7613e-07
49.56 2.69219e-07
49.58 -1.42574e-06
49.6 -1.84628e-06
49.62 -1.17803e-06
49.64 -1.4341e-06
49.66 -3.08831e-06
49.68 -4.06045e-06
49.7 -2.99976e-06
49.72 -1.46689e-06
49.74 -1.25665e-06
49.76 -1.67963e-06
49.78 -9.6732e-07
49.8 5.29688e-07
49.82 6.27827e-07
49.84 -8.72427e-07
49.86 -1.29488e-06
49.88 7.14108e-07
49.9 2.60075e-06
49.92 1.61872e-06
49.94 -7.80526e-07
49.96 -1.26672e-06
49.98 2.15133e-07
50 8.10915e-07
50.02 -7.35136e-07
50.04 -2.25475e-06
50.06 -1.25281e-06
50.08 1.23454e-06
50.1 1.67832e-06
50.12 -7.00132e-07
50.14 -2.55313e-06
50.16 -1.50995e-06
50.18 6.43202e-07
50.2 9.62426e-07
50.22 -8.1657e-07
50.24 -2.2204e-06
50.26 -1.27344e-06
50.28 7.20648e-07
50.3 9.71101e-07
50.32 -4.33193e-07
50.34 -7.25194e-07
50.36 7.70467e-07
50.38 1.61696e-06
50.4 5.74489e-07
50.42 -4.90761e-07
50.44 2.76029e-07
50.46 1.87849e-06
50.48 1.8554e-06
50.5 -1.08591e-07
50.52 -1.47261e-06
50.54 -4.35622e-07
50.56 1.50645e-06
50.58 1.7562e-06
50.6 3.61682e-07
50.62 -2.07361e-07
50.64 8.58071e-07
50.66 1.53872e-06
50.68 5.71828e-07
50.7 -4.98701e-07
50.72 -1.99974e-08
50.74 1.10289e-06
50.76 9.0398e-07
50.78 -5.1783e-07
50.8 -1.07309e-06
50.82 -2.07018e-07
50.84 6.47333e-09
50.86 -1.40216e-06
50.88 -2.45903e-06
50.9 -1.6907e-06
50.92 -4.52656e-07
50.94 -5.358e-07
50.96 -1.72877e-06
50.98 -2.42051e-06
51 -1.70026e-06
51.02 -4.89527e-07
51.04 -3.50408e-07
51.06 -1.181e-06
51.08 -1.31905e-06
51.1 -3.42626e-07
51.12 3.41879e-07
51.14 -1.95169e-07
51.16 -1.25699e-06
51.18 -1.50597e-06
51.2 -5.60506e-07
51.22 3.77955e-07
51.24 1.11307e-07
51.26 -5.27605e-07
51.28 2.04637e-07
51.3 2.09049e-06
51.32 3.26041e-06
51.34 2.25845e-06
51.36 -1.17365e-06
51.38 -5.12941e-06
51.4 -6.44814e-06
51.42 -3.91629e-06
51.44 7.58364e-07
51.46 4.32253e-06
51.48 3.91478e-06
51.5 3.47008e-07
51.52 -1.25837e-06
51.54 1.52254e-06
51.56 4.03683e-06
51.58 1.93975e-06
51.6 -2.24291e-06
51.62 -3.20954e-06
51.64 5.60391e-08
51.66 3.34956e-06
51.68 3.04264e-06
51.7 6.35469e-07
51.72 -3.90172e-09
51.74 1.6108e-06
51.76 2.29158e-06
51.78 3.21823e-07
51.8 -2.27294e-06
51.82 -2.86078e-06
51.84 -1.30671e-06
51.86 4.19237e-07
51.88 5.52119e-07
51.9 -5.44507e-07
51.92 -9.6396e-07
51.94 1.11321e-07
51.96 1.41027e-06
51.98 1.51257e-06
52 7.75303e-07
52.02 4.1197e-07
52.04 4.77174e-07
52.06 6.68612e-08
52.08 -8.80122e-07
52.1 -1.16983e-06
52.12 -2.50464e-07
52.14 3.34061e-07
52.16 -5.90152e-07
52.18 -1.34007e-06
52.2 3.13817e-08
52.22 2.39581e-06
52.24 2.91894e-06
52.26 1.16067e-06
52.28 -2.86291e-07
52.3 3.25676e-07
52.32 1.52808e-06
52.34 9.6536e-07
52.36 -1.08554e-06
52.38 -1.98207e-06
52.4 -6.85562e-07
52.42 6.13427e-07
52.44 -8.0419e-09
52.46 -1.02062e-06
52.48 -1.19351e-07
52.5 1.62896e-06
52.52 1.45102e-06
52.54 -6.94526e-07
52.56 -1.98175e-06
52.58 -1.05966e-06
52.6 -1.94565e-08
52.62 -7.22861e-07
52.64 -2.05241e-06
52.66 -1.9802e-06
52.68 -6.31056e-07
52.7 1.76972e-07
52.72 -1.69352e-07
52.74 -7.47602e-07
52.76 -7.96351e-07
52.78 -5.04281e-07
52.8 -5.19709e-07
52.82 -8.89985e-07
52.84 -9.85986e-07
52.86 -6.60139e-07
52.88 -5.80915e-07
52.9 -8.6401e-07
52.92 -6.22769e-07
52.94 2.19129e-07
52.96 3.13966e-07
52.98 -6.43403e-07
53 -1.02293e-06
53.02 6.36416e-08
53.04 1.22684e-06
53.06 9.31813e-07
53.08 -5.55891e-08
53.1 1.14976e-07
53.12 1.44367e-06
53.14 1.9303e-06
53.16 8.71246e-07
53.18 1.29711e-07
53.2 7.10122e-07
53.22 1.2603e-06
53.24 5.94898e-07
53.26 -5.19658e-07
53.28 -7.23594e-07
53.3 -1.76435e-07
53.32 -1.78374e-07
53.34 -1.16596e-06
53.36 -1.85716e-06
53.38 -1.10937e-06
53.4 1.51673e-08
53.42 -6.78725e-08
53.44 -8.47971e-07
53.46 -8.64167e-07
53.48 -1.39308e-07
53.5 1.78061e-07
53.52 -1.79638e-07
53.54 -3.26726e-07
53.56 1.47731e-07
53.58 5.21683e-07
53.6 1.11668e-07
53.62 -7.25779e-07
53.64 -1.1199e-06
53.66 -7.37949e-07
53.68 -2.34068e-07
53.7 -4.0522e-07
53.72 -7.52094e-07
53.74 -2.71757e-07
53.76 6.87876e-07
53.78 9.8019e-07
53.8 4.73853e-07
53.82 2.60701e-08
53.84 2.97581e-07
53.86 1.00142e-06
53.88 9.98134e-07
53.9 -9.29885e-08
53.92 -8.58433e-07
53.94 -1.3214e-07
53.96 9.76462e-07
53.98 8.15871e-07
54 -3.19202e-07
54.02 -7.69149e-07
54.04 6.74132e-08
54.06 1.00821e-06
54.08 8.91176e-07
54.1 1.0433e-07
54.12 3.09185e-08
54.14 8.77253e-07
54.16 1.12928e-06
54.18 1.93672e-07
54.2 -7.58948e-07
54.22 -1.01973e-06
54.24 -9.46589e-07
54.26 -9.61093e-07
54.28 -1.17176e-06
54.3 -1.16593e-06
54.32 -6.76861e-07
54.34 -3.02287e-07
54.36 -5.65113e-07
54.38 -1.0677e-06
54.4 -1.0896e-06
54.42 -5.22553e-07
54.44 1.48889e-07
54.46 5.05628e-07
54.48 5.37578e-07
54.5 4.92662e-07
54.52 6.38449e-07
54.54 8.77887e-07
54.56 7.60063e-07
54.58 2.08192e-07
54.6 -1.91729e-07
54.62 1.45912e-07
54.64 7.99166e-07
54.66 7.61427e-07
54.68 -1.80761e-07
54.7 -1.19449e-06
54.72 -1.28775e-06
54.74 -7.01711e-07
54.76 -7.21431e-07
54.78 -1.52319e-06
54.8 -1.9007e-06
54.82 -1.33778e-06
54.84 -4.65325e-07
54.86 5.36877e-08
54.88 1.93808e-07
54.9 5.07541e-07
54.92 1.07172e-06
54.94 1.22217e-06
54.96 9.54603e-07
54.98 9.79729e-07
55 1.15723e-06
55.02 7.87366e-07
55.04 3.30468e-08
55.06 -2.54036e-07
55.08 5.38858e-08
55.1 2.2836e-07
55.12 3.99576e-08
55.14 -1.84358e-07
55.16 -2.10005e-07
55.18 -2.56107e-08
55.2 2.31381e-07
55.22 5.07599e-07
55.24 7.49986e-07
55.26 8.48839e-07
55.28 7.65737e-07
55.3 5.29867e-07
55.32 3.96446e-07
55.34 6.45607e-07
55.36 7.57616e-07
55.38 6.96635e-08
55.4 -7.15277e-07
55.42 -5.0666e-07
55.44 1.88764e-07
55.46 1.51288e-07
55.48 -5.64139e-07
55.5 -1.13248e-06
55.52 -1.09362e-06
55.54 -6.61432e-07
55.56 -4.04238e-07
55.58 -3.93659e-07
55.6 -3.71224e-07
55.62 -1.28367e-07
55.64 1.36978e-07
55.66 -2.78435e-07
55.68 -1.13324e-06
55.7 -1.09041e-06
55.72 8.17144e-08
55.74 8.92963e-07
55.76 3.00179e-07
55.78 -7.34485e-07
55.8 -5.87431e-07
55.82 6.73186e-07
55.84 1.25596e-06
55.86 4.46085e-07
55.88 7.48197e-08
55.9 1.59569e-06
55.92 2.93404e-06
55.94 5.3631e-07
55.96 -4.43782e-06
55.98 -5.95979e-06
56 -2.10791e-06
56.02 2.04517e-06
56.04 1.84203e-06
56.06 -1.38737e-06
56.08 -2.26306e-06
56.1 1.18025e-06
56.12 4.55364e-06
56.14 3.48593e-06
56.16 -5.96521e-07
56.18 -2.49349e-06
56.2 -5.16174e-07
56.22 1.29339e-06
56.24 -2.51724e-08
56.26 -2.02714e-06
56.28 -1.33424e-06
56.3 1.3714e-06
56.32 2.59743e-06
56.34 1.03672e-06
56.36 -6.31672e-07
56.38 -5.2875e-08
56.4 1.24091e-06
56.42 7.54544e-07
56.44 -6.4467e-07
56.46 -1.19123e-07
56.48 2.09449e-06
56.5 2.60284e-06
56.52 4.87041e-07
56.54 -1.0043e-06
56.56 3.59608e-07
56.58 2.29903e-06
56.6 1.36501e-06
56.62 -1.65844e-06
56.64 -2.66539e-06
56.66 -4.13596e-07
56.68 1.75386e-06
56.7 7.67845e-07
56.72 -1.7831e-06
56.74 -2.01167e-06
56.76 4.06126e-07
56.78 1.86902e-06
56.8 4.06209e-07
56.82 -1.37933e-06
56.84 -6.4235e-07
56.86 1.31928e-06
56.88 1.65697e-06
56.9 -8.94643e-08
56.92 -1.71136e-06
56.94 -1.23271e-06
56.96 -6.54604e-09
56.98 -5.75765e-07
57 -2.35126e-06
57.02 -2.55115e-06
57.04 -9.22987e-07
57.06 -2.12571e-07
57.08 -1.36101e-06
57.1 -1.7367e-06
57.12 6.6998e-08
57.14 1.40204e-06
57.16 1.18808e-07
57.18 -1.78677e-06
57.2 -1.25933e-06
57.22 1.04516e-06
57.24 1.54001e-06
57.26 -7.34445e-07
57.28 -2.44898e-06
57.3 -9.24933e-07
57.32 1.72814e-06
57.34 1.62938e-06
57.36 -9.15971e-07
57.38 -1.73736e-06
57.4 6.64153e-07
57.42 2.7117e-06
57.44 1.41645e-06
57.46 -1.27684e-06
57.48 -1.67537e-06
57.5 3.99317e-07
57.52 1.77538e-06
57.54 6.0895e-07
57.56 -1.30728e-06
57.58 -1.25041e-06
57.6 5.60977e-07
57.62 1.50436e-06
57.64 4.61182e-07
57.66 -8.35396e-07
57.68 -5.34735e-07
57.7 6.34854e-07
57.72 6.99633e-07
57.74 -4.51398e-07
57.76 -1.05531e-06
57.78 -3.06703e-07
57.8 4.7168e-07
57.82 6.7082e-08
57.84 -7.11249e-07
57.86 -4.86786e-07
57.88 4.08716e-07
57.9 4.99317e-07
57.92 -3.76115e-07
57.94 -7.49089e-07
57.96 4.09283e-08
57.98 7.25512e-07
58 2.08918e-07
58.02 -6.84614e-07
58.04 -6.46981e-07
58.06 1.56298e-07
58.08 5.26513e-07
58.1 4.85189e-09
58.12 -5.37891e-07
58.14 -2.645e-07
58.16 3.78504e-07
58.18 4.26178e-07
58.2 -1.22751e-07
58.22 -3.7261e-07
58.24 5.57732e-08
58.26 4.63254e-07
58.28 2.09417e-07
58.3 -2.93915e-07
58.32 -2.66405e-07
58.34 2.26993e-07
58.36 4.14394e-07
58.38 4.13945e-08
58.4 -2.6754e-07
58.42 -2.43962e-08
58.44 3.78429e-07
58.46 3.1961e-07
58.48 -9.44145e-08
58.5 -2.30076e-07
58.52 1.01242e-07
58.54 3.76891e-07
58.56 1.78908e-07
58.58 -1.6824e-07
58.6 -1.23572e-07
58.62 2.2701e-07
58.64 3.31038e-07
58.66 4.71317e-08
58.68 -1.61699e-07
58.7 1.83832e-08
58.72 2.84796e-07
58.74 2.26182e-07
58.76 -4.59851e-08
58.78 -1.02782e-07
58.8 1.28646e-07
58.82 2.77693e-07
58.84 1.23138e-07
58.86 -8.13169e-08
58.88 -2.26137e-08
58.9 1.9418e-07
58.92 2.31902e-07
58.94 4.60223e-08
58.96 -6.73752e-08
58.98 5.86967e-08
59 2.18572e-07
59.02 1.69237e-07
59.04 -2.69175e-10
59.06 -2.52003e-08
59.08 1.23405e-07
59.1 2.1039e-07
59.12 1.09152e-07
59.14 -1.42184e-08
59.16 2.87661e-08
59.18 1.62829e-07
59.2 1.80129e-07
59.22 6.29633e-08
59.24 -2.08205e-09
59.26 8.05243e-08
59.28 1.76978e-07
59.3 1.41421e-07
59.32 3.70335e-08
59.34 2.67753e-08
59.36 1.20659e-07
59.38 1.7076e-07
59.4 1.0507e-07
59.42 3.12305e-08
59.44 6.20691e-08
59.46 1.44858e-07
59.48 1.51896e-07
59.5 7.83461e-08
59.52 4.14002e-08
59.54 9.52179e-08
59.56 1.53295e-07
59.58 1.28422e-07
59.6 6.44357e-08
59.62 6.13475e-08
59.64 1.20575e-07
59.66 1.4933e-07
59.68 1.06985e-07
59.7 6.2986e-08
59.72 8.46779e-08
59.74 1.35744e-07
59.76 1.37903e-07
59.78 9.19132e-08
59.8 7.11997e-08
59.82 1.06161e-07
59.84 1.41094e-07
59.86 1.24022e-07
59.88 8.49518e-08
59.9 8.51253e-08
59.92 1.22456e-07
59.94 1.38885e-07
59.96 1.11761e-07
59.98 1.11157e-08
