0.02 4.43422e-05
0.04 0.000125627
0.06 0.000137544
0.08 6.29531e-05
0.1 1.80266e-05
0.12 6.73309e-05
0.14 0.000130166
0.16 0.000112572
0.18 5.07293e-05
0.2 4.7646e-05
0.22 0.00011187
0.24 0.000150986
0.26 0.000119758
0.28 8.65891e-05
0.3 0.000120031
0.32 0.000174993
0.34 0.000182007
0.36 0.000167279
0.38 0.000161377
0.4 8.47636e-05
0.42 -0.000106977
0.44 -9.77097e-05
0.46 0.000297336
0.48 0.000469759
0.5 1.72554e-05
0.52 -0.000444483
0.54 -0.000323324
0.56 -9.48238e-05
0.58 -0.000468674
0.6 -0.000863295
0.62 -0.000393887
0.64 0.000154784
0.66 -0.000192346
0.68 -0.00118754
0.7 -0.00174014
0.72 -0.000412028
0.74 0.00149591
0.76 0.00107075
0.78 -0.000576484
0.8 0.000154058
0.82 0.00319716
0.84 0.00494494
0.86 0.00331639
0.88 0.000274397
0.9 -0.000743946
0.92 0.000964082
0.94 0.00235698
0.96 0.000302288
0.98 -0.00340024
1 -0.00391209
1.02 -0.000340115
1.04 0.00258262
1.06 0.000484265
1.08 -0.00447909
1.1 -0.00641607
1.12 -0.0030461
1.14 0.00221531
1.16 0.00324019
1.18 -0.00228509
1.2 -0.00720685
1.22 -0.00370634
1.24 0.00361719
1.26 0.00419424
1.28 -0.00332895
1.3 -0.0104322
1.32 -0.00843313
1.34 0.0027587
1.36 0.0131056
1.38 0.0121535
1.4 0.000392711
1.42 -0.0102671
1.44 -0.00931915
1.46 -0.000898567
1.48 0.00166821
1.5 -0.00694848
1.52 -0.019335
1.54 -0.0277611
1.56 -0.0325307
1.58 -0.0364616
1.6 -0.0395396
1.62 -0.0401386
1.64 -0.036581
1.66 -0.0282482
1.68 -0.0168816
1.7 -0.00539272
1.72 0.00270396
1.74 0.00323483
1.76 -0.00375917
1.78 -0.0136284
1.8 -0.0246475
1.82 -0.0373232
1.84 -0.0511122
1.86 -0.0657431
1.88 -0.0777507
1.9 -0.0818438
1.92 -0.0789015
1.94 -0.0739535
1.96 -0.0689988
1.98 -0.0638188
2 -0.0604425
2.02 -0.0629719
2.04 -0.0742789
2.06 -0.0939984
2.08 -0.119925
2.1 -0.150221
2.12 -0.181775
2.14 -0.208826
2.16 -0.225929
2.18 -0.22895
2.2 -0.214591
2.22 -0.183596
2.24 -0.140485
2.26 -0.0902504
2.28 -0.0404769
2.3 -0.000418146
2.32 0.0208185
2.34 0.0193729
2.36 -0.000472043
2.38 -0.0338018
