0.02 4.11286e-05
0.04 0.000116522
0.06 0.000127572
0.08 5.83859e-05
0.1 1.67184e-05
0.12 6.24492e-05
0.14 0.000120726
0.16 0.000104406
0.18 4.70485e-05
0.2 4.41913e-05
0.22 0.000103759
0.24 0.000140037
0.26 0.000111073
0.28 8.03111e-05
0.3 0.000111328
0.32 0.000162304
0.34 0.000168807
0.36 0.000155148
0.38 0.000149676
0.4 7.86139e-05
0.42 -9.9234e-05
0.44 -9.06367e-05
0.46 0.000275784
0.48 0.000435696
0.5 1.59886e-05
0.52 -0.000412268
0.54 -0.000299915
0.56 -8.79907e-05
0.58 -0.000434704
0.6 -0.000800636
0.62 -0.000365249
0.64 0.000143599
0.66 -0.000178295
0.68 -0.00110056
0.7 -0.00161229
0.72 -0.000380981
0.74 0.00138736
0.76 0.000992732
0.78 -0.000534154
0.8 0.000143987
0.82 0.00295317
0.84 0.0044839
0.86 0.00284978
0.88 8.02094e-05
0.9 -0.000679764
0.92 0.000965946
0.94 0.00212992
0.96 0.000104776
0.98 -0.00322265
1 -0.00344087
1.02 -6.66894e-05
1.04 0.00235038
1.06 0.000120746
1.08 -0.00429424
1.1 -0.0055184
1.12 -0.00210976
1.14 0.00225142
1.16 0.00240337
1.18 -0.00270002
1.2 -0.0062879
1.22 -0.00231361
1.24 0.00384212
1.26 0.00303883
1.28 -0.00413401
1.3 -0.00930737
1.32 -0.00604601
1.34 0.00375136
1.36 0.0108122
1.38 0.00778304
1.4 -0.00255369
1.42 -0.00913358
1.44 -0.00526536
1.46 0.00210086
1.48 0.0010446
1.5 -0.00943651
1.52 -0.0202954
1.54 -0.0252539
1.56 -0.0240231
1.58 -0.018374
1.6 -0.010532
1.62 -0.00297281
1.64 0.00186982
1.66 0.00223027
1.68 -0.00177242
1.7 -0.00775581
1.72 -0.0127144
1.74 -0.0148009
1.76 -0.0131358
1.78 -0.00781022
1.8 -0.00215878
1.82 -0.00137949
1.84 -0.00762755
1.86 -0.0174616
1.88 -0.022251
1.9 -0.0158894
1.92 -0.00344413
1.94 0.00349005
1.96 -0.00047816
1.98 -0.0113864
2 -0.0235722
2.02 -0.0359619
2.04 -0.0522691
2.06 -0.0758945
2.08 -0.106206
2.1 -0.140746
2.12 -0.176101
2.14 -0.206589
2.16 -0.226442
2.18 -0.231311
2.2 -0.218179
2.22 -0.187756
2.24 -0.144257
2.26 -0.0928056
2.28 -0.0410074
2.3 0.00222996
2.32 0.0275814
2.34 0.0308161
2.36 0.0161331
2.38 -0.0117827
2.4 -0.0484701
2.42 -0.0921713
2.44 -0.143615
2.46 -0.195955
2.48 -0.237911
2.5 -0.263071
2.52 -0.267449
2.54 -0.247566
2.56 -0.204264
2.58 -0.139312
2.6 -0.0506625
