0.02 7.58797e-06
0.04 2.14956e-05
0.06 2.35281e-05
0.08 1.07626e-05
0.1 3.08087e-06
0.12 1.15174e-05
0.14 2.22614e-05
0.16 1.92479e-05
0.18 8.67178e-06
0.2 8.14966e-06
0.22 1.91361e-05
0.24 2.58228e-05
0.26 2.04809e-05
0.28 1.48115e-05
0.3 2.05326e-05
0.32 2.99302e-05
0.34 3.11259e-05
0.36 2.86082e-05
0.38 2.76028e-05
0.4 1.44907e-05
0.42 -1.83261e-05
0.44 -1.67377e-05
0.46 5.08747e-05
0.48 8.0347e-05
0.5 2.91873e-06
0.52 -7.60559e-05
0.54 -5.53769e-05
0.56 -1.6311e-05
0.58 -8.01927e-05
0.6 -0.000147532
0.62 -6.72105e-05
0.64 2.6552e-05
0.66 -3.26771e-05
0.68 -0.000202559
0.7 -0.000296493
0.72 -6.82589e-05
0.74 0.000258103
0.76 0.000183676
0.78 -9.91668e-05
0.8 2.67408e-05
0.82 0.000541574
0.84 0.000763262
0.86 0.000370523
0.88 -9.9294e-05
0.9 -6.22793e-05
0.92 0.000300487
0.94 0.000337235
0.96 -0.000180191
0.98 -0.000650566
1 -0.000446908
1.02 0.000157159
1.04 0.000315539
1.06 -0.000237293
1.08 -0.000792546
1.1 -0.000644557
1.12 -2.67076e-05
1.14 0.000320348
1.16 2.42488e-05
1.18 -0.000605651
1.2 -0.000657261
1.22 0.00014319
1.24 0.000599898
1.26 -8.28214e-05
1.28 -0.000941143
1.3 -0.000831578
1.32 9.37356e-05
1.34 0.000824404
1.36 0.000593008
1.38 -0.000250539
1.4 -0.000565552
1.42 2.06103e-05
1.44 0.000487195
1.46 -0.000198393
1.48 -0.00147032
1.5 -0.0017696
1.52 -0.000785303
1.54 2.74814e-05
1.56 -0.000446851
1.58 -0.00135903
1.6 -0.00113341
1.62 0.000105369
1.64 0.000661461
1.66 -0.000120783
1.68 -0.000951395
1.7 -0.000618122
1.72 0.000237691
1.74 0.000161027
1.76 -0.000713251
1.78 -0.00088126
1.8 -0.000152582
1.82 8.17823e-05
1.84 -0.000717087
1.86 -0.00131782
1.88 -0.000480118
1.9 0.000844198
1.92 0.000477221
1.94 -0.00137083
1.96 -0.00195882
1.98 -0.000383285
2 0.000701504
2.02 -0.000708544
2.04 -0.00264717
2.06 -0.00223623
2.08 -0.000255126
2.1 0.000115924
2.12 -0.0015644
2.14 -0.00238325
2.16 -0.000892351
2.18 0.00077745
2.2 0.000431332
2.22 -0.00117554
2.24 -0.00165941
2.26 -0.000396213
2.28 0.000397847
2.3 -0.000853758
2.32 -0.00235557
2.34 -0.00187889
2.36 -0.000122252
2.38 0.000421419
2.4 -0.00117001
2.42 -0.00270077
2.44 -0.00176935
2.46 0.000330307
2.48 0.000543446
2.5 -0.000996595
2.52 -0.00144656
2.54 -2.36258e-05
2.56 0.00111556
2.58 0.000782469
2.6 0.000498814
2.62 0.00158463
2.64 0.00294079
2.66 0.00300791
2.68 0.00228537
2.7 0.0025947
2.72 0.00439767
2.74 0.00657453
2.76 0.00815406
2.78 0.00865345
2.8 0.00806303
2.82 0.00752021
2.84 0.00819785
2.86 0.00984767
2.88 0.0110927
2.9 0.0104617
2.92 0.00848172
2.94 0.00735587
2.96 0.00797436
2.98 0.00932306
3 0.0100032
3.02 0.00848133
3.04 0.00443631
3.06 0.000796858
3.08 0.000341555
3.1 0.00182933
3.12 0.00197387
3.14 -0.00077181
3.16 -0.00434665
3.18 -0.00577198
3.2 -0.00487534
3.22 -0.00426882
3.24 -0.00592976
3.26 -0.00902224
3.28 -0.0115869
3.3 -0.0119394
3.32 -0.00984017
3.34 -0.00719355
3.36 -0.00552746
3.38 -0.00465638
3.4 -0.0039342
3.42 -0.0028555
3.44 -0.000623023
3.46 0.00362316
3.48 0.00842767
3.5 0.010262
3.52 0.00810395
3.54 0.00512043
3.56 0.0049629
3.58 0.00804492
3.6 0.0116413
3.62 0.0133335
3.64 0.0119811
3.66 0.00638587
3.68 -0.00128592
3.7 -0.00474837
3.72 -0.00209689
3.74 0.0013797
3.76 0.000442782
3.78 -0.00473509
3.8 -0.00939886
3.82 -0.00946624
3.84 -0.0056445
3.86 -0.00253945
3.88 -0.00414086
3.9 -0.00922645
3.92 -0.0126987
3.94 -0.0115263
3.96 -0.00779213
3.98 -0.00536094
4 -0.00496146
4.02 -0.00524147
4.04 -0.00538956
4.06 -0.00445913
4.08 -0.00189539
4.1 0.00131957
4.12 0.00361463
4.14 0.00440201
4.16 0.00429983
4.18 0.00352154
4.2 0.00103306
4.22 -0.00300485
4.24 -0.00576775
4.26 -0.00527484
4.28 -0.00299798
4.3 -0.00177237
4.32 -0.00164975
4.34 0.000104931
4.36 0.003465
4.38 0.0049619
4.4 0.00271026
4.42 -0.00186546
4.44 -0.00524351
4.46 -0.004103
4.48 0.00183482
4.5 0.00723074
4.52 0.00519902
4.54 -0.00344015
4.56 -0.0099947
4.58 -0.00760726
4.6 0.00114937
4.62 0.00742883
4.64 0.00620075
4.66 0.0004273
4.68 -0.00362966
4.7 -0.00191787
4.72 0.00469855
4.74 0.0108355
4.76 0.0112806
4.78 0.00541729
4.8 -0.00272892
4.82 -0.00637023
4.84 -0.0019233
4.86 0.00616927
4.88 0.00991833
4.9 0.00575347
4.92 -0.00277438
4.94 -0.00833876
4.96 -0.00626143
4.98 0.000649561
5 0.00450143
5.02 0.00028753
5.04 -0.00900823
5.06 -0.0146531
5.08 -0.00940762
5.1 0.00418854
5.12 0.0138103
5.14 0.0104659
5.16 -0.00191905
5.18 -0.0110153
5.2 -0.00784981
5.22 0.00506805
5.24 0.0155721
5.26 0.0123472
5.28 -0.00328974
5.3 -0.0165059
5.32 -0.0138995
5.34 0.00289401
5.36 0.0193152
5.38 0.0238205
5.4 0.0158168
5.42 0.000950864
5.44 -0.0107973
5.46 -0.010232
5.48 0.00200683
5.5 0.017064
5.52 0.0269182
5.54 0.0267604
5.56 0.016149
5.58 0.000146898
5.6 -0.012082
5.62 -0.0129755
5.64 -0.00267159
5.66 0.0121167
5.68 0.0232026
5.7 0.0245427
5.72 0.0152833
5.74 -0.00018002
5.76 -0.0129237
5.78 -0.0149346
5.8 -0.00598478
5.82 0.00750283
5.84 0.0177734
5.86 0.0193539
5.88 0.0109767
5.9 -0.00390561
5.92 -0.016293
5.94 -0.01661
5.96 -0.00384753
5.98 0.0144633
6 0.0299379
6.02 0.03816
6.04 0.0394239
6.06 0.0361907
6.08 0.0296429
6.1 0.0205119
6.12 0.0107823
6.14 0.00293771
6.16 -0.00112134
6.18 -0.0015514
6.2 -0.00106459
6.22 -0.00186851
6.24 -0.00435639
6.26 -0.00813292
6.28 -0.0116345
6.3 -0.0123886
6.32 -0.00887416
6.34 -0.00271978
6.36 0.00232097
6.38 0.00424331
6.4 0.00340392
6.42 0.000432836
6.44 -0.00332708
6.46 -0.00565969
6.48 -0.00563419
6.5 -0.0046288
6.52 -0.00471242
6.54 -0.0067987
6.56 -0.00970737
6.58 -0.0103166
6.6 -0.0071597
6.62 -0.00263639
6.64 0.00066345
6.66 0.00299408
6.68 0.00576591
6.7 0.00917547
6.72 0.0115995
6.74 0.0105102
6.76 0.00471588
6.78 -0.00402704
6.8 -0.0109176
6.82 -0.011505
6.84 -0.00534108
6.86 0.00391572
6.88 0.0119607
6.9 0.0168659
6.92 0.0172633
6.94 0.0119162
6.96 0.00206162
6.98 -0.00764726
7 -0.0116725
7.02 -0.00777347
7.04 0.00125912
7.06 0.01099
7.08 0.0190691
7.1 0.0243357
7.12 0.0260693
7.14 0.0244272
7.16 0.0199019
7.18 0.0136478
7.2 0.00758197
7.22 0.00334642
7.24 0.00203536
7.26 0.00372068
7.28 0.00675883
7.3 0.00929952
7.32 0.0108192
7.34 0.0115704
7.36 0.0117553
7.38 0.0113312
7.4 0.0103081
7.42 0.00871692
7.44 0.00649187
7.46 0.00372854
7.48 0.000406181
7.5 -0.00289558
7.52 -0.0047067
7.54 -0.00429272
7.56 -0.00237861
7.58 -0.000151363
7.6 0.00198235
7.62 0.00455428
7.64 0.00804996
7.66 0.0125862
7.68 0.0178369
7.7 0.0224721
7.72 0.0246088
7.74 0.0231022
7.76 0.0185344
7.78 0.0127524
7.8 0.00742832
7.82 0.00360843
7.84 0.00151941
7.86 0.000240301
7.88 -0.0011556
7.9 -0.00245744
7.92 -0.00300579
7.94 -0.00251117
7.96 -0.00125127
7.98 1.71184e-05
8 0.000677677
8.02 0.000851256
8.04 0.00116831
8.06 0.00199919
8.08 0.00323358
8.1 0.00468107
8.12 0.00618079
8.14 0.00741749
8.16 0.00805275
8.18 0.0081435
8.2 0.00826643
8.22 0.00880651
8.24 0.0087168
8.26 0.00636221
8.28 0.00173519
8.3 -0.00329738
8.32 -0.00594988
8.34 -0.00426582
8.36 0.00075621
8.38 0.00623984
8.4 0.0106572
8.42 0.0138329
8.44 0.0150937
8.46 0.0131807
8.48 0.00761361
8.5 -0.000354088
8.52 -0.00698198
8.54 -0.00842141
8.56 -0.00386617
8.58 0.00402065
8.6 0.0124777
8.62 0.0206378
8.64 0.0267413
8.66 0.0288318
8.68 0.0270861
8.7 0.0223964
8.72 0.0158182
8.74 0.00877115
8.76 0.00236128
8.78 -0.00225392
8.8 -0.00382258
8.82 -0.00243606
8.84 8.01463e-05
8.86 0.00140769
8.88 0.000509991
8.9 -0.0016275
8.92 -0.00346305
8.94 -0.00366704
8.96 -0.00167077
8.98 0.00128645
9 0.00360284
9.02 0.00472669
9.04 0.00428607
9.06 0.00221379
9.08 -0.000581074
9.1 -0.0029105
9.12 -0.00414211
9.14 -0.00390876
9.16 -0.0024769
9.18 -0.00138528
9.2 -0.00197417
9.22 -0.00397671
9.24 -0.00583514
9.26 -0.00586356
9.28 -0.00365208
9.3 -0.000217509
9.32 0.00317261
9.34 0.00613591
9.36 0.00886183
9.38 0.0108947
9.4 0.011264
9.42 0.00949872
9.44 0.0061014
9.46 0.00217684
9.48 -0.00159891
9.5 -0.0046005
9.52 -0.00558778
9.54 -0.00390675
9.56 -0.000907638
9.58 0.00180956
9.6 0.00468888
9.62 0.00833078
9.64 0.011247
9.66 0.0113032
9.68 0.00768582
9.7 0.000721212
9.72 -0.00702245
9.74 -0.0107599
9.76 -0.00801331
9.78 -0.00176149
9.8 0.00323117
9.82 0.00483611
9.84 0.00355622
9.86 0.000962691
9.88 -0.00125555
9.9 -0.00183241
9.92 -0.000399483
9.94 0.00209276
9.96 0.00427192
9.98 0.00590978
10 0.007548
10.02 0.00929706
10.04 0.010893
10.06 0.0119935
10.08 0.0119463
10.1 0.0100124
10.12 0.00591279
10.14 -0.000287849
10.16 -0.00655911
10.18 -0.00933127
10.2 -0.00689657
10.22 -0.00112648
10.24 0.00403526
10.26 0.00615781
10.28 0.0054293
10.3 0.00270937
10.32 -0.00102703
10.34 -0.00396729
10.36 -0.00430787
10.38 -0.0018266
10.4 0.00202614
10.42 0.00590597
10.44 0.00954412
10.46 0.0125698
10.48 0.0142425
10.5 0.0143397
10.52 0.0130683
10.54 0.0106238
10.56 0.00686707
10.58 0.0018068
10.6 -0.00291128
10.62 -0.00489656
10.64 -0.00333612
10.66 0.000654141
10.68 0.0050887
10.7 0.0083268
10.72 0.00948826
10.74 0.00830148
10.76 0.00503062
10.78 0.000388729
10.8 -0.0035918
10.82 -0.00458416
10.84 -0.00208921
10.86 0.00227333
10.88 0.00623773
10.9 0.00849243
10.92 0.00866051
10.94 0.00687155
10.96 0.00367711
10.98 -0.000252207
11 -0.00367406
11.02 -0.00507139
11.04 -0.00387268
11.06 -0.000937308
11.08 0.00218638
11.1 0.00458347
11.12 0.00635741
11.14 0.00778976
11.16 0.00890505
11.18 0.00966774
11.2 0.0099362
11.22 0.00966643
11.24 0.00881466
11.26 0.00696695
11.28 0.00388098
11.3 -0.000194664
11.32 -0.00396892
11.34 -0.00561343
11.36 -0.00441844
11.38 -0.00147638
11.4 0.00150611
11.42 0.0037869
11.44 0.00544861
11.46 0.00633243
11.48 0.00606093
11.5 0.00469335
11.52 0.00255085
11.54 5.81874e-05
11.56 -0.00190468
11.58 -0.0022786
11.6 -0.000695394
11.62 0.00234298
11.64 0.00619474
11.66 0.0103219
11.68 0.0138096
11.7 0.0155847
11.72 0.0150416
11.74 0.0121327
11.76 0.00724844
11.78 0.000979672
11.8 -0.00514806
11.82 -0.00869684
11.84 -0.00787168
11.86 -0.00324772
11.88 0.00226571
11.9 0.00607674
11.92 0.00813295
11.94 0.00911104
11.96 0.00886918
11.98 0.00759922
12 0.00555251
12.02 0.00288732
12.04 0.000186224
12.06 -0.00177423
12.08 -0.00233801
12.1 -0.00138758
12.12 0.000404143
12.14 0.00235409
12.16 0.00435651
12.18 0.00636302
12.2 0.00794644
12.22 0.00851476
12.24 0.00759405
12.26 0.00494582
12.28 0.000666885
12.3 -0.00398181
12.32 -0.00687092
12.34 -0.00656503
12.36 -0.00333187
12.38 0.000975025
12.4 0.00447573
12.42 0.00673915
12.44 0.00795492
12.46 0.00800574
12.48 0.00708604
12.5 0.00564525
12.52 0.00411111
12.54 0.00295102
12.56 0.00236964
12.58 0.00243751
12.6 0.00326477
12.62 0.00476442
12.64 0.00662668
12.66 0.0082075
12.68 0.00870973
12.7 0.00771609
12.72 0.00523973
12.74 0.0016062
12.76 -0.00229321
12.78 -0.0049623
12.8 -0.0050634
12.82 -0.00234788
12.84 0.00199069
12.86 0.00626553
12.88 0.00951968
12.9 0.011155
12.92 0.01075
12.94 0.00857853
12.96 0.00516929
12.98 0.00108494
13 -0.0025124
13.02 -0.00417781
13.04 -0.00329744
13.06 -0.000561147
13.08 0.00271174
13.1 0.00564818
13.12 0.00796749
13.14 0.00936558
13.16 0.00950024
13.18 0.00823892
13.2 0.00565761
13.22 0.00225507
13.24 -0.00111687
13.26 -0.00324932
13.28 -0.00323055
13.3 -0.0014547
13.32 0.000803738
13.34 0.00259187
13.36 0.00367533
13.38 0.0041829
13.4 0.00423021
13.42 0.00381671
13.44 0.00299642
13.46 0.00190083
13.48 0.000552981
13.5 -0.000999262
13.52 -0.0022481
13.54 -0.002473
13.56 -0.00153889
13.58 -4.24563e-05
13.6 0.00127481
13.62 0.00200636
13.64 0.00210894
13.66 0.00169964
13.68 0.000874142
13.7 -0.000322888
13.72 -0.00164213
13.74 -0.00244654
13.76 -0.00209844
13.78 -0.000557619
13.8 0.0016895
13.82 0.00416896
13.84 0.00651701
13.86 0.00816983
13.88 0.008486
13.9 0.00719182
13.92 0.00448369
13.94 0.000924947
13.96 -0.00232638
13.98 -0.00383197
14 -0.0029218
14.02 -0.00014972
14.04 0.00338011
14.06 0.00700791
14.08 0.0104922
14.1 0.0132158
14.12 0.014153
14.14 0.0125261
14.16 0.00830684
14.18 0.00238931
14.2 -0.00348371
14.22 -0.00700462
14.24 -0.00654581
14.26 -0.00264728
14.28 0.00227894
14.3 0.00608774
14.32 0.00816871
14.34 0.00825544
14.36 0.00601019
14.38 0.00194609
14.4 -0.002452
14.42 -0.00534868
14.44 -0.0054611
14.46 -0.00282698
14.48 0.00108356
14.5 0.0045926
14.52 0.00715369
14.54 0.00871451
14.56 0.00898653
14.58 0.007907
14.6 0.00563891
14.62 0.00262247
14.64 -0.000295672
14.66 -0.00203769
14.68 -0.00196572
14.7 -0.000637902
14.72 0.000656758
14.74 0.00107017
14.76 0.000524055
14.78 -0.000670873
14.8 -0.00206099
14.82 -0.00306398
14.84 -0.00305447
14.86 -0.00186211
14.88 -0.000174765
14.9 0.0010897
14.92 0.00172862
14.94 0.002084
14.96 0.00235048
14.98 0.0024943
15 0.00247383
15.02 0.00229539
15.04 0.00190604
15.06 0.00117183
15.08 3.8597e-05
15.1 -0.00129246
15.12 -0.00221088
15.14 -0.0019344
15.16 -0.000268212
15.18 0.00221467
15.2 0.00488845
15.22 0.00733259
15.24 0.00889617
15.26 0.00890374
15.28 0.00710527
15.3 0.00361177
15.32 -0.00110246
15.34 -0.0052542
15.36 -0.00649466
15.38 -0.00397924
15.4 0.000906623
15.42 0.00589369
15.44 0.0097607
15.46 0.0120358
15.48 0.0120714
15.5 0.00964713
15.52 0.00536728
15.54 0.000202264
15.56 -0.00398118
15.58 -0.00504695
15.6 -0.00248405
15.62 0.00216321
15.64 0.00696015
15.66 0.0108023
15.68 0.0127618
15.7 0.0122716
15.72 0.00970699
15.74 0.00586436
15.76 0.00168929
15.78 -0.00173775
15.8 -0.00328457
15.82 -0.00241692
15.84 0.000117648
15.86 0.00295074
15.88 0.00524464
15.9 0.00673161
15.92 0.0072296
15.94 0.00674115
15.96 0.00558839
15.98 0.00420551
16 0.00297328
16.02 0.00216
16.04 0.001871
16.06 0.00203768
16.08 0.00252602
16.1 0.00321732
16.12 0.00389442
16.14 0.00420377
16.16 0.00392539
16.18 0.00321628
16.2 0.00245782
16.22 0.0019353
16.24 0.0017174
16.26 0.00162573
16.28 0.00135381
16.3 0.000857233
16.32 0.000440216
16.34 0.000342951
16.36 0.000484499
16.38 0.000647063
16.4 0.000701778
16.42 0.000569613
16.44 0.000137269
16.46 -0.000664589
16.48 -0.00170063
16.5 -0.00263313
16.52 -0.00316966
16.54 -0.00323556
16.56 -0.00287968
16.58 -0.00222069
16.6 -0.0015489
16.62 -0.00123749
16.64 -0.00149027
16.66 -0.00214264
16.68 -0.00240754
16.7 -0.0011856
16.72 0.0019729
16.74 0.00693785
16.76 0.0136445
16.78 0.0214308
16.8 0.0287773
16.82 0.0342022
16.84 0.0362082
16.86 0.0329089
16.88 0.0235164
16.9 0.00980296
16.92 -0.00476739
16.94 -0.0146124
16.96 -0.0147876
16.98 -0.00553428
17 0.00685091
17.02 0.0162364
17.04 0.0209388
17.06 0.0202386
17.08 0.0138237
17.1 0.00304323
17.12 -0.00865503
17.14 -0.0161173
17.16 -0.0152274
17.18 -0.00631675
17.2 0.00493429
17.22 0.0123317
17.24 0.0145955
17.26 0.0125642
17.28 0.00631592
17.3 -0.00287136
17.32 -0.0103751
17.34 -0.0116203
17.36 -0.00560787
17.38 0.00466999
17.4 0.0157224
17.42 0.0261711
17.44 0.0345582
17.46 0.0393666
17.48 0.0397309
17.5 0.0350068
17.52 0.0258956
17.54 0.0143394
17.56 0.00207766
17.58 -0.00811152
17.6 -0.0124154
17.62 -0.00916951
17.64 -0.00112996
17.66 0.00608968
17.68 0.00912644
17.7 0.00819837
17.72 0.00379256
17.74 -0.00315058
17.76 -0.0094785
17.78 -0.0116137
17.8 -0.00822923
17.82 -0.00152419
17.84 0.00437102
17.86 0.0075322
17.88 0.0086695
17.9 0.00820142
17.92 0.00626451
17.94 0.00379594
17.96 0.00179783
17.98 0.00111862
18 0.00234491
18.02 0.0052721
18.04 0.00918377
18.06 0.0131386
18.08 0.0159122
18.1 0.016166
18.12 0.013042
18.14 0.00680986
18.16 -0.00134101
18.18 -0.00832092
18.2 -0.0106223
18.22 -0.00736491
18.24 -0.00126878
18.26 0.00314039
18.28 0.00304595
18.3 -0.00156223
18.32 -0.00749199
18.34 -0.0098732
18.36 -0.00593739
18.38 0.00275781
18.4 0.013029
18.42 0.0234179
18.44 0.0326173
18.46 0.0388852
18.48 0.0410149
18.5 0.0374597
18.52 0.0276404
18.54 0.0134955
18.56 -0.00207758
18.58 -0.013741
18.6 -0.0161918
18.62 -0.00906259
18.64 0.00287242
18.66 0.013786
18.68 0.0206884
18.7 0.0219989
18.72 0.016816
18.74 0.00615935
18.76 -0.00692532
18.78 -0.0173034
18.8 -0.0199083
18.82 -0.0126047
18.84 0.00175792
18.86 0.0171288
18.88 0.0307224
18.9 0.0416299
18.92 0.0476655
18.94 0.0491132
18.96 0.0474527
18.98 0.0424705
19 0.0344897
19.02 0.0242958
19.04 0.0123711
19.06 -0.000150481
19.08 -0.010301
19.1 -0.0150814
19.12 -0.0131808
19.14 -0.00549308
19.16 0.00407147
19.18 0.0109712
19.2 0.0140428
19.22 0.0134834
19.24 0.00800694
19.26 -0.00224077
19.28 -0.0129848
19.3 -0.0185191
19.32 -0.0161829
19.34 -0.0071371
19.36 0.00409656
19.38 0.0131179
19.4 0.0190492
19.42 0.0217611
19.44 0.0206964
19.46 0.0169472
19.48 0.0121048
19.5 0.00709393
19.52 0.00289262
19.54 0.000125219
19.56 -0.00100294
19.58 -0.000455259
19.6 0.0011929
19.62 0.00318233
19.64 0.00549719
19.66 0.00831635
19.68 0.0109779
19.7 0.0122559
19.72 0.0112333
19.74 0.00778137
19.76 0.00252885
19.78 -0.0032042
19.8 -0.00776438
19.82 -0.00973815
19.84 -0.0082557
19.86 -0.00379221
19.88 0.00195921
19.9 0.00752596
19.92 0.0127516
19.94 0.0175808
19.96 0.0210447
19.98 0.0225603
20 0.0219403
20.02 0.0189742
20.04 0.0143191
20.06 0.00901818
20.08 0.00355173
20.1 -0.00206075
20.12 -0.00717362
20.14 -0.0104525
20.16 -0.010237
20.18 -0.005467
20.2 0.00220268
20.22 0.00897364
20.24 0.0131749
20.26 0.015044
20.28 0.0138166
20.3 0.00948712
20.32 0.00339863
20.34 -0.0027551
20.36 -0.00741764
20.38 -0.00894035
20.4 -0.00579774
20.42 0.00138812
20.44 0.0101808
20.46 0.01901
20.48 0.0273134
20.5 0.033434
20.52 0.0353842
20.54 0.0323525
20.56 0.0240341
20.58 0.0118091
20.6 -0.00131923
20.62 -0.0116302
20.64 -0.0165551
20.66 -0.0153262
20.68 -0.00868914
20.7 0.000387222
20.72 0.00917482
20.74 0.0156796
20.76 0.0190551
20.78 0.0194819
20.8 0.0162619
20.82 0.00975666
20.84 0.0013768
20.86 -0.00608332
20.88 -0.00963879
20.9 -0.00825541
20.92 -0.00147248
20.94 0.0101559
20.96 0.0239496
20.98 0.0365608
21 0.0458815
21.02 0.0499927
21.04 0.0469769
21.06 0.0372302
21.08 0.0227929
21.1 0.00571357
21.12 -0.0105502
21.14 -0.0212325
21.16 -0.0232244
21.18 -0.0162606
21.2 -0.00349397
21.22 0.00961375
21.24 0.0194502
21.26 0.0249793
21.28 0.0251525
21.3 0.0195326
21.32 0.00965595
21.34 -0.00185356
21.36 -0.0111091
21.38 -0.0149767
21.4 -0.0121353
21.42 -0.00259699
21.44 0.0108018
21.46 0.0240777
21.48 0.0349506
21.5 0.0418504
21.52 0.0428885
21.54 0.0369409
21.56 0.0241646
21.58 0.00578238
21.6 -0.0138703
