0.02 4.45475e-05
0.04 0.000126209
0.06 0.000138181
0.08 6.32448e-05
0.1 1.81102e-05
0.12 6.76427e-05
0.14 0.000130769
0.16 0.000113094
0.18 5.09645e-05
0.2 4.78667e-05
0.22 0.000112388
0.24 0.000151685
0.26 0.000120313
0.28 8.69902e-05
0.3 0.000120586
0.32 0.000175804
0.34 0.00018285
0.36 0.000168054
0.38 0.000162125
0.4 8.51565e-05
0.42 -0.000107472
0.44 -9.81614e-05
0.46 0.000298712
0.48 0.000471935
0.5 1.73364e-05
0.52 -0.000446541
0.54 -0.000324819
0.56 -9.52601e-05
0.58 -0.000470844
0.6 -0.000867298
0.62 -0.000395717
0.64 0.000155498
0.66 -0.000193244
0.68 -0.00119306
0.7 -0.00174824
0.72 -0.000414002
0.74 0.00150278
0.76 0.0010757
0.78 -0.000579145
0.8 0.000154754
0.82 0.00321295
0.84 0.00497537
0.86 0.00334819
0.88 0.000288595
0.9 -0.000751249
0.92 0.000955984
0.94 0.00236852
0.96 0.000321447
0.98 -0.00340429
1 -0.0039437
1.02 -0.000365322
1.04 0.00259432
1.06 0.000513639
1.08 -0.00448519
1.1 -0.00647991
1.12 -0.00312115
1.14 0.00220546
1.16 0.00330299
1.18 -0.00224368
1.2 -0.00726464
1.22 -0.00381222
1.24 0.00358747
1.26 0.00427443
1.28 -0.00325497
1.3 -0.0104869
1.32 -0.0085863
1.34 0.00268176
1.36 0.0132399
1.38 0.0123438
1.4 0.000327991
1.42 -0.010591
1.44 -0.00960979
1.46 -0.000933314
1.48 0.00186475
1.5 -0.00680167
1.52 -0.0195356
1.54 -0.0285703
1.56 -0.0345548
1.58 -0.0408531
1.6 -0.0475843
1.62 -0.0527789
1.64 -0.0542652
1.66 -0.0504659
1.68 -0.0418094
1.7 -0.03015
1.72 -0.0178204
1.74 -0.00804786
1.76 -0.0027941
1.78 -0.00154405
1.8 -0.00464056
1.82 -0.0137439
1.84 -0.0295944
1.86 -0.0503385
1.88 -0.0697013
1.9 -0.0817277
1.92 -0.0870501
1.94 -0.0894196
1.96 -0.0899815
1.98 -0.0881236
2 -0.0852928
2.02 -0.0855307
2.04 -0.0921795
2.06 -0.105368
2.08 -0.123643
2.1 -0.146062
2.12 -0.170204
2.14 -0.190944
2.16 -0.203471
2.18 -0.204032
2.2 -0.189421
2.22 -0.160342
2.24 -0.121163
2.26 -0.0765213
2.28 -0.0334623
2.3 -0.000693083
2.32 0.0134985
2.34 0.00558717
2.36 -0.0204047
2.38 -0.0565694
2.4 -0.0983893
2.42 -0.14684
2.44 -0.198167
2.46 -0.242778
2.48 -0.273971
2.5 -0.287207
2.52 -0.27743
2.54 -0.243489
2.56 -0.188803
2.58 -0.114533
2.6 -0.0182232
