0.02 7.18686e-06
0.04 2.03593e-05
0.06 2.22843e-05
0.08 1.01936e-05
0.1 2.91798e-06
0.12 1.09085e-05
0.14 2.10846e-05
0.16 1.82303e-05
0.18 8.21329e-06
0.2 7.71883e-06
0.22 1.81245e-05
0.24 2.44577e-05
0.26 1.93981e-05
0.28 1.40285e-05
0.3 1.94472e-05
0.32 2.83479e-05
0.34 2.94803e-05
0.36 2.70958e-05
0.38 2.61436e-05
0.4 1.37246e-05
0.42 -1.73576e-05
0.44 -1.58532e-05
0.46 4.81853e-05
0.48 7.60994e-05
0.5 2.7641e-06
0.52 -7.20355e-05
0.54 -5.24501e-05
0.56 -1.54496e-05
0.58 -7.59536e-05
0.6 -0.000139731
0.62 -6.36557e-05
0.64 2.5149e-05
0.66 -3.09473e-05
0.68 -0.000191846
0.7 -0.000280809
0.72 -6.46434e-05
0.74 0.00024446
0.76 0.000173977
0.78 -9.39043e-05
0.8 2.53364e-05
0.82 0.00051294
0.84 0.000722873
0.86 0.000350875
0.88 -9.40917e-05
0.9 -5.90544e-05
0.92 0.000284493
0.94 0.000319301
0.96 -0.000170733
0.98 -0.000616227
1 -0.000423352
1.02 0.000148801
1.04 0.000298871
1.06 -0.000224721
1.08 -0.00075067
1.1 -0.000610536
1.12 -2.52918e-05
1.14 0.000303502
1.16 2.30455e-05
1.18 -0.000573649
1.2 -0.00062256
1.22 0.000135656
1.24 0.000568276
1.26 -7.84063e-05
1.28 -0.000891421
1.3 -0.00078761
1.32 8.89017e-05
1.34 0.000780979
1.36 0.00056174
1.38 -0.000237284
1.4 -0.000535629
1.42 1.96115e-05
1.44 0.00046154
1.46 -0.000187866
1.48 -0.0013925
1.5 -0.0016756
1.52 -0.000737108
1.54 3.76569e-05
1.56 -0.000420937
1.58 -0.00129646
1.6 -0.00107878
1.62 0.000106994
1.64 0.000635236
1.66 -0.000116709
1.68 -0.000909532
1.7 -0.00058612
1.72 0.000233464
1.74 0.000157409
1.76 -0.000680558
1.78 -0.000840655
1.8 -0.00014164
1.82 8.49966e-05
1.84 -0.000677944
1.86 -0.00125393
1.88 -0.000457584
1.9 0.000804488
1.92 0.000457481
1.94 -0.00129983
1.96 -0.00186018
1.98 -0.000362748
2 0.000670151
2.02 -0.000667962
2.04 -0.00250657
2.06 -0.00211136
2.08 -0.000230481
2.1 0.000113629
2.12 -0.00148455
2.14 -0.00224928
2.16 -0.000823874
2.18 0.00074699
2.2 0.000396182
2.22 -0.00112455
2.24 -0.0015554
2.26 -0.00034713
2.28 0.000379192
2.3 -0.000830637
2.32 -0.00223317
2.34 -0.00174388
2.36 -8.52504e-05
2.38 0.000385262
2.4 -0.00113738
2.42 -0.00254556
2.44 -0.00163355
2.46 0.000320342
2.48 0.000478971
2.5 -0.000961702
2.52 -0.00133438
2.54 2.01659e-05
2.56 0.00104699
2.58 0.000699552
2.6 0.000465457
2.62 0.00153851
2.64 0.00280138
2.66 0.00279061
2.68 0.00213946
2.7 0.00254205
2.72 0.00419637
2.74 0.00599313
2.76 0.00715158
2.78 0.00738823
2.8 0.00683541
2.82 0.00654328
2.84 0.00735914
2.86 0.00887587
2.88 0.00985091
2.9 0.00901181
2.92 0.00711447
2.94 0.00639754
2.96 0.00738228
2.98 0.00863864
3 0.00881776
3.02 0.00698457
3.04 0.00337698
3.06 0.000716726
3.08 0.000970525
3.1 0.00228862
3.12 0.00163469
3.14 -0.00140826
3.16 -0.0042492
3.18 -0.00471342
3.2 -0.00379829
3.22 -0.00401875
3.24 -0.00616932
3.26 -0.00885933
3.28 -0.0104283
3.3 -0.00980682
3.32 -0.00761098
3.34 -0.00602933
3.36 -0.00562055
3.38 -0.00497817
3.4 -0.00339026
3.42 -0.00150975
3.44 0.000492967
3.46 0.00344589
3.48 0.00673675
3.5 0.00806819
3.52 0.00679612
3.54 0.00511338
3.56 0.0053238
3.58 0.00744075
3.6 0.00960245
3.62 0.0102948
3.64 0.00883939
3.66 0.00439245
3.68 -0.00120073
3.7 -0.0030555
3.72 -0.000565161
3.74 0.00124765
3.76 -0.00133625
3.78 -0.0062621
3.8 -0.00846411
3.82 -0.00625492
3.84 -0.00288882
3.86 -0.00252765
3.88 -0.00604649
3.9 -0.00992913
3.92 -0.010196
3.94 -0.00713957
3.96 -0.00484003
3.98 -0.00565027
4 -0.00685052
4.02 -0.00548441
4.04 -0.00275938
4.06 -0.00110215
4.08 -0.000885681
4.1 -0.000976478
4.12 -0.00016735
4.14 0.00213184
4.16 0.00491395
4.18 0.00536314
4.2 0.00143008
4.22 -0.00449979
4.24 -0.00692362
4.26 -0.00403316
4.28 -5.67285e-05
4.3 0.000327048
4.32 -0.0019727
4.34 -0.00193462
4.36 0.00172207
4.38 0.00472641
4.4 0.00342386
4.42 -0.00135047
4.44 -0.00519978
4.46 -0.00396829
4.48 0.00220184
4.5 0.00698847
4.52 0.00374345
4.54 -0.00494243
4.56 -0.00941675
4.58 -0.00466383
4.6 0.00398403
4.62 0.00710177
4.64 0.00231735
4.66 -0.00372285
4.68 -0.00396209
4.7 0.00211226
4.72 0.00871411
4.74 0.00958788
4.76 0.00452041
4.78 -0.00136262
4.8 -0.0033472
4.82 -0.000421253
4.84 0.00438625
4.86 0.00619669
4.88 0.0030168
4.9 -0.00197862
4.92 -0.00393566
4.94 -0.0017675
4.96 0.00139698
4.98 0.00190146
5 -0.0016771
5.02 -0.00686601
5.04 -0.009206
5.06 -0.00647722
5.08 -1.32868e-05
5.1 0.00560819
5.12 0.00534384
5.14 -0.000257879
5.16 -0.00475623
5.18 -0.00302665
5.2 0.00344052
5.22 0.00843651
5.24 0.00669479
5.26 -0.00173336
5.28 -0.00935847
5.3 -0.00760714
5.32 0.00261131
5.34 0.0112834
5.36 0.0100306
5.38 0.000539443
5.4 -0.00738594
5.42 -0.00583847
5.44 0.00355109
5.46 0.011544
5.48 0.0103888
5.5 0.00159719
5.52 -0.00560161
5.54 -0.00406116
5.56 0.00377296
5.58 0.00898141
5.6 0.00590729
5.62 -0.00245759
5.64 -0.00728542
5.66 -0.00324209
5.68 0.00500831
5.7 0.00839587
5.72 0.00354332
5.74 -0.00443337
5.76 -0.00736093
5.78 -0.00268055
5.8 0.0040748
5.82 0.00595571
5.84 0.00143154
5.86 -0.00491445
5.88 -0.00684599
5.9 -0.00291554
5.92 0.00246396
5.94 0.0045881
5.96 0.00257681
5.98 -0.000673077
6 -0.00114502
6.02 0.00212434
6.04 0.00590801
6.06 0.00675654
6.08 0.00410513
6.1 0.00022169
6.12 -0.00124575
6.14 0.00149614
6.16 0.00587113
6.18 0.00653107
6.2 0.000943228
6.22 -0.00637735
6.24 -0.00849374
6.26 -0.00445523
6.28 3.64905e-05
6.3 -1.94785e-05
6.32 -0.00347544
6.34 -0.00559925
6.36 -0.00377185
6.38 0.000206296
6.4 0.00246568
6.42 0.00113199
6.44 -0.00203011
6.46 -0.00359543
6.48 -0.00237686
6.5 -0.000915071
6.52 -0.00193604
6.54 -0.00496724
6.56 -0.00678388
6.58 -0.00453293
6.6 -5.50233e-05
6.62 0.0017393
6.64 -0.00046063
6.66 -0.0027557
6.68 -0.0014341
6.7 0.00251352
6.72 0.00447424
6.74 0.00115491
6.76 -0.00490109
6.78 -0.00719185
6.8 -0.00286465
6.82 0.00366143
6.84 0.00576476
6.86 0.00182662
6.88 -0.0037378
6.9 -0.00538142
6.92 -0.0021306
6.94 0.00188436
6.96 0.00253183
6.98 -0.000134884
7 -0.00261793
7.02 -0.00214763
7.04 0.000627784
7.06 0.00294952
7.08 0.00276777
7.1 0.000736333
7.12 -0.000671433
7.14 -2.45211e-05
7.16 0.00209469
7.18 0.00391299
7.2 0.00394059
7.22 0.0024471
7.24 0.00119565
7.26 0.00129034
7.28 0.00172149
7.3 0.00117462
7.32 0.000248982
7.34 0.000310026
7.36 0.00146895
7.38 0.00253214
7.4 0.00239844
7.42 0.00108285
7.44 -0.000472793
7.46 -0.00121762
7.48 -0.000929887
7.5 -0.000271883
7.52 8.35894e-05
7.54 -0.000327435
7.56 -0.00139879
7.58 -0.00192352
7.6 -0.000759632
7.62 0.00172937
7.64 0.00375359
7.66 0.00396517
7.68 0.00270151
7.7 0.00115336
7.72 0.000313325
7.74 0.000496184
7.76 0.00162885
7.78 0.00315486
7.8 0.00376582
7.82 0.00275565
7.84 0.000819998
7.86 -0.00110389
7.88 -0.00205032
7.9 -0.00133533
7.92 0.000214038
7.94 0.00109672
7.96 0.00068971
7.98 -0.000690539
8 -0.00186129
8.02 -0.00144228
8.04 0.000605389
8.06 0.00254167
8.08 0.00250622
8.1 0.000648741
8.12 -0.0011434
8.14 -0.00124412
8.16 0.000360898
8.18 0.00229984
8.2 0.00316413
8.22 0.00243307
8.24 0.000191668
8.26 -0.00251846
8.28 -0.00331763
8.3 -0.00112144
8.32 0.00225003
8.34 0.0039383
8.36 0.00242959
8.38 -0.00102305
8.4 -0.00296307
8.42 -0.00122363
8.44 0.0023493
8.46 0.00349481
8.48 0.000495574
8.5 -0.00335672
8.52 -0.00364881
8.54 -2.01558e-05
8.56 0.00397458
8.58 0.00480693
8.6 0.00229
8.62 -0.000643714
8.64 -0.00139756
8.66 0.000425074
8.68 0.00338788
8.7 0.00496572
8.72 0.00367579
8.74 0.000805342
8.76 -0.00108476
8.78 -0.000640239
8.8 0.00139066
8.82 0.00266663
8.84 0.00134558
8.86 -0.00210262
8.88 -0.00458092
8.9 -0.00308274
8.92 0.0011501
8.94 0.00397181
8.96 0.00299986
8.98 -0.000842471
9 -0.00395068
9.02 -0.00320067
9.04 0.000262978
9.06 0.00273301
9.08 0.00226705
9.1 -0.000435076
9.12 -0.00307973
9.14 -0.00322426
9.16 -0.000938053
9.18 0.000964275
9.2 0.000258043
9.22 -0.00242914
9.24 -0.00424425
9.26 -0.00302134
9.28 0.000132481
9.3 0.00235415
9.32 0.00212886
9.34 0.000288014
9.36 -0.00107864
9.38 -0.000755355
9.4 0.000564469
9.42 0.00144099
9.44 0.00124776
9.46 0.000462444
9.48 -0.000433579
9.5 -0.00138136
9.52 -0.00180708
9.54 -0.00118072
9.56 -0.000338497
9.58 2.30656e-05
9.6 0.000815255
9.62 0.00213595
9.64 0.0020656
9.66 -0.000443406
9.68 -0.00343957
9.7 -0.00406162
9.72 -0.00178094
9.74 0.00159586
9.76 0.00293312
9.78 6.31684e-05
9.8 -0.00445404
9.82 -0.00554186
9.84 -0.00190405
9.86 0.00317971
9.88 0.00539642
9.9 0.00311073
9.92 -0.00124888
9.94 -0.00365147
9.96 -0.00215754
9.98 0.00176904
10 0.0046859
10.02 0.00406025
10.04 0.000740481
10.06 -0.00193901
10.08 -0.00171185
10.1 0.000542413
10.12 0.00207017
10.14 0.000954817
10.16 -0.00203191
10.18 -0.00377897
10.2 -0.00231124
10.22 0.000703633
10.24 0.00201885
10.26 0.000317869
10.28 -0.00258876
10.3 -0.00349246
10.32 -0.00116269
10.34 0.00228704
10.36 0.00361922
10.38 0.00171875
10.4 -0.00147759
10.42 -0.0026866
10.44 -0.000528939
10.46 0.00290934
10.48 0.00428075
10.5 0.00241331
10.52 -0.000666773
10.54 -0.00197658
10.56 -0.000855864
10.58 0.000979078
10.6 0.00191855
10.62 0.00146535
10.64 0.000153912
10.66 -0.000826927
10.68 -0.000727981
10.7 -0.000113823
10.72 7.41348e-05
10.74 -0.000309471
10.76 -0.000950899
10.78 -0.00122304
10.8 -0.000459678
10.82 0.00112188
10.84 0.00230323
10.86 0.00188887
10.88 -0.000196147
10.9 -0.00233737
10.92 -0.00238814
10.94 -0.000282026
10.96 0.00187349
10.98 0.00211715
11 0.000289164
11.02 -0.00197141
11.04 -0.0025867
11.06 -0.00100268
11.08 0.0013035
11.1 0.00227919
11.12 0.00130935
11.14 -0.000270744
11.16 -0.000773523
11.18 0.000327754
11.2 0.00207615
11.22 0.00287097
11.24 0.00185961
11.26 -0.000414737
11.28 -0.00220454
11.3 -0.00198231
11.32 -0.000196984
11.34 0.00128572
11.36 0.00103738
11.38 -0.000892503
11.4 -0.00256094
11.42 -0.00184973
11.44 0.000817898
11.46 0.00277995
11.48 0.00208054
11.5 -0.000630161
11.52 -0.00267083
11.54 -0.00190237
11.56 0.00107338
11.58 0.00349493
11.6 0.00319301
11.62 0.000780734
11.64 -0.00123115
11.66 -0.00100673
11.68 0.00114663
11.7 0.00301609
11.72 0.00258814
11.74 0.00023417
11.76 -0.00188474
11.78 -0.00209879
11.8 -0.000753771
11.82 0.000370583
11.84 8.79457e-06
11.86 -0.00147319
11.88 -0.00250361
11.9 -0.00179631
11.92 0.000393926
11.94 0.00239251
11.96 0.00254028
11.98 0.000815742
12 -0.00122359
12.02 -0.00177223
12.04 -0.000373121
12.06 0.00163511
12.08 0.00240123
12.1 0.00122287
12.12 -0.000960175
12.14 -0.00210615
12.16 -0.000887253
12.18 0.00168755
12.2 0.00311914
12.22 0.00191292
12.24 -0.00104875
12.26 -0.00314444
12.28 -0.00248162
12.3 -0.000114347
12.32 0.00131836
12.34 0.000479511
12.36 -0.00170947
12.38 -0.00290392
12.4 -0.0016315
12.42 0.00111547
12.44 0.00288871
12.46 0.00216662
12.48 -0.0001838
12.5 -0.0017417
12.52 -0.000944797
12.54 0.00145468
12.56 0.00313605
12.58 0.00248064
12.6 0.000270444
12.62 -0.00126689
12.64 -0.000783572
12.66 0.00104974
12.68 0.00224374
12.7 0.00145898
12.72 -0.000752641
12.74 -0.00237856
12.76 -0.00188683
12.78 8.72934e-06
12.8 0.00138233
12.82 0.00128703
12.84 0.000263679
12.86 -0.000672734
12.88 -0.000872727
12.9 -0.000331629
12.92 0.000515868
12.94 0.00114003
12.96 0.00106837
12.98 0.000349613
13 -0.000443645
13.02 -0.000791169
13.04 -0.000545988
13.06 5.47665e-05
13.08 0.000675166
13.1 0.00100927
13.12 0.000882493
13.14 0.00049518
13.16 0.000200047
13.18 9.00195e-05
13.2 5.28468e-05
13.22 7.28643e-05
13.24 0.000245922
13.26 0.000557809
13.28 0.000715491
13.3 0.000349581
13.32 -0.000517229
13.34 -0.00127599
13.36 -0.00115346
13.38 -6.28167e-05
13.4 0.00118115
13.42 0.00150822
13.44 0.000645036
13.46 -0.000667802
13.48 -0.00140274
13.5 -0.00102322
13.52 8.89721e-05
13.54 0.00105802
13.56 0.00112012
13.58 0.000209083
13.6 -0.000980163
13.62 -0.00149337
13.64 -0.00087328
13.66 0.000345068
13.68 0.00114644
13.7 0.000849657
13.72 -0.000389481
13.74 -0.00146695
13.76 -0.00122541
13.78 0.000304923
13.8 0.00186654
13.82 0.00210193
13.84 0.000848643
13.86 -0.000826881
13.88 -0.0015806
13.9 -0.000892359
13.92 0.000509224
13.94 0.00143291
13.96 0.00118589
13.98 5.58503e-05
14 -0.000961879
14.02 -0.000917238
14.04 0.000411325
14.06 0.00210264
14.08 0.00271077
14.1 0.00168183
14.12 -0.00023933
14.14 -0.00168041
14.16 -0.00155914
14.18 -8.398e-05
14.2 0.0013473
14.22 0.00134371
14.24 -0.000309415
14.26 -0.00216492
14.28 -0.0023211
14.3 -0.000596858
14.32 0.00132261
14.34 0.00160188
14.36 -0.000102671
14.38 -0.00214053
14.4 -0.00242133
14.42 -0.000767555
14.44 0.00108208
14.46 0.00143761
14.48 0.000126015
14.5 -0.0014559
14.52 -0.00161231
14.54 -7.80377e-05
14.56 0.00175368
14.58 0.00218013
14.6 0.000785989
14.62 -0.00110849
14.64 -0.00155838
14.66 3.19028e-05
14.68 0.00214399
14.7 0.00248423
14.72 0.00028336
14.74 -0.00256289
14.76 -0.00317214
14.78 -0.000908554
14.8 0.00185162
14.82 0.00227979
14.84 2.49362e-05
14.86 -0.00246694
14.88 -0.00264991
14.9 -0.000578674
14.92 0.00170797
14.94 0.00234247
14.96 0.00095406
14.98 -0.00115469
15 -0.00199816
15.02 -0.000807029
15.04 0.00118288
15.06 0.00198871
15.08 0.000821788
15.1 -0.00124005
15.12 -0.00216022
15.14 -0.000855432
15.16 0.00164087
15.18 0.00304906
15.2 0.00203695
15.22 -0.00043973
15.24 -0.00208527
15.26 -0.00152019
15.28 0.000418799
15.3 0.00164131
15.32 0.00090668
15.34 -0.00112518
15.36 -0.00241705
15.38 -0.00153251
15.4 0.000808991
15.42 0.00248083
15.44 0.00201658
15.46 -7.28323e-05
15.48 -0.00187393
15.5 -0.00181058
15.52 -5.54584e-05
15.54 0.00176858
15.56 0.00210356
15.58 0.000853819
15.6 -0.000673161
15.62 -0.00107915
15.64 -0.000169708
15.66 0.00105216
15.68 0.00143621
15.7 0.000707707
15.72 -0.000371691
15.74 -0.000771874
15.76 -0.000130826
15.78 0.001044
15.8 0.00178197
15.82 0.00139603
15.84 0.000148826
15.86 -0.00100091
15.88 -0.00114831
15.9 -0.000245843
15.92 0.000941207
15.94 0.00153714
15.96 0.00118648
15.98 0.000409371
16 -1.14585e-05
16.02 0.000236433
16.04 0.000927762
16.06 0.00137985
16.08 0.00106933
16.1 0.000301049
16.12 -0.000312348
16.14 -0.000527376
16.16 -0.000366522
16.18 0.000105388
16.2 0.0007607
16.22 0.00121985
16.24 0.00105838
16.26 0.000304779
16.28 -0.00063232
16.3 -0.00107255
16.32 -0.000510011
16.34 0.000707451
16.36 0.00151627
16.38 0.00109182
16.4 -0.000299817
16.42 -0.00145882
16.44 -0.00138104
16.46 -0.000318386
16.48 0.000570296
16.5 0.000368743
16.52 -0.0010006
16.54 -0.00246085
16.56 -0.00252577
16.58 -0.00105603
16.6 0.000562127
16.62 0.000917309
16.64 -0.000305529
16.66 -0.00197179
16.68 -0.00213699
16.7 7.17768e-05
16.72 0.00323822
16.74 0.00488164
16.76 0.00399465
16.78 0.00201946
16.8 0.00124041
16.82 0.00249558
16.84 0.0041843
16.86 0.00352829
16.88 0.000107188
16.9 -0.00280355
16.92 -0.00229678
16.94 0.000572952
16.96 0.00249942
16.98 0.00152779
17 -0.00145381
17.02 -0.00350773
17.04 -0.00254572
17.06 0.000175338
17.08 0.00164681
17.1 0.000316744
17.12 -0.00275914
17.14 -0.00475741
17.16 -0.00360744
17.18 -0.000401823
17.2 0.00164835
17.22 0.000538061
17.24 -0.00246552
17.26 -0.003974
17.28 -0.00232842
17.3 0.000631031
17.32 0.00202189
17.34 0.000966064
17.36 -0.000925753
17.38 -0.00122781
17.4 0.00105166
17.42 0.00427702
17.44 0.00571764
17.46 0.00430125
17.48 0.0015403
17.5 -8.38492e-05
17.52 0.000746208
17.54 0.00299431
17.56 0.00386204
17.58 0.0017139
17.6 -0.00189154
17.62 -0.00372193
17.64 -0.0023676
17.66 0.000287805
17.68 0.00137506
17.7 -0.000198062
17.72 -0.00295976
17.74 -0.00421976
17.76 -0.00277189
17.78 -0.000250161
17.8 0.000834574
17.82 -0.000391463
17.84 -0.00233091
17.86 -0.00245352
17.88 -0.000359397
17.9 0.00195335
17.92 0.00248179
17.94 0.00108519
17.96 -0.000543631
17.98 -0.000565326
18 0.00132348
18.02 0.00340613
18.04 0.00355126
18.06 0.00158205
18.08 -0.000811958
18.1 -0.00189985
18.12 -0.00123859
18.14 0.000172145
18.16 0.000944027
18.18 0.00041828
18.2 -0.00107348
18.22 -0.00242438
18.24 -0.00268595
18.26 -0.0021189
18.28 -0.00179198
18.3 -0.00218938
18.32 -0.00248345
18.34 -0.00134717
18.36 0.001303
18.38 0.00362837
18.4 0.00387068
18.42 0.00244394
18.44 0.0013734
18.46 0.00216763
18.48 0.00391212
18.5 0.00390598
18.52 0.00128978
18.54 -0.00157403
18.56 -0.0019972
18.58 5.27922e-05
18.6 0.00212403
18.62 0.00183436
18.64 -0.000857125
18.66 -0.00338264
18.68 -0.00320514
18.7 -0.000860417
18.72 0.000910472
18.74 0.000242398
18.76 -0.00235358
18.78 -0.0044395
18.8 -0.00367736
18.82 -0.000139045
18.84 0.00352083
18.86 0.00442894
18.88 0.00249576
18.9 0.000498224
18.92 0.000918182
18.94 0.0035014
18.96 0.00570495
18.98 0.00521521
19 0.00219506
19.02 -0.00098245
19.04 -0.00176656
19.06 3.56586e-05
19.08 0.00197559
19.1 0.00181291
19.12 -0.000421646
19.14 -0.00276514
19.16 -0.00311679
19.18 -0.00132092
19.2 0.000609146
19.22 0.000451949
19.24 -0.00203534
19.26 -0.00435341
19.28 -0.00367728
19.3 -0.000537874
19.32 0.00194701
19.34 0.00168243
19.36 -0.000914346
19.38 -0.00323429
19.4 -0.0027659
19.42 2.55235e-05
19.44 0.0024944
19.46 0.00281292
19.48 0.00136033
19.5 -7.4881e-05
19.52 -0.000115249
19.54 0.00117662
19.56 0.00252955
19.58 0.00260385
19.6 0.00114543
19.62 -0.00083829
19.64 -0.0014583
19.66 0.000187555
19.68 0.00231997
19.7 0.00229946
19.72 -0.000292614
19.74 -0.00303065
19.76 -0.00305937
19.78 -0.000384737
19.8 0.00205418
19.82 0.00165767
19.84 -0.00124538
19.86 -0.00351009
19.88 -0.00229551
19.9 0.00167184
19.92 0.00465106
19.94 0.00386901
19.96 0.000383879
19.98 -0.002342
20 -0.00184751
20.02 0.00129219
20.04 0.00401224
20.06 0.00370586
20.08 0.000670548
20.1 -0.00269808
20.12 -0.00396493
20.14 -0.00239147
20.16 0.000545262
20.18 0.00261254
20.2 0.00224056
20.22 -0.000526006
20.24 -0.00327166
20.26 -0.00310459
20.28 -0.000264079
20.3 0.00212102
20.32 0.00188623
20.34 -0.00023951
20.36 -0.00205116
20.38 -0.00182049
20.4 0.000489174
20.42 0.00301638
20.44 0.00364894
20.46 0.00216078
20.48 0.00030551
20.5 -0.000413202
20.52 -2.80441e-05
20.54 0.000549684
20.56 0.000339649
20.58 -0.000319594
20.6 -0.000123884
20.62 0.000590424
20.64 0.000244213
20.66 -0.0014741
20.68 -0.00331766
20.7 -0.00336103
20.72 -0.000741866
20.74 0.00243468
20.76 0.00280843
20.78 2.51864e-06
20.8 -0.00288807
20.82 -0.00306442
20.84 -0.000817298
20.86 0.00159379
20.88 0.00249667
20.9 0.00179787
20.92 0.00066916
20.94 0.000541644
20.96 0.0017319
20.98 0.00315977
21 0.00328539
21.02 0.00137228
21.04 -0.00135786
21.06 -0.00231181
21.08 -0.000479141
21.1 0.00226511
21.12 0.00300972
21.14 0.000687566
21.16 -0.00248606
21.18 -0.00314038
21.2 -0.000814369
21.22 0.00166957
21.24 0.0015683
21.26 -0.00126292
21.28 -0.00404329
21.3 -0.00377162
21.32 -0.000693723
21.34 0.00249302
21.36 0.00351987
21.38 0.00201687
21.4 -6.21248e-05
21.42 -0.000482865
21.44 0.000594375
21.46 0.00168189
21.48 0.00207706
21.5 0.00142771
21.52 -0.000351692
21.54 -0.00217503
21.56 -0.0027494
21.58 -0.00204318
21.6 -0.000947683
21.62 -0.000236524
21.64 -0.000234109
21.66 -0.000874886
21.68 -0.0014778
21.7 -0.00110909
21.72 0.000469918
21.74 0.0022076
21.76 0.00229942
21.78 0.000178289
21.8 -0.00226639
21.82 -0.00248605
21.84 -0.000377988
21.86 0.0017382
21.88 0.00184568
21.9 3.40534e-05
21.92 -0.00174264
21.94 -0.00153865
21.96 0.000621032
21.98 0.00273893
22 0.00288402
22.02 0.00114286
22.04 -0.000666214
22.06 -0.000946494
22.08 0.000131019
22.1 0.00108831
22.12 0.000827826
22.14 -0.000569907
22.16 -0.00185308
22.18 -0.0016591
22.2 -0.000187937
22.22 0.0011436
22.24 0.00127438
22.26 0.000230028
22.28 -0.00103239
22.3 -0.0013292
22.32 -0.000330318
22.34 0.0012242
22.36 0.00215786
22.38 0.00176758
22.4 0.000606121
22.42 -9.55692e-05
22.44 0.000266483
22.46 0.00126612
22.48 0.00194079
22.5 0.00156601
22.52 0.000284705
22.54 -0.00101671
22.56 -0.00137571
22.58 -0.000607905
22.6 0.000540673
22.62 0.00111102
22.64 0.0006401
22.66 -0.0005564
22.68 -0.00148077
22.7 -0.00129177
22.72 -0.000275022
22.74 0.000570338
22.76 0.000543864
22.78 -0.000353688
22.8 -0.00138179
22.82 -0.00153683
22.84 -0.000575439
22.86 0.000760587
22.88 0.0014441
22.9 0.00096691
22.92 -0.000247172
22.94 -0.00119832
22.96 -0.000987598
22.98 0.000382422
23 0.00174976
23.02 0.00180678
23.04 0.000441718
23.06 -0.00120745
23.08 -0.00176257
23.1 -0.000854285
23.12 0.00061231
23.14 0.00140215
23.16 0.000876818
23.18 -0.000579023
23.2 -0.00161064
23.22 -0.00107855
23.24 0.00068069
23.26 0.00213324
23.28 0.00202434
23.3 0.000597372
23.32 -0.000844862
23.34 -0.00113191
23.36 -0.000195714
23.38 0.000985168
23.4 0.00124289
23.42 0.000114041
23.44 -0.00155048
23.46 -0.00211827
23.48 -0.000925941
23.5 0.000949517
23.52 0.00176263
23.54 0.000803757
23.56 -0.000975858
23.58 -0.00178046
23.6 -0.000727141
23.62 0.00126439
23.64 0.00237127
23.66 0.00155774
23.68 -0.000415398
23.7 -0.00160254
23.72 -0.000834112
23.74 0.00111704
23.76 0.00232789
23.78 0.00157604
23.8 -0.000499592
23.82 -0.00191699
23.84 -0.00130933
23.86 0.000623443
23.88 0.00188181
23.9 0.00122835
23.92 -0.000699427
23.94 -0.0019958
23.96 -0.00142674
23.98 0.000296208
24 0.00149246
24.02 0.00125954
24.04 0.000183793
24.06 -0.000569868
24.08 -0.000434179
24.1 0.000312341
24.12 0.00092046
24.14 0.000808372
24.16 0.000142838
24.18 -0.000456894
24.2 -0.000649169
24.22 -0.000485041
24.24 -0.000183511
24.26 7.98839e-05
24.28 0.000310085
24.3 0.000545227
24.32 0.000643885
24.34 0.000368208
24.36 -0.000322949
24.38 -0.0010824
24.4 -0.00125873
24.42 -0.000594961
24.44 0.000353236
24.46 0.000933293
24.48 0.000860849
24.5 0.000232511
24.52 -0.000521316
24.54 -0.000884768
24.56 -0.000591653
24.58 0.000120073
24.6 0.000779608
24.62 0.000983741
24.64 0.000632409
24.66 0.000103571
24.68 -0.000155213
24.7 -6.79683e-05
24.72 0.000121573
24.74 0.000168848
24.76 3.85384e-05
24.78 -9.62993e-05
24.8 1.849e-06
24.82 0.000388211
24.84 0.000851481
24.86 0.00105704
24.88 0.000824239
24.9 0.000347107
24.92 1.93581e-05
24.94 7.61691e-05
24.96 0.000457975
24.98 0.000868645
25 0.000949273
25.02 0.000608204
25.04 0.000135119
25.06 -0.000111406
25.08 -2.60676e-07
25.1 0.00032919
25.12 0.000612884
25.14 0.000665249
25.16 0.000478096
25.18 0.000187014
25.2 -5.14012e-05
25.22 -0.000170352
25.24 -0.00019199
25.26 -0.000190444
25.28 -0.000269067
25.3 -0.000493183
25.32 -0.000781819
25.34 -0.000856709
25.36 -0.000517213
25.38 4.26108e-05
25.4 0.000435219
25.42 0.000425194
25.44 5.57768e-05
25.46 -0.000419169
25.48 -0.000692879
25.5 -0.000589013
25.52 -0.00021384
25.54 0.000177984
25.56 0.000407913
25.58 0.000422514
25.6 0.000294319
25.62 0.000188764
25.64 0.000237265
25.66 0.000424579
25.68 0.000579917
25.7 0.000512706
25.72 0.000223685
25.74 -0.000110161
25.76 -0.000339583
25.78 -0.000400019
25.8 -0.00029612
25.82 -0.000124937
25.84 1.9458e-06
25.86 6.55046e-05
25.88 9.15478e-05
25.9 5.30356e-05
25.92 -9.17547e-05
25.94 -0.000298651
25.96 -0.000432331
25.98 -0.000402163
26 -0.000281489
26.02 -0.000233138
26.04 -0.000350257
26.06 -0.000549394
26.08 -0.000600349
26.1 -0.000397716
26.12 -0.000127077
26.14 -4.17081e-05
26.16 -0.00020475
26.18 -0.000460699
26.2 -0.000552494
26.22 -0.000350061
26.24 1.65558e-05
26.26 0.000314904
26.28 0.00039664
26.3 0.000238696
26.32 -5.23161e-05
26.34 -0.000288553
26.36 -0.000336743
26.38 -0.000216269
26.4 -5.72335e-05
26.42 7.97449e-06
26.44 -8.03702e-05
26.46 -0.000264416
26.48 -0.000356859
26.5 -0.000191927
26.52 0.000162146
26.54 0.00044257
26.56 0.00043457
26.58 0.000189735
26.6 -1.603e-06
26.62 0.000100029
26.64 0.000453461
26.66 0.000756111
26.68 0.000707958
26.7 0.000329582
26.72 -0.000100828
26.74 -0.000339031
26.76 -0.00029525
26.78 -7.0371e-05
26.8 0.000130986
26.82 0.000162167
26.84 -1.85774e-05
26.86 -0.000328137
26.88 -0.000577511
26.9 -0.0005961
26.92 -0.000366391
26.94 -1.38378e-05
26.96 0.000312084
26.98 0.000466878
27 0.000334362
27.02 -1.88208e-05
27.04 -0.000323929
27.06 -0.000340896
27.08 -8.12646e-05
27.1 0.000222929
27.12 0.000344935
27.14 0.000236236
27.16 1.45121e-05
27.18 -0.000171339
27.2 -0.00024371
27.22 -0.000205771
27.24 -0.000106625
27.26 -9.69417e-06
27.28 4.00904e-05
27.3 3.34504e-05
27.32 -6.44495e-06
27.34 -1.77331e-05
27.36 6.66489e-05
27.38 0.00025374
27.4 0.000451438
27.42 0.000511867
27.44 0.000397138
27.46 0.000230903
27.48 0.000134807
27.5 0.000122316
27.52 0.000114609
27.54 -8.90781e-07
27.56 -0.000260757
27.58 -0.000563755
27.6 -0.000711657
27.62 -0.000596843
27.64 -0.000367011
27.66 -0.000252469
27.68 -0.00032223
27.7 -0.000467503
27.72 -0.000488135
27.74 -0.000240508
27.76 0.00025286
27.78 0.000803088
27.8 0.00107521
27.82 0.000863056
27.84 0.000389833
27.86 5.09552e-05
27.88 1.11386e-05
27.9 0.000179923
27.92 0.000357078
27.94 0.000360071
27.96 0.000162053
27.98 -9.85329e-05
28 -0.000263536
28.02 -0.000241801
28.04 -4.9498e-05
28.06 0.000168895
28.08 0.000236963
28.1 7.22149e-05
28.12 -0.000227071
28.14 -0.00041786
28.16 -0.000346887
28.18 -8.65129e-05
28.2 0.000214595
28.22 0.000445386
28.24 0.000532019
28.26 0.000501409
28.28 0.000479748
28.3 0.000564605
28.32 0.000734628
28.34 0.000847048
28.36 0.000630613
28.38 -9.39321e-05
28.4 -0.001011
28.42 -0.00131922
28.44 -0.000614841
28.46 0.000510774
28.48 0.00108089
28.5 0.00065899
28.52 -0.000298003
28.54 -0.000922029
28.56 -0.000649358
28.58 0.000269184
28.6 0.00105624
28.62 0.00104462
28.64 0.00023993
28.66 -0.000643727
28.68 -0.000813371
28.7 -0.000145994
28.72 0.000805653
28.74 0.00124597
28.76 0.000682791
28.78 -0.000554387
28.8 -0.0013941
28.82 -0.000968609
28.84 0.000378034
28.86 0.00139761
28.88 0.00121573
28.9 9.91853e-05
28.92 -0.000902658
28.94 -0.000867935
28.96 0.000217039
28.98 0.00138056
29 0.001486
29.02 0.00037154
29.04 -0.000952569
29.06 -0.00121527
29.08 -0.000167627
29.1 0.00118193
29.12 0.00156018
29.14 0.00059576
29.16 -0.000920662
29.18 -0.00165708
29.2 -0.000942056
29.22 0.000548339
29.24 0.00150151
29.26 0.00107947
29.28 -0.000392308
29.3 -0.00153727
29.32 -0.00123536
29.34 0.000164714
29.36 0.00133253
29.38 0.00129427
29.4 0.000220911
29.42 -0.000891921
29.44 -0.00109225
29.46 -0.000297829
29.48 0.000769734
29.5 0.00127139
29.52 0.000823437
29.54 -0.000234758
29.56 -0.00119368
29.58 -0.0013263
29.6 -0.000501099
29.62 0.000601956
29.64 0.00112319
29.66 0.000656686
29.68 -0.000466063
29.7 -0.00137676
29.72 -0.00124928
29.74 -0.00016662
29.76 0.000924801
29.78 0.00116427
29.8 0.000463962
29.82 -0.000559487
29.84 -0.00105839
29.86 -0.000587903
29.88 0.000506097
29.9 0.001389
29.92 0.00134859
29.94 0.000471562
29.96 -0.000453909
29.98 -0.000758148
30 -0.000396389
30.02 0.000160127
30.04 0.000413759
30.06 0.000178019
30.08 -0.000411777
30.1 -0.000952018
30.12 -0.000936631
30.14 -0.00030979
30.16 0.000471034
30.18 0.000928504
30.2 0.000822787
30.22 0.0003009
30.24 -0.000226123
30.26 -0.00040195
30.28 -0.00010322
30.3 0.000514072
30.32 0.00106139
30.34 0.001092
30.36 0.000543175
30.38 -0.000146851
30.4 -0.000524859
30.42 -0.000442464
30.44 -9.26218e-05
30.46 0.000136806
30.48 -1.16398e-05
30.5 -0.000461395
30.52 -0.000810829
30.54 -0.00067128
30.56 -0.000141454
30.58 0.000375698
30.6 0.000601349
30.62 0.000479615
30.64 0.000193337
30.66 2.68904e-05
30.68 0.000129682
30.7 0.000443173
30.72 0.000743678
30.74 0.000741889
30.76 0.000354433
30.78 -0.000167374
30.8 -0.000489134
30.82 -0.000443358
30.84 -0.000100781
30.86 0.000302826
30.88 0.000524036
30.9 0.000474957
30.92 0.000291037
30.94 0.00017565
30.96 0.000203795
30.98 0.000310054
31 0.000361386
31.02 0.000246531
31.04 -1.61256e-05
31.06 -0.000283938
31.08 -0.000420233
31.1 -0.000383478
31.12 -0.000207414
31.14 4.88065e-05
31.16 0.000305124
31.18 0.000450931
31.2 0.000403279
31.22 0.00019322
31.24 -3.58981e-05
31.26 -0.000115918
31.28 1.813e-05
31.3 0.000264766
31.32 0.000441381
31.34 0.000429289
31.36 0.000258011
31.38 5.24107e-05
31.4 -5.70307e-05
31.42 2.12543e-05
31.44 0.000255849
31.46 0.000471178
31.48 0.000491005
31.5 0.000271808
31.52 -9.48716e-05
31.54 -0.000432659
31.56 -0.000542042
31.58 -0.00036093
31.6 -4.32803e-05
31.62 0.000196287
31.64 0.000216513
31.66 -1.01209e-05
31.68 -0.000367418
31.7 -0.000628636
31.72 -0.000600173
31.74 -0.000312777
31.76 1.76278e-05
31.78 0.000195967
31.8 0.000148065
31.82 -7.41897e-05
31.84 -0.000324639
31.86 -0.000407936
31.88 -0.000206215
31.9 0.000191769
31.92 0.000541767
31.94 0.000609129
31.96 0.000366046
31.98 2.79269e-05
32 -0.00015845
32.02 -0.0001027
32.04 9.9635e-05
32.06 0.00025562
32.08 0.000215274
32.1 -2.35121e-05
32.12 -0.000326083
32.14 -0.000519176
32.16 -0.000487758
32.18 -0.000261698
32.2 2.32307e-06
32.22 0.000139127
32.24 6.77785e-05
32.26 -0.0001663
32.28 -0.000407633
32.3 -0.000480473
32.32 -0.000338368
32.34 -0.00011491
32.36 1.52324e-05
32.38 -3.08157e-05
32.4 -0.000225302
32.42 -0.00044067
32.44 -0.000509799
32.46 -0.00036631
32.48 -9.96891e-05
32.5 0.000124746
32.52 0.000159194
32.54 -2.11748e-05
32.56 -0.000267149
32.58 -0.000369574
32.6 -0.000240759
32.62 3.74372e-05
32.64 0.000317588
32.66 0.000475197
32.68 0.000449795
32.7 0.000281947
32.72 8.28902e-05
32.74 -5.28085e-05
32.76 -0.000112053
32.78 -0.000145874
32.8 -0.000184692
32.82 -0.000210555
32.84 -0.00018237
32.86 -6.46749e-05
32.88 0.000142369
32.9 0.000400392
32.92 0.000615089
32.94 0.000653847
32.96 0.000473192
32.98 0.000187724
33 -4.35975e-05
33.02 -0.000137363
33.04 -9.59632e-05
33.06 2.21442e-05
33.08 0.000130539
33.1 0.000147335
33.12 3.69321e-05
33.14 -0.000150478
33.16 -0.000287431
33.18 -0.000268631
33.2 -9.63416e-05
33.22 0.000144529
33.24 0.000331315
33.26 0.000352712
33.28 0.000183495
33.3 -0.000104398
33.32 -0.000366289
33.34 -0.000408708
33.36 -0.000136731
33.38 0.000318538
33.4 0.000657538
33.42 0.000611753
33.44 0.000207385
33.46 -0.000248717
33.48 -0.000453494
33.5 -0.000315337
33.52 1.91847e-05
33.54 0.000293599
33.56 0.000323162
33.58 0.000127465
33.6 -0.000107173
33.62 -0.000203982
33.64 -0.000117881
33.66 5.26701e-05
33.68 0.000138748
33.7 3.46173e-05
33.72 -0.000205177
33.74 -0.000415817
33.76 -0.000447325
33.78 -0.000250772
33.8 0.000106418
33.82 0.000473751
33.84 0.000656734
33.86 0.000551693
33.88 0.000268789
33.9 3.52673e-05
33.92 1.78095e-05
33.94 0.00022628
33.96 0.000513159
33.98 0.000671698
34 0.000588772
34.02 0.000325509
34.04 4.86547e-05
34.06 -9.05651e-05
34.08 -5.12124e-05
34.1 7.40611e-05
34.12 0.000160302
34.14 0.000136874
34.16 -1.36479e-06
34.18 -0.00018279
34.2 -0.000285086
34.22 -0.000224096
34.24 -3.66441e-05
34.26 0.000141914
34.28 0.000191106
34.3 0.000100313
34.32 -4.25294e-05
34.34 -0.000139028
34.36 -0.000128956
34.38 1.96771e-05
34.4 0.000286331
34.42 0.000554488
34.44 0.000663527
34.46 0.0005451
34.48 0.000290407
34.5 5.02318e-05
34.52 -8.87366e-05
34.54 -0.00012342
34.56 -0.000102157
34.58 -7.49181e-05
34.6 -4.73105e-05
34.62 1.37757e-05
34.64 0.000118713
34.66 0.00021354
34.68 0.000218589
34.7 0.000100643
34.72 -9.7335e-05
34.74 -0.000284509
34.76 -0.000372204
34.78 -0.000314543
34.8 -0.000134193
34.82 8.01397e-05
34.84 0.000233049
34.86 0.000286429
34.88 0.000248168
34.9 0.00015344
34.92 8.2022e-05
34.94 0.000118732
34.96 0.000276828
34.98 0.000475794
35 0.000566448
35.02 0.000439241
35.04 0.000150063
35.06 -0.000134087
35.08 -0.000284005
35.1 -0.000268403
35.12 -0.000148312
35.14 -5.2547e-05
35.16 -0.000104861
35.18 -0.000312349
35.2 -0.000524822
35.22 -0.000531773
35.24 -0.000268976
35.26 0.000111733
35.28 0.000382262
35.3 0.000386767
35.32 0.000154253
35.34 -0.000133887
35.36 -0.000302154
35.38 -0.00025855
35.4 -1.67451e-05
35.42 0.000305706
35.44 0.000542783
35.46 0.000553354
35.48 0.000324579
35.5 3.43094e-06
35.52 -0.000237539
35.54 -0.000311404
35.56 -0.000223307
35.58 -7.63603e-05
35.6 -3.22814e-05
35.62 -0.000181399
35.64 -0.000442
35.66 -0.000595517
35.68 -0.000482761
35.7 -0.000182203
35.72 0.000101135
35.74 0.000219446
35.76 0.000107577
35.78 -0.000156846
35.8 -0.000316672
35.82 -0.000172995
35.84 0.000169058
35.86 0.000433493
35.88 0.000429543
35.9 0.000139166
35.92 -0.000290363
35.94 -0.000549778
35.96 -0.000338081
35.98 0.000287074
36 0.000855049
36.02 0.000868852
36.04 0.000327068
36.06 -0.000323675
36.08 -0.000625385
36.1 -0.000356437
36.12 0.000332318
36.14 0.000945883
36.16 0.000925904
36.18 0.000273747
36.2 -0.000401519
36.22 -0.000560454
36.24 -0.00015519
36.26 0.000449664
36.28 0.000729253
36.3 0.00037493
36.32 -0.000430296
36.34 -0.00112648
36.36 -0.00110502
36.38 -0.000354271
36.4 0.00048816
36.42 0.000865211
36.44 0.000660418
36.46 9.9909e-05
36.48 -0.000455259
36.5 -0.000570829
36.52 -3.10627e-06
36.54 0.000965985
36.56 0.00157366
36.58 0.00123239
36.6 0.000283225
36.62 -0.000466334
36.64 -0.000600656
36.66 -0.000216757
36.68 0.000331632
36.7 0.000583331
36.72 0.000195231
36.74 -0.000649853
36.76 -0.00111155
36.78 -0.000589118
36.8 0.000356827
36.82 0.000765324
36.84 0.00039324
36.86 -0.000339611
36.88 -0.000888751
36.9 -0.000903309
36.92 -0.000484485
36.94 -8.33733e-05
36.96 2.51276e-05
36.98 2.70411e-05
37 0.000217554
37.02 0.000533204
37.04 0.000704267
37.06 0.000695224
37.08 0.00066298
37.1 0.000626186
37.12 0.000495505
37.14 0.000256628
37.16 -4.40821e-05
37.18 -0.000340806
37.2 -0.000533186
37.22 -0.000591373
37.24 -0.000670762
37.26 -0.000823604
37.28 -0.00075146
37.3 -0.000288163
37.32 0.00027196
37.34 0.000500915
37.36 0.000196455
37.38 -0.000473985
37.4 -0.00100329
37.42 -0.000867737
37.44 -0.000143226
37.46 0.000628361
37.48 0.00100117
37.5 0.000816845
37.52 0.000300206
37.54 -0.000136211
37.56 -0.000169486
37.58 0.00031783
37.6 0.00106204
37.62 0.00138425
37.64 0.000822366
37.66 -0.000343346
37.68 -0.00129144
37.7 -0.00114067
37.72 9.97525e-05
37.74 0.00130406
37.76 0.00136706
37.78 0.000279984
37.8 -0.000972427
37.82 -0.00133329
37.84 -0.000678152
37.86 9.80042e-05
37.88 0.000245039
37.9 -0.00021906
37.92 -0.000816525
37.94 -0.000904418
37.96 -0.000319736
37.98 0.000428966
38 0.000805064
38.02 0.000635756
38.04 0.00013148
38.06 -0.000320578
38.08 -0.000435675
38.1 -0.000178588
38.12 0.000261363
38.14 0.000586013
38.16 0.000562786
38.18 0.000247955
38.2 -5.54996e-05
38.22 -5.70754e-05
38.24 0.000297774
38.26 0.000722362
38.28 0.000757371
38.3 0.000227694
38.32 -0.000585334
38.34 -0.00107009
38.36 -0.000768092
38.38 -7.80692e-06
38.4 0.000554619
38.42 0.000633924
38.44 0.000339294
38.46 1.43162e-05
38.48 -6.0173e-05
38.5 0.000109734
38.52 0.000305065
38.54 0.000297212
38.56 2.81956e-05
38.58 -0.000369177
38.6 -0.000674964
38.62 -0.000693206
38.64 -0.000430298
38.66 -9.979e-05
38.68 0.000108759
38.7 0.000132715
38.72 9.40934e-06
38.74 -0.000129208
38.76 -0.000118182
38.78 0.000105976
38.8 0.000436575
38.82 0.000643977
38.84 0.000531001
38.86 0.000105955
38.88 -0.000427086
38.9 -0.000756305
38.92 -0.000652028
38.94 -0.000254605
38.96 9.35204e-05
38.98 0.000222743
39 0.000180309
39.02 0.000120476
39.04 0.000195242
39.06 0.000457073
39.08 0.000808058
39.1 0.0010226
39.12 0.000913841
39.14 0.000515307
39.16 1.95077e-05
39.18 -0.000392712
39.2 -0.000565914
39.22 -0.000425196
39.24 -9.81427e-05
39.26 0.00018092
39.28 0.000256206
39.3 0.000117587
39.32 -0.000124761
39.34 -0.000312161
39.36 -0.000336495
39.38 -0.0002229
39.4 -8.86585e-05
39.42 -1.55875e-05
39.44 -1.49599e-05
39.46 -7.23538e-05
39.48 -0.000150676
39.5 -0.000176513
39.52 -7.71944e-05
39.54 0.000145206
39.56 0.000380516
39.58 0.000468322
39.6 0.000343529
39.62 0.000137776
39.64 7.33563e-05
39.66 0.000260548
39.68 0.000600199
39.7 0.00083509
39.72 0.000752007
39.74 0.000380149
39.76 -6.56358e-05
39.78 -0.000368383
39.8 -0.000405765
39.82 -0.000213337
39.84 4.41292e-05
39.86 0.000192019
39.88 0.0001355
39.9 -9.26658e-05
39.92 -0.000339636
39.94 -0.00040741
39.96 -0.000204873
39.98 0.000147226
40 0.000406934
40.02 0.000395422
40.04 0.000128425
40.06 -0.000206054
40.08 -0.000397702
40.1 -0.000330942
40.12 -2.9017e-05
40.14 0.000352325
40.16 0.000582996
40.18 0.000511555
40.2 0.000199898
40.22 -0.000157808
40.24 -0.0003761
40.26 -0.000357528
40.28 -0.000163551
40.3 3.52878e-05
40.32 0.000100167
40.34 8.66971e-07
40.36 -0.000182371
40.38 -0.000312892
40.4 -0.000276193
40.42 -3.79859e-05
40.44 0.000326922
40.46 0.000648444
40.48 0.000738719
40.5 0.000545656
40.52 0.000222455
40.54 -3.55304e-05
40.56 -0.000150335
40.58 -0.000116844
40.6 4.82469e-05
40.62 0.000253493
40.64 0.000333498
40.66 0.000148457
40.68 -0.000293189
40.7 -0.000757146
40.72 -0.000864417
40.74 -0.00050975
40.76 -4.87629e-05
40.78 0.000121414
40.8 -9.25027e-05
40.82 -0.000467036
40.84 -0.000606851
40.86 -0.00029875
40.88 0.000292937
40.9 0.000776431
40.92 0.000789874
40.94 0.000346877
40.96 -0.000168845
40.98 -0.000384598
41 -0.000164875
41.02 0.000341614
41.04 0.000764976
41.06 0.000760541
41.08 0.000326577
41.1 -0.000215519
41.12 -0.000510999
41.14 -0.000395507
41.16 -6.59242e-06
41.18 0.000332764
41.2 0.000350136
41.22 -4.18101e-06
41.24 -0.000524679
41.26 -0.000824044
41.28 -0.000638735
41.3 -0.000164192
41.32 0.000214009
41.34 0.000302789
41.36 0.000116342
41.38 -0.000176758
41.4 -0.000344568
41.42 -0.000239129
41.44 0.000117766
41.46 0.000557491
41.48 0.000822782
41.5 0.000722911
41.52 0.000345488
41.54 -1.5152e-05
41.56 -0.000116865
41.58 8.39184e-05
41.6 0.000413913
41.62 0.000587603
41.64 0.000428658
41.66 2.36448e-05
41.68 -0.000370541
41.7 -0.000510386
41.72 -0.000340284
41.74 -5.41138e-05
41.76 8.53608e-05
41.78 -3.95043e-05
41.8 -0.000350098
41.82 -0.000609697
41.84 -0.000557221
41.86 -0.000168457
41.88 0.000332912
41.9 0.000675941
41.92 0.000681667
41.94 0.000402514
41.96 9.47309e-05
41.98 -8.36046e-06
42 0.000143398
42.02 0.000407967
42.04 0.000543153
42.06 0.000384316
42.08 -1.01965e-05
42.1 -0.000405169
42.12 -0.000533345
42.14 -0.000292879
42.16 0.000155719
42.18 0.000521787
42.2 0.000558969
42.22 0.000238255
42.24 -0.000225216
42.26 -0.000539879
42.28 -0.000516759
42.3 -0.000225035
42.32 6.99169e-05
42.34 0.000152387
42.36 1.09066e-06
42.38 -0.000239788
42.4 -0.000372492
42.42 -0.000261266
42.44 6.0959e-05
42.46 0.000407437
42.48 0.00056412
42.5 0.000429267
42.52 0.000109498
42.54 -0.000160373
42.56 -0.000194689
42.58 2.71582e-05
42.6 0.0003557
42.62 0.000569637
42.64 0.000518766
42.66 0.000236921
42.68 -8.93675e-05
42.7 -0.000257864
42.72 -0.000166668
42.74 0.000120342
42.76 0.00039652
42.78 0.000442191
42.8 0.000210649
42.82 -0.000134891
42.84 -0.000383669
42.86 -0.000412578
42.88 -0.000246362
42.9 -3.49606e-05
42.92 7.35898e-05
42.94 2.36595e-05
42.96 -0.000151614
42.98 -0.000352661
43 -0.000438084
43.02 -0.000310445
43.04 -1.00223e-05
43.06 0.000311046
43.08 0.000475297
43.1 0.000388956
43.12 0.000137897
43.14 -8.06127e-05
43.16 -0.000108432
43.18 8.03484e-05
43.2 0.000358428
43.22 0.000515723
43.24 0.000413866
43.26 9.68849e-05
43.28 -0.000259457
43.3 -0.000465803
43.32 -0.000427654
43.34 -0.000221291
43.36 -3.3122e-05
43.38 -1.006e-05
43.4 -0.000165977
43.42 -0.000368726
43.44 -0.000418266
43.46 -0.00021818
43.48 0.000144367
43.5 0.000485616
43.52 0.000623857
43.54 0.000487428
43.56 0.00018728
43.58 -7.98303e-05
43.6 -0.000180402
43.62 -0.000100182
43.64 7.34629e-05
43.66 0.000212561
43.68 0.000220993
43.7 8.05617e-05
43.72 -0.000137171
43.74 -0.000298084
43.76 -0.000294209
43.78 -0.000131888
43.8 9.08642e-05
43.82 0.000256973
43.84 0.000281046
43.86 0.000148377
43.88 -7.65609e-05
43.9 -0.00027396
43.92 -0.000323919
43.94 -0.000198609
43.96 -1.60355e-06
43.98 0.000122544
44 0.000100163
44.02 -3.59919e-05
44.04 -0.000174969
44.06 -0.000201351
44.08 -8.39233e-05
44.1 9.99508e-05
44.12 0.000231658
44.14 0.000232057
44.16 0.000104933
44.18 -7.63958e-05
44.2 -0.000218834
44.22 -0.000257062
44.24 -0.00018751
44.26 -7.12989e-05
44.28 1.47842e-06
44.3 -2.77073e-05
44.32 -0.000137633
44.34 -0.000231897
44.36 -0.000216753
44.38 -8.24113e-05
44.4 0.000108738
44.42 0.000275609
44.44 0.000351559
44.46 0.000324421
44.48 0.000237911
44.5 0.000137526
44.52 4.61754e-05
44.54 -2.34008e-05
44.56 -6.73095e-05
44.58 -9.34555e-05
44.6 -0.000116041
44.62 -0.000142183
44.64 -0.000160326
44.66 -0.000148163
44.68 -9.90087e-05
44.7 -3.47427e-05
44.72 2.01257e-05
44.74 5.52724e-05
44.76 7.10362e-05
44.78 7.70324e-05
44.8 7.58957e-05
44.82 5.95662e-05
44.84 3.44976e-05
44.86 2.92559e-05
44.88 6.72898e-05
44.9 0.000134947
44.92 0.000183151
44.94 0.000169699
44.96 9.44698e-05
44.98 -4.77788e-06
45 -8.22471e-05
45.02 -0.000108021
45.04 -7.38227e-05
45.06 7.7222e-06
45.08 0.000101642
45.1 0.000153921
45.12 0.000130024
45.14 4.82289e-05
45.16 -3.95713e-05
45.18 -8.52631e-05
45.2 -7.14927e-05
45.22 -8.16416e-06
45.24 8.88459e-05
45.26 0.000201597
45.28 0.00030057
45.3 0.000339989
45.32 0.000294385
45.34 0.000196493
45.36 9.39644e-05
45.38 9.06234e-06
45.4 -5.27235e-05
45.42 -8.17602e-05
45.44 -5.07142e-05
45.46 3.23905e-05
45.48 0.000100821
45.5 9.59475e-05
45.52 1.62838e-05
45.54 -8.9812e-05
45.56 -0.000162057
45.58 -0.000160122
45.6 -8.35967e-05
45.62 2.79643e-05
45.64 0.000114463
45.66 0.000115556
45.68 1.3347e-05
45.7 -0.000132462
45.72 -0.000216989
45.74 -0.000174035
45.76 -3.96573e-05
45.78 8.17761e-05
45.8 0.000118574
45.82 7.93563e-05
45.84 2.13523e-05
45.86 3.45891e-06
45.88 5.71146e-05
45.9 0.000169937
45.92 0.000291871
45.94 0.000365697
45.96 0.000351595
45.98 0.000236178
46 4.38747e-05
46.02 -0.000141116
46.04 -0.000210266
46.06 -0.000122104
46.08 5.65563e-05
46.1 0.000182503
46.12 0.000142464
46.14 -5.42634e-05
46.16 -0.000293227
46.18 -0.000410465
46.2 -0.000287091
46.22 2.66365e-05
46.24 0.000326848
46.26 0.000420954
46.28 0.000276271
46.3 1.24009e-05
46.32 -0.00020001
46.34 -0.000224069
46.36 -4.56968e-05
46.38 0.000216288
46.4 0.000395879
46.42 0.000372191
46.44 0.000159007
46.46 -9.62619e-05
46.48 -0.00023327
46.5 -0.000184874
46.52 -1.98625e-06
46.54 0.000186001
46.56 0.000254745
46.58 0.000163631
46.6 -2.5996e-05
46.62 -0.000194399
46.64 -0.000234937
46.66 -0.000124465
46.68 5.67344e-05
46.7 0.000179033
46.72 0.000158026
46.74 1.71088e-05
46.76 -0.000141535
46.78 -0.000202647
46.8 -0.000107058
46.82 0.000102875
46.84 0.000313483
46.86 0.000382609
46.88 0.000229765
46.9 -6.90851e-05
46.92 -0.000331384
46.94 -0.000376426
46.96 -0.000153094
46.98 0.000197213
47 0.000441588
47.02 0.0004099
47.04 0.000126252
47.06 -0.000209353
47.08 -0.000391687
47.1 -0.000331217
47.12 -7.17288e-05
47.14 0.000234763
47.16 0.000388277
47.18 0.000268797
47.2 -5.65165e-05
47.22 -0.000368616
47.24 -0.000437909
47.26 -0.000207125
47.28 0.000171166
47.3 0.000479821
47.32 0.000560591
47.34 0.000407849
47.36 0.000183412
47.38 6.70272e-05
47.4 0.000107611
47.42 0.00020258
47.44 0.000192445
47.46 2.2506e-05
47.48 -0.000191946
47.5 -0.000283393
47.52 -0.000189448
47.54 2.31046e-05
47.56 0.000242945
47.58 0.000357006
47.6 0.000286089
47.62 5.77244e-05
47.64 -0.000200917
47.66 -0.000350509
47.68 -0.000320501
47.7 -0.000149235
47.72 4.87638e-05
47.74 0.00017182
47.76 0.000183027
47.78 0.000105706
47.8 3.04466e-06
47.82 -5.60021e-05
47.84 -4.20529e-05
47.86 1.55177e-05
47.88 5.51706e-05
47.9 3.13155e-05
47.92 -4.1787e-05
47.94 -0.000108467
47.96 -0.000129448
47.98 -9.6023e-05
48 -1.79922e-05
48.02 8.06795e-05
48.04 0.000165112
48.06 0.000189974
48.08 0.00011471
48.1 -5.19438e-05
48.12 -0.000213553
48.14 -0.000228023
48.16 -6.14702e-05
48.18 0.000153751
48.2 0.000252761
48.22 0.00016571
48.24 -5.04918e-05
48.26 -0.000245508
48.28 -0.000277736
48.3 -0.000114265
48.32 0.000170677
48.34 0.00042941
48.36 0.000495529
48.38 0.000318858
48.4 2.54514e-05
48.42 -0.00018824
48.44 -0.000190378
48.46 1.08677e-05
48.48 0.000271644
48.5 0.000395525
48.52 0.000275018
48.54 -3.08589e-05
48.56 -0.000354867
48.58 -0.000501372
48.6 -0.000371426
48.62 -6.73601e-05
48.64 0.0001962
48.66 0.000262289
48.68 0.000133425
48.7 -5.70708e-05
48.72 -0.000161074
48.74 -0.000108914
48.76 6.65247e-05
48.78 0.00026511
48.8 0.000363396
48.82 0.000289188
48.84 9.01282e-05
48.86 -0.000103138
48.88 -0.000169628
48.9 -7.22325e-05
48.92 0.000119999
48.94 0.000279341
48.96 0.000300408
48.98 0.000170383
49 -2.56614e-05
49.02 -0.000165162
49.04 -0.000161439
49.06 -1.76276e-05
49.08 0.000174215
49.1 0.000290416
49.12 0.000266054
49.14 0.000142888
49.16 2.1833e-05
49.18 -1.85753e-05
49.2 2.57783e-05
49.22 0.000108009
49.24 0.000172245
49.26 0.000159332
49.28 4.57294e-05
49.3 -0.000115372
49.32 -0.000226253
49.34 -0.000211313
49.36 -7.15671e-05
49.38 0.000104815
49.4 0.000206313
49.42 0.000182117
49.44 6.3275e-05
49.46 -6.6279e-05
49.48 -0.000120344
49.5 -6.75949e-05
49.52 4.44822e-05
49.54 0.000123924
49.56 0.000111685
49.58 1.92454e-05
49.6 -0.000104424
49.62 -0.000209151
49.64 -0.000263314
49.66 -0.000266822
49.68 -0.000238152
49.7 -0.000201041
49.72 -0.000174534
49.74 -0.000154851
49.76 -0.000118595
49.78 -4.62499e-05
49.8 4.77682e-05
49.82 0.000109527
49.84 9.49181e-05
49.86 2.59627e-05
49.88 -2.17495e-05
49.9 7.77964e-06
49.92 9.93914e-05
49.94 0.000185657
49.96 0.000196146
49.98 0.000103153
50 -5.2282e-05
50.02 -0.000187541
50.04 -0.00022814
50.06 -0.000141188
50.08 3.95546e-05
50.1 0.000210448
50.12 0.000254132
50.14 0.000127804
50.16 -0.00010113
50.18 -0.000286265
50.2 -0.000291801
50.22 -0.000113323
50.24 0.000113759
50.26 0.00023868
50.28 0.000196094
50.3 2.8137e-05
50.32 -0.000142393
50.34 -0.000185593
50.36 -6.3429e-05
50.38 0.000141172
50.4 0.000296701
50.42 0.000310133
50.44 0.000184782
50.46 1.62574e-05
50.48 -8.64851e-05
50.5 -7.79436e-05
50.52 1.24228e-05
50.54 0.000116991
50.56 0.000178137
50.58 0.000173296
50.6 0.000119064
50.62 6.10135e-05
50.64 3.65241e-05
50.66 4.88082e-05
50.68 7.90962e-05
50.7 0.000106735
50.72 0.000115326
50.74 9.65023e-05
50.76 5.35117e-05
50.78 2.25812e-06
50.8 -3.05294e-05
50.82 -3.33403e-05
50.84 -3.13666e-05
50.86 -5.37767e-05
50.88 -9.69878e-05
50.9 -0.000137152
50.92 -0.000151211
50.94 -0.000126042
50.96 -7.85108e-05
50.98 -5.00506e-05
51 -6.29505e-05
51.02 -9.83458e-05
51.04 -0.000121184
51.06 -0.000107064
51.08 -5.18477e-05
51.1 1.90588e-05
51.12 6.62604e-05
51.14 6.3727e-05
51.16 6.09324e-06
51.18 -8.16003e-05
51.2 -0.0001411
51.22 -0.000122345
51.24 -2.9575e-05
51.26 9.08271e-05
51.28 0.000192192
51.3 0.00024938
51.32 0.000267915
51.34 0.00024725
51.36 0.000127368
51.38 -0.000149892
51.4 -0.000517994
51.42 -0.000723391
51.44 -0.00051103
51.46 6.13658e-05
51.48 0.000663353
51.5 0.000892788
51.52 0.000582116
51.54 5.99197e-06
51.56 -0.000422835
51.58 -0.000460192
51.6 -0.000144591
51.62 0.000250291
51.64 0.000458875
51.66 0.00039282
51.68 0.000158504
51.7 -5.14024e-05
51.72 -9.99197e-05
51.74 2.47827e-05
51.76 0.000217076
51.78 0.000322882
51.8 0.000230404
51.82 -4.92764e-05
51.84 -0.00035968
51.86 -0.000472233
51.88 -0.000280329
51.9 8.85029e-05
51.92 0.000394516
51.94 0.000453824
51.96 0.000252599
51.98 -4.5565e-05
52 -0.000228317
52.02 -0.000180965
52.04 4.21062e-05
52.06 0.000264325
52.08 0.000315215
52.1 0.000154589
52.12 -0.000104311
52.14 -0.000297746
52.16 -0.000312234
52.18 -0.000134765
52.2 0.000144755
52.22 0.000388892
52.24 0.0004705
52.26 0.000344911
52.28 9.67558e-05
52.3 -0.000122692
52.32 -0.00019267
52.34 -9.32859e-05
52.36 8.10847e-05
52.38 0.000196057
52.4 0.000170047
52.42 1.81614e-05
52.44 -0.000160167
52.46 -0.000232097
52.48 -0.000123
52.5 0.000110447
52.52 0.000314781
52.54 0.000341823
52.56 0.000156481
52.58 -0.000138228
52.6 -0.000373978
52.62 -0.000404561
52.64 -0.0002159
52.66 5.33469e-05
52.68 0.000229063
52.7 0.00021722
52.72 5.32529e-05
52.74 -0.000142848
52.76 -0.000250148
52.78 -0.000208988
52.8 -5.65968e-05
52.82 0.000102254
52.84 0.000168661
52.86 0.000103425
52.88 -5.6017e-05
52.9 -0.000207792
52.92 -0.000236655
52.94 -0.000106643
52.96 9.38583e-05
52.98 0.000227543
53 0.000215267
53.02 8.15746e-05
53.04 -7.23457e-05
53.06 -0.000139425
53.08 -6.94647e-05
53.1 0.000103416
53.12 0.000281445
53.14 0.000352905
53.16 0.000270989
53.18 9.93657e-05
53.2 -5.23928e-05
53.22 -0.000104284
53.24 -4.00025e-05
53.26 8.50323e-05
53.28 0.000176504
53.3 0.000160442
53.32 3.14755e-05
53.34 -0.000146313
53.36 -0.00026946
53.38 -0.000252709
53.4 -0.000103323
53.42 8.32709e-05
53.44 0.000199771
53.46 0.000183908
53.48 4.84804e-05
53.5 -0.000119134
53.52 -0.00020451
53.54 -0.000141789
53.56 3.42878e-05
53.58 0.000211187
53.6 0.000271641
53.62 0.000166586
53.64 -5.07888e-05
53.66 -0.000250145
53.68 -0.000303143
53.7 -0.000177755
53.72 4.6382e-05
53.74 0.000241519
53.76 0.000302028
53.78 0.000205205
53.8 2.75096e-05
53.82 -0.000114538
53.84 -0.000132354
53.86 -1.01678e-05
53.88 0.000170623
53.9 0.000277289
53.92 0.000230014
53.94 6.28646e-05
53.96 -0.000112031
53.98 -0.000181779
54 -0.000104815
54.02 6.24208e-05
54.04 0.000210789
54.06 0.000252745
54.08 0.000173457
54.1 3.14885e-05
54.12 -7.57785e-05
54.14 -7.52108e-05
54.16 2.45154e-05
54.18 0.000148788
54.2 0.000205592
54.22 0.000130783
54.24 -5.47275e-05
54.26 -0.000243749
54.28 -0.000317969
54.3 -0.000225597
54.32 -2.15589e-05
54.34 0.000165617
54.36 0.000220143
54.38 0.000109151
54.4 -9.65004e-05
54.42 -0.000260357
54.44 -0.000259818
54.46 -7.47757e-05
54.48 0.000190808
54.5 0.000377301
54.52 0.000372342
54.54 0.000188958
54.56 -5.05535e-05
54.58 -0.000203437
54.6 -0.000185979
54.62 -1.36648e-05
54.64 0.00020588
54.66 0.000332235
54.68 0.000272915
54.7 4.49727e-05
54.72 -0.000224263
54.74 -0.000373248
54.76 -0.000317074
54.78 -0.000109197
54.8 0.000104495
54.82 0.000186904
54.84 0.000101065
54.86 -6.89307e-05
54.88 -0.000184326
54.9 -0.000142304
54.92 5.0229e-05
54.94 0.00027695
54.96 0.000398908
54.98 0.00034677
55 0.000156852
55.02 -5.87368e-05
55.04 -0.000180434
55.06 -0.000146146
55.08 8.26029e-06
55.1 0.000173322
55.12 0.000245073
55.14 0.000179956
55.16 1.74359e-05
55.18 -0.000138481
55.2 -0.00018245
55.22 -7.45212e-05
55.24 0.000128326
55.26 0.000306031
55.28 0.000348124
55.3 0.000224967
55.32 1.67363e-05
55.34 -0.000138391
55.36 -0.000148342
55.38 -2.94284e-05
55.4 0.00012475
55.42 0.000211578
55.44 0.000171936
55.46 2.73999e-05
55.48 -0.000131022
55.5 -0.000213851
55.52 -0.000183632
55.54 -6.67731e-05
55.56 6.37647e-05
55.58 0.000137045
55.6 0.000118311
55.62 3.05122e-05
55.64 -6.24246e-05
55.66 -0.000113096
55.68 -0.000106849
55.7 -4.81591e-05
55.72 3.87253e-05
55.74 0.000112665
55.76 0.000133682
55.78 8.82327e-05
55.8 7.19471e-06
55.82 -4.85006e-05
55.84 -3.63598e-05
55.86 4.00314e-05
55.88 0.000152019
55.9 0.000264723
55.92 0.000319179
55.94 0.000220557
55.96 -7.0962e-05
55.98 -0.000432761
56 -0.000617204
56.02 -0.000446616
56.04 -8.45953e-06
56.06 0.00041273
56.08 0.000563275
56.1 0.000385692
56.12 5.82781e-05
56.14 -0.000166748
56.16 -0.000170105
56.18 -3.42176e-06
56.2 0.000182325
56.22 0.000236586
56.24 0.000117241
56.26 -8.76022e-05
56.28 -0.000234035
56.3 -0.000206834
56.32 1.57762e-06
56.34 0.000272275
56.36 0.000435935
56.38 0.000378327
56.4 0.000124442
56.42 -0.000173405
56.44 -0.000324237
56.46 -0.000208674
56.48 0.000117482
56.5 0.000442729
56.52 0.000541896
56.54 0.000346319
56.56 2.35014e-06
56.58 -0.000260215
56.6 -0.000296903
56.62 -0.000123626
56.64 0.000116918
56.66 0.000263456
56.68 0.000236112
56.7 6.41986e-05
56.72 -0.000144394
56.74 -0.000258936
56.76 -0.000201321
56.78 -4.04024e-06
56.8 0.000210182
56.82 0.000313287
56.84 0.000246362
56.86 5.54891e-05
56.88 -0.0001273
56.9 -0.000188264
56.92 -0.00011278
56.94 2.95235e-05
56.96 0.000127144
56.98 9.34311e-05
57 -6.437e-05
57.02 -0.000243871
57.04 -0.000324302
57.06 -0.000257952
57.08 -9.07044e-05
57.1 9.43481e-05
57.12 0.000215158
57.14 0.000206569
57.16 7.02659e-05
57.18 -0.000109847
57.2 -0.000213458
57.22 -0.000163014
57.24 6.95363e-06
57.26 0.000172637
57.28 0.000217662
57.3 0.000120328
57.32 -3.92631e-05
57.34 -0.000150785
57.36 -0.000144607
57.38 -2.01104e-05
57.4 0.000156277
57.42 0.000282599
57.44 0.000281512
57.46 0.000146872
57.48 -5.05873e-05
57.5 -0.000195739
57.52 -0.000192078
57.54 -3.72766e-05
57.56 0.000161444
57.58 0.000268653
57.6 0.000217389
57.62 5.23512e-05
57.64 -0.00010939
57.66 -0.000164158
57.68 -8.36833e-05
57.7 7.16759e-05
57.72 0.000196096
57.74 0.00020762
57.76 9.84543e-05
57.78 -6.29231e-05
57.8 -0.000177532
57.82 -0.000174069
57.84 -5.18997e-05
57.86 0.000115659
57.88 0.000224654
57.9 0.000203739
57.92 6.53409e-05
57.94 -9.7582e-05
57.96 -0.000176132
57.98 -0.000121066
58 2.74345e-05
58.02 0.000171828
58.04 0.000218116
58.06 0.00013654
58.08 -1.66016e-05
58.1 -0.000140392
58.12 -0.000155333
58.14 -5.27641e-05
58.16 0.000100727
58.18 0.000208263
58.2 0.000203479
58.22 9.23413e-05
58.24 -5.18061e-05
58.26 -0.000137463
58.28 -0.000112093
58.3 5.83673e-06
58.32 0.000140136
58.34 0.000205948
58.36 0.00016254
58.38 3.93937e-05
58.4 -8.33637e-05
58.42 -0.000126825
58.44 -6.38454e-05
58.46 6.38845e-05
58.48 0.000173976
58.5 0.000196223
58.52 0.000117764
58.54 -9.72232e-06
58.56 -0.000105064
58.58 -0.000108414
58.6 -1.86022e-05
58.62 0.000106276
58.64 0.0001865
58.66 0.000171674
58.68 7.28617e-05
58.7 -4.59328e-05
58.72 -0.000109358
58.74 -7.79047e-05
58.76 2.71447e-05
58.78 0.000138246
58.8 0.00018501
58.82 0.000138508
58.84 2.94981e-05
58.86 -7.20791e-05
58.88 -0.000101867
58.9 -4.18067e-05
58.92 6.87356e-05
58.94 0.000159093
58.96 0.000172258
58.98 0.000100834
59 -8.64512e-06
59.02 -8.62766e-05
59.04 -8.32062e-05
59.06 -2.43905e-06
59.08 0.000103773
59.1 0.000167868
59.12 0.000149706
59.14 6.19206e-05
59.16 -3.8875e-05
59.18 -8.86338e-05
59.2 -5.63476e-05
59.22 3.64542e-05
59.24 0.000130201
59.26 0.000165511
59.28 0.000120688
59.3 2.52402e-05
59.32 -5.96667e-05
59.34 -8.03101e-05
59.36 -2.43707e-05
59.38 7.16838e-05
59.4 0.000146589
59.42 0.000153168
59.44 8.80767e-05
59.46 -6.38986e-06
59.48 -6.99662e-05
59.5 -6.27453e-05
59.52 9.82456e-06
59.54 0.000100962
59.56 0.000152721
59.58 0.000132736
59.6 5.46222e-05
59.62 -3.13506e-05
59.64 -7.06119e-05
59.66 -3.87753e-05
59.68 4.31119e-05
59.7 0.000122622
59.72 0.000149467
59.74 0.00010724
59.76 2.36282e-05
59.78 -4.78446e-05
59.8 -6.20269e-05
59.82 -1.05828e-05
59.84 7.3095e-05
59.86 0.00013567
59.88 0.000137758
59.9 7.87564e-05
59.92 -3.14774e-06
59.94 -5.57759e-05
59.96 -4.60921e-05
59.98 1.61168e-05
