0.02 9.08386e-08
0.04 2.57327e-07
0.06 2.81643e-07
0.08 1.28818e-07
0.1 3.68729e-08
0.12 1.37868e-07
0.14 2.66469e-07
0.16 2.30386e-07
0.18 1.03791e-07
0.2 9.75539e-08
0.22 2.29067e-07
0.24 3.09101e-07
0.26 2.45154e-07
0.28 1.77299e-07
0.3 2.45786e-07
0.32 3.58269e-07
0.34 3.72572e-07
0.36 3.42439e-07
0.38 3.30414e-07
0.4 1.73439e-07
0.42 -2.19437e-07
0.44 -2.00417e-07
0.46 6.09025e-07
0.48 9.61769e-07
0.5 3.48586e-08
0.52 -9.10482e-07
0.54 -6.63059e-07
0.56 -1.95478e-07
0.58 -9.60006e-07
0.6 -1.76568e-06
0.62 -8.04137e-07
0.64 3.18014e-07
0.66 -3.90602e-07
0.68 -2.42358e-06
0.7 -3.54689e-06
0.72 -8.15457e-07
0.74 3.08994e-06
0.76 2.20138e-06
0.78 -1.18225e-06
0.8 3.22366e-07
0.82 6.48195e-06
0.84 9.12725e-06
0.86 4.42114e-06
0.88 -1.19946e-06
0.9 -7.6165e-07
0.92 3.57034e-06
0.94 4.01091e-06
0.96 -2.17308e-06
0.98 -7.8001e-06
1 -5.36703e-06
1.02 1.86847e-06
1.04 3.78004e-06
1.06 -2.83298e-06
1.08 -9.49221e-06
1.1 -7.72985e-06
1.12 -3.20526e-07
1.14 3.85571e-06
1.16 3.09989e-07
1.18 -7.25243e-06
1.2 -7.87835e-06
1.22 1.72135e-06
1.24 7.20292e-06
1.26 -9.80586e-07
1.28 -1.12726e-05
1.3 -9.9552e-06
1.32 1.148e-06
1.34 9.90682e-06
1.36 7.12265e-06
1.38 -2.99347e-06
1.4 -6.76583e-06
1.42 2.64775e-07
1.44 5.85694e-06
1.46 -2.36069e-06
1.48 -1.75769e-05
1.5 -2.10832e-05
1.52 -9.2138e-06
1.54 5.05378e-07
1.56 -5.26282e-06
1.58 -1.62158e-05
1.6 -1.34421e-05
1.62 1.45169e-06
1.64 8.06382e-06
1.66 -1.38614e-06
1.68 -1.13229e-05
1.7 -7.24672e-06
1.72 3.03038e-06
1.74 2.04305e-06
1.76 -8.48687e-06
1.78 -1.04588e-05
1.8 -1.65701e-06
1.82 1.14577e-06
1.84 -8.49293e-06
1.86 -1.57125e-05
1.88 -5.62364e-06
1.9 1.02782e-05
1.92 5.85505e-06
1.94 -1.63193e-05
1.96 -2.33543e-05
1.98 -4.4229e-06
2 8.60915e-06
2.02 -8.3205e-06
2.04 -3.14462e-05
2.06 -2.6346e-05
2.08 -2.61126e-06
2.1 1.70712e-06
2.12 -1.83829e-05
2.14 -2.78041e-05
2.16 -9.72223e-06
2.18 9.76091e-06
2.2 4.93877e-06
2.22 -1.40705e-05
2.24 -1.89131e-05
2.26 -3.55079e-06
2.28 4.96988e-06
2.3 -1.07423e-05
2.32 -2.78639e-05
2.34 -2.0861e-05
2.36 -1.91679e-07
2.38 4.64522e-06
2.4 -1.48397e-05
2.42 -3.14833e-05
2.44 -1.96298e-05
2.46 3.74042e-06
2.48 5.18472e-06
2.5 -1.17447e-05
2.52 -1.52552e-05
2.54 1.19012e-06
2.56 1.26259e-05
2.58 8.13319e-06
2.6 6.55642e-06
2.62 2.07634e-05
2.64 3.5254e-05
2.66 3.30835e-05
2.68 2.49681e-05
2.7 3.20063e-05
2.72 5.112e-05
2.74 6.14286e-05
2.76 5.71045e-05
2.78 5.149e-05
2.8 5.57402e-05
2.82 6.65109e-05
2.84 7.14371e-05
2.86 6.65322e-05
2.88 5.90504e-05
2.9 5.49948e-05
2.92 5.70487e-05
2.94 6.10417e-05
2.96 5.75566e-05
2.98 4.95102e-05
3 4.99047e-05
3.02 4.95687e-05
3.04 2.98898e-05
3.06 8.41006e-06
3.08 8.23481e-06
3.1 1.33365e-05
3.12 6.73177e-08
3.14 -2.48483e-05
3.16 -3.95112e-05
3.18 -3.98694e-05
3.2 -4.17763e-05
3.22 -5.51625e-05
3.24 -7.01365e-05
3.26 -7.22722e-05
3.28 -6.48266e-05
3.3 -6.01977e-05
3.32 -6.14251e-05
3.34 -6.09617e-05
3.36 -4.61723e-05
3.38 -2.12725e-05
3.4 -9.46162e-06
3.42 -1.5335e-05
3.44 -1.01579e-05
3.46 2.59779e-05
3.48 6.19872e-05
3.5 5.66357e-05
3.52 2.82957e-05
3.54 2.83442e-05
3.56 5.91748e-05
3.58 7.53502e-05
3.6 5.89643e-05
3.62 4.5078e-05
3.64 5.30431e-05
3.66 4.25128e-05
3.68 1.15575e-06
3.7 -1.59381e-05
3.72 3.81198e-06
3.74 5.05876e-06
3.76 -3.12401e-05
3.78 -5.65491e-05
3.8 -3.84166e-05
3.82 -1.4269e-05
3.84 -2.68339e-05
3.86 -5.75175e-05
3.88 -6.4793e-05
3.9 -4.58415e-05
3.92 -3.56882e-05
3.94 -5.38136e-05
3.96 -7.58214e-05
3.98 -6.55933e-05
4 -2.30459e-05
4.02 1.74485e-06
4.04 -2.29945e-05
4.06 -4.90167e-05
4.08 -2.17543e-05
4.1 2.75717e-05
4.12 3.41989e-05
4.14 4.08524e-06
4.16 -2.73529e-06
4.18 2.31047e-05
4.2 2.35183e-05
4.22 -1.97145e-05
4.24 -4.70568e-05
4.26 -2.49933e-05
4.28 1.94685e-06
4.3 -1.03696e-05
4.32 -2.88299e-05
4.34 4.92479e-07
4.36 4.30629e-05
4.38 2.92293e-05
4.4 -2.17051e-05
4.42 -3.59284e-05
4.44 -1.52217e-06
4.46 2.66126e-05
4.48 1.92903e-05
4.5 -6.58222e-06
4.52 -2.7408e-05
4.54 -2.30605e-05
4.56 -1.26599e-07
4.58 8.83846e-06
4.6 -7.57678e-06
4.62 -2.33033e-05
4.64 -7.13259e-06
4.66 2.7978e-05
4.68 3.45365e-05
4.7 8.67609e-06
4.72 -1.11482e-07
4.74 2.81651e-05
4.76 5.35691e-05
4.78 3.44708e-05
4.8 -1.2215e-05
4.82 -2.32801e-05
4.84 1.79783e-05
4.86 4.68558e-05
4.88 1.77315e-05
4.9 -2.38966e-05
4.92 -1.84692e-05
4.94 1.37233e-05
4.96 1.47429e-05
4.98 -1.88977e-05
5 -4.31691e-05
5.02 -3.64642e-05
5.04 -2.47074e-05
5.06 -2.90642e-05
5.08 -2.12809e-05
5.1 1.26572e-05
5.12 2.71839e-05
5.14 1.10045e-06
5.16 -1.99842e-05
5.18 2.36501e-07
5.2 3.42101e-05
5.22 3.71769e-05
5.24 6.21805e-06
5.26 -2.88297e-05
5.28 -3.24598e-05
5.3 1.31769e-06
5.32 3.20223e-05
5.34 2.6434e-05
5.36 1.64241e-06
5.38 -5.48859e-06
5.4 9.89024e-06
5.42 1.97445e-05
5.44 1.31865e-05
5.46 9.75811e-06
5.48 1.85305e-05
5.5 2.47901e-05
5.52 1.85187e-05
5.54 8.28708e-06
5.56 4.40989e-06
5.58 5.66635e-06
5.6 5.57938e-06
5.62 1.55254e-06
5.64 2.79013e-07
5.66 6.94775e-06
5.68 9.53361e-06
5.7 -1.05517e-07
5.72 -7.71991e-06
5.74 -2.62277e-06
5.76 4.42399e-06
5.78 -7.12233e-07
5.8 -1.281e-05
5.82 -1.23836e-05
5.84 1.032e-06
5.86 3.66438e-06
5.88 -1.2154e-05
5.9 -2.53436e-05
5.92 -1.67206e-05
5.94 8.22889e-06
5.96 2.23139e-05
5.98 1.31216e-05
6 4.71442e-06
6.02 1.47889e-05
6.04 2.70954e-05
6.06 2.64706e-05
6.08 1.67334e-05
6.1 7.56272e-06
6.12 1.06395e-05
6.14 2.48135e-05
6.16 3.02338e-05
6.18 1.03641e-05
6.2 -2.28905e-05
6.22 -3.2958e-05
6.24 -1.45247e-05
6.26 -8.52748e-06
6.28 -3.26419e-05
6.3 -4.85325e-05
6.32 -2.36976e-05
6.34 9.85762e-06
6.36 4.18113e-06
6.38 -2.56172e-05
6.4 -2.90526e-05
6.42 -5.25148e-07
6.44 1.77491e-05
6.46 1.14661e-06
6.48 -2.6741e-05
6.5 -3.40427e-05
6.52 -2.19913e-05
6.54 -1.81292e-05
6.56 -3.06617e-05
6.58 -3.06144e-05
6.6 -9.94597e-06
6.62 -1.84203e-06
6.64 -1.34961e-05
6.66 -1.06688e-05
6.68 1.53145e-05
6.7 2.78126e-05
6.72 2.18217e-06
6.74 -3.4792e-05
6.76 -3.66744e-05
6.78 -2.048e-06
6.8 2.03916e-05
6.82 1.22416e-06
6.84 -2.609e-05
6.86 -1.60943e-05
6.88 1.59247e-05
6.9 1.7838e-05
6.92 -1.69338e-05
6.94 -3.91269e-05
6.96 -1.63437e-05
6.98 2.02922e-05
7 2.21835e-05
7.02 -8.20579e-06
7.04 -2.35729e-05
7.06 -1.21879e-06
7.08 2.45159e-05
7.1 1.80964e-05
7.12 -3.63212e-06
7.14 -4.33409e-06
7.16 1.62801e-05
7.18 2.75453e-05
7.2 1.58098e-05
7.22 2.69718e-06
7.24 9.77058e-06
7.26 2.3143e-05
7.28 1.34755e-05
7.3 -1.15809e-05
7.32 -1.28994e-05
7.34 1.46478e-05
7.36 2.98669e-05
7.38 1.03798e-05
7.4 -1.24899e-05
7.42 -5.60605e-06
7.44 1.56298e-05
7.46 1.54413e-05
7.48 -8.37078e-06
7.5 -2.15533e-05
7.52 -5.33447e-06
7.54 1.20342e-05
7.56 9.79655e-07
7.58 -1.90907e-05
7.6 -1.09958e-05
7.62 1.88695e-05
7.64 2.97273e-05
7.66 1.26055e-05
7.68 1.01244e-07
7.7 9.07795e-06
7.72 1.84751e-05
7.74 9.32599e-06
7.76 -1.55214e-06
7.78 8.44825e-06
7.8 2.52706e-05
7.82 2.19152e-05
7.84 7.91541e-07
7.86 -1.40806e-05
7.88 -8.62002e-06
7.9 5.45723e-06
7.92 5.67721e-06
7.94 -8.01038e-06
7.96 -1.3254e-05
7.98 -2.55034e-06
8 6.44376e-06
8.02 2.40519e-06
8.04 -3.41274e-06
8.06 3.34686e-07
8.08 7.3006e-06
8.1 7.00475e-06
8.12 1.35741e-06
8.14 -6.66335e-07
8.16 3.26607e-06
8.18 8.25581e-06
8.2 1.10352e-05
8.22 1.04111e-05
8.24 6.46052e-07
8.26 -1.4844e-05
8.28 -1.55998e-05
8.3 2.44745e-06
8.32 1.57166e-05
8.34 9.1958e-06
8.36 -5.16453e-06
8.38 -7.37871e-06
8.4 5.14746e-06
8.42 1.49528e-05
8.44 7.22509e-06
8.46 -1.23729e-05
8.48 -2.0492e-05
8.5 -4.01179e-06
8.52 1.54891e-05
8.54 1.12485e-05
8.56 -5.74859e-06
8.58 -5.05171e-06
8.6 1.58805e-05
8.62 2.79836e-05
8.64 1.15024e-05
8.66 -9.66189e-06
8.68 1.55792e-07
8.7 2.79128e-05
8.72 3.08796e-05
8.74 4.86703e-06
8.76 -1.16262e-05
8.78 2.8498e-06
8.8 2.16026e-05
8.82 1.14571e-05
8.84 -1.68567e-05
8.86 -2.77303e-05
8.88 -1.0316e-05
8.9 1.1467e-05
8.92 8.48625e-06
8.94 -1.05324e-05
8.96 -1.1777e-05
8.98 4.67388e-06
9 9.58632e-06
9.02 -4.82492e-06
9.04 -1.74742e-05
9.06 -9.93484e-06
9.08 9.12068e-06
9.1 1.17783e-05
9.12 -9.14578e-06
9.14 -2.33786e-05
9.16 -1.07552e-05
9.18 3.98183e-06
9.2 -5.86953e-06
9.22 -2.5339e-05
9.24 -2.3629e-05
9.26 -1.98258e-06
9.28 9.14712e-06
9.3 -1.72755e-06
9.32 -1.11744e-05
9.34 -4.80369e-07
9.36 1.61987e-05
9.38 1.37544e-05
9.4 -6.46569e-06
9.42 -1.59526e-05
9.44 8.01234e-08
9.46 1.83592e-05
9.48 9.06602e-06
9.5 -1.78532e-05
9.52 -2.3447e-05
9.54 -2.29037e-07
9.56 1.35846e-05
9.58 -3.69603e-07
9.6 -8.71075e-06
9.62 7.73197e-06
9.64 1.64154e-05
9.66 -5.61228e-06
9.68 -2.88583e-05
9.7 -2.11105e-05
9.72 3.54605e-06
9.74 1.31109e-05
9.76 -3.28977e-06
9.78 -2.80101e-05
9.8 -2.80943e-05
9.82 -1.95444e-06
9.84 1.24803e-05
9.86 1.0796e-06
9.88 -8.3852e-06
9.9 3.1029e-06
9.92 1.79344e-05
9.94 9.59704e-06
9.96 -1.28178e-05
9.98 -1.31138e-05
10 1.31732e-05
10.02 2.80428e-05
10.04 1.06423e-05
10.06 -1.08371e-05
10.08 -6.45111e-06
10.1 9.97023e-06
10.12 7.66353e-06
10.14 -1.36294e-05
10.16 -2.41801e-05
10.18 -7.89174e-06
10.2 1.09088e-05
10.22 3.07843e-06
10.24 -1.94358e-05
10.26 -2.26529e-05
10.28 -2.628e-06
10.3 1.13994e-05
10.32 2.87102e-06
10.34 -1.03826e-05
10.36 -6.22819e-06
10.38 8.98886e-06
10.4 1.20192e-05
10.42 2.68559e-07
10.44 -4.88502e-06
10.46 5.54139e-06
10.48 1.4782e-05
10.5 9.62088e-06
10.52 3.73092e-07
10.54 8.81752e-07
10.56 4.34259e-06
10.58 -3.16014e-07
10.6 -4.62599e-06
10.62 1.2371e-06
10.64 8.43289e-06
10.66 6.12619e-06
10.68 -2.00421e-06
10.7 -6.82659e-06
10.72 -4.88379e-06
10.74 7.45429e-08
10.76 3.64802e-07
10.78 -3.8793e-06
10.8 -2.28028e-06
10.82 6.61292e-06
10.84 1.06517e-05
10.86 3.11375e-06
10.88 -8.47021e-06
10.9 -1.06525e-05
10.92 -6.56389e-07
10.94 7.13828e-06
10.96 1.69918e-06
10.98 -7.48137e-06
11 -6.64095e-06
11.02 7.03928e-07
11.04 1.66171e-06
11.06 -4.47049e-06
11.08 -6.51905e-06
11.1 -1.39354e-07
11.12 7.07343e-06
11.14 8.00247e-06
11.16 4.58222e-06
11.18 3.31351e-06
11.2 6.12232e-06
11.22 8.86757e-06
11.24 6.32665e-06
11.26 -1.61686e-06
11.28 -7.2201e-06
11.3 -4.56459e-06
11.32 7.96186e-07
11.34 -8.42281e-08
11.36 -6.73627e-06
11.38 -1.042e-05
11.4 -4.92935e-06
11.42 4.84052e-06
11.44 6.75057e-06
11.46 -1.53288e-06
11.48 -7.45069e-06
11.5 -2.55654e-06
11.52 4.95346e-06
11.54 4.41478e-06
11.56 -9.27303e-07
11.58 -4.9043e-07
11.6 6.82812e-06
11.62 1.15693e-05
11.64 8.10967e-06
11.66 2.37926e-06
11.68 2.30201e-06
11.7 5.89775e-06
11.72 5.61283e-06
11.74 9.58827e-07
11.76 -2.45833e-06
11.78 -3.06567e-06
11.8 -4.36148e-06
11.82 -8.01926e-06
11.84 -1.03921e-05
11.86 -8.11351e-06
11.88 -4.38073e-06
11.9 -2.83064e-06
11.92 -6.06411e-07
11.94 3.99056e-06
11.96 6.17201e-06
11.98 2.9873e-06
12 -1.3792e-06
12.02 -1.2335e-06
12.04 3.03753e-06
12.06 5.10389e-06
12.08 1.98592e-06
12.1 -1.76528e-06
12.12 -1.93508e-06
12.14 1.11658e-06
12.16 4.88557e-06
12.18 5.64012e-06
12.2 2.15384e-06
12.22 -1.59869e-06
12.24 -2.51576e-06
12.26 -2.65397e-06
12.28 -4.70796e-06
12.3 -7.75386e-06
12.32 -8.94481e-06
12.34 -7.50138e-06
12.36 -5.36592e-06
12.38 -3.89127e-06
12.4 -2.2825e-06
12.42 1.20459e-07
12.44 2.35693e-06
12.46 2.97971e-06
12.48 2.30414e-06
12.5 2.69603e-06
12.52 4.84074e-06
12.54 5.91728e-06
12.56 4.07855e-06
12.58 2.24039e-06
12.6 3.76863e-06
12.62 6.89146e-06
12.64 6.89978e-06
12.66 2.16166e-06
12.68 -2.86265e-06
12.7 -2.82084e-06
12.72 3.75214e-07
12.74 4.17228e-07
12.76 -3.70184e-06
12.78 -6.7342e-06
12.8 -4.40165e-06
12.82 1.96009e-06
12.84 6.08014e-06
12.86 3.13836e-06
12.88 -2.98223e-06
12.9 -3.77012e-06
12.92 2.06672e-06
12.94 6.16677e-06
12.96 2.40992e-06
12.98 -3.55529e-06
13 -2.96708e-06
13.02 2.33042e-06
13.04 3.43262e-06
13.06 -8.7752e-07
13.08 -2.68734e-06
13.1 1.57137e-06
13.12 5.80278e-06
13.14 4.29677e-06
13.16 -2.07807e-07
13.18 -1.79321e-06
13.2 2.81988e-07
13.22 2.38582e-06
13.24 2.28446e-06
13.26 1.12428e-06
13.28 1.40514e-07
13.3 -1.50397e-06
13.32 -3.53173e-06
13.34 -3.54309e-06
13.36 -8.27586e-07
13.38 2.23237e-06
13.4 2.54196e-06
13.42 -1.63723e-07
13.44 -1.93018e-06
13.46 -2.5676e-07
13.48 1.10625e-06
13.5 -1.18018e-06
13.52 -3.52095e-06
13.54 -1.70114e-06
13.56 1.44355e-06
13.58 5.86591e-07
13.6 -3.51163e-06
13.62 -5.01672e-06
13.64 -1.65982e-06
13.66 1.80628e-06
13.68 3.87293e-07
13.7 -3.87362e-06
13.72 -4.7887e-06
13.74 -9.11617e-07
13.76 2.97185e-06
13.78 3.09765e-06
13.8 1.323e-06
13.82 1.25782e-06
13.84 2.79855e-06
13.86 2.63075e-06
13.88 -6.13642e-07
13.9 -3.4826e-06
13.92 -2.30876e-06
13.94 1.12499e-06
13.96 2.3166e-06
13.98 4.45027e-07
14 -1.14487e-06
14.02 7.89241e-07
14.04 5.57091e-06
14.06 8.47349e-06
14.08 6.70161e-06
14.1 3.22717e-06
14.12 7.64677e-07
14.14 -1.52014e-06
14.16 -2.91297e-06
14.18 -1.32975e-06
14.2 9.70001e-07
14.22 -8.57313e-07
14.24 -6.01569e-06
14.26 -7.8087e-06
14.28 -3.4575e-06
14.3 1.2727e-06
14.32 -3.57356e-08
14.34 -5.69024e-06
14.36 -8.03685e-06
14.38 -3.84263e-06
14.4 6.8063e-07
14.42 -1.33378e-06
14.44 -6.87885e-06
14.46 -7.14145e-06
14.48 -9.70062e-07
14.5 3.5393e-06
14.52 1.77734e-06
14.54 -1.286e-06
14.56 7.15923e-08
14.58 3.26247e-06
14.6 2.36578e-06
14.62 -8.95088e-07
14.64 5.07082e-07
14.66 6.23867e-06
14.68 7.61966e-06
14.7 -2.40654e-07
14.72 -1.01225e-05
14.74 -1.01776e-05
14.76 -7.0847e-07
14.78 4.86936e-06
14.8 -1.5861e-06
14.82 -1.10342e-05
14.84 -9.14898e-06
14.86 2.17103e-06
14.88 5.78111e-06
14.9 -4.10495e-06
14.92 -1.05807e-05
14.94 -1.24392e-06
14.96 1.0136e-05
14.98 6.0819e-06
15 -6.36833e-06
15.02 -7.82454e-06
15.04 2.58391e-06
15.06 7.06384e-06
15.08 -1.67862e-06
15.1 -9.73956e-06
15.12 -4.2383e-06
15.14 7.93471e-06
15.16 1.0595e-05
15.18 1.43133e-06
15.2 -5.06902e-06
15.22 3.1933e-07
15.24 7.4393e-06
15.26 3.35537e-06
15.28 -7.10362e-06
15.3 -9.71611e-06
15.32 -2.57102e-06
15.34 2.62049e-06
15.36 -9.97705e-07
15.38 -5.95539e-06
15.4 -3.01257e-06
15.42 4.58956e-06
15.44 6.34396e-06
15.46 1.15219e-07
15.48 -5.38063e-06
15.5 -3.35502e-06
15.52 2.64614e-06
15.54 4.51387e-06
15.56 8.14435e-07
15.58 -1.2586e-06
15.6 2.75488e-06
15.62 6.99828e-06
15.64 4.31953e-06
15.66 -2.52845e-06
15.68 -4.47896e-06
15.7 1.02553e-06
15.72 6.39507e-06
15.74 5.1476e-06
15.76 7.8754e-07
15.78 2.77428e-07
15.8 3.8391e-06
15.82 5.40822e-06
15.84 1.58968e-06
15.86 -3.08067e-06
15.88 -2.36709e-06
15.9 2.35155e-06
15.92 4.22739e-06
15.94 1.52522e-06
15.96 -2.90484e-08
15.98 3.13594e-06
16 6.44658e-06
16.02 4.90029e-06
16.04 9.08587e-07
16.06 -1.66148e-07
16.08 2.36307e-06
16.1 4.2459e-06
16.12 2.01699e-06
16.14 -2.21458e-06
16.16 -2.96919e-06
16.18 1.37685e-06
16.2 5.61004e-06
16.22 4.31868e-06
16.24 -3.31212e-07
16.26 -2.52763e-06
16.28 -1.27665e-06
16.3 8.53147e-07
16.32 2.34121e-06
16.34 2.25158e-06
16.36 1.26635e-07
16.38 -2.04717e-06
16.4 -1.69127e-06
16.42 5.72664e-09
16.44 -4.64994e-07
16.46 -3.23521e-06
16.48 -5.03349e-06
16.5 -4.9542e-06
16.52 -5.93828e-06
16.54 -8.96727e-06
16.56 -1.00297e-05
16.58 -6.378e-06
16.6 -2.17039e-06
16.62 -2.9054e-06
16.64 -7.10374e-06
16.66 -8.36857e-06
16.68 -2.33683e-06
16.7 8.99704e-06
16.72 1.63801e-05
16.74 1.48388e-05
16.76 1.28172e-05
16.78 1.78128e-05
16.8 2.37664e-05
16.82 2.22829e-05
16.84 1.36723e-05
16.86 1.23464e-06
16.88 -7.26962e-06
16.9 -1.3663e-06
16.92 9.67217e-06
16.94 4.96944e-06
16.96 -1.1129e-05
16.98 -1.49215e-05
17 -2.3651e-06
17.02 5.91475e-06
17.04 -2.7222e-06
17.06 -1.54121e-05
17.08 -1.45171e-05
17.1 -4.4712e-06
17.12 -4.78514e-06
17.14 -1.81413e-05
17.16 -2.38097e-05
17.18 -1.02418e-05
17.2 3.09716e-06
17.22 -5.06155e-06
17.24 -2.06946e-05
17.26 -1.6643e-05
17.28 1.12606e-06
17.3 4.70252e-06
17.32 -8.8878e-06
17.34 -1.41514e-05
17.36 2.0259e-06
17.38 2.06626e-05
17.4 1.99217e-05
17.42 7.69638e-06
17.44 8.22441e-06
17.46 2.3214e-05
17.48 2.85886e-05
17.5 1.36206e-05
17.52 -1.31981e-07
17.54 6.46716e-06
17.56 1.70804e-05
17.58 7.44532e-06
17.6 -1.24177e-05
17.62 -1.58889e-05
17.64 -3.22057e-06
17.66 2.09361e-06
17.68 -8.83975e-06
17.7 -1.92715e-05
17.72 -1.52184e-05
17.74 -6.0655e-06
17.76 -6.96182e-06
17.78 -1.48556e-05
17.8 -1.57733e-05
17.82 -7.41084e-06
17.84 1.36203e-07
17.86 6.15451e-07
17.88 -2.49963e-06
17.9 -2.6316e-06
17.92 1.83595e-06
17.94 6.36908e-06
17.96 7.64262e-06
17.98 7.88725e-06
18 9.40058e-06
18.02 1.02097e-05
18.04 8.35648e-06
18.06 5.91094e-06
18.08 4.32298e-06
18.1 5.5137e-07
18.12 -5.3919e-06
18.14 -7.19254e-06
18.16 -3.22173e-06
18.18 -5.27331e-07
18.2 -4.20456e-06
18.22 -1.10246e-05
18.24 -1.52596e-05
18.26 -1.60809e-05
18.28 -1.65195e-05
18.3 -1.71201e-05
18.32 -1.32784e-05
18.34 -6.61294e-07
18.36 1.32342e-05
18.38 1.47273e-05
18.4 7.66606e-06
18.42 9.16703e-06
18.44 2.131e-05
18.46 2.90815e-05
18.48 2.06144e-05
18.5 1.06644e-06
18.52 -8.39332e-06
18.54 3.44623e-06
18.56 1.66082e-05
18.58 8.42172e-06
18.6 -1.11327e-05
18.62 -1.62267e-05
18.64 -3.37065e-06
18.66 5.52709e-06
18.68 -4.00405e-06
18.7 -1.86502e-05
18.72 -1.84494e-05
18.74 -6.78074e-06
18.76 -4.2659e-06
18.78 -1.66691e-05
18.8 -2.31453e-05
18.82 -4.98076e-06
18.84 2.01398e-05
18.86 2.06483e-05
18.88 3.83884e-06
18.9 3.27941e-06
18.92 2.27657e-05
18.94 3.39327e-05
18.96 2.23149e-05
18.98 6.39642e-06
19 6.17166e-06
19.02 1.45728e-05
19.04 1.34348e-05
19.06 2.58735e-07
19.08 -1.06889e-05
19.1 -7.38782e-06
19.12 2.59352e-06
19.14 1.28031e-06
19.16 -1.17813e-05
19.18 -1.73638e-05
19.2 -8.38275e-06
19.22 -2.65175e-06
19.24 -1.29716e-05
19.26 -2.39008e-05
19.28 -1.56298e-05
19.3 1.77288e-06
19.32 3.93415e-06
19.34 -8.8472e-06
19.36 -1.5019e-05
19.38 -5.59697e-06
19.4 4.90904e-06
19.42 2.01062e-06
19.44 -6.32984e-06
19.46 -2.09683e-06
19.48 1.30054e-05
19.5 1.86433e-05
19.52 7.48754e-06
19.54 -3.33492e-06
19.56 1.94479e-06
19.58 1.41982e-05
19.6 1.22504e-05
19.62 -3.65437e-06
19.64 -7.93131e-06
19.66 8.33317e-06
19.68 1.73208e-05
19.7 -2.15367e-07
19.72 -2.0787e-05
19.74 -1.50088e-05
19.76 7.1631e-06
19.78 1.24585e-05
19.8 -7.25565e-06
19.82 -2.3497e-05
19.84 -1.2785e-05
19.86 9.044e-06
19.88 1.31438e-05
19.9 -7.68888e-08
19.92 -6.47217e-06
19.94 5.04084e-06
19.96 1.72436e-05
19.98 1.08386e-05
20 -4.74703e-06
20.02 -5.46381e-06
20.04 9.56686e-06
20.06 1.75785e-05
20.08 5.74241e-06
20.1 -1.37627e-05
20.12 -2.05783e-05
20.14 -1.01447e-05
20.16 3.55306e-06
20.18 7.47201e-06
20.2 2.05873e-07
20.22 -1.00298e-05
20.24 -1.12938e-05
20.26 -1.80023e-06
20.28 4.37794e-06
20.3 -3.20315e-06
20.32 -1.13881e-05
20.34 -3.69263e-06
20.36 8.43724e-06
20.38 5.99924e-06
20.4 -3.24779e-06
20.42 -5.31176e-07
20.44 1.26703e-05
20.46 1.89045e-05
20.48 1.09948e-05
20.5 -7.60728e-07
20.52 -3.75902e-06
20.54 6.1228e-07
20.56 -4.81343e-08
20.58 -2.82637e-06
20.6 4.14108e-06
20.62 7.92982e-06
20.64 -6.56785e-06
20.66 -2.23102e-05
20.68 -2.03383e-05
20.7 -5.52387e-06
20.72 8.22614e-06
20.74 6.96168e-06
20.76 -9.11755e-06
20.78 -1.60188e-05
20.8 -1.70278e-06
20.82 9.64092e-06
20.84 -1.94943e-06
20.86 -1.64746e-05
20.88 -5.4687e-06
20.9 1.97898e-05
20.92 2.41843e-05
20.94 5.1747e-06
20.96 -4.78422e-06
20.98 1.03497e-05
21 2.52605e-05
21.02 1.09105e-05
21.04 -1.54526e-05
21.06 -1.37031e-05
21.08 1.32699e-05
21.1 2.30931e-05
21.12 -8.42256e-07
21.14 -2.47876e-05
21.16 -1.3999e-05
21.18 1.48775e-05
21.2 1.64902e-05
21.22 -1.35466e-05
21.24 -3.13662e-05
21.26 -1.32621e-05
21.28 9.93558e-06
21.3 3.00398e-06
21.32 -1.96743e-05
21.34 -1.68209e-05
21.36 1.39001e-05
21.38 2.94328e-05
21.4 1.12402e-05
21.42 -8.19906e-06
21.44 -4.36022e-06
21.46 1.04215e-05
21.48 1.61139e-05
21.5 4.82091e-06
21.52 -1.19358e-05
21.54 -1.45548e-05
21.56 -5.62028e-06
21.58 -4.86433e-06
21.6 -1.32365e-05
21.62 -1.2338e-05
21.64 -1.40668e-08
21.66 4.8619e-06
21.68 -4.53851e-06
21.7 -1.05545e-05
21.72 1.04941e-06
21.74 1.57336e-05
21.76 9.45288e-06
21.78 -1.21563e-05
21.8 -1.76443e-05
21.82 1.60454e-06
21.84 1.52471e-05
21.86 1.62848e-06
21.88 -1.74058e-05
21.9 -1.17267e-05
21.92 1.04275e-05
21.94 1.71193e-05
21.96 1.29488e-06
21.98 -1.05655e-05
22 3.3562e-07
22.02 1.74641e-05
22.04 1.59112e-05
22.06 -9.70142e-07
22.08 -1.04793e-05
22.1 -3.86427e-06
22.12 4.84532e-06
22.14 1.11206e-06
22.16 -8.80891e-06
22.18 -8.68237e-06
22.2 1.25187e-06
22.22 5.5865e-06
22.24 -9.85488e-07
22.26 -6.98915e-06
22.28 -3.0264e-06
22.3 4.86131e-06
22.32 5.56567e-06
22.34 2.8178e-07
22.36 -5.97967e-07
22.38 5.43332e-06
22.4 9.97497e-06
22.42 7.12667e-06
22.44 1.64102e-06
22.46 1.39271e-06
22.48 6.20895e-06
22.5 7.70049e-06
22.52 1.41622e-06
22.54 -5.35956e-06
22.56 -4.16241e-06
22.58 1.77279e-06
22.6 2.95282e-06
22.62 -2.15701e-06
22.64 -5.76628e-06
22.66 -2.90939e-06
22.68 1.37762e-06
22.7 9.39444e-08
22.72 -4.89602e-06
22.74 -5.92224e-06
22.76 -1.87789e-06
22.78 7.59565e-08
22.8 -3.50049e-06
22.82 -6.45235e-06
22.84 -2.833e-06
22.86 3.18242e-06
22.88 3.4918e-06
22.9 -1.41664e-06
22.92 -3.57699e-06
22.94 5.03338e-07
22.96 5.18874e-06
22.98 4.3487e-06
23 -1.69637e-08
23.02 -1.64258e-06
23.04 5.7913e-07
23.06 1.71943e-06
23.08 -1.26233e-06
23.1 -4.72168e-06
23.12 -3.52991e-06
23.14 8.11301e-07
23.16 1.67935e-06
23.18 -2.27253e-06
23.2 -4.20175e-06
23.22 2.53134e-07
23.24 5.51234e-06
23.26 4.71523e-06
23.28 5.36938e-07
23.3 1.90457e-07
23.32 3.70198e-06
23.34 4.70011e-06
23.36 9.16694e-07
23.38 -2.82068e-06
23.4 -2.958e-06
23.42 -2.26476e-06
23.44 -3.59694e-06
23.46 -4.5328e-06
23.48 -2.14495e-06
23.5 8.3268e-07
23.52 -1.2462e-07
23.54 -3.32684e-06
23.56 -2.99326e-06
23.58 1.60243e-06
23.6 4.75376e-06
23.62 2.71479e-06
23.64 -8.50003e-07
23.66 -6.39915e-07
23.68 2.70515e-06
23.7 4.66671e-06
23.72 3.20608e-06
23.74 4.42159e-07
23.76 -4.30995e-07
23.78 8.3374e-07
23.8 1.60289e-06
23.82 6.77219e-07
23.84 -4.24243e-07
23.86 -8.41382e-07
23.88 -1.43509e-06
23.9 -2.16072e-06
23.92 -1.4675e-06
23.94 2.91205e-07
23.96 -4.74687e-08
23.98 -2.90077e-06
24 -3.94581e-06
24.02 -2.24304e-07
24.04 5.34193e-06
24.06 6.46193e-06
24.08 1.73636e-06
24.1 -2.48001e-06
24.12 -1.62183e-06
24.14 1.19138e-06
24.16 1.81613e-06
24.18 4.11405e-07
24.2 -1.3103e-06
24.22 -2.17342e-06
24.24 -1.49963e-06
24.26 1.08489e-07
24.28 1.60165e-06
24.3 2.25142e-06
24.32 1.34479e-06
24.34 -1.16569e-06
24.36 -3.60128e-06
24.38 -3.61187e-06
24.4 -1.47579e-06
24.42 5.46019e-08
24.44 -1.95343e-09
24.46 2.38235e-08
24.48 6.91146e-07
24.5 4.85161e-07
24.52 -8.21979e-07
24.54 -1.46548e-06
24.56 -4.2154e-07
24.58 1.31477e-06
24.6 1.87231e-06
24.62 7.81678e-07
24.64 8.23635e-09
24.66 1.26195e-06
24.68 2.89242e-06
24.7 1.79599e-06
24.72 -1.6263e-06
24.74 -3.0678e-06
24.76 -5.1939e-07
24.78 2.66443e-06
24.8 2.92064e-06
24.82 1.05144e-06
24.84 5.03568e-07
24.86 2.42475e-06
24.88 3.82953e-06
24.9 2.28768e-06
24.92 2.01967e-07
24.94 9.07101e-07
24.96 3.13038e-06
24.98 3.26612e-06
25 1.07503e-06
25.02 -2.05348e-07
25.04 1.13906e-06
25.06 2.89817e-06
25.08 2.28319e-06
25.1 -7.27333e-08
25.12 -8.39984e-07
25.14 1.23954e-06
25.16 3.09622e-06
25.18 1.79214e-06
25.2 -9.46589e-07
25.22 -1.5896e-06
25.24 -8.28486e-08
25.26 4.26485e-07
25.28 -1.63639e-06
25.3 -4.03601e-06
25.32 -4.06361e-06
25.34 -1.85242e-06
25.36 3.75853e-07
25.38 6.39286e-07
25.4 -9.01062e-07
25.42 -1.89309e-06
25.44 -8.50517e-07
25.46 5.4123e-07
25.48 -3.93184e-08
25.5 -1.88765e-06
25.52 -2.11955e-06
25.54 -5.44079e-08
25.56 1.64927e-06
25.58 1.10659e-06
25.6 -6.69308e-08
25.62 5.72955e-07
25.64 2.44503e-06
25.66 2.80016e-06
25.68 8.8769e-07
25.7 -9.10635e-07
25.72 -3.6482e-07
25.74 1.28175e-06
25.76 8.94332e-07
25.78 -1.50978e-06
25.8 -2.53371e-06
25.82 -8.84324e-07
25.84 8.34196e-07
25.86 5.47419e-07
25.88 -6.44606e-07
25.9 -9.93615e-07
25.92 -5.98108e-07
25.94 -5.16192e-07
25.96 -8.92852e-07
25.98 -1.18744e-06
26 -1.39242e-06
26.02 -1.82678e-06
26.04 -2.32715e-06
26.06 -2.19015e-06
26.08 -1.07427e-06
26.1 -1.09822e-07
26.12 -8.41543e-07
26.14 -2.53404e-06
26.16 -2.69444e-06
26.18 -8.46174e-07
26.2 6.60861e-07
26.22 1.39817e-07
26.24 -1.1834e-06
26.26 -1.08584e-06
26.28 4.79589e-07
26.3 1.22366e-06
26.32 4.44365e-08
26.34 -1.16432e-06
26.36 -7.37891e-07
26.38 1.52477e-07
26.4 -2.44717e-07
26.42 -1.46091e-06
26.44 -1.77383e-06
26.46 -7.79607e-07
26.48 4.78011e-07
26.5 9.90947e-07
26.52 4.38985e-07
26.54 -5.47632e-07
26.56 -7.4307e-07
26.58 4.37517e-07
26.6 2.15948e-06
26.62 2.76997e-06
26.64 1.65099e-06
26.66 1.53306e-07
26.68 -9.98886e-09
26.7 1.07082e-06
26.72 1.51337e-06
26.74 3.24453e-07
26.76 -1.00831e-06
26.78 -9.76222e-07
26.8 -1.55896e-07
26.82 3.89778e-09
26.84 -9.20308e-07
26.86 -1.75243e-06
26.88 -1.44604e-06
26.9 -7.6228e-07
26.92 -6.74272e-07
26.94 -6.41255e-07
26.96 1.17997e-07
26.98 8.73657e-07
27 2.83233e-07
27.02 -9.44159e-07
27.04 -6.19887e-07
27.06 1.05008e-06
27.08 1.33331e-06
27.1 -5.72582e-07
27.12 -1.90676e-06
27.14 -4.8072e-07
27.16 1.72328e-06
27.18 1.35985e-06
27.2 -1.19594e-06
27.22 -2.35108e-06
27.24 -6.3561e-07
27.26 1.19951e-06
27.28 5.21076e-07
27.3 -1.30084e-06
27.32 -1.28781e-06
27.34 7.25782e-07
27.36 2.07538e-06
27.38 1.2808e-06
27.4 -6.29655e-08
27.42 1.65106e-08
27.44 1.35551e-06
27.46 2.17667e-06
27.48 1.30249e-06
27.5 -2.52048e-07
27.52 -8.10717e-07
27.54 -5.83109e-07
27.56 -8.90764e-07
27.58 -1.86555e-06
27.6 -2.38431e-06
27.62 -1.94252e-06
27.64 -1.57174e-06
27.66 -2.04519e-06
27.68 -2.45988e-06
27.7 -1.7681e-06
27.72 -3.32225e-07
27.74 8.35476e-07
27.76 1.43953e-06
27.78 1.82364e-06
27.8 2.12261e-06
27.82 2.20095e-06
27.84 2.06741e-06
27.86 1.78842e-06
27.88 1.21732e-06
27.9 4.29127e-07
27.92 -7.98644e-08
27.94 -1.04973e-07
27.96 1.26953e-07
27.98 2.933e-07
28 7.07759e-08
28.02 -2.887e-07
28.04 -2.10825e-07
28.06 1.68492e-08
28.08 -2.80331e-07
28.1 -9.8342e-07
28.12 -1.07878e-06
28.14 -6.37711e-08
28.16 6.56435e-07
28.18 -1.29895e-07
28.2 -8.5689e-07
28.22 2.6765e-07
28.24 2.09252e-06
28.26 2.59663e-06
28.28 2.01132e-06
28.3 2.00464e-06
28.32 2.97976e-06
28.34 3.43989e-06
28.36 1.06734e-06
28.38 -3.83081e-06
28.4 -6.23183e-06
28.42 -2.55481e-06
28.44 2.78492e-06
28.46 2.24256e-06
28.48 -3.44743e-06
28.5 -5.44792e-06
28.52 -2.98644e-07
28.54 4.93627e-06
28.56 3.64888e-06
28.58 -1.06987e-06
28.6 -2.23661e-06
28.62 4.39593e-07
28.64 1.7642e-06
28.66 3.25862e-07
28.68 -2.55334e-07
28.7 1.64441e-06
28.72 3.00309e-06
28.74 9.59237e-07
28.76 -2.7675e-06
28.78 -3.57005e-06
28.8 4.6489e-08
28.82 3.44591e-06
28.84 1.61785e-06
28.86 -2.81486e-06
28.88 -2.84966e-06
28.9 1.91399e-06
28.92 4.71059e-06
28.94 2.2912e-06
28.96 -7.97383e-07
28.98 -1.38494e-07
29 1.89509e-06
29.02 1.06711e-06
29.04 -1.03001e-06
29.06 -4.62306e-08
29.08 2.86896e-06
29.1 2.64607e-06
29.12 -1.14602e-06
29.14 -3.4185e-06
29.16 -1.4565e-06
29.18 1.14306e-06
29.2 3.06034e-07
29.22 -2.35094e-06
29.24 -2.67773e-06
29.26 -6.06021e-07
29.28 6.01496e-07
29.3 -2.49524e-07
29.32 -1.34467e-06
29.34 -1.18591e-06
29.36 -2.7763e-07
29.38 3.50271e-07
29.4 5.93192e-07
29.42 6.72315e-07
29.44 4.83408e-07
29.46 1.09e-07
29.48 3.97656e-08
29.5 3.8042e-07
29.52 5.61509e-07
29.54 4.52924e-08
29.56 -1.19861e-06
29.58 -2.31105e-06
29.6 -1.94027e-06
29.62 -2.29628e-07
29.64 5.1872e-07
29.66 -9.80368e-07
29.68 -2.57233e-06
29.7 -1.92e-06
29.72 -1.55773e-07
29.74 8.18929e-08
29.76 -1.25422e-06
29.78 -1.60426e-06
29.8 -1.64104e-08
29.82 1.31157e-06
29.84 8.13682e-07
29.86 -1.01705e-07
29.88 3.29226e-07
29.9 1.53617e-06
29.92 1.94489e-06
29.94 1.38969e-06
29.96 8.52419e-07
29.98 6.83696e-07
30 1.42156e-07
30.02 -1.11368e-06
30.04 -2.04499e-06
30.06 -1.73491e-06
30.08 -1.07519e-06
30.1 -1.30143e-06
30.12 -1.71217e-06
30.14 -8.22917e-07
30.16 9.51703e-07
30.18 1.70528e-06
30.2 9.16161e-07
30.22 5.32381e-08
30.24 3.22955e-07
30.26 1.30677e-06
30.28 1.86795e-06
30.3 1.68495e-06
30.32 1.50432e-06
30.34 1.63473e-06
30.36 1.43943e-06
30.38 7.41318e-07
30.4 1.12276e-07
30.42 -1.30984e-07
30.44 -5.28611e-07
30.46 -1.64815e-06
30.48 -2.72294e-06
30.5 -2.36274e-06
30.52 -6.42405e-07
30.54 5.68257e-07
30.56 2.44163e-09
30.58 -1.04591e-06
30.6 -5.6868e-07
30.62 1.16783e-06
30.64 2.1684e-06
30.66 1.65248e-06
30.68 8.69862e-07
30.7 1.13258e-06
30.72 1.9675e-06
30.74 1.59824e-06
30.76 -1.97638e-07
30.78 -1.10665e-06
30.8 2.12575e-08
30.82 1.07432e-06
30.84 3.22273e-07
30.86 -8.94497e-07
30.88 -5.59306e-07
30.9 1.17639e-06
30.92 2.42004e-06
30.94 1.91857e-06
30.96 5.08435e-07
30.98 4.72032e-09
31 5.96712e-07
31.02 6.53503e-07
31.04 -3.90445e-07
31.06 -1.11715e-06
31.08 -7.82714e-07
31.1 -4.23665e-07
31.12 -5.99143e-07
31.14 -3.99447e-07
31.16 5.89811e-07
31.18 1.25953e-06
31.2 7.31353e-07
31.22 -1.75262e-07
31.24 -8.46105e-08
31.26 9.83773e-07
31.28 1.50961e-06
31.3 6.18349e-07
31.32 -4.30476e-07
31.34 -2.95803e-08
31.36 1.27832e-06
31.38 1.48658e-06
31.4 3.174e-07
31.42 -1.52546e-07
31.44 9.17017e-07
31.46 1.62315e-06
31.48 6.87719e-07
31.5 -6.52355e-07
31.52 -9.14583e-07
31.54 -3.27579e-07
31.56 -8.31609e-08
31.58 -6.30698e-07
31.6 -1.15269e-06
31.62 -7.96926e-07
31.64 -1.30734e-07
31.66 -3.88058e-07
31.68 -1.38731e-06
31.7 -1.7583e-06
31.72 -1.1031e-06
31.74 -4.27577e-07
31.76 -5.28289e-07
31.78 -9.67546e-07
31.8 -8.60682e-07
31.82 -2.92001e-07
31.84 -1.37629e-07
31.86 -3.68295e-07
31.88 -4.31522e-08
31.9 7.95816e-07
31.92 9.97046e-07
31.94 2.89416e-07
31.96 -8.25963e-08
31.98 6.87108e-07
32 1.50796e-06
32.02 9.68606e-07
32.04 -4.72871e-07
32.06 -1.10166e-06
32.08 -4.51144e-07
32.1 1.4908e-07
32.12 -3.7415e-07
32.14 -1.42338e-06
32.16 -1.6254e-06
32.18 -7.10561e-07
32.2 3.78502e-08
32.22 -4.1633e-07
32.24 -1.33326e-06
32.26 -1.33765e-06
32.28 -4.68491e-07
32.3 -4.95744e-08
32.32 -7.30791e-07
32.34 -1.60537e-06
32.36 -1.48932e-06
32.38 -6.40641e-07
32.4 -4.41149e-07
32.42 -1.18573e-06
32.44 -1.61e-06
32.46 -9.54873e-07
32.48 -3.54913e-08
32.5 -5.60736e-08
32.52 -1.00646e-06
32.54 -1.47504e-06
32.56 -5.13748e-07
32.58 7.22571e-07
32.6 5.19134e-07
32.62 -6.215e-07
32.64 -6.014e-07
32.66 9.44211e-07
32.68 1.96604e-06
32.7 1.1182e-06
32.72 -2.82929e-07
32.74 -4.04465e-07
32.76 2.56617e-07
32.78 -7.93541e-08
32.8 -1.26936e-06
32.82 -1.51725e-06
32.84 -3.01632e-07
32.86 9.17846e-07
32.88 9.54991e-07
32.9 6.2919e-07
32.92 1.1493e-06
32.94 1.92475e-06
32.96 1.6245e-06
32.98 4.90893e-07
33 -1.00612e-07
33.02 1.84522e-07
33.04 3.8965e-07
33.06 -3.01237e-08
33.08 -4.81152e-07
33.1 -3.937e-07
33.12 -1.58441e-07
33.14 -3.17034e-07
33.16 -5.48044e-07
33.18 -3.7175e-07
33.2 3.14066e-08
33.22 3.09726e-07
33.24 3.18157e-07
33.26 1.24531e-07
33.28 -9.41167e-08
33.3 -3.72022e-07
33.32 -6.34973e-07
33.34 -3.14038e-07
33.36 7.11303e-07
33.38 1.36522e-06
33.4 7.03149e-07
33.42 -5.06618e-07
33.44 -6.04105e-07
33.46 5.79183e-07
33.48 1.20713e-06
33.5 9.94282e-08
33.52 -1.2791e-06
33.54 -1.07983e-06
33.56 1.74446e-07
33.58 7.78474e-07
33.6 3.35732e-07
33.62 -1.92908e-07
33.64 -1.24386e-07
33.66 5.85865e-08
33.68 -4.25997e-07
33.7 -1.24419e-06
33.72 -1.24627e-06
33.74 -4.28439e-07
33.76 -7.41582e-08
33.78 -4.22188e-07
33.8 -1.99075e-07
33.82 9.57906e-07
33.84 1.65533e-06
33.86 1.10625e-06
33.88 4.26045e-07
33.9 7.94842e-07
33.92 1.70558e-06
33.94 1.79586e-06
33.96 9.1675e-07
33.98 4.51335e-07
34 1.16106e-06
34.02 1.80692e-06
34.04 1.10983e-06
34.06 -6.96429e-08
34.08 -2.51681e-07
34.1 2.42515e-07
34.12 2.54725e-07
34.14 -3.33569e-07
34.16 -7.74911e-07
34.18 -5.56985e-07
34.2 -1.02912e-08
34.22 1.64835e-07
34.24 -2.12919e-07
34.26 -6.30172e-07
34.28 -5.21053e-07
34.3 6.72171e-08
34.32 4.52547e-07
34.34 1.211e-07
34.36 -3.85972e-07
34.38 5.49602e-08
34.4 1.35839e-06
34.42 2.00012e-06
34.44 1.33433e-06
34.46 5.85955e-07
34.48 8.25997e-07
34.5 1.27155e-06
34.52 6.30762e-07
34.54 -7.21321e-07
34.56 -1.25772e-06
34.58 -5.1386e-07
34.6 4.13475e-07
34.62 5.45272e-07
34.64 1.48267e-07
34.66 -4.17229e-08
34.68 8.17398e-08
34.7 4.62158e-08
34.72 -3.70579e-07
34.74 -8.20247e-07
34.76 -9.26306e-07
34.78 -6.74632e-07
34.8 -2.76734e-07
34.82 -2.77907e-08
34.84 6.11293e-08
34.86 3.47005e-07
34.88 7.25016e-07
34.9 6.84188e-07
34.92 4.61969e-07
34.94 7.4099e-07
34.96 1.3849e-06
34.98 1.61213e-06
35 1.04436e-06
35.02 2.09429e-07
35.04 8.36837e-09
35.06 4.0927e-07
35.08 3.33134e-07
35.1 -5.97238e-07
35.12 -1.32039e-06
35.14 -1.15077e-06
35.16 -9.23852e-07
35.18 -1.34693e-06
35.2 -1.70129e-06
35.22 -1.04799e-06
35.24 1.53329e-07
35.26 5.31183e-07
35.28 -2.20843e-07
35.3 -8.25494e-07
35.32 -1.91734e-07
35.34 8.39969e-07
35.36 5.99836e-07
35.38 -5.85715e-07
35.4 -6.79421e-07
35.42 7.59728e-07
35.44 1.83459e-06
35.46 1.13963e-06
35.48 -2.47933e-07
35.5 -3.9369e-07
35.52 4.82274e-07
35.54 4.5619e-07
35.56 -7.87821e-07
35.58 -1.63064e-06
35.6 -1.36285e-06
35.62 -9.97129e-07
35.64 -1.25324e-06
35.66 -1.48608e-06
35.68 -1.0124e-06
35.7 -3.8007e-07
35.72 -3.42005e-07
35.74 -6.53157e-07
35.76 -8.46193e-07
35.78 -6.24065e-07
35.8 3.83416e-07
35.82 1.42943e-06
35.84 8.68871e-07
35.86 -7.96796e-07
35.88 -1.13573e-06
35.9 2.59897e-08
35.92 3.99979e-07
35.94 -3.17208e-07
35.96 2.04876e-07
35.98 2.06442e-06
36 2.03749e-06
36.02 -5.36988e-07
36.04 -1.81067e-06
36.06 1.38012e-07
36.08 2.22691e-06
36.1 1.80718e-06
36.12 4.06604e-07
36.14 1.13418e-07
36.16 2.23211e-07
36.18 1.39615e-08
36.2 5.55666e-07
36.22 1.67375e-06
36.24 1.64341e-06
36.26 1.25935e-07
36.28 -1.55337e-06
36.3 -2.10988e-06
36.32 -1.60267e-06
36.34 -1.30195e-06
36.36 -1.60222e-06
36.38 -1.46965e-06
36.4 -4.67665e-07
36.42 6.73281e-07
36.44 1.14384e-06
36.46 4.29023e-07
36.48 -7.83033e-07
36.5 -3.54367e-08
36.52 3.36641e-06
36.54 5.6005e-06
36.56 3.41227e-06
36.58 -1.84773e-07
36.6 -4.13048e-08
36.62 2.96904e-06
36.64 3.06592e-06
36.66 -7.70029e-07
36.68 -2.86352e-06
36.7 -1.02026e-06
36.72 -1.0243e-07
36.74 -2.23927e-06
36.76 -2.50862e-06
36.78 1.27684e-06
36.8 2.91958e-06
36.82 -1.4825e-06
36.84 -5.3009e-06
36.86 -2.12904e-06
36.88 2.93929e-06
36.9 1.31902e-06
36.92 -5.04108e-06
36.94 -6.5855e-06
36.96 -8.37258e-07
36.98 5.05064e-06
37 4.55055e-06
37.02 -6.84261e-07
37.04 -2.80799e-06
37.06 2.1135e-06
37.08 7.55351e-06
37.1 5.14972e-06
37.12 -2.07676e-06
37.14 -3.97328e-06
37.16 8.76892e-07
37.18 3.61387e-06
37.2 -5.74411e-07
37.22 -5.96246e-06
37.24 -6.31408e-06
37.26 -2.7616e-06
37.28 4.50191e-07
37.3 1.07535e-06
37.32 -5.5866e-07
37.34 -2.28655e-06
37.36 -2.29808e-06
37.38 -1.13361e-06
37.4 -5.68214e-07
37.42 -8.46403e-07
37.44 -5.79405e-07
37.46 6.21458e-07
37.48 1.68407e-06
37.5 1.82134e-06
37.52 1.21084e-06
37.54 7.03533e-07
37.56 1.39943e-06
37.58 3.24793e-06
37.6 4.07196e-06
37.62 2.19194e-06
37.64 -7.86954e-07
37.66 -2.01959e-06
37.68 -6.72555e-07
37.7 1.57328e-06
37.72 1.92206e-06
37.74 -3.26604e-07
37.76 -2.16575e-06
37.78 -8.94961e-07
37.8 1.60577e-06
37.82 1.02252e-06
37.84 -3.20101e-06
37.86 -5.99556e-06
37.88 -3.54812e-06
37.9 5.42209e-07
37.92 9.0883e-07
37.94 -1.38145e-06
37.96 -1.79717e-06
37.98 2.29209e-07
38 1.55111e-06
38.02 6.76805e-07
38.04 -5.58982e-07
38.06 -1.37107e-07
38.08 1.16556e-06
38.1 1.16621e-06
38.12 -7.48454e-08
38.14 -6.59462e-07
38.16 1.05673e-07
38.18 1.22744e-06
38.2 1.63023e-06
38.22 1.54416e-06
38.24 1.65756e-06
38.26 1.39471e-06
38.28 -9.28681e-08
38.3 -1.96044e-06
38.32 -2.37011e-06
38.34 -9.26885e-07
38.36 4.90743e-07
38.38 -2.53958e-08
38.4 -1.48464e-06
38.42 -1.15034e-06
38.44 1.26671e-06
38.46 2.99733e-06
38.48 1.98172e-06
38.5 -4.37273e-07
38.52 -1.39679e-06
38.54 -4.03836e-07
38.56 3.47975e-07
38.58 -6.25897e-07
38.6 -2.2178e-06
38.62 -2.47077e-06
38.64 -1.23551e-06
38.66 -2.28674e-07
38.68 -4.59645e-07
38.7 -9.99073e-07
38.72 -6.5847e-07
38.74 4.2119e-07
38.76 1.20722e-06
38.78 1.1421e-06
38.8 6.9947e-07
38.82 5.38509e-07
38.84 4.74471e-07
38.86 -1.65119e-07
38.88 -1.19533e-06
38.9 -1.52467e-06
38.92 -9.48549e-07
38.94 -6.39463e-07
38.96 -1.08235e-06
38.98 -1.08874e-06
39 2.17325e-07
39.02 1.79108e-06
39.04 2.18424e-06
39.06 1.74522e-06
39.08 1.99814e-06
39.1 3.17172e-06
39.12 3.57214e-06
39.14 1.86531e-06
39.16 -7.43261e-07
39.18 -1.73579e-06
39.2 -6.08946e-07
39.22 4.75886e-07
39.24 -1.77437e-07
39.26 -1.44949e-06
39.28 -1.23922e-06
39.3 2.67362e-07
39.32 8.55808e-07
39.34 -2.87395e-07
39.36 -1.45904e-06
39.38 -1.23388e-06
39.4 -3.51305e-07
39.42 -1.06965e-07
39.44 -5.36974e-07
39.46 -8.41167e-07
39.48 -5.74318e-07
39.5 1.62293e-08
39.52 5.01389e-07
39.54 6.92118e-07
39.56 5.92767e-07
39.58 3.32264e-07
39.6 2.65411e-07
39.62 8.31878e-07
39.64 1.83469e-06
39.66 2.33084e-06
39.68 1.84824e-06
39.7 1.17667e-06
39.72 1.19084e-06
39.74 1.34508e-06
39.76 6.06485e-07
39.78 -5.66115e-07
39.8 -8.9441e-07
39.82 -3.58986e-07
39.84 -3.13368e-08
39.86 -4.33472e-07
39.88 -9.69236e-07
39.9 -8.86123e-07
39.92 -3.08018e-07
39.94 1.30007e-07
39.96 1.98847e-07
39.98 3.39244e-08
40 -2.01861e-07
40.02 -2.79512e-07
40.04 -9.58961e-08
40.06 1.16695e-07
40.08 -2.33561e-08
40.1 -3.57847e-07
40.12 -9.42127e-08
40.14 7.56452e-07
40.16 1.03584e-06
40.18 4.0151e-07
40.2 -1.16495e-07
40.22 7.73134e-09
40.24 1.48724e-07
40.26 -2.56195e-07
40.28 -9.16513e-07
40.3 -1.10021e-06
40.32 -6.46446e-07
40.34 -2.27045e-07
40.36 -3.49283e-07
40.38 -6.52313e-07
40.4 -4.34219e-07
40.42 4.85296e-07
40.44 1.39282e-06
40.46 1.5303e-06
40.48 1.15026e-06
40.5 1.00364e-06
40.52 1.20918e-06
40.54 1.04691e-06
40.56 6.09995e-08
40.58 -7.01497e-07
40.6 -1.99831e-08
40.62 1.10952e-06
40.64 6.61602e-07
40.66 -1.36515e-06
40.68 -2.77849e-06
40.7 -2.05675e-06
40.72 -5.11725e-07
40.74 -4.86685e-07
40.76 -2.00319e-06
40.78 -2.8961e-06
40.8 -1.91786e-06
40.82 -1.13215e-07
40.84 8.06888e-07
40.86 5.78443e-07
40.88 3.40609e-07
40.9 5.59598e-07
40.92 5.95335e-07
40.94 3.9417e-07
40.96 5.47096e-07
40.98 1.00747e-06
41 1.26248e-06
41.02 1.05863e-06
41.04 4.99713e-07
41.06 1.1855e-07
41.08 2.69056e-07
41.1 5.04085e-07
41.12 3.63079e-07
41.14 -1.90636e-08
41.16 -3.30795e-07
41.18 -5.52406e-07
41.2 -8.85293e-07
41.22 -1.29142e-06
41.24 -1.40802e-06
41.26 -1.05565e-06
41.28 -7.00118e-07
41.3 -8.73138e-07
41.32 -1.1635e-06
41.34 -8.17748e-07
41.36 -6.72509e-08
41.38 2.76316e-07
41.4 7.41467e-08
41.42 1.54726e-08
41.44 6.5759e-07
41.46 1.5557e-06
41.48 1.77061e-06
41.5 1.17175e-06
41.52 6.58818e-07
41.54 9.25052e-07
41.56 1.52643e-06
41.58 1.49426e-06
41.6 6.01594e-07
41.62 -2.69532e-07
41.64 -2.81826e-07
41.66 2.04125e-07
41.68 2.51101e-07
41.7 -3.10295e-07
41.72 -8.76537e-07
41.74 -1.11477e-06
41.76 -1.23486e-06
41.78 -1.3526e-06
41.8 -1.34965e-06
41.82 -1.08905e-06
41.84 -4.63136e-07
41.86 3.19595e-07
41.88 7.40469e-07
41.9 6.70313e-07
41.92 6.69001e-07
41.94 1.13262e-06
41.96 1.63608e-06
41.98 1.58435e-06
42 1.03114e-06
42.02 5.16969e-07
42.04 2.9696e-07
42.06 7.70992e-08
42.08 -3.47514e-07
42.1 -5.85443e-07
42.12 -2.43331e-07
42.14 3.35402e-07
42.16 4.92154e-07
42.18 1.03088e-07
42.2 -3.16811e-07
42.22 -2.76812e-07
42.24 9.51166e-09
42.26 -5.76357e-08
42.28 -5.83418e-07
42.3 -1.06882e-06
42.32 -1.1348e-06
42.34 -9.09295e-07
42.36 -5.91691e-07
42.38 -3.04813e-07
42.4 -1.58234e-07
42.42 4.34752e-08
42.44 4.17005e-07
42.46 6.1776e-07
42.48 4.65265e-07
42.5 2.39115e-07
42.52 2.9994e-07
42.54 6.52616e-07
42.56 8.88984e-07
42.58 7.22873e-07
42.6 4.0116e-07
42.62 3.988e-07
42.64 6.98564e-07
42.66 7.40317e-07
42.68 3.3444e-07
42.7 4.20637e-08
42.72 3.10673e-07
42.74 7.1204e-07
42.76 4.61241e-07
42.78 -3.54772e-07
42.8 -6.44146e-07
42.82 2.16499e-08
42.84 4.44461e-07
42.86 -3.50334e-07
42.88 -1.42558e-06
42.9 -1.36799e-06
42.92 -3.87877e-07
42.94 5.33977e-08
42.96 -6.9438e-07
42.98 -1.55756e-06
43 -1.21176e-06
43.02 6.91788e-08
43.04 7.94256e-07
43.06 3.48252e-07
43.08 -2.86133e-07
43.1 -3.9934e-08
43.12 8.27546e-07
43.14 1.18203e-06
43.16 6.96234e-07
43.18 2.7381e-07
43.2 5.10659e-07
43.22 7.98366e-07
43.24 4.41834e-07
43.26 -2.80216e-07
43.28 -6.04646e-07
43.3 -4.26845e-07
43.32 -4.38789e-07
43.34 -9.75988e-07
43.36 -1.47412e-06
43.38 -1.36916e-06
43.4 -8.93357e-07
43.42 -5.58041e-07
43.44 -3.61603e-07
43.46 -3.13633e-08
43.48 4.3464e-07
43.5 7.91514e-07
43.52 8.86052e-07
43.54 8.08207e-07
43.56 7.01701e-07
43.58 5.73682e-07
43.6 3.15549e-07
43.62 -3.33871e-08
43.64 -2.08542e-07
43.66 -8.89863e-08
43.68 5.64433e-08
43.7 -1.21901e-07
43.72 -5.01953e-07
43.74 -5.4636e-07
43.76 -1.9142e-07
43.78 -6.80408e-09
43.8 -1.42855e-07
43.82 -1.46846e-07
43.84 1.32438e-07
43.86 2.30658e-07
43.88 -1.91149e-07
43.9 -6.6939e-07
43.92 -5.52041e-07
43.94 -8.67775e-08
43.96 -1.29366e-07
43.98 -7.04628e-07
44 -8.83532e-07
44.02 -2.89143e-07
44.04 3.24178e-07
44.06 2.47274e-07
44.08 -2.26052e-07
44.1 -3.50798e-07
44.12 3.14217e-08
44.14 3.40945e-07
44.16 1.29059e-07
44.18 -3.35535e-07
44.2 -5.28929e-07
44.22 -4.02085e-07
44.24 -3.4145e-07
44.26 -5.40242e-07
44.28 -7.91188e-07
44.3 -8.19106e-07
44.32 -5.84743e-07
44.34 -2.50341e-07
44.36 -5.99047e-08
44.38 -1.09705e-07
44.4 -7.70662e-08
44.42 3.30755e-07
44.44 8.1055e-07
44.46 9.51969e-07
44.48 7.63836e-07
44.5 4.25664e-07
44.52 9.37177e-08
44.54 -1.0614e-07
44.56 -2.1071e-07
44.58 -3.64619e-07
44.6 -5.89373e-07
44.62 -7.21326e-07
44.64 -6.10788e-07
44.66 -3.49132e-07
44.68 -2.13565e-07
44.7 -3.12412e-07
44.72 -3.3783e-07
44.74 -5.12515e-08
44.76 2.79452e-07
44.78 3.12818e-07
44.8 6.79421e-08
44.82 -1.44289e-07
44.84 -3.80878e-08
44.86 3.14208e-07
44.88 5.35952e-07
44.9 3.89712e-07
44.92 6.89616e-08
44.94 -2.85779e-08
44.96 1.50854e-07
44.98 2.25714e-07
45 -5.68855e-08
45.02 -4.05528e-07
45.04 -3.50284e-07
45.06 8.67225e-08
45.08 3.68026e-07
45.1 1.22905e-07
45.12 -2.60921e-07
45.14 -1.75578e-07
45.16 2.12781e-07
45.18 2.32707e-07
45.2 -2.16294e-07
45.22 -4.26024e-07
45.24 1.1911e-07
45.26 9.17637e-07
45.28 1.1076e-06
45.3 6.03795e-07
45.32 2.14899e-07
45.34 5.227e-07
45.36 8.56419e-07
45.38 3.3929e-07
45.4 -5.89659e-07
45.42 -7.3834e-07
45.44 1.52273e-07
45.46 7.73224e-07
45.48 8.67845e-08
45.5 -9.13955e-07
45.52 -7.40589e-07
45.54 2.43144e-07
45.56 4.33056e-07
45.58 -4.55141e-07
45.6 -9.84865e-07
45.62 -2.85424e-07
45.64 6.01231e-07
45.66 2.68401e-07
45.68 -8.56939e-07
45.7 -1.07221e-06
45.72 -1.73083e-08
45.74 7.30423e-07
45.76 7.06011e-09
45.78 -1.13571e-06
45.8 -8.97308e-07
45.82 5.30872e-07
45.84 1.17561e-06
45.86 2.96181e-07
45.88 -5.06746e-07
45.9 1.61768e-07
45.92 1.38478e-06
45.94 1.47678e-06
45.96 4.61253e-07
45.98 -2.72983e-07
46 -1.13259e-07
46.02 3.02003e-07
46.04 2.66339e-07
46.06 -1.42188e-07
46.08 -3.43715e-07
46.1 -2.8574e-07
46.12 -3.65746e-07
46.14 -6.06839e-07
46.16 -7.39228e-07
46.18 -5.32921e-07
46.2 2.29596e-08
46.22 4.31132e-07
46.24 1.35848e-07
46.26 -3.87029e-07
46.28 -1.28823e-07
46.3 6.12178e-07
46.32 6.58991e-07
46.34 1.9318e-08
46.36 -2.64004e-07
46.38 2.09783e-07
46.4 6.99296e-07
46.42 4.28361e-07
46.44 -2.03369e-07
46.46 -1.93999e-07
46.48 3.76346e-07
46.5 4.60093e-07
46.52 -1.68948e-07
46.54 -5.92823e-07
46.56 -2.28239e-07
46.58 3.30767e-07
46.6 2.3222e-07
46.62 -3.50363e-07
46.64 -5.1622e-07
46.66 -5.3499e-08
46.68 2.49463e-07
46.7 -1.62746e-07
46.72 -6.89895e-07
46.74 -4.5959e-07
46.76 2.25412e-07
46.78 4.14631e-07
46.8 3.58303e-08
46.82 -1.17371e-07
46.84 3.53039e-07
46.86 6.42262e-07
46.88 8.0869e-10
46.9 -7.90421e-07
46.92 -6.24826e-07
46.94 2.68171e-07
46.96 7.2935e-07
46.98 2.22006e-07
47 -4.70404e-07
47.02 -4.12719e-07
47.04 2.11944e-07
47.06 4.84248e-07
47.08 -8.91469e-08
47.1 -8.30996e-07
47.12 -5.58448e-07
47.14 4.76155e-07
47.16 6.20508e-07
47.18 -5.11755e-07
47.2 -1.27501e-06
47.22 -4.88835e-07
47.24 7.51631e-07
47.26 6.86307e-07
47.28 -3.64736e-07
47.3 -4.72974e-07
47.32 8.34734e-07
47.34 1.89978e-06
47.36 1.52446e-06
47.38 5.55056e-07
47.4 2.87655e-07
47.42 4.59958e-07
47.44 -4.22596e-08
47.46 -9.33593e-07
47.48 -7.83642e-07
47.5 3.58413e-07
47.52 7.30403e-07
47.54 -1.86549e-07
47.56 -6.81304e-07
47.58 1.90123e-07
47.6 9.55547e-07
47.62 2.65023e-07
47.64 -9.35791e-07
47.66 -1.02838e-06
47.68 -1.85922e-07
47.7 1.40669e-07
47.72 -4.62877e-07
47.74 -8.00564e-07
47.76 -5.7202e-08
47.78 8.08132e-07
47.8 5.84137e-07
47.82 -2.90738e-07
47.84 -5.16211e-07
47.86 3.85475e-08
47.88 2.781e-07
47.9 -3.1049e-07
47.92 -7.92228e-07
47.94 -3.71791e-07
47.96 2.25156e-07
47.98 4.89092e-08
48 -4.74939e-07
48.02 -3.07768e-07
48.04 4.85012e-07
48.06 7.27754e-07
48.08 -1.3077e-07
48.1 -1.06284e-06
48.12 -7.37486e-07
48.14 5.97748e-07
48.16 1.08544e-06
48.18 -1.45798e-07
48.2 -1.35479e-06
48.22 -7.93039e-07
48.24 5.61842e-07
48.26 7.05413e-07
48.28 -3.70247e-07
48.3 -8.35663e-07
48.32 2.86986e-07
48.34 1.50649e-06
48.36 1.01301e-06
48.38 -3.97653e-07
48.4 -5.56187e-07
48.42 7.00936e-07
48.44 1.38101e-06
48.46 4.68325e-07
48.48 -6.54096e-07
48.5 -5.16398e-07
48.52 3.44233e-07
48.54 3.58098e-07
48.56 -7.22097e-07
48.58 -1.37293e-06
48.6 -6.54414e-07
48.62 2.86854e-07
48.64 5.25629e-09
48.66 -9.43132e-07
48.68 -7.73995e-07
48.7 5.82794e-07
48.72 1.21546e-06
48.74 2.54075e-07
48.76 -7.1968e-07
48.78 -1.22889e-07
48.8 1.07742e-06
48.82 9.5266e-07
48.84 -2.66636e-07
48.86 -6.75449e-07
48.88 2.84113e-07
48.9 1.05545e-06
48.92 4.51472e-07
48.94 -5.59494e-07
48.96 -4.525e-07
48.98 5.23579e-07
49 8.21399e-07
49.02 1.07223e-08
49.04 -6.17908e-07
49.06 -1.12242e-07
49.08 7.05286e-07
49.1 5.69077e-07
49.12 -1.76073e-07
49.14 -1.61436e-07
49.16 7.04139e-07
49.18 1.06764e-06
49.2 2.41952e-07
49.22 -5.94343e-07
49.24 -2.01712e-07
49.26 5.87444e-07
49.28 2.77836e-07
49.3 -7.54859e-07
49.32 -9.4844e-07
49.34 -3.27898e-08
49.36 6.29558e-07
49.38 9.46441e-08
49.4 -7.4306e-07
49.42 -4.96294e-07
49.44 5.04979e-07
49.46 7.56914e-07
49.48 -3.87946e-08
49.5 -6.29392e-07
49.52 -2.42799e-07
49.54 3.02828e-07
49.56 9.78436e-08
49.58 -4.74624e-07
49.6 -6.16652e-07
49.62 -3.90925e-07
49.64 -4.77381e-07
49.66 -1.03607e-06
49.68 -1.36442e-06
49.7 -1.00618e-06
49.72 -4.8846e-07
49.74 -4.17457e-07
49.76 -5.60345e-07
49.78 -3.19797e-07
49.8 1.858e-07
49.82 2.18962e-07
49.84 -2.87728e-07
49.86 -4.30429e-07
49.88 2.48056e-07
49.9 8.8524e-07
49.92 5.5359e-07
49.94 -2.56709e-07
49.96 -4.20914e-07
49.98 7.95588e-08
50 2.80784e-07
50.02 -2.4136e-07
50.04 -7.54582e-07
50.06 -4.16201e-07
50.08 4.23844e-07
50.1 5.73719e-07
50.12 -2.29553e-07
50.14 -8.55354e-07
50.16 -5.03029e-07
50.18 2.24147e-07
50.2 3.3194e-07
50.22 -2.68886e-07
50.24 -7.42981e-07
50.26 -4.23147e-07
50.28 2.50302e-07
50.3 3.3486e-07
50.32 -1.39417e-07
50.34 -2.38017e-07
50.36 2.6712e-07
50.38 5.52991e-07
50.4 2.00905e-07
50.42 -1.58855e-07
50.44 1.00125e-07
50.46 6.4132e-07
50.48 6.33509e-07
50.5 -2.97894e-08
50.52 -4.9044e-07
50.54 -1.40204e-07
50.56 5.15677e-07
50.58 6.00001e-07
50.6 1.29029e-07
50.62 -6.31346e-08
50.64 2.96704e-07
50.66 5.26567e-07
50.68 2.00008e-07
50.7 -1.61536e-07
50.72 1.49453e-10
50.74 3.79386e-07
50.76 3.12199e-07
50.78 -1.67993e-07
50.8 -3.55514e-07
50.82 -6.30032e-08
50.84 9.10283e-09
50.86 -4.66637e-07
50.88 -8.23571e-07
50.9 -5.64077e-07
50.92 -1.45949e-07
50.94 -1.74035e-07
50.96 -5.76942e-07
50.98 -8.10558e-07
51 -5.67298e-07
51.02 -1.584e-07
51.04 -1.11432e-07
51.06 -3.91956e-07
51.08 -4.38573e-07
51.1 -1.08798e-07
51.12 1.22375e-07
51.14 -5.90139e-08
51.16 -4.17621e-07
51.18 -5.01695e-07
51.2 -1.82376e-07
51.22 1.34555e-07
51.24 4.44851e-08
51.26 -1.71292e-07
51.28 7.60135e-08
51.3 7.12911e-07
51.32 1.108e-06
51.34 7.69607e-07
51.36 -3.89478e-07
51.38 -1.72539e-06
51.4 -2.17072e-06
51.42 -1.31568e-06
51.44 2.63018e-07
51.46 1.46669e-06
51.48 1.32899e-06
51.5 1.24088e-07
51.52 -4.18074e-07
51.54 5.21093e-07
51.56 1.37021e-06
51.58 6.61982e-07
51.6 -7.50579e-07
51.62 -1.07702e-06
51.64 2.58388e-08
51.66 1.13812e-06
51.68 1.03445e-06
51.7 2.21496e-07
51.72 5.57995e-09
51.74 5.50907e-07
51.76 7.80817e-07
51.78 1.1558e-07
51.8 -7.60721e-07
51.82 -9.59233e-07
51.84 -4.3438e-07
51.86 1.48496e-07
51.88 1.93357e-07
51.9 -1.76997e-07
51.92 -3.18642e-07
51.94 4.4508e-08
51.96 4.8318e-07
51.98 5.17715e-07
52 2.68729e-07
52.02 1.46037e-07
52.04 1.68059e-07
52.06 2.94787e-08
52.08 -2.90341e-07
52.1 -3.8817e-07
52.12 -7.76745e-08
52.14 1.19725e-07
52.16 -1.92411e-07
52.18 -4.45672e-07
52.2 1.7506e-08
52.22 8.16021e-07
52.24 9.92678e-07
52.26 3.98868e-07
52.28 -8.97908e-08
52.3 1.16895e-07
52.32 5.22972e-07
52.34 3.32919e-07
52.36 -3.59715e-07
52.38 -6.62481e-07
52.4 -2.24613e-07
52.42 2.14079e-07
52.44 4.18301e-09
52.46 -3.37791e-07
52.48 -3.34064e-08
52.5 5.57043e-07
52.52 4.96944e-07
52.54 -2.27662e-07
52.56 -6.62382e-07
52.58 -3.50957e-07
52.6 3.47596e-10
52.62 -2.37219e-07
52.64 -6.86247e-07
52.66 -6.6185e-07
52.68 -2.06201e-07
52.7 6.66844e-08
52.72 -5.02957e-08
52.74 -2.45592e-07
52.76 -2.62043e-07
52.78 -1.63389e-07
52.8 -1.68605e-07
52.82 -2.93671e-07
52.84 -3.26094e-07
52.86 -2.16034e-07
52.88 -1.89271e-07
52.9 -2.84888e-07
52.92 -2.03428e-07
52.94 8.0902e-08
52.96 1.12943e-07
52.98 -2.1038e-07
53 -3.38565e-07
53.02 2.83873e-08
53.04 4.2123e-07
53.06 3.216e-07
53.08 -1.187e-08
53.1 4.57247e-08
53.12 4.94454e-07
53.14 6.58804e-07
53.16 3.01141e-07
53.18 5.07031e-08
53.2 2.46717e-07
53.22 4.32528e-07
53.24 2.07816e-07
53.26 -1.68596e-07
53.28 -2.37475e-07
53.3 -5.26864e-08
53.32 -5.33343e-08
53.34 -3.86862e-07
53.36 -6.20298e-07
53.38 -3.67752e-07
53.4 1.20292e-08
53.42 -1.60142e-08
53.44 -2.79475e-07
53.46 -2.84949e-07
53.48 -4.01452e-08
53.5 6.70411e-08
53.52 -5.3763e-08
53.54 -1.03443e-07
53.56 5.67903e-08
53.58 1.83086e-07
53.6 4.46185e-08
53.62 -2.38207e-07
53.64 -3.71312e-07
53.66 -2.42317e-07
53.68 -7.21425e-08
53.7 -1.29945e-07
53.72 -2.47097e-07
53.74 -8.48791e-08
53.76 2.39212e-07
53.78 3.37934e-07
53.8 1.66931e-07
53.82 1.57024e-08
53.84 1.07398e-07
53.86 3.45105e-07
53.88 3.43993e-07
53.9 -2.45048e-08
53.92 -2.83012e-07
53.94 -3.7724e-08
53.96 3.36676e-07
53.98 2.82438e-07
54 -1.00903e-07
54.02 -2.52858e-07
54.04 2.96709e-08
54.06 3.47397e-07
54.08 3.07868e-07
54.1 4.21308e-08
54.12 1.73413e-08
54.14 3.03171e-07
54.16 3.88284e-07
54.18 7.23058e-08
54.2 -2.49414e-07
54.22 -3.37478e-07
54.24 -3.12772e-07
54.26 -3.17674e-07
54.28 -3.88827e-07
54.3 -3.86856e-07
54.32 -2.21682e-07
54.34 -9.51792e-08
54.36 -1.83946e-07
54.38 -3.53684e-07
54.4 -3.61077e-07
54.42 -1.69568e-07
54.44 5.71898e-08
54.46 1.7766e-07
54.48 1.88447e-07
54.5 1.73283e-07
54.52 2.22523e-07
54.54 3.03383e-07
54.56 2.63585e-07
54.58 7.72078e-08
54.6 -5.78472e-08
54.62 5.61839e-08
54.64 2.76797e-07
54.66 2.64046e-07
54.68 -5.41479e-08
54.7 -3.96497e-07
54.72 -4.2799e-07
54.74 -2.30076e-07
54.76 -2.3674e-07
54.78 -5.07509e-07
54.8 -6.34995e-07
54.82 -4.44886e-07
54.84 -1.50244e-07
54.86 2.50334e-08
54.88 7.23547e-08
54.9 1.78309e-07
54.92 3.68842e-07
54.94 4.19649e-07
54.96 3.29287e-07
54.98 3.37774e-07
55 3.9772e-07
55.02 2.72809e-07
55.04 1.80595e-08
55.06 -7.88924e-08
55.08 2.51021e-08
55.1 8.40257e-08
55.12 2.03959e-08
55.14 -5.53615e-08
55.16 -6.40211e-08
55.18 -1.74505e-09
55.2 8.50451e-08
55.22 1.78327e-07
55.24 2.60185e-07
55.26 2.93571e-07
55.28 2.65507e-07
55.3 1.85848e-07
55.32 1.40787e-07
55.34 2.24935e-07
55.36 2.62764e-07
55.38 3.04295e-08
55.4 -2.34661e-07
55.42 -1.64207e-07
55.44 7.06521e-08
55.46 5.79966e-08
55.48 -1.83618e-07
55.5 -3.7556e-07
55.52 -3.62432e-07
55.54 -2.16472e-07
55.56 -1.29614e-07
55.58 -1.26046e-07
55.6 -1.18472e-07
55.62 -3.64496e-08
55.64 5.31673e-08
55.66 -8.71284e-08
55.68 -3.75818e-07
55.7 -3.61353e-07
55.72 3.45037e-08
55.74 3.0848e-07
55.76 1.08277e-07
55.78 -2.41155e-07
55.8 -1.91486e-07
55.82 2.34257e-07
55.84 4.31069e-07
55.86 1.57548e-07
55.88 3.21626e-08
55.9 5.45799e-07
55.92 9.97789e-07
55.94 1.88021e-07
55.96 -1.49185e-06
55.98 -2.00583e-06
56 -7.04956e-07
56.02 6.97621e-07
56.04 6.2899e-07
56.06 -4.61664e-07
56.08 -7.57388e-07
56.1 4.05514e-07
56.12 1.54477e-06
56.14 1.18415e-06
56.16 -1.94588e-07
56.18 -8.35196e-07
56.2 -1.67386e-07
56.22 4.43724e-07
56.24 -1.61914e-09
56.26 -6.77724e-07
56.28 -4.43686e-07
56.3 4.70083e-07
56.32 8.84109e-07
56.34 3.56992e-07
56.36 -2.06448e-07
56.38 -1.0941e-08
56.4 4.26005e-07
56.42 2.61723e-07
56.44 -2.10842e-07
56.46 -3.33385e-08
56.48 7.1427e-07
56.5 8.85946e-07
56.52 1.7137e-07
56.54 -3.32293e-07
56.56 1.28349e-07
56.58 7.83348e-07
56.6 4.67896e-07
56.62 -5.53205e-07
56.64 -8.93265e-07
56.66 -1.3276e-07
56.68 5.9924e-07
56.7 2.66214e-07
56.72 -5.9531e-07
56.74 -6.72485e-07
56.76 1.44082e-07
56.78 6.38124e-07
56.8 1.4407e-07
56.82 -4.58948e-07
56.84 -2.10027e-07
56.86 4.52474e-07
56.88 5.66501e-07
56.9 -2.33338e-08
56.92 -5.71072e-07
56.94 -4.09394e-07
56.96 4.71735e-09
56.98 -1.87544e-07
57 -7.87184e-07
57.02 -8.54674e-07
57.04 -3.04783e-07
57.06 -6.48678e-08
57.08 -4.52658e-07
57.1 -5.79467e-07
57.12 2.95627e-08
57.14 4.80273e-07
57.16 4.69404e-08
57.18 -5.96442e-07
57.2 -4.1828e-07
57.22 3.59848e-07
57.24 5.26877e-07
57.26 -2.41161e-07
57.28 -8.20067e-07
57.3 -3.05393e-07
57.32 5.9047e-07
57.34 5.57085e-07
57.36 -3.02426e-07
57.38 -5.79752e-07
57.4 2.31225e-07
57.42 9.22624e-07
57.44 4.85205e-07
57.46 -4.24273e-07
57.48 -5.58832e-07
57.5 1.41754e-07
57.52 6.06414e-07
57.54 2.1253e-07
57.56 -4.34541e-07
57.58 -4.1534e-07
57.6 1.96329e-07
57.62 5.14902e-07
57.64 1.62654e-07
57.66 -2.75181e-07
57.68 -1.73671e-07
57.7 2.21269e-07
57.72 2.43151e-07
57.74 -1.45523e-07
57.76 -3.49458e-07
57.78 -9.66793e-08
57.8 1.66161e-07
57.82 2.95437e-08
57.84 -2.33272e-07
57.86 -1.5747e-07
57.88 1.44918e-07
57.9 1.75502e-07
57.92 -1.20117e-07
57.94 -2.4605e-07
57.96 2.07342e-08
57.98 2.51897e-07
58 7.74385e-08
58.02 -2.24291e-07
58.04 -2.11571e-07
58.06 5.96848e-08
58.08 1.84693e-07
58.1 8.53322e-09
58.12 -1.74736e-07
58.14 -8.24097e-08
58.16 1.34719e-07
58.18 1.50812e-07
58.2 -3.45507e-08
58.22 -1.18917e-07
58.24 2.57433e-08
58.26 1.63336e-07
58.28 7.76145e-08
58.3 -9.23491e-08
58.32 -8.30532e-08
58.34 8.35593e-08
58.36 1.46836e-07
58.38 2.08779e-08
58.4 -8.3439e-08
58.42 -1.32797e-09
58.44 1.34697e-07
58.46 1.14829e-07
58.48 -2.49812e-08
58.5 -7.07871e-08
58.52 4.10965e-08
58.54 1.34176e-07
58.56 6.73159e-08
58.58 -4.99096e-08
58.6 -3.48214e-08
58.62 8.35656e-08
58.64 1.18691e-07
58.66 2.28174e-08
58.68 -4.76987e-08
58.7 1.31157e-08
58.72 1.03078e-07
58.74 8.32809e-08
58.76 -8.6262e-09
58.78 -2.78018e-08
58.8 5.035e-08
58.82 1.00678e-07
58.84 4.84842e-08
58.86 -2.0556e-08
58.88 -7.29464e-10
58.9 7.24789e-08
58.92 8.52142e-08
58.94 2.24437e-08
58.96 -1.58468e-08
58.98 2.67282e-08
59 8.07147e-08
59.02 6.40523e-08
59.04 6.81251e-09
59.06 -1.60396e-09
59.08 4.85739e-08
59.1 7.79414e-08
59.12 4.37607e-08
59.14 2.11109e-09
59.16 1.66253e-08
59.18 6.18861e-08
59.2 6.77245e-08
59.22 2.81677e-08
59.24 6.20952e-09
59.26 3.40996e-08
59.28 6.66623e-08
59.3 5.46563e-08
59.32 1.94144e-08
59.34 1.59529e-08
59.36 4.76494e-08
59.38 6.45627e-08
59.4 4.23841e-08
59.42 1.74561e-08
59.44 2.78689e-08
59.46 5.58189e-08
59.48 5.8194e-08
59.5 3.33624e-08
59.52 2.08903e-08
59.54 3.90605e-08
59.56 5.86671e-08
59.58 5.02689e-08
59.6 2.86668e-08
59.62 2.76253e-08
59.64 4.76216e-08
59.66 5.73285e-08
59.68 4.30319e-08
59.7 2.81781e-08
59.72 3.55023e-08
59.74 5.27427e-08
59.76 5.34708e-08
59.78 3.7944e-08
59.8 3.09517e-08
59.82 4.27556e-08
59.84 5.45487e-08
59.86 4.87845e-08
59.88 3.55943e-08
59.9 3.56536e-08
59.92 4.8257e-08
59.94 5.3803e-08
59.96 4.46454e-08
59.98 1.06588e-08
