0.02 1.67167e-06
0.04 4.7355e-06
0.06 5.18305e-06
0.08 2.37069e-06
0.1 6.78593e-07
0.12 2.53718e-06
0.14 4.90385e-06
0.16 4.23985e-06
0.18 1.91011e-06
0.2 1.79528e-06
0.22 4.2155e-06
0.24 5.68839e-06
0.26 4.51159e-06
0.28 3.26283e-06
0.3 4.52317e-06
0.32 6.59323e-06
0.34 6.85648e-06
0.36 6.30193e-06
0.38 6.08059e-06
0.4 3.19187e-06
0.42 -4.03802e-06
0.44 -3.68802e-06
0.46 1.12077e-05
0.48 1.76994e-05
0.5 6.4181e-07
0.52 -1.67553e-05
0.54 -1.22015e-05
0.56 -3.59647e-06
0.58 -1.76666e-05
0.6 -3.2495e-05
0.62 -1.48e-05
0.64 5.8517e-06
0.66 -7.19038e-06
0.68 -4.46054e-05
0.7 -6.52818e-05
0.72 -1.50131e-05
0.74 5.68626e-05
0.76 4.05013e-05
0.78 -2.17758e-05
0.8 5.92345e-06
0.82 0.00011929
0.84 0.000168004
0.86 8.14164e-05
0.88 -2.2032e-05
0.9 -1.39532e-05
0.92 6.58109e-05
0.94 7.39158e-05
0.96 -3.99279e-05
0.98 -0.000143496
1 -9.86989e-05
1.02 3.44384e-05
1.04 6.95529e-05
1.06 -5.21674e-05
1.08 -0.000174665
1.1 -0.000142191
1.12 -5.88964e-06
1.14 7.08753e-05
1.16 5.62432e-06
1.18 -0.00013346
1.2 -0.000144942
1.22 3.16532e-05
1.24 0.000132469
1.26 -1.80948e-05
1.28 -0.000207425
1.3 -0.000183193
1.32 2.10349e-05
1.34 0.000182161
1.36 0.000130967
1.38 -5.51211e-05
1.4 -0.00012452
1.42 4.81386e-06
1.44 0.000107683
1.46 -4.35151e-05
1.48 -0.000323485
1.5 -0.000388217
1.52 -0.000169933
1.54 9.05836e-06
1.56 -9.7183e-05
1.58 -0.000299054
1.6 -0.000248052
1.62 2.63002e-05
1.64 0.000148136
1.66 -2.59454e-05
1.68 -0.000209029
1.7 -0.000133948
1.72 5.54115e-05
1.74 3.72796e-05
1.76 -0.000156697
1.78 -0.000193106
1.8 -3.09981e-05
1.82 2.07481e-05
1.84 -0.000156681
1.86 -0.000289719
1.88 -0.000104088
1.9 0.000188702
1.92 0.000107357
1.94 -0.000300837
1.96 -0.000430362
1.98 -8.14129e-05
2 0.00015883
2.02 -0.000153595
2.04 -0.000580191
2.06 -0.000486068
2.08 -4.85855e-05
2.1 3.0602e-05
2.12 -0.000339951
2.14 -0.000513404
2.16 -0.000179901
2.18 0.000179026
2.2 8.97573e-05
2.22 -0.000260627
2.24 -0.000349492
2.26 -6.61609e-05
2.28 9.06681e-05
2.3 -0.000199045
2.32 -0.000514396
2.34 -0.000385122
2.36 -4.33914e-06
2.38 8.46242e-05
2.4 -0.000274273
2.42 -0.000580792
2.44 -0.000362109
2.46 6.85983e-05
2.48 9.45272e-05
2.5 -0.000218082
2.52 -0.000282518
2.54 2.11778e-05
2.56 0.000231928
2.58 0.00014837
2.6 0.00011872
2.62 0.000380789
2.64 0.000648808
2.66 0.000609632
2.68 0.000459799
2.7 0.00058855
2.72 0.000940454
2.74 0.00113231
2.76 0.00105536
2.78 0.000951912
2.8 0.00102792
2.82 0.00122545
2.84 0.0013186
2.86 0.00123082
2.88 0.00109216
2.9 0.00101516
2.92 0.00105303
2.94 0.00112875
2.96 0.00106549
2.98 0.0009157
3 0.000921413
3.02 0.000916179
3.04 0.000555883
3.06 0.000160495
3.08 0.000155501
3.1 0.000248734
3.12 5.92191e-06
3.14 -0.000453495
3.16 -0.000726089
3.18 -0.000731688
3.2 -0.000763487
3.22 -0.0010104
3.24 -0.00129152
3.26 -0.0013353
3.28 -0.00119572
3.3 -0.00110528
3.32 -0.00112867
3.34 -0.00112572
3.36 -0.000855158
3.38 -0.000392406
3.4 -0.000171642
3.42 -0.000282512
3.44 -0.000191607
3.46 0.000474136
3.48 0.00114156
3.5 0.0010449
3.52 0.000519891
3.54 0.000517612
3.56 0.00108689
3.58 0.00138833
3.6 0.00108569
3.62 0.000826132
3.64 0.000973417
3.66 0.000784312
3.68 2.45268e-05
3.7 -0.000295053
3.72 6.43712e-05
3.74 9.11543e-05
3.76 -0.000571011
3.78 -0.00103811
3.8 -0.000710578
3.82 -0.00026759
3.84 -0.000493709
3.86 -0.00105493
3.88 -0.00119215
3.9 -0.000848004
3.92 -0.000659989
3.94 -0.000988794
3.96 -0.0013929
3.98 -0.00120817
4 -0.000427614
4.02 2.98118e-05
4.04 -0.000422919
4.06 -0.000901637
4.08 -0.000402219
4.1 0.000504352
4.12 0.000628123
4.14 7.60533e-05
4.16 -5.01673e-05
4.18 0.000423137
4.2 0.000430466
4.22 -0.000363297
4.24 -0.000865675
4.26 -0.000461179
4.28 3.31607e-05
4.3 -0.000192602
4.32 -0.000530508
4.34 9.08776e-06
4.36 0.00079094
4.38 0.000535875
4.4 -0.000400115
4.42 -0.000661006
4.44 -2.89382e-05
4.46 0.000487478
4.48 0.000353262
4.5 -0.000121173
4.52 -0.000504246
4.54 -0.000425946
4.56 -4.86991e-06
4.58 0.00016151
4.6 -0.000138907
4.62 -0.00042908
4.64 -0.000133494
4.66 0.000512484
4.68 0.000635094
4.7 0.0001603
4.72 -2.67833e-06
4.74 0.000516419
4.76 0.000984738
4.78 0.000634593
4.8 -0.000224868
4.82 -0.000430012
4.84 0.000328743
4.86 0.000861497
4.88 0.00032667
4.9 -0.000440142
4.92 -0.00034176
4.94 0.000250485
4.96 0.000270573
4.98 -0.000347683
5 -0.000795375
5.02 -0.000673359
5.04 -0.000456674
5.06 -0.00053545
5.08 -0.000391944
5.1 0.000231416
5.12 0.000498193
5.14 1.93156e-05
5.16 -0.000369306
5.18 7.4744e-07
5.2 0.000627398
5.22 0.000685538
5.24 0.000115788
5.26 -0.000532593
5.28 -0.000600951
5.3 2.30124e-05
5.32 0.000590632
5.34 0.000486833
5.36 2.78409e-05
5.38 -0.000103645
5.4 0.00018179
5.42 0.000364343
5.44 0.000241895
5.46 0.000176935
5.48 0.000339241
5.5 0.000456556
5.52 0.000341229
5.54 0.000151008
5.56 7.87798e-05
5.58 0.000103342
5.6 0.00010317
5.62 2.83267e-05
5.64 3.24289e-06
5.66 0.000126123
5.68 0.00017535
5.7 -1.71841e-06
5.72 -0.000143409
5.74 -5.0604e-05
5.76 8.01175e-05
5.78 -1.30162e-05
5.8 -0.00023602
5.82 -0.000229659
5.84 1.68966e-05
5.86 6.66197e-05
5.88 -0.000223597
5.9 -0.000467216
5.92 -0.000309806
5.94 0.000149604
5.96 0.00041022
5.98 0.000241568
6 8.58122e-05
6.02 0.00027031
6.04 0.000497384
6.06 0.00048699
6.08 0.000307723
6.1 0.000137901
6.12 0.000194148
6.14 0.000455813
6.16 0.000556263
6.18 0.000190098
6.2 -0.000422752
6.22 -0.000608053
6.24 -0.000268213
6.26 -0.000157631
6.28 -0.000601933
6.3 -0.000894819
6.32 -0.000437467
6.34 0.000180556
6.36 7.60901e-05
6.38 -0.000472533
6.4 -0.000535875
6.42 -1.07941e-05
6.44 0.000326834
6.46 2.23235e-05
6.48 -0.000493105
6.5 -0.000630199
6.52 -0.000407259
6.54 -0.000333011
6.56 -0.000563424
6.58 -0.000565444
6.6 -0.000186519
6.62 -3.52901e-05
6.64 -0.000247536
6.66 -0.000196522
6.68 0.000279134
6.7 0.000509201
6.72 4.01082e-05
6.74 -0.000639216
6.76 -0.000675939
6.78 -4.07743e-05
6.8 0.000373196
6.82 2.28538e-05
6.84 -0.000480044
6.86 -0.000298625
6.88 0.000290061
6.9 0.000327676
6.92 -0.000310594
6.94 -0.000720697
6.96 -0.000303771
6.98 0.000370985
7 0.000408334
7.02 -0.000150183
7.04 -0.00043511
7.06 -2.53789e-05
7.08 0.00044955
7.1 0.000333603
7.12 -6.64786e-05
7.14 -8.15561e-05
7.16 0.000297051
7.18 0.000506128
7.2 0.000291642
7.22 4.93144e-05
7.24 0.000177695
7.26 0.000423992
7.28 0.000247843
7.3 -0.00021271
7.32 -0.000238495
7.34 0.000267213
7.36 0.000548273
7.38 0.000191276
7.4 -0.000229822
7.42 -0.000104802
7.44 0.000285373
7.46 0.000283196
7.48 -0.000153777
7.5 -0.000397119
7.52 -0.000100227
7.54 0.000219397
7.56 1.74641e-05
7.58 -0.000351656
7.6 -0.000204215
7.62 0.000344911
7.64 0.000546277
7.66 0.000232428
7.68 1.44414e-06
7.7 0.000165264
7.72 0.000338466
7.74 0.000171327
7.76 -2.8667e-05
7.78 0.000154304
7.8 0.00046326
7.82 0.000402272
7.84 1.44642e-05
7.86 -0.000260287
7.88 -0.000161524
7.9 9.83643e-05
7.92 0.000104747
7.94 -0.000146896
7.96 -0.000245505
7.98 -4.96739e-05
8 0.000117328
8.02 4.47251e-05
8.04 -6.29377e-05
8.06 4.19166e-06
8.08 0.000132153
8.1 0.000128332
8.12 2.53272e-05
8.14 -1.3036e-05
8.16 5.79833e-05
8.18 0.000150279
8.2 0.000202906
8.22 0.000191624
8.24 1.06327e-05
8.26 -0.000275559
8.28 -0.000288993
8.3 4.47051e-05
8.32 0.000289388
8.34 0.000168177
8.36 -9.70522e-05
8.38 -0.000137119
8.4 9.45373e-05
8.42 0.000274871
8.44 0.00013158
8.46 -0.000229423
8.48 -0.000378057
8.5 -7.42136e-05
8.52 0.000284131
8.54 0.000205396
8.56 -0.000107079
8.58 -9.3462e-05
8.6 0.000291711
8.62 0.000513739
8.64 0.000210263
8.66 -0.000178605
8.68 2.45386e-06
8.7 0.000512821
8.72 0.000566938
8.74 8.84462e-05
8.76 -0.000214551
8.78 5.18556e-05
8.8 0.000396438
8.82 0.000209516
8.84 -0.00031112
8.86 -0.000510961
8.88 -0.000190911
8.9 0.000209477
8.92 0.000154878
8.94 -0.000194417
8.96 -0.000217264
8.98 8.48039e-05
9 0.000174915
9.02 -8.97753e-05
9.04 -0.000322147
9.06 -0.00018377
9.08 0.000166345
9.1 0.000215422
9.12 -0.00016898
9.14 -0.000430855
9.16 -0.000199217
9.18 7.16401e-05
9.2 -0.000109148
9.22 -0.00046689
9.24 -0.000435721
9.26 -3.80517e-05
9.28 0.000166747
9.3 -3.26661e-05
9.32 -0.000206107
9.34 -9.7745e-06
9.36 0.000296658
9.38 0.000251971
9.4 -0.000119521
9.42 -0.000294206
9.44 1.45451e-07
9.46 0.00033642
9.48 0.000166088
9.5 -0.000328913
9.52 -0.000432446
9.54 -5.88006e-06
9.56 0.000248723
9.58 -7.15243e-06
9.6 -0.000160727
9.62 0.000140938
9.64 0.000300469
9.66 -0.000104153
9.68 -0.000531512
9.7 -0.000389566
9.72 6.3466e-05
9.74 0.000239873
9.76 -6.0975e-05
9.78 -0.00051591
9.8 -0.000518512
9.82 -3.78785e-05
9.84 0.000228596
9.86 1.95566e-05
9.88 -0.000155122
9.9 5.53516e-05
9.92 0.000328532
9.94 0.000176189
9.96 -0.000236058
9.98 -0.000242483
10 0.000240587
10.02 0.000514948
10.04 0.000195725
10.06 -0.000199802
10.08 -0.000120174
10.1 0.000181671
10.12 0.000140076
10.14 -0.000251002
10.16 -0.000445702
10.18 -0.000146997
10.2 0.000199009
10.22 5.59394e-05
10.24 -0.000357849
10.26 -0.000417818
10.28 -5.02109e-05
10.3 0.000208238
10.32 5.22979e-05
10.34 -0.000191356
10.36 -0.000115717
10.38 0.000163667
10.4 0.000219937
10.42 4.57265e-06
10.44 -9.03801e-05
10.46 0.000100621
10.48 0.000270453
10.5 0.000176222
10.52 6.56768e-06
10.54 1.54452e-05
10.56 7.84052e-05
10.58 -7.20489e-06
10.6 -8.58095e-05
10.62 2.22662e-05
10.64 0.000154124
10.66 0.00011129
10.68 -3.79587e-05
10.7 -0.000126218
10.72 -9.06567e-05
10.74 3.62907e-08
10.76 5.33786e-06
10.78 -7.22386e-05
10.8 -4.25494e-05
10.82 0.000120715
10.84 0.000194653
10.86 5.6171e-05
10.88 -0.000156531
10.9 -0.000196754
10.92 -1.3315e-05
10.94 0.000130325
10.96 3.09697e-05
10.98 -0.000138152
11 -0.000123639
11.02 1.12436e-05
11.04 2.96422e-05
11.06 -8.25927e-05
11.08 -0.000120767
11.1 -4.1382e-06
11.12 0.000128772
11.14 0.000146711
11.16 8.3946e-05
11.18 5.98735e-05
11.2 0.000111099
11.22 0.000162103
11.24 0.000115978
11.26 -3.03856e-05
11.28 -0.000134204
11.3 -8.55135e-05
11.32 1.37004e-05
11.34 -2.0832e-06
11.36 -0.000124818
11.38 -0.000193154
11.4 -9.20761e-05
11.42 8.82296e-05
11.44 0.000123597
11.46 -2.91856e-05
11.48 -0.000138457
11.5 -4.82493e-05
11.52 9.03533e-05
11.54 8.04943e-05
11.56 -1.81225e-05
11.58 -1.02569e-05
11.6 0.000124625
11.62 0.000212144
11.64 0.000148433
11.66 4.27191e-05
11.68 4.12366e-05
11.7 0.000107628
11.72 0.000102535
11.74 1.67466e-05
11.76 -4.64859e-05
11.78 -5.77762e-05
11.8 -8.12602e-05
11.82 -0.000148273
11.84 -0.00019218
11.86 -0.000150643
11.88 -8.18954e-05
11.9 -5.29846e-05
11.92 -1.19448e-05
11.94 7.24459e-05
11.96 0.000112495
11.98 5.39976e-05
12 -2.62561e-05
12.02 -2.36413e-05
12.04 5.48147e-05
12.06 9.28471e-05
12.08 3.56156e-05
12.1 -3.33551e-05
12.12 -3.66002e-05
12.14 1.94408e-05
12.16 8.88709e-05
12.18 0.000102909
12.2 3.87519e-05
12.22 -3.04484e-05
12.24 -4.7396e-05
12.26 -4.98581e-05
12.28 -8.75725e-05
12.3 -0.000143684
12.32 -0.000165727
12.34 -0.000139171
12.36 -9.97589e-05
12.38 -7.25712e-05
12.4 -4.30526e-05
12.42 1.08445e-06
12.44 4.23153e-05
12.46 5.39316e-05
12.48 4.15166e-05
12.5 4.85923e-05
12.52 8.79881e-05
12.54 0.000107904
12.56 7.41845e-05
12.58 4.03125e-05
12.6 6.83104e-05
12.62 0.000125769
12.64 0.000126039
12.66 3.88957e-05
12.68 -5.36546e-05
12.7 -5.29841e-05
12.72 5.84588e-06
12.74 6.71348e-06
12.76 -6.90516e-05
12.78 -0.000124944
12.8 -8.2112e-05
12.82 3.49965e-05
12.84 0.000110944
12.86 5.68669e-05
12.88 -5.58466e-05
12.9 -7.04523e-05
12.92 3.69754e-05
12.94 0.000112551
12.96 4.34634e-05
12.98 -6.64057e-05
13 -5.56796e-05
13.02 4.18247e-05
13.04 6.22105e-05
13.06 -1.70658e-05
13.08 -5.04566e-05
13.1 2.78424e-05
13.12 0.00010578
13.14 7.81742e-05
13.16 -4.73704e-06
13.18 -3.40293e-05
13.2 4.10984e-06
13.22 4.29113e-05
13.24 4.11317e-05
13.26 1.97402e-05
13.28 1.53076e-06
13.3 -2.8746e-05
13.32 -6.59751e-05
13.34 -6.61456e-05
13.36 -1.62361e-05
13.38 4.01094e-05
13.4 4.59267e-05
13.42 -3.92459e-06
13.44 -3.66165e-05
13.46 -5.8422e-06
13.48 1.9405e-05
13.5 -2.25861e-05
13.52 -6.57893e-05
13.54 -3.24381e-05
13.56 2.54905e-05
13.58 9.87757e-06
13.6 -6.55161e-05
13.62 -9.3359e-05
13.64 -3.16797e-05
13.66 3.21966e-05
13.68 6.21706e-06
13.7 -7.2208e-05
13.72 -8.9184e-05
13.74 -1.78892e-05
13.76 5.37403e-05
13.78 5.62104e-05
13.8 2.3426e-05
13.82 2.20059e-05
13.84 5.03913e-05
13.86 4.75256e-05
13.88 -1.21178e-05
13.9 -6.51055e-05
13.92 -4.36583e-05
13.94 1.96325e-05
13.96 4.17544e-05
13.98 7.31353e-06
14 -2.21242e-05
14.02 1.33933e-05
14.04 0.000101532
14.06 0.000155096
14.08 0.000122434
14.1 5.83405e-05
14.12 1.3013e-05
14.14 -2.89292e-05
14.16 -5.45492e-05
14.18 -2.55045e-05
14.2 1.67749e-05
14.22 -1.67852e-05
14.24 -0.000111648
14.26 -0.000144701
14.28 -6.47244e-05
14.3 2.23347e-05
14.32 -1.63858e-06
14.34 -0.000105634
14.36 -0.000148901
14.38 -7.18321e-05
14.4 1.1428e-05
14.42 -2.55131e-05
14.44 -0.00012751
14.46 -0.00013246
14.48 -1.89797e-05
14.5 6.41758e-05
14.52 3.19561e-05
14.54 -2.45486e-05
14.56 1.53663e-07
14.58 5.8872e-05
14.6 4.26311e-05
14.62 -1.72579e-05
14.64 8.35401e-06
14.66 0.000113633
14.68 0.000139155
14.7 -5.26123e-06
14.72 -0.000187133
14.74 -0.000188417
14.76 -1.4273e-05
14.78 8.8668e-05
14.8 -2.98565e-05
14.82 -0.000203974
14.84 -0.00016971
14.86 3.86401e-05
14.88 0.00010553
14.9 -7.6192e-05
14.92 -0.000195727
14.94 -2.42733e-05
14.96 0.000185356
14.98 0.000111213
15 -0.000117861
15.02 -0.000145098
15.04 4.61841e-05
15.06 0.000128954
15.08 -3.15377e-05
15.1 -0.000180065
15.12 -7.93035e-05
15.14 0.000144673
15.16 0.000194094
15.18 2.5746e-05
15.2 -9.4172e-05
15.22 4.58971e-06
15.24 0.000135698
15.26 6.09454e-05
15.28 -0.000131415
15.3 -0.00017985
15.32 -4.86624e-05
15.34 4.70673e-05
15.36 -1.91464e-05
15.38 -0.000110384
15.4 -5.65728e-05
15.42 8.31749e-05
15.44 0.000115739
15.46 1.40184e-06
15.48 -9.98975e-05
15.5 -6.29843e-05
15.52 4.74473e-05
15.54 8.21764e-05
15.56 1.42793e-05
15.58 -2.41496e-05
15.6 4.9414e-05
15.62 0.000127679
15.64 7.87517e-05
15.66 -4.72763e-05
15.68 -8.35391e-05
15.7 1.75865e-05
15.72 0.000116686
15.74 9.4029e-05
15.76 1.36617e-05
15.78 3.9292e-06
15.8 6.94478e-05
15.82 9.86477e-05
15.84 2.85304e-05
15.86 -5.76595e-05
15.88 -4.47852e-05
15.9 4.21441e-05
15.92 7.6949e-05
15.94 2.72724e-05
15.96 -1.5683e-06
15.98 5.65262e-05
16 0.000117614
16.02 8.93774e-05
16.04 1.58669e-05
16.06 -4.14821e-06
16.08 4.23313e-05
16.1 7.71765e-05
16.12 3.63048e-05
16.14 -4.16878e-05
16.16 -5.57739e-05
16.18 2.42245e-05
16.2 0.000102336
16.22 7.86554e-05
16.24 -7.07151e-06
16.26 -4.7648e-05
16.28 -2.45667e-05
16.3 1.47881e-05
16.32 4.21881e-05
16.34 4.04069e-05
16.36 1.23864e-06
16.38 -3.86735e-05
16.4 -3.20355e-05
16.42 -8.61032e-07
16.44 -9.62732e-06
16.46 -6.0595e-05
16.48 -9.35984e-05
16.5 -9.21313e-05
16.52 -0.000110328
16.54 -0.000166127
16.56 -0.000185643
16.58 -0.000118376
16.6 -4.09485e-05
16.62 -5.45478e-05
16.64 -0.000131841
16.66 -0.000155063
16.68 -4.40091e-05
16.7 0.000164536
16.72 0.000300409
16.74 0.000272173
16.76 0.000235055
16.78 0.000326905
16.8 0.000436373
16.82 0.000409132
16.84 0.000250796
16.86 2.19124e-05
16.88 -0.000134988
16.9 -2.671e-05
16.92 0.000176812
16.94 9.08919e-05
16.96 -0.000205411
16.98 -0.000275841
17 -4.50579e-05
17.02 0.000107768
17.04 -5.07046e-05
17.06 -0.000284454
17.08 -0.000268551
17.1 -8.37442e-05
17.12 -8.90207e-05
17.14 -0.00033454
17.16 -0.000439232
17.18 -0.00018996
17.2 5.56911e-05
17.22 -9.39594e-05
17.24 -0.00038158
17.26 -0.000307483
17.28 1.92228e-05
17.3 8.54107e-05
17.32 -0.00016418
17.34 -0.000261202
17.36 3.59565e-05
17.38 0.000378933
17.4 0.000365901
17.42 0.000141197
17.44 0.00015047
17.46 0.000425876
17.48 0.000525028
17.5 0.000250091
17.52 -3.00783e-06
17.54 0.000117965
17.56 0.000313068
17.58 0.000136057
17.6 -0.000229165
17.62 -0.000293263
17.64 -6.06016e-05
17.66 3.71675e-05
17.68 -0.00016361
17.7 -0.000355389
17.72 -0.000281148
17.74 -0.00011306
17.76 -0.000129391
17.78 -0.000274268
17.8 -0.000291143
17.82 -0.000137611
17.84 1.11114e-06
17.86 1.026e-05
17.88 -4.66864e-05
17.9 -4.92393e-05
17.92 3.25748e-05
17.94 0.000115967
17.96 0.000139784
17.98 0.000144485
18 0.00017207
18.02 0.00018667
18.04 0.00015269
18.06 0.00010801
18.08 7.88117e-05
18.1 9.11399e-06
18.12 -0.000100533
18.14 -0.000133616
18.16 -6.01949e-05
18.18 -1.04662e-05
18.2 -7.85138e-05
18.22 -0.000204371
18.24 -0.000282038
18.26 -0.000296692
18.28 -0.00030484
18.3 -0.000316361
18.32 -0.000245783
18.34 -1.32056e-05
18.36 0.000243756
18.38 0.000271912
18.4 0.000140268
18.42 0.000166081
18.44 0.000390399
18.46 0.000535506
18.48 0.000379809
18.5 1.81857e-05
18.52 -0.000157333
18.54 6.14153e-05
18.56 0.000305785
18.58 0.000155501
18.6 -0.000206205
18.62 -0.000301151
18.64 -6.3431e-05
18.66 0.000101883
18.68 -7.38996e-05
18.7 -0.000345057
18.72 -0.000341745
18.74 -0.000125684
18.76 -7.84884e-05
18.78 -0.00030759
18.8 -0.000427986
18.82 -9.3393e-05
18.84 0.000370162
18.86 0.000379831
18.88 6.9559e-05
18.9 5.8625e-05
18.92 0.000417858
18.94 0.000624272
18.96 0.00041029
18.98 0.000116427
19 0.000112099
19.02 0.000267493
19.04 0.000247064
19.06 4.07027e-06
19.08 -0.000198547
19.1 -0.000138104
19.12 4.67863e-05
19.14 2.36142e-05
19.16 -0.000217417
19.18 -0.000321398
19.2 -0.000156092
19.22 -4.94702e-05
19.24 -0.000238946
19.26 -0.000440981
19.28 -0.000289563
19.3 3.11843e-05
19.32 7.19569e-05
19.34 -0.000163203
19.36 -0.000277716
19.38 -0.000104797
19.4 8.92097e-05
19.42 3.66211e-05
19.44 -0.000117102
19.46 -3.99865e-05
19.48 0.000237788
19.5 0.000342246
19.52 0.000137449
19.54 -6.2138e-05
19.56 3.43607e-05
19.58 0.000259951
19.6 0.000224779
19.62 -6.76974e-05
19.64 -0.000146994
19.66 0.000151833
19.68 0.000317628
19.7 -4.45119e-06
19.72 -0.000383212
19.74 -0.000277638
19.76 0.000130177
19.78 0.000228315
19.8 -0.000133902
19.82 -0.000433254
19.84 -0.000236942
19.86 0.000164837
19.88 0.00024115
19.9 -1.72802e-06
19.92 -0.000120046
19.94 9.11597e-05
19.96 0.000316076
19.98 0.000199012
20 -8.77826e-05
20.02 -0.000101758
20.04 0.00017446
20.06 0.000322512
20.08 0.000105335
20.1 -0.000253917
20.12 -0.00038015
20.14 -0.000188315
20.16 6.43969e-05
20.18 0.000137001
20.2 2.98646e-06
20.22 -0.000185936
20.24 -0.000209202
20.26 -3.39993e-05
20.28 7.99023e-05
20.3 -5.99814e-05
20.32 -0.000210954
20.34 -6.91412e-05
20.36 0.000154479
20.38 0.000109628
20.4 -6.0841e-05
20.42 -1.0976e-05
20.44 0.000232371
20.46 0.000347514
20.48 0.000201603
20.5 -1.5354e-05
20.52 -7.0498e-05
20.54 1.04842e-05
20.56 -1.48748e-06
20.58 -5.30388e-05
20.6 7.48426e-05
20.62 0.000144842
20.64 -0.000121539
20.66 -0.000411417
20.68 -0.000375685
20.7 -0.000103163
20.72 0.000150339
20.74 0.000127452
20.76 -0.000168588
20.78 -0.000296027
20.8 -3.26887e-05
20.82 0.000176405
20.84 -3.66264e-05
20.86 -0.000304128
20.88 -0.000101933
20.9 0.000362912
20.92 0.000444191
20.94 9.46223e-05
20.96 -8.88808e-05
20.98 0.000189291
21 0.000463771
21.02 0.000200035
21.04 -0.000285038
21.06 -0.000253205
21.08 0.000242798
21.1 0.000423798
21.12 -1.61336e-05
21.14 -0.000456847
21.16 -0.000258946
21.18 0.000272182
21.2 0.000302416
21.22 -0.00024975
21.24 -0.000578052
21.26 -0.000245691
21.28 0.000181195
21.3 5.44388e-05
21.32 -0.000362397
21.34 -0.000310427
21.36 0.000254102
21.38 0.000540183
21.4 0.000206411
21.42 -0.000151057
21.44 -8.13036e-05
21.46 0.000189978
21.48 0.000295255
21.5 8.84111e-05
21.52 -0.000220007
21.54 -0.000269199
21.56 -0.000105241
21.58 -9.06269e-05
21.6 -0.000243992
21.62 -0.000227829
21.64 -1.8513e-06
21.66 8.79364e-05
21.68 -8.42093e-05
21.7 -0.000194632
21.72 1.82318e-05
21.74 0.000287964
21.76 0.000172855
21.78 -0.000224121
21.8 -0.00032534
21.82 2.80764e-05
21.84 0.000279067
21.86 2.9229e-05
21.88 -0.000320647
21.9 -0.000216742
21.92 0.000190204
21.94 0.000313636
21.96 2.33438e-05
21.98 -0.000194931
22 4.72665e-06
22.02 0.000319696
22.04 0.000292026
22.06 -1.79981e-05
22.08 -0.000193625
22.1 -7.28372e-05
22.12 8.75927e-05
22.14 1.98524e-05
22.16 -0.000162505
22.18 -0.000161037
22.2 2.1261e-05
22.22 0.000101684
22.24 -1.84561e-05
22.26 -0.000129223
22.28 -5.71871e-05
22.3 8.78453e-05
22.32 0.000101606
22.34 4.85193e-06
22.36 -1.18837e-05
22.38 9.84198e-05
22.4 0.000182245
22.42 0.0001306
22.44 2.97546e-05
22.46 2.45151e-05
22.48 0.000112779
22.5 0.000140701
22.52 2.55885e-05
22.54 -9.93261e-05
22.56 -7.79239e-05
22.58 3.1186e-05
22.6 5.34393e-05
22.62 -4.02425e-05
22.64 -0.00010703
22.66 -5.49547e-05
22.68 2.40662e-05
22.7 9.70907e-07
22.72 -9.07339e-05
22.74 -0.000110067
22.76 -3.59593e-05
22.78 2.76168e-07
22.8 -6.51234e-05
22.82 -0.000119531
22.84 -5.33529e-05
22.86 5.7242e-05
22.88 6.33063e-05
22.9 -2.67449e-05
22.92 -6.67371e-05
22.94 7.9909e-06
22.96 9.42955e-05
22.98 7.92205e-05
23 -1.0201e-06
23.02 -3.12572e-05
23.04 9.38752e-06
23.06 3.05668e-05
23.08 -2.40049e-05
23.1 -8.77366e-05
23.12 -6.61276e-05
23.14 1.36866e-05
23.16 2.99412e-05
23.18 -4.2582e-05
23.2 -7.82694e-05
23.22 3.44702e-06
23.24 0.000100305
23.26 8.59308e-05
23.28 9.10901e-06
23.3 2.48265e-06
23.32 6.69233e-05
23.34 8.54553e-05
23.36 1.60687e-05
23.38 -5.28267e-05
23.4 -5.56642e-05
23.42 -4.28867e-05
23.44 -6.70797e-05
23.46 -8.4192e-05
23.48 -4.05054e-05
23.5 1.40795e-05
23.52 -3.3818e-06
23.54 -6.20332e-05
23.56 -5.59232e-05
23.58 2.83659e-05
23.6 8.6278e-05
23.62 4.90086e-05
23.64 -1.6402e-05
23.66 -1.26973e-05
23.68 4.86012e-05
23.7 8.47441e-05
23.72 5.81376e-05
23.74 7.35205e-06
23.76 -8.94285e-06
23.78 1.41517e-05
23.8 2.84361e-05
23.82 1.16239e-05
23.84 -8.68098e-06
23.86 -1.65839e-05
23.88 -2.75685e-05
23.9 -4.07373e-05
23.92 -2.78503e-05
23.94 4.39601e-06
23.96 -2.00509e-06
23.98 -5.44682e-05
24 -7.35313e-05
24.02 -5.02141e-06
24.04 9.72963e-05
24.06 0.000117864
24.08 3.09809e-05
24.1 -4.65451e-05
24.12 -3.08065e-05
24.14 2.08559e-05
24.16 3.23536e-05
24.18 6.61265e-06
24.2 -2.50242e-05
24.22 -4.09954e-05
24.24 -2.86824e-05
24.26 9.53966e-07
24.28 2.8538e-05
24.3 4.05117e-05
24.32 2.37374e-05
24.34 -2.25161e-05
24.36 -6.72866e-05
24.38 -6.74275e-05
24.4 -2.81444e-05
24.42 -4.03978e-08
24.44 -1.0779e-06
24.46 -5.36019e-07
24.48 1.17749e-05
24.5 7.93412e-06
24.52 -1.61697e-05
24.54 -2.79874e-05
24.56 -8.72055e-06
24.58 2.3234e-05
24.6 3.34456e-05
24.62 1.33548e-05
24.64 -8.42269e-07
24.66 2.22628e-05
24.68 5.22512e-05
24.7 3.20396e-05
24.72 -3.09361e-05
24.74 -5.74402e-05
24.76 -1.05465e-05
24.78 4.8023e-05
24.8 5.27411e-05
24.82 1.837e-05
24.84 8.2888e-06
24.86 4.36236e-05
24.88 6.94803e-05
24.9 4.11263e-05
24.92 2.7453e-06
24.94 1.5702e-05
24.96 5.66016e-05
24.98 5.91133e-05
25 1.88112e-05
25.02 -4.76852e-06
25.04 1.99389e-05
25.06 5.23226e-05
25.08 4.10502e-05
25.1 -2.29405e-06
25.12 -1.64542e-05
25.14 2.17832e-05
25.16 5.59794e-05
25.18 3.20244e-05
25.2 -1.83826e-05
25.22 -3.02647e-05
25.24 -2.55736e-06
25.26 6.85265e-06
25.28 -3.10755e-05
25.3 -7.52662e-05
25.32 -7.58341e-05
25.34 -3.51385e-05
25.36 5.92766e-06
25.38 1.08028e-05
25.4 -1.75757e-05
25.42 -3.58682e-05
25.44 -1.66695e-05
25.46 8.99628e-06
25.48 -1.66891e-06
25.5 -3.57389e-05
25.52 -4.00591e-05
25.54 -2.02319e-06
25.56 2.93976e-05
25.58 1.94124e-05
25.6 -2.24506e-06
25.62 9.5031e-06
25.64 4.39987e-05
25.66 5.05831e-05
25.68 1.53697e-05
25.7 -1.77953e-05
25.72 -7.77191e-06
25.74 2.25983e-05
25.76 1.5524e-05
25.78 -2.87581e-05
25.8 -4.76752e-05
25.82 -1.73212e-05
25.84 1.43834e-05
25.86 9.14558e-06
25.88 -1.28618e-05
25.9 -1.93589e-05
25.92 -1.20375e-05
25.94 -1.04377e-05
25.96 -1.7371e-05
25.98 -2.288e-05
26 -2.66896e-05
26.02 -3.462e-05
26.04 -4.37706e-05
26.06 -4.12868e-05
26.08 -2.08223e-05
26.1 -3.06906e-06
26.12 -1.64626e-05
26.14 -4.75795e-05
26.16 -5.05907e-05
26.18 -1.66306e-05
26.2 1.11388e-05
26.22 1.61729e-06
26.24 -2.27339e-05
26.26 -2.10004e-05
26.28 7.79584e-06
26.3 2.15495e-05
26.32 -1.28595e-07
26.34 -2.24282e-05
26.36 -1.46244e-05
26.38 1.79328e-06
26.4 -5.46184e-06
26.42 -2.78496e-05
26.44 -3.36646e-05
26.46 -1.53881e-05
26.48 7.81208e-06
26.5 1.73006e-05
26.52 7.10253e-06
26.54 -1.11216e-05
26.56 -1.47089e-05
26.58 7.08487e-06
26.6 3.87951e-05
26.62 4.99796e-05
26.64 2.93496e-05
26.66 1.82033e-06
26.68 -1.13827e-06
26.7 1.87376e-05
26.72 2.68322e-05
26.74 4.9429e-06
26.76 -1.95438e-05
26.78 -1.89283e-05
26.8 -3.85992e-06
26.82 -9.5452e-07
26.84 -1.795e-05
26.86 -3.3227e-05
26.88 -2.75885e-05
26.9 -1.50414e-05
26.92 -1.34369e-05
26.94 -1.28001e-05
26.96 1.203e-06
26.98 1.50982e-05
27 4.19847e-06
27.02 -1.83938e-05
27.04 -1.23962e-05
27.06 1.83523e-05
27.08 2.35446e-05
27.1 -1.15545e-05
27.12 -3.61025e-05
27.14 -9.83224e-06
27.16 3.07361e-05
27.18 2.40279e-05
27.2 -2.30181e-05
27.22 -4.42674e-05
27.24 -1.26886e-05
27.26 2.11023e-05
27.28 8.62826e-06
27.3 -2.49331e-05
27.32 -2.47297e-05
27.34 1.23394e-05
27.36 3.72178e-05
27.38 2.26057e-05
27.4 -2.15471e-06
27.42 -7.15822e-07
27.44 2.39411e-05
27.46 3.90828e-05
27.48 2.29969e-05
27.5 -5.63754e-06
27.52 -1.59327e-05
27.54 -1.17294e-05
27.56 -1.73738e-05
27.58 -3.53215e-05
27.6 -4.48941e-05
27.62 -3.67704e-05
27.64 -2.99268e-05
27.66 -3.86261e-05
27.68 -4.62715e-05
27.7 -3.35576e-05
27.72 -7.12717e-06
27.74 1.43831e-05
27.76 2.55105e-05
27.78 3.25706e-05
27.8 3.80617e-05
27.82 3.95091e-05
27.84 3.70645e-05
27.86 3.19304e-05
27.88 2.1409e-05
27.9 6.89796e-06
27.92 -2.46408e-06
27.94 -2.92153e-06
27.96 1.3427e-06
27.98 4.39782e-06
28 3.03449e-07
28.02 -6.30606e-06
28.04 -4.8712e-06
28.06 -6.86198e-07
28.08 -6.15881e-06
28.1 -1.90947e-05
28.12 -2.08462e-05
28.14 -2.16742e-06
28.16 1.10853e-05
28.18 -3.38655e-06
28.2 -1.67662e-05
28.22 3.93066e-06
28.24 3.75164e-05
28.26 4.67955e-05
28.28 3.60266e-05
28.3 3.5904e-05
28.32 5.38481e-05
28.34 6.23176e-05
28.36 1.86558e-05
28.38 -7.15564e-05
28.4 -0.000115822
28.42 -4.80768e-05
28.44 5.03226e-05
28.46 4.03368e-05
28.48 -6.44727e-05
28.5 -0.000101332
28.52 -6.51332e-06
28.54 8.99602e-05
28.56 6.63154e-05
28.58 -2.06731e-05
28.6 -4.22888e-05
28.62 7.0282e-06
28.64 3.15691e-05
28.66 5.10577e-06
28.68 -5.74367e-06
28.7 2.91463e-05
28.72 5.42697e-05
28.74 1.67773e-05
28.76 -5.19273e-05
28.78 -6.6898e-05
28.8 -2.64723e-07
28.82 6.25536e-05
28.84 2.89539e-05
28.86 -5.28372e-05
28.88 -5.36156e-05
28.9 3.41881e-05
28.92 8.58568e-05
28.94 4.12952e-05
28.96 -1.57493e-05
28.98 -3.67961e-06
29 3.39013e-05
29.02 1.87786e-05
29.04 -1.99284e-05
29.06 -1.98605e-06
29.08 5.17151e-05
29.1 4.77989e-05
29.12 -2.1951e-05
29.14 -6.39394e-05
29.16 -2.79518e-05
29.18 1.99885e-05
29.2 4.74151e-06
29.22 -4.41758e-05
29.24 -5.03481e-05
29.26 -1.22697e-05
29.28 1.00902e-05
29.3 -5.46414e-06
29.32 -2.57041e-05
29.34 -2.29216e-05
29.36 -6.18734e-06
29.38 5.50692e-06
29.4 1.00213e-05
29.42 1.13669e-05
29.44 7.80242e-06
29.46 9.76524e-07
29.48 -1.88921e-07
29.5 6.06755e-06
29.52 9.29416e-06
29.54 -2.38903e-07
29.56 -2.30453e-05
29.58 -4.3455e-05
29.6 -3.66908e-05
29.62 -5.29642e-06
29.64 8.49774e-06
29.66 -1.89931e-05
29.68 -4.82717e-05
29.7 -3.63555e-05
29.72 -3.94645e-06
29.74 4.89024e-07
29.76 -2.40114e-05
29.78 -3.04732e-05
29.8 -1.34241e-06
29.82 2.30826e-05
29.84 1.39996e-05
29.86 -2.80164e-06
29.88 5.07225e-06
29.9 2.72173e-05
29.92 3.4766e-05
29.94 2.46245e-05
29.96 1.47448e-05
29.98 1.15711e-05
30 1.56702e-06
30.02 -2.14967e-05
30.04 -3.8585e-05
30.06 -3.29075e-05
30.08 -2.08282e-05
30.1 -2.49919e-05
30.12 -3.24934e-05
30.14 -1.61045e-05
30.16 1.65468e-05
30.18 3.04108e-05
30.2 1.58663e-05
30.22 -3.57465e-08
30.24 4.94016e-06
30.26 2.30693e-05
30.28 3.33967e-05
30.3 3.00092e-05
30.32 2.66779e-05
30.34 2.90936e-05
30.36 2.55132e-05
30.38 1.26572e-05
30.4 1.05733e-06
30.42 -3.42671e-06
30.44 -1.0722e-05
30.46 -3.13072e-05
30.48 -5.11066e-05
30.5 -4.45101e-05
30.52 -1.28488e-05
30.54 9.47491e-06
30.56 -9.08761e-07
30.58 -2.02343e-05
30.6 -1.14967e-05
30.62 2.04713e-05
30.64 3.89337e-05
30.66 2.94535e-05
30.68 1.50135e-05
30.7 1.98224e-05
30.72 3.52124e-05
30.74 2.84489e-05
30.76 -4.61107e-06
30.78 -2.13776e-05
30.8 -6.3052e-07
30.82 1.8781e-05
30.84 4.96226e-06
30.86 -1.74517e-05
30.88 -1.13117e-05
30.9 2.06379e-05
30.92 4.35574e-05
30.94 3.43404e-05
30.96 8.36666e-06
30.98 -9.25392e-07
31 9.97705e-06
31.02 1.10441e-05
31.04 -8.16701e-06
31.06 -2.15616e-05
31.08 -1.5417e-05
31.1 -8.79451e-06
31.12 -1.20091e-05
31.14 -8.34173e-06
31.16 9.84723e-06
31.18 2.21734e-05
31.2 1.24701e-05
31.22 -4.20787e-06
31.24 -2.55259e-06
31.26 1.70965e-05
31.28 2.67813e-05
31.3 1.03948e-05
31.32 -8.90792e-06
31.34 -1.54535e-06
31.36 2.25179e-05
31.38 2.63633e-05
31.4 4.8579e-06
31.42 -3.80027e-06
31.44 1.58683e-05
31.46 2.88685e-05
31.48 1.16705e-05
31.5 -1.29889e-05
31.52 -1.78302e-05
31.54 -7.03655e-06
31.56 -2.52777e-06
31.58 -1.25915e-05
31.6 -2.22033e-05
31.62 -1.56708e-05
31.64 -3.40971e-06
31.66 -8.12955e-06
31.68 -2.6515e-05
31.7 -3.33596e-05
31.72 -2.13155e-05
31.74 -8.87405e-06
31.76 -1.07111e-05
31.78 -1.87947e-05
31.8 -1.68414e-05
31.82 -6.38162e-06
31.84 -3.52988e-06
31.86 -7.76388e-06
31.88 -1.78577e-06
31.9 1.36416e-05
31.92 1.73458e-05
31.94 4.33507e-06
31.96 -2.50756e-06
31.98 1.1648e-05
32 2.67478e-05
32.02 1.68289e-05
32.04 -9.68853e-06
32.06 -2.12631e-05
32.08 -9.30353e-06
32.1 1.73953e-06
32.12 -7.87995e-06
32.14 -2.71824e-05
32.16 -3.09091e-05
32.18 -1.40844e-05
32.2 -3.06773e-07
32.22 -8.65155e-06
32.24 -2.55232e-05
32.26 -2.56169e-05
32.28 -9.62976e-06
32.3 -1.90999e-06
32.32 -1.44343e-05
32.34 -3.05349e-05
32.36 -2.84157e-05
32.38 -1.28019e-05
32.4 -9.11564e-06
32.42 -2.28075e-05
32.44 -3.06274e-05
32.46 -1.85847e-05
32.48 -1.65811e-06
32.5 -2.01973e-06
32.52 -1.95066e-05
32.54 -2.81458e-05
32.56 -1.04654e-05
32.58 1.22982e-05
32.6 8.56956e-06
32.62 -1.24249e-05
32.64 -1.20706e-05
32.66 1.6369e-05
32.68 3.51883e-05
32.7 1.9598e-05
32.72 -6.19379e-06
32.74 -8.44589e-06
32.76 3.71709e-06
32.78 -2.45349e-06
32.8 -2.43452e-05
32.82 -2.89181e-05
32.84 -6.55934e-06
32.86 1.58899e-05
32.88 1.65887e-05
32.9 1.05928e-05
32.92 2.01499e-05
32.94 3.44167e-05
32.96 2.89061e-05
32.98 8.0555e-06
33 -2.84104e-06
33.02 2.38744e-06
33.04 6.16383e-06
33.06 -1.54287e-06
33.08 -9.83673e-06
33.1 -8.24191e-06
33.12 -3.92473e-06
33.14 -6.83492e-06
33.16 -1.10712e-05
33.18 -7.82835e-06
33.2 -4.21954e-07
33.22 4.69664e-06
33.24 4.86078e-06
33.26 1.30354e-06
33.28 -2.72645e-06
33.3 -7.84914e-06
33.32 -1.26856e-05
33.34 -6.7703e-06
33.36 1.21002e-05
33.38 2.41268e-05
33.4 1.1939e-05
33.42 -1.03252e-05
33.44 -1.21193e-05
33.46 9.66365e-06
33.48 2.12266e-05
33.5 8.36498e-07
33.52 -2.45453e-05
33.54 -2.08803e-05
33.56 2.21381e-06
33.58 1.33387e-05
33.6 5.18592e-06
33.62 -4.55208e-06
33.64 -3.29035e-06
33.66 8.60172e-08
33.68 -8.82851e-06
33.7 -2.38932e-05
33.72 -2.39396e-05
33.74 -8.88535e-06
33.76 -2.35467e-06
33.78 -8.75844e-06
33.8 -4.66243e-06
33.82 1.66243e-05
33.84 2.94676e-05
33.86 1.93733e-05
33.88 6.85269e-06
33.9 1.36296e-05
33.92 3.03878e-05
33.94 3.20581e-05
33.96 1.58854e-05
33.98 7.31023e-06
34 2.03612e-05
34.02 3.2256e-05
34.04 1.94422e-05
34.06 -2.26611e-06
34.08 -5.63184e-06
34.1 3.45604e-06
34.12 3.69152e-06
34.14 -7.12398e-06
34.16 -1.52518e-05
34.18 -1.12541e-05
34.2 -1.1935e-06
34.22 2.0412e-06
34.24 -4.90502e-06
34.26 -1.25923e-05
34.28 -1.05931e-05
34.3 2.36728e-07
34.32 7.338e-06
34.34 1.23924e-06
34.36 -8.10124e-06
34.38 8.63835e-09
34.4 2.40018e-05
34.42 3.58209e-05
34.44 2.35695e-05
34.46 9.78976e-06
34.48 1.42026e-05
34.5 2.24054e-05
34.52 1.06176e-05
34.54 -1.42658e-05
34.56 -2.41437e-05
34.58 -1.04577e-05
34.6 6.61258e-06
34.62 9.04289e-06
34.64 1.73495e-06
34.66 -1.7665e-06
34.68 5.05254e-07
34.7 -1.43792e-07
34.72 -7.81168e-06
34.74 -1.60904e-05
34.76 -1.80467e-05
34.78 -1.34141e-05
34.8 -6.08695e-06
34.82 -1.50475e-06
34.84 1.28153e-07
34.86 5.38708e-06
34.88 1.23462e-05
34.9 1.15982e-05
34.92 7.50794e-06
34.94 1.26392e-05
34.96 2.44887e-05
34.98 2.86755e-05
35 1.82303e-05
35.02 2.86168e-06
35.04 -8.43688e-07
35.06 6.53322e-06
35.08 5.13586e-06
35.1 -1.19831e-05
35.12 -2.52944e-05
35.14 -2.21788e-05
35.16 -1.80041e-05
35.18 -2.57858e-05
35.2 -3.23054e-05
35.22 -2.02861e-05
35.24 1.81849e-06
35.26 8.77536e-06
35.28 -5.05639e-06
35.3 -1.61822e-05
35.32 -4.52511e-06
35.34 1.44575e-05
35.36 1.0042e-05
35.38 -1.17702e-05
35.4 -1.34961e-05
35.42 1.29834e-05
35.44 3.27652e-05
35.46 1.99816e-05
35.48 -5.55109e-06
35.5 -8.23837e-06
35.52 7.87491e-06
35.54 7.39572e-06
35.56 -1.54907e-05
35.58 -3.10006e-05
35.6 -2.60821e-05
35.62 -1.93586e-05
35.64 -2.40667e-05
35.66 -2.83434e-05
35.68 -1.96276e-05
35.7 -7.999e-06
35.72 -7.29839e-06
35.74 -1.30136e-05
35.76 -1.65607e-05
35.78 -1.24809e-05
35.8 6.05116e-06
35.82 2.53054e-05
35.84 1.5001e-05
35.86 -1.56719e-05
35.88 -2.19391e-05
35.9 -5.33123e-07
35.92 6.40084e-06
35.94 -6.80275e-06
35.96 2.75358e-06
35.98 3.69579e-05
36 3.65068e-05
36.02 -1.0832e-05
36.04 -3.42992e-05
36.06 1.51079e-06
36.08 3.99601e-05
36.1 3.22901e-05
36.12 6.5317e-06
36.14 1.08895e-06
36.16 3.06969e-06
36.18 -7.54128e-07
36.2 9.2636e-06
36.22 2.98355e-05
36.24 2.92325e-05
36.26 1.29355e-06
36.28 -2.95753e-05
36.3 -3.97971e-05
36.32 -3.04939e-05
36.34 -2.49931e-05
36.36 -3.05055e-05
36.38 -2.803e-05
36.4 -9.58813e-06
36.42 1.13883e-05
36.44 2.00475e-05
36.46 6.90644e-06
36.48 -1.53967e-05
36.5 -1.64959e-06
36.52 6.09471e-05
36.54 0.000102078
36.56 6.18345e-05
36.58 -4.36185e-06
36.6 -1.75346e-06
36.62 5.36175e-05
36.64 5.54183e-05
36.66 -1.51399e-05
36.68 -5.36785e-05
36.7 -1.97983e-05
36.72 -2.91604e-06
36.74 -4.22053e-05
36.76 -4.7139e-05
36.78 2.25072e-05
36.8 5.27223e-05
36.82 -2.82822e-05
36.84 -9.85565e-05
36.86 -4.02041e-05
36.88 5.30606e-05
36.9 2.32662e-05
36.92 -9.37368e-05
36.94 -0.000122174
36.96 -1.64532e-05
36.98 9.20428e-05
37 8.30421e-05
37.02 -1.34575e-05
37.04 -5.28766e-05
37.06 3.76973e-05
37.08 0.00013814
37.1 9.40533e-05
37.12 -3.91758e-05
37.14 -7.43408e-05
37.16 1.50065e-05
37.18 6.56656e-05
37.2 -1.1369e-05
37.22 -0.000110788
37.24 -0.00011743
37.26 -5.18928e-05
37.28 7.43843e-06
37.3 1.88973e-05
37.32 -1.13822e-05
37.34 -4.32194e-05
37.36 -4.32578e-05
37.38 -2.172e-05
37.4 -1.14258e-05
37.42 -1.66901e-05
37.44 -1.17368e-05
37.46 1.05132e-05
37.48 3.00972e-05
37.5 3.25e-05
37.52 2.11882e-05
37.54 1.19351e-05
37.56 2.48522e-05
37.58 5.88427e-05
37.6 7.38964e-05
37.62 3.92779e-05
37.64 -1.54466e-05
37.66 -3.80771e-05
37.68 -1.33658e-05
37.7 2.78766e-05
37.72 3.43346e-05
37.74 -6.94753e-06
37.76 -4.07908e-05
37.78 -1.7498e-05
37.8 2.85093e-05
37.82 1.78715e-05
37.84 -5.9823e-05
37.86 -0.000111357
37.88 -6.64108e-05
37.9 8.91479e-06
37.92 1.57821e-05
37.94 -2.6343e-05
37.96 -3.40925e-05
37.98 3.13801e-06
38 2.75372e-05
38.02 1.15345e-05
38.04 -1.12491e-05
38.06 -3.58807e-06
38.08 2.03889e-05
38.1 2.0504e-05
38.12 -2.29666e-06
38.14 -1.31369e-05
38.16 8.74999e-07
38.18 2.15669e-05
38.2 2.90653e-05
38.22 2.7475e-05
38.24 2.94801e-05
38.26 2.46139e-05
38.28 -2.69733e-06
38.3 -3.70168e-05
38.32 -4.46051e-05
38.34 -1.81137e-05
38.36 8.00465e-06
38.38 -1.41111e-06
38.4 -2.82636e-05
38.42 -2.2193e-05
38.44 2.22484e-05
38.46 5.4161e-05
38.48 3.55436e-05
38.5 -8.99806e-06
38.52 -2.67383e-05
38.54 -8.48274e-06
38.56 5.42189e-06
38.58 -1.24549e-05
38.6 -4.17999e-05
38.62 -4.65246e-05
38.64 -2.37781e-05
38.66 -5.17952e-06
38.68 -9.41161e-06
38.7 -1.93904e-05
38.72 -1.31589e-05
38.74 6.74371e-06
38.76 2.12587e-05
38.78 2.00506e-05
38.8 1.18552e-05
38.82 8.88119e-06
38.84 7.74356e-06
38.86 -3.99869e-06
38.88 -2.29844e-05
38.9 -2.9086e-05
38.92 -1.84781e-05
38.94 -1.275e-05
38.96 -2.08886e-05
38.98 -2.10382e-05
39 2.97445e-06
39.02 3.19589e-05
39.04 3.92287e-05
39.06 3.11461e-05
39.08 3.57681e-05
39.1 5.73554e-05
39.12 6.47543e-05
39.14 3.33671e-05
39.16 -1.46555e-05
39.18 -3.2955e-05
39.2 -1.22251e-05
39.22 7.76444e-06
39.24 -4.24052e-06
39.26 -2.7665e-05
39.28 -2.38199e-05
39.3 3.90608e-06
39.32 1.47592e-05
39.34 -6.26683e-06
39.36 -2.78452e-05
39.38 -2.37214e-05
39.4 -7.47482e-06
39.42 -2.95643e-06
39.44 -1.08616e-05
39.46 -1.64764e-05
39.48 -1.15809e-05
39.5 -7.04119e-07
39.52 8.24234e-06
39.54 1.17522e-05
39.56 9.90738e-06
39.58 5.1067e-06
39.6 3.88896e-06
39.62 1.43262e-05
39.64 3.27761e-05
39.66 4.18956e-05
39.68 3.30165e-05
39.7 2.06699e-05
39.72 2.09346e-05
39.74 2.37638e-05
39.76 1.01637e-05
39.78 -1.14197e-05
39.8 -1.74639e-05
39.82 -7.60332e-06
39.84 -1.56468e-06
39.86 -8.96857e-06
39.88 -1.88385e-05
39.9 -1.73109e-05
39.92 -6.66386e-06
39.94 1.40253e-06
39.96 2.66499e-06
39.98 -3.76467e-07
40 -4.71406e-06
40.02 -6.13644e-06
40.04 -2.75603e-06
40.06 1.15064e-06
40.08 -1.43032e-06
40.1 -7.58218e-06
40.12 -2.72563e-06
40.14 1.29275e-05
40.16 1.80645e-05
40.18 6.39033e-06
40.2 -3.13862e-06
40.22 -8.49962e-07
40.24 1.74227e-06
40.26 -5.71306e-06
40.28 -1.78643e-05
40.3 -2.12424e-05
40.32 -1.28917e-05
40.34 -5.17361e-06
40.36 -7.42252e-06
40.38 -1.30001e-05
40.4 -8.98818e-06
40.42 7.93357e-06
40.44 2.46366e-05
40.46 2.71699e-05
40.48 2.01769e-05
40.5 1.74764e-05
40.52 2.12575e-05
40.54 1.82731e-05
40.56 1.31612e-07
40.58 -1.39027e-05
40.6 -1.36561e-06
40.62 1.94214e-05
40.64 1.11835e-05
40.66 -2.61358e-05
40.68 -5.21754e-05
40.7 -3.88735e-05
40.72 -1.03968e-05
40.74 -9.93279e-06
40.76 -3.78735e-05
40.78 -5.43254e-05
40.8 -3.63064e-05
40.82 -3.07238e-06
40.84 1.386e-05
40.86 9.64368e-06
40.88 5.26478e-06
40.9 9.30486e-06
40.92 9.96879e-06
40.94 6.25999e-06
40.96 9.06543e-06
40.98 1.75403e-05
41 2.22434e-05
41.02 1.84947e-05
41.04 8.20102e-06
41.06 1.18045e-06
41.08 3.95403e-06
41.1 8.28575e-06
41.12 5.68991e-06
41.14 -1.34902e-06
41.16 -7.08766e-06
41.18 -1.11613e-05
41.2 -1.72842e-05
41.22 -2.47623e-05
41.24 -2.69152e-05
41.26 -2.04303e-05
41.28 -1.38808e-05
41.3 -1.70622e-05
41.32 -2.24102e-05
41.34 -1.60515e-05
41.36 -2.22681e-06
41.38 4.11121e-06
41.4 3.76264e-07
41.42 -7.28736e-07
41.44 1.10911e-05
41.46 2.76444e-05
41.48 3.16101e-05
41.5 2.05715e-05
41.52 1.11057e-05
41.54 1.60066e-05
41.56 2.71066e-05
41.58 2.65324e-05
41.6 1.00822e-05
41.62 -5.97575e-06
41.64 -6.19473e-06
41.66 2.77439e-06
41.68 3.64291e-06
41.7 -6.71121e-06
41.72 -1.71457e-05
41.74 -2.15157e-05
41.76 -2.37082e-05
41.78 -2.58821e-05
41.8 -2.58482e-05
41.82 -2.10546e-05
41.84 -9.51806e-06
41.86 4.8974e-06
41.88 1.26334e-05
41.9 1.133e-05
41.92 1.13098e-05
41.94 1.98549e-05
41.96 2.91235e-05
41.98 2.8163e-05
42 1.79767e-05
42.02 8.52004e-06
42.04 4.47738e-06
42.06 4.26813e-07
42.08 -7.39609e-06
42.1 -1.17749e-05
42.12 -5.47125e-06
42.14 5.18254e-06
42.16 8.0614e-06
42.18 8.95857e-07
42.2 -6.82841e-06
42.22 -6.08578e-06
42.24 -8.16752e-07
42.26 -2.0586e-06
42.28 -1.17369e-05
42.3 -2.06654e-05
42.32 -2.18771e-05
42.34 -1.77309e-05
42.36 -1.18901e-05
42.38 -6.60884e-06
42.4 -3.90591e-06
42.42 -1.92436e-07
42.44 6.6775e-06
42.46 1.03693e-05
42.48 7.56589e-06
42.5 3.40793e-06
42.52 4.52616e-06
42.54 1.10123e-05
42.56 1.53616e-05
42.58 1.23086e-05
42.6 6.39049e-06
42.62 6.34436e-06
42.64 1.18574e-05
42.66 1.26269e-05
42.68 5.16122e-06
42.7 -2.18974e-07
42.72 4.72082e-06
42.74 1.21052e-05
42.76 7.49221e-06
42.78 -7.52179e-06
42.8 -1.28483e-05
42.82 -5.98959e-07
42.84 7.18215e-06
42.86 -7.44155e-06
42.88 -2.72289e-05
42.9 -2.61739e-05
42.92 -8.14224e-06
42.94 -1.72963e-08
42.96 -1.37683e-05
42.98 -2.96537e-05
43 -2.33024e-05
43.02 2.63121e-07
43.04 1.36163e-05
43.06 5.42292e-06
43.08 -6.25292e-06
43.1 -1.73608e-06
43.12 1.42232e-05
43.14 2.07584e-05
43.16 1.1828e-05
43.18 4.04752e-06
43.2 8.39438e-06
43.22 1.36901e-05
43.24 7.1402e-06
43.26 -6.14375e-06
43.28 -1.21234e-05
43.3 -8.85927e-06
43.32 -9.07414e-06
43.34 -1.89507e-05
43.36 -2.81202e-05
43.38 -2.62015e-05
43.4 -1.74498e-05
43.42 -1.12659e-05
43.44 -7.63825e-06
43.46 -1.56661e-06
43.48 6.99567e-06
43.5 1.3562e-05
43.52 1.53137e-05
43.54 1.38877e-05
43.56 1.19194e-05
43.58 9.55398e-06
43.6 4.80727e-06
43.62 -1.60385e-06
43.64 -4.82667e-06
43.66 -2.63613e-06
43.68 3.55373e-08
43.7 -3.23955e-06
43.72 -1.02263e-05
43.74 -1.10471e-05
43.76 -4.52353e-06
43.78 -1.12613e-06
43.8 -3.62232e-06
43.82 -3.69268e-06
43.84 1.44138e-06
43.86 3.24378e-06
43.88 -4.51558e-06
43.9 -1.33105e-05
43.92 -1.11515e-05
43.94 -2.59539e-06
43.96 -3.3812e-06
43.98 -1.39626e-05
44 -1.72513e-05
44.02 -6.3157e-06
44.04 4.96706e-06
44.06 3.55246e-06
44.08 -5.15401e-06
44.1 -7.44853e-06
44.12 -4.17947e-07
44.14 5.27571e-06
44.16 1.37846e-06
44.18 -7.16819e-06
44.2 -1.07278e-05
44.22 -8.39689e-06
44.24 -7.28193e-06
44.26 -1.09375e-05
44.28 -1.55538e-05
44.3 -1.60699e-05
44.32 -1.17595e-05
44.34 -5.60446e-06
44.36 -2.09699e-06
44.38 -3.01301e-06
44.4 -2.41467e-06
44.42 5.08897e-06
44.44 1.39203e-05
44.46 1.65255e-05
44.48 1.30632e-05
44.5 6.83747e-06
44.52 7.27828e-07
44.54 -2.94859e-06
44.56 -4.87193e-06
44.58 -7.70546e-06
44.6 -1.18432e-05
44.62 -1.42714e-05
44.64 -1.22359e-05
44.66 -7.42031e-06
44.68 -4.92655e-06
44.7 -6.74619e-06
44.72 -7.21308e-06
44.74 -1.93832e-06
44.76 4.1472e-06
44.78 4.7604e-06
44.8 2.54086e-07
44.82 -3.65078e-06
44.84 -1.69612e-06
44.86 4.78644e-06
44.88 8.8667e-06
44.9 6.176e-06
44.92 2.74046e-07
44.94 -1.52116e-06
44.96 1.78001e-06
44.98 3.15745e-06
45 -2.04242e-06
45.02 -8.45794e-06
45.04 -7.44188e-06
45.06 5.9942e-07
45.08 5.7764e-06
45.1 1.26646e-06
45.12 -5.79672e-06
45.14 -4.22697e-06
45.16 2.91923e-06
45.18 3.28643e-06
45.2 -4.97559e-06
45.22 -8.83537e-06
45.24 1.19583e-06
45.26 1.58909e-05
45.28 1.93882e-05
45.3 1.01175e-05
45.32 2.95952e-06
45.34 8.62277e-06
45.36 1.47647e-05
45.38 5.24915e-06
45.4 -1.18512e-05
45.42 -1.4593e-05
45.44 1.80421e-06
45.46 1.32428e-05
45.48 6.07466e-07
45.5 -1.78213e-05
45.52 -1.46335e-05
45.54 3.47967e-06
45.56 6.98125e-06
45.58 -9.36967e-06
45.6 -1.91269e-05
45.62 -6.25296e-06
45.64 1.00738e-05
45.66 3.95014e-06
45.68 -1.6768e-05
45.7 -2.07356e-05
45.72 -1.31549e-06
45.74 1.24568e-05
45.76 -8.56918e-07
45.78 -2.19017e-05
45.8 -1.75204e-05
45.82 8.77189e-06
45.84 2.06471e-05
45.86 4.45932e-06
45.88 -1.03277e-05
45.9 1.97446e-06
45.92 2.44916e-05
45.94 2.61907e-05
45.96 7.49528e-06
45.98 -6.02665e-06
46 -3.08509e-06
46.02 4.56685e-06
46.04 3.91246e-06
46.06 -3.61397e-06
46.08 -7.32801e-06
46.1 -6.25564e-06
46.12 -7.72065e-06
46.14 -1.21595e-05
46.16 -1.46039e-05
46.18 -1.08089e-05
46.2 -5.72356e-07
46.22 6.94359e-06
46.24 1.50545e-06
46.26 -8.12261e-06
46.28 -3.36947e-06
46.3 1.02728e-05
46.32 1.11356e-05
46.34 -6.41075e-07
46.36 -5.85858e-06
46.38 2.86368e-06
46.4 1.1877e-05
46.42 6.89011e-06
46.44 -4.74033e-06
46.46 -4.56911e-06
46.48 5.93059e-06
46.5 7.47453e-06
46.52 -4.10396e-06
46.54 -1.19082e-05
46.56 -5.1981e-06
46.58 5.09307e-06
46.6 3.2804e-06
46.62 -7.44391e-06
46.64 -1.04984e-05
46.66 -1.98099e-06
46.68 3.59743e-06
46.7 -3.98929e-06
46.72 -1.36938e-05
46.74 -9.45599e-06
46.76 3.15292e-06
46.78 6.63678e-06
46.8 -3.36041e-07
46.82 -3.15768e-06
46.84 5.49996e-06
46.86 1.08251e-05
46.88 -9.79142e-07
46.9 -1.55425e-05
46.92 -1.24966e-05
46.94 3.93841e-06
46.96 1.24277e-05
46.98 3.09136e-06
47 -9.65299e-06
47.02 -8.59265e-06
47.04 2.90412e-06
47.06 7.91696e-06
47.08 -2.63543e-06
47.1 -1.62893e-05
47.12 -1.12741e-05
47.14 7.76654e-06
47.16 1.0424e-05
47.18 -1.04133e-05
47.2 -2.44612e-05
47.22 -9.99326e-06
47.24 1.28412e-05
47.26 1.16434e-05
47.28 -7.70616e-06
47.3 -9.70728e-06
47.32 1.43613e-05
47.34 3.39726e-05
47.36 2.707e-05
47.38 9.22307e-06
47.4 4.2948e-06
47.42 7.46652e-06
47.44 -1.77006e-06
47.46 -1.81721e-05
47.48 -1.54184e-05
47.5 5.5939e-06
47.52 1.24434e-05
47.54 -4.42485e-06
47.56 -1.35308e-05
47.58 2.50068e-06
47.6 1.65863e-05
47.62 3.88257e-06
47.64 -1.82143e-05
47.66 -1.99217e-05
47.68 -4.42023e-06
47.7 1.59354e-06
47.72 -9.51059e-06
47.74 -1.5728e-05
47.76 -2.05128e-06
47.78 1.38752e-05
47.8 9.75665e-06
47.82 -6.34373e-06
47.84 -1.04965e-05
47.86 -2.88871e-07
47.88 4.1222e-06
47.9 -6.70776e-06
47.92 -1.55754e-05
47.94 -7.84004e-06
47.96 3.14708e-06
47.98 -9.40467e-08
48 -9.73478e-06
48.02 -6.66066e-06
48.04 7.92798e-06
48.06 1.23972e-05
48.08 -3.40064e-06
48.1 -2.0555e-05
48.12 -1.45698e-05
48.14 1.00022e-05
48.16 1.89795e-05
48.18 -3.67774e-06
48.2 -2.5929e-05
48.22 -1.55929e-05
48.24 9.35446e-06
48.26 1.20097e-05
48.28 -7.80395e-06
48.3 -1.63955e-05
48.32 4.27238e-06
48.34 2.67443e-05
48.36 1.76675e-05
48.38 -8.31736e-06
48.4 -1.125e-05
48.42 1.19e-05
48.44 2.44365e-05
48.46 7.63433e-06
48.48 -1.30444e-05
48.5 -1.05142e-05
48.52 5.34308e-06
48.54 5.60987e-06
48.56 -1.42817e-05
48.58 -2.62764e-05
48.6 -1.30495e-05
48.62 4.29063e-06
48.64 -8.8751e-07
48.66 -1.83547e-05
48.68 -1.52518e-05
48.7 9.72506e-06
48.72 2.13811e-05
48.74 3.68715e-06
48.76 -1.42481e-05
48.78 -3.27041e-06
48.8 1.88333e-05
48.82 1.65494e-05
48.84 -5.89672e-06
48.86 -1.34348e-05
48.88 4.22434e-06
48.9 1.84334e-05
48.92 7.32331e-06
48.94 -1.12929e-05
48.96 -9.33315e-06
48.98 8.6359e-06
49 1.41281e-05
49.02 -7.91855e-07
49.04 -1.23724e-05
49.06 -3.07033e-06
49.08 1.19847e-05
49.1 9.48596e-06
49.12 -4.23288e-06
49.14 -3.97346e-06
49.16 1.19566e-05
49.18 1.86562e-05
49.2 3.4642e-06
49.22 -1.19347e-05
49.24 -4.71531e-06
49.26 9.81326e-06
49.28 4.12371e-06
49.3 -1.48828e-05
49.32 -1.84543e-05
49.34 -1.6049e-06
49.36 1.05933e-05
49.38 7.53236e-07
49.4 -1.46705e-05
49.42 -1.0136e-05
49.44 8.29411e-06
49.46 1.29385e-05
49.48 -1.70484e-06
49.5 -1.25813e-05
49.52 -5.46985e-06
49.54 4.57749e-06
49.56 8.10412e-07
49.58 -9.72817e-06
49.6 -1.23484e-05
49.62 -8.19389e-06
49.64 -9.77884e-06
49.66 -2.00585e-05
49.68 -2.61074e-05
49.7 -1.95209e-05
49.72 -9.99052e-06
49.74 -8.67626e-06
49.76 -1.13037e-05
49.78 -6.88248e-06
49.8 2.41763e-06
49.82 3.03193e-06
49.84 -6.28634e-06
49.86 -8.91349e-06
49.88 3.56639e-06
49.9 1.5291e-05
49.92 9.19295e-06
49.94 -5.71516e-06
49.96 -8.74032e-06
49.98 4.64716e-07
50 4.16874e-06
50.02 -5.43585e-06
50.04 -1.48801e-05
50.06 -8.65612e-06
50.08 6.80145e-06
50.1 9.56192e-06
50.12 -5.21799e-06
50.14 -1.67358e-05
50.16 -1.02548e-05
50.18 3.12779e-06
50.2 5.11438e-06
50.22 -5.94204e-06
50.24 -1.46695e-05
50.26 -8.78524e-06
50.28 3.61197e-06
50.3 5.17206e-06
50.32 -3.55995e-06
50.34 -5.38101e-06
50.36 3.91625e-06
50.38 9.18409e-06
50.4 2.70639e-06
50.42 -3.92007e-06
50.44 8.4186e-07
50.46 1.08051e-05
50.48 1.06669e-05
50.5 -1.54052e-06
50.52 -1.00234e-05
50.54 -3.57991e-06
50.56 8.49537e-06
50.58 1.00515e-05
50.6 1.38047e-06
50.62 -2.16217e-06
50.64 4.46089e-06
50.66 8.69745e-06
50.68 2.6896e-06
50.7 -3.96914e-06
50.72 -9.97557e-07
50.74 5.98549e-06
50.76 4.75477e-06
50.78 -4.0841e-06
50.8 -7.54164e-06
50.82 -2.15953e-06
50.84 -8.26705e-07
50.86 -9.5784e-06
50.88 -1.61515e-05
50.9 -1.13812e-05
50.92 -3.68005e-06
50.94 -4.18762e-06
50.96 -1.16083e-05
50.98 -1.59211e-05
51 -1.14445e-05
51.02 -3.90705e-06
51.04 -3.03727e-06
51.06 -8.20886e-06
51.08 -9.07559e-06
51.1 -3.00195e-06
51.12 1.26267e-06
51.14 -2.07549e-06
51.16 -8.68457e-06
51.18 -1.02358e-05
51.2 -4.35215e-06
51.22 1.48723e-06
51.24 -1.7425e-07
51.26 -4.15332e-06
51.28 3.9805e-07
51.3 1.21265e-05
51.32 1.94009e-05
51.34 1.31683e-05
51.36 -8.16729e-06
51.38 -3.27498e-05
51.4 -4.09451e-05
51.42 -2.52162e-05
51.44 3.83219e-06
51.46 2.59905e-05
51.48 2.34708e-05
51.5 1.30068e-06
51.52 -8.69094e-06
51.54 8.58066e-06
51.56 2.42161e-05
51.58 1.1198e-05
51.6 -1.4799e-05
51.62 -2.08222e-05
51.64 -5.30823e-07
51.66 1.99523e-05
51.68 1.80538e-05
51.7 3.08437e-06
51.72 -9.0304e-07
51.74 9.13323e-06
51.76 1.33786e-05
51.78 1.14229e-06
51.8 -1.49954e-05
51.82 -1.86593e-05
51.84 -8.99451e-06
51.86 1.74508e-06
51.88 2.57025e-06
51.9 -4.25758e-06
51.92 -6.86892e-06
51.94 -1.76449e-07
51.96 7.90477e-06
51.98 8.53513e-06
52 3.94309e-06
52.02 1.68579e-06
52.04 2.10071e-06
52.06 -4.45976e-07
52.08 -6.33905e-06
52.1 -8.14607e-06
52.12 -2.42796e-06
52.14 1.2134e-06
52.16 -4.53069e-06
52.18 -9.20012e-06
52.2 -6.80346e-07
52.22 1.40211e-05
52.24 1.7279e-05
52.26 6.34805e-06
52.28 -2.65279e-06
52.3 1.15047e-06
52.32 8.63085e-06
52.34 5.13671e-06
52.36 -7.61506e-06
52.38 -1.31924e-05
52.4 -5.13179e-06
52.42 2.94773e-06
52.44 -9.14848e-07
52.46 -7.21406e-06
52.48 -1.6151e-06
52.5 9.25524e-06
52.52 8.15368e-06
52.54 -5.18311e-06
52.56 -1.31883e-05
52.58 -7.45765e-06
52.6 -9.88209e-07
52.62 -5.35787e-06
52.64 -1.36244e-05
52.66 -1.31791e-05
52.68 -4.7928e-06
52.7 2.33008e-07
52.72 -1.91878e-06
52.74 -5.51587e-06
52.76 -5.82079e-06
52.78 -4.00334e-06
52.8 -4.09645e-06
52.82 -6.39862e-06
52.84 -6.99826e-06
52.86 -4.97355e-06
52.88 -4.47854e-06
52.9 -6.23646e-06
52.92 -4.73901e-06
52.94 4.91146e-07
52.96 1.08138e-06
52.98 -4.86619e-06
53 -7.22471e-06
53.02 -4.73855e-07
53.04 6.75429e-06
53.06 4.9223e-06
53.08 -1.21258e-06
53.1 -1.53261e-07
53.12 8.10251e-06
53.14 1.11268e-05
53.16 4.54673e-06
53.18 -6.10946e-08
53.2 3.54474e-06
53.22 6.96307e-06
53.24 2.82864e-06
53.26 -4.09724e-06
53.28 -5.3654e-06
53.3 -1.96613e-06
53.32 -1.97808e-06
53.34 -8.11466e-06
53.36 -1.24101e-05
53.38 -7.76365e-06
53.4 -7.7552e-07
53.42 -1.29096e-06
53.44 -6.13817e-06
53.46 -6.23896e-06
53.48 -1.73505e-06
53.5 2.37081e-07
53.52 -1.98515e-06
53.54 -2.89865e-06
53.56 4.95505e-08
53.58 2.37283e-06
53.6 -1.75216e-07
53.62 -5.37905e-06
53.64 -7.8283e-06
53.66 -5.45525e-06
53.68 -2.32417e-06
53.7 -3.38739e-06
53.72 -5.54251e-06
53.74 -2.5574e-06
53.76 3.40639e-06
53.78 5.22337e-06
53.8 2.07654e-06
53.82 -7.06848e-07
53.84 9.80398e-07
53.86 5.35508e-06
53.88 5.33496e-06
53.9 -1.44643e-06
53.92 -6.20401e-06
53.94 -1.69026e-06
53.96 5.19993e-06
53.98 4.20212e-06
54 -2.8524e-06
54.02 -5.64909e-06
54.04 -4.49982e-07
54.06 5.39724e-06
54.08 4.6701e-06
54.1 -2.20196e-07
54.12 -6.7667e-07
54.14 4.58321e-06
54.16 6.14978e-06
54.18 3.35188e-07
54.2 -5.58557e-06
54.22 -7.20656e-06
54.24 -6.75191e-06
54.26 -6.84178e-06
54.28 -8.15107e-06
54.3 -8.11508e-06
54.32 -5.07571e-06
54.34 -2.74756e-06
54.36 -4.38075e-06
54.38 -7.50434e-06
54.4 -7.64073e-06
54.42 -4.11663e-06
54.44 5.65755e-08
54.46 2.27385e-06
54.48 2.47231e-06
54.5 2.19299e-06
54.52 3.09908e-06
54.54 4.58735e-06
54.56 3.85516e-06
54.58 4.25206e-07
54.6 -2.0604e-06
54.62 3.80484e-08
54.64 4.09809e-06
54.66 3.86358e-06
54.68 -1.99212e-06
54.7 -8.29243e-06
54.72 -8.87212e-06
54.74 -5.22994e-06
54.76 -5.35239e-06
54.78 -1.03353e-05
54.8 -1.26817e-05
54.82 -9.18341e-06
54.84 -3.76098e-06
54.86 -5.35132e-07
54.88 3.35772e-07
54.9 2.28553e-06
54.92 5.79182e-06
54.94 6.727e-06
54.96 5.06428e-06
54.98 5.22037e-06
55 6.32335e-06
55.02 4.02469e-06
55.04 -6.63206e-07
55.06 -2.44739e-06
55.08 -5.33853e-07
55.1 5.5038e-07
55.12 -6.20413e-07
55.14 -2.01437e-06
55.16 -2.17381e-06
55.18 -1.02797e-06
55.2 5.69188e-07
55.22 2.286e-06
55.24 3.79251e-06
55.26 4.40681e-06
55.28 3.89024e-06
55.3 2.42435e-06
55.32 1.59525e-06
55.34 3.14379e-06
55.36 3.83982e-06
55.38 -4.35814e-07
55.4 -5.31413e-06
55.42 -4.01751e-06
55.44 3.04919e-07
55.46 7.2276e-08
55.48 -4.37477e-06
55.5 -7.90778e-06
55.52 -7.66595e-06
55.54 -4.97913e-06
55.56 -3.38062e-06
55.58 -3.31562e-06
55.6 -3.17656e-06
55.62 -1.66666e-06
55.64 -1.69446e-08
55.66 -2.59894e-06
55.68 -7.91214e-06
55.7 -7.64608e-06
55.72 -3.60871e-07
55.74 4.68133e-06
55.76 9.96948e-07
55.78 -5.4338e-06
55.8 -4.5198e-06
55.82 3.31519e-06
55.84 6.93722e-06
55.86 1.90365e-06
55.88 -4.03938e-07
55.9 9.04835e-06
55.92 1.73667e-05
55.94 2.46455e-06
55.96 -2.84505e-05
55.98 -3.79132e-05
56 -1.39766e-05
56.02 1.18384e-05
56.04 1.05817e-05
56.06 -9.48742e-06
56.08 -1.4934e-05
56.1 6.46355e-06
56.12 2.74327e-05
56.14 2.08013e-05
56.16 -4.57123e-06
56.18 -1.63654e-05
56.2 -4.07974e-06
56.22 7.16894e-06
56.24 -1.02251e-06
56.26 -1.34656e-05
56.28 -9.16285e-06
56.3 7.65186e-06
56.32 1.52747e-05
56.34 5.57704e-06
56.36 -4.79415e-06
56.38 -1.19971e-06
56.4 6.84209e-06
56.42 3.82241e-06
56.44 -4.87325e-06
56.46 -1.6097e-06
56.48 1.21462e-05
56.5 1.53078e-05
56.52 2.16038e-06
56.54 -7.10979e-06
56.56 1.36435e-06
56.58 1.34184e-05
56.6 7.61609e-06
56.62 -1.11738e-05
56.64 -1.74344e-05
56.66 -3.44083e-06
56.68 1.00322e-05
56.7 3.90567e-06
56.72 -1.19503e-05
56.74 -1.33733e-05
56.76 1.65444e-06
56.78 1.07496e-05
56.8 1.65787e-06
56.82 -9.44272e-06
56.84 -4.86345e-06
56.86 7.33083e-06
56.88 9.43181e-06
56.9 -1.42399e-06
56.92 -1.15069e-05
56.94 -8.53177e-06
56.96 -9.08326e-07
56.98 -4.44518e-06
57 -1.5482e-05
57.02 -1.67265e-05
57.04 -6.6061e-06
57.06 -2.18769e-06
57.08 -9.32485e-06
57.1 -1.16626e-05
57.12 -4.54653e-07
57.14 7.84435e-06
57.16 -1.28442e-07
57.18 -1.19722e-05
57.2 -8.69674e-06
57.22 5.62487e-06
57.24 8.7026e-06
57.26 -5.43172e-06
57.28 -1.60893e-05
57.3 -6.61871e-06
57.32 9.87145e-06
57.34 9.25925e-06
57.36 -6.56046e-06
57.38 -1.16672e-05
57.4 3.25797e-06
57.42 1.59852e-05
57.44 7.93592e-06
57.46 -8.80415e-06
57.48 -1.12821e-05
57.5 1.61271e-06
57.52 1.01664e-05
57.54 2.91678e-06
57.56 -8.9942e-06
57.58 -8.64118e-06
57.6 2.61776e-06
57.62 8.4818e-06
57.64 1.99783e-06
57.66 -6.0615e-06
57.68 -4.19274e-06
57.7 3.0773e-06
57.72 3.48023e-06
57.74 -3.67424e-06
57.76 -7.42823e-06
57.78 -2.77517e-06
57.8 2.06335e-06
57.82 -4.51319e-07
57.84 -5.28948e-06
57.86 -3.89474e-06
57.88 1.67143e-06
57.9 2.23507e-06
57.92 -3.20605e-06
57.94 -5.52489e-06
57.96 -6.1504e-07
57.98 3.64049e-06
58 4.30393e-07
58.02 -5.12346e-06
58.04 -4.89032e-06
58.06 1.02225e-07
58.08 2.40388e-06
58.1 -8.38048e-07
58.12 -4.21182e-06
58.14 -2.51315e-06
58.16 1.48349e-06
58.18 1.78038e-06
58.2 -1.6313e-06
58.22 -3.18478e-06
58.24 -5.22551e-07
58.26 2.01043e-06
58.28 4.33216e-07
58.3 -2.69528e-06
58.32 -2.52479e-06
58.34 5.41728e-07
58.36 1.70691e-06
58.38 -6.11123e-07
58.4 -2.53153e-06
58.42 -1.02071e-06
58.44 1.48306e-06
58.46 1.1179e-06
58.48 -1.45529e-06
58.5 -2.29881e-06
58.52 -2.39803e-07
58.54 1.47365e-06
58.56 2.4344e-07
58.58 -1.91425e-06
58.6 -1.63695e-06
58.62 5.41931e-07
58.64 1.18877e-06
58.66 -5.75593e-07
58.68 -1.8737e-06
58.7 -7.54705e-07
58.72 9.01175e-07
58.74 5.37139e-07
58.76 -1.15439e-06
58.78 -1.50761e-06
58.8 -6.93833e-08
58.82 8.57121e-07
58.84 -1.03268e-07
58.86 -1.37406e-06
58.88 -1.00942e-06
58.9 3.37966e-07
58.92 5.726e-07
58.94 -5.82572e-07
58.96 -1.28748e-06
58.98 -5.04077e-07
59 4.89629e-07
59.02 1.83166e-07
59.04 -8.7032e-07
59.06 -1.02542e-06
59.08 -1.01987e-07
59.1 4.38662e-07
59.12 -1.90289e-07
59.14 -9.56919e-07
59.16 -6.89952e-07
59.18 1.43065e-07
59.2 2.50674e-07
59.22 -4.77297e-07
59.24 -8.8155e-07
59.26 -3.68348e-07
59.28 2.31024e-07
59.3 1.01849e-08
59.32 -6.3844e-07
59.34 -7.02271e-07
59.36 -1.18953e-07
59.38 1.92427e-07
59.4 -2.15681e-07
59.42 -6.74527e-07
59.44 -4.82983e-07
59.46 3.14355e-08
59.48 7.52454e-08
59.5 -3.81739e-07
59.52 -6.11361e-07
59.54 -2.77008e-07
59.56 8.3889e-08
59.58 -7.06006e-08
59.6 -4.68188e-07
59.62 -4.87433e-07
59.64 -1.19434e-07
59.66 5.92807e-08
59.68 -2.03796e-07
59.7 -4.77213e-07
59.72 -3.42474e-07
59.74 -2.51628e-08
59.76 -1.17016e-08
59.78 -2.97449e-07
59.8 -4.26191e-07
59.82 -2.08981e-07
59.84 8.09567e-09
59.86 -9.7945e-08
59.88 -3.40714e-07
59.9 -3.39671e-07
59.92 -1.07722e-07
59.94 -5.61127e-09
59.96 -1.74125e-07
59.98 -7.99609e-07
