0.02 4.39977e-05
0.04 0.000124651
0.06 0.000136475
0.08 6.24634e-05
0.1 1.78864e-05
0.12 6.68076e-05
0.14 0.000129154
0.16 0.000111697
0.18 5.03347e-05
0.2 4.72757e-05
0.22 0.000111001
0.24 0.000149812
0.26 0.000118827
0.28 8.59161e-05
0.3 0.000119098
0.32 0.000173633
0.34 0.000180592
0.36 0.000165978
0.38 0.000160123
0.4 8.41044e-05
0.42 -0.000106147
0.44 -9.69515e-05
0.46 0.000295025
0.48 0.000466107
0.5 1.71195e-05
0.52 -0.00044103
0.54 -0.000320815
0.56 -9.40916e-05
0.58 -0.000465033
0.6 -0.000856578
0.62 -0.000390817
0.64 0.000153585
0.66 -0.000190839
0.68 -0.00117828
0.7 -0.00172655
0.72 -0.000408717
0.74 0.00148438
0.76 0.00106246
0.78 -0.000572018
0.8 0.000152888
0.82 0.00317088
0.84 0.0048947
0.86 0.0032642
0.88 0.000251153
0.9 -0.000732149
0.92 0.000976944
0.94 0.0023377
0.96 0.000271127
0.98 -0.0033926
1 -0.00385892
1.02 -0.000298095
1.04 0.00256275
1.06 0.000435328
1.08 -0.00446819
1.1 -0.00630894
1.12 -0.00292141
1.14 0.00223028
1.16 0.0031351
1.18 -0.00235203
1.2 -0.00711006
1.22 -0.00353513
1.24 0.00366081
1.26 0.00406195
1.28 -0.00344437
1.3 -0.0103335
1.32 -0.0081751
1.34 0.00288414
1.36 0.0128751
1.38 0.0116741
1.4 4.5922e-05
1.42 -0.0101632
1.44 -0.00887263
1.46 -0.000571693
1.48 0.00156289
1.5 -0.00727893
1.52 -0.0194822
1.54 -0.0274927
1.56 -0.0315155
1.58 -0.0338754
1.6 -0.0338825
1.62 -0.0295401
1.64 -0.0201763
1.66 -0.00755272
1.68 0.00388341
1.7 0.00809104
1.72 0.00236047
1.74 -0.0103224
1.76 -0.0248443
1.78 -0.0359411
1.8 -0.0411584
1.82 -0.0433818
1.84 -0.0462828
1.86 -0.0499672
1.88 -0.0510677
1.9 -0.0463299
1.92 -0.0376105
1.94 -0.0306174
1.96 -0.0282603
1.98 -0.0298566
2 -0.0363732
2.02 -0.0506928
2.04 -0.0739792
2.06 -0.104922
2.08 -0.141005
2.1 -0.179348
2.12 -0.215766
2.14 -0.244461
2.16 -0.260397
2.18 -0.259641
2.2 -0.239498
2.22 -0.201675
2.24 -0.151189
2.26 -0.0935186
2.28 -0.0369967
2.3 0.00773677
2.32 0.0316953
2.34 0.0323852
2.36 0.0142091
2.38 -0.0182526
2.4 -0.0600604
2.42 -0.109683
2.44 -0.168036
2.46 -0.226745
2.48 -0.273398
2.5 -0.302076
2.52 -0.309019
2.54 -0.290326
2.56 -0.246764
2.58 -0.179928
2.6 -0.0870373
2.62 0.0329223
2.64 0.16939
2.66 0.316686
2.68 0.482043
2.7 0.670085
2.72 0.882656
2.74 1.12561
2.76 1.40744
2.78 1.73464
2.8 2.11035
2.82 2.5379
2.84 3.02127
2.86 3.56339
2.88 4.16342
2.9 4.81574
2.92 5.51653
2.94 6.26474
2.96 7.05734
2.98 7.89149
3 8.76736
3.02 9.67774
3.04 10.6053
3.06 11.5373
3.08 12.4645
3.1 13.3731
3.12 14.2486
3.14 15.0773
3.16 15.8439
3.18 16.5322
3.2 17.1278
3.22 17.6187
3.24 17.9945
3.26 18.2475
3.28 18.3724
3.3 18.3688
3.32 18.2428
3.34 18.0057
3.36 17.677
3.38 17.2809
3.4 16.8378
3.42 16.364
3.44 15.88
3.46 15.4144
3.48 14.9925
3.5 14.6281
3.52 14.3291
3.54 14.1026
3.56 13.9528
3.58 13.8832
3.6 13.8984
3.62 14.0043
3.64 14.1958
3.66 14.4435
3.68 14.7144
3.7 14.9938
3.72 15.2669
3.74 15.5101
3.76 15.7045
3.78 15.8405
3.8 15.9124
3.82 15.913
3.84 15.838
3.86 15.6886
3.88 15.4651
3.9 15.1676
3.92 14.7976
3.94 14.3551
3.96 13.8394
3.98 13.255
4 12.6195
4.02 11.9494
4.04 11.2506
4.06 10.5308
4.08 9.80453
4.1 9.08472
4.12 8.38226
4.14 7.70957
4.16 7.07817
4.18 6.48947
4.2 5.92915
4.22 5.38005
4.24 4.8342
4.26 4.28568
4.28 3.72761
4.3 3.15724
4.32 2.58511
4.34 2.03431
4.36 1.51737
4.38 1.03117
4.4 0.57112
4.42 0.132378
4.44 -0.291283
4.46 -0.699704
4.48 -1.08146
4.5 -1.43281
4.52 -1.76799
4.54 -2.09676
4.56 -2.41705
4.58 -2.72448
4.6 -3.01669
4.62 -3.29333
4.64 -3.54739
4.66 -3.76623
4.68 -3.94294
4.7 -4.07327
4.72 -4.14948
4.74 -4.16429
4.76 -4.11427
4.78 -4.00614
4.8 -3.85835
4.82 -3.68493
4.84 -3.48914
4.86 -3.27416
4.88 -3.04592
4.9 -2.80941
4.92 -2.57065
4.94 -2.33945
4.96 -2.12417
4.98 -1.92975
5 -1.76511
5.02 -1.64388
5.04 -1.57907
5.06 -1.57407
5.08 -1.61055
5.1 -1.6632
5.12 -1.72246
5.14 -1.78625
5.16 -1.84921
5.18 -1.90492
5.2 -1.94645
5.22 -1.96587
5.24 -1.96276
5.26 -1.95386
5.28 -1.95553
5.3 -1.96624
5.32 -1.9743
5.34 -1.96775
5.36 -1.94099
5.38 -1.89641
5.4 -1.83981
5.42 -1.77611
5.44 -1.70414
5.46 -1.61809
5.48 -1.51581
5.5 -1.39934
5.52 -1.27082
5.54 -1.13309
5.56 -0.991992
5.58 -0.854436
5.6 -0.725098
5.62 -0.607179
5.64 -0.50095
5.66 -0.403778
5.68 -0.317082
5.7 -0.245099
5.72 -0.18918
5.74 -0.150102
5.76 -0.129913
5.78 -0.131595
5.8 -0.157784
5.82 -0.206833
5.84 -0.275089
5.86 -0.362163
5.88 -0.468889
5.9 -0.595564
5.92 -0.739403
5.94 -0.889401
5.96 -1.03237
5.98 -1.15857
6 -1.25851
6.02 -1.32631
6.04 -1.36091
6.06 -1.35889
6.08 -1.31882
6.1 -1.24709
6.12 -1.1484
6.14 -1.0223
6.16 -0.870045
6.18 -0.702537
6.2 -0.540083
6.22 -0.398222
6.24 -0.286299
6.26 -0.215398
6.28 -0.194741
6.3 -0.224645
6.32 -0.295896
6.34 -0.39831
6.36 -0.525105
6.38 -0.668888
6.4 -0.822554
6.42 -0.981031
6.44 -1.13917
6.46 -1.2929
6.48 -1.4439
6.5 -1.60063
6.52 -1.77196
6.54 -1.96438
6.56 -2.17985
6.58 -2.40986
6.6 -2.64551
6.62 -2.88633
6.64 -3.1281
6.66 -3.35683
6.68 -3.55934
6.7 -3.73038
6.72 -3.87308
6.74 -3.99775
6.76 -4.11298
6.78 -4.21868
6.8 -4.30953
6.82 -4.38171
6.84 -4.43333
6.86 -4.46097
6.88 -4.46257
6.9 -4.44166
6.92 -4.40614
6.94 -4.36383
6.96 -4.31737
6.98 -4.26334
7 -4.19694
7.02 -4.11757
7.04 -4.02829
7.06 -3.93118
7.08 -3.82685
7.1 -3.71421
7.12 -3.59065
7.14 -3.45554
7.16 -3.30989
7.18 -3.15359
7.2 -2.98561
7.22 -2.8051
7.24 -2.61175
7.26 -2.40824
7.28 -2.20325
7.3 -2.0054
7.32 -1.81555
7.34 -1.63022
7.36 -1.4478
7.38 -1.26888
7.4 -1.09429
7.42 -0.925893
7.44 -0.766782
7.46 -0.619811
7.48 -0.488777
7.5 -0.376927
7.52 -0.284965
7.54 -0.214639
7.56 -0.168975
7.58 -0.147453
7.6 -0.144596
7.62 -0.153329
7.64 -0.167957
7.66 -0.182339
7.68 -0.191444
7.7 -0.196191
7.72 -0.201691
7.74 -0.212043
7.76 -0.225485
7.78 -0.236186
7.8 -0.241394
7.82 -0.241793
7.84 -0.240855
7.86 -0.246571
7.88 -0.265923
7.9 -0.300276
7.92 -0.348934
7.94 -0.410662
7.96 -0.482677
7.98 -0.56252
8 -0.648259
8.02 -0.735849
8.04 -0.819502
8.06 -0.895254
8.08 -0.961704
8.1 -1.01757
8.12 -1.06115
8.14 -1.09176
8.16 -1.10939
8.18 -1.1126
8.2 -1.09768
8.22 -1.06261
8.24 -1.01464
8.26 -0.966128
8.28 -0.922109
8.3 -0.880798
8.32 -0.839055
8.34 -0.793794
8.36 -0.745318
8.38 -0.696672
8.4 -0.648962
8.42 -0.601034
8.44 -0.553837
8.46 -0.514392
8.48 -0.489709
8.5 -0.479034
8.52 -0.478168
8.54 -0.484369
8.56 -0.494664
8.58 -0.505126
8.6 -0.511074
8.62 -0.508736
8.64 -0.499832
8.66 -0.487282
8.68 -0.468767
8.7 -0.44154
8.72 -0.40606
8.74 -0.364555
8.76 -0.320509
8.78 -0.27746
8.8 -0.23875
8.82 -0.209087
8.84 -0.194734
8.86 -0.203328
8.88 -0.238533
8.9 -0.295423
8.92 -0.368115
8.94 -0.451539
8.96 -0.539291
8.98 -0.629221
9 -0.721734
9.02 -0.81577
9.04 -0.91116
9.06 -1.00678
9.08 -1.09768
9.1 -1.18105
9.12 -1.25952
9.14 -1.33492
9.16 -1.4074
9.18 -1.47975
9.2 -1.55528
9.22 -1.63491
9.24 -1.71752
9.26 -1.80017
9.28 -1.87916
9.3 -1.94992
9.32 -2.00707
9.34 -2.04617
9.36 -2.06398
9.38 -2.05991
9.4 -2.03741
9.42 -2.00029
9.44 -1.94914
9.46 -1.88357
9.48 -1.80753
9.5 -1.72862
9.52 -1.6518
9.54 -1.57875
9.56 -1.51217
9.58 -1.45186
9.6 -1.38979
9.62 -1.32056
9.64 -1.25025
9.66 -1.18905
9.68 -1.14322
9.7 -1.11614
9.72 -1.10851
9.74 -1.11488
9.76 -1.13245
9.78 -1.16801
9.8 -1.22472
9.82 -1.29795
9.84 -1.38217
9.86 -1.46863
9.88 -1.54706
9.9 -1.61105
9.92 -1.65808
9.94 -1.69061
9.96 -1.71259
9.98 -1.72264
10 -1.71584
10.02 -1.68935
10.04 -1.64338
10.06 -1.57984
10.08 -1.50338
10.1 -1.4213
10.12 -1.34058
10.14 -1.26771
10.16 -1.20765
10.18 -1.16096
10.2 -1.12664
10.22 -1.10569
10.24 -1.09988
10.26 -1.11016
10.28 -1.13577
10.3 -1.17347
10.32 -1.21804
10.34 -1.26461
10.36 -1.30983
10.38 -1.35115
10.4 -1.38683
10.42 -1.41477
10.44 -1.43186
10.46 -1.43611
10.48 -1.42737
10.5 -1.40546
10.52 -1.36987
10.54 -1.32225
10.56 -1.26897
10.58 -1.21686
10.6 -1.16691
10.62 -1.11754
10.64 -1.0692
10.66 -1.0228
10.68 -0.979627
10.7 -0.943528
10.72 -0.918374
10.74 -0.905023
10.76 -0.903688
10.78 -0.914084
10.8 -0.932598
10.82 -0.954672
10.84 -0.97773
10.86 -1.0016
10.88 -1.02937
10.9 -1.06388
10.92 -1.10396
10.94 -1.14691
10.96 -1.19074
10.98 -1.23376
11 -1.27502
11.02 -1.31483
11.04 -1.35345
11.06 -1.38978
11.08 -1.42178
11.1 -1.44743
11.12 -1.46392
11.14 -1.46754
11.16 -1.45562
11.18 -1.42764
11.2 -1.38457
11.22 -1.32769
11.24 -1.25995
11.26 -1.18723
11.28 -1.11574
11.3 -1.0495
11.32 -0.990898
11.34 -0.9417
11.36 -0.903903
11.38 -0.87964
11.4 -0.868627
11.42 -0.867523
11.44 -0.873627
11.46 -0.886536
11.48 -0.906257
11.5 -0.932304
11.52 -0.963727
11.54 -0.998574
11.56 -1.03387
11.58 -1.06637
11.6 -1.09303
11.62 -1.11111
11.64 -1.11878
11.66 -1.11562
11.68 -1.10253
11.7 -1.08157
11.72 -1.05523
11.74 -1.02562
11.76 -0.995326
11.78 -0.968466
11.8 -0.949688
11.82 -0.942907
11.84 -0.950197
11.86 -0.971428
11.88 -1.00527
11.9 -1.04854
11.92 -1.09517
11.94 -1.13888
11.96 -1.17601
11.98 -1.20516
12 -1.22631
12.02 -1.23975
12.04 -1.24504
12.06 -1.24172
12.08 -1.22994
12.1 -1.2106
12.12 -1.18578
12.14 -1.15684
12.16 -1.12288
12.18 -1.08327
12.2 -1.03949
12.22 -0.994248
12.24 -0.951105
12.26 -0.914083
12.28 -0.886657
12.3 -0.871548
12.32 -0.870743
12.34 -0.885026
12.36 -0.913481
12.38 -0.953293
12.4 -1.00027
12.42 -1.04986
12.44 -1.09789
12.46 -1.14104
12.48 -1.17695
12.5 -1.2035
12.52 -1.21877
12.54 -1.22188
12.56 -1.21303
12.58 -1.19264
12.6 -1.16103
12.62 -1.11875
12.64 -1.06723
12.66 -1.00977
12.68 -0.950819
12.7 -0.894045
12.72 -0.842242
12.74 -0.797709
12.76 -0.762388
12.78 -0.73806
12.8 -0.725399
12.82 -0.722426
12.84 -0.72594
12.86 -0.734555
12.88 -0.748751
12.9 -0.7688
12.92 -0.793539
12.94 -0.821199
12.96 -0.850713
12.98 -0.881447
13 -0.912654
13.02 -0.943725
13.04 -0.974171
13.06 -1.00292
13.08 -1.02821
13.1 -1.04841
13.12 -1.0623
13.14 -1.06891
13.16 -1.06794
13.18 -1.06042
13.2 -1.04793
13.22 -1.03128
13.24 -1.01032
13.26 -0.985086
13.28 -0.957004
13.3 -0.929084
13.32 -0.904305
13.34 -0.884143
13.36 -0.868532
13.38 -0.856259
13.4 -0.846264
13.42 -0.838745
13.44 -0.834195
13.46 -0.83284
13.48 -0.835569
13.5 -0.843423
13.52 -0.856214
13.54 -0.872843
13.56 -0.89245
13.58 -0.914673
13.6 -0.939357
13.62 -0.966096
13.64 -0.993803
13.66 -1.02096
13.68 -1.04645
13.7 -1.06981
13.72 -1.09075
13.74 -1.10845
13.76 -1.1212
13.78 -1.12681
13.8 -1.12349
13.82 -1.11066
13.84 -1.08887
13.86 -1.05977
13.88 -1.026
13.9 -0.990306
13.92 -0.95454
13.94 -0.919677
13.96 -0.886054
13.98 -0.853879
14 -0.823708
14.02 -0.795541
14.04 -0.767865
14.06 -0.738875
14.08 -0.707808
14.1 -0.67523
14.12 -0.64404
14.14 -0.618779
14.16 -0.602407
14.18 -0.595261
14.2 -0.597155
14.22 -0.609083
14.24 -0.63253
14.26 -0.667763
14.28 -0.713187
14.3 -0.766021
14.32 -0.82368
14.34 -0.884824
14.36 -0.948662
14.38 -1.01361
14.4 -1.07763
14.42 -1.13936
14.44 -1.19803
14.46 -1.25248
14.48 -1.30092
14.5 -1.34118
14.52 -1.37087
14.54 -1.38788
14.56 -1.39106
14.58 -1.38064
14.6 -1.35792
14.62 -1.32379
14.64 -1.27788
14.66 -1.22003
14.68 -1.15192
14.7 -1.07834
14.72 -1.00602
14.74 -0.93975
14.76 -0.880904
14.78 -0.829342
14.8 -0.785927
14.82 -0.752703
14.84 -0.730384
14.86 -0.717846
14.88 -0.714708
14.9 -0.721676
14.92 -0.737535
14.94 -0.759142
14.96 -0.784329
14.98 -0.812178
15 -0.84171
15.02 -0.871803
15.04 -0.901895
15.06 -0.932092
15.08 -0.962258
15.1 -0.991649
15.12 -1.01876
15.14 -1.04082
15.16 -1.05485
15.18 -1.05947
15.2 -1.05466
15.22 -1.04099
15.24 -1.0201
15.26 -0.994652
15.28 -0.9675
15.3 -0.941453
15.32 -0.918822
15.34 -0.900673
15.36 -0.886873
15.38 -0.876598
15.4 -0.868673
15.42 -0.861783
15.44 -0.854958
15.46 -0.848238
15.48 -0.842864
15.5 -0.840303
15.52 -0.840674
15.54 -0.842904
15.56 -0.845895
15.58 -0.848413
15.6 -0.849072
15.62 -0.847265
15.64 -0.843671
15.66 -0.839972
15.68 -0.837722
15.7 -0.837128
15.72 -0.837169
15.74 -0.836402
15.76 -0.83378
15.78 -0.829216
15.8 -0.823142
15.82 -0.816175
15.84 -0.809606
15.86 -0.805108
15.88 -0.803671
15.9 -0.805336
15.92 -0.809564
15.94 -0.815377
15.96 -0.821346
15.98 -0.826057
16 -0.82882
16.02 -0.829498
16.04 -0.828272
16.06 -0.825918
16.08 -0.823201
16.1 -0.820429
16.12 -0.818292
16.14 -0.818221
16.16 -0.821174
16.18 -0.826457
16.2 -0.832372
16.22 -0.837772
16.24 -0.842529
16.26 -0.847689
16.28 -0.854958
16.3 -0.864514
16.32 -0.874481
16.34 -0.883302
16.36 -0.891182
16.38 -0.899012
16.4 -0.90715
16.42 -0.915731
16.44 -0.925189
16.46 -0.936057
16.48 -0.948893
16.5 -0.964786
16.52 -0.985577
16.54 -1.01286
16.56 -1.04647
16.58 -1.08433
16.6 -1.12387
16.62 -1.16326
16.64 -1.20149
16.66 -1.23787
16.68 -1.2694
16.7 -1.2888
16.72 -1.28831
16.74 -1.26267
16.76 -1.20792
16.78 -1.12215
16.8 -1.00643
16.82 -0.863514
16.84 -0.698848
16.86 -0.524392
16.88 -0.352833
16.9 -0.188377
16.92 -0.0320648
16.94 0.11161
16.96 0.238291
16.98 0.34595
17 0.43325
17.02 0.499265
17.04 0.543333
17.06 0.564132
17.08 0.56001
17.1 0.529408
17.12 0.470286
17.14 0.381493
17.16 0.265825
17.18 0.12999
17.2 -0.0202174
17.22 -0.182378
17.24 -0.353437
17.26 -0.528333
17.28 -0.703719
17.3 -0.87809
17.32 -1.04885
17.34 -1.21154
17.36 -1.36016
17.38 -1.48782
17.4 -1.58806
17.42 -1.65548
17.44 -1.68525
17.46 -1.67425
17.48 -1.62356
17.5 -1.53798
17.52 -1.42282
17.54 -1.28316
17.56 -1.12714
17.58 -0.965266
17.6 -0.805762
17.62 -0.654646
17.64 -0.517677
17.66 -0.399251
17.68 -0.3017
17.7 -0.22656
17.72 -0.175909
17.74 -0.15216
17.76 -0.156376
17.78 -0.187299
17.8 -0.242247
17.82 -0.317822
17.84 -0.40849
17.86 -0.506734
17.88 -0.606285
17.9 -0.703106
17.92 -0.793678
17.94 -0.874102
17.96 -0.939941
17.98 -0.986702
18 -1.01136
18.02 -1.01316
18.04 -0.992922
18.06 -0.952291
18.08 -0.894863
18.1 -0.827479
18.12 -0.75765
18.14 -0.690145
18.16 -0.627605
18.18 -0.572156
18.2 -0.525995
18.22 -0.492472
18.24 -0.476468
18.26 -0.483093
18.28 -0.515659
18.3 -0.574026
18.32 -0.652839
18.34 -0.740218
18.36 -0.822601
18.38 -0.890953
18.4 -0.93885
18.42 -0.960012
18.44 -0.949614
18.46 -0.904554
18.48 -0.826799
18.5 -0.726648
18.52 -0.615416
18.54 -0.498463
18.56 -0.378998
18.58 -0.261497
18.6 -0.151069
18.62 -0.0530825
18.64 0.0284322
18.66 0.0914526
18.68 0.134267
18.7 0.154484
18.72 0.149733
18.74 0.118505
18.76 0.0600682
18.78 -0.0256098
18.8 -0.13458
18.82 -0.255284
18.84 -0.374249
18.86 -0.482416
18.88 -0.57188
18.9 -0.63482
18.92 -0.666546
18.94 -0.664405
18.96 -0.627049
18.98 -0.556393
19 -0.458788
19.02 -0.343063
19.04 -0.216867
19.06 -0.0873916
19.08 0.0372785
19.1 0.151282
19.12 0.251639
19.14 0.335107
19.16 0.398057
19.18 0.43873
19.2 0.456018
19.22 0.446989
19.24 0.408299
19.26 0.340305
19.28 0.248364
19.3 0.138992
19.32 0.0178365
19.34 -0.109681
19.36 -0.239667
19.38 -0.369729
19.4 -0.497356
19.42 -0.619746
19.44 -0.733272
19.46 -0.832452
19.48 -0.91153
19.5 -0.966965
19.52 -0.997791
19.54 -1.00452
19.56 -0.987794
19.58 -0.948472
19.6 -0.890017
19.62 -0.817837
19.64 -0.73401
19.66 -0.638309
19.68 -0.53482
19.7 -0.431342
19.72 -0.334289
19.74 -0.247154
19.76 -0.170878
19.78 -0.105341
19.8 -0.0523834
19.82 -0.0152138
19.84 0.00493987
19.86 0.00968152
19.88 0.00332099
19.9 -0.00897105
19.92 -0.023868
19.94 -0.0390324
19.96 -0.0526149
19.98 -0.0647299
20 -0.0762044
20.02 -0.0867315
20.04 -0.0952373
20.06 -0.100527
20.08 -0.10339
20.1 -0.109807
20.12 -0.128091
20.14 -0.162169
20.16 -0.208528
20.18 -0.258741
20.2 -0.307621
20.22 -0.356657
20.24 -0.407924
20.26 -0.459948
20.28 -0.510745
20.3 -0.560432
20.32 -0.607481
20.34 -0.647543
20.36 -0.678778
20.38 -0.701025
20.4 -0.711291
20.42 -0.705579
20.44 -0.681096
20.46 -0.635961
20.48 -0.570254
20.5 -0.488474
20.52 -0.397993
20.54 -0.306145
20.56 -0.21993
20.58 -0.139956
20.6 -0.0610603
20.62 0.014301
20.64 0.0766862
20.66 0.119666
20.68 0.138245
20.7 0.13145
20.72 0.107716
20.74 0.0741895
20.76 0.0301345
20.78 -0.0239615
20.8 -0.0842761
20.82 -0.149714
20.84 -0.220958
20.86 -0.295361
20.88 -0.36563
20.9 -0.423941
20.92 -0.465467
20.94 -0.48697
20.96 -0.486083
20.98 -0.461525
21 -0.414929
21.02 -0.353751
21.04 -0.285922
21.06 -0.214302
21.08 -0.139568
21.1 -0.0634993
21.12 0.00972962
21.14 0.0745881
21.16 0.12856
21.18 0.172449
21.2 0.20524
21.22 0.223218
21.24 0.222887
21.26 0.2022
21.28 0.160967
21.3 0.100909
21.32 0.0259475
21.34 -0.0560855
21.36 -0.135221
21.38 -0.204493
21.4 -0.258639
21.42 -0.293933
21.44 -0.313817
21.46 -0.322438
21.48 -0.317254
21.5 -0.298331
21.52 -0.272169
21.54 -0.245285
21.56 -0.223777
21.58 -0.213382
21.6 -0.21499
21.62 -0.224099
21.64 -0.236586
21.66 -0.251361
21.68 -0.267782
21.7 -0.283041
21.72 -0.291834
21.74 -0.290053
21.76 -0.279056
21.78 -0.263865
21.8 -0.247189
21.82 -0.228573
21.84 -0.208371
21.86 -0.188553
21.88 -0.170351
21.9 -0.153544
21.92 -0.136965
21.94 -0.11883
21.96 -0.0978631
21.98 -0.0736845
22 -0.0459662
22.02 -0.0141891
22.04 0.0220632
22.06 0.0617674
22.08 0.100724
22.1 0.133533
22.12 0.156777
22.14 0.168827
22.16 0.169239
22.18 0.158796
22.2 0.138498
22.22 0.109405
22.24 0.073432
22.26 0.0327092
22.28 -0.0109188
22.3 -0.0554109
22.32 -0.0983922
22.34 -0.136996
22.36 -0.168334
22.38 -0.190239
22.4 -0.201098
22.42 -0.199867
22.44 -0.186648
22.46 -0.162488
22.48 -0.128543
22.5 -0.0867873
22.52 -0.0408352
22.54 0.00534535
22.56 0.0486879
22.58 0.0871398
22.6 0.119497
22.62 0.144924
22.64 0.162555
22.66 0.171665
22.68 0.171796
22.7 0.162613
22.72 0.1441
22.74 0.116897
22.76 0.081927
22.78 0.0399126
22.8 -0.00817654
22.82 -0.0603868
22.84 -0.113742
22.86 -0.165166
22.88 -0.212273
22.9 -0.253406
22.92 -0.287475
22.94 -0.313432
22.96 -0.329954
22.98 -0.335849
23 -0.330692
23.02 -0.315205
23.04 -0.291046
23.06 -0.260355
23.08 -0.225565
23.1 -0.188986
23.12 -0.152049
23.14 -0.115449
23.16 -0.0801666
23.18 -0.0474441
23.2 -0.0176996
23.22 0.0096956
23.24 0.0354987
23.26 0.0601596
23.28 0.0841083
23.3 0.107472
23.32 0.129597
23.34 0.149344
23.36 0.165508
23.38 0.17672
23.4 0.180925
23.42 0.175631
23.44 0.159468
23.46 0.133269
23.48 0.0994192
23.5 0.0602369
23.52 0.0172313
23.54 -0.0281048
23.56 -0.073608
23.58 -0.116614
23.6 -0.154563
23.62 -0.185626
23.64 -0.208814
23.66 -0.223749
23.68 -0.230172
23.7 -0.227326
23.72 -0.214617
23.74 -0.192805
23.76 -0.163692
23.78 -0.129259
23.8 -0.0913204
23.82 -0.0512807
23.84 -0.0104384
23.86 0.0292697
23.88 0.0654513
23.9 0.0963615
23.92 0.121599
23.94 0.141281
23.96 0.154627
23.98 0.160409
24 0.158344
24.02 0.149838
24.04 0.137893
24.06 0.125041
24.08 0.111884
24.1 0.0979435
24.12 0.0822
24.14 0.0639139
24.16 0.0439227
24.18 0.0237981
24.2 0.00382872
24.22 -0.0165625
24.24 -0.0372414
24.26 -0.0571193
24.28 -0.0743155
24.3 -0.0869467
24.32 -0.0944021
24.34 -0.0977734
24.36 -0.098942
24.38 -0.0991052
24.4 -0.0984255
24.42 -0.0964055
24.44 -0.0919964
24.46 -0.0840573
24.48 -0.0723347
24.5 -0.0576772
24.52 -0.0411972
24.54 -0.023799
24.56 -0.00606689
24.58 0.0119525
24.6 0.0303368
24.62 0.0487448
24.64 0.0667645
24.66 0.0843211
24.68 0.101229
24.7 0.116475
24.72 0.128364
24.74 0.135635
24.76 0.138019
24.78 0.136116
24.8 0.131152
24.82 0.124239
24.84 0.116112
24.86 0.107475
24.88 0.0987589
24.9 0.0900243
24.92 0.0815017
24.94 0.0736516
24.96 0.0667674
24.98 0.0609883
25 0.0563824
25.02 0.0529249
25.04 0.0506011
25.06 0.0494875
25.08 0.0495359
25.1 0.0503493
25.12 0.0515809
25.14 0.0533428
25.16 0.0557941
25.18 0.0587165
25.2 0.0615952
25.22 0.0636923
25.24 0.0642255
25.26 0.0625156
25.28 0.0578547
25.3 0.0494962
25.32 0.0369338
25.34 0.0206242
25.36 0.00230688
25.38 -0.0160627
25.4 -0.0333643
25.42 -0.0490252
25.44 -0.0624688
25.46 -0.0732073
25.48 -0.0810462
25.5 -0.0859946
25.52 -0.0878948
25.54 -0.0863115
25.56 -0.0807708
25.58 -0.0709045
25.6 -0.0565308
25.62 -0.0376581
25.64 -0.014567
25.66 0.0120231
25.68 0.0408788
25.7 0.0704224
25.72 0.0992479
25.74 0.126219
25.76 0.150042
25.78 0.169429
25.8 0.183522
25.82 0.191808
25.84 0.19413
25.86 0.190902
25.88 0.18275
25.9 0.169934
25.92 0.152479
25.94 0.130711
25.96 0.105435
25.98 0.0775658
26 0.0477564
26.02 0.0165013
26.04 -0.0156199
26.06 -0.0476669
26.08 -0.0781856
26.1 -0.105771
26.12 -0.129763
26.14 -0.149987
26.16 -0.166095
26.18 -0.177435
26.2 -0.183245
26.22 -0.182887
26.24 -0.176122
26.26 -0.163073
26.28 -0.144015
26.3 -0.11955
26.32 -0.0906512
26.34 -0.0584135
26.36 -0.0241292
26.38 0.0106763
26.4 0.0445568
26.42 0.0763005
26.44 0.104864
26.46 0.129476
26.48 0.149991
26.5 0.166721
26.52 0.179666
26.54 0.188314
26.56 0.192209
26.58 0.191551
26.6 0.187295
26.62 0.180509
26.64 0.171708
26.66 0.16087
26.68 0.147923
26.7 0.133148
26.72 0.116977
26.74 0.0997129
26.76 0.081639
26.78 0.0629646
26.8 0.0439628
26.82 0.0251414
26.84 0.00693236
26.86 -0.010333
26.88 -0.0263
26.9 -0.0406842
26.92 -0.0529972
26.94 -0.0623343
26.96 -0.0676933
26.98 -0.0684919
27 -0.0648783
27.02 -0.0572467
27.04 -0.0456677
27.06 -0.0302652
27.08 -0.011742
27.1 0.00877519
27.12 0.0302675
27.14 0.052124
27.16 0.0738928
27.18 0.0948868
27.2 0.114135
27.22 0.130674
27.24 0.143837
27.26 0.153263
27.28 0.158814
27.3 0.160498
27.32 0.158412
27.34 0.15292
27.36 0.144698
27.38 0.134545
27.4 0.12311
27.42 0.110783
27.44 0.0980945
27.46 0.085827
27.48 0.0744912
27.5 0.0641588
27.52 0.0545819
27.54 0.0452334
27.56 0.0356145
27.58 0.0254859
27.6 0.014837
27.62 0.00380158
27.64 -0.00752019
27.66 -0.0189576
27.68 -0.0300393
27.7 -0.0400465
27.72 -0.0480038
27.74 -0.0526011
27.76 -0.0524025
27.78 -0.0463255
27.8 -0.033971
27.82 -0.0155464
27.84 0.0083237
27.86 0.0365925
27.88 0.0677085
27.9 0.0998595
27.92 0.131338
27.94 0.160668
27.96 0.186771
27.98 0.20896
28 0.22659
28.02 0.239124
28.04 0.246273
28.06 0.247747
28.08 0.24325
28.1 0.232651
28.12 0.216305
28.14 0.195215
28.16 0.17041
28.18 0.142739
28.2 0.113479
28.22 0.0842974
28.24 0.0568052
28.26 0.0326055
28.28 0.0132688
28.3 2.76939e-05
28.32 -0.00633078
28.34 -0.00557232
28.36 0.000825196
28.38 0.00954929
28.4 0.0179213
28.42 0.0256083
28.44 0.0336339
28.46 0.042282
28.48 0.0508304
28.5 0.0588473
28.52 0.0666123
28.54 0.0748822
28.56 0.084521
28.58 0.0958452
28.6 0.10816
28.62 0.119957
28.64 0.13001
28.66 0.138383
28.68 0.145912
28.7 0.153097
28.72 0.159755
28.74 0.164947
28.76 0.167106
28.78 0.165134
28.8 0.159484
28.82 0.15137
28.84 0.14126
28.86 0.129153
28.88 0.115632
28.9 0.10179
28.92 0.0888328
28.94 0.0780141
28.96 0.0702453
28.98 0.0655837
29 0.0632153
29.02 0.0622568
29.04 0.062833
29.06 0.0658711
29.08 0.0717529
29.1 0.0797943
29.12 0.0888086
29.14 0.0976431
29.16 0.105382
29.18 0.111395
29.2 0.115342
29.22 0.117177
29.24 0.116848
29.26 0.114138
29.28 0.109169
29.3 0.10264
29.32 0.0951761
29.34 0.0869487
29.36 0.0781262
29.38 0.0693911
29.4 0.0618144
29.42 0.0562088
29.44 0.0528167
29.46 0.0515789
29.48 0.052459
29.5 0.0554344
29.52 0.0603589
29.54 0.0667932
29.56 0.0737279
29.58 0.0799304
29.6 0.0848359
29.62 0.0886802
29.64 0.0916501
29.66 0.0934548
29.68 0.0937928
29.7 0.0925786
29.72 0.0898608
29.74 0.0858367
29.76 0.0808565
29.78 0.0755088
29.8 0.0704487
29.82 0.066183
29.84 0.0632601
29.86 0.062275
29.88 0.063592
29.9 0.0673161
29.92 0.0735595
29.94 0.0824224
29.96 0.0936302
29.98 0.106343
30 0.119209
30.02 0.130674
30.04 0.139484
30.06 0.144875
30.08 0.146337
30.1 0.143623
30.12 0.137098
30.14 0.127775
30.16 0.116939
30.18 0.105785
30.2 0.0952644
30.22 0.0859646
30.24 0.0781679
30.26 0.0722261
30.28 0.0687098
30.3 0.0681969
30.32 0.0710857
30.34 0.0773041
30.36 0.0862385
30.38 0.0970857
30.4 0.108948
30.42 0.120798
30.44 0.131392
30.46 0.139281
30.48 0.143286
30.5 0.143025
30.52 0.13899
30.54 0.132073
30.56 0.123045
30.58 0.11257
30.6 0.101421
30.62 0.0905385
30.64 0.080984
30.66 0.0737445
30.68 0.0694438
30.7 0.0683569
30.72 0.0705213
30.74 0.0754353
30.76 0.0821392
30.78 0.0899023
30.8 0.0982508
30.82 0.106609
30.84 0.114512
30.86 0.12172
30.88 0.128086
30.9 0.133769
30.92 0.139282
30.94 0.144962
30.96 0.150593
30.98 0.155646
31 0.159486
31.02 0.161384
31.04 0.160801
31.06 0.157547
31.08 0.15146
31.1 0.142381
31.12 0.130649
31.14 0.117262
31.16 0.103416
31.18 0.0900598
31.2 0.0778221
31.22 0.0671209
31.24 0.0583354
31.26 0.0519439
31.28 0.0483201
31.3 0.0474994
31.32 0.0493478
31.34 0.0537919
31.36 0.0607868
31.38 0.0700782
31.4 0.0812612
31.42 0.0940782
31.44 0.108189
31.46 0.1229
31.48 0.137454
31.5 0.151069
31.52 0.162763
31.54 0.171637
31.56 0.177155
31.58 0.179036
31.6 0.177167
31.62 0.171683
31.64 0.162836
31.66 0.150809
31.68 0.135852
31.7 0.11839
31.72 0.0989956
31.74 0.0784511
31.76 0.0577136
31.78 0.0377359
31.8 0.0193872
31.82 0.0033822
31.84 -0.00974989
31.86 -0.0193972
31.88 -0.0247681
31.9 -0.0252603
31.92 -0.0207261
31.94 -0.0113568
31.96 0.00256492
31.98 0.0207126
32 0.0425074
32.02 0.0669747
32.04 0.0928193
32.06 0.11866
32.08 0.143236
32.1 0.165515
32.12 0.184659
32.14 0.199869
32.16 0.210491
32.18 0.216241
32.2 0.217114
32.22 0.21318
32.24 0.204587
32.26 0.191652
32.28 0.174911
32.3 0.155076
32.32 0.132889
32.34 0.109027
32.36 0.0842364
32.38 0.0593748
32.4 0.0352406
32.42 0.0125811
32.44 -0.00783882
32.46 -0.0252927
32.48 -0.0390676
32.5 -0.0486015
32.52 -0.0537035
32.54 -0.0543161
32.56 -0.0502088
32.58 -0.0412068
32.6 -0.0275154
32.62 -0.00959434
32.64 0.0121204
32.66 0.0372107
32.68 0.0650949
32.7 0.0949371
32.72 0.125661
32.74 0.156008
32.76 0.184539
32.78 0.209792
32.8 0.230688
32.82 0.246625
32.84 0.257388
32.86 0.263136
32.88 0.264318
32.9 0.261637
32.92 0.255838
32.94 0.247401
32.96 0.236557
32.98 0.223499
33 0.208403
33.02 0.191402
33.04 0.172734
33.06 0.152881
33.08 0.132499
33.1 0.112214
33.12 0.0925299
33.14 0.0739426
33.16 0.0570907
33.18 0.0426089
33.2 0.0310358
33.22 0.0229508
33.24 0.018828
33.26 0.0188491
33.28 0.0228899
33.3 0.0304629
33.32 0.040944
33.34 0.0540443
33.36 0.0698022
33.38 0.0880736
33.4 0.108198
33.42 0.12916
33.44 0.150026
33.46 0.170158
33.48 0.188929
33.5 0.205518
33.52 0.219132
33.54 0.229141
33.56 0.235146
33.58 0.237197
33.6 0.235661
33.62 0.23082
33.64 0.222778
33.66 0.211566
33.68 0.197198
33.7 0.17985
33.72 0.160098
33.74 0.138745
33.76 0.116598
33.78 0.0946852
33.8 0.0743846
33.82 0.0570388
33.84 0.0435955
33.86 0.0346953
33.88 0.0307959
33.9 0.032143
33.92 0.0387769
33.94 0.0504718
33.96 0.0666982
33.98 0.0867988
34 0.110066
34.02 0.135553
34.04 0.162073
34.06 0.188463
34.08 0.213568
34.1 0.236143
34.12 0.255187
34.14 0.270039
34.16 0.280137
34.18 0.285081
34.2 0.284776
34.22 0.279383
34.24 0.269184
34.26 0.254516
34.28 0.235914
34.3 0.214248
34.32 0.190575
34.34 0.165849
34.36 0.140971
34.38 0.117112
34.4 0.0956452
34.42 0.0777221
34.44 0.0641618
34.46 0.0554993
34.48 0.0519397
34.5 0.0532732
34.52 0.0588971
34.54 0.0679847
34.56 0.0796566
34.58 0.0931706
34.6 0.108076
34.62 0.124172
34.64 0.141223
34.66 0.158705
34.68 0.175855
34.7 0.191849
34.72 0.205894
34.74 0.217262
34.76 0.22532
34.78 0.2297
34.8 0.230431
34.82 0.227778
34.84 0.222171
34.86 0.214269
34.88 0.204704
34.9 0.193936
34.92 0.182527
34.94 0.171226
34.96 0.160762
34.98 0.151738
35 0.144453
35.02 0.138849
35.04 0.134794
35.06 0.132171
35.08 0.130691
35.1 0.12994
35.12 0.12958
35.14 0.12927
35.16 0.128558
35.18 0.127138
35.2 0.12508
35.22 0.122812
35.24 0.120942
35.26 0.119975
35.28 0.120144
35.3 0.121507
35.32 0.12417
35.34 0.128204
35.36 0.133377
35.38 0.139371
35.4 0.146098
35.42 0.153615
35.44 0.161963
35.46 0.170996
35.48 0.180296
35.5 0.189325
35.52 0.197431
35.54 0.203842
35.56 0.207945
35.58 0.209286
35.6 0.207341
35.62 0.201714
35.64 0.192475
35.66 0.180183
35.68 0.16563
35.7 0.149593
35.72 0.132891
35.74 0.116397
35.76 0.100714
35.78 0.0864185
35.8 0.0746459
35.82 0.0665417
35.84 0.0623562
35.86 0.0618363
35.88 0.0648391
35.9 0.0710182
35.92 0.0797369
35.94 0.0908046
35.96 0.104797
35.98 0.122041
36 0.141627
36.02 0.162099
36.04 0.182504
36.06 0.202198
36.08 0.220591
36.1 0.237539
36.12 0.253168
36.14 0.26696
36.16 0.277586
36.18 0.284246
36.2 0.28737
36.22 0.2875
36.24 0.284672
36.26 0.278608
36.28 0.268622
36.3 0.253993
36.32 0.234552
36.34 0.210666
36.36 0.183281
36.38 0.153885
36.4 0.12412
36.42 0.0957443
36.44 0.0704969
36.46 0.0493127
36.48 0.0324061
36.5 0.0207428
36.52 0.0163499
36.54 0.0206917
36.56 0.0336646
36.58 0.054239
36.6 0.0812482
36.62 0.113282
36.64 0.148242
36.66 0.18395
36.68 0.21887
36.7 0.251185
36.72 0.278369
36.74 0.298922
36.76 0.313579
36.78 0.323681
36.8 0.328879
36.82 0.327694
36.84 0.31978
36.86 0.306031
36.88 0.287171
36.9 0.263269
36.92 0.234422
36.94 0.201376
36.96 0.165714
36.98 0.13041
37 0.0987294
37.02 0.0721343
37.04 0.0510807
37.06 0.0369334
37.08 0.0312872
37.1 0.034231
37.12 0.0446422
37.14 0.0611203
37.16 0.0820185
37.18 0.105535
37.2 0.130026
37.22 0.153646
37.24 0.173814
37.26 0.188617
37.28 0.198708
37.3 0.206045
37.32 0.211448
37.34 0.214401
37.36 0.214101
37.38 0.210154
37.4 0.202761
37.42 0.192717
37.44 0.181239
37.46 0.169536
37.48 0.1588
37.5 0.150178
37.52 0.144316
37.54 0.141345
37.56 0.141669
37.58 0.146214
37.6 0.15543
37.62 0.168535
37.64 0.183768
37.66 0.198987
37.68 0.212755
37.7 0.224974
37.72 0.235782
37.74 0.244564
37.76 0.250516
37.78 0.253372
37.8 0.253242
37.82 0.249755
37.84 0.241625
37.86 0.227786
37.88 0.208472
37.9 0.184822
37.92 0.158565
37.94 0.131908
37.96 0.106634
37.98 0.0837008
38 0.0639256
38.02 0.048326
38.04 0.0377091
38.06 0.0325118
38.08 0.0328627
38.1 0.0385929
38.12 0.0494374
38.14 0.0649032
38.16 0.0842422
38.18 0.106907
38.2 0.132598
38.22 0.161085
38.24 0.191859
38.26 0.223592
38.28 0.254188
38.3 0.281426
38.32 0.303629
38.34 0.320065
38.36 0.330686
38.38 0.335447
38.4 0.334321
38.42 0.327787
38.44 0.316918
38.46 0.303071
38.48 0.287284
38.5 0.269886
38.52 0.250785
38.54 0.229938
38.56 0.207602
38.58 0.184245
38.6 0.160251
38.62 0.135976
38.64 0.112048
38.66 0.0893975
38.68 0.0691185
38.7 0.0522223
38.72 0.0394841
38.74 0.0316202
38.76 0.0294058
38.78 0.0334309
38.8 0.0438167
38.82 0.0601219
38.84 0.0813379
38.86 0.105958
38.88 0.132311
38.9 0.158979
38.92 0.184797
38.94 0.208688
38.96 0.229851
38.98 0.248048
39 0.263539
39.02 0.276799
39.04 0.288324
39.06 0.298589
39.08 0.30806
39.1 0.317093
39.12 0.325611
39.14 0.332734
39.16 0.336953
39.18 0.336825
39.2 0.331553
39.22 0.321048
39.24 0.305675
39.26 0.286069
39.28 0.263132
39.3 0.237957
39.32 0.21163
39.34 0.18512
39.36 0.159229
39.38 0.134507
39.4 0.111455
39.42 0.0908206
39.44 0.0734517
39.46 0.0599304
39.48 0.0506172
39.5 0.0459223
39.52 0.0463924
39.54 0.0524692
39.56 0.0641556
39.58 0.0809514
39.6 0.102141
39.62 0.127198
39.64 0.155794
39.66 0.187443
39.68 0.221298
39.7 0.256278
39.72 0.291202
39.74 0.324675
39.76 0.355119
39.78 0.38114
39.8 0.401658
39.82 0.415835
39.84 0.423176
39.86 0.423484
39.88 0.416739
39.9 0.403164
39.92 0.383348
39.94 0.358323
39.96 0.329451
39.98 0.298039
40 0.265159
40.02 0.231844
40.04 0.199186
40.06 0.168257
40.08 0.139919
40.1 0.114888
40.12 0.0940585
40.14 0.0783345
40.16 0.0682574
40.18 0.0641083
40.2 0.065986
40.22 0.0735776
40.24 0.0862208
40.26 0.103088
40.28 0.123186
40.3 0.145475
40.32 0.169029
40.34 0.193036
40.36 0.216765
40.38 0.23955
40.4 0.260868
40.42 0.280544
40.44 0.298646
40.46 0.315219
40.48 0.330188
40.5 0.343298
40.52 0.354143
40.54 0.362114
40.56 0.366372
40.58 0.366357
40.6 0.362143
40.62 0.354019
40.64 0.342072
40.66 0.326104
40.68 0.305889
40.7 0.281691
40.72 0.254346
40.74 0.224898
40.76 0.194311
40.78 0.163405
40.8 0.133093
40.82 0.104748
40.84 0.0801063
40.86 0.0607812
40.88 0.0479226
40.9 0.0419638
40.92 0.0428097
40.94 0.0503765
40.96 0.0645813
40.98 0.0850361
41 0.111111
41.02 0.141911
41.04 0.176102
41.06 0.212188
41.08 0.248788
41.1 0.284609
41.12 0.31853
41.14 0.349549
41.16 0.376639
41.18 0.398759
41.2 0.414934
41.22 0.42438
41.24 0.426657
41.26 0.421755
41.28 0.409976
41.3 0.39181
41.32 0.36809
41.34 0.340026
41.36 0.308994
41.38 0.276456
41.4 0.243874
41.42 0.212646
41.44 0.184182
41.46 0.15984
41.48 0.140704
41.5 0.127438
41.52 0.120344
41.54 0.119536
41.56 0.125016
41.58 0.13652
41.6 0.153305
41.62 0.174238
41.64 0.198069
41.66 0.223599
41.68 0.249743
41.7 0.275477
41.72 0.299699
41.74 0.321186
41.76 0.338798
41.78 0.351753
41.8 0.359628
41.82 0.362332
41.84 0.360255
41.86 0.354169
41.88 0.344935
41.9 0.333369
41.92 0.320323
41.94 0.306679
41.96 0.293255
41.98 0.280728
42 0.269532
42.02 0.2598
42.04 0.251431
42.06 0.244187
42.08 0.237839
42.1 0.232365
42.12 0.227985
42.14 0.225036
42.16 0.223827
42.18 0.224481
42.2 0.226879
42.22 0.230792
42.24 0.235948
42.26 0.242002
42.28 0.248503
42.3 0.254903
42.32 0.260629
42.34 0.26527
42.36 0.268774
42.38 0.271323
42.4 0.273109
42.42 0.274427
42.44 0.275608
42.46 0.276822
42.48 0.278126
42.5 0.279498
42.52 0.280899
42.54 0.282375
42.56 0.284
42.58 0.28577
42.6 0.287596
42.62 0.289389
42.64 0.291082
42.66 0.292536
42.68 0.29357
42.7 0.294069
42.72 0.294024
42.74 0.293451
42.76 0.292226
42.78 0.290105
42.8 0.28701
42.82 0.283083
42.84 0.278374
42.86 0.272768
42.88 0.266183
42.9 0.258674
42.92 0.250491
42.94 0.242025
42.96 0.233597
42.98 0.225414
43 0.217797
43.02 0.211316
43.04 0.206661
43.06 0.204405
43.08 0.204847
43.1 0.208061
43.12 0.214064
43.14 0.222805
43.16 0.234086
43.18 0.247562
43.2 0.262672
43.22 0.278657
43.24 0.294685
43.26 0.309904
43.28 0.323461
43.3 0.334566
43.32 0.342499
43.34 0.346667
43.36 0.346678
43.38 0.342373
43.4 0.333891
43.42 0.32178
43.44 0.306968
43.46 0.290551
43.48 0.273637
43.5 0.257301
43.52 0.242501
43.54 0.229981
43.56 0.22021
43.58 0.213397
43.6 0.209511
43.62 0.208361
43.64 0.20974
43.66 0.213462
43.68 0.219312
43.7 0.226938
43.72 0.235879
43.74 0.245727
43.76 0.256106
43.78 0.266604
43.8 0.276919
43.82 0.28686
43.84 0.296202
43.86 0.304588
43.88 0.311544
43.9 0.316638
43.92 0.31962
43.94 0.320358
43.96 0.318716
43.98 0.314654
44 0.308354
44.02 0.30019
44.04 0.290667
44.06 0.280364
44.08 0.269817
44.1 0.259449
44.12 0.249658
44.14 0.240847
44.16 0.23336
44.18 0.227404
44.2 0.223027
44.22 0.220186
44.24 0.218826
44.26 0.218899
44.28 0.220299
44.3 0.222873
44.32 0.22652
44.34 0.231273
44.36 0.237176
44.38 0.244156
44.4 0.252139
44.42 0.261116
44.44 0.271036
44.46 0.281805
44.48 0.293198
44.5 0.304687
44.52 0.315536
44.54 0.325019
44.56 0.332506
44.58 0.337471
44.6 0.339512
44.62 0.338397
44.64 0.334132
44.66 0.326971
44.68 0.317319
44.7 0.305649
44.72 0.292559
44.74 0.278751
44.76 0.264932
44.78 0.251777
44.8 0.23983
44.82 0.229463
44.84 0.221019
44.86 0.214891
44.88 0.211443
44.9 0.210878
44.92 0.213171
44.94 0.218138
44.96 0.225505
44.98 0.234889
45 0.245782
45.02 0.257607
45.04 0.269843
45.06 0.282093
45.08 0.294025
45.1 0.305246
45.12 0.315336
45.14 0.323957
45.16 0.330805
45.18 0.335591
45.2 0.33807
45.22 0.338155
45.24 0.336032
45.26 0.332119
45.28 0.326901
45.3 0.320743
45.32 0.313906
45.34 0.306669
45.36 0.299185
45.38 0.291429
45.4 0.283352
45.42 0.275048
45.44 0.266906
45.46 0.259332
45.48 0.252514
45.5 0.246591
45.52 0.24174
45.54 0.238116
45.56 0.235793
45.58 0.23481
45.6 0.235222
45.62 0.237091
45.64 0.240427
45.66 0.245049
45.68 0.250631
45.7 0.256898
45.72 0.263677
45.74 0.270786
45.76 0.277899
45.78 0.284618
45.8 0.290715
45.82 0.296184
45.84 0.301053
45.86 0.305305
45.88 0.308936
45.9 0.311981
45.92 0.314499
45.94 0.316576
45.96 0.318219
45.98 0.319185
46 0.319019
46.02 0.317418
46.04 0.314384
46.06 0.310032
46.08 0.304488
46.1 0.297772
46.12 0.289894
46.14 0.28103
46.16 0.271438
46.18 0.261524
46.2 0.251976
46.22 0.243487
46.24 0.236438
46.26 0.231079
46.28 0.227786
46.3 0.226809
46.32 0.228166
46.34 0.231827
46.36 0.237669
46.38 0.245453
46.4 0.254883
46.42 0.265552
46.44 0.276983
46.46 0.288752
46.48 0.300388
46.5 0.311328
46.52 0.321053
46.54 0.329139
46.56 0.335263
46.58 0.339216
46.6 0.340869
46.62 0.340149
46.64 0.337077
46.66 0.331773
46.68 0.324412
46.7 0.315199
46.72 0.304445
46.74 0.292637
46.76 0.280327
46.78 0.268099
46.8 0.256582
46.82 0.246373
46.84 0.238014
46.86 0.231771
46.88 0.227585
46.9 0.225376
46.92 0.22513
46.94 0.226919
46.96 0.230877
46.98 0.236964
47 0.244897
47.02 0.254247
47.04 0.264593
47.06 0.275579
47.08 0.286688
47.1 0.297282
47.12 0.306997
47.14 0.315673
47.16 0.322973
47.18 0.328438
47.2 0.33174
47.22 0.332803
47.24 0.331762
47.26 0.328793
47.28 0.324141
47.3 0.318238
47.32 0.311656
47.34 0.305031
47.36 0.298987
47.38 0.29394
47.4 0.28992
47.42 0.286546
47.44 0.283217
47.46 0.279585
47.48 0.275825
47.5 0.272295
47.52 0.269168
47.54 0.266557
47.56 0.264771
47.58 0.26408
47.6 0.264464
47.62 0.265729
47.64 0.26765
47.66 0.269943
47.68 0.272299
47.7 0.274511
47.72 0.276525
47.74 0.27845
47.76 0.280497
47.78 0.282796
47.8 0.285353
47.82 0.288093
47.84 0.290852
47.86 0.293373
47.88 0.295373
47.9 0.296616
47.92 0.297038
47.94 0.296687
47.96 0.295554
47.98 0.293652
48 0.291152
48.02 0.288354
48.04 0.285582
48.06 0.283011
48.08 0.28056
48.1 0.278025
48.12 0.275426
48.14 0.273147
48.16 0.271486
48.18 0.270357
48.2 0.269595
48.22 0.26916
48.24 0.269053
48.26 0.269361
48.28 0.270184
48.3 0.271602
48.32 0.273832
48.34 0.277062
48.36 0.281203
48.38 0.286034
48.4 0.29134
48.42 0.29691
48.44 0.302522
48.46 0.30793
48.48 0.312835
48.5 0.316835
48.52 0.319554
48.54 0.320687
48.56 0.319938
48.58 0.317174
48.6 0.312489
48.62 0.306099
48.64 0.29826
48.66 0.289331
48.68 0.27994
48.7 0.270817
48.72 0.262523
48.74 0.255423
48.76 0.249811
48.78 0.245998
48.8 0.244167
48.82 0.244321
48.84 0.246411
48.86 0.250342
48.88 0.255945
48.9 0.262979
48.92 0.271128
48.94 0.280033
48.96 0.289314
48.98 0.298597
49 0.30751
49.02 0.315691
49.04 0.32283
49.06 0.328675
49.08 0.333029
49.1 0.335729
49.12 0.336741
49.14 0.33621
49.16 0.334306
49.18 0.331124
49.2 0.326648
49.22 0.320928
49.24 0.314171
49.26 0.306515
49.28 0.298023
49.3 0.288883
49.32 0.279412
49.34 0.270005
49.36 0.261109
49.38 0.253098
49.4 0.246281
49.42 0.240999
49.44 0.237546
49.46 0.236105
49.48 0.236755
49.5 0.239456
49.52 0.244002
49.54 0.250058
49.56 0.257304
49.58 0.265466
49.6 0.27414
49.62 0.282764
49.64 0.29072
49.66 0.297423
49.68 0.302455
49.7 0.305599
49.72 0.306788
49.74 0.306141
49.76 0.303958
49.78 0.300661
49.8 0.296629
49.82 0.292078
49.84 0.287152
49.86 0.282138
49.88 0.277473
49.9 0.273541
49.92 0.270535
49.94 0.268512
49.96 0.267438
49.98 0.267189
50 0.267627
50.02 0.268606
50.04 0.269992
50.06 0.271782
50.08 0.274092
50.1 0.27693
50.12 0.280116
50.14 0.283389
50.16 0.286498
50.18 0.289306
50.2 0.291811
50.22 0.293945
50.24 0.295522
50.26 0.296439
50.28 0.296741
50.3 0.296503
50.32 0.295842
50.34 0.294945
50.36 0.293946
50.38 0.292872
50.4 0.291766
50.42 0.290721
50.44 0.289853
50.46 0.289284
50.48 0.289044
50.5 0.289011
50.52 0.289019
50.54 0.288996
50.56 0.289007
50.58 0.28917
50.6 0.289574
50.62 0.290281
50.64 0.291267
50.66 0.292402
50.68 0.293562
50.7 0.294687
50.72 0.295739
50.74 0.296654
50.76 0.297326
50.78 0.297641
50.8 0.297541
50.82 0.296964
50.84 0.295735
50.86 0.293695
50.88 0.290843
50.9 0.287264
50.92 0.28308
50.94 0.278495
50.96 0.273695
50.98 0.268798
51 0.263968
51.02 0.259474
51.04 0.255583
51.06 0.252525
51.08 0.250523
51.1 0.249735
51.12 0.250237
51.14 0.252035
51.16 0.254997
51.18 0.258914
51.2 0.263639
51.22 0.269067
51.24 0.275048
51.26 0.281446
51.28 0.28823
51.3 0.295426
51.32 0.303073
51.34 0.310969
51.36 0.318258
51.38 0.323642
51.4 0.326048
51.42 0.325175
51.44 0.321742
51.46 0.31707
51.48 0.312114
51.5 0.307091
51.52 0.302064
51.54 0.297269
51.56 0.292855
51.58 0.288831
51.6 0.285077
51.62 0.281393
51.64 0.277844
51.66 0.274858
51.68 0.272959
51.7 0.27247
51.72 0.273448
51.74 0.275747
51.76 0.279094
51.78 0.283127
51.8 0.287343
51.82 0.29117
51.84 0.294257
51.86 0.296621
51.88 0.298422
51.9 0.299733
51.92 0.300557
51.94 0.30093
51.96 0.30097
51.98 0.300845
52 0.300693
52.02 0.300537
52.04 0.300249
52.06 0.299609
52.08 0.298425
52.1 0.296658
52.12 0.294423
52.14 0.291792
52.16 0.28878
52.18 0.285561
52.2 0.282508
52.22 0.280073
52.24 0.2786
52.26 0.278227
52.28 0.278908
52.3 0.280493
52.32 0.282792
52.34 0.285559
52.36 0.288475
52.38 0.29125
52.4 0.293695
52.42 0.295683
52.44 0.297142
52.46 0.298149
52.48 0.298889
52.5 0.299462
52.52 0.29983
52.54 0.29985
52.56 0.299355
52.58 0.298205
52.6 0.296277
52.62 0.293564
52.64 0.290154
52.66 0.286179
52.68 0.281826
52.7 0.277359
52.72 0.273131
52.74 0.269413
52.76 0.266322
52.78 0.263914
52.8 0.262228
52.82 0.261303
52.84 0.261187
52.86 0.261892
52.88 0.263345
52.9 0.265482
52.92 0.268341
52.94 0.271949
52.96 0.276154
52.98 0.280723
53 0.285501
53.02 0.290402
53.04 0.295336
53.06 0.300177
53.08 0.304802
53.1 0.309127
53.12 0.313083
53.14 0.316549
53.16 0.319385
53.18 0.321531
53.2 0.32288
53.22 0.323266
53.24 0.322568
53.26 0.320716
53.28 0.31768
53.3 0.313463
53.32 0.308107
53.34 0.301689
53.36 0.294383
53.38 0.286514
53.4 0.278447
53.42 0.270543
53.44 0.263203
53.46 0.256785
53.48 0.251539
53.5 0.247662
53.52 0.245356
53.54 0.244796
53.56 0.246064
53.58 0.249122
53.6 0.253807
53.62 0.259834
53.64 0.266833
53.66 0.274446
53.68 0.282358
53.7 0.290249
53.72 0.297865
53.74 0.305053
53.76 0.311668
53.78 0.317567
53.8 0.322611
53.82 0.32663
53.84 0.329473
53.86 0.331089
53.88 0.331407
53.9 0.33029
53.92 0.32769
53.94 0.323721
53.96 0.318568
53.98 0.31246
54 0.305635
54.02 0.298335
54.04 0.290842
54.06 0.283504
54.08 0.276689
54.1 0.270709
54.12 0.265841
54.14 0.262315
54.16 0.260218
54.18 0.259554
54.2 0.26025
54.22 0.262061
54.24 0.264698
54.26 0.267959
54.28 0.271666
54.3 0.275691
54.32 0.279956
54.34 0.284342
54.36 0.288686
54.38 0.292803
54.4 0.296512
54.42 0.299698
54.44 0.302357
54.46 0.304564
54.48 0.306391
54.5 0.307853
54.52 0.308953
54.54 0.309692
54.56 0.310018
54.58 0.309836
54.6 0.309071
54.62 0.307748
54.64 0.305961
54.66 0.303786
54.68 0.30122
54.7 0.298174
54.72 0.294608
54.74 0.290565
54.76 0.286104
54.78 0.281328
54.8 0.27641
54.82 0.271539
54.84 0.266991
54.86 0.263146
54.88 0.260377
54.9 0.259018
54.92 0.259295
54.94 0.261262
54.96 0.264899
54.98 0.270139
55 0.276748
55.02 0.284334
55.04 0.292462
55.06 0.300711
55.08 0.308674
55.1 0.315972
55.12 0.322332
55.14 0.327518
55.16 0.331306
55.18 0.33355
55.2 0.334213
55.22 0.33337
55.24 0.331169
55.26 0.327778
55.28 0.323371
55.3 0.318097
55.32 0.312138
55.34 0.30576
55.36 0.299187
55.38 0.292535
55.4 0.285948
55.42 0.279654
55.44 0.273859
55.46 0.268746
55.48 0.264497
55.5 0.261185
55.52 0.258819
55.54 0.257449
55.56 0.257158
55.58 0.258047
55.6 0.260159
55.62 0.263479
55.64 0.267928
55.66 0.273239
55.68 0.279067
55.7 0.285176
55.72 0.291426
55.74 0.297675
55.76 0.30373
55.78 0.309348
55.8 0.314321
55.82 0.31853
55.84 0.32187
55.86 0.324254
55.88 0.325744
55.9 0.326561
55.92 0.326786
55.94 0.325967
55.96 0.32333
55.98 0.318468
56 0.311515
56.02 0.303073
56.04 0.293976
56.06 0.284824
56.08 0.276078
56.1 0.268319
56.12 0.262179
56.14 0.258118
56.16 0.25616
56.18 0.256034
56.2 0.257429
56.22 0.260041
56.24 0.263683
56.26 0.268275
56.28 0.273723
56.3 0.279967
56.32 0.286975
56.34 0.294606
56.36 0.302606
56.38 0.310613
56.4 0.318171
56.42 0.32484
56.44 0.330371
56.46 0.334752
56.48 0.33803
56.5 0.340113
56.52 0.34085
56.54 0.340175
56.56 0.338121
56.58 0.334766
56.6 0.330106
56.62 0.324089
56.64 0.316775
56.66 0.308412
56.68 0.299413
56.7 0.290199
56.72 0.281103
56.74 0.272459
56.76 0.264636
56.78 0.257997
56.8 0.252845
56.82 0.249432
56.84 0.247923
56.86 0.24837
56.88 0.250808
56.9 0.255124
56.92 0.260973
56.94 0.267976
56.96 0.275699
56.98 0.283641
57 0.291363
57.02 0.298565
57.04 0.304982
57.06 0.310322
57.08 0.3144
57.1 0.31729
57.12 0.319152
57.14 0.319993
57.16 0.319737
57.18 0.31836
57.2 0.315956
57.22 0.312715
57.24 0.308775
57.26 0.304202
57.28 0.299095
57.3 0.293693
57.32 0.288335
57.34 0.2833
57.36 0.278784
57.38 0.275014
57.4 0.27225
57.42 0.270681
57.44 0.270396
57.46 0.271339
57.48 0.273333
57.5 0.27621
57.52 0.279885
57.54 0.284265
57.56 0.289132
57.58 0.294225
57.6 0.299336
57.62 0.304325
57.64 0.309072
57.66 0.3134
57.68 0.317104
57.7 0.31999
57.72 0.321901
57.74 0.322737
57.76 0.322448
57.78 0.321025
57.8 0.318496
57.82 0.314955
57.84 0.310579
57.86 0.305602
57.88 0.30025
57.9 0.294717
57.92 0.289204
57.94 0.283955
57.96 0.279218
57.98 0.275183
58 0.271989
58.02 0.26975
58.04 0.268533
58.06 0.268371
58.08 0.269288
58.1 0.27127
58.12 0.274241
58.14 0.278085
58.16 0.282651
58.18 0.287762
58.2 0.29322
58.22 0.298816
58.24 0.304332
58.26 0.309549
58.28 0.314253
58.3 0.318258
58.32 0.32141
58.34 0.32359
58.36 0.324718
58.38 0.324753
58.4 0.323702
58.42 0.321615
58.44 0.318583
58.46 0.314728
58.48 0.310206
58.5 0.305195
58.52 0.299902
58.54 0.294541
58.56 0.289328
58.58 0.28447
58.6 0.280162
58.62 0.276576
58.64 0.273854
58.66 0.2721
58.68 0.271387
58.7 0.271743
58.72 0.273151
58.74 0.275553
58.76 0.278851
58.78 0.282909
58.8 0.287565
58.82 0.292626
58.84 0.29789
58.86 0.303145
58.88 0.308182
58.9 0.312803
58.92 0.316826
58.94 0.320097
58.96 0.322487
58.98 0.323907
59 0.324301
59.02 0.323654
59.04 0.321995
59.06 0.31939
59.08 0.315949
59.1 0.311812
59.12 0.307149
59.14 0.30215
59.16 0.297018
59.18 0.29196
59.2 0.287181
59.22 0.28287
59.24 0.2792
59.26 0.276316
59.28 0.274331
59.3 0.273323
59.32 0.273332
59.34 0.274358
59.36 0.276357
59.38 0.279249
59.4 0.282915
59.42 0.287205
59.44 0.291946
59.46 0.296945
59.48 0.302002
59.5 0.306914
59.52 0.311487
59.54 0.315542
59.56 0.31892
59.58 0.32149
59.6 0.323153
59.62 0.323846
59.64 0.323541
59.66 0.322252
59.68 0.320033
59.7 0.316975
59.72 0.313204
59.74 0.308874
59.76 0.304163
59.78 0.299262
59.8 0.29437
59.82 0.289684
59.84 0.285392
59.86 0.281666
59.88 0.278654
59.9 0.276475
59.92 0.275214
59.94 0.274922
59.96 0.27561
59.98 0.277228
