0.02 1.03462e-06
0.04 2.93086e-06
0.06 3.20784e-06
0.08 1.46723e-06
0.1 4.19981e-07
0.12 1.57028e-06
0.14 3.03502e-06
0.16 2.62406e-06
0.18 1.18217e-06
0.2 1.11111e-06
0.22 2.60901e-06
0.24 3.52059e-06
0.26 2.79225e-06
0.28 2.01939e-06
0.3 2.79943e-06
0.32 4.0806e-06
0.34 4.24352e-06
0.36 3.90031e-06
0.38 3.76333e-06
0.4 1.97546e-06
0.42 -2.49923e-06
0.44 -2.28261e-06
0.46 6.93658e-06
0.48 1.09543e-05
0.5 3.97144e-07
0.52 -1.03701e-05
0.54 -7.55181e-06
0.56 -2.22611e-06
0.58 -1.09341e-05
0.6 -2.01111e-05
0.62 -9.15948e-06
0.64 3.62184e-06
0.66 -4.44965e-06
0.68 -2.76056e-05
0.7 -4.04013e-05
0.72 -9.29016e-06
0.74 3.51931e-05
0.76 2.50692e-05
0.78 -1.34725e-05
0.8 3.66832e-06
0.82 7.38289e-05
0.84 0.00010397
0.86 5.03757e-05
0.88 -1.36462e-05
0.9 -8.65155e-06
0.92 4.07046e-05
0.94 4.57215e-05
0.96 -2.47274e-05
0.98 -8.88229e-05
1 -6.1103e-05
1.02 2.13011e-05
1.04 4.30496e-05
1.06 -3.2279e-05
1.08 -0.000108107
1.1 -8.80183e-05
1.12 -3.64715e-06
1.14 4.38856e-05
1.16 3.50083e-06
1.18 -8.26012e-05
1.2 -8.97166e-05
1.22 1.95968e-05
1.24 8.20074e-05
1.26 -1.11871e-05
1.28 -0.000128383
1.3 -0.000113382
1.32 1.30419e-05
1.34 0.000112779
1.36 8.10836e-05
1.38 -3.41073e-05
1.4 -7.70641e-05
1.42 2.99447e-06
1.44 6.66713e-05
1.46 -2.69147e-05
1.48 -0.000200203
1.5 -0.000240214
1.52 -0.000105079
1.54 5.66661e-06
1.56 -6.00658e-05
1.58 -0.00018493
1.6 -0.000153352
1.62 1.6382e-05
1.64 9.17477e-05
1.66 -1.59516e-05
1.68 -0.000129209
1.7 -8.27546e-05
1.72 3.43851e-05
1.74 2.31512e-05
1.76 -9.68565e-05
1.78 -0.000119359
1.8 -1.9058e-05
1.82 1.29268e-05
1.84 -9.68765e-05
1.86 -0.000179172
1.88 -6.42726e-05
1.9 0.000116903
1.92 6.65428e-05
1.94 -0.000186066
1.96 -0.000266214
1.98 -5.03806e-05
2 9.82061e-05
2.02 -9.49436e-05
2.04 -0.000358718
2.06 -0.000300526
2.08 -2.9932e-05
2.1 1.91475e-05
2.12 -0.00020999
2.14 -0.000317327
2.16 -0.000111098
2.18 0.000110957
2.2 5.58354e-05
2.22 -0.000160893
2.24 -0.000215956
2.26 -4.07423e-05
2.28 5.63203e-05
2.3 -0.000122854
2.32 -0.00031797
2.34 -0.000238055
2.36 -2.4748e-06
2.38 5.25394e-05
2.4 -0.000169569
2.42 -0.000359137
2.44 -0.000223803
2.46 4.25851e-05
2.48 5.86662e-05
2.5 -0.000134582
2.52 -0.000174399
2.54 1.33769e-05
2.56 0.000143671
2.58 9.20737e-05
2.6 7.38995e-05
2.62 0.000236045
2.64 0.000401614
2.66 0.000377091
2.68 0.000284418
2.7 0.000364349
2.72 0.000582188
2.74 0.000700377
2.76 0.000652009
2.78 0.000587993
2.8 0.00063566
2.82 0.000758133
2.84 0.000815115
2.86 0.000760093
2.88 0.000674531
2.9 0.000627537
2.92 0.00065098
2.94 0.000697226
2.96 0.00065781
2.98 0.000565567
3 0.000569547
3.02 0.000566061
3.04 0.00034255
3.06 9.78496e-05
3.08 9.52482e-05
3.1 0.000153148
3.12 2.49571e-06
3.14 -0.000281561
3.16 -0.000449465
3.18 -0.000453242
3.2 -0.000473927
3.22 -0.00062662
3.24 -0.000799058
3.26 -0.000824939
3.28 -0.000739297
3.3 -0.000684767
3.32 -0.000698996
3.34 -0.000695633
3.36 -0.000527761
3.38 -0.000242616
3.4 -0.000106905
3.42 -0.00017474
3.44 -0.000117283
3.46 0.000294527
3.48 0.000706256
3.5 0.000645882
3.52 0.000321899
3.54 0.000321405
3.56 0.000673234
3.58 0.00085873
3.6 0.000671666
3.62 0.000512127
3.64 0.000603177
3.66 0.000484902
3.68 1.42444e-05
3.7 -0.000181836
3.72 4.21194e-05
3.74 5.71324e-05
3.76 -0.000355065
3.78 -0.000643611
3.8 -0.000438396
3.82 -0.00016366
3.84 -0.000305687
3.86 -0.000654432
3.88 -0.000738004
3.9 -0.000523131
3.92 -0.000407241
3.94 -0.000612676
3.96 -0.000863149
3.98 -0.000747309
4 -0.000263208
4.02 1.91623e-05
4.04 -0.000262255
4.06 -0.000558446
4.08 -0.000248182
4.1 0.000313328
4.12 0.000388956
4.14 4.63709e-05
4.16 -3.12561e-05
4.18 0.000262713
4.2 0.000267228
4.22 -0.000224972
4.24 -0.000536181
4.26 -0.000285027
4.28 2.15461e-05
4.3 -0.000118698
4.32 -0.000328667
4.34 5.40435e-06
4.36 0.000490071
4.38 0.000332373
4.4 -0.000247603
4.42 -0.000409448
4.44 -1.76993e-05
4.46 0.000302531
4.48 0.000219178
4.5 -7.52298e-05
4.52 -0.000312365
4.54 -0.000263124
4.56 -2.11101e-06
4.58 0.00010029
4.6 -8.62981e-05
4.62 -0.000265632
4.64 -8.19567e-05
4.66 0.000317924
4.68 0.000393114
4.7 9.88344e-05
4.72 -1.58715e-06
4.74 0.000320108
4.76 0.000609627
4.78 0.000392519
4.8 -0.000139206
4.82 -0.000265655
4.84 0.000204036
4.86 0.000533269
4.88 0.000201929
4.9 -0.000272343
4.92 -0.000210968
4.94 0.000155581
4.96 0.00016756
4.98 -0.000215313
5 -0.000492013
5.02 -0.000416059
5.04 -0.000282102
5.06 -0.000331321
5.08 -0.000242553
5.1 0.000143663
5.12 0.000308918
5.14 1.21183e-05
5.16 -0.000227704
5.18 2.47246e-06
5.2 0.00038906
5.22 0.000422842
5.24 7.05672e-05
5.26 -0.000328468
5.28 -0.000370098
5.3 1.43207e-05
5.32 0.000364205
5.34 0.000300943
5.36 1.85916e-05
5.38 -6.29778e-05
5.4 0.000112007
5.42 0.000224482
5.44 0.000150051
5.46 0.000110892
5.48 0.000210518
5.5 0.000281796
5.52 0.000210628
5.54 9.42236e-05
5.56 4.98797e-05
5.58 6.39928e-05
5.6 6.30907e-05
5.62 1.74483e-05
5.64 2.95469e-06
5.66 7.87882e-05
5.68 0.000108206
5.7 -1.57468e-06
5.72 -8.83264e-05
5.74 -3.02986e-05
5.76 4.99737e-05
5.78 -8.49232e-06
5.8 -0.00014628
5.82 -0.000141466
5.84 1.13082e-05
5.86 4.13291e-05
5.88 -0.000138787
5.9 -0.000289045
5.92 -0.000190911
5.94 9.32465e-05
5.96 0.000253767
5.98 0.000149158
6 5.33659e-05
6.02 0.000168016
6.04 0.000308181
6.06 0.000301153
6.08 0.000190294
6.1 8.5781e-05
6.12 0.000120757
6.14 0.000282223
6.16 0.000344034
6.18 0.000117722
6.2 -0.000261109
6.22 -0.000375836
6.24 -0.00016589
6.26 -9.75462e-05
6.28 -0.000372193
6.3 -0.000553221
6.32 -0.000270379
6.34 0.00011182
6.36 4.72117e-05
6.38 -0.000292122
6.4 -0.000331271
6.42 -6.43836e-06
6.44 0.000203063
6.46 1.52316e-05
6.48 -0.000304422
6.5 -0.000390333
6.52 -0.000252357
6.54 -0.000205518
6.56 -0.000347726
6.58 -0.000349629
6.6 -0.000115755
6.62 -2.18224e-05
6.64 -0.000152437
6.66 -0.000120861
6.68 0.000172834
6.7 0.000314859
6.72 2.49492e-05
6.74 -0.000395001
6.76 -0.000417858
6.78 -2.52055e-05
6.8 0.000230951
6.82 1.45101e-05
6.84 -0.000296292
6.86 -0.000184061
6.88 0.000179622
6.9 0.000202506
6.92 -0.000192107
6.94 -0.000445327
6.96 -0.000187384
6.98 0.000229642
7 0.000252555
7.02 -9.27172e-05
7.04 -0.00026868
7.06 -1.52809e-05
7.08 0.000278189
7.1 0.000206367
7.12 -4.08618e-05
7.14 -4.99576e-05
7.16 0.00018412
7.18 0.00031317
7.2 0.000180493
7.22 3.08695e-05
7.24 0.000110401
7.26 0.000262531
7.28 0.000153311
7.3 -0.00013153
7.32 -0.000147176
7.34 0.000165787
7.36 0.0003394
7.38 0.000118315
7.4 -0.000142051
7.42 -6.44199e-05
7.44 0.000176983
7.46 0.000175362
7.48 -9.51644e-05
7.5 -0.000245526
7.52 -6.15574e-05
7.54 0.000136138
7.56 1.08929e-05
7.58 -0.000217276
7.6 -0.000125514
7.62 0.00021403
7.64 0.000337862
7.66 0.000143527
7.68 1.25344e-06
7.7 0.000103082
7.72 0.000209862
7.74 0.000105782
7.76 -1.79088e-05
7.78 9.59657e-05
7.8 0.000287364
7.82 0.000249093
7.84 8.67463e-06
7.86 -0.000160721
7.88 -9.87699e-05
7.9 6.15589e-05
7.92 6.43534e-05
7.94 -9.14062e-05
7.96 -0.00015135
7.98 -2.96662e-05
8 7.28829e-05
8.02 2.71483e-05
8.04 -3.90908e-05
8.06 3.3613e-06
8.08 8.25762e-05
8.1 7.93709e-05
8.12 1.52405e-05
8.14 -7.88009e-06
8.16 3.66986e-05
8.18 9.35066e-05
8.2 0.000125353
8.22 0.00011835
8.24 6.99874e-06
8.26 -0.000169594
8.28 -0.000178174
8.3 2.75419e-05
8.32 0.000178738
8.34 0.00010436
8.36 -5.93035e-05
8.38 -8.44753e-05
8.4 5.82996e-05
8.42 0.00016999
8.44 8.18881e-05
8.46 -0.000141371
8.48 -0.000233804
8.5 -4.60631e-05
8.52 0.000176014
8.54 0.00012768
8.56 -6.58663e-05
8.58 -5.78758e-05
8.6 0.000180497
8.62 0.000318294
8.64 0.000130613
8.66 -0.000110369
8.68 1.43988e-06
8.7 0.000317501
8.72 0.000351283
8.74 5.50854e-05
8.76 -0.000132729
8.78 3.20885e-05
8.8 0.000245607
8.82 0.000130083
8.84 -0.000192319
8.86 -0.000316186
8.88 -0.000117965
8.9 0.00013009
8.92 9.62506e-05
8.94 -0.00012024
8.96 -0.000134466
8.98 5.27543e-05
9 0.000108701
9.02 -5.52974e-05
9.04 -0.000199324
9.06 -0.000113581
9.08 0.000103354
9.1 0.000133716
9.12 -0.000104453
9.14 -0.000266601
9.16 -0.000123
9.18 4.48099e-05
9.2 -6.72405e-05
9.22 -0.000288885
9.24 -0.000269522
9.26 -2.3135e-05
9.28 0.000103665
9.3 -2.00104e-05
9.32 -0.000127542
9.34 -5.87876e-06
9.36 0.000184208
9.38 0.000156661
9.4 -7.38313e-05
9.42 -0.000182369
9.44 1.96761e-07
9.46 0.000208832
9.48 0.000103227
9.5 -0.000203673
9.52 -0.000267757
9.54 -3.21457e-06
9.56 0.00015476
9.58 -3.8755e-06
9.6 -9.95815e-05
9.62 8.70009e-05
9.64 0.000186282
9.66 -6.37976e-05
9.68 -0.000328606
9.7 -0.000241166
9.72 3.9355e-05
9.74 0.000148938
9.76 -3.72643e-05
9.78 -0.000319184
9.8 -0.000320888
9.82 -2.31343e-05
9.84 0.000141987
9.86 1.24185e-05
9.88 -9.58986e-05
9.9 3.44798e-05
9.92 0.000203691
9.94 0.000109295
9.96 -0.000146027
9.98 -0.000149952
10 0.000149227
10.02 0.000319033
10.04 0.000121256
10.06 -0.00012363
10.08 -7.41721e-05
10.1 0.000112847
10.12 8.70303e-05
10.14 -0.000155263
10.16 -0.000275778
10.18 -9.0641e-05
10.2 0.000123644
10.22 3.48906e-05
10.24 -0.000221468
10.26 -0.000258491
10.28 -3.06623e-05
10.3 0.00012935
10.32 3.25574e-05
10.34 -0.000118453
10.36 -7.14756e-05
10.38 0.000101732
10.4 0.000136522
10.42 2.91988e-06
10.44 -5.60227e-05
10.46 6.23712e-05
10.48 0.000167785
10.5 0.000109456
10.52 4.16397e-06
10.54 9.55056e-06
10.56 4.87576e-05
10.58 -4.01865e-06
10.6 -5.27993e-05
10.62 1.38403e-05
10.64 9.54564e-05
10.66 6.91749e-05
10.68 -2.31104e-05
10.7 -7.79009e-05
10.72 -5.60245e-05
10.74 2.12089e-07
10.76 3.65616e-06
10.78 -4.43964e-05
10.8 -2.61912e-05
10.82 7.48255e-05
10.84 0.000120723
10.86 3.50889e-05
10.88 -9.66557e-05
10.9 -0.000121646
10.92 -8.043e-06
10.94 8.07963e-05
10.96 1.91277e-05
10.98 -8.54027e-05
11 -7.61018e-05
11.02 7.39647e-06
11.04 1.84929e-05
11.06 -5.11183e-05
11.08 -7.45309e-05
11.1 -2.1203e-06
11.12 8.0024e-05
11.14 9.08533e-05
11.16 5.19957e-05
11.18 3.73471e-05
11.2 6.91653e-05
11.22 0.000100545
11.24 7.1814e-05
11.26 -1.86763e-05
11.28 -8.27056e-05
11.3 -5.25464e-05
11.32 8.66568e-06
11.34 -1.21228e-06
11.36 -7.70509e-05
11.38 -0.000119183
11.4 -5.66598e-05
11.42 5.47716e-05
11.44 7.66129e-05
11.46 -1.78307e-05
11.48 -8.53595e-05
11.5 -2.95852e-05
11.52 5.60813e-05
11.54 4.99763e-05
11.56 -1.09665e-05
11.58 -6.0591e-06
11.6 7.73551e-05
11.62 0.000131449
11.64 9.20382e-05
11.66 2.66835e-05
11.68 2.57749e-05
11.7 6.67995e-05
11.72 6.3611e-05
11.74 1.05619e-05
11.76 -2.84288e-05
11.78 -3.53459e-05
11.8 -5.00524e-05
11.82 -9.16997e-05
11.84 -0.000118775
11.86 -9.28593e-05
11.88 -5.03143e-05
11.9 -3.26141e-05
11.92 -7.29075e-06
11.94 4.51111e-05
11.96 7.00356e-05
11.98 3.36841e-05
12 -1.61958e-05
12.02 -1.45257e-05
12.04 3.42563e-05
12.06 5.78404e-05
12.08 2.22247e-05
12.1 -2.05883e-05
12.12 -2.24658e-05
12.14 1.23951e-05
12.16 5.5316e-05
12.18 6.38144e-05
12.2 2.40725e-05
12.22 -1.85931e-05
12.24 -2.89775e-05
12.26 -3.06013e-05
12.28 -5.40774e-05
12.3 -8.87618e-05
12.32 -0.000102252
12.34 -8.57895e-05
12.36 -6.15273e-05
12.38 -4.47791e-05
12.4 -2.64206e-05
12.42 1.00755e-06
12.44 2.64795e-05
12.46 3.35287e-05
12.48 2.58213e-05
12.5 3.03208e-05
12.52 5.47759e-05
12.54 6.70172e-05
12.56 4.60421e-05
12.58 2.51115e-05
12.6 4.25514e-05
12.62 7.81289e-05
12.64 7.8197e-05
12.66 2.42095e-05
12.68 -3.30006e-05
12.7 -3.2501e-05
12.72 3.88955e-06
12.74 4.34055e-06
12.76 -4.25728e-05
12.78 -7.70882e-05
12.8 -5.05184e-05
12.82 2.19182e-05
12.84 6.88389e-05
12.86 3.53606e-05
12.88 -3.43301e-05
12.9 -4.33256e-05
12.92 2.31217e-05
12.94 6.98309e-05
12.96 2.70795e-05
12.98 -4.08561e-05
13 -3.41928e-05
13.02 2.61151e-05
13.04 3.86916e-05
13.06 -1.03591e-05
13.08 -3.09788e-05
13.1 1.74861e-05
13.12 6.56744e-05
13.14 4.85601e-05
13.16 -2.72258e-06
13.18 -2.08085e-05
13.2 2.78975e-06
13.22 2.67615e-05
13.24 2.56471e-05
13.26 1.24422e-05
13.28 1.20429e-06
13.3 -1.75493e-05
13.32 -4.06275e-05
13.34 -4.0732e-05
13.36 -9.80844e-06
13.38 2.50187e-05
13.4 2.85409e-05
13.42 -2.25129e-06
13.44 -2.23566e-05
13.46 -3.31457e-06
13.48 1.21915e-05
13.5 -1.38411e-05
13.52 -4.04855e-05
13.54 -1.97628e-05
13.56 1.60368e-05
13.58 6.27436e-06
13.6 -4.03842e-05
13.62 -5.7519e-05
13.64 -1.9303e-05
13.66 2.01588e-05
13.68 4.00867e-06
13.7 -4.44975e-05
13.72 -5.49219e-05
13.74 -1.07896e-05
13.76 3.34317e-05
13.78 3.48874e-05
13.8 1.46988e-05
13.82 1.39475e-05
13.84 3.14704e-05
13.86 2.95572e-05
13.88 -7.37222e-06
13.9 -4.00404e-05
13.92 -2.66936e-05
13.94 1.2396e-05
13.96 2.59834e-05
13.98 4.69548e-06
14 -1.34143e-05
14.02 8.5874e-06
14.04 6.30412e-05
14.06 9.61271e-05
14.08 7.59677e-05
14.1 3.63803e-05
14.12 8.30797e-06
14.14 -1.77414e-05
14.16 -3.36122e-05
14.18 -1.55389e-05
14.2 1.06904e-05
14.22 -1.01455e-05
14.24 -6.89429e-05
14.26 -8.93679e-05
14.28 -3.97699e-05
14.3 1.41253e-05
14.32 -8.02828e-07
14.34 -6.52277e-05
14.36 -9.19433e-05
14.38 -4.41529e-05
14.4 7.36088e-06
14.42 -1.56e-05
14.44 -7.87569e-05
14.46 -8.17356e-05
14.48 -1.1439e-05
14.5 3.9914e-05
14.52 1.98389e-05
14.54 -1.50398e-05
14.56 4.37133e-07
14.58 3.67731e-05
14.6 2.65438e-05
14.62 -1.05947e-05
14.64 5.39165e-06
14.66 7.0677e-05
14.68 8.63964e-05
14.7 -3.13764e-06
14.72 -0.00011569
14.74 -0.000116324
14.76 -8.47564e-06
14.78 5.50652e-05
14.8 -1.845e-05
14.82 -0.000126073
14.84 -0.000104624
14.86 2.43033e-05
14.88 6.54515e-05
14.9 -4.71194e-05
14.92 -0.000120899
14.94 -1.45983e-05
14.96 0.000115019
14.98 6.88898e-05
15 -7.28817e-05
15.02 -8.94993e-05
15.04 2.89966e-05
15.06 8.0036e-05
15.08 -1.94793e-05
15.1 -0.000111291
15.12 -4.86957e-05
15.14 8.99213e-05
15.16 0.000120276
15.18 1.59698e-05
15.2 -5.80868e-05
15.22 3.21456e-06
15.24 8.42917e-05
15.26 3.78349e-05
15.28 -8.12444e-05
15.3 -0.000111043
15.32 -2.97336e-05
15.34 2.94019e-05
15.36 -1.17367e-05
15.38 -6.81742e-05
15.4 -3.47107e-05
15.42 5.18231e-05
15.44 7.18396e-05
15.46 9.66729e-07
15.48 -6.16322e-05
15.5 -3.86329e-05
15.52 2.96853e-05
15.54 5.1014e-05
15.56 8.93993e-06
15.58 -1.4695e-05
15.6 3.09512e-05
15.62 7.92784e-05
15.64 4.88293e-05
15.66 -2.9137e-05
15.68 -5.14024e-05
15.7 1.12371e-05
15.72 7.24218e-05
15.74 5.82819e-05
15.76 8.62702e-06
15.78 2.75242e-06
15.8 4.32827e-05
15.82 6.1201e-05
15.84 1.77647e-05
15.86 -3.54482e-05
15.88 -2.73841e-05
15.9 2.63442e-05
15.92 4.77633e-05
15.94 1.70284e-05
15.96 -7.05115e-07
15.98 3.52899e-05
16 7.30041e-05
16.02 5.5448e-05
16.04 1.00025e-05
16.06 -2.28149e-06
16.08 2.64867e-05
16.1 4.79524e-05
16.12 2.2611e-05
16.14 -2.55845e-05
16.16 -3.42245e-05
16.18 1.52532e-05
16.2 6.35044e-05
16.22 4.88362e-05
16.24 -4.14059e-06
16.26 -2.92039e-05
16.28 -1.49655e-05
16.3 9.32852e-06
16.32 2.63028e-05
16.34 2.52624e-05
16.36 1.02928e-06
16.38 -2.37286e-05
16.4 -1.96498e-05
16.42 -3.11238e-07
16.44 -5.68975e-06
16.46 -3.72576e-05
16.48 -5.77334e-05
16.5 -5.68172e-05
16.52 -6.80271e-05
16.54 -0.000102542
16.56 -0.000114653
16.58 -7.3052e-05
16.6 -2.51145e-05
16.62 -3.34915e-05
16.64 -8.13261e-05
16.66 -9.57341e-05
16.68 -2.70198e-05
16.7 0.000102077
16.72 0.000186173
16.74 0.000168638
16.76 0.000145624
16.78 0.000202509
16.8 0.000270307
16.82 0.000253424
16.84 0.00015537
16.86 1.37067e-05
16.88 -8.31714e-05
16.9 -1.59554e-05
16.92 0.00010975
16.94 5.61939e-05
16.96 -0.000127128
16.98 -0.000170323
17 -2.73583e-05
17.02 6.69218e-05
17.04 -3.14131e-05
17.06 -0.000175907
17.08 -0.000165739
17.1 -5.13763e-05
17.12 -5.49513e-05
17.14 -0.000207022
17.16 -0.000271567
17.18 -0.000117076
17.2 3.4818e-05
17.22 -5.80733e-05
17.24 -0.000236077
17.26 -0.000189949
17.28 1.2371e-05
17.3 5.31115e-05
17.32 -0.000101596
17.34 -0.000161525
17.36 2.26603e-05
17.38 0.000234899
17.4 0.000226535
17.42 8.73562e-05
17.44 9.33284e-05
17.46 0.000263978
17.48 0.000325204
17.5 0.000154799
17.52 -1.81712e-06
17.54 7.32822e-05
17.56 0.000194109
17.58 8.43978e-05
17.6 -0.000141773
17.62 -0.000181326
17.64 -3.71252e-05
17.66 2.33734e-05
17.68 -0.000101084
17.7 -0.000219845
17.72 -0.000173732
17.74 -6.95604e-05
17.76 -7.97575e-05
17.78 -0.000169591
17.8 -0.000180021
17.82 -8.48372e-05
17.84 1.07555e-06
17.86 6.58771e-06
17.88 -2.88053e-05
17.9 -3.03166e-05
17.92 2.04836e-05
17.94 7.20927e-05
17.96 8.66718e-05
17.98 8.95121e-05
18 0.000106704
18.02 0.000115852
18.04 9.47576e-05
18.06 6.69726e-05
18.08 4.89039e-05
18.1 5.89055e-06
18.12 -6.19632e-05
18.14 -8.25524e-05
18.16 -3.71064e-05
18.18 -6.19318e-06
18.2 -4.82481e-05
18.22 -0.000126236
18.24 -0.000174394
18.26 -0.000183405
18.28 -0.000188333
18.3 -0.000195468
18.32 -0.000151898
18.34 -7.99679e-06
18.36 0.000150697
18.38 0.000167799
18.4 8.6875e-05
18.42 0.00010359
18.44 0.000242206
18.46 0.000331217
18.48 0.000234707
18.5 1.15714e-05
18.52 -9.63076e-05
18.54 3.89291e-05
18.56 0.000189114
18.58 9.56268e-05
18.6 -0.000127449
18.62 -0.000185407
18.64 -3.86426e-05
18.66 6.27783e-05
18.68 -4.6058e-05
18.7 -0.000213064
18.72 -0.00021061
18.74 -7.74658e-05
18.76 -4.88775e-05
18.78 -0.000190394
18.8 -0.000264211
18.82 -5.71044e-05
18.84 0.000229153
18.86 0.000234818
18.88 4.32067e-05
18.9 3.68977e-05
18.92 0.000259021
18.94 0.000386239
18.96 0.000253764
18.98 7.23688e-05
19 6.99189e-05
19.02 0.000165739
19.04 0.000152731
19.06 2.51623e-06
19.08 -0.000122421
19.1 -8.49182e-05
19.12 2.91333e-05
19.14 1.45298e-05
19.16 -0.000134422
19.18 -0.000198423
19.2 -9.61512e-05
19.22 -3.05005e-05
19.24 -0.000147868
19.26 -0.00027263
19.28 -0.000178706
19.3 1.96443e-05
19.32 4.45938e-05
19.34 -0.000100949
19.36 -0.000171548
19.38 -6.43996e-05
19.4 5.54718e-05
19.42 2.27111e-05
19.44 -7.23577e-05
19.46 -2.44073e-05
19.48 0.000147551
19.5 0.000211996
19.52 8.50976e-05
19.54 -3.83085e-05
19.56 2.16097e-05
19.58 0.000161208
19.6 0.000139244
19.62 -4.18418e-05
19.64 -9.07464e-05
19.66 9.43505e-05
19.68 0.000196845
19.7 -2.6875e-06
19.72 -0.00023704
19.74 -0.000171453
19.76 8.10055e-05
19.78 0.00014151
19.8 -8.28561e-05
19.82 -0.000267963
19.84 -0.000146189
19.86 0.000102446
19.88 0.000149381
19.9 -1.07825e-06
19.92 -7.41096e-05
19.94 5.68162e-05
19.96 0.000195923
19.98 0.000123233
20 -5.42834e-05
20.02 -6.27015e-05
20.04 0.000108378
20.06 0.000199829
20.08 6.52157e-05
20.1 -0.000157044
20.12 -0.000234919
20.14 -0.00011612
20.16 4.00973e-05
20.18 8.48667e-05
20.2 1.99592e-06
20.22 -0.000114761
20.24 -0.000129145
20.26 -2.08421e-05
20.28 4.95886e-05
20.3 -3.68916e-05
20.32 -0.00013023
20.34 -4.25069e-05
20.36 9.57852e-05
20.38 6.80123e-05
20.4 -3.74214e-05
20.42 -6.521e-06
20.44 0.000143995
20.46 0.000215147
20.48 0.000124914
20.5 -9.20734e-06
20.52 -4.33279e-05
20.54 6.67209e-06
20.56 -7.8995e-07
20.58 -3.2605e-05
20.6 4.66255e-05
20.62 8.98909e-05
20.64 -7.50705e-05
20.66 -0.00025443
20.68 -0.000232171
20.7 -6.34765e-05
20.72 9.32995e-05
20.74 7.90253e-05
20.76 -0.000104182
20.78 -0.000182939
20.8 -1.98989e-05
20.82 0.000109434
20.84 -2.25025e-05
20.86 -0.00018803
20.88 -6.27877e-05
20.9 0.000224931
20.92 0.00027512
20.94 5.86598e-05
20.96 -5.48645e-05
20.98 0.000117417
21 0.000287298
21.02 0.000123962
21.04 -0.000176307
21.06 -0.000156498
21.08 0.000150631
21.1 0.0002626
21.12 -9.87625e-06
21.14 -0.000282649
21.16 -0.000159948
21.18 0.000168901
21.2 0.000187438
21.22 -0.000154534
21.24 -0.000357618
21.26 -0.000151622
21.28 0.000112617
21.3 3.38832e-05
21.32 -0.000224309
21.34 -0.000191968
21.36 0.000157739
21.38 0.000334735
21.4 0.000127783
21.42 -9.35802e-05
21.44 -5.00897e-05
21.46 0.000118102
21.48 0.000183084
21.5 5.4695e-05
21.52 -0.000136191
21.54 -0.000166268
21.56 -6.46027e-05
21.58 -5.58094e-05
21.6 -0.000151004
21.62 -0.000140876
21.64 -7.07122e-07
21.66 5.48566e-05
21.68 -5.20015e-05
21.7 -0.000120462
21.72 1.15301e-05
21.74 0.000178666
21.76 0.000107257
21.78 -0.0001387
21.8 -0.000201276
21.82 1.77619e-05
21.84 0.000173142
21.86 1.82282e-05
21.88 -0.000198475
21.9 -0.000133951
21.92 0.000118198
21.94 0.000194496
21.96 1.44879e-05
21.98 -0.000120568
22 3.38936e-06
22.02 0.000198361
22.04 0.000180823
22.06 -1.12714e-05
22.08 -0.000119658
22.1 -4.45356e-05
22.12 5.46364e-05
22.14 1.23155e-05
22.16 -0.000100558
22.18 -9.92539e-05
22.2 1.37082e-05
22.22 6.31322e-05
22.24 -1.15132e-05
22.26 -7.98598e-05
22.28 -3.49109e-05
22.3 5.48161e-05
22.32 6.297e-05
22.34 2.95602e-06
22.36 -7.11529e-06
22.38 6.14018e-05
22.4 0.000113109
22.42 8.08273e-05
22.44 1.84361e-05
22.46 1.54978e-05
22.48 7.02245e-05
22.5 8.7261e-05
22.52 1.58262e-05
22.54 -6.13332e-05
22.56 -4.78324e-05
22.58 1.96834e-05
22.6 3.32132e-05
22.62 -2.48644e-05
22.64 -6.60086e-05
22.66 -3.36025e-05
22.68 1.52014e-05
22.7 6.97023e-07
22.72 -5.60603e-05
22.74 -6.78269e-05
22.76 -2.18714e-05
22.78 4.0837e-07
22.8 -4.0214e-05
22.82 -7.38118e-05
22.84 -3.26842e-05
22.86 3.57668e-05
22.88 3.93574e-05
22.9 -1.64554e-05
22.92 -4.10861e-05
22.94 5.28913e-06
22.96 5.86398e-05
22.98 4.91616e-05
23 -5.07842e-07
23.02 -1.90853e-05
23.04 6.13917e-06
23.06 1.91503e-05
23.08 -1.47273e-05
23.1 -5.41187e-05
23.12 -4.06226e-05
23.14 8.77936e-06
23.16 1.87236e-05
23.18 -2.62187e-05
23.2 -4.82191e-05
23.22 2.44492e-06
23.24 6.23426e-05
23.26 5.33375e-05
23.28 5.7856e-06
23.3 1.78357e-06
23.32 4.17155e-05
23.34 5.31118e-05
23.36 1.00932e-05
23.38 -3.24688e-05
23.4 -3.41019e-05
23.42 -2.62456e-05
23.44 -4.1373e-05
23.46 -5.19775e-05
23.48 -2.48006e-05
23.5 9.05393e-06
23.52 -1.85447e-06
23.54 -3.82694e-05
23.56 -3.44413e-05
23.58 1.78575e-05
23.6 5.37077e-05
23.62 3.0514e-05
23.64 -1.00334e-05
23.66 -7.64691e-06
23.68 3.03952e-05
23.7 5.27197e-05
23.72 3.61328e-05
23.74 4.69069e-06
23.76 -5.29051e-06
23.78 9.05854e-06
23.8 1.78331e-05
23.82 7.35076e-06
23.84 -5.1822e-06
23.86 -9.98514e-06
23.88 -1.67821e-05
23.9 -2.50148e-05
23.92 -1.7074e-05
23.94 2.94621e-06
23.96 -9.57164e-07
23.98 -3.34628e-05
24 -4.53278e-05
24.02 -2.91967e-06
24.04 6.04888e-05
24.06 7.32499e-05
24.08 1.93888e-05
24.1 -2.86714e-05
24.12 -1.88784e-05
24.14 1.31995e-05
24.16 2.03125e-05
24.18 4.28064e-06
24.2 -1.53447e-05
24.22 -2.51553e-05
24.24 -1.74551e-05
24.26 8.5483e-07
24.28 1.78355e-05
24.3 2.52335e-05
24.32 1.49322e-05
24.34 -1.3648e-05
24.36 -4.14089e-05
24.38 -4.15555e-05
24.4 -1.72189e-05
24.42 2.39754e-07
24.44 -3.98397e-07
24.46 -1.25537e-07
24.48 7.46192e-06
24.5 5.12967e-06
24.52 -9.73987e-06
24.54 -1.7075e-05
24.56 -5.20507e-06
24.58 1.45681e-05
24.6 2.0937e-05
24.62 8.52662e-06
24.64 -2.94857e-07
24.66 1.39682e-05
24.68 3.25438e-05
24.7 2.00741e-05
24.72 -1.89008e-05
24.74 -3.53374e-05
24.76 -6.32623e-06
24.78 2.99965e-05
24.8 3.2977e-05
24.82 1.16134e-05
24.84 5.2598e-06
24.86 2.71637e-05
24.88 4.32794e-05
24.9 2.57471e-05
24.92 1.8963e-06
24.94 9.85998e-06
24.96 3.52421e-05
24.98 3.6877e-05
25 1.19027e-05
25.02 -2.7714e-06
25.04 1.25189e-05
25.06 3.26296e-05
25.08 2.56785e-05
25.1 -1.20156e-06
25.12 -1.00118e-05
25.14 1.36855e-05
25.16 3.49065e-05
25.18 2.00743e-05
25.2 -1.11792e-05
25.22 -1.85495e-05
25.24 -1.35378e-06
25.26 4.50606e-06
25.28 -1.89963e-05
25.3 -4.63883e-05
25.32 -4.6726e-05
25.34 -2.14943e-05
25.36 3.92737e-06
25.38 6.90327e-06
25.4 -1.06876e-05
25.42 -2.19833e-05
25.44 -1.00642e-05
25.46 5.80307e-06
25.48 -8.43737e-07
25.5 -2.19251e-05
25.52 -2.45479e-05
25.54 -9.90375e-07
25.56 1.84141e-05
25.58 1.22003e-05
25.6 -1.17893e-06
25.62 6.13415e-06
25.64 2.7479e-05
25.66 3.15114e-05
25.68 9.70303e-06
25.7 -1.07786e-05
25.72 -4.53788e-06
25.74 1.42239e-05
25.76 9.7918e-06
25.78 -1.76052e-05
25.8 -2.9257e-05
25.82 -1.04545e-05
25.84 9.11544e-06
25.86 5.8329e-06
25.88 -7.7455e-06
25.9 -1.17056e-05
25.92 -7.19357e-06
25.94 -6.27123e-06
25.96 -1.05726e-05
25.98 -1.39232e-05
26 -1.6246e-05
26.02 -2.11932e-05
26.04 -2.69044e-05
26.06 -2.53498e-05
26.08 -1.26318e-05
26.1 -1.63812e-06
26.12 -9.97498e-06
26.14 -2.92607e-05
26.16 -3.10904e-05
26.18 -1.00322e-05
26.2 7.13845e-06
26.22 1.20032e-06
26.24 -1.38758e-05
26.26 -1.27629e-05
26.28 5.07138e-06
26.3 1.35469e-05
26.32 1.12776e-07
26.34 -1.36566e-05
26.36 -8.79791e-06
26.38 1.34525e-06
26.4 -3.17947e-06
26.42 -1.70333e-05
26.44 -2.05981e-05
26.46 -9.27368e-06
26.48 5.0526e-06
26.5 1.08965e-05
26.52 4.608e-06
26.54 -6.63192e-06
26.56 -8.85748e-06
26.58 4.59202e-06
26.6 2.42062e-05
26.62 3.11583e-05
26.64 1.84122e-05
26.66 1.35505e-06
26.68 -5.03997e-07
26.7 1.1804e-05
26.72 1.68427e-05
26.74 3.30267e-06
26.76 -1.18751e-05
26.78 -1.15108e-05
26.8 -2.17067e-06
26.82 -3.50826e-07
26.84 -1.08738e-05
26.86 -2.03505e-05
26.88 -1.68649e-05
26.9 -9.08012e-06
26.92 -8.07548e-06
26.94 -7.69565e-06
26.96 9.51845e-07
26.98 9.55614e-06
27 2.83156e-06
27.02 -1.11453e-05
27.04 -7.45108e-06
27.06 1.15745e-05
27.08 1.48057e-05
27.1 -6.91176e-06
27.12 -2.2122e-05
27.14 -5.87675e-06
27.16 1.92599e-05
27.18 1.5141e-05
27.2 -1.40077e-05
27.22 -2.72109e-05
27.24 -7.65695e-06
27.26 1.32951e-05
27.28 5.57628e-06
27.3 -1.52181e-05
27.32 -1.50964e-05
27.34 7.86555e-06
27.36 2.32747e-05
27.38 1.42166e-05
27.4 -1.12625e-06
27.42 -2.29907e-07
27.44 1.50513e-05
27.46 2.44255e-05
27.48 1.44507e-05
27.5 -3.28259e-06
27.52 -9.64074e-06
27.54 -7.02195e-06
27.56 -1.05201e-05
27.58 -2.16457e-05
27.6 -2.75713e-05
27.62 -2.25258e-05
27.64 -1.82813e-05
27.66 -2.36777e-05
27.68 -2.84227e-05
27.7 -2.05488e-05
27.72 -4.17631e-06
27.74 9.1385e-06
27.76 1.60109e-05
27.78 2.03691e-05
27.8 2.37741e-05
27.82 2.46825e-05
27.84 2.31686e-05
27.86 1.99789e-05
27.88 1.34627e-05
27.9 4.49193e-06
27.92 -1.29502e-06
27.94 -1.58508e-06
27.96 1.04678e-06
27.98 2.94228e-06
28 4.17168e-07
28.02 -3.67398e-06
28.04 -2.79444e-06
28.06 -2.0743e-07
28.08 -3.58787e-06
28.1 -1.15883e-05
28.12 -1.26759e-05
28.14 -1.12278e-06
28.16 7.07882e-06
28.18 -1.87084e-06
28.2 -1.01474e-05
28.22 2.65698e-06
28.24 2.34371e-05
28.26 2.91811e-05
28.28 2.25211e-05
28.3 2.24458e-05
28.32 3.35468e-05
28.34 3.8785e-05
28.36 1.1766e-05
28.38 -4.40186e-05
28.4 -7.13721e-05
28.42 -2.95045e-05
28.44 3.13117e-05
28.46 2.51489e-05
28.48 -3.96432e-05
28.5 -6.24372e-05
28.52 -3.81086e-06
28.54 5.58152e-05
28.56 4.11786e-05
28.58 -1.25539e-05
28.6 -2.58641e-05
28.62 4.59243e-06
28.64 1.96894e-05
28.66 3.33482e-06
28.68 -3.28293e-06
28.7 1.83295e-05
28.72 3.37934e-05
28.74 1.05341e-05
28.76 -3.18932e-05
28.78 -4.1047e-05
28.8 1.1804e-07
28.82 3.88391e-05
28.84 1.80457e-05
28.86 -3.243e-05
28.88 -3.28494e-05
28.9 2.13848e-05
28.92 5.32534e-05
28.94 2.57267e-05
28.96 -9.45364e-06
28.98 -1.9786e-06
29 2.11701e-05
29.02 1.17606e-05
29.04 -1.21028e-05
29.06 -9.07883e-07
29.08 3.22694e-05
29.1 2.97298e-05
29.12 -1.34351e-05
29.14 -3.93089e-05
29.16 -1.69867e-05
29.18 1.26012e-05
29.2 3.08298e-06
29.22 -2.71508e-05
29.24 -3.08757e-05
29.26 -7.30839e-06
29.28 6.44946e-06
29.3 -3.20791e-06
29.32 -1.56827e-05
29.34 -1.39152e-05
29.36 -3.58651e-06
29.38 3.59844e-06
29.4 6.39653e-06
29.42 7.27832e-06
29.44 5.0883e-06
29.46 8.25791e-07
29.48 7.38916e-08
29.5 3.96752e-06
29.52 6.00162e-06
29.54 9.72117e-08
29.56 -1.40544e-05
29.58 -2.6696e-05
29.6 -2.24776e-05
29.62 -3.02353e-06
29.64 5.49275e-06
29.66 -1.15551e-05
29.68 -2.967e-05
29.7 -2.22591e-05
29.72 -2.18972e-06
29.74 5.25559e-07
29.76 -1.46636e-05
29.78 -1.86461e-05
29.8 -5.86146e-07
29.82 1.45253e-05
29.84 8.87267e-06
29.86 -1.5322e-06
29.88 3.36793e-06
29.9 1.70911e-05
29.92 2.17445e-05
29.94 1.54429e-05
29.96 9.33485e-06
29.98 7.39769e-06
30 1.2127e-06
30.02 -1.30844e-05
30.04 -2.36754e-05
30.06 -2.01448e-05
30.08 -1.26471e-05
30.1 -1.52301e-05
30.12 -1.98957e-05
30.14 -9.75644e-06
30.16 1.04488e-05
30.18 1.90204e-05
30.2 1.00369e-05
30.22 2.21843e-07
30.24 3.29544e-06
30.26 1.44884e-05
30.28 2.08735e-05
30.3 1.87987e-05
30.32 1.67518e-05
30.34 1.82329e-05
30.36 1.59969e-05
30.38 8.04481e-06
30.4 8.906e-07
30.42 -1.87564e-06
30.44 -6.41336e-06
30.46 -1.91733e-05
30.48 -3.14122e-05
30.5 -2.73022e-05
30.52 -7.70809e-06
30.54 6.07433e-06
30.56 -3.7102e-07
30.58 -1.23036e-05
30.6 -6.86348e-06
30.62 1.2912e-05
30.64 2.4305e-05
30.66 1.84286e-05
30.68 9.5169e-06
30.7 1.25106e-05
30.72 2.20188e-05
30.74 1.78113e-05
30.76 -2.64275e-06
30.78 -1.29954e-05
30.8 -1.5024e-07
30.82 1.18423e-05
30.84 3.27723e-06
30.86 -1.05799e-05
30.88 -6.76198e-06
30.9 1.30053e-05
30.92 2.717e-05
30.94 2.14618e-05
30.96 5.40296e-06
30.98 -3.40219e-07
31 6.39537e-06
31.02 7.04735e-06
31.04 -4.83312e-06
31.06 -1.31113e-05
31.08 -9.3121e-06
31.1 -5.22596e-06
31.12 -7.21692e-06
31.14 -4.93582e-06
31.16 6.3273e-06
31.18 1.39478e-05
31.2 7.93338e-06
31.22 -2.38478e-06
31.24 -1.35037e-06
31.26 1.08111e-05
31.28 1.67958e-05
31.3 6.64969e-06
31.32 -5.29038e-06
31.34 -7.27075e-07
31.36 1.4163e-05
31.38 1.65355e-05
31.4 3.2254e-06
31.42 -2.12529e-06
31.44 1.00513e-05
31.46 1.80905e-05
31.48 7.44009e-06
31.5 -7.81794e-06
31.52 -1.08067e-05
31.54 -4.12717e-06
31.56 -1.34275e-06
31.58 -7.57311e-06
31.6 -1.35185e-05
31.62 -9.47231e-06
31.64 -1.8869e-06
31.66 -4.81341e-06
31.68 -1.61903e-05
31.7 -2.04184e-05
31.72 -1.29616e-05
31.74 -5.2678e-06
31.76 -6.40952e-06
31.78 -1.14095e-05
31.8 -1.01959e-05
31.82 -3.72343e-06
31.84 -1.96343e-06
31.86 -4.58485e-06
31.88 -8.80362e-07
31.9 8.67044e-06
31.92 1.09596e-05
31.94 2.90328e-06
31.96 -1.32995e-06
31.98 7.4358e-06
32 1.67818e-05
32.02 1.0638e-05
32.04 -5.77712e-06
32.06 -1.29375e-05
32.08 -5.53134e-06
32.1 1.30215e-06
32.12 -4.65559e-06
32.14 -1.66025e-05
32.16 -1.89045e-05
32.18 -8.48887e-06
32.2 3.43555e-08
32.22 -5.13555e-06
32.24 -1.55765e-05
32.26 -1.56279e-05
32.28 -5.73127e-06
32.3 -9.59441e-07
32.32 -8.71613e-06
32.34 -1.86777e-05
32.36 -1.73582e-05
32.38 -7.6926e-06
32.4 -5.41859e-06
32.42 -1.38972e-05
32.44 -1.87304e-05
32.46 -1.12709e-05
32.48 -7.99768e-07
32.5 -1.03171e-06
32.52 -1.18538e-05
32.54 -1.71925e-05
32.56 -6.2471e-06
32.58 7.83437e-06
32.6 5.52097e-06
32.62 -7.4684e-06
32.64 -7.24192e-06
32.66 1.03587e-05
32.68 2.19987e-05
32.7 1.23469e-05
32.72 -3.61059e-06
32.74 -4.99946e-06
32.76 2.52632e-06
32.78 -1.29789e-06
32.8 -1.48473e-05
32.82 -1.76719e-05
32.84 -3.83144e-06
32.86 1.00577e-05
32.88 1.04859e-05
32.9 6.77797e-06
32.92 1.26983e-05
32.94 2.15269e-05
32.96 1.81098e-05
32.98 5.20307e-06
33 -1.53464e-06
33.02 1.70732e-06
33.04 4.04114e-06
33.06 -7.35977e-07
33.08 -5.86902e-06
33.1 -4.875e-06
33.12 -2.1996e-06
33.14 -4.00567e-06
33.16 -6.63343e-06
33.18 -4.62445e-06
33.2 -3.52681e-08
33.22 3.13259e-06
33.24 3.23026e-06
33.26 1.02763e-06
33.28 -1.46308e-06
33.3 -4.63102e-06
33.32 -7.62678e-06
33.34 -3.96929e-06
33.36 7.71069e-06
33.38 1.51577e-05
33.4 7.61531e-06
33.42 -6.1631e-06
33.44 -7.2721e-06
33.46 6.20528e-06
33.48 1.33565e-05
33.5 7.39276e-07
33.52 -1.49619e-05
33.54 -1.26919e-05
33.56 1.59324e-06
33.58 8.47281e-06
33.6 3.43159e-06
33.62 -2.58853e-06
33.64 -1.80914e-06
33.66 2.73543e-07
33.68 -5.2453e-06
33.7 -1.45631e-05
33.72 -1.45874e-05
33.74 -5.27406e-06
33.76 -1.23852e-06
33.78 -5.20072e-06
33.8 -2.65894e-06
33.82 1.05174e-05
33.84 1.84604e-05
33.86 1.22083e-05
33.88 4.46243e-06
33.9 8.66176e-06
33.92 1.90328e-05
33.94 2.00617e-05
33.96 1.0051e-05
33.98 4.75021e-06
34 1.28319e-05
34.02 2.01871e-05
34.04 1.22489e-05
34.06 -1.18331e-06
34.08 -3.25777e-06
34.1 2.36812e-06
34.12 2.50667e-06
34.14 -4.19142e-06
34.16 -9.21679e-06
34.18 -6.73645e-06
34.2 -5.11982e-07
34.22 1.4834e-06
34.24 -2.81649e-06
34.26 -7.56837e-06
34.28 -6.32785e-06
34.3 3.70778e-07
34.32 4.76108e-06
34.34 9.88211e-07
34.36 -4.78759e-06
34.38 2.32321e-07
34.4 1.50783e-05
34.42 2.23907e-05
34.44 1.48087e-05
34.46 6.28234e-06
34.48 9.0149e-06
34.5 1.40917e-05
34.52 6.7947e-06
34.54 -8.60681e-06
34.56 -1.47194e-05
34.58 -6.24813e-06
34.6 4.31628e-06
34.62 5.81963e-06
34.64 1.29701e-06
34.66 -8.69209e-07
34.68 5.36848e-07
34.7 1.34354e-07
34.72 -4.61177e-06
34.74 -9.73497e-06
34.76 -1.0945e-05
34.78 -8.07816e-06
34.8 -3.54418e-06
34.82 -7.08198e-07
34.84 3.03289e-07
34.86 3.55845e-06
34.88 7.86481e-06
34.9 7.40117e-06
34.92 4.87e-06
34.94 8.0466e-06
34.96 1.53803e-05
34.98 1.79703e-05
35 1.15047e-05
35.02 1.99391e-06
35.04 -2.97964e-07
35.06 4.26782e-06
35.08 3.40188e-06
35.1 -7.19386e-06
35.12 -1.54316e-05
35.14 -1.3502e-05
35.16 -1.09176e-05
35.18 -1.57345e-05
35.2 -1.97699e-05
35.22 -1.23305e-05
35.24 1.35089e-06
35.26 5.65589e-06
35.28 -2.90659e-06
35.3 -9.79305e-06
35.32 -2.57703e-06
35.34 9.17256e-06
35.36 6.43914e-06
35.38 -7.06193e-06
35.4 -8.13003e-06
35.42 8.25967e-06
35.44 2.05031e-05
35.46 1.25899e-05
35.48 -3.21409e-06
35.5 -4.87671e-06
35.52 5.09866e-06
35.54 4.80309e-06
35.56 -9.3639e-06
35.58 -1.8965e-05
35.6 -1.59186e-05
35.62 -1.17537e-05
35.64 -1.46677e-05
35.66 -1.7318e-05
35.68 -1.19251e-05
35.7 -4.72552e-06
35.72 -4.29023e-06
35.74 -7.83172e-06
35.76 -1.00315e-05
35.78 -7.50301e-06
35.8 3.97308e-06
35.82 1.58895e-05
35.84 9.50608e-06
35.86 -9.46695e-06
35.88 -1.33299e-05
35.9 -9.84467e-08
35.92 4.16383e-06
35.94 -4.00346e-06
35.96 1.94074e-06
35.98 2.31184e-05
36 2.2814e-05
36.02 -6.50451e-06
36.04 -2.10129e-05
36.06 1.17613e-06
36.08 2.49673e-05
36.1 2.01928e-05
36.12 4.24511e-06
36.14 9.02014e-07
36.16 2.14566e-06
36.18 -2.37711e-07
36.2 5.93828e-06
36.22 1.86758e-05
36.24 1.83267e-05
36.26 1.03942e-06
36.28 -1.80887e-05
36.3 -2.44279e-05
36.32 -1.86491e-05
36.34 -1.52217e-05
36.36 -1.86428e-05
36.38 -1.71357e-05
36.4 -5.72365e-06
36.42 7.27464e-06
36.44 1.26377e-05
36.46 4.49595e-06
36.48 -9.31206e-06
36.5 -7.98224e-07
36.52 3.79499e-05
36.54 6.33999e-05
36.56 3.84796e-05
36.58 -2.49121e-06
36.6 -8.62531e-07
36.62 3.34197e-05
36.64 3.45264e-05
36.66 -9.15784e-06
36.68 -3.3006e-05
36.7 -1.20208e-05
36.72 -1.56752e-06
36.74 -2.58967e-05
36.76 -2.89599e-05
36.78 1.41501e-05
36.8 3.28573e-05
36.82 -1.72776e-05
36.84 -6.07691e-05
36.86 -2.46497e-05
36.88 3.30741e-05
36.9 1.46275e-05
36.92 -5.77994e-05
36.94 -7.53948e-05
36.96 -9.94293e-06
36.98 5.71132e-05
37 5.14363e-05
37.02 -8.16445e-06
37.04 -3.23617e-05
37.06 2.36651e-05
37.08 8.5626e-05
37.1 5.82778e-05
37.12 -2.40163e-05
37.14 -4.56453e-05
37.16 9.56618e-06
37.18 4.07554e-05
37.2 -6.91115e-06
37.22 -6.82834e-05
37.24 -7.23307e-05
37.26 -3.18848e-05
37.28 4.72946e-06
37.3 1.1881e-05
37.32 -6.74223e-06
37.34 -2.64555e-05
37.36 -2.65909e-05
37.38 -1.3299e-05
37.4 -6.84313e-06
37.42 -1.00343e-05
37.44 -7.01866e-06
37.46 6.6713e-06
37.48 1.88056e-05
37.5 2.03733e-05
37.52 1.33931e-05
37.54 7.59978e-06
37.56 1.55452e-05
37.58 3.66218e-05
37.6 4.59998e-05
37.62 2.4563e-05
37.64 -9.36834e-06
37.66 -2.33887e-05
37.68 -8.0394e-06
37.7 1.75239e-05
37.72 2.14843e-05
37.74 -4.11613e-06
37.76 -2.50479e-05
37.78 -1.05787e-05
37.8 1.78862e-05
37.82 1.12404e-05
37.84 -3.68463e-05
37.86 -6.86688e-05
37.88 -4.08128e-05
37.9 5.75816e-06
37.92 9.94812e-06
37.94 -1.61111e-05
37.96 -2.08476e-05
37.98 2.20754e-06
38 1.72563e-05
38.02 7.31865e-06
38.04 -6.74084e-06
38.06 -1.94811e-06
38.08 1.28683e-05
38.1 1.28786e-05
38.12 -1.23632e-06
38.14 -7.88949e-06
38.16 8.08877e-07
38.18 1.35738e-05
38.2 1.8172e-05
38.22 1.72078e-05
38.24 1.84966e-05
38.26 1.54866e-05
38.28 -1.46068e-06
38.3 -2.27189e-05
38.32 -2.73779e-05
38.34 -1.09507e-05
38.36 5.18434e-06
38.38 -6.88686e-07
38.4 -1.72943e-05
38.42 -1.34856e-05
38.44 1.40294e-05
38.46 3.3735e-05
38.48 2.21812e-05
38.5 -5.3581e-06
38.52 -1.62956e-05
38.54 -5.00345e-06
38.56 3.5616e-06
38.58 -7.51259e-06
38.6 -2.56409e-05
38.62 -2.85404e-05
38.64 -1.4482e-05
38.66 -3.00201e-06
38.68 -5.61748e-06
38.7 -1.17655e-05
38.72 -7.90078e-06
38.74 4.39391e-06
38.76 1.33596e-05
38.78 1.26268e-05
38.8 7.57756e-06
38.82 5.73268e-06
38.84 5.00548e-06
38.86 -2.26757e-06
38.88 -1.39987e-05
38.9 -1.77608e-05
38.92 -1.12069e-05
38.94 -7.67992e-06
38.96 -1.27143e-05
38.98 -1.27891e-05
39 2.07637e-06
39.02 1.99995e-05
39.04 2.44884e-05
39.06 1.94955e-05
39.08 2.23694e-05
39.1 3.57265e-05
39.12 4.02903e-05
39.14 2.08607e-05
39.16 -8.8483e-06
39.18 -2.0164e-05
39.2 -7.33878e-06
39.22 5.02292e-06
39.24 -2.40674e-06
39.26 -1.68951e-05
39.28 -1.45113e-05
39.3 2.64251e-06
39.32 9.35307e-06
39.34 -3.65802e-06
39.36 -1.70063e-05
39.38 -1.44528e-05
39.4 -4.40256e-06
39.42 -1.61009e-06
39.44 -6.50094e-06
39.46 -9.97126e-06
39.48 -6.94079e-06
39.5 -2.13231e-07
39.52 5.32155e-06
39.54 7.49678e-06
39.56 6.35833e-06
39.58 3.38574e-06
39.6 2.62838e-06
39.62 9.08706e-06
39.64 2.05084e-05
39.66 2.61541e-05
39.68 2.06562e-05
39.7 1.30118e-05
39.72 1.31764e-05
39.74 1.49307e-05
39.76 6.51408e-06
39.78 -6.84111e-06
39.8 -1.05777e-05
39.82 -4.48003e-06
39.84 -7.4948e-07
39.86 -5.32893e-06
39.88 -1.14312e-05
39.9 -1.04864e-05
39.92 -3.90307e-06
39.94 1.0873e-06
39.96 1.87347e-06
39.98 -5.07517e-09
40 -2.69255e-06
40.02 -3.57769e-06
40.04 -1.48483e-06
40.06 9.37821e-07
40.08 -6.58181e-07
40.1 -4.46951e-06
40.12 -1.46666e-06
40.14 8.22364e-06
40.16 1.14066e-05
40.18 4.1808e-06
40.2 -1.72037e-06
40.22 -3.05172e-07
40.24 1.30189e-06
40.26 -3.30983e-06
40.28 -1.08317e-05
40.3 -1.29252e-05
40.32 -7.75674e-06
40.34 -2.97881e-06
40.36 -4.37062e-06
40.38 -7.82247e-06
40.4 -5.33886e-06
40.42 5.13426e-06
40.44 1.54714e-05
40.46 1.70383e-05
40.48 1.27101e-05
40.5 1.10394e-05
40.52 1.338e-05
40.54 1.15324e-05
40.56 3.03919e-07
40.58 -8.38251e-06
40.6 -6.2278e-07
40.62 1.22433e-05
40.64 7.14488e-06
40.66 -1.59388e-05
40.68 -3.20409e-05
40.7 -2.38253e-05
40.72 -6.22677e-06
40.74 -5.93602e-06
40.76 -2.32061e-05
40.78 -3.33807e-05
40.8 -2.2244e-05
40.82 -1.68782e-06
40.84 8.79857e-06
40.86 6.2003e-06
40.88 3.48796e-06
40.9 5.97738e-06
40.92 6.38562e-06
40.94 4.09935e-06
40.96 5.84207e-06
40.98 1.10815e-05
41 1.39837e-05
41.02 1.16652e-05
41.04 5.30288e-06
41.06 9.59963e-07
41.08 2.66967e-06
41.1 5.34576e-06
41.12 3.74355e-06
41.14 -6.0654e-07
41.16 -4.15962e-06
41.18 -6.68712e-06
41.2 -1.0478e-05
41.22 -1.51008e-05
41.24 -1.64291e-05
41.26 -1.24185e-05
41.28 -8.37009e-06
41.3 -1.03387e-05
41.32 -1.36442e-05
41.34 -9.70735e-06
41.36 -1.16152e-06
41.38 2.75251e-06
41.4 4.53285e-07
41.42 -2.14019e-07
41.44 7.0967e-06
41.46 1.73242e-05
41.48 1.97748e-05
41.5 1.29571e-05
41.52 7.11366e-06
41.54 1.01427e-05
41.56 1.6992e-05
41.58 1.66287e-05
41.6 6.4631e-06
41.62 -3.46114e-06
41.64 -3.60446e-06
41.66 1.93039e-06
41.68 2.46831e-06
41.7 -3.92464e-06
41.72 -1.03763e-05
41.74 -1.30922e-05
41.76 -1.44597e-05
41.78 -1.57986e-05
41.8 -1.57646e-05
41.82 -1.27984e-05
41.84 -5.67059e-06
41.86 3.24606e-06
41.88 8.04237e-06
41.9 7.2438e-06
41.92 7.22684e-06
41.94 1.25061e-05
41.96 1.82422e-05
41.98 1.76557e-05
42 1.13545e-05
42.02 5.49565e-06
42.04 2.98872e-06
42.06 4.85895e-07
42.08 -4.34988e-06
42.1 -7.0615e-06
42.12 -3.16557e-06
42.14 3.42763e-06
42.16 5.21422e-06
42.18 7.81886e-07
42.2 -4.00221e-06
42.22 -3.54637e-06
42.24 -2.82933e-07
42.26 -1.04668e-06
42.28 -7.03753e-06
42.3 -1.25688e-05
42.32 -1.33198e-05
42.34 -1.0749e-05
42.36 -7.13104e-06
42.38 -3.86565e-06
42.4 -2.19722e-06
42.42 1.02206e-07
42.44 4.35874e-06
42.46 6.64447e-06
42.48 4.90535e-06
42.5 2.32941e-06
42.52 3.02422e-06
42.54 7.04208e-06
42.56 9.73287e-06
42.58 7.83959e-06
42.6 4.17618e-06
42.62 4.15085e-06
42.64 7.56487e-06
42.66 8.03888e-06
42.68 3.41559e-06
42.7 8.65831e-08
42.72 3.14699e-06
42.74 7.71796e-06
42.76 4.86013e-06
42.78 -4.43417e-06
42.8 -7.72897e-06
42.82 -1.45048e-07
42.84 4.67006e-06
42.86 -4.3836e-06
42.88 -1.66306e-05
42.9 -1.59744e-05
42.92 -4.81175e-06
42.94 2.13991e-07
42.96 -8.30161e-06
42.98 -1.81323e-05
43 -1.41955e-05
43.02 3.92025e-07
43.04 8.65194e-06
43.06 3.57562e-06
43.08 -3.64924e-06
43.1 -8.48098e-07
43.12 9.03035e-06
43.14 1.30702e-05
43.16 7.54009e-06
43.18 2.72802e-06
43.2 5.4224e-06
43.22 8.69845e-06
43.24 4.64025e-06
43.26 -3.5818e-06
43.28 -7.27869e-06
43.3 -5.25629e-06
43.32 -5.39196e-06
43.34 -1.15079e-05
43.36 -1.71814e-05
43.38 -1.59893e-05
43.4 -1.05719e-05
43.42 -6.75052e-06
43.44 -4.5103e-06
43.46 -7.49198e-07
43.48 4.55649e-06
43.5 8.62115e-06
43.52 9.7001e-06
43.54 8.81461e-06
43.56 7.60003e-06
43.58 6.14028e-06
43.6 3.20091e-06
43.62 -7.71649e-07
43.64 -2.76675e-06
43.66 -1.40687e-06
43.68 2.48845e-07
43.7 -1.78103e-06
43.72 -6.10846e-06
43.74 -6.61512e-06
43.76 -2.57396e-06
43.78 -4.70963e-07
43.8 -2.01908e-06
43.82 -2.06423e-06
43.84 1.11551e-06
43.86 2.23341e-06
43.88 -2.57002e-06
43.9 -8.01598e-06
43.92 -6.67982e-06
43.94 -1.38193e-06
43.96 -1.86715e-06
43.98 -8.41786e-06
44 -1.04551e-05
44.02 -3.68625e-06
44.04 3.29861e-06
44.06 2.42349e-06
44.08 -2.96651e-06
44.1 -4.38759e-06
44.12 -3.53068e-08
44.14 3.48989e-06
44.16 1.07746e-06
44.18 -4.21356e-06
44.2 -6.41691e-06
44.22 -4.97302e-06
44.24 -4.28191e-06
44.26 -6.545e-06
44.28 -9.40361e-06
44.3 -9.7232e-06
44.32 -7.0542e-06
44.34 -3.24405e-06
44.36 -1.07407e-06
44.38 -1.64196e-06
44.4 -1.27125e-06
44.42 3.37388e-06
44.44 8.83973e-06
44.46 1.0451e-05
44.48 8.3077e-06
44.5 4.45529e-06
44.52 6.74737e-07
44.54 -1.60104e-06
44.56 -2.79226e-06
44.58 -4.5459e-06
44.6 -7.10595e-06
44.62 -8.60849e-06
44.64 -7.34933e-06
44.66 -4.36949e-06
44.68 -2.82569e-06
44.7 -3.95116e-06
44.72 -4.24014e-06
44.74 -9.76206e-07
44.76 2.78992e-06
44.78 3.16989e-06
44.8 3.8128e-07
44.82 -2.03573e-06
44.84 -8.26441e-07
44.86 3.18572e-06
44.88 5.71148e-06
44.9 4.04631e-06
44.92 3.9314e-07
44.94 -7.18206e-07
44.96 1.32518e-06
44.98 2.17806e-06
45 -1.0403e-06
45.02 -5.01131e-06
45.04 -4.38249e-06
45.06 5.94722e-07
45.08 3.799e-06
45.1 1.00747e-06
45.12 -3.36433e-06
45.14 -2.39265e-06
45.16 2.03058e-06
45.18 2.25787e-06
45.2 -2.85594e-06
45.22 -5.24496e-06
45.24 9.63755e-07
45.26 1.0059e-05
45.28 1.22232e-05
45.3 6.48513e-06
45.32 2.0553e-06
45.34 5.56146e-06
45.36 9.36324e-06
45.38 3.47235e-06
45.4 -7.10974e-06
45.42 -8.80319e-06
45.44 1.34235e-06
45.46 8.41585e-06
45.48 5.95944e-07
45.5 -1.08041e-05
45.52 -8.82895e-06
45.54 2.37708e-06
45.56 4.54038e-06
45.58 -5.57692e-06
45.6 -1.16111e-05
45.62 -3.64401e-06
45.64 6.45589e-06
45.66 2.6649e-06
45.68 -1.01534e-05
45.7 -1.2606e-05
45.72 -5.90199e-07
45.74 7.92769e-06
45.76 -3.1147e-07
45.78 -1.33289e-05
45.8 -1.06143e-05
45.82 5.65285e-06
45.84 1.29975e-05
45.86 2.98174e-06
45.88 -6.16407e-06
45.9 1.44925e-06
45.92 1.53793e-05
45.94 1.64284e-05
45.96 4.86238e-06
45.98 -3.50165e-06
46 -1.6836e-06
46.02 3.04657e-06
46.04 2.64152e-06
46.06 -2.01138e-06
46.08 -4.30776e-06
46.1 -3.648e-06
46.12 -4.55851e-06
46.14 -7.30371e-06
46.16 -8.81213e-06
46.18 -6.46341e-06
46.2 -1.30486e-07
46.22 4.5209e-06
46.24 1.15592e-06
46.26 -4.8032e-06
46.28 -1.86217e-06
46.3 6.58111e-06
46.32 7.11573e-06
46.34 -1.72695e-07
46.36 -3.4023e-06
46.38 1.99555e-06
46.4 7.57419e-06
46.42 4.48825e-06
46.44 -2.70997e-06
46.46 -2.60445e-06
46.48 3.89379e-06
46.5 4.84971e-06
46.52 -2.31609e-06
46.54 -7.14642e-06
46.56 -2.99374e-06
46.58 3.37565e-06
46.6 2.25405e-06
46.62 -4.38334e-06
46.64 -6.27403e-06
46.66 -1.0026e-06
46.68 2.45015e-06
46.7 -2.24508e-06
46.72 -8.2513e-06
46.74 -5.62887e-06
46.76 2.17469e-06
46.78 4.33116e-06
46.8 1.59115e-08
46.82 -1.73055e-06
46.84 3.6274e-06
46.86 6.92313e-06
46.88 -3.82369e-07
46.9 -9.39562e-06
46.92 -7.5106e-06
46.94 2.66126e-06
46.96 7.91552e-06
46.98 2.1368e-06
47 -5.75114e-06
47.02 -5.09458e-06
47.04 2.02138e-06
47.06 5.12379e-06
47.08 -1.40773e-06
47.1 -9.85838e-06
47.12 -6.75406e-06
47.14 5.03068e-06
47.16 6.67521e-06
47.18 -6.22156e-06
47.2 -1.49159e-05
47.22 -5.96148e-06
47.24 8.16816e-06
47.26 7.42474e-06
47.28 -4.54648e-06
47.3 -5.77986e-06
47.32 9.11451e-06
47.34 2.12464e-05
47.36 1.6973e-05
47.38 5.93121e-06
47.4 2.88408e-06
47.42 4.84574e-06
47.44 -8.73929e-07
47.46 -1.10253e-05
47.48 -9.31809e-06
47.5 3.68809e-06
47.52 7.92514e-06
47.54 -2.51693e-06
47.56 -8.15152e-06
47.58 1.77292e-06
47.6 1.04904e-05
47.62 2.62576e-06
47.64 -1.10508e-05
47.66 -1.21058e-05
47.68 -2.511e-06
47.7 1.2093e-06
47.72 -5.66409e-06
47.74 -9.51061e-06
47.76 -1.04464e-06
47.78 8.81152e-06
47.8 6.26098e-06
47.82 -3.70346e-06
47.84 -6.27216e-06
47.86 4.59237e-08
47.88 2.77478e-06
47.9 -3.92859e-06
47.92 -9.4158e-06
47.94 -4.62774e-06
47.96 2.17165e-06
47.98 1.65039e-07
48 -5.80161e-06
48.02 -3.89848e-06
48.04 5.13075e-06
48.06 7.89632e-06
48.08 -1.88152e-06
48.1 -1.24982e-05
48.12 -8.79344e-06
48.14 6.41431e-06
48.16 1.197e-05
48.18 -2.05238e-06
48.2 -1.58231e-05
48.22 -9.42642e-06
48.24 6.00456e-06
48.26 7.64102e-06
48.28 -4.60865e-06
48.3 -9.91e-06
48.32 2.87545e-06
48.34 1.67657e-05
48.36 1.11464e-05
48.38 -4.92008e-06
48.4 -6.72692e-06
48.42 7.59002e-06
48.44 1.53369e-05
48.46 4.94306e-06
48.48 -7.84159e-06
48.5 -6.27509e-06
48.52 3.52936e-06
48.54 3.69101e-06
48.56 -8.61501e-06
48.58 -1.60345e-05
48.6 -7.85139e-06
48.62 2.88493e-06
48.64 -3.10893e-07
48.66 -1.11308e-05
48.68 -9.22754e-06
48.7 6.23258e-06
48.72 1.34633e-05
48.74 2.51822e-06
48.76 -8.59367e-06
48.78 -1.80972e-06
48.8 1.18755e-05
48.82 1.0473e-05
48.84 -3.41934e-06
48.86 -8.09507e-06
48.88 2.83032e-06
48.9 1.16324e-05
48.92 4.7635e-06
48.94 -6.76628e-06
48.96 -5.56533e-06
48.98 5.5619e-06
49 8.97668e-06
49.02 -2.56501e-07
49.04 -7.4377e-06
49.06 -1.68721e-06
49.08 7.64045e-06
49.1 6.10418e-06
49.12 -2.39156e-06
49.14 -2.24268e-06
49.16 7.61638e-06
49.18 1.17736e-05
49.2 2.37615e-06
49.22 -7.1622e-06
49.24 -2.70223e-06
49.26 6.29324e-06
49.28 2.78103e-06
49.3 -8.98177e-06
49.32 -1.12004e-05
49.34 -7.76591e-07
49.36 6.77851e-06
49.38 6.95385e-07
49.4 -8.8524e-06
49.42 -6.05333e-06
49.44 5.35195e-06
49.46 8.23274e-06
49.48 -8.26346e-07
49.5 -7.56214e-06
49.52 -3.16613e-06
49.54 3.05396e-06
49.56 7.2818e-07
49.58 -5.79345e-06
49.6 -7.42011e-06
49.62 -4.85168e-06
49.64 -5.82924e-06
49.66 -1.21874e-05
49.68 -1.59321e-05
49.7 -1.18593e-05
49.72 -5.96141e-06
49.74 -5.14511e-06
49.76 -6.77047e-06
49.78 -4.03678e-06
49.8 1.71781e-06
49.82 2.10003e-06
49.84 -3.66507e-06
49.86 -5.29206e-06
49.88 2.42953e-06
49.9 9.68598e-06
49.92 5.91394e-06
49.94 -3.31234e-06
49.96 -5.18662e-06
49.98 5.09583e-07
50 2.80371e-06
50.02 -3.13878e-06
50.04 -8.9845e-06
50.06 -5.13478e-06
50.08 4.43142e-06
50.1 6.14183e-06
50.12 -3.00421e-06
50.14 -1.01339e-05
50.16 -6.12461e-06
50.18 2.15793e-06
50.2 3.38911e-06
50.22 -3.45265e-06
50.24 -8.85524e-06
50.26 -5.21509e-06
50.28 2.45875e-06
50.3 3.42668e-06
50.32 -1.97801e-06
50.34 -3.10766e-06
50.36 2.6456e-06
50.38 5.9078e-06
50.4 1.90033e-06
50.42 -2.20192e-06
50.44 7.43311e-07
50.46 6.90984e-06
50.48 6.82619e-06
50.5 -7.28503e-07
50.52 -5.98015e-06
50.54 -1.99335e-06
50.56 5.48058e-06
50.58 6.44468e-06
50.6 1.07858e-06
50.62 -1.11442e-06
50.64 2.984e-06
50.66 5.60615e-06
50.68 1.88849e-06
50.7 -2.23249e-06
50.72 -3.93863e-07
50.74 3.92716e-06
50.76 3.16536e-06
50.78 -2.30392e-06
50.8 -4.44296e-06
50.82 -1.11271e-06
50.84 -2.88914e-07
50.86 -5.70508e-06
50.88 -9.77205e-06
50.9 -6.81958e-06
50.92 -2.05392e-06
50.94 -2.36809e-06
50.96 -6.96059e-06
50.98 -9.62995e-06
51 -6.85974e-06
51.02 -2.19479e-06
51.04 -1.65607e-06
51.06 -4.85654e-06
51.08 -5.39322e-06
51.1 -1.63454e-06
51.12 1.00495e-06
51.14 -1.06072e-06
51.16 -5.1511e-06
51.18 -6.11149e-06
51.2 -2.47018e-06
51.22 1.1441e-06
51.24 1.16053e-07
51.26 -2.34675e-06
51.28 4.69835e-07
51.3 7.72865e-06
51.32 1.22311e-05
51.34 8.37376e-06
51.36 -4.83124e-06
51.38 -2.00458e-05
51.4 -2.51163e-05
51.42 -1.53792e-05
51.44 2.59907e-06
51.46 1.63097e-05
51.48 1.47465e-05
51.5 1.02563e-06
51.52 -5.15428e-06
51.54 5.53716e-06
51.56 1.52114e-05
51.58 7.15167e-06
51.6 -8.93674e-06
51.62 -1.26616e-05
51.64 -1.03886e-07
51.66 1.25698e-05
51.68 1.13948e-05
51.7 2.13351e-06
51.72 -3.32274e-07
51.74 5.87737e-06
51.76 8.50162e-06
51.78 9.28556e-07
51.8 -9.05702e-06
51.82 -1.13242e-05
51.84 -5.34377e-06
51.86 1.3025e-06
51.88 1.81433e-06
51.9 -2.41033e-06
51.92 -4.02708e-06
51.94 1.13654e-07
51.96 5.11517e-06
51.98 5.50648e-06
52 2.66491e-06
52.02 1.26695e-06
52.04 1.5229e-06
52.06 -5.28042e-08
52.08 -3.69911e-06
52.1 -4.81746e-06
52.12 -1.27934e-06
52.14 9.73729e-07
52.16 -2.58089e-06
52.18 -5.46987e-06
52.2 -1.96793e-07
52.22 8.90121e-06
52.24 1.0917e-05
52.26 4.15242e-06
52.28 -1.41743e-06
52.3 9.36274e-07
52.32 5.56513e-06
52.34 3.40216e-06
52.36 -4.4896e-06
52.38 -7.94085e-06
52.4 -2.95217e-06
52.42 2.04774e-06
52.44 -3.42982e-07
52.46 -4.24115e-06
52.48 -7.75552e-07
52.5 5.95192e-06
52.52 5.26966e-06
52.54 -2.98461e-06
52.56 -7.9386e-06
52.58 -4.39161e-06
52.6 -3.87955e-07
52.62 -3.09275e-06
52.64 -8.20884e-06
52.66 -7.93281e-06
52.68 -2.74243e-06
52.7 3.67763e-07
52.72 -9.64105e-07
52.74 -3.19016e-06
52.76 -3.37872e-06
52.78 -2.25401e-06
52.8 -2.31185e-06
52.82 -3.73665e-06
52.84 -4.10756e-06
52.86 -2.85439e-06
52.88 -2.5482e-06
52.9 -3.63632e-06
52.92 -2.70941e-06
52.94 5.27759e-07
52.96 8.93018e-07
52.98 -2.78819e-06
53 -4.24793e-06
53.02 -6.95819e-08
53.04 4.40409e-06
53.06 3.27009e-06
53.08 -5.27047e-07
53.1 1.28646e-07
53.12 5.23846e-06
53.14 7.11024e-06
53.16 3.03753e-06
53.18 1.85592e-07
53.2 2.41744e-06
53.22 4.53306e-06
53.24 1.97397e-06
53.26 -2.31243e-06
53.28 -3.0969e-06
53.3 -9.92975e-07
53.32 -1.00071e-06
53.34 -4.79893e-06
53.36 -7.45719e-06
53.38 -4.5811e-06
53.4 -2.56132e-07
53.42 -5.75502e-07
53.44 -3.5756e-06
53.46 -3.63769e-06
53.48 -8.49934e-07
53.5 3.70459e-07
53.52 -1.0052e-06
53.54 -1.57054e-06
53.56 2.5443e-07
53.58 1.69242e-06
53.6 1.15159e-07
53.62 -3.10575e-06
53.64 -4.62146e-06
53.66 -3.15249e-06
53.68 -1.21466e-06
53.7 -1.87296e-06
53.72 -3.20687e-06
53.74 -1.35915e-06
53.76 2.33181e-06
53.78 3.456e-06
53.8 1.50856e-06
53.82 -2.13575e-07
53.84 8.30736e-07
53.86 3.5378e-06
53.88 3.52509e-06
53.9 -6.71669e-07
53.92 -3.6158e-06
53.94 -8.22301e-07
53.96 3.44172e-06
53.98 2.82408e-06
54 -1.54172e-06
54.02 -3.27241e-06
54.04 -5.48165e-08
54.06 3.56382e-06
54.08 3.11384e-06
54.1 8.74386e-08
54.12 -1.95014e-07
54.14 3.06017e-06
54.16 4.02956e-06
54.18 4.30957e-07
54.2 -3.23321e-06
54.22 -4.23644e-06
54.24 -3.95527e-06
54.26 -4.01099e-06
54.28 -4.82118e-06
54.3 -4.79873e-06
54.32 -2.9177e-06
54.34 -1.47696e-06
54.36 -2.48778e-06
54.38 -4.42084e-06
54.4 -4.50517e-06
54.42 -2.32418e-06
54.44 2.58549e-07
54.46 1.6309e-06
54.48 1.75383e-06
54.5 1.58095e-06
54.52 2.14163e-06
54.54 3.06271e-06
54.56 2.60962e-06
54.58 4.86834e-07
54.6 -1.05158e-06
54.62 2.47108e-07
54.64 2.75993e-06
54.66 2.61485e-06
54.68 -1.0093e-06
54.7 -4.90869e-06
54.72 -5.26748e-06
54.74 -3.01322e-06
54.76 -3.08897e-06
54.78 -6.17297e-06
54.8 -7.62527e-06
54.82 -5.4601e-06
54.84 -2.10404e-06
54.86 -1.07501e-07
54.88 4.3147e-07
54.9 1.6382e-06
54.92 3.80832e-06
54.94 4.38705e-06
54.96 3.35786e-06
54.98 3.45447e-06
55 4.13722e-06
55.02 2.71459e-06
55.04 -1.86887e-07
55.06 -1.2912e-06
55.08 -1.06822e-07
55.1 5.64304e-07
55.12 -1.60336e-07
55.14 -1.02316e-06
55.16 -1.12185e-06
55.18 -4.12602e-07
55.2 5.75942e-07
55.22 1.63845e-06
55.24 2.57079e-06
55.26 2.95099e-06
55.28 2.63134e-06
55.3 1.7241e-06
55.32 1.2109e-06
55.34 2.16928e-06
55.36 2.6001e-06
55.38 -4.60994e-08
55.4 -3.06535e-06
55.42 -2.26292e-06
55.44 4.11997e-07
55.46 2.67843e-07
55.48 -2.48401e-06
55.5 -4.67014e-06
55.52 -4.52068e-06
55.54 -2.85833e-06
55.56 -1.86902e-06
55.58 -1.82827e-06
55.6 -1.74198e-06
55.62 -8.0786e-07
55.64 2.12785e-07
55.66 -1.38506e-06
55.68 -4.67303e-06
55.7 -4.50835e-06
55.72 1.74309e-10
55.74 3.12067e-06
55.76 8.40612e-07
55.78 -3.13919e-06
55.8 -2.57362e-06
55.82 2.27527e-06
55.84 4.51697e-06
55.86 1.40185e-06
55.88 -2.62548e-08
55.9 5.82373e-06
55.92 1.09719e-05
55.94 1.74905e-06
55.96 -1.73842e-05
55.98 -2.32398e-05
56 -8.42455e-06
56.02 7.55081e-06
56.04 6.77106e-06
56.06 -5.64925e-06
56.08 -9.01804e-06
56.1 4.22531e-06
56.12 1.72014e-05
56.14 1.30958e-05
56.16 -2.60667e-06
56.18 -9.90461e-06
56.2 -2.3006e-06
56.22 4.66013e-06
56.24 -4.10214e-07
56.26 -8.11043e-06
56.28 -5.44645e-06
56.3 4.97024e-06
56.32 9.69586e-06
56.34 3.67813e-06
56.36 -2.75974e-06
56.38 -5.28276e-07
56.4 4.46943e-06
56.42 2.6028e-06
56.44 -2.79728e-06
56.46 -7.87266e-07
56.48 7.73929e-06
56.5 9.71063e-06
56.52 1.5678e-06
56.54 -4.18563e-06
56.56 1.05765e-06
56.58 8.5323e-06
56.6 4.94857e-06
56.62 -6.69093e-06
56.64 -1.05769e-05
56.66 -1.91162e-06
56.68 6.43923e-06
56.7 2.6487e-06
56.72 -7.17544e-06
56.74 -8.06184e-06
56.76 1.2466e-06
56.78 6.88416e-06
56.8 1.25374e-06
56.82 -5.62858e-06
56.84 -2.79739e-06
56.86 4.76232e-06
56.88 6.07205e-06
56.9 -6.54535e-07
56.92 -6.90709e-06
56.94 -5.06352e-06
56.96 -3.33017e-07
56.98 -2.51889e-06
57 -9.35986e-06
57.02 -1.01373e-05
57.04 -3.8674e-06
57.06 -1.12357e-06
57.08 -5.54191e-06
57.1 -6.99747e-06
57.12 -6.396e-08
57.14 5.07883e-06
57.16 1.50042e-07
57.18 -7.18385e-06
57.2 -5.16345e-06
57.22 3.70094e-06
57.24 5.61234e-06
57.26 -3.1332e-06
57.28 -9.73433e-06
57.3 -3.87745e-06
57.32 6.33109e-06
57.34 5.9577e-06
57.36 -3.8334e-06
57.38 -6.99915e-06
57.4 2.2362e-06
57.42 1.01172e-05
57.44 5.13893e-06
57.46 -5.22396e-06
57.48 -6.76191e-06
57.5 1.21925e-06
57.52 6.51741e-06
57.54 2.03187e-06
57.56 -5.34334e-06
57.58 -5.1275e-06
57.6 1.84286e-06
57.62 5.47552e-06
57.64 1.46196e-06
57.66 -3.52943e-06
57.68 -2.37372e-06
57.7 2.1286e-06
57.72 2.37999e-06
57.74 -2.04978e-06
57.76 -4.37579e-06
57.78 -1.49539e-06
57.8 1.50191e-06
57.82 -5.38431e-08
57.84 -3.0505e-06
57.86 -2.18879e-06
57.88 1.25766e-06
57.9 1.60854e-06
57.92 -1.75957e-06
57.94 -3.19677e-06
57.96 -1.58343e-07
57.98 2.47715e-06
58 4.91365e-07
58.02 -2.94715e-06
58.04 -2.80426e-06
58.06 2.86194e-07
58.08 1.71234e-06
58.1 -2.93877e-07
58.12 -2.38346e-06
58.14 -1.33305e-06
58.16 1.14154e-06
58.18 1.32658e-06
58.2 -7.8536e-07
58.22 -1.74821e-06
58.24 -1.00719e-07
58.26 1.46818e-06
58.28 4.92712e-07
58.3 -1.44438e-06
58.32 -1.33986e-06
58.34 5.58399e-07
58.36 1.28062e-06
58.38 -1.53909e-07
58.4 -1.34343e-06
58.42 -4.08884e-07
58.44 1.14141e-06
58.46 9.16169e-07
58.48 -6.76714e-07
58.5 -1.19962e-06
58.52 7.46459e-08
58.54 1.13588e-06
58.56 3.74882e-07
58.58 -9.61084e-07
58.6 -7.90053e-07
58.62 5.5874e-07
58.64 9.5974e-07
58.66 -1.32205e-07
58.68 -9.36226e-07
58.7 -2.43956e-07
58.72 7.81328e-07
58.74 5.56482e-07
58.76 -4.90642e-07
58.78 -7.0978e-07
58.8 1.80341e-07
58.82 7.54245e-07
58.84 1.60068e-07
58.86 -6.26794e-07
58.88 -4.01467e-07
58.9 4.32624e-07
58.92 5.7825e-07
58.94 -1.36696e-07
58.96 -5.73353e-07
58.98 -8.8658e-08
59 5.26644e-07
59.02 3.37244e-07
59.04 -3.14922e-07
59.06 -4.11233e-07
59.08 1.60295e-07
59.1 4.95209e-07
59.12 1.06066e-07
59.14 -3.68639e-07
59.16 -2.03621e-07
59.18 3.12068e-07
59.2 3.78918e-07
59.22 -7.1643e-08
59.24 -3.22078e-07
59.26 -4.54112e-09
59.28 3.66602e-07
59.3 2.30083e-07
59.32 -1.71462e-07
59.34 -2.11162e-07
59.36 1.49875e-07
59.38 3.42779e-07
59.4 9.02628e-08
59.42 -1.9387e-07
59.44 -7.54456e-08
59.46 2.43019e-07
59.48 2.70286e-07
59.5 -1.25623e-08
59.52 -1.54827e-07
59.54 5.20596e-08
59.56 2.75541e-07
59.58 1.80021e-07
59.6 -6.61198e-08
59.62 -7.81498e-08
59.64 1.49624e-07
59.66 2.6035e-07
59.68 9.75645e-08
59.7 -7.17506e-08
59.72 1.15673e-08
59.74 2.08012e-07
59.76 2.16436e-07
59.78 3.95692e-08
59.8 -4.02026e-08
59.82 9.42047e-08
59.84 2.28631e-07
59.86 1.63058e-07
59.88 1.27588e-08
59.9 1.33323e-08
59.92 1.56901e-07
59.94 2.20171e-07
59.96 1.15895e-07
59.98 -2.71285e-07
