0.02 3.39913e-05
0.04 9.62992e-05
0.06 0.000105426
0.08 4.8245e-05
0.1 1.38137e-05
0.12 5.16081e-05
0.14 9.97645e-05
0.16 8.62743e-05
0.18 3.88759e-05
0.2 3.65193e-05
0.22 8.57468e-05
0.24 0.000115723
0.26 9.17868e-05
0.28 6.6369e-05
0.3 9.20023e-05
0.32 0.000134125
0.34 0.000139496
0.36 0.000128209
0.38 0.000123691
0.4 6.49591e-05
0.42 -8.20305e-05
0.44 -7.4923e-05
0.46 0.00022792
0.48 0.000360052
0.5 1.31843e-05
0.52 -0.00034072
0.54 -0.000247911
0.56 -7.27933e-05
0.58 -0.000359258
0.6 -0.000661523
0.62 -0.000301697
0.64 0.000118737
0.66 -0.000147149
0.68 -0.000909114
0.7 -0.00133157
0.72 -0.000313148
0.74 0.00114826
0.76 0.00082092
0.78 -0.000441724
0.8 0.000119309
0.82 0.00242803
0.84 0.00355054
0.86 0.00199534
0.88 -0.00019703
0.9 -0.000397953
0.92 0.00113859
0.94 0.00168409
0.96 -0.000396489
0.98 -0.0028658
1 -0.00239147
1.02 0.000483131
1.04 0.00175795
1.06 -0.000614012
1.08 -0.00375163
1.1 -0.0037034
1.12 -0.000622949
1.14 0.00188038
1.16 0.000865844
1.18 -0.00282822
1.2 -0.00402419
1.22 -7.64919e-05
1.24 0.00334596
1.26 0.000757066
1.28 -0.0044419
1.3 -0.00571114
1.32 -0.00136591
1.34 0.00429068
1.36 0.00514398
1.38 0.000163543
1.4 -0.00446384
1.42 -0.00286031
1.44 0.00220026
1.46 0.00218964
1.48 -0.00530532
1.5 -0.0137357
1.52 -0.016017
1.54 -0.0107691
1.56 -0.0031687
1.58 -0.000251082
1.6 -0.00354818
1.62 -0.00801835
1.64 -0.0079527
1.66 -0.00273906
1.68 0.00238085
1.7 0.00187431
1.72 -0.0038552
1.74 -0.00952041
1.76 -0.00985394
1.78 -0.00396985
1.8 0.00211904
1.82 0.00105388
1.84 -0.00715959
1.86 -0.0145462
1.88 -0.012022
1.9 0.000107964
1.92 0.0084678
1.94 0.00220279
1.96 -0.0123986
1.98 -0.0219609
2 -0.0211052
2.02 -0.013911
2.04 -0.00823908
2.06 -0.0089262
2.08 -0.0153346
2.1 -0.0232476
2.12 -0.0286663
2.14 -0.0305981
2.16 -0.029233
2.18 -0.0239927
2.2 -0.014906
2.22 -0.00492027
2.24 0.00134024
2.26 0.000944293
2.28 -0.00737664
2.3 -0.0228577
2.32 -0.0428403
2.34 -0.0660313
2.36 -0.0911316
2.38 -0.114975
2.4 -0.136301
2.42 -0.155281
2.44 -0.169801
2.46 -0.176614
2.48 -0.173245
2.5 -0.157511
2.52 -0.128164
2.54 -0.0871021
2.56 -0.0381398
2.58 0.0150184
2.6 0.0693451
2.62 0.128752
2.64 0.199325
2.66 0.277747
2.68 0.358707
2.7 0.446065
2.72 0.547367
2.74 0.667651
2.76 0.811402
2.78 0.982364
2.8 1.18297
2.82 1.41635
2.84 1.68553
2.86 1.99246
2.88 2.33688
2.9 2.71534
2.92 3.12546
2.94 3.5664
2.96 4.03545
2.98 4.5301
3 5.05051
3.02 5.59152
3.04 6.14012
3.06 6.68645
3.08 7.22334
3.1 7.74008
3.12 8.22547
3.14 8.66912
3.16 9.05943
3.18 9.38416
3.2 9.6323
3.22 9.79454
3.24 9.86294
3.26 9.83294
3.28 9.70429
3.3 9.48226
3.32 9.17658
3.34 8.79863
3.36 8.36435
3.38 7.89226
3.4 7.3967
3.42 6.88886
3.44 6.3834
3.46 5.90137
3.48 5.46194
3.5 5.07564
3.52 4.74864
3.54 4.48646
3.56 4.2926
3.58 4.16959
3.6 4.12139
3.62 4.15335
3.64 4.26291
3.66 4.42802
3.68 4.62282
3.7 4.83495
3.72 5.05198
3.74 5.25462
3.76 5.42731
3.78 5.56184
3.8 5.65338
3.82 5.69624
3.84 5.68607
3.86 5.62164
3.88 5.50139
3.9 5.3249
3.92 5.09382
3.94 4.80966
3.96 4.4731
3.98 4.08898
4 3.67166
4.02 3.2344
4.04 2.78194
4.06 2.32042
4.08 1.86098
4.1 1.41368
4.12 0.986932
4.14 0.590279
4.16 0.232595
4.18 -0.0850795
4.2 -0.373881
4.22 -0.647113
4.24 -0.911013
4.26 -1.16971
4.28 -1.42718
4.3 -1.68365
4.32 -1.92972
4.34 -2.14715
4.36 -2.32608
4.38 -2.46892
4.4 -2.57938
4.42 -2.66117
4.44 -2.71902
4.46 -2.75288
4.48 -2.75443
4.5 -2.72239
4.52 -2.67106
4.54 -2.6123
4.56 -2.5487
4.58 -2.4807
4.6 -2.40977
4.62 -2.33829
4.64 -2.26322
4.66 -2.17708
4.68 -2.07677
4.7 -1.9612
4.72 -1.82655
4.74 -1.66916
4.76 -1.48711
4.78 -1.28434
4.8 -1.07262
4.82 -0.860002
4.84 -0.646455
4.86 -0.432271
4.88 -0.22025
4.9 -0.0128449
4.92 0.186402
4.94 0.370736
4.96 0.534308
4.98 0.673778
5 0.782594
5.02 0.850521
5.04 0.867717
5.06 0.83205
5.08 0.758802
5.1 0.669161
5.12 0.57217
5.14 0.470941
5.16 0.370822
5.18 0.277732
5.2 0.19777
5.22 0.137724
5.24 0.0985964
5.26 0.0682006
5.28 0.0345816
5.3 -0.000558619
5.32 -0.0279118
5.34 -0.0380147
5.36 -0.0262352
5.38 0.00582074
5.4 0.0536525
5.42 0.113088
5.44 0.184348
5.46 0.270986
5.48 0.373616
5.5 0.489546
5.52 0.616056
5.54 0.750005
5.56 0.886042
5.58 1.01815
5.6 1.14215
5.62 1.25514
5.64 1.35657
5.66 1.44821
5.68 1.52876
5.7 1.59478
5.72 1.64511
5.74 1.67906
5.76 1.69498
5.78 1.69056
5.8 1.6638
5.82 1.61623
5.84 1.55104
5.86 1.46899
5.88 1.36993
5.9 1.25415
5.92 1.12427
5.94 0.989252
5.96 0.859682
5.98 0.74344
6 0.648153
6.02 0.578612
6.04 0.53585
6.06 0.522698
6.08 0.540589
6.1 0.584982
6.12 0.652537
6.14 0.743579
6.16 0.856779
6.18 0.983068
6.2 1.10601
6.22 1.21292
6.24 1.29604
6.26 1.34643
6.28 1.35679
6.3 1.32691
6.32 1.26411
6.34 1.17657
6.36 1.06983
6.38 0.949961
6.4 0.822788
6.42 0.69257
6.44 0.563598
6.46 0.439288
6.48 0.318581
6.5 0.195127
6.52 0.0622566
6.54 -0.0848808
6.56 -0.247646
6.58 -0.419309
6.6 -0.592866
6.62 -0.767826
6.64 -0.940829
6.66 -1.10097
6.68 -1.23803
6.7 -1.3485
6.72 -1.43652
6.74 -1.51184
6.76 -1.58158
6.78 -1.64534
6.8 -1.69894
6.82 -1.73963
6.84 -1.76604
6.86 -1.77563
6.88 -1.76682
6.9 -1.74156
6.92 -1.70473
6.94 -1.66175
6.96 -1.6146
6.98 -1.56086
7 -1.49707
7.02 -1.42302
7.04 -1.34122
7.06 -1.25352
7.08 -1.16064
7.1 -1.06204
7.12 -0.956042
7.14 -0.842474
7.16 -0.722417
7.18 -0.596042
7.2 -0.462785
7.22 -0.322198
7.24 -0.174224
7.26 -0.0211178
7.28 0.130244
7.3 0.273057
7.32 0.406528
7.34 0.533224
7.36 0.654327
7.38 0.769304
7.4 0.877469
7.42 0.977357
7.44 1.06656
7.46 1.14288
7.48 1.20338
7.5 1.24557
7.52 1.26895
7.54 1.27223
7.56 1.25336
7.58 1.21361
7.6 1.15878
7.62 1.09633
7.64 1.03266
7.66 0.974259
7.68 0.926494
7.7 0.889823
7.72 0.86119
7.74 0.838029
7.76 0.821991
7.78 0.817593
7.8 0.82671
7.82 0.848262
7.84 0.878692
7.86 0.91068
7.88 0.937473
7.9 0.956482
7.92 0.966585
7.94 0.967012
7.96 0.958263
7.98 0.940816
8 0.915095
8.02 0.883544
8.04 0.850308
8.06 0.818382
8.08 0.788938
8.1 0.763141
8.12 0.742487
8.14 0.727703
8.16 0.718912
8.18 0.717313
8.2 0.72586
8.22 0.746228
8.24 0.773085
8.26 0.797224
8.28 0.815158
8.3 0.828722
8.32 0.840818
8.34 0.854309
8.36 0.869403
8.38 0.884142
8.4 0.898019
8.42 0.912221
8.44 0.926267
8.46 0.934952
8.48 0.933118
8.5 0.921739
8.52 0.904614
8.54 0.88451
8.56 0.864316
8.58 0.847536
8.6 0.838103
8.62 0.839105
8.64 0.849235
8.66 0.866103
8.68 0.891202
8.7 0.926215
8.72 0.97023
8.74 1.02089
8.76 1.07482
8.78 1.12863
8.8 1.17915
8.82 1.2222
8.84 1.25252
8.86 1.26381
8.88 1.25275
8.9 1.2226
8.92 1.17739
8.94 1.12074
8.96 1.05756
8.98 0.989641
9 0.917004
9.02 0.840894
9.04 0.76192
9.06 0.681437
9.08 0.603745
9.1 0.531423
9.12 0.462804
9.14 0.396787
9.16 0.333525
9.18 0.271108
9.2 0.207187
9.22 0.141221
9.24 0.0742595
9.26 0.00871574
9.28 -0.0524393
9.3 -0.105558
9.32 -0.146418
9.34 -0.171539
9.36 -0.178393
9.38 -0.166634
9.4 -0.139206
9.42 -0.0994613
9.44 -0.0482716
9.46 0.0142398
9.48 0.0846027
9.5 0.156568
9.52 0.225966
9.54 0.291203
9.56 0.349927
9.58 0.402101
9.6 0.453762
9.62 0.508944
9.64 0.562872
9.66 0.607588
9.68 0.638233
9.7 0.652207
9.72 0.649035
9.74 0.633174
9.76 0.607185
9.78 0.566311
9.8 0.508605
9.82 0.43811
9.84 0.359495
9.86 0.279827
9.88 0.20732
9.9 0.14715
9.92 0.10144
9.94 0.0684527
9.96 0.045256
9.98 0.0330126
10 0.0356075
10.02 0.0553098
10.04 0.0919799
10.06 0.144048
10.08 0.207714
10.1 0.277023
10.12 0.346178
10.14 0.409744
10.16 0.463493
10.18 0.506662
10.2 0.539734
10.22 0.561727
10.24 0.571107
10.26 0.567015
10.28 0.549892
10.3 0.522145
10.32 0.487781
10.34 0.450576
10.36 0.41324
10.38 0.377893
10.4 0.346082
10.42 0.319631
10.44 0.301157
10.46 0.292378
10.48 0.293598
10.5 0.305174
10.52 0.327696
10.54 0.360047
10.56 0.397376
10.58 0.434387
10.6 0.470228
10.62 0.505997
10.64 0.541182
10.66 0.574908
10.68 0.606016
10.7 0.63138
10.72 0.647903
10.74 0.654866
10.76 0.652129
10.78 0.640019
10.8 0.621485
10.82 0.600217
10.84 0.578373
10.86 0.556241
10.88 0.531574
10.9 0.502288
10.92 0.469383
10.94 0.435016
10.96 0.40076
10.98 0.367963
11 0.337364
11.02 0.30874
11.04 0.281874
11.06 0.257604
11.08 0.237474
11.1 0.222999
11.12 0.216279
11.14 0.220078
11.16 0.236258
11.18 0.264943
11.2 0.305129
11.22 0.355538
11.24 0.413669
11.26 0.474722
11.28 0.533694
11.3 0.587287
11.32 0.633487
11.34 0.67081
11.36 0.697635
11.38 0.712285
11.4 0.715002
11.42 0.708488
11.44 0.69508
11.46 0.675436
11.48 0.649937
11.5 0.619358
11.52 0.584818
11.54 0.548175
11.56 0.512031
11.58 0.479137
11.6 0.452048
11.62 0.433029
11.64 0.423615
11.66 0.424227
11.68 0.434226
11.7 0.452026
11.72 0.475607
11.74 0.503204
11.76 0.532596
11.78 0.560334
11.8 0.582537
11.82 0.595896
11.84 0.59852
11.86 0.590201
11.88 0.571653
11.9 0.545042
11.92 0.514856
11.94 0.485812
11.96 0.460691
11.98 0.440586
12 0.425546
12.02 0.415393
12.04 0.410517
12.06 0.411341
12.08 0.417828
12.1 0.429376
12.12 0.444506
12.14 0.462313
12.16 0.483629
12.18 0.509044
12.2 0.537493
12.22 0.566922
12.24 0.594581
12.26 0.617349
12.28 0.632543
12.3 0.638096
12.32 0.632588
12.34 0.615618
12.36 0.588126
12.38 0.552501
12.4 0.512166
12.42 0.470766
12.44 0.431648
12.46 0.397444
12.48 0.370018
12.5 0.351027
12.52 0.341927
12.54 0.343351
12.56 0.355021
12.58 0.376415
12.6 0.407063
12.62 0.446293
12.64 0.492748
12.66 0.543601
12.68 0.595165
12.7 0.644343
12.72 0.688754
12.74 0.726428
12.76 0.755711
12.78 0.775122
12.8 0.78408
12.82 0.784105
12.84 0.777726
12.86 0.766151
12.88 0.749207
12.9 0.726926
12.92 0.700475
12.94 0.671497
12.96 0.641096
12.98 0.610023
13 0.579091
13.02 0.548977
13.04 0.520229
13.06 0.493815
13.08 0.471197
13.1 0.453698
13.12 0.442308
13.14 0.437795
13.16 0.440341
13.18 0.449102
13.2 0.462714
13.22 0.480413
13.24 0.502114
13.26 0.527566
13.28 0.555448
13.3 0.583197
13.32 0.608289
13.34 0.629376
13.36 0.646324
13.38 0.659914
13.4 0.670839
13.42 0.678849
13.44 0.683498
13.46 0.684578
13.48 0.681404
13.5 0.673217
13.52 0.660248
13.54 0.643472
13.56 0.623712
13.58 0.601431
13.6 0.576946
13.62 0.550773
13.64 0.523954
13.66 0.497845
13.68 0.473492
13.7 0.451385
13.72 0.431884
13.74 0.415727
13.76 0.404295
13.78 0.399341
13.8 0.402249
13.82 0.413465
13.84 0.432495
13.86 0.457985
13.88 0.48775
13.9 0.51951
13.92 0.551635
13.94 0.583168
13.96 0.613645
13.98 0.642706
14 0.66974
14.02 0.694587
14.04 0.718279
14.06 0.742095
14.08 0.76653
14.1 0.791069
14.12 0.813413
14.14 0.830021
14.16 0.838602
14.18 0.838932
14.2 0.831275
14.22 0.81508
14.24 0.789482
14.26 0.754569
14.28 0.711863
14.3 0.663781
14.32 0.612557
14.34 0.559431
14.36 0.505186
14.38 0.451194
14.4 0.399144
14.42 0.350194
14.44 0.30501
14.46 0.264543
14.48 0.230221
14.5 0.203724
14.52 0.186898
14.54 0.181318
14.56 0.187747
14.58 0.205741
14.6 0.233907
14.62 0.27116
14.64 0.317366
14.66 0.372293
14.68 0.434315
14.7 0.499451
14.72 0.562262
14.74 0.618852
14.76 0.668
14.78 0.709693
14.8 0.743183
14.82 0.766848
14.84 0.780133
14.86 0.783948
14.88 0.778701
14.9 0.764093
14.92 0.74142
14.94 0.713525
14.96 0.682515
14.98 0.649523
15 0.615697
15.02 0.58225
15.04 0.549906
15.06 0.518814
15.08 0.489254
15.1 0.461917
15.12 0.438036
15.14 0.419789
15.16 0.409461
15.18 0.4081
15.2 0.415641
15.22 0.431486
15.24 0.454159
15.26 0.481345
15.28 0.510545
15.3 0.539281
15.32 0.565459
15.34 0.587959
15.36 0.606606
15.38 0.621791
15.4 0.634204
15.42 0.644682
15.44 0.653828
15.46 0.66151
15.48 0.666701
15.5 0.668246
15.52 0.666075
15.54 0.661094
15.56 0.654284
15.58 0.646782
15.6 0.639885
15.62 0.634322
15.64 0.629852
15.66 0.625467
15.68 0.620261
15.7 0.614352
15.72 0.608782
15.74 0.604886
15.76 0.603651
15.78 0.605274
15.8 0.609498
15.82 0.615864
15.84 0.62333
15.86 0.630504
15.88 0.636468
15.9 0.640996
15.92 0.644272
15.94 0.64679
15.96 0.649371
15.98 0.652821
16 0.657391
16.02 0.662926
16.04 0.669054
16.06 0.674987
16.08 0.679987
16.1 0.68372
16.12 0.685603
16.14 0.684532
16.16 0.679813
16.18 0.672085
16.2 0.662808
16.22 0.653058
16.24 0.643162
16.26 0.632559
16.28 0.620193
16.3 0.606186
16.32 0.592236
16.34 0.579772
16.36 0.568835
16.38 0.558903
16.4 0.549823
16.42 0.541577
16.44 0.533866
16.46 0.526276
16.48 0.518326
16.5 0.509088
16.52 0.497014
16.54 0.480721
16.56 0.460176
16.58 0.436826
16.6 0.412496
16.62 0.388499
16.64 0.365515
16.66 0.344
16.68 0.326223
16.7 0.317748
16.72 0.324451
16.74 0.350188
16.76 0.397777
16.78 0.468494
16.8 0.561279
16.82 0.673766
16.84 0.801441
16.86 0.934731
16.88 1.06351
16.9 1.18425
16.92 1.29591
16.94 1.39486
16.96 1.4776
16.98 1.54249
17 1.58846
17.02 1.61481
17.04 1.62108
17.06 1.60649
17.08 1.57048
17.1 1.513
17.12 1.43372
17.14 1.33284
17.16 1.2133
17.18 1.08074
17.2 0.939884
17.22 0.792696
17.24 0.641593
17.26 0.490521
17.28 0.342103
17.3 0.197542
17.32 0.0588821
17.34 -0.070391
17.36 -0.185611
17.38 -0.281423
17.4 -0.352838
17.42 -0.395668
17.44 -0.406205
17.46 -0.382254
17.48 -0.325134
17.5 -0.23925
17.52 -0.129384
17.54 -0.000147736
17.56 0.141553
17.58 0.287053
17.6 0.429497
17.62 0.563821
17.64 0.685228
17.66 0.790047
17.68 0.876259
17.7 0.942515
17.72 0.98709
17.74 1.00805
17.76 1.00453
17.78 0.977549
17.8 0.929301
17.82 0.862664
17.84 0.782281
17.86 0.694424
17.88 0.604455
17.9 0.516018
17.92 0.432324
17.94 0.356818
17.96 0.293294
17.98 0.245518
18 0.216057
18.02 0.205665
18.04 0.213903
18.06 0.239721
18.08 0.280528
18.1 0.331084
18.12 0.385479
18.14 0.439795
18.16 0.491683
18.18 0.539163
18.2 0.580205
18.22 0.611922
18.24 0.630295
18.26 0.631161
18.28 0.611737
18.3 0.57192
18.32 0.515706
18.34 0.452261
18.36 0.392183
18.38 0.342644
18.4 0.308796
18.42 0.295609
18.44 0.30682
18.46 0.344734
18.48 0.407693
18.5 0.487564
18.52 0.575372
18.54 0.666695
18.56 0.758753
18.58 0.847799
18.6 0.929633
18.62 0.999903
18.64 1.05535
18.66 1.09432
18.68 1.11546
18.7 1.11697
18.72 1.09725
18.74 1.05567
18.76 0.992337
18.78 0.907889
18.8 0.805952
18.82 0.695933
18.84 0.58863
18.86 0.491361
18.88 0.410488
18.9 0.352256
18.92 0.320438
18.94 0.3172
18.96 0.34369
18.98 0.398474
19 0.476543
19.02 0.570761
19.04 0.674721
19.06 0.782266
19.08 0.886542
19.1 0.982474
19.12 1.0673
19.14 1.13814
19.16 1.19192
19.18 1.22708
19.2 1.24264
19.22 1.23626
19.24 1.20535
19.26 1.15023
19.28 1.0752
19.3 0.985548
19.32 0.88602
19.34 0.781251
19.36 0.674714
19.38 0.568702
19.4 0.465546
19.42 0.367742
19.44 0.278365
19.46 0.201863
19.48 0.142839
19.5 0.104128
19.52 0.0865246
19.54 0.0895993
19.56 0.112665
19.58 0.154697
19.6 0.21257
19.62 0.281635
19.64 0.359824
19.66 0.446875
19.68 0.539227
19.7 0.630494
19.72 0.715402
19.74 0.790989
19.76 0.856311
19.78 0.911295
19.8 0.9544
19.82 0.983065
19.84 0.996308
19.86 0.995372
19.88 0.983698
19.9 0.965538
19.92 0.943813
19.94 0.920738
19.96 0.898185
19.98 0.876524
20 0.855569
20.02 0.835989
20.04 0.819006
20.06 0.805894
20.08 0.796338
20.1 0.785955
20.12 0.768474
20.14 0.740909
20.16 0.705911
20.18 0.66985
20.2 0.636553
20.22 0.604679
20.24 0.572432
20.26 0.540768
20.28 0.511055
20.3 0.483052
20.32 0.457804
20.34 0.438548
20.36 0.426578
20.38 0.421883
20.4 0.426587
20.42 0.443453
20.44 0.474196
20.46 0.519817
20.48 0.579875
20.5 0.650604
20.52 0.72609
20.54 0.800501
20.56 0.868304
20.58 0.928931
20.6 0.986308
20.62 1.0385
20.64 1.0782
20.66 1.10047
20.68 1.10154
20.7 1.08091
20.72 1.04562
20.74 1.00187
20.76 0.949747
20.78 0.890247
20.8 0.826853
20.82 0.760837
20.84 0.691995
20.86 0.622609
20.88 0.558482
20.9 0.505783
20.92 0.468332
20.94 0.44869
20.96 0.448723
20.98 0.469418
21 0.509438
21.02 0.562836
21.04 0.623187
21.06 0.68789
21.08 0.755982
21.1 0.825627
21.12 0.893153
21.14 0.953884
21.16 1.00553
21.18 1.04841
21.2 1.08153
21.22 1.10183
21.24 1.10649
21.26 1.09382
21.28 1.06357
21.3 1.01702
21.32 0.957292
21.34 0.890612
21.36 0.824983
21.38 0.766138
21.4 0.718487
21.42 0.685211
21.44 0.663892
21.46 0.651517
21.48 0.650219
21.5 0.660128
21.52 0.676399
21.54 0.69414
21.56 0.708729
21.58 0.715783
21.6 0.714632
21.62 0.708742
21.64 0.701253
21.66 0.692922
21.68 0.684129
21.7 0.676905
21.72 0.675186
21.74 0.681959
21.76 0.695962
21.78 0.713093
21.8 0.731044
21.82 0.749972
21.84 0.769434
21.86 0.787767
21.88 0.803912
21.9 0.817967
21.92 0.830797
21.94 0.843773
21.96 0.857904
21.98 0.873533
22 0.890978
22.02 0.910714
22.04 0.933136
22.06 0.957522
22.08 0.980681
22.1 0.9985
22.12 1.00841
22.14 1.00925
22.16 1.00088
22.18 0.984192
22.2 0.96031
22.22 0.930372
22.24 0.896137
22.26 0.859472
22.28 0.821967
22.3 0.785305
22.32 0.751383
22.34 0.722435
22.36 0.700678
22.38 0.687737
22.4 0.684773
22.42 0.692437
22.44 0.710399
22.46 0.737542
22.48 0.772643
22.5 0.813848
22.52 0.85805
22.54 0.901892
22.56 0.942744
22.58 0.978793
22.6 1.00892
22.62 1.03234
22.64 1.04827
22.66 1.05609
22.68 1.05541
22.7 1.04602
22.72 1.028
22.74 1.00199
22.76 0.968918
22.78 0.929579
22.8 0.885
22.82 0.83698
22.84 0.788113
22.86 0.741055
22.88 0.697907
22.9 0.660173
22.92 0.628881
22.94 0.60499
22.96 0.589631
22.98 0.583795
23 0.587842
23.02 0.601206
23.04 0.622547
23.06 0.650095
23.08 0.681805
23.1 0.715683
23.12 0.750384
23.14 0.785114
23.16 0.818861
23.18 0.850418
23.2 0.879236
23.22 0.9056
23.24 0.929922
23.26 0.952406
23.28 0.973269
23.3 0.992522
23.32 1.0096
23.34 1.02359
23.36 1.03356
23.38 1.03847
23.4 1.03681
23.42 1.02678
23.44 1.00755
23.46 0.980043
23.48 0.946376
23.5 0.908628
23.52 0.868234
23.54 0.826593
23.56 0.785593
23.58 0.747477
23.6 0.714375
23.62 0.687816
23.64 0.668647
23.66 0.657205
23.68 0.653699
23.7 0.658673
23.72 0.67248
23.74 0.694371
23.76 0.722752
23.78 0.755856
23.8 0.792027
23.82 0.829918
23.84 0.868265
23.86 0.905327
23.88 0.939031
23.9 0.967836
23.92 0.991271
23.94 1.0093
23.96 1.02123
23.98 1.02607
24 1.02358
24.02 1.01488
24.04 1.00239
24.06 0.988187
24.08 0.972917
24.1 0.95641
24.12 0.938106
24.14 0.917667
24.16 0.895974
24.18 0.874465
24.2 0.853565
24.22 0.833009
24.24 0.813048
24.26 0.794644
24.28 0.779336
24.3 0.768635
24.32 0.763038
24.34 0.761696
24.36 0.763114
24.38 0.766283
24.4 0.770943
24.42 0.77731
24.44 0.786
24.46 0.797682
24.48 0.812336
24.5 0.829092
24.52 0.846892
24.54 0.86486
24.56 0.882395
24.58 0.899339
24.6 0.915662
24.62 0.931041
24.64 0.945129
24.66 0.957865
24.68 0.969131
24.7 0.978191
24.72 0.983806
24.74 0.985091
24.76 0.981968
24.78 0.975074
24.8 0.965569
24.82 0.954544
24.84 0.942797
24.86 0.931085
24.88 0.919941
24.9 0.909577
24.92 0.900306
24.94 0.892577
24.96 0.886673
24.98 0.882718
25 0.880738
25.02 0.880654
25.04 0.882351
25.06 0.885753
25.08 0.890649
25.1 0.896535
25.12 0.90293
25.14 0.9097
25.16 0.916754
25.18 0.923719
25.2 0.930016
25.22 0.934921
25.24 0.937706
25.26 0.937754
25.28 0.934466
25.3 0.927251
25.32 0.915751
25.34 0.900395
25.36 0.882642
25.38 0.864154
25.4 0.845975
25.42 0.82874
25.44 0.813094
25.46 0.799609
25.48 0.788623
25.5 0.780298
25.52 0.774906
25.54 0.772915
25.56 0.774806
25.58 0.780957
25.6 0.791564
25.62 0.806634
25.64 0.825918
25.66 0.848777
25.68 0.874132
25.7 0.9006
25.72 0.92691
25.74 0.951984
25.76 0.974626
25.78 0.993657
25.8 1.00825
25.82 1.01788
25.84 1.02231
25.86 1.02177
25.88 1.01667
25.9 1.00718
25.92 0.993284
25.94 0.975272
25.96 0.953821
25.98 0.929736
26 0.903647
26.02 0.876091
26.04 0.847684
26.06 0.819332
26.08 0.792332
26.1 0.767933
26.12 0.746791
26.14 0.729161
26.16 0.715408
26.18 0.706101
26.2 0.701867
26.22 0.703198
26.24 0.710238
26.26 0.722821
26.28 0.740632
26.3 0.763079
26.32 0.789265
26.34 0.818183
26.36 0.848666
26.38 0.879366
26.4 0.909002
26.42 0.936487
26.44 0.96088
26.46 0.981478
26.48 0.998083
26.5 1.01088
26.52 1.01985
26.54 1.02459
26.56 1.02478
26.58 1.02065
26.6 1.01308
26.62 1.00307
26.64 0.991206
26.66 0.977672
26.68 0.962618
26.7 0.946456
26.72 0.929695
26.74 0.912723
26.76 0.895883
26.78 0.879429
26.8 0.863633
26.82 0.848917
26.84 0.835617
26.86 0.823961
26.88 0.814174
26.9 0.806404
26.92 0.800937
26.94 0.798364
26.96 0.799331
26.98 0.804126
27 0.812429
27.02 0.823712
27.04 0.837705
27.06 0.854115
27.08 0.87223
27.1 0.891042
27.12 0.909663
27.14 0.927556
27.16 0.944337
27.18 0.959475
27.2 0.972245
27.22 0.981955
27.24 0.988169
27.26 0.990711
27.28 0.989606
27.3 0.985031
27.32 0.97728
27.34 0.966879
27.36 0.954599
27.38 0.941294
27.4 0.927679
27.42 0.914235
27.44 0.901512
27.46 0.890216
27.48 0.880797
27.5 0.873324
27.52 0.867578
27.54 0.863085
27.56 0.85936
27.58 0.856083
27.6 0.853089
27.62 0.850304
27.64 0.847617
27.66 0.844966
27.68 0.842522
27.7 0.840656
27.72 0.839948
27.74 0.841245
27.76 0.845493
27.78 0.85337
27.8 0.865058
27.82 0.880311
27.84 0.898607
27.86 0.919138
27.88 0.940741
27.9 0.962073
27.92 0.981891
27.94 0.999145
27.96 1.0131
27.98 1.02335
28 1.02952
28.02 1.03136
28.04 1.02882
28.06 1.02194
28.08 1.01077
28.1 0.995514
28.12 0.976733
28.14 0.955438
28.16 0.932603
28.18 0.909005
28.2 0.885691
28.22 0.863958
28.24 0.84501
28.26 0.83001
28.28 0.820061
28.3 0.815973
28.32 0.818174
28.34 0.8266
28.36 0.839806
28.38 0.854901
28.4 0.869488
28.42 0.882996
28.44 0.895935
28.46 0.908278
28.48 0.919273
28.5 0.928441
28.52 0.935907
28.54 0.94222
28.56 0.948064
28.58 0.953757
28.6 0.958879
28.62 0.962424
28.64 0.963639
28.66 0.962789
28.68 0.960768
28.7 0.958233
28.72 0.955319
28.74 0.951585
28.76 0.9461
28.78 0.938285
28.8 0.928743
28.82 0.918616
28.84 0.908415
28.86 0.898223
28.88 0.888515
28.9 0.880092
28.92 0.873791
28.94 0.870432
28.96 0.87053
28.98 0.8739
29 0.879643
29.02 0.886775
29.04 0.895076
29.06 0.904946
29.08 0.916383
29.1 0.928593
29.12 0.940438
29.14 0.950857
29.16 0.959025
29.18 0.964388
29.2 0.966671
29.22 0.965871
29.24 0.962039
29.26 0.955156
29.28 0.945511
29.3 0.933879
29.32 0.921009
29.34 0.907312
29.36 0.893202
29.38 0.879478
29.4 0.867222
29.42 0.857287
29.44 0.850055
29.46 0.845638
29.48 0.844129
29.5 0.84559
29.52 0.849939
29.54 0.856815
29.56 0.865358
29.58 0.874487
29.6 0.883589
29.62 0.892635
29.64 0.901531
29.66 0.909795
29.68 0.916934
29.7 0.922618
29.72 0.926634
29.74 0.928899
29.76 0.929472
29.78 0.928629
29.8 0.926745
29.82 0.924129
29.84 0.921181
29.86 0.918391
29.88 0.916123
29.9 0.914595
29.92 0.914072
29.94 0.914851
29.96 0.916963
29.98 0.92002
30 0.923235
30.02 0.92566
30.04 0.92656
30.06 0.92556
30.08 0.922459
30.1 0.917232
30.12 0.910286
30.14 0.902481
30.16 0.894834
30.18 0.888237
30.2 0.883346
30.22 0.880488
30.24 0.879712
30.26 0.88109
30.28 0.884829
30.3 0.891119
30.32 0.899998
30.34 0.911142
30.36 0.923826
30.38 0.937209
30.4 0.950414
30.42 0.962507
30.44 0.972434
30.46 0.979021
30.48 0.981351
30.5 0.979162
30.52 0.972917
30.54 0.963434
30.56 0.951474
30.58 0.937753
30.6 0.923092
30.62 0.908452
30.64 0.89489
30.66 0.883397
30.68 0.874671
30.7 0.869117
30.72 0.866936
30.74 0.867889
30.76 0.871347
30.78 0.876813
30.8 0.88394
30.82 0.892249
30.84 0.901302
30.86 0.910788
30.88 0.920434
30.9 0.930172
30.92 0.940189
30.94 0.950527
30.96 0.960796
30.98 0.970371
31 0.978559
31.02 0.984615
31.04 0.987965
31.06 0.988326
31.08 0.985462
31.1 0.979176
31.12 0.969701
31.14 0.957829
31.16 0.944552
31.18 0.930716
31.2 0.916956
31.22 0.90377
31.24 0.89165
31.26 0.88117
31.28 0.872826
31.3 0.866849
31.32 0.863327
31.34 0.862389
31.36 0.864172
31.38 0.868624
31.4 0.875538
31.42 0.884779
31.44 0.896096
31.46 0.908916
31.48 0.922572
31.5 0.93634
31.52 0.949309
31.54 0.960616
31.56 0.969666
31.58 0.976063
31.6 0.979537
31.62 0.98001
31.64 0.977491
31.66 0.971948
31.68 0.963424
31.7 0.952134
31.72 0.93845
31.74 0.922953
31.76 0.906405
31.78 0.889611
31.8 0.873343
31.82 0.858284
31.84 0.844983
31.86 0.834064
31.88 0.826282
31.9 0.82224
31.92 0.822185
31.94 0.826108
31.96 0.833924
31.98 0.845495
32 0.860456
32.02 0.878102
32.04 0.89744
32.06 0.91737
32.08 0.936853
32.1 0.955002
32.12 0.971067
32.14 0.984327
32.16 0.994176
32.18 1.00031
32.2 1.00264
32.22 1.00118
32.24 0.995959
32.26 0.98718
32.28 0.975206
32.3 0.960556
32.32 0.943787
32.34 0.925432
32.36 0.906094
32.38 0.886485
32.4 0.867288
32.42 0.849152
32.44 0.832746
32.46 0.818708
32.48 0.807653
32.5 0.800069
32.52 0.796136
32.54 0.795915
32.56 0.79958
32.58 0.807247
32.6 0.818727
32.62 0.833626
32.64 0.851559
32.66 0.872145
32.68 0.894865
32.7 0.918999
32.72 0.943632
32.74 0.967708
32.76 0.990033
32.78 1.00941
32.8 1.02493
32.82 1.03612
32.84 1.04278
32.86 1.04505
32.88 1.04334
32.9 1.03826
32.92 1.03052
32.94 1.02063
32.96 1.00888
32.98 0.995573
33 0.980966
33.02 0.965276
33.04 0.948781
33.06 0.931933
33.08 0.915293
33.1 0.899381
33.12 0.884602
33.14 0.871335
33.16 0.860051
33.18 0.851204
33.2 0.845152
33.22 0.84227
33.24 0.842834
33.26 0.846862
33.28 0.854104
33.3 0.864015
33.32 0.875949
33.34 0.889532
33.36 0.90466
33.38 0.921111
33.4 0.93829
33.42 0.955353
33.44 0.971543
33.46 0.986357
33.48 0.999322
33.5 1.00983
33.52 1.01733
33.54 1.02141
33.56 1.02184
33.58 1.0188
33.6 1.01274
33.62 1.00406
33.64 0.993055
33.66 0.97993
33.68 0.964875
33.7 0.948178
33.72 0.930402
33.74 0.912254
33.76 0.89441
33.78 0.877686
33.8 0.863138
33.82 0.851771
33.84 0.844258
33.86 0.841012
33.88 0.842277
33.9 0.848093
33.92 0.858305
33.94 0.872533
33.96 0.890162
33.98 0.910488
34 0.932784
34.02 0.956164
34.04 0.979582
34.06 1.00204
34.08 1.02256
34.1 1.04014
34.12 1.05398
34.14 1.06358
34.16 1.06853
34.18 1.0686
34.2 1.06383
34.22 1.05451
34.24 1.04107
34.26 1.02399
34.28 1.00391
34.3 0.981731
34.32 0.958459
34.34 0.935012
34.36 0.912228
34.38 0.89113
34.4 0.872859
34.42 0.858357
34.44 0.848277
34.46 0.843022
34.48 0.842711
34.5 0.8471
34.52 0.855594
34.54 0.867384
34.56 0.8816
34.58 0.897463
34.6 0.914414
34.62 0.932097
34.64 0.950137
34.66 0.96796
34.68 0.984831
34.7 0.999995
34.72 1.01275
34.74 1.02248
34.76 1.02866
34.78 1.031
34.8 1.02957
34.82 1.02465
34.84 1.01669
34.86 1.00633
34.88 0.994254
34.9 0.98099
34.92 0.96717
34.94 0.953565
34.96 0.940922
34.98 0.929873
35 0.920794
35.02 0.913763
35.04 0.908769
35.06 0.905785
35.08 0.904619
35.1 0.90495
35.12 0.906482
35.14 0.908877
35.16 0.911679
35.18 0.914517
35.2 0.91729
35.22 0.920157
35.24 0.923408
35.26 0.927248
35.28 0.931674
35.3 0.93656
35.32 0.941837
35.34 0.947432
35.36 0.953074
35.38 0.958459
35.4 0.963496
35.42 0.968245
35.44 0.972787
35.46 0.97709
35.48 0.980937
35.5 0.984046
35.52 0.986055
35.54 0.986525
35.56 0.985148
35.58 0.981742
35.6 0.97608
35.62 0.968024
35.64 0.957777
35.66 0.945896
35.68 0.933084
35.7 0.92
35.72 0.9073
35.74 0.895649
35.76 0.885475
35.78 0.877158
35.8 0.871486
35.82 0.869234
35.84 0.870462
35.86 0.874815
35.88 0.881994
35.9 0.891536
35.92 0.902757
35.94 0.915333
35.96 0.929555
35.98 0.945549
36 0.96252
36.02 0.97928
36.04 0.995064
36.06 1.00937
36.08 1.02177
36.1 1.0322
36.12 1.04081
36.14 1.04731
36.16 1.05077
36.18 1.0507
36.2 1.04758
36.22 1.04202
36.24 1.03428
36.26 1.02437
36.28 1.01196
36.3 0.996682
36.32 0.978562
36.34 0.957988
36.36 0.935758
36.38 0.91305
36.4 0.891126
36.42 0.871312
36.44 0.854895
36.46 0.842522
36.48 0.834263
36.5 0.830747
36.52 0.83339
36.54 0.843122
36.56 0.859617
36.58 0.881822
36.6 0.908591
36.62 0.938617
36.64 0.970089
36.66 1.00117
36.68 1.03055
36.7 1.05674
36.72 1.07772
36.74 1.09231
36.76 1.10109
36.78 1.10514
36.8 1.10427
36.82 1.0975
36.84 1.08476
36.86 1.06704
36.88 1.04516
36.9 1.01947
36.92 0.990303
36.94 0.958478
36.96 0.925423
36.98 0.893601
37 0.865666
37.02 0.842844
37.04 0.825552
37.06 0.814873
37.08 0.812036
37.1 0.817061
37.12 0.828972
37.14 0.846533
37.16 0.868275
37.18 0.892585
37.2 0.917956
37.22 0.942721
37.24 0.964648
37.26 0.982043
37.28 0.995209
37.3 1.00549
37.32 1.01337
37.34 1.01834
37.36 1.0197
37.38 1.0171
37.4 1.01067
37.42 1.00107
37.44 0.989295
37.46 0.976416
37.48 0.963503
37.5 0.95163
37.52 0.941497
37.54 0.933425
37.56 0.92794
37.58 0.925979
37.6 0.928104
37.62 0.933911
37.64 0.942208
37.66 0.951466
37.68 0.960653
37.7 0.969723
37.72 0.97877
37.74 0.987261
37.76 0.994489
37.78 1.00013
37.8 1.00413
37.82 1.00605
37.84 1.00471
37.86 0.999093
37.88 0.989169
37.9 0.975632
37.92 0.959654
37.94 0.942816
37.96 0.926414
37.98 0.911145
38 0.897632
38.02 0.886674
38.04 0.878921
38.06 0.874742
38.08 0.874264
38.1 0.877393
38.12 0.883978
38.14 0.893708
38.16 0.906091
38.18 0.92079
38.2 0.937659
38.22 0.956589
38.24 0.977242
38.26 0.99862
38.28 1.01911
38.3 1.037
38.32 1.05099
38.34 1.06051
38.36 1.06556
38.38 1.06614
38.4 1.06232
38.42 1.05457
38.44 1.04383
38.46 1.03124
38.48 1.01768
38.5 1.00346
38.52 0.988542
38.54 0.9729
38.56 0.956727
38.58 0.940362
38.6 0.924064
38.62 0.908064
38.64 0.892793
38.66 0.878916
38.68 0.867215
38.7 0.858402
38.72 0.852998
38.74 0.851464
38.76 0.854282
38.78 0.861755
38.8 0.873807
38.82 0.889936
38.84 0.909223
38.86 0.930393
38.88 0.952069
38.9 0.973102
38.92 0.992561
38.94 1.00961
38.96 1.02365
38.98 1.03454
39 1.04255
39.02 1.04813
39.04 1.05178
39.06 1.054
39.08 1.05527
39.1 1.05602
39.12 1.05635
39.14 1.05573
39.16 1.05316
39.18 1.0477
39.2 1.03896
39.22 1.02705
39.24 1.0124
39.26 0.995617
39.28 0.977448
39.3 0.958754
39.32 0.940342
39.34 0.9229
39.36 0.906953
39.38 0.892814
39.4 0.880741
39.42 0.871171
39.44 0.864605
39.46 0.861327
39.48 0.861438
39.5 0.865053
39.52 0.872349
39.54 0.8834
39.56 0.897955
39.58 0.915412
39.6 0.935049
39.62 0.956348
39.64 0.978994
39.66 1.0026
39.68 1.02653
39.7 1.05001
39.72 1.0722
39.74 1.09211
39.76 1.10864
39.78 1.12081
39.8 1.12794
39.82 1.12955
39.84 1.12545
39.86 1.11579
39.88 1.10093
39.9 1.08142
39.92 1.05807
39.94 1.03199
39.96 1.00446
39.98 0.976635
40 0.949445
40.02 0.923709
40.04 0.900245
40.06 0.879811
40.08 0.862967
40.1 0.850136
40.12 0.841849
40.14 0.838621
40.16 0.840651
40.18 0.847876
40.2 0.860006
40.22 0.876385
40.24 0.896083
40.26 0.918085
40.28 0.9413
40.3 0.964671
40.32 0.9873
40.34 1.00845
40.36 1.0275
40.38 1.04395
40.4 1.05746
40.42 1.06799
40.44 1.07574
40.46 1.08091
40.48 1.08365
40.5 1.08399
40.52 1.08188
40.54 1.07715
40.56 1.06949
40.58 1.05888
40.6 1.04577
40.62 1.03079
40.64 1.01435
40.66 0.996554
40.68 0.977418
40.7 0.95724
40.72 0.936676
40.74 0.916469
40.76 0.89724
40.78 0.879453
40.8 0.863615
40.82 0.850569
40.84 0.841425
40.86 0.837187
40.88 0.838481
40.9 0.845329
40.92 0.857267
40.94 0.873793
40.96 0.894425
40.98 0.918497
41 0.945232
41.02 0.973734
41.04 1.00285
41.06 1.03137
41.08 1.05826
41.1 1.08256
41.12 1.10352
41.14 1.12048
41.16 1.13282
41.18 1.13991
41.2 1.14121
41.22 1.13637
41.24 1.12542
41.26 1.10881
41.28 1.08728
41.3 1.0617
41.32 1.03314
41.34 1.00288
41.36 0.97225
41.38 0.942533
41.4 0.914944
41.42 0.890576
41.44 0.870473
41.46 0.855593
41.48 0.846647
41.5 0.843983
41.52 0.847619
41.54 0.857342
41.56 0.872758
41.58 0.893218
41.6 0.917699
41.62 0.944899
41.64 0.973473
41.66 1.00218
41.68 1.02991
41.7 1.05569
41.72 1.07854
41.74 1.09744
41.76 1.11146
41.78 1.12001
41.8 1.12284
41.82 1.11996
41.84 1.11186
41.86 1.09939
41.88 1.08354
41.9 1.06528
41.92 1.04564
41.94 1.02565
41.96 1.00629
41.98 0.9884
42 0.972577
42.02 0.959153
42.04 0.94823
42.06 0.939747
42.08 0.933606
42.1 0.929811
42.12 0.928505
42.14 0.929869
42.16 0.934002
42.18 0.940798
42.2 0.94991
42.22 0.960868
42.24 0.973145
42.26 0.986151
42.28 0.999221
42.3 1.01163
42.32 1.02268
42.34 1.0318
42.36 1.03878
42.38 1.04362
42.4 1.04636
42.42 1.04719
42.44 1.04639
42.46 1.04414
42.48 1.04063
42.5 1.03602
42.52 1.0305
42.54 1.02439
42.56 1.01803
42.58 1.01172
42.6 1.0057
42.62 1.0002
42.64 0.995428
42.66 0.991519
42.68 0.988528
42.7 0.986515
42.72 0.985563
42.74 0.98572
42.76 0.986865
42.78 0.988725
42.8 0.991095
42.82 0.993888
42.84 0.996906
42.86 0.999788
42.88 1.00218
42.9 1.00381
42.92 1.00459
42.94 1.00453
42.96 1.00362
42.98 1.00182
43 0.99919
43.02 0.996072
43.04 0.992934
43.06 0.990216
43.08 0.988194
43.1 0.987024
43.12 0.986871
43.14 0.987889
43.16 0.990159
43.18 0.993668
43.2 0.998253
43.22 1.00358
43.24 1.00927
43.26 1.01487
43.28 1.01992
43.3 1.02397
43.32 1.02658
43.34 1.02739
43.36 1.02619
43.38 1.02288
43.4 1.01757
43.42 1.01064
43.44 1.0027
43.46 0.994471
43.48 0.986632
43.5 0.979826
43.52 0.974588
43.54 0.97128
43.56 0.970047
43.58 0.970834
43.6 0.973401
43.62 0.977395
43.64 0.982463
43.66 0.988301
43.68 0.994623
43.7 1.00109
43.72 1.00732
43.74 1.01302
43.76 1.018
43.78 1.02204
43.8 1.02507
43.82 1.02712
43.84 1.02822
43.86 1.02833
43.88 1.0273
43.9 1.02503
43.92 1.02155
43.94 1.017
43.96 1.01146
43.98 1.00508
44 0.998124
44.02 0.990972
44.04 0.984039
44.06 0.977754
44.08 0.972459
44.1 0.968366
44.12 0.965632
44.14 0.964383
44.16 0.964676
44.18 0.966443
44.2 0.969478
44.22 0.973502
44.24 0.978227
44.26 0.983385
44.28 0.988691
44.3 0.993854
44.32 0.998673
44.34 1.00309
44.36 1.00713
44.38 1.01074
44.4 1.01395
44.42 1.01688
44.44 1.01963
44.46 1.02234
44.48 1.02503
44.5 1.02753
44.52 1.0295
44.54 1.03059
44.56 1.03054
44.58 1.02914
44.6 1.02628
44.62 1.02193
44.64 1.01625
44.66 1.00953
44.68 1.00212
44.7 0.994397
44.72 0.986761
44.74 0.979658
44.76 0.973499
44.78 0.968637
44.8 0.965299
44.82 0.963564
44.84 0.963474
44.86 0.965104
44.88 0.968503
44.9 0.973596
44.92 0.980143
44.94 0.987811
44.96 0.996234
44.98 1.00501
45 1.0137
45.02 1.02183
45.04 1.02907
45.06 1.03518
45.08 1.04004
45.1 1.0435
45.12 1.04541
45.14 1.04573
45.16 1.04444
45.18 1.04154
45.2 1.0371
45.22 1.03129
45.24 1.02448
45.26 1.01722
45.28 1.01005
45.3 1.00338
45.32 0.997465
45.34 0.992557
45.36 0.988739
45.38 0.985909
45.4 0.983901
45.42 0.982623
45.44 0.982174
45.46 0.982644
45.48 0.983939
45.5 0.985914
45.52 0.988456
45.54 0.991443
45.56 0.994709
45.58 0.998086
45.6 1.00145
45.62 1.00473
45.64 1.00785
45.66 1.01067
45.68 1.01295
45.7 1.01458
45.72 1.01554
45.74 1.01588
45.76 1.01553
45.78 1.01443
45.8 1.01265
45.82 1.01042
45.84 1.00804
45.86 1.00571
45.88 1.00367
45.9 1.00211
45.92 1.00124
45.94 1.00123
45.96 1.00215
45.98 1.00381
46 1.00582
46.02 1.00786
46.04 1.00979
46.06 1.01154
46.08 1.01298
46.1 1.0139
46.12 1.01406
46.14 1.01334
46.16 1.0117
46.18 1.00923
46.2 1.00625
46.22 1.00315
46.24 1.00009
46.26 0.997198
46.28 0.994716
46.3 0.992851
46.32 0.991665
46.34 0.991227
46.36 0.991578
46.38 0.9927
46.4 0.994564
46.42 0.99707
46.44 1.00007
46.46 1.00347
46.48 1.0071
46.5 1.01072
46.52 1.01409
46.54 1.01701
46.56 1.01935
46.58 1.021
46.6 1.02191
46.62 1.02203
46.64 1.02134
46.66 1.01987
46.68 1.01764
46.7 1.01468
46.72 1.01105
46.74 1.00694
46.76 1.0026
46.78 0.99827
46.8 0.994256
46.82 0.990847
46.84 0.988306
46.86 0.986707
46.88 0.985894
46.9 0.985725
46.92 0.986134
46.94 0.987157
46.96 0.988912
46.98 0.991422
47 0.994556
47.02 0.998104
47.04 1.00188
47.06 1.00578
47.08 1.00958
47.1 1.01295
47.12 1.01578
47.14 1.01812
47.16 1.01985
47.18 1.02074
47.2 1.02067
47.22 1.01966
47.24 1.01789
47.26 1.01552
47.28 1.01276
47.3 1.0099
47.32 1.00731
47.34 1.00538
47.36 1.00447
47.38 1.00475
47.4 1.00608
47.42 1.00797
47.44 1.0098
47.46 1.0111
47.48 1.01186
47.5 1.01221
47.52 1.01215
47.54 1.0117
47.56 1.01102
47.58 1.0103
47.6 1.00953
47.62 1.00861
47.64 1.00745
47.66 1.00593
47.68 1.00394
47.7 1.00149
47.72 0.998701
47.74 0.995838
47.76 0.993238
47.78 0.991173
47.8 0.989803
47.82 0.989206
47.84 0.989363
47.86 0.990155
47.88 0.991409
47.9 0.992951
47.92 0.994708
47.94 0.996657
47.96 0.9987
47.98 1.00073
48 1.00273
48.02 1.00477
48.04 1.00694
48.06 1.00919
48.08 1.01129
48.1 1.01292
48.12 1.01394
48.14 1.01454
48.16 1.01485
48.18 1.01473
48.2 1.01403
48.22 1.01272
48.24 1.01085
48.26 1.00856
48.28 1.00602
48.3 1.00343
48.32 1.00111
48.34 0.999359
48.36 0.998296
48.38 0.997918
48.4 0.998226
48.42 0.99921
48.44 1.00083
48.46 1.003
48.48 1.00557
48.5 1.00826
48.52 1.0108
48.54 1.01292
48.56 1.01436
48.58 1.01491
48.6 1.01455
48.62 1.0133
48.64 1.01122
48.66 1.00842
48.68 1.00522
48.7 1.00203
48.72 0.999133
48.74 0.996681
48.76 0.99479
48.78 0.993612
48.8 0.993224
48.82 0.993592
48.84 0.994668
48.86 0.996401
48.88 0.998715
48.9 1.0015
48.92 1.00463
48.94 1.00794
48.96 1.01129
48.98 1.01451
49 1.01748
49.02 1.02006
49.04 1.02214
49.06 1.02364
49.08 1.02451
49.1 1.02472
49.12 1.0243
49.14 1.02342
49.16 1.02222
49.18 1.02076
49.2 1.01899
49.22 1.01688
49.24 1.01449
49.26 1.01182
49.28 1.00879
49.3 1.0054
49.32 1.00176
49.34 0.998035
49.36 0.994437
49.38 0.991143
49.4 0.98829
49.42 0.986061
49.44 0.984625
49.46 0.98408
49.48 0.984473
49.5 0.985774
49.52 0.987861
49.54 0.990529
49.56 0.993617
49.58 0.99701
49.6 1.00051
49.62 1.00381
49.64 1.00655
49.66 1.00841
49.68 1.0092
49.7 1.00885
49.72 1.00742
49.74 1.00509
49.76 1.00218
49.78 0.999058
49.8 0.996037
49.82 0.99328
49.84 0.99087
49.86 0.988971
49.88 0.987841
49.9 0.987678
49.92 0.988515
49.94 0.990269
49.96 0.99278
49.98 0.995816
50 0.999137
50.02 1.00251
50.04 1.00573
50.06 1.0087
50.08 1.01145
50.1 1.01394
50.12 1.01604
50.14 1.01754
50.16 1.01831
50.18 1.0183
50.2 1.0176
50.22 1.01626
50.24 1.01425
50.26 1.01164
50.28 1.00859
50.3 1.00529
50.32 1.00197
50.34 0.998869
50.36 0.996202
50.38 0.994063
50.4 0.992539
50.42 0.991727
50.44 0.991717
50.46 0.992576
50.48 0.994274
50.5 0.996639
50.52 0.999445
50.54 1.00252
50.56 1.00579
50.58 1.00922
50.6 1.01273
50.62 1.01624
50.64 1.01963
50.66 1.02268
50.68 1.02521
50.7 1.02711
50.72 1.02831
50.74 1.02875
50.76 1.02836
50.78 1.02709
50.8 1.02495
50.82 1.02198
50.84 1.01815
50.86 1.01346
50.88 1.00802
50.9 1.00205
50.92 0.995754
50.94 0.989419
50.96 0.983297
50.98 0.977572
51 0.972445
51.02 0.968172
51.04 0.964989
51.06 0.963078
51.08 0.962591
51.1 0.963607
51.12 0.966119
51.14 0.970045
51.16 0.97518
51.18 0.981245
51.2 0.988004
51.22 0.995253
51.24 1.00275
51.26 1.01029
51.28 1.01774
51.3 1.02504
51.32 1.03216
51.34 1.03889
51.36 1.04456
51.38 1.04817
51.4 1.0489
51.42 1.04657
51.44 1.0418
51.46 1.0357
51.48 1.02911
51.5 1.0223
51.52 1.01545
51.54 1.00885
51.56 1.00274
51.58 0.997226
51.6 0.992309
51.62 0.987913
51.64 0.984148
51.66 0.981382
51.68 0.980036
51.7 0.980353
51.72 0.98235
51.74 0.985863
51.76 0.99061
51.78 0.996221
51.8 1.00221
51.82 1.00802
51.84 1.01327
51.86 1.01786
51.88 1.0218
51.9 1.02505
51.92 1.02753
51.94 1.02918
51.96 1.03006
51.98 1.03025
52 1.02985
52.02 1.02889
52.04 1.02731
52.06 1.02499
52.08 1.02186
52.1 1.01799
52.12 1.01355
52.14 1.00872
52.16 1.00362
52.18 0.998497
52.2 0.993747
52.22 0.989811
52.24 0.987037
52.26 0.985595
52.28 0.985496
52.3 0.986647
52.32 0.988906
52.34 0.992063
52.36 0.995829
52.38 0.999918
52.4 1.0041
52.42 1.0082
52.44 1.01204
52.46 1.01558
52.48 1.01884
52.5 1.02181
52.52 1.02435
52.54 1.02626
52.56 1.02734
52.58 1.02742
52.6 1.02637
52.62 1.02416
52.64 1.02086
52.66 1.01662
52.68 1.01161
52.7 1.00611
52.72 1.00048
52.74 0.995021
52.76 0.98993
52.78 0.985357
52.8 0.981442
52.82 0.978316
52.84 0.976114
52.86 0.974926
52.88 0.974765
52.9 0.975635
52.92 0.977596
52.94 0.980679
52.96 0.984753
52.98 0.989605
53 0.99506
53.02 1.00098
53.04 1.0072
53.06 1.01353
53.08 1.01978
53.1 1.02577
53.12 1.03134
53.14 1.0363
53.16 1.04045
53.18 1.04368
53.2 1.04585
53.22 1.04677
53.24 1.04634
53.26 1.0445
53.28 1.04124
53.3 1.0366
53.32 1.03067
53.34 1.02359
53.36 1.01556
53.38 1.00695
53.4 0.998135
53.42 0.989495
53.44 0.981442
53.46 0.974343
53.48 0.968474
53.5 0.964058
53.52 0.9613
53.54 0.960375
53.56 0.961364
53.58 0.964236
53.6 0.968844
53.62 0.974929
53.64 0.982143
53.66 0.990138
53.68 0.998584
53.7 1.00714
53.72 1.01551
53.74 1.02347
53.76 1.03083
53.78 1.03738
53.8 1.04294
53.82 1.04732
53.84 1.05035
53.86 1.05196
53.88 1.05209
53.9 1.05062
53.92 1.04756
53.94 1.04303
53.96 1.03723
53.98 1.03041
54 1.02285
54.02 1.01483
54.04 1.00665
54.06 0.998685
54.08 0.991304
54.1 0.984833
54.12 0.979555
54.14 0.975708
54.16 0.9734
54.18 0.972659
54.2 0.97344
54.22 0.975542
54.24 0.978712
54.26 0.982748
54.28 0.987451
54.3 0.992646
54.32 0.998189
54.34 1.0039
54.36 1.00955
54.38 1.01492
54.4 1.01977
54.42 1.02395
54.44 1.02738
54.46 1.03006
54.48 1.03202
54.5 1.03325
54.52 1.03374
54.54 1.03351
54.56 1.03256
54.58 1.03085
54.6 1.0284
54.62 1.0253
54.64 1.0217
54.66 1.01776
54.68 1.01357
54.7 1.00914
54.72 1.00454
54.74 0.999856
54.76 0.995209
54.78 0.990721
54.8 0.986557
54.82 0.982873
54.84 0.979878
54.86 0.977845
54.88 0.977024
54.9 0.977621
54.92 0.979745
54.94 0.98336
54.96 0.988363
54.98 0.994614
55 1.00184
55.02 1.00966
55.04 1.01766
55.06 1.02544
55.08 1.03264
55.1 1.03892
55.12 1.04404
55.14 1.04782
55.16 1.05009
55.18 1.05076
55.2 1.04984
55.22 1.04744
55.24 1.04375
55.26 1.03899
55.28 1.03337
55.3 1.0271
55.32 1.02041
55.34 1.01358
55.36 1.00688
55.38 1.00043
55.4 0.994425
55.42 0.989056
55.44 0.984506
55.46 0.98092
55.48 0.978422
55.5 0.977041
55.52 0.976738
55.54 0.977495
55.56 0.979305
55.58 0.982162
55.6 0.986009
55.62 0.990748
55.64 0.996227
55.66 1.00216
55.68 1.0082
55.7 1.01412
55.72 1.01975
55.74 1.02496
55.76 1.02958
55.78 1.03343
55.8 1.03636
55.82 1.03832
55.84 1.03928
55.86 1.03922
55.88 1.03828
55.9 1.03669
55.92 1.03461
55.94 1.03179
55.96 1.02771
55.98 1.02215
56 1.01528
56.02 1.00762
56.04 0.999871
56.06 0.992514
56.08 0.985919
56.1 0.980528
56.12 0.976807
56.14 0.975072
56.16 0.97529
56.18 0.977184
56.2 0.980433
56.22 0.984712
56.24 0.989787
56.26 0.995502
56.28 1.0017
56.3 1.00825
56.32 1.01506
56.34 1.02198
56.36 1.02876
56.38 1.0351
56.4 1.04065
56.42 1.04507
56.44 1.0482
56.46 1.05006
56.48 1.05076
56.5 1.05028
56.52 1.04859
56.54 1.04573
56.56 1.04181
56.58 1.037
56.6 1.03137
56.62 1.02498
56.64 1.01793
56.66 1.01048
56.68 1.00298
56.7 0.995771
56.72 0.989124
56.74 0.983278
56.76 0.978485
56.78 0.974983
56.8 0.972947
56.82 0.972499
56.84 0.973687
56.86 0.976458
56.88 0.980742
56.9 0.986354
56.92 0.992934
56.94 1.00011
56.96 1.00747
56.98 1.01458
57 1.02106
57.02 1.02665
57.04 1.03116
57.06 1.03436
57.08 1.03617
57.1 1.03667
57.12 1.03605
57.14 1.03441
57.16 1.03178
57.18 1.02823
57.2 1.02394
57.22 1.01916
57.24 1.01408
57.26 1.00885
57.28 1.00359
57.3 0.998553
57.32 0.994029
57.34 0.990247
57.36 0.987353
57.38 0.985499
57.4 0.984842
57.42 0.985472
57.44 0.987382
57.46 0.990442
57.48 0.99442
57.5 0.999087
57.52 1.00428
57.54 1.00983
57.56 1.01548
57.58 1.02096
57.6 1.02604
57.62 1.03058
57.64 1.03446
57.66 1.03753
57.68 1.03965
57.7 1.04069
57.72 1.04058
57.74 1.03931
57.76 1.03691
57.78 1.03347
57.8 1.0291
57.82 1.02398
57.84 1.01833
57.86 1.01243
57.88 1.00654
57.9 1.00088
57.92 0.995647
57.94 0.991078
57.96 0.98738
57.98 0.9847
58 0.983126
58.02 0.982713
58.04 0.98346
58.06 0.985325
58.08 0.988246
58.1 0.99212
58.12 0.996793
58.14 1.00208
58.16 1.00777
58.18 1.01364
58.2 1.01946
58.22 1.02501
58.24 1.03008
58.26 1.03446
58.28 1.03797
58.3 1.04048
58.32 1.0419
58.34 1.04216
58.36 1.04127
58.38 1.03926
58.4 1.03621
58.42 1.03227
58.44 1.02759
58.46 1.02236
58.48 1.0168
58.5 1.01113
58.52 1.00557
58.54 1.00036
58.56 0.995696
58.58 0.991763
58.6 0.988718
58.62 0.986684
58.64 0.985738
58.66 0.985918
58.68 0.987218
58.7 0.989585
58.72 0.99292
58.74 0.997086
58.76 1.00191
58.78 1.00721
58.8 1.01275
58.82 1.01832
58.84 1.0237
58.86 1.02867
58.88 1.03303
58.9 1.03662
58.92 1.03929
58.94 1.04095
58.96 1.04153
58.98 1.041
59 1.03939
59.02 1.03676
59.04 1.03323
59.06 1.02893
59.08 1.02406
59.1 1.01879
59.12 1.01335
59.14 1.00796
59.16 1.00284
59.18 0.998187
59.2 0.994189
59.22 0.991005
59.24 0.988762
59.26 0.987546
59.28 0.987407
59.3 0.988349
59.32 0.990334
59.34 0.99328
59.36 0.997066
59.38 1.00154
59.4 1.00651
59.42 1.01179
59.44 1.01716
59.46 1.02239
59.48 1.0273
59.5 1.03167
59.52 1.03535
59.54 1.03818
59.56 1.04005
59.58 1.0409
59.6 1.04069
59.62 1.03943
59.64 1.03718
59.66 1.03401
59.68 1.03008
59.7 1.02553
59.72 1.02055
59.74 1.01535
59.76 1.01013
59.78 1.00512
59.8 1.0005
59.82 0.996464
59.84 0.993173
59.86 0.990757
59.88 0.989311
59.9 0.988892
59.92 0.989516
59.94 0.991158
59.96 0.99375
59.98 0.997169
