0.02 5.19077e-08
0.04 1.47044e-07
0.06 1.60939e-07
0.08 7.36105e-08
0.1 2.10702e-08
0.12 7.87818e-08
0.14 1.52268e-07
0.16 1.31649e-07
0.18 5.9309e-08
0.2 5.57451e-08
0.22 1.30896e-07
0.24 1.76629e-07
0.26 1.40088e-07
0.28 1.01314e-07
0.3 1.40449e-07
0.32 2.04725e-07
0.34 2.12898e-07
0.36 1.95679e-07
0.38 1.88808e-07
0.4 9.9108e-08
0.42 -1.25393e-07
0.44 -1.14524e-07
0.46 3.48014e-07
0.48 5.49582e-07
0.5 1.9919e-08
0.52 -5.20275e-07
0.54 -3.78891e-07
0.56 -1.11702e-07
0.58 -5.48575e-07
0.6 -1.00896e-06
0.62 -4.59506e-07
0.64 1.81723e-07
0.66 -2.232e-07
0.68 -1.3849e-06
0.7 -2.02678e-06
0.72 -4.65971e-07
0.74 1.76568e-06
0.76 1.25794e-06
0.78 -6.75558e-07
0.8 1.84216e-07
0.82 3.70397e-06
0.84 5.21554e-06
0.86 2.52633e-06
0.88 -6.8544e-07
0.9 -4.35277e-07
0.92 2.04011e-06
0.94 2.29187e-06
0.96 -1.24181e-06
0.98 -4.45724e-06
1 -3.06692e-06
1.02 1.06765e-06
1.04 2.16003e-06
1.06 -1.61882e-06
1.08 -5.42413e-06
1.1 -4.4171e-06
1.12 -1.83166e-07
1.14 2.20333e-06
1.16 1.77199e-07
1.18 -4.14425e-06
1.2 -4.50194e-06
1.22 9.83645e-07
1.24 4.11602e-06
1.26 -5.60296e-07
1.28 -6.44151e-06
1.3 -5.68869e-06
1.32 6.56065e-07
1.34 5.66116e-06
1.36 4.07017e-06
1.38 -1.71053e-06
1.4 -3.86618e-06
1.42 1.51342e-07
1.44 3.3469e-06
1.46 -1.34891e-06
1.48 -1.00439e-05
1.5 -1.20474e-05
1.52 -5.26474e-06
1.54 2.88973e-07
1.56 -3.00706e-06
1.58 -9.26566e-06
1.6 -7.68068e-06
1.62 8.29848e-07
1.64 4.60809e-06
1.66 -7.9173e-07
1.68 -6.46972e-06
1.7 -4.14053e-06
1.72 1.73191e-06
1.74 1.16771e-06
1.76 -4.84923e-06
1.78 -5.97595e-06
1.8 -9.46482e-07
1.82 6.54977e-07
1.84 -4.8528e-06
1.86 -8.9781e-06
1.88 -3.21305e-06
1.9 5.87361e-06
1.92 3.34604e-06
1.94 -9.32488e-06
1.96 -1.33448e-05
1.98 -2.52737e-06
2 4.91919e-06
2.02 -4.75421e-06
2.04 -1.79681e-05
2.06 -1.50539e-05
2.08 -1.49177e-06
2.1 9.76097e-07
2.12 -1.05032e-05
2.14 -1.58867e-05
2.16 -5.5548e-06
2.18 5.57809e-06
2.2 2.823e-06
2.22 -8.03895e-06
2.24 -1.08064e-05
2.26 -2.02841e-06
2.28 2.8405e-06
2.3 -6.1374e-06
2.32 -1.59209e-05
2.34 -1.19196e-05
2.36 -1.08954e-07
2.38 2.65515e-06
2.4 -8.47869e-06
2.42 -1.79893e-05
2.44 -1.12166e-05
2.46 2.13738e-06
2.48 2.96348e-06
2.5 -6.70953e-06
2.52 -8.71588e-06
2.54 6.80425e-07
2.56 7.21504e-06
2.58 4.64871e-06
2.6 3.74819e-06
2.62 1.18657e-05
2.64 2.01449e-05
2.66 1.89043e-05
2.68 1.42674e-05
2.7 1.82898e-05
2.72 2.92115e-05
2.74 3.51005e-05
2.76 3.26279e-05
2.78 2.94197e-05
2.8 3.18499e-05
2.82 3.8005e-05
2.84 4.08181e-05
2.86 3.80137e-05
2.88 3.37391e-05
2.9 3.14232e-05
2.92 3.25967e-05
2.94 3.48769e-05
2.96 3.28849e-05
2.98 2.82882e-05
3 2.85146e-05
3.02 2.83219e-05
3.04 1.70756e-05
3.06 4.80156e-06
3.08 4.70265e-06
3.1 7.61829e-06
3.12 3.49021e-08
3.14 -1.42034e-05
3.16 -2.25816e-05
3.18 -2.27849e-05
3.2 -2.38741e-05
3.22 -3.15236e-05
3.24 -4.0079e-05
3.26 -4.12967e-05
3.28 -3.70415e-05
3.3 -3.43987e-05
3.32 -3.51011e-05
3.34 -3.48344e-05
3.36 -2.63815e-05
3.38 -1.21541e-05
3.4 -5.40709e-06
3.42 -8.76324e-06
3.44 -5.80291e-06
3.46 1.48468e-05
3.48 3.54221e-05
3.5 3.23626e-05
3.52 1.61692e-05
3.54 1.61986e-05
3.56 3.3816e-05
3.58 4.30575e-05
3.6 3.36943e-05
3.62 2.57607e-05
3.64 3.03118e-05
3.66 2.42924e-05
3.68 6.59289e-07
3.7 -9.10685e-06
3.72 2.18012e-06
3.74 2.89141e-06
3.76 -1.78524e-05
3.78 -3.23143e-05
3.8 -2.19512e-05
3.82 -8.15222e-06
3.84 -1.53336e-05
3.86 -3.28679e-05
3.88 -3.70244e-05
3.9 -2.61938e-05
3.92 -2.03922e-05
3.94 -3.07509e-05
3.96 -4.3327e-05
3.98 -3.74817e-05
4 -1.31683e-05
4.02 9.98253e-07
4.04 -1.31386e-05
4.06 -2.80089e-05
4.08 -1.24304e-05
4.1 1.57562e-05
4.12 1.95434e-05
4.14 2.33538e-06
4.16 -1.56241e-06
4.18 1.32034e-05
4.2 1.34401e-05
4.22 -1.12643e-05
4.24 -2.68887e-05
4.26 -1.42812e-05
4.28 1.11333e-06
4.3 -5.9244e-06
4.32 -1.64732e-05
4.34 2.82174e-07
4.36 2.46081e-05
4.38 1.67034e-05
4.4 -1.24019e-05
4.42 -2.05296e-05
4.44 -8.69054e-07
4.46 1.5208e-05
4.48 1.1024e-05
4.5 -3.76028e-06
4.52 -1.56609e-05
4.54 -1.31766e-05
4.56 -7.14479e-08
4.58 5.05155e-06
4.6 -4.32865e-06
4.62 -1.33154e-05
4.64 -4.07496e-06
4.66 1.59883e-05
4.68 1.97361e-05
4.7 4.95863e-06
4.72 -6.29339e-08
4.74 1.60952e-05
4.76 3.06118e-05
4.78 1.96985e-05
4.8 -6.97921e-06
4.82 -1.33021e-05
4.84 1.02742e-05
4.86 2.67757e-05
4.88 1.01332e-05
4.9 -1.36544e-05
4.92 -1.0553e-05
4.94 7.84282e-06
4.96 8.4255e-06
4.98 -1.07978e-05
5 -2.46673e-05
5.02 -2.08358e-05
5.04 -1.41175e-05
5.06 -1.66072e-05
5.08 -1.21597e-05
5.1 7.23353e-06
5.12 1.55346e-05
5.14 6.29769e-07
5.16 -1.14187e-05
5.18 1.35955e-07
5.2 1.95495e-05
5.22 2.12448e-05
5.24 3.55407e-06
5.26 -1.64733e-05
5.28 -1.85476e-05
5.3 7.53882e-07
5.32 1.82994e-05
5.34 1.5106e-05
5.36 9.39326e-07
5.38 -3.13548e-06
5.4 5.65249e-06
5.42 1.12835e-05
5.44 7.536e-06
5.46 5.57689e-06
5.48 1.05897e-05
5.5 1.41667e-05
5.52 1.0583e-05
5.54 4.73631e-06
5.56 2.52078e-06
5.58 3.23881e-06
5.6 3.18913e-06
5.62 8.88033e-07
5.64 1.60271e-07
5.66 3.971e-06
5.68 5.44868e-06
5.7 -5.93989e-08
5.72 -4.41052e-06
5.74 -1.49787e-06
5.76 2.52889e-06
5.78 -4.0608e-07
5.8 -7.31911e-06
5.82 -7.07551e-06
5.84 5.9059e-07
5.86 2.09483e-06
5.88 -6.94423e-06
5.9 -1.44812e-05
5.92 -9.55375e-06
5.94 4.70312e-06
5.96 1.27517e-05
5.98 7.49894e-06
6 2.6948e-06
6.02 8.45165e-06
6.04 1.5484e-05
6.06 1.51269e-05
6.08 9.5628e-06
6.1 4.3224e-06
6.12 6.08062e-06
6.14 1.418e-05
6.16 1.72774e-05
6.18 5.92322e-06
6.2 -1.30794e-05
6.22 -1.88323e-05
6.24 -8.2989e-06
6.26 -4.87195e-06
6.28 -1.86516e-05
6.3 -2.7732e-05
6.32 -1.35406e-05
6.34 5.63384e-06
6.36 2.3901e-06
6.38 -1.46375e-05
6.4 -1.66006e-05
6.42 -2.99178e-07
6.44 1.01432e-05
6.46 6.56084e-07
6.48 -1.52797e-05
6.5 -1.94521e-05
6.52 -1.25655e-05
6.54 -1.03586e-05
6.56 -1.75201e-05
6.58 -1.74931e-05
6.6 -5.68252e-06
6.62 -1.05166e-06
6.64 -7.71117e-06
6.66 -6.0956e-06
6.68 8.752e-06
6.7 1.58938e-05
6.72 1.24785e-06
6.74 -1.98803e-05
6.76 -2.09559e-05
6.78 -1.16939e-06
6.8 1.16533e-05
6.82 7.00408e-07
6.84 -1.49077e-05
6.86 -9.19591e-06
6.88 9.10076e-06
6.9 1.0194e-05
6.92 -9.6756e-06
6.94 -2.23574e-05
6.96 -9.33839e-06
6.98 1.15965e-05
7 1.26772e-05
7.02 -4.68818e-06
7.04 -1.34694e-05
7.06 -6.9554e-07
7.08 1.401e-05
7.1 1.03417e-05
7.12 -2.07467e-06
7.14 -2.47577e-06
7.16 9.30384e-06
7.18 1.57411e-05
7.2 9.03501e-06
7.22 1.54207e-06
7.24 5.58406e-06
7.26 1.32255e-05
7.28 7.70118e-06
7.3 -6.6168e-06
7.32 -7.37026e-06
7.34 8.37109e-06
7.36 1.70677e-05
7.38 5.93217e-06
7.4 -7.13628e-06
7.42 -3.20259e-06
7.44 8.93224e-06
7.46 8.8245e-06
7.48 -4.78246e-06
7.5 -1.23153e-05
7.52 -3.04736e-06
7.54 6.87762e-06
7.56 5.60698e-07
7.58 -1.09082e-05
7.6 -6.28246e-06
7.62 1.07835e-05
7.64 1.6988e-05
7.66 7.20401e-06
7.68 5.86645e-08
7.7 5.18826e-06
7.72 1.05581e-05
7.74 5.33004e-06
7.76 -8.861e-07
7.78 4.8284e-06
7.8 1.44413e-05
7.82 1.25239e-05
7.84 4.53187e-07
7.86 -8.04524e-06
7.88 -4.92487e-06
7.9 3.11934e-06
7.92 3.24505e-06
7.94 -4.5765e-06
7.96 -7.57291e-06
7.98 -1.45645e-06
8 3.68308e-06
8.02 1.3753e-06
8.04 -1.94929e-06
8.06 1.9209e-07
8.08 4.17267e-06
8.1 4.00364e-06
8.12 7.76543e-07
8.14 -3.79926e-07
8.16 1.86718e-06
8.18 4.71852e-06
8.2 6.30675e-06
8.22 5.95003e-06
8.24 3.70014e-07
8.26 -8.48142e-06
8.28 -8.91328e-06
8.3 1.39945e-06
8.32 8.98175e-06
8.34 5.25559e-06
8.36 -2.95028e-06
8.38 -4.21549e-06
8.4 2.9423e-06
8.42 8.54531e-06
8.44 4.12948e-06
8.46 -7.06933e-06
8.48 -1.17088e-05
8.5 -2.29156e-06
8.52 8.85177e-06
8.54 6.42857e-06
8.56 -3.28402e-06
8.58 -2.8858e-06
8.6 9.07545e-06
8.62 1.59915e-05
8.64 6.57367e-06
8.66 -5.52021e-06
8.68 8.99066e-08
8.7 1.59511e-05
8.72 1.76464e-05
8.74 2.78202e-06
8.76 -6.64269e-06
8.78 1.62935e-06
8.8 1.23452e-05
8.82 6.5478e-06
8.84 -9.63152e-06
8.86 -1.5845e-05
8.88 -5.89396e-06
8.9 6.55348e-06
8.92 4.85016e-06
8.94 -6.01763e-06
8.96 -6.72885e-06
8.98 2.67169e-06
9 5.47879e-06
9.02 -2.75623e-06
9.04 -9.98439e-06
9.06 -5.67616e-06
9.08 5.21273e-06
9.1 6.73137e-06
9.12 -5.22531e-06
9.14 -1.33583e-05
9.16 -6.14494e-06
9.18 2.27625e-06
9.2 -3.35314e-06
9.22 -1.44786e-05
9.24 -1.35014e-05
9.26 -1.13198e-06
9.28 5.22783e-06
9.3 -9.8631e-07
9.32 -6.38452e-06
9.34 -2.73608e-07
9.36 9.25732e-06
9.38 7.86056e-06
9.4 -3.69383e-06
9.42 -9.11493e-06
9.44 4.66907e-08
9.46 1.04919e-05
9.48 5.18145e-06
9.5 -1.0201e-05
9.52 -1.33974e-05
9.54 -1.29952e-07
9.56 7.76355e-06
9.58 -2.10342e-07
9.6 -4.97673e-06
9.62 4.41916e-06
9.64 9.38112e-06
9.66 -3.20613e-06
9.68 -1.64896e-05
9.7 -1.20623e-05
9.72 2.02723e-06
9.74 7.49282e-06
9.76 -1.87901e-06
9.78 -1.60049e-05
9.8 -1.6053e-05
9.82 -1.11589e-06
9.84 7.13251e-06
9.86 6.1776e-07
9.88 -4.79069e-06
9.9 1.77398e-06
9.92 1.02491e-05
9.94 5.48489e-06
9.96 -7.32362e-06
9.98 -7.49275e-06
10 7.52845e-06
10.02 1.60253e-05
10.04 6.08217e-06
10.06 -6.19177e-06
10.08 -3.68546e-06
10.1 5.6982e-06
10.12 4.38005e-06
10.14 -7.78739e-06
10.16 -1.38163e-05
10.18 -4.50865e-06
10.2 6.23455e-06
10.22 1.75998e-06
10.24 -1.11054e-05
10.26 -1.29436e-05
10.28 -1.50079e-06
10.3 6.51486e-06
10.32 1.64145e-06
10.34 -5.93207e-06
10.36 -3.55809e-06
10.38 5.13742e-06
10.4 6.869e-06
10.42 1.54312e-07
10.44 -2.7906e-06
10.46 3.1674e-06
10.48 8.44777e-06
10.5 5.49853e-06
10.52 2.14036e-07
10.54 5.04712e-07
10.56 2.48238e-06
10.58 -1.79673e-07
10.6 -2.64255e-06
10.62 7.07767e-07
10.64 4.81967e-06
10.66 3.50158e-06
10.68 -1.14437e-06
10.7 -3.90004e-06
10.72 -2.78987e-06
10.74 4.34917e-08
10.76 2.09361e-07
10.78 -2.21587e-06
10.8 -1.30216e-06
10.82 3.77969e-06
10.84 6.0876e-06
10.86 1.78018e-06
10.88 -4.83925e-06
10.9 -6.08628e-06
10.92 -3.74186e-07
10.94 4.07992e-06
10.96 9.71844e-07
10.98 -4.27421e-06
11 -3.79396e-06
11.02 4.03144e-07
11.04 9.50451e-07
11.06 -2.55369e-06
11.08 -3.72431e-06
11.1 -7.87493e-08
11.12 4.04286e-06
11.14 4.57373e-06
11.16 2.61928e-06
11.18 1.89429e-06
11.2 3.49935e-06
11.22 5.06808e-06
11.24 3.61611e-06
11.26 -9.23058e-07
11.28 -4.1249e-06
11.3 -2.60744e-06
11.32 4.55864e-07
11.34 -4.7255e-08
11.36 -3.84843e-06
11.38 -5.9534e-06
11.4 -2.81587e-06
11.42 2.76691e-06
11.44 3.85834e-06
11.46 -8.75067e-07
11.48 -4.25665e-06
11.5 -1.45998e-06
11.52 2.83144e-06
11.54 2.5236e-06
11.56 -5.29022e-07
11.58 -2.79358e-07
11.6 3.90268e-06
11.62 6.6119e-06
11.64 4.63496e-06
11.66 1.36045e-06
11.68 1.31632e-06
11.7 3.37103e-06
11.72 3.2082e-06
11.74 5.48763e-07
11.76 -1.40389e-06
11.78 -1.75092e-06
11.8 -2.49138e-06
11.82 -4.58156e-06
11.84 -5.93746e-06
11.86 -4.6354e-06
11.88 -2.50238e-06
11.9 -1.61662e-06
11.92 -3.45644e-07
11.94 2.2812e-06
11.96 3.52775e-06
11.98 1.70792e-06
12 -7.87238e-07
12.02 -7.03986e-07
12.04 1.73661e-06
12.06 2.9174e-06
12.08 1.13569e-06
12.1 -1.00786e-06
12.12 -1.10488e-06
12.14 6.38935e-07
12.16 2.79264e-06
12.18 3.2238e-06
12.2 1.23164e-06
12.22 -9.12656e-07
12.24 -1.43669e-06
12.26 -1.51567e-06
12.28 -2.68939e-06
12.3 -4.4299e-06
12.32 -5.11043e-06
12.34 -4.28561e-06
12.36 -3.06536e-06
12.38 -2.2227e-06
12.4 -1.3034e-06
12.42 6.9724e-08
12.44 1.3477e-06
12.46 1.70356e-06
12.48 1.31752e-06
12.5 1.54147e-06
12.52 2.76702e-06
12.54 3.38218e-06
12.56 2.33147e-06
12.58 1.2811e-06
12.6 2.15439e-06
12.62 3.93886e-06
12.64 3.94361e-06
12.66 1.23611e-06
12.68 -1.63492e-06
12.7 -1.61102e-06
12.72 2.15295e-07
12.74 2.39295e-07
12.76 -2.11446e-06
12.78 -3.84723e-06
12.8 -2.51434e-06
12.82 1.12094e-06
12.84 3.47524e-06
12.86 1.79422e-06
12.88 -1.70325e-06
12.9 -2.15347e-06
12.92 1.18187e-06
12.94 3.52475e-06
12.96 1.37797e-06
12.98 -2.03072e-06
13 -1.69458e-06
13.02 1.33255e-06
13.04 1.96238e-06
13.06 -5.00566e-07
13.08 -1.53474e-06
13.1 8.98815e-07
13.12 3.31676e-06
13.14 2.45617e-06
13.16 -1.17873e-07
13.18 -1.02381e-06
13.2 1.62025e-07
13.22 1.36421e-06
13.24 1.30628e-06
13.26 6.43323e-07
13.28 8.11791e-08
13.3 -8.58528e-07
13.32 -2.01725e-06
13.34 -2.02375e-06
13.36 -4.72024e-07
13.38 1.27653e-06
13.4 1.45343e-06
13.42 -9.26806e-08
13.44 -1.10208e-06
13.46 -1.45836e-07
13.48 6.33028e-07
13.5 -6.73507e-07
13.52 -2.01109e-06
13.54 -9.712e-07
13.56 8.25772e-07
13.58 3.3608e-07
13.6 -2.00577e-06
13.62 -2.86582e-06
13.64 -9.47583e-07
13.66 1.03305e-06
13.68 2.22193e-07
13.7 -2.21263e-06
13.72 -2.73552e-06
13.74 -5.20037e-07
13.76 1.69909e-06
13.78 1.77097e-06
13.8 7.56872e-07
13.82 7.19631e-07
13.84 1.60006e-06
13.86 1.50417e-06
13.88 -3.49776e-07
13.9 -1.98918e-06
13.92 -1.31841e-06
13.94 6.43744e-07
13.96 1.32466e-06
13.98 2.55174e-07
14 -6.53335e-07
14.02 4.51879e-07
14.04 3.18427e-06
14.06 4.84287e-06
14.08 3.83036e-06
14.1 1.84497e-06
14.12 4.37843e-07
14.14 -8.67766e-07
14.16 -1.66368e-06
14.18 -7.58982e-07
14.2 5.55172e-07
14.22 -4.89006e-07
14.24 -3.43666e-06
14.26 -4.46124e-06
14.28 -1.97483e-06
14.3 7.28147e-07
14.32 -1.9536e-08
14.34 -3.25069e-06
14.36 -4.59161e-06
14.38 -2.1949e-06
14.4 3.89822e-07
14.42 -7.61278e-07
14.44 -3.92989e-06
14.46 -4.07995e-06
14.48 -5.53431e-07
14.5 2.02335e-06
14.52 1.0165e-06
14.54 -7.33982e-07
14.56 4.17891e-08
14.58 1.86516e-06
14.6 1.35276e-06
14.62 -5.10604e-07
14.64 2.90635e-07
14.66 3.56583e-06
14.68 4.35498e-06
14.7 -1.36638e-07
14.72 -5.78339e-06
14.74 -5.81488e-06
14.76 -4.03949e-07
14.78 2.78338e-06
14.8 -9.05466e-07
14.82 -6.3044e-06
14.84 -5.2271e-06
14.86 1.24148e-06
14.88 3.30437e-06
14.9 -2.34482e-06
14.92 -6.04521e-06
14.94 -7.09917e-07
14.96 5.7929e-06
14.98 3.47625e-06
15 -3.63818e-06
15.02 -4.47029e-06
15.04 1.47742e-06
15.06 4.03737e-06
15.08 -9.58344e-07
15.1 -5.5646e-06
15.12 -2.42099e-06
15.14 4.53502e-06
15.16 6.05514e-06
15.18 8.18765e-07
15.2 -2.89572e-06
15.22 1.83365e-07
15.24 4.25192e-06
15.26 1.91823e-06
15.28 -4.05835e-06
15.3 -5.55118e-06
15.32 -1.46826e-06
15.34 1.49832e-06
15.36 -5.69244e-07
15.38 -3.40222e-06
15.4 -1.72058e-06
15.42 2.6235e-06
15.44 3.626e-06
15.46 6.67043e-08
15.48 -3.07378e-06
15.5 -1.91627e-06
15.52 1.51298e-06
15.54 2.58024e-06
15.56 4.66255e-07
15.58 -7.18328e-07
15.6 1.57511e-06
15.62 3.99991e-06
15.64 2.46918e-06
15.66 -1.44397e-06
15.68 -2.55853e-06
15.7 5.86913e-07
15.72 3.65521e-06
15.74 2.94235e-06
15.76 4.50888e-07
15.78 1.59414e-07
15.8 2.19467e-06
15.82 3.09129e-06
15.84 9.09252e-07
15.86 -1.75951e-06
15.88 -1.35173e-06
15.9 1.34464e-06
15.92 2.41653e-06
15.94 8.72421e-07
15.96 -1.57237e-08
15.98 1.79286e-06
16 3.68465e-06
16.02 2.80104e-06
16.04 5.2006e-07
16.06 -9.4062e-08
16.08 1.35122e-06
16.1 2.42712e-06
16.12 1.15344e-06
16.14 -1.2646e-06
16.16 -1.6958e-06
16.18 7.87663e-07
16.2 3.20662e-06
16.22 2.46868e-06
16.24 -1.8839e-07
16.26 -1.44347e-06
16.28 -7.28625e-07
16.3 4.88393e-07
16.32 1.3387e-06
16.34 1.28749e-06
16.36 7.32499e-08
16.38 -1.16893e-06
16.4 -9.65564e-07
16.42 4.14797e-09
16.44 -2.64828e-07
16.46 -1.8478e-06
16.48 -2.8754e-06
16.5 -2.83009e-06
16.52 -3.39242e-06
16.54 -5.12327e-06
16.56 -5.73038e-06
16.58 -3.64369e-06
16.6 -1.23934e-06
16.62 -1.65935e-06
16.64 -4.05839e-06
16.66 -4.78115e-06
16.68 -1.33445e-06
16.7 5.14205e-06
16.72 9.36092e-06
16.74 8.48018e-06
16.76 7.32501e-06
16.78 1.01796e-05
16.8 1.35817e-05
16.82 1.2734e-05
16.84 7.8136e-06
16.86 7.06376e-07
16.88 -4.15319e-06
16.9 -7.79863e-07
16.92 5.52784e-06
16.94 2.84057e-06
16.96 -6.35857e-06
16.98 -8.52567e-06
17 -1.3506e-06
17.02 3.38076e-06
17.04 -1.55466e-06
17.06 -8.80606e-06
17.08 -8.29458e-06
17.1 -2.55408e-06
17.12 -2.73347e-06
17.14 -1.03656e-05
17.16 -1.36046e-05
17.18 -5.85156e-06
17.2 1.77071e-06
17.22 -2.89143e-06
17.24 -1.18246e-05
17.26 -9.50941e-06
17.28 6.4436e-07
17.3 2.68805e-06
17.32 -5.07787e-06
17.34 -8.08564e-06
17.36 1.15854e-06
17.38 1.18081e-05
17.4 1.13847e-05
17.42 4.39878e-06
17.44 4.70053e-06
17.46 1.3266e-05
17.48 1.63372e-05
17.5 7.78408e-06
17.52 -7.45597e-08
17.54 3.6964e-06
17.56 9.76111e-06
17.58 4.25535e-06
17.6 -7.09497e-06
17.62 -9.0785e-06
17.64 -1.83943e-06
17.66 1.19726e-06
17.68 -5.0504e-06
17.7 -1.10114e-05
17.72 -8.69534e-06
17.74 -3.46509e-06
17.76 -3.97728e-06
17.78 -8.48806e-06
17.8 -9.01242e-06
17.82 -4.23387e-06
17.84 7.87363e-08
17.86 3.52576e-07
17.88 -1.4275e-06
17.9 -1.5029e-06
17.92 1.05001e-06
17.94 3.64037e-06
17.96 4.36809e-06
17.98 4.50786e-06
18 5.37263e-06
18.02 5.83503e-06
18.04 4.77602e-06
18.06 3.37855e-06
18.08 2.47114e-06
18.1 3.15949e-07
18.12 -3.08019e-06
18.14 -4.10914e-06
18.16 -1.84011e-06
18.18 -3.00454e-07
18.2 -2.40172e-06
18.22 -6.29886e-06
18.24 -8.7189e-06
18.26 -9.18818e-06
18.28 -9.4388e-06
18.3 -9.78204e-06
18.32 -7.58679e-06
18.34 -3.77001e-07
18.36 7.56326e-06
18.38 8.41649e-06
18.4 4.38149e-06
18.42 5.23917e-06
18.44 1.2178e-05
18.46 1.66189e-05
18.48 1.17805e-05
18.5 6.10265e-07
18.52 -4.79532e-06
18.54 1.97015e-06
18.56 9.49127e-06
18.58 4.81329e-06
18.6 -6.36066e-06
18.62 -9.27153e-06
18.64 -1.92519e-06
18.66 3.15924e-06
18.68 -2.28714e-06
18.7 -1.06564e-05
18.72 -1.05416e-05
18.74 -3.8738e-06
18.76 -2.43676e-06
18.78 -9.52429e-06
18.8 -1.3225e-05
18.82 -2.84526e-06
18.84 1.15094e-05
18.86 1.17999e-05
18.88 2.19448e-06
18.9 1.87481e-06
18.92 1.30099e-05
18.94 1.9391e-05
18.96 1.27522e-05
18.98 3.65595e-06
19 3.52753e-06
19.02 8.3282e-06
19.04 7.67789e-06
19.06 1.48712e-07
19.08 -6.10709e-06
19.1 -4.22073e-06
19.12 1.48291e-06
19.14 7.32505e-07
19.16 -6.73128e-06
19.18 -9.92132e-06
19.2 -4.78925e-06
19.22 -1.51437e-06
19.24 -7.41144e-06
19.26 -1.36567e-05
19.28 -8.93044e-06
19.3 1.01398e-06
19.32 2.24899e-06
19.34 -5.05467e-06
19.36 -8.58145e-06
19.38 -3.19738e-06
19.4 2.80608e-06
19.42 1.14982e-06
19.44 -3.61619e-06
19.46 -1.19733e-06
19.48 7.43257e-06
19.5 1.06542e-05
19.52 4.27947e-06
19.54 -1.90482e-06
19.56 1.11217e-06
19.58 8.11416e-06
19.6 7.00111e-06
19.62 -2.08735e-06
19.64 -4.53132e-06
19.66 4.7627e-06
19.68 9.89849e-06
19.7 -1.22187e-07
19.72 -1.18774e-05
19.74 -8.57555e-06
19.76 4.09411e-06
19.78 7.12002e-06
19.8 -4.14523e-06
19.82 -1.3426e-05
19.84 -7.30482e-06
19.86 5.16892e-06
19.88 7.51162e-06
19.9 -4.30934e-08
19.92 -3.69752e-06
19.94 2.88139e-06
19.96 9.85437e-06
19.98 6.19435e-06
20 -2.71175e-06
20.02 -3.1213e-06
20.04 5.46769e-06
20.06 1.00458e-05
20.08 3.28222e-06
20.1 -7.86355e-06
20.12 -1.17581e-05
20.14 -5.79603e-06
20.16 2.03122e-06
20.18 4.27057e-06
20.2 1.18498e-07
20.22 -5.7304e-06
20.24 -6.45271e-06
20.26 -1.02782e-06
20.28 2.50254e-06
20.3 -1.8295e-06
20.32 -6.50657e-06
20.34 -2.10918e-06
20.36 4.82216e-06
20.38 3.429e-06
20.4 -1.855e-06
20.42 -3.02634e-07
20.44 7.24104e-06
20.46 1.08035e-05
20.48 6.28362e-06
20.5 -4.33827e-07
20.52 -2.14712e-06
20.54 3.50765e-07
20.56 -2.66303e-08
20.58 -1.6142e-06
20.6 2.36721e-06
20.62 4.53222e-06
20.64 -3.75217e-06
20.66 -1.27478e-05
20.68 -1.1621e-05
20.7 -3.1556e-06
20.72 4.70155e-06
20.74 3.97898e-06
20.76 -5.20916e-06
20.78 -9.15273e-06
20.8 -9.72115e-07
20.82 5.51e-06
20.84 -1.11308e-06
20.86 -9.41319e-06
20.88 -3.12408e-06
20.9 1.13094e-05
20.92 1.38205e-05
20.94 2.95783e-06
20.96 -2.73299e-06
20.98 5.91498e-06
21 1.44354e-05
21.02 6.23543e-06
21.04 -8.82921e-06
21.06 -7.82945e-06
21.08 7.58371e-06
21.1 1.3197e-05
21.12 -4.80426e-07
21.14 -1.41635e-05
21.16 -7.99855e-06
21.18 8.50234e-06
21.2 9.42384e-06
21.22 -7.74006e-06
21.24 -1.79227e-05
21.26 -7.57743e-06
21.28 5.6784e-06
21.3 1.71743e-06
21.32 -1.12416e-05
21.34 -9.61108e-06
21.36 7.94385e-06
21.38 1.68196e-05
21.4 6.4238e-06
21.42 -4.68436e-06
21.44 -2.49067e-06
21.46 5.9561e-06
21.48 9.20886e-06
21.5 2.75564e-06
21.52 -6.81964e-06
21.54 -8.31612e-06
21.56 -3.21065e-06
21.58 -2.77873e-06
21.6 -7.56286e-06
21.62 -7.0494e-06
21.64 -7.1159e-09
21.66 2.77997e-06
21.68 -2.59105e-06
21.7 -6.03001e-06
21.72 5.99226e-07
21.74 8.99074e-06
21.76 5.40343e-06
21.78 -6.94445e-06
21.8 -1.00819e-05
21.82 9.16584e-07
21.84 8.71338e-06
21.86 9.32478e-07
21.88 -9.94472e-06
21.9 -6.70081e-06
21.92 5.95861e-06
21.94 9.78369e-06
21.96 7.41729e-07
21.98 -6.03647e-06
22 1.91837e-07
22.02 9.97996e-06
22.04 9.09359e-06
22.06 -5.52849e-07
22.08 -5.98759e-06
22.1 -2.20799e-06
22.12 2.7696e-06
22.14 6.36997e-07
22.16 -5.03248e-06
22.18 -4.96095e-06
22.2 7.15752e-07
22.22 3.19341e-06
22.24 -5.61698e-07
22.26 -3.99291e-06
22.28 -1.729e-06
22.3 2.77855e-06
22.32 3.18165e-06
22.34 1.62269e-07
22.36 -3.41021e-07
22.38 3.1052e-06
22.4 5.70087e-06
22.42 4.07367e-06
22.44 9.3877e-07
22.46 7.96403e-07
22.48 3.54856e-06
22.5 4.40132e-06
22.52 8.10488e-07
22.54 -3.06174e-06
22.56 -2.37796e-06
22.58 1.01379e-06
22.6 1.68846e-06
22.62 -1.23148e-06
22.64 -3.29428e-06
22.66 -1.66189e-06
22.68 7.88115e-07
22.7 5.48207e-08
22.72 -2.79676e-06
22.74 -3.38346e-06
22.76 -1.07236e-06
22.78 4.44073e-08
22.8 -1.99919e-06
22.82 -3.6862e-06
22.84 -1.61818e-06
22.86 1.81935e-06
22.88 1.99636e-06
22.9 -8.08503e-07
22.92 -2.04321e-06
22.94 2.88344e-07
22.96 2.9659e-06
22.98 2.48601e-06
23 -8.77254e-09
23.02 -9.37869e-07
23.04 3.31719e-07
23.06 9.83495e-07
23.08 -7.2033e-07
23.1 -2.69724e-06
23.12 -2.01633e-06
23.14 4.64455e-07
23.16 9.60611e-07
23.18 -1.29764e-06
23.2 -2.40019e-06
23.22 1.45437e-07
23.24 3.15081e-06
23.26 2.69539e-06
23.28 3.07717e-07
23.3 1.0963e-07
23.32 2.11625e-06
23.34 2.68671e-06
23.36 5.24775e-07
23.38 -1.61096e-06
23.4 -1.68948e-06
23.42 -1.29327e-06
23.44 -2.05445e-06
23.46 -2.58925e-06
23.48 -1.22485e-06
23.5 4.76645e-07
23.52 -7.03099e-08
23.54 -1.90011e-06
23.56 -1.70955e-06
23.58 9.16506e-07
23.6 2.71729e-06
23.62 1.55222e-06
23.64 -4.84797e-07
23.66 -3.64802e-07
23.68 1.54664e-06
23.7 2.66757e-06
23.72 1.83297e-06
23.74 2.5356e-07
23.76 -2.45432e-07
23.78 4.77274e-07
23.8 9.16833e-07
23.82 3.87897e-07
23.84 -2.41544e-07
23.86 -4.7994e-07
23.88 -8.19183e-07
23.9 -1.23379e-06
23.92 -8.37665e-07
23.94 1.67272e-07
23.96 -2.62707e-08
23.98 -1.6567e-06
24 -2.25384e-06
24.02 -1.27281e-07
24.04 3.05339e-06
24.06 3.69339e-06
24.08 9.93092e-07
24.1 -1.41625e-06
24.12 -9.25882e-07
24.14 6.81653e-07
24.16 1.03866e-06
24.18 2.35982e-07
24.2 -7.47854e-07
24.22 -1.24108e-06
24.24 -8.56061e-07
24.26 6.28777e-08
24.28 9.16124e-07
24.3 1.28741e-06
24.32 7.69322e-07
24.34 -6.65236e-07
24.36 -2.05698e-06
24.38 -2.06303e-06
24.4 -8.42428e-07
24.42 3.20718e-08
24.44 -2.38135e-10
24.46 1.45029e-08
24.48 3.95828e-07
24.5 2.7811e-07
24.52 -4.6883e-07
24.54 -8.36535e-07
24.56 -2.3999e-07
24.58 7.52183e-07
24.6 1.07076e-06
24.62 4.47548e-07
24.64 5.59067e-09
24.66 7.22e-07
24.68 1.65369e-06
24.7 1.02715e-06
24.72 -9.28435e-07
24.74 -1.75214e-06
24.76 -2.95907e-07
24.78 1.52341e-06
24.8 1.66981e-06
24.82 6.01702e-07
24.84 2.88637e-07
24.86 1.38645e-06
24.88 2.18918e-06
24.9 1.30812e-06
24.92 1.16291e-07
24.94 5.19227e-07
24.96 1.78967e-06
24.98 1.86723e-06
25 6.15178e-07
25.02 -1.1646e-07
25.04 6.51776e-07
25.06 1.65698e-06
25.08 1.30556e-06
25.1 -4.06826e-08
25.12 -4.79108e-07
25.14 7.09193e-07
25.16 1.77015e-06
25.18 1.02496e-06
25.2 -5.40028e-07
25.22 -9.0746e-07
25.24 -4.64587e-08
25.26 2.44586e-07
25.28 -9.34202e-07
25.3 -2.30541e-06
25.32 -2.32118e-06
25.34 -1.05764e-06
25.36 2.15653e-07
25.38 3.66186e-07
25.4 -5.14011e-07
25.42 -1.08088e-06
25.44 -4.85127e-07
25.46 3.10155e-07
25.48 -2.15876e-08
25.5 -1.07777e-06
25.52 -1.21029e-06
25.54 -3.02085e-08
25.56 9.43321e-07
25.58 6.33218e-07
25.6 -3.73657e-08
25.62 3.28284e-07
25.64 1.39804e-06
25.66 1.60097e-06
25.68 5.08131e-07
25.7 -5.19482e-07
25.72 -2.07587e-07
25.74 7.33308e-07
25.76 5.11928e-07
25.78 -8.61853e-07
25.8 -1.44696e-06
25.82 -5.04445e-07
25.84 4.77567e-07
25.86 3.13692e-07
25.88 -3.67468e-07
25.9 -5.669e-07
25.92 -3.40894e-07
25.94 -2.94084e-07
25.96 -5.09321e-07
25.98 -6.77657e-07
26 -7.94786e-07
26.02 -1.04299e-06
26.04 -1.32892e-06
26.06 -1.25063e-06
26.08 -6.1299e-07
26.1 -6.18732e-08
26.12 -4.79998e-07
26.14 -1.44714e-06
26.16 -1.5388e-06
26.18 -4.82647e-07
26.2 3.78517e-07
26.22 8.07777e-08
26.24 -6.75347e-07
26.26 -6.19599e-07
26.28 2.74932e-07
26.3 7.00117e-07
26.32 2.62735e-08
26.34 -6.64445e-07
26.36 -4.20772e-07
26.38 8.80121e-08
26.4 -1.38955e-07
26.42 -8.33927e-07
26.44 -1.01274e-06
26.46 -4.44608e-07
26.48 2.74032e-07
26.5 5.67137e-07
26.52 2.51728e-07
26.54 -3.12054e-07
26.56 -4.2373e-07
26.58 2.50893e-07
26.6 1.23487e-06
26.62 1.58372e-06
26.64 9.443e-07
26.66 8.84853e-08
26.68 -4.82579e-09
26.7 6.12778e-07
26.72 8.65663e-07
26.74 1.86282e-07
26.76 -5.75293e-07
26.78 -5.5696e-07
26.8 -8.8203e-08
26.82 3.10791e-09
26.84 -5.25009e-07
26.86 -1.00051e-06
26.88 -8.25428e-07
26.9 -4.34708e-07
26.92 -3.84417e-07
26.94 -3.65549e-07
26.96 6.83087e-08
26.98 5.00113e-07
27 1.62727e-07
27.02 -5.38639e-07
27.04 -3.5334e-07
27.06 6.00925e-07
27.08 7.62773e-07
27.1 -3.2631e-07
27.12 -1.0887e-06
27.14 -2.73814e-07
27.16 9.85614e-07
27.18 7.7794e-07
27.2 -6.82514e-07
27.22 -1.3426e-06
27.24 -3.62322e-07
27.26 6.86319e-07
27.28 2.98638e-07
27.3 -7.4246e-07
27.32 -7.35011e-07
27.34 4.15616e-07
27.36 1.18681e-06
27.38 7.32765e-07
27.4 -3.51032e-08
27.42 1.03155e-08
27.44 7.75462e-07
27.46 1.24469e-06
27.48 7.4516e-07
27.5 -1.4315e-07
27.52 -4.62384e-07
27.54 -3.32321e-07
27.56 -5.08126e-07
27.58 -1.06515e-06
27.6 -1.36158e-06
27.62 -1.10912e-06
27.64 -8.97255e-07
27.66 -1.1678e-06
27.68 -1.40477e-06
27.7 -1.00946e-06
27.72 -1.88959e-07
27.74 4.78298e-07
27.76 8.23466e-07
27.78 1.04296e-06
27.8 1.2138e-06
27.82 1.25857e-06
27.84 1.18226e-06
27.86 1.02283e-06
27.88 6.96487e-07
27.9 2.46096e-07
27.92 -4.47548e-08
27.94 -5.91037e-08
27.96 7.34243e-08
27.98 1.68481e-07
28 4.13253e-08
28.02 -1.6409e-07
28.04 -1.19591e-07
28.06 1.0508e-08
28.08 -1.59308e-07
28.1 -5.61072e-07
28.12 -6.15566e-07
28.14 -3.55602e-08
28.16 3.75986e-07
28.18 -7.33441e-08
28.2 -4.8877e-07
28.22 1.53824e-07
28.24 1.19661e-06
28.26 1.48467e-06
28.28 1.15021e-06
28.3 1.14639e-06
28.32 1.7036e-06
28.34 1.96653e-06
28.36 6.10788e-07
28.38 -2.18815e-06
28.4 -3.56016e-06
28.42 -1.45901e-06
28.44 1.59227e-06
28.46 1.28235e-06
28.48 -1.96908e-06
28.5 -3.11222e-06
28.52 -1.69769e-07
28.54 2.82161e-06
28.56 2.08595e-06
28.58 -6.1048e-07
28.6 -1.27718e-06
28.62 2.52081e-07
28.64 1.009e-06
28.66 1.87085e-07
28.68 -1.4503e-07
28.7 9.40541e-07
28.72 1.71694e-06
28.74 5.49018e-07
28.76 -1.58055e-06
28.78 -2.03915e-06
28.8 2.74496e-08
28.82 1.96998e-06
28.84 9.25364e-07
28.86 -1.60762e-06
28.88 -1.6275e-06
28.9 1.09459e-06
28.92 2.69265e-06
28.94 1.31013e-06
28.96 -4.54774e-07
28.98 -7.82572e-08
29 1.08379e-06
29.02 6.10661e-07
29.04 -5.87703e-07
29.06 -2.55416e-08
29.08 1.64029e-06
29.1 1.51293e-06
29.12 -6.5399e-07
29.14 -1.95255e-06
29.16 -8.31404e-07
29.18 6.54065e-07
29.2 1.75762e-07
29.22 -1.34252e-06
29.24 -1.52926e-06
29.26 -3.45413e-07
29.28 3.44601e-07
29.3 -1.41703e-07
29.32 -7.67507e-07
29.34 -6.76786e-07
29.36 -1.57759e-07
29.38 2.01042e-07
29.4 3.39846e-07
29.42 3.85054e-07
29.44 2.77113e-07
29.46 6.31722e-08
29.48 2.36072e-08
29.5 2.1826e-07
29.52 3.21738e-07
29.54 2.67638e-08
29.56 -6.84033e-07
29.58 -1.31972e-06
29.6 -1.10785e-06
29.62 -1.30336e-07
29.64 2.97296e-07
29.66 -5.59326e-07
29.68 -1.46902e-06
29.7 -1.09626e-06
29.72 -8.81307e-08
29.74 4.76815e-08
29.76 -7.15815e-07
29.78 -9.15842e-07
29.8 -8.4989e-09
29.82 7.50352e-07
29.84 4.65845e-07
29.86 -5.72369e-08
29.88 1.89006e-07
29.9 8.78691e-07
29.92 1.11225e-06
29.94 7.94992e-07
29.96 4.87975e-07
29.98 3.91561e-07
30 8.21126e-08
30.02 -6.35503e-07
30.04 -1.16768e-06
30.06 -9.905e-07
30.08 -6.13511e-07
30.1 -7.42793e-07
30.12 -9.77498e-07
30.14 -4.69357e-07
30.16 5.44711e-07
30.18 9.75324e-07
30.2 5.24402e-07
30.22 3.13017e-08
30.24 1.85426e-07
30.26 7.47605e-07
30.28 1.06828e-06
30.3 9.63709e-07
30.32 8.60491e-07
30.34 9.35012e-07
30.36 8.23412e-07
30.38 4.24491e-07
30.4 6.50375e-08
30.42 -7.39684e-08
30.44 -3.01183e-07
30.46 -9.40917e-07
30.48 -1.55508e-06
30.5 -1.34925e-06
30.52 -3.66207e-07
30.54 3.256e-07
30.56 2.27726e-09
30.58 -5.96783e-07
30.6 -3.2408e-07
30.62 6.68211e-07
30.64 1.23997e-06
30.66 9.45154e-07
30.68 4.97943e-07
30.7 6.48068e-07
30.72 1.12517e-06
30.74 9.14163e-07
30.76 -1.12056e-07
30.78 -6.3149e-07
30.8 1.30285e-08
30.82 6.1478e-07
30.84 1.85037e-07
30.86 -5.10262e-07
30.88 -3.18723e-07
30.9 6.73107e-07
30.92 1.38376e-06
30.94 1.0972e-06
30.96 2.91412e-07
30.98 3.57712e-09
31 3.41861e-07
31.02 3.74312e-07
31.04 -2.22232e-07
31.06 -6.37489e-07
31.08 -4.46384e-07
31.1 -2.41211e-07
31.12 -3.41486e-07
31.14 -2.27376e-07
31.16 3.37915e-07
31.18 7.20615e-07
31.2 4.18798e-07
31.22 -9.927e-08
31.24 -4.74696e-08
31.26 5.63037e-07
31.28 8.63517e-07
31.3 3.54223e-07
31.32 -2.45108e-07
31.34 -1.60232e-08
31.36 7.31349e-07
31.38 8.50355e-07
31.4 1.82252e-07
31.42 -8.62903e-08
31.44 5.2489e-07
31.46 9.28397e-07
31.48 3.93863e-07
31.5 -3.71895e-07
31.52 -5.21739e-07
31.54 -1.86306e-07
31.56 -4.66376e-08
31.58 -3.59518e-07
31.6 -6.57803e-07
31.62 -4.54506e-07
31.64 -7.38229e-08
31.66 -2.20865e-07
31.68 -7.91867e-07
31.7 -1.00386e-06
31.72 -6.29462e-07
31.74 -2.43447e-07
31.76 -3.00998e-07
31.78 -5.52003e-07
31.8 -4.90938e-07
31.82 -1.65975e-07
31.84 -7.77626e-08
31.86 -2.09573e-07
31.88 -2.37777e-08
31.9 4.55633e-07
31.92 5.70622e-07
31.94 1.66261e-07
31.96 -4.63177e-08
31.98 3.93513e-07
32 8.62574e-07
32.02 5.5437e-07
32.04 -2.69332e-07
32.06 -6.28641e-07
32.08 -2.56915e-07
32.1 8.60705e-08
32.12 -2.12919e-07
32.14 -8.1248e-07
32.16 -9.27921e-07
32.18 -4.05153e-07
32.2 2.25106e-08
32.22 -2.37023e-07
32.24 -7.60981e-07
32.26 -7.63489e-07
32.28 -2.66827e-07
32.3 -2.74467e-08
32.32 -4.16715e-07
32.34 -9.16475e-07
32.36 -8.50158e-07
32.38 -3.65198e-07
32.4 -2.51204e-07
32.42 -6.7668e-07
32.44 -9.1912e-07
32.46 -5.44759e-07
32.48 -1.93987e-08
32.5 -3.11614e-08
32.52 -5.74238e-07
32.54 -8.42001e-07
32.56 -2.92688e-07
32.58 4.1378e-07
32.6 2.97528e-07
32.62 -3.54263e-07
32.64 -3.42776e-07
32.66 5.40432e-07
32.68 1.12434e-06
32.7 6.39851e-07
32.72 -1.60795e-07
32.74 -2.30242e-07
32.76 1.47521e-07
32.78 -4.44637e-08
32.8 -7.24469e-07
32.82 -8.66122e-07
32.84 -1.71479e-07
32.86 5.25366e-07
32.88 5.46589e-07
32.9 3.60416e-07
32.92 6.57622e-07
32.94 1.10074e-06
32.96 9.2917e-07
32.98 2.8139e-07
33 -5.66136e-08
33.02 1.06322e-07
33.04 2.2354e-07
33.06 -1.63321e-08
33.08 -2.74064e-07
33.1 -2.24091e-07
33.12 -8.96561e-08
33.14 -1.8028e-07
33.16 -3.12287e-07
33.18 -2.11549e-07
33.2 1.88272e-08
33.22 1.77869e-07
33.24 1.82686e-07
33.26 7.20404e-08
33.28 -5.29013e-08
33.3 -2.11703e-07
33.32 -3.61959e-07
33.34 -1.78569e-07
33.36 4.07339e-07
33.38 7.81006e-07
33.4 4.0268e-07
33.42 -2.88615e-07
33.44 -3.44322e-07
33.46 3.31842e-07
33.48 6.90668e-07
33.5 5.76968e-08
33.52 -7.30036e-07
33.54 -6.16163e-07
33.56 1.00565e-07
33.58 4.45724e-07
33.6 1.92727e-07
33.62 -1.09353e-07
33.64 -7.01974e-08
33.66 3.43597e-08
33.68 -2.42545e-07
33.7 -7.10086e-07
33.72 -7.11274e-07
33.74 -2.43941e-07
33.76 -4.14943e-08
33.78 -2.40369e-07
33.8 -1.12876e-07
33.82 5.48256e-07
33.84 9.46783e-07
33.86 6.33023e-07
33.88 2.44334e-07
33.9 4.55075e-07
33.92 9.75499e-07
33.94 1.02709e-06
33.96 5.24737e-07
33.98 2.58786e-07
34 6.64345e-07
34.02 1.03341e-06
34.04 6.3507e-07
34.06 -3.89159e-08
34.08 -1.42937e-07
34.1 1.39461e-07
34.12 1.46439e-07
34.14 -1.89731e-07
34.16 -4.41926e-07
34.18 -3.17396e-07
34.2 -4.99892e-09
34.22 9.50725e-08
34.24 -1.20788e-07
34.26 -3.59218e-07
34.28 -2.96863e-07
34.3 3.92916e-08
34.32 2.59479e-07
34.34 7.00797e-08
34.36 -2.19675e-07
34.38 3.22873e-08
34.4 7.77105e-07
34.42 1.1438e-06
34.44 7.63353e-07
34.46 3.35712e-07
34.48 4.72879e-07
34.5 7.27482e-07
34.52 3.61315e-07
34.54 -4.11304e-07
34.56 -7.17815e-07
34.58 -2.92752e-07
34.6 2.37153e-07
34.62 3.12464e-07
34.64 8.56035e-08
34.66 -2.29608e-08
34.68 4.75904e-08
34.7 2.72904e-08
34.72 -2.10879e-07
34.74 -4.67832e-07
34.76 -5.28436e-07
34.78 -3.84622e-07
34.8 -1.57253e-07
34.82 -1.50003e-08
34.84 3.58117e-08
34.86 1.9917e-07
34.88 4.15176e-07
34.9 3.91845e-07
34.92 2.64862e-07
34.94 4.24304e-07
34.96 7.92251e-07
34.98 9.22095e-07
35 5.97656e-07
35.02 1.20554e-07
35.04 5.6629e-09
35.06 2.3475e-07
35.08 1.91243e-07
35.1 -3.40399e-07
35.12 -7.53625e-07
35.14 -6.56704e-07
35.16 -5.27033e-07
35.18 -7.68791e-07
35.2 -9.71285e-07
35.22 -5.97968e-07
35.24 8.84984e-08
35.26 3.04414e-07
35.28 -1.25316e-07
35.3 -4.70831e-07
35.32 -1.0868e-07
35.34 4.80864e-07
35.36 3.43644e-07
35.38 -3.33815e-07
35.4 -3.8736e-07
35.42 4.35012e-07
35.44 1.04922e-06
35.46 6.52097e-07
35.48 -1.40797e-07
35.5 -2.24085e-07
35.52 2.76468e-07
35.54 2.61561e-07
35.56 -4.49304e-07
35.58 -9.30913e-07
35.6 -7.77889e-07
35.62 -5.68904e-07
35.64 -7.15255e-07
35.66 -8.48308e-07
35.68 -5.77633e-07
35.7 -2.163e-07
35.72 -1.94549e-07
35.74 -3.72352e-07
35.76 -4.82659e-07
35.78 -3.55727e-07
35.8 2.19978e-07
35.82 8.17699e-07
35.84 4.97376e-07
35.86 -4.54433e-07
35.88 -6.48108e-07
35.9 1.57345e-08
35.92 2.29441e-07
35.94 -1.80382e-07
35.96 1.17952e-07
35.98 1.18055e-06
36 1.16516e-06
36.02 -3.05971e-07
36.04 -1.03379e-06
36.06 7.97462e-08
36.08 1.2734e-06
36.1 1.03356e-06
36.12 2.33223e-07
36.14 6.569e-08
36.16 1.28431e-07
36.18 8.85938e-09
36.2 3.18403e-07
36.22 9.57305e-07
36.24 9.39974e-07
36.26 7.28443e-08
36.28 -8.8676e-07
36.3 -1.20476e-06
36.32 -9.14928e-07
36.34 -7.43091e-07
36.36 -9.1467e-07
36.38 -8.38917e-07
36.4 -2.66357e-07
36.42 3.85615e-07
36.44 6.54506e-07
36.46 2.46036e-07
36.48 -4.46569e-07
36.5 -1.9369e-08
36.52 1.92454e-06
36.54 3.20117e-06
36.56 1.95075e-06
36.58 -1.04707e-07
36.6 -2.27219e-08
36.62 1.69748e-06
36.64 1.75283e-06
36.66 -4.39139e-07
36.68 -1.63542e-06
36.7 -5.82122e-07
36.72 -5.76461e-08
36.74 -1.2787e-06
36.76 -1.43262e-06
36.78 7.30504e-07
36.8 1.66921e-06
36.82 -8.46262e-07
36.84 -3.02821e-06
36.86 -1.21571e-06
36.88 1.68048e-06
36.9 7.54607e-07
36.92 -2.87974e-06
36.94 -3.76227e-06
36.96 -4.77548e-07
36.98 2.88697e-06
37 2.60119e-06
37.02 -3.90133e-07
37.04 -1.60369e-06
37.06 1.2086e-06
37.08 4.31718e-06
37.1 2.94357e-06
37.12 -1.18585e-06
37.14 -2.26957e-06
37.16 5.01972e-07
37.18 2.06595e-06
37.2 -3.27362e-07
37.22 -3.40625e-06
37.24 -3.60716e-06
37.26 -1.57717e-06
37.28 2.58135e-07
37.3 6.1536e-07
37.32 -3.18358e-07
37.34 -1.30571e-06
37.36 -1.3123e-06
37.38 -6.46898e-07
37.4 -3.23821e-07
37.42 -4.82779e-07
37.44 -3.30199e-07
37.46 3.56006e-07
37.48 9.632e-07
37.5 1.04164e-06
37.52 6.92791e-07
37.54 4.02906e-07
37.56 8.00559e-07
37.58 1.85683e-06
37.6 2.32771e-06
37.62 1.25342e-06
37.64 -4.48803e-07
37.66 -1.15317e-06
37.68 -3.83441e-07
37.7 8.99898e-07
37.72 1.09921e-06
37.74 -1.85748e-07
37.76 -1.2367e-06
37.78 -5.10528e-07
37.8 9.1847e-07
37.82 5.85182e-07
37.84 -1.82827e-06
37.86 -3.42516e-06
37.88 -2.02662e-06
37.9 3.10722e-07
37.92 5.20215e-07
37.94 -7.88523e-07
37.96 -1.02608e-06
37.98 1.31861e-07
38 8.87234e-07
38.02 3.87625e-07
38.04 -3.18544e-07
38.06 -7.74678e-08
38.08 6.66918e-07
38.1 6.67288e-07
38.12 -4.18915e-08
38.14 -3.7596e-07
38.16 6.12668e-08
38.18 7.0228e-07
38.2 9.32441e-07
38.22 8.83254e-07
38.24 9.48056e-07
38.26 7.97861e-07
38.28 -5.2183e-08
38.3 -1.11937e-06
38.32 -1.35347e-06
38.34 -5.28767e-07
38.36 2.8131e-07
38.38 -1.36293e-08
38.4 -8.47486e-07
38.42 -6.56459e-07
38.44 7.24719e-07
38.46 1.71364e-06
38.48 1.13329e-06
38.5 -2.48995e-07
38.52 -7.97286e-07
38.54 -2.29878e-07
38.56 1.99728e-07
38.58 -3.56777e-07
38.6 -1.26644e-06
38.62 -1.41099e-06
38.64 -7.05117e-07
38.66 -1.29788e-07
38.68 -2.61776e-07
38.7 -5.7002e-07
38.72 -3.75384e-07
38.74 2.41565e-07
38.76 6.90719e-07
38.78 6.53504e-07
38.8 4.00576e-07
38.82 3.08603e-07
38.84 2.7201e-07
38.86 -9.34753e-08
38.88 -6.8217e-07
38.9 -8.7036e-07
38.92 -5.41142e-07
38.94 -3.64525e-07
38.96 -6.17609e-07
38.98 -6.21255e-07
39 1.25069e-07
39.02 1.02436e-06
39.04 1.24902e-06
39.06 9.98145e-07
39.08 1.14267e-06
39.1 1.81329e-06
39.12 2.0421e-06
39.14 1.06677e-06
39.16 -4.23843e-07
39.18 -9.91e-07
39.2 -3.47084e-07
39.22 2.72818e-07
39.24 -1.00515e-07
39.26 -8.27401e-07
39.28 -7.07244e-07
39.3 1.53663e-07
39.32 4.89914e-07
39.34 -1.63349e-07
39.36 -8.32856e-07
39.38 -7.0419e-07
39.4 -1.99861e-07
39.42 -6.0243e-08
39.44 -3.05964e-07
39.46 -4.79786e-07
39.48 -3.27297e-07
39.5 1.01567e-08
39.52 2.87387e-07
39.54 3.96374e-07
39.56 3.39605e-07
39.58 1.90748e-07
39.6 1.52544e-07
39.62 4.76237e-07
39.64 1.04927e-06
39.66 1.33279e-06
39.68 1.05702e-06
39.7 6.73264e-07
39.72 6.81356e-07
39.74 7.69499e-07
39.76 3.47444e-07
39.78 -3.22613e-07
39.8 -5.10212e-07
39.82 -2.04255e-07
39.84 -1.70245e-08
39.86 -2.46816e-07
39.88 -5.52969e-07
39.9 -5.05476e-07
39.92 -1.75129e-07
39.94 7.51721e-08
39.96 1.14509e-07
39.98 2.02649e-08
40 -1.1447e-07
40.02 -1.5884e-07
40.04 -5.39154e-08
40.06 6.75637e-08
40.08 -1.24668e-08
40.1 -2.03604e-07
40.12 -5.29539e-08
40.14 4.3314e-07
40.16 5.92791e-07
40.18 2.30314e-07
40.2 -6.56882e-08
40.22 5.29968e-09
40.24 8.58669e-08
40.26 -1.45517e-07
40.28 -5.22841e-07
40.3 -6.27811e-07
40.32 -3.68515e-07
40.34 -1.28859e-07
40.36 -1.9871e-07
40.38 -3.71869e-07
40.4 -2.47243e-07
40.42 2.78194e-07
40.44 7.96778e-07
40.46 8.75337e-07
40.48 6.58172e-07
40.5 5.74391e-07
40.52 6.91841e-07
40.54 5.99115e-07
40.56 3.57361e-08
40.58 -3.99975e-07
40.6 -1.05371e-08
40.62 6.34896e-07
40.64 3.78939e-07
40.66 -7.79207e-07
40.68 -1.58683e-06
40.7 -1.1744e-06
40.72 -2.91531e-07
40.74 -2.77225e-07
40.76 -1.1438e-06
40.78 -1.65403e-06
40.8 -1.09504e-06
40.82 -6.38119e-08
40.84 4.6196e-07
40.86 3.3142e-07
40.88 1.95514e-07
40.9 3.20651e-07
40.92 3.41072e-07
40.94 2.26121e-07
40.96 3.13507e-07
40.98 5.7658e-07
41 7.22297e-07
41.02 6.05813e-07
41.04 2.86431e-07
41.06 6.86235e-08
41.08 1.54627e-07
41.1 2.88929e-07
41.12 2.08354e-07
41.14 -1.00129e-08
41.16 -1.88145e-07
41.18 -3.14779e-07
41.2 -5.05e-07
41.22 -7.37072e-07
41.24 -8.03703e-07
41.26 -6.02349e-07
41.28 -3.99186e-07
41.3 -4.98054e-07
41.32 -6.63975e-07
41.34 -4.66403e-07
41.36 -3.75477e-08
41.38 1.58776e-07
41.4 4.32506e-08
41.42 9.72204e-09
41.44 3.76646e-07
41.46 8.89853e-07
41.48 1.01266e-06
41.5 6.70451e-07
41.52 3.77348e-07
41.54 5.29482e-07
41.56 8.73124e-07
41.58 8.54745e-07
41.6 3.44648e-07
41.62 -1.53138e-07
41.64 -1.60163e-07
41.66 1.17524e-07
41.68 1.44367e-07
41.7 -1.76431e-07
41.72 -4.99997e-07
41.74 -6.36129e-07
41.76 -7.04754e-07
41.78 -7.72033e-07
41.8 -7.70348e-07
41.82 -6.21435e-07
41.84 -2.63767e-07
41.86 1.83507e-07
41.88 4.24006e-07
41.9 3.83916e-07
41.92 3.83167e-07
41.94 6.48094e-07
41.96 9.35786e-07
41.98 9.06225e-07
42 5.90102e-07
42.02 2.96291e-07
42.04 1.70572e-07
42.06 4.49374e-08
42.08 -1.977e-07
42.1 -3.33659e-07
42.12 -1.38164e-07
42.14 1.92541e-07
42.16 2.82112e-07
42.18 5.97871e-08
42.2 -1.80154e-07
42.22 -1.57296e-07
42.24 6.31714e-09
42.26 -3.20541e-08
42.28 -3.32502e-07
42.3 -6.09874e-07
42.32 -6.47573e-07
42.34 -5.18715e-07
42.36 -3.37229e-07
42.38 -1.73299e-07
42.4 -8.95378e-08
42.42 2.57254e-08
42.44 2.3917e-07
42.46 3.53885e-07
42.48 2.66746e-07
42.5 1.37518e-07
42.52 1.72276e-07
42.54 3.73804e-07
42.56 5.08871e-07
42.58 4.1395e-07
42.6 2.30116e-07
42.62 2.28767e-07
42.64 4.00059e-07
42.66 4.23918e-07
42.68 1.91989e-07
42.7 2.49179e-08
42.72 1.78409e-07
42.74 4.0776e-07
42.76 2.64446e-07
42.78 -2.01846e-07
42.8 -3.67202e-07
42.82 1.32525e-08
42.84 2.54858e-07
42.86 -1.99311e-07
42.88 -8.13735e-07
42.9 -7.80826e-07
42.92 -2.20762e-07
42.94 3.13939e-08
42.96 -3.95908e-07
42.98 -8.89154e-07
43 -6.9155e-07
43.02 4.04126e-08
43.04 4.54741e-07
43.06 1.99881e-07
43.08 -1.62624e-07
43.1 -2.19381e-08
43.12 4.73765e-07
43.14 6.76328e-07
43.16 3.98728e-07
43.18 1.57343e-07
43.2 2.92686e-07
43.22 4.5709e-07
43.24 2.53357e-07
43.26 -1.59244e-07
43.28 -3.44631e-07
43.3 -2.4303e-07
43.32 -2.49855e-07
43.34 -5.56827e-07
43.36 -8.41473e-07
43.38 -7.81497e-07
43.4 -5.09607e-07
43.42 -3.17999e-07
43.44 -2.0575e-07
43.46 -1.70409e-08
43.48 2.49247e-07
43.5 4.53175e-07
43.52 5.07195e-07
43.54 4.62712e-07
43.56 4.01853e-07
43.58 3.287e-07
43.6 1.81194e-07
43.62 -1.81987e-08
43.64 -1.18287e-07
43.66 -4.99676e-08
43.68 3.31351e-08
43.7 -6.87773e-08
43.72 -2.8595e-07
43.74 -3.11325e-07
43.76 -1.08501e-07
43.78 -3.00665e-09
43.8 -8.0751e-08
43.82 -8.30321e-08
43.84 7.656e-08
43.86 1.32686e-07
43.88 -1.08347e-07
43.9 -3.81628e-07
43.92 -3.14571e-07
43.94 -4.87054e-08
43.96 -7.30418e-08
43.98 -4.01764e-07
44 -5.03995e-07
44.02 -1.64344e-07
44.04 1.86126e-07
44.06 1.4218e-07
44.08 -1.28292e-07
44.1 -1.99576e-07
44.12 1.88366e-08
44.14 1.95707e-07
44.16 7.46287e-08
44.18 -1.90854e-07
44.2 -3.01365e-07
44.22 -2.28881e-07
44.24 -1.94233e-07
44.26 -3.07829e-07
44.28 -4.51227e-07
44.3 -4.67179e-07
44.32 -3.33257e-07
44.34 -1.42171e-07
44.36 -3.33507e-08
44.38 -6.18079e-08
44.4 -4.31564e-08
44.42 1.89884e-07
44.44 4.64052e-07
44.46 5.44862e-07
44.48 4.37358e-07
44.5 2.44118e-07
44.52 5.44341e-08
44.54 -5.97712e-08
44.56 -1.19526e-07
44.58 -2.07472e-07
44.6 -3.35902e-07
44.62 -4.11305e-07
44.64 -3.48141e-07
44.66 -1.98624e-07
44.68 -1.21156e-07
44.7 -1.77639e-07
44.72 -1.92164e-07
44.74 -2.84061e-08
44.76 1.60568e-07
44.78 1.79635e-07
44.8 3.97051e-08
44.82 -8.15706e-08
44.84 -2.0884e-08
44.86 1.80428e-07
44.88 3.07139e-07
44.9 2.23573e-07
44.92 4.02869e-08
44.94 -1.54497e-08
44.96 8.70832e-08
44.98 1.29861e-07
45 -3.16253e-08
45.02 -2.3085e-07
45.04 -1.99281e-07
45.06 5.04371e-08
45.08 2.11182e-07
45.1 7.1112e-08
45.12 -1.48217e-07
45.14 -9.94491e-08
45.16 1.2247e-07
45.18 1.33857e-07
45.2 -1.22716e-07
45.22 -2.42562e-07
45.24 6.8944e-08
45.26 5.25245e-07
45.28 6.33797e-07
45.3 3.45906e-07
45.32 1.2368e-07
45.34 2.99567e-07
45.36 4.90263e-07
45.38 1.9476e-07
45.4 -3.36068e-07
45.42 -4.21028e-07
45.44 8.78952e-08
45.46 4.42723e-07
45.48 5.04709e-08
45.5 -5.2138e-07
45.52 -4.22312e-07
45.54 1.39822e-07
45.56 2.48342e-07
45.58 -2.59201e-07
45.6 -5.619e-07
45.62 -1.62217e-07
45.64 3.44443e-07
45.66 1.54252e-07
45.68 -4.888e-07
45.7 -6.11813e-07
45.72 -9.00813e-09
45.74 4.18266e-07
45.76 4.91424e-09
45.78 -6.48096e-07
45.8 -5.11866e-07
45.82 3.04238e-07
45.84 6.7266e-07
45.86 1.70125e-07
45.88 -2.8869e-07
45.9 9.33201e-08
45.92 7.92186e-07
45.94 8.44752e-07
45.96 2.64452e-07
45.98 -1.55111e-07
46 -6.38374e-08
46.02 1.73455e-07
46.04 1.53074e-07
46.06 -8.0371e-08
46.08 -1.95528e-07
46.1 -1.62398e-07
46.12 -2.08116e-07
46.14 -3.45885e-07
46.16 -4.21536e-07
46.18 -3.03645e-07
46.2 1.40022e-08
46.22 2.47242e-07
46.24 7.85067e-08
46.26 -2.2028e-07
46.28 -7.27317e-08
46.3 3.50698e-07
46.32 3.77447e-07
46.34 1.19183e-08
46.36 -1.49979e-07
46.38 1.20758e-07
46.4 4.00479e-07
46.42 2.45658e-07
46.44 -1.15331e-07
46.46 -1.09975e-07
46.48 2.15937e-07
46.5 2.63792e-07
46.52 -9.56619e-08
46.54 -3.37876e-07
46.56 -1.2954e-07
46.58 1.89892e-07
46.6 1.33578e-07
46.62 -1.99328e-07
46.64 -2.94103e-07
46.66 -2.96888e-08
46.68 1.43432e-07
46.7 -9.21174e-08
46.72 -3.93346e-07
46.74 -2.61742e-07
46.76 1.29689e-07
46.78 2.37813e-07
46.8 2.13541e-08
46.82 -6.61894e-08
46.84 2.02618e-07
46.86 3.67889e-07
46.88 1.34264e-09
46.9 -4.50789e-07
46.92 -3.56163e-07
46.94 1.54123e-07
46.96 4.17653e-07
46.98 1.2774e-07
47 -2.67923e-07
47.02 -2.34958e-07
47.04 1.21993e-07
47.06 2.77594e-07
47.08 -5.00616e-08
47.1 -4.73975e-07
47.12 -3.18231e-07
47.14 2.72971e-07
47.16 3.55457e-07
47.18 -2.91552e-07
47.2 -7.27698e-07
47.22 -2.78451e-07
47.24 4.30386e-07
47.26 3.93055e-07
47.28 -2.07542e-07
47.3 -2.6939e-07
47.32 4.77874e-07
47.34 1.08647e-06
47.36 8.72e-07
47.38 3.18054e-07
47.4 1.65255e-07
47.42 2.63716e-07
47.44 -2.3268e-08
47.46 -5.32603e-07
47.48 -4.46915e-07
47.5 2.0569e-07
47.52 4.18255e-07
47.54 -1.0572e-07
47.56 -3.88437e-07
47.58 1.09523e-07
47.6 5.4691e-07
47.62 1.52322e-07
47.64 -5.33859e-07
47.66 -5.86765e-07
47.68 -1.05358e-07
47.7 8.1265e-08
47.72 -2.63621e-07
47.74 -4.56586e-07
47.76 -3.18059e-08
47.78 4.62672e-07
47.8 3.34674e-07
47.82 -1.65257e-07
47.84 -2.94099e-07
47.86 2.2909e-08
47.88 1.59797e-07
47.9 -1.76542e-07
47.92 -4.51822e-07
47.94 -2.11571e-07
47.96 1.29543e-07
47.98 2.88302e-08
48 -2.70514e-07
48.02 -1.74988e-07
48.04 2.78031e-07
48.06 4.16742e-07
48.08 -7.38449e-08
48.1 -6.06457e-07
48.12 -4.2054e-07
48.14 3.42453e-07
48.16 6.21135e-07
48.18 -8.24335e-08
48.2 -7.73286e-07
48.22 -4.52283e-07
48.24 3.21936e-07
48.26 4.03975e-07
48.28 -2.10691e-07
48.3 -4.76642e-07
48.32 1.64874e-07
48.34 8.61736e-07
48.36 5.79741e-07
48.38 -2.26352e-07
48.4 -3.1694e-07
48.42 4.01418e-07
48.44 7.90033e-07
48.46 2.68493e-07
48.48 -3.7289e-07
48.5 -2.94203e-07
48.52 1.97588e-07
48.54 2.05509e-07
48.56 -4.11748e-07
48.58 -7.83651e-07
48.6 -3.73068e-07
48.62 1.648e-07
48.64 3.88389e-09
48.66 -5.38054e-07
48.68 -4.41402e-07
48.7 3.33908e-07
48.72 6.95432e-07
48.74 1.46064e-07
48.76 -4.10368e-07
48.78 -6.93411e-08
48.8 6.16551e-07
48.82 5.45259e-07
48.84 -1.51485e-07
48.86 -3.85092e-07
48.88 1.63233e-07
48.9 6.03998e-07
48.92 2.58864e-07
48.94 -3.18833e-07
48.96 -2.57691e-07
48.98 3.00071e-07
49 4.70253e-07
49.02 7.0061e-09
49.04 -3.52212e-07
49.06 -6.32566e-08
49.08 4.03904e-07
49.1 3.26069e-07
49.12 -9.97348e-08
49.14 -9.13706e-08
49.16 4.03248e-07
49.18 6.10965e-07
49.2 1.39138e-07
49.22 -3.38747e-07
49.24 -1.14384e-07
49.26 3.36566e-07
49.28 1.59646e-07
49.3 -4.30468e-07
49.32 -5.41087e-07
49.34 -1.78555e-08
49.36 3.60631e-07
49.38 5.49637e-08
49.4 -4.23727e-07
49.42 -2.82717e-07
49.44 2.89442e-07
49.46 4.33406e-07
49.48 -2.12884e-08
49.5 -3.58774e-07
49.52 -1.37862e-07
49.54 1.73928e-07
49.56 5.6793e-08
49.58 -2.70335e-07
49.6 -3.51494e-07
49.62 -2.22504e-07
49.64 -2.71906e-07
49.66 -5.91161e-07
49.68 -7.78787e-07
49.7 -5.74079e-07
49.72 -2.78237e-07
49.74 -2.37664e-07
49.76 -3.19316e-07
49.78 -1.81862e-07
49.8 1.07053e-07
49.82 1.26004e-07
49.84 -1.63534e-07
49.86 -2.4508e-07
49.88 1.42626e-07
49.9 5.06733e-07
49.92 3.17219e-07
49.94 -1.4581e-07
49.96 -2.39643e-07
49.98 4.6343e-08
50 1.6133e-07
50.02 -1.37039e-07
50.04 -4.3031e-07
50.06 -2.36949e-07
50.08 2.43078e-07
50.1 3.28722e-07
50.12 -1.30293e-07
50.14 -4.87894e-07
50.16 -2.86564e-07
50.18 1.28967e-07
50.2 1.90561e-07
50.22 -1.52769e-07
50.24 -4.2368e-07
50.26 -2.40916e-07
50.28 1.43912e-07
50.3 1.9223e-07
50.32 -7.87873e-08
50.34 -1.35129e-07
50.36 1.53522e-07
50.38 3.16877e-07
50.4 1.15683e-07
50.42 -8.98946e-08
50.44 5.80955e-08
50.46 3.6735e-07
50.48 3.62886e-07
50.5 -1.61429e-08
50.52 -2.79371e-07
50.54 -7.92352e-08
50.56 2.95555e-07
50.58 3.43739e-07
50.6 7.46105e-08
50.62 -3.51967e-08
50.64 1.70427e-07
50.66 3.01777e-07
50.68 1.15171e-07
50.7 -9.14266e-08
50.72 9.66218e-10
50.74 2.17674e-07
50.76 1.7928e-07
50.78 -9.5116e-08
50.8 -2.02271e-07
50.82 -3.51204e-08
50.84 6.08353e-09
50.86 -2.65769e-07
50.88 -4.69732e-07
50.9 -3.21449e-07
50.92 -8.25173e-08
50.94 -9.85669e-08
50.96 -3.28801e-07
50.98 -4.62295e-07
51 -3.23289e-07
51.02 -8.96325e-08
51.04 -6.27939e-08
51.06 -2.23094e-07
51.08 -2.49733e-07
51.1 -6.12885e-08
51.12 7.08102e-08
51.14 -3.28413e-08
51.16 -2.37761e-07
51.18 -2.85802e-07
51.2 -1.03333e-07
51.22 7.777e-08
51.24 2.63006e-08
51.26 -9.7001e-08
51.28 4.43171e-08
51.3 4.08259e-07
51.32 6.34026e-07
51.34 4.40656e-07
51.36 -2.21679e-07
51.38 -9.85055e-07
51.4 -1.23953e-06
51.42 -7.50934e-07
51.44 1.51177e-07
51.46 8.38989e-07
51.48 7.60301e-07
51.5 7.1788e-08
51.52 -2.38019e-07
51.54 2.98648e-07
51.56 7.83858e-07
51.58 3.79156e-07
51.6 -4.28022e-07
51.62 -6.14557e-07
51.64 1.56463e-08
51.66 6.51234e-07
51.68 5.91993e-07
51.7 1.27449e-07
51.72 4.06891e-09
51.74 3.15685e-07
51.76 4.47062e-07
51.78 6.69262e-08
51.8 -4.33818e-07
51.82 -5.47252e-07
51.84 -2.47335e-07
51.86 8.57365e-08
51.88 1.11371e-07
51.9 -1.00261e-07
51.92 -1.81201e-07
51.94 2.63148e-08
51.96 2.76984e-07
51.98 2.96717e-07
52 1.5444e-07
52.02 8.43306e-08
52.04 9.69154e-08
52.06 1.77258e-08
52.08 -1.65029e-07
52.1 -2.20931e-07
52.12 -4.35039e-08
52.14 6.92959e-08
52.16 -1.09068e-07
52.18 -2.5379e-07
52.2 1.08845e-08
52.22 4.67179e-07
52.24 5.68125e-07
52.26 2.28805e-07
52.28 -5.04288e-08
52.3 6.76782e-08
52.32 2.99723e-07
52.34 1.9112e-07
52.36 -2.04672e-07
52.38 -3.7768e-07
52.4 -1.27468e-07
52.42 1.23213e-07
52.44 3.27092e-09
52.46 -1.92143e-07
52.48 -1.82086e-08
52.5 3.19192e-07
52.52 2.84849e-07
52.54 -1.29213e-07
52.56 -3.77624e-07
52.58 -1.99665e-07
52.6 1.08063e-09
52.62 -1.34673e-07
52.64 -3.91261e-07
52.66 -3.77319e-07
52.68 -1.16947e-07
52.7 3.89873e-08
52.72 -2.78598e-08
52.74 -1.39459e-07
52.76 -1.48858e-07
52.78 -9.24833e-08
52.8 -9.54642e-08
52.82 -1.66932e-07
52.84 -1.85459e-07
52.86 -1.22567e-07
52.88 -1.07273e-07
52.9 -1.61912e-07
52.92 -1.15364e-07
52.94 4.71103e-08
52.96 6.54202e-08
52.98 -1.19336e-07
53 -1.92585e-07
53.02 1.71017e-08
53.04 2.41584e-07
53.06 1.84652e-07
53.08 -5.90199e-09
53.1 2.70088e-08
53.12 2.83426e-07
53.14 3.77341e-07
53.16 1.72962e-07
53.18 2.98537e-08
53.2 1.41861e-07
53.22 2.4804e-07
53.24 1.19633e-07
53.26 -9.54597e-08
53.28 -1.3482e-07
53.3 -2.92258e-08
53.32 -2.95956e-08
53.34 -2.20183e-07
53.36 -3.53575e-07
53.38 -2.09263e-07
53.4 7.755e-09
53.42 -8.26979e-09
53.44 -1.58819e-07
53.46 -1.61947e-07
53.48 -2.20592e-08
53.5 3.91904e-08
53.52 -2.98408e-08
53.54 -5.82295e-08
53.56 3.33322e-08
53.58 1.05501e-07
53.6 2.63774e-08
53.62 -1.35237e-07
53.64 -2.11298e-07
53.66 -1.37586e-07
53.68 -4.03431e-08
53.7 -7.33732e-08
53.72 -1.40317e-07
53.74 -4.76215e-08
53.76 1.37573e-07
53.78 1.93986e-07
53.8 9.627e-08
53.82 9.85329e-09
53.84 6.22513e-08
53.86 1.98084e-07
53.88 1.97449e-07
53.9 -1.31222e-08
53.92 -1.6084e-07
53.94 -2.06756e-08
53.96 1.93268e-07
53.98 1.62274e-07
54 -5.67786e-08
54.02 -1.4361e-07
54.04 1.7836e-08
54.06 1.99394e-07
54.08 1.76805e-07
54.1 2.4955e-08
54.12 1.07901e-08
54.14 1.74122e-07
54.16 2.22757e-07
54.18 4.2198e-08
54.2 -1.41642e-07
54.22 -1.91963e-07
54.24 -1.77846e-07
54.26 -1.80647e-07
54.28 -2.21306e-07
54.3 -2.2018e-07
54.32 -1.25794e-07
54.34 -5.35067e-08
54.36 -1.04231e-07
54.38 -2.01225e-07
54.4 -2.05449e-07
54.42 -9.60146e-08
54.44 3.35611e-08
54.46 1.02401e-07
54.48 1.08565e-07
54.5 9.98996e-08
54.52 1.28037e-07
54.54 1.74243e-07
54.56 1.51501e-07
54.58 4.49992e-08
54.6 -3.21747e-08
54.62 3.29862e-08
54.64 1.5905e-07
54.66 1.51764e-07
54.68 -3.00611e-08
54.7 -2.25689e-07
54.72 -2.43684e-07
54.74 -1.30591e-07
54.76 -1.34399e-07
54.78 -2.89124e-07
54.8 -3.61973e-07
54.82 -2.53339e-07
54.84 -8.49726e-08
54.86 1.51856e-08
54.88 4.22265e-08
54.9 1.02772e-07
54.92 2.11648e-07
54.94 2.4068e-07
54.96 1.89045e-07
54.98 1.93895e-07
55 2.28149e-07
55.02 1.56772e-07
55.04 1.12003e-08
55.06 -4.42006e-08
55.08 1.52251e-08
55.1 4.88957e-08
55.12 1.25355e-08
55.14 -3.07544e-08
55.16 -3.57026e-08
55.18 -1.16171e-10
55.2 4.94781e-08
55.22 1.02782e-07
55.24 1.49558e-07
55.26 1.68636e-07
55.28 1.52599e-07
55.3 1.0708e-07
55.32 8.13306e-08
55.34 1.29415e-07
55.36 1.51032e-07
55.38 1.82691e-08
55.4 -1.33211e-07
55.42 -9.2952e-08
55.44 4.12536e-08
55.46 3.40219e-08
55.48 -1.04044e-07
55.5 -2.13725e-07
55.52 -2.06223e-07
55.54 -1.22817e-07
55.56 -7.31838e-08
55.58 -7.11456e-08
55.6 -6.68174e-08
55.62 -1.99472e-08
55.64 3.12624e-08
55.66 -4.89069e-08
55.68 -2.13872e-07
55.7 -2.05607e-07
55.72 2.05977e-08
55.74 1.77155e-07
55.76 6.27529e-08
55.78 -1.36922e-07
55.8 -1.0854e-07
55.82 1.34742e-07
55.84 2.47206e-07
55.86 9.09078e-08
55.88 1.92591e-08
55.9 3.12766e-07
55.92 5.71046e-07
55.94 1.08321e-07
55.96 -8.51603e-07
55.98 -1.14531e-06
56 -4.0195e-07
56.02 3.99523e-07
56.04 3.60304e-07
56.06 -2.62928e-07
56.08 -4.31913e-07
56.1 2.32604e-07
56.12 8.83605e-07
56.14 6.77535e-07
56.16 -1.10314e-07
56.18 -4.76374e-07
56.2 -9.47663e-08
56.22 2.54438e-07
56.24 -4.55237e-11
56.26 -3.86392e-07
56.28 -2.52654e-07
56.3 2.69501e-07
56.32 5.06086e-07
56.34 2.04875e-07
56.36 -1.17091e-07
56.38 -5.37031e-09
56.4 2.44314e-07
56.42 1.50437e-07
56.44 -1.19602e-07
56.46 -1.81703e-08
56.48 4.09037e-07
56.5 5.07137e-07
56.52 9.88056e-08
56.54 -1.89003e-07
56.56 7.42232e-08
56.58 4.4851e-07
56.6 2.6825e-07
56.62 -3.15238e-07
56.64 -5.09557e-07
56.66 -7.49808e-08
56.68 3.43305e-07
56.7 1.53003e-07
56.72 -3.39298e-07
56.74 -3.83397e-07
56.76 8.32149e-08
56.78 3.65524e-07
56.8 8.32055e-08
56.82 -2.61377e-07
56.84 -1.19135e-07
56.86 2.59439e-07
56.88 3.24597e-07
56.9 -1.24541e-08
56.92 -3.25447e-07
56.94 -2.33058e-07
56.96 3.57826e-09
56.98 -1.06287e-07
57 -4.4894e-07
57.02 -4.87505e-07
57.04 -1.7328e-07
57.06 -3.61851e-08
57.08 -2.57781e-07
57.1 -3.30244e-07
57.12 1.77743e-08
57.14 2.75324e-07
57.16 2.77042e-08
57.18 -3.39944e-07
57.2 -2.38137e-07
57.22 2.06509e-07
57.24 3.01955e-07
57.26 -1.36926e-07
57.28 -4.6773e-07
57.3 -1.73629e-07
57.32 3.38294e-07
57.34 3.19216e-07
57.36 -1.71935e-07
57.38 -3.30407e-07
57.4 1.3301e-07
57.42 5.28096e-07
57.44 2.78141e-07
57.46 -2.41562e-07
57.48 -3.18452e-07
57.5 8.18848e-08
57.52 3.47404e-07
57.54 1.22326e-07
57.56 -2.4743e-07
57.58 -2.36456e-07
57.6 1.13071e-07
57.62 2.95111e-07
57.64 9.38241e-08
57.66 -1.56367e-07
57.68 -9.8359e-08
57.7 1.27322e-07
57.72 1.39825e-07
57.74 -8.22767e-08
57.76 -1.9881e-07
57.78 -5.43632e-08
57.8 9.58314e-08
57.82 1.77624e-08
57.84 -1.32419e-07
57.86 -8.91021e-08
57.88 8.36924e-08
57.9 1.01168e-07
57.92 -6.77582e-08
57.94 -1.3972e-07
57.96 1.27296e-08
57.98 1.44823e-07
58 4.51313e-08
58.02 -1.27287e-07
58.04 -1.20018e-07
58.06 3.49874e-08
58.08 1.0642e-07
58.1 5.75643e-09
58.12 -9.89691e-08
58.14 -4.62103e-08
58.16 7.78642e-08
58.18 8.70594e-08
58.2 -1.88632e-08
58.22 -6.70723e-08
58.24 1.55917e-08
58.26 9.42168e-08
58.28 4.52319e-08
58.3 -5.18909e-08
58.32 -4.65784e-08
58.34 4.86297e-08
58.36 8.47877e-08
58.38 1.28107e-08
58.4 -4.67993e-08
58.42 1.22074e-10
58.44 7.78512e-08
58.46 6.64975e-08
58.48 -1.33947e-08
58.5 -3.95694e-08
58.52 2.43649e-08
58.54 7.75531e-08
58.56 3.9347e-08
58.58 -2.76395e-08
58.6 -1.90173e-08
58.62 4.86331e-08
58.64 6.87045e-08
58.66 1.39191e-08
58.68 -2.6376e-08
58.7 8.37563e-09
58.72 5.9783e-08
58.74 4.84701e-08
58.76 -4.04877e-09
58.78 -1.50062e-08
58.8 2.96525e-08
58.82 5.84115e-08
58.84 2.85861e-08
58.86 -1.08658e-08
58.88 4.63921e-10
58.9 4.22977e-08
58.92 4.95749e-08
58.94 1.37056e-08
58.96 -8.17474e-09
58.98 1.61542e-08
59 4.70038e-08
59.02 3.74822e-08
59.04 4.77347e-09
59.06 -3.58646e-11
59.08 2.86375e-08
59.1 4.5419e-08
59.12 2.58869e-08
59.14 2.08696e-09
59.16 1.0381e-08
59.18 3.62445e-08
59.2 3.95807e-08
59.22 1.69766e-08
59.24 4.42898e-09
59.26 2.03664e-08
59.28 3.89738e-08
59.3 3.21131e-08
59.32 1.19746e-08
59.34 9.99668e-09
59.36 2.81092e-08
59.38 3.77739e-08
59.4 2.51003e-08
59.42 1.08556e-08
59.44 1.68059e-08
59.46 3.27775e-08
59.48 3.41347e-08
59.5 1.9945e-08
59.52 1.28181e-08
59.54 2.32012e-08
59.56 3.4405e-08
59.58 2.96059e-08
59.6 1.72618e-08
59.62 1.66667e-08
59.64 2.80932e-08
59.66 3.36401e-08
59.68 2.54705e-08
59.7 1.69825e-08
59.72 2.11679e-08
59.74 3.10196e-08
59.76 3.14356e-08
59.78 2.25631e-08
59.8 1.85674e-08
59.82 2.53126e-08
59.84 3.20516e-08
59.86 2.87577e-08
59.88 2.12204e-08
59.9 2.12543e-08
59.92 2.84563e-08
59.94 3.16255e-08
59.96 2.63925e-08
59.98 6.97157e-09
