0.02 1.55723e-07
0.04 4.41132e-07
0.06 4.82817e-07
0.08 2.20832e-07
0.1 6.32107e-08
0.12 2.36346e-07
0.14 4.56805e-07
0.16 3.94948e-07
0.18 1.77928e-07
0.2 1.67235e-07
0.22 3.92687e-07
0.24 5.29887e-07
0.26 4.20265e-07
0.28 3.03942e-07
0.3 4.21348e-07
0.32 6.14176e-07
0.34 6.38696e-07
0.36 5.87039e-07
0.38 5.66424e-07
0.4 2.97325e-07
0.42 -3.76177e-07
0.44 -3.43571e-07
0.46 1.04404e-06
0.48 1.64875e-06
0.5 5.97588e-08
0.52 -1.56083e-06
0.54 -1.13667e-06
0.56 -3.35102e-07
0.58 -1.64572e-06
0.6 -3.02689e-06
0.62 -1.37853e-06
0.64 5.45164e-07
0.66 -6.69613e-07
0.68 -4.15474e-06
0.7 -6.08041e-06
0.72 -1.39795e-06
0.74 5.29704e-06
0.76 3.77376e-06
0.78 -2.02679e-06
0.8 5.52594e-07
0.82 1.11119e-05
0.84 1.56469e-05
0.86 7.57932e-06
0.88 -2.05607e-06
0.9 -1.30544e-06
0.92 6.121e-06
0.94 6.87624e-06
0.96 -3.72503e-06
0.98 -1.33714e-05
1 -9.20035e-06
1.02 3.20329e-06
1.04 6.48004e-06
1.06 -4.85667e-06
1.08 -1.62723e-05
1.1 -1.32509e-05
1.12 -5.49433e-07
1.14 6.60949e-06
1.16 5.31098e-07
1.18 -1.24327e-05
1.2 -1.35056e-05
1.22 2.95079e-06
1.24 1.23475e-05
1.26 -1.6812e-06
1.28 -1.93244e-05
1.3 -1.7066e-05
1.32 1.96765e-06
1.34 1.69825e-05
1.36 1.22098e-05
1.38 -5.1318e-06
1.4 -1.15986e-05
1.42 4.53686e-07
1.44 1.00401e-05
1.46 -4.0472e-06
1.48 -3.01319e-05
1.5 -3.61435e-05
1.52 -1.57965e-05
1.54 8.65435e-07
1.56 -9.02327e-06
1.58 -2.7801e-05
1.6 -2.30462e-05
1.62 2.48705e-06
1.64 1.38227e-05
1.66 -2.37797e-06
1.68 -1.94133e-05
1.7 -1.24252e-05
1.72 5.19362e-06
1.74 3.50114e-06
1.76 -1.4551e-05
1.78 -1.79318e-05
1.8 -2.84248e-06
1.82 1.96293e-06
1.84 -1.45608e-05
1.86 -2.69379e-05
1.88 -9.64282e-06
1.9 1.76182e-05
1.92 1.00357e-05
1.94 -2.7978e-05
1.96 -4.00382e-05
1.98 -7.58214e-06
2 1.47602e-05
2.02 -1.42656e-05
2.04 -5.39136e-05
2.06 -4.51693e-05
2.08 -4.47834e-06
2.1 2.9235e-06
2.12 -3.15199e-05
2.14 -4.7671e-05
2.16 -1.66705e-05
2.18 1.67309e-05
2.2 8.46219e-06
2.22 -2.41276e-05
2.24 -3.24283e-05
2.26 -6.09015e-06
2.28 8.51696e-06
2.3 -1.84206e-05
2.32 -4.77732e-05
2.34 -3.57666e-05
2.36 -3.31489e-07
2.38 7.95954e-06
2.4 -2.54453e-05
2.42 -5.39773e-05
2.44 -3.36535e-05
2.46 6.41215e-06
2.48 8.88416e-06
2.5 -2.01424e-05
2.52 -2.61587e-05
2.54 2.03841e-06
2.56 2.16432e-05
2.58 1.39367e-05
2.6 1.12313e-05
2.62 3.55896e-05
2.64 6.04363e-05
2.66 5.67176e-05
2.68 4.28027e-05
2.7 5.48658e-05
2.72 8.76338e-05
2.74 0.000105314
2.76 9.79101e-05
2.78 8.82842e-05
2.8 9.55627e-05
2.82 0.000114025
2.84 0.000122479
2.86 0.000114079
2.88 0.000101249
2.9 9.42886e-05
2.92 9.78103e-05
2.94 0.000104663
2.96 9.86915e-05
2.98 8.48915e-05
3 8.55628e-05
3.02 8.49904e-05
3.04 5.12615e-05
3.06 1.44382e-05
3.08 1.41316e-05
3.1 2.28755e-05
3.12 1.33234e-07
3.14 -4.25755e-05
3.16 -6.7715e-05
3.18 -6.83355e-05
3.2 -7.1607e-05
3.22 -9.45536e-05
3.24 -0.000120229
3.26 -0.000123904
3.28 -0.000111143
3.3 -0.000103196
3.32 -0.000105295
3.34 -0.00010451
3.36 -7.91659e-05
3.38 -3.64754e-05
3.4 -1.62177e-05
3.42 -2.62867e-05
3.44 -1.74215e-05
3.46 4.45215e-05
3.48 0.00010626
3.5 9.70929e-05
3.52 4.85058e-05
3.54 4.85805e-05
3.56 0.000101433
3.58 0.000129171
3.6 0.00010108
3.62 7.72671e-05
3.64 9.09238e-05
3.66 7.28826e-05
3.68 1.98712e-06
3.7 -2.73256e-05
3.72 6.52564e-06
3.74 8.66859e-06
3.76 -5.355e-05
3.78 -9.69389e-05
3.8 -6.5863e-05
3.82 -2.44689e-05
3.84 -4.60015e-05
3.86 -9.85974e-05
3.88 -0.000111074
3.9 -7.85924e-05
3.92 -6.1185e-05
3.94 -9.22505e-05
3.96 -0.000129977
3.98 -0.000112447
4 -3.95114e-05
4.02 2.98503e-06
4.04 -3.94248e-05
4.06 -8.40322e-05
4.08 -3.72959e-05
4.1 4.7261e-05
4.12 5.86207e-05
4.14 6.9986e-06
4.16 -4.69192e-06
4.18 3.96047e-05
4.2 4.03119e-05
4.22 -3.38019e-05
4.24 -8.06729e-05
4.26 -4.2849e-05
4.28 3.33318e-06
4.3 -1.7782e-05
4.32 -4.94278e-05
4.34 8.40574e-07
4.36 7.38187e-05
4.38 5.01029e-05
4.4 -3.72139e-05
4.42 -6.15961e-05
4.44 -2.61321e-06
4.46 4.56175e-05
4.48 3.30642e-05
4.5 -1.12886e-05
4.52 -4.69892e-05
4.54 -3.95362e-05
4.56 -2.21646e-07
4.58 1.51466e-05
4.6 -1.29933e-05
4.62 -3.99524e-05
4.64 -1.22314e-05
4.66 4.79574e-05
4.68 5.92005e-05
4.7 1.48692e-05
4.72 -1.94843e-07
4.74 4.82788e-05
4.76 9.18279e-05
4.78 5.90884e-05
4.8 -2.0944e-05
4.82 -3.99126e-05
4.84 3.08153e-05
4.86 8.03195e-05
4.88 3.03927e-05
4.9 -4.09693e-05
4.92 -3.16658e-05
4.94 2.35206e-05
4.96 2.52688e-05
4.98 -3.24001e-05
5 -7.40081e-05
5.02 -6.25148e-05
5.04 -4.23608e-05
5.06 -4.98289e-05
5.08 -3.64855e-05
5.1 2.16939e-05
5.12 4.65961e-05
5.14 1.88179e-06
5.16 -3.42627e-05
5.18 4.01555e-07
5.2 5.86415e-05
5.22 6.3727e-05
5.24 1.06551e-05
5.26 -4.94262e-05
5.28 -5.56495e-05
5.3 2.25413e-06
5.32 5.48907e-05
5.34 4.53114e-05
5.36 2.81177e-06
5.38 -9.41328e-06
5.4 1.69499e-05
5.42 3.38431e-05
5.44 2.26014e-05
5.46 1.67242e-05
5.48 3.17621e-05
5.5 4.24926e-05
5.52 3.1742e-05
5.54 1.42025e-05
5.56 7.5557e-06
5.58 9.70919e-06
5.6 9.56007e-06
5.62 2.6573e-06
5.64 4.74308e-07
5.66 1.19061e-05
5.68 1.63388e-05
5.7 -1.85331e-07
5.72 -1.32383e-05
5.74 -4.50039e-06
5.76 7.57944e-06
5.78 -1.22558e-06
5.8 -2.19643e-05
5.82 -2.12333e-05
5.84 1.76475e-06
5.86 6.2772e-06
5.88 -2.08398e-05
5.9 -4.34504e-05
5.92 -2.86682e-05
5.94 1.41021e-05
5.96 3.82479e-05
5.98 2.249e-05
6 8.07779e-06
6.02 2.5348e-05
6.04 4.64448e-05
6.06 4.53737e-05
6.08 2.86817e-05
6.1 1.29605e-05
6.12 1.82348e-05
6.14 4.25329e-05
6.16 5.18251e-05
6.18 1.7763e-05
6.2 -3.92451e-05
6.22 -5.6504e-05
6.24 -2.49041e-05
6.26 -1.4623e-05
6.28 -5.59618e-05
6.3 -8.3203e-05
6.32 -4.06291e-05
6.34 1.68942e-05
6.36 7.16324e-06
6.38 -4.39194e-05
6.4 -4.98088e-05
6.42 -9.04858e-07
6.44 3.04223e-05
6.46 1.96126e-06
6.48 -4.58459e-05
6.5 -5.83632e-05
6.52 -3.7704e-05
6.54 -3.10834e-05
6.56 -5.25673e-05
6.58 -5.2486e-05
6.6 -1.70547e-05
6.62 -3.16252e-06
6.64 -2.31409e-05
6.66 -1.82937e-05
6.68 2.62491e-05
6.7 4.76743e-05
6.72 3.73641e-06
6.74 -5.96476e-05
6.76 -6.28747e-05
6.78 -3.51541e-06
6.8 3.49524e-05
6.82 2.09412e-06
6.84 -4.47299e-05
6.86 -2.75945e-05
6.88 2.72949e-05
6.9 3.05746e-05
6.92 -2.90337e-05
6.94 -6.70788e-05
6.96 -2.80223e-05
6.98 3.47818e-05
7 3.80242e-05
7.02 -1.40711e-05
7.04 -4.04148e-05
7.06 -2.09402e-06
7.08 4.20224e-05
7.1 3.1018e-05
7.12 -6.23034e-06
7.14 -7.43398e-06
7.16 2.7904e-05
7.18 4.72159e-05
7.2 2.70984e-05
7.22 4.61986e-06
7.24 1.67453e-05
7.26 3.9669e-05
7.28 2.30964e-05
7.3 -1.98569e-05
7.32 -2.21174e-05
7.34 2.51059e-05
7.36 5.11958e-05
7.38 1.77897e-05
7.4 -2.14153e-05
7.42 -9.61465e-06
7.44 2.67892e-05
7.46 2.64661e-05
7.48 -1.4354e-05
7.5 -3.69524e-05
7.52 -9.14935e-06
7.54 2.06251e-05
7.56 1.67492e-06
7.58 -3.27309e-05
7.6 -1.8854e-05
7.62 3.2343e-05
7.64 5.09563e-05
7.66 2.16053e-05
7.68 1.69791e-07
7.7 1.55704e-05
7.72 3.16899e-05
7.74 1.59869e-05
7.76 -2.68491e-06
7.78 1.44664e-05
7.8 4.33302e-05
7.82 3.75814e-05
7.84 1.34726e-06
7.86 -2.41605e-05
7.88 -1.47841e-05
7.9 9.36647e-06
7.92 9.73699e-06
7.94 -1.37472e-05
7.96 -2.27386e-05
7.98 -4.37187e-06
8 1.10561e-05
8.02 4.12049e-06
8.04 -5.86713e-06
8.06 5.62589e-07
8.08 1.25196e-05
8.1 1.20138e-05
8.12 2.3188e-06
8.14 -1.15762e-06
8.16 5.59355e-06
8.18 1.41583e-05
8.2 1.89183e-05
8.22 1.78362e-05
8.24 1.09543e-06
8.26 -2.5448e-05
8.28 -2.67384e-05
8.3 4.19183e-06
8.32 2.69305e-05
8.34 1.57561e-05
8.36 -8.85215e-06
8.38 -1.26476e-05
8.4 8.81705e-06
8.42 2.56223e-05
8.44 1.23813e-05
8.46 -2.12088e-05
8.48 -3.51307e-05
8.5 -6.88644e-06
8.52 2.65436e-05
8.54 1.92811e-05
8.56 -9.85367e-06
8.58 -8.66431e-06
8.6 2.72143e-05
8.62 4.79654e-05
8.64 1.97178e-05
8.66 -1.65638e-05
8.68 2.60807e-07
8.7 4.78419e-05
8.72 5.29321e-05
8.74 8.34322e-06
8.76 -1.99333e-05
8.78 4.87799e-06
8.8 3.70257e-05
8.82 1.96381e-05
8.84 -2.88981e-05
8.86 -4.75421e-05
8.88 -1.76923e-05
8.9 1.96519e-05
8.92 1.45459e-05
8.94 -1.80574e-05
8.96 -2.01948e-05
8.98 8.0052e-06
9 1.64293e-05
9.02 -8.27303e-06
9.04 -2.9959e-05
9.06 -1.70376e-05
9.08 1.56291e-05
9.1 2.01881e-05
9.12 -1.56806e-05
9.14 -4.0082e-05
9.16 -1.84442e-05
9.18 6.82062e-06
9.2 -1.00648e-05
9.22 -4.34411e-05
9.24 -4.05121e-05
9.26 -3.40506e-06
9.28 1.56763e-05
9.3 -2.96419e-06
9.32 -1.91597e-05
9.34 -8.29155e-07
9.36 2.77635e-05
9.38 2.35753e-05
9.4 -1.10869e-05
9.42 -2.73517e-05
9.44 1.31544e-07
9.46 3.14678e-05
9.48 1.55385e-05
9.5 -3.06087e-05
9.52 -4.01998e-05
9.54 -3.98353e-07
9.56 2.32834e-05
9.58 -6.36856e-07
9.6 -1.49365e-05
9.62 1.32496e-05
9.64 2.81354e-05
9.66 -9.625e-06
9.68 -4.94748e-05
9.7 -3.61939e-05
9.72 6.0735e-06
9.74 2.24709e-05
9.76 -5.64317e-06
9.78 -4.8021e-05
9.8 -4.81666e-05
9.82 -3.35586e-06
9.84 2.13905e-05
9.86 1.84725e-06
9.88 -1.43786e-05
9.9 5.31425e-06
9.92 3.07397e-05
9.94 1.64481e-05
9.96 -2.1977e-05
9.98 -2.24853e-05
10 2.25775e-05
10.02 4.80687e-05
10.04 1.82403e-05
10.06 -1.85816e-05
10.08 -1.10637e-05
10.1 1.70868e-05
10.12 1.31331e-05
10.14 -2.33684e-05
10.16 -4.14557e-05
10.18 -1.35336e-05
10.2 1.86959e-05
10.22 5.27314e-06
10.24 -3.33223e-05
10.26 -3.88378e-05
10.28 -4.51017e-06
10.3 1.9537e-05
10.32 4.91774e-06
10.34 -1.78025e-05
10.36 -1.06814e-05
10.38 1.54045e-05
10.4 2.05997e-05
10.42 4.5651e-07
10.44 -8.37828e-06
10.46 9.4949e-06
10.48 2.53357e-05
10.5 1.64887e-05
10.52 6.35723e-07
10.54 1.50739e-06
10.56 7.43974e-06
10.58 -5.46362e-07
10.6 -7.93439e-06
10.62 2.11671e-06
10.64 1.44519e-05
10.66 1.04974e-05
10.68 -3.44019e-06
10.7 -1.17068e-05
10.72 -8.37645e-06
10.74 1.23167e-07
10.76 6.20746e-07
10.78 -6.65449e-06
10.8 -3.91315e-06
10.82 1.13321e-05
10.84 1.82555e-05
10.86 5.33341e-06
10.88 -1.45245e-05
10.9 -1.82656e-05
10.92 -1.12978e-06
10.94 1.22324e-05
10.96 2.90853e-06
10.98 -1.28293e-05
11 -1.13888e-05
11.02 1.20212e-06
11.04 2.84405e-06
11.06 -7.66795e-06
11.08 -1.11796e-05
11.1 -2.43293e-07
11.12 1.21212e-05
11.14 1.37141e-05
11.16 7.85109e-06
11.18 5.67613e-06
11.2 1.04909e-05
11.22 1.5197e-05
11.24 1.08413e-05
11.26 -2.7759e-06
11.28 -1.23816e-05
11.3 -7.82958e-06
11.32 1.36033e-06
11.34 -1.4868e-07
11.36 -1.15521e-05
11.38 -1.78672e-05
11.4 -8.45492e-06
11.42 8.29353e-06
11.44 1.15682e-05
11.46 -2.63197e-06
11.48 -1.2777e-05
11.5 -4.38724e-06
11.52 8.48721e-06
11.54 7.56399e-06
11.56 -1.59389e-06
11.58 -8.45189e-07
11.6 1.17008e-05
11.62 1.98287e-05
11.64 1.38981e-05
11.66 4.07447e-06
11.68 3.94184e-06
11.7 1.0106e-05
11.72 9.61771e-06
11.74 1.63951e-06
11.76 -4.21863e-06
11.78 -5.25993e-06
11.8 -7.48129e-06
11.82 -1.37516e-05
11.84 -1.78193e-05
11.86 -1.39133e-05
11.88 -7.51434e-06
11.9 -4.85694e-06
11.92 -1.04388e-06
11.94 6.8366e-06
11.96 1.05762e-05
11.98 5.11669e-06
12 -2.36864e-06
12.02 -2.11888e-06
12.04 5.20278e-06
12.06 8.74507e-06
12.08 3.40007e-06
12.1 -3.03046e-06
12.12 -3.32161e-06
12.14 1.90969e-06
12.16 8.37083e-06
12.18 9.66446e-06
12.2 3.68803e-06
12.22 -2.74498e-06
12.24 -4.3172e-06
12.26 -4.55408e-06
12.28 -8.07512e-06
12.3 -1.32967e-05
12.32 -1.53384e-05
12.34 -1.2864e-05
12.36 -9.20313e-06
12.38 -6.67508e-06
12.4 -3.91724e-06
12.42 2.0204e-07
12.44 4.03602e-06
12.46 5.10375e-06
12.48 3.94567e-06
12.5 4.6174e-06
12.52 8.29396e-06
12.54 1.01395e-05
12.56 6.98751e-06
12.58 3.83637e-06
12.6 6.45612e-06
12.62 1.18095e-05
12.64 1.18239e-05
12.66 3.70141e-06
12.68 -4.91175e-06
12.7 -4.84016e-06
12.72 6.38796e-07
12.74 7.10893e-07
12.76 -6.35032e-06
12.78 -1.15487e-05
12.8 -7.55014e-06
12.82 3.35572e-06
12.84 1.04188e-05
12.86 5.37575e-06
12.88 -5.11674e-06
12.9 -6.4675e-06
12.92 3.53853e-06
12.94 1.05673e-05
12.96 4.127e-06
12.98 -6.09915e-06
13 -5.09085e-06
13.02 3.99058e-06
13.04 5.88015e-06
13.06 -1.50863e-06
13.08 -4.61125e-06
13.1 2.68935e-06
13.12 9.94325e-06
13.14 7.3616e-06
13.16 -3.6055e-07
13.18 -3.07847e-06
13.2 4.78966e-07
13.22 4.0856e-06
13.24 3.91191e-06
13.26 1.92301e-06
13.28 2.36471e-07
13.3 -2.58266e-06
13.32 -6.05874e-06
13.34 -6.0782e-06
13.36 -1.42311e-06
13.38 3.8225e-06
13.4 4.35326e-06
13.42 -2.84995e-07
13.44 -3.31321e-06
13.46 -4.44566e-07
13.48 1.892e-06
13.5 -2.02753e-06
13.52 -6.04024e-06
13.54 -2.92061e-06
13.56 2.47023e-06
13.58 1.00118e-06
13.6 -6.02427e-06
13.62 -8.60442e-06
13.64 -2.84981e-06
13.66 3.09204e-06
13.68 6.59544e-07
13.7 -6.64481e-06
13.72 -8.21353e-06
13.74 -1.5672e-06
13.76 5.09015e-06
13.78 5.3059e-06
13.8 2.2637e-06
13.82 2.15192e-06
13.84 4.7931e-06
13.86 4.50544e-06
13.88 -1.05629e-06
13.9 -5.97448e-06
13.92 -3.96228e-06
13.94 1.92411e-06
13.96 3.96693e-06
13.98 7.58598e-07
14 -1.96695e-06
14.02 1.34858e-06
14.04 9.54571e-06
14.06 1.45216e-05
14.08 1.14842e-05
14.1 5.52795e-06
14.12 1.30647e-06
14.14 -2.61034e-06
14.16 -4.99799e-06
14.18 -2.28392e-06
14.2 1.65845e-06
14.22 -1.4741e-06
14.24 -1.0317e-05
14.26 -1.33907e-05
14.28 -5.93155e-06
14.3 2.17734e-06
14.32 -6.56619e-08
14.34 -9.75902e-06
14.36 -1.37818e-05
14.38 -6.59179e-06
14.4 1.16234e-06
14.42 -2.29087e-06
14.44 -1.17966e-05
14.46 -1.22469e-05
14.48 -1.66741e-06
14.5 6.06294e-06
14.52 3.04253e-06
14.54 -2.20886e-06
14.56 1.18371e-07
14.58 5.58838e-06
14.6 4.05123e-06
14.62 -1.53876e-06
14.64 8.64973e-07
14.66 1.06905e-05
14.68 1.30579e-05
14.7 -4.16909e-07
14.72 -1.73571e-05
14.74 -1.74517e-05
14.76 -1.21898e-06
14.78 8.34307e-06
14.8 -2.72336e-06
14.82 -1.89202e-05
14.84 -1.56884e-05
14.86 3.71729e-06
14.88 9.90609e-06
14.9 -7.04134e-06
14.92 -1.81426e-05
14.94 -2.13691e-06
14.96 1.73716e-05
14.98 1.04218e-05
15 -1.09214e-05
15.02 -1.34178e-05
15.04 4.42508e-06
15.06 1.2105e-05
15.08 -2.88192e-06
15.1 -1.67007e-05
15.12 -7.2701e-06
15.14 1.35978e-05
15.16 1.81584e-05
15.18 2.4495e-06
15.2 -8.69401e-06
15.22 5.42966e-07
15.24 1.27486e-05
15.26 5.74773e-06
15.28 -1.21818e-05
15.3 -1.66605e-05
15.32 -4.41201e-06
15.34 4.48776e-06
15.36 -1.71466e-06
15.38 -1.02135e-05
15.4 -5.1688e-06
15.42 7.86328e-06
15.44 1.08709e-05
15.46 1.93283e-07
15.48 -9.22819e-06
15.5 -5.75591e-06
15.52 4.53171e-06
15.54 7.73368e-06
15.56 1.39195e-06
15.58 -2.16188e-06
15.6 4.71819e-06
15.62 1.19926e-05
15.64 7.4006e-06
15.66 -4.33872e-06
15.68 -7.68258e-06
15.7 1.75354e-06
15.72 1.09585e-05
15.74 8.8202e-06
15.76 1.34583e-06
15.78 4.71192e-07
15.8 6.57683e-06
15.82 9.26686e-06
15.84 2.72092e-06
15.86 -5.28544e-06
15.88 -4.06232e-06
15.9 4.02674e-06
15.92 7.2426e-06
15.94 2.61042e-06
15.96 -5.41229e-08
15.98 5.37144e-06
16 1.10468e-05
16.02 8.39619e-06
16.04 1.55332e-06
16.06 -2.89187e-07
16.08 4.04652e-06
16.1 7.27429e-06
16.12 3.4534e-06
16.14 -3.80072e-06
16.16 -5.09446e-06
16.18 2.35586e-06
16.2 9.61284e-06
16.22 7.39918e-06
16.24 -5.72106e-07
16.26 -4.33751e-06
16.28 -2.193e-06
16.3 1.45818e-06
16.32 4.00921e-06
16.34 3.8555e-06
16.36 2.12667e-07
16.38 -3.51385e-06
16.4 -2.90366e-06
16.42 5.48984e-09
16.44 -8.01524e-07
16.46 -5.55051e-06
16.48 -8.63323e-06
16.5 -8.49726e-06
16.52 -1.01843e-05
16.54 -1.53769e-05
16.56 -1.71982e-05
16.58 -1.09381e-05
16.6 -3.72504e-06
16.62 -4.98508e-06
16.64 -1.21823e-05
16.66 -1.43506e-05
16.68 -4.01038e-06
16.7 1.54191e-05
16.72 2.80757e-05
16.74 2.54336e-05
16.76 2.19681e-05
16.78 3.05318e-05
16.8 4.0738e-05
16.82 3.8195e-05
16.84 2.34339e-05
16.86 2.11224e-06
16.88 -1.24665e-05
16.9 -2.34661e-06
16.92 1.65764e-05
16.94 8.51464e-06
16.96 -1.90827e-05
16.98 -2.5584e-05
17 -4.0589e-06
17.02 1.01351e-05
17.04 -4.67103e-06
17.06 -2.64251e-05
17.08 -2.48908e-05
17.1 -7.66944e-06
17.12 -8.20761e-06
17.14 -3.11038e-05
17.16 -4.08209e-05
17.18 -1.75618e-05
17.2 5.30489e-06
17.22 -8.68139e-06
17.24 -3.54808e-05
17.26 -2.85352e-05
17.28 1.92586e-06
17.3 8.05694e-06
17.32 -1.52405e-05
17.34 -2.42638e-05
17.36 3.46854e-06
17.38 3.54171e-05
17.4 3.41471e-05
17.42 1.31896e-05
17.44 1.40947e-05
17.46 3.9791e-05
17.48 4.90047e-05
17.5 2.33454e-05
17.52 -2.30429e-07
17.54 1.10822e-05
17.56 2.92762e-05
17.58 1.2759e-05
17.6 -2.12917e-05
17.62 -2.72424e-05
17.64 -5.52548e-06
17.66 3.58447e-06
17.68 -1.51583e-05
17.7 -3.30411e-05
17.72 -2.60931e-05
17.74 -1.04026e-05
17.76 -1.19391e-05
17.78 -2.54712e-05
17.8 -2.70442e-05
17.82 -1.27088e-05
17.84 2.28903e-07
17.86 1.05061e-06
17.88 -4.28931e-06
17.9 -4.51556e-06
17.92 3.14288e-06
17.94 1.09139e-05
17.96 1.30973e-05
17.98 1.35168e-05
18 1.6111e-05
18.02 1.74979e-05
18.04 1.43209e-05
18.06 1.01288e-05
18.08 7.40661e-06
18.1 9.40838e-07
18.12 -9.24772e-06
18.14 -1.23345e-05
18.16 -5.52727e-06
18.18 -9.08344e-07
18.2 -7.21227e-06
18.22 -1.89037e-05
18.24 -2.61637e-05
18.26 -2.75715e-05
18.28 -2.83235e-05
18.3 -2.93533e-05
18.32 -2.27675e-05
18.34 -1.13802e-06
18.36 2.26827e-05
18.38 2.52424e-05
18.4 1.31375e-05
18.42 1.57106e-05
18.44 3.65271e-05
18.46 4.98496e-05
18.48 3.53346e-05
18.5 1.82392e-06
18.52 -1.43928e-05
18.54 5.90349e-06
18.56 2.84667e-05
18.58 1.44328e-05
18.6 -1.90889e-05
18.62 -2.78215e-05
18.64 -5.78275e-06
18.66 9.47046e-06
18.68 -6.86848e-06
18.7 -3.1976e-05
18.72 -3.16319e-05
18.74 -1.16287e-05
18.76 -7.31752e-06
18.78 -2.85799e-05
18.8 -3.9682e-05
18.82 -8.54288e-06
18.84 3.45209e-05
18.86 3.53927e-05
18.88 6.57667e-06
18.9 5.61765e-06
18.92 3.90226e-05
18.94 5.81659e-05
18.96 3.82498e-05
18.98 1.09611e-05
19 1.05758e-05
19.02 2.49776e-05
19.04 2.30267e-05
19.06 4.39322e-07
19.08 -1.8328e-05
19.1 -1.26692e-05
19.12 4.44147e-06
19.14 2.19031e-06
19.16 -2.02007e-05
19.18 -2.97708e-05
19.2 -1.43749e-05
19.22 -4.55049e-06
19.24 -2.22415e-05
19.26 -4.09771e-05
19.28 -2.67983e-05
19.3 3.03466e-06
19.32 6.73969e-06
19.34 -1.51709e-05
19.36 -2.57511e-05
19.38 -9.59922e-06
19.4 8.41088e-06
19.42 3.4423e-06
19.44 -1.08553e-05
19.46 -3.59876e-06
19.48 2.22905e-05
19.5 3.19554e-05
19.52 1.28315e-05
19.54 -5.72109e-06
19.56 3.32966e-06
19.58 2.43352e-05
19.6 2.09961e-05
19.62 -6.26884e-06
19.64 -1.36007e-05
19.66 1.4281e-05
19.68 2.96882e-05
19.7 -3.73558e-07
19.72 -3.5639e-05
19.74 -2.57337e-05
19.76 1.2275e-05
19.78 2.13528e-05
19.8 -1.24424e-05
19.82 -4.02847e-05
19.84 -2.19217e-05
19.86 1.54993e-05
19.88 2.25278e-05
19.9 -1.35857e-07
19.92 -1.10995e-05
19.94 8.63661e-06
19.96 2.95557e-05
19.98 1.85764e-05
20 -8.14167e-06
20.02 -9.371e-06
20.04 1.63955e-05
20.06 3.01302e-05
20.08 9.84022e-06
20.1 -2.35973e-05
20.12 -3.52817e-05
20.14 -1.73957e-05
20.16 6.08658e-06
20.18 1.28052e-05
20.2 3.48726e-07
20.22 -1.71985e-05
20.24 -1.93655e-05
20.26 -3.09038e-06
20.28 7.50093e-06
20.3 -5.4955e-06
20.32 -1.95271e-05
20.34 -6.33475e-06
20.36 1.44596e-05
20.38 1.02802e-05
20.4 -5.57206e-06
20.42 -9.15127e-07
20.44 2.17161e-05
20.46 3.24036e-05
20.48 1.8844e-05
20.5 -1.30851e-06
20.52 -6.44851e-06
20.54 1.04524e-06
20.56 -8.68001e-08
20.58 -4.84952e-06
20.6 7.09456e-06
20.62 1.35896e-05
20.64 -1.12635e-05
20.66 -3.82504e-05
20.68 -3.48702e-05
20.7 -9.47405e-06
20.72 1.40975e-05
20.74 1.193e-05
20.76 -1.56343e-05
20.78 -2.74652e-05
20.8 -2.92358e-06
20.82 1.65228e-05
20.84 -3.34619e-06
20.86 -2.82465e-05
20.88 -9.37936e-06
20.9 3.39209e-05
20.92 4.14544e-05
20.94 8.86674e-06
20.96 -8.20573e-06
20.98 1.77379e-05
21 4.32992e-05
21.02 1.86994e-05
21.04 -2.64944e-05
21.06 -2.34953e-05
21.08 2.27438e-05
21.1 3.95837e-05
21.12 -1.44807e-06
21.14 -4.24971e-05
21.16 -2.40029e-05
21.18 2.54995e-05
21.2 2.82644e-05
21.22 -2.32268e-05
21.24 -5.37748e-05
21.26 -2.27398e-05
21.28 1.70276e-05
21.3 5.14536e-06
21.32 -3.37313e-05
21.34 -2.88401e-05
21.36 2.3824e-05
21.38 5.04515e-05
21.4 1.92648e-05
21.42 -1.40594e-05
21.44 -7.47905e-06
21.46 1.78606e-05
21.48 2.76193e-05
21.5 8.26045e-06
21.52 -2.04654e-05
21.54 -2.49557e-05
21.56 -9.63965e-06
21.58 -8.34332e-06
21.6 -2.26951e-05
21.62 -2.1155e-05
21.64 -2.88399e-08
21.66 8.32997e-06
21.68 -7.78451e-06
21.7 -1.80974e-05
21.72 1.79459e-06
21.74 2.69672e-05
21.76 1.62005e-05
21.78 -2.08433e-05
21.8 -3.02515e-05
21.82 2.74601e-06
21.84 2.61332e-05
21.86 2.78746e-06
21.88 -2.98425e-05
21.9 -2.01072e-05
21.92 1.78709e-05
21.94 2.93428e-05
21.96 2.21573e-06
21.98 -1.81162e-05
22 5.70904e-07
22.02 2.99337e-05
22.04 2.7272e-05
22.06 -1.66706e-06
22.08 -1.79687e-05
22.1 -6.62914e-06
22.12 8.30149e-06
22.14 1.9021e-06
22.16 -1.5105e-05
22.18 -1.48883e-05
22.2 2.14132e-06
22.22 9.57221e-06
22.24 -1.69354e-06
22.26 -1.19854e-05
22.28 -5.19259e-06
22.3 8.3289e-06
22.32 9.53669e-06
22.34 4.7902e-07
22.36 -1.02922e-06
22.38 9.30969e-06
22.4 1.70953e-05
22.42 1.22129e-05
22.44 2.80914e-06
22.46 2.38322e-06
22.48 1.06393e-05
22.5 1.31963e-05
22.52 2.42364e-06
22.54 -9.19193e-06
22.56 -7.14e-06
22.58 3.03442e-06
22.6 5.05753e-06
22.62 -3.70188e-06
22.64 -9.88926e-06
22.66 -4.99207e-06
22.68 2.35701e-06
22.7 1.5671e-07
22.72 -8.39731e-06
22.74 -1.01567e-05
22.76 -3.22383e-06
22.78 1.25668e-07
22.8 -6.0051e-06
22.82 -1.10653e-05
22.84 -4.86099e-06
22.86 5.45099e-06
22.88 5.98151e-06
22.9 -2.43272e-06
22.92 -6.13622e-06
22.94 8.58372e-07
22.96 8.89043e-06
22.98 7.4506e-06
23 -3.32473e-08
23.02 -2.82018e-06
23.04 9.88256e-07
23.06 2.94311e-06
23.08 -2.16826e-06
23.1 -8.09853e-06
23.12 -6.05571e-06
23.14 1.38625e-06
23.16 2.87447e-06
23.18 -3.89999e-06
23.2 -7.20729e-06
23.22 4.29454e-07
23.24 9.44522e-06
23.26 8.07896e-06
23.28 9.16265e-07
23.3 3.22154e-07
23.32 6.34176e-06
23.34 8.05291e-06
23.36 1.56722e-06
23.38 -4.8397e-06
23.4 -5.07527e-06
23.42 -3.88696e-06
23.44 -6.17059e-06
23.46 -7.77479e-06
23.48 -3.68137e-06
23.5 1.42299e-06
23.52 -2.18111e-07
23.54 -5.70749e-06
23.56 -5.13558e-06
23.58 2.74265e-06
23.6 8.14483e-06
23.62 4.64952e-06
23.64 -1.46142e-06
23.66 -1.10129e-06
23.68 4.63297e-06
23.7 7.99561e-06
23.72 5.4918e-06
23.74 7.53732e-07
23.76 -7.4318e-07
23.78 1.42482e-06
23.8 2.74338e-06
23.82 1.15662e-06
23.84 -7.31561e-07
23.86 -1.44675e-06
23.88 -2.46461e-06
23.9 -3.70849e-06
23.92 -2.52003e-06
23.94 4.94885e-07
23.96 -8.57849e-08
23.98 -4.97718e-06
24 -6.76861e-06
24.02 -3.88845e-07
24.04 9.15323e-06
24.06 1.10732e-05
24.08 2.97223e-06
24.1 -4.25577e-06
24.12 -2.78461e-06
24.14 2.03796e-06
24.16 3.10893e-06
24.18 7.00904e-07
24.2 -2.25054e-06
24.22 -3.73022e-06
24.24 -2.57522e-06
24.26 1.81554e-07
24.28 2.74135e-06
24.3 3.85528e-06
24.32 2.301e-06
24.34 -2.00275e-06
24.36 -6.17802e-06
24.38 -6.19613e-06
24.4 -2.53428e-06
24.42 8.92057e-08
24.44 -7.76284e-09
24.46 3.64716e-08
24.48 1.18049e-06
24.5 8.27348e-07
24.52 -1.41351e-06
24.54 -2.51665e-06
24.56 -7.27e-07
24.58 2.24955e-06
24.6 3.2053e-06
24.62 1.33563e-06
24.64 9.74617e-09
24.66 2.15899e-06
24.68 4.95409e-06
24.7 3.07446e-06
24.72 -2.79232e-06
24.74 -5.26345e-06
24.76 -8.94751e-07
24.78 4.56321e-06
24.8 5.00242e-06
24.82 1.79811e-06
24.84 8.58914e-07
24.86 4.15235e-06
24.88 6.56053e-06
24.9 3.91736e-06
24.92 3.41877e-07
24.94 1.55068e-06
24.96 5.36201e-06
24.98 5.59469e-06
25 1.83854e-06
25.02 -3.56375e-07
25.04 1.94832e-06
25.06 4.96391e-06
25.08 3.90967e-06
25.1 -1.29046e-07
25.12 -1.44433e-06
25.14 2.12056e-06
25.16 5.30343e-06
25.18 3.06788e-06
25.2 -1.62707e-06
25.22 -2.72939e-06
25.24 -1.46416e-07
25.26 7.26725e-07
25.28 -2.80961e-06
25.3 -6.92324e-06
25.32 -6.97058e-06
25.34 -3.17999e-06
25.36 6.39932e-07
25.38 1.09156e-06
25.4 -1.54903e-06
25.42 -3.24968e-06
25.44 -1.46243e-06
25.46 9.23443e-07
25.48 -7.1758e-08
25.5 -3.24033e-06
25.52 -3.6379e-06
25.54 -9.76665e-08
25.56 2.82295e-06
25.58 1.89267e-06
25.6 -1.19095e-07
25.62 9.77824e-07
25.64 4.18709e-06
25.66 4.79592e-06
25.68 1.51741e-06
25.7 -1.56545e-06
25.72 -6.29795e-07
25.74 2.19289e-06
25.76 1.52878e-06
25.78 -2.59255e-06
25.8 -4.34788e-06
25.82 -1.52038e-06
25.84 1.42566e-06
25.86 9.3407e-07
25.88 -1.10939e-06
25.9 -1.70771e-06
25.92 -1.02972e-06
25.94 -8.89288e-07
25.96 -1.53496e-06
25.98 -2.03997e-06
26 -2.39138e-06
26.02 -3.13601e-06
26.04 -3.99378e-06
26.06 -3.75891e-06
26.08 -1.84598e-06
26.1 -1.92656e-07
26.12 -1.44714e-06
26.14 -4.34863e-06
26.16 -4.62344e-06
26.18 -1.45479e-06
26.2 1.12862e-06
26.22 2.35189e-07
26.24 -2.03319e-06
26.26 -1.86575e-06
26.28 8.17928e-07
26.3 2.09334e-06
26.32 7.16711e-08
26.34 -2.0004e-06
26.36 -1.26923e-06
26.38 2.57111e-07
26.4 -4.23943e-07
26.42 -2.50891e-06
26.44 -3.04522e-06
26.46 -1.34074e-06
26.48 8.15113e-07
26.5 1.69431e-06
26.52 7.48105e-07
26.54 -9.4312e-07
26.56 -1.27812e-06
26.58 7.45648e-07
26.6 3.69752e-06
26.62 4.74414e-06
26.64 2.82597e-06
26.66 2.58498e-07
26.68 -2.15328e-08
26.7 1.83126e-06
26.72 2.58999e-06
26.74 5.519e-07
26.76 -1.73288e-06
26.78 -1.67795e-06
26.8 -2.71667e-07
26.82 2.33492e-09
26.84 -1.58199e-06
26.86 -3.00854e-06
26.88 -2.48335e-06
26.9 -1.31116e-06
26.92 -1.16024e-06
26.94 -1.10364e-06
26.96 1.97882e-07
26.98 1.49328e-06
27 4.81177e-07
27.02 -1.62288e-06
27.04 -1.06702e-06
27.06 1.79572e-06
27.08 2.28127e-06
27.1 -9.85915e-07
27.12 -3.27307e-06
27.14 -8.28477e-07
27.16 2.94978e-06
27.18 2.3268e-06
27.2 -2.05451e-06
27.22 -4.03477e-06
27.24 -1.09402e-06
27.26 2.05189e-06
27.28 8.88907e-07
27.3 -2.23434e-06
27.32 -2.21203e-06
27.34 1.23978e-06
27.36 3.55339e-06
27.38 2.19132e-06
27.4 -1.12259e-07
27.42 2.39317e-08
27.44 2.31931e-06
27.46 3.72704e-06
27.48 2.22852e-06
27.5 -4.36412e-07
27.52 -1.39419e-06
27.54 -1.00404e-06
27.56 -1.5314e-06
27.58 -3.20242e-06
27.6 -4.09175e-06
27.62 -3.33444e-06
27.64 -2.69883e-06
27.66 -3.51041e-06
27.68 -4.22128e-06
27.7 -3.03541e-06
27.72 -5.73942e-07
27.74 1.42785e-06
27.76 2.46341e-06
27.78 3.12191e-06
27.8 3.63439e-06
27.82 3.76866e-06
27.84 3.53976e-06
27.86 3.06151e-06
27.88 2.08248e-06
27.9 7.31266e-07
27.92 -1.41298e-07
27.94 -1.84318e-07
27.96 2.13283e-07
27.98 4.98432e-07
28 1.16942e-07
28.02 -4.99294e-07
28.04 -3.65773e-07
28.06 2.45256e-08
28.08 -4.84946e-07
28.1 -1.69025e-06
28.12 -1.85372e-06
28.14 -1.13684e-07
28.16 1.12095e-06
28.18 -2.27053e-07
28.2 -1.47334e-06
28.22 4.54456e-07
28.24 3.58283e-06
28.26 4.44701e-06
28.28 3.44362e-06
28.3 3.43216e-06
28.32 5.1038e-06
28.34 5.89259e-06
28.36 1.82537e-06
28.38 -6.57148e-06
28.4 -1.06875e-05
28.42 -4.38407e-06
28.44 4.76975e-06
28.46 3.84002e-06
28.48 -5.91422e-06
28.5 -9.34365e-06
28.52 -5.16365e-07
28.54 8.45776e-06
28.56 6.25085e-06
28.58 -1.83839e-06
28.6 -3.83853e-06
28.62 7.49181e-07
28.64 3.01994e-06
28.66 5.5427e-07
28.68 -4.42035e-07
28.7 2.81462e-06
28.72 5.14375e-06
28.74 1.64002e-06
28.76 -4.74862e-06
28.78 -6.12442e-06
28.8 7.52951e-08
28.82 5.90286e-06
28.84 2.76909e-06
28.86 -4.82979e-06
28.88 -4.88948e-06
28.9 3.2767e-06
28.92 8.0709e-06
28.94 3.92344e-06
28.96 -1.37126e-06
28.98 -2.41796e-07
29 3.24429e-06
29.02 1.82494e-06
29.04 -1.77006e-06
29.06 -8.3582e-08
29.08 4.91382e-06
29.1 4.53171e-06
29.12 -1.96896e-06
29.14 -5.8646e-06
29.16 -2.50123e-06
29.18 1.95509e-06
29.2 5.20222e-07
29.22 -4.03451e-06
29.24 -4.59472e-06
29.26 -1.04329e-06
29.28 1.0267e-06
29.3 -4.32137e-07
29.32 -2.30946e-06
29.34 -2.03733e-06
29.36 -4.80353e-07
29.38 5.9604e-07
29.4 1.01254e-06
29.42 1.14822e-06
29.44 8.24339e-07
29.46 1.8244e-07
29.48 6.37707e-08
29.5 6.47809e-07
29.52 9.58255e-07
29.54 7.32605e-08
29.56 -2.05917e-06
29.58 -3.96617e-06
29.6 -3.33052e-06
29.62 -3.98011e-07
29.64 8.8483e-07
29.66 -1.68503e-06
29.68 -4.41407e-06
29.7 -3.29578e-06
29.72 -2.71421e-07
29.74 1.35977e-07
29.76 -2.15448e-06
29.78 -2.75451e-06
29.8 -3.2483e-08
29.82 2.24402e-06
29.84 1.39049e-06
29.86 -1.78715e-07
29.88 5.60045e-07
29.9 2.62907e-06
29.92 3.32971e-06
29.94 2.37795e-06
29.96 1.45694e-06
29.98 1.1677e-06
30 2.39323e-07
30.02 -1.91354e-06
30.04 -3.51007e-06
30.06 -2.97851e-06
30.08 -1.84755e-06
30.1 -2.23542e-06
30.12 -2.93953e-06
30.14 -1.41509e-06
30.16 1.62712e-06
30.18 2.91895e-06
30.2 1.56619e-06
30.22 8.69013e-08
30.24 5.49274e-07
30.26 2.2358e-06
30.28 3.19783e-06
30.3 2.88412e-06
30.32 2.57447e-06
30.34 2.79803e-06
30.36 2.46322e-06
30.38 1.26646e-06
30.4 1.8811e-07
30.42 -2.28906e-07
30.44 -9.10562e-07
30.46 -2.82978e-06
30.48 -4.67228e-06
30.5 -4.05479e-06
30.52 -1.10564e-06
30.54 9.69774e-07
30.56 -1.96441e-10
30.58 -1.79736e-06
30.6 -9.79243e-07
30.62 1.99762e-06
30.64 3.71287e-06
30.66 2.82845e-06
30.68 1.48684e-06
30.7 1.93721e-06
30.72 3.36848e-06
30.74 2.73547e-06
30.76 -3.43171e-07
30.78 -1.90147e-06
30.8 3.20657e-08
30.82 1.83731e-06
30.84 5.48095e-07
30.86 -1.53778e-06
30.88 -9.63172e-07
30.9 2.01229e-06
30.92 4.14425e-06
30.94 3.28462e-06
30.96 8.67258e-07
30.98 3.72963e-09
31 1.01855e-06
31.02 1.11591e-06
31.04 -6.73696e-07
31.06 -1.91946e-06
31.08 -1.34617e-06
31.1 -7.30676e-07
31.12 -1.03148e-06
31.14 -6.89128e-07
31.16 1.00674e-06
31.18 2.15482e-06
31.2 1.24937e-06
31.22 -3.04811e-07
31.24 -1.49405e-07
31.26 1.68209e-06
31.28 2.58352e-06
31.3 1.05566e-06
31.32 -7.42315e-07
31.34 -5.50718e-08
31.36 2.18702e-06
31.38 2.54404e-06
31.4 5.39752e-07
31.42 -2.65861e-07
31.44 1.56766e-06
31.46 2.77816e-06
31.48 1.17457e-06
31.5 -1.12268e-06
31.52 -1.57222e-06
31.54 -5.65944e-07
31.56 -1.46949e-07
31.58 -1.08557e-06
31.6 -1.98041e-06
31.62 -1.37053e-06
31.64 -2.28502e-07
31.66 -6.69627e-07
31.68 -2.38261e-06
31.7 -3.01859e-06
31.72 -1.89541e-06
31.74 -7.37378e-07
31.76 -9.10021e-07
31.78 -1.66302e-06
31.8 -1.47983e-06
31.82 -5.04955e-07
31.84 -2.40322e-07
31.86 -6.3574e-07
31.88 -7.83449e-08
31.9 1.35988e-06
31.92 1.70485e-06
31.94 4.91771e-07
31.96 -1.4596e-07
31.98 1.17353e-06
32 2.58071e-06
32.02 1.6561e-06
32.04 -8.15001e-07
32.06 -1.89293e-06
32.08 -7.77768e-07
32.1 2.51184e-07
32.12 -6.45773e-07
32.14 -2.44445e-06
32.16 -2.79078e-06
32.18 -1.22249e-06
32.2 6.05053e-08
32.22 -7.18078e-07
32.24 -2.28995e-06
32.26 -2.29749e-06
32.28 -8.07513e-07
32.3 -8.93619e-08
32.32 -1.25715e-06
32.34 -2.75643e-06
32.36 -2.5575e-06
32.38 -1.10263e-06
32.4 -7.60632e-07
32.42 -2.03705e-06
32.44 -2.76438e-06
32.46 -1.64131e-06
32.48 -6.52245e-08
32.5 -1.00496e-07
32.52 -1.72971e-06
32.54 -2.53302e-06
32.56 -8.85096e-07
32.58 1.23431e-06
32.6 8.85577e-07
32.62 -1.06979e-06
32.64 -1.03534e-06
32.66 1.61426e-06
32.68 3.36598e-06
32.7 1.91256e-06
32.72 -4.89374e-07
32.74 -6.97742e-07
32.76 4.35525e-07
32.78 -1.40413e-07
32.8 -2.18041e-06
32.82 -2.60537e-06
32.84 -5.2147e-07
32.86 1.56906e-06
32.88 1.63276e-06
32.9 1.07426e-06
32.92 1.96586e-06
32.94 3.29518e-06
32.96 2.78049e-06
32.98 8.37172e-07
33 -1.7683e-07
33.02 3.11953e-07
33.04 6.63585e-07
33.06 -5.60191e-08
33.08 -8.29192e-07
33.1 -6.79275e-07
33.12 -2.75993e-07
33.14 -5.47874e-07
33.16 -9.43877e-07
33.18 -6.41645e-07
33.2 4.94723e-08
33.22 5.26577e-07
33.24 5.41032e-07
33.26 2.09117e-07
33.28 -1.65703e-07
33.3 -6.42125e-07
33.32 -1.09291e-06
33.34 -5.42729e-07
33.36 1.21501e-06
33.38 2.33601e-06
33.4 1.20103e-06
33.42 -8.72863e-07
33.44 -1.03998e-06
33.46 9.88518e-07
33.48 2.06499e-06
33.5 1.66077e-07
33.52 -2.19712e-06
33.54 -1.8555e-06
33.56 2.94674e-07
33.58 1.33015e-06
33.6 5.71171e-07
33.62 -3.35063e-07
33.64 -2.17604e-07
33.66 9.60567e-08
33.68 -7.34656e-07
33.7 -2.13727e-06
33.72 -2.14084e-06
33.74 -7.38846e-07
33.76 -1.31507e-07
33.78 -7.28123e-07
33.8 -3.45639e-07
33.82 1.63775e-06
33.84 2.83333e-06
33.86 1.89206e-06
33.88 7.26001e-07
33.9 1.35822e-06
33.92 2.91948e-06
33.94 3.07424e-06
33.96 1.5672e-06
33.98 7.69353e-07
34 1.98603e-06
34.02 3.09321e-06
34.04 1.8982e-06
34.06 -1.23755e-07
34.08 -4.35821e-07
34.1 4.11367e-07
34.12 4.32297e-07
34.14 -5.76205e-07
34.16 -1.33279e-06
34.18 -9.59205e-07
34.2 -2.2019e-08
34.22 2.782e-07
34.24 -3.69374e-07
34.26 -1.08466e-06
34.28 -8.97609e-07
34.3 1.10851e-07
34.32 7.71423e-07
34.34 2.03233e-07
34.36 -6.66033e-07
34.38 8.98433e-08
34.4 2.32429e-06
34.42 3.4244e-06
34.44 2.28306e-06
34.46 1.00013e-06
34.48 1.41162e-06
34.5 2.17543e-06
34.52 1.07694e-06
34.54 -1.24091e-06
34.56 -2.16046e-06
34.58 -8.85287e-07
34.6 7.04432e-07
34.62 9.30385e-07
34.64 2.49812e-07
34.66 -7.58941e-08
34.68 1.35745e-07
34.7 7.48498e-08
34.72 -6.39644e-07
34.74 -1.4105e-06
34.76 -1.59233e-06
34.78 -1.1609e-06
34.8 -4.78776e-07
34.82 -5.20069e-08
34.84 1.00424e-07
34.86 5.90489e-07
34.88 1.23851e-06
34.9 1.16853e-06
34.92 7.87584e-07
34.94 1.2659e-06
34.96 2.36973e-06
34.98 2.75927e-06
35 1.78597e-06
35.02 3.54657e-07
35.04 9.97418e-09
35.06 6.97231e-07
35.08 5.66715e-07
35.1 -1.0282e-06
35.12 -2.26789e-06
35.14 -1.97714e-06
35.16 -1.58813e-06
35.18 -2.31339e-06
35.2 -2.92087e-06
35.22 -1.80092e-06
35.24 2.58468e-07
35.26 9.06222e-07
35.28 -3.82954e-07
35.3 -1.4195e-06
35.32 -3.33063e-07
35.34 1.43556e-06
35.36 1.02392e-06
35.38 -1.00844e-06
35.4 -1.16909e-06
35.42 1.29801e-06
35.44 3.14064e-06
35.46 1.94929e-06
35.48 -4.29384e-07
35.5 -6.79269e-07
35.52 8.22372e-07
35.54 7.77664e-07
35.56 -1.35491e-06
35.58 -2.79974e-06
35.6 -2.3407e-06
35.62 -1.71376e-06
35.64 -2.15279e-06
35.66 -2.55193e-06
35.68 -1.73991e-06
35.7 -6.55937e-07
35.72 -5.90681e-07
35.74 -1.12407e-06
35.76 -1.45498e-06
35.78 -1.07421e-06
35.8 6.52895e-07
35.82 2.44608e-06
35.84 1.48514e-06
35.86 -1.37029e-06
35.88 -1.95135e-06
35.9 4.01619e-08
35.92 6.81304e-07
35.94 -5.4814e-07
35.96 3.46853e-07
35.98 3.53462e-06
36 3.48846e-06
36.02 -9.24908e-07
36.04 -3.10837e-06
36.06 2.32211e-07
36.08 3.81317e-06
36.1 3.09366e-06
36.12 6.92691e-07
36.14 1.90071e-07
36.16 3.78263e-07
36.18 1.95536e-08
36.2 9.4821e-07
36.22 2.86492e-06
36.24 2.81291e-06
36.26 2.11508e-07
36.28 -2.66729e-06
36.3 -3.62129e-06
36.32 -2.75181e-06
36.34 -2.23631e-06
36.36 -2.75104e-06
36.38 -2.52376e-06
36.4 -8.0608e-07
36.42 1.14981e-06
36.44 1.95649e-06
36.46 7.31103e-07
36.48 -1.3467e-06
36.5 -6.51152e-08
36.52 5.7666e-06
36.54 9.59648e-06
36.56 5.84526e-06
36.58 -3.2109e-07
36.6 -7.51782e-08
36.62 5.08538e-06
36.64 5.25148e-06
36.66 -1.32439e-06
36.68 -4.91325e-06
36.7 -1.75342e-06
36.72 -1.80005e-07
36.74 -3.84392e-06
36.76 -4.30631e-06
36.78 2.18423e-06
36.8 5.00187e-06
36.82 -2.54502e-06
36.84 -9.09247e-06
36.86 -3.65525e-06
36.88 5.03471e-06
36.9 2.25794e-06
36.92 -8.64602e-06
36.94 -1.12948e-05
36.96 -1.4403e-06
36.98 8.65449e-06
37 7.79741e-06
37.02 -1.17761e-06
37.04 -4.81894e-06
37.06 3.61862e-06
37.08 1.29453e-05
37.1 8.82421e-06
37.12 -3.56501e-06
37.14 -6.81636e-06
37.16 1.49903e-06
37.18 6.1915e-06
37.2 -9.88933e-07
37.22 -1.02263e-05
37.24 -1.08289e-05
37.26 -4.73821e-06
37.28 7.67879e-07
37.3 1.83897e-06
37.32 -9.62594e-07
37.34 -3.92428e-06
37.36 -3.94351e-06
37.38 -1.94743e-06
37.4 -9.7875e-07
37.42 -1.45574e-06
37.44 -9.97537e-07
37.46 1.06138e-06
37.48 2.88267e-06
37.5 3.11758e-06
37.52 2.07116e-06
37.54 1.20192e-06
37.56 2.39495e-06
37.58 5.56341e-06
37.6 6.97584e-06
37.62 3.7532e-06
37.64 -1.35315e-06
37.66 -3.46636e-06
37.68 -1.15752e-06
37.7 2.69244e-06
37.72 3.29067e-06
37.74 -5.64005e-07
37.76 -3.71706e-06
37.78 -1.53883e-06
37.8 2.74825e-06
37.82 1.74868e-06
37.84 -5.49163e-06
37.86 -1.02825e-05
37.88 -6.0871e-06
37.9 9.25068e-07
37.92 1.5538e-06
37.94 -2.37244e-06
37.96 -3.08535e-06
37.98 3.88387e-07
38 2.6547e-06
38.02 1.15604e-06
38.04 -9.62579e-07
38.06 -2.39556e-07
38.08 1.99362e-06
38.1 1.99493e-06
38.12 -1.3254e-07
38.14 -1.1349e-06
38.16 1.76643e-07
38.18 2.09977e-06
38.2 2.79043e-06
38.22 2.64285e-06
38.24 2.8371e-06
38.26 2.38646e-06
38.28 -1.6355e-07
38.3 -3.36501e-06
38.32 -4.06739e-06
38.34 -1.59342e-06
38.36 8.36831e-07
38.38 -4.7847e-08
38.4 -2.54937e-06
38.42 -1.9764e-06
38.44 2.16704e-06
38.46 5.13388e-06
38.48 3.39295e-06
38.5 -7.53912e-07
38.52 -2.39892e-06
38.54 -6.9675e-07
38.56 5.9216e-07
38.58 -1.07726e-06
38.6 -3.80629e-06
38.62 -4.24006e-06
38.64 -2.12245e-06
38.66 -3.96355e-07
38.68 -7.92274e-07
38.7 -1.71708e-06
38.72 -1.13325e-06
38.74 7.17637e-07
38.76 2.0652e-06
38.78 1.95356e-06
38.8 1.1947e-06
38.82 9.18732e-07
38.84 8.0901e-07
38.86 -2.87378e-07
38.88 -2.05349e-06
38.9 -2.61814e-06
38.92 -1.6305e-06
38.94 -1.10058e-06
38.96 -1.85979e-06
38.98 -1.87078e-06
39 3.68135e-07
39.02 3.06603e-06
39.04 3.74008e-06
39.06 2.98748e-06
39.08 3.421e-06
39.1 5.43282e-06
39.12 6.1193e-06
39.14 3.19335e-06
39.16 -1.27851e-06
39.18 -2.98005e-06
39.2 -1.04832e-06
39.22 8.11438e-07
39.24 -3.08515e-07
39.26 -2.4892e-06
39.28 -2.12879e-06
39.3 4.53936e-07
39.32 1.46275e-06
39.34 -4.97016e-07
39.36 -2.50558e-06
39.38 -2.11963e-06
39.4 -6.06629e-07
39.42 -1.8772e-07
39.44 -9.24879e-07
39.46 -1.44639e-06
39.48 -9.8895e-07
39.5 2.34457e-08
39.52 8.55176e-07
39.54 1.18213e-06
39.56 1.01179e-06
39.58 5.65207e-07
39.6 4.50628e-07
39.62 1.42173e-06
39.64 3.14081e-06
39.66 3.99134e-06
39.68 3.16403e-06
39.7 2.0128e-06
39.72 2.03708e-06
39.74 2.30149e-06
39.76 1.03531e-06
39.78 -9.74848e-07
39.8 -1.53763e-06
39.82 -6.19778e-07
39.84 -5.81095e-08
39.86 -7.47476e-07
39.88 -1.66591e-06
39.9 -1.52343e-06
39.92 -5.32413e-07
39.94 2.18479e-07
39.96 3.36509e-07
39.98 5.38002e-08
40 -3.50412e-07
40.02 -4.83547e-07
40.04 -1.68777e-07
40.06 1.95682e-07
40.08 -4.43972e-08
40.1 -6.17824e-07
40.12 -1.65892e-07
40.14 1.2924e-06
40.16 1.77137e-06
40.18 6.83943e-07
40.2 -2.04079e-07
40.22 8.87248e-09
40.24 2.50582e-07
40.26 -4.43555e-07
40.28 -1.57553e-06
40.3 -1.89046e-06
40.32 -1.11258e-06
40.34 -3.93592e-07
40.36 -6.03136e-07
40.38 -1.12262e-06
40.4 -7.48759e-07
40.42 8.27556e-07
40.44 2.38333e-06
40.46 2.61902e-06
40.48 1.96751e-06
40.5 1.71615e-06
40.52 2.06851e-06
40.54 1.79034e-06
40.56 1.00211e-07
40.58 -1.20694e-06
40.6 -3.86384e-08
40.62 1.89767e-06
40.64 1.12981e-06
40.66 -2.34462e-06
40.68 -4.76751e-06
40.7 -3.53025e-06
40.72 -8.81632e-07
40.74 -8.3869e-07
40.76 -3.43841e-06
40.78 -4.96913e-06
40.8 -3.29215e-06
40.82 -1.98463e-07
40.84 1.37886e-06
40.86 9.87244e-07
40.88 5.79529e-07
40.9 9.54942e-07
40.92 1.01621e-06
40.94 6.71351e-07
40.96 9.33507e-07
40.98 1.72273e-06
41 2.15988e-06
41.02 1.81043e-06
41.04 8.52281e-07
41.06 1.98858e-07
41.08 4.56871e-07
41.1 8.59779e-07
41.12 6.18054e-07
41.14 -3.70505e-08
41.16 -5.7145e-07
41.18 -9.51355e-07
41.2 -1.52202e-06
41.22 -2.21824e-06
41.24 -2.41813e-06
41.26 -1.81407e-06
41.28 -1.20458e-06
41.3 -1.50118e-06
41.32 -1.99895e-06
41.34 -1.40623e-06
41.36 -1.19663e-07
41.38 4.69312e-07
41.4 1.2274e-07
41.42 2.21552e-08
41.44 1.12292e-06
41.46 2.66254e-06
41.48 3.03097e-06
41.5 2.00435e-06
41.52 1.12504e-06
41.54 1.58143e-06
41.56 2.61236e-06
41.58 2.55723e-06
41.6 1.02694e-06
41.62 -4.66425e-07
41.64 -4.87504e-07
41.66 3.45555e-07
41.68 4.26089e-07
41.7 -5.36303e-07
41.72 -1.50701e-06
41.74 -1.91541e-06
41.76 -2.12129e-06
41.78 -2.32312e-06
41.8 -2.31806e-06
41.82 -1.87133e-06
41.84 -7.98327e-07
41.86 5.435e-07
41.88 1.265e-06
41.9 1.14474e-06
41.92 1.14249e-06
41.94 1.93726e-06
41.96 2.80034e-06
41.98 2.71167e-06
42 1.76331e-06
42.02 8.81864e-07
42.04 5.04701e-07
42.06 1.27801e-07
42.08 -6.00103e-07
42.1 -1.00799e-06
42.12 -4.21517e-07
42.14 5.70598e-07
42.16 8.39324e-07
42.18 1.72358e-07
42.2 -5.47474e-07
42.22 -4.78912e-07
42.24 1.19294e-08
42.26 -1.03173e-07
42.28 -1.00451e-06
42.3 -1.83664e-06
42.32 -1.94975e-06
42.34 -1.56317e-06
42.36 -1.0187e-06
42.38 -5.26906e-07
42.4 -2.75636e-07
42.42 7.01468e-08
42.44 7.10492e-07
42.46 1.05465e-06
42.48 7.93234e-07
42.5 4.05537e-07
42.52 5.09804e-07
42.54 1.1144e-06
42.56 1.51961e-06
42.58 1.23484e-06
42.6 6.83328e-07
42.62 6.79283e-07
42.64 1.19317e-06
42.66 1.26475e-06
42.68 5.68956e-07
42.7 6.77339e-08
42.72 5.2821e-07
42.74 1.21627e-06
42.76 7.86332e-07
42.78 -6.12553e-07
42.8 -1.10863e-06
42.82 3.27401e-08
42.84 7.57563e-07
42.86 -6.04942e-07
42.88 -2.44823e-06
42.9 -2.34951e-06
42.92 -6.69312e-07
42.94 8.71657e-08
42.96 -1.19474e-06
42.98 -2.67448e-06
43 -2.08168e-06
43.02 1.14211e-07
43.04 1.35721e-06
43.06 5.9264e-07
43.08 -4.94879e-07
43.1 -7.28327e-08
43.12 1.41427e-06
43.14 2.02197e-06
43.16 1.18918e-06
43.18 4.65023e-07
43.2 8.71042e-07
43.22 1.36425e-06
43.24 7.53064e-07
43.26 -4.84733e-07
43.28 -1.04091e-06
43.3 -7.36116e-07
43.32 -7.56589e-07
43.34 -1.67749e-06
43.36 -2.53143e-06
43.38 -2.35152e-06
43.4 -1.53585e-06
43.42 -9.61021e-07
43.44 -6.24261e-07
43.46 -5.81381e-08
43.48 7.40717e-07
43.5 1.35251e-06
43.52 1.51458e-06
43.54 1.38114e-06
43.56 1.19854e-06
43.58 9.79077e-07
43.6 5.3657e-07
43.62 -6.15969e-08
43.64 -3.61867e-07
43.66 -1.56926e-07
43.68 9.23808e-08
43.7 -2.13342e-07
43.72 -8.64855e-07
43.74 -9.4099e-07
43.76 -3.32529e-07
43.78 -1.60403e-08
43.8 -2.4926e-07
43.82 -2.56102e-07
43.84 2.22663e-07
43.86 3.91035e-07
43.88 -3.32055e-07
43.9 -1.15189e-06
43.92 -9.50728e-07
43.94 -1.5314e-07
43.96 -2.26147e-07
43.98 -1.2123e-06
44 -1.519e-06
44.02 -5.0005e-07
44.04 5.51355e-07
44.06 4.19525e-07
44.08 -3.91883e-07
44.1 -6.05735e-07
44.12 4.94898e-08
44.14 5.80101e-07
44.16 2.16875e-07
44.18 -5.79568e-07
44.2 -9.11107e-07
44.22 -6.93667e-07
44.24 -5.89721e-07
44.26 -9.30498e-07
44.28 -1.36069e-06
44.3 -1.40856e-06
44.32 -1.0068e-06
44.34 -4.33531e-07
44.36 -1.07063e-07
44.38 -1.92436e-07
44.4 -1.36488e-07
44.42 5.62634e-07
44.44 1.38515e-06
44.46 1.62758e-06
44.48 1.30506e-06
44.5 7.25337e-07
44.52 1.56287e-07
44.54 -1.86323e-07
44.56 -3.65586e-07
44.58 -6.29435e-07
44.6 -1.01473e-06
44.62 -1.24093e-06
44.64 -1.05144e-06
44.66 -6.02884e-07
44.68 -3.70487e-07
44.7 -5.39939e-07
44.72 -5.8351e-07
44.74 -9.22309e-08
44.76 4.74689e-07
44.78 5.31887e-07
44.8 1.12101e-07
44.82 -2.51724e-07
44.84 -6.96649e-08
44.86 5.3427e-07
44.88 9.14403e-07
44.9 6.63708e-07
44.92 1.13851e-07
44.94 -5.33623e-08
44.96 2.54233e-07
44.98 3.82566e-07
45 -1.01888e-07
45.02 -6.99562e-07
45.04 -6.0486e-07
45.06 1.44292e-07
45.08 6.2653e-07
45.1 2.06326e-07
45.12 -4.51662e-07
45.14 -3.05363e-07
45.16 3.60392e-07
45.18 3.94555e-07
45.2 -3.75159e-07
45.22 -7.34698e-07
45.24 1.99814e-07
45.26 1.56872e-06
45.28 1.89438e-06
45.3 1.03071e-06
45.32 3.64028e-07
45.34 8.91685e-07
45.36 1.46378e-06
45.38 5.77275e-07
45.4 -1.01521e-06
45.42 -1.2701e-06
45.44 2.56662e-07
45.46 1.32116e-06
45.48 1.44409e-07
45.5 -1.57115e-06
45.52 -1.27396e-06
45.54 4.12437e-07
45.56 7.38009e-07
45.58 -7.84606e-07
45.6 -1.69271e-06
45.62 -4.9368e-07
45.64 1.0263e-06
45.66 4.55747e-07
45.68 -1.4734e-06
45.7 -1.84245e-06
45.72 -3.40546e-08
45.74 1.24777e-06
45.76 7.73907e-09
45.78 -1.95129e-06
45.8 -1.54262e-06
45.82 9.05678e-07
45.84 2.01096e-06
45.86 5.03381e-07
45.88 -8.73065e-07
45.9 2.72939e-07
45.92 2.36953e-06
45.94 2.52725e-06
45.96 7.86364e-07
45.98 -4.72335e-07
46 -1.9854e-07
46.02 5.13337e-07
46.04 4.52214e-07
46.06 -2.4811e-07
46.08 -5.93595e-07
46.1 -4.94223e-07
46.12 -6.31373e-07
46.14 -1.04466e-06
46.16 -1.27161e-06
46.18 -9.17956e-07
46.2 3.49759e-08
46.22 7.3471e-07
46.24 2.2852e-07
46.26 -6.67844e-07
46.28 -2.25217e-07
46.3 1.04507e-06
46.32 1.12533e-06
46.34 2.8755e-08
46.36 -4.56947e-07
46.38 3.5525e-07
46.4 1.19442e-06
46.42 7.29968e-07
46.44 -3.52994e-07
46.46 -3.36942e-07
46.48 6.40783e-07
46.5 7.84357e-07
46.52 -2.93989e-07
46.54 -1.02064e-06
46.56 -3.95645e-07
46.58 5.62648e-07
46.6 3.9372e-07
46.62 -6.04985e-07
46.64 -8.89318e-07
46.66 -9.6093e-08
46.68 4.23286e-07
46.7 -2.83333e-07
46.72 -1.18704e-06
46.74 -7.92267e-07
46.76 3.82023e-07
46.78 7.06438e-07
46.8 5.70812e-08
46.82 -2.05579e-07
46.84 6.00812e-07
46.86 1.09664e-06
46.88 -2.96345e-09
46.9 -1.35936e-06
46.92 -1.07552e-06
46.94 4.55324e-07
46.96 1.24594e-06
46.98 3.76235e-07
47 -8.10766e-07
47.02 -7.11907e-07
47.04 3.5894e-07
47.06 8.25774e-07
47.08 -1.57173e-07
47.1 -1.42893e-06
47.12 -9.61733e-07
47.14 8.1188e-07
47.16 1.05937e-06
47.18 -8.81646e-07
47.2 -2.19011e-06
47.22 -8.42398e-07
47.24 1.28413e-06
47.26 1.17217e-06
47.28 -6.29617e-07
47.3 -8.15191e-07
47.32 1.42658e-06
47.34 3.25239e-06
47.36 2.60902e-06
47.38 9.47168e-07
47.4 4.88742e-07
47.42 7.84119e-07
47.44 -7.68048e-08
47.46 -1.6048e-06
47.48 -1.34776e-06
47.5 6.10027e-07
47.52 1.24774e-06
47.54 -3.24152e-07
47.56 -1.17231e-06
47.58 3.21541e-07
47.6 1.63369e-06
47.62 4.49958e-07
47.64 -1.60856e-06
47.66 -1.7673e-06
47.68 -3.23116e-07
47.7 2.36759e-07
47.72 -7.97866e-07
47.74 -1.37675e-06
47.76 -1.02436e-07
47.78 1.38098e-06
47.8 9.97004e-07
47.82 -5.02763e-07
47.84 -8.89295e-07
47.86 6.16982e-08
47.88 4.72356e-07
47.9 -5.36636e-07
47.92 -1.36246e-06
47.94 -6.41728e-07
47.96 3.81593e-07
47.98 7.94641e-08
48 -8.18543e-07
48.02 -5.31961e-07
48.04 8.27071e-07
48.06 1.24319e-06
48.08 -2.28549e-07
48.1 -1.82637e-06
48.12 -1.26863e-06
48.14 1.02032e-06
48.16 1.85638e-06
48.18 -2.54299e-07
48.2 -2.32686e-06
48.22 -1.36388e-06
48.24 9.58764e-07
48.26 1.2049e-06
48.28 -6.39061e-07
48.3 -1.43693e-06
48.32 4.87589e-07
48.34 2.57817e-06
48.36 1.73223e-06
48.38 -6.86039e-07
48.4 -9.57834e-07
48.42 1.19721e-06
48.44 2.36308e-06
48.46 7.98491e-07
48.48 -1.12566e-06
48.5 -8.89635e-07
48.52 5.8572e-07
48.54 6.09509e-07
48.56 -1.24223e-06
48.58 -2.35796e-06
48.6 -1.12624e-06
48.62 4.87358e-07
48.64 4.64475e-09
48.66 -1.62115e-06
48.68 -1.33122e-06
48.7 9.94682e-07
48.72 2.07927e-06
48.74 4.31202e-07
48.76 -1.23809e-06
48.78 -2.15043e-07
48.8 1.84261e-06
48.82 1.62875e-06
48.84 -4.6144e-07
48.86 -1.16227e-06
48.88 4.82666e-07
48.9 1.80495e-06
48.92 7.69587e-07
48.94 -9.6348e-07
48.96 -7.8008e-07
48.98 8.93171e-07
49 1.40373e-06
49.02 1.40241e-08
49.04 -1.06362e-06
49.06 -1.96791e-07
49.08 1.20467e-06
49.1 9.71184e-07
49.12 -3.06191e-07
49.14 -2.81104e-07
49.16 1.20271e-06
49.18 1.82586e-06
49.2 4.10409e-07
49.22 -1.02322e-06
49.24 -3.50157e-07
49.26 1.00266e-06
49.28 4.71904e-07
49.3 -1.2984e-06
49.32 -1.63025e-06
49.34 -6.05885e-08
49.36 1.07485e-06
49.38 1.57872e-07
49.4 -1.27817e-06
49.42 -8.5515e-07
49.44 8.61291e-07
49.46 1.29318e-06
49.48 -7.08694e-08
49.5 -1.08331e-06
49.52 -4.20598e-07
49.54 5.14742e-07
49.56 1.63349e-07
49.58 -8.17999e-07
49.6 -1.06147e-06
49.62 -6.74536e-07
49.64 -8.2276e-07
49.66 -1.7805e-06
49.68 -2.34336e-06
49.7 -1.72924e-06
49.72 -8.41749e-07
49.74 -7.20029e-07
49.76 -9.64961e-07
49.78 -5.52586e-07
49.8 3.14138e-07
49.82 3.70977e-07
49.84 -4.97623e-07
49.86 -7.42238e-07
49.88 4.20874e-07
49.9 1.51318e-06
49.92 9.44632e-07
49.94 -4.44438e-07
49.96 -7.25928e-07
49.98 1.32014e-07
50 4.76962e-07
50.02 -4.18136e-07
50.04 -1.29794e-06
50.06 -7.17855e-07
50.08 7.2221e-07
50.1 9.79139e-07
50.12 -3.97888e-07
50.14 -1.47069e-06
50.16 -8.6671e-07
50.18 3.79869e-07
50.2 5.64664e-07
50.22 -4.65311e-07
50.24 -1.27805e-06
50.26 -7.29774e-07
50.28 4.24706e-07
50.3 5.69675e-07
50.32 -2.43361e-07
50.34 -4.12396e-07
50.36 4.53539e-07
50.38 9.43607e-07
50.4 3.40043e-07
50.42 -2.76684e-07
50.44 1.67271e-07
50.46 1.09502e-06
50.48 1.08164e-06
50.5 -5.54298e-08
50.52 -8.45119e-07
50.54 -2.44728e-07
50.56 8.79637e-07
50.58 1.0242e-06
50.6 2.16832e-07
50.62 -1.12597e-07
50.64 5.04257e-07
50.66 8.98309e-07
50.68 3.38504e-07
50.7 -2.81282e-07
50.72 -4.11442e-09
50.74 6.45996e-07
50.76 5.30822e-07
50.78 -2.92353e-07
50.8 -6.13817e-07
50.82 -1.12381e-07
50.84 1.12499e-08
50.86 -8.04274e-07
50.88 -1.41619e-06
50.9 -9.71401e-07
50.92 -2.54603e-07
50.94 -3.02699e-07
50.96 -9.9338e-07
50.98 -1.39391e-06
51 -9.76923e-07
51.02 -2.7593e-07
51.04 -1.9537e-07
51.06 -6.76275e-07
51.08 -7.56232e-07
51.1 -1.90914e-07
51.12 2.05415e-07
51.14 -1.0551e-07
51.16 -7.20284e-07
51.18 -8.64443e-07
51.2 -3.17037e-07
51.22 2.26305e-07
51.24 7.1911e-08
51.26 -2.98017e-07
51.28 1.25916e-07
51.3 1.21775e-06
51.32 1.89508e-06
51.34 1.31497e-06
51.36 -6.72055e-07
51.38 -2.9622e-06
51.4 -3.72562e-06
51.42 -2.25982e-06
51.44 4.46517e-07
51.46 2.50994e-06
51.48 2.27389e-06
51.5 2.08364e-07
51.52 -7.21057e-07
51.54 8.88928e-07
51.56 2.34455e-06
51.58 1.13046e-06
51.6 -1.29107e-06
51.62 -1.85068e-06
51.64 3.99114e-08
51.66 1.94668e-06
51.68 1.76897e-06
51.7 3.75354e-07
51.72 5.19813e-09
51.74 9.40029e-07
51.76 1.33416e-06
51.78 1.93775e-07
51.8 -1.30845e-06
51.82 -1.64877e-06
51.84 -7.49039e-07
51.86 2.50186e-07
51.88 3.27107e-07
51.9 -3.07786e-07
51.92 -5.50621e-07
51.94 7.19164e-08
51.96 8.23936e-07
51.98 8.83151e-07
52 4.56313e-07
52.02 2.4597e-07
52.04 2.83723e-07
52.06 4.61688e-08
52.08 -5.02089e-07
52.1 -6.69808e-07
52.12 -1.37538e-07
52.14 2.00868e-07
52.16 -3.34211e-07
52.18 -7.68375e-07
52.2 2.56331e-08
52.22 1.39451e-06
52.24 1.69737e-06
52.26 6.79413e-07
52.28 -1.58294e-07
52.3 1.96013e-07
52.32 8.92147e-07
52.34 5.66352e-07
52.36 -6.21018e-07
52.38 -1.14005e-06
52.4 -3.89432e-07
52.42 3.62616e-07
52.44 2.80425e-09
52.46 -5.83435e-07
52.48 -6.16415e-08
52.5 9.50552e-07
52.52 8.47532e-07
52.54 -3.94642e-07
52.56 -1.13988e-06
52.58 -6.06019e-07
52.6 -3.78519e-09
52.62 -4.11033e-07
52.64 -1.18079e-06
52.66 -1.13897e-06
52.68 -3.5787e-07
52.7 1.09937e-07
52.72 -9.05885e-08
52.74 -4.25379e-07
52.76 -4.53589e-07
52.78 -2.84476e-07
52.8 -2.93412e-07
52.82 -5.07802e-07
52.84 -5.63385e-07
52.86 -3.7472e-07
52.88 -3.28843e-07
52.9 -4.92751e-07
52.92 -3.531e-07
52.94 1.34319e-07
52.96 1.89239e-07
52.98 -3.65026e-07
53 -5.84766e-07
53.02 4.42964e-08
53.04 7.17736e-07
53.06 5.46938e-07
53.08 -2.47202e-08
53.1 7.4018e-08
53.12 8.43266e-07
53.14 1.125e-06
53.16 5.11869e-07
53.18 8.25514e-08
53.2 4.18575e-07
53.22 7.37105e-07
53.24 3.51881e-07
53.26 -2.93393e-07
53.28 -4.11468e-07
53.3 -9.469e-08
53.32 -9.58047e-08
53.34 -6.67567e-07
53.36 -1.06774e-06
53.38 -6.34802e-07
53.4 1.6247e-08
53.42 -3.1828e-08
53.44 -4.83471e-07
53.46 -4.92852e-07
53.48 -7.31919e-08
53.5 1.10553e-07
53.52 -9.65382e-08
53.54 -1.817e-07
53.56 9.29856e-08
53.58 3.09489e-07
53.6 7.21148e-08
53.62 -4.12727e-07
53.64 -6.40905e-07
53.66 -4.19772e-07
53.68 -1.28047e-07
53.7 -2.27137e-07
53.72 -4.27965e-07
53.74 -1.49877e-07
53.76 4.05705e-07
53.78 5.74942e-07
53.8 2.81796e-07
53.82 2.25495e-08
53.84 1.79742e-07
53.86 5.87235e-07
53.88 5.8533e-07
53.9 -4.6378e-08
53.92 -4.89532e-07
53.94 -6.90417e-08
53.96 5.72785e-07
53.98 4.79808e-07
54 -1.77346e-07
54.02 -4.37841e-07
54.04 4.64909e-08
54.06 5.91163e-07
54.08 5.23404e-07
54.1 6.78563e-08
54.12 2.53577e-08
54.14 5.15347e-07
54.16 6.61255e-07
54.18 1.19583e-07
54.2 -4.31935e-07
54.22 -5.82906e-07
54.24 -5.40557e-07
54.26 -5.48957e-07
54.28 -6.7093e-07
54.3 -6.67552e-07
54.32 -3.84401e-07
54.34 -1.6754e-07
54.36 -3.19709e-07
54.38 -6.10685e-07
54.4 -6.2336e-07
54.42 -2.95063e-07
54.44 9.36651e-08
54.46 3.0019e-07
54.48 3.18684e-07
54.5 2.92686e-07
54.52 3.77094e-07
54.54 5.15713e-07
54.56 4.47492e-07
54.58 1.27987e-07
54.6 -1.03539e-07
54.62 9.19411e-08
54.64 4.70136e-07
54.66 4.48282e-07
54.68 -9.71944e-08
54.7 -6.84082e-07
54.72 -7.38071e-07
54.74 -3.9879e-07
54.76 -4.10211e-07
54.78 -8.74387e-07
54.8 -1.09294e-06
54.82 -7.67036e-07
54.84 -2.61934e-07
54.86 3.85427e-08
54.88 1.19665e-07
54.9 3.01301e-07
54.92 6.2793e-07
54.94 7.15028e-07
54.96 5.60122e-07
54.98 5.7467e-07
55 6.77434e-07
55.02 4.63302e-07
55.04 2.65895e-08
55.06 -1.39615e-07
55.08 3.86593e-08
55.1 1.39672e-07
55.12 3.05936e-08
55.14 -9.92758e-08
55.16 -1.14122e-07
55.18 -7.36434e-09
55.2 1.4142e-07
55.22 3.01332e-07
55.24 4.41661e-07
55.26 4.98893e-07
55.28 4.50783e-07
55.3 3.14225e-07
55.32 2.36979e-07
55.34 3.81232e-07
55.36 4.46081e-07
55.38 4.77933e-08
55.4 -4.06647e-07
55.42 -2.8587e-07
55.44 1.16745e-07
55.46 9.505e-08
55.48 -3.19146e-07
55.5 -6.48188e-07
55.52 -6.25685e-07
55.54 -3.75469e-07
55.56 -2.26568e-07
55.58 -2.2045e-07
55.6 -2.07466e-07
55.62 -6.68586e-08
55.64 8.67706e-08
55.66 -1.53734e-07
55.68 -6.48629e-07
55.7 -6.23835e-07
55.72 5.47742e-08
55.74 5.24449e-07
55.76 1.81248e-07
55.78 -4.17776e-07
55.8 -3.32634e-07
55.82 3.97208e-07
55.84 7.34603e-07
55.86 2.65714e-07
55.88 5.07676e-08
55.9 9.31363e-07
55.92 1.70627e-06
55.94 3.17979e-07
55.96 -2.56195e-06
55.98 -3.44302e-06
56 -1.21279e-06
56.02 1.19165e-06
56.04 1.07386e-06
56.06 -7.95902e-07
56.08 -1.30276e-06
56.1 6.90889e-07
56.12 2.64385e-06
56.14 2.02553e-06
56.16 -3.38022e-07
56.18 -1.43611e-06
56.2 -2.91242e-07
56.22 7.56301e-07
56.24 -7.21991e-09
56.26 -1.16622e-06
56.28 -7.64924e-07
56.3 8.01537e-07
56.32 1.51122e-06
56.34 6.07556e-07
56.36 -3.5828e-07
56.38 -2.3069e-08
56.4 7.25945e-07
56.42 4.44252e-07
56.44 -3.65854e-07
56.46 -6.14972e-08
56.48 1.22014e-06
56.5 1.51439e-06
56.52 2.89361e-07
56.54 -5.74031e-07
56.56 2.15693e-07
56.58 1.33854e-06
56.6 7.97716e-07
56.62 -9.52758e-07
56.64 -1.53568e-06
56.66 -2.31928e-07
56.68 1.0229e-06
56.7 4.51966e-07
56.72 -1.02492e-06
56.74 -1.15718e-06
56.76 2.42651e-07
56.78 1.08955e-06
56.8 2.42581e-07
56.82 -7.91143e-07
56.84 -3.64395e-07
56.86 7.71309e-07
56.88 9.66756e-07
56.9 -4.43896e-08
56.92 -9.83343e-07
56.94 -7.0617e-07
56.96 3.71285e-09
56.98 -3.25897e-07
57 -1.35384e-06
57.02 -1.46951e-06
57.04 -5.26848e-07
57.06 -1.15584e-07
57.08 -7.80372e-07
57.1 -9.97741e-07
57.12 4.63218e-08
57.14 8.18958e-07
57.16 7.60862e-08
57.18 -1.02685e-06
57.2 -7.21417e-07
57.22 6.1252e-07
57.24 8.98843e-07
57.26 -4.17801e-07
57.28 -1.4102e-06
57.3 -5.27896e-07
57.32 1.00787e-06
57.34 9.50625e-07
57.36 -5.22819e-07
57.38 -9.98227e-07
57.4 3.92019e-07
57.42 1.57727e-06
57.44 8.27407e-07
57.46 -7.31693e-07
57.48 -9.62364e-07
57.5 2.38634e-07
57.52 1.03519e-06
57.54 3.59967e-07
57.56 -7.49293e-07
57.58 -7.16381e-07
57.6 3.32187e-07
57.62 8.78312e-07
57.64 2.74467e-07
57.66 -4.76103e-07
57.68 -3.02093e-07
57.7 3.7494e-07
57.72 4.12455e-07
57.74 -2.53835e-07
57.76 -6.03437e-07
57.78 -1.70111e-07
57.8 2.8047e-07
57.82 4.62744e-08
57.84 -4.0426e-07
57.86 -2.74318e-07
57.88 2.44054e-07
57.9 2.96484e-07
57.92 -2.10283e-07
57.94 -4.26167e-07
57.96 3.11724e-08
57.98 4.27448e-07
58 1.28378e-07
58.02 -3.88867e-07
58.04 -3.67062e-07
58.06 9.79423e-08
58.08 3.1224e-07
58.1 1.02574e-08
58.12 -3.03914e-07
58.14 -1.45644e-07
58.16 2.26572e-07
58.18 2.5416e-07
58.2 -6.35991e-08
58.22 -2.08226e-07
58.24 3.97591e-08
58.26 2.75631e-07
58.28 1.28681e-07
58.3 -1.62682e-07
58.32 -1.46747e-07
58.34 1.38871e-07
58.36 2.47345e-07
58.38 3.14197e-08
58.4 -1.47407e-07
58.42 -6.64763e-09
58.44 2.26535e-07
58.46 1.92476e-07
58.48 -4.71951e-08
58.5 -1.25719e-07
58.52 6.6079e-08
58.54 2.25642e-07
58.56 1.11027e-07
58.58 -8.99293e-08
58.6 -6.40644e-08
58.62 1.38883e-07
58.64 1.99097e-07
58.66 3.47443e-08
58.68 -8.61394e-08
58.7 1.81127e-08
58.72 1.72332e-07
58.74 1.38395e-07
58.76 -1.91585e-08
58.78 -5.20308e-08
58.8 8.19423e-08
58.82 1.68218e-07
58.84 7.87441e-08
58.86 -3.96096e-08
58.88 -5.62155e-09
58.9 1.19877e-07
58.92 1.41709e-07
58.94 3.41036e-08
58.96 -3.15367e-08
58.98 4.14482e-08
59 1.33996e-07
59.02 1.05432e-07
59.04 7.30753e-09
59.06 -7.12065e-09
59.08 7.88978e-08
59.1 1.29242e-07
59.12 7.06467e-08
59.14 -7.5199e-10
59.16 2.41292e-08
59.18 1.01718e-07
59.2 1.11727e-07
59.22 4.39161e-08
59.24 6.27382e-09
59.26 5.40849e-08
59.28 1.09906e-07
59.3 8.93248e-08
59.32 2.89106e-08
59.34 2.29765e-08
59.36 7.73129e-08
59.38 1.06307e-07
59.4 6.82869e-08
59.42 2.55536e-08
59.44 4.34039e-08
59.46 9.13177e-08
59.48 9.53893e-08
59.5 5.28213e-08
59.52 3.14407e-08
59.54 6.25893e-08
59.56 9.62004e-08
59.58 8.18035e-08
59.6 4.47718e-08
59.62 4.29863e-08
59.64 7.72653e-08
59.66 9.39057e-08
59.68 6.93974e-08
59.7 4.39339e-08
59.72 5.64896e-08
59.74 8.60443e-08
59.76 8.72925e-08
59.78 6.06754e-08
59.8 4.86886e-08
59.82 6.89237e-08
59.84 8.91402e-08
59.86 7.92589e-08
59.88 5.66473e-08
59.9 5.67489e-08
59.92 7.83547e-08
59.94 8.7862e-08
59.96 7.21634e-08
59.98 1.39009e-08
