0.02 4.19025e-05
0.04 0.000118715
0.06 0.000129973
0.08 5.94857e-05
0.1 1.70334e-05
0.12 6.36248e-05
0.14 0.000122999
0.16 0.000106373
0.18 4.79349e-05
0.2 4.50232e-05
0.22 0.000105713
0.24 0.000142673
0.26 0.000113164
0.28 8.18229e-05
0.3 0.000113424
0.32 0.000165359
0.34 0.000171986
0.36 0.000158069
0.38 0.000152494
0.4 8.00948e-05
0.42 -0.000101099
0.44 -9.23401e-05
0.46 0.000280974
0.48 0.000443899
0.5 1.62934e-05
0.52 -0.000420026
0.54 -0.000305553
0.56 -8.96368e-05
0.58 -0.000442884
0.6 -0.000815724
0.62 -0.000372145
0.64 0.000146293
0.66 -0.000181677
0.68 -0.00112133
0.7 -0.00164275
0.72 -0.00038838
0.74 0.00141324
0.76 0.00101135
0.78 -0.000544166
0.8 0.000146655
0.82 0.00301135
0.84 0.00459218
0.86 0.00295687
0.88 0.0001222
0.9 -0.000717982
0.92 0.000923784
0.94 0.00217037
0.96 0.000182022
0.98 -0.00323567
1 -0.00356327
1.02 -0.000161363
1.04 0.00240127
1.06 0.000231092
1.08 -0.0043152
1.1 -0.00572651
1.12 -0.00233694
1.14 0.00224363
1.16 0.00260709
1.18 -0.00260533
1.2 -0.00651857
1.22 -0.00264654
1.24 0.00380495
1.26 0.00332392
1.28 -0.0039631
1.3 -0.00961473
1.32 -0.00663367
1.34 0.0035378
1.36 0.0114041
1.38 0.00883944
1.4 -0.0019797
1.42 -0.00965381
1.44 -0.00638183
1.46 0.00146857
1.48 0.00139682
1.5 -0.00881492
1.52 -0.0204295
1.54 -0.0268194
1.56 -0.0279478
1.58 -0.0251966
1.6 -0.018967
1.62 -0.0100714
1.64 -0.000752693
1.66 0.00494307
1.68 0.00351877
1.7 -0.00371066
1.72 -0.0124267
1.74 -0.0197151
1.76 -0.0225558
1.78 -0.0183814
1.8 -0.00961696
1.82 -0.00253655
1.84 -0.00250357
1.86 -0.00987018
1.88 -0.0179504
1.9 -0.0192819
1.92 -0.0143546
1.94 -0.00953007
1.96 -0.00862289
1.98 -0.0112462
2 -0.0171202
2.02 -0.0266361
2.04 -0.0405972
2.06 -0.0610949
2.08 -0.0893319
2.1 -0.124002
2.12 -0.161319
2.14 -0.195384
2.16 -0.220303
2.18 -0.231031
2.2 -0.223688
2.22 -0.198542
2.24 -0.159396
2.26 -0.110755
2.28 -0.060013
2.3 -0.0164252
2.32 0.0113478
2.34 0.0185696
2.36 0.00767146
2.38 -0.0167981
2.4 -0.0512099
2.42 -0.0953341
2.44 -0.148367
2.46 -0.200495
2.48 -0.241542
2.5 -0.267048
2.52 -0.271688
2.54 -0.251437
2.56 -0.208571
2.58 -0.144628
2.6 -0.0561972
2.62 0.0551872
2.64 0.180463
2.66 0.316069
2.68 0.465879
2.7 0.633377
2.72 0.821973
2.74 1.03826
2.76 1.29068
2.78 1.58494
2.8 1.92352
2.82 2.30966
2.84 2.74736
2.86 3.2395
2.88 3.78539
2.9 4.37975
2.92 5.01892
2.94 5.70186
2.96 6.42571
2.98 7.18787
3 7.98858
3.02 8.82102
3.04 9.66869
3.06 10.5193
3.08 11.3643
3.1 12.1903
3.12 12.9837
3.14 13.7313
3.16 14.4186
3.18 15.0302
3.2 15.5525
3.22 15.9739
3.24 16.2847
3.26 16.4775
3.28 16.5475
3.3 16.4956
3.32 16.3295
3.34 16.0603
3.36 15.7068
3.38 15.2922
3.4 14.8358
3.42 14.3528
3.44 13.8627
3.46 13.3923
3.48 12.9656
3.5 12.5954
3.52 12.2892
3.54 12.0539
3.56 11.8936
3.58 11.8115
3.6 11.8123
3.62 11.9017
3.64 12.0752
3.66 12.305
3.68 12.5594
3.7 12.8246
3.72 13.0864
3.74 13.3224
3.76 13.5145
3.78 13.6532
3.8 13.7331
3.82 13.7471
3.84 13.6906
3.86 13.5639
3.88 13.3668
3.9 13.0995
3.92 12.7632
3.94 12.3584
3.96 11.8844
3.98 11.3462
4 10.7605
4.02 10.1431
4.04 9.49985
4.06 8.83805
4.08 8.17143
4.1 7.51241
4.12 6.87135
4.14 6.26005
4.16 5.6895
4.18 5.16103
4.2 4.66099
4.22 4.17304
4.24 3.68956
4.26 3.2049
4.28 2.71251
4.3 2.20973
4.32 1.7066
4.34 1.22509
4.36 0.77712
4.38 0.359683
4.4 -0.0315999
4.42 -0.401361
4.44 -0.755552
4.46 -1.09404
4.48 -1.40597
4.5 -1.68774
4.52 -1.95246
4.54 -2.20879
4.56 -2.45446
4.58 -2.68559
4.6 -2.90041
4.62 -3.09902
4.64 -3.27494
4.66 -3.41628
4.68 -3.51653
4.7 -3.57158
4.72 -3.57418
4.74 -3.51931
4.76 -3.40681
4.78 -3.24486
4.8 -3.0514
4.82 -2.83947
4.84 -2.61157
4.86 -2.37011
4.88 -2.12013
4.9 -1.86589
4.92 -1.61269
4.94 -1.36957
4.96 -1.14429
4.98 -0.941386
5 -0.769263
5.02 -0.640808
5.04 -0.568375
5.06 -0.555243
5.08 -0.584155
5.1 -0.631188
5.12 -0.687377
5.14 -0.750714
5.16 -0.815979
5.18 -0.876832
5.2 -0.926414
5.22 -0.956866
5.24 -0.967431
5.26 -0.973618
5.28 -0.990541
5.3 -1.01622
5.32 -1.03903
5.34 -1.04709
5.36 -1.03453
5.38 -1.00316
5.4 -0.958169
5.42 -0.904126
5.44 -0.83998
5.46 -0.760448
5.48 -0.663816
5.5 -0.552443
5.52 -0.428779
5.54 -0.295875
5.56 -0.159616
5.58 -0.0268262
5.6 0.0978493
5.62 0.21122
5.64 0.312923
5.66 0.405394
5.68 0.487227
5.7 0.554347
5.72 0.605441
5.74 0.639749
5.76 0.655305
5.78 0.649264
5.8 0.619184
5.82 0.566798
5.84 0.495795
5.86 0.406739
5.88 0.298988
5.9 0.172364
5.92 0.0295703
5.94 -0.118883
5.96 -0.26042
5.98 -0.38575
6 -0.485822
6.02 -0.555015
6.04 -0.592281
6.06 -0.59432
6.08 -0.559639
6.1 -0.494215
6.12 -0.402459
6.14 -0.283984
6.16 -0.140103
6.18 0.0186099
6.2 0.17262
6.22 0.306955
6.24 0.412585
6.26 0.478868
6.28 0.496976
6.3 0.466617
6.32 0.396625
6.34 0.296774
6.36 0.1736
6.38 0.034209
6.4 -0.114567
6.42 -0.26784
6.44 -0.420653
6.46 -0.569079
6.48 -0.714668
6.5 -0.865454
6.52 -1.02984
6.54 -1.21397
6.56 -1.41968
6.58 -1.63883
6.6 -1.86292
6.62 -2.09148
6.64 -2.32045
6.66 -2.5365
6.68 -2.72711
6.7 -2.88801
6.72 -3.02428
6.74 -3.14775
6.76 -3.26551
6.78 -3.37437
6.8 -3.46837
6.82 -3.54511
6.84 -3.603
6.86 -3.63788
6.88 -3.6471
6.9 -3.63271
6.92 -3.6012
6.94 -3.5605
6.96 -3.51402
6.98 -3.45912
7 -3.39167
7.02 -3.31137
7.04 -3.22128
7.06 -3.12348
7.08 -3.01865
7.1 -2.90589
7.12 -2.78286
7.14 -2.64911
7.16 -2.50573
7.18 -2.35269
7.2 -2.18907
7.22 -2.01413
7.24 -1.82759
7.26 -1.63208
7.28 -1.4359
7.3 -1.2473
7.32 -1.06714
7.34 -0.892141
7.36 -0.720776
7.38 -0.553632
7.4 -0.391503
7.42 -0.236162
7.44 -0.0905527
7.46 0.042604
7.48 0.15969
7.5 0.257611
7.52 0.335697
7.54 0.392286
7.56 0.424502
7.58 0.432855
7.6 0.422678
7.62 0.401038
7.64 0.373836
7.66 0.347442
7.68 0.327143
7.7 0.312508
7.72 0.29905
7.74 0.283164
7.76 0.266728
7.78 0.255395
7.8 0.251798
7.82 0.255214
7.84 0.262182
7.86 0.264845
7.88 0.256232
7.9 0.234665
7.92 0.200415
7.94 0.154298
7.96 0.0986774
7.98 0.0356958
8 -0.0329199
8.02 -0.103376
8.04 -0.170183
8.06 -0.229587
8.08 -0.280275
8.1 -0.321058
8.12 -0.350385
8.14 -0.367649
8.16 -0.372966
8.18 -0.365143
8.2 -0.340931
8.22 -0.298802
8.24 -0.245942
8.26 -0.194332
8.28 -0.148883
8.3 -0.107929
8.32 -0.0684591
8.34 -0.0274602
8.36 0.0148861
8.38 0.055813
8.4 0.0944168
8.42 0.131947
8.44 0.167656
8.46 0.195004
8.48 0.207466
8.5 0.205927
8.52 0.194651
8.54 0.176659
8.56 0.155257
8.58 0.134643
8.6 0.119687
8.62 0.114336
8.64 0.117248
8.66 0.12586
8.68 0.142499
8.7 0.169781
8.72 0.20714
8.74 0.252209
8.76 0.301349
8.78 0.350842
8.8 0.397179
8.82 0.435585
8.84 0.45986
8.86 0.462476
8.88 0.439598
8.9 0.395518
8.92 0.335478
8.94 0.264046
8.96 0.18718
8.98 0.106895
9 0.0228579
9.02 -0.0638175
9.04 -0.152834
9.06 -0.242977
9.08 -0.32938
9.1 -0.409241
9.12 -0.48495
9.14 -0.558149
9.16 -0.628894
9.18 -0.699752
9.2 -0.773797
9.22 -0.851858
9.24 -0.932781
9.26 -1.01371
9.28 -1.09109
9.3 -1.1605
9.32 -1.21679
9.34 -1.2557
9.36 -1.27412
9.38 -1.27146
9.4 -1.25097
9.42 -1.21625
9.44 -1.16783
9.46 -1.10536
9.48 -1.03264
9.5 -0.956963
9.52 -0.883134
9.54 -0.812824
9.56 -0.7487
9.58 -0.690628
9.6 -0.631026
9.62 -0.564823
9.64 -0.497841
9.66 -0.439854
9.68 -0.396847
9.7 -0.372054
9.72 -0.366171
9.74 -0.373961
9.76 -0.392705
9.78 -0.42879
9.8 -0.485147
9.82 -0.557279
9.84 -0.639843
9.86 -0.724463
9.88 -0.801291
9.9 -0.864181
9.92 -0.910717
9.94 -0.943202
9.96 -0.965378
9.98 -0.975911
10 -0.970097
10.02 -0.945213
10.04 -0.901441
10.06 -0.840622
10.08 -0.767222
10.1 -0.688253
10.12 -0.610453
10.14 -0.540094
10.16 -0.481983
10.18 -0.436709
10.2 -0.403383
10.22 -0.382988
10.24 -0.377236
10.26 -0.387034
10.28 -0.411671
10.3 -0.448046
10.32 -0.491151
10.34 -0.536345
10.36 -0.580374
10.38 -0.620784
10.4 -0.655864
10.42 -0.683583
10.44 -0.70093
10.46 -0.705991
10.48 -0.698591
10.5 -0.678513
10.52 -0.645256
10.54 -0.60037
10.56 -0.549932
10.58 -0.50048
10.6 -0.453003
10.62 -0.406034
10.64 -0.36006
10.66 -0.316002
10.68 -0.275125
10.7 -0.241141
10.72 -0.217762
10.74 -0.205822
10.76 -0.205526
10.78 -0.216581
10.8 -0.235508
10.82 -0.257911
10.84 -0.281284
10.86 -0.305408
10.88 -0.333169
10.9 -0.367234
10.92 -0.406442
10.94 -0.448187
10.96 -0.490568
10.98 -0.531946
11 -0.571422
11.02 -0.609274
11.04 -0.645761
11.06 -0.679832
11.08 -0.709555
11.1 -0.733018
11.12 -0.747568
11.14 -0.749673
11.16 -0.736823
11.18 -0.708595
11.2 -0.665948
11.22 -0.610194
11.24 -0.544174
11.26 -0.473578
11.28 -0.404369
11.3 -0.340427
11.32 -0.284082
11.34 -0.237051
11.36 -0.201264
11.38 -0.178768
11.4 -0.169295
11.42 -0.169654
11.44 -0.177237
11.46 -0.191592
11.48 -0.212643
11.5 -0.239836
11.52 -0.272174
11.54 -0.307714
11.56 -0.343543
11.58 -0.37651
11.6 -0.403654
11.62 -0.42233
11.64 -0.430755
11.66 -0.428492
11.68 -0.416378
11.7 -0.396352
11.72 -0.370815
11.74 -0.341783
11.76 -0.311768
11.78 -0.284755
11.8 -0.265233
11.82 -0.25699
11.84 -0.262071
11.86 -0.280421
11.88 -0.310844
11.9 -0.350385
11.92 -0.393296
11.94 -0.433631
11.96 -0.467915
11.98 -0.494805
12 -0.514282
12.02 -0.526622
12.04 -0.531408
12.06 -0.52819
12.08 -0.517111
12.1 -0.499035
12.12 -0.475928
12.14 -0.449062
12.16 -0.417561
12.18 -0.380822
12.2 -0.340245
12.22 -0.298403
12.24 -0.258694
12.26 -0.224954
12.28 -0.200496
12.3 -0.187901
12.32 -0.189034
12.34 -0.204584
12.36 -0.233604
12.38 -0.273339
12.4 -0.319725
12.42 -0.36839
12.44 -0.415296
12.46 -0.457261
12.48 -0.492023
12.5 -0.517547
12.52 -0.532011
12.54 -0.534566
12.56 -0.525413
12.58 -0.504996
12.6 -0.473656
12.62 -0.431966
12.64 -0.38134
12.66 -0.325002
12.68 -0.26724
12.7 -0.211632
12.72 -0.1609
12.74 -0.117292
12.76 -0.0827027
12.78 -0.0588662
12.8 -0.0464493
12.82 -0.0435786
12.84 -0.0472086
12.86 -0.0560059
12.88 -0.0704044
12.9 -0.0906277
12.92 -0.115521
12.94 -0.14335
12.96 -0.17304
12.98 -0.20393
13 -0.235253
13.02 -0.266376
13.04 -0.296788
13.06 -0.325427
13.08 -0.350581
13.1 -0.370678
13.12 -0.38453
13.14 -0.391189
13.16 -0.390386
13.18 -0.383069
13.2 -0.370779
13.22 -0.354281
13.24 -0.333465
13.26 -0.308411
13.28 -0.280509
13.3 -0.252679
13.32 -0.227805
13.34 -0.207344
13.36 -0.191278
13.38 -0.178494
13.4 -0.168014
13.42 -0.160061
13.44 -0.155125
13.46 -0.15344
13.48 -0.155865
13.5 -0.163395
13.52 -0.17585
13.54 -0.192173
13.56 -0.211524
13.58 -0.233528
13.6 -0.258005
13.62 -0.284528
13.64 -0.312022
13.66 -0.339001
13.68 -0.364349
13.7 -0.387609
13.72 -0.408458
13.74 -0.426084
13.76 -0.438851
13.78 -0.444637
13.8 -0.441744
13.82 -0.429592
13.84 -0.408721
13.86 -0.380693
13.88 -0.34805
13.9 -0.313427
13.92 -0.278634
13.94 -0.244638
13.96 -0.211802
13.98 -0.180372
14 -0.150915
14.02 -0.123471
14.04 -0.0966321
14.06 -0.0687101
14.08 -0.0390028
14.1 -0.00807419
14.12 0.0212953
14.14 0.0447668
14.16 0.0595128
14.18 0.0652144
14.2 0.0620721
14.22 0.0491842
14.24 0.0251992
14.26 -0.010073
14.28 -0.0550474
14.3 -0.107014
14.32 -0.16346
14.34 -0.223063
14.36 -0.285032
14.38 -0.347827
14.4 -0.40949
14.42 -0.468696
14.44 -0.524707
14.46 -0.576409
14.48 -0.622081
14.5 -0.659665
14.52 -0.686871
14.54 -0.701714
14.56 -0.703105
14.58 -0.69129
14.6 -0.667586
14.62 -0.632901
14.64 -0.586986
14.66 -0.529754
14.68 -0.462879
14.7 -0.390994
14.72 -0.320566
14.74 -0.256205
14.76 -0.199264
14.78 -0.149641
14.8 -0.108185
14.82 -0.0768555
14.84 -0.0563406
14.86 -0.0455654
14.88 -0.0441559
14.9 -0.0527458
14.92 -0.0701099
14.94 -0.0931646
14.96 -0.119747
14.98 -0.148884
15 -0.179552
15.02 -0.210596
15.04 -0.241412
15.06 -0.272041
15.08 -0.302311
15.1 -0.331483
15.12 -0.358108
15.14 -0.379529
15.16 -0.392926
15.18 -0.396975
15.2 -0.391672
15.22 -0.377601
15.24 -0.35636
15.26 -0.330536
15.28 -0.302909
15.3 -0.276222
15.32 -0.252743
15.34 -0.233554
15.36 -0.218589
15.38 -0.207121
15.4 -0.198082
15.42 -0.190262
15.44 -0.182774
15.46 -0.175681
15.48 -0.170187
15.5 -0.167695
15.52 -0.16832
15.54 -0.17103
15.56 -0.174752
15.58 -0.178278
15.6 -0.180238
15.62 -0.180001
15.64 -0.178153
15.66 -0.176232
15.68 -0.175652
15.7 -0.176547
15.72 -0.177884
15.74 -0.178237
15.76 -0.176563
15.78 -0.172747
15.8 -0.167179
15.82 -0.160437
15.84 -0.153759
15.86 -0.148756
15.88 -0.1464
15.9 -0.146772
15.92 -0.149408
15.94 -0.153432
15.96 -0.157546
15.98 -0.160466
16 -0.1616
16.02 -0.160877
16.04 -0.158527
16.06 -0.155335
16.08 -0.152071
16.1 -0.149052
16.12 -0.146954
16.14 -0.147139
16.16 -0.150511
16.18 -0.156385
16.2 -0.163109
16.22 -0.169548
16.24 -0.175525
16.26 -0.181979
16.28 -0.190474
16.3 -0.201116
16.32 -0.21206
16.34 -0.22177
16.36 -0.230393
16.38 -0.238737
16.4 -0.247114
16.42 -0.255634
16.44 -0.264702
16.46 -0.274828
16.48 -0.286558
16.5 -0.300953
16.52 -0.319799
16.54 -0.344655
16.56 -0.3754
16.58 -0.410092
16.6 -0.446337
16.62 -0.482394
16.64 -0.517329
16.66 -0.550508
16.68 -0.579072
16.7 -0.5961
16.72 -0.594227
16.74 -0.568484
16.76 -0.515164
16.78 -0.432474
16.8 -0.321502
16.82 -0.184915
16.84 -0.0279782
16.86 0.137836
16.88 0.300364
16.9 0.455532
16.92 0.602291
16.94 0.736317
16.96 0.853429
16.98 0.951673
17 1.02976
17.02 1.08682
17.04 1.1222
17.06 1.13468
17.08 1.12279
17.1 1.08529
17.12 1.02057
17.14 0.927812
17.16 0.809909
17.18 0.673377
17.2 0.523799
17.22 0.363494
17.24 0.195369
17.26 0.0242348
17.28 -0.146729
17.3 -0.316092
17.32 -0.481386
17.34 -0.63836
17.36 -0.781301
17.38 -0.903636
17.4 -0.99923
17.42 -1.06292
17.44 -1.09011
17.46 -1.07788
17.48 -1.02727
17.5 -0.942987
17.52 -0.830165
17.54 -0.693787
17.56 -0.541733
17.58 -0.384123
17.6 -0.228924
17.62 -0.0819685
17.64 0.0511701
17.66 0.166235
17.68 0.260952
17.7 0.333816
17.72 0.382817
17.74 0.405642
17.76 0.401274
17.78 0.370926
17.8 0.31719
17.82 0.243362
17.84 0.154798
17.86 0.0587564
17.88 -0.0386832
17.9 -0.133569
17.92 -0.222454
17.94 -0.301542
17.96 -0.36654
17.98 -0.413117
18 -0.438352
18.02 -0.441502
18.04 -0.423309
18.06 -0.385319
18.08 -0.330934
18.1 -0.266682
18.12 -0.199754
18.14 -0.134755
18.16 -0.0742735
18.18 -0.0204068
18.2 0.0246821
18.22 0.0577448
18.24 0.074087
18.26 0.0688027
18.28 0.0386978
18.3 -0.0161247
18.32 -0.0905748
18.34 -0.173317
18.36 -0.251386
18.38 -0.316117
18.4 -0.361341
18.42 -0.381041
18.44 -0.370613
18.46 -0.327119
18.48 -0.252458
18.5 -0.15648
18.52 -0.0500205
18.54 0.0617439
18.56 0.175678
18.58 0.287444
18.6 0.392108
18.62 0.484503
18.64 0.56075
18.66 0.618894
18.68 0.657292
18.7 0.673665
18.72 0.665801
18.74 0.63237
18.76 0.572822
18.78 0.487268
18.8 0.379597
18.82 0.260925
18.84 0.144171
18.86 0.0380347
18.88 -0.0499002
18.9 -0.112141
18.92 -0.144187
18.94 -0.143473
18.96 -0.10867
18.98 -0.0415867
19 0.0517043
19.02 0.162717
19.04 0.284048
19.06 0.408708
19.08 0.528857
19.1 0.63879
19.12 0.735569
19.14 0.816025
19.16 0.876645
19.18 0.915712
19.2 0.932146
19.22 0.923147
19.24 0.885548
19.26 0.819719
19.28 0.730815
19.3 0.625115
19.32 0.508088
19.34 0.384998
19.36 0.259649
19.38 0.13441
19.4 0.011744
19.42 -0.105617
19.44 -0.214171
19.46 -0.308657
19.48 -0.383568
19.5 -0.435513
19.52 -0.463563
19.54 -0.468207
19.56 -0.450086
19.58 -0.410091
19.6 -0.351618
19.62 -0.279922
19.64 -0.197083
19.66 -0.102984
19.68 -0.00160496
19.7 0.0995452
19.72 0.194285
19.74 0.279228
19.76 0.353428
19.78 0.41696
19.8 0.468043
19.82 0.503602
19.84 0.522454
19.86 0.526128
19.88 0.518746
19.9 0.505279
19.92 0.488968
19.94 0.472124
19.96 0.456603
19.98 0.442397
20 0.428819
20.02 0.416261
20.04 0.405837
20.06 0.398768
20.08 0.394374
20.1 0.387018
20.12 0.368821
20.14 0.336055
20.16 0.292051
20.18 0.2448
20.2 0.199197
20.22 0.15378
20.24 0.106525
20.26 0.0587972
20.28 0.0124517
20.3 -0.0326531
20.32 -0.0750855
20.34 -0.110725
20.36 -0.137841
20.38 -0.1563
20.4 -0.163278
20.42 -0.155024
20.44 -0.128971
20.46 -0.0834315
20.48 -0.0185745
20.5 0.0612445
20.52 0.148949
20.54 0.237511
20.56 0.320229
20.58 0.396497
20.6 0.471211
20.62 0.542016
20.64 0.59991
20.66 0.63877
20.68 0.653847
20.7 0.644264
20.72 0.618158
20.74 0.582475
20.76 0.536657
20.78 0.481303
20.8 0.420175
20.82 0.354412
20.84 0.28344
20.86 0.209836
20.88 0.140584
20.9 0.0831638
20.92 0.0421947
20.94 0.020775
20.96 0.0211712
20.98 0.0446112
21 0.0895383
21.02 0.148822
21.04 0.214851
21.06 0.284819
21.08 0.357987
21.1 0.432561
21.12 0.504465
21.14 0.568345
21.16 0.621727
21.18 0.665314
21.2 0.698091
21.22 0.716482
21.24 0.717134
21.26 0.698072
21.28 0.659094
21.3 0.601834
21.32 0.530047
21.34 0.451241
21.36 0.37498
21.38 0.307978
21.4 0.255319
21.42 0.220612
21.44 0.200625
21.46 0.191443
21.48 0.195516
21.5 0.212812
21.52 0.237166
21.54 0.262391
21.56 0.282686
21.58 0.292586
21.6 0.291238
21.62 0.282921
21.64 0.271547
21.66 0.258135
21.68 0.243272
21.7 0.229609
21.72 0.222168
21.74 0.224832
21.76 0.236271
21.78 0.251662
21.8 0.268388
21.82 0.286851
21.84 0.306685
21.86 0.325992
21.88 0.343583
21.9 0.359656
21.92 0.375322
21.94 0.39228
21.96 0.41175
21.98 0.434103
22 0.459662
22.02 0.488932
22.04 0.522316
22.06 0.558845
22.08 0.59452
22.1 0.624198
22.12 0.644629
22.14 0.654274
22.16 0.652742
22.18 0.640842
22.2 0.619602
22.22 0.590105
22.24 0.554244
22.26 0.514105
22.28 0.471488
22.3 0.428368
22.32 0.387026
22.34 0.350204
22.36 0.320652
22.38 0.300432
22.4 0.291063
22.42 0.293516
22.44 0.307642
22.46 0.332384
22.48 0.366575
22.5 0.408263
22.52 0.453941
22.54 0.499763
22.56 0.542752
22.58 0.580899
22.6 0.613012
22.62 0.638261
22.64 0.655792
22.66 0.664895
22.68 0.665124
22.7 0.656158
22.72 0.637992
22.74 0.611257
22.76 0.576869
22.78 0.535561
22.8 0.488312
22.82 0.437047
22.84 0.384663
22.86 0.334154
22.88 0.287851
22.9 0.247381
22.92 0.213824
22.94 0.188214
22.96 0.171835
22.98 0.165838
23 0.170639
23.02 0.185552
23.04 0.208991
23.06 0.238898
23.08 0.272925
23.1 0.308832
23.12 0.345207
23.14 0.381337
23.16 0.416235
23.18 0.448666
23.2 0.478185
23.22 0.505348
23.24 0.530839
23.26 0.555055
23.28 0.57838
23.3 0.600915
23.32 0.622022
23.34 0.640605
23.36 0.655515
23.38 0.665448
23.4 0.668457
23.42 0.662191
23.44 0.64539
23.46 0.618901
23.48 0.585061
23.5 0.546136
23.52 0.503625
23.54 0.459003
23.56 0.41438
23.58 0.372335
23.6 0.335341
23.62 0.305164
23.64 0.282767
23.66 0.26852
23.68 0.262671
23.7 0.265937
23.72 0.278859
23.74 0.300682
23.76 0.329648
23.78 0.363819
23.8 0.401415
23.82 0.441043
23.84 0.481409
23.86 0.520617
23.88 0.55634
23.9 0.586872
23.92 0.611798
23.94 0.631199
23.96 0.644312
23.98 0.649957
24 0.647859
24.02 0.639361
24.04 0.627342
24.06 0.614236
24.08 0.600655
24.1 0.586183
24.12 0.569898
24.14 0.551145
24.16 0.530771
24.18 0.510322
24.2 0.490117
24.22 0.469647
24.24 0.449071
24.26 0.429455
24.28 0.412609
24.3 0.400339
24.32 0.393233
24.34 0.390253
24.36 0.389599
24.38 0.390119
24.4 0.39163
24.42 0.39457
24.44 0.399896
24.46 0.40865
24.48 0.421027
24.5 0.436172
24.52 0.452981
24.54 0.470554
24.56 0.488302
24.58 0.506152
24.6 0.524159
24.62 0.541983
24.64 0.559226
24.66 0.575815
24.68 0.591577
24.7 0.605556
24.72 0.61615
24.74 0.622177
24.76 0.623403
24.78 0.62043
24.8 0.61447
24.82 0.606631
24.84 0.597667
24.86 0.588294
24.88 0.57897
24.9 0.569793
24.92 0.561013
24.94 0.553094
24.96 0.546331
24.98 0.540863
25 0.536752
25.02 0.533962
25.04 0.532462
25.06 0.532295
25.08 0.533381
25.1 0.5353
25.12 0.537675
25.14 0.540564
25.16 0.544069
25.18 0.547934
25.2 0.551627
25.22 0.554407
25.24 0.555498
25.26 0.55423
25.28 0.549915
25.3 0.541835
25.32 0.529516
25.34 0.513406
25.36 0.495187
25.38 0.476755
25.4 0.459216
25.42 0.443158
25.44 0.429176
25.46 0.417776
25.48 0.409187
25.5 0.403439
25.52 0.400714
25.54 0.401462
25.56 0.406165
25.58 0.415193
25.6 0.428733
25.62 0.446781
25.64 0.469062
25.66 0.494872
25.68 0.523008
25.7 0.551928
25.72 0.580252
25.74 0.606854
25.76 0.630457
25.78 0.649794
25.8 0.664014
25.82 0.672597
25.84 0.675373
25.86 0.672718
25.88 0.665213
25.9 0.653094
25.92 0.636384
25.94 0.615398
25.96 0.590916
25.98 0.563833
26 0.534798
26.02 0.504316
26.04 0.472978
26.06 0.441717
26.08 0.411956
26.1 0.385068
26.12 0.361712
26.14 0.342078
26.16 0.326518
26.18 0.315667
26.2 0.310254
26.22 0.310891
26.24 0.317792
26.26 0.330822
26.28 0.349693
26.3 0.373802
26.32 0.402191
26.34 0.43378
26.36 0.467304
26.38 0.501272
26.4 0.534274
26.42 0.565122
26.44 0.592797
26.46 0.61654
26.48 0.636194
26.5 0.652047
26.52 0.664093
26.54 0.671844
26.56 0.674873
26.58 0.673391
26.6 0.668342
26.62 0.660779
26.64 0.651236
26.66 0.639739
26.68 0.626265
26.7 0.611127
26.72 0.594776
26.74 0.577534
26.76 0.559699
26.78 0.541488
26.8 0.523176
26.82 0.50525
26.84 0.488119
26.86 0.472093
26.88 0.457496
26.9 0.444581
26.92 0.433794
26.94 0.425972
26.96 0.422041
26.98 0.422526
27 0.427244
27.02 0.435769
27.04 0.447983
27.06 0.463719
27.08 0.48227
27.1 0.502528
27.12 0.523499
27.14 0.544585
27.16 0.565347
27.18 0.58513
27.2 0.603014
27.22 0.618092
27.24 0.629746
27.26 0.637652
27.28 0.641707
27.3 0.641948
27.32 0.638512
27.34 0.6318
27.36 0.622515
27.38 0.611478
27.4 0.59936
27.42 0.586581
27.44 0.573685
27.46 0.561445
27.48 0.550367
27.5 0.540527
27.52 0.531686
27.54 0.52333
27.56 0.514963
27.58 0.506327
27.6 0.497378
27.62 0.488202
27.64 0.478853
27.66 0.469449
27.68 0.460396
27.7 0.452336
27.72 0.446159
27.74 0.443075
27.76 0.444411
27.78 0.451156
27.8 0.463651
27.82 0.481672
27.84 0.504604
27.86 0.531444
27.88 0.560716
27.9 0.590701
27.92 0.619785
27.94 0.646579
27.96 0.670074
27.98 0.689636
28 0.704679
28.02 0.714718
28.04 0.719517
28.06 0.718839
28.08 0.712467
28.1 0.700356
28.12 0.682926
28.14 0.661208
28.16 0.636242
28.18 0.608883
28.2 0.580377
28.22 0.552329
28.24 0.526277
28.26 0.503736
28.28 0.486187
28.3 0.474775
28.32 0.470217
28.34 0.472685
28.36 0.480703
28.38 0.491042
28.4 0.50107
28.42 0.51039
28.44 0.519899
28.46 0.5298
28.48 0.539344
28.5 0.548071
28.52 0.556213
28.54 0.564468
28.56 0.573651
28.58 0.58407
28.6 0.595084
28.62 0.605286
28.64 0.61355
28.66 0.619981
28.68 0.625428
28.7 0.630424
28.72 0.63485
28.74 0.637872
28.76 0.638056
28.78 0.634417
28.8 0.627454
28.82 0.618386
28.84 0.607716
28.86 0.59548
28.88 0.582263
28.9 0.569115
28.92 0.557181
28.94 0.547639
28.96 0.541327
28.98 0.538258
29 0.537608
29.02 0.538477
29.04 0.540914
29.06 0.545725
29.08 0.553196
29.1 0.562601
29.12 0.572742
29.14 0.582461
29.16 0.590841
29.18 0.597245
29.2 0.601329
29.22 0.603036
29.24 0.602322
29.26 0.598995
29.28 0.593204
29.3 0.585657
29.32 0.577004
29.34 0.567469
29.36 0.557281
29.38 0.547157
29.4 0.538188
29.42 0.531211
29.44 0.526517
29.46 0.524104
29.48 0.523983
29.5 0.526169
29.52 0.530551
29.54 0.536722
29.56 0.543718
29.58 0.55035
29.6 0.556049
29.62 0.560998
29.64 0.565324
29.66 0.56869
29.68 0.570746
29.7 0.571341
29.72 0.570451
29.74 0.568194
29.76 0.564841
29.78 0.560895
29.8 0.556934
29.82 0.553409
29.84 0.55082
29.86 0.549728
29.88 0.550487
29.9 0.553216
29.92 0.558057
29.94 0.565149
29.96 0.574284
29.98 0.584719
30 0.595228
30.02 0.604392
30.04 0.611072
30.06 0.614597
30.08 0.614537
30.1 0.610708
30.12 0.603508
30.14 0.593941
30.16 0.58326
30.18 0.572615
30.2 0.562913
30.22 0.554702
30.24 0.548224
30.26 0.543779
30.28 0.541865
30.3 0.542977
30.32 0.547431
30.34 0.555089
30.36 0.565298
30.38 0.577224
30.4 0.589953
30.42 0.602455
30.44 0.613503
30.46 0.621687
30.48 0.625862
30.5 0.625654
30.52 0.62153
30.54 0.614353
30.56 0.604878
30.58 0.593777
30.6 0.581829
30.62 0.569984
30.64 0.55931
30.66 0.550807
30.68 0.54513
30.7 0.5426
30.72 0.54331
30.74 0.546836
30.76 0.552312
30.78 0.559076
30.8 0.566701
30.82 0.57465
30.84 0.582477
30.86 0.589937
30.88 0.596866
30.9 0.603377
30.92 0.609915
30.94 0.616751
30.96 0.623623
30.98 0.629973
31 0.635138
31.02 0.63837
31.04 0.639106
31.06 0.637116
31.08 0.632201
31.1 0.624174
31.12 0.613332
31.14 0.600616
31.16 0.587165
31.18 0.573899
31.2 0.561442
31.22 0.550229
31.24 0.540664
31.26 0.53325
31.28 0.528393
31.3 0.526179
31.32 0.526535
31.34 0.529447
31.36 0.534924
31.38 0.542772
31.4 0.552644
31.42 0.564322
31.44 0.577495
31.46 0.591506
31.48 0.605622
31.5 0.619077
31.52 0.63091
31.54 0.640227
31.56 0.646482
31.58 0.649371
31.6 0.64874
31.62 0.644673
31.64 0.637365
31.66 0.626946
31.68 0.613614
31.7 0.59774
31.72 0.579849
31.74 0.560673
31.76 0.541123
31.78 0.522114
31.8 0.504493
31.82 0.488962
31.84 0.47605
31.86 0.466365
31.88 0.460686
31.9 0.45961
31.92 0.463299
31.94 0.471595
31.96 0.484253
31.98 0.500986
32 0.521259
32.02 0.544156
32.04 0.568447
32.06 0.592813
32.08 0.616044
32.1 0.637144
32.12 0.6553
32.14 0.669737
32.16 0.679821
32.18 0.68527
32.2 0.686077
32.22 0.682306
32.24 0.6741
32.26 0.661761
32.28 0.645802
32.3 0.626902
32.32 0.60577
32.34 0.583059
32.36 0.559483
32.38 0.535869
32.4 0.512985
32.42 0.491554
32.44 0.472312
32.46 0.455957
32.48 0.443172
32.5 0.434492
32.52 0.430097
32.54 0.43003
32.56 0.434499
32.58 0.443647
32.6 0.457257
32.62 0.474867
32.64 0.49604
32.66 0.520359
32.68 0.547249
32.7 0.575899
32.72 0.605268
32.74 0.634145
32.76 0.661148
32.78 0.684875
32.8 0.704297
32.82 0.718838
32.84 0.728302
32.86 0.732851
32.88 0.732933
32.9 0.729245
32.92 0.722537
32.94 0.713316
32.96 0.701851
32.98 0.688368
33 0.673078
33.02 0.656141
33.04 0.637809
33.06 0.618563
33.08 0.599035
33.1 0.579824
33.12 0.561407
33.14 0.544245
33.16 0.528931
33.18 0.516049
33.2 0.506088
33.22 0.499573
33.24 0.496924
33.26 0.498274
33.28 0.503455
33.3 0.511948
33.32 0.523109
33.34 0.536615
33.36 0.552465
33.38 0.570491
33.4 0.590045
33.42 0.610148
33.44 0.629909
33.46 0.648725
33.48 0.666009
33.5 0.680997
33.52 0.692954
33.54 0.701304
33.56 0.7057
33.58 0.706223
33.6 0.703268
33.62 0.697159
33.64 0.688056
33.66 0.676047
33.68 0.661198
33.7 0.643722
33.72 0.6242
33.74 0.603422
33.76 0.582167
33.78 0.561419
33.8 0.542482
33.82 0.52662
33.84 0.514717
33.86 0.507354
33.88 0.504936
33.9 0.507654
33.92 0.515491
33.94 0.528171
33.96 0.545129
33.98 0.565681
34 0.589103
34.02 0.614449
34.04 0.640558
34.06 0.666295
34.08 0.690545
34.1 0.71211
34.12 0.730038
34.14 0.743702
34.16 0.752576
34.18 0.756298
34.2 0.754808
34.22 0.748306
34.24 0.737112
34.26 0.721609
34.28 0.702366
34.3 0.68027
34.32 0.656381
34.34 0.631653
34.36 0.606983
34.38 0.583516
34.4 0.562578
34.42 0.545279
34.44 0.532403
34.46 0.524458
34.48 0.52163
34.5 0.523699
34.52 0.53006
34.54 0.539885
34.56 0.55229
34.58 0.566516
34.6 0.582083
34.62 0.59875
34.64 0.616242
34.66 0.634021
34.68 0.651322
34.7 0.66733
34.72 0.681269
34.74 0.692429
34.76 0.700199
34.78 0.704225
34.8 0.704541
34.82 0.701413
34.84 0.695274
34.86 0.686783
34.88 0.676584
34.9 0.665155
34.92 0.65308
34.94 0.641119
34.96 0.630013
34.98 0.620376
35 0.612532
35.02 0.606458
35.04 0.602054
35.06 0.599227
35.08 0.597712
35.1 0.59712
35.12 0.597123
35.14 0.597384
35.16 0.597451
35.18 0.597006
35.2 0.596084
35.22 0.59506
35.24 0.594478
35.26 0.594775
35.28 0.596129
35.3 0.598546
35.32 0.602085
35.34 0.606769
35.36 0.612345
35.38 0.618485
35.4 0.625089
35.42 0.632204
35.44 0.639872
35.46 0.647967
35.48 0.656111
35.5 0.663821
35.52 0.670507
35.54 0.675471
35.56 0.67817
35.58 0.678214
35.6 0.67515
35.62 0.668648
35.64 0.658821
35.66 0.646244
35.68 0.631703
35.7 0.615967
35.72 0.599831
35.74 0.584134
35.76 0.569449
35.78 0.556316
35.8 0.5458
35.82 0.53897
35.84 0.536037
35.86 0.536725
35.88 0.540854
35.9 0.548043
35.92 0.557632
35.94 0.569387
35.96 0.583811
35.98 0.601174
36 0.620579
36.02 0.640612
36.04 0.660353
36.06 0.679179
36.08 0.696527
36.1 0.712266
36.12 0.726527
36.14 0.738833
36.16 0.747938
36.18 0.753106
36.2 0.754776
36.22 0.753505
36.24 0.749377
36.26 0.742187
36.28 0.731338
36.3 0.716197
36.32 0.69665
36.34 0.673085
36.36 0.646428
36.38 0.618113
36.4 0.589711
36.42 0.562897
36.44 0.539319
36.46 0.519855
36.48 0.504693
36.5 0.494729
36.52 0.491866
36.54 0.49746
36.56 0.511358
36.58 0.532516
36.6 0.559764
36.62 0.591703
36.64 0.626283
36.66 0.661386
36.68 0.695515
36.7 0.726911
36.72 0.753147
36.74 0.772782
36.76 0.786507
36.78 0.795606
36.8 0.799753
36.82 0.797564
36.84 0.788748
36.86 0.774208
36.88 0.754693
36.9 0.730329
36.92 0.701269
36.94 0.668279
36.96 0.632919
36.98 0.598064
37 0.566862
37.02 0.540732
37.04 0.520132
37.06 0.506375
37.08 0.500987
37.1 0.504053
37.12 0.514492
37.14 0.530949
37.16 0.551824
37.18 0.575362
37.2 0.599953
37.22 0.62379
37.24 0.644363
37.26 0.659804
37.28 0.670688
37.3 0.678839
37.32 0.684999
37.34 0.688649
37.36 0.688995
37.38 0.685643
37.4 0.678766
37.42 0.669116
37.44 0.657854
37.46 0.64615
37.48 0.635158
37.5 0.626006
37.52 0.619345
37.54 0.615344
37.56 0.614431
37.58 0.617537
37.6 0.625138
37.62 0.636539
37.64 0.650101
37.66 0.663817
37.68 0.67634
37.7 0.68759
37.72 0.697703
37.74 0.706091
37.76 0.71198
37.78 0.715101
37.8 0.715544
37.82 0.712933
37.84 0.706015
37.86 0.693741
37.88 0.676297
37.9 0.654737
37.92 0.630677
37.94 0.606194
37.96 0.582974
37.98 0.561917
38 0.543797
38.02 0.52958
38.04 0.520031
38.06 0.515562
38.08 0.516286
38.1 0.52203
38.12 0.53253
38.14 0.547308
38.16 0.565649
38.18 0.587032
38.2 0.611178
38.22 0.637869
38.24 0.666628
38.26 0.696191
38.28 0.724565
38.3 0.749636
38.32 0.76981
38.34 0.784399
38.36 0.793367
38.38 0.796692
38.4 0.794377
38.42 0.786925
38.44 0.775406
38.46 0.761161
38.48 0.745218
38.5 0.727926
38.52 0.709225
38.54 0.68909
38.56 0.667776
38.58 0.645727
38.6 0.623304
38.62 0.600834
38.64 0.578896
38.66 0.558359
38.68 0.540241
38.7 0.525481
38.72 0.514791
38.74 0.508821
38.76 0.508276
38.78 0.513674
38.8 0.525072
38.82 0.541991
38.84 0.563414
38.86 0.587863
38.88 0.61371
38.9 0.639579
38.92 0.664347
38.94 0.686982
38.96 0.706723
38.98 0.723353
39 0.737136
39.02 0.748547
39.04 0.758085
39.06 0.76624
39.08 0.773487
39.1 0.78021
39.12 0.786373
39.14 0.791183
39.16 0.793243
39.18 0.791236
39.2 0.78447
39.22 0.772929
39.24 0.757023
39.26 0.737406
39.28 0.71497
39.3 0.690777
39.32 0.665862
39.34 0.641142
39.36 0.617358
39.38 0.595007
39.4 0.574531
39.42 0.556604
39.44 0.541991
39.46 0.531201
39.48 0.524529
39.5 0.522314
39.52 0.525008
39.54 0.532949
39.56 0.546055
39.58 0.563773
39.6 0.585357
39.62 0.610257
39.64 0.638131
39.66 0.6685
39.68 0.700558
39.7 0.733286
39.72 0.765578
39.74 0.796128
39.76 0.82346
39.78 0.846278
39.8 0.863585
39.82 0.874623
39.84 0.878964
39.86 0.876484
39.88 0.867262
39.9 0.851622
39.92 0.830231
39.94 0.804171
39.96 0.774816
39.98 0.743469
40 0.71119
40.02 0.678979
40.04 0.647877
40.06 0.618894
40.08 0.592824
40.1 0.570321
40.12 0.552199
40.14 0.539275
40.16 0.532019
40.18 0.530643
40.2 0.53517
40.22 0.5452
40.24 0.559992
40.26 0.578649
40.28 0.600128
40.3 0.623358
40.32 0.647395
40.34 0.67142
40.36 0.694713
40.38 0.716629
40.4 0.736675
40.42 0.754702
40.44 0.7708
40.46 0.785049
40.48 0.797421
40.5 0.807722
40.52 0.815618
40.54 0.820588
40.56 0.821897
40.58 0.819087
40.6 0.812333
40.62 0.802021
40.64 0.788339
40.66 0.771186
40.68 0.75042
40.7 0.726343
40.72 0.699778
40.74 0.671722
40.76 0.643082
40.78 0.614609
40.8 0.587133
40.82 0.561915
40.84 0.540561
40.86 0.524553
40.88 0.514932
40.9 0.512051
40.92 0.515736
40.94 0.525802
40.96 0.542058
40.98 0.564031
41 0.59103
41.02 0.62213
41.04 0.656011
41.06 0.69122
41.08 0.72643
41.1 0.760412
41.12 0.792111
41.14 0.820594
41.16 0.844909
41.18 0.864098
41.2 0.877269
41.22 0.883721
41.24 0.883085
41.26 0.875432
41.28 0.861162
41.3 0.840866
41.32 0.815455
41.34 0.786183
41.36 0.754448
41.38 0.721704
41.4 0.689386
41.42 0.65885
41.44 0.631445
41.46 0.608458
41.48 0.590907
41.5 0.579399
41.52 0.574189
41.54 0.575339
41.56 0.582784
41.58 0.596186
41.6 0.61474
41.62 0.637267
41.64 0.662484
41.66 0.689166
41.68 0.716204
41.7 0.742564
41.72 0.767151
41.74 0.788765
41.76 0.806297
41.78 0.81899
41.8 0.826435
41.82 0.828553
41.84 0.82573
41.86 0.818735
41.88 0.808437
41.9 0.795676
41.92 0.781331
41.94 0.766316
41.96 0.751489
41.98 0.73757
42 0.725041
42.02 0.714094
42.04 0.704689
42.06 0.696645
42.08 0.68978
42.1 0.684096
42.12 0.679817
42.14 0.677261
42.16 0.676714
42.18 0.678269
42.2 0.681774
42.22 0.686963
42.24 0.693516
42.26 0.70104
42.28 0.709037
42.3 0.716912
42.32 0.724055
42.34 0.730008
42.36 0.734668
42.38 0.738157
42.4 0.740622
42.42 0.742316
42.44 0.743537
42.46 0.744446
42.48 0.745109
42.5 0.745525
42.52 0.745692
42.54 0.7457
42.56 0.745669
42.58 0.74566
42.6 0.745648
42.62 0.745617
42.64 0.745566
42.66 0.745427
42.68 0.745084
42.7 0.744479
42.72 0.743645
42.74 0.742629
42.76 0.741333
42.78 0.73953
42.8 0.737136
42.82 0.734264
42.84 0.730926
42.86 0.726966
42.88 0.722248
42.9 0.716765
42.92 0.71069
42.94 0.704328
42.96 0.697922
42.98 0.691611
43 0.685649
43.02 0.680536
43.04 0.676895
43.06 0.675248
43.08 0.675862
43.1 0.678801
43.12 0.684087
43.14 0.691687
43.16 0.701444
43.18 0.713065
43.2 0.726063
43.22 0.739759
43.24 0.753413
43.26 0.766261
43.28 0.777535
43.3 0.786529
43.32 0.792596
43.34 0.795214
43.36 0.794052
43.38 0.789
43.4 0.780232
43.42 0.768295
43.44 0.75409
43.46 0.738664
43.48 0.723064
43.5 0.708293
43.52 0.695238
43.54 0.684571
43.56 0.676697
43.58 0.671769
43.6 0.669705
43.62 0.670271
43.64 0.673206
43.66 0.678271
43.68 0.685197
43.7 0.693594
43.72 0.70298
43.74 0.712934
43.76 0.723077
43.78 0.733009
43.8 0.742449
43.82 0.751232
43.84 0.759169
43.86 0.765957
43.88 0.771186
43.9 0.774494
43.92 0.775695
43.94 0.774722
43.96 0.771509
43.98 0.766082
44 0.758681
44.02 0.749716
44.04 0.739716
44.06 0.729269
44.08 0.718906
44.1 0.709041
44.12 0.70005
44.14 0.6923
44.16 0.686095
44.18 0.681594
44.2 0.678801
44.22 0.677626
44.24 0.67796
44.26 0.679695
44.28 0.682664
44.3 0.686654
44.32 0.691508
44.34 0.697199
44.36 0.703723
44.38 0.710979
44.4 0.718872
44.42 0.727386
44.44 0.736479
44.46 0.746076
44.48 0.755991
44.5 0.765761
44.52 0.774726
44.54 0.782245
44.56 0.787769
44.58 0.79085
44.6 0.791161
44.62 0.788538
44.64 0.783048
44.66 0.774989
44.68 0.764799
44.7 0.752969
44.72 0.740092
44.74 0.726854
44.76 0.713927
44.78 0.701945
44.8 0.691403
44.82 0.682627
44.84 0.675903
44.86 0.671558
44.88 0.669892
44.9 0.671039
44.92 0.674909
44.94 0.681262
44.96 0.68977
44.98 0.70001
45 0.711446
45.02 0.723492
45.04 0.735624
45.06 0.747449
45.08 0.758652
45.1 0.768865
45.12 0.77771
45.14 0.784892
45.16 0.790158
45.18 0.793275
45.2 0.794058
45.22 0.79248
45.24 0.788783
45.26 0.783433
45.28 0.776957
45.3 0.769765
45.32 0.762158
45.34 0.754444
45.36 0.746801
45.38 0.739221
45.4 0.731663
45.42 0.724209
45.44 0.71721
45.46 0.71102
45.48 0.705779
45.5 0.701571
45.52 0.698512
45.54 0.696692
45.56 0.696123
45.58 0.696784
45.6 0.698663
45.62 0.701762
45.64 0.706034
45.66 0.711263
45.68 0.717107
45.7 0.723282
45.72 0.729618
45.74 0.735946
45.76 0.741978
45.78 0.74736
45.8 0.751919
45.82 0.755695
45.84 0.758769
45.86 0.761182
45.88 0.762992
45.9 0.764291
45.92 0.765193
45.94 0.765834
45.96 0.76627
45.98 0.766308
46 0.765548
46.02 0.763724
46.04 0.76085
46.06 0.757037
46.08 0.752391
46.1 0.746903
46.12 0.740548
46.14 0.733448
46.16 0.725796
46.18 0.717925
46.2 0.710428
46.22 0.703912
46.24 0.698683
46.26 0.694931
46.28 0.692964
46.3 0.692983
46.32 0.694968
46.34 0.698864
46.36 0.704538
46.38 0.711756
46.4 0.720245
46.42 0.729637
46.44 0.739507
46.46 0.749488
46.48 0.759176
46.5 0.768082
46.52 0.77576
46.54 0.781861
46.56 0.786123
46.58 0.788401
46.6 0.788619
46.62 0.786756
46.64 0.782879
46.66 0.777139
46.68 0.769731
46.7 0.760866
46.72 0.750842
46.74 0.740115
46.76 0.729189
46.78 0.71859
46.8 0.708878
46.82 0.700578
46.84 0.694156
46.86 0.689811
46.88 0.687433
46.9 0.686892
46.92 0.688116
46.94 0.691119
46.96 0.695975
46.98 0.702602
47 0.710697
47.02 0.719831
47.04 0.729596
47.06 0.739657
47.08 0.749541
47.1 0.758663
47.12 0.766717
47.14 0.773592
47.16 0.779013
47.18 0.782599
47.2 0.784089
47.22 0.783469
47.24 0.780929
47.26 0.776697
47.28 0.771065
47.3 0.764493
47.32 0.757565
47.34 0.750912
47.36 0.74514
47.38 0.740645
47.4 0.737443
47.42 0.735145
47.44 0.733141
47.46 0.731057
47.48 0.729001
47.5 0.727259
47.52 0.725931
47.54 0.725063
47.56 0.724885
47.58 0.725599
47.6 0.727128
47.62 0.729243
47.64 0.731691
47.66 0.734176
47.68 0.736392
47.7 0.738145
47.72 0.739395
47.74 0.740276
47.76 0.741025
47.78 0.741817
47.8 0.742713
47.82 0.743704
47.84 0.744697
47.86 0.745515
47.88 0.745948
47.9 0.745832
47.92 0.745156
47.94 0.744011
47.96 0.74242
47.98 0.740419
48 0.738175
48.02 0.735971
48.04 0.734093
48.06 0.732681
48.08 0.731612
48.1 0.730642
48.12 0.72973
48.14 0.72918
48.16 0.729211
48.18 0.729673
48.2 0.730349
48.22 0.731143
48.24 0.732007
48.26 0.732984
48.28 0.734142
48.3 0.735541
48.32 0.737387
48.34 0.739868
48.36 0.742928
48.38 0.74639
48.4 0.750095
48.42 0.753898
48.44 0.757646
48.46 0.761168
48.48 0.76424
48.5 0.766541
48.52 0.767769
48.54 0.767686
48.56 0.766056
48.58 0.762787
48.6 0.757996
48.62 0.751902
48.64 0.744747
48.66 0.736863
48.68 0.728821
48.7 0.721282
48.72 0.714736
48.74 0.709478
48.76 0.705735
48.78 0.703742
48.8 0.703613
48.82 0.705289
48.84 0.708662
48.86 0.713584
48.88 0.719849
48.9 0.727188
48.92 0.735276
48.94 0.743762
48.96 0.752284
48.98 0.760499
49 0.768079
49.02 0.774715
49.04 0.780153
49.06 0.784203
49.08 0.786732
49.1 0.787639
49.12 0.786954
49.14 0.784876
49.16 0.781631
49.18 0.777369
49.2 0.772124
49.22 0.765983
49.24 0.759171
49.26 0.751833
49.28 0.744029
49.3 0.735926
49.32 0.727799
49.34 0.719991
49.36 0.71288
49.38 0.706772
49.4 0.701906
49.42 0.698546
49.44 0.696916
49.46 0.697126
49.48 0.699195
49.5 0.703024
49.52 0.708368
49.54 0.714866
49.56 0.722186
49.58 0.730051
49.6 0.738073
49.62 0.745729
49.64 0.752452
49.66 0.757718
49.68 0.761172
49.7 0.762657
49.72 0.762165
49.74 0.759873
49.76 0.756137
49.78 0.751422
49.8 0.746158
49.82 0.740604
49.84 0.734948
49.86 0.729501
49.88 0.724703
49.9 0.720933
49.92 0.718376
49.94 0.717072
49.96 0.716962
49.98 0.717894
50 0.719687
50.02 0.722146
50.04 0.725081
50.06 0.728422
50.08 0.732215
50.1 0.736404
50.12 0.740755
50.14 0.744971
50.16 0.74877
50.18 0.751989
50.2 0.754607
50.22 0.756552
50.24 0.757651
50.26 0.757824
50.28 0.757141
50.3 0.755713
50.32 0.753701
50.34 0.75134
50.36 0.748819
50.38 0.746229
50.4 0.743674
50.42 0.741304
50.44 0.739285
50.46 0.737781
50.48 0.736861
50.5 0.736435
50.52 0.736362
50.54 0.736576
50.56 0.737131
50.58 0.738114
50.6 0.739578
50.62 0.741537
50.64 0.743915
50.66 0.746531
50.68 0.749203
50.7 0.75181
50.72 0.754257
50.74 0.75642
50.76 0.75815
50.78 0.759294
50.8 0.759764
50.82 0.759477
50.84 0.758255
50.86 0.75595
50.88 0.752575
50.9 0.748239
50.92 0.743096
50.94 0.737387
50.96 0.731343
50.98 0.725136
51 0.718983
51.02 0.713199
51.04 0.708099
51.06 0.703954
51.08 0.701022
51.1 0.699493
51.12 0.699469
51.14 0.700975
51.16 0.703895
51.18 0.708024
51.2 0.713207
51.22 0.719316
51.24 0.72617
51.26 0.733592
51.28 0.7415
51.3 0.749864
51.32 0.758664
51.34 0.767649
51.36 0.775953
51.38 0.782291
51.4 0.785598
51.42 0.785552
51.44 0.782809
51.46 0.778604
51.48 0.773836
51.5 0.768713
51.52 0.76331
51.54 0.757879
51.56 0.752594
51.58 0.74751
51.6 0.742561
51.62 0.737612
51.64 0.732781
51.66 0.728534
51.68 0.725421
51.7 0.723803
51.72 0.723776
51.74 0.725243
51.76 0.727971
51.78 0.731633
51.8 0.73576
51.82 0.739801
51.84 0.743403
51.86 0.746557
51.88 0.749379
51.9 0.751893
51.92 0.754051
51.94 0.755833
51.96 0.757296
51.98 0.758542
52 0.759648
52.02 0.760588
52.04 0.761196
52.06 0.761226
52.08 0.760471
52.1 0.758878
52.12 0.756552
52.14 0.753571
52.16 0.749968
52.18 0.74594
52.2 0.741882
52.22 0.738269
52.24 0.735483
52.26 0.73371
52.28 0.732965
52.3 0.733161
52.32 0.734169
52.34 0.735807
52.36 0.737808
52.38 0.73993
52.4 0.742012
52.42 0.743942
52.44 0.745651
52.46 0.747199
52.48 0.748735
52.5 0.750324
52.52 0.751886
52.54 0.753234
52.56 0.754158
52.58 0.754466
52.6 0.753985
52.62 0.752652
52.64 0.750499
52.66 0.747609
52.68 0.744122
52.7 0.740265
52.72 0.736357
52.74 0.732656
52.76 0.729279
52.78 0.726298
52.8 0.72378
52.82 0.721798
52.84 0.720444
52.86 0.719778
52.88 0.719785
52.9 0.72046
52.92 0.721896
52.94 0.72417
52.96 0.727185
52.98 0.730759
53 0.734774
53.02 0.739167
53.04 0.743861
53.06 0.748734
53.08 0.753656
53.1 0.758522
53.12 0.763236
53.14 0.767641
53.16 0.771561
53.18 0.774889
53.2 0.777473
53.22 0.779107
53.24 0.779625
53.26 0.778914
53.28 0.776903
53.3 0.773557
53.32 0.768892
53.34 0.762961
53.36 0.755925
53.38 0.748099
53.4 0.739844
53.42 0.73153
53.44 0.723573
53.46 0.716353
53.48 0.710153
53.5 0.705209
53.52 0.701758
53.54 0.700018
53.56 0.700113
53.58 0.702049
53.6 0.705713
53.62 0.710865
53.64 0.717175
53.66 0.724316
53.68 0.731991
53.7 0.739884
53.72 0.747738
53.74 0.755379
53.76 0.762637
53.78 0.769336
53.8 0.7753
53.82 0.780324
53.84 0.78422
53.86 0.786892
53.88 0.788234
53.9 0.788077
53.92 0.786338
53.94 0.783095
53.96 0.778505
53.98 0.77277
54 0.766117
54.02 0.758782
54.04 0.751052
54.06 0.743282
54.08 0.735855
54.1 0.729107
54.12 0.723344
54.14 0.718829
54.16 0.715689
54.18 0.713971
54.2 0.713648
54.22 0.714526
54.24 0.716364
54.26 0.718997
54.28 0.722275
54.3 0.726085
54.32 0.730354
54.34 0.734958
54.36 0.739725
54.38 0.744451
54.4 0.748933
54.42 0.753021
54.44 0.756671
54.46 0.75991
54.48 0.762761
54.5 0.765197
54.52 0.76718
54.54 0.768674
54.56 0.769602
54.58 0.769849
54.6 0.769326
54.62 0.768049
54.64 0.766108
54.66 0.763586
54.68 0.760498
54.7 0.756787
54.72 0.752446
54.74 0.747556
54.76 0.742214
54.78 0.736563
54.8 0.730811
54.82 0.725179
54.84 0.719968
54.86 0.715574
54.88 0.71238
54.9 0.710723
54.92 0.710833
54.94 0.712768
54.96 0.716504
54.98 0.721969
55 0.728919
55.02 0.736955
55.04 0.745628
55.06 0.754503
55.08 0.76315
55.1 0.77117
55.12 0.778261
55.14 0.784161
55.16 0.788622
55.18 0.791473
55.2 0.792655
55.22 0.79222
55.24 0.790292
55.26 0.787026
55.28 0.782589
55.3 0.777133
55.32 0.770848
55.34 0.764013
55.36 0.756872
55.38 0.749571
55.4 0.742287
55.42 0.735274
55.44 0.72877
55.46 0.722986
55.48 0.71813
55.5 0.7143
55.52 0.711531
55.54 0.709889
55.56 0.709465
55.58 0.71036
55.6 0.712614
55.62 0.716202
55.64 0.721031
55.66 0.726824
55.68 0.733221
55.7 0.739965
55.72 0.746884
55.74 0.753807
55.76 0.760512
55.78 0.766732
55.8 0.772239
55.82 0.776888
55.84 0.780559
55.86 0.783151
55.88 0.784713
55.9 0.785448
55.92 0.785437
55.94 0.784259
55.96 0.781193
55.98 0.775873
56 0.768456
56.02 0.759547
56.04 0.749973
56.06 0.740343
56.08 0.731133
56.1 0.722928
56.12 0.716361
56.14 0.711895
56.16 0.709578
56.18 0.709167
56.2 0.710376
56.22 0.712921
56.24 0.716621
56.26 0.721391
56.28 0.727124
56.3 0.733742
56.32 0.741187
56.34 0.749293
56.36 0.757786
56.38 0.766289
56.4 0.774331
56.42 0.781466
56.44 0.787424
56.46 0.79217
56.48 0.79573
56.5 0.798
56.52 0.798827
56.54 0.798142
56.56 0.795981
56.58 0.792424
56.6 0.787485
56.62 0.781132
56.64 0.77345
56.66 0.764702
56.68 0.755314
56.7 0.745719
56.72 0.736266
56.74 0.727302
56.76 0.719207
56.78 0.71235
56.8 0.707038
56.82 0.703526
56.84 0.70198
56.86 0.702453
56.88 0.704977
56.9 0.709434
56.92 0.715484
56.94 0.722744
56.96 0.730779
56.98 0.739083
57 0.74721
57.02 0.754842
57.04 0.7617
57.06 0.767475
57.08 0.771967
57.1 0.775223
57.12 0.777378
57.14 0.778425
57.16 0.778281
57.18 0.776921
57.2 0.774436
57.22 0.771014
57.24 0.766803
57.26 0.761881
57.28 0.756368
57.3 0.750516
57.32 0.744678
57.34 0.739149
57.36 0.734143
57.38 0.729905
57.4 0.726707
57.42 0.724751
57.44 0.724141
57.46 0.724834
57.48 0.726672
57.5 0.729497
57.52 0.733223
57.54 0.737753
57.56 0.742867
57.58 0.748293
57.6 0.753811
57.62 0.759264
57.64 0.764506
57.66 0.769343
57.68 0.773552
57.7 0.77692
57.72 0.779276
57.74 0.780504
57.76 0.780539
57.78 0.779361
57.8 0.776991
57.82 0.773513
57.84 0.769104
57.86 0.763994
57.88 0.758414
57.9 0.75257
57.92 0.746676
57.94 0.740989
57.96 0.735775
57.98 0.731242
58 0.727549
58.02 0.72483
58.04 0.723171
58.06 0.722624
58.08 0.723227
58.1 0.724976
58.12 0.727806
58.14 0.731605
58.16 0.736224
58.18 0.741484
58.2 0.74718
58.22 0.753092
58.24 0.758989
58.26 0.764636
58.28 0.769805
58.3 0.774289
58.32 0.777916
58.34 0.780552
58.36 0.782096
58.38 0.782492
58.4 0.781733
58.42 0.779857
58.44 0.776945
58.46 0.773117
58.48 0.768525
58.5 0.763354
58.52 0.757814
58.54 0.752132
58.56 0.746535
58.58 0.741247
58.6 0.736479
58.62 0.732423
58.64 0.729236
58.66 0.727044
58.68 0.725934
58.7 0.72595
58.72 0.72709
58.74 0.729305
58.76 0.732506
58.78 0.736561
58.8 0.741306
58.82 0.746548
58.84 0.752074
58.86 0.757661
58.88 0.763089
58.9 0.768142
58.92 0.772623
58.94 0.776358
58.96 0.779202
58.98 0.781046
59 0.781821
59.02 0.781496
59.04 0.780086
59.06 0.77765
59.08 0.774287
59.1 0.770137
59.12 0.765368
59.14 0.760176
59.16 0.754772
59.18 0.749375
59.2 0.744202
59.22 0.739459
59.24 0.735336
59.26 0.731995
59.28 0.729569
59.3 0.728151
59.32 0.727798
59.34 0.728524
59.36 0.730298
59.38 0.733049
59.4 0.736662
59.42 0.740991
59.44 0.745859
59.46 0.75107
59.48 0.756413
59.5 0.761675
59.52 0.766647
59.54 0.771134
59.56 0.77496
59.58 0.777977
59.6 0.780068
59.62 0.781155
59.64 0.781194
59.66 0.780186
59.68 0.778173
59.7 0.775237
59.72 0.771499
59.74 0.767113
59.76 0.762258
59.78 0.757131
59.8 0.751942
59.82 0.746899
59.84 0.742205
59.86 0.738047
59.88 0.734592
59.9 0.731974
59.92 0.730298
59.94 0.729629
59.96 0.729994
59.98 0.731356
