0.02 6.67722e-06
0.04 1.89155e-05
0.06 2.0704e-05
0.08 9.47059e-06
0.1 2.71101e-06
0.12 1.01349e-05
0.14 1.95892e-05
0.16 1.69373e-05
0.18 7.63075e-06
0.2 7.17142e-06
0.22 1.68391e-05
0.24 2.27232e-05
0.26 1.80224e-05
0.28 1.30336e-05
0.3 1.8068e-05
0.32 2.63375e-05
0.34 2.73896e-05
0.36 2.51742e-05
0.38 2.42895e-05
0.4 1.27512e-05
0.42 -1.61269e-05
0.44 -1.47292e-05
0.46 4.47683e-05
0.48 7.07025e-05
0.5 2.56767e-06
0.52 -6.69272e-05
0.54 -4.87313e-05
0.56 -1.43551e-05
0.58 -7.05674e-05
0.6 -0.00012982
0.62 -5.91394e-05
0.64 2.33664e-05
0.66 -2.87498e-05
0.68 -0.000178235
0.7 -0.000260884
0.72 -6.00509e-05
0.74 0.000227125
0.76 0.000161652
0.78 -8.72211e-05
0.8 2.35507e-05
0.82 0.000476559
0.84 0.000671561
0.86 0.00032592
0.88 -8.7474e-05
0.9 -5.49461e-05
0.92 0.000264188
0.94 0.000296531
0.96 -0.000158705
0.98 -0.000572588
1 -0.000393412
1.02 0.000138189
1.04 0.000277691
1.06 -0.00020875
1.08 -0.00069746
1.1 -0.000567302
1.12 -2.34947e-05
1.14 0.000282084
1.16 2.15047e-05
1.18 -0.000532984
1.2 -0.000578461
1.22 0.000126077
1.24 0.000528082
1.26 -7.28012e-05
1.28 -0.00082824
1.3 -0.000731748
1.32 8.27386e-05
1.34 0.000725779
1.36 0.000522001
1.38 -0.000220443
1.4 -0.000497614
1.42 1.83258e-05
1.44 0.000428928
1.46 -0.000174494
1.48 -0.00129363
1.5 -0.00155625
1.52 -0.000684263
1.54 3.51445e-05
1.56 -0.000390814
1.58 -0.00120365
1.6 -0.00100126
1.62 9.99679e-05
1.64 0.000590367
1.66 -0.000108042
1.68 -0.000844187
1.7 -0.000543681
1.72 0.000217383
1.74 0.000146505
1.76 -0.000631796
1.78 -0.000780223
1.8 -0.000130848
1.82 7.93954e-05
1.84 -0.000629517
1.86 -0.00116438
1.88 -0.000424299
1.9 0.00074807
1.92 0.000425403
1.94 -0.00120717
1.96 -0.00172746
1.98 -0.000336064
2 0.000622917
2.02 -0.000620995
2.04 -0.00232548
2.06 -0.00195405
2.08 -0.000209028
2.1 0.000104852
2.12 -0.00137834
2.14 -0.00207647
2.16 -0.000746244
2.18 0.000698435
2.2 0.000355267
2.22 -0.0010501
2.24 -0.00142611
2.26 -0.000299232
2.28 0.000349912
2.3 -0.000790991
2.32 -0.00207141
2.34 -0.0015856
2.36 -5.5196e-05
2.38 0.000349928
2.4 -0.00106578
2.42 -0.0023459
2.44 -0.0014966
2.46 0.000283448
2.48 0.000418053
2.5 -0.000886771
2.52 -0.00120188
2.54 3.86616e-05
2.56 0.000950977
2.58 0.000624365
2.6 0.000444005
2.62 0.00146036
2.64 0.00259724
2.66 0.00253151
2.68 0.0019267
2.7 0.00235681
2.72 0.0038861
2.74 0.00537423
2.76 0.00612702
2.78 0.00606371
2.8 0.00563869
2.82 0.00574771
2.84 0.00659192
2.86 0.00763102
2.88 0.00806039
2.9 0.00724109
2.92 0.0059811
2.94 0.00573386
2.96 0.00646834
2.98 0.00702797
3 0.00680246
3.02 0.00539537
3.04 0.00284849
3.06 0.00103407
3.08 0.00123765
3.1 0.00184013
3.12 0.000745913
3.14 -0.00170839
3.16 -0.00340975
3.18 -0.00342659
3.2 -0.00304403
3.22 -0.00382239
3.24 -0.00584157
3.26 -0.00787125
3.28 -0.00868441
3.3 -0.00786106
3.32 -0.00627613
3.34 -0.00542899
3.36 -0.00515414
3.38 -0.00411378
3.4 -0.00228632
3.42 -0.000834256
3.44 0.000241156
3.46 0.00235821
3.48 0.00534197
3.5 0.00683248
3.52 0.00580514
3.54 0.0041966
3.56 0.00431564
3.58 0.00623147
3.6 0.00810586
3.62 0.00859565
3.64 0.00726635
3.66 0.00343796
3.68 -0.00115767
3.7 -0.00223701
3.72 0.000262029
3.74 0.00137868
3.76 -0.00176236
3.78 -0.00616061
3.8 -0.00701131
3.82 -0.00407184
3.84 -0.00155544
3.86 -0.00272985
3.88 -0.00654228
3.9 -0.00886361
3.92 -0.00740831
3.94 -0.00454521
3.96 -0.00420783
3.98 -0.00647585
4 -0.00700209
4.02 -0.00380585
4.04 -0.000465875
4.06 -0.000277652
4.08 -0.00197223
4.1 -0.00227609
4.12 0.000119911
4.14 0.00362082
4.16 0.00540418
4.18 0.00361805
4.2 -0.00118209
4.22 -0.00518536
4.24 -0.00454415
4.26 -0.000814887
4.28 0.000901437
4.3 -0.00155145
4.32 -0.00419675
4.34 -0.00174614
4.36 0.00401035
4.38 0.00610114
4.4 0.0018686
4.42 -0.00416199
4.44 -0.00570049
4.46 -0.00119781
4.48 0.00509075
4.5 0.00633563
4.52 -0.000100016
4.54 -0.00753039
4.56 -0.00725185
4.58 0.000275178
4.6 0.00617782
4.62 0.00385434
4.64 -0.00306889
4.66 -0.00536688
4.68 -5.20134e-05
4.7 0.00687334
4.72 0.00831487
4.74 0.00361186
4.76 -0.00131115
4.78 -0.0012752
4.8 0.00226974
4.82 0.00447309
4.84 0.00311011
4.86 -3.16115e-05
4.88 -0.00164792
4.9 -0.000326365
4.92 0.00197569
4.94 0.00196674
4.96 -0.000973263
4.98 -0.00384125
5 -0.00411765
5.02 -0.00283344
5.04 -0.00278851
5.06 -0.00426455
5.08 -0.00365654
5.1 0.000611455
5.12 0.00422656
5.14 0.0031343
5.16 -0.000992749
5.18 -0.00302598
5.2 -0.000276147
5.22 0.00465359
5.24 0.00617831
5.26 0.00107357
5.28 -0.00617667
5.3 -0.00697315
5.32 0.00039352
5.34 0.00826291
5.36 0.00830668
5.38 0.000694916
5.4 -0.00602975
5.42 -0.00455395
5.44 0.00343209
5.46 0.00934598
5.48 0.00704619
5.5 -0.000490864
5.52 -0.00467099
5.54 -0.00122124
5.56 0.00517399
5.58 0.00678955
5.6 0.00169196
5.62 -0.00448024
5.64 -0.00476133
5.66 0.00126067
5.68 0.00648508
5.7 0.00473823
5.72 -0.00196869
5.74 -0.00604549
5.76 -0.00314782
5.78 0.00291127
5.8 0.00495405
5.82 0.00094569
5.84 -0.00426415
5.86 -0.00503429
5.88 -0.00113003
5.9 0.00249172
5.92 0.00181181
5.94 -0.00151927
5.96 -0.00274719
5.98 0.000126141
6 0.00457516
6.02 0.00619332
6.04 0.00337251
6.06 -0.000314418
6.08 -0.000712739
6.1 0.0019729
6.12 0.00459882
6.14 0.00470098
6.16 0.00246975
6.18 -0.000389338
6.2 -0.00254039
6.22 -0.00293624
6.24 -0.00195398
6.26 -0.00179859
6.28 -0.00344742
6.3 -0.00487323
6.32 -0.00360952
6.34 -0.000572809
6.36 0.0010129
6.38 -0.00016324
6.4 -0.002365
6.42 -0.00290631
6.44 -0.000997717
6.46 0.0013772
6.48 0.00133293
6.5 -0.00201716
6.52 -0.00578443
6.54 -0.00627625
6.56 -0.00330628
6.58 0.00024252
6.6 0.00116539
6.62 -0.0014878
6.64 -0.0042886
6.66 -0.00269925
6.68 0.00263104
6.7 0.00605024
6.72 0.0032735
6.74 -0.00371441
6.76 -0.00779553
6.78 -0.00433571
6.8 0.00297634
6.82 0.00608937
6.84 0.00185571
6.86 -0.00440904
6.88 -0.00540882
6.9 -0.000518173
6.92 0.00399153
6.94 0.00268501
6.96 -0.00280109
6.98 -0.00563106
7 -0.00203941
7.02 0.00396769
7.04 0.00558421
7.06 0.00125614
7.08 -0.00384083
7.1 -0.00370519
7.12 0.0017879
7.14 0.00657131
7.16 0.0054254
7.18 1.80757e-05
7.2 -0.00328097
7.22 -0.000799705
7.24 0.00461595
7.26 0.00680699
7.28 0.00274504
7.3 -0.00364618
7.32 -0.00512899
7.34 0.000119861
7.36 0.00613019
7.38 0.00628349
7.4 0.000669743
7.42 -0.00441914
7.44 -0.00361823
7.46 0.00171455
7.48 0.00512749
7.5 0.0026133
7.52 -0.00290983
7.54 -0.00533642
7.56 -0.00234368
7.58 0.00257193
7.6 0.00444841
7.62 0.00203499
7.64 -0.00141555
7.66 -0.00160853
7.68 0.00206177
7.7 0.00535959
7.72 0.00413494
7.74 -0.00056522
7.76 -0.00329374
7.78 -0.000632858
7.8 0.00447198
7.82 0.00629578
7.84 0.00265046
7.86 -0.00310063
7.88 -0.0051843
7.9 -0.00160433
7.92 0.00333137
7.94 0.00407055
7.96 5.80759e-05
7.98 -0.00406267
8 -0.00374577
8.02 0.00061244
8.04 0.00437281
8.06 0.00367519
8.08 -0.000570125
8.1 -0.00354762
8.12 -0.0019222
8.14 0.0023562
8.16 0.00446716
8.18 0.00231616
8.2 -0.00128157
8.22 -0.0021348
8.24 -4.52023e-05
8.26 0.00154359
8.28 0.000718462
8.3 -0.00120523
8.32 -0.00173768
8.34 4.5972e-05
8.36 0.00223919
8.38 0.00233188
8.4 0.000350633
8.42 -0.00132179
8.44 -0.000999498
8.46 0.000240271
8.48 0.000463412
8.5 -0.00036379
8.52 -0.000976472
8.54 -0.000561066
8.56 0.000767009
8.58 0.00204424
8.6 0.00234976
8.62 0.00172952
8.64 0.000731586
8.66 0.000220862
8.68 0.00110858
8.7 0.00273249
8.72 0.00323824
8.74 0.00195233
8.76 0.000112065
8.78 -0.000630402
8.8 5.98826e-05
8.82 0.00103239
8.84 0.000823069
8.86 -0.00108422
8.88 -0.003
8.9 -0.00237289
8.92 0.000371574
8.94 0.00236521
8.96 0.00187812
8.98 -0.000585232
9 -0.00260491
9.02 -0.00204427
9.04 0.000187955
9.06 0.00153896
9.08 0.00101693
9.1 -0.000654572
9.12 -0.00208055
9.14 -0.00193124
9.16 -0.000533867
9.18 8.19347e-05
9.2 -0.00114479
9.22 -0.00283558
9.24 -0.00290808
9.26 -0.00111035
9.28 0.000807414
9.3 0.00122712
9.32 0.000291901
9.34 -0.000616801
9.36 -0.000371179
9.38 0.000814888
9.4 0.00145134
9.42 0.000626821
9.44 -0.000710728
9.46 -0.000982644
9.48 -0.00017397
9.5 0.000311557
9.52 -0.000229801
9.54 -0.00115224
9.56 -0.00156979
9.58 -0.000877384
9.6 0.0011423
9.62 0.00297051
9.64 0.00209858
9.66 -0.00144896
9.68 -0.00419979
9.7 -0.00329617
9.72 9.20131e-06
9.74 0.00246628
9.76 0.00173575
9.78 -0.00206056
9.8 -0.00504155
9.82 -0.00355083
9.84 0.000855693
9.86 0.00374669
9.88 0.00280175
9.9 -0.000378175
9.92 -0.00217138
9.94 -0.0010632
9.96 0.00119969
9.98 0.00231386
10 0.0016285
10.02 0.00027486
10.04 -0.000222698
10.06 0.000594086
10.08 0.00159559
10.1 0.00122533
10.12 -0.000632433
10.14 -0.00242002
10.16 -0.00245001
10.18 -0.000696049
10.2 0.00103524
10.22 0.000897779
10.24 -0.0010956
10.26 -0.00284355
10.28 -0.00233574
10.3 -3.47247e-05
10.32 0.001827
10.34 0.00164795
10.36 -0.000119517
10.38 -0.0014747
10.4 -0.000984859
10.42 0.000910244
10.44 0.00243838
10.46 0.00211828
10.48 0.00037425
10.5 -0.000863423
10.52 -0.000281894
10.54 0.00142395
10.56 0.00202224
10.58 0.000446432
10.6 -0.00149819
10.62 -0.00146872
10.64 0.000510319
10.66 0.00229528
10.68 0.00195121
10.7 -0.00044329
10.72 -0.00257226
10.74 -0.00211891
10.76 0.000310078
10.78 0.00201324
10.8 0.00155536
10.82 -0.000100375
10.84 -0.00104235
10.86 -0.000460848
10.88 0.000507517
10.9 0.000506786
10.92 -0.000325316
10.94 -0.00102354
10.96 -0.000892303
10.98 -8.69333e-05
11 0.00055878
11.02 0.000365394
11.04 -0.000576825
11.06 -0.00130265
11.08 -0.00093388
11.1 0.000261238
11.12 0.00128597
11.14 0.00146072
11.16 0.00091233
11.18 0.000375934
11.2 0.000456306
11.22 0.00109935
11.24 0.00149356
11.26 0.000798
11.28 -0.000731159
11.3 -0.00171817
11.32 -0.00119117
11.34 0.000172281
11.36 0.000843234
11.38 8.09019e-05
11.4 -0.00124165
11.42 -0.00142923
11.44 -0.000103464
11.46 0.00130188
11.48 0.00131646
11.5 -4.51936e-05
11.52 -0.00135027
11.54 -0.00117355
11.56 0.000440624
11.58 0.00196999
11.6 0.00199886
11.62 0.000754736
11.64 -0.000207788
11.66 0.000119026
11.68 0.00121496
11.7 0.00174137
11.72 0.000996433
11.74 -0.000345501
11.76 -0.00112995
11.78 -0.000915343
11.8 -0.000336187
11.82 -0.000375361
11.84 -0.00119681
11.86 -0.00184281
11.88 -0.00145061
11.9 -0.000313142
11.92 0.000791174
11.94 0.0012579
11.96 0.000866469
11.98 0.000103534
12 -0.000366452
12.02 -0.000286217
12.04 0.000241432
12.06 0.000816285
12.08 0.000921642
12.1 0.000412904
12.12 -0.000341986
12.14 -0.000695684
12.16 -0.000193008
12.18 0.000859472
12.2 0.00144768
12.22 0.000862831
12.24 -0.000555603
12.26 -0.00163027
12.28 -0.00145047
12.3 -0.000492635
12.32 -6.57668e-05
12.34 -0.000771871
12.36 -0.00173083
12.38 -0.00159024
12.4 -0.000274474
12.42 0.00105177
12.44 0.00131824
12.46 0.000502256
12.48 -0.000401904
12.5 -0.000413857
12.52 0.000489425
12.54 0.00145504
12.56 0.00153392
12.58 0.000673417
12.6 -0.000109227
12.62 5.69385e-05
12.64 0.00100626
12.66 0.00158355
12.68 0.000861405
12.7 -0.000669217
12.72 -0.00155735
12.74 -0.000982475
12.76 0.000307968
12.78 0.000887724
12.8 0.000228132
12.82 -0.000789109
12.84 -0.000875278
12.86 7.00761e-05
12.88 0.0010295
12.9 0.00106723
12.92 0.000233486
12.94 -0.0005873
12.96 -0.000660766
12.98 -5.8833e-05
13 0.00060945
13.02 0.000747942
13.04 0.000230448
13.06 -0.000445098
13.08 -0.000598454
13.1 -7.25545e-05
13.12 0.000724723
13.14 0.00115654
13.16 0.000811099
13.18 -7.47301e-06
13.2 -0.000652801
13.22 -0.000628289
13.24 4.49279e-05
13.26 0.000837767
13.28 0.00102395
13.3 0.000245858
13.32 -0.000938238
13.34 -0.00140324
13.36 -0.000630992
13.38 0.000737989
13.4 0.00145305
13.42 0.000807362
13.44 -0.000579591
13.46 -0.00130533
13.48 -0.000724017
13.5 0.000430664
13.52 0.00101564
13.54 0.000558769
13.56 -0.000504175
13.58 -0.00119862
13.6 -0.000888795
13.62 -2.67855e-05
13.64 0.000515305
13.66 0.000381509
13.68 -0.000228283
13.7 -0.000840002
13.72 -0.000922958
13.74 -0.000365215
13.76 0.000376526
13.78 0.000820574
13.8 0.000782205
13.82 0.000413202
13.84 8.26812e-05
13.86 -5.7174e-06
13.88 1.94362e-05
13.9 -4.50927e-05
13.92 -0.000218724
13.94 -0.000337081
13.96 -0.000221098
13.98 0.000113811
14 0.000435568
14.02 0.000571295
14.04 0.000637881
14.06 0.000813546
14.08 0.00103557
14.1 0.00105461
14.12 0.000618865
14.14 -0.000194527
14.16 -0.000894714
14.18 -0.000875277
14.2 -0.000170458
14.22 0.00039357
14.24 0.000129541
14.26 -0.000794818
14.28 -0.00140251
14.3 -0.000936204
14.32 0.000145952
14.34 0.000692412
14.36 0.000136268
14.38 -0.000972515
14.4 -0.00148095
14.42 -0.000882674
14.44 2.16569e-05
14.46 0.00027658
14.48 -0.000175178
14.5 -0.000745332
14.52 -0.000710788
14.54 3.25369e-05
14.56 0.000897346
14.58 0.0011147
14.6 0.000409543
14.62 -0.000502514
14.64 -0.000582255
14.66 0.000302949
14.68 0.00125135
14.7 0.00112681
14.72 -0.000385244
14.74 -0.00196925
14.76 -0.00185852
14.78 -0.000130671
14.8 0.00128937
14.82 0.000846699
14.84 -0.000970474
14.86 -0.00206363
14.88 -0.00120119
14.9 0.000571815
14.92 0.00147416
14.94 0.0008681
14.96 -0.000509255
14.98 -0.00128847
15 -0.000695267
15.02 0.000672657
15.04 0.00137934
15.06 0.000613715
15.08 -0.000921969
15.1 -0.00164666
15.12 -0.000751901
15.14 0.00100787
15.16 0.00202934
15.18 0.0013579
15.2 -0.000288625
15.22 -0.00121707
15.24 -0.000623283
15.26 0.000663298
15.28 0.00116167
15.3 0.000234591
15.32 -0.00127709
15.34 -0.00182044
15.36 -0.000795695
15.38 0.000804538
15.4 0.00147038
15.42 0.000707527
15.44 -0.000587117
15.46 -0.00110387
15.48 -0.000464605
15.5 0.000458663
15.52 0.000761184
15.54 0.000393902
15.56 -0.00012475
15.58 -0.000232246
15.6 0.000270751
15.62 0.00101069
15.64 0.00120701
15.66 0.000480712
15.68 -0.000615392
15.7 -0.00101842
15.72 -0.000260277
15.74 0.00102623
15.76 0.00167887
15.78 0.00107789
15.8 -0.000158282
15.82 -0.000876393
15.84 -0.000540489
15.86 0.000313863
15.88 0.000803456
15.9 0.000592284
15.92 1.77645e-05
15.94 -0.000315973
15.96 -4.16342e-05
15.98 0.00073121
16 0.00132317
16.02 0.00110322
16.04 0.000310381
16.06 -0.000310457
16.08 -0.000292572
16.1 0.000274902
16.12 0.000831156
16.14 0.000743548
16.16 3.90923e-05
16.18 -0.000569808
16.2 -0.00044463
16.22 0.00031933
16.24 0.00102067
16.26 0.000923049
16.28 -1.55709e-05
16.3 -0.000972281
16.32 -0.00091922
16.34 0.000233491
16.36 0.00127478
16.38 0.00103885
16.4 -0.000281749
16.42 -0.00136007
16.44 -0.00114802
16.46 -2.374e-05
16.48 0.00076017
16.5 0.000339784
16.52 -0.00110604
16.54 -0.00228582
16.56 -0.00194679
16.58 -0.000448301
16.6 0.000678422
16.62 0.000421881
16.64 -0.000924603
16.66 -0.00196166
16.68 -0.0013203
16.7 0.000997344
16.72 0.00321569
16.74 0.00345769
16.76 0.00202708
16.78 0.000984588
16.8 0.00166421
16.82 0.00330506
16.84 0.00382086
16.86 0.0017646
16.88 -0.00160448
16.9 -0.00278219
16.92 -0.000532722
16.94 0.00220073
16.96 0.00215482
16.98 -0.000679319
17 -0.00321146
17.02 -0.00264306
17.04 0.000209878
17.06 0.00198204
17.08 0.000698599
17.1 -0.00231551
17.12 -0.00401445
17.14 -0.00286263
17.16 -0.000386674
17.18 0.000877747
17.2 -8.68862e-05
17.22 -0.00221934
17.24 -0.00313906
17.26 -0.00161709
17.28 0.000707983
17.3 0.00128019
17.32 -0.000378215
17.34 -0.00209588
17.36 -0.00147512
17.38 0.00139567
17.4 0.0039453
17.42 0.00390089
17.44 0.00186131
17.46 0.000479746
17.48 0.00128735
17.5 0.00303376
17.52 0.00346883
17.54 0.00198627
17.56 -0.000195597
17.58 -0.00146104
17.6 -0.00107054
17.62 9.64192e-05
17.64 0.000407149
17.66 -0.000752805
17.68 -0.00222714
17.7 -0.00239676
17.72 -0.00126551
17.74 -0.000443295
17.76 -0.00103077
17.78 -0.00219317
17.8 -0.00233791
17.82 -0.00119332
17.84 0.000165463
17.86 0.000791472
17.88 0.000488474
17.9 -0.000269471
17.92 -0.000659686
17.94 -0.000182812
17.96 0.00101444
17.98 0.00213359
18 0.00224032
18.02 0.00128665
18.04 0.000292183
18.06 0.000248973
18.08 0.00101985
18.1 0.00129209
18.12 0.000195393
18.14 -0.001392
18.16 -0.0018635
18.18 -0.000836701
18.2 0.000432988
18.22 0.000386995
18.24 -0.00133157
18.26 -0.0032785
18.28 -0.0035546
18.3 -0.00200782
18.32 -0.000240597
18.34 0.000707577
18.36 0.00106235
18.38 0.00119223
18.4 0.00143822
18.42 0.00205559
18.44 0.00279185
18.46 0.00319031
18.48 0.0027872
18.5 0.00128582
18.52 -0.000532195
18.54 -0.0010287
18.56 0.000220109
18.58 0.00165257
18.6 0.00144704
18.62 -0.000584044
18.64 -0.00251816
18.66 -0.00230359
18.68 -0.000410979
18.7 0.000808305
18.72 -6.33618e-05
18.74 -0.00217778
18.76 -0.00338913
18.78 -0.00258768
18.8 -0.000721503
18.82 0.00091016
18.84 0.0016585
18.86 0.0014115
18.88 0.00106091
18.9 0.00163845
18.92 0.00283673
18.94 0.00351883
18.96 0.00311268
18.98 0.00206382
19 0.00118383
19.02 0.000879697
19.04 0.00102735
19.06 0.00100753
19.08 0.000268467
19.1 -0.000866361
19.12 -0.00143233
19.14 -0.00107681
19.16 -0.000537914
19.18 -0.000582329
19.2 -0.00121574
19.22 -0.00194365
19.24 -0.00226446
19.26 -0.00191706
19.28 -0.00106712
19.3 -0.000435241
19.32 -0.000547799
19.34 -0.0010204
19.36 -0.00116239
19.38 -0.00079808
19.4 -0.000315527
19.42 -0.000125195
19.44 -0.00013202
19.46 0.000208701
19.48 0.00111695
19.5 0.00194276
19.52 0.0018466
19.54 0.000896341
19.56 0.000136088
19.58 0.000378542
19.6 0.00115562
19.62 0.00129064
19.64 0.000671456
19.66 0.000272439
19.68 0.000341694
19.7 0.00019401
19.72 -0.000555292
19.74 -0.00134608
19.76 -0.00125387
19.78 -0.00030302
19.8 0.000333167
19.82 -0.00023195
19.84 -0.00140887
19.86 -0.0017037
19.88 -0.000416871
19.9 0.00152164
19.92 0.0023685
19.94 0.00145447
19.96 -6.52814e-05
19.98 -0.00073448
20 -0.00014246
20.02 0.00111179
20.04 0.00189566
20.06 0.00151238
20.08 0.000315518
20.1 -0.00107542
20.12 -0.00208466
20.14 -0.0020363
20.16 -0.00078545
20.18 0.000981397
20.2 0.00177227
20.22 0.000493637
20.24 -0.00177993
20.26 -0.0025361
20.28 -0.000945284
20.3 0.00106652
20.32 0.00143701
20.34 0.000215622
20.36 -0.00118214
20.38 -0.00135576
20.4 0.000100413
20.42 0.00200495
20.44 0.00266595
20.46 0.00172291
20.48 0.000444474
20.5 -6.07112e-06
20.52 0.000302757
20.54 0.000542813
20.56 -5.56604e-06
20.58 -0.000729519
20.6 -0.000323149
20.62 0.000678021
20.64 0.000483562
20.66 -0.00123769
20.68 -0.00303829
20.7 -0.00292066
20.72 -0.000305104
20.74 0.00240376
20.76 0.00209179
20.78 -0.000955409
20.8 -0.00314269
20.82 -0.00212927
20.84 0.000592619
20.86 0.00207152
20.88 0.00134696
20.9 -9.18898e-05
20.92 -0.000400951
20.94 0.000962342
20.96 0.0027615
20.98 0.00319091
21 0.00175387
21.02 -0.000573793
21.04 -0.00187166
21.06 -0.000834846
21.08 0.00151039
21.1 0.0026608
21.12 0.00118743
21.14 -0.00169154
21.16 -0.00293652
21.18 -0.00107341
21.2 0.00170266
21.22 0.00204472
21.24 -0.000726297
21.26 -0.00369747
21.28 -0.00356019
21.3 -0.000610287
21.32 0.00190274
21.34 0.00184315
21.36 0.00016087
21.38 -0.000868901
21.4 4.88466e-05
21.42 0.00212714
21.44 0.00277704
21.46 0.000952508
21.48 -0.00108599
21.5 -0.00120335
21.52 4.12415e-05
21.54 0.000813309
21.56 -8.5085e-05
21.58 -0.00214903
21.6 -0.00315537
21.62 -0.00158305
21.64 0.00112957
21.66 0.00205544
21.68 0.000267328
21.7 -0.00199817
21.72 -0.00182664
21.74 0.000907535
21.76 0.00303304
21.78 0.00179271
21.8 -0.0016061
21.82 -0.00326007
21.84 -0.00136654
21.86 0.00174739
21.88 0.00262006
21.9 0.000503528
21.92 -0.00204187
21.94 -0.00203845
21.96 0.000606329
21.98 0.0030406
22 0.00274163
22.02 0.000288864
22.04 -0.00149184
22.06 -0.000816637
22.08 0.00117666
22.1 0.00191626
22.12 0.000411316
22.14 -0.00178609
22.16 -0.00232281
22.18 -0.000644904
22.2 0.00140474
22.22 0.00169206
22.24 7.24591e-05
22.26 -0.0016124
22.28 -0.00155394
22.3 0.000148465
22.32 0.00172565
22.34 0.00171382
22.36 0.000406232
22.38 -0.000691436
22.4 -0.000440255
22.42 0.000972256
22.44 0.00211523
22.46 0.00173889
22.48 0.000290093
22.5 -0.000774847
22.52 -0.000671022
22.54 0.000114205
22.56 0.000638535
22.58 0.00044675
22.6 -0.000238464
22.62 -0.00083415
22.64 -0.00083715
22.66 -0.000302618
22.68 0.000187108
22.7 0.000156479
22.72 -0.000382171
22.74 -0.000944862
22.76 -0.000965681
22.78 -0.000481275
22.8 -0.000104425
22.82 -0.00019471
22.84 -0.000498763
22.86 -0.000545775
22.88 -0.000195855
22.9 0.000283382
22.92 0.000533142
22.94 0.000414785
22.96 0.000142126
22.98 5.00386e-05
23 0.000244277
23.02 0.000501697
23.04 0.000481979
23.06 8.43761e-05
23.08 -0.000497902
23.1 -0.000861183
23.12 -0.000654636
23.14 -8.47765e-05
23.16 0.000289198
23.18 0.000172291
23.2 -0.000246037
23.22 -0.000464209
23.24 -0.000168106
23.26 0.000498352
23.28 0.00106217
23.3 0.00104318
23.32 0.000453023
23.34 -0.000162783
23.36 -0.000338589
23.38 -0.000104713
23.4 0.000107823
23.42 -0.000145312
23.44 -0.000838679
23.46 -0.00123119
23.48 -0.000706518
23.5 0.000197339
23.52 0.000549769
23.54 0.000159741
23.56 -0.00049754
23.58 -0.000712572
23.6 -0.000184692
23.62 0.000676819
23.64 0.00111488
23.66 0.00070998
23.68 -7.12024e-05
23.7 -0.000402196
23.72 -5.12579e-06
23.74 0.000722272
23.76 0.00103207
23.78 0.000533006
23.8 -0.000302213
23.82 -0.000697748
23.84 -0.000381232
23.86 0.000211683
23.88 0.000426412
23.9 5.44524e-05
23.92 -0.000534103
23.94 -0.000744368
23.96 -0.000423709
23.98 -2.04898e-05
24 7.22846e-05
24.02 -4.03806e-05
24.04 6.00925e-05
24.06 0.000532118
24.08 0.000947241
24.1 0.000773773
24.12 5.46742e-05
24.14 -0.000685644
24.16 -0.000789038
24.18 -0.000120865
24.2 0.000632081
24.22 0.000688822
24.24 1.77994e-05
24.26 -0.000732017
24.28 -0.000776335
24.3 5.47159e-06
24.32 0.000907304
24.34 0.00100146
24.36 4.28933e-05
24.38 -0.00111855
24.4 -0.00133863
24.42 -0.000413838
24.44 0.00079196
24.46 0.0012226
24.48 0.000543731
24.5 -0.000613881
24.52 -0.00115771
24.54 -0.000581506
24.56 0.000531846
24.58 0.00116374
24.6 0.000786552
24.62 -0.000125921
24.64 -0.000680568
24.66 -0.00042078
24.68 0.000372201
24.7 0.000928039
24.72 0.000659753
24.74 -0.000190915
24.76 -0.000842616
24.78 -0.000687128
24.8 0.000147407
24.82 0.000973593
24.84 0.00113906
24.86 0.000550486
24.88 -0.000161504
24.9 -0.000358347
24.92 3.80828e-05
24.94 0.000686773
24.96 0.00101062
24.98 0.000670434
25 3.0975e-05
25.02 -0.000317628
25.04 -0.000153404
25.06 0.000353674
25.08 0.000770809
25.1 0.000681751
25.12 0.000166251
25.14 -0.000276632
25.16 -0.000281197
25.18 0.000102346
25.2 0.000513941
25.22 0.000550042
25.24 0.000126165
25.26 -0.000466363
25.28 -0.000799684
25.3 -0.000654082
25.32 -0.000297552
25.34 -0.000116595
25.36 -0.000141002
25.38 -0.000191158
25.4 -0.000177219
25.42 -0.000120082
25.44 -6.33652e-05
25.46 -4.85319e-05
25.48 -0.000106326
25.5 -0.000222332
25.52 -0.000302369
25.54 -0.000237261
25.56 -2.16976e-05
25.58 0.000241444
25.6 0.000415311
25.62 0.000423465
25.64 0.000313195
25.66 0.000200363
25.68 0.000148159
25.7 0.000128578
25.72 0.000104984
25.74 6.71529e-05
25.76 -1.57923e-05
25.78 -0.000154083
25.8 -0.000278997
25.82 -0.000306403
25.84 -0.000209453
25.86 -1.83852e-05
25.88 0.000171184
25.9 0.000205931
25.92 6.18934e-06
25.94 -0.00031437
25.96 -0.000499747
25.98 -0.00039753
26 -0.000154401
26.02 -4.95382e-05
26.04 -0.000212727
26.06 -0.00050733
26.08 -0.000597738
26.1 -0.000340181
26.12 -4.2172e-06
26.14 7.23253e-05
26.16 -0.000166327
26.18 -0.000485542
26.2 -0.000543631
26.22 -0.000243822
26.24 0.00016048
26.26 0.00036509
26.28 0.000261496
26.3 -3.46255e-05
26.32 -0.000290926
26.34 -0.000313
26.36 -0.00011009
26.38 0.000106598
26.4 0.000132238
26.42 -6.85093e-05
26.44 -0.000355196
26.46 -0.000490196
26.48 -0.000309316
26.5 0.000104401
26.52 0.000456211
26.54 0.000452812
26.56 9.08374e-05
26.58 -0.000291324
26.6 -0.000294778
26.62 0.000157778
26.64 0.000719882
26.66 0.000853635
26.68 0.000383891
26.7 -0.000250871
26.72 -0.000513424
26.74 -0.000274281
26.76 0.000184395
26.78 0.000442175
26.8 0.000274451
26.82 -0.000177282
26.84 -0.000569898
26.86 -0.000596084
26.88 -0.000269194
26.9 6.86866e-05
26.92 0.000150057
26.94 -5.19033e-07
26.96 -0.000172049
26.98 -0.00018295
27 -4.81102e-05
27.02 9.69706e-05
27.04 0.000171426
27.06 0.000160775
27.08 6.34993e-05
27.1 -9.2705e-05
27.12 -0.000215747
27.14 -0.000189876
27.16 -2.45689e-06
27.18 0.00020291
27.2 0.00023414
27.22 3.02254e-05
27.24 -0.000267057
27.26 -0.000418908
27.28 -0.00029072
27.3 1.61152e-05
27.32 0.000268304
27.34 0.000310629
27.36 0.000172053
27.38 2.05698e-05
27.4 9.22786e-07
27.42 0.000115478
27.44 0.000278717
27.46 0.000392494
27.48 0.000364698
27.5 0.000181116
27.52 -7.6962e-05
27.54 -0.000311595
27.56 -0.000432578
27.58 -0.000399387
27.6 -0.000285331
27.62 -0.000222088
27.64 -0.000293851
27.66 -0.000455042
27.68 -0.000535719
27.7 -0.000416294
27.72 -0.000152358
27.74 0.000139172
27.76 0.000387591
27.78 0.000525768
27.8 0.00050242
27.82 0.000373189
27.84 0.000272345
27.86 0.000273539
27.88 0.000314162
27.9 0.000276679
27.92 0.00012165
27.94 -8.256e-05
27.96 -0.00020457
27.98 -0.000149653
28 2.75768e-05
28.02 0.000177184
28.04 0.000188324
28.06 4.1831e-05
28.08 -0.000180684
28.1 -0.000343487
28.12 -0.000323546
28.14 -0.000104191
28.16 0.000152912
28.18 0.000236856
28.2 0.00011984
28.22 -3.04411e-05
28.24 -2.82326e-05
28.26 0.000203718
28.28 0.000572685
28.3 0.000811054
28.32 0.000714388
28.34 0.000398311
28.36 2.85835e-05
28.38 -0.000438398
28.4 -0.000858397
28.42 -0.000788869
28.44 -0.000185809
28.46 0.000400458
28.48 0.000438994
28.5 -5.5434e-05
28.52 -0.000595807
28.54 -0.000610382
28.56 -1.36272e-05
28.58 0.000724858
28.6 0.000948162
28.62 0.000363017
28.64 -0.000545168
28.66 -0.000869145
28.68 -0.000248225
28.7 0.000762453
28.72 0.00121243
28.74 0.000615419
28.76 -0.00059548
28.78 -0.00131104
28.8 -0.000754242
28.82 0.00060607
28.84 0.00140267
28.86 0.000802633
28.88 -0.000589249
28.9 -0.00130273
28.92 -0.00055458
28.94 0.000951275
28.96 0.00172856
28.98 0.00097459
29 -0.000642835
29.02 -0.0015347
29.04 -0.000759109
29.06 0.000955998
29.08 0.00187003
29.1 0.00100524
29.12 -0.000826764
29.14 -0.00176775
29.16 -0.000882828
29.18 0.000834353
29.2 0.00157238
29.22 0.000612689
29.24 -0.00102954
29.26 -0.00166131
29.28 -0.000660163
29.3 0.000938287
29.32 0.00152271
29.34 0.000524774
29.36 -0.001021
29.38 -0.00148229
29.4 -0.000368717
29.42 0.00116187
29.44 0.0015571
29.46 0.00046248
29.48 -0.000978404
29.5 -0.00129583
29.52 -0.000231813
29.54 0.00105152
29.56 0.00120365
29.58 2.23265e-05
29.6 -0.0012824
29.62 -0.00131213
29.64 -7.80391e-05
29.66 0.00107575
29.68 0.000993958
29.7 -0.000215881
29.72 -0.00130322
29.74 -0.00112794
29.76 9.40177e-05
29.78 0.00111299
29.8 0.000976252
29.82 -0.000112449
29.84 -0.00101009
29.86 -0.000782082
29.88 0.000354581
29.9 0.00126413
29.92 0.00106633
29.94 3.63033e-05
29.96 -0.000839577
29.98 -0.000788504
30 3.07735e-06
30.02 0.0006695
30.04 0.000594847
30.06 -0.000119258
30.08 -0.000883678
30.1 -0.00102642
30.12 -0.000380299
30.14 0.000449012
30.16 0.00077107
30.18 0.000453197
30.2 -9.82396e-05
30.22 -0.000391229
30.24 -0.000236171
30.26 0.000217746
30.28 0.000642713
30.3 0.000724085
30.32 0.000435867
30.34 7.14493e-05
30.36 -9.24748e-05
30.38 4.06973e-06
30.4 0.000220614
30.42 0.000320939
30.44 0.000138751
30.46 -0.000299669
30.48 -0.000729393
30.5 -0.000757512
30.52 -0.000308049
30.54 0.000235125
30.56 0.000455829
30.58 0.000250488
30.6 -0.000146221
30.62 -0.000360538
30.64 -0.000168919
30.66 0.000330899
30.68 0.000765095
30.7 0.000755872
30.72 0.000328816
30.74 -0.000144388
30.76 -0.000359776
30.78 -0.000229626
30.8 0.000103976
30.82 0.000348702
30.84 0.000305749
30.86 2.97905e-05
30.88 -0.000242447
30.9 -0.000256386
30.92 7.12658e-05
30.94 0.000541309
30.96 0.000749314
30.98 0.00047206
31 -5.83999e-05
31.02 -0.000450315
31.04 -0.000460035
31.06 -0.000139422
31.08 0.000192382
31.1 0.000237917
31.12 -1.76059e-05
31.14 -0.000306429
31.16 -0.000325805
31.18 -2.72406e-05
31.2 0.000357402
31.22 0.000518177
31.24 0.000330801
31.26 -1.43087e-05
31.28 -0.000220028
31.3 -0.000151104
31.32 0.000108748
31.34 0.000356975
31.36 0.000413387
31.38 0.00024022
31.4 -1.6013e-05
31.42 -0.000129894
31.44 -3.77209e-06
31.46 0.000241002
31.48 0.000386374
31.5 0.000287988
31.52 -2.37051e-05
31.54 -0.000357078
31.56 -0.000471637
31.58 -0.000291463
31.6 7.1406e-06
31.62 0.000187922
31.64 0.000128087
31.66 -0.000137889
31.68 -0.00042805
31.7 -0.000513159
31.72 -0.000333738
31.74 -6.1279e-05
31.76 9.70551e-05
31.78 5.46572e-05
31.8 -0.000126369
31.82 -0.000291829
31.84 -0.000307617
31.86 -0.000141493
31.88 0.000125911
31.9 0.000337968
31.92 0.000347799
31.94 0.000153203
31.96 -7.28722e-05
31.98 -0.000128555
32 3.76372e-05
32.02 0.000277171
32.04 0.000355198
32.06 0.000160601
32.08 -0.000190381
32.1 -0.000447577
32.12 -0.000419436
32.14 -0.00017024
32.16 5.40289e-05
32.18 8.3778e-05
32.2 -7.44822e-05
32.22 -0.000286063
32.24 -0.000381782
32.26 -0.000287474
32.28 -8.84347e-05
32.3 5.59061e-05
32.32 3.37395e-05
32.34 -0.000152849
32.36 -0.000371263
32.38 -0.000438365
32.4 -0.00030384
32.42 -9.86593e-05
32.44 1.35245e-05
32.46 -3.34827e-05
32.48 -0.000172441
32.5 -0.00027166
32.52 -0.000259439
32.54 -0.00015675
32.56 -2.12613e-05
32.58 8.20738e-05
32.6 9.47534e-05
32.62 2.00256e-05
32.64 -5.12145e-05
32.66 -1.54357e-05
32.68 0.000139463
32.7 0.000310201
32.72 0.000351216
32.74 0.000199403
32.76 -7.86715e-05
32.78 -0.000340958
32.8 -0.00042365
32.82 -0.000270151
32.84 -2.30576e-07
32.86 0.000217374
32.88 0.000290652
32.9 0.000250452
32.92 0.000203409
32.94 0.000215057
32.96 0.000260791
32.98 0.00027342
33 0.000203169
33.02 5.47727e-05
33.04 -0.000104195
33.06 -0.000178855
33.08 -0.000123125
33.1 5.32343e-06
33.12 8.33928e-05
33.14 3.42645e-05
33.16 -9.69735e-05
33.18 -0.000195362
33.2 -0.000173177
33.22 -2.23764e-05
33.24 0.00016639
33.26 0.000255417
33.28 0.00016578
33.3 -6.64449e-05
33.32 -0.000297175
33.34 -0.000328201
33.36 -7.75949e-05
33.38 0.000302652
33.4 0.00051414
33.42 0.00036025
33.44 -3.48011e-05
33.46 -0.000338831
33.48 -0.000320246
33.5 -3.96577e-05
33.52 0.000239396
33.54 0.000279459
33.56 4.94073e-05
33.58 -0.000239742
33.6 -0.000314513
33.62 -0.00010253
33.64 0.000209106
33.66 0.000343792
33.68 0.000155039
33.7 -0.00024635
33.72 -0.000549156
33.74 -0.000489824
33.76 -0.000144962
33.78 0.000196673
33.8 0.000351194
33.82 0.000294033
33.84 0.000123374
33.86 3.49512e-06
33.88 4.60259e-05
33.9 0.000229703
33.92 0.000419175
33.94 0.000458814
33.96 0.000310335
33.98 0.000107123
34 2.53772e-05
34.02 0.000114518
34.04 0.000269266
34.06 0.000335739
34.08 0.000227005
34.1 -1.88559e-05
34.12 -0.000246524
34.14 -0.00029577
34.16 -0.000152543
34.18 4.84306e-05
34.2 0.000155374
34.22 0.000106542
34.24 -5.05419e-05
34.26 -0.000203753
34.28 -0.000241295
34.3 -0.000120874
34.32 8.40523e-05
34.34 0.000220964
34.36 0.000187037
34.38 4.81224e-05
34.4 -1.98257e-05
34.42 8.65853e-05
34.44 0.000312816
34.46 0.000487479
34.48 0.000452742
34.5 0.000211227
34.52 -8.66633e-05
34.54 -0.000277613
34.56 -0.000279931
34.58 -0.000129896
34.6 5.9469e-05
34.62 0.000187398
34.64 0.00020274
34.66 0.000108002
34.68 -3.84346e-05
34.7 -0.000151931
34.72 -0.000176464
34.74 -0.000126613
34.76 -7.46626e-05
34.78 -7.44701e-05
34.8 -0.000105734
34.82 -0.000110797
34.84 -4.89582e-05
34.86 8.16307e-05
34.88 0.000216564
34.9 0.000258797
34.92 0.000191903
34.94 0.000105738
34.96 0.000101616
34.98 0.000204002
35 0.000323939
35.02 0.000323922
35.04 0.000168089
35.06 -4.49804e-05
35.08 -0.000195455
35.1 -0.000225044
35.12 -0.000155353
35.14 -8.47412e-05
35.16 -0.000123177
35.18 -0.000276621
35.2 -0.00041249
35.22 -0.000370898
35.24 -0.000137816
35.26 0.000134465
35.28 0.000260644
35.3 0.000161522
35.32 -6.01165e-05
35.34 -0.000211293
35.36 -0.00018662
35.38 -2.27809e-05
35.4 0.000169632
35.42 0.000281938
35.44 0.000267386
35.46 0.000160802
35.48 4.04452e-05
35.5 -2.22181e-05
35.52 -1.89061e-05
35.54 -9.55185e-06
35.56 -4.55763e-05
35.58 -0.000134902
35.6 -0.000263189
35.62 -0.000379753
35.64 -0.000398403
35.66 -0.000283875
35.68 -0.000109323
35.7 2.4408e-06
35.72 -8.92109e-06
35.74 -0.000102912
35.76 -0.000207636
35.78 -0.000238883
35.8 -9.91412e-05
35.82 0.000184892
35.84 0.000386146
35.86 0.000302633
35.88 -5.09734e-06
35.9 -0.000316439
35.92 -0.000431611
35.94 -0.000246927
35.96 0.000188748
35.98 0.000624828
36 0.000665694
36.02 0.000217574
36.04 -0.000330122
36.06 -0.000523691
36.08 -0.000239054
36.1 0.000306698
36.12 0.000740749
36.14 0.000689789
36.16 0.000134638
36.18 -0.00047158
36.2 -0.000562772
36.22 -5.83936e-05
36.24 0.000586729
36.26 0.000796814
36.28 0.000319186
36.3 -0.000514194
36.32 -0.00100146
36.34 -0.000723174
36.36 -4.51386e-05
36.38 0.000395051
36.4 0.000341605
36.42 -2.30689e-05
36.44 -0.000305733
36.46 -0.000276772
36.48 -2.24937e-05
36.5 0.000312007
36.52 0.000658987
36.54 0.000841415
36.56 0.000671395
36.58 0.000287679
36.6 3.66004e-05
36.62 7.90984e-05
36.64 0.000256192
36.66 0.000311058
36.68 0.00016186
36.7 -0.000156603
36.72 -0.000579711
36.74 -0.000789348
36.76 -0.000428185
36.78 0.000289333
36.8 0.000682958
36.82 0.000338544
36.84 -0.000433205
36.86 -0.000872777
36.88 -0.000575888
36.9 1.15269e-05
36.92 0.000219599
36.94 -0.000109562
36.96 -0.000629307
36.98 -0.000672035
37 -6.18045e-06
37.02 0.000807153
37.04 0.00103427
37.06 0.000566284
37.08 3.10239e-05
37.1 -6.68732e-05
37.12 0.000207853
37.14 0.000499272
37.16 0.000453106
37.18 1.5157e-05
37.2 -0.000534552
37.22 -0.000815895
37.24 -0.000722365
37.26 -0.000487308
37.28 -0.000264203
37.3 -2.79038e-05
37.32 0.000151626
37.34 0.000103298
37.36 -0.000213331
37.38 -0.000588743
37.4 -0.000666393
37.42 -0.000321095
37.44 0.000185879
37.46 0.000508903
37.48 0.00049298
37.5 0.000254959
37.52 4.15281e-05
37.54 1.11787e-05
37.56 0.000213064
37.58 0.000591606
37.6 0.000861098
37.62 0.00069524
37.64 0.000156283
37.66 -0.000416422
37.68 -0.000645293
37.7 -0.000320146
37.72 0.000296973
37.74 0.000650899
37.76 0.000430441
37.78 -0.000135672
37.8 -0.000546205
37.82 -0.000522899
37.84 -0.0002759
37.86 -0.000198707
37.88 -0.000388271
37.9 -0.000611676
37.92 -0.000553347
37.94 -0.000162842
37.96 0.000277913
37.98 0.000435781
38 0.000224519
38.02 -0.000122326
38.04 -0.000292411
38.06 -0.000152954
38.08 0.000172557
38.1 0.000412541
38.12 0.000377293
38.14 0.000100639
38.16 -0.000204398
38.18 -0.00027817
38.2 -1.14166e-05
38.22 0.000463322
38.24 0.000797876
38.26 0.000643312
38.28 5.83479e-05
38.3 -0.000575772
38.32 -0.000814121
38.34 -0.000457404
38.36 0.000133336
38.38 0.000430027
38.4 0.000256179
38.42 -0.000157884
38.44 -0.000387591
38.46 -0.000166717
38.48 0.00036388
38.5 0.000729829
38.52 0.000537588
38.54 -8.63421e-05
38.56 -0.00065642
38.58 -0.000728679
38.6 -0.000307167
38.62 0.000133336
38.64 0.000197679
38.66 -0.000107902
38.68 -0.000477956
38.7 -0.000544119
38.72 -0.000227942
38.74 0.000216932
38.76 0.000501373
38.78 0.000475036
38.8 0.000209962
38.82 -6.39391e-05
38.84 -0.000175833
38.86 -0.000130079
38.88 -5.30878e-05
38.9 -5.72394e-05
38.92 -0.000164488
38.94 -0.000313713
38.96 -0.000383213
38.98 -0.000269228
39 1.41231e-05
39.02 0.000344408
39.04 0.000558962
39.06 0.000558535
39.08 0.000425337
39.1 0.000354371
39.12 0.000425344
39.14 0.000492258
39.16 0.000346749
39.18 -2.37237e-05
39.2 -0.000409984
39.22 -0.000533442
39.24 -0.000307766
39.26 5.03484e-05
39.28 0.000261445
39.3 0.000204507
39.32 -4.67701e-05
39.34 -0.000293308
39.36 -0.00035567
39.38 -0.000223431
39.4 -4.34435e-05
39.42 4.80556e-05
39.44 1.52723e-05
39.46 -0.000101799
39.48 -0.00021223
39.5 -0.000209703
39.52 -4.91262e-05
39.54 0.000197815
39.56 0.000368109
39.58 0.000324384
39.6 0.000103762
39.62 -7.7486e-05
39.64 -1.00271e-05
39.66 0.000311888
39.68 0.000647391
39.7 0.000688034
39.72 0.000386763
39.74 -5.96888e-06
39.76 -0.000240299
39.78 -0.000226965
39.8 -4.52231e-05
39.82 0.000115341
39.84 0.000111349
39.86 -5.42858e-05
39.88 -0.000258363
39.9 -0.000345273
39.92 -0.000242049
39.94 -1.20946e-05
39.96 0.000204479
39.98 0.00026714
40 0.000123698
40.02 -0.000123551
40.04 -0.000283714
40.06 -0.000228506
40.08 -1.36847e-05
40.1 0.000181904
40.12 0.00023847
40.14 0.000161232
40.16 3.12866e-05
40.18 -4.58779e-05
40.2 -1.18932e-05
40.22 7.95309e-05
40.24 0.000116458
40.26 3.48293e-05
40.28 -0.000139029
40.3 -0.000299206
40.32 -0.000325464
40.34 -0.000193615
40.36 -4.10156e-06
40.38 0.000108121
40.4 8.58401e-05
40.42 6.40242e-06
40.44 7.11617e-06
40.46 0.000151133
40.48 0.000368225
40.5 0.000492444
40.52 0.000407165
40.54 0.000156263
40.56 -0.000120329
40.58 -0.000262535
40.6 -0.000161512
40.62 0.000109658
40.64 0.000309162
40.66 0.000207135
40.68 -0.000208092
40.7 -0.000659437
40.72 -0.000735691
40.74 -0.00035747
40.76 7.31624e-05
40.78 0.000149629
40.8 -0.000167043
40.82 -0.000552226
40.84 -0.000558869
40.86 -0.000103811
40.88 0.000471157
40.9 0.000714924
40.92 0.000421498
40.94 -0.000116957
40.96 -0.000415351
40.98 -0.000250099
41 0.000234904
41.02 0.000657359
41.04 0.000640816
41.06 0.000195844
41.08 -0.000291767
41.1 -0.000454142
41.12 -0.000208113
41.14 0.000210886
41.16 0.000443653
41.18 0.000279232
41.2 -0.00018474
41.22 -0.000619481
41.24 -0.000666812
41.26 -0.000293721
41.28 0.000134226
41.3 0.000258703
41.32 2.66488e-05
41.34 -0.000335661
41.36 -0.000499386
41.38 -0.000301063
41.4 0.000105609
41.42 0.000426609
41.44 0.000469489
41.46 0.000270658
41.48 5.09803e-05
41.5 3.42532e-06
41.52 0.000151327
41.54 0.000366684
41.56 0.000471215
41.58 0.000371773
41.6 0.000129762
41.62 -0.000105651
41.64 -0.000205806
41.66 -0.000134577
41.68 3.02968e-05
41.7 0.000147124
41.72 9.90739e-05
41.74 -0.000128353
41.76 -0.000413971
41.78 -0.000540839
41.8 -0.000399222
41.82 -0.00012158
41.84 9.79828e-05
41.86 0.000177733
41.88 0.000138955
41.9 6.58082e-05
41.92 5.96383e-05
41.94 0.000166075
41.96 0.000332638
41.98 0.000438499
42 0.000386554
42.02 0.000194078
42.04 -2.72211e-05
42.06 -0.000169101
42.08 -0.00018433
42.1 -9.3035e-05
42.12 3.59162e-05
42.14 0.000125321
42.16 0.000132714
42.18 6.34815e-05
42.2 -3.92103e-05
42.22 -0.000112028
42.24 -0.000112959
42.26 -5.83913e-05
42.28 -1.52564e-05
42.3 -5.0502e-05
42.32 -0.000172865
42.34 -0.000305917
42.36 -0.000323765
42.38 -0.000177905
42.4 4.05881e-05
42.42 0.000203314
42.44 0.000233924
42.46 0.000137393
42.48 3.56771e-06
42.5 -6.15646e-05
42.52 -8.95861e-06
42.54 0.000131152
42.56 0.000265105
42.58 0.000293984
42.6 0.000193521
42.62 4.49697e-05
42.64 -3.5258e-05
42.66 2.61446e-06
42.68 0.000112141
42.7 0.000199758
42.72 0.00019924
42.74 0.000114196
42.76 -5.30988e-06
42.78 -0.000102604
42.8 -0.000123413
42.82 -5.10156e-05
42.84 4.4174e-05
42.86 5.26256e-05
42.88 -6.67764e-05
42.9 -0.000245074
42.92 -0.000344726
42.94 -0.000276367
42.96 -0.00010371
42.98 1.70281e-05
43 -3.84808e-06
43.02 -0.000112164
43.04 -0.000170134
43.06 -8.73446e-05
43.08 9.45513e-05
43.1 0.000245544
43.12 0.000267154
43.14 0.000167612
43.16 4.65858e-05
43.18 1.02199e-05
43.2 8.04197e-05
43.22 0.00018008
43.24 0.000204785
43.26 0.000105382
43.28 -7.59345e-05
43.3 -0.000237199
43.32 -0.00029317
43.34 -0.000237849
43.36 -0.000148397
43.38 -0.000117811
43.4 -0.00017298
43.42 -0.000244375
43.44 -0.000222666
43.46 -6.98332e-05
43.48 0.000144957
43.5 0.000305495
43.52 0.000326467
43.54 0.000216156
43.56 6.95558e-05
43.58 -1.32776e-05
43.6 -3.30432e-06
43.62 5.16136e-05
43.64 8.03385e-05
43.66 4.71606e-05
43.68 -2.90934e-05
43.7 -0.000103141
43.72 -0.000136053
43.74 -0.000108638
43.76 -4.13379e-05
43.78 1.27434e-05
43.8 2.47772e-05
43.82 1.00714e-05
43.84 -3.28302e-06
43.86 -7.24823e-06
43.88 -1.99644e-05
43.9 -5.36046e-05
43.92 -9.03016e-05
43.94 -0.000105206
43.96 -0.000100613
43.98 -9.33215e-05
44 -8.67442e-05
44.02 -7.22046e-05
44.04 -4.06607e-05
44.06 6.48363e-06
44.08 4.72739e-05
44.1 5.15845e-05
44.12 1.60488e-05
44.14 -2.85055e-05
44.16 -4.65712e-05
44.18 -3.36557e-05
44.2 -2.03892e-05
44.22 -4.06175e-05
44.24 -9.68586e-05
44.26 -0.000156603
44.28 -0.000184605
44.3 -0.000170294
44.32 -0.000124856
44.34 -6.33344e-05
44.36 -5.59519e-06
44.38 2.3868e-05
44.4 2.76208e-05
44.42 3.97612e-05
44.44 8.66845e-05
44.46 0.000165808
44.48 0.000236632
44.5 0.000230749
44.52 0.000117165
44.54 -5.25843e-05
44.56 -0.000182944
44.58 -0.000205878
44.6 -0.000132466
44.62 -4.14253e-05
44.64 -8.54492e-06
44.66 -4.83322e-05
44.68 -0.000115584
44.7 -0.000148648
44.72 -0.000107599
44.74 -4.20966e-06
44.76 0.000100945
44.78 0.000145082
44.8 0.000101322
44.82 -3.17139e-06
44.84 -9.13976e-05
44.86 -8.53963e-05
44.88 2.64044e-05
44.9 0.000166659
44.92 0.000222356
44.94 0.000142052
44.96 -1.75211e-05
44.98 -0.000142659
45 -0.000154264
45.02 -6.26788e-05
45.04 5.29745e-05
45.06 0.000113187
45.08 8.89554e-05
45.1 5.1687e-06
45.12 -7.51438e-05
45.14 -8.89998e-05
45.16 -2.76066e-05
45.18 5.42077e-05
45.2 8.396e-05
45.22 3.96734e-05
45.24 -2.15588e-05
45.26 -1.39867e-05
45.28 9.37254e-05
45.3 0.000235298
45.32 0.000299625
45.34 0.000236321
45.36 8.33908e-05
45.38 -7.57452e-05
45.4 -0.000162397
45.42 -0.0001379
45.44 -1.52675e-05
45.46 0.000120685
45.48 0.000154578
45.5 4.93274e-05
45.52 -0.000117124
45.54 -0.00021902
45.56 -0.000185081
45.58 -5.02827e-05
45.6 8.0876e-05
45.62 0.000118774
45.64 4.72062e-05
45.66 -8.28581e-05
45.68 -0.000187414
45.7 -0.000191204
45.72 -8.3712e-05
45.74 5.96046e-05
45.76 0.000123303
45.78 4.67747e-05
45.8 -0.000104642
45.82 -0.000186973
45.84 -0.00011079
45.86 8.10135e-05
45.88 0.000257825
45.9 0.000302301
45.92 0.000201516
45.94 6.02385e-05
45.96 -8.50764e-07
45.98 4.00624e-05
46 9.95885e-05
46.02 9.59781e-05
46.04 2.57738e-05
46.06 -5.72409e-05
46.08 -9.61032e-05
46.1 -8.65745e-05
46.12 -6.74992e-05
46.14 -7.01795e-05
46.16 -0.000103374
46.18 -0.000137342
46.2 -0.00011023
46.22 -5.78058e-06
46.24 0.000100841
46.26 0.000127026
46.28 7.54095e-05
46.3 2.03127e-06
46.32 -3.92734e-05
46.34 -1.44558e-05
46.36 5.98445e-05
46.38 0.000126023
46.4 0.00013617
46.42 7.9894e-05
46.44 -4.8698e-06
46.46 -5.08671e-05
46.48 -2.62868e-05
46.5 3.35184e-05
46.52 6.85323e-05
46.54 4.40708e-05
46.56 -2.49692e-05
46.58 -8.45839e-05
46.6 -8.88957e-05
46.62 -3.74677e-05
46.64 2.82729e-05
46.66 5.69233e-05
46.68 2.24326e-05
46.7 -5.92977e-05
46.72 -0.000132685
46.74 -0.000134511
46.76 -5.46935e-05
46.78 5.59005e-05
46.8 0.000131465
46.82 0.000134655
46.84 8.35552e-05
46.86 1.31893e-05
46.88 -5.62917e-05
46.9 -9.86791e-05
46.92 -9.27207e-05
46.94 -3.53955e-05
46.96 5.33047e-05
46.98 0.000119526
47 0.000108772
47.02 1.7856e-05
47.04 -8.7782e-05
47.06 -0.000121189
47.08 -6.87958e-05
47.1 2.23147e-06
47.12 4.209e-05
47.14 4.46684e-05
47.16 5.18347e-06
47.18 -6.92971e-05
47.2 -0.000137284
47.22 -0.000141421
47.24 -5.96135e-05
47.26 5.88037e-05
47.28 0.000137338
47.3 0.000145824
47.32 0.000118008
47.34 0.000119048
47.36 0.0001893
47.38 0.000292072
47.4 0.000322302
47.42 0.000193842
47.44 -7.11863e-05
47.46 -0.000319981
47.48 -0.000352313
47.5 -0.000125818
47.52 0.000172567
47.54 0.000311694
47.56 0.000216759
47.58 -6.45653e-06
47.6 -0.000188825
47.62 -0.000213802
47.64 -8.72343e-05
47.66 6.52341e-05
47.68 0.000101515
47.7 -1.5534e-05
47.72 -0.000189724
47.74 -0.000261724
47.76 -0.000143703
47.78 9.14772e-05
47.8 0.000271808
47.82 0.00026358
47.84 7.29486e-05
47.86 -0.000165068
47.88 -0.000288748
47.9 -0.000222747
47.92 -2.65705e-05
47.94 0.000151282
47.96 0.00017396
47.98 2.52038e-05
48 -0.000167102
48.02 -0.000231062
48.04 -9.62198e-05
48.06 0.000135184
48.08 0.00026145
48.1 0.000154188
48.12 -0.000106866
48.14 -0.000284729
48.16 -0.000220698
48.18 8.24437e-06
48.2 0.000196444
48.22 0.000194597
48.24 9.11822e-06
48.26 -0.000204699
48.28 -0.000268093
48.3 -0.000123217
48.32 0.000143502
48.34 0.000357051
48.36 0.000355505
48.38 0.000140659
48.4 -0.000112131
48.42 -0.000207613
48.44 -7.99464e-05
48.46 0.000164318
48.48 0.000325044
48.5 0.00025458
48.52 -9.31856e-06
48.54 -0.000280741
48.56 -0.000377322
48.58 -0.00024602
48.6 -5.4801e-06
48.62 0.000155099
48.64 0.000118258
48.66 -7.65446e-05
48.68 -0.000245707
48.7 -0.000216898
48.72 4.75866e-06
48.74 0.000247939
48.76 0.00032767
48.78 0.000197626
48.8 -2.90222e-05
48.82 -0.000182733
48.84 -0.000154386
48.86 2.77591e-05
48.88 0.000220536
48.9 0.000274061
48.92 0.000146893
48.94 -6.10383e-05
48.96 -0.000191936
48.98 -0.000149786
49 2.66228e-05
49.02 0.000196786
49.04 0.000230324
49.06 0.000106645
49.08 -7.371e-05
49.1 -0.000173281
49.12 -0.000110532
49.14 8.3777e-05
49.16 0.000276089
49.18 0.000317986
49.2 0.000162392
49.22 -7.80504e-05
49.24 -0.000219274
49.26 -0.000172904
49.28 -9.00555e-06
49.3 0.000126056
49.32 0.000125766
49.34 -2.90796e-06
49.36 -0.000149987
49.38 -0.000197973
49.4 -0.00011091
49.42 5.11914e-05
49.44 0.000174996
49.46 0.000173591
49.48 5.44269e-05
49.5 -9.0834e-05
49.52 -0.000162085
49.54 -0.000123999
49.56 -1.63333e-05
49.58 7.93873e-05
49.6 8.15052e-05
49.62 -3.56205e-05
49.64 -0.000213948
49.66 -0.000344404
49.68 -0.00033652
49.7 -0.00020303
49.72 -5.37389e-05
49.74 1.19576e-05
49.76 -2.04265e-05
49.78 -8.50333e-05
49.8 -0.000103102
49.82 -5.64e-05
49.84 1.32725e-05
49.86 6.29745e-05
49.88 8.30813e-05
49.9 8.18293e-05
49.92 6.43508e-05
49.94 3.65859e-05
49.96 6.13588e-06
49.98 -2.34491e-05
50 -4.71275e-05
50.02 -6.18117e-05
50.04 -6.75e-05
50.06 -5.32032e-05
50.08 -7.59375e-06
50.1 4.59777e-05
50.12 5.84708e-05
50.14 5.86441e-06
50.16 -8.49031e-05
50.18 -0.000144868
50.2 -0.00011514
50.22 -1.66647e-05
50.24 6.16839e-05
50.26 5.63859e-05
50.28 -1.71744e-05
50.3 -9.15947e-05
50.32 -9.76135e-05
50.34 -1.28997e-05
50.36 0.000107582
50.38 0.000169684
50.4 0.000126819
50.42 1.96133e-05
50.44 -6.03432e-05
50.46 -4.28771e-05
50.48 5.76553e-05
50.5 0.00014741
50.52 0.000138422
50.54 3.14457e-05
50.56 -8.23441e-05
50.58 -0.000102424
50.6 -4.21547e-06
50.62 0.000144548
50.64 0.00022959
50.66 0.000176003
50.68 1.91183e-05
50.7 -0.00011983
50.72 -0.000134758
50.74 -1.9943e-05
50.76 0.00012647
50.78 0.000182201
50.8 0.000101678
50.82 -5.88204e-05
50.84 -0.000199118
50.86 -0.000235285
50.88 -0.000150269
50.9 -1.7809e-05
50.92 5.58583e-05
50.94 2.02962e-05
50.96 -9.51354e-05
50.98 -0.000209877
51 -0.000237375
51.02 -0.000148417
51.04 -5.84711e-06
51.06 8.76078e-05
51.08 7.48612e-05
51.1 -2.26405e-05
51.12 -0.000124164
51.14 -0.000148829
51.16 -8.57369e-05
51.18 4.17564e-06
51.2 5.3592e-05
51.22 3.66232e-05
51.24 -2.47444e-05
51.26 -7.07459e-05
51.28 -4.00615e-05
51.3 7.74525e-05
51.32 0.000228464
51.34 0.00030439
51.36 0.000181158
51.38 -0.000159088
51.4 -0.000546186
51.42 -0.000653198
51.44 -0.000310175
51.46 0.000269738
51.48 0.000676493
51.5 0.00059178
51.52 0.000116495
51.54 -0.000321415
51.56 -0.000392341
51.58 -9.55543e-05
51.6 0.000282387
51.62 0.000409358
51.64 0.000193216
51.66 -0.000146747
51.68 -0.000296269
51.7 -0.000123316
51.72 0.000230442
51.74 0.000472928
51.76 0.000391648
51.78 4.3184e-05
51.8 -0.000324264
51.82 -0.000468121
51.84 -0.000303767
51.86 2.95048e-05
51.88 0.000290155
51.9 0.00030442
51.92 8.07353e-05
51.94 -0.000192425
51.96 -0.000288364
51.98 -0.000120898
52 0.000186797
52.02 0.000396175
52.04 0.000329691
52.06 2.49992e-05
52.08 -0.000296987
52.1 -0.000394958
52.12 -0.000196852
52.14 0.000121552
52.16 0.000300149
52.18 0.000217878
52.2 -2.25476e-05
52.22 -0.000193987
52.24 -0.000140506
52.26 9.84413e-05
52.28 0.000328828
52.3 0.000355608
52.32 0.000149116
52.34 -0.000137449
52.36 -0.000305383
52.38 -0.000248314
52.4 -2.81914e-05
52.42 0.000175418
52.44 0.0002103
52.46 7.2048e-05
52.48 -0.000103061
52.5 -0.000165955
52.52 -7.40433e-05
52.54 8.36193e-05
52.56 0.000166499
52.58 9.44081e-05
52.6 -9.42793e-05
52.62 -0.000263397
52.64 -0.0002823
52.66 -0.0001405
52.68 4.70142e-05
52.7 0.000145855
52.72 0.000104826
52.74 -2.97202e-05
52.76 -0.000157916
52.78 -0.000189347
52.8 -0.000108086
52.82 1.70661e-05
52.84 9.10365e-05
52.86 5.97914e-05
52.88 -5.60518e-05
52.9 -0.000167344
52.92 -0.000173206
52.94 -5.45232e-05
52.96 9.37372e-05
52.98 0.000150859
53 7.95426e-05
53.02 -5.09609e-05
53.04 -0.000127883
53.06 -8.54705e-05
53.08 4.94566e-05
53.1 0.000183497
53.12 0.000225789
53.14 0.00014861
53.16 1.3695e-05
53.18 -6.8939e-05
53.2 -4.11794e-05
53.22 6.00306e-05
53.24 0.000143714
53.26 0.00013495
53.28 2.97084e-05
53.3 -0.000104555
53.32 -0.000179981
53.34 -0.000156139
53.36 -6.34633e-05
53.38 2.8811e-05
53.4 5.62173e-05
53.42 4.39599e-06
53.44 -7.51514e-05
53.46 -0.000112819
53.48 -8.01383e-05
53.5 -3.55216e-06
53.52 6.41836e-05
53.54 8.24494e-05
53.56 4.55794e-05
53.58 -1.60761e-05
53.6 -5.96138e-05
53.62 -6.32694e-05
53.64 -3.98697e-05
53.66 -1.61883e-05
53.68 -1.1374e-05
53.7 -2.97751e-05
53.72 -5.01875e-05
53.74 -4.05586e-05
53.76 6.74589e-06
53.78 6.71731e-05
53.8 0.000104139
53.82 9.1471e-05
53.84 3.92772e-05
53.86 -6.09917e-06
53.88 -1.18277e-05
53.9 1.06385e-05
53.92 3.27182e-05
53.94 3.84993e-05
53.96 2.6893e-05
53.98 8.7448e-06
54 -3.13039e-06
54.02 -4.00299e-06
54.04 5.36789e-06
54.06 2.34785e-05
54.08 4.58541e-05
54.1 6.05858e-05
54.12 6.19569e-05
54.14 5.42303e-05
54.16 3.74527e-05
54.18 1.55873e-05
54.2 -6.10142e-06
54.22 -3.6934e-05
54.24 -7.85353e-05
54.26 -0.00010953
54.28 -0.000111144
54.3 -7.98855e-05
54.32 -3.02775e-05
54.34 5.65578e-06
54.36 2.18105e-06
54.38 -3.88058e-05
54.4 -8.74211e-05
54.42 -0.000102642
54.44 -5.89494e-05
54.46 3.04706e-05
54.48 0.000114975
54.5 0.000140361
54.52 9.53093e-05
54.54 2.04143e-05
54.56 -2.95948e-05
54.58 -2.70329e-05
54.6 1.53649e-05
54.62 6.42386e-05
54.64 8.71162e-05
54.66 6.71406e-05
54.68 9.18987e-06
54.7 -6.50185e-05
54.72 -0.000118182
54.74 -0.00012139
54.76 -8.55465e-05
54.78 -4.78639e-05
54.8 -3.94973e-05
54.82 -6.72818e-05
54.84 -9.95357e-05
54.86 -8.76704e-05
54.88 -1.54563e-05
54.9 8.7336e-05
54.92 0.000162243
54.94 0.000159953
54.96 9.05681e-05
54.98 1.84837e-05
55 -4.0379e-06
55.02 2.43445e-05
55.04 6.57896e-05
55.06 7.73003e-05
55.08 4.07536e-05
55.1 -2.33337e-05
55.12 -6.51162e-05
55.14 -5.24954e-05
55.16 2.94928e-07
55.18 5.1822e-05
55.2 6.83794e-05
55.22 4.99684e-05
55.24 2.4206e-05
55.26 1.99757e-05
55.28 4.38931e-05
55.3 7.36293e-05
55.32 8.248e-05
55.34 6.69068e-05
55.36 3.51252e-05
55.38 -6.06105e-06
55.4 -3.92148e-05
55.42 -4.3126e-05
55.44 -1.97645e-05
55.46 7.75304e-06
55.48 1.65761e-05
55.5 -1.02191e-05
55.52 -6.55088e-05
55.54 -0.000110946
55.56 -0.000108001
55.58 -4.90839e-05
55.6 2.88623e-05
55.62 7.48841e-05
55.64 6.12767e-05
55.66 -1.09091e-05
55.68 -0.000101145
55.7 -0.000139911
55.72 -8.59337e-05
55.74 3.01599e-05
55.76 0.00012453
55.78 0.0001252
55.8 3.46012e-05
55.82 -6.85584e-05
55.84 -9.89518e-05
55.86 -3.04958e-05
55.88 0.000100973
55.9 0.000226749
55.92 0.000261872
55.94 0.000128151
55.96 -0.000161617
55.98 -0.00043857
56 -0.000474983
56.02 -0.000215046
56.04 0.000159034
56.06 0.000379796
56.08 0.000301124
56.1 2.7014e-05
56.12 -0.000183711
56.14 -0.000149029
56.16 7.92476e-05
56.18 0.000281426
56.2 0.000265938
56.22 2.4073e-05
56.24 -0.000260665
56.26 -0.000357878
56.28 -0.000186939
56.3 0.000123958
56.32 0.000356248
56.34 0.000349331
56.36 0.000123115
56.38 -0.000142475
56.4 -0.000260926
56.42 -0.00016444
56.44 6.5087e-05
56.46 0.000271157
56.48 0.000319733
56.5 0.000179436
56.52 -4.25638e-05
56.54 -0.000177594
56.56 -0.00012559
56.58 6.74543e-05
56.6 0.000234467
56.62 0.000219454
56.64 1.80687e-05
56.66 -0.000216475
56.68 -0.000293487
56.7 -0.000150967
56.72 8.83646e-05
56.74 0.00023632
56.76 0.000188834
56.78 -3.83977e-06
56.8 -0.000184924
56.82 -0.000209162
56.84 -5.76846e-05
56.86 0.000148084
56.88 0.000256719
56.9 0.000185645
56.92 -2.50025e-05
56.94 -0.000227489
56.96 -0.000282889
56.98 -0.000173599
57 -5.20871e-06
57.02 9.08003e-05
57.04 4.626e-05
57.06 -0.000107513
57.08 -0.000248346
57.1 -0.00023879
57.12 -5.91245e-05
57.14 0.00015463
57.16 0.000233401
57.18 0.000117512
57.2 -9.48457e-05
57.22 -0.000229007
57.24 -0.000182957
57.26 -8.73667e-06
57.28 0.000146144
57.3 0.000169057
57.32 6.0385e-05
57.34 -8.69764e-05
57.36 -0.000160817
57.38 -0.000100664
57.4 5.75415e-05
57.42 0.000200771
57.44 0.000222611
57.46 0.000101196
57.48 -8.31838e-05
57.5 -0.000198612
57.52 -0.000154171
57.54 1.84837e-05
57.56 0.000179691
57.58 0.000199417
57.6 6.61093e-05
57.62 -0.000106978
57.64 -0.000178438
57.66 -9.50126e-05
57.68 7.1539e-05
57.7 0.000186605
57.72 0.000158427
57.74 8.84417e-06
57.76 -0.00014763
57.78 -0.000193811
57.8 -0.000100248
57.82 5.63295e-05
57.84 0.000159291
57.86 0.000138031
57.88 1.43057e-05
57.9 -0.000118414
57.92 -0.000161583
57.94 -8.12415e-05
57.96 6.29791e-05
57.98 0.000160227
58 0.000135245
58.02 8.40779e-06
58.04 -0.000124122
58.06 -0.000162839
58.08 -7.78596e-05
58.1 6.55264e-05
58.12 0.000157965
58.14 0.000130952
58.16 8.32076e-06
58.18 -0.00011371
58.2 -0.000141088
58.22 -5.38892e-05
58.24 7.96417e-05
58.26 0.000156852
58.28 0.000119331
58.3 -2.59141e-06
58.32 -0.00011449
58.34 -0.000130848
58.36 -4.08717e-05
58.38 8.49284e-05
58.4 0.000151055
58.42 0.000109339
58.44 -5.92012e-06
58.46 -0.000105811
58.48 -0.000115014
58.5 -2.87943e-05
58.52 8.53255e-05
58.54 0.000140396
58.56 9.55386e-05
58.58 -1.33938e-05
58.6 -0.00010222
58.62 -0.000103427
58.64 -1.78433e-05
58.66 8.76953e-05
58.68 0.000132944
58.7 8.47696e-05
58.72 -1.86182e-05
58.74 -9.779e-05
58.76 -9.28633e-05
58.78 -9.02553e-06
58.8 8.84836e-05
58.82 0.00012527
58.84 7.44331e-05
58.86 -2.3752e-05
58.88 -9.37937e-05
58.9 -8.28494e-05
58.92 -7.17212e-07
58.94 8.882e-05
58.96 0.000117628
58.98 6.49275e-05
59 -2.7718e-05
59.02 -8.91635e-05
59.04 -7.31674e-05
59.06 6.71546e-06
59.08 8.86132e-05
59.1 0.0001103
59.12 5.63742e-05
59.14 -3.07914e-05
59.16 -8.43308e-05
59.18 -6.40773e-05
59.2 1.32422e-05
59.22 8.78638e-05
59.24 0.000103178
59.26 4.85898e-05
59.28 -3.31696e-05
59.3 -7.94617e-05
59.32 -5.56414e-05
59.34 1.89389e-05
59.36 8.67262e-05
59.38 9.63832e-05
59.4 4.16006e-05
59.42 -3.48572e-05
59.44 -7.44902e-05
59.46 -4.77422e-05
59.48 2.38921e-05
59.5 8.52218e-05
59.52 8.98765e-05
59.54 3.53053e-05
59.56 -3.59959e-05
59.58 -6.95199e-05
59.6 -4.03665e-05
59.62 2.82339e-05
59.64 8.35011e-05
59.66 8.37033e-05
59.68 2.96464e-05
59.7 -3.66416e-05
59.72 -6.45427e-05
59.74 -3.34545e-05
59.76 3.19923e-05
59.78 8.15094e-05
59.8 7.77754e-05
59.82 2.45627e-05
59.84 -3.68418e-05
59.86 -5.96179e-05
59.88 -2.70585e-05
59.9 3.51683e-05
59.92 7.93116e-05
59.94 7.21682e-05
59.96 2.00532e-05
59.98 -3.92712e-05
