0.02 4.64857e-05
0.04 0.000131701
0.06 0.000144196
0.08 6.59999e-05
0.1 1.88995e-05
0.12 7.05874e-05
0.14 0.000136463
0.16 0.00011802
0.18 5.31849e-05
0.2 4.99506e-05
0.22 0.000117281
0.24 0.00015829
0.26 0.000125552
0.28 9.07771e-05
0.3 0.000125836
0.32 0.000183458
0.34 0.000190812
0.36 0.000175371
0.38 0.000169183
0.4 8.88663e-05
0.42 -0.000112142
0.44 -0.000102427
0.46 0.000311711
0.48 0.000492482
0.5 1.81017e-05
0.52 -0.000465972
0.54 -0.000338937
0.56 -9.93784e-05
0.58 -0.000491335
0.6 -0.0009051
0.62 -0.000412998
0.64 0.000162242
0.66 -0.000201729
0.68 -0.00124517
0.7 -0.00182471
0.72 -0.000432676
0.74 0.00156759
0.76 0.00112238
0.78 -0.000604259
0.8 0.000161323
0.82 0.00336295
0.84 0.00526994
0.86 0.00366436
0.88 0.000436375
0.9 -0.000821743
0.92 0.000865724
0.94 0.00247058
0.96 0.000514966
0.98 -0.00342396
1 -0.00424444
1.02 -0.000629069
1.04 0.00268786
1.06 0.000808999
1.08 -0.00451751
1.1 -0.00709909
1.12 -0.00389091
1.14 0.00206406
1.16 0.00392038
1.18 -0.0017737
1.2 -0.0077998
1.22 -0.00493815
1.24 0.00317508
1.26 0.00506515
1.28 -0.00238082
1.3 -0.0108546
1.32 -0.00990342
1.34 0.00210586
1.36 0.0145742
1.38 0.0153355
1.4 0.00333461
1.42 -0.00992829
1.44 -0.0121275
1.46 -0.0044804
1.48 0.000210128
1.5 -0.0059958
1.52 -0.0176162
1.54 -0.0262751
1.56 -0.0314765
1.58 -0.0362508
1.6 -0.0407766
1.62 -0.0435049
1.64 -0.0427186
1.66 -0.0371533
1.68 -0.0277265
1.7 -0.0167499
1.72 -0.00680098
1.74 -0.00108788
1.76 -0.001141
1.78 -0.00558886
1.8 -0.0136398
1.82 -0.0260997
1.84 -0.0429711
1.86 -0.0622254
1.88 -0.0788399
1.9 -0.0878306
1.92 -0.0896188
1.94 -0.0883934
1.96 -0.0862101
1.98 -0.0824679
2 -0.0787341
2.02 -0.0795938
2.04 -0.0883015
2.06 -0.104675
2.08 -0.127093
2.1 -0.154138
2.12 -0.182811
2.14 -0.207575
2.16 -0.22321
2.18 -0.225498
2.2 -0.210993
2.22 -0.180495
2.24 -0.138513
2.26 -0.0898766
2.28 -0.0421551
2.3 -0.00467228
2.32 0.0140138
2.34 0.010164
2.36 -0.0125011
2.38 -0.0472673
2.4 -0.0894783
2.42 -0.139632
2.44 -0.19522
2.46 -0.246063
2.48 -0.283711
2.5 -0.303568
2.52 -0.300613
2.54 -0.272413
2.56 -0.221605
2.58 -0.149372
2.6 -0.052472
