0.02 1.39325e-06
0.04 3.94681e-06
0.06 4.3198e-06
0.08 1.97584e-06
0.1 5.65569e-07
0.12 2.1146e-06
0.14 4.0871e-06
0.16 3.53368e-06
0.18 1.59197e-06
0.2 1.49627e-06
0.22 3.5134e-06
0.24 4.74097e-06
0.26 3.76017e-06
0.28 2.7194e-06
0.3 3.76983e-06
0.32 5.49511e-06
0.34 5.71451e-06
0.36 5.25233e-06
0.38 5.06786e-06
0.4 2.66025e-06
0.42 -3.36552e-06
0.44 -3.07381e-06
0.46 9.34107e-06
0.48 1.47515e-05
0.5 5.3487e-07
0.52 -1.39647e-05
0.54 -1.01695e-05
0.56 -2.99761e-06
0.58 -1.47243e-05
0.6 -2.70827e-05
0.62 -1.23348e-05
0.64 4.87719e-06
0.66 -5.99249e-06
0.68 -3.71757e-05
0.7 -5.44077e-05
0.72 -1.25117e-05
0.74 4.73922e-05
0.76 3.37573e-05
0.78 -1.81463e-05
0.8 4.93821e-06
0.82 9.94218e-05
0.84 0.000140017
0.86 6.78484e-05
0.88 -1.83687e-05
0.9 -1.16386e-05
0.92 5.48345e-05
0.94 6.15899e-05
0.96 -3.32871e-05
0.98 -0.000119603
1 -8.22706e-05
1.02 2.8695e-05
1.04 5.79703e-05
1.06 -4.34742e-05
1.08 -0.000145577
1.1 -0.000118518
1.12 -4.90983e-06
1.14 5.90829e-05
1.16 4.69925e-06
1.18 -0.000111233
1.2 -0.000120808
1.22 2.63851e-05
1.24 0.000110418
1.26 -1.50741e-05
1.28 -0.000172882
1.3 -0.000152683
1.32 1.75453e-05
1.34 0.000151844
1.36 0.00010917
1.38 -4.59362e-05
1.4 -0.00010378
1.42 4.02111e-06
1.44 8.97633e-05
1.46 -3.62577e-05
1.48 -0.000269605
1.5 -0.000323525
1.52 -0.000141575
1.54 7.58516e-06
1.56 -8.09492e-05
1.58 -0.000249154
1.6 -0.000206639
1.62 2.19816e-05
1.64 0.000123502
1.66 -2.15622e-05
1.68 -0.000174121
1.7 -0.000111552
1.72 4.62362e-05
1.74 3.11166e-05
1.76 -0.000130526
1.78 -0.000160852
1.8 -2.57603e-05
1.82 1.73432e-05
1.84 -0.00013053
1.86 -0.000241385
1.88 -8.66647e-05
1.9 0.000157341
1.92 8.95348e-05
1.94 -0.000250659
1.96 -0.000358602
1.98 -6.78491e-05
2 0.000132321
2.02 -0.000127944
2.04 -0.000483344
2.06 -0.000404933
2.08 -4.04111e-05
2.1 2.56284e-05
2.12 -0.000283092
2.14 -0.000427649
2.16 -0.000149795
2.18 0.000149302
2.2 7.49755e-05
2.22 -0.000216979
2.24 -0.000291081
2.26 -5.50205e-05
2.28 7.56895e-05
2.3 -0.000165696
2.32 -0.000428493
2.34 -0.000320804
2.36 -3.49061e-06
2.38 7.0555e-05
2.4 -0.000228624
2.42 -0.000483899
2.44 -0.000301498
2.46 5.73252e-05
2.48 7.88001e-05
2.5 -0.000181636
2.52 -0.000235169
2.54 1.7919e-05
2.56 0.000193395
2.58 0.000123708
2.6 9.91358e-05
2.62 0.000317649
2.64 0.000540865
2.66 0.000507945
2.68 0.000383039
2.7 0.000490565
2.72 0.000783973
2.74 0.000943521
2.76 0.00087885
2.78 0.000792623
2.8 0.000856428
2.82 0.00102124
2.84 0.00109842
2.86 0.00102477
2.88 0.000909385
2.9 0.000845677
2.92 0.000877254
2.94 0.000939931
2.96 0.000887013
2.98 0.00076249
3 0.00076757
3.02 0.000763042
3.04 0.000462386
3.06 0.000132848
3.08 0.000129029
3.1 0.00020688
3.12 4.24983e-06
3.14 -0.000378785
3.16 -0.0006057
3.18 -0.000610103
3.2 -0.000636692
3.22 -0.000842617
3.24 -0.00107657
3.26 -0.00111238
3.28 -0.000995982
3.3 -0.000921199
3.32 -0.000940913
3.34 -0.000937944
3.36 -0.000712023
3.38 -0.00032664
3.4 -0.000143163
3.42 -0.000235509
3.44 -0.000159235
3.46 0.00039579
3.48 0.000951555
3.5 0.000870509
3.52 0.00043315
3.54 0.000431793
3.56 0.000906289
3.58 0.00115703
3.6 0.000904691
3.62 0.000688779
3.64 0.000811607
3.66 0.000653545
3.68 2.00458e-05
3.7 -0.000245004
3.72 5.58246e-05
3.74 7.65881e-05
3.76 -0.000477595
3.78 -0.000866344
3.8 -0.000590946
3.82 -0.00022122
3.84 -0.000411705
3.86 -0.000880789
3.88 -0.000993826
3.9 -0.000705189
3.92 -0.000548967
3.94 -0.000824888
3.96 -0.00116203
3.98 -0.00100654
4 -0.000355007
4.02 2.53636e-05
4.04 -0.000353236
4.06 -0.000752
4.08 -0.000334483
4.1 0.000421441
4.12 0.000523507
4.14 6.25423e-05
4.16 -4.20194e-05
4.18 0.000353502
4.2 0.000359459
4.22 -0.000303114
4.24 -0.000722046
4.26 -0.000384033
4.28 2.85704e-05
4.3 -0.000160183
4.32 -0.000442642
4.34 7.27059e-06
4.36 0.000659732
4.38 0.000447287
4.4 -0.000333554
4.42 -0.0005514
4.44 -2.40307e-05
4.46 0.000407016
4.48 0.000294872
4.5 -0.000101314
4.52 -0.000420639
4.54 -0.000354635
4.56 -3.30416e-06
4.58 0.000134838
4.6 -0.000116143
4.62 -0.000357766
4.64 -0.000110758
4.66 0.000427707
4.68 0.000529291
4.7 0.000133211
4.72 -2.2264e-06
4.74 0.000430932
4.76 0.000821093
4.78 0.000528689
4.8 -0.000187739
4.82 -0.000358185
4.84 0.000274568
4.86 0.000718219
4.88 0.000271941
4.9 -0.000367037
4.92 -0.000284469
4.94 0.000209326
4.96 0.000225615
4.98 -0.000290061
5 -0.000662896
5.02 -0.000560671
5.04 -0.000380112
5.06 -0.000446274
5.08 -0.000326845
5.1 0.000193092
5.12 0.000415719
5.14 1.62865e-05
5.16 -0.000307156
5.18 2.13298e-06
5.2 0.000523384
5.22 0.00057007
5.24 9.5581e-05
5.26 -0.000442927
5.28 -0.000499416
5.3 1.91108e-05
5.32 0.00049107
5.34 0.00040546
5.36 2.43295e-05
5.38 -8.55026e-05
5.4 0.000150977
5.42 0.000302769
5.44 0.00020189
5.46 0.000148578
5.48 0.000283102
5.5 0.000379784
5.52 0.000283903
5.54 0.000126481
5.56 6.65302e-05
5.58 8.60596e-05
5.6 8.52872e-05
5.62 2.35214e-05
5.64 3.46272e-06
5.66 0.000105638
5.68 0.000145771
5.7 -1.91566e-06
5.72 -0.000119192
5.74 -4.1392e-05
5.76 6.69926e-05
5.78 -1.12906e-05
5.8 -0.000196913
5.82 -0.000190886
5.84 1.47035e-05
5.86 5.55048e-05
5.88 -0.000186747
5.9 -0.000389332
5.92 -0.000257582
5.94 0.000125126
5.96 0.000341711
5.98 0.000201017
6 7.17151e-05
6.02 0.00022582
6.04 0.000414736
6.06 0.000405613
6.08 0.000256321
6.1 0.000115261
6.12 0.000162231
6.14 0.000379909
6.16 0.000463371
6.18 0.00015847
6.2 -0.000351949
6.22 -0.000506463
6.24 -0.000223545
6.26 -0.00013143
6.28 -0.00050144
6.3 -0.000745371
6.32 -0.000364394
6.34 0.000150458
6.36 6.34605e-05
6.38 -0.000393593
6.4 -0.000446364
6.42 -8.88722e-06
6.44 0.000272409
6.46 1.87007e-05
6.48 -0.00041043
6.5 -0.00052441
6.52 -0.000339186
6.54 -0.00027797
6.56 -0.000469727
6.58 -0.000470666
6.6 -0.000154797
6.62 -2.94281e-05
6.64 -0.00020666
6.66 -0.000163656
6.68 0.0002333
6.7 0.00042477
6.72 3.31506e-05
6.74 -0.000533067
6.76 -0.000563042
6.78 -3.33292e-05
6.8 0.00031126
6.82 1.87607e-05
6.84 -0.00039983
6.86 -0.00024775
6.88 0.000242406
6.9 0.000272521
6.92 -0.000259531
6.94 -0.000600183
6.96 -0.000252101
6.98 0.00030946
7 0.00033966
7.02 -0.000125511
7.04 -0.000361963
7.06 -2.03283e-05
7.08 0.000374562
7.1 0.000277359
7.12 -5.5447e-05
7.14 -6.7188e-05
7.16 0.00024812
7.18 0.000421486
7.2 0.000242564
7.22 4.13589e-05
7.24 0.000148823
7.26 0.00035358
7.28 0.000206115
7.3 -0.000177526
7.32 -0.00019829
7.34 0.000223325
7.36 0.000456929
7.38 0.000158982
7.4 -0.000191553
7.42 -8.67809e-05
7.44 0.000238288
7.46 0.000235884
7.48 -0.000128472
7.5 -0.000330787
7.52 -8.29546e-05
7.54 0.000183143
7.56 1.43499e-05
7.58 -0.000292974
7.6 -0.000169373
7.62 0.00028806
7.64 0.000454963
7.66 0.000193183
7.68 1.43491e-06
7.7 0.000138404
7.72 0.000282199
7.74 0.000142339
7.76 -2.40185e-05
7.78 0.000129136
7.8 0.000386606
7.82 0.000335141
7.84 1.16767e-05
7.86 -0.000216984
7.88 -0.000134346
7.9 8.2271e-05
7.92 8.73731e-05
7.94 -0.000122477
7.96 -0.000204502
7.98 -4.11016e-05
8 9.8013e-05
8.02 3.72948e-05
8.04 -5.24715e-05
8.06 3.65033e-06
8.08 0.000110406
8.1 0.000107102
8.12 2.11006e-05
8.14 -1.08264e-05
8.16 4.85302e-05
8.18 0.000125482
8.2 0.000169195
8.22 0.000159698
8.24 8.94908e-06
8.26 -0.000229527
8.28 -0.000240809
8.3 3.73171e-05
8.32 0.000241352
8.34 0.000140351
8.36 -8.07957e-05
8.38 -0.000114238
8.4 7.89112e-05
8.42 0.000229278
8.44 0.000109803
8.46 -0.000191161
8.48 -0.00031501
8.5 -6.16569e-05
8.52 0.000237034
8.54 0.000171305
8.56 -8.92292e-05
8.58 -7.78254e-05
8.6 0.000243334
8.62 0.000428377
8.64 0.000175294
8.66 -0.000148874
8.68 2.15131e-06
8.7 0.000427667
8.72 0.000472718
8.74 7.37256e-05
8.76 -0.00017885
8.78 4.33526e-05
8.8 0.000330664
8.82 0.000174767
8.84 -0.000259319
8.86 -0.000425816
8.88 -0.000158859
8.9 0.000174891
8.92 0.000129192
8.94 -0.000162089
8.96 -0.000181019
8.98 7.09488e-05
9 0.000146024
9.02 -7.47914e-05
9.04 -0.000268504
9.06 -0.000152982
9.08 0.000138947
9.1 0.000179709
9.12 -0.000140863
9.14 -0.000359055
9.16 -0.000165771
9.18 6.00116e-05
9.2 -9.08675e-05
9.22 -0.000389151
9.24 -0.000363021
9.26 -3.13948e-05
9.28 0.000139236
9.3 -2.71862e-05
9.32 -0.000171801
9.34 -7.99321e-06
9.36 0.000247671
9.38 0.000210426
9.4 -9.95946e-05
9.42 -0.000245412
9.44 2.15813e-07
9.46 0.000280796
9.48 0.000138663
9.5 -0.000274255
9.52 -0.000360508
9.54 -4.61191e-06
9.56 0.000207859
9.58 -5.57819e-06
9.6 -0.000134058
9.62 0.00011724
9.64 0.000250594
9.66 -8.63508e-05
9.68 -0.000442745
9.7 -0.00032477
9.72 5.28794e-05
9.74 0.000200219
9.76 -5.04889e-05
9.78 -0.000429917
9.8 -0.000432194
9.82 -3.14164e-05
9.84 0.000190854
9.86 1.65169e-05
9.88 -0.000129286
9.9 4.61418e-05
9.92 0.000274003
9.94 0.000147083
9.96 -0.000196654
9.98 -0.000202102
10 0.000200621
10.02 0.000429397
10.04 0.000163273
10.06 -0.000166511
10.08 -0.000100124
10.1 0.00015161
10.12 0.000116995
10.14 -0.000209097
10.16 -0.000371465
10.18 -0.000122387
10.2 0.000166141
10.22 4.6838e-05
10.24 -0.000298229
10.26 -0.000348228
10.28 -4.16522e-05
10.3 0.000173857
10.32 4.37455e-05
10.34 -0.000159513
10.36 -9.64221e-05
10.38 0.000136643
10.4 0.000183579
10.42 3.88847e-06
10.44 -7.54664e-05
10.46 8.37714e-05
10.48 0.000225626
10.5 0.00014722
10.52 5.58525e-06
10.54 1.27639e-05
10.56 6.53736e-05
10.58 -5.70802e-06
10.6 -7.12249e-05
10.62 1.85991e-05
10.64 0.000128383
10.66 9.2864e-05
10.68 -3.13478e-05
10.7 -0.000104993
10.72 -7.55465e-05
10.74 4.47525e-08
10.76 4.64063e-06
10.78 -5.99496e-05
10.8 -3.5344e-05
10.82 0.000100612
10.84 0.000162309
10.86 4.70246e-05
10.88 -0.000130268
10.9 -0.000163912
10.92 -1.10504e-05
10.94 0.00010879
10.96 2.60646e-05
10.98 -0.000115001
11 -0.000103037
11.02 9.44061e-06
11.04 2.49234e-05
11.06 -6.86168e-05
11.08 -0.000100568
11.1 -3.42305e-06
11.12 0.00010743
11.14 0.000122458
11.16 7.01144e-05
11.18 4.99729e-05
11.2 9.26616e-05
11.22 0.000135241
11.24 9.68333e-05
11.26 -2.5204e-05
11.28 -0.000111778
11.3 -7.11576e-05
11.32 1.15972e-05
11.34 -1.5703e-06
11.36 -0.000103936
11.38 -0.000160905
11.4 -7.6592e-05
11.42 7.37288e-05
11.44 0.000103152
11.46 -2.42592e-05
11.48 -0.000115308
11.5 -4.00394e-05
11.52 7.54941e-05
11.54 6.71996e-05
11.56 -1.50492e-05
11.58 -8.44693e-06
11.6 0.000104044
11.62 0.000176969
11.64 0.000123787
11.66 3.56598e-05
11.68 3.44908e-05
11.7 8.98704e-05
11.72 8.55825e-05
11.74 1.40217e-05
11.76 -3.86511e-05
11.78 -4.79778e-05
11.8 -6.75421e-05
11.82 -0.000123467
11.84 -0.000160094
11.86 -0.000125417
11.88 -6.80636e-05
11.9 -4.39969e-05
11.92 -9.85505e-06
11.94 6.05327e-05
11.96 9.40038e-05
11.98 4.51755e-05
12 -2.186e-05
12.02 -1.96716e-05
12.04 4.58638e-05
12.06 7.76146e-05
12.08 2.97983e-05
12.1 -2.77848e-05
12.12 -3.04209e-05
12.14 1.64102e-05
12.16 7.42641e-05
12.18 8.58412e-05
12.2 3.23281e-05
12.22 -2.52495e-05
12.24 -3.92925e-05
12.26 -4.13956e-05
12.28 -7.29231e-05
12.3 -0.000119677
12.32 -0.000137949
12.34 -0.000115784
12.36 -8.30145e-05
12.38 -6.04172e-05
12.4 -3.57677e-05
12.42 1.0966e-06
12.44 3.54446e-05
12.46 4.50362e-05
12.48 3.46592e-05
12.5 4.06266e-05
12.52 7.35182e-05
12.54 9.00735e-05
12.56 6.18971e-05
12.58 3.36752e-05
12.6 5.70813e-05
12.62 0.000104992
12.64 0.000105158
12.66 3.24861e-05
12.68 -4.46133e-05
12.7 -4.39959e-05
12.72 5.03286e-06
12.74 5.70094e-06
12.76 -5.74681e-05
12.78 -0.000104006
12.8 -6.82621e-05
12.82 2.93206e-05
12.84 9.25616e-05
12.86 4.74774e-05
12.88 -4.64193e-05
12.9 -5.85571e-05
12.92 3.09551e-05
12.94 9.3896e-05
12.96 3.63153e-05
12.98 -5.52111e-05
13 -4.62499e-05
13.02 3.49898e-05
13.04 5.19489e-05
13.06 -1.41165e-05
13.08 -4.1912e-05
13.1 2.33524e-05
13.12 8.82761e-05
13.14 6.52455e-05
13.16 -3.83544e-06
13.18 -2.82183e-05
13.2 3.56451e-06
13.22 3.58735e-05
13.24 3.43812e-05
13.26 1.65775e-05
13.28 1.42781e-06
13.3 -2.38143e-05
13.32 -5.48755e-05
13.34 -5.50243e-05
13.36 -1.34e-05
13.38 3.35053e-05
13.4 3.8272e-05
13.42 -3.19177e-06
13.44 -3.02901e-05
13.46 -4.65935e-06
13.48 1.62359e-05
13.5 -1.8806e-05
13.52 -5.46932e-05
13.54 -2.68029e-05
13.56 2.14054e-05
13.58 8.27421e-06
13.6 -5.45478e-05
13.62 -7.76346e-05
13.64 -2.61889e-05
13.66 2.69551e-05
13.68 5.22541e-06
13.7 -6.00856e-05
13.72 -7.41386e-05
13.74 -1.47255e-05
13.76 4.48656e-05
13.78 4.68767e-05
13.8 1.96446e-05
13.82 1.85507e-05
13.84 4.2157e-05
13.86 3.96617e-05
13.88 -1.00431e-05
13.9 -5.41014e-05
13.92 -3.61837e-05
13.94 1.64901e-05
13.96 3.4855e-05
13.98 6.18781e-06
14 -1.82623e-05
14.02 1.13403e-05
14.04 8.47186e-05
14.06 0.000129322
14.08 0.000102154
14.1 4.87927e-05
14.12 1.09872e-05
14.14 -2.40472e-05
14.16 -4.54067e-05
14.18 -2.11101e-05
14.2 1.41803e-05
14.22 -1.38521e-05
14.24 -9.29921e-05
14.26 -0.000120511
14.28 -5.37648e-05
14.3 1.88061e-05
14.32 -1.25529e-06
14.34 -8.79817e-05
14.36 -0.000123986
14.38 -5.96763e-05
14.4 9.69897e-06
14.42 -2.11723e-05
14.44 -0.000106203
14.46 -0.000110256
14.48 -1.56263e-05
14.5 5.35681e-05
14.52 2.65921e-05
14.54 -2.03962e-05
14.56 3.79428e-07
14.58 4.92994e-05
14.6 3.55807e-05
14.62 -1.43949e-05
14.64 7.0959e-06
14.66 9.49602e-05
14.68 0.000116144
14.7 -4.36953e-06
14.72 -0.000155929
14.74 -0.00015684
14.76 -1.16478e-05
14.78 7.41434e-05
14.8 -2.46386e-05
14.82 -0.000169867
14.84 -0.000141414
14.86 3.23014e-05
14.88 8.81662e-05
14.9 -6.33129e-05
14.92 -0.00016305
14.94 -2.01736e-05
14.96 0.000154615
14.98 9.28577e-05
15 -9.81121e-05
15.02 -0.000120854
15.04 3.86051e-05
15.06 0.000107636
15.08 -2.61406e-05
15.1 -0.00014997
15.12 -6.59851e-05
15.14 0.000120728
15.16 0.000161923
15.18 2.1564e-05
15.2 -7.84105e-05
15.22 3.93689e-06
15.24 0.000113257
15.26 5.09434e-05
15.28 -0.000109433
15.3 -0.000149807
15.32 -4.04106e-05
15.34 3.94087e-05
15.36 -1.58186e-05
15.38 -9.19151e-05
15.4 -4.70519e-05
15.42 6.94805e-05
15.44 9.66291e-05
15.46 1.27561e-06
15.48 -8.31673e-05
15.5 -5.23423e-05
15.52 3.97253e-05
15.54 6.86159e-05
15.56 1.1972e-05
15.58 -2.0019e-05
15.6 4.13631e-05
15.62 0.000106574
15.64 6.57148e-05
15.66 -3.93392e-05
15.68 -6.94892e-05
15.7 1.48448e-05
15.72 9.73902e-05
15.74 7.84353e-05
15.76 1.14651e-05
15.78 3.42941e-06
15.8 5.80697e-05
15.82 8.23494e-05
15.84 2.38445e-05
15.86 -4.79694e-05
15.88 -3.71666e-05
15.9 3.5301e-05
15.92 6.42474e-05
15.94 2.27991e-05
15.96 -1.20095e-06
15.98 4.72789e-05
16 9.81834e-05
16.02 7.45842e-05
16.04 1.32942e-05
16.06 -3.335e-06
16.08 3.54465e-05
16.1 6.44578e-05
16.12 3.0343e-05
16.14 -3.46517e-05
16.16 -4.63388e-05
16.18 2.0352e-05
16.2 8.5408e-05
16.22 6.5634e-05
16.24 -5.78871e-06
16.26 -3.95591e-05
16.28 -2.03222e-05
16.3 1.24362e-05
16.32 3.52553e-05
16.34 3.38002e-05
16.36 1.18241e-06
16.38 -3.20967e-05
16.4 -2.65932e-05
16.42 -6.09258e-07
16.44 -7.88879e-06
16.46 -5.03589e-05
16.48 -7.78841e-05
16.5 -7.66727e-05
16.52 -9.1825e-05
16.54 -0.00013831
16.56 -0.000154576
16.58 -9.85295e-05
16.6 -3.40059e-05
16.62 -4.53249e-05
16.64 -0.00010973
16.66 -0.000129091
16.68 -3.65514e-05
16.7 0.00013726
16.72 0.000250504
16.74 0.000226947
16.76 0.000195992
16.78 0.000272558
16.8 0.000363812
16.82 0.000341098
16.84 0.000209109
16.86 1.83439e-05
16.88 -0.000112163
16.9 -2.16883e-05
16.92 0.00014759
16.94 7.55022e-05
16.96 -0.000171338
16.98 -0.000229534
17 -3.70659e-05
17.02 8.98933e-05
17.04 -4.24768e-05
17.06 -0.000237033
17.08 -0.000223388
17.1 -6.94323e-05
17.12 -7.42251e-05
17.14 -0.000278953
17.16 -0.000365875
17.18 -0.000157885
17.2 4.6641e-05
17.22 -7.84008e-05
17.24 -0.000318061
17.26 -0.000255978
17.28 1.64076e-05
17.3 7.1291e-05
17.32 -0.000136954
17.34 -0.000217644
17.36 3.03063e-05
17.38 0.000316094
17.4 0.00030492
17.42 0.000117561
17.44 0.000125549
17.46 0.000355269
17.48 0.000437738
17.5 0.00020835
17.52 -2.53872e-06
17.54 9.85351e-05
17.56 0.000261204
17.58 0.000113476
17.6 -0.000191058
17.62 -0.000244337
17.64 -5.02131e-05
17.66 3.12365e-05
17.68 -0.000136314
17.7 -0.000296206
17.72 -0.000234147
17.74 -9.39205e-05
17.76 -0.000107644
17.78 -0.000228562
17.8 -0.000242593
17.82 -0.000114459
17.84 1.20129e-06
17.86 8.66885e-06
17.88 -3.89193e-05
17.9 -4.09596e-05
17.92 2.73796e-05
17.94 9.68587e-05
17.96 0.000116554
17.98 0.000120426
18 0.00014354
18.02 0.000155803
18.04 0.000127406
18.06 9.00472e-05
18.08 6.57315e-05
18.1 7.76154e-06
18.12 -8.35303e-05
18.14 -0.000111139
18.16 -5.00926e-05
18.18 -8.70202e-06
18.2 -6.52872e-05
18.22 -0.000170067
18.24 -0.000234874
18.26 -0.000247226
18.28 -0.000254
18.3 -0.000263465
18.32 -0.000204601
18.34 -1.08704e-05
18.36 0.000202933
18.38 0.000226208
18.4 0.000116983
18.42 0.000139015
18.44 0.000325722
18.46 0.000446061
18.48 0.000316267
18.5 1.54182e-05
18.52 -0.000130431
18.54 5.16525e-05
18.56 0.000254658
18.58 0.000129248
18.6 -0.000171661
18.62 -0.000250396
18.64 -5.25958e-05
18.66 8.46814e-05
18.68 -6.17331e-05
18.7 -0.000287221
18.72 -0.000284317
18.74 -0.000104648
18.76 -6.56174e-05
18.78 -0.000256312
18.8 -0.000356265
18.82 -7.74764e-05
18.84 0.000308476
18.86 0.000316422
18.88 5.81196e-05
18.9 4.92251e-05
18.92 0.000348437
18.94 0.000520177
18.96 0.00034188
18.98 9.72551e-05
19 9.37217e-05
19.02 0.000222988
19.04 0.000205788
19.06 3.4215e-06
19.08 -0.000165159
19.1 -0.000114752
19.12 3.90684e-05
19.14 1.95855e-05
19.16 -0.000181127
19.18 -0.000267547
19.2 -0.00012982
19.22 -4.11965e-05
19.24 -0.000199168
19.26 -0.000367348
19.28 -0.000241012
19.3 2.61849e-05
19.32 5.99723e-05
19.34 -0.000136004
19.36 -0.00023125
19.38 -8.70582e-05
19.4 7.44864e-05
19.42 3.0519e-05
19.44 -9.75363e-05
19.46 -3.3113e-05
19.48 0.00019841
19.5 0.000285325
19.52 0.000114549
19.54 -5.17032e-05
19.56 2.88485e-05
19.58 0.000216838
19.6 0.000187391
19.62 -5.6406e-05
19.64 -0.000122374
19.66 0.000126774
19.68 0.000264867
19.7 -3.69422e-06
19.72 -0.000319303
19.74 -0.000231136
19.76 0.000108763
19.78 0.000190369
19.8 -0.000111627
19.82 -0.000360976
19.84 -0.000197178
19.86 0.00013763
19.88 0.000201023
19.9 -1.46991e-06
19.92 -9.99272e-05
19.94 7.62249e-05
19.96 0.000263589
19.98 0.000165867
20 -7.31448e-05
20.02 -8.46302e-05
20.04 0.000145644
20.06 0.000268901
20.08 8.77758e-05
20.1 -0.000211564
20.12 -0.000316609
20.14 -0.0001567
20.16 5.37909e-05
20.18 0.000114211
20.2 2.57896e-06
20.22 -0.000154827
20.24 -0.000174267
20.26 -2.8255e-05
20.28 6.67471e-05
20.3 -4.98006e-05
20.32 -0.000175679
20.34 -5.75418e-05
20.36 0.00012886
20.38 9.15352e-05
20.4 -5.05575e-05
20.42 -9.06029e-06
20.44 0.000193669
20.46 0.000289612
20.48 0.000168142
20.5 -1.25631e-05
20.52 -5.85974e-05
20.54 8.76914e-06
20.56 -1.18854e-06
20.58 -4.40256e-05
20.6 6.25899e-05
20.62 0.000120819
20.64 -0.000101269
20.66 -0.000342771
20.68 -0.000312859
20.7 -8.57519e-05
20.72 0.000125398
20.74 0.00010627
20.76 -0.000140396
20.78 -0.000246527
20.8 -2.70621e-05
20.82 0.000147128
20.84 -3.04452e-05
20.86 -0.000253331
20.88 -8.47617e-05
20.9 0.000302631
20.92 0.000370293
20.94 7.89151e-05
20.96 -7.39727e-05
20.98 0.000157917
21 0.000386652
21.02 0.000166785
21.04 -0.000237497
21.06 -0.000210893
21.08 0.000202564
21.1 0.000353367
21.12 -1.33996e-05
21.14 -0.000380697
21.16 -0.000215629
21.18 0.000227101
21.2 0.00025219
21.22 -0.000208139
21.24 -0.000481689
21.26 -0.00020451
21.28 0.000151287
21.3 4.54707e-05
21.32 -0.000302059
21.34 -0.000258634
21.36 0.000212059
21.38 0.000450448
21.4 0.000172036
21.42 -0.000125966
21.44 -6.76318e-05
21.46 0.000158646
21.48 0.000246278
21.5 7.3656e-05
21.52 -0.000183394
21.54 -0.000224165
21.56 -8.73979e-05
21.58 -7.53735e-05
21.6 -0.000203365
21.62 -0.000189816
21.64 -1.2843e-06
21.66 7.35397e-05
21.68 -7.01339e-05
21.7 -0.000162232
21.72 1.53407e-05
21.74 0.000240268
21.76 0.000144221
21.78 -0.000186807
21.8 -0.000271121
21.82 2.363e-05
21.84 0.00023284
21.86 2.44275e-05
21.88 -0.000267278
21.9 -0.000180537
21.92 0.000158815
21.94 0.000261625
21.96 1.946e-05
21.98 -0.00016236
22 4.35948e-06
22.02 0.000266762
22.04 0.000243273
22.06 -1.51869e-05
22.08 -0.000161177
22.1 -6.02583e-05
22.12 7.32085e-05
22.14 1.64144e-05
22.16 -0.000135413
22.18 -0.000133769
22.2 1.81275e-05
22.22 8.47e-05
22.24 -1.5595e-05
22.26 -0.000107557
22.28 -4.72101e-05
22.3 7.34683e-05
22.32 8.45612e-05
22.34 3.9409e-06
22.36 -9.64579e-06
22.38 8.24249e-05
22.4 0.000152002
22.42 0.000108701
22.44 2.48065e-05
22.46 2.07452e-05
22.48 9.4283e-05
22.5 0.000117255
22.52 2.12196e-05
22.54 -8.26457e-05
22.56 -6.46078e-05
22.58 2.61992e-05
22.6 4.45044e-05
22.62 -3.35593e-05
22.64 -8.89876e-05
22.66 -4.54969e-05
22.68 2.01808e-05
22.7 7.70935e-07
22.72 -7.5572e-05
22.74 -9.14996e-05
22.76 -2.97269e-05
22.78 3.08505e-07
22.8 -5.42768e-05
22.82 -9.95018e-05
22.84 -4.42202e-05
22.86 4.78966e-05
22.88 5.28053e-05
22.9 -2.22598e-05
22.92 -5.54588e-05
22.94 6.89041e-06
22.96 7.87229e-05
22.98 6.60519e-05
23 -7.81385e-07
23.02 -2.58635e-05
23.04 8.02435e-06
23.06 2.55714e-05
23.08 -1.99653e-05
23.1 -7.30038e-05
23.12 -5.49078e-05
23.14 1.15773e-05
23.16 2.5027e-05
23.18 -3.54278e-05
23.2 -6.50827e-05
23.22 3.07008e-06
23.24 8.37296e-05
23.26 7.16748e-05
23.28 7.67484e-06
23.3 2.2341e-06
23.32 5.59615e-05
23.34 7.13407e-05
23.36 1.34571e-05
23.38 -4.38756e-05
23.4 -4.61283e-05
23.42 -3.55595e-05
23.44 -5.58864e-05
23.46 -7.01399e-05
23.48 -3.35727e-05
23.5 1.19791e-05
23.52 -2.69701e-06
23.54 -5.16898e-05
23.56 -4.65287e-05
23.58 2.38566e-05
23.6 7.21133e-05
23.62 4.09163e-05
23.64 -1.36497e-05
23.66 -1.04559e-05
23.68 4.07274e-05
23.7 7.07905e-05
23.72 4.84995e-05
23.74 6.17851e-06
23.76 -7.29463e-06
23.78 1.19943e-05
23.8 2.38215e-05
23.82 9.74059e-06
23.84 -7.13248e-06
23.86 -1.36312e-05
23.88 -2.28017e-05
23.9 -3.38681e-05
23.92 -2.31506e-05
23.94 3.80045e-06
23.96 -1.48149e-06
23.98 -4.52559e-05
24 -6.12125e-05
24.02 -4.09521e-06
24.04 8.12323e-05
24.06 9.83674e-05
24.08 2.59192e-05
24.1 -3.86946e-05
24.12 -2.5543e-05
24.14 1.75346e-05
24.16 2.70949e-05
24.18 5.61172e-06
24.2 -2.07482e-05
24.22 -3.40279e-05
24.24 -2.37583e-05
24.26 9.16451e-07
24.28 2.38849e-05
24.3 3.3876e-05
24.32 1.99225e-05
24.34 -1.86257e-05
24.36 -5.59619e-05
24.38 -5.60868e-05
24.4 -2.33282e-05
24.42 1.09109e-07
24.44 -7.67195e-07
24.46 -3.35944e-07
24.48 9.92567e-06
24.5 6.74408e-06
24.52 -1.33381e-05
24.54 -2.32029e-05
24.56 -7.15849e-06
24.58 1.94826e-05
24.6 2.80098e-05
24.62 1.12639e-05
24.64 -5.87288e-07
24.66 1.86615e-05
24.68 4.36716e-05
24.7 2.68415e-05
24.72 -2.5655e-05
24.74 -4.7761e-05
24.76 -8.67345e-06
24.78 4.01881e-05
24.8 4.4148e-05
24.82 1.54394e-05
24.84 6.97688e-06
24.86 3.64601e-05
24.88 5.80717e-05
24.9 3.44331e-05
24.92 2.38536e-06
24.94 1.31661e-05
24.96 4.73031e-05
24.98 4.9434e-05
25 1.58135e-05
25.02 -3.88956e-06
25.04 1.67094e-05
25.06 4.37526e-05
25.08 3.43749e-05
25.1 -1.79365e-06
25.12 -1.36292e-05
25.14 1.82672e-05
25.16 4.68109e-05
25.18 2.68372e-05
25.2 -1.52188e-05
25.22 -2.5132e-05
25.24 -2.00115e-06
25.26 5.86879e-06
25.28 -2.57663e-05
25.3 -6.26317e-05
25.32 -6.3094e-05
25.34 -2.91387e-05
25.36 5.09288e-06
25.38 9.12197e-06
25.4 -1.45521e-05
25.42 -2.97766e-05
25.44 -1.37457e-05
25.46 7.62577e-06
25.48 -1.30466e-06
25.5 -2.9686e-05
25.52 -3.32338e-05
25.54 -1.52609e-06
25.56 2.4613e-05
25.58 1.6264e-05
25.6 -1.76472e-06
25.62 8.05562e-06
25.64 3.68099e-05
25.66 4.22776e-05
25.68 1.29161e-05
25.7 -1.47095e-05
25.72 -6.33567e-06
25.74 1.89686e-05
25.76 1.30501e-05
25.78 -2.3859e-05
25.8 -3.96043e-05
25.82 -1.42941e-05
25.84 1.21061e-05
25.86 7.71526e-06
25.88 -1.05996e-05
25.9 -1.59719e-05
25.92 -9.8848e-06
25.94 -8.60164e-06
25.96 -1.43873e-05
25.98 -1.89347e-05
26 -2.20843e-05
26.02 -2.87234e-05
26.04 -3.63854e-05
26.06 -3.43019e-05
26.08 -1.72069e-05
26.1 -2.40651e-06
26.12 -1.3606e-05
26.14 -3.95613e-05
26.16 -4.20437e-05
26.18 -1.37076e-05
26.2 9.42535e-06
26.22 1.4547e-06
26.24 -1.88463e-05
26.26 -1.73718e-05
26.28 6.63286e-06
26.3 1.80641e-05
26.32 -8.35745e-09
26.34 -1.85595e-05
26.36 -1.20372e-05
26.38 1.6215e-06
26.4 -4.45269e-06
26.42 -2.31002e-05
26.44 -2.79156e-05
26.46 -1.26804e-05
26.48 6.62095e-06
26.5 1.4509e-05
26.52 6.03929e-06
26.54 -9.11497e-06
26.56 -1.21183e-05
26.58 6.00791e-06
26.6 3.24337e-05
26.62 4.17886e-05
26.64 2.461e-05
26.66 1.64092e-06
26.68 -8.49548e-07
26.7 1.57291e-05
26.72 2.25041e-05
26.74 4.26148e-06
26.76 -1.61762e-05
26.78 -1.56783e-05
26.8 -3.09528e-06
26.82 -6.47403e-07
26.84 -1.4824e-05
26.86 -2.75861e-05
26.88 -2.28877e-05
26.9 -1.24027e-05
26.92 -1.10528e-05
26.94 -1.05432e-05
26.96 1.1075e-06
26.98 1.26998e-05
27 3.63828e-06
27.02 -1.51927e-05
27.04 -1.02159e-05
27.06 1.54034e-05
27.08 1.9748e-05
27.1 -9.4899e-06
27.12 -2.99583e-05
27.14 -8.08254e-06
27.16 2.57289e-05
27.18 2.01559e-05
27.2 -1.90473e-05
27.22 -3.67702e-05
27.24 -1.04621e-05
27.26 1.76884e-05
27.28 7.289e-06
27.3 -2.06539e-05
27.32 -2.04596e-05
27.34 1.04184e-05
27.36 3.11225e-05
27.38 1.89464e-05
27.4 -1.66116e-06
27.42 -4.51868e-07
27.44 2.00762e-05
27.46 3.2677e-05
27.48 1.92824e-05
27.5 -4.56018e-06
27.52 -1.31421e-05
27.54 -9.66008e-06
27.56 -1.43716e-05
27.58 -2.93132e-05
27.6 -3.72765e-05
27.62 -3.05141e-05
27.64 -2.48274e-05
27.66 -3.20769e-05
27.68 -3.84326e-05
27.7 -2.78305e-05
27.72 -5.81504e-06
27.74 1.21079e-05
27.76 2.13935e-05
27.78 2.72796e-05
27.8 3.1842e-05
27.82 3.30402e-05
27.84 3.10125e-05
27.86 2.67451e-05
27.88 1.79718e-05
27.9 5.86611e-06
27.92 -1.93648e-06
27.94 -2.30719e-06
27.96 1.2506e-06
27.98 3.78861e-06
28 3.69401e-07
28.02 -5.13427e-06
28.04 -3.92994e-06
28.06 -4.43021e-07
28.08 -5.01251e-06
28.1 -1.57964e-05
28.12 -1.72495e-05
28.14 -1.67678e-06
28.16 9.36375e-06
28.18 -2.70416e-06
28.2 -1.38529e-05
28.22 3.404e-06
28.24 3.13966e-05
28.26 3.91231e-05
28.28 3.0143e-05
28.3 3.00454e-05
28.32 4.50068e-05
28.34 5.20634e-05
28.36 1.56674e-05
28.38 -5.94616e-05
28.4 -9.62947e-05
28.42 -3.9912e-05
28.44 4.1982e-05
28.46 3.36826e-05
28.48 -5.35585e-05
28.5 -8.4251e-05
28.52 -5.31475e-06
28.54 7.49737e-05
28.56 5.52756e-05
28.58 -1.70665e-05
28.6 -3.49963e-05
28.62 5.99696e-06
28.64 2.63239e-05
28.66 4.31782e-06
28.68 -4.58395e-06
28.7 2.45081e-05
28.72 4.53195e-05
28.74 1.40042e-05
28.76 -4.31664e-05
28.78 -5.55399e-05
28.8 -4.4324e-08
28.82 5.22022e-05
28.84 2.41911e-05
28.86 -4.38864e-05
28.88 -4.44913e-05
28.9 2.86229e-05
28.92 7.16135e-05
28.94 3.45035e-05
28.96 -1.29596e-05
28.98 -2.89293e-06
29 2.83594e-05
29.02 1.57203e-05
29.04 -1.6475e-05
29.06 -1.45417e-06
29.08 4.32558e-05
29.1 3.99012e-05
29.12 -1.82272e-05
29.14 -5.31338e-05
29.16 -2.31037e-05
29.18 1.67861e-05
29.2 4.01625e-06
29.22 -3.67175e-05
29.24 -4.17867e-05
29.26 -1.00549e-05
29.28 8.50188e-06
29.3 -4.49328e-06
29.32 -2.1298e-05
29.34 -1.89201e-05
29.36 -5.00784e-06
29.38 4.66841e-06
29.4 8.43308e-06
29.42 9.62153e-06
29.44 6.6774e-06
29.46 9.38492e-07
29.48 -7.83882e-08
29.5 5.16195e-06
29.52 7.90406e-06
29.54 -4.29607e-08
29.56 -1.91011e-05
29.58 -3.61302e-05
29.6 -3.04525e-05
29.62 -4.25172e-06
29.64 7.22167e-06
29.66 -1.57347e-05
29.68 -4.01337e-05
29.7 -3.01585e-05
29.72 -3.13056e-06
29.74 5.32215e-07
29.76 -1.9919e-05
29.78 -2.52867e-05
29.8 -9.71361e-07
29.82 1.93816e-05
29.84 1.17754e-05
29.86 -2.23689e-06
29.88 4.35603e-06
29.9 2.28343e-05
29.92 2.9106e-05
29.94 2.06246e-05
29.96 1.23965e-05
29.98 9.78237e-06
30 1.45124e-06
30.02 -1.78017e-05
30.04 -3.20625e-05
30.06 -2.73055e-05
30.08 -1.72081e-05
30.1 -2.06891e-05
30.12 -2.69737e-05
30.14 -1.33182e-05
30.16 1.39058e-05
30.18 2.54602e-05
30.2 1.33439e-05
30.22 1.01951e-07
30.24 4.24798e-06
30.26 1.93462e-05
30.28 2.79497e-05
30.3 2.5135e-05
30.32 2.23656e-05
30.34 2.43738e-05
30.36 2.13809e-05
30.38 1.06671e-05
30.4 1.01331e-06
30.42 -2.71618e-06
30.44 -8.81072e-06
30.46 -2.59829e-05
30.48 -4.24763e-05
30.5 -3.69589e-05
30.52 -1.05699e-05
30.54 8.0093e-06
30.56 -6.62429e-07
30.58 -1.67454e-05
30.6 -9.43285e-06
30.62 1.72011e-05
30.64 3.25559e-05
30.66 2.46496e-05
30.68 1.26423e-05
30.7 1.66669e-05
30.72 2.94752e-05
30.74 2.38149e-05
30.76 -3.73197e-06
30.78 -1.76801e-05
30.8 -3.83245e-07
30.82 1.57723e-05
30.84 4.24062e-06
30.86 -1.44249e-05
30.88 -9.28782e-06
30.9 1.73413e-05
30.92 3.64278e-05
30.94 2.87318e-05
30.96 7.08872e-06
30.98 -6.39981e-07
31 8.44999e-06
31.02 9.32646e-06
31.04 -6.69364e-06
31.06 -1.78491e-05
31.08 -1.27163e-05
31.1 -7.1987e-06
31.12 -9.88854e-06
31.14 -6.83524e-06
31.16 8.33198e-06
31.18 1.86113e-05
31.2 1.05195e-05
31.22 -3.38825e-06
31.24 -2.00769e-06
31.26 1.43762e-05
31.28 2.24502e-05
31.3 8.78719e-06
31.32 -7.30513e-06
31.34 -1.16555e-06
31.36 1.88954e-05
31.38 2.20994e-05
31.4 4.17054e-06
31.42 -3.04727e-06
31.44 1.33491e-05
31.46 2.41876e-05
31.48 9.85261e-06
31.5 -1.07035e-05
31.52 -1.4739e-05
31.54 -5.73982e-06
31.56 -1.98024e-06
31.58 -1.037e-05
31.6 -1.83834e-05
31.62 -1.2938e-05
31.64 -2.71885e-06
31.66 -6.65426e-06
31.68 -2.19761e-05
31.7 -2.76768e-05
31.72 -1.76379e-05
31.74 -7.27194e-06
31.76 -8.80573e-06
31.78 -1.55417e-05
31.8 -1.39105e-05
31.82 -5.19252e-06
31.84 -2.81888e-06
31.86 -6.34944e-06
31.88 -1.36448e-06
31.9 1.14961e-05
31.92 1.45821e-05
31.94 3.73523e-06
31.96 -1.96803e-06
31.98 9.83245e-06
32 2.2419e-05
32.02 1.41506e-05
32.04 -7.95262e-06
32.06 -1.75989e-05
32.08 -7.62915e-06
32.1 1.57505e-06
32.12 -6.44383e-06
32.14 -2.25323e-05
32.16 -2.56368e-05
32.18 -1.16127e-05
32.2 -1.23441e-07
32.22 -7.07403e-06
32.24 -2.11468e-05
32.26 -2.12373e-05
32.28 -7.90767e-06
32.3 -1.46033e-06
32.32 -1.18977e-05
32.34 -2.53286e-05
32.36 -2.35681e-05
32.38 -1.05452e-05
32.4 -7.4635e-06
32.42 -1.88779e-05
32.44 -2.54043e-05
32.46 -1.53708e-05
32.48 -1.25819e-06
32.5 -1.55451e-06
32.52 -1.61314e-05
32.54 -2.33372e-05
32.56 -8.60169e-06
32.58 1.03753e-05
32.6 7.27e-06
32.62 -1.02312e-05
32.64 -9.93951e-06
32.66 1.37652e-05
32.68 2.94541e-05
32.7 1.64602e-05
32.72 -5.03991e-06
32.74 -6.91845e-06
32.76 3.22216e-06
32.78 -1.91773e-06
32.8 -2.01653e-05
32.82 -2.39797e-05
32.84 -5.34459e-06
32.86 1.33682e-05
32.88 1.39517e-05
32.9 8.9526e-06
32.92 1.69161e-05
32.94 2.88075e-05
32.96 2.42163e-05
32.98 6.83792e-06
33 -2.24466e-06
33.02 2.11391e-06
33.04 5.26229e-06
33.06 -1.16158e-06
33.08 -8.07525e-06
33.1 -6.74584e-06
33.12 -3.14648e-06
33.14 -5.57165e-06
33.16 -9.10334e-06
33.18 -6.40131e-06
33.2 -2.29376e-07
33.22 4.03631e-06
33.24 4.17524e-06
33.26 1.21251e-06
33.28 -2.14705e-06
33.3 -6.41861e-06
33.32 -1.04501e-05
33.34 -5.51849e-06
33.36 1.02103e-05
33.38 2.02329e-05
33.4 1.00736e-05
33.42 -8.47662e-06
33.44 -9.96587e-06
33.46 8.18097e-06
33.48 1.78062e-05
33.5 8.15136e-07
33.52 -2.03244e-05
33.54 -1.72654e-05
33.56 1.96803e-06
33.58 1.12287e-05
33.6 4.4421e-06
33.62 -3.662e-06
33.64 -2.61393e-06
33.66 1.89271e-07
33.68 -7.24085e-06
33.7 -1.97865e-05
33.72 -1.98205e-05
33.74 -7.28109e-06
33.76 -1.84338e-06
33.78 -7.1743e-06
33.8 -3.75526e-06
33.82 1.39811e-05
33.84 2.46782e-05
33.86 1.62666e-05
33.88 5.83141e-06
33.9 1.14741e-05
33.92 2.54455e-05
33.94 2.68487e-05
33.96 1.33705e-05
33.98 6.21663e-06
34 1.70905e-05
34.02 2.70061e-05
34.04 1.63297e-05
34.06 -1.76288e-06
34.08 -4.57099e-06
34.1 3.00217e-06
34.12 3.20083e-06
34.14 -5.81128e-06
34.16 -1.25866e-05
34.18 -9.25715e-06
34.2 -8.72081e-07
34.22 1.82613e-06
34.24 -3.96233e-06
34.26 -1.0371e-05
34.28 -8.70637e-06
34.3 3.20739e-07
34.32 6.24136e-06
34.34 1.15839e-06
34.36 -6.62856e-06
34.38 1.29585e-07
34.4 2.01283e-05
34.42 2.998e-05
34.44 1.97676e-05
34.46 8.28104e-06
34.48 1.19597e-05
34.5 1.87989e-05
34.52 8.97528e-06
34.54 -1.17659e-05
34.56 -2.00004e-05
34.58 -8.59304e-06
34.6 5.6362e-06
34.62 7.66216e-06
34.64 1.56976e-06
34.66 -1.34962e-06
34.68 5.448e-07
34.7 5.32232e-09
34.72 -6.38582e-06
34.74 -1.32873e-05
34.76 -1.4918e-05
34.78 -1.10557e-05
34.8 -4.94668e-06
34.82 -1.1271e-06
34.84 2.30682e-07
34.86 4.61111e-06
34.88 1.0413e-05
34.9 9.79274e-06
34.92 6.38335e-06
34.94 1.06569e-05
34.96 2.05318e-05
34.98 2.40235e-05
35 1.53197e-05
35.02 2.50957e-06
35.04 -5.81557e-07
35.06 5.56653e-06
35.08 4.40552e-06
35.1 -9.86038e-06
35.12 -2.09574e-05
35.14 -1.83635e-05
35.16 -1.48823e-05
35.18 -2.13645e-05
35.2 -2.67982e-05
35.22 -1.67837e-05
35.24 1.63793e-06
35.26 7.43814e-06
35.28 -4.08823e-06
35.3 -1.33624e-05
35.32 -3.64895e-06
35.34 1.21757e-05
35.36 8.50059e-06
35.38 -9.68327e-06
35.4 -1.11298e-05
35.42 1.09404e-05
35.44 2.74353e-05
35.46 1.67833e-05
35.48 -4.5036e-06
35.5 -6.74839e-06
35.52 6.68565e-06
35.54 6.29301e-06
35.56 -1.2783e-05
35.58 -2.57166e-05
35.6 -2.16186e-05
35.62 -1.60082e-05
35.64 -1.99279e-05
35.66 -2.34968e-05
35.68 -1.62385e-05
35.7 -6.54513e-06
35.72 -5.95515e-06
35.74 -1.07178e-05
35.76 -1.36798e-05
35.78 -1.02828e-05
35.8 5.16677e-06
35.82 2.12195e-05
35.84 1.263e-05
35.86 -1.2922e-05
35.88 -1.81314e-05
35.9 -3.14241e-07
35.92 5.43244e-06
35.94 -5.56275e-06
35.96 2.4365e-06
35.98 3.09522e-05
36 3.05478e-05
36.02 -8.92943e-06
36.04 -2.84721e-05
36.06 1.4021e-06
36.08 3.34445e-05
36.1 2.70242e-05
36.12 5.54663e-06
36.14 1.03294e-06
36.16 2.70285e-06
36.18 -4.97171e-07
36.2 7.82869e-06
36.22 2.49764e-05
36.24 2.44962e-05
36.26 1.21767e-06
36.28 -2.45275e-05
36.3 -3.30595e-05
36.32 -2.52936e-05
36.34 -2.06916e-05
36.36 -2.52895e-05
36.38 -2.32439e-05
36.4 -7.87759e-06
36.42 9.6143e-06
36.44 1.68355e-05
36.46 5.88052e-06
36.48 -1.27106e-05
36.5 -1.25208e-06
36.52 5.0922e-05
36.54 8.52003e-05
36.56 5.16527e-05
36.58 -3.52028e-06
36.6 -1.33924e-06
36.62 4.48176e-05
36.64 4.63155e-05
36.66 -1.24998e-05
36.68 -4.46191e-05
36.7 -1.63733e-05
36.72 -2.29896e-06
36.74 -3.5056e-05
36.76 -3.91785e-05
36.78 1.88781e-05
36.8 4.40749e-05
36.82 -2.34404e-05
36.84 -8.20191e-05
36.86 -3.33849e-05
36.88 4.43554e-05
36.9 1.9525e-05
36.92 -7.80041e-05
36.94 -0.00010171
36.96 -1.35826e-05
36.98 7.68236e-05
37 6.92837e-05
37.02 -1.112e-05
37.04 -4.39135e-05
37.06 3.15796e-05
37.08 0.000115236
37.1 7.84606e-05
37.12 -3.25393e-05
37.14 -6.17966e-05
37.16 1.26595e-05
37.18 5.48289e-05
37.2 -9.38793e-06
37.22 -9.22048e-05
37.24 -9.77066e-05
37.26 -4.31073e-05
37.28 6.30228e-06
37.3 1.58546e-05
37.32 -9.34878e-06
37.34 -3.58732e-05
37.36 -3.59306e-05
37.38 -1.79997e-05
37.4 -9.40949e-06
37.42 -1.37769e-05
37.44 -9.64623e-06
37.46 8.89174e-06
37.48 2.52134e-05
37.5 2.72122e-05
37.52 1.77783e-05
37.54 1.00675e-05
37.56 2.08363e-05
37.58 4.91638e-05
37.6 6.17075e-05
37.62 3.28564e-05
37.64 -1.27504e-05
37.66 -3.16112e-05
37.68 -1.10163e-05
37.7 2.33914e-05
37.72 2.88032e-05
37.74 -5.65476e-06
37.76 -3.39267e-05
37.78 -1.44923e-05
37.8 2.39325e-05
37.82 1.50852e-05
37.84 -4.97467e-05
37.86 -9.27498e-05
37.88 -5.52343e-05
37.9 7.61928e-06
37.92 1.33201e-05
37.94 -2.18724e-05
37.96 -2.83467e-05
37.98 2.75388e-06
38 2.31335e-05
38.02 9.74942e-06
38.04 -9.292e-06
38.06 -2.88251e-06
38.08 1.71521e-05
38.1 1.72426e-05
38.12 -1.80981e-06
38.14 -1.08601e-05
38.16 8.57024e-07
38.18 1.81334e-05
38.2 2.43593e-05
38.22 2.29949e-05
38.24 2.46713e-05
38.26 2.06543e-05
38.28 -2.09679e-06
38.3 -3.07283e-05
38.32 -3.70723e-05
38.34 -1.49775e-05
38.36 6.80452e-06
38.38 -1.05612e-06
38.4 -2.34465e-05
38.42 -1.83745e-05
38.44 1.86802e-05
38.46 4.52716e-05
38.48 2.97367e-05
38.5 -7.38935e-06
38.52 -2.21585e-05
38.54 -6.9327e-06
38.56 4.64394e-06
38.58 -1.02703e-05
38.6 -3.47205e-05
38.62 -3.864e-05
38.64 -1.96807e-05
38.66 -4.19597e-06
38.68 -7.73219e-06
38.7 -1.60392e-05
38.72 -1.08331e-05
38.74 5.74986e-06
38.76 1.78331e-05
38.78 1.68258e-05
38.8 1.0009e-05
38.82 7.53647e-06
38.84 6.57822e-06
38.86 -3.21834e-06
38.88 -1.90367e-05
38.9 -2.41101e-05
38.92 -1.52686e-05
38.94 -1.05056e-05
38.96 -1.72939e-05
38.98 -1.74104e-05
39 2.61048e-06
39.02 2.67636e-05
39.04 3.28138e-05
39.06 2.60763e-05
39.08 2.99356e-05
39.1 4.79312e-05
39.12 5.40919e-05
39.14 2.79259e-05
39.16 -1.20957e-05
39.18 -2.73398e-05
39.2 -1.00601e-05
39.22 6.59473e-06
39.24 -3.41514e-06
39.26 -2.29348e-05
39.28 -1.97244e-05
39.3 3.38355e-06
39.32 1.24235e-05
39.34 -5.10328e-06
39.36 -2.30838e-05
39.38 -1.96424e-05
39.4 -6.10305e-06
39.42 -2.34219e-06
39.44 -8.93221e-06
39.46 -1.36077e-05
39.48 -9.5244e-06
39.5 -4.61642e-07
39.52 6.99074e-06
39.54 9.91661e-06
39.56 8.38306e-06
39.58 4.38303e-06
39.6 3.36472e-06
39.62 1.20601e-05
39.64 2.74384e-05
39.66 3.50433e-05
39.68 2.76433e-05
39.7 1.73489e-05
39.72 1.75673e-05
39.74 1.99286e-05
39.76 8.59708e-06
39.78 -9.38626e-06
39.8 -1.44214e-05
39.82 -6.2129e-06
39.84 -1.18942e-06
39.86 -7.35484e-06
39.88 -1.55697e-05
39.9 -1.42966e-05
39.92 -5.4336e-06
39.94 1.28572e-06
39.96 2.34684e-06
39.98 -1.81774e-07
40 -3.80307e-06
40.02 -4.99699e-06
40.04 -2.17723e-06
40.06 1.08775e-06
40.08 -1.06196e-06
40.1 -6.1971e-06
40.12 -2.15404e-06
40.14 1.08975e-05
40.16 1.51854e-05
40.18 5.45337e-06
40.2 -2.49562e-06
40.22 -5.89234e-07
40.24 1.57735e-06
40.26 -4.63255e-06
40.28 -1.4764e-05
40.3 -1.75846e-05
40.32 -1.06232e-05
40.34 -4.18679e-06
40.36 -6.06136e-06
40.38 -1.07122e-05
40.4 -7.36843e-06
40.42 6.73702e-06
40.44 2.0659e-05
40.46 2.27684e-05
40.48 1.69384e-05
40.5 1.46887e-05
40.52 1.78422e-05
40.54 1.53548e-05
40.56 2.32851e-07
40.58 -1.14667e-05
40.6 -1.01776e-06
40.62 1.63104e-05
40.64 9.44645e-06
40.66 -2.16403e-05
40.68 -4.33277e-05
40.7 -3.22664e-05
40.72 -8.56585e-06
40.74 -8.1703e-06
40.76 -3.14244e-05
40.78 -4.51297e-05
40.8 -3.01384e-05
40.82 -2.45635e-06
40.84 1.16728e-05
40.86 8.17976e-06
40.88 4.52227e-06
40.9 7.86651e-06
40.92 8.4175e-06
40.94 5.34684e-06
40.96 7.69591e-06
40.98 1.47449e-05
41 1.86483e-05
41.02 1.55305e-05
41.04 6.96921e-06
41.06 1.11938e-06
41.08 3.4149e-06
41.1 7.01702e-06
41.12 4.86513e-06
41.14 -9.88943e-07
41.16 -5.77734e-06
41.18 -9.18624e-06
41.2 -1.42899e-05
41.22 -2.05101e-05
41.24 -2.22984e-05
41.26 -1.69025e-05
41.28 -1.14531e-05
41.3 -1.41005e-05
41.32 -1.85477e-05
41.34 -1.32478e-05
41.36 -1.74378e-06
41.38 3.52703e-06
41.4 4.34631e-07
41.42 -4.62402e-07
41.44 9.3796e-06
41.46 2.31497e-05
41.48 2.64519e-05
41.5 1.72748e-05
41.52 9.40557e-06
41.54 1.34806e-05
41.56 2.27023e-05
41.58 2.22162e-05
41.6 8.5302e-06
41.62 -4.83589e-06
41.64 -5.03338e-06
41.66 2.4195e-06
41.68 3.14785e-06
41.7 -5.45894e-06
41.72 -1.41497e-05
41.74 -1.78106e-05
41.76 -1.96514e-05
41.78 -2.14513e-05
41.8 -2.14051e-05
41.82 -1.74135e-05
41.84 -7.8165e-06
41.86 4.19335e-06
41.88 1.06555e-05
41.9 9.57954e-06
41.92 9.55344e-06
41.94 1.66618e-05
41.96 2.43893e-05
41.98 2.36023e-05
42 1.51154e-05
42.02 7.22251e-06
42.04 3.84484e-06
42.06 4.74766e-07
42.08 -6.03406e-06
42.1 -9.68287e-06
42.12 -4.43878e-06
42.14 4.43588e-06
42.16 6.84227e-06
42.18 8.7751e-07
42.2 -5.56371e-06
42.22 -4.95305e-06
42.24 -5.61855e-07
42.26 -1.58929e-06
42.28 -9.65218e-06
42.3 -1.70993e-05
42.32 -1.81147e-05
42.34 -1.46561e-05
42.36 -9.78168e-06
42.38 -5.38019e-06
42.4 -3.13264e-06
42.42 -3.92515e-08
42.44 5.68989e-06
42.46 8.76926e-06
42.48 6.43061e-06
42.5 2.96193e-06
42.52 3.89458e-06
42.54 9.30372e-06
42.56 1.29295e-05
42.58 1.03822e-05
42.6 5.44761e-06
42.62 5.41076e-06
42.64 1.00084e-05
42.66 1.06495e-05
42.68 4.42455e-06
42.7 -6.05965e-08
42.72 4.05857e-06
42.74 1.0215e-05
42.76 6.36922e-06
42.78 -6.15208e-06
42.8 -1.05961e-05
42.82 -3.76236e-07
42.84 6.12047e-06
42.86 -6.07297e-06
42.88 -2.25776e-05
42.9 -2.16983e-05
42.92 -6.65736e-06
42.94 1.19272e-07
42.96 -1.13517e-05
42.98 -2.46002e-05
43 -1.93006e-05
43.02 3.51543e-07
43.04 1.14798e-05
43.06 4.63945e-06
43.08 -5.09616e-06
43.1 -1.32256e-06
43.12 1.19866e-05
43.14 1.74283e-05
43.16 9.97581e-06
43.18 3.49191e-06
43.2 7.12385e-06
43.22 1.15406e-05
43.24 6.07445e-06
43.26 -5.00296e-06
43.28 -9.9826e-06
43.3 -7.25489e-06
43.32 -7.43447e-06
43.34 -1.5673e-05
43.36 -2.33176e-05
43.38 -2.17126e-05
43.4 -1.44135e-05
43.42 -9.2657e-06
43.44 -6.2504e-06
43.46 -1.186e-06
43.48 5.96105e-06
43.5 1.14354e-05
43.52 1.28852e-05
43.54 1.16902e-05
43.56 1.00565e-05
43.58 8.09396e-06
43.6 4.13527e-06
43.62 -1.21757e-06
43.64 -3.90527e-06
43.66 -2.07136e-06
43.68 1.60369e-07
43.7 -2.57472e-06
43.72 -8.40482e-06
43.74 -9.08676e-06
43.76 -3.6422e-06
43.78 -8.09477e-07
43.8 -2.89631e-06
43.82 -2.95869e-06
43.84 1.32455e-06
43.86 2.83198e-06
43.88 -3.63683e-06
43.9 -1.09726e-05
43.92 -9.17384e-06
43.94 -2.03783e-06
43.96 -2.69001e-06
43.98 -1.15125e-05
44 -1.42575e-05
44.02 -5.14181e-06
44.04 4.26619e-06
44.06 3.08775e-06
44.08 -4.1725e-06
44.1 -6.08703e-06
44.12 -2.24691e-07
44.14 4.52385e-06
44.16 1.27449e-06
44.18 -5.85219e-06
44.2 -8.81932e-06
44.22 -6.87348e-06
44.24 -5.94257e-06
44.26 -8.99154e-06
44.28 -1.28415e-05
44.3 -1.32706e-05
44.32 -9.67538e-06
44.34 -4.54521e-06
44.36 -1.62437e-06
44.38 -2.38904e-06
44.4 -1.88857e-06
44.42 4.36723e-06
44.44 1.17268e-05
44.46 1.38959e-05
44.48 1.10102e-05
44.5 5.82331e-06
44.52 7.32156e-07
44.54 -2.334e-06
44.56 -3.93897e-06
44.58 -6.29891e-06
44.6 -9.74467e-06
44.62 -1.17688e-05
44.64 -1.00751e-05
44.66 -6.06238e-06
44.68 -3.98172e-06
44.7 -5.49658e-06
44.72 -5.88704e-06
44.74 -1.49295e-06
44.76 3.57935e-06
44.78 4.09253e-06
44.8 3.37297e-07
44.82 -2.91893e-06
44.84 -1.29107e-06
44.86 4.11294e-06
44.88 7.51526e-06
44.9 5.27231e-06
44.92 3.51607e-07
44.94 -1.14496e-06
44.96 1.60787e-06
44.98 2.75684e-06
45 -1.57797e-06
45.02 -6.92628e-06
45.04 -6.07906e-06
45.06 6.24356e-07
45.08 4.93934e-06
45.1 1.17932e-06
45.12 -4.70823e-06
45.14 -3.3991e-06
45.16 2.55796e-06
45.18 2.86367e-06
45.2 -4.02344e-06
45.22 -7.24054e-06
45.24 1.12095e-06
45.26 1.33691e-05
45.28 1.62832e-05
45.3 8.55574e-06
45.32 2.58838e-06
45.34 7.30813e-06
45.36 1.24305e-05
45.38 4.50195e-06
45.4 -9.74885e-06
45.42 -1.20335e-05
45.44 1.62771e-06
45.46 1.11567e-05
45.48 6.2847e-07
45.5 -1.47273e-05
45.52 -1.20722e-05
45.54 3.02169e-06
45.56 5.9415e-06
45.58 -7.68322e-06
45.6 -1.58154e-05
45.62 -5.08862e-06
45.64 8.51751e-06
45.66 3.4162e-06
45.68 -1.38488e-05
45.7 -1.71567e-05
45.72 -9.74472e-07
45.74 1.05018e-05
45.76 -5.92517e-07
45.78 -1.81276e-05
45.8 -1.44752e-05
45.82 7.43417e-06
45.84 1.73292e-05
45.86 3.84057e-06
45.88 -8.48328e-06
45.9 1.7657e-06
45.92 2.05333e-05
45.94 2.19549e-05
45.96 6.37496e-06
45.98 -4.90405e-06
46 -2.46029e-06
46.02 3.92713e-06
46.04 3.39584e-06
46.06 -2.88046e-06
46.08 -5.99053e-06
46.1 -5.09976e-06
46.12 -6.30843e-06
46.14 -9.99999e-06
46.16 -1.20454e-05
46.18 -8.8933e-06
46.2 -3.58668e-07
46.22 5.91778e-06
46.24 1.38811e-06
46.26 -6.64753e-06
46.28 -2.69374e-06
46.3 8.6836e-06
46.32 9.41292e-06
46.34 -4.04774e-07
46.36 -4.76384e-06
46.38 2.50351e-06
46.4 1.00253e-05
46.42 5.87538e-06
46.44 -3.82496e-06
46.46 -3.69155e-06
46.48 5.06202e-06
46.5 6.3586e-06
46.52 -3.28978e-06
46.54 -9.80263e-06
46.56 -4.21521e-06
46.58 4.36762e-06
46.6 2.86404e-06
46.62 -6.07641e-06
46.64 -8.62981e-06
46.66 -1.53211e-06
46.68 3.1239e-06
46.7 -3.19519e-06
46.72 -1.12878e-05
46.74 -7.76166e-06
46.76 2.74881e-06
46.78 5.65853e-06
46.8 -1.51875e-07
46.82 -2.50881e-06
46.84 4.70365e-06
46.86 9.14541e-06
46.88 -6.88352e-07
46.9 -1.28276e-05
46.92 -1.02937e-05
46.94 3.40336e-06
46.96 1.04826e-05
46.98 2.70349e-06
47 -7.92081e-06
47.02 -7.04008e-06
47.04 2.54302e-06
47.06 6.72425e-06
47.08 -2.07032e-06
47.1 -1.3453e-05
47.12 -9.27469e-06
47.14 6.5968e-06
47.16 8.81397e-06
47.18 -8.55382e-06
47.2 -2.02646e-05
47.22 -8.20671e-06
47.24 1.08231e-05
47.26 9.82329e-06
47.28 -6.29926e-06
47.3 -7.96211e-06
47.32 1.20959e-05
47.34 2.84354e-05
47.36 2.26816e-05
47.38 7.81132e-06
47.4 3.70641e-06
47.42 6.34757e-06
47.44 -1.35378e-06
47.46 -1.50234e-05
47.48 -1.27252e-05
47.5 4.78846e-06
47.52 1.04947e-05
47.54 -3.56581e-06
47.56 -1.11535e-05
47.58 2.21009e-06
47.6 1.3949e-05
47.62 3.35851e-06
47.64 -1.50599e-05
47.66 -1.64819e-05
47.68 -3.55886e-06
47.7 1.45437e-06
47.72 -7.80282e-06
47.74 -1.29867e-05
47.76 -1.58625e-06
47.78 1.16903e-05
47.8 8.25716e-06
47.82 -5.16434e-06
47.84 -8.62615e-06
47.86 -1.16376e-07
47.88 3.5616e-06
47.9 -5.46556e-06
47.92 -1.28579e-05
47.94 -6.41112e-06
47.96 2.74726e-06
47.98 4.66291e-08
48 -7.98925e-06
48.02 -5.42809e-06
48.04 6.73118e-06
48.06 1.04571e-05
48.08 -2.70958e-06
48.1 -1.70078e-05
48.12 -1.20199e-05
48.14 8.46019e-06
48.16 1.5943e-05
48.18 -2.94058e-06
48.2 -2.14882e-05
48.22 -1.28755e-05
48.24 7.92107e-06
48.26 1.01393e-05
48.28 -6.3775e-06
48.3 -1.35451e-05
48.32 3.68052e-06
48.34 2.24162e-05
48.36 1.48539e-05
48.38 -6.80805e-06
48.4 -9.25691e-06
48.42 1.00402e-05
48.44 2.04943e-05
48.46 6.49051e-06
48.48 -1.07493e-05
48.5 -8.64299e-06
48.52 4.57696e-06
48.54 4.8032e-06
48.56 -1.17772e-05
48.58 -2.17785e-05
48.6 -1.0755e-05
48.62 3.70847e-06
48.64 -5.98629e-07
48.66 -1.51707e-05
48.68 -1.26023e-05
48.7 8.2203e-06
48.72 1.7954e-05
48.74 3.21006e-06
48.76 -1.17526e-05
48.78 -2.61165e-06
48.8 1.58188e-05
48.82 1.39257e-05
48.84 -4.78534e-06
48.86 -1.1079e-05
48.88 3.63747e-06
48.9 1.54897e-05
48.92 6.2355e-06
48.94 -9.28682e-06
48.96 -7.66149e-06
48.98 7.31765e-06
49 1.19038e-05
49.02 -5.30258e-07
49.04 -1.01894e-05
49.06 -2.44047e-06
49.08 1.01121e-05
49.1 8.03505e-06
49.12 -3.40127e-06
49.14 -3.19118e-06
49.16 1.00853e-05
49.18 1.56747e-05
49.2 3.0157e-06
49.22 -9.82246e-06
49.24 -3.80976e-06
49.26 8.30073e-06
49.28 3.56342e-06
49.3 -1.2277e-05
49.32 -1.52578e-05
49.34 -1.2171e-06
49.36 8.95216e-06
49.38 7.54628e-07
49.4 -1.2101e-05
49.42 -8.32553e-06
49.44 7.03423e-06
49.46 1.09082e-05
49.48 -1.29427e-06
49.5 -1.03613e-05
49.52 -4.43678e-06
49.54 3.93813e-06
49.56 8.01015e-07
49.58 -7.98331e-06
49.6 -1.01703e-05
49.62 -6.70726e-06
49.64 -8.02432e-06
49.66 -1.65906e-05
49.68 -2.16352e-05
49.7 -1.61481e-05
49.72 -8.20314e-06
49.74 -7.10491e-06
49.76 -9.29552e-06
49.78 -5.61359e-06
49.8 2.13723e-06
49.82 2.65169e-06
49.84 -5.11328e-06
49.86 -7.30464e-06
49.88 3.09473e-06
49.9 1.28674e-05
49.92 7.7871e-06
49.94 -4.63789e-06
49.96 -7.16115e-06
49.98 5.09839e-07
50 3.59836e-06
50.02 -4.40452e-06
50.04 -1.2276e-05
50.06 -7.09111e-06
50.08 5.79085e-06
50.1 8.09335e-06
50.12 -4.22319e-06
50.14 -1.38236e-05
50.16 -8.42406e-06
50.18 2.72945e-06
50.2 4.38693e-06
50.22 -4.82692e-06
50.24 -1.21019e-05
50.26 -7.19912e-06
50.28 3.13203e-06
50.3 4.43233e-06
50.32 -2.84245e-06
50.34 -4.35812e-06
50.36 3.38872e-06
50.38 7.77634e-06
50.4 2.37812e-06
50.42 -3.14177e-06
50.44 8.27721e-07
50.46 9.12914e-06
50.48 9.01228e-06
50.5 -1.16044e-06
50.52 -8.22827e-06
50.54 -2.85842e-06
50.56 7.20272e-06
50.58 8.49854e-06
50.6 1.27463e-06
50.62 -1.67526e-06
50.64 3.84308e-06
50.66 7.37081e-06
50.68 2.36373e-06
50.7 -3.1829e-06
50.72 -7.05075e-07
50.74 5.11192e-06
50.76 4.08352e-06
50.78 -3.28093e-06
50.8 -6.15881e-06
50.82 -1.67371e-06
50.84 -5.66705e-07
50.86 -7.86179e-06
50.88 -1.33369e-05
50.9 -9.35872e-06
50.92 -2.94602e-06
50.94 -3.37531e-06
50.96 -9.55373e-06
50.98 -1.31378e-05
51 -9.40848e-06
51.02 -3.13681e-06
51.04 -2.41467e-06
51.06 -6.71671e-06
51.08 -7.43323e-06
51.1 -2.37603e-06
51.12 1.17095e-06
51.14 -1.6099e-06
51.16 -7.11084e-06
51.18 -8.40177e-06
51.2 -3.50405e-06
51.22 1.3584e-06
51.24 -2.2565e-08
51.26 -3.33321e-06
51.28 4.58976e-07
51.3 1.02282e-05
51.32 1.62897e-05
51.34 1.11e-05
51.36 -6.67884e-06
51.38 -2.71711e-05
51.4 -3.40056e-05
51.42 -2.08928e-05
51.44 3.32358e-06
51.46 2.17896e-05
51.48 1.96817e-05
51.5 1.20201e-06
51.52 -7.11765e-06
51.54 7.28327e-06
51.56 2.03089e-05
51.58 9.4508e-06
51.6 -1.22145e-05
51.62 -1.72262e-05
51.64 -3.13236e-07
51.66 1.6751e-05
51.68 1.5165e-05
51.7 2.69419e-06
51.72 -6.22571e-07
51.74 7.74015e-06
51.76 1.12708e-05
51.78 1.07071e-06
51.8 -1.23728e-05
51.82 -1.54223e-05
51.84 -7.37134e-06
51.86 1.57377e-06
51.88 2.26318e-06
51.9 -3.42127e-06
51.92 -5.59664e-06
51.94 -2.41424e-08
51.96 6.7079e-06
51.98 7.23686e-06
52 3.41415e-06
52.02 1.53137e-06
52.04 1.87235e-06
52.06 -2.50908e-07
52.08 -5.15827e-06
52.1 -6.66183e-06
52.12 -1.89893e-06
52.14 1.1319e-06
52.16 -3.65481e-06
52.18 -7.54196e-06
52.2 -4.39613e-07
52.22 1.18096e-05
52.24 1.4522e-05
52.26 5.41368e-06
52.28 -2.08436e-06
52.3 1.085e-06
52.32 7.31587e-06
52.34 4.40246e-06
52.36 -6.22268e-06
52.38 -1.08686e-05
52.4 -4.15204e-06
52.42 2.57891e-06
52.44 -6.4016e-07
52.46 -5.88742e-06
52.48 -1.21996e-06
52.5 7.83774e-06
52.52 6.91773e-06
52.54 -4.19662e-06
52.56 -1.08662e-05
52.58 -6.09014e-06
52.6 -6.99522e-07
52.62 -4.34149e-06
52.64 -1.12309e-05
52.66 -1.08599e-05
52.68 -3.87075e-06
52.7 3.17999e-07
52.72 -1.475e-06
52.74 -4.47282e-06
52.76 -4.72727e-06
52.78 -3.21281e-06
52.8 -3.29024e-06
52.82 -5.20864e-06
52.84 -5.70842e-06
52.86 -4.02125e-06
52.88 -3.60881e-06
52.9 -5.07371e-06
52.92 -3.82543e-06
52.94 5.33518e-07
52.96 1.02518e-06
52.98 -3.93183e-06
53 -5.89728e-06
53.02 -2.70661e-07
53.04 5.75345e-06
53.06 4.22635e-06
53.08 -8.86699e-07
53.1 -3.57949e-09
53.12 6.87724e-06
53.14 9.39762e-06
53.16 3.91332e-06
53.18 7.30066e-08
53.2 3.07844e-06
53.22 5.92722e-06
53.24 2.48105e-06
53.26 -3.291e-06
53.28 -4.34734e-06
53.3 -1.51428e-06
53.32 -1.52482e-06
53.34 -6.63954e-06
53.36 -1.02191e-05
53.38 -6.34614e-06
53.4 -5.2214e-07
53.42 -9.52207e-07
53.44 -4.99207e-06
53.46 -5.07561e-06
53.48 -1.32167e-06
53.5 3.21636e-07
53.52 -1.53085e-06
53.54 -2.29205e-06
53.56 1.65601e-07
53.58 2.10203e-06
53.6 -2.20603e-08
53.62 -4.35946e-06
53.64 -6.40054e-06
53.66 -4.42239e-06
53.68 -1.81282e-06
53.7 -2.69928e-06
53.72 -4.49557e-06
53.74 -2.00738e-06
53.76 2.96298e-06
53.78 4.47689e-06
53.8 1.85443e-06
53.82 -4.64657e-07
53.84 9.41611e-07
53.86 4.58704e-06
53.88 4.56995e-06
53.9 -1.08152e-06
53.92 -5.04623e-06
53.94 -1.28446e-06
53.96 4.45761e-06
53.98 3.62595e-06
54 -2.25315e-06
54.02 -4.58381e-06
54.04 -2.50955e-07
54.06 4.62204e-06
54.08 4.01617e-06
54.1 -5.92467e-08
54.12 -4.39673e-07
54.14 3.94381e-06
54.16 5.24926e-06
54.18 4.03324e-07
54.2 -4.53099e-06
54.22 -5.88207e-06
54.24 -5.50347e-06
54.26 -5.57845e-06
54.28 -6.6694e-06
54.3 -6.63921e-06
54.32 -4.10623e-06
54.34 -2.16609e-06
54.36 -3.52737e-06
54.38 -6.1306e-06
54.4 -6.24398e-06
54.42 -3.30672e-06
54.44 1.71209e-07
54.46 2.01904e-06
54.48 2.18459e-06
54.5 1.95196e-06
54.52 2.70705e-06
54.54 3.94726e-06
54.56 3.33701e-06
54.58 4.78482e-07
54.6 -1.59306e-06
54.62 1.55766e-07
54.64 3.53948e-06
54.66 3.34409e-06
54.68 -1.53621e-06
54.7 -6.7872e-06
54.72 -7.27046e-06
54.74 -4.23493e-06
54.76 -4.3369e-06
54.78 -8.48979e-06
54.8 -1.04455e-05
54.82 -7.5299e-06
54.84 -3.01059e-06
54.86 -3.21896e-07
54.88 4.04016e-07
54.9 2.02895e-06
54.92 4.95116e-06
54.94 5.7306e-06
54.96 4.3449e-06
54.98 4.47501e-06
55 5.39422e-06
55.02 3.47835e-06
55.04 -4.28723e-07
55.06 -1.91569e-06
55.08 -3.20866e-07
55.1 5.82724e-07
55.12 -3.93084e-07
55.14 -1.55482e-06
55.16 -1.68767e-06
55.18 -7.32709e-07
55.2 5.98395e-07
55.22 2.02929e-06
55.24 3.28494e-06
55.26 3.79694e-06
55.28 3.36637e-06
55.3 2.14458e-06
55.32 1.45357e-06
55.34 2.74424e-06
55.36 3.32437e-06
55.38 -2.39195e-07
55.4 -4.30505e-06
55.42 -3.22439e-06
55.44 3.77777e-07
55.46 1.836e-07
55.48 -3.52219e-06
55.5 -6.46608e-06
55.52 -6.26478e-06
55.54 -4.02622e-06
55.56 -2.69401e-06
55.58 -2.63916e-06
55.6 -2.5229e-06
55.62 -1.26496e-06
55.64 1.09454e-07
55.66 -2.04229e-06
55.68 -6.46998e-06
55.7 -6.24818e-06
55.72 -1.76851e-07
55.74 4.0253e-06
55.76 9.54907e-07
55.78 -4.4044e-06
55.8 -3.64278e-06
55.82 2.88686e-06
55.84 5.9056e-06
55.86 1.71075e-06
55.88 -2.12326e-07
55.9 7.66541e-06
55.92 1.4598e-05
55.94 2.17801e-06
55.96 -2.35878e-05
55.98 -3.14737e-05
56 -1.15235e-05
56.02 9.99607e-06
56.04 8.95218e-06
56.06 -7.78191e-06
56.08 -1.23304e-05
56.1 5.50674e-06
56.12 2.29935e-05
56.14 1.74672e-05
56.16 -3.68883e-06
56.18 -1.35233e-05
56.2 -3.27677e-06
56.22 6.1058e-06
56.24 -7.25134e-07
56.26 -1.11045e-05
56.28 -7.5181e-06
56.3 6.5045e-06
56.32 1.2861e-05
56.34 4.77212e-06
56.36 -3.8774e-06
56.38 -8.78024e-07
56.4 5.83109e-06
56.42 3.31375e-06
56.44 -3.94014e-06
56.46 -1.22232e-06
56.48 1.02477e-05
56.5 1.28869e-05
56.52 1.92617e-06
56.54 -5.80525e-06
56.56 1.25817e-06
56.58 1.13097e-05
56.6 6.47528e-06
56.62 -9.18929e-06
56.64 -1.44103e-05
56.66 -2.7449e-06
56.68 8.4881e-06
56.7 3.3813e-06
56.72 -9.83764e-06
56.74 -1.10246e-05
56.76 1.50337e-06
56.78 9.08592e-06
56.8 1.5065e-06
56.82 -7.74818e-06
56.84 -3.93099e-06
56.86 6.23531e-06
56.88 7.98706e-06
56.9 -1.06321e-06
56.92 -9.46854e-06
56.94 -6.98724e-06
56.96 -6.31159e-07
56.98 -3.57953e-06
57 -1.27806e-05
57.02 -1.38183e-05
57.04 -5.38145e-06
57.06 -1.69761e-06
57.08 -7.64676e-06
57.1 -9.59641e-06
57.12 -2.55535e-07
57.14 6.66198e-06
57.16 1.76619e-08
57.18 -9.85396e-06
57.2 -7.12475e-06
57.22 4.81174e-06
57.24 7.37757e-06
57.26 -4.40234e-06
57.28 -1.32853e-05
57.3 -5.39269e-06
57.32 8.35103e-06
57.34 7.84139e-06
57.36 -5.34582e-06
57.38 -9.60477e-06
57.4 2.83788e-06
57.42 1.34508e-05
57.44 6.74133e-06
57.46 -7.21616e-06
57.48 -9.28299e-06
57.5 1.46878e-06
57.52 8.60126e-06
57.54 2.55616e-06
57.56 -7.37547e-06
57.58 -7.0804e-06
57.6 2.30789e-06
57.62 7.19639e-06
57.64 1.78838e-06
57.66 -4.93147e-06
57.68 -3.37129e-06
57.7 2.69178e-06
57.72 3.02674e-06
57.74 -2.94013e-06
57.76 -6.06976e-06
57.78 -2.18831e-06
57.8 1.84658e-06
57.82 -2.51461e-07
57.84 -4.28685e-06
57.86 -3.12363e-06
57.88 1.51865e-06
57.9 1.98903e-06
57.92 -2.54857e-06
57.94 -4.48281e-06
57.96 -3.88819e-07
57.98 3.16019e-06
58 4.83895e-07
58.02 -4.14745e-06
58.04 -3.95342e-06
58.06 2.09825e-07
58.08 2.12934e-06
58.1 -5.74209e-07
58.12 -3.38786e-06
58.14 -1.9714e-06
58.16 1.36156e-06
58.18 1.60919e-06
58.2 -1.23602e-06
58.22 -2.53169e-06
58.24 -3.11631e-07
58.26 1.80087e-06
58.28 4.8578e-07
58.3 -2.1232e-06
58.32 -1.98123e-06
58.34 5.75938e-07
58.36 1.54776e-06
58.38 -3.85194e-07
58.4 -1.98683e-06
58.42 -7.27168e-07
58.44 1.3608e-06
58.46 1.05653e-06
58.48 -1.08919e-06
58.5 -1.79275e-06
58.52 -7.5874e-08
58.54 1.35303e-06
58.56 3.27324e-07
58.58 -1.47195e-06
58.6 -1.24086e-06
58.62 5.75993e-07
58.64 1.1155e-06
58.66 -3.55652e-07
58.68 -1.43821e-06
58.7 -5.05249e-07
58.72 8.75584e-07
58.74 5.72186e-07
58.76 -8.38305e-07
58.78 -1.133e-06
58.8 6.62083e-08
58.82 8.38902e-07
58.84 3.81939e-08
58.86 -1.02153e-06
58.88 -7.17607e-07
58.9 4.05913e-07
58.92 6.01693e-07
58.94 -3.615e-07
58.96 -9.49392e-07
58.98 -2.96238e-07
59 5.3242e-07
59.02 2.76981e-07
59.04 -6.01478e-07
59.06 -7.30911e-07
59.08 3.90551e-08
59.1 4.89955e-07
59.12 -3.44287e-08
59.14 -6.73732e-07
59.16 -4.51205e-07
59.18 2.43414e-07
59.2 3.33224e-07
59.22 -2.7377e-07
59.24 -6.10923e-07
59.26 -1.83043e-07
59.28 3.16782e-07
59.3 1.32699e-07
59.32 -4.08168e-07
59.34 -4.61459e-07
59.36 2.49217e-08
59.38 2.84616e-07
59.4 -5.5646e-08
59.42 -4.38288e-07
59.44 -2.78621e-07
59.46 1.50334e-07
59.48 1.86914e-07
59.5 -1.9413e-07
59.52 -3.85643e-07
59.54 -1.06874e-07
59.56 1.94084e-07
59.58 6.53012e-08
59.6 -2.66236e-07
59.62 -2.82325e-07
59.64 2.45203e-08
59.66 1.73573e-07
59.68 -4.57709e-08
59.7 -2.73782e-07
59.72 -1.61462e-07
59.74 1.03133e-07
59.76 1.14388e-07
59.78 -1.23877e-07
59.8 -2.31256e-07
59.82 -5.01546e-08
59.84 1.30871e-07
59.86 4.24713e-08
59.88 -1.59969e-07
59.9 -1.59125e-07
59.92 3.42793e-08
59.94 1.19444e-07
59.96 -2.10589e-08
59.98 -5.42449e-07
