0.02 3.65714e-08
0.04 1.03599e-07
0.06 1.13389e-07
0.08 5.18619e-08
0.1 1.48449e-08
0.12 5.55053e-08
0.14 1.0728e-07
0.16 9.27526e-08
0.18 4.17859e-08
0.2 3.92749e-08
0.22 9.22218e-08
0.24 1.24443e-07
0.26 9.86983e-08
0.28 7.13803e-08
0.3 9.89528e-08
0.32 1.44238e-07
0.34 1.49996e-07
0.36 1.37865e-07
0.38 1.33024e-07
0.4 6.98261e-08
0.42 -8.83449e-08
0.44 -8.06873e-08
0.46 2.45192e-07
0.48 3.87205e-07
0.5 1.40337e-08
0.52 -3.66558e-07
0.54 -2.66946e-07
0.56 -7.86996e-08
0.58 -3.86496e-07
0.6 -7.10857e-07
0.62 -3.23742e-07
0.64 1.28032e-07
0.66 -1.57254e-07
0.68 -9.75725e-07
0.7 -1.42796e-06
0.72 -3.28296e-07
0.74 1.244e-06
0.76 8.86278e-07
0.78 -4.75957e-07
0.8 1.29791e-07
0.82 2.60961e-06
0.84 3.67458e-06
0.86 1.7799e-06
0.88 -4.82932e-07
0.9 -3.06686e-07
0.92 1.43733e-06
0.94 1.6147e-06
0.96 -8.74921e-07
0.98 -3.14034e-06
1 -2.1608e-06
1.02 7.52199e-07
1.04 1.52184e-06
1.06 -1.14052e-06
1.08 -3.82155e-06
1.1 -3.11206e-06
1.12 -1.29051e-07
1.14 1.55236e-06
1.16 1.24862e-07
1.18 -2.91981e-06
1.2 -3.17183e-06
1.22 6.93028e-07
1.24 2.89994e-06
1.26 -3.94743e-07
1.28 -4.53834e-06
1.3 -4.00795e-06
1.32 4.62246e-07
1.34 3.98857e-06
1.36 2.86764e-06
1.38 -1.20514e-06
1.4 -2.7239e-06
1.42 1.06639e-07
1.44 2.35806e-06
1.46 -9.50351e-07
1.48 -7.0764e-06
1.5 -8.48788e-06
1.52 -3.70917e-06
1.54 2.03646e-07
1.56 -2.11854e-06
1.58 -6.52794e-06
1.6 -5.41124e-06
1.62 5.84752e-07
1.64 3.24667e-06
1.66 -5.57713e-07
1.68 -4.55807e-06
1.7 -2.91707e-06
1.72 1.22028e-06
1.74 8.22771e-07
1.76 -3.41639e-06
1.78 -4.21019e-06
1.8 -6.66734e-07
1.82 4.6153e-07
1.84 -3.41893e-06
1.86 -6.32536e-06
1.88 -2.26361e-06
1.9 4.13832e-06
1.92 2.35752e-06
1.94 -6.56969e-06
1.96 -9.40191e-06
1.98 -1.78064e-06
2 3.4657e-06
2.02 -3.34945e-06
2.04 -1.2659e-05
2.06 -1.06059e-05
2.08 -1.05092e-06
2.1 6.87871e-07
2.12 -7.39964e-06
2.14 -1.11925e-05
2.16 -3.9134e-06
2.18 3.93014e-06
2.2 1.98917e-06
2.22 -5.66343e-06
2.24 -7.61325e-06
2.26 -1.42893e-06
2.28 2.00142e-06
2.3 -4.32379e-06
2.32 -1.12167e-05
2.34 -8.39766e-06
2.36 -7.66037e-08
2.38 1.87088e-06
2.4 -5.9733e-06
2.42 -1.26739e-05
2.44 -7.90247e-06
2.46 1.50588e-06
2.48 2.08813e-06
2.5 -4.72669e-06
2.52 -6.14035e-06
2.54 4.79489e-07
2.56 5.08339e-06
2.58 3.27555e-06
2.6 2.64123e-06
2.62 8.3602e-06
2.64 1.4193e-05
2.66 1.33188e-05
2.68 1.0052e-05
2.7 1.28861e-05
2.72 2.05809e-05
2.74 2.47295e-05
2.76 2.29869e-05
2.78 2.07267e-05
2.8 2.24393e-05
2.82 2.67759e-05
2.84 2.87574e-05
2.86 2.67811e-05
2.88 2.37696e-05
2.9 2.21384e-05
2.92 2.29652e-05
2.94 2.45712e-05
2.96 2.31676e-05
2.98 1.99294e-05
3 2.00892e-05
3.02 1.99532e-05
3.04 1.20293e-05
3.06 3.38175e-06
3.08 3.31241e-06
3.1 5.36671e-06
3.12 2.36008e-08
3.14 -1.00081e-05
3.16 -1.59108e-05
3.18 -1.60537e-05
3.2 -1.68209e-05
3.22 -2.22104e-05
3.24 -2.82378e-05
3.26 -2.9095e-05
3.28 -2.60968e-05
3.3 -2.42354e-05
3.32 -2.47306e-05
3.34 -2.45422e-05
3.36 -1.85863e-05
3.38 -8.56265e-06
3.4 -3.80967e-06
3.42 -6.17421e-06
3.44 -4.08798e-06
3.46 1.04609e-05
3.48 2.49567e-05
3.5 2.28008e-05
3.52 1.1392e-05
3.54 1.14132e-05
3.56 2.38254e-05
3.58 3.03361e-05
3.6 2.37392e-05
3.62 1.81501e-05
3.64 2.13564e-05
3.66 1.71149e-05
3.68 4.64186e-07
3.7 -6.416e-06
3.72 1.53651e-06
3.74 2.03731e-06
3.76 -1.25781e-05
3.78 -2.2767e-05
3.8 -1.54653e-05
3.82 -5.7432e-06
3.84 -1.08032e-05
3.86 -2.31572e-05
3.88 -2.60854e-05
3.9 -1.84543e-05
3.92 -1.4367e-05
3.94 -2.16655e-05
3.96 -3.0526e-05
3.98 -2.64075e-05
4 -9.27744e-06
4.02 7.03643e-07
4.04 -9.25639e-06
4.06 -1.97333e-05
4.08 -8.75763e-06
4.1 1.11012e-05
4.12 1.37696e-05
4.14 1.64565e-06
4.16 -1.10061e-06
4.18 9.30257e-06
4.2 9.46943e-06
4.22 -7.93589e-06
4.24 -1.89441e-05
4.26 -1.00616e-05
4.28 7.84623e-07
4.3 -4.17371e-06
4.32 -1.16058e-05
4.34 1.99017e-07
4.36 1.73377e-05
4.38 1.17685e-05
4.4 -8.73738e-06
4.42 -1.44638e-05
4.44 -6.12079e-07
4.46 1.0715e-05
4.48 7.76717e-06
4.5 -2.64901e-06
4.52 -1.10336e-05
4.54 -9.28332e-06
4.56 -5.0094e-08
4.58 3.55933e-06
4.6 -3.04947e-06
4.62 -9.38107e-06
4.64 -2.87077e-06
4.66 1.12648e-05
4.68 1.39052e-05
4.7 3.49382e-06
4.72 -4.41226e-08
4.74 1.134e-05
4.76 2.15677e-05
4.78 1.38788e-05
4.8 -4.91694e-06
4.82 -9.37171e-06
4.84 7.23892e-06
4.86 1.8865e-05
4.88 7.13951e-06
4.9 -9.61993e-06
4.92 -7.43484e-06
4.94 5.52588e-06
4.96 5.93642e-06
4.98 -7.60733e-06
5 -1.7379e-05
5.02 -1.46795e-05
5.04 -9.94619e-06
5.06 -1.17002e-05
5.08 -8.56682e-06
5.1 5.09658e-06
5.12 1.09451e-05
5.14 4.4396e-07
5.16 -8.04475e-06
5.18 9.60168e-08
5.2 1.37738e-05
5.22 1.49682e-05
5.24 2.50426e-06
5.26 -1.16059e-05
5.28 -1.30674e-05
5.3 5.31394e-07
5.32 1.2893e-05
5.34 1.06431e-05
5.36 6.62029e-07
5.38 -2.20885e-06
5.4 3.98269e-06
5.42 7.94997e-06
5.44 5.30969e-06
5.46 3.92941e-06
5.48 7.46118e-06
5.5 9.98134e-06
5.52 7.45646e-06
5.54 3.33718e-06
5.56 1.77624e-06
5.58 2.28213e-06
5.6 2.24714e-06
5.62 6.25905e-07
5.64 1.13155e-07
5.66 2.79799e-06
5.68 3.83909e-06
5.7 -4.15993e-08
5.72 -3.10717e-06
5.74 -1.05507e-06
5.76 1.78196e-06
5.78 -2.8585e-07
5.8 -5.1564e-06
5.82 -4.98477e-06
5.84 4.16341e-07
5.86 1.47615e-06
5.88 -4.89228e-06
5.9 -1.02024e-05
5.92 -6.7308e-06
5.94 3.31381e-06
5.96 8.98441e-06
5.98 5.28359e-06
6 1.89885e-06
6.02 5.95482e-06
6.04 1.09094e-05
6.06 1.06579e-05
6.08 6.73767e-06
6.1 3.04557e-06
6.12 4.28432e-06
6.14 9.99071e-06
6.16 1.21729e-05
6.18 4.17342e-06
6.2 -9.21479e-06
6.22 -1.32679e-05
6.24 -5.8467e-06
6.26 -3.43226e-06
6.28 -1.31407e-05
6.3 -1.95382e-05
6.32 -9.53971e-06
6.34 3.96955e-06
6.36 1.68418e-06
6.38 -1.03126e-05
6.4 -1.16957e-05
6.42 -2.10535e-07
6.44 7.14663e-06
6.46 4.62486e-07
6.48 -1.0765e-05
6.5 -1.37046e-05
6.52 -8.85272e-06
6.54 -7.29786e-06
6.56 -1.23434e-05
6.58 -1.23244e-05
6.6 -4.00335e-06
6.62 -7.40691e-07
6.64 -5.43262e-06
6.66 -4.29438e-06
6.68 6.16642e-06
6.7 1.11982e-05
6.72 8.79411e-07
6.74 -1.40063e-05
6.76 -1.47642e-05
6.78 -8.23636e-07
6.8 8.21052e-06
6.82 4.93717e-07
6.84 -1.05029e-05
6.86 -6.4787e-06
6.88 6.41215e-06
6.9 7.18242e-06
6.92 -6.81666e-06
6.94 -1.57515e-05
6.96 -6.57907e-06
6.98 8.1705e-06
7 8.93189e-06
7.02 -3.3028e-06
7.04 -9.48956e-06
7.06 -4.89788e-07
7.08 9.87096e-06
7.1 7.28642e-06
7.12 -1.46147e-06
7.14 -1.74405e-06
7.16 6.55523e-06
7.18 1.10906e-05
7.2 6.36581e-06
7.22 1.08669e-06
7.24 3.93447e-06
7.26 9.3182e-06
7.28 5.42608e-06
7.3 -4.6616e-06
7.32 -5.19245e-06
7.34 5.89806e-06
7.36 1.20253e-05
7.38 4.17973e-06
7.4 -5.0276e-06
7.42 -2.25612e-06
7.44 6.29342e-06
7.46 6.21751e-06
7.48 -3.36922e-06
7.5 -8.67646e-06
7.52 -2.14676e-06
7.54 4.84585e-06
7.56 3.95285e-07
7.58 -7.68506e-06
7.6 -4.42604e-06
7.62 7.59771e-06
7.64 1.19691e-05
7.66 5.0758e-06
7.68 4.15652e-08
7.7 3.65561e-06
7.72 7.43892e-06
7.74 3.7555e-06
7.76 -6.2406e-07
7.78 3.40206e-06
7.8 1.01748e-05
7.82 8.82389e-06
7.84 3.19536e-07
7.86 -5.668e-06
7.88 -3.46955e-06
7.9 2.19797e-06
7.92 2.28654e-06
7.94 -3.22411e-06
7.96 -5.33522e-06
7.98 -1.02589e-06
8 2.59515e-06
8.02 9.6921e-07
8.04 -1.37313e-06
8.06 1.35575e-07
8.08 2.94008e-06
8.1 2.821e-06
8.12 5.47355e-07
8.14 -2.67437e-07
8.16 1.31576e-06
8.18 3.32466e-06
8.2 4.44364e-06
8.22 4.19231e-06
8.24 2.6093e-07
8.26 -5.9753e-06
8.28 -6.27956e-06
8.3 9.86223e-07
8.32 6.32829e-06
8.34 3.70304e-06
8.36 -2.07836e-06
8.38 -2.96976e-06
8.4 2.07323e-06
8.42 6.0208e-06
8.44 2.90964e-06
8.46 -4.98042e-06
8.48 -8.24914e-06
8.5 -1.61426e-06
8.52 6.23672e-06
8.54 4.52946e-06
8.56 -2.3135e-06
8.58 -2.03293e-06
8.6 6.39432e-06
8.62 1.1267e-05
8.64 4.63169e-06
8.66 -3.88899e-06
8.68 6.3589e-08
8.7 1.12385e-05
8.72 1.24329e-05
8.74 1.96031e-06
8.76 -4.67983e-06
8.78 1.14819e-06
8.8 8.69801e-06
8.82 4.61347e-06
8.84 -6.7856e-06
8.86 -1.11633e-05
8.88 -4.15231e-06
8.9 4.61747e-06
8.92 3.4174e-06
8.94 -4.23945e-06
8.96 -4.74053e-06
8.98 1.88258e-06
9 3.8603e-06
9.02 -1.94165e-06
9.04 -7.03421e-06
9.06 -3.99886e-06
9.08 3.67286e-06
9.1 4.7428e-06
9.12 -3.68122e-06
9.14 -9.4113e-06
9.16 -4.32914e-06
9.18 1.60397e-06
9.2 -2.3622e-06
9.22 -1.02006e-05
9.24 -9.51209e-06
9.26 -7.97279e-07
9.28 3.6835e-06
9.3 -6.94658e-07
9.32 -4.49794e-06
9.34 -1.92522e-07
9.36 6.52245e-06
9.38 5.53837e-06
9.4 -2.60223e-06
9.42 -6.42164e-06
9.44 3.31455e-08
9.46 7.39224e-06
9.48 3.65081e-06
9.5 -7.18683e-06
9.52 -9.43886e-06
9.54 -9.1304e-08
9.56 5.47003e-06
9.58 -1.47954e-07
9.6 -3.50609e-06
9.62 3.11374e-06
9.64 6.60967e-06
9.66 -2.25862e-06
9.68 -1.16174e-05
9.7 -8.49817e-06
9.72 1.42853e-06
9.74 5.27928e-06
9.76 -1.32361e-06
9.78 -1.1276e-05
9.8 -1.13098e-05
9.82 -7.85942e-07
9.84 5.02542e-06
9.86 4.3548e-07
9.88 -3.37502e-06
9.9 1.2501e-06
9.92 7.22121e-06
9.94 3.8646e-06
9.96 -5.15958e-06
9.98 -5.27874e-06
10 5.30438e-06
10.02 1.12908e-05
10.04 4.2854e-06
10.06 -4.36214e-06
10.08 -2.59632e-06
10.1 4.01489e-06
10.12 3.08619e-06
10.14 -5.48633e-06
10.16 -9.734e-06
10.18 -3.1763e-06
10.2 4.39277e-06
10.22 1.24023e-06
10.24 -7.824e-06
10.26 -9.11913e-06
10.28 -1.05712e-06
10.3 4.59027e-06
10.32 1.15672e-06
10.34 -4.17918e-06
10.36 -2.50659e-06
10.38 3.6198e-06
10.4 4.83977e-06
10.42 1.0896e-07
10.44 -1.96587e-06
10.46 2.23182e-06
10.48 5.95209e-06
10.5 3.87421e-06
10.52 1.51037e-07
10.54 3.55833e-07
10.56 1.7492e-06
10.58 -1.26338e-07
10.6 -1.86155e-06
10.62 4.98894e-07
10.64 3.39592e-06
10.66 2.46727e-06
10.68 -8.06014e-07
10.7 -2.74752e-06
10.72 -1.96535e-06
10.74 3.08899e-08
10.76 1.47754e-07
10.78 -1.56093e-06
10.8 -9.17187e-07
10.82 2.66321e-06
10.84 4.28924e-06
10.86 1.25446e-06
10.88 -3.40923e-06
10.9 -4.28782e-06
10.92 -2.63384e-07
10.94 2.87474e-06
10.96 6.84954e-07
10.98 -3.01113e-06
11 -2.67277e-06
11.02 2.84282e-07
11.04 6.69885e-07
11.06 -1.79895e-06
11.08 -2.6237e-06
11.1 -5.52369e-08
11.12 2.84863e-06
11.14 3.22265e-06
11.16 1.84564e-06
11.18 1.33486e-06
11.2 2.4657e-06
11.22 3.57094e-06
11.24 2.54796e-06
11.26 -6.50094e-07
11.28 -2.90594e-06
11.3 -1.83681e-06
11.32 3.21426e-07
11.34 -3.30488e-08
11.36 -2.71115e-06
11.38 -4.1942e-06
11.4 -1.98366e-06
11.42 1.94966e-06
11.44 2.71862e-06
11.46 -6.16283e-07
11.48 -2.99876e-06
11.5 -1.02837e-06
11.52 1.99512e-06
11.54 1.77823e-06
11.56 -3.72477e-07
11.58 -1.96574e-07
11.6 2.74986e-06
11.62 4.65863e-06
11.64 3.26578e-06
11.66 9.58739e-07
11.68 9.27655e-07
11.7 2.37529e-06
11.72 2.26057e-06
11.74 3.86871e-07
11.76 -9.88858e-07
11.78 -1.23335e-06
11.8 -1.75505e-06
11.82 -3.22767e-06
11.84 -4.18296e-06
11.86 -3.26561e-06
11.88 -1.76279e-06
11.9 -1.13873e-06
11.92 -2.43277e-07
11.94 1.60745e-06
11.96 2.48571e-06
11.98 1.20355e-06
12 -5.54401e-07
12.02 -4.95746e-07
12.04 1.22377e-06
12.06 2.05569e-06
12.08 8.0039e-07
12.1 -7.09839e-07
12.12 -7.78195e-07
12.14 4.50405e-07
12.16 1.96779e-06
12.18 2.27156e-06
12.2 8.67989e-07
12.22 -6.42762e-07
12.24 -1.01197e-06
12.26 -1.06761e-06
12.28 -1.89455e-06
12.3 -3.12082e-06
12.32 -3.60029e-06
12.34 -3.01916e-06
12.36 -2.15944e-06
12.38 -1.56575e-06
12.4 -9.18062e-07
12.42 4.93708e-08
12.44 9.49765e-07
12.46 1.20048e-06
12.48 9.28497e-07
12.5 1.08628e-06
12.52 1.94974e-06
12.54 2.38315e-06
12.56 1.64287e-06
12.58 9.02835e-07
12.6 1.51811e-06
12.62 2.77535e-06
12.64 2.7787e-06
12.66 8.71137e-07
12.68 -1.15163e-06
12.7 -1.13479e-06
12.72 1.51932e-07
12.74 1.68839e-07
12.76 -1.48949e-06
12.78 -2.7103e-06
12.8 -1.77122e-06
12.82 7.89997e-07
12.84 2.44871e-06
12.86 1.26435e-06
12.88 -1.19977e-06
12.9 -1.51697e-06
12.92 8.32927e-07
12.94 2.48359e-06
12.96 9.71085e-07
12.98 -1.43049e-06
13 -1.19366e-06
13.02 9.3909e-07
13.04 1.38283e-06
13.06 -3.52427e-07
13.08 -1.08105e-06
13.1 6.33502e-07
13.12 2.33705e-06
13.14 1.73073e-06
13.16 -8.28031e-08
13.18 -7.21071e-07
13.2 1.14401e-07
13.22 9.61392e-07
13.24 9.20575e-07
13.26 4.53495e-07
13.28 5.74406e-08
13.3 -6.04625e-07
13.32 -1.421e-06
13.34 -1.42558e-06
13.36 -3.32317e-07
13.38 8.9962e-07
13.4 1.02425e-06
13.42 -6.50532e-08
13.44 -7.76222e-07
13.46 -1.02502e-07
13.48 4.46243e-07
13.5 -4.74271e-07
13.52 -1.41666e-06
13.54 -6.84009e-07
13.56 5.8204e-07
13.58 2.37029e-07
13.6 -1.41291e-06
13.62 -2.01885e-06
13.64 -6.67369e-07
13.66 7.28076e-07
13.68 1.56791e-07
13.7 -1.55865e-06
13.72 -1.92705e-06
13.74 -3.66143e-07
13.76 1.19733e-06
13.78 1.24797e-06
13.8 5.33494e-07
13.82 5.07257e-07
13.84 1.12756e-06
13.86 1.06e-06
13.88 -2.46189e-07
13.9 -1.40122e-06
13.92 -9.28633e-07
13.94 4.53794e-07
13.96 9.33527e-07
13.98 1.80026e-07
14 -4.6006e-07
14.02 3.18616e-07
14.04 2.24371e-06
14.06 3.41227e-06
14.08 2.69891e-06
14.1 1.30011e-06
14.12 3.08726e-07
14.14 -6.11134e-07
14.16 -1.17189e-06
14.18 -5.34492e-07
14.2 3.9139e-07
14.22 -3.4428e-07
14.24 -2.42104e-06
14.26 -3.1429e-06
14.28 -1.39111e-06
14.3 5.1326e-07
14.32 -1.3518e-08
14.34 -2.29001e-06
14.36 -3.23475e-06
14.38 -1.54616e-06
14.4 2.74894e-07
14.42 -5.36109e-07
14.44 -2.76854e-06
14.46 -2.87426e-06
14.48 -3.8967e-07
14.5 1.42579e-06
14.52 7.16417e-07
14.54 -5.1688e-07
14.56 2.96876e-08
14.58 1.31433e-06
14.6 9.53327e-07
14.62 -3.59499e-07
14.64 2.0501e-07
14.66 2.51254e-06
14.68 3.06853e-06
14.7 -9.60224e-08
14.72 -4.07442e-06
14.74 -4.0966e-06
14.76 -2.84353e-07
14.78 1.96126e-06
14.8 -6.37697e-07
14.82 -4.44149e-06
14.84 -3.68248e-06
14.86 8.74927e-07
14.88 2.32833e-06
14.9 -1.65179e-06
14.92 -4.25888e-06
14.94 -4.99921e-07
14.96 4.08161e-06
14.98 2.44942e-06
15 -2.56302e-06
15.02 -3.14928e-06
15.04 1.04116e-06
15.06 2.84476e-06
15.08 -6.74953e-07
15.1 -3.92027e-06
15.12 -1.70545e-06
15.14 3.19538e-06
15.16 4.26637e-06
15.18 5.77099e-07
15.2 -2.03992e-06
15.22 1.29436e-07
15.24 2.99592e-06
15.26 1.35172e-06
15.28 -2.85905e-06
15.3 -3.91082e-06
15.32 -1.0342e-06
15.34 1.05588e-06
15.36 -4.00815e-07
15.38 -2.39677e-06
15.4 -1.21198e-06
15.42 1.84863e-06
15.44 2.55493e-06
15.46 4.72389e-08
15.48 -2.16537e-06
15.5 -1.34985e-06
15.52 1.06621e-06
15.54 1.81814e-06
15.56 3.2874e-07
15.58 -5.05851e-07
15.6 1.10998e-06
15.62 2.81836e-06
15.64 1.73989e-06
15.66 -1.0171e-06
15.68 -1.80235e-06
15.7 4.13755e-07
15.72 2.57551e-06
15.74 2.07326e-06
15.76 3.17914e-07
15.78 1.12561e-07
15.8 1.54649e-06
15.82 2.1782e-06
15.84 6.40852e-07
15.86 -1.23941e-06
15.88 -9.52111e-07
15.9 9.47605e-07
15.92 1.7028e-06
15.94 6.14904e-07
15.96 -1.08336e-08
15.98 1.2634e-06
16 2.59625e-06
16.02 1.9737e-06
16.04 3.66649e-07
16.06 -6.60257e-08
16.08 9.5224e-07
16.1 1.71026e-06
16.12 8.12893e-07
16.14 -8.90725e-07
16.16 -1.19452e-06
16.18 5.55191e-07
16.2 2.25945e-06
16.22 1.73954e-06
16.24 -1.32485e-07
16.26 -1.01675e-06
16.28 -5.13102e-07
16.3 3.4434e-07
16.32 9.43422e-07
16.34 9.07342e-07
16.36 5.18543e-08
16.38 -8.23315e-07
16.4 -6.80039e-07
16.42 3.16696e-09
16.44 -1.86337e-07
16.46 -1.30162e-06
16.48 -2.0256e-06
16.5 -1.99368e-06
16.52 -2.38987e-06
16.54 -3.60933e-06
16.56 -4.03706e-06
16.58 -2.5669e-06
16.6 -8.72929e-07
16.62 -1.16884e-06
16.64 -2.85907e-06
16.66 -3.36829e-06
16.68 -9.39933e-07
16.7 3.62305e-06
16.72 6.59544e-06
16.74 5.97492e-06
16.76 5.16105e-06
16.78 7.17223e-06
16.8 9.56914e-06
16.82 8.97191e-06
16.84 5.50528e-06
16.86 4.97917e-07
16.88 -2.92587e-06
16.9 -5.49204e-07
16.92 3.89486e-06
16.94 2.00155e-06
16.96 -4.47966e-06
16.98 -6.00648e-06
17 -9.51309e-07
17.02 2.38214e-06
17.04 -1.09508e-06
17.06 -6.20402e-06
17.08 -5.84366e-06
17.1 -1.79921e-06
17.12 -1.9256e-06
17.14 -7.30278e-06
17.16 -9.58484e-06
17.18 -4.12244e-06
17.2 1.24779e-06
17.22 -2.03689e-06
17.24 -8.33073e-06
17.26 -6.69957e-06
17.28 4.5423e-07
17.3 1.8941e-06
17.32 -3.57735e-06
17.34 -5.69646e-06
17.36 8.16492e-07
17.38 8.31958e-06
17.4 8.02127e-06
17.42 3.09938e-06
17.44 3.31198e-06
17.46 9.34678e-06
17.48 1.15106e-05
17.5 5.48448e-06
17.52 -5.22892e-08
17.54 2.60452e-06
17.56 6.87739e-06
17.58 2.99833e-06
17.6 -4.99848e-06
17.62 -6.39597e-06
17.64 -1.29571e-06
17.66 8.43771e-07
17.68 -3.55799e-06
17.7 -7.75781e-06
17.72 -6.12602e-06
17.74 -2.44107e-06
17.76 -2.80193e-06
17.78 -5.97998e-06
17.8 -6.34942e-06
17.82 -2.98271e-06
17.84 5.57231e-08
17.86 2.48652e-07
17.88 -1.0055e-06
17.9 -1.05862e-06
17.92 7.40025e-07
17.94 2.56506e-06
17.96 3.07776e-06
17.98 3.17623e-06
18 3.78551e-06
18.02 4.11129e-06
18.04 3.36517e-06
18.06 2.38058e-06
18.08 1.74127e-06
18.1 2.22846e-07
18.12 -2.16989e-06
18.14 -2.89483e-06
18.16 -1.2962e-06
18.18 -2.11439e-07
18.2 -1.69187e-06
18.22 -4.43758e-06
18.24 -6.14262e-06
18.26 -6.47324e-06
18.28 -6.64982e-06
18.3 -6.89164e-06
18.32 -5.34499e-06
18.34 -2.65369e-07
18.36 5.32891e-06
18.38 5.93005e-06
18.4 3.0872e-06
18.42 3.69148e-06
18.44 8.58021e-06
18.46 1.1709e-05
18.48 8.30015e-06
18.5 4.30203e-07
18.52 -3.37828e-06
18.54 1.38831e-06
18.56 6.68728e-06
18.58 3.39143e-06
18.6 -4.48113e-06
18.62 -6.53197e-06
18.64 -1.35614e-06
18.66 2.22607e-06
18.68 -1.61115e-06
18.7 -7.50765e-06
18.72 -7.42681e-06
18.74 -2.72902e-06
18.76 -1.71656e-06
18.78 -6.71005e-06
18.8 -9.31738e-06
18.82 -2.00437e-06
18.84 8.10912e-06
18.86 8.31383e-06
18.88 1.54636e-06
18.9 1.32113e-06
18.92 9.16629e-06
18.94 1.36621e-05
18.96 8.98477e-06
18.98 2.57603e-06
19 2.48555e-06
19.02 5.86784e-06
19.04 5.40967e-06
19.06 1.05017e-07
19.08 -4.30248e-06
19.1 -2.97345e-06
19.12 1.04503e-06
19.14 5.16331e-07
19.16 -4.74225e-06
19.18 -6.98978e-06
19.2 -3.37399e-06
19.22 -1.06669e-06
19.24 -5.22145e-06
19.26 -9.62154e-06
19.28 -6.29166e-06
19.3 7.14643e-07
19.32 1.58477e-06
19.34 -3.561e-06
19.36 -6.04578e-06
19.38 -2.25245e-06
19.4 1.97726e-06
19.42 8.10347e-07
19.44 -2.54753e-06
19.46 -8.43331e-07
19.48 5.23683e-06
19.5 7.50664e-06
19.52 3.01532e-06
19.54 -1.34179e-06
19.56 7.8382e-07
19.58 5.71704e-06
19.6 4.93285e-06
19.62 -1.47039e-06
19.64 -3.19228e-06
19.66 3.35579e-06
19.68 6.97418e-06
19.7 -8.58414e-08
19.72 -8.36794e-06
19.74 -6.04162e-06
19.76 2.88474e-06
19.78 5.01663e-06
19.8 -2.92026e-06
19.82 -9.45898e-06
19.84 -5.14633e-06
19.86 3.64199e-06
19.88 5.29253e-06
19.9 -3.01223e-08
19.92 -2.60483e-06
19.94 2.03032e-06
19.96 6.9431e-06
19.98 4.36444e-06
20 -1.91031e-06
20.02 -2.19885e-06
20.04 3.85249e-06
20.06 7.07795e-06
20.08 2.31272e-06
20.1 -5.53999e-06
20.12 -8.28388e-06
20.14 -4.08331e-06
20.16 1.43133e-06
20.18 3.00905e-06
20.2 8.37283e-08
20.22 -4.03708e-06
20.24 -4.54598e-06
20.26 -7.239e-07
20.28 1.76339e-06
20.3 -1.28872e-06
20.32 -4.58392e-06
20.34 -1.48576e-06
20.36 3.39767e-06
20.38 2.41613e-06
20.4 -1.30669e-06
20.42 -2.12972e-07
20.44 5.10189e-06
20.46 7.61177e-06
20.48 4.42734e-06
20.5 -3.05406e-07
20.52 -1.5125e-06
20.54 2.47377e-07
20.56 -1.85178e-08
20.58 -1.13703e-06
20.6 1.66805e-06
20.62 3.1934e-06
20.64 -2.64333e-06
20.66 -8.98116e-06
20.68 -8.18729e-06
20.7 -2.22301e-06
20.72 3.3127e-06
20.74 2.80362e-06
20.76 -3.66985e-06
20.78 -6.44827e-06
20.8 -6.84651e-07
20.82 3.88229e-06
20.84 -7.83973e-07
20.86 -6.63178e-06
20.88 -2.20081e-06
20.9 7.96821e-06
20.92 9.73741e-06
20.94 2.08417e-06
20.96 -1.92527e-06
20.98 4.16762e-06
21 1.01707e-05
21.02 4.39339e-06
21.04 -6.22034e-06
21.06 -5.51596e-06
21.08 5.34332e-06
21.1 9.29812e-06
21.12 -3.3824e-07
21.14 -9.97857e-06
21.16 -5.63509e-06
21.18 5.99054e-06
21.2 6.63977e-06
21.22 -5.45299e-06
21.24 -1.26271e-05
21.26 -5.33839e-06
21.28 4.00095e-06
21.3 1.21025e-06
21.32 -7.92e-06
21.34 -6.7712e-06
21.36 5.59706e-06
21.38 1.18505e-05
21.4 4.5261e-06
21.42 -3.30011e-06
21.44 -1.75455e-06
21.46 4.1966e-06
21.48 6.48831e-06
21.5 1.94171e-06
21.52 -4.80451e-06
21.54 -5.85884e-06
21.56 -2.26179e-06
21.58 -1.95749e-06
21.6 -5.32814e-06
21.62 -4.96638e-06
21.64 -4.76088e-09
21.66 1.95829e-06
21.68 -1.82634e-06
21.7 -4.24837e-06
21.72 4.23359e-07
21.74 6.33521e-06
21.76 3.80658e-06
21.78 -4.89324e-06
21.8 -7.1027e-06
21.82 6.46878e-07
21.84 6.13935e-06
21.86 6.56476e-07
21.88 -7.00671e-06
21.9 -4.72027e-06
21.92 4.19899e-06
21.94 6.89309e-06
21.96 5.22152e-07
21.98 -4.25282e-06
22 1.35993e-07
22.02 7.03192e-06
22.04 6.40669e-06
22.06 -3.89752e-07
22.08 -4.21811e-06
22.1 -1.55485e-06
22.12 1.95162e-06
22.14 4.4857e-07
22.16 -3.54562e-06
22.18 -3.49464e-06
22.2 5.04906e-07
22.22 2.25e-06
22.24 -3.95914e-07
22.26 -2.81298e-06
22.28 -1.21754e-06
22.3 1.95806e-06
22.32 2.2416e-06
22.34 1.14275e-07
22.36 -2.39899e-07
22.38 2.18832e-06
22.4 4.01679e-06
22.42 2.87003e-06
22.44 6.61502e-07
22.46 5.61559e-07
22.48 2.5006e-06
22.5 3.10108e-06
22.52 5.71014e-07
22.54 -2.15691e-06
22.56 -1.6749e-06
22.58 7.14617e-07
22.6 1.18967e-06
22.62 -8.67564e-07
22.64 -2.32064e-06
22.66 -1.17043e-06
22.68 5.55516e-07
22.7 3.86844e-08
22.72 -1.97028e-06
22.74 -2.38342e-06
22.76 -7.55146e-07
22.78 3.14639e-08
22.8 -1.40843e-06
22.82 -2.59685e-06
22.84 -1.13969e-06
22.86 1.28212e-06
22.88 1.40666e-06
22.9 -5.69489e-07
22.92 -1.43923e-06
22.94 2.03521e-07
22.96 2.08985e-06
22.98 1.75164e-06
23 -5.98424e-09
23.02 -6.60439e-07
23.04 2.34039e-07
23.06 6.93115e-07
23.08 -5.07357e-07
23.1 -1.90008e-06
23.12 -1.42026e-06
23.14 3.27512e-07
23.16 6.76969e-07
23.18 -9.14064e-07
23.2 -1.69076e-06
23.22 1.02789e-07
23.24 2.22013e-06
23.26 1.8992e-06
23.28 2.17018e-07
23.3 7.75408e-08
23.32 1.49129e-06
23.34 1.89312e-06
23.36 3.69913e-07
23.38 -1.13475e-06
23.4 -1.19001e-06
23.42 -9.10904e-07
23.44 -1.44725e-06
23.46 -1.82404e-06
23.48 -8.6269e-07
23.5 3.3611e-07
23.52 -4.9295e-08
23.54 -1.33851e-06
23.56 -1.20422e-06
23.58 6.46002e-07
23.6 1.91473e-06
23.62 1.09383e-06
23.64 -3.41353e-07
23.66 -2.5677e-07
23.68 1.08996e-06
23.7 1.87968e-06
23.72 1.29162e-06
23.74 1.78866e-07
23.76 -1.72656e-07
23.78 3.36536e-07
23.8 6.46192e-07
23.82 2.73508e-07
23.84 -1.69942e-07
23.86 -3.37871e-07
23.88 -5.76888e-07
23.9 -8.69029e-07
23.92 -5.8995e-07
23.94 1.181e-07
23.96 -1.82408e-08
23.98 -1.16697e-06
24 -1.5877e-06
24.02 -8.94429e-08
24.04 2.15151e-06
24.06 2.60243e-06
24.08 6.9992e-07
24.1 -9.97586e-07
24.12 -6.52085e-07
24.14 4.80516e-07
24.16 7.32042e-07
24.18 1.66496e-07
24.2 -5.26666e-07
24.22 -8.74151e-07
24.24 -6.02874e-07
24.26 4.45493e-08
24.28 6.45684e-07
24.3 9.07275e-07
24.32 5.42275e-07
24.34 -4.68433e-07
24.36 -1.449e-06
24.38 -1.45327e-06
24.4 -5.93286e-07
24.42 2.28512e-08
24.44 8.40327e-11
24.46 1.04572e-08
24.48 2.79115e-07
24.5 1.96189e-07
24.52 -3.30058e-07
24.54 -5.8913e-07
24.56 -1.68846e-07
24.58 5.30188e-07
24.6 7.54652e-07
24.62 3.1557e-07
24.64 4.18221e-09
24.66 5.0892e-07
24.68 1.16535e-06
24.7 7.23928e-07
24.72 -6.53876e-07
24.74 -1.23422e-06
24.76 -2.08239e-07
24.78 1.07356e-06
24.8 1.17671e-06
24.82 4.24172e-07
24.84 2.03598e-07
24.86 9.77062e-07
24.88 1.54263e-06
24.9 9.2188e-07
24.92 8.21757e-08
24.94 3.6606e-07
24.96 1.26115e-06
24.98 1.3158e-06
25 4.33668e-07
25.02 -8.18087e-08
25.04 4.59448e-07
25.06 1.16766e-06
25.08 9.20075e-07
25.1 -2.84174e-08
25.12 -3.37311e-07
25.14 4.99903e-07
25.16 1.2474e-06
25.18 7.22378e-07
25.2 -3.80231e-07
25.22 -6.39104e-07
25.24 -3.24865e-08
25.26 1.7257e-07
25.28 -6.57941e-07
25.3 -1.62402e-06
25.32 -1.63513e-06
25.34 -7.44911e-07
25.36 1.52185e-07
25.38 2.5824e-07
25.4 -3.61901e-07
25.42 -7.61287e-07
25.44 -3.41547e-07
25.46 2.18765e-07
25.48 -1.49651e-08
25.5 -7.59098e-07
25.52 -8.52459e-07
25.54 -2.10358e-08
25.56 6.64859e-07
25.58 4.46374e-07
25.6 -2.60817e-08
25.62 2.31537e-07
25.64 9.85228e-07
25.66 1.1282e-06
25.68 3.58245e-07
25.7 -3.65754e-07
25.72 -1.46008e-07
25.74 5.16895e-07
25.76 3.60921e-07
25.78 -6.06971e-07
25.8 -1.0192e-06
25.82 -3.55158e-07
25.84 3.36714e-07
25.86 2.21255e-07
25.88 -2.58653e-07
25.9 -3.99161e-07
25.92 -2.39928e-07
25.94 -2.0695e-07
25.96 -3.58595e-07
25.98 -4.77195e-07
26 -5.59717e-07
26.02 -7.34587e-07
26.04 -9.36037e-07
26.06 -8.80884e-07
26.08 -4.31634e-07
26.1 -4.33461e-08
26.12 -3.37935e-07
26.14 -1.01933e-06
26.16 -1.08391e-06
26.18 -3.39801e-07
26.2 2.66929e-07
26.22 5.71572e-08
26.24 -4.75568e-07
26.26 -4.3629e-07
26.28 1.93948e-07
26.3 4.9351e-07
26.32 1.87561e-08
26.34 -4.67887e-07
26.36 -2.96208e-07
26.38 6.22547e-08
26.4 -9.76545e-08
26.42 -5.87294e-07
26.44 -7.13274e-07
26.46 -3.13001e-07
26.48 1.93314e-07
26.5 3.9982e-07
26.52 1.77598e-07
26.54 -2.19611e-07
26.56 -2.98291e-07
26.58 1.77012e-07
26.6 8.70268e-07
26.62 1.11605e-06
26.64 6.65547e-07
26.66 6.25877e-08
26.68 -3.15425e-09
26.7 4.31975e-07
26.72 6.10144e-07
26.74 1.3149e-07
26.76 -4.05074e-07
26.78 -3.92158e-07
26.8 -6.18979e-08
26.82 2.435e-09
26.84 -3.69647e-07
26.86 -7.04657e-07
26.88 -5.81306e-07
26.9 -3.06026e-07
26.92 -2.70594e-07
26.94 -2.573e-07
26.96 4.83722e-08
26.98 3.52598e-07
27 1.14894e-07
27.02 -3.7925e-07
27.04 -2.48698e-07
27.06 4.23625e-07
27.08 5.37654e-07
27.1 -2.29655e-07
27.12 -7.66792e-07
27.14 -1.92669e-07
27.16 6.94656e-07
27.18 5.48339e-07
27.2 -4.80617e-07
27.22 -9.45674e-07
27.24 -2.55026e-07
27.26 4.83789e-07
27.28 2.10649e-07
27.3 -5.22852e-07
27.32 -5.17603e-07
27.34 2.93067e-07
27.36 8.3641e-07
27.38 5.16511e-07
27.4 -2.4487e-08
27.42 7.51318e-09
27.44 5.46594e-07
27.46 8.77187e-07
27.48 5.25244e-07
27.5 -1.00611e-07
27.52 -3.25525e-07
27.54 -2.33889e-07
27.56 -3.57752e-07
27.58 -7.50201e-07
27.6 -9.59052e-07
27.62 -7.81183e-07
27.64 -6.31911e-07
27.66 -8.22524e-07
27.68 -9.89477e-07
27.7 -7.10967e-07
27.72 -1.32884e-07
27.74 3.37228e-07
27.76 5.80414e-07
27.78 7.35057e-07
27.8 8.55422e-07
27.82 8.86963e-07
27.84 8.33202e-07
27.86 7.20876e-07
27.88 4.90952e-07
27.9 1.73632e-07
27.92 -3.12862e-08
27.94 -4.13959e-08
27.96 5.19759e-08
27.98 1.18948e-07
28 2.93611e-08
28.02 -1.15363e-07
28.04 -8.4012e-08
28.06 7.64869e-09
28.08 -1.11994e-07
28.1 -3.95055e-07
28.12 -4.33449e-07
28.14 -2.48084e-08
28.16 2.65145e-07
28.18 -5.14287e-08
28.2 -3.44115e-07
28.22 1.08621e-07
28.24 8.4331e-07
28.26 1.04626e-06
28.28 8.10619e-07
28.3 8.0793e-07
28.32 1.20051e-06
28.34 1.38575e-06
28.36 4.30573e-07
28.38 -1.54141e-06
28.4 -2.50805e-06
28.42 -1.02769e-06
28.44 1.12207e-06
28.46 9.03716e-07
28.48 -1.38706e-06
28.5 -2.19245e-06
28.52 -1.19364e-07
28.54 1.9882e-06
28.56 1.46989e-06
28.58 -4.29867e-07
28.6 -8.9959e-07
28.62 1.77849e-07
28.64 7.11134e-07
28.66 1.32055e-07
28.68 -1.01936e-07
28.7 6.62899e-07
28.72 1.20991e-06
28.74 3.87054e-07
28.76 -1.11333e-06
28.78 -1.43643e-06
28.8 1.95855e-08
28.82 1.38819e-06
28.84 6.52206e-07
28.86 -1.1324e-06
28.88 -1.1464e-06
28.9 7.71437e-07
28.92 1.89734e-06
28.94 9.2329e-07
28.96 -3.20165e-07
28.98 -5.489e-08
29 7.63829e-07
29.02 4.30484e-07
29.04 -4.13819e-07
29.06 -1.77506e-08
29.08 1.15591e-06
29.1 1.06617e-06
29.12 -4.6052e-07
29.14 -1.37542e-06
29.16 -5.85516e-07
29.18 4.61065e-07
29.2 1.24078e-07
29.22 -9.45621e-07
29.24 -1.07719e-06
29.26 -2.43113e-07
29.28 2.43034e-07
29.3 -9.95904e-08
29.32 -5.40499e-07
29.34 -4.76582e-07
29.36 -1.10902e-07
29.38 1.4189e-07
29.4 2.39682e-07
29.42 2.71533e-07
29.44 1.95484e-07
29.46 4.47541e-08
29.48 1.68784e-08
29.5 1.54019e-07
29.52 2.26924e-07
29.54 1.9102e-08
29.56 -4.81686e-07
29.58 -9.29554e-07
29.6 -7.80283e-07
29.62 -9.15825e-08
29.64 2.09705e-07
29.66 -3.93824e-07
29.68 -1.03475e-06
29.7 -7.72124e-07
29.72 -6.18464e-08
29.74 3.38401e-08
29.76 -5.04078e-07
29.78 -6.45007e-07
29.8 -5.74284e-09
29.82 5.28903e-07
29.84 3.28455e-07
29.86 -4.00807e-08
29.88 1.33408e-07
29.9 6.19323e-07
29.92 7.83876e-07
29.94 5.60353e-07
29.96 3.44046e-07
29.98 2.76117e-07
30 5.80975e-08
30.02 -4.47495e-07
30.04 -8.2244e-07
30.06 -6.97607e-07
30.08 -4.32001e-07
30.1 -5.23086e-07
30.12 -6.88446e-07
30.14 -3.30438e-07
30.16 3.84019e-07
30.18 6.87406e-07
30.2 3.6971e-07
30.22 2.22988e-08
30.24 1.30886e-07
30.26 5.26967e-07
30.28 7.52899e-07
30.3 6.79222e-07
30.32 6.065e-07
30.34 6.59004e-07
30.36 5.80377e-07
30.38 2.99319e-07
30.4 4.60672e-08
30.42 -5.18689e-08
30.44 -2.11952e-07
30.46 -6.62673e-07
30.48 -1.09538e-06
30.5 -9.50365e-07
30.52 -2.57764e-07
30.54 2.29646e-07
30.56 1.85007e-09
30.58 -4.20216e-07
30.6 -2.28084e-07
30.62 4.7103e-07
30.64 8.73859e-07
30.66 6.66149e-07
30.68 3.51069e-07
30.7 4.56839e-07
30.72 7.92977e-07
30.74 6.44315e-07
30.76 -7.87034e-08
30.78 -4.44668e-07
30.8 9.42465e-09
30.82 4.33386e-07
30.84 1.30613e-07
30.86 -3.59258e-07
30.88 -2.2431e-07
30.9 4.7448e-07
30.92 9.75169e-07
30.94 7.73276e-07
30.96 2.05558e-07
30.98 2.76549e-09
31 2.41102e-07
31.02 2.63966e-07
31.04 -1.56327e-07
31.06 -4.48895e-07
31.08 -3.14252e-07
31.1 -1.69698e-07
31.12 -2.40347e-07
31.14 -1.59951e-07
31.16 2.38322e-07
31.18 5.07952e-07
31.2 2.95307e-07
31.22 -6.9695e-08
31.24 -3.31993e-08
31.26 3.96931e-07
31.28 6.08632e-07
31.3 2.49812e-07
31.32 -1.72444e-07
31.34 -1.10438e-08
31.36 5.15514e-07
31.38 5.99359e-07
31.4 1.2865e-07
31.42 -6.05503e-08
31.44 3.70054e-07
31.46 6.54343e-07
31.48 2.7774e-07
31.5 -2.61772e-07
31.52 -3.67344e-07
31.54 -1.31016e-07
31.56 -3.26126e-08
31.58 -2.53051e-07
31.6 -4.63207e-07
31.62 -3.19975e-07
31.64 -5.17658e-08
31.66 -1.55364e-07
31.68 -5.57661e-07
31.7 -7.07021e-07
31.72 -4.43239e-07
31.74 -1.71274e-07
31.76 -2.11821e-07
31.78 -3.88666e-07
31.8 -3.45642e-07
31.82 -1.16692e-07
31.84 -5.45416e-08
31.86 -1.47408e-07
31.88 -1.65071e-08
31.9 3.2126e-07
31.92 4.02275e-07
31.94 1.17384e-07
31.96 -3.23877e-08
31.98 2.77493e-07
32 6.07968e-07
32.02 3.90824e-07
32.04 -1.89511e-07
32.06 -4.42661e-07
32.08 -1.80763e-07
32.1 6.08863e-08
32.12 -1.49766e-07
32.14 -5.72184e-07
32.16 -6.53517e-07
32.18 -2.85203e-07
32.2 1.61054e-08
32.22 -1.66748e-07
32.24 -5.35901e-07
32.26 -5.37667e-07
32.28 -1.87746e-07
32.3 -1.90919e-08
32.32 -2.93349e-07
32.34 -6.45453e-07
32.36 -5.98729e-07
32.38 -2.57053e-07
32.4 -1.76739e-07
32.42 -4.76506e-07
32.44 -6.47317e-07
32.46 -3.83562e-07
32.48 -1.34216e-08
32.5 -2.17092e-08
32.52 -4.04331e-07
32.54 -5.92982e-07
32.56 -2.05966e-07
32.58 2.91772e-07
32.6 2.09868e-07
32.62 -2.49349e-07
32.64 -2.41256e-07
32.66 3.81004e-07
32.68 7.92391e-07
32.7 4.51049e-07
32.72 -1.13042e-07
32.74 -1.61971e-07
32.76 1.04181e-07
32.78 -3.10811e-08
32.8 -5.10176e-07
32.82 -6.09977e-07
32.84 -1.20569e-07
32.86 3.7039e-07
32.88 3.85343e-07
32.9 2.54175e-07
32.92 4.6357e-07
32.94 7.75764e-07
32.96 6.54888e-07
32.98 1.98497e-07
33 -3.96417e-08
33.02 7.51541e-08
33.04 1.5774e-07
33.06 -1.12612e-08
33.08 -1.92845e-07
33.1 -1.57637e-07
33.12 -6.29212e-08
33.14 -1.2677e-07
33.16 -2.19775e-07
33.18 -1.48801e-07
33.2 1.351e-08
33.22 1.25562e-07
33.24 1.28956e-07
33.26 5.1001e-08
33.28 -3.70261e-08
33.3 -1.48909e-07
33.32 -2.54771e-07
33.34 -1.25564e-07
33.36 2.87234e-07
33.38 5.50499e-07
33.4 2.83952e-07
33.42 -2.03097e-07
33.44 -2.42345e-07
33.46 2.34043e-07
33.48 4.86852e-07
33.5 4.08954e-08
33.52 -5.14098e-07
33.54 -4.33869e-07
33.56 7.1098e-08
33.58 3.14278e-07
33.6 1.3603e-07
33.62 -7.6799e-08
33.64 -4.92119e-08
33.66 2.44536e-08
33.68 -1.70638e-07
33.7 -5.00042e-07
33.72 -5.0088e-07
33.74 -1.71622e-07
33.76 -2.8989e-08
33.78 -1.69105e-07
33.8 -7.92811e-08
33.82 3.86517e-07
33.84 6.67297e-07
33.86 4.46239e-07
33.88 1.7239e-07
33.9 3.20867e-07
33.92 6.87529e-07
33.94 7.23874e-07
33.96 3.69946e-07
33.98 1.82571e-07
34 4.68307e-07
34.02 7.28328e-07
34.04 4.47681e-07
34.06 -2.71727e-08
34.08 -1.00461e-07
34.1 9.85022e-08
34.12 1.03418e-07
34.14 -1.33428e-07
34.16 -3.11112e-07
34.18 -2.23374e-07
34.2 -3.27637e-09
34.22 6.72284e-08
34.24 -8.48553e-08
34.26 -2.5284e-07
34.28 -2.08908e-07
34.3 2.79283e-08
34.32 1.8306e-07
34.34 4.96196e-08
34.36 -1.54526e-07
34.38 2.29934e-08
34.4 5.47751e-07
34.42 8.06107e-07
34.44 5.38062e-07
34.46 2.36769e-07
34.48 3.33411e-07
34.5 5.12789e-07
34.52 2.54808e-07
34.54 -2.89537e-07
34.56 -5.05488e-07
34.58 -2.06011e-07
34.6 1.67331e-07
34.62 2.20391e-07
34.64 6.05568e-08
34.66 -1.59315e-08
34.68 3.37752e-08
34.7 1.94728e-08
34.72 -1.48329e-07
34.74 -3.29364e-07
34.76 -3.72062e-07
34.78 -2.70738e-07
34.8 -1.10546e-07
34.82 -1.03231e-08
34.84 2.54764e-08
34.86 1.4057e-07
34.88 2.92756e-07
34.9 2.76318e-07
34.92 1.86853e-07
34.94 2.99187e-07
34.96 5.58422e-07
34.98 6.49903e-07
35 4.21321e-07
35.02 8.51809e-08
35.04 4.23523e-09
35.06 1.65637e-07
35.08 1.34985e-07
35.1 -2.39581e-07
35.12 -5.30718e-07
35.14 -4.62432e-07
35.16 -3.71073e-07
35.18 -5.41403e-07
35.2 -6.84069e-07
35.22 -4.2105e-07
35.24 6.25968e-08
35.26 2.14719e-07
35.28 -8.80456e-08
35.3 -3.31476e-07
35.32 -7.63247e-08
35.34 3.39036e-07
35.36 2.42358e-07
35.38 -2.34943e-07
35.4 -2.72668e-07
35.42 3.06732e-07
35.44 7.39468e-07
35.46 4.59677e-07
35.48 -9.89528e-08
35.5 -1.57633e-07
35.52 1.9503e-07
35.54 1.84527e-07
35.56 -3.1631e-07
35.58 -6.55625e-07
35.6 -5.47812e-07
35.62 -4.00573e-07
35.64 -5.03684e-07
35.66 -5.97426e-07
35.68 -4.06723e-07
35.7 -1.52147e-07
35.72 -1.36823e-07
35.74 -2.62094e-07
35.76 -3.3981e-07
35.78 -2.5038e-07
35.8 1.5523e-07
35.82 5.76352e-07
35.84 3.50669e-07
35.86 -3.19924e-07
35.88 -4.56376e-07
35.9 1.13316e-08
35.92 1.61897e-07
35.94 -1.26843e-07
35.96 8.33474e-08
35.98 8.31997e-07
36 8.21155e-07
36.02 -2.15325e-07
36.04 -7.28108e-07
36.06 5.64306e-08
36.08 8.97415e-07
36.1 7.28432e-07
36.12 1.64561e-07
36.14 4.65266e-08
36.16 9.07313e-08
36.18 6.48771e-09
36.2 2.24574e-07
36.22 6.7471e-07
36.24 6.625e-07
36.26 5.1568e-08
36.28 -6.24517e-07
36.3 -8.48565e-07
36.32 -6.44363e-07
36.34 -5.23295e-07
36.36 -6.44181e-07
36.38 -5.9081e-07
36.4 -1.87415e-07
36.42 2.71929e-07
36.44 4.61375e-07
36.46 1.73589e-07
36.48 -3.14383e-07
36.5 -1.34012e-08
36.52 1.35617e-06
36.54 2.25561e-06
36.56 1.37463e-06
36.58 -7.35266e-08
36.6 -1.57633e-08
36.62 1.19619e-06
36.64 1.2352e-06
36.66 -3.09148e-07
36.68 -1.15198e-06
36.7 -4.09886e-07
36.72 -4.03679e-08
36.74 -9.00659e-07
36.76 -1.0091e-06
36.78 5.14919e-07
36.8 1.17628e-06
36.82 -5.95984e-07
36.84 -2.13326e-06
36.86 -8.56277e-07
36.88 1.18422e-06
36.9 5.31901e-07
36.92 -2.02866e-06
36.94 -2.65044e-06
36.96 -3.36209e-07
36.98 2.03425e-06
37 1.83291e-06
37.02 -2.74622e-07
37.04 -1.12963e-06
37.06 8.51761e-07
37.08 3.04189e-06
37.1 2.07412e-06
37.12 -8.35242e-07
37.14 -1.59877e-06
37.16 3.53909e-07
37.18 1.4558e-06
37.2 -2.30397e-07
37.22 -2.39961e-06
37.24 -2.54116e-06
37.26 -1.11094e-06
37.28 1.82114e-07
37.3 4.33793e-07
37.32 -2.24053e-07
37.34 -9.19688e-07
37.36 -9.24327e-07
37.38 -4.55524e-07
37.4 -2.27902e-07
37.42 -3.39894e-07
37.44 -2.32393e-07
37.46 2.51069e-07
37.48 6.78863e-07
37.5 7.34125e-07
37.52 4.88348e-07
37.54 2.84112e-07
37.56 5.64276e-07
37.58 1.30847e-06
37.6 1.64022e-06
37.62 8.83335e-07
37.64 -3.15956e-07
37.66 -8.12215e-07
37.68 -2.69907e-07
37.7 6.34264e-07
37.72 7.74687e-07
37.74 -1.30622e-07
37.76 -8.71063e-07
37.78 -3.59445e-07
37.8 6.4735e-07
37.82 4.12533e-07
37.84 -1.28785e-06
37.86 -2.41293e-06
37.88 -1.4276e-06
37.9 2.19164e-07
37.92 3.66761e-07
37.94 -5.55306e-07
37.96 -7.22674e-07
37.98 9.31482e-08
38 6.25343e-07
38.02 2.73345e-07
38.04 -2.24184e-07
38.06 -5.43345e-08
38.08 4.7012e-07
38.1 4.70381e-07
38.12 -2.92696e-08
38.14 -2.64636e-07
38.16 4.34109e-08
38.18 4.95034e-07
38.2 6.57193e-07
38.22 6.22537e-07
38.24 6.68194e-07
38.26 5.62376e-07
38.28 -3.65192e-08
38.3 -7.88402e-07
38.32 -9.53335e-07
38.34 -3.72295e-07
38.36 1.98442e-07
38.38 -9.35669e-09
38.4 -5.96847e-07
38.42 -4.6226e-07
38.44 5.10843e-07
38.46 1.20759e-06
38.48 7.98699e-07
38.5 -1.75183e-07
38.52 -5.61479e-07
38.54 -1.61713e-07
38.56 1.40963e-07
38.58 -2.5112e-07
38.6 -8.92018e-07
38.62 -9.93859e-07
38.64 -4.96541e-07
38.66 -9.11958e-08
38.68 -1.84188e-07
38.7 -4.0136e-07
38.72 -2.64229e-07
38.74 1.7044e-07
38.76 4.86889e-07
38.78 4.60668e-07
38.8 2.82469e-07
38.82 2.17671e-07
38.84 1.91889e-07
38.86 -6.56125e-08
38.88 -4.80375e-07
38.9 -6.12962e-07
38.92 -3.81013e-07
38.94 -2.56579e-07
38.96 -4.34889e-07
38.98 -4.37458e-07
39 8.8363e-08
39.02 7.21953e-07
39.04 8.80234e-07
39.06 7.03483e-07
39.08 8.05312e-07
39.1 1.27779e-06
39.12 1.439e-06
39.14 7.5183e-07
39.16 -2.98372e-07
39.18 -6.97959e-07
39.2 -2.4429e-07
39.22 1.92458e-07
39.24 -7.05721e-08
39.26 -5.82696e-07
39.28 -4.98039e-07
39.3 1.08509e-07
39.32 3.45412e-07
39.34 -1.14842e-07
39.36 -5.8654e-07
39.38 -4.95888e-07
39.4 -1.40565e-07
39.42 -4.21986e-08
39.44 -2.15321e-07
39.46 -3.37785e-07
39.48 -2.3035e-07
39.5 7.40167e-09
39.52 2.02722e-07
39.54 2.79508e-07
39.56 2.39513e-07
39.58 1.34637e-07
39.6 1.0772e-07
39.62 3.35776e-07
39.64 7.39505e-07
39.66 9.39255e-07
39.68 7.44962e-07
39.7 4.7459e-07
39.72 4.80291e-07
39.74 5.42392e-07
39.76 2.45036e-07
39.78 -2.2705e-07
39.8 -3.59222e-07
39.82 -1.43661e-07
39.84 -1.17489e-08
39.86 -1.73647e-07
39.88 -3.89346e-07
39.9 -3.55886e-07
39.92 -1.23141e-07
39.94 5.32079e-08
39.96 8.09221e-08
39.98 1.45228e-08
40 -8.04038e-08
40.02 -1.11664e-07
40.04 -3.77401e-08
40.06 4.78472e-08
40.08 -8.53823e-09
40.1 -1.43203e-07
40.12 -3.70628e-08
40.14 3.05412e-07
40.16 4.17894e-07
40.18 1.62512e-07
40.2 -4.6035e-08
40.22 3.97945e-09
40.24 6.07427e-08
40.26 -1.02278e-07
40.28 -3.6812e-07
40.3 -4.42076e-07
40.32 -2.5939e-07
40.34 -9.05412e-08
40.36 -1.39755e-07
40.38 -2.61753e-07
40.4 -1.73948e-07
40.42 1.96246e-07
40.44 5.61611e-07
40.46 6.1696e-07
40.48 4.63957e-07
40.5 4.0493e-07
40.52 4.87679e-07
40.54 4.22349e-07
40.56 2.54229e-08
40.58 -2.81555e-07
40.6 -7.17832e-09
40.62 4.47559e-07
40.64 2.67225e-07
40.66 -5.48742e-07
40.68 -1.11775e-06
40.7 -8.27175e-07
40.72 -2.05151e-07
40.74 -1.95072e-07
40.76 -8.05613e-07
40.78 -1.1651e-06
40.8 -7.71257e-07
40.82 -4.47127e-08
40.84 3.25717e-07
40.86 2.33746e-07
40.88 1.37994e-07
40.9 2.26158e-07
40.92 2.40546e-07
40.94 1.59558e-07
40.96 2.21125e-07
40.98 4.06472e-07
41 5.09137e-07
41.02 4.27068e-07
41.04 2.02049e-07
41.06 4.85938e-08
41.08 1.09187e-07
41.1 2.03809e-07
41.12 1.4704e-07
41.14 -6.8092e-09
41.16 -1.32311e-07
41.18 -2.21531e-07
41.2 -3.5555e-07
41.22 -5.19055e-07
41.24 -5.65999e-07
41.26 -4.24137e-07
41.28 -2.80999e-07
41.3 -3.50656e-07
41.32 -4.67555e-07
41.34 -3.28357e-07
41.36 -2.62085e-08
41.38 1.12111e-07
41.4 3.07175e-08
41.42 7.095e-09
41.44 2.6561e-07
41.46 6.27187e-07
41.48 7.13709e-07
41.5 4.72609e-07
41.52 2.66104e-07
41.54 3.73289e-07
41.56 6.15401e-07
41.58 6.02452e-07
41.6 2.43066e-07
41.62 -1.07648e-07
41.64 -1.12597e-07
41.66 8.30467e-08
41.68 1.01959e-07
41.7 -1.24058e-07
41.72 -3.52026e-07
41.74 -4.47936e-07
41.76 -4.96286e-07
41.78 -5.43687e-07
41.8 -5.425e-07
41.82 -4.37583e-07
41.84 -1.8559e-07
41.86 1.29535e-07
41.88 2.98977e-07
41.9 2.70731e-07
41.92 2.70204e-07
41.94 4.56857e-07
41.96 6.59549e-07
41.98 6.38722e-07
42 4.15999e-07
42.02 2.08996e-07
42.04 1.20422e-07
42.06 3.19059e-08
42.08 -1.39043e-07
42.1 -2.34833e-07
42.12 -9.70975e-08
42.14 1.35899e-07
42.16 1.99006e-07
42.18 4.23679e-08
42.2 -1.26682e-07
42.22 -1.10577e-07
42.24 4.69634e-09
42.26 -2.23382e-08
42.28 -2.34017e-07
42.3 -4.29438e-07
42.32 -4.55999e-07
42.34 -3.65213e-07
42.36 -2.37348e-07
42.38 -1.21851e-07
42.4 -6.28379e-08
42.42 1.83704e-08
42.44 1.68752e-07
42.46 2.49574e-07
42.48 1.8818e-07
42.5 9.71335e-08
42.52 1.21622e-07
42.54 2.63607e-07
42.56 3.58768e-07
42.58 2.91892e-07
42.6 1.62373e-07
42.62 1.61422e-07
42.64 2.82105e-07
42.66 2.98915e-07
42.68 1.35511e-07
42.7 1.78013e-08
42.72 1.25942e-07
42.74 2.87531e-07
42.76 1.8656e-07
42.78 -1.41964e-07
42.8 -2.58465e-07
42.82 9.58246e-09
42.84 1.79804e-07
42.86 -1.40178e-07
42.88 -5.73068e-07
42.9 -5.49882e-07
42.92 -1.55291e-07
42.94 2.23639e-08
42.96 -2.7869e-07
42.98 -6.26204e-07
43 -4.86983e-07
43.02 2.87181e-08
43.04 3.20631e-07
43.06 1.41071e-07
43.08 -1.14331e-07
43.1 -1.52109e-08
43.12 3.34034e-07
43.14 4.76749e-07
43.16 2.81167e-07
43.18 1.11101e-07
43.2 2.06456e-07
43.22 3.22286e-07
43.24 1.78747e-07
43.26 -1.11949e-07
43.28 -2.42563e-07
43.3 -1.7098e-07
43.32 -1.75789e-07
43.34 -3.92064e-07
43.36 -5.9261e-07
43.38 -5.50355e-07
43.4 -3.58796e-07
43.42 -2.23799e-07
43.44 -1.44715e-07
43.46 -1.17606e-08
43.48 1.75852e-07
43.5 3.19528e-07
43.52 3.57587e-07
43.54 3.26247e-07
43.56 2.83369e-07
43.58 2.3183e-07
43.6 1.27905e-07
43.62 -1.25766e-08
43.64 -8.3093e-08
43.66 -3.49589e-08
43.68 2.35908e-08
43.7 -4.82113e-08
43.72 -2.0122e-07
43.74 -2.19097e-07
43.76 -7.6198e-08
43.78 -1.87278e-09
43.8 -5.66474e-08
43.82 -5.82546e-08
43.84 5.41855e-08
43.86 9.37288e-08
43.88 -7.609e-08
43.9 -2.68629e-07
43.92 -2.21384e-07
43.94 -3.40696e-08
43.96 -5.12157e-08
43.98 -2.82815e-07
44 -3.54842e-07
44.02 -1.15542e-07
44.04 1.3138e-07
44.06 1.00418e-07
44.08 -9.01425e-08
44.1 -1.40365e-07
44.12 1.35168e-08
44.14 1.3813e-07
44.16 5.28247e-08
44.18 -1.3422e-07
44.2 -2.1208e-07
44.22 -1.61012e-07
44.24 -1.366e-07
44.26 -2.16634e-07
44.28 -3.17665e-07
44.3 -3.28903e-07
44.32 -2.34549e-07
44.34 -9.99201e-08
44.36 -2.32517e-08
44.38 -4.33011e-08
44.4 -3.01601e-08
44.42 1.34028e-07
44.44 3.27191e-07
44.46 3.84125e-07
44.48 3.08384e-07
44.5 1.72237e-07
44.52 3.85968e-08
44.54 -4.18662e-08
44.56 -8.3966e-08
44.58 -1.45928e-07
44.6 -2.36413e-07
44.62 -2.89537e-07
44.64 -2.45036e-07
44.66 -1.39694e-07
44.68 -8.5114e-08
44.7 -1.24909e-07
44.72 -1.35143e-07
44.74 -1.9768e-08
44.76 1.13373e-07
44.78 1.26806e-07
44.8 2.82195e-08
44.82 -5.72249e-08
44.84 -1.44684e-08
44.86 1.27366e-07
44.88 2.16639e-07
44.9 1.57763e-07
44.92 2.86292e-08
44.94 -1.06396e-08
44.96 6.15996e-08
44.98 9.17382e-08
45 -2.20361e-08
45.02 -1.62399e-07
45.04 -1.40157e-07
45.06 3.57808e-08
45.08 1.49033e-07
45.1 5.03469e-08
45.12 -1.0418e-07
45.14 -6.98209e-08
45.16 8.65315e-08
45.18 9.45535e-08
45.2 -8.6214e-08
45.22 -1.7065e-07
45.24 4.88197e-08
45.26 3.70304e-07
45.28 4.46784e-07
45.3 2.43952e-07
45.32 8.73838e-08
45.34 2.11304e-07
45.36 3.45658e-07
45.38 1.37462e-07
45.4 -2.3653e-07
45.42 -2.96388e-07
45.44 6.21718e-08
45.46 3.12164e-07
45.48 3.58043e-08
45.5 -3.67091e-07
45.52 -2.97293e-07
45.54 9.87564e-08
45.56 1.75213e-07
45.58 -1.82374e-07
45.6 -3.95639e-07
45.62 -1.14044e-07
45.64 2.42921e-07
45.66 1.08923e-07
45.68 -3.44136e-07
45.7 -4.30805e-07
45.72 -6.10092e-09
45.74 2.94933e-07
45.76 3.70755e-09
45.78 -4.56368e-07
45.8 -3.60388e-07
45.82 2.14595e-07
45.84 4.74165e-07
45.86 1.20106e-07
45.88 -2.0315e-07
45.9 6.59938e-08
45.92 5.58377e-07
45.94 5.95411e-07
45.96 1.86563e-07
45.98 -1.09037e-07
46 -4.47307e-08
46.02 1.22453e-07
46.04 1.08093e-07
46.06 -5.63799e-08
46.08 -1.37513e-07
46.1 -1.14171e-07
46.12 -1.46382e-07
46.14 -2.43447e-07
46.16 -2.96746e-07
46.18 -2.13686e-07
46.2 1.01109e-08
46.22 1.74439e-07
46.24 5.55568e-08
46.26 -1.54952e-07
46.28 -5.09972e-08
46.3 2.47328e-07
46.32 2.66174e-07
46.34 8.6422e-09
46.36 -1.05422e-07
46.38 8.53251e-08
46.4 2.82401e-07
46.42 1.73322e-07
46.44 -8.10109e-08
46.46 -7.72372e-08
46.48 1.52383e-07
46.5 1.86099e-07
46.52 -6.71529e-08
46.54 -2.37804e-07
46.56 -9.10215e-08
46.58 1.34033e-07
46.6 9.4357e-08
46.62 -1.4019e-07
46.64 -2.06963e-07
46.66 -2.06715e-08
46.68 1.013e-07
46.7 -6.46555e-08
46.72 -2.76885e-07
46.74 -1.84163e-07
46.76 9.16174e-08
46.78 1.67796e-07
46.8 1.52902e-08
46.82 -4.63882e-08
46.84 1.42999e-07
46.86 2.5944e-07
46.88 1.19135e-09
46.9 -3.17356e-07
46.92 -2.50687e-07
46.94 1.08832e-07
46.96 2.94501e-07
46.98 9.0244e-08
47 -1.88519e-07
47.02 -1.65293e-07
47.04 8.61955e-08
47.06 1.95823e-07
47.08 -3.50254e-08
47.1 -3.33691e-07
47.12 -2.23963e-07
47.14 1.92567e-07
47.16 2.50681e-07
47.18 -2.05167e-07
47.2 -5.12451e-07
47.22 -1.95936e-07
47.24 3.03472e-07
47.26 2.77171e-07
47.28 -1.45978e-07
47.3 -1.89552e-07
47.32 3.36929e-07
47.34 7.65711e-07
47.36 6.14609e-07
47.38 2.24328e-07
47.4 1.16675e-07
47.42 1.86045e-07
47.44 -1.6148e-08
47.46 -3.74998e-07
47.48 -3.14626e-07
47.5 1.45164e-07
47.52 2.94926e-07
47.54 -7.42395e-08
47.56 -2.73427e-07
47.58 7.74096e-08
47.6 3.85569e-07
47.62 1.07563e-07
47.64 -3.75883e-07
47.66 -4.13158e-07
47.68 -7.3984e-08
47.7 5.75007e-08
47.72 -1.85487e-07
47.74 -3.21441e-07
47.76 -2.21633e-08
47.78 3.2622e-07
47.8 2.36039e-07
47.82 -1.16186e-07
47.84 -2.06961e-07
47.86 1.6386e-08
47.88 1.1283e-07
47.9 -1.24137e-07
47.92 -3.18084e-07
47.94 -1.48816e-07
47.96 9.15146e-08
47.98 2.05579e-08
48 -1.90344e-07
48.02 -1.23042e-07
48.04 1.96131e-07
48.06 2.93859e-07
48.08 -5.17816e-08
48.1 -4.27031e-07
48.12 -2.96044e-07
48.14 2.4152e-07
48.16 4.37863e-07
48.18 -5.78329e-08
48.2 -5.4457e-07
48.22 -3.18409e-07
48.24 2.27064e-07
48.26 2.84864e-07
48.28 -1.48196e-07
48.3 -3.35571e-07
48.32 1.16407e-07
48.34 6.07378e-07
48.36 4.08699e-07
48.38 -1.5923e-07
48.4 -2.23054e-07
48.42 2.83063e-07
48.44 5.5686e-07
48.46 1.8941e-07
48.48 -2.62473e-07
48.5 -2.07034e-07
48.52 1.39456e-07
48.54 1.45036e-07
48.56 -2.8985e-07
48.58 -5.51872e-07
48.6 -2.62597e-07
48.62 1.16355e-07
48.64 2.98171e-09
48.66 -3.78839e-07
48.68 -3.10742e-07
48.7 2.355e-07
48.72 4.90209e-07
48.74 1.03154e-07
48.76 -2.88878e-07
48.78 -4.86085e-08
48.8 4.34634e-07
48.82 3.84405e-07
48.84 -1.06483e-07
48.86 -2.7107e-07
48.88 1.1525e-07
48.9 4.2579e-07
48.92 1.82627e-07
48.94 -2.24387e-07
48.96 -1.8131e-07
48.98 2.1166e-07
49 3.31561e-07
49.02 5.18123e-09
49.04 -2.47904e-07
49.06 -4.43216e-08
49.08 2.84815e-07
49.1 2.29976e-07
49.12 -7.00227e-08
49.14 -6.41296e-08
49.16 2.84352e-07
49.18 4.30699e-07
49.2 9.82747e-08
49.22 -2.38418e-07
49.24 -8.03433e-08
49.26 2.37372e-07
49.28 1.12724e-07
49.3 -3.03039e-07
49.32 -3.80975e-07
49.34 -1.23344e-08
49.36 2.54327e-07
49.38 3.89699e-08
49.4 -2.9829e-07
49.42 -1.98942e-07
49.44 2.04171e-07
49.46 3.056e-07
49.48 -1.47533e-08
49.5 -2.52528e-07
49.52 -9.68846e-08
49.54 1.22786e-07
49.56 4.0259e-08
49.58 -1.90218e-07
49.6 -2.47398e-07
49.62 -1.56518e-07
49.64 -1.91324e-07
49.66 -4.16254e-07
49.68 -5.48446e-07
49.7 -4.04219e-07
49.72 -1.95785e-07
49.74 -1.67199e-07
49.76 -2.24727e-07
49.78 -1.27885e-07
49.8 7.56689e-08
49.82 8.90215e-08
49.84 -1.14972e-07
49.86 -1.72425e-07
49.88 1.00732e-07
49.9 3.57262e-07
49.92 2.23741e-07
49.94 -1.02485e-07
49.96 -1.68594e-07
49.98 3.28962e-08
50 1.1391e-07
50.02 -9.63046e-08
50.04 -3.02928e-07
50.06 -1.66696e-07
50.08 1.71505e-07
50.1 2.31845e-07
50.12 -9.15518e-08
50.14 -3.43498e-07
50.16 -2.01652e-07
50.18 9.11085e-08
50.2 1.34505e-07
50.22 -1.07388e-07
50.24 -2.98257e-07
50.26 -1.69491e-07
50.28 1.01638e-07
50.3 1.3568e-07
50.32 -5.52641e-08
50.34 -9.49593e-08
50.36 1.08409e-07
50.38 2.235e-07
50.4 8.17489e-08
50.42 -6.30896e-08
50.44 4.11763e-08
50.46 2.59061e-07
50.48 2.55915e-07
50.5 -1.11282e-08
50.52 -1.96585e-07
50.54 -5.55792e-08
50.56 2.08478e-07
50.58 2.42425e-07
50.6 5.28117e-08
50.62 -2.45523e-08
50.64 1.20319e-07
50.66 2.12861e-07
50.68 8.13884e-08
50.7 -6.4169e-08
50.72 9.26174e-10
50.74 1.53607e-07
50.76 1.26557e-07
50.78 -6.67683e-08
50.8 -1.42264e-07
50.82 -2.44984e-08
50.84 4.53176e-09
50.86 -1.87001e-07
50.88 -3.30702e-07
50.9 -2.2623e-07
50.92 -5.78915e-08
50.94 -6.91993e-08
50.96 -2.3141e-07
50.98 -3.25463e-07
51 -2.27526e-07
51.02 -6.29046e-08
51.04 -4.39956e-08
51.06 -1.56935e-07
51.08 -1.75703e-07
51.1 -4.2935e-08
51.12 5.01346e-08
51.14 -2.28927e-08
51.16 -1.67268e-07
51.18 -2.01115e-07
51.2 -7.25575e-08
51.22 5.50381e-08
51.24 1.87754e-08
51.26 -6.80964e-08
51.28 3.14688e-08
51.3 2.87883e-07
51.32 4.46945e-07
51.34 3.10707e-07
51.36 -1.55938e-07
51.38 -6.93771e-07
51.4 -8.7306e-07
51.42 -5.28822e-07
51.44 1.06756e-07
51.46 5.91351e-07
51.48 5.35912e-07
51.5 5.08233e-08
51.52 -1.6745e-07
51.54 2.10656e-07
51.56 5.52509e-07
51.58 2.67378e-07
51.6 -3.01315e-07
51.62 -4.32738e-07
51.64 1.1269e-08
51.66 4.59069e-07
51.68 4.17331e-07
51.7 9.00392e-08
51.72 3.11208e-09
51.74 2.2266e-07
51.76 3.15221e-07
51.78 4.73979e-08
51.8 -3.05399e-07
51.82 -3.85319e-07
51.84 -1.74013e-07
51.86 6.06509e-08
51.88 7.8711e-08
51.9 -7.03934e-08
51.92 -1.27419e-07
51.94 1.87856e-08
51.96 1.95393e-07
51.98 2.09296e-07
52 1.09055e-07
52.02 5.96602e-08
52.04 6.85269e-08
52.06 1.2734e-08
52.08 -1.16025e-07
52.1 -1.55411e-07
52.12 -3.04049e-08
52.14 4.90677e-08
52.16 -7.65983e-08
52.18 -1.78561e-07
52.2 7.91406e-09
52.22 3.29395e-07
52.24 4.00516e-07
52.26 1.61448e-07
52.28 -3.52841e-08
52.3 4.79278e-08
52.32 2.11414e-07
52.34 1.34898e-07
52.36 -1.43955e-07
52.38 -2.65847e-07
52.4 -8.95616e-08
52.42 8.70545e-08
52.44 2.5499e-09
52.46 -1.35129e-07
52.48 -1.25834e-08
52.5 2.25131e-07
52.52 2.00935e-07
52.54 -9.07908e-08
52.56 -2.65808e-07
52.58 -1.40428e-07
52.6 1.00701e-09
52.62 -9.46377e-08
52.64 -2.75416e-07
52.66 -2.65593e-07
52.68 -8.2149e-08
52.7 2.77139e-08
52.72 -1.93831e-08
52.74 -9.80097e-08
52.76 -1.04632e-07
52.78 -6.49131e-08
52.8 -6.70133e-08
52.82 -1.17366e-07
52.84 -1.30419e-07
52.86 -8.61084e-08
52.88 -7.5333e-08
52.9 -1.13829e-07
52.92 -8.1034e-08
52.94 3.34368e-08
52.96 4.6337e-08
52.98 -8.38318e-08
53 -1.3544e-07
53.02 1.22943e-08
53.04 1.70452e-07
53.06 1.30342e-07
53.08 -3.91278e-09
53.1 1.92754e-08
53.12 1.99934e-07
53.14 2.66099e-07
53.16 1.22103e-07
53.18 2.12776e-08
53.2 1.00194e-07
53.22 1.75002e-07
53.24 8.45318e-08
53.26 -6.70119e-08
53.28 -9.47414e-08
53.3 -2.0344e-08
53.32 -2.06051e-08
53.34 -1.54885e-07
53.36 -2.48865e-07
53.38 -1.47189e-07
53.4 5.71051e-09
53.42 -5.58079e-09
53.44 -1.11651e-07
53.46 -1.13854e-07
53.48 -1.52955e-08
53.5 2.78578e-08
53.52 -2.0779e-08
53.54 -4.07809e-08
53.56 2.37293e-08
53.58 7.45769e-08
53.6 1.883e-08
53.62 -9.50361e-08
53.64 -1.48624e-07
53.66 -9.66898e-08
53.68 -2.81773e-08
53.7 -5.14492e-08
53.72 -9.86152e-08
53.74 -3.33065e-08
53.76 9.71727e-08
53.78 1.36918e-07
53.8 6.80717e-08
53.82 7.18685e-09
53.84 4.41043e-08
53.86 1.39805e-07
53.88 1.39357e-07
53.9 -9.00021e-09
53.92 -1.13074e-07
53.94 -1.43212e-08
53.96 1.36412e-07
53.98 1.14575e-07
54 -3.97582e-08
54.02 -1.00934e-07
54.04 1.28121e-08
54.06 1.40728e-07
54.08 1.24813e-07
54.1 1.78269e-08
54.12 7.8475e-09
54.14 1.22923e-07
54.16 1.57188e-07
54.18 2.99756e-08
54.2 -9.9548e-08
54.22 -1.35001e-07
54.24 -1.25054e-07
54.26 -1.27028e-07
54.28 -1.55675e-07
54.3 -1.54881e-07
54.32 -8.83822e-08
54.34 -3.74521e-08
54.36 -7.31903e-08
54.38 -1.41527e-07
54.4 -1.44503e-07
54.42 -6.74009e-08
54.44 2.3891e-08
54.46 7.23913e-08
54.48 7.67339e-08
54.5 7.06293e-08
54.52 9.04537e-08
54.54 1.23007e-07
54.56 1.06984e-07
54.58 3.19493e-08
54.6 -2.24229e-08
54.62 2.34859e-08
54.64 1.12304e-07
54.66 1.0717e-07
54.68 -2.0934e-08
54.7 -1.58762e-07
54.72 -1.71441e-07
54.74 -9.1762e-08
54.76 -9.4445e-08
54.78 -2.03456e-07
54.8 -2.54781e-07
54.82 -1.78243e-07
54.84 -5.96217e-08
54.86 1.09443e-08
54.88 2.9996e-08
54.9 7.26531e-08
54.92 1.49361e-07
54.94 1.69815e-07
54.96 1.33436e-07
54.98 1.36853e-07
55 1.60987e-07
55.02 1.10698e-07
55.04 8.13646e-09
55.06 -3.08959e-08
55.08 1.09723e-08
55.1 3.46947e-08
55.12 9.07719e-09
55.14 -2.14225e-08
55.16 -2.49086e-08
55.18 1.63667e-10
55.2 3.5105e-08
55.22 7.26597e-08
55.24 1.05616e-07
55.26 1.19057e-07
55.28 1.07758e-07
55.3 7.56878e-08
55.32 5.75465e-08
55.34 9.14241e-08
55.36 1.06654e-07
55.38 1.31168e-08
55.4 -9.36081e-08
55.42 -6.52435e-08
55.44 2.93106e-08
55.46 2.42155e-08
55.48 -7.30584e-08
55.5 -1.50334e-07
55.52 -1.45048e-07
55.54 -8.62846e-08
55.56 -5.13159e-08
55.58 -4.98799e-08
55.6 -4.68305e-08
55.62 -1.38082e-08
55.64 2.22713e-08
55.66 -3.42117e-08
55.68 -1.50437e-07
55.7 -1.44614e-07
55.72 1.47576e-08
55.74 1.25059e-07
55.76 4.44576e-08
55.78 -9.62225e-08
55.8 -7.62256e-08
55.82 9.51776e-08
55.84 1.74413e-07
55.86 6.4294e-08
55.88 1.38142e-08
55.9 2.20604e-07
55.92 4.02574e-07
55.94 7.65625e-08
55.96 -5.99748e-07
55.98 -8.06677e-07
56 -2.82946e-07
56.02 2.81728e-07
56.04 2.54096e-07
56.06 -1.85e-07
56.08 -3.04057e-07
56.1 1.64126e-07
56.12 6.22786e-07
56.14 4.77599e-07
56.16 -7.74762e-08
56.18 -3.35381e-07
56.2 -6.65213e-08
56.22 1.79509e-07
56.24 2.13147e-10
56.26 -2.71985e-07
56.28 -1.7776e-07
56.3 1.90122e-07
56.32 3.56806e-07
56.34 1.44589e-07
56.36 -8.22507e-08
56.38 -3.53804e-09
56.4 1.72376e-07
56.42 1.06235e-07
56.44 -8.40197e-08
56.46 -1.25565e-08
56.48 2.8843e-07
56.5 3.57546e-07
56.52 6.98583e-08
56.54 -1.32916e-07
56.56 5.25391e-08
56.58 3.16241e-07
56.6 1.8924e-07
56.62 -2.21854e-07
56.64 -3.58761e-07
56.66 -5.25818e-08
56.68 2.4212e-07
56.7 1.08043e-07
56.72 -2.38806e-07
56.74 -2.69875e-07
56.76 5.88744e-08
56.78 2.57774e-07
56.8 5.88673e-08
56.82 -1.83907e-07
56.84 -8.36902e-08
56.86 1.83032e-07
56.88 2.28939e-07
56.9 -8.52932e-09
56.92 -2.29047e-07
56.94 -1.63954e-07
56.96 2.76681e-09
56.98 -7.46387e-08
57 -3.16053e-07
57.02 -3.43224e-07
57.04 -1.21838e-07
57.06 -2.52483e-08
57.08 -1.81373e-07
57.1 -2.32427e-07
57.12 1.27683e-08
57.14 1.94224e-07
57.16 1.97643e-08
57.18 -2.39261e-07
57.2 -1.67533e-07
57.22 1.45741e-07
57.24 2.12987e-07
57.26 -9.62253e-08
57.28 -3.29292e-07
57.3 -1.22084e-07
57.32 2.38589e-07
57.34 2.25148e-07
57.36 -1.20891e-07
57.38 -2.32542e-07
57.4 9.39574e-08
57.42 3.72313e-07
57.44 1.96208e-07
57.46 -1.69947e-07
57.48 -2.24118e-07
57.5 5.79373e-08
57.52 2.45008e-07
57.54 8.64292e-08
57.56 -1.7408e-07
57.58 -1.66349e-07
57.6 7.99093e-08
57.62 2.08165e-07
57.64 6.63485e-08
57.66 -1.09922e-07
57.68 -6.90528e-08
57.7 8.99499e-08
57.72 9.87582e-08
57.74 -5.77225e-08
57.76 -1.39825e-07
57.78 -3.80556e-08
57.8 6.77632e-08
57.82 1.27597e-08
57.84 -9.30498e-08
57.86 -6.2531e-08
57.88 5.92108e-08
57.9 7.15231e-08
57.92 -4.74935e-08
57.94 -9.8194e-08
57.96 9.21411e-09
57.98 1.0228e-07
58 3.20425e-08
58.02 -8.9434e-08
58.04 -8.43124e-08
58.06 2.48958e-08
58.08 7.52237e-08
58.1 4.301e-09
58.12 -6.9483e-08
58.14 -3.23118e-08
58.16 5.51045e-08
58.18 6.15829e-08
58.2 -1.30447e-08
58.22 -4.70102e-08
58.24 1.12306e-08
58.26 6.66256e-08
58.28 3.21133e-08
58.3 -3.63142e-08
58.32 -3.25712e-08
58.34 3.45074e-08
58.36 5.99823e-08
58.38 9.27107e-09
58.4 -3.27269e-08
58.42 3.31454e-10
58.44 5.50953e-08
58.46 4.7096e-08
58.48 -9.19185e-09
58.5 -2.76331e-08
58.52 1.74117e-08
58.54 5.48853e-08
58.56 2.79672e-08
58.58 -1.9228e-08
58.6 -1.31531e-08
58.62 3.45097e-08
58.64 4.8651e-08
58.66 1.0052e-08
58.68 -1.83377e-08
58.7 6.14646e-09
58.72 4.23654e-08
58.74 3.43948e-08
58.76 -2.60719e-09
58.78 -1.03272e-08
58.8 2.1137e-08
58.82 4.1399e-08
58.84 2.03856e-08
58.86 -7.41011e-09
58.88 5.72267e-10
58.9 3.00461e-08
58.92 3.51733e-08
58.94 9.90163e-09
58.96 -5.51411e-09
58.98 1.16268e-08
59 3.33618e-08
59.02 2.66534e-08
59.04 3.6085e-09
59.06 2.20128e-10
59.08 2.04219e-08
59.1 3.22453e-08
59.12 1.84839e-08
59.14 1.71573e-09
59.16 7.55929e-09
59.18 2.57814e-08
59.2 2.81319e-08
59.22 1.22062e-08
59.24 3.36581e-09
59.26 1.45945e-08
59.28 2.77043e-08
59.3 2.28706e-08
59.32 8.68206e-09
59.34 7.28852e-09
59.36 2.00496e-08
59.38 2.68589e-08
59.4 1.79297e-08
59.42 7.89369e-09
59.44 1.2086e-08
59.46 2.33387e-08
59.48 2.42949e-08
59.5 1.42976e-08
59.52 9.27632e-09
59.54 1.65917e-08
59.56 2.44854e-08
59.58 2.11042e-08
59.6 1.24071e-08
59.62 1.19879e-08
59.64 2.00384e-08
59.66 2.39464e-08
59.68 1.81905e-08
59.7 1.22104e-08
59.72 1.51592e-08
59.74 2.21002e-08
59.76 2.23933e-08
59.78 1.61421e-08
59.8 1.3327e-08
59.82 1.80794e-08
59.84 2.28273e-08
59.86 2.05065e-08
59.88 1.51961e-08
59.9 1.522e-08
59.92 2.02942e-08
59.94 2.2527e-08
59.96 1.88401e-08
59.98 5.1572e-09
