0.02 4.48683e-05
0.04 0.000127118
0.06 0.000139177
0.08 6.37009e-05
0.1 1.82409e-05
0.12 6.81302e-05
0.14 0.000131711
0.16 0.000113909
0.18 5.13321e-05
0.2 4.82117e-05
0.22 0.000113198
0.24 0.000152778
0.26 0.00012118
0.28 8.76171e-05
0.3 0.000121455
0.32 0.000177071
0.34 0.000184168
0.36 0.000169265
0.38 0.000163293
0.4 8.57706e-05
0.42 -0.000108245
0.44 -9.88676e-05
0.46 0.000300864
0.48 0.000475336
0.5 1.7463e-05
0.52 -0.000449758
0.54 -0.000327156
0.56 -9.5942e-05
0.58 -0.000474237
0.6 -0.000873556
0.62 -0.000398578
0.64 0.000156615
0.66 -0.000194648
0.68 -0.00120168
0.7 -0.0017609
0.72 -0.000417089
0.74 0.00151351
0.76 0.00108343
0.78 -0.000583304
0.8 0.000155843
0.82 0.00323749
0.84 0.00502276
0.86 0.00339814
0.88 0.000311402
0.9 -0.000762405
0.92 0.000942833
0.94 0.00238597
0.96 0.000351591
0.98 -0.00340991
1 -0.00399314
1.02 -0.000405835
1.04 0.0026118
1.06 0.000560216
1.08 -0.00449338
1.1 -0.00657955
1.12 -0.00324017
1.14 0.00218815
1.16 0.00340149
1.18 -0.00217624
1.2 -0.0073566
1.22 -0.0039876
1.24 0.00353277
1.26 0.00440362
1.28 -0.00312805
1.3 -0.0105661
1.32 -0.00882902
1.34 0.00255495
1.36 0.0134489
1.38 0.0128528
1.4 0.000876347
1.42 -0.0104106
1.44 -0.00987304
1.46 -0.00122803
1.48 0.00188023
1.5 -0.00654886
1.52 -0.0193015
1.54 -0.0285256
1.56 -0.034883
1.58 -0.0418325
1.6 -0.0494461
1.62 -0.0556355
1.64 -0.0581303
1.66 -0.0552166
1.68 -0.0471586
1.7 -0.0356661
1.72 -0.0229453
1.74 -0.0121961
1.76 -0.00547236
1.78 -0.00241481
1.8 -0.00363033
1.82 -0.011128
1.84 -0.0259362
1.86 -0.0464636
1.88 -0.0664534
1.9 -0.0794746
1.92 -0.0858709
1.94 -0.0895463
1.96 -0.0915345
1.98 -0.0909348
2 -0.0891596
2.02 -0.0901385
2.04 -0.0970602
2.06 -0.110155
2.08 -0.128024
2.1 -0.149673
2.12 -0.172789
2.14 -0.192402
2.16 -0.203744
2.18 -0.203132
2.2 -0.187523
2.22 -0.157723
2.24 -0.118121
2.26 -0.0734325
2.28 -0.0307453
2.3 0.00142981
2.32 0.0149005
2.34 0.00611344
2.36 -0.020827
2.38 -0.0581061
2.4 -0.100667
2.42 -0.149351
2.44 -0.201151
2.46 -0.246364
2.48 -0.277818
2.5 -0.291196
2.52 -0.281695
2.54 -0.247887
2.56 -0.193012
2.58 -0.118401
2.6 -0.02155
