0.02 9.67372e-07
0.04 2.74037e-06
0.06 2.99934e-06
0.08 1.37186e-06
0.1 3.92684e-07
0.12 1.46822e-06
0.14 2.83776e-06
0.16 2.45351e-06
0.18 1.10533e-06
0.2 1.0389e-06
0.22 2.43944e-06
0.24 3.29176e-06
0.26 2.61077e-06
0.28 1.88814e-06
0.3 2.61748e-06
0.32 3.81538e-06
0.34 3.96771e-06
0.36 3.64681e-06
0.38 3.51873e-06
0.4 1.84706e-06
0.42 -2.3368e-06
0.44 -2.13425e-06
0.46 6.48574e-06
0.48 1.02423e-05
0.5 3.71324e-07
0.52 -9.69606e-06
0.54 -7.061e-06
0.56 -2.08145e-06
0.58 -1.02235e-05
0.6 -1.8804e-05
0.62 -8.56412e-06
0.64 3.38646e-06
0.66 -4.16039e-06
0.68 -2.58113e-05
0.7 -3.77752e-05
0.72 -8.68619e-06
0.74 3.29057e-05
0.76 2.34401e-05
0.78 -1.25964e-05
0.8 3.43012e-06
0.82 6.90303e-05
0.84 9.72117e-05
0.86 4.71002e-05
0.88 -1.27603e-05
0.9 -8.0908e-06
0.92 3.80564e-05
0.94 4.27473e-05
0.96 -2.31218e-05
0.98 -8.3051e-05
1 -5.71333e-05
1.02 1.99154e-05
1.04 4.02519e-05
1.06 -3.01802e-05
1.08 -0.000101081
1.1 -8.2299e-05
1.12 -3.41032e-06
1.14 4.10353e-05
1.16 3.27526e-06
1.18 -7.72327e-05
1.2 -8.38865e-05
1.22 1.83237e-05
1.24 7.66794e-05
1.26 -1.04588e-05
1.28 -0.00012004
1.3 -0.000106013
1.32 1.21965e-05
1.34 0.000105453
1.36 7.58162e-05
1.38 -3.18897e-05
1.4 -7.20551e-05
1.42 2.8013e-06
1.44 6.23405e-05
1.46 -2.51637e-05
1.48 -0.000187191
1.5 -0.000224596
1.52 -9.82405e-05
1.54 5.30427e-06
1.56 -5.61537e-05
1.58 -0.000172895
1.6 -0.000143368
1.62 1.53275e-05
1.64 8.5791e-05
1.66 -1.49041e-05
1.68 -0.000120795
1.7 -7.73615e-05
1.72 3.21591e-05
1.74 2.16543e-05
1.76 -9.05488e-05
1.78 -0.000111586
1.8 -1.78069e-05
1.82 1.20949e-05
1.84 -9.05706e-05
1.86 -0.000167513
1.88 -6.00805e-05
1.9 0.000109316
1.92 6.22275e-05
1.94 -0.00017396
1.96 -0.000248897
1.98 -4.71056e-05
2 9.18136e-05
2.02 -8.87611e-05
2.04 -0.000335367
2.06 -0.000280964
2.08 -2.79734e-05
2.1 1.79231e-05
2.12 -0.000196301
2.14 -0.00029666
2.16 -0.000103853
2.18 0.000103761
2.2 5.22343e-05
2.22 -0.000150394
2.24 -0.000201885
2.26 -3.80741e-05
2.28 5.26795e-05
2.3 -0.000114836
2.32 -0.000297264
2.34 -0.000222553
2.36 -2.29375e-06
2.38 4.91499e-05
2.4 -0.000158512
2.42 -0.000335759
2.44 -0.000209242
2.46 3.98195e-05
2.48 5.48793e-05
2.5 -0.000125782
2.52 -0.000163022
2.54 1.25197e-05
2.56 0.000134343
2.58 8.61263e-05
2.6 6.91466e-05
2.62 0.000220732
2.64 0.000375506
2.66 0.000352564
2.68 0.000265928
2.7 0.00034068
2.72 0.000544352
2.74 0.000654808
2.76 0.000609524
2.78 0.000549672
2.8 0.000594291
2.82 0.000708819
2.84 0.000762039
2.86 0.000710535
2.88 0.000630556
2.9 0.000586672
2.92 0.000608589
2.94 0.000651777
2.96 0.000614903
2.98 0.000528695
3 0.000532452
3.02 0.000529171
3.04 0.000320144
3.06 9.13504e-05
3.08 8.89588e-05
3.1 0.000143111
3.12 2.21794e-06
3.14 -0.000263553
3.16 -0.000420648
3.18 -0.000423901
3.2 -0.000442931
3.22 -0.000585807
3.24 -0.000747319
3.26 -0.000771471
3.28 -0.000691096
3.3 -0.000640027
3.32 -0.00065356
3.34 -0.000650584
3.36 -0.000493479
3.38 -0.00022665
3.4 -9.98005e-05
3.42 -0.000163447
3.44 -0.00010978
3.46 0.000275447
3.48 0.000660535
3.5 0.00060395
3.52 0.000300852
3.54 0.000300442
3.56 0.000629587
3.58 0.000803057
3.6 0.000628014
3.62 0.00047876
3.64 0.000563951
3.66 0.000453451
3.68 1.33668e-05
3.7 -0.000170058
3.72 3.93241e-05
3.74 5.34448e-05
3.76 -0.000331907
3.78 -0.000601748
3.8 -0.000409939
3.82 -0.000153042
3.84 -0.000285765
3.86 -0.000611828
3.88 -0.00069003
3.9 -0.000489162
3.92 -0.000380765
3.94 -0.000572792
3.96 -0.000806998
3.98 -0.000698757
4 -0.000246134
4.02 1.79705e-05
4.04 -0.000245102
4.06 -0.000522106
4.08 -0.000232085
4.1 0.000292958
4.12 0.00036375
4.14 4.34312e-05
4.16 -2.92277e-05
4.18 0.000245601
4.2 0.00024988
4.22 -0.00021027
4.24 -0.000501274
4.26 -0.000266504
4.28 2.01395e-05
4.3 -0.000110937
4.32 -0.000307235
4.34 5.08233e-06
4.36 0.000458207
4.38 0.000310774
4.4 -0.000231464
4.42 -0.000382784
4.44 -1.65267e-05
4.46 0.000282873
4.48 0.000204957
4.5 -7.02978e-05
4.52 -0.000292029
4.54 -0.000246004
4.56 -1.95142e-06
4.58 9.37529e-05
4.6 -8.07558e-05
4.62 -0.000248363
4.64 -7.65219e-05
4.66 0.000297346
4.68 0.000367539
4.7 9.23566e-05
4.72 -1.44972e-06
4.74 0.000299419
4.76 0.000570078
4.78 0.000366969
4.8 -0.000130215
4.82 -0.000248342
4.84 0.000190886
4.86 0.000498649
4.88 0.000188751
4.9 -0.00025467
4.92 -0.000197182
4.94 0.000145568
4.96 0.000156684
4.98 -0.000201366
5 -0.000460024
5.02 -0.000388921
5.04 -0.000263686
5.06 -0.000309792
5.08 -0.000226816
5.1 0.00013437
5.12 0.000288929
5.14 1.13654e-05
5.16 -0.000212937
5.18 2.30173e-06
5.2 0.000363825
5.22 0.000395409
5.24 6.59814e-05
5.26 -0.000307131
5.28 -0.000346011
5.3 1.34566e-05
5.32 0.00034057
5.34 0.000281371
5.36 1.73767e-05
5.38 -5.88432e-05
5.4 0.000104784
5.42 0.000209913
5.44 0.000140289
5.46 0.000103697
5.48 0.000196884
5.5 0.000263525
5.52 0.000196947
5.54 8.80964e-05
5.56 4.66626e-05
5.58 5.98811e-05
5.6 5.9021e-05
5.62 1.6317e-05
5.64 2.769e-06
5.66 7.37001e-05
5.68 0.000101214
5.7 -1.4493e-06
5.72 -8.25687e-05
5.74 -2.82942e-05
5.76 4.67681e-05
5.78 -7.91523e-06
5.8 -0.000136762
5.82 -0.000132249
5.84 1.06146e-05
5.86 3.86805e-05
5.88 -0.000129749
5.9 -0.000270244
5.92 -0.000178469
5.94 8.72318e-05
5.96 0.000237303
5.98 0.00013947
6 4.99081e-05
6.02 0.000157129
6.04 0.000288189
6.06 0.000281599
6.08 0.000177932
6.1 8.02235e-05
6.12 0.000112944
6.14 0.000263912
6.16 0.000321688
6.18 0.000110081
6.2 -0.000244113
6.22 -0.000351369
6.24 -0.000155072
6.26 -9.11819e-05
6.28 -0.000347979
6.3 -0.000517229
6.32 -0.000252765
6.34 0.000104586
6.36 4.41659e-05
6.38 -0.000273116
6.4 -0.000309713
6.42 -5.98311e-06
6.44 0.000189317
6.46 1.31838e-05
6.48 -0.000284813
6.5 -0.000363998
6.52 -0.000235336
6.54 -0.000192753
6.56 -0.000325907
6.58 -0.000326634
6.6 -0.000107338
6.62 -2.02306e-05
6.64 -0.000143241
6.66 -0.00011342
6.68 0.000162138
6.7 0.000295054
6.72 2.31423e-05
6.74 -0.000369986
6.76 -0.000390766
6.78 -2.29373e-05
6.8 0.000216314
6.82 1.31809e-05
6.84 -0.000277508
6.86 -0.000171899
6.88 0.000168517
6.9 0.000189442
6.92 -0.000180072
6.94 -0.000416623
6.96 -0.00017484
6.98 0.000215142
7 0.000236023
7.02 -8.70996e-05
7.04 -0.00025124
7.06 -1.38733e-05
7.08 0.000260347
7.1 0.00019271
7.12 -3.84966e-05
7.14 -4.65691e-05
7.16 0.000172522
7.18 0.000292875
7.2 0.000168477
7.22 2.87215e-05
7.24 0.000103465
7.26 0.000245735
7.28 0.00014327
7.3 -0.00012323
7.32 -0.000137607
7.34 0.000155284
7.36 0.00031749
7.38 0.000110469
7.4 -0.000132989
7.42 -6.01227e-05
7.44 0.000165726
7.46 0.000164006
7.48 -8.91544e-05
7.5 -0.000229642
7.52 -5.73823e-05
7.54 0.000127476
7.56 1.01428e-05
7.58 -0.000203306
7.6 -0.000117343
7.62 0.000200309
7.64 0.000316011
7.66 0.000134103
7.68 1.06532e-06
7.7 9.63938e-05
7.72 0.000196267
7.74 9.89185e-05
7.76 -1.67442e-05
7.78 8.97539e-05
7.8 0.000268733
7.82 0.000232934
7.84 8.11518e-06
7.86 -0.000150269
7.88 -9.23171e-05
7.9 5.76065e-05
7.92 6.02011e-05
7.94 -8.54582e-05
7.96 -0.000141498
7.98 -2.7697e-05
8 6.81902e-05
8.02 2.5405e-05
8.04 -3.65436e-05
8.06 3.16402e-06
8.08 7.72509e-05
8.1 7.42485e-05
8.12 1.42643e-05
8.14 -7.35815e-06
8.16 3.4342e-05
8.18 8.74702e-05
8.2 0.000117234
8.22 0.000110668
8.24 6.55901e-06
8.26 -0.000158596
8.28 -0.000166662
8.3 2.57586e-05
8.32 0.000167228
8.34 9.7653e-05
8.36 -5.54803e-05
8.38 -7.90313e-05
8.4 5.4559e-05
8.42 0.000159043
8.44 7.66005e-05
8.46 -0.000132226
8.48 -0.00021862
8.5 -4.29919e-05
8.52 0.00016466
8.54 0.000119387
8.56 -6.16259e-05
8.58 -5.40991e-05
8.6 0.000168849
8.62 0.000297666
8.64 0.000122107
8.66 -0.000103223
8.68 1.38653e-06
8.7 0.000296959
8.72 0.000328508
8.74 5.14828e-05
8.76 -0.00012413
8.78 3.00477e-05
8.8 0.000229725
8.82 0.000121657
8.84 -0.000179847
8.86 -0.000295636
8.88 -0.000110229
8.9 0.000121709
8.92 9.00041e-05
8.94 -0.000112451
8.96 -0.000125708
8.98 4.9398e-05
9 0.000101688
9.02 -5.17109e-05
9.04 -0.00018638
9.06 -0.000106155
9.08 9.67085e-05
9.1 0.000125055
9.12 -9.76796e-05
9.14 -0.000249267
9.16 -0.000114945
9.18 4.19605e-05
9.2 -6.2857e-05
9.22 -0.00027012
9.24 -0.000251977
9.26 -2.15641e-05
9.28 9.69763e-05
9.3 -1.87085e-05
9.32 -0.000119256
9.34 -5.45919e-06
9.36 0.00017234
9.38 0.000146591
9.4 -6.90242e-05
9.42 -0.000170581
9.44 1.89382e-07
9.46 0.000195377
9.48 9.66237e-05
9.5 -0.000190456
9.52 -0.000250423
9.54 -2.97334e-06
9.56 0.000144915
9.58 -3.3882e-06
9.6 -9.31243e-05
9.62 8.11565e-05
9.64 0.000174145
9.66 -5.94488e-05
9.68 -0.000307095
9.7 -0.00022557
9.72 3.66657e-05
9.74 0.000139319
9.76 -3.46544e-05
9.78 -0.000298376
9.8 -0.000300136
9.82 -2.16894e-05
9.84 0.000132874
9.86 1.17579e-05
9.88 -8.96723e-05
9.9 3.21366e-05
9.92 0.000190452
9.94 0.000102323
9.96 -0.000136444
9.98 -0.000140252
10 0.000139462
10.02 0.000298349
10.04 0.000113493
10.06 -0.000115557
10.08 -6.94101e-05
10.1 0.000105493
10.12 8.14606e-05
10.14 -0.000145078
10.16 -0.000257855
10.18 -8.47949e-05
10.2 0.000115634
10.22 3.27185e-05
10.24 -0.000207019
10.26 -0.000241716
10.28 -2.86897e-05
10.3 0.000121001
10.32 3.05271e-05
10.34 -0.000110734
10.36 -6.68632e-05
10.38 9.51272e-05
10.4 0.000127722
10.42 2.79279e-06
10.44 -5.23068e-05
10.46 5.84416e-05
10.48 0.000156938
10.5 0.000102286
10.52 3.85182e-06
10.54 9.00325e-06
10.56 4.56984e-05
10.58 -3.74052e-06
10.6 -4.94228e-05
10.62 1.29425e-05
10.64 8.93436e-05
10.66 6.47538e-05
10.68 -2.16243e-05
10.7 -7.28759e-05
10.72 -5.23446e-05
10.74 2.90751e-07
10.76 3.46164e-06
10.78 -4.15397e-05
10.8 -2.45022e-05
10.82 7.00231e-05
10.84 0.000112954
10.86 3.28221e-05
10.88 -9.04021e-05
10.9 -0.000113726
10.92 -7.44763e-06
10.94 7.55694e-05
10.96 1.78186e-05
10.98 -7.98803e-05
11 -7.10664e-05
11.02 7.02016e-06
11.04 1.72921e-05
11.06 -4.78534e-05
11.08 -6.96724e-05
11.1 -1.88276e-06
11.12 7.48725e-05
11.14 8.48885e-05
11.16 4.85736e-05
11.18 3.49958e-05
11.2 6.47795e-05
11.22 9.40234e-05
11.24 6.70871e-05
11.26 -1.74621e-05
11.28 -7.72361e-05
11.3 -4.90518e-05
11.32 8.08875e-06
11.34 -1.17334e-06
11.36 -7.20078e-05
11.38 -0.000111345
11.4 -5.29304e-05
11.42 5.11868e-05
11.44 7.16193e-05
11.46 -1.66156e-05
11.48 -7.97351e-05
11.5 -2.76424e-05
11.52 5.24137e-05
11.54 4.67396e-05
11.56 -1.01891e-05
11.58 -5.61028e-06
11.6 7.23292e-05
11.62 0.000122893
11.64 8.60867e-05
11.66 2.50107e-05
11.68 2.41341e-05
11.7 6.24518e-05
11.72 5.94786e-05
11.74 9.91872e-06
11.76 -2.65279e-05
11.78 -3.30288e-05
11.8 -4.68013e-05
11.82 -8.57189e-05
11.84 -0.000111003
11.86 -8.67802e-05
11.88 -4.70325e-05
11.9 -3.04886e-05
11.92 -6.78366e-06
11.94 4.21795e-05
11.96 6.54214e-05
11.98 3.14827e-05
12 -1.5051e-05
12.02 -1.34929e-05
12.04 3.20203e-05
12.06 5.40331e-05
12.08 2.08072e-05
12.1 -1.91555e-05
12.12 -2.09522e-05
12.14 1.15626e-05
12.16 5.16981e-05
12.18 5.97205e-05
12.2 2.25901e-05
12.22 -1.73618e-05
12.24 -2.71226e-05
12.26 -2.86066e-05
12.28 -5.0494e-05
12.3 -8.29289e-05
12.32 -9.56026e-05
12.34 -8.02306e-05
12.36 -5.7498e-05
12.38 -4.17987e-05
12.4 -2.46609e-05
12.42 9.36044e-07
12.44 2.47566e-05
12.46 3.13934e-05
12.48 2.4202e-05
12.5 2.83727e-05
12.52 5.12088e-05
12.54 6.26758e-05
12.56 4.31003e-05
12.58 2.35256e-05
12.6 3.9796e-05
12.62 7.30501e-05
12.64 7.31425e-05
12.66 2.26866e-05
12.68 -3.08223e-05
12.7 -3.03833e-05
12.72 3.64701e-06
12.74 4.09717e-06
12.76 -3.97599e-05
12.78 -7.20551e-05
12.8 -4.7228e-05
12.82 2.05157e-05
12.84 6.44073e-05
12.86 3.30983e-05
12.88 -3.20852e-05
12.9 -4.04989e-05
12.92 2.16498e-05
12.94 6.53338e-05
12.96 2.53464e-05
12.98 -3.81898e-05
13 -3.19525e-05
13.02 2.44546e-05
13.04 3.6215e-05
13.06 -9.6652e-06
13.08 -2.8953e-05
13.1 1.63746e-05
13.12 6.14436e-05
13.14 4.54347e-05
13.16 -2.52972e-06
13.18 -1.94397e-05
13.2 2.63924e-06
13.22 2.50588e-05
13.24 2.40058e-05
13.26 1.16488e-05
13.28 1.14725e-06
13.3 -1.63754e-05
13.32 -3.79538e-05
13.34 -3.80622e-05
13.36 -9.15286e-06
13.38 2.34188e-05
13.4 2.67194e-05
13.42 -2.07623e-06
13.44 -2.08836e-05
13.46 -3.07857e-06
13.48 1.14284e-05
13.5 -1.2909e-05
13.52 -3.78283e-05
13.54 -1.84582e-05
13.56 1.50184e-05
13.58 5.89731e-06
13.6 -3.77296e-05
13.62 -5.37573e-05
13.64 -1.80267e-05
13.66 1.88759e-05
13.68 3.77906e-06
13.7 -4.15785e-05
13.72 -5.13305e-05
13.74 -1.00646e-05
13.76 3.12881e-05
13.78 3.26495e-05
13.8 1.37675e-05
13.82 1.30621e-05
13.84 2.94501e-05
13.86 2.76655e-05
13.88 -6.86556e-06
13.9 -3.7415e-05
13.92 -2.49354e-05
13.94 1.16183e-05
13.96 2.43241e-05
13.98 4.41564e-06
14 -1.25204e-05
14.02 8.05379e-06
14.04 5.89722e-05
14.06 8.99066e-05
14.08 7.10529e-05
14.1 3.40375e-05
14.12 7.79339e-06
14.14 -1.65485e-05
14.16 -3.13792e-05
14.18 -1.45007e-05
14.2 1.00014e-05
14.22 -9.47056e-06
14.24 -6.44212e-05
14.26 -8.35164e-05
14.28 -3.71645e-05
14.3 1.32162e-05
14.32 -7.25945e-07
14.34 -6.09469e-05
14.36 -8.59333e-05
14.38 -4.12671e-05
14.4 6.89795e-06
14.42 -1.45544e-05
14.44 -7.35993e-05
14.46 -7.63961e-05
14.48 -1.068e-05
14.5 3.7341e-05
14.52 1.85838e-05
14.54 -1.40286e-05
14.56 4.29459e-07
14.58 3.43992e-05
14.6 2.48449e-05
14.62 -9.87142e-06
14.64 5.0699e-06
14.66 6.61019e-05
14.68 8.08006e-05
14.7 -2.9045e-06
14.72 -0.00010814
14.74 -0.00010874
14.76 -7.90445e-06
14.78 5.15147e-05
14.8 -1.72163e-05
14.82 -0.00011785
14.84 -9.78028e-05
14.86 2.27473e-05
14.88 6.12283e-05
14.9 -4.40267e-05
14.92 -0.000113017
14.94 -1.3627e-05
14.96 0.000107571
14.98 6.4443e-05
15 -6.81195e-05
15.02 -8.36619e-05
15.04 2.71365e-05
15.06 7.4864e-05
15.08 -1.81851e-05
15.1 -0.000104034
15.12 -4.55065e-05
15.14 8.41059e-05
15.16 0.000112488
15.18 1.49554e-05
15.2 -5.42912e-05
15.22 3.03006e-06
15.24 7.88462e-05
15.26 3.54099e-05
15.28 -7.59408e-05
15.3 -0.000103809
15.32 -2.77754e-05
15.34 2.75267e-05
15.36 -1.09424e-05
15.38 -6.37234e-05
15.4 -3.24359e-05
15.42 4.84843e-05
15.44 6.72047e-05
15.46 9.29531e-07
15.48 -5.76089e-05
15.5 -3.60992e-05
15.52 2.7789e-05
15.54 4.77307e-05
15.56 8.38044e-06
15.58 -1.37224e-05
15.6 2.89652e-05
15.62 7.41583e-05
15.64 4.56835e-05
15.66 -2.7224e-05
15.68 -4.80408e-05
15.7 1.05367e-05
15.72 6.77468e-05
15.74 5.45176e-05
15.76 8.08438e-06
15.78 2.60025e-06
15.8 4.0507e-05
15.82 5.72542e-05
15.84 1.66266e-05
15.86 -3.31279e-05
15.88 -2.55741e-05
15.9 2.46688e-05
15.92 4.46855e-05
15.94 1.59372e-05
15.96 -6.39026e-07
15.98 3.30289e-05
16 6.82926e-05
16.02 5.1866e-05
16.04 9.36845e-06
16.06 -2.10894e-06
16.08 2.47998e-05
16.1 4.48679e-05
16.12 2.11618e-05
16.14 -2.39047e-05
16.16 -3.19731e-05
16.18 1.42964e-05
16.2 5.9405e-05
16.22 4.56799e-05
16.24 -3.85203e-06
16.26 -2.72759e-05
16.28 -1.39594e-05
16.3 8.74766e-06
16.32 2.4612e-05
16.34 2.36435e-05
16.36 9.93272e-07
16.38 -2.21531e-05
16.4 -1.83444e-05
16.42 -2.69435e-07
16.44 -5.29803e-06
16.46 -3.48079e-05
16.48 -5.39502e-05
16.5 -5.30977e-05
16.52 -6.3583e-05
16.54 -9.58521e-05
16.56 -0.000107171
16.58 -6.82734e-05
16.6 -2.34567e-05
16.62 -3.12911e-05
16.64 -7.60126e-05
16.66 -8.94806e-05
16.68 -2.52347e-05
16.7 9.54672e-05
16.72 0.000174096
16.74 0.000157701
16.76 0.000136184
16.78 0.000189371
16.8 0.000252761
16.82 0.000236974
16.84 0.000145294
16.86 1.28391e-05
16.88 -7.77425e-05
16.9 -1.48944e-05
16.92 0.000102644
16.94 5.25705e-05
16.96 -0.00011884
16.98 -0.00015923
17 -2.55526e-05
17.02 6.26043e-05
17.04 -2.93424e-05
17.06 -0.000164451
17.08 -0.000154942
17.1 -4.80055e-05
17.12 -5.13466e-05
17.14 -0.000193539
17.16 -0.000253892
17.18 -0.000109438
17.2 3.2588e-05
17.22 -5.42685e-05
17.24 -0.000220709
17.26 -0.000177578
17.28 1.15989e-05
17.3 4.96919e-05
17.32 -9.49692e-05
17.34 -0.000151006
17.36 2.1215e-05
17.38 0.000219663
17.4 0.000211834
17.42 8.16948e-05
17.44 8.72827e-05
17.46 0.000246849
17.48 0.000304095
17.5 0.000144758
17.52 -1.68179e-06
17.54 6.85425e-05
17.56 0.000181522
17.58 7.89393e-05
17.6 -0.000132537
17.62 -0.000169518
17.64 -3.46814e-05
17.66 2.18883e-05
17.68 -9.4487e-05
17.7 -0.000205535
17.72 -0.000162414
17.74 -6.50049e-05
17.76 -7.454e-05
17.78 -0.000158542
17.8 -0.000168297
17.82 -7.92935e-05
17.84 1.04021e-06
17.86 6.18844e-06
17.88 -2.69138e-05
17.9 -2.8326e-05
17.92 1.91819e-05
17.94 6.74392e-05
17.96 8.10625e-05
17.98 8.3712e-05
18 9.97913e-05
18.02 0.000108353
18.04 8.86277e-05
18.06 6.26409e-05
18.08 4.57445e-05
18.1 5.53307e-06
18.12 -5.79395e-05
18.14 -7.72218e-05
18.16 -3.46824e-05
18.18 -5.71184e-06
18.2 -4.5062e-05
18.22 -0.00011806
18.24 -0.000163082
18.26 -0.000171424
18.28 -0.000176002
18.3 -0.000182738
18.32 -0.000142055
18.34 -7.47052e-06
18.36 0.000140826
18.38 0.000156679
18.4 8.11746e-05
18.42 9.70739e-05
18.44 0.000226642
18.46 0.000309598
18.48 0.000219281
18.5 1.08665e-05
18.52 -8.98349e-05
18.54 3.64802e-05
18.56 0.000176695
18.58 8.93183e-05
18.6 -0.000119049
18.62 -0.000173182
18.64 -3.61247e-05
18.66 5.85792e-05
18.68 -4.30791e-05
18.7 -0.00019907
18.72 -0.000196803
18.74 -7.24734e-05
18.76 -4.57854e-05
18.78 -0.000177972
18.8 -0.000246895
18.82 -5.33339e-05
18.84 0.000214194
18.86 0.000219514
18.88 4.04798e-05
18.9 3.46095e-05
18.92 0.000242192
18.94 0.000361069
18.96 0.000237271
18.98 6.77601e-05
19 6.54474e-05
19.02 0.000154941
19.04 0.000142757
19.06 2.38892e-06
19.08 -0.000114265
19.1 -7.91593e-05
19.12 2.72474e-05
19.14 1.34032e-05
19.16 -0.000125731
19.18 -0.000185335
19.2 -8.97368e-05
19.22 -2.85843e-05
19.24 -0.000138397
19.26 -0.000254864
19.28 -0.000166898
19.3 1.845e-05
19.32 4.15927e-05
19.34 -9.44684e-05
19.36 -0.000160295
19.38 -6.00538e-05
19.4 5.18801e-05
19.42 2.11323e-05
19.44 -6.7672e-05
19.46 -2.26937e-05
19.48 0.00013807
19.5 0.000198184
19.52 7.94869e-05
19.54 -3.57848e-05
19.56 2.03308e-05
19.58 0.000150789
19.6 0.000130138
19.62 -3.91644e-05
19.64 -8.47765e-05
19.66 8.83268e-05
19.68 0.000184067
19.7 -2.57035e-06
19.72 -0.000221635
19.74 -0.000160217
19.76 7.58243e-05
19.78 0.000132303
19.8 -7.75138e-05
19.82 -0.000250515
19.84 -0.000136591
19.86 9.58435e-05
19.88 0.000139647
19.9 -1.03194e-06
19.92 -6.92273e-05
19.94 5.3232e-05
19.96 0.000183218
19.98 0.000115171
20 -5.07685e-05
20.02 -5.8545e-05
20.04 0.000101419
20.06 0.000186838
20.08 6.09329e-05
20.1 -0.000146817
20.12 -0.000219562
20.14 -0.000108512
20.16 3.74774e-05
20.18 7.93302e-05
20.2 1.90959e-06
20.22 -0.000107254
20.24 -0.00012077
20.26 -1.95138e-05
20.28 4.64139e-05
20.3 -3.44082e-05
20.32 -0.000121734
20.34 -3.977e-05
20.36 8.95601e-05
20.38 6.36564e-05
20.4 -3.49239e-05
20.42 -6.09175e-06
20.44 0.000134567
20.46 0.000201096
20.48 0.000116845
20.5 -8.4887e-06
20.52 -4.04696e-05
20.54 6.18271e-06
20.56 -7.62584e-07
20.58 -3.04051e-05
20.6 4.36903e-05
20.62 8.40513e-05
20.64 -7.02406e-05
20.66 -0.000237876
20.68 -0.000216984
20.7 -5.92814e-05
20.72 8.72192e-05
20.74 7.38598e-05
20.76 -9.73688e-05
20.78 -0.000170964
20.8 -1.85676e-05
20.82 0.000102301
20.84 -2.1043e-05
20.86 -0.00017575
20.88 -5.86372e-05
20.9 0.000210328
20.92 0.00025722
20.94 5.48614e-05
20.96 -5.12397e-05
20.98 0.000109833
21 0.000268626
21.02 0.000115897
21.04 -0.000164817
21.06 -0.000146268
21.08 0.000140878
21.1 0.000245534
21.12 -9.2311e-06
21.14 -0.000264238
21.16 -0.000149495
21.18 0.000157955
21.2 0.000175257
21.22 -0.00014448
21.24 -0.00033433
21.26 -0.000141714
21.28 0.000105323
21.3 3.16854e-05
21.32 -0.000209714
21.34 -0.000179448
21.36 0.000147532
21.38 0.000312999
21.4 0.000119481
21.42 -8.74809e-05
21.44 -4.67933e-05
21.46 0.000110467
21.48 0.000171203
21.5 5.11473e-05
21.52 -0.000127316
21.54 -0.00015542
21.56 -6.03666e-05
21.58 -5.21632e-05
21.6 -0.000141174
21.62 -0.000131688
21.64 -6.19484e-07
21.66 5.13206e-05
21.68 -4.86083e-05
21.7 -0.000112614
21.72 1.08163e-05
21.74 0.00016709
21.76 0.000100305
21.78 -0.000129675
21.8 -0.000188169
21.82 1.66491e-05
21.84 0.000161921
21.86 1.7056e-05
21.88 -0.000185564
21.9 -0.000125213
21.92 0.00011056
21.94 0.000181885
21.96 1.35555e-05
21.98 -0.000112719
22 3.20323e-06
22.02 0.000185504
22.04 0.000169082
22.06 -1.0533e-05
22.08 -0.000111851
22.1 -4.1594e-05
22.12 5.11187e-05
22.14 1.15258e-05
22.16 -9.40102e-05
22.18 -9.27684e-05
22.2 1.28611e-05
22.22 5.90555e-05
22.24 -1.07557e-05
22.26 -7.46508e-05
22.28 -3.26026e-05
22.3 5.12929e-05
22.32 5.8897e-05
22.34 2.77407e-06
22.36 -6.62846e-06
22.38 5.74511e-05
22.4 0.00010579
22.42 7.55886e-05
22.44 1.72504e-05
22.46 1.45193e-05
22.48 6.56979e-05
22.5 8.16157e-05
22.52 1.48106e-05
22.54 -5.73287e-05
22.56 -4.46899e-05
22.58 1.8441e-05
22.6 3.10784e-05
22.62 -2.32335e-05
22.64 -6.1695e-05
22.66 -3.13824e-05
22.68 1.42468e-05
22.7 6.72005e-07
22.72 -5.24001e-05
22.74 -6.33909e-05
22.76 -2.04139e-05
22.78 4.11309e-07
22.8 -3.75825e-05
22.82 -6.8996e-05
22.84 -3.05292e-05
22.86 3.34781e-05
22.88 3.68256e-05
22.9 -1.53693e-05
22.92 -3.8394e-05
22.94 4.97848e-06
22.96 5.48613e-05
22.98 4.5988e-05
23 -4.57958e-07
23.02 -1.78195e-05
23.04 5.77386e-06
23.06 1.79351e-05
23.08 -1.37501e-05
23.1 -5.05809e-05
23.12 -3.79526e-05
23.14 8.2422e-06
23.16 1.75327e-05
23.18 -2.44956e-05
23.2 -4.50619e-05
23.22 2.31759e-06
23.24 5.83214e-05
23.26 4.9893e-05
23.28 5.42848e-06
23.3 1.6962e-06
23.32 3.90523e-05
23.34 4.97089e-05
23.36 9.45674e-06
23.38 -3.03579e-05
23.4 -3.18646e-05
23.42 -2.44923e-05
23.44 -3.86438e-05
23.46 -4.85869e-05
23.48 -2.31813e-05
23.5 8.49685e-06
23.52 -1.68798e-06
23.54 -3.57527e-05
23.56 -3.21941e-05
23.58 1.67127e-05
23.6 5.02547e-05
23.62 2.85705e-05
23.64 -9.36136e-06
23.66 -7.14011e-06
23.68 2.84441e-05
23.7 4.93331e-05
23.72 3.38169e-05
23.74 4.40062e-06
23.76 -4.92702e-06
23.78 8.51067e-06
23.8 1.67144e-05
23.82 6.89072e-06
23.84 -4.83671e-06
23.86 -9.31009e-06
23.88 -1.56494e-05
23.9 -2.33564e-05
23.92 -1.59503e-05
23.94 2.76945e-06
23.96 -8.62494e-07
23.98 -3.12489e-05
24 -4.23563e-05
24.02 -2.71615e-06
24.04 5.65656e-05
24.06 6.84998e-05
24.08 1.81575e-05
24.1 -2.67672e-05
24.12 -1.76228e-05
24.14 1.23549e-05
24.16 1.90104e-05
24.18 4.03666e-06
24.2 -1.43063e-05
24.22 -2.34893e-05
24.24 -1.63044e-05
24.26 8.16301e-07
24.28 1.67076e-05
24.3 2.36297e-05
24.32 1.39866e-05
24.34 -1.27456e-05
24.36 -3.86953e-05
24.38 -3.882e-05
24.4 -1.60663e-05
24.42 2.45537e-07
24.44 -3.55263e-07
24.46 -9.09099e-08
24.48 7.01102e-06
24.5 4.82497e-06
24.52 -9.08754e-06
24.54 -1.59448e-05
24.56 -4.83709e-06
24.58 1.36538e-05
24.6 1.96011e-05
24.62 7.99149e-06
24.64 -2.52078e-07
24.66 1.30914e-05
24.68 3.04585e-05
24.7 1.87917e-05
24.72 -1.76522e-05
24.74 -3.3014e-05
24.76 -5.88337e-06
24.78 2.80284e-05
24.8 3.0769e-05
24.82 1.0865e-05
24.84 5.02067e-06
24.86 2.54753e-05
24.88 4.04432e-05
24.9 2.40308e-05
24.92 1.81505e-06
24.94 9.31565e-06
24.96 3.2992e-05
24.98 3.44458e-05
25 1.11154e-05
25.02 -2.52636e-06
25.04 1.17843e-05
25.06 3.05205e-05
25.08 2.39793e-05
25.1 -1.10852e-06
25.12 -9.28764e-06
25.14 1.28523e-05
25.16 3.26317e-05
25.18 1.87531e-05
25.2 -1.04153e-05
25.22 -1.72739e-05
25.24 -1.232e-06
25.26 4.20132e-06
25.28 -1.7759e-05
25.3 -4.33217e-05
25.32 -4.363e-05
25.34 -2.00807e-05
25.36 3.66362e-06
25.38 6.475e-06
25.4 -9.93728e-06
25.42 -2.05109e-05
25.44 -9.40446e-06
25.46 5.42673e-06
25.48 -7.54647e-07
25.5 -2.04459e-05
25.52 -2.29205e-05
25.54 -9.23214e-07
25.56 1.72289e-05
25.58 1.14505e-05
25.6 -1.0554e-06
25.62 5.75456e-06
25.64 2.56973e-05
25.66 2.94865e-05
25.68 9.11695e-06
25.7 -1.00421e-05
25.72 -4.23059e-06
25.74 1.33099e-05
25.76 9.18724e-06
25.78 -1.64184e-05
25.8 -2.73281e-05
25.82 -9.76399e-06
25.84 8.5414e-06
25.86 5.49054e-06
25.88 -7.20466e-06
25.9 -1.09243e-05
25.92 -6.71331e-06
25.94 -5.83877e-06
25.96 -9.84832e-06
25.98 -1.2987e-05
26 -1.51724e-05
26.02 -1.97983e-05
26.04 -2.51256e-05
26.06 -2.36663e-05
26.08 -1.17843e-05
26.1 -1.51451e-06
26.12 -9.30555e-06
26.14 -2.73278e-05
26.16 -2.90372e-05
26.18 -9.35603e-06
26.2 6.69366e-06
26.22 1.14719e-06
26.24 -1.29422e-05
26.26 -1.19042e-05
26.28 4.76361e-06
26.3 1.26875e-05
26.32 1.32988e-07
26.34 -1.27397e-05
26.36 -8.20279e-06
26.38 1.2785e-06
26.4 -2.94675e-06
26.42 -1.58955e-05
26.44 -1.92316e-05
26.46 -8.64873e-06
26.48 4.74531e-06
26.5 1.02134e-05
26.52 4.3377e-06
26.54 -6.17293e-06
26.56 -8.25825e-06
26.58 4.31634e-06
26.6 2.26594e-05
26.62 2.91619e-05
26.64 1.72416e-05
26.66 1.28985e-06
26.68 -4.47216e-07
26.7 1.10645e-05
26.72 1.57762e-05
26.74 3.11298e-06
26.76 -1.10801e-05
26.78 -1.07372e-05
26.8 -2.0014e-06
26.82 -3.00863e-07
26.84 -1.01429e-05
26.86 -1.90039e-05
26.88 -1.5742e-05
26.9 -8.46176e-06
26.92 -7.52441e-06
26.94 -7.1713e-06
26.96 9.14925e-07
26.98 8.96181e-06
27 2.67445e-06
27.02 -1.03977e-05
27.04 -6.94618e-06
27.06 1.08398e-05
27.08 1.386e-05
27.1 -6.43648e-06
27.12 -2.06495e-05
27.14 -5.46543e-06
27.16 1.80161e-05
27.18 1.41561e-05
27.2 -1.30716e-05
27.22 -2.53915e-05
27.24 -7.12258e-06
27.26 1.24555e-05
27.28 5.25374e-06
27.3 -1.41876e-05
27.32 -1.40963e-05
27.34 7.36283e-06
27.36 2.1787e-05
27.38 1.33342e-05
27.4 -1.02001e-06
27.42 -2.0096e-07
27.44 1.4087e-05
27.46 2.28697e-05
27.48 1.35506e-05
27.5 -3.04353e-06
27.52 -9.00111e-06
27.54 -6.54525e-06
27.56 -9.80102e-06
27.58 -2.02038e-05
27.6 -2.57582e-05
27.62 -2.10461e-05
27.64 -1.70669e-05
27.66 -2.21027e-05
27.68 -2.65452e-05
27.7 -1.91947e-05
27.72 -3.8858e-06
27.74 8.57294e-06
27.76 1.50012e-05
27.78 1.90698e-05
27.8 2.22493e-05
27.82 2.31026e-05
27.84 2.16928e-05
27.86 1.8709e-05
27.88 1.26105e-05
27.9 4.22155e-06
27.92 -1.18181e-06
27.94 -1.4475e-06
27.96 1.0064e-06
27.98 2.76939e-06
28 4.10952e-07
28.02 -3.40451e-06
28.04 -2.58037e-06
28.06 -1.69898e-07
28.08 -3.33582e-06
28.1 -1.08106e-05
28.12 -1.18202e-05
28.14 -1.02024e-06
28.16 6.64051e-06
28.18 -1.72868e-06
28.2 -9.4605e-06
28.22 2.51557e-06
28.24 2.19404e-05
28.26 2.73053e-05
28.28 2.108e-05
28.3 2.10158e-05
28.32 3.1396e-05
28.34 3.62884e-05
28.36 1.10225e-05
28.38 -4.11326e-05
28.4 -6.67033e-05
28.42 -2.75577e-05
28.44 2.93011e-05
28.46 2.35372e-05
28.48 -3.70408e-05
28.5 -5.83504e-05
28.52 -3.5355e-06
28.54 5.22399e-05
28.56 3.85776e-05
28.58 -1.1703e-05
28.6 -2.42007e-05
28.62 4.29282e-06
28.64 1.84646e-05
28.66 3.18132e-06
28.68 -3.05507e-06
28.7 1.71243e-05
28.72 3.16164e-05
28.74 9.90942e-06
28.76 -2.97743e-05
28.78 -3.83767e-05
28.8 1.07751e-07
28.82 3.63504e-05
28.84 1.69293e-05
28.86 -3.0293e-05
28.88 -3.07158e-05
28.9 2.0006e-05
28.92 4.98368e-05
28.94 2.41015e-05
28.96 -8.82261e-06
28.98 -1.8484e-06
29 1.9818e-05
29.02 1.10437e-05
29.04 -1.12795e-05
29.06 -8.389e-07
29.08 3.01809e-05
29.1 2.78308e-05
29.12 -1.25174e-05
29.14 -3.67273e-05
29.16 -1.58735e-05
29.18 1.18006e-05
29.2 2.92129e-06
29.22 -2.53479e-05
29.24 -2.88497e-05
29.26 -6.82172e-06
29.28 6.04459e-06
29.3 -2.9821e-06
29.32 -1.46362e-05
29.34 -1.29761e-05
29.36 -3.3251e-06
29.38 3.38122e-06
29.4 5.99746e-06
29.42 6.83476e-06
29.44 4.79351e-06
29.46 7.9876e-07
29.48 8.57876e-08
29.5 3.73081e-06
29.52 5.64387e-06
29.54 1.23789e-07
29.56 -1.31183e-05
29.58 -2.49429e-05
29.6 -2.0991e-05
29.62 -2.79355e-06
29.64 5.16632e-06
29.66 -1.07817e-05
29.68 -2.7721e-05
29.7 -2.07852e-05
29.72 -2.01576e-06
29.74 5.19054e-07
29.76 -1.36889e-05
29.78 -1.74117e-05
29.8 -5.19656e-07
29.82 1.36112e-05
29.84 8.3211e-06
29.86 -1.41102e-06
29.88 3.17365e-06
29.9 1.60095e-05
29.92 2.03595e-05
29.94 1.44627e-05
29.96 8.75045e-06
29.98 6.94313e-06
30 1.16293e-06
30.02 -1.22073e-05
30.04 -2.21134e-05
30.06 -1.88113e-05
30.08 -1.17973e-05
30.1 -1.42117e-05
30.12 -1.85772e-05
30.14 -9.09886e-06
30.16 9.79522e-06
30.18 1.78122e-05
30.2 9.41156e-06
30.22 2.31468e-07
30.24 3.10512e-06
30.26 1.35733e-05
30.28 1.95447e-05
30.3 1.76026e-05
30.32 1.56867e-05
30.34 1.70726e-05
30.36 1.49843e-05
30.38 7.54909e-06
30.4 8.5767e-07
30.42 -1.72964e-06
30.44 -5.97069e-06
30.46 -1.78997e-05
30.48 -2.93439e-05
30.5 -2.55026e-05
30.52 -7.18188e-06
30.54 5.70579e-06
30.56 -3.20772e-07
30.58 -1.14786e-05
30.6 -6.39209e-06
30.62 1.2096e-05
30.64 2.27462e-05
30.66 1.72555e-05
30.68 8.92802e-06
30.7 1.17257e-05
30.72 2.06107e-05
30.74 1.66757e-05
30.76 -2.44441e-06
30.78 -1.21212e-05
30.8 -1.13785e-07
30.82 1.10953e-05
30.84 3.08785e-06
30.86 -9.8657e-06
30.88 -6.29622e-06
30.9 1.21847e-05
30.92 2.54289e-05
30.94 2.00931e-05
30.96 5.07838e-06
30.98 -2.89526e-07
31 6.00999e-06
31.02 6.61551e-06
31.04 -4.49741e-06
31.06 -1.22355e-05
31.08 -8.67804e-06
31.1 -4.85715e-06
31.12 -6.72338e-06
31.14 -4.59287e-06
31.16 5.94155e-06
31.18 1.30703e-05
31.2 7.44519e-06
31.22 -2.20635e-06
31.24 -1.23941e-06
31.26 1.01353e-05
31.28 1.57327e-05
31.3 6.24343e-06
31.32 -4.92278e-06
31.34 -6.54224e-07
31.36 1.32704e-05
31.38 1.54876e-05
31.4 3.03999e-06
31.42 -1.96297e-06
31.44 9.42461e-06
31.46 1.69422e-05
31.48 6.98225e-06
31.5 -7.28576e-06
31.52 -1.00792e-05
31.54 -3.83181e-06
31.56 -1.22975e-06
31.58 -7.05742e-06
31.6 -1.26145e-05
31.62 -8.82845e-06
31.64 -1.73698e-06
31.66 -4.47591e-06
31.68 -1.51135e-05
31.7 -1.90647e-05
31.72 -1.20916e-05
31.74 -4.89942e-06
31.76 -5.96846e-06
31.78 -1.06428e-05
31.8 -9.50645e-06
31.82 -3.45449e-06
31.84 -1.81039e-06
31.86 -4.26224e-06
31.88 -7.97459e-07
31.9 8.13378e-06
31.92 1.02736e-05
31.94 2.73963e-06
31.96 -1.21892e-06
31.98 6.97734e-06
32 1.57165e-05
32.02 9.97282e-06
32.04 -5.37542e-06
32.06 -1.20712e-05
32.08 -5.14659e-06
32.1 1.24817e-06
32.12 -4.31775e-06
32.14 -1.54959e-05
32.16 -1.76581e-05
32.18 -7.91628e-06
32.2 6.35275e-08
32.22 -4.76815e-06
32.24 -1.45391e-05
32.26 -1.45936e-05
32.28 -5.33516e-06
32.3 -8.65411e-07
32.32 -8.11837e-06
32.34 -1.74398e-05
32.36 -1.62094e-05
32.38 -7.16716e-06
32.4 -5.03572e-06
32.42 -1.29658e-05
32.44 -1.74907e-05
32.46 -1.05161e-05
32.48 -7.20073e-07
32.5 -9.34594e-07
32.52 -1.10584e-05
32.54 -1.60547e-05
32.56 -5.81715e-06
32.58 7.35593e-06
32.6 5.1927e-06
32.62 -6.9595e-06
32.64 -6.75087e-06
32.66 9.71165e-06
32.68 2.06007e-05
32.7 1.15725e-05
32.72 -3.3549e-06
32.74 -4.653e-06
32.76 2.39054e-06
32.78 -1.18262e-06
32.8 -1.38567e-05
32.82 -1.65024e-05
32.84 -3.55831e-06
32.86 9.43662e-06
32.88 9.83898e-06
32.9 6.36204e-06
32.92 1.189e-05
32.94 2.01509e-05
32.96 1.69655e-05
32.98 4.89594e-06
33 -1.41351e-06
33.02 1.61534e-06
33.04 3.80551e-06
33.06 -6.55468e-07
33.08 -5.46001e-06
33.1 -4.53803e-06
33.12 -2.03541e-06
33.14 -3.71678e-06
33.16 -6.17113e-06
33.18 -4.2983e-06
33.2 -1.22872e-08
33.22 2.95283e-06
33.24 3.05006e-06
33.26 9.90138e-07
33.28 -1.34439e-06
33.3 -4.30843e-06
33.32 -7.10501e-06
33.34 -3.68148e-06
33.36 7.23677e-06
33.38 1.41951e-05
33.4 7.14346e-06
33.42 -5.73495e-06
33.44 -6.77041e-06
33.46 5.82746e-06
33.48 1.2511e-05
33.5 7.15998e-07
33.52 -1.39611e-05
33.54 -1.18391e-05
33.56 1.51409e-06
33.58 7.94529e-06
33.6 3.23432e-06
33.62 -2.39212e-06
33.64 -1.66471e-06
33.66 2.7979e-07
33.68 -4.88031e-06
33.7 -1.35899e-05
33.72 -1.36115e-05
33.74 -4.9054e-06
33.76 -1.1341e-06
33.78 -4.83807e-06
33.8 -2.45949e-06
33.82 9.86096e-06
33.84 1.72861e-05
33.86 1.14391e-05
33.88 4.19769e-06
33.9 8.12562e-06
33.92 1.78224e-05
33.94 1.87829e-05
33.96 9.42233e-06
33.98 4.4673e-06
34 1.20295e-05
34.02 1.891e-05
34.04 1.14792e-05
34.06 -1.0891e-06
34.08 -3.02452e-06
34.1 2.2463e-06
34.12 2.37652e-06
34.14 -3.89603e-06
34.16 -8.59965e-06
34.18 -6.27344e-06
34.2 -4.45978e-07
34.22 1.4163e-06
34.24 -2.61273e-06
34.26 -7.05627e-06
34.28 -5.88844e-06
34.3 3.78691e-07
34.32 4.47789e-06
34.34 9.44215e-07
34.36 -4.45335e-06
34.38 2.47092e-07
34.4 1.41276e-05
34.42 2.09577e-05
34.44 1.38668e-05
34.46 5.90067e-06
34.48 8.45923e-06
34.5 1.32016e-05
34.52 6.37436e-06
34.54 -8.02353e-06
34.56 -1.37335e-05
34.58 -5.81295e-06
34.6 4.05971e-06
34.62 5.4633e-06
34.64 1.23856e-06
34.66 -7.83345e-07
34.68 5.29111e-07
34.7 1.48622e-07
34.72 -4.28868e-06
34.74 -9.07488e-06
34.76 -1.02049e-05
34.78 -7.52749e-06
34.8 -3.29085e-06
34.82 -6.37302e-07
34.84 3.11734e-07
34.86 3.35488e-06
34.88 7.37805e-06
34.9 6.94355e-06
34.92 4.57956e-06
34.94 7.55175e-06
34.96 1.44072e-05
34.98 1.68261e-05
35 1.07812e-05
35.02 1.89114e-06
35.04 -2.50963e-07
35.06 4.01602e-06
35.08 3.20477e-06
35.1 -6.70108e-06
35.12 -1.44014e-05
35.14 -1.25974e-05
35.16 -1.0183e-05
35.18 -1.46873e-05
35.2 -1.84589e-05
35.22 -1.15017e-05
35.24 1.28943e-06
35.26 5.31319e-06
35.28 -2.69254e-06
35.3 -9.13013e-06
35.32 -2.3829e-06
35.34 8.60193e-06
35.36 6.04553e-06
35.38 -6.58247e-06
35.4 -7.58468e-06
35.42 7.74728e-06
35.44 1.9204e-05
35.46 1.18018e-05
35.48 -2.98484e-06
35.5 -4.54054e-06
35.52 4.79505e-06
35.54 4.52339e-06
35.56 -8.72861e-06
35.58 -1.77123e-05
35.6 -1.48613e-05
35.62 -1.09596e-05
35.64 -1.36836e-05
35.66 -1.61683e-05
35.68 -1.11293e-05
35.7 -4.39292e-06
35.72 -3.98084e-06
35.74 -7.29306e-06
35.76 -9.35437e-06
35.78 -6.99265e-06
35.8 3.73995e-06
35.82 1.48849e-05
35.84 8.91513e-06
35.86 -8.82775e-06
35.88 -1.24396e-05
35.9 -6.52769e-08
35.92 3.9211e-06
35.94 -3.7175e-06
35.96 1.83843e-06
35.98 2.16409e-05
36 2.13584e-05
36.02 -6.05485e-06
36.04 -1.96224e-05
36.06 1.12395e-06
36.08 2.33706e-05
36.1 1.89077e-05
36.12 3.99517e-06
36.14 8.6578e-07
36.16 2.02756e-06
36.18 -1.96111e-07
36.2 5.58245e-06
36.22 1.74893e-05
36.24 1.71579e-05
36.26 9.94633e-07
36.28 -1.68828e-05
36.3 -2.28057e-05
36.32 -1.74101e-05
36.34 -1.4214e-05
36.36 -1.7409e-05
36.38 -1.59905e-05
36.4 -5.31954e-06
36.42 6.82523e-06
36.44 1.18353e-05
36.46 4.2289e-06
36.48 -8.67492e-06
36.5 -7.17406e-07
36.52 3.55047e-05
36.54 5.92999e-05
36.56 3.60058e-05
36.58 -2.29895e-06
36.6 -7.80544e-07
36.62 3.12691e-05
36.64 3.2306e-05
36.66 -8.53384e-06
36.68 -3.08315e-05
36.7 -1.12147e-05
36.72 -1.44309e-06
36.74 -2.41878e-05
36.76 -2.70485e-05
36.78 1.32579e-05
36.8 3.07449e-05
36.82 -1.61316e-05
36.84 -5.6792e-05
36.86 -2.30176e-05
36.88 3.09513e-05
36.9 1.36999e-05
36.92 -5.40192e-05
36.94 -7.04669e-05
36.96 -9.26722e-06
36.98 5.34277e-05
37 4.81165e-05
37.02 -7.61021e-06
37.04 -3.02316e-05
37.06 2.21551e-05
37.08 8.0086e-05
37.1 5.45124e-05
37.12 -2.24317e-05
37.14 -4.26511e-05
37.16 8.97307e-06
37.18 3.81317e-05
37.2 -6.43932e-06
37.22 -6.38213e-05
37.24 -6.76022e-05
37.26 -2.97839e-05
37.28 4.44884e-06
37.3 1.11333e-05
37.32 -6.27937e-06
37.34 -2.47094e-05
37.36 -2.48352e-05
37.38 -1.24087e-05
37.4 -6.37371e-06
37.42 -9.35558e-06
37.44 -6.53367e-06
37.46 6.26464e-06
37.48 1.76068e-05
37.5 1.90727e-05
37.52 1.25496e-05
37.54 7.13398e-06
37.56 1.45599e-05
37.58 3.42639e-05
37.6 4.30344e-05
37.62 2.29945e-05
37.64 -8.73189e-06
37.66 -2.18444e-05
37.68 -7.49333e-06
37.7 1.64115e-05
37.72 2.01161e-05
37.74 -3.82244e-06
37.76 -2.33962e-05
37.78 -9.86649e-06
37.8 1.67512e-05
37.82 1.05376e-05
37.84 -3.44265e-05
37.86 -6.41817e-05
37.88 -3.81335e-05
37.9 5.41298e-06
37.92 9.32876e-06
37.94 -1.50402e-05
37.96 -1.94687e-05
37.98 2.09115e-06
38 1.61628e-05
38.02 6.8685e-06
38.04 -6.29098e-06
38.06 -1.81828e-06
38.08 1.20557e-05
38.1 1.20878e-05
38.12 -1.11956e-06
38.14 -7.36546e-06
38.16 7.6603e-07
38.18 1.27241e-05
38.2 1.70345e-05
38.22 1.61163e-05
38.24 1.73039e-05
38.26 1.44977e-05
38.28 -1.32833e-06
38.3 -2.12041e-05
38.32 -2.55782e-05
38.34 -1.02268e-05
38.36 4.87284e-06
38.38 -6.05313e-07
38.4 -1.61386e-05
38.42 -1.25928e-05
38.44 1.31341e-05
38.46 3.15731e-05
38.48 2.07758e-05
38.5 -4.98456e-06
38.52 -1.5221e-05
38.54 -4.65641e-06
38.56 3.36204e-06
38.58 -6.99477e-06
38.6 -2.39535e-05
38.62 -2.66649e-05
38.64 -1.35123e-05
38.66 -2.77465e-06
38.68 -5.22563e-06
38.7 -1.09799e-05
38.72 -7.36418e-06
38.74 4.13759e-06
38.76 1.25211e-05
38.78 1.18303e-05
38.8 7.10637e-06
38.82 5.38548e-06
38.84 4.71013e-06
38.86 -2.09219e-06
38.88 -1.30661e-05
38.9 -1.65839e-05
38.92 -1.04512e-05
38.94 -7.1511e-06
38.96 -1.18622e-05
38.98 -1.19361e-05
39 1.96546e-06
39.02 1.87285e-05
39.04 2.29254e-05
39.06 1.82523e-05
39.08 2.09376e-05
39.1 3.34301e-05
39.12 3.77005e-05
39.14 1.95316e-05
39.16 -8.25027e-06
39.18 -1.883e-05
39.2 -6.8343e-06
39.22 4.72531e-06
39.24 -2.2247e-06
39.26 -1.57741e-05
39.28 -1.35433e-05
39.3 2.499e-06
39.32 8.77307e-06
39.34 -3.39578e-06
39.36 -1.58777e-05
39.38 -1.34874e-05
39.4 -4.08807e-06
39.42 -1.47707e-06
39.44 -6.05155e-06
39.46 -9.29853e-06
39.48 -6.46539e-06
39.5 -1.73134e-07
39.52 5.00308e-06
39.54 7.0356e-06
39.56 5.96949e-06
39.58 3.19064e-06
39.6 2.48428e-06
39.62 8.52342e-06
39.64 1.92008e-05
39.66 2.44786e-05
39.68 1.9339e-05
39.7 1.21928e-05
39.72 1.23463e-05
39.74 1.39851e-05
39.76 6.11529e-06
39.78 -6.37054e-06
39.8 -9.86334e-06
39.82 -4.16273e-06
39.84 -6.77363e-07
39.86 -4.96072e-06
39.88 -1.06633e-05
39.9 -9.77594e-06
39.92 -3.62138e-06
39.94 1.0405e-06
39.96 1.77464e-06
39.98 2.16496e-08
40 -2.48882e-06
40.02 -3.31867e-06
40.04 -1.36497e-06
40.06 9.00996e-07
40.08 -5.88029e-07
40.1 -4.15099e-06
40.12 -1.34606e-06
40.14 7.71265e-06
40.16 1.06906e-05
40.18 3.93681e-06
40.2 -1.58146e-06
40.22 -2.60794e-07
40.24 1.24133e-06
40.26 -3.06848e-06
40.28 -1.01001e-05
40.3 -1.20589e-05
40.32 -7.22825e-06
40.34 -2.76034e-06
40.36 -4.05975e-06
40.38 -7.28693e-06
40.4 -4.96644e-06
40.42 4.82497e-06
40.44 1.44914e-05
40.46 1.59578e-05
40.48 1.19104e-05
40.5 1.03467e-05
40.52 1.2535e-05
40.54 1.08089e-05
40.56 3.10938e-07
40.58 -7.81094e-06
40.6 -5.5581e-07
40.62 1.14731e-05
40.64 6.70553e-06
40.66 -1.48772e-05
40.68 -2.99317e-05
40.7 -2.22501e-05
40.72 -5.79617e-06
40.74 -5.52484e-06
40.76 -2.1676e-05
40.78 -3.11919e-05
40.8 -2.07729e-05
40.82 -1.54584e-06
40.84 8.25607e-06
40.86 5.81868e-06
40.88 3.28186e-06
40.9 5.61767e-06
40.92 6.004e-06
40.94 3.85966e-06
40.96 5.48143e-06
40.98 1.03833e-05
41 1.31053e-05
41.02 1.09382e-05
41.04 4.98186e-06
41.06 9.17353e-07
41.08 2.5214e-06
41.1 5.0295e-06
41.12 3.52882e-06
41.14 -5.45175e-07
41.16 -3.8677e-06
41.18 -6.22489e-06
41.2 -9.76642e-06
41.22 -1.40931e-05
41.24 -1.53396e-05
41.26 -1.15875e-05
41.28 -7.7971e-06
41.3 -9.63765e-06
41.32 -1.2733e-05
41.34 -9.05414e-06
41.36 -1.06024e-06
41.38 2.60281e-06
41.4 4.5111e-07
41.42 -1.76853e-07
41.44 6.65879e-06
41.46 1.62254e-05
41.48 1.85181e-05
41.5 1.21405e-05
41.52 6.67427e-06
41.54 9.50811e-06
41.56 1.59154e-05
41.58 1.55756e-05
41.6 6.0675e-06
41.62 -3.21276e-06
41.64 -3.34418e-06
41.66 1.83302e-06
41.68 2.33446e-06
41.7 -3.64558e-06
41.72 -9.67757e-06
41.74 -1.22144e-05
41.76 -1.34921e-05
41.78 -1.4746e-05
41.8 -1.47159e-05
41.82 -1.19413e-05
41.84 -5.27468e-06
41.86 3.06212e-06
41.88 7.54458e-06
41.9 6.79726e-06
41.92 6.7831e-06
41.94 1.17205e-05
41.96 1.70827e-05
41.98 1.65326e-05
42 1.06411e-05
42.02 5.16487e-06
42.04 2.82147e-06
42.06 4.80015e-07
42.08 -4.042e-06
42.1 -6.57615e-06
42.12 -2.93292e-06
42.14 3.23057e-06
42.16 4.90005e-06
42.18 7.56489e-07
42.2 -3.71545e-06
42.22 -3.28937e-06
42.24 -2.39903e-07
42.26 -9.5502e-07
42.28 -6.55457e-06
42.3 -1.17242e-05
42.32 -1.24272e-05
42.34 -1.00259e-05
42.36 -6.64318e-06
42.38 -3.58775e-06
42.4 -2.02659e-06
42.42 1.22051e-07
42.44 4.1004e-06
42.46 6.23767e-06
42.48 4.61279e-06
42.5 2.2047e-06
42.52 2.85341e-06
42.54 6.60932e-06
42.56 9.12577e-06
42.58 7.35652e-06
42.6 3.93112e-06
42.62 3.90646e-06
42.64 7.09826e-06
42.66 7.54225e-06
42.68 3.2201e-06
42.7 1.07053e-07
42.72 2.96759e-06
42.74 7.2413e-06
42.76 4.5702e-06
42.78 -4.12253e-06
42.8 -7.20655e-06
42.82 -1.11608e-07
42.84 4.39696e-06
42.86 -4.06927e-06
42.88 -1.55267e-05
42.9 -1.49149e-05
42.92 -4.47233e-06
42.94 2.31625e-07
42.96 -7.73309e-06
42.98 -1.69315e-05
43 -1.32514e-05
43.02 3.93953e-07
43.04 8.12025e-06
43.06 3.36963e-06
43.08 -3.39051e-06
43.1 -7.6954e-07
43.12 8.47219e-06
43.14 1.22499e-05
43.16 7.07448e-06
43.18 2.5727e-06
43.2 5.0954e-06
43.22 8.16229e-06
43.24 4.36624e-06
43.26 -3.32561e-06
43.28 -6.7825e-06
43.3 -4.88775e-06
43.32 -5.01274e-06
43.34 -1.07339e-05
43.36 -1.60415e-05
43.38 -1.49254e-05
43.4 -9.85681e-06
43.42 -6.28377e-06
43.44 -4.19193e-06
43.46 -6.7573e-07
43.48 4.28744e-06
43.5 8.08847e-06
43.52 9.09499e-06
43.54 8.26557e-06
43.56 7.13145e-06
43.58 5.7686e-06
43.6 3.01972e-06
43.62 -6.96757e-07
43.64 -2.56257e-06
43.66 -1.28925e-06
43.68 2.59978e-07
43.7 -1.63919e-06
43.72 -5.68693e-06
43.74 -6.16019e-06
43.76 -2.38001e-06
43.78 -4.13441e-07
43.8 -1.86237e-06
43.82 -1.90543e-06
43.84 1.06862e-06
43.86 2.11507e-06
43.88 -2.37657e-06
43.9 -7.46987e-06
43.92 -6.22072e-06
43.94 -1.26604e-06
43.96 -1.71907e-06
43.98 -7.84481e-06
44 -9.75051e-06
44.02 -3.42133e-06
44.04 3.11053e-06
44.06 2.29242e-06
44.08 -2.7481e-06
44.1 -4.07731e-06
44.12 -7.31701e-09
44.14 3.28946e-06
44.16 1.03358e-06
44.18 -3.91432e-06
44.2 -5.97454e-06
44.22 -4.62383e-06
44.24 -3.97754e-06
44.26 -6.09423e-06
44.28 -8.76719e-06
44.3 -9.06526e-06
44.32 -6.5693e-06
44.34 -3.00732e-06
44.36 -9.79012e-07
44.38 -1.50975e-06
44.4 -1.16244e-06
44.42 3.18086e-06
44.44 8.29083e-06
44.46 9.79707e-06
44.48 7.79345e-06
44.5 4.19194e-06
44.52 6.56917e-07
44.54 -1.47148e-06
44.56 -2.58533e-06
44.58 -4.22452e-06
44.6 -6.61792e-06
44.62 -8.02314e-06
44.64 -6.84621e-06
44.66 -4.05988e-06
44.68 -2.61598e-06
44.7 -3.66826e-06
44.72 -3.93886e-06
44.74 -8.87265e-07
44.76 2.635e-06
44.78 2.99113e-06
44.8 3.82655e-07
44.82 -1.87885e-06
44.84 -7.47781e-07
44.86 3.00526e-06
44.88 5.3672e-06
44.9 3.80886e-06
44.92 3.90215e-07
44.94 -6.49693e-07
44.96 1.26517e-06
44.98 2.06618e-06
45 -9.45543e-07
45.02 -4.66286e-06
45.04 -4.0744e-06
45.06 5.83648e-07
45.08 3.58102e-06
45.1 9.67451e-07
45.12 -3.12293e-06
45.14 -2.21233e-06
45.16 1.92686e-06
45.18 2.13888e-06
45.2 -2.64612e-06
45.22 -4.88098e-06
45.24 9.27248e-07
45.26 9.43374e-06
45.28 1.14554e-05
45.3 6.08719e-06
45.32 1.94575e-06
45.34 5.22634e-06
45.36 8.78121e-06
45.38 3.2719e-06
45.4 -6.62273e-06
45.42 -8.20506e-06
45.44 1.28175e-06
45.46 7.8948e-06
45.48 5.82278e-07
45.5 -1.00776e-05
45.52 -8.23093e-06
45.54 2.24864e-06
45.56 4.27276e-06
45.58 -5.18817e-06
45.6 -1.0832e-05
45.62 -3.38241e-06
45.64 6.06289e-06
45.66 2.51881e-06
45.68 -9.46787e-06
45.7 -1.17621e-05
45.72 -5.26461e-07
45.74 7.43913e-06
45.76 -2.64683e-07
45.78 -1.24373e-05
45.8 -9.89952e-06
45.82 5.31143e-06
45.84 1.21795e-05
45.86 2.81402e-06
45.88 -5.7384e-06
45.9 1.38029e-06
45.92 1.44064e-05
45.94 1.53879e-05
45.96 4.57204e-06
45.98 -3.2525e-06
46 -1.55419e-06
46.02 2.87447e-06
46.04 2.50117e-06
46.06 -1.85262e-06
46.08 -4.0062e-06
46.1 -3.38898e-06
46.12 -4.23413e-06
46.14 -6.79861e-06
46.16 -8.21379e-06
46.18 -6.02191e-06
46.2 -9.73274e-08
46.22 4.25728e-06
46.24 1.10977e-06
46.26 -4.468e-06
46.28 -1.71948e-06
46.3 6.18002e-06
46.32 6.68328e-06
46.34 -1.34676e-07
46.36 -3.1589e-06
46.38 1.88922e-06
46.4 7.10997e-06
46.42 4.22556e-06
46.44 -2.5088e-06
46.46 -2.41271e-06
46.48 3.66581e-06
46.5 4.56312e-06
46.52 -2.13791e-06
46.54 -6.65799e-06
46.56 -2.77587e-06
46.58 3.18272e-06
46.6 2.13597e-06
46.62 -4.07216e-06
46.64 -5.84269e-06
46.66 -9.13023e-07
46.68 2.31822e-06
46.7 -2.07141e-06
46.72 -7.6898e-06
46.74 -5.2393e-06
46.76 2.05881e-06
46.78 4.07725e-06
46.8 4.17508e-08
46.82 -1.5935e-06
46.84 3.41591e-06
46.86 6.49946e-06
46.88 -3.30084e-07
46.9 -8.75895e-06
46.92 -6.99813e-06
46.94 2.51298e-06
46.96 7.42735e-06
46.98 2.02484e-06
47 -5.35153e-06
47.02 -4.73869e-06
47.04 1.91534e-06
47.06 4.81734e-06
47.08 -1.28968e-06
47.1 -9.19224e-06
47.12 -6.29016e-06
47.14 4.72951e-06
47.16 6.26797e-06
47.18 -5.79103e-06
47.2 -1.39213e-05
47.22 -5.54884e-06
47.24 7.66334e-06
47.26 6.96864e-06
47.28 -4.22517e-06
47.3 -5.37902e-06
47.32 8.54765e-06
47.34 1.98917e-05
47.36 1.58959e-05
47.38 5.57105e-06
47.4 2.72184e-06
47.42 4.55672e-06
47.44 -7.90748e-07
47.46 -1.02828e-05
47.48 -8.68712e-06
47.5 3.47394e-06
47.52 7.43621e-06
47.54 -2.32713e-06
47.56 -7.59605e-06
47.58 1.68301e-06
47.6 9.83426e-06
47.62 2.48128e-06
47.64 -1.03065e-05
47.66 -1.12933e-05
47.68 -2.32236e-06
47.7 1.15649e-06
47.72 -5.26983e-06
47.74 -8.86651e-06
47.76 -9.51223e-07
47.78 8.26429e-06
47.8 5.87995e-06
47.82 -3.4366e-06
47.84 -5.83865e-06
47.86 6.84513e-08
47.88 2.62008e-06
47.9 -3.64725e-06
47.92 -8.77779e-06
47.94 -4.30128e-06
47.96 2.05709e-06
47.98 1.82103e-07
48 -5.3981e-06
48.02 -3.62091e-06
48.04 4.82181e-06
48.06 7.40987e-06
48.08 -1.73182e-06
48.1 -1.16603e-05
48.12 -8.19768e-06
48.14 6.0228e-06
48.16 1.12192e-05
48.18 -1.89218e-06
48.2 -1.47696e-05
48.22 -8.78917e-06
48.24 5.64037e-06
48.26 7.17155e-06
48.28 -4.28295e-06
48.3 -9.24132e-06
48.32 2.71327e-06
48.34 1.57024e-05
48.36 1.04489e-05
48.38 -4.57457e-06
48.4 -6.26512e-06
48.42 7.12202e-06
48.44 1.43667e-05
48.46 4.64841e-06
48.48 -7.30662e-06
48.5 -5.84243e-06
48.52 3.32323e-06
48.54 3.47306e-06
48.56 -8.02978e-06
48.58 -1.49631e-05
48.6 -7.31327e-06
48.62 2.71191e-06
48.64 -2.84376e-07
48.66 -1.03836e-05
48.68 -8.58443e-06
48.7 5.86263e-06
48.72 1.26017e-05
48.74 2.36641e-06
48.76 -8.00363e-06
48.78 -1.65091e-06
48.8 1.11306e-05
48.82 9.80416e-06
48.84 -3.17833e-06
48.86 -7.53316e-06
48.88 2.68289e-06
48.9 1.08973e-05
48.92 4.46762e-06
48.94 -6.29776e-06
48.96 -5.16022e-06
48.98 5.23261e-06
49 8.40525e-06
49.02 -2.25825e-07
49.04 -6.92057e-06
49.06 -1.53738e-06
49.08 7.16833e-06
49.1 5.71925e-06
49.12 -2.21501e-06
49.14 -2.06004e-06
49.16 7.15622e-06
49.18 1.10277e-05
49.2 2.2363e-06
49.22 -6.66954e-06
49.24 -2.48975e-06
49.26 5.91343e-06
49.28 2.61721e-06
49.3 -8.37915e-06
49.32 -1.04413e-05
49.34 -6.9157e-07
49.36 6.36239e-06
49.38 6.67227e-07
49.4 -8.25368e-06
49.42 -5.62696e-06
49.44 5.03519e-06
49.46 7.71901e-06
49.48 -7.53639e-07
49.5 -7.04354e-06
49.52 -2.92765e-06
49.54 2.88296e-06
49.56 7.0092e-07
49.58 -5.39512e-06
49.6 -6.90839e-06
49.62 -4.50527e-06
49.64 -5.42557e-06
49.66 -1.13746e-05
49.68 -1.48718e-05
49.7 -1.10583e-05
49.72 -5.54513e-06
49.74 -4.78723e-06
49.76 -6.30745e-06
49.78 -3.74695e-06
49.8 1.63546e-06
49.82 1.98926e-06
49.84 -3.40436e-06
49.86 -4.92362e-06
49.88 2.29995e-06
49.9 9.08452e-06
49.92 5.55395e-06
49.94 -3.0736e-06
49.96 -4.82286e-06
49.98 5.04996e-07
50 2.64764e-06
50.02 -2.91133e-06
50.04 -8.37601e-06
50.06 -4.77357e-06
50.08 4.17106e-06
50.1 5.76766e-06
50.12 -2.78523e-06
50.14 -9.44958e-06
50.16 -5.69888e-06
50.18 2.04633e-06
50.2 3.19688e-06
50.22 -3.20322e-06
50.24 -8.25617e-06
50.26 -4.85029e-06
50.28 2.32524e-06
50.3 3.22747e-06
50.32 -1.82592e-06
50.34 -2.87865e-06
50.36 2.50209e-06
50.38 5.5496e-06
50.4 1.80014e-06
50.42 -2.03404e-06
50.44 7.22673e-07
50.46 6.48829e-06
50.48 6.40732e-06
50.5 -6.57427e-07
50.52 -5.56561e-06
50.54 -1.83602e-06
50.56 5.15096e-06
50.58 6.05011e-06
50.6 1.0329e-06
50.62 -1.0156e-06
50.64 2.81707e-06
50.66 5.26744e-06
50.68 1.79035e-06
50.7 -2.0623e-06
50.72 -3.42123e-07
50.74 3.69836e-06
50.76 2.98539e-06
50.78 -2.129e-06
50.8 -4.12862e-06
50.82 -1.0141e-06
50.84 -2.43971e-07
50.86 -5.30886e-06
50.88 -9.11165e-06
50.9 -6.35041e-06
50.92 -1.89713e-06
50.94 -2.19391e-06
50.96 -6.48386e-06
50.98 -8.97365e-06
51 -6.38478e-06
51.02 -2.02925e-06
51.04 -1.52696e-06
51.06 -4.5142e-06
51.08 -5.01246e-06
51.1 -1.50146e-06
51.12 9.61746e-07
51.14 -9.68511e-07
51.16 -4.78812e-06
51.18 -5.68511e-06
51.2 -2.28462e-06
51.22 1.09208e-06
51.24 1.33581e-07
51.26 -2.1655e-06
51.28 4.67022e-07
51.3 7.25021e-06
51.32 1.14593e-05
51.34 7.85597e-06
51.36 -4.48876e-06
51.38 -1.87167e-05
51.4 -2.34603e-05
51.42 -1.43549e-05
51.44 2.45786e-06
51.46 1.52775e-05
51.48 1.3813e-05
51.5 9.82329e-07
51.52 -4.79304e-06
51.54 5.20657e-06
51.56 1.42499e-05
51.58 6.70998e-06
51.6 -8.33259e-06
51.62 -1.18114e-05
51.64 -6.8408e-08
51.66 1.17785e-05
51.68 1.06771e-05
51.7 2.01954e-06
51.72 -2.82496e-07
51.74 5.52353e-06
51.76 7.97374e-06
51.78 8.91334e-07
51.8 -8.44174e-06
51.82 -1.05583e-05
51.84 -4.96923e-06
51.86 1.24037e-06
51.88 1.71949e-06
51.9 -2.22595e-06
51.92 -3.73619e-06
51.94 1.317e-07
51.96 4.80523e-06
51.98 5.17334e-06
52 2.52012e-06
52.02 1.21219e-06
52.04 1.44762e-06
52.06 -2.62785e-08
52.08 -3.43206e-06
52.1 -4.47568e-06
52.12 -1.16993e-06
52.14 9.33596e-07
52.16 -2.38913e-06
52.18 -5.08692e-06
52.2 -1.55845e-07
52.22 8.34832e-06
52.24 1.02315e-05
52.26 3.90793e-06
52.28 -1.29806e-06
52.3 9.01991e-07
52.32 5.22787e-06
52.34 3.20543e-06
52.36 -4.17133e-06
52.38 -7.39734e-06
52.4 -2.73446e-06
52.42 1.93895e-06
52.44 -2.95565e-07
52.46 -3.93858e-06
52.48 -6.98244e-07
52.5 5.59031e-06
52.52 4.95169e-06
52.54 -2.76484e-06
52.56 -7.39565e-06
52.58 -4.07988e-06
52.6 -3.37845e-07
52.62 -2.86716e-06
52.64 -7.6497e-06
52.66 -7.39054e-06
52.68 -2.53781e-06
52.7 3.69051e-07
52.72 -8.76486e-07
52.74 -2.95682e-06
52.76 -3.13245e-06
52.78 -2.08153e-06
52.8 -2.13652e-06
52.82 -3.46847e-06
52.84 -3.81431e-06
52.86 -2.64241e-06
52.88 -2.35694e-06
52.9 -3.37486e-06
52.92 -2.50764e-06
52.94 5.19846e-07
52.96 8.61149e-07
52.98 -2.58156e-06
53 -3.94655e-06
53.02 -3.91093e-08
53.04 4.14419e-06
53.06 3.08344e-06
53.08 -4.67462e-07
53.1 1.45799e-07
53.12 4.9241e-06
53.14 6.67431e-06
53.16 2.86578e-06
53.18 1.98898e-07
53.2 2.28606e-06
53.22 4.2646e-06
53.24 1.87168e-06
53.26 -2.1366e-06
53.28 -2.87013e-06
53.3 -9.02526e-07
53.32 -9.09534e-07
53.34 -4.46119e-06
53.36 -6.94702e-06
53.38 -4.25773e-06
53.4 -2.12652e-07
53.42 -5.10497e-07
53.44 -3.3172e-06
53.46 -3.37707e-06
53.48 -7.69763e-07
53.5 3.7332e-07
53.52 -9.12773e-07
53.54 -1.44318e-06
53.56 2.62268e-07
53.58 1.6081e-06
53.6 1.34754e-07
53.62 -2.87743e-06
53.64 -4.29621e-06
53.66 -2.9228e-06
53.68 -1.10948e-06
53.7 -1.7243e-06
53.72 -2.97257e-06
53.74 -1.24602e-06
53.76 2.20556e-06
53.78 3.25792e-06
53.8 1.43708e-06
53.82 -1.7426e-07
53.84 8.01666e-07
53.86 3.33363e-06
53.88 3.32258e-06
53.9 -6.01848e-07
53.92 -3.35559e-06
53.94 -7.43652e-07
53.96 3.24413e-06
53.98 2.66702e-06
54 -1.41572e-06
54.02 -3.03456e-06
54.04 -2.57256e-08
54.06 3.35848e-06
54.08 2.93769e-06
54.1 1.07257e-07
54.12 -1.57087e-07
54.14 2.88712e-06
54.16 3.79399e-06
54.18 4.28926e-07
54.2 -2.99769e-06
54.22 -3.93564e-06
54.24 -3.67215e-06
54.26 -3.72407e-06
54.28 -4.48207e-06
54.3 -4.46146e-06
54.32 -2.7024e-06
54.34 -1.35471e-06
54.36 -2.29979e-06
54.38 -4.10787e-06
54.4 -4.18709e-06
54.42 -2.1474e-06
54.44 2.68009e-07
54.46 1.55096e-06
54.48 1.66533e-06
54.5 1.50361e-06
54.52 2.02837e-06
54.54 2.88986e-06
54.56 2.46585e-06
54.58 4.80622e-07
54.6 -9.57636e-07
54.62 2.57105e-07
54.64 2.60665e-06
54.66 2.47059e-06
54.68 -9.18234e-07
54.7 -4.56389e-06
54.72 -4.89903e-06
54.74 -2.79142e-06
54.76 -2.86261e-06
54.78 -5.7462e-06
54.8 -7.10377e-06
54.82 -5.07918e-06
54.84 -1.94148e-06
54.86 -7.49319e-08
54.88 4.29133e-07
54.9 1.55764e-06
54.92 3.58667e-06
54.94 4.12761e-06
54.96 3.16531e-06
54.98 3.2558e-06
55 3.89425e-06
55.02 2.56396e-06
55.04 -1.49057e-07
55.06 -1.18153e-06
55.08 -7.39958e-08
55.1 5.53513e-07
55.12 -1.24158e-07
55.14 -9.30957e-07
55.16 -1.02314e-06
55.18 -3.59896e-07
55.2 5.64349e-07
55.22 1.55769e-06
55.24 2.42943e-06
55.26 2.78503e-06
55.28 2.48619e-06
55.3 1.63784e-06
55.32 1.15793e-06
55.34 2.05406e-06
55.36 2.45696e-06
55.38 -1.7253e-08
55.4 -2.84035e-06
55.42 -2.0901e-06
55.44 4.11022e-07
55.46 2.76292e-07
55.48 -2.29675e-06
55.5 -4.34085e-06
55.52 -4.2011e-06
55.54 -2.64673e-06
55.56 -1.72169e-06
55.58 -1.68365e-06
55.6 -1.603e-06
55.62 -7.29567e-07
55.64 2.24793e-07
55.66 -1.26921e-06
55.68 -4.34354e-06
55.7 -4.18956e-06
55.72 2.59716e-08
55.74 2.94368e-06
55.76 8.11785e-07
55.78 -2.90939e-06
55.8 -2.38057e-06
55.82 2.15321e-06
55.84 4.24922e-06
55.86 1.33654e-06
55.88 1.24437e-09
55.9 5.47102e-06
55.92 1.02846e-05
55.94 1.6612e-06
55.96 -1.62285e-05
55.98 -2.17034e-05
56 -7.85099e-06
56.02 7.08601e-06
56.04 6.3568e-06
56.06 -5.25638e-06
56.08 -8.40619e-06
56.1 3.97649e-06
56.12 1.61091e-05
56.14 1.22704e-05
56.16 -2.41157e-06
56.18 -9.23513e-06
56.2 -2.12525e-06
56.22 4.38306e-06
56.24 -3.57785e-07
56.26 -7.55825e-06
56.28 -5.06801e-06
56.3 4.66309e-06
56.32 9.07466e-06
56.34 3.46236e-06
56.36 -2.5427e-06
56.38 -4.6507e-07
56.4 4.19351e-06
56.42 2.45187e-06
56.44 -2.58239e-06
56.46 -7.00158e-07
56.48 7.25958e-06
56.5 9.09475e-06
56.52 1.4896e-06
56.54 -3.8788e-06
56.56 1.02048e-06
56.58 7.9976e-06
56.6 4.64482e-06
56.62 -6.22806e-06
56.64 -9.8554e-06
56.66 -1.76026e-06
56.68 6.03928e-06
56.7 2.49804e-06
56.72 -6.67834e-06
56.74 -7.50595e-06
56.76 1.18931e-06
56.78 6.4559e-06
56.8 1.19716e-06
56.82 -5.22867e-06
56.84 -2.5819e-06
56.86 4.47538e-06
56.88 5.69441e-06
56.9 -5.86941e-07
56.92 -6.42498e-06
56.94 -4.70551e-06
56.96 -2.9139e-07
56.98 -2.33473e-06
57 -8.72255e-06
57.02 -9.44625e-06
57.04 -3.5905e-06
57.06 -1.03082e-06
57.08 -5.15826e-06
57.1 -6.51218e-06
57.12 -2.98127e-08
57.14 4.77194e-06
57.16 1.61083e-07
57.18 -6.69084e-06
57.2 -4.79725e-06
57.22 3.48796e-06
57.24 5.26963e-06
57.26 -2.90699e-06
57.28 -9.07373e-06
57.3 -3.59575e-06
57.32 5.94504e-06
57.34 5.59248e-06
57.36 -3.55972e-06
57.38 -6.51544e-06
57.4 2.11913e-06
57.42 9.48371e-06
57.44 4.8277e-06
57.46 -4.85828e-06
57.48 -6.29363e-06
57.5 1.16673e-06
57.52 6.11721e-06
57.54 1.92373e-06
57.56 -4.96881e-06
57.58 -4.76607e-06
57.6 1.74854e-06
57.62 5.14309e-06
57.64 1.39206e-06
57.66 -3.27233e-06
57.68 -2.1922e-06
57.7 2.01488e-06
57.72 2.24926e-06
57.74 -1.89047e-06
57.76 -4.06379e-06
57.78 -1.37191e-06
57.8 1.42862e-06
57.82 -2.56206e-08
57.84 -2.82551e-06
57.86 -2.01934e-06
57.88 1.20145e-06
57.9 1.52837e-06
57.92 -1.61984e-06
57.94 -2.96218e-06
57.96 -1.21452e-07
57.98 2.34133e-06
58 4.84224e-07
58.02 -2.72965e-06
58.04 -2.59519e-06
58.06 2.93681e-07
58.08 1.62594e-06
58.1 -2.49766e-07
58.12 -2.20228e-06
58.14 -1.21968e-06
58.16 1.09311e-06
58.18 1.26527e-06
58.2 -7.08859e-07
58.22 -1.6081e-06
58.24 -6.77624e-08
58.26 1.39817e-06
58.28 4.85756e-07
58.3 -1.32466e-06
58.32 -1.22628e-06
58.34 5.4816e-07
58.36 1.22264e-06
58.38 -1.18577e-07
58.4 -1.23e-06
58.42 -3.55938e-07
58.44 1.09297e-06
58.46 8.81867e-07
58.48 -6.0712e-07
58.5 -1.09542e-06
58.52 9.59558e-08
58.54 1.0876e-06
58.56 3.7587e-07
58.58 -8.72769e-07
58.6 -7.12466e-07
58.62 5.48364e-07
58.64 9.22812e-07
58.66 -9.80914e-08
58.68 -8.49368e-07
58.7 -2.01953e-07
58.72 7.56298e-07
58.74 5.45767e-07
58.76 -4.33055e-07
58.78 -6.37569e-07
58.8 1.94633e-07
58.82 7.30852e-07
58.84 1.75192e-07
58.86 -5.60212e-07
58.88 -3.49302e-07
58.9 4.3038e-07
58.92 5.66244e-07
58.94 -1.02175e-07
58.96 -5.1015e-07
58.98 -5.68845e-08
59 5.18174e-07
59.02 3.4091e-07
59.04 -2.68708e-07
59.06 -3.58528e-07
59.08 1.75802e-07
59.1 4.8871e-07
59.12 1.24807e-07
59.14 -3.18845e-07
59.16 -1.64418e-07
59.18 3.17624e-07
59.2 3.79949e-07
59.22 -4.12827e-08
59.24 -2.75253e-07
59.26 2.16818e-08
59.28 3.68543e-07
59.3 2.40796e-07
59.32 -1.34545e-07
59.34 -1.71526e-07
59.36 1.66006e-07
59.38 3.46225e-07
59.4 1.10096e-07
59.42 -1.55443e-07
59.44 -4.46378e-08
59.46 2.53043e-07
59.48 2.78428e-07
59.5 1.39982e-08
59.52 -1.18904e-07
59.54 7.4553e-08
59.56 2.83409e-07
59.58 1.94038e-07
59.6 -3.60358e-08
59.62 -4.71996e-08
59.64 1.65741e-07
59.66 2.69179e-07
59.68 1.16963e-07
59.7 -4.12677e-08
59.72 3.66796e-08
59.74 2.20301e-07
59.76 2.28112e-07
59.78 6.27648e-08
59.8 -1.17509e-08
59.82 1.13928e-07
59.84 2.39554e-07
59.86 1.78209e-07
59.88 3.77234e-08
59.9 3.83103e-08
59.92 1.72527e-07
59.94 2.31629e-07
59.96 1.34126e-07
59.98 -2.27839e-07
