0.02 3.46602e-06
0.04 9.81861e-06
0.06 1.07467e-05
0.08 4.9156e-06
0.1 1.40708e-06
0.12 5.26066e-06
0.14 1.01679e-05
0.16 8.79123e-06
0.18 3.96061e-06
0.2 3.7224e-06
0.22 8.74057e-06
0.24 1.17946e-05
0.26 9.35458e-06
0.28 6.76526e-06
0.3 9.37848e-06
0.32 1.36707e-05
0.34 1.42166e-05
0.36 1.30668e-05
0.38 1.26077e-05
0.4 6.61832e-06
0.42 -8.37197e-06
0.44 -7.64633e-06
0.46 2.32381e-05
0.48 3.66988e-05
0.5 1.33148e-06
0.52 -3.47404e-05
0.54 -2.52975e-05
0.56 -7.45496e-06
0.58 -3.663e-05
0.6 -6.73793e-05
0.62 -3.06905e-05
0.64 1.21315e-05
0.66 -1.49139e-05
0.68 -9.24967e-05
0.7 -0.000135378
0.72 -3.11435e-05
0.74 0.000117898
0.76 8.39519e-05
0.78 -4.5195e-05
0.8 1.2261e-05
0.82 0.000247349
0.84 0.00034843
0.86 0.000168941
0.88 -4.55832e-05
0.9 -2.8783e-05
0.92 0.000136701
0.94 0.000153499
0.96 -8.26404e-05
0.98 -0.000297414
1 -0.000204485
1.02 7.15262e-05
1.04 0.000144187
1.06 -0.000108238
1.08 -0.00036211
1.1 -0.000294689
1.12 -1.21986e-05
1.14 0.000146764
1.16 1.14778e-05
1.18 -0.000276701
1.2 -0.000300431
1.22 6.55679e-05
1.24 0.000274464
1.26 -3.76242e-05
1.28 -0.000430024
1.3 -0.000379823
1.32 4.33866e-05
1.34 0.000377344
1.36 0.000271316
1.38 -0.000114352
1.4 -0.000258215
1.42 9.82733e-06
1.44 0.000223042
1.46 -9.03711e-05
1.48 -0.000670765
1.5 -0.0008055
1.52 -0.000353251
1.54 1.8214e-05
1.56 -0.000202248
1.58 -0.000621528
1.6 -0.000515918
1.62 5.35212e-05
1.64 0.000306545
1.66 -5.47381e-05
1.68 -0.000434877
1.7 -0.000279135
1.72 0.000114002
1.74 7.65756e-05
1.76 -0.000325999
1.78 -0.000401818
1.8 -6.55008e-05
1.82 4.21796e-05
1.84 -0.000325722
1.86 -0.000601943
1.88 -0.000217212
1.9 0.000390139
1.92 0.000221661
1.94 -0.000624867
1.96 -0.000893591
1.98 -0.000168914
2 0.000330131
2.02 -0.000319564
2.04 -0.00120636
2.06 -0.0010107
2.08 -0.000102172
2.1 6.13846e-05
2.12 -0.000708634
2.14 -0.00106833
2.16 -0.000375294
2.18 0.000369578
2.2 0.000183383
2.22 -0.000544064
2.24 -0.00072771
2.26 -0.000139159
2.28 0.000185888
2.3 -0.00041585
2.32 -0.00107005
2.34 -0.000801278
2.36 -1.11779e-05
2.38 0.00017482
2.4 -0.000568244
2.42 -0.00120663
2.44 -0.00075551
2.46 0.000139631
2.48 0.000195555
2.5 -0.000454009
2.52 -0.000590201
2.54 3.96588e-05
2.56 0.000479183
2.58 0.000306829
2.6 0.000243398
2.62 0.000785273
2.64 0.00134334
2.66 0.00126635
2.68 0.000956367
2.7 0.00121998
2.72 0.00194764
2.74 0.002353
2.76 0.00220774
2.78 0.00200093
2.8 0.00215483
2.82 0.00255914
2.84 0.00277725
2.86 0.00263714
2.88 0.00235235
2.9 0.00215725
2.92 0.00221784
2.94 0.00240135
2.96 0.00230046
2.98 0.00197443
3 0.0019453
3.02 0.00192841
3.04 0.00120918
3.06 0.00038683
3.08 0.000330291
3.1 0.000500725
3.12 2.78155e-05
3.14 -0.000911979
3.16 -0.00151192
3.18 -0.00153958
3.2 -0.00157468
3.22 -0.00206089
3.24 -0.00267742
3.26 -0.00285935
3.28 -0.00261445
3.3 -0.00236615
3.32 -0.00235681
3.34 -0.00238894
3.36 -0.00189172
3.38 -0.000900638
3.4 -0.000337279
3.42 -0.000532884
3.44 -0.000425059
3.46 0.000909153
3.48 0.00239441
3.5 0.00231605
3.52 0.00118362
3.54 0.00102688
3.56 0.00218447
3.58 0.00296644
3.6 0.00241669
3.62 0.00175923
3.64 0.00197497
3.66 0.00167059
3.68 0.000185926
3.7 -0.000570403
3.72 2.0546e-05
3.74 9.90978e-05
3.76 -0.00113081
3.78 -0.00210117
3.8 -0.00158398
3.82 -0.000720769
3.84 -0.00104405
3.86 -0.00210639
3.88 -0.00251398
3.9 -0.00195895
3.92 -0.0015087
3.94 -0.00200916
3.96 -0.00284332
3.98 -0.00264865
4 -0.00109773
4.02 4.84444e-05
4.04 -0.000722167
4.06 -0.00184984
4.08 -0.00103875
4.1 0.000913678
4.12 0.00147631
4.14 0.000414437
4.16 -0.00012485
4.18 0.00064353
4.2 0.000840568
4.22 -0.000535611
4.24 -0.00168001
4.26 -0.00117051
4.28 -0.000177746
4.3 -0.000329867
4.32 -0.000867199
4.34 2.52914e-05
4.36 0.00143784
4.38 0.0010762
4.4 -0.000617971
4.42 -0.00126749
4.44 -0.000253903
4.46 0.000825934
4.48 0.000870198
4.5 1.63557e-05
4.52 -0.00106198
4.54 -0.00117975
4.56 -0.000162098
4.58 0.000533511
4.6 -5.63042e-05
4.62 -0.000999803
4.64 -0.000590411
4.66 0.00101927
4.68 0.00164088
4.7 0.000578377
4.72 -0.000165367
4.74 0.000790759
4.76 0.00212293
4.78 0.00170505
4.8 -0.000309197
4.82 -0.00119073
4.84 0.000386125
4.86 0.00197226
4.88 0.00110864
4.9 -0.000861721
4.92 -0.00111141
4.94 0.0002725
4.96 0.00084377
4.98 -0.000349942
5 -0.00177957
5.02 -0.00186725
5.04 -0.00110063
5.06 -0.000793237
5.08 -0.0005766
5.1 0.000260718
5.12 0.000728388
5.14 0.00014157
5.16 -0.000424378
5.18 5.09625e-05
5.2 0.00101815
5.22 0.00130556
5.24 0.000513313
5.26 -0.00086098
5.28 -0.00143126
5.3 -0.000305107
5.32 0.00124503
5.34 0.00140071
5.36 0.000264207
5.38 -0.000470051
5.4 7.25969e-05
5.42 0.000883879
5.44 0.000891273
5.46 0.000460897
5.48 0.000413617
5.5 0.000770149
5.52 0.000948358
5.54 0.000628323
5.56 0.0001064
5.58 -8.96258e-05
5.6 0.000142178
5.62 0.0003203
5.64 0.000200258
5.66 0.000113898
5.68 0.000131811
5.7 4.60947e-05
5.72 -5.53516e-05
5.74 -5.07364e-05
5.76 -4.07438e-05
5.78 -0.00017237
5.8 -0.000371749
5.82 -0.000308204
5.84 -1.74156e-05
5.86 -4.79947e-05
5.88 -0.000510816
5.9 -0.000850147
5.92 -0.000585519
5.94 0.000201482
5.96 0.000760468
5.98 0.000598051
6 0.0003378
6.02 0.000567666
6.04 0.000923526
6.06 0.00100871
6.08 0.000792748
6.1 0.000396568
6.12 0.000335802
6.14 0.000846117
6.16 0.00122416
6.18 0.000571982
6.2 -0.000847414
6.22 -0.00144689
6.24 -0.000714218
6.26 -0.000257526
6.28 -0.00110388
6.3 -0.00191521
6.32 -0.00113772
6.34 0.000292174
6.36 0.000341324
6.38 -0.000823562
6.4 -0.00124886
6.42 -0.000268855
6.44 0.000684876
6.46 0.000289844
6.48 -0.000924421
6.5 -0.00153
6.52 -0.00108997
6.54 -0.00063747
6.56 -0.000959196
6.58 -0.00118112
6.6 -0.000633598
6.62 -0.00020296
6.64 -0.000359054
6.66 -0.000239494
6.68 0.000498296
6.7 0.000885017
6.72 0.000118398
6.74 -0.00115093
6.76 -0.00140436
6.78 -0.000298197
6.8 0.000674248
6.82 0.00022477
6.84 -0.000822109
6.86 -0.000736653
6.88 0.000371654
6.9 0.000707693
6.92 -0.000399273
6.94 -0.00143851
6.96 -0.000884135
6.98 0.000584498
7 0.00103062
7.02 -2.36273e-05
7.04 -0.000963885
7.06 -0.000393964
7.08 0.000833258
7.1 0.00100496
7.12 0.000128992
7.14 -0.000333097
7.16 0.000297966
7.18 0.00108931
7.2 0.000968202
7.22 0.000266192
7.24 0.000124979
7.26 0.000645831
7.28 0.000676705
7.3 -0.000125883
7.32 -0.000511964
7.34 0.000242146
7.36 0.00103722
7.38 0.000688817
7.4 -0.000228259
7.42 -0.000384429
7.44 0.000281138
7.46 0.000623574
7.48 8.57409e-06
7.5 -0.00072958
7.52 -0.000512977
7.54 0.000213945
7.56 0.000220843
7.58 -0.000421251
7.6 -0.000476442
7.62 0.000394545
7.64 0.0010669
7.66 0.000800922
7.68 0.000241838
7.7 0.000170294
7.72 0.000425564
7.74 0.000424453
7.76 0.00025341
7.78 0.000411791
7.8 0.000738416
7.82 0.000694516
7.84 0.000213807
7.86 -0.000315116
7.88 -0.000416875
7.9 -5.42675e-05
7.92 0.000182494
7.94 -7.05458e-05
7.96 -0.000382429
7.98 -0.000286089
8 3.3478e-05
8.02 0.000175708
8.04 0.0001116
8.06 4.43148e-05
8.08 7.08911e-05
8.1 0.000156431
8.12 0.000209104
8.14 0.000156031
8.16 6.34473e-05
8.18 0.000127226
8.2 0.000411488
8.22 0.000591757
8.24 0.00013975
8.26 -0.000697739
8.28 -0.000785076
8.3 0.000107584
8.32 0.00078605
8.34 0.000444719
8.36 -0.000313616
8.38 -0.000426893
8.4 0.000229687
8.42 0.000729124
8.44 0.000338328
8.46 -0.000583534
8.48 -0.000910611
8.5 -0.000136174
8.52 0.000708212
8.54 0.00047939
8.56 -0.000292366
8.58 -0.000275888
8.6 0.000633384
8.62 0.0011828
8.64 0.000507263
8.66 -0.000424003
8.68 -8.63821e-05
8.7 0.00108693
8.72 0.00132214
8.74 0.000279788
8.76 -0.000519578
8.78 -1.99649e-05
8.8 0.000856637
8.82 0.00061712
8.84 -0.00057549
8.86 -0.00122405
8.88 -0.000573103
8.9 0.000495393
8.92 0.000530256
8.94 -0.000353908
8.96 -0.000634102
8.98 3.34768e-05
9 0.000480139
9.02 1.93444e-05
9.04 -0.000699635
9.06 -0.000625577
9.08 0.000245403
9.1 0.000640936
9.12 -0.000156092
9.14 -0.00100018
9.16 -0.000673372
9.18 0.000111321
9.2 -5.35993e-06
9.22 -0.000862332
9.24 -0.00111737
9.26 -0.000313817
9.28 0.000429883
9.3 0.00019434
9.32 -0.000388663
9.34 -0.00025676
9.36 0.000473207
9.38 0.000700675
9.4 -1.43873e-05
9.42 -0.000685932
9.44 -0.000283148
9.46 0.000635511
9.48 0.000601553
9.5 -0.000500039
9.52 -0.00107966
9.54 -0.000294573
9.56 0.00055271
9.58 0.000275178
9.6 -0.000233024
9.62 6.50437e-05
9.64 0.000444331
9.66 -5.95765e-05
9.68 -0.000883857
9.7 -0.000909974
9.72 -0.000153934
9.74 0.000461621
9.76 0.000133449
9.78 -0.000930383
9.8 -0.00129603
9.82 -0.000347086
9.84 0.000548826
9.86 0.000334181
9.88 -0.00025371
9.9 -0.00013156
9.92 0.000512909
9.94 0.000541311
9.96 -0.000239566
9.98 -0.000566376
10 0.000225263
10.02 0.00102629
10.04 0.000686345
10.06 -0.000225439
10.08 -0.000431138
10.1 0.000112031
10.12 0.000351491
10.14 -0.000238313
10.16 -0.00087345
10.18 -0.000577596
10.2 0.000227918
10.22 0.000294635
10.24 -0.000489379
10.26 -0.000945929
10.28 -0.000406734
10.3 0.000360505
10.32 0.000368549
10.34 -0.000207516
10.36 -0.000406844
10.38 8.04791e-05
10.4 0.000510283
10.42 0.000299764
10.44 -9.6852e-05
10.46 -2.06877e-05
10.48 0.000388518
10.5 0.000533198
10.52 0.000274367
10.54 3.95222e-06
10.56 -8.82171e-05
10.58 -9.98467e-05
10.6 1.43421e-05
10.62 0.000210575
10.64 0.000224013
10.66 5.082e-05
10.68 -6.03079e-05
10.7 -8.90132e-05
10.72 -0.000139411
10.74 -0.000149625
10.76 -0.000106763
10.78 -6.77454e-05
10.8 5.28831e-05
10.82 0.000241165
10.84 0.000285927
10.86 9.21256e-05
10.88 -0.000218865
10.9 -0.000348328
10.92 -0.000114541
10.94 0.000169867
10.96 0.000104961
10.98 -0.000171115
11 -0.000249867
11.02 -9.18191e-05
11.04 -1.02465e-06
11.06 -9.58595e-05
11.08 -0.000167753
11.1 -5.22785e-05
11.12 0.000171539
11.14 0.000317705
11.16 0.000288443
11.18 0.000178503
11.2 0.000161868
11.22 0.000271644
11.24 0.000295288
11.26 3.63605e-05
11.28 -0.000287906
11.3 -0.00029004
11.32 -2.44606e-05
11.34 7.53688e-05
11.36 -0.000176383
11.38 -0.000450929
11.4 -0.000307852
11.42 0.000168208
11.44 0.000364479
11.46 1.32036e-05
11.48 -0.000359435
11.5 -0.000217777
11.52 0.000193965
11.54 0.000285282
11.56 1.88712e-05
11.58 -0.000103796
11.6 0.000168966
11.62 0.000488963
11.64 0.000436564
11.66 0.000120925
11.68 -7.78318e-06
11.7 0.000163181
11.72 0.000288735
11.74 0.000139166
11.76 -0.000113325
11.78 -0.000226168
11.8 -0.000208193
11.82 -0.000237973
11.84 -0.00034695
11.86 -0.00037337
11.88 -0.000261915
11.9 -0.000106006
11.92 5.50859e-05
11.94 0.000183628
11.96 0.000185664
11.98 7.36125e-05
12 -1.90131e-05
12.02 4.15421e-06
12.04 0.000107039
12.06 0.00014917
12.08 7.22632e-05
12.1 -2.28854e-05
12.12 -5.45644e-05
12.14 4.22087e-06
12.16 0.000153181
12.18 0.000246535
12.2 0.000138449
12.22 -5.94756e-05
12.24 -0.000151748
12.26 -0.000138323
12.28 -0.000156591
12.3 -0.000266083
12.32 -0.000368789
12.34 -0.000347313
12.36 -0.000225674
12.38 -0.000116966
12.4 -6.67804e-05
12.42 -2.52726e-05
12.44 5.4467e-05
12.46 0.000129826
12.48 0.000135777
12.5 0.000116467
12.52 0.000154098
12.54 0.000210124
12.56 0.000189131
12.58 0.000125025
12.6 0.000138389
12.62 0.000233958
12.64 0.000269358
12.66 0.000125177
12.68 -9.03319e-05
12.7 -0.000143145
12.72 -2.76368e-05
12.74 2.49928e-05
12.76 -0.000103503
12.78 -0.000260636
12.8 -0.000220679
12.82 4.27014e-05
12.84 0.000268973
12.86 0.000178724
12.88 -0.000114849
12.9 -0.000203861
12.92 4.46164e-05
12.94 0.00027901
12.96 0.000156005
12.98 -0.000141675
13 -0.000180667
13.02 5.65076e-05
13.04 0.000180067
13.06 2.48314e-05
13.08 -0.000123927
13.1 -1.18741e-05
13.12 0.000210382
13.14 0.000237523
13.16 4.47816e-05
13.18 -0.000114003
13.2 -6.59377e-05
13.22 9.54052e-05
13.24 0.000163811
13.26 7.87023e-05
13.28 -4.75642e-05
13.3 -0.000118391
13.32 -0.000122211
13.34 -8.43637e-05
13.36 -3.13538e-05
13.38 3.23727e-05
13.4 7.47213e-05
13.42 3.66145e-05
13.44 -3.45064e-05
13.46 -3.73001e-05
13.48 -1.10565e-05
13.5 -4.69708e-05
13.52 -9.29283e-05
13.54 -5.50069e-05
13.56 1.37014e-05
13.58 -7.83939e-06
13.6 -0.000113965
13.62 -0.000165705
13.64 -8.33608e-05
13.66 2.72807e-05
13.68 1.12523e-05
13.7 -0.000115809
13.72 -0.00017666
13.74 -7.44403e-05
13.76 8.34858e-05
13.78 0.000143906
13.8 9.62197e-05
13.82 4.97095e-05
13.84 6.9404e-05
13.86 8.77276e-05
13.88 1.02986e-05
13.9 -0.000108894
13.92 -0.000118719
13.94 -2.4356e-06
13.96 9.43886e-05
13.98 6.51877e-05
14 -2.66366e-05
14.02 -9.76158e-06
14.04 0.000181786
14.06 0.000359932
14.08 0.000318284
14.1 0.000131518
14.12 -1.69594e-05
14.14 -8.62184e-05
14.16 -8.81046e-05
14.18 -2.38591e-05
14.2 2.12545e-05
14.22 -6.88013e-05
14.24 -0.00024101
14.26 -0.000286936
14.28 -0.00013386
14.3 2.55596e-05
14.32 -1.57876e-05
14.34 -0.000211353
14.36 -0.000308025
14.38 -0.000170804
14.4 3.83401e-06
14.42 -4.59685e-05
14.44 -0.000252267
14.46 -0.000292348
14.48 -7.22671e-05
14.5 0.000131485
14.52 0.000101781
14.54 -2.69427e-05
14.56 -1.95927e-05
14.58 9.40801e-05
14.6 0.00010238
14.62 4.29545e-06
14.64 2.64094e-05
14.66 0.000210784
14.68 0.000285903
14.7 2.64725e-05
14.72 -0.000373548
14.74 -0.000441538
14.76 -8.43242e-05
14.78 0.000201993
14.8 3.64725e-07
14.82 -0.000421474
14.84 -0.000433404
14.86 2.55633e-05
14.88 0.000274258
14.9 -7.11975e-05
14.92 -0.000425042
14.94 -0.000157348
14.96 0.000349094
14.98 0.0003256
15 -0.000158741
15.02 -0.000355821
15.04 -1.86553e-05
15.06 0.000272347
15.08 5.74987e-05
15.1 -0.00032694
15.12 -0.000277343
15.14 0.000196944
15.16 0.000472441
15.18 0.000199512
15.2 -0.000186196
15.22 -0.000124603
15.24 0.000212393
15.26 0.000228511
15.28 -0.000156353
15.3 -0.000424137
15.32 -0.00024693
15.34 7.15761e-05
15.36 8.49571e-05
15.38 -0.000149536
15.4 -0.000205313
15.42 5.34771e-05
15.44 0.000277264
15.46 0.000146364
15.48 -0.000171098
15.5 -0.000253029
15.52 3.98082e-06
15.54 0.000247649
15.56 0.000165339
15.58 -5.29337e-05
15.6 -2.22072e-05
15.62 0.000220663
15.64 0.00027656
15.66 5.93073e-06
15.68 -0.000235226
15.7 -9.82454e-05
15.72 0.000237028
15.74 0.000327166
15.76 0.000104415
15.78 -7.30033e-05
15.8 4.15681e-05
15.82 0.000244926
15.84 0.00018792
15.86 -9.10267e-05
15.88 -0.00020174
15.9 7.73265e-06
15.92 0.000230489
15.94 0.00017525
15.96 -6.84316e-06
15.98 1.03716e-05
16 0.000209893
16.02 0.000286649
16.04 0.000124388
16.06 -5.42072e-05
16.08 -1.3931e-05
16.1 0.000164264
16.12 0.000183742
16.14 -3.36759e-05
16.16 -0.000195866
16.18 -4.24635e-05
16.2 0.000249544
16.22 0.000281868
16.24 1.64622e-05
16.26 -0.000195302
16.28 -0.000130827
16.3 7.91985e-05
16.32 0.000185934
16.34 9.11439e-05
16.36 -7.85239e-05
16.38 -0.00012259
16.4 -1.44617e-05
16.42 5.81303e-05
16.44 -4.1663e-05
16.46 -0.000196365
16.48 -0.000216556
16.5 -0.000147007
16.52 -0.000200215
16.54 -0.000387515
16.56 -0.000449154
16.58 -0.000252458
16.6 -4.18508e-05
16.62 -9.71268e-05
16.64 -0.000317524
16.66 -0.00037117
16.68 -8.64095e-05
16.7 0.000386725
16.72 0.000656154
16.74 0.000569469
16.76 0.000493652
16.78 0.000711587
16.8 0.000957695
16.82 0.000891439
16.84 0.000537014
16.86 4.3276e-05
16.88 -0.000293888
16.9 -7.29105e-05
16.92 0.000371895
16.94 0.000223278
16.96 -0.000407699
16.98 -0.000610138
17 -0.00014781
17.02 0.00022611
17.04 -5.21089e-05
17.06 -0.000584092
17.08 -0.000638373
17.1 -0.000243105
17.12 -0.000154948
17.14 -0.000634381
17.16 -0.000944368
17.18 -0.000499697
17.2 7.90775e-05
17.22 -0.000119962
17.24 -0.000739731
17.26 -0.000714934
17.28 -6.80299e-05
17.3 0.000198935
17.32 -0.000224134
17.34 -0.000520268
17.36 -4.09785e-05
17.38 0.00073103
17.4 0.0008921
17.42 0.000447924
17.44 0.000284796
17.46 0.000757028
17.48 0.00110623
17.5 0.000696897
17.52 9.07892e-05
17.54 0.000138608
17.56 0.000533318
17.58 0.000358668
17.6 -0.000318525
17.62 -0.000622142
17.64 -0.000300148
17.66 3.42469e-08
17.68 -0.000220903
17.7 -0.00063449
17.72 -0.000679043
17.74 -0.000400099
17.76 -0.000271317
17.78 -0.000434808
17.8 -0.000567457
17.82 -0.00042065
17.84 -0.000108766
17.86 9.09128e-05
17.88 3.61171e-05
17.9 -0.000110672
17.92 -6.53066e-05
17.94 0.000192205
17.96 0.000407523
17.98 0.000418343
18 0.000322435
18.02 0.000284134
18.04 0.000326239
18.06 0.000346175
18.08 0.000227286
18.1 -5.42307e-05
18.12 -0.000302664
18.14 -0.000265498
18.16 -4.60543e-05
18.18 -4.99681e-06
18.2 -0.000236775
18.22 -0.000487995
18.24 -0.000567486
18.26 -0.000575771
18.28 -0.000661818
18.3 -0.000738686
18.32 -0.00055021
18.34 9.73702e-06
18.36 0.000565384
18.38 0.000587032
18.4 0.000277288
18.42 0.000341315
18.44 0.000851506
18.46 0.00118049
18.48 0.000836594
18.5 3.47064e-05
18.52 -0.000368507
18.54 9.86365e-05
18.56 0.00066801
18.58 0.000391299
18.6 -0.000413875
18.62 -0.00069519
18.64 -0.000197856
18.66 0.00023742
18.68 -7.99219e-05
18.7 -0.000720378
18.72 -0.000811667
18.74 -0.00033307
18.76 -0.000117766
18.78 -0.000568835
18.8 -0.000929799
18.82 -0.000308962
18.84 0.000753658
18.86 0.000923168
18.88 0.000255652
18.9 6.60831e-05
18.92 0.000773292
18.94 0.00137076
18.96 0.00104114
18.98 0.000303963
19 0.000109809
19.02 0.00046546
19.04 0.000618909
19.06 0.000166915
19.08 -0.000432186
19.1 -0.000453146
19.12 3.04658e-05
19.14 0.000175852
19.16 -0.000331076
19.18 -0.00074828
19.2 -0.000498429
19.22 -0.000123606
19.24 -0.000357831
19.26 -0.0008608
19.28 -0.000741485
19.3 -7.42674e-05
19.32 0.000216169
19.34 -0.000174161
19.36 -0.000576046
19.38 -0.000392051
19.4 9.47441e-05
19.42 0.000201035
19.44 -9.82296e-05
19.46 -0.000138598
19.48 0.000333261
19.5 0.000710883
19.52 0.000467187
19.54 -2.78498e-05
19.56 -4.86602e-05
19.58 0.000404752
19.6 0.000548673
19.62 4.57078e-05
19.64 -0.000301073
19.66 0.00013199
19.68 0.000584748
19.7 0.000152084
19.72 -0.000651865
19.74 -0.000686645
19.76 6.71721e-05
19.78 0.000497584
19.8 -5.61938e-05
19.82 -0.000841206
19.84 -0.000720099
19.86 0.000160747
19.88 0.000642167
19.9 0.000250346
19.92 -0.000259224
19.94 -5.38631e-05
19.96 0.000574757
19.98 0.000641972
20 2.14291e-05
20.02 -0.000337343
20.04 0.000105539
20.06 0.000685659
20.08 0.000494532
20.1 -0.000406123
20.12 -0.00101014
20.14 -0.000632965
20.16 0.000213185
20.18 0.000549366
20.2 6.40129e-05
20.22 -0.000615783
20.24 -0.000620319
20.26 3.88582e-05
20.28 0.000389826
20.3 -0.000114839
20.32 -0.000645952
20.34 -0.000260938
20.36 0.000455604
20.38 0.000406607
20.4 -0.000160922
20.42 -0.000204308
20.44 0.000435294
20.46 0.000891099
20.48 0.000573354
20.5 -9.62733e-05
20.52 -0.000315289
20.54 1.24226e-06
20.56 0.000145436
20.58 -2.06825e-05
20.6 6.05705e-05
20.62 0.000186056
20.64 -0.000204081
20.66 -0.000736524
20.68 -0.000805009
20.7 -0.000366424
20.72 0.00025503
20.74 0.000389122
20.76 -0.000232225
20.78 -0.00068927
20.8 -0.000231427
20.82 0.000356117
20.84 7.78192e-05
20.86 -0.000563095
20.88 -0.000350918
20.9 0.000624339
20.92 0.00102907
20.94 0.000406227
20.96 -0.000170916
20.98 0.000208702
21 0.000889487
21.02 0.000593473
21.04 -0.000426231
21.06 -0.000634423
21.08 0.000286575
21.1 0.000902985
21.12 0.000211797
21.14 -0.000859365
21.16 -0.000756053
21.18 0.000369954
21.2 0.000765899
21.22 -0.00025592
21.24 -0.00123219
21.26 -0.000810779
21.28 0.00025289
21.3 0.000348243
21.32 -0.000530087
21.34 -0.000787811
21.36 0.000240746
21.38 0.00115272
21.4 0.000757451
21.42 -0.000168578
21.44 -0.000412266
21.46 0.000145942
21.48 0.000745254
21.5 0.000502996
21.52 -0.00042506
21.54 -0.000856787
21.56 -0.000403666
21.58 -8.83319e-06
21.6 -0.000272236
21.62 -0.000562199
21.64 -0.000283157
21.66 0.000134486
21.68 6.56242e-05
21.7 -0.000259698
21.72 -0.000137309
21.74 0.000383639
21.76 0.000444547
21.78 -0.000214131
21.8 -0.000655804
21.82 -0.000188384
21.84 0.000448141
21.86 0.000245541
21.88 -0.00045799
21.9 -0.000547816
21.92 0.000143186
21.94 0.000643159
21.96 0.00030573
21.98 -0.000272182
22 -0.00017691
22.02 0.000458106
22.04 0.000711495
22.06 0.000228398
22.08 -0.000374336
22.1 -0.000396651
22.12 3.86678e-05
22.14 0.000211163
22.16 -0.00012228
22.18 -0.000404923
22.2 -0.000200825
22.22 0.000163818
22.24 0.000173639
22.26 -0.000127314
22.28 -0.000259584
22.3 -1.78128e-05
22.32 0.000260507
22.34 0.000234292
22.36 3.90491e-05
22.38 2.98056e-05
22.4 0.000255669
22.42 0.000402336
22.44 0.000254385
22.46 2.59054e-05
22.48 5.2184e-05
22.5 0.000249659
22.52 0.000222503
22.54 -8.21121e-05
22.56 -0.000268868
22.58 -0.000106904
22.6 0.000131544
22.62 8.77889e-05
22.64 -0.000165728
22.66 -0.000255956
22.68 -7.325e-05
22.7 7.75299e-05
22.72 -4.0659e-05
22.74 -0.000242495
22.76 -0.000232952
22.78 -6.58655e-05
22.8 -2.18962e-05
22.82 -0.000144249
22.84 -0.000182343
22.86 -1.7494e-05
22.88 0.000140645
22.9 8.42565e-05
22.92 -8.17289e-05
22.94 -9.15776e-05
22.96 9.30135e-05
22.98 0.000226261
23 0.000132107
23.02 -5.60923e-05
23.04 -0.000101675
23.06 -1.10541e-06
23.08 3.4031e-05
23.1 -8.70127e-05
23.12 -0.000181275
23.14 -8.8029e-05
23.16 4.79555e-05
23.18 1.34089e-05
23.2 -0.00010767
23.22 -7.04265e-05
23.24 0.000121616
23.26 0.000221316
23.28 0.000130693
23.3 2.30248e-05
23.32 4.8912e-05
23.34 0.0001303
23.36 0.000107859
23.38 -2.55105e-05
23.4 -0.000149764
23.42 -0.00019119
23.44 -0.000161699
23.46 -9.84852e-05
23.48 -3.81747e-05
23.5 -2.70836e-05
23.52 -7.76064e-05
23.54 -0.0001122
23.56 -5.01605e-05
23.58 6.92494e-05
23.6 0.00012808
23.62 8.04357e-05
23.64 1.22921e-05
23.66 1.73376e-05
23.68 8.0515e-05
23.7 0.000134656
23.72 0.000133187
23.74 6.95135e-05
23.76 -5.81122e-07
23.78 -1.14376e-05
23.8 2.60574e-05
23.82 5.14533e-05
23.84 2.88377e-05
23.86 -3.79222e-05
23.88 -0.000105721
23.9 -0.000109087
23.92 -2.98578e-05
23.94 4.15788e-05
23.96 -1.52647e-05
23.98 -0.000151398
24 -0.000168007
24.02 1.0413e-05
24.04 0.000228437
24.06 0.000251689
24.08 5.76312e-05
24.1 -0.00010141
24.12 -6.41609e-05
24.14 4.42361e-05
24.16 7.05556e-05
24.18 1.96475e-05
24.2 -5.06228e-05
24.22 -9.36841e-05
24.24 -7.09309e-05
24.26 2.85831e-07
24.28 6.96641e-05
24.3 9.63694e-05
24.32 5.30479e-05
24.34 -5.24404e-05
24.36 -0.00015012
24.38 -0.000149001
24.4 -6.14985e-05
24.42 2.32958e-06
24.44 9.1458e-07
24.46 -1.34965e-06
24.48 2.27617e-05
24.5 1.82937e-05
24.52 -2.99698e-05
24.54 -6.01602e-05
24.56 -2.5722e-05
24.58 4.64484e-05
24.6 8.0336e-05
24.62 4.07766e-05
24.64 -1.7851e-06
24.66 3.67677e-05
24.68 0.000110057
24.7 8.4867e-05
24.72 -5.15057e-05
24.74 -0.000133003
24.76 -4.69478e-05
24.78 0.00010031
24.8 0.00014059
24.82 6.07026e-05
24.84 4.15599e-06
24.86 6.82697e-05
24.88 0.000155213
24.9 0.00012267
24.92 2.11657e-05
24.94 9.73746e-06
24.96 9.8299e-05
24.98 0.000144645
25 7.65781e-05
25.02 -7.37792e-06
25.04 1.05205e-05
25.06 9.73243e-05
25.08 0.00011749
25.1 2.82898e-05
25.12 -4.64046e-05
25.14 9.0664e-06
25.16 0.000115822
25.18 0.000108922
25.2 -1.14379e-05
25.22 -8.95805e-05
25.24 -4.61201e-05
25.26 1.87581e-05
25.28 -2.46938e-05
25.3 -0.000147727
25.32 -0.000200939
25.34 -0.000109941
25.36 3.02382e-05
25.38 6.41096e-05
25.4 -3.30047e-05
25.42 -0.000114376
25.44 -6.16204e-05
25.46 4.08536e-05
25.48 3.29434e-05
25.5 -7.87297e-05
25.52 -0.000124003
25.54 -2.41266e-05
25.56 8.9678e-05
25.58 7.71069e-05
25.6 -9.5494e-06
25.62 -1.44954e-05
25.64 8.39596e-05
25.66 0.00014155
25.68 6.4338e-05
25.7 -5.21276e-05
25.72 -5.43548e-05
25.74 4.33819e-05
25.76 6.99249e-05
25.78 -3.63503e-05
25.8 -0.000126833
25.82 -7.71051e-05
25.84 3.31693e-05
25.86 5.96001e-05
25.88 -9.23973e-06
25.9 -7.10271e-05
25.92 -5.86248e-05
25.94 -1.0904e-05
25.96 -1.22245e-06
25.98 -4.36108e-05
26 -9.00871e-05
26.02 -9.67521e-05
26.04 -7.60069e-05
26.06 -6.24145e-05
26.08 -5.25366e-05
26.1 -3.61839e-05
26.12 -4.13445e-05
26.14 -7.811e-05
26.16 -9.56475e-05
26.18 -5.64277e-05
26.2 1.08056e-06
26.22 1.42581e-05
26.24 -2.12262e-05
26.26 -4.39205e-05
26.28 -1.0195e-05
26.3 3.41471e-05
26.32 2.2585e-05
26.34 -2.51828e-05
26.36 -4.37408e-05
26.38 -2.4316e-05
26.4 -1.23445e-05
26.42 -3.33459e-05
26.44 -6.13467e-05
26.46 -5.54935e-05
26.48 -5.03224e-06
26.5 4.95206e-05
26.52 4.44502e-05
26.54 -1.99134e-05
26.56 -5.76974e-05
26.58 -2.13751e-06
26.6 0.00010093
26.62 0.000136442
26.64 6.56784e-05
26.66 -1.87424e-05
26.68 -1.5206e-05
26.7 5.58367e-05
26.72 8.01212e-05
26.74 1.11258e-05
26.76 -6.11178e-05
26.78 -5.17929e-05
26.8 3.05377e-06
26.82 1.45207e-05
26.84 -4.03015e-05
26.86 -8.89442e-05
26.88 -6.89495e-05
26.9 -2.26997e-05
26.92 -1.60177e-05
26.94 -3.10351e-05
26.96 -1.18463e-05
26.98 2.98195e-05
27 2.4003e-05
27.02 -2.85999e-05
27.04 -3.70025e-05
27.06 2.35384e-05
27.08 5.58634e-05
27.1 -3.73862e-06
27.12 -7.31507e-05
27.14 -4.25288e-05
27.16 5.12765e-05
27.18 6.93081e-05
27.2 -2.33184e-05
27.22 -0.000101035
27.24 -5.90151e-05
27.26 3.51017e-05
27.28 4.6836e-05
27.3 -2.86655e-05
27.32 -7.00676e-05
27.34 -7.45657e-06
27.36 8.14289e-05
27.38 8.59722e-05
27.4 1.537e-05
27.42 -2.62457e-05
27.44 2.15162e-05
27.46 9.62365e-05
27.48 8.84012e-05
27.5 -1.18094e-06
27.52 -6.46727e-05
27.54 -5.07424e-05
27.56 -2.1309e-05
27.58 -4.50552e-05
27.6 -9.96023e-05
27.62 -0.000112678
27.64 -7.907e-05
27.66 -5.98612e-05
27.68 -7.75988e-05
27.7 -8.7232e-05
27.72 -4.56997e-05
27.74 3.03839e-05
27.76 8.53398e-05
27.78 8.84431e-05
27.8 6.597e-05
27.82 6.4649e-05
27.84 8.9541e-05
27.86 9.66248e-05
27.88 5.41256e-05
27.9 -4.38639e-06
27.92 -2.07002e-05
27.94 4.73137e-06
27.96 2.31184e-05
27.98 9.84398e-06
28 -1.681e-05
28.02 -2.15137e-05
28.04 2.11035e-06
28.06 1.23706e-05
28.08 -1.74808e-05
28.1 -5.58435e-05
28.12 -4.92879e-05
28.14 5.53775e-06
28.16 3.37394e-05
28.18 -9.75721e-06
28.2 -4.62514e-05
28.22 4.45417e-06
28.24 8.9506e-05
28.26 0.000113206
28.28 8.01457e-05
28.3 7.03887e-05
28.32 0.0001139
28.34 0.000144707
28.36 5.35094e-05
28.38 -0.00015469
28.4 -0.000266051
28.42 -0.000117052
28.44 0.000114277
28.46 0.000106155
28.48 -0.000128562
28.5 -0.000232061
28.52 -3.6213e-05
28.54 0.000198177
28.56 0.000176
28.58 -2.60014e-05
28.6 -0.000115149
28.62 -1.82336e-05
28.64 7.57987e-05
28.66 5.052e-05
28.68 1.66221e-07
28.7 3.11422e-05
28.72 9.38222e-05
28.74 6.19035e-05
28.76 -7.47903e-05
28.78 -0.000154559
28.8 -4.60052e-05
28.82 0.000124297
28.84 0.00010814
28.86 -7.66316e-05
28.88 -0.000143116
28.9 2.07819e-05
28.92 0.000189196
28.94 0.00014942
28.96 -5.08008e-06
28.98 -5.21205e-05
29 2.54286e-05
29.02 6.41233e-05
29.04 1.59513e-05
29.06 -3.83401e-07
29.08 5.82356e-05
29.1 8.06658e-05
29.12 -1.406e-06
29.14 -9.62158e-05
29.16 -8.92928e-05
29.18 -1.18876e-05
29.2 1.4038e-05
29.22 -4.05555e-05
29.24 -9.00823e-05
29.26 -7.32943e-05
29.28 -1.81409e-05
29.3 1.49169e-05
29.32 -5.07811e-06
29.34 -5.22728e-05
29.36 -6.34088e-05
29.38 -9.25793e-06
29.4 5.96718e-05
29.42 6.43641e-05
29.44 2.25462e-06
29.46 -4.07272e-05
29.48 -6.61241e-06
29.5 5.09414e-05
29.52 4.55543e-05
29.54 -2.18612e-05
29.56 -8.29418e-05
29.58 -9.07834e-05
29.6 -5.00076e-05
29.62 -3.21506e-06
29.64 -4.25619e-06
29.66 -5.71015e-05
29.68 -9.17223e-05
29.7 -6.17816e-05
29.72 -1.50105e-05
29.74 -1.66442e-05
29.76 -5.28834e-05
29.78 -5.1537e-05
29.8 2.33456e-06
29.82 3.99739e-05
29.84 2.41744e-05
29.86 2.30632e-06
29.88 2.05352e-05
29.9 5.65344e-05
29.92 6.85679e-05
29.94 5.62828e-05
29.96 4.22292e-05
29.98 2.89235e-05
30 -2.51849e-06
30.02 -5.17702e-05
30.04 -8.16367e-05
30.06 -6.82342e-05
30.08 -4.72611e-05
30.1 -5.83284e-05
30.12 -7.14485e-05
30.14 -3.40374e-05
30.16 3.61223e-05
30.18 6.77873e-05
30.2 3.89676e-05
30.22 2.27286e-06
30.24 7.60939e-06
30.26 4.71085e-05
30.28 7.67182e-05
30.3 7.3479e-05
30.32 6.07164e-05
30.34 5.90968e-05
30.36 5.38201e-05
30.38 3.33606e-05
30.4 8.14812e-06
30.42 -9.54643e-06
30.44 -2.91024e-05
30.46 -6.82692e-05
30.48 -0.000106789
30.5 -9.70875e-05
30.52 -3.471e-05
30.54 1.76046e-05
30.56 5.35621e-06
30.58 -3.66902e-05
30.6 -3.00119e-05
30.62 3.45222e-05
30.64 8.7312e-05
30.66 7.89634e-05
30.68 4.01502e-05
30.7 3.38643e-05
30.72 6.68613e-05
30.74 6.97983e-05
30.76 6.56038e-06
30.78 -4.60469e-05
30.8 -1.86604e-05
30.82 3.30852e-05
30.84 2.6602e-05
30.86 -2.17596e-05
30.88 -3.31419e-05
30.9 2.47589e-05
30.92 9.5654e-05
30.94 9.85218e-05
30.96 3.24026e-05
30.98 -1.63589e-05
31 1.70251e-06
31.02 2.97444e-05
31.04 6.01853e-06
31.06 -4.08681e-05
31.08 -5.42722e-05
31.1 -3.48717e-05
31.12 -1.35721e-05
31.14 2.42629e-06
31.16 1.92886e-05
31.18 2.96241e-05
31.2 2.32049e-05
31.22 8.15875e-06
31.24 6.20173e-06
31.26 2.65876e-05
31.28 4.4468e-05
31.3 2.93863e-05
31.32 -1.75658e-06
31.34 -2.11109e-06
31.36 3.31882e-05
31.38 5.16684e-05
31.4 2.60194e-05
31.42 4.94201e-06
31.44 2.58304e-05
31.46 4.83975e-05
31.48 3.03836e-05
31.5 -1.06825e-05
31.52 -3.59037e-05
31.54 -3.12791e-05
31.56 -1.51987e-05
31.58 -1.58534e-05
31.6 -3.36999e-05
31.62 -3.91126e-05
31.64 -2.38595e-05
31.66 -1.957e-05
31.68 -4.23777e-05
31.7 -6.48063e-05
31.72 -5.89611e-05
31.74 -3.31126e-05
31.76 -1.73142e-05
31.78 -2.47055e-05
31.8 -3.52493e-05
31.82 -2.89309e-05
31.84 -1.54589e-05
31.86 -5.66696e-06
31.88 8.70139e-06
31.9 2.55664e-05
31.92 2.61121e-05
31.94 1.0181e-05
31.96 6.53361e-06
31.98 3.0209e-05
32 5.08548e-05
32.02 3.19783e-05
32.04 -1.40502e-05
32.06 -3.90457e-05
32.08 -2.47857e-05
32.1 -4.79535e-06
32.12 -1.52495e-05
32.14 -4.95581e-05
32.16 -6.59705e-05
32.18 -4.09732e-05
32.2 -6.79223e-06
32.22 -1.04233e-05
32.24 -4.52112e-05
32.26 -6.01463e-05
32.28 -3.41594e-05
32.3 -5.80446e-06
32.32 -1.83337e-05
32.34 -5.86187e-05
32.36 -7.21386e-05
32.38 -4.16796e-05
32.4 -1.64388e-05
32.42 -3.41681e-05
32.44 -6.32815e-05
32.46 -5.51874e-05
32.48 -1.43065e-05
32.5 5.74633e-06
32.52 -2.62013e-05
32.54 -6.37726e-05
32.56 -4.12613e-05
32.58 2.02257e-05
32.6 3.55108e-05
32.62 -1.08659e-05
32.64 -3.52482e-05
32.66 1.51079e-05
32.68 7.7466e-05
32.7 6.6674e-05
32.72 -4.18331e-07
32.74 -3.51638e-05
32.76 -1.24404e-05
32.78 2.38021e-06
32.8 -2.8771e-05
32.82 -5.99879e-05
32.84 -3.76069e-05
32.86 2.10798e-05
32.88 5.41935e-05
32.9 4.64368e-05
32.92 3.88851e-05
32.94 5.24374e-05
32.96 6.04559e-05
32.98 4.04973e-05
33 7.94559e-06
33.02 -9.58048e-06
33.04 -5.89889e-06
33.06 2.84818e-06
33.08 3.81481e-07
33.1 -1.34826e-05
33.12 -2.66151e-05
33.14 -2.68823e-05
33.16 -1.25005e-05
33.18 -3.63583e-07
33.2 -3.57855e-06
33.22 -5.81974e-06
33.24 6.62908e-06
33.26 1.72135e-05
33.28 5.57242e-06
33.3 -2.43673e-05
33.32 -4.16207e-05
33.34 -1.50614e-05
33.36 3.92471e-05
33.38 6.09361e-05
33.4 2.11777e-05
33.42 -3.08586e-05
33.44 -2.66361e-05
33.46 2.79505e-05
33.48 5.17e-05
33.5 1.34429e-06
33.52 -5.79225e-05
33.54 -4.91061e-05
33.56 6.13595e-06
33.58 3.46427e-05
33.6 1.51207e-05
33.62 -1.22522e-05
33.64 -1.18544e-05
33.66 6.81531e-07
33.68 -1.32435e-05
33.7 -4.91249e-05
33.72 -5.76223e-05
33.74 -2.59307e-05
33.76 -2.46084e-06
33.78 -1.04327e-05
33.8 -8.71225e-06
33.82 2.86248e-05
33.84 6.13874e-05
33.86 5.14314e-05
33.88 2.39029e-05
33.9 2.56613e-05
33.92 5.7044e-05
33.94 7.24463e-05
33.96 4.78583e-05
33.98 2.12258e-05
34 3.47813e-05
34.02 6.27809e-05
34.04 5.14512e-05
34.06 8.64539e-06
34.08 -1.44726e-05
34.1 -6.29011e-06
34.12 4.89232e-06
34.14 -2.61109e-06
34.16 -2.38337e-05
34.18 -3.27057e-05
34.2 -1.54075e-05
34.22 7.03676e-06
34.24 3.92256e-06
34.26 -2.2325e-05
34.28 -3.46834e-05
34.3 -1.00141e-05
34.32 2.28443e-05
34.34 1.76855e-05
34.36 -1.59169e-05
34.38 -1.36668e-05
34.4 4.42523e-05
34.42 8.97981e-05
34.44 6.84662e-05
34.46 2.0806e-05
34.48 1.53156e-05
34.5 4.33275e-05
34.52 3.81174e-05
34.54 -1.68405e-05
34.56 -6.05664e-05
34.58 -4.15792e-05
34.6 1.29511e-05
34.62 3.84773e-05
34.64 1.58714e-05
34.66 -1.49754e-05
34.68 -1.51634e-05
34.7 3.27343e-06
34.72 1.06104e-06
34.74 -2.9367e-05
34.76 -5.39494e-05
34.78 -4.21029e-05
34.8 -5.77986e-06
34.82 1.301e-05
34.84 1.94189e-06
34.86 -2.11735e-06
34.88 1.97095e-05
34.9 3.66558e-05
34.92 3.01536e-05
34.94 2.42862e-05
34.96 4.00939e-05
34.98 6.16939e-05
35 5.48156e-05
35.02 1.62053e-05
35.04 -1.08098e-05
35.06 8.48617e-07
35.08 1.4765e-05
35.1 -1.00831e-05
35.12 -5.08788e-05
35.14 -6.26772e-05
35.16 -5.05563e-05
35.18 -4.78662e-05
35.2 -5.65159e-05
35.22 -4.71605e-05
35.24 -1.11818e-05
35.26 1.62462e-05
35.28 3.97233e-06
35.3 -2.50516e-05
35.32 -2.01393e-05
35.34 1.72923e-05
35.36 2.73811e-05
35.38 -7.63401e-06
35.4 -2.67488e-05
35.42 1.15335e-05
35.44 6.27975e-05
35.46 5.92015e-05
35.48 5.85371e-06
35.5 -2.46177e-05
35.52 -3.31524e-06
35.54 1.45744e-05
35.56 -1.31459e-05
35.58 -5.66932e-05
35.6 -7.27548e-05
35.62 -6.06727e-05
35.64 -4.6188e-05
35.66 -4.20406e-05
35.68 -4.05064e-05
35.7 -3.52061e-05
35.72 -2.57246e-05
35.74 -1.57719e-05
35.76 -2.08652e-05
35.78 -3.21394e-05
35.8 -3.98451e-06
35.82 5.26995e-05
35.84 5.11785e-05
35.86 -2.04996e-05
35.88 -5.98057e-05
35.9 -2.13775e-05
35.92 1.6915e-05
35.94 7.5536e-06
35.96 1.33112e-05
35.98 6.30124e-05
36 6.87783e-05
36.02 -7.4511e-06
36.04 -5.77802e-05
36.06 -7.38406e-06
36.08 6.6962e-05
36.1 7.57683e-05
36.12 3.90298e-05
36.14 9.56638e-06
36.16 -1.2482e-05
36.18 -1.63901e-05
36.2 3.11894e-05
36.22 8.50767e-05
36.24 6.65635e-05
36.26 -1.08855e-05
36.28 -7.27055e-05
36.3 -7.94819e-05
36.32 -5.73197e-05
36.34 -5.7548e-05
36.36 -7.66452e-05
36.38 -6.43311e-05
36.4 -1.45062e-05
36.42 3.09282e-05
36.44 4.25687e-05
36.46 1.16234e-05
36.48 -3.26769e-05
36.5 -1.68956e-06
36.52 0.000131626
36.54 0.000223538
36.56 0.000142436
36.58 -3.42999e-06
36.6 -9.87498e-06
36.62 0.000107399
36.64 0.00012768
36.66 -1.37928e-05
36.68 -0.000114832
36.7 -6.49152e-05
36.72 -1.82419e-05
36.74 -7.44325e-05
36.76 -8.63647e-05
36.78 3.43153e-05
36.8 9.46557e-05
36.82 -4.82075e-05
36.84 -0.000188945
36.86 -9.67858e-05
36.88 8.30779e-05
36.9 5.00526e-05
36.92 -0.000169616
36.94 -0.00025456
36.96 -6.94163e-05
36.98 0.000175023
37 0.000208185
37.02 1.38851e-05
37.04 -0.00012308
37.06 2.88869e-05
37.08 0.000283746
37.1 0.000258215
37.12 -3.6903e-05
37.14 -0.000194552
37.16 -3.6604e-05
37.18 0.000143971
37.2 5.09981e-05
37.22 -0.000204792
37.24 -0.000314751
37.26 -0.000176059
37.28 4.33337e-05
37.3 0.000115367
37.32 -1.07474e-05
37.34 -0.000155425
37.36 -0.000138255
37.38 -1.25124e-05
37.4 3.28106e-05
37.42 -4.08374e-05
37.44 -8.25304e-05
37.46 -1.79613e-06
37.48 0.000107483
37.5 0.000116482
37.52 3.17638e-05
37.54 -2.14839e-05
37.56 4.55281e-05
37.58 0.000169982
37.6 0.000192619
37.62 6.61708e-05
37.64 -6.97847e-05
37.66 -8.33576e-05
37.68 6.71819e-07
37.7 7.377e-05
37.72 5.67483e-05
37.74 -3.12808e-05
37.76 -7.98426e-05
37.78 -2.31537e-05
37.8 5.91446e-05
37.82 2.81773e-05
37.84 -0.000128248
37.86 -0.000232918
37.88 -0.000146163
37.9 8.26313e-06
37.92 3.40034e-05
37.94 -4.41015e-05
37.96 -6.99353e-05
37.98 -6.90899e-06
38 5.0514e-05
38.02 3.73872e-05
38.04 -8.11341e-06
38.06 -1.26316e-05
38.08 2.67301e-05
38.1 4.37596e-05
38.12 1.40245e-05
38.14 -1.85826e-05
38.16 -1.2125e-05
38.18 3.14736e-05
38.2 7.16672e-05
38.22 8.11818e-05
38.24 6.87547e-05
38.26 3.86201e-05
38.28 -1.41292e-05
38.3 -6.96839e-05
38.32 -8.65067e-05
38.34 -4.77425e-05
38.36 3.11253e-06
38.38 5.31231e-07
38.4 -4.5048e-05
38.42 -4.61217e-05
38.44 3.20512e-05
38.46 0.000110837
38.48 9.51924e-05
38.5 -6.57694e-08
38.52 -6.53401e-05
38.54 -4.20737e-05
38.56 7.62793e-06
38.58 -4.55106e-06
38.6 -7.58086e-05
38.62 -0.000117385
38.64 -7.58117e-05
38.66 -8.04023e-06
38.68 4.40699e-06
38.7 -3.31296e-05
38.72 -4.8693e-05
38.74 -3.97823e-06
38.76 5.76215e-05
38.78 6.93466e-05
38.8 2.98255e-05
38.82 -1.52025e-06
38.84 4.32057e-06
38.86 6.52609e-06
38.88 -3.01271e-05
38.9 -6.91799e-05
38.92 -6.32989e-05
38.94 -3.34357e-05
38.96 -2.60388e-05
38.98 -3.19736e-05
39 -6.53063e-06
39.02 5.12436e-05
39.04 9.24648e-05
39.06 9.19042e-05
39.08 8.44651e-05
39.1 0.000107092
39.12 0.000129862
39.14 8.87325e-05
39.16 -1.02841e-05
39.18 -7.67526e-05
39.2 -5.17432e-05
39.22 9.57182e-06
39.24 1.33784e-05
39.26 -4.15713e-05
39.28 -6.61563e-05
39.3 -1.75911e-05
39.32 3.45791e-05
39.34 1.48969e-05
39.36 -4.88709e-05
39.38 -7.47358e-05
39.4 -3.9657e-05
39.42 4.57341e-06
39.44 4.6023e-06
39.46 -3.25902e-05
39.48 -5.07631e-05
39.5 -1.70049e-05
39.52 3.53571e-05
39.54 5.00182e-05
39.56 1.86902e-05
39.58 -1.17306e-05
39.6 1.08235e-06
39.62 4.96172e-05
39.64 8.85252e-05
39.66 8.52416e-05
39.68 5.68589e-05
39.7 4.63139e-05
39.72 6.18182e-05
39.74 6.02828e-05
39.76 1.39059e-05
39.78 -3.51839e-05
39.8 -3.58639e-05
39.82 -6.67048e-06
39.84 -7.22384e-08
39.86 -2.59231e-05
39.88 -4.6914e-05
39.9 -3.53374e-05
39.92 -8.38827e-06
39.94 4.36879e-06
39.96 1.864e-06
39.98 -2.84055e-06
40 -6.73378e-06
40.02 -9.37898e-06
40.04 -7.1528e-06
40.06 -1.14933e-06
40.08 -2.6454e-06
40.1 -1.20176e-05
40.12 -4.34923e-06
40.14 2.4925e-05
40.16 3.83565e-05
40.18 1.89974e-05
40.2 -2.48014e-06
40.22 -4.42483e-06
40.24 -7.50941e-07
40.26 -1.08811e-05
40.28 -3.32672e-05
40.3 -4.5656e-05
40.32 -3.39736e-05
40.34 -1.45354e-05
40.36 -1.12664e-05
40.38 -2.24133e-05
40.4 -2.17163e-05
40.42 1.04785e-05
40.44 5.37306e-05
40.46 6.8442e-05
40.48 5.10806e-05
40.5 3.45561e-05
40.52 3.94515e-05
40.54 4.21273e-05
40.56 1.02982e-05
40.58 -2.71089e-05
40.6 -1.20002e-05
40.62 3.54652e-05
40.64 3.27726e-05
40.66 -4.38397e-05
40.68 -0.000116529
40.7 -0.000101612
40.72 -2.97687e-05
40.74 -8.23729e-06
40.76 -6.83033e-05
40.78 -0.000125677
40.8 -9.85873e-05
40.82 -1.08905e-05
40.84 4.68557e-05
40.86 3.50007e-05
40.88 3.84966e-06
40.9 4.16943e-06
40.92 2.2617e-05
40.94 3.07245e-05
40.96 2.79777e-05
40.98 2.7225e-05
41 3.74238e-05
41.02 4.76979e-05
41.04 3.38721e-05
41.06 4.3829e-06
41.08 -5.12553e-06
41.1 1.07178e-05
41.12 2.33402e-05
41.14 1.04961e-05
41.16 -1.86093e-05
41.18 -3.81348e-05
41.2 -4.10821e-05
41.22 -4.27603e-05
41.24 -5.08736e-05
41.26 -5.23432e-05
41.28 -4.16081e-05
41.3 -3.4836e-05
41.32 -3.71342e-05
41.34 -3.25218e-05
41.36 -1.50404e-05
41.38 2.77133e-06
41.4 8.84468e-06
41.42 8.7415e-06
41.44 2.18019e-05
41.46 5.06738e-05
41.48 6.94298e-05
41.5 5.72628e-05
41.52 3.15118e-05
41.54 2.75319e-05
41.56 5.01482e-05
41.58 6.32779e-05
41.6 3.59151e-05
41.62 -1.01595e-05
41.64 -2.54699e-05
41.66 -2.30835e-06
41.68 1.65091e-05
41.7 -1.18869e-06
41.72 -3.85698e-05
41.74 -6.05217e-05
41.76 -5.75753e-05
41.78 -4.69692e-05
41.8 -4.6986e-05
41.82 -5.10764e-05
41.84 -3.26546e-05
41.86 1.00025e-05
41.88 3.98009e-05
41.9 3.31202e-05
41.92 1.85199e-05
41.94 3.34541e-05
41.96 6.64024e-05
41.98 7.48645e-05
42 4.57204e-05
42.02 1.08696e-05
42.04 9.23404e-07
42.06 4.93839e-06
42.08 -4.91505e-06
42.1 -2.3819e-05
42.12 -2.18747e-05
42.14 5.12482e-06
42.16 2.54018e-05
42.18 1.31817e-05
42.2 -1.60051e-05
42.22 -2.4319e-05
42.24 -5.7589e-06
42.26 5.04404e-06
42.28 -1.62199e-05
42.3 -4.94071e-05
42.32 -5.92684e-05
42.34 -4.07699e-05
42.36 -1.6321e-05
42.38 -7.61104e-06
42.4 -1.3686e-05
42.42 -8.75547e-06
42.44 1.60477e-05
42.46 3.24727e-05
42.48 2.14929e-05
42.5 1.81159e-06
42.52 3.19668e-06
42.54 2.68859e-05
42.56 4.26571e-05
42.58 3.05086e-05
42.6 8.65306e-06
42.62 8.692e-06
42.64 2.92377e-05
42.66 3.56655e-05
42.68 1.38258e-05
42.7 -5.9447e-06
42.72 5.55246e-06
42.74 3.02259e-05
42.76 2.46456e-05
42.78 -1.43761e-05
42.8 -3.49558e-05
42.82 -7.21873e-06
42.84 2.03831e-05
42.86 -6.20199e-06
42.88 -5.84535e-05
42.9 -6.76869e-05
42.92 -2.52006e-05
42.94 6.9762e-06
42.96 -1.79736e-05
42.98 -6.53821e-05
43 -6.42837e-05
43.02 -6.57154e-06
43.04 3.99684e-05
43.06 2.58726e-05
43.08 -1.53572e-05
43.1 -1.81127e-05
43.12 2.59819e-05
43.14 5.83528e-05
43.16 3.94125e-05
43.18 4.40656e-06
43.2 3.84011e-06
43.22 2.82864e-05
43.24 3.04747e-05
43.26 -3.31916e-06
43.28 -3.54908e-05
43.3 -3.34002e-05
43.32 -1.75491e-05
43.34 -2.62859e-05
43.36 -5.64702e-05
43.38 -7.0117e-05
43.4 -4.97802e-05
43.42 -1.81155e-05
43.44 -2.26443e-06
43.46 -2.26412e-06
43.48 2.91506e-06
43.5 2.38285e-05
43.52 4.39502e-05
43.54 4.25048e-05
43.56 2.35168e-05
43.58 9.61222e-06
43.6 8.80568e-06
43.62 7.33699e-06
43.64 -3.18463e-06
43.66 -1.20842e-05
43.68 -9.20679e-06
43.7 -4.51203e-06
43.72 -1.15888e-05
43.74 -2.13811e-05
43.76 -1.87188e-05
43.78 -8.52523e-06
43.8 -1.5098e-06
43.82 1.18994e-06
43.84 1.96918e-06
43.86 -1.11367e-06
43.88 -1.1292e-05
43.9 -2.1483e-05
43.92 -1.97599e-05
43.94 -1.05876e-05
43.96 -1.28981e-05
43.98 -2.74535e-05
44 -3.13252e-05
44.02 -1.43006e-05
44.04 5.18723e-06
44.06 7.18765e-06
44.08 -4.94115e-06
44.1 -1.24989e-05
44.12 -5.02733e-06
44.14 6.88991e-06
44.16 6.16742e-06
44.18 -8.73759e-06
44.2 -2.28869e-05
44.22 -2.45697e-05
44.24 -1.89384e-05
44.26 -1.88232e-05
44.28 -2.8388e-05
44.3 -3.73269e-05
44.32 -3.21979e-05
44.34 -1.31191e-05
44.36 1.78975e-06
44.38 -1.77693e-06
44.4 -8.38087e-06
44.42 5.45464e-06
44.44 3.1606e-05
44.46 4.37785e-05
44.48 3.29773e-05
44.5 1.13949e-05
44.52 -3.18959e-06
44.54 -4.71951e-06
44.56 -4.75488e-06
44.58 -1.49983e-05
44.6 -3.00273e-05
44.62 -3.47628e-05
44.64 -2.46568e-05
44.66 -1.17463e-05
44.68 -9.97924e-06
44.7 -1.77777e-05
44.72 -1.75673e-05
44.74 -2.07988e-06
44.76 1.24904e-05
44.78 1.13071e-05
44.8 -9.71203e-07
44.82 -8.81133e-06
44.84 -2.34822e-06
44.86 1.24101e-05
44.88 2.02074e-05
44.9 1.36124e-05
44.92 1.08895e-06
44.94 -2.61805e-06
44.96 4.24968e-06
44.98 7.40978e-06
45 -3.28646e-06
45.02 -1.7665e-05
45.04 -1.69591e-05
45.06 3.32276e-07
45.08 1.38141e-05
45.1 5.81043e-06
45.12 -1.1379e-05
45.14 -1.14021e-05
45.16 4.48034e-06
45.18 9.60492e-06
45.2 -6.56424e-06
45.22 -1.92091e-05
45.24 -1.68834e-06
45.26 3.32447e-05
45.28 4.78318e-05
45.3 2.84359e-05
45.32 5.48365e-06
45.34 1.27142e-05
45.36 3.14647e-05
45.38 1.91207e-05
45.4 -2.01072e-05
45.42 -3.68062e-05
45.44 -4.65657e-06
45.46 3.0639e-05
45.48 1.28432e-05
45.5 -3.39915e-05
45.52 -4.15837e-05
45.54 -2.22252e-06
45.56 2.13237e-05
45.58 -6.25363e-06
45.6 -4.07154e-05
45.62 -2.77214e-05
45.64 1.4658e-05
45.66 2.07165e-05
45.68 -2.22949e-05
45.7 -5.06595e-05
45.72 -2.02095e-05
45.74 2.50197e-05
45.76 1.60721e-05
45.78 -3.61317e-05
45.8 -5.10545e-05
45.82 9.87039e-07
45.84 5.04047e-05
45.86 3.24966e-05
45.88 -1.57622e-05
45.9 -1.48275e-05
45.92 3.84012e-05
45.94 7.09739e-05
45.96 4.0237e-05
45.98 -1.3678e-05
46 -2.96549e-05
46.02 -1.01723e-07
46.04 2.66583e-05
46.06 1.15825e-05
46.08 -2.32319e-05
46.1 -3.52152e-05
46.12 -1.9824e-05
46.14 -7.19369e-06
46.16 -1.96925e-05
46.18 -3.61153e-05
46.2 -1.87411e-05
46.22 1.94263e-05
46.24 2.35317e-05
46.26 -1.09707e-05
46.28 -2.34387e-05
46.3 8.59163e-06
46.32 3.47214e-05
46.34 1.85154e-05
46.36 -1.25952e-05
46.38 -1.25112e-05
46.4 1.76928e-05
46.42 3.07638e-05
46.44 6.35295e-06
46.46 -1.67422e-05
46.48 -5.87559e-06
46.5 1.51816e-05
46.52 9.93141e-06
46.54 -1.54871e-05
46.56 -2.45113e-05
46.58 -4.65704e-06
46.6 1.35824e-05
46.62 2.99216e-06
46.64 -1.96702e-05
46.66 -2.10824e-05
46.68 -2.37185e-06
46.7 3.70586e-06
46.72 -1.36742e-05
46.74 -2.50621e-05
46.76 -1.04885e-05
46.78 1.17143e-05
46.8 1.58387e-05
46.82 4.22316e-06
46.84 1.90182e-06
46.86 9.61528e-06
46.88 2.75111e-06
46.9 -1.76211e-05
46.92 -2.48717e-05
46.94 -5.94823e-06
46.96 1.93167e-05
46.98 1.88984e-05
47 -6.85229e-06
47.02 -2.36951e-05
47.04 -9.46754e-06
47.06 1.56137e-05
47.08 1.02053e-05
47.1 -2.55654e-05
47.12 -3.57252e-05
47.14 1.85969e-06
47.16 2.79774e-05
47.18 -3.65651e-06
47.2 -4.92819e-05
47.22 -3.9531e-05
47.24 1.56472e-05
47.26 3.87269e-05
47.28 3.36591e-06
47.3 -2.4485e-05
47.32 9.93096e-06
47.34 6.87954e-05
47.36 8.03591e-05
47.38 3.81536e-05
47.4 -1.03306e-06
47.42 -4.85696e-06
47.44 -2.49002e-06
47.46 -1.81576e-05
47.48 -2.56683e-05
47.5 -4.90255e-06
47.52 1.3283e-05
47.54 2.23658e-06
47.56 -1.06895e-05
47.58 2.29906e-06
47.6 1.81265e-05
47.62 5.65818e-06
47.64 -2.28283e-05
47.66 -3.38526e-05
47.68 -2.18529e-05
47.7 -1.03237e-05
47.72 -1.42823e-05
47.74 -1.82514e-05
47.76 -3.74923e-06
47.78 1.62255e-05
47.8 1.63252e-05
47.82 -1.26754e-06
47.84 -1.23529e-05
47.86 -7.73306e-06
47.88 -3.20533e-06
47.9 -1.21333e-05
47.92 -2.10407e-05
47.94 -1.40112e-05
47.96 -3.47492e-06
47.98 -6.43318e-06
48 -1.34992e-05
48.02 -5.29979e-06
48.04 1.44456e-05
48.06 1.87563e-05
48.08 -6.38147e-06
48.1 -3.59824e-05
48.12 -2.98762e-05
48.14 1.36975e-05
48.16 3.78631e-05
48.18 1.114e-06
48.2 -4.84151e-05
48.22 -4.07826e-05
48.24 8.912e-06
48.26 2.93948e-05
48.28 -2.31836e-06
48.3 -3.19329e-05
48.32 -4.03267e-06
48.34 4.93875e-05
48.36 5.04651e-05
48.38 -1.63307e-06
48.4 -2.86135e-05
48.42 7.57012e-06
48.44 5.03171e-05
48.46 3.58915e-05
48.48 -1.51442e-05
48.5 -3.55952e-05
48.52 -7.2172e-06
48.54 1.69106e-05
48.56 -9.21657e-06
48.58 -5.15613e-05
48.6 -4.80227e-05
48.62 -5.42763e-06
48.64 1.14097e-05
48.66 -1.85006e-05
48.68 -3.66163e-05
48.7 -1.54557e-06
48.72 4.08735e-05
48.74 2.98832e-05
48.76 -1.42774e-05
48.78 -2.08568e-05
48.8 1.89362e-05
48.82 4.13072e-05
48.84 1.29325e-05
48.86 -2.2091e-05
48.88 -1.25596e-05
48.9 2.42464e-05
48.92 3.16704e-05
48.94 -6.75775e-07
48.96 -2.43642e-05
48.98 -5.93625e-06
49 2.45619e-05
49.02 2.09599e-05
49.04 -9.69001e-06
49.06 -2.04927e-05
49.08 3.7193e-06
49.1 2.51249e-05
49.12 1.56928e-05
49.14 -9.62124e-07
49.16 6.30832e-06
49.18 2.58715e-05
49.2 2.17399e-05
49.22 -4.40719e-06
49.24 -1.40871e-05
49.26 -4.18693e-07
49.28 4.35055e-06
49.3 -1.2671e-05
49.32 -2.71402e-05
49.34 -1.68278e-05
49.36 5.40821e-06
49.38 8.00301e-06
49.4 -1.13276e-05
49.42 -1.90663e-05
49.44 -1.42715e-07
49.46 1.8537e-05
49.48 1.10568e-05
49.5 -1.07986e-05
49.52 -1.84849e-05
49.54 -8.3443e-06
49.56 7.94983e-07
49.58 -3.38854e-06
49.6 -1.75554e-05
49.62 -3.02306e-05
49.64 -3.54209e-05
49.66 -3.82766e-05
49.68 -4.15787e-05
49.7 -4.14609e-05
49.72 -3.59736e-05
49.74 -2.61191e-05
49.76 -1.43085e-05
49.78 -3.41182e-06
49.8 1.39601e-06
49.82 -4.78272e-06
49.84 -1.41791e-05
49.86 -8.86773e-06
49.88 1.29605e-05
49.9 2.70187e-05
49.92 1.45756e-05
49.94 -7.55761e-06
49.96 -1.1682e-05
49.98 -2.29893e-07
50 2.70132e-06
50.02 -1.21497e-05
50.04 -2.61585e-05
50.06 -1.62963e-05
50.08 1.01537e-05
50.1 1.79789e-05
50.12 -6.30572e-06
50.14 -3.10784e-05
50.16 -2.54419e-05
50.18 2.6483e-07
50.2 1.24185e-05
50.22 -4.56892e-06
50.24 -2.88342e-05
50.26 -2.61748e-05
50.28 1.62526e-06
50.3 1.63796e-05
50.32 2.06595e-06
50.34 -1.15507e-05
50.36 -5.74635e-07
50.38 1.67111e-05
50.4 1.46763e-05
50.42 -3.17753e-07
50.44 -2.38309e-06
50.46 1.44568e-05
50.48 2.47046e-05
50.5 7.75958e-06
50.52 -1.73822e-05
50.54 -1.65111e-05
50.56 1.05436e-05
50.58 2.80147e-05
50.6 1.52016e-05
50.62 -3.9833e-06
50.64 -1.13577e-06
50.66 1.4238e-05
50.68 1.55108e-05
50.7 1.34891e-06
50.72 -6.28145e-06
50.74 2.28209e-06
50.76 1.05503e-05
50.78 2.65473e-06
50.8 -1.07595e-05
50.82 -1.28181e-05
50.84 -1.01373e-05
50.86 -1.60888e-05
50.88 -2.49508e-05
50.9 -2.49595e-05
50.92 -1.76328e-05
50.94 -1.26378e-05
50.96 -1.71281e-05
50.98 -2.74845e-05
51 -2.96029e-05
51.02 -1.74582e-05
51.04 -5.64479e-06
51.06 -8.14766e-06
51.08 -1.58787e-05
51.1 -1.38059e-05
51.12 -3.65953e-06
51.14 4.1185e-07
51.16 -9.73823e-06
51.18 -2.24454e-05
51.2 -1.8259e-05
51.22 -2.58937e-07
51.24 7.39338e-06
51.26 -1.16274e-06
51.28 -2.45759e-06
51.3 1.79593e-05
51.32 4.3033e-05
51.34 3.94727e-05
51.36 -1.11815e-05
51.38 -7.79092e-05
51.4 -0.000100012
51.42 -5.61069e-05
51.44 1.67118e-05
51.46 6.29642e-05
51.48 4.96635e-05
51.5 -9.37525e-07
51.52 -1.91448e-05
51.54 2.12796e-05
51.56 5.56926e-05
51.58 2.68189e-05
51.6 -3.19863e-05
51.62 -4.85468e-05
51.64 -4.39768e-06
51.66 4.57935e-05
51.68 4.64337e-05
51.7 1.02493e-05
51.72 -6.52629e-06
51.74 1.45546e-05
51.76 3.24875e-05
51.78 1.1368e-05
51.8 -3.05818e-05
51.82 -4.86188e-05
51.84 -2.61884e-05
51.86 8.4176e-06
51.88 1.53651e-05
51.9 -7.66392e-06
51.92 -2.30252e-05
51.94 -5.76621e-06
51.96 2.29693e-05
51.98 2.80031e-05
52 9.20399e-06
52.02 -3.98014e-06
52.04 1.08815e-06
52.06 5.58447e-06
52.08 -6.47608e-06
52.1 -2.01305e-05
52.12 -1.3301e-05
52.14 1.81036e-06
52.16 -1.47935e-06
52.18 -1.47714e-05
52.2 -7.12211e-06
52.22 2.34334e-05
52.24 4.16484e-05
52.26 2.47884e-05
52.28 -3.26394e-06
52.3 -6.49152e-06
52.32 1.28621e-05
52.34 1.85646e-05
52.36 -6.01973e-06
52.38 -3.0576e-05
52.4 -2.25126e-05
52.42 3.2581e-06
52.44 8.62016e-06
52.46 -6.83474e-06
52.48 -9.3539e-06
52.5 9.5452e-06
52.52 2.00064e-05
52.54 1.49702e-06
52.56 -2.44776e-05
52.58 -2.67447e-05
52.6 -1.07953e-05
52.62 -4.74991e-06
52.64 -1.76181e-05
52.66 -2.97804e-05
52.68 -2.25375e-05
52.7 -3.59464e-06
52.72 6.31907e-06
52.74 -2.38692e-06
52.76 -1.75674e-05
52.78 -1.97273e-05
52.8 -8.97323e-06
52.82 -2.97642e-06
52.84 -9.56874e-06
52.86 -1.80977e-05
52.88 -1.79874e-05
52.9 -1.00958e-05
52.92 -6.24721e-07
52.94 2.84837e-06
52.96 -4.84119e-06
52.98 -1.46116e-05
53 -1.05862e-05
53.02 5.21543e-06
53.04 1.36836e-05
53.06 5.95019e-06
53.08 -2.7507e-06
53.1 4.47874e-06
53.12 2.05739e-05
53.14 2.26531e-05
53.16 8.22371e-06
53.18 1.46118e-06
53.2 1.04998e-05
53.22 1.60509e-05
53.24 5.50164e-06
53.26 -9.03224e-06
53.28 -1.08258e-05
53.3 -3.45887e-06
53.32 -3.86314e-06
53.34 -1.72968e-05
53.36 -2.70462e-05
53.38 -1.75693e-05
53.4 -1.69315e-06
53.42 -1.09288e-06
53.44 -1.16559e-05
53.46 -1.41612e-05
53.48 -5.40347e-06
53.5 1.10414e-06
53.52 -1.53054e-06
53.54 -4.91334e-06
53.56 -1.37258e-06
53.58 3.9865e-06
53.6 1.58229e-06
53.62 -8.78344e-06
53.64 -1.71311e-05
53.66 -1.45261e-05
53.68 -5.78467e-06
53.7 -4.38936e-06
53.72 -9.32112e-06
53.74 -6.80024e-06
53.76 4.7906e-06
53.78 1.24559e-05
53.8 8.80559e-06
53.82 3.83999e-07
53.84 -4.00547e-07
53.86 9.39135e-06
53.88 1.42147e-05
53.9 1.60729e-06
53.92 -1.30703e-05
53.94 -7.89484e-06
53.96 9.52121e-06
53.98 1.36937e-05
54 -1.06602e-06
54.02 -1.36753e-05
54.04 -6.33304e-06
54.06 1.12464e-05
54.08 1.63527e-05
54.1 4.19128e-06
54.12 -4.46012e-06
54.14 4.68473e-06
54.16 1.48941e-05
54.18 7.88003e-06
54.2 -9.34963e-06
54.22 -2.07733e-05
54.24 -1.94874e-05
54.26 -1.19957e-05
54.28 -1.14075e-05
54.3 -1.70788e-05
54.32 -1.65154e-05
54.34 -8.61888e-06
54.36 -4.87177e-06
54.38 -1.10287e-05
54.4 -1.82359e-05
54.42 -1.45104e-05
54.44 -4.96733e-07
54.46 1.07531e-05
54.48 9.77129e-06
54.5 2.39489e-06
54.52 2.35179e-06
54.54 1.10611e-05
54.56 1.41983e-05
54.58 3.83839e-06
54.6 -7.76921e-06
54.62 -3.75338e-06
54.64 1.08925e-05
54.66 1.4194e-05
54.68 -2.15903e-06
54.7 -2.17674e-05
54.72 -2.30938e-05
54.74 -9.59942e-06
54.76 -6.57082e-06
54.78 -2.10545e-05
54.8 -3.16294e-05
54.82 -2.34723e-05
54.84 -5.8814e-06
54.86 3.90052e-06
54.88 1.86948e-06
54.9 1.5323e-06
54.92 1.07528e-05
54.94 1.8238e-05
54.96 1.57885e-05
54.98 1.12878e-05
55 1.03248e-05
55.02 8.49019e-06
55.04 2.76923e-06
55.06 -2.42779e-06
55.08 -3.21594e-06
55.1 -1.69623e-06
55.12 1.05272e-07
55.14 -2.08262e-07
55.16 -3.46393e-06
55.18 -4.92941e-06
55.2 -5.23848e-07
55.22 7.48331e-06
55.24 1.20614e-05
55.26 1.0131e-05
55.28 6.25453e-06
55.3 4.7639e-06
55.32 6.20761e-06
55.34 9.43287e-06
55.36 8.06667e-06
55.38 -2.29202e-06
55.4 -1.11733e-05
55.42 -7.08228e-06
55.44 1.55252e-06
55.46 4.84774e-08
55.48 -9.45057e-06
55.5 -1.66006e-05
55.52 -1.62904e-05
55.54 -1.09647e-05
55.56 -7.22763e-06
55.58 -6.37407e-06
55.6 -6.03859e-06
55.62 -3.4448e-06
55.64 -7.04249e-08
55.66 -4.86878e-06
55.68 -1.60751e-05
55.7 -1.67554e-05
55.72 -1.84168e-06
55.74 1.06986e-05
55.76 4.84656e-06
55.78 -1.00866e-05
55.8 -1.13673e-05
55.82 5.11464e-06
55.84 1.67333e-05
55.86 8.46168e-06
55.88 4.18563e-07
55.9 1.65521e-05
55.92 3.65088e-05
55.94 1.04959e-05
55.96 -5.67486e-05
55.98 -8.67135e-05
56 -4.04092e-05
56.02 2.44348e-05
56.04 3.42821e-05
56.06 -1.18642e-05
56.08 -3.93245e-05
56.1 1.37069e-06
56.12 6.13346e-05
56.14 6.15907e-05
56.16 -9.06735e-07
56.18 -4.67207e-05
56.2 -2.386e-05
56.22 1.95178e-05
56.24 1.57705e-05
56.26 -2.34898e-05
56.28 -3.47735e-05
56.3 3.85396e-06
56.32 4.27177e-05
56.34 3.11234e-05
56.36 -9.10752e-06
56.38 -1.98846e-05
56.4 5.92438e-06
56.42 2.19112e-05
56.44 5.57047e-06
56.46 -8.50503e-06
56.48 9.14999e-06
56.5 3.17068e-05
56.52 2.25014e-05
56.54 -4.71242e-06
56.56 -8.92227e-06
56.58 1.41865e-05
56.6 2.28786e-05
56.62 -5.47786e-06
56.64 -3.52623e-05
56.66 -2.49312e-05
56.68 1.16352e-05
56.7 2.22003e-05
56.72 -8.48708e-06
56.74 -3.41098e-05
56.76 -1.58892e-05
56.78 1.99355e-05
56.8 2.2423e-05
56.82 -7.34917e-06
56.84 -2.23355e-05
56.86 -1.84059e-06
56.88 2.46895e-05
56.9 1.74718e-05
56.92 -1.84311e-05
56.94 -3.51407e-05
56.96 -1.60152e-05
56.98 3.60113e-07
57 -1.48878e-05
57.02 -3.73426e-05
57.04 -3.31193e-05
57.06 -1.22063e-05
57.08 -5.15275e-06
57.1 -1.11103e-05
57.12 -8.77198e-06
57.14 8.89248e-07
57.16 1.1729e-06
57.18 -9.29562e-06
57.2 -1.28009e-05
57.22 -6.56057e-07
57.24 8.64396e-06
57.26 -2.68224e-06
57.28 -2.07139e-05
57.3 -1.71006e-05
57.32 6.96427e-06
57.34 1.78401e-05
57.36 1.49058e-07
57.38 -1.64019e-05
57.4 -2.82156e-06
57.42 2.27611e-05
57.44 2.34072e-05
57.46 -3.38477e-06
57.48 -2.31082e-05
57.5 -1.10718e-05
57.52 1.48985e-05
57.54 1.86113e-05
57.56 -5.7944e-06
57.58 -2.39704e-05
57.6 -9.84992e-06
57.62 1.70572e-05
57.64 2.00714e-05
57.66 -3.38103e-06
57.68 -1.91594e-05
57.7 -6.9838e-06
57.72 1.17028e-05
57.74 8.12704e-06
57.76 -1.18809e-05
57.78 -1.90999e-05
57.8 -5.15951e-06
57.82 7.8634e-06
57.84 2.64127e-06
57.86 -9.75725e-06
57.88 -9.8473e-06
57.9 7.00567e-07
57.92 4.83559e-06
57.94 -1.98224e-06
57.96 -7.41509e-06
57.98 -3.60686e-06
58 2.41471e-06
58.02 1.26875e-06
58.04 -5.81656e-06
58.06 -8.78031e-06
58.08 -2.69408e-06
58.1 3.97254e-06
58.12 1.79016e-06
58.14 -5.30477e-06
58.16 -6.40341e-06
58.18 1.34354e-07
58.2 4.7318e-06
58.22 1.17062e-06
58.24 -4.57342e-06
58.26 -4.09389e-06
58.28 1.17885e-06
58.3 3.06523e-06
58.32 -9.27471e-07
58.34 -4.46616e-06
58.36 -2.36809e-06
58.38 2.07572e-06
58.4 2.56637e-06
58.42 -1.02747e-06
58.44 -3.06825e-06
58.46 -7.09123e-07
58.48 2.17135e-06
58.5 1.14214e-06
58.52 -2.02949e-06
58.54 -2.4767e-06
58.56 2.14484e-07
58.58 1.85259e-06
58.6 2.05866e-07
58.62 -2.0257e-06
58.64 -1.59125e-06
58.66 7.05023e-07
58.68 1.51706e-06
58.7 -2.0179e-07
58.72 -1.85672e-06
58.74 -1.08424e-06
58.76 8.60483e-07
58.78 1.12197e-06
58.8 -5.59895e-07
58.82 -1.64232e-06
58.84 -6.05866e-07
58.86 9.12046e-07
58.88 6.8331e-07
58.9 -8.38439e-07
58.92 -1.34731e-06
58.94 -1.56115e-07
58.96 9.02879e-07
58.98 3.01807e-07
59 -9.74119e-07
59.02 -1.01557e-06
59.04 1.71327e-07
59.06 7.92582e-07
59.08 -1.08443e-08
59.1 -9.71062e-07
59.12 -6.701e-07
59.14 3.86188e-07
59.16 6.21852e-07
59.18 -2.47529e-07
59.2 -8.78864e-07
59.22 -3.57624e-07
59.24 4.95918e-07
59.26 4.27721e-07
59.28 -3.96749e-07
59.3 -7.20236e-07
59.32 -9.22469e-08
59.34 5.23957e-07
59.36 2.41263e-07
59.38 -4.63316e-07
59.4 -5.27284e-07
59.42 1.13537e-07
59.44 4.92556e-07
59.46 8.38798e-08
59.48 -4.58552e-07
59.5 -3.25898e-07
59.52 2.57572e-07
59.54 4.24553e-07
59.56 -3.23415e-08
59.58 -3.98777e-07
59.6 -1.36015e-07
59.62 3.45014e-07
59.64 3.40521e-07
59.66 -1.02775e-07
59.68 -3.01697e-07
59.7 2.90797e-08
59.72 3.85606e-07
59.74 2.57378e-07
59.76 -1.28634e-07
59.78 -1.83829e-07
59.8 1.62333e-07
59.82 3.91396e-07
59.84 1.87182e-07
59.86 -1.15856e-07
59.88 -5.97617e-08
59.9 2.62098e-07
59.92 3.74776e-07
59.94 1.37276e-07
59.96 -7.25763e-08
59.98 -9.30035e-07
