0.02 1.17972e-08
0.04 3.34191e-08
0.06 3.6577e-08
0.08 1.67296e-08
0.1 4.78867e-09
0.12 1.79049e-08
0.14 3.46063e-08
0.16 2.99202e-08
0.18 1.34793e-08
0.2 1.26693e-08
0.22 2.9749e-08
0.24 4.01429e-08
0.26 3.18382e-08
0.28 2.30259e-08
0.3 3.19202e-08
0.32 4.65284e-08
0.34 4.83859e-08
0.36 4.44726e-08
0.38 4.29109e-08
0.4 2.25245e-08
0.42 -2.84984e-08
0.44 -2.60282e-08
0.46 7.90942e-08
0.48 1.24905e-07
0.5 4.52698e-09
0.52 -1.18244e-07
0.54 -8.61118e-08
0.56 -2.53871e-08
0.58 -1.24676e-07
0.6 -2.29309e-07
0.62 -1.04433e-07
0.64 4.13007e-08
0.66 -5.07268e-08
0.68 -3.14749e-07
0.7 -4.60631e-07
0.72 -1.05901e-07
0.74 4.01291e-07
0.76 2.85897e-07
0.78 -1.53532e-07
0.8 4.18689e-08
0.82 8.4181e-07
0.84 1.18534e-06
0.86 5.74155e-07
0.88 -1.55789e-07
0.9 -9.8938e-08
0.92 4.63642e-07
0.94 5.2086e-07
0.96 -2.8224e-07
0.98 -1.01302e-06
1 -6.97041e-07
1.02 2.42639e-07
1.04 4.90918e-07
1.06 -3.67907e-07
1.08 -1.23276e-06
1.1 -1.0039e-06
1.12 -4.16304e-08
1.14 5.0077e-07
1.16 4.0287e-08
1.18 -9.41875e-07
1.2 -1.02318e-06
1.22 2.2356e-07
1.24 9.35473e-07
1.26 -1.27331e-07
1.28 -1.46398e-06
1.3 -1.29289e-06
1.32 1.49122e-07
1.34 1.28665e-06
1.36 9.25059e-07
1.38 -3.88749e-07
1.4 -8.78676e-07
1.42 3.44058e-08
1.44 7.60677e-07
1.46 -3.06556e-07
1.48 -2.28271e-06
1.5 -2.738e-06
1.52 -1.19647e-06
1.54 6.5719e-08
1.56 -6.83362e-07
1.58 -2.10572e-06
1.6 -1.74549e-06
1.62 1.88675e-07
1.64 1.04734e-06
1.66 -1.79857e-07
1.68 -1.47027e-06
1.7 -9.40925e-07
1.72 3.93677e-07
1.74 2.65446e-07
1.76 -1.102e-06
1.78 -1.35805e-06
1.8 -2.15021e-07
1.82 1.48917e-07
1.84 -1.10284e-06
1.86 -2.04037e-06
1.88 -7.3013e-07
1.9 1.33499e-06
1.92 7.60533e-07
1.94 -2.11919e-06
1.96 -3.03281e-06
1.98 -5.744e-07
2 1.11792e-06
2.02 -1.08042e-06
2.04 -4.08338e-06
2.06 -3.42112e-06
2.08 -3.38951e-07
2.1 2.2198e-07
2.12 -2.38679e-06
2.14 -3.61029e-06
2.16 -1.26228e-06
2.18 1.26785e-06
2.2 6.41792e-07
2.22 -1.82672e-06
2.24 -2.45572e-06
2.26 -4.60858e-07
2.28 6.457e-07
2.3 -1.39462e-06
2.32 -3.61809e-06
2.34 -2.70879e-06
2.36 -2.46279e-08
2.38 6.03614e-07
2.4 -1.9267e-06
2.42 -4.08819e-06
2.44 -2.54911e-06
2.46 4.85765e-07
2.48 6.73702e-07
2.5 -1.52449e-06
2.52 -1.98056e-06
2.54 1.54726e-07
2.56 1.63984e-06
2.58 1.0568e-06
2.6 8.5225e-07
2.62 2.69697e-06
2.64 4.57835e-06
2.66 4.29629e-06
2.68 3.24258e-06
2.7 4.15687e-06
2.72 6.63901e-06
2.74 7.97703e-06
2.76 7.41465e-06
2.78 6.68557e-06
2.8 7.23825e-06
2.82 8.63721e-06
2.84 9.27614e-06
2.86 8.63837e-06
2.88 7.66704e-06
2.9 7.14109e-06
2.92 7.40775e-06
2.94 7.92561e-06
2.96 7.47275e-06
2.98 6.42835e-06
3 6.48005e-06
3.02 6.43607e-06
3.04 3.8798e-06
3.06 1.09028e-06
3.08 1.06809e-06
3.1 1.73083e-06
3.12 7.09774e-09
3.14 -3.22906e-06
3.16 -5.13305e-06
3.18 -5.17896e-06
3.2 -5.42637e-06
3.22 -7.16495e-06
3.24 -9.1091e-06
3.26 -9.38523e-06
3.28 -8.41799e-06
3.3 -7.81788e-06
3.32 -7.97776e-06
3.34 -7.9167e-06
3.36 -5.99519e-06
3.38 -2.76191e-06
3.4 -1.22899e-06
3.42 -1.99174e-06
3.44 -1.31847e-06
3.46 3.37483e-06
3.48 8.05067e-06
3.5 7.35502e-06
3.52 3.67488e-06
3.54 3.68194e-06
3.56 7.68589e-06
3.58 9.78586e-06
3.6 7.65787e-06
3.62 5.85516e-06
3.64 6.88937e-06
3.66 5.52083e-06
3.68 1.49576e-07
3.7 -2.06958e-06
3.72 4.95917e-07
3.74 6.57294e-07
3.76 -4.05757e-06
3.78 -7.34426e-06
3.8 -4.98862e-06
3.82 -1.85243e-06
3.84 -3.48489e-06
3.86 -7.47018e-06
3.88 -8.41461e-06
3.9 -5.95281e-06
3.92 -4.63437e-06
3.94 -6.98891e-06
3.96 -9.84717e-06
3.98 -8.51851e-06
4 -2.99261e-06
4.02 2.27151e-07
4.04 -2.98577e-06
4.06 -6.36548e-06
4.08 -2.82495e-06
4.1 3.58117e-06
4.12 4.44196e-06
4.14 5.30994e-07
4.16 -3.5494e-07
4.18 3.00093e-06
4.2 3.0548e-06
4.22 -2.5598e-06
4.24 -6.11087e-06
4.26 -3.24558e-06
4.28 2.53224e-07
4.3 -1.3462e-06
4.32 -3.74367e-06
4.34 6.43114e-08
4.36 5.59291e-06
4.38 3.79644e-06
4.4 -2.81836e-06
4.42 -4.6656e-06
4.44 -1.97336e-07
4.46 3.45655e-06
4.48 2.50568e-06
4.5 -8.54374e-07
4.52 -3.55909e-06
4.54 -2.99451e-06
4.56 -1.60336e-08
4.58 1.14832e-06
4.6 -9.83562e-07
4.62 -3.02603e-06
4.64 -9.25941e-07
4.66 3.63393e-06
4.68 4.48571e-06
4.7 1.12717e-06
4.72 -1.41186e-08
4.74 3.65819e-06
4.76 6.95746e-06
4.78 4.47717e-06
4.8 -1.58599e-06
4.82 -3.02302e-06
4.84 2.33526e-06
4.86 6.08562e-06
4.88 2.3032e-06
4.9 -3.10308e-06
4.92 -2.39822e-06
4.94 1.78268e-06
4.96 1.91511e-06
4.98 -2.45385e-06
5 -5.60601e-06
5.02 -4.7352e-06
5.04 -3.20831e-06
5.06 -3.77414e-06
5.08 -2.76337e-06
5.1 1.64418e-06
5.12 3.53079e-06
5.14 1.43348e-07
5.16 -2.59495e-06
5.18 3.10952e-08
5.2 4.44327e-06
5.22 4.82859e-06
5.24 8.07958e-07
5.26 -3.74372e-06
5.28 -4.21517e-06
5.3 1.71546e-07
5.32 4.15917e-06
5.34 3.43339e-06
5.36 2.13682e-07
5.38 -7.12409e-07
5.4 1.28487e-06
5.42 2.56464e-06
5.44 1.71293e-06
5.46 1.26767e-06
5.48 2.40696e-06
5.5 3.21992e-06
5.52 2.40544e-06
5.54 1.07664e-06
5.56 5.73105e-07
5.58 7.363e-07
5.6 7.25015e-07
5.62 2.02034e-07
5.64 3.66269e-08
5.66 9.02704e-07
5.68 1.23855e-06
5.7 -1.32884e-08
5.72 -1.00218e-06
5.74 -3.40221e-07
5.76 5.74954e-07
5.78 -9.20795e-08
5.8 -1.66322e-06
5.82 -1.60786e-06
5.84 1.3443e-07
5.86 4.76308e-07
5.88 -1.57802e-06
5.9 -3.29096e-06
5.92 -2.1711e-06
5.94 1.0691e-06
5.96 2.89833e-06
5.98 1.70451e-06
6 6.1266e-07
6.02 1.92104e-06
6.04 3.5193e-06
6.06 3.43815e-06
6.08 2.17357e-06
6.1 9.82569e-07
6.12 1.38217e-06
6.14 3.22294e-06
6.16 3.92688e-06
6.18 1.34639e-06
6.2 -2.97239e-06
6.22 -4.27985e-06
6.24 -1.8859e-06
6.26 -1.10705e-06
6.28 -4.23879e-06
6.3 -6.30251e-06
6.32 -3.0772e-06
6.34 1.28063e-06
6.36 5.43414e-07
6.38 -3.32651e-06
6.4 -3.77267e-06
6.42 -6.7785e-08
6.44 2.30549e-06
6.46 1.49318e-07
6.48 -3.47246e-06
6.5 -4.42073e-06
6.52 -2.85559e-06
6.54 -2.35402e-06
6.56 -3.98163e-06
6.58 -3.97549e-06
6.6 -1.29127e-06
6.62 -2.38802e-07
6.64 -1.75233e-06
6.66 -1.38516e-06
6.68 1.9893e-06
6.7 3.61244e-06
6.72 2.8381e-07
6.74 -4.51803e-06
6.76 -4.76251e-06
6.78 -2.6556e-07
6.8 2.64868e-06
6.82 1.59392e-07
6.84 -3.38792e-06
6.86 -2.08978e-06
6.88 2.06857e-06
6.9 2.31704e-06
6.92 -2.19879e-06
6.94 -5.08102e-06
6.96 -2.12215e-06
6.98 2.63578e-06
7 2.88138e-06
7.02 -1.06529e-06
7.04 -3.06102e-06
7.06 -1.57867e-07
7.08 3.18431e-06
7.1 2.35059e-06
7.12 -4.71316e-07
7.14 -5.62471e-07
7.16 2.11472e-06
7.18 3.57774e-06
7.2 2.05362e-06
7.22 3.50671e-07
7.24 1.26931e-06
7.26 3.006e-06
7.28 1.75048e-06
7.3 -1.50361e-06
7.32 -1.67486e-06
7.34 1.90273e-06
7.36 3.87924e-06
7.38 1.34843e-06
7.4 -1.62168e-06
7.42 -7.27654e-07
7.44 2.03027e-06
7.46 2.00578e-06
7.48 -1.08672e-06
7.5 -2.79873e-06
7.52 -6.92373e-07
7.54 1.56331e-06
7.56 1.2764e-07
7.58 -2.47892e-06
7.6 -1.42763e-06
7.62 2.451e-06
7.64 3.86112e-06
7.66 1.63748e-06
7.68 1.3533e-08
7.7 1.17936e-06
7.72 2.39978e-06
7.74 1.21158e-06
7.76 -2.01184e-07
7.78 1.09757e-06
7.8 3.28231e-06
7.82 2.84655e-06
7.84 1.03204e-07
7.86 -1.82826e-06
7.88 -1.11908e-06
7.9 7.09153e-07
7.92 7.37724e-07
7.94 -1.03991e-06
7.96 -1.72091e-06
7.98 -3.30804e-07
8 8.37277e-07
8.02 3.12778e-07
8.04 -4.42818e-07
8.06 4.386e-08
8.08 9.48543e-07
8.1 9.1013e-07
8.12 1.76694e-07
8.14 -8.6144e-08
8.16 4.24566e-07
8.18 1.0726e-06
8.2 1.43356e-06
8.22 1.35249e-06
8.24 8.42973e-08
8.26 -1.92739e-06
8.28 -2.02553e-06
8.3 3.18266e-07
8.32 2.04151e-06
8.34 1.19466e-06
8.36 -6.7031e-07
8.38 -9.57856e-07
8.4 6.68913e-07
8.42 1.94232e-06
8.44 9.38722e-07
8.46 -1.60646e-06
8.48 -2.66088e-06
8.5 -5.20601e-07
8.52 2.01197e-06
8.54 1.46124e-06
8.56 -7.46161e-07
8.58 -6.55656e-07
8.6 2.06281e-06
8.62 3.63464e-06
8.64 1.49422e-06
8.66 -1.25439e-06
8.68 2.0641e-08
8.7 3.62545e-06
8.72 4.01074e-06
8.74 6.32484e-07
8.76 -1.5095e-06
8.78 3.70514e-07
8.8 2.80594e-06
8.82 1.48834e-06
8.84 -2.18878e-06
8.86 -3.60093e-06
8.88 -1.33933e-06
8.9 1.48964e-06
8.92 1.10252e-06
8.94 -1.36744e-06
8.96 -1.52908e-06
8.98 6.07412e-07
9 1.24539e-06
9.02 -6.2621e-07
9.04 -2.26897e-06
9.06 -1.28983e-06
9.08 1.18492e-06
9.1 1.53006e-06
9.12 -1.18736e-06
9.14 -3.03578e-06
9.16 -1.39637e-06
9.18 5.1754e-07
9.2 -7.61871e-07
9.22 -3.29038e-06
9.24 -3.06829e-06
9.26 -2.57056e-07
9.28 1.18835e-06
9.3 -2.23956e-07
9.32 -1.45082e-06
9.34 -6.19753e-08
9.36 2.10415e-06
9.38 1.7867e-06
9.4 -8.39303e-07
9.42 -2.07137e-06
9.44 1.08216e-08
9.46 2.38472e-06
9.48 1.17781e-06
9.5 -2.31821e-06
9.52 -3.04466e-06
9.54 -2.93224e-08
9.56 1.76465e-06
9.58 -4.75998e-08
9.6 -1.13087e-06
9.62 1.00456e-06
9.64 2.13228e-06
9.66 -7.28458e-07
9.68 -3.74743e-06
9.7 -2.74122e-06
9.72 4.60946e-07
9.74 1.70312e-06
9.76 -4.26843e-07
9.78 -3.63728e-06
9.8 -3.6482e-06
9.82 -2.53399e-07
9.84 1.62123e-06
9.86 1.40604e-07
9.88 -1.08859e-06
9.9 4.03388e-07
9.92 2.32955e-06
9.94 1.24677e-06
9.96 -1.66426e-06
9.98 -1.70269e-06
10 1.71122e-06
10.02 3.64233e-06
10.04 1.38251e-06
10.06 -1.40702e-06
10.08 -8.37395e-07
10.1 1.29526e-06
10.12 9.95675e-07
10.14 -1.76966e-06
10.16 -3.13987e-06
10.18 -1.02448e-06
10.2 1.41715e-06
10.22 4.00203e-07
10.24 -2.52374e-06
10.26 -2.94153e-06
10.28 -3.40877e-07
10.3 1.48086e-06
10.32 3.73262e-07
10.34 -1.348e-06
10.36 -8.08451e-07
10.38 1.16781e-06
10.4 1.56135e-06
10.42 3.5275e-08
10.44 -6.34024e-07
10.46 7.20072e-07
10.48 1.92016e-06
10.5 1.24987e-06
10.52 4.88479e-08
10.54 1.14912e-07
10.56 5.64387e-07
10.58 -4.06245e-08
10.6 -6.00373e-07
10.62 1.6106e-07
10.64 1.09559e-06
10.66 7.96024e-07
10.68 -2.59876e-07
10.7 -8.86168e-07
10.72 -6.33855e-07
10.74 1.00935e-08
10.76 4.77918e-08
10.78 -5.03399e-07
10.8 -2.9574e-07
10.82 8.59227e-07
10.84 1.38376e-06
10.86 4.04794e-07
10.88 -1.09962e-06
10.9 -1.38304e-06
10.92 -8.48336e-08
10.94 9.27464e-07
10.96 2.21081e-07
10.98 -9.71207e-07
11 -8.62057e-07
11.02 9.18331e-08
11.04 2.16221e-07
11.06 -5.80178e-07
11.08 -8.46229e-07
11.1 -1.76901e-08
11.12 9.19042e-07
11.14 1.03969e-06
11.16 5.95495e-07
11.18 4.30726e-07
11.2 7.95516e-07
11.22 1.15205e-06
11.24 8.2205e-07
11.26 -2.09581e-07
11.28 -9.37271e-07
11.3 -5.9239e-07
11.32 1.03815e-07
11.34 -1.05329e-08
11.36 -8.74438e-07
11.38 -1.35284e-06
11.4 -6.3976e-07
11.42 6.29051e-07
11.44 8.77101e-07
11.46 -1.98673e-07
11.48 -9.67213e-07
11.5 -3.31603e-07
11.52 6.43717e-07
11.54 5.73751e-07
11.56 -1.20026e-07
11.58 -6.32824e-08
11.6 8.87182e-07
11.62 1.50291e-06
11.64 1.0536e-06
11.66 3.09398e-07
11.68 2.99372e-07
11.7 7.66352e-07
11.72 7.29343e-07
11.74 1.24924e-07
11.76 -3.18858e-07
11.78 -3.97728e-07
11.8 -5.66015e-07
11.82 -1.04106e-06
11.84 -1.34922e-06
11.86 -1.05329e-06
11.88 -5.68514e-07
11.9 -3.67205e-07
11.92 -7.83485e-08
11.94 5.18662e-07
11.96 8.0197e-07
11.98 3.8837e-07
12 -1.78711e-07
12.02 -1.5979e-07
12.04 3.94893e-07
12.06 6.63253e-07
12.08 2.58318e-07
12.1 -2.28852e-07
12.12 -2.50903e-07
12.14 1.45421e-07
12.16 6.349e-07
12.18 7.32888e-07
12.2 2.80124e-07
12.22 -2.07214e-07
12.24 -3.26312e-07
12.26 -3.44262e-07
12.28 -6.11018e-07
12.3 -1.00659e-06
12.32 -1.16125e-06
12.34 -9.73794e-07
12.36 -6.96464e-07
12.38 -5.04953e-07
12.4 -2.96021e-07
12.42 1.60548e-08
12.44 3.06505e-07
12.46 3.8738e-07
12.48 2.99643e-07
12.5 3.50542e-07
12.52 6.29077e-07
12.54 7.68886e-07
12.56 5.30086e-07
12.58 2.91365e-07
12.6 4.89841e-07
12.62 8.95404e-07
12.64 8.96482e-07
12.66 2.8114e-07
12.68 -3.71367e-07
12.7 -3.65934e-07
12.72 4.91389e-08
12.74 5.45925e-08
12.76 -4.80352e-07
12.78 -8.74163e-07
12.8 -5.71232e-07
12.82 2.54966e-07
12.84 7.90035e-07
12.86 4.07983e-07
12.88 -3.86895e-07
12.9 -4.89217e-07
12.92 2.68815e-07
12.94 8.01286e-07
12.96 3.13381e-07
12.98 -4.61319e-07
13 -3.84925e-07
13.02 3.03061e-07
13.04 4.46202e-07
13.06 -1.13558e-07
13.08 -3.48598e-07
13.1 2.04484e-07
13.12 7.54017e-07
13.14 5.58428e-07
13.16 -2.65828e-08
13.18 -2.32475e-07
13.2 3.70321e-08
13.22 3.10255e-07
13.24 2.97087e-07
13.26 1.46417e-07
13.28 1.86577e-08
13.3 -1.94912e-07
13.32 -4.58259e-07
13.34 -4.59735e-07
13.36 -1.07071e-07
13.38 2.90329e-07
13.4 3.30533e-07
13.42 -2.08569e-08
13.44 -2.50266e-07
13.46 -3.29366e-08
13.48 1.44078e-07
13.5 -1.52862e-07
13.52 -4.5686e-07
13.54 -2.2052e-07
13.56 1.87884e-07
13.58 7.65896e-08
13.6 -4.55649e-07
13.62 -6.51115e-07
13.64 -2.15152e-07
13.66 2.34992e-07
13.68 5.07061e-08
13.7 -5.02663e-07
13.72 -6.21502e-07
13.74 -1.17982e-07
13.76 3.86364e-07
13.78 4.027e-07
13.8 1.72223e-07
13.82 1.63759e-07
13.84 3.63858e-07
13.86 3.42065e-07
13.88 -7.92876e-08
13.9 -4.5188e-07
13.92 -2.99431e-07
13.94 1.46514e-07
13.96 3.01266e-07
13.98 5.82007e-08
14 -1.48278e-07
14.02 1.02908e-07
14.04 7.23905e-07
14.06 1.10086e-06
14.08 8.70742e-07
14.1 4.19519e-07
14.12 9.97177e-08
14.14 -1.97012e-07
14.16 -3.77901e-07
14.18 -1.72289e-07
14.2 1.26383e-07
14.22 -1.1093e-07
14.24 -7.80851e-07
14.26 -1.01371e-06
14.28 -4.48618e-07
14.3 1.65696e-07
14.32 -4.2322e-09
14.34 -7.38586e-07
14.36 -1.04334e-06
14.38 -4.98633e-07
14.4 8.88043e-08
14.42 -1.7281e-07
14.44 -8.92951e-07
14.46 -9.27054e-07
14.48 -1.25571e-07
14.5 4.6006e-07
14.52 2.3123e-07
14.54 -1.66607e-07
14.56 9.70487e-09
14.58 4.24108e-07
14.6 3.07653e-07
14.62 -1.1584e-07
14.64 6.62603e-08
14.66 8.10624e-07
14.68 9.89976e-07
14.7 -3.08468e-08
14.72 -1.3142e-06
14.74 -1.32136e-06
14.76 -9.15981e-08
14.78 6.32793e-07
14.8 -2.05581e-07
14.82 -1.43261e-06
14.84 -1.18777e-06
14.86 2.82363e-07
14.88 7.51201e-07
14.9 -5.32706e-07
14.92 -1.3737e-06
14.94 -1.61136e-07
14.96 1.31678e-06
14.98 7.90263e-07
15 -8.26654e-07
15.02 -1.01577e-06
15.04 3.35986e-07
15.06 9.17793e-07
15.08 -2.17599e-07
15.1 -1.26447e-06
15.12 -5.50017e-07
15.14 1.0309e-06
15.16 1.37638e-06
15.18 1.86288e-07
15.2 -6.57911e-07
15.22 4.18824e-08
15.24 9.66555e-07
15.26 4.36168e-07
15.28 -9.22147e-07
15.3 -1.26143e-06
15.32 -3.33485e-07
15.34 3.40736e-07
15.36 -1.29167e-07
15.38 -7.73025e-07
15.4 -3.90834e-07
15.42 5.9646e-07
15.44 8.243e-07
15.46 1.53658e-08
15.48 -6.9838e-07
15.5 -4.35307e-07
15.52 3.44069e-07
15.54 5.86625e-07
15.56 1.06173e-07
15.58 -1.6305e-07
15.6 3.58188e-07
15.62 9.09279e-07
15.64 5.61384e-07
15.66 -3.27969e-07
15.68 -5.81276e-07
15.7 1.33598e-07
15.72 8.30938e-07
15.74 6.68922e-07
15.76 1.0268e-07
15.78 3.64383e-08
15.8 4.98996e-07
15.82 7.02773e-07
15.84 2.06854e-07
15.86 -3.99682e-07
15.88 -3.07004e-07
15.9 3.05808e-07
15.92 5.49419e-07
15.94 1.98484e-07
15.96 -3.36671e-09
15.98 4.07676e-07
16 8.37628e-07
16.02 6.36806e-07
16.04 1.18401e-07
16.06 -2.11704e-08
16.08 3.07303e-07
16.1 5.51825e-07
16.12 2.62351e-07
16.14 -2.87203e-07
16.16 -3.85201e-07
16.18 1.79223e-07
16.2 7.28984e-07
16.22 5.61271e-07
16.24 -4.26093e-08
16.26 -3.27854e-07
16.28 -1.65388e-07
16.3 1.11206e-07
16.32 3.04458e-07
16.34 2.92819e-07
16.36 1.68557e-08
16.38 -2.65457e-07
16.4 -2.19239e-07
16.42 1.14963e-09
16.44 -5.99805e-08
16.46 -4.19748e-07
16.48 -6.53291e-07
16.5 -6.42995e-07
16.52 -7.70798e-07
16.54 -1.16417e-06
16.56 -1.30215e-06
16.58 -8.27903e-07
16.6 -2.81462e-07
16.62 -3.76916e-07
16.64 -9.22153e-07
16.66 -1.08642e-06
16.68 -3.03076e-07
16.7 1.16885e-06
16.72 2.12769e-06
16.74 1.92752e-06
16.76 1.66498e-06
16.78 2.31375e-06
16.8 3.08695e-06
16.82 2.89429e-06
16.84 1.77602e-06
16.86 1.60746e-07
16.88 -9.43701e-07
16.9 -1.77034e-07
16.92 1.25654e-06
16.94 6.45791e-07
16.96 -1.44492e-06
16.98 -1.93745e-06
17 -3.06745e-07
17.02 7.68563e-07
17.04 -3.53123e-07
17.06 -2.00117e-06
17.08 -1.88492e-06
17.1 -5.80262e-07
17.12 -6.21033e-07
17.14 -2.35561e-06
17.16 -3.09176e-06
17.18 -1.32969e-06
17.2 4.02643e-07
17.22 -6.56934e-07
17.24 -2.6872e-06
17.26 -2.16102e-06
17.28 1.46655e-07
17.3 6.11129e-07
17.32 -1.15385e-06
17.34 -1.83744e-06
17.36 2.63513e-07
17.38 2.68386e-06
17.4 2.58763e-06
17.42 9.99929e-07
17.44 1.06851e-06
17.46 3.01522e-06
17.48 3.71322e-06
17.5 1.76932e-06
17.52 -1.67404e-08
17.54 8.40297e-07
17.56 2.21864e-06
17.58 9.67333e-07
17.6 -1.61229e-06
17.62 -2.06309e-06
17.64 -4.17842e-07
17.66 2.72314e-07
17.68 -1.14761e-06
17.7 -2.50239e-06
17.72 -1.97601e-06
17.74 -7.87311e-07
17.76 -9.03718e-07
17.78 -1.9289e-06
17.8 -2.04807e-06
17.82 -9.62036e-07
17.84 1.81047e-08
17.86 8.03392e-08
17.88 -3.24226e-07
17.9 -3.41363e-07
17.92 2.38847e-07
17.94 8.27566e-07
17.96 9.92954e-07
17.98 1.02472e-06
18 1.22126e-06
18.02 1.32635e-06
18.04 1.08567e-06
18.06 7.68058e-07
18.08 5.61828e-07
18.1 7.2014e-08
18.12 -6.99835e-07
18.14 -9.33687e-07
18.16 -4.18001e-07
18.18 -6.80779e-08
18.2 -5.45636e-07
18.22 -1.43135e-06
18.24 -1.98136e-06
18.26 -2.08802e-06
18.28 -2.14497e-06
18.3 -2.22298e-06
18.32 -1.72406e-06
18.34 -8.54747e-08
18.36 1.71913e-06
18.38 1.91305e-06
18.4 9.95999e-07
18.42 1.19093e-06
18.44 2.76794e-06
18.46 3.77722e-06
18.48 2.6776e-06
18.5 1.38903e-07
18.52 -1.08964e-06
18.54 4.47968e-07
18.56 2.15731e-06
18.58 1.09414e-06
18.6 -1.4454e-06
18.62 -2.10696e-06
18.64 -4.37336e-07
18.66 7.18218e-07
18.68 -5.19597e-07
18.7 -2.4217e-06
18.72 -2.39562e-06
18.74 -8.802e-07
18.76 -5.53599e-07
18.78 -2.1644e-06
18.8 -3.00548e-06
18.82 -6.46441e-07
18.84 2.61598e-06
18.86 2.68201e-06
18.88 4.98952e-07
18.9 4.26298e-07
18.92 2.957e-06
18.94 4.40725e-06
18.96 2.89844e-06
18.98 8.31103e-07
19 8.01917e-07
19.02 1.89298e-06
19.04 1.74518e-06
19.06 3.40039e-08
19.08 -1.38777e-06
19.1 -9.5905e-07
19.12 3.37236e-07
19.14 1.66687e-07
19.16 -1.52963e-06
19.18 -2.25464e-06
19.2 -1.08826e-06
19.22 -3.43965e-07
19.24 -1.68421e-06
19.26 -3.1036e-06
19.28 -2.02944e-06
19.3 2.30659e-07
19.32 5.11344e-07
19.34 -1.14858e-06
19.36 -1.95012e-06
19.38 -7.26469e-07
19.4 6.37955e-07
19.42 2.61531e-07
19.44 -8.21656e-07
19.46 -2.71915e-07
19.48 1.68943e-06
19.5 2.42163e-06
19.52 9.72813e-07
19.54 -4.32709e-07
19.56 2.52973e-07
19.58 1.84434e-06
19.6 1.59137e-06
19.62 -4.74192e-07
19.64 -1.02964e-06
19.66 1.08264e-06
19.68 2.24987e-06
19.7 -2.75626e-08
19.72 -2.69921e-06
19.74 -1.94878e-06
19.76 9.3069e-07
19.78 1.6184e-06
19.8 -9.41892e-07
19.82 -3.05116e-06
19.84 -1.65998e-06
19.86 1.17497e-06
19.88 1.70739e-06
19.9 -9.59048e-09
19.92 -8.4014e-07
19.94 6.55071e-07
19.96 2.23984e-06
19.98 1.40801e-06
20 -6.16103e-07
20.02 -7.09178e-07
20.04 1.24287e-06
20.06 2.28334e-06
20.08 7.46164e-07
20.1 -1.78697e-06
20.12 -2.67209e-06
20.14 -1.31707e-06
20.16 4.61849e-07
20.18 9.70789e-07
20.2 2.71362e-08
20.22 -1.30216e-06
20.24 -1.46631e-06
20.26 -2.33388e-07
20.28 5.68964e-07
20.3 -4.15588e-07
20.32 -1.47856e-06
20.34 -4.79148e-07
20.36 1.09615e-06
20.38 7.79523e-07
20.4 -4.21384e-07
20.42 -6.85716e-08
20.44 1.6459e-06
20.46 2.45554e-06
20.48 1.4283e-06
20.5 -9.83901e-08
20.52 -4.87773e-07
20.54 7.99278e-08
20.56 -5.84552e-09
20.58 -3.66657e-07
20.6 5.3821e-07
20.62 1.03026e-06
20.64 -8.52559e-07
20.66 -2.89702e-06
20.68 -2.64093e-06
20.7 -7.16971e-07
20.72 1.06874e-06
20.74 9.0452e-07
20.76 -1.18369e-06
20.78 -2.07996e-06
20.8 -2.20726e-07
20.82 1.25248e-06
20.84 -2.52767e-07
20.86 -2.13915e-06
20.88 -7.09811e-07
20.9 2.57052e-06
20.92 3.14123e-06
20.94 6.72439e-07
20.96 -6.20928e-07
20.98 1.34452e-06
21 3.28099e-06
21.02 1.41735e-06
21.04 -2.00643e-06
21.06 -1.77921e-06
21.08 1.72378e-06
21.1 2.99952e-06
21.12 -1.08982e-07
21.14 -3.21877e-06
21.16 -1.81764e-06
21.18 1.93256e-06
21.2 2.14199e-06
21.22 -1.7589e-06
21.24 -4.07313e-06
21.26 -1.72193e-06
21.28 1.29076e-06
21.3 3.90533e-07
21.32 -2.55471e-06
21.34 -2.18413e-06
21.36 1.80563e-06
21.38 3.82286e-06
21.4 1.46016e-06
21.42 -1.06443e-06
21.44 -5.65854e-07
21.46 1.35387e-06
21.48 2.09313e-06
21.5 6.26483e-07
21.52 -1.54972e-06
21.54 -1.88982e-06
21.56 -7.29479e-07
21.58 -6.3132e-07
21.6 -1.71863e-06
21.62 -1.60193e-06
21.64 -1.40546e-09
21.66 6.31837e-07
21.68 -5.89015e-07
21.7 -1.37032e-06
21.72 1.36696e-07
21.74 2.04375e-06
21.76 1.22806e-06
21.78 -1.57834e-06
21.8 -2.29107e-06
21.82 2.088e-07
21.84 1.98057e-06
21.86 2.11894e-07
21.88 -2.2601e-06
21.9 -1.52254e-06
21.92 1.35464e-06
21.94 2.22371e-06
21.96 1.68563e-07
21.98 -1.37175e-06
22 4.39972e-08
22.02 2.26849e-06
22.04 2.0668e-06
22.06 -1.25601e-07
22.08 -1.36055e-06
22.1 -5.01434e-07
22.12 6.29685e-07
22.14 1.44828e-07
22.16 -1.14362e-06
22.18 -1.12718e-06
22.2 1.63003e-07
22.22 7.25937e-07
22.24 -1.27587e-07
22.26 -9.07288e-07
22.28 -3.92627e-07
22.3 6.31762e-07
22.32 7.23225e-07
22.34 3.69893e-08
22.36 -7.72598e-08
22.38 7.06041e-07
22.4 1.29587e-06
22.42 9.25945e-07
22.44 2.13514e-07
22.46 1.81276e-07
22.48 8.06774e-07
22.5 1.00048e-06
22.52 1.84325e-07
22.54 -6.95649e-07
22.56 -5.40163e-07
22.58 2.30652e-07
22.6 3.83894e-07
22.62 -2.79732e-07
22.64 -7.48466e-07
22.66 -3.77429e-07
22.68 1.79328e-07
22.7 1.26069e-08
22.72 -6.35448e-07
22.74 -7.68717e-07
22.76 -2.43466e-07
22.78 1.02789e-08
22.8 -4.54206e-07
22.82 -8.37567e-07
22.84 -3.67512e-07
22.86 4.13718e-07
22.88 4.53891e-07
22.9 -1.83579e-07
22.92 -4.64142e-07
22.94 6.57809e-08
22.96 6.74276e-07
22.98 5.65172e-07
23 -1.80331e-09
23.02 -2.12917e-07
23.04 7.56258e-08
23.06 2.23715e-07
23.08 -1.63536e-07
23.1 -6.12803e-07
23.12 -4.5802e-07
23.14 1.05778e-07
23.16 2.18506e-07
23.18 -2.94732e-07
23.2 -5.45278e-07
23.22 3.32868e-08
23.24 7.163e-07
23.26 6.12773e-07
23.28 7.01332e-08
23.3 2.51413e-08
23.32 4.8119e-07
23.34 6.10814e-07
23.36 1.19454e-07
23.38 -3.65919e-07
23.4 -3.83746e-07
23.42 -2.93711e-07
23.44 -4.66726e-07
23.46 -5.88272e-07
23.48 -2.78159e-07
23.5 1.08552e-07
23.52 -1.57728e-08
23.54 -4.31651e-07
23.56 -3.88332e-07
23.58 2.08516e-07
23.6 6.17783e-07
23.62 3.52978e-07
23.64 -1.09986e-07
23.66 -8.27012e-08
23.68 3.51728e-07
23.7 6.06478e-07
23.72 4.16781e-07
23.74 5.78264e-08
23.76 -5.55673e-08
23.78 1.08689e-07
23.8 2.08578e-07
23.82 8.83562e-08
23.84 -5.46922e-08
23.86 -1.08862e-07
23.88 -1.85964e-07
23.9 -2.80203e-07
23.92 -1.90178e-07
23.94 3.82246e-08
23.96 -5.75565e-09
23.98 -3.76313e-07
24 -5.12035e-07
24.02 -2.87246e-08
24.04 6.94164e-07
24.06 8.39621e-07
24.08 2.25909e-07
24.1 -3.21674e-07
24.12 -2.10222e-07
24.14 1.55134e-07
24.16 2.36271e-07
24.18 5.38366e-08
24.2 -1.69764e-07
24.22 -2.81856e-07
24.24 -1.94347e-07
24.26 1.44993e-08
24.28 2.08413e-07
24.3 2.92797e-07
24.32 1.75056e-07
24.34 -1.50979e-07
24.36 -4.6729e-07
24.38 -4.68667e-07
24.4 -1.91254e-07
24.42 7.49974e-09
24.44 1.55623e-10
24.46 3.50154e-09
24.48 9.01653e-08
24.5 6.34148e-08
24.52 -1.06342e-07
24.54 -1.89913e-07
24.56 -5.43383e-08
24.58 1.71156e-07
24.6 2.43564e-07
24.62 1.01925e-07
24.64 1.47739e-09
24.66 1.64296e-07
24.68 3.76047e-07
24.7 2.33653e-07
24.72 -2.10799e-07
24.74 -3.98008e-07
24.76 -6.70457e-08
24.78 3.46438e-07
24.8 3.79712e-07
24.82 1.36958e-07
24.84 6.5805e-08
24.86 3.1531e-07
24.88 4.9775e-07
24.9 2.97509e-07
24.92 2.66365e-08
24.94 1.18212e-07
24.96 4.06951e-07
24.98 4.24579e-07
25 1.40021e-07
25.02 -2.62618e-08
25.04 1.48337e-07
25.06 3.76793e-07
25.08 2.96927e-07
25.1 -9.03871e-09
25.12 -1.08682e-07
25.14 1.61387e-07
25.16 4.02515e-07
25.18 2.33153e-07
25.2 -1.22527e-07
25.22 -2.06034e-07
25.24 -1.03511e-08
25.26 5.57961e-08
25.28 -2.12111e-07
25.3 -5.2375e-07
25.32 -5.27333e-07
25.34 -2.40165e-07
25.36 4.92203e-08
25.38 8.34313e-08
25.4 -1.16614e-07
25.42 -2.45448e-07
25.44 -1.10048e-07
25.46 7.06977e-08
25.48 -4.69928e-09
25.5 -2.44742e-07
25.52 -2.74858e-07
25.54 -6.65733e-09
25.56 2.14599e-07
25.58 1.4412e-07
25.6 -8.28525e-09
25.62 7.48177e-08
25.64 3.17944e-07
25.66 3.64065e-07
25.68 1.15691e-07
25.7 -1.17857e-07
25.72 -4.69711e-08
25.74 1.66869e-07
25.76 1.16554e-07
25.78 -1.95669e-07
25.8 -3.28646e-07
25.82 -1.14439e-07
25.84 1.08746e-07
25.86 7.15008e-08
25.88 -8.33084e-08
25.9 -1.28633e-07
25.92 -7.72679e-08
25.94 -6.66296e-08
25.96 -1.15548e-07
25.98 -1.53806e-07
26 -1.80426e-07
26.02 -2.36835e-07
26.04 -3.01819e-07
26.06 -2.84028e-07
26.08 -1.39109e-07
26.1 -1.38543e-08
26.12 -1.08883e-07
26.14 -3.28688e-07
26.16 -3.4952e-07
26.18 -1.09485e-07
26.2 8.62343e-08
26.22 1.85661e-08
26.24 -1.53281e-07
26.26 -1.40611e-07
26.28 6.26921e-08
26.3 1.59325e-07
26.32 6.17862e-09
26.34 -1.50803e-07
26.36 -9.54227e-08
26.38 2.02105e-08
26.4 -3.13731e-08
26.42 -1.89322e-07
26.44 -2.2996e-07
26.46 -1.0084e-07
26.48 6.24878e-08
26.5 1.29102e-07
26.52 5.74179e-08
26.54 -7.07141e-08
26.56 -9.60947e-08
26.58 5.72289e-08
26.6 2.8086e-07
26.62 3.60143e-07
26.64 2.14821e-07
26.66 2.03179e-08
26.68 -8.89162e-10
26.7 1.39475e-07
26.72 1.96949e-07
26.74 4.25443e-08
26.76 -1.30541e-07
26.78 -1.26374e-07
26.8 -1.98388e-08
26.82 9.13729e-10
26.84 -1.19113e-07
26.86 -2.2718e-07
26.88 -1.8739e-07
26.9 -9.85898e-08
26.92 -8.716e-08
26.94 -8.28718e-08
26.96 1.57323e-08
26.98 1.1387e-07
27 3.71907e-08
27.02 -1.22211e-07
27.04 -8.00969e-08
27.06 1.36782e-07
27.08 1.73565e-07
27.1 -7.3954e-08
27.12 -2.47224e-07
27.14 -6.20229e-08
27.16 2.24211e-07
27.18 1.77012e-07
27.2 -1.5491e-07
27.22 -3.04928e-07
27.24 -8.21382e-08
27.26 1.56189e-07
27.28 6.80797e-08
27.3 -1.68534e-07
27.32 -1.6684e-07
27.34 9.4666e-08
27.36 2.69938e-07
27.38 1.66745e-07
27.4 -7.77095e-09
27.42 2.55187e-09
27.44 1.76449e-07
27.46 2.83092e-07
27.48 1.69562e-07
27.5 -3.2327e-08
27.52 -1.0488e-07
27.54 -7.53196e-08
27.56 -1.15276e-07
27.58 -2.41872e-07
27.6 -3.09244e-07
27.62 -2.51866e-07
27.64 -2.03714e-07
27.66 -2.65202e-07
27.68 -3.19058e-07
27.7 -2.29216e-07
27.72 -4.27374e-08
27.74 1.08912e-07
27.76 1.87359e-07
27.78 2.37243e-07
27.8 2.76071e-07
27.82 2.86245e-07
27.84 2.68903e-07
27.86 2.32669e-07
27.88 1.585e-07
27.9 5.61385e-08
27.92 -9.96399e-09
27.94 -1.32253e-08
27.96 1.68946e-08
27.98 3.84985e-08
28 9.59964e-09
28.02 -3.70856e-08
28.04 -2.69724e-08
28.06 2.59554e-09
28.08 -3.59989e-08
28.1 -1.27309e-07
28.12 -1.39694e-07
28.14 -7.87445e-09
28.16 8.56588e-08
28.18 -1.64616e-08
28.2 -1.10877e-07
28.22 3.51674e-08
28.24 2.72164e-07
28.26 3.37632e-07
28.28 2.61618e-07
28.3 2.60751e-07
28.32 3.87389e-07
28.34 4.47146e-07
28.36 1.39023e-07
28.38 -4.971e-07
28.4 -8.0892e-07
28.42 -3.31385e-07
28.44 3.62086e-07
28.46 2.9165e-07
28.48 -4.47311e-07
28.5 -7.07114e-07
28.52 -3.83759e-08
28.54 6.41483e-07
28.56 4.74288e-07
28.58 -1.38539e-07
28.6 -2.90062e-07
28.62 5.74992e-08
28.64 2.29526e-07
28.66 4.27265e-08
28.68 -3.27546e-08
28.7 2.13967e-07
28.72 3.90421e-07
28.74 1.24984e-07
28.76 -3.59009e-07
28.78 -4.63236e-07
28.8 6.44636e-09
28.82 4.4793e-07
28.84 2.10517e-07
28.86 -3.65161e-07
28.88 -3.69678e-07
28.9 2.48979e-07
28.92 6.12173e-07
28.94 2.97963e-07
28.96 -1.03151e-07
28.98 -1.75781e-08
29 2.46525e-07
29.02 1.38994e-07
29.04 -1.33362e-07
29.06 -5.59795e-09
29.08 3.73002e-07
29.1 3.44055e-07
29.12 -1.48427e-07
29.14 -4.43555e-07
29.16 -1.88748e-07
29.18 1.48859e-07
29.2 4.01537e-08
29.22 -3.04911e-07
29.24 -3.47352e-07
29.26 -7.82952e-08
29.28 7.85267e-08
29.3 -3.19976e-08
29.32 -1.74227e-07
29.34 -1.53608e-07
29.36 -3.56463e-08
29.38 4.58994e-08
29.4 7.74448e-08
29.42 8.7719e-08
29.44 6.31875e-08
29.46 1.45654e-08
29.48 5.57306e-09
29.5 4.98115e-08
29.52 7.33292e-08
29.54 6.29028e-09
29.56 -1.55254e-07
29.58 -2.99728e-07
29.6 -2.51576e-07
29.62 -2.94145e-08
29.64 6.77752e-08
29.66 -1.26912e-07
29.68 -3.33662e-07
29.7 -2.48944e-07
29.72 -1.98221e-08
29.74 1.10447e-08
29.76 -1.62478e-07
29.78 -2.07939e-07
29.8 -1.72439e-09
29.82 1.70742e-07
29.84 1.06082e-07
29.86 -1.2801e-08
29.88 4.3163e-08
29.9 1.9991e-07
29.92 2.52992e-07
29.94 1.80888e-07
29.96 1.11111e-07
29.98 8.91983e-08
30 1.88694e-08
30.02 -1.44225e-07
30.04 -2.65175e-07
30.06 -2.24906e-07
30.08 -1.39227e-07
30.1 -1.68609e-07
30.12 -2.21951e-07
30.14 -1.06465e-07
30.16 1.24005e-07
30.18 2.21872e-07
30.2 1.1939e-07
30.22 7.32137e-09
30.24 4.23495e-08
30.26 1.70118e-07
30.28 2.42999e-07
30.3 2.19232e-07
30.32 1.95773e-07
30.34 2.1271e-07
30.36 1.87347e-07
30.38 9.66827e-08
30.4 1.49886e-08
30.42 -1.66037e-08
30.44 -6.82432e-08
30.46 -2.13637e-07
30.48 -3.5322e-07
30.5 -3.06441e-07
30.52 -8.30215e-08
30.54 7.42075e-08
30.56 7.2512e-10
30.58 -1.35425e-07
30.6 -7.34473e-08
30.62 1.52073e-07
30.64 2.82018e-07
30.66 2.15015e-07
30.68 1.13376e-07
30.7 1.47496e-07
30.72 2.55927e-07
30.74 2.07972e-07
30.76 -2.526e-08
30.78 -1.43313e-07
30.8 3.1685e-09
30.82 1.3993e-07
30.84 4.22613e-08
30.86 -1.15761e-07
30.88 -7.22298e-08
30.9 1.53186e-07
30.92 3.14699e-07
30.94 2.49572e-07
30.96 6.64372e-08
30.98 1.02031e-09
31 7.79032e-08
31.02 8.52786e-08
31.04 -5.02998e-08
31.06 -1.44677e-07
31.08 -1.01243e-07
31.1 -5.46131e-08
31.12 -7.74029e-08
31.14 -5.1469e-08
31.16 7.70062e-08
31.18 1.63984e-07
31.2 9.53888e-08
31.22 -2.23541e-08
31.24 -1.05813e-08
31.26 1.2817e-07
31.28 1.96461e-07
31.3 8.07127e-08
31.32 -5.5499e-08
31.34 -3.43431e-09
31.36 1.66423e-07
31.38 1.9347e-07
31.4 4.16281e-08
31.42 -1.94042e-08
31.44 1.19501e-07
31.46 2.11207e-07
31.48 8.97219e-08
31.5 -8.43143e-08
31.52 -1.1837e-07
31.54 -4.21347e-08
31.56 -1.03918e-08
31.58 -8.15011e-08
31.6 -1.49293e-07
31.62 -1.03089e-07
31.64 -1.65703e-08
31.66 -4.99889e-08
31.68 -1.79762e-07
31.7 -2.27943e-07
31.72 -1.42852e-07
31.74 -5.51212e-08
31.76 -6.8201e-08
31.78 -1.25248e-07
31.8 -1.11369e-07
31.82 -3.75141e-08
31.84 -1.74657e-08
31.86 -4.74226e-08
31.88 -5.1966e-09
31.9 1.0376e-07
31.92 1.29894e-07
31.94 3.7994e-08
31.96 -1.03194e-08
31.98 8.96422e-08
32 1.96247e-07
32.02 1.26201e-07
32.04 -6.10044e-08
32.06 -1.42666e-07
32.08 -5.81823e-08
32.1 1.97691e-08
32.12 -4.81832e-08
32.14 -1.84447e-07
32.16 -2.10684e-07
32.18 -9.18726e-08
32.2 5.32363e-09
32.22 -5.36613e-08
32.24 -1.72743e-07
32.26 -1.73313e-07
32.28 -6.04348e-08
32.3 -6.03035e-09
32.32 -9.45005e-08
32.34 -2.08082e-07
32.36 -1.9301e-07
32.38 -8.27919e-08
32.4 -5.68842e-08
32.42 -1.53584e-07
32.44 -2.08684e-07
32.46 -1.23601e-07
32.48 -4.20124e-09
32.5 -6.87469e-09
32.52 -1.30301e-07
32.54 -1.91156e-07
32.56 -6.63124e-08
32.58 9.42484e-08
32.6 6.78275e-08
32.62 -8.03071e-08
32.64 -7.76962e-08
32.66 1.23033e-07
32.68 2.55738e-07
32.7 1.45628e-07
32.72 -3.63371e-08
32.74 -5.21203e-08
32.76 3.37351e-08
32.78 -9.89787e-09
32.8 -1.64445e-07
32.82 -1.96638e-07
32.84 -3.87649e-08
32.86 1.19609e-07
32.88 1.24432e-07
32.9 8.212e-08
32.92 1.49667e-07
32.94 2.50375e-07
32.96 2.11382e-07
32.98 6.41594e-08
33 -1.26595e-08
33.02 2.43715e-08
33.04 5.10121e-08
33.06 -3.50435e-09
33.08 -6.208e-08
33.1 -5.07225e-08
33.12 -2.01689e-08
33.14 -4.07652e-08
33.16 -7.07669e-08
33.18 -4.78719e-08
33.2 4.48631e-09
33.22 4.06322e-08
33.24 4.1727e-08
33.26 1.65802e-08
33.28 -1.18157e-08
33.3 -4.79068e-08
33.32 -8.20559e-08
33.34 -4.03764e-08
33.36 9.27844e-08
33.38 1.77709e-07
33.4 9.17256e-08
33.42 -6.53868e-08
33.44 -7.80477e-08
33.46 7.56261e-08
33.48 1.57177e-07
33.5 1.33203e-08
33.52 -1.6571e-07
33.54 -1.3983e-07
33.56 2.30631e-08
33.58 1.01508e-07
33.6 4.4009e-08
33.62 -2.46457e-08
33.64 -1.57465e-08
33.66 8.01656e-09
33.68 -5.49164e-08
33.7 -1.61176e-07
33.72 -1.61446e-07
33.74 -5.52336e-08
33.76 -9.22298e-09
33.78 -5.44218e-08
33.8 -2.54463e-08
33.82 1.24811e-07
33.84 2.15385e-07
33.86 1.44076e-07
33.88 5.57377e-08
33.9 1.03634e-07
33.92 2.21912e-07
33.94 2.33636e-07
33.96 1.19466e-07
33.98 5.90222e-08
34 1.51195e-07
34.02 2.35073e-07
34.04 1.44542e-07
34.06 -8.63717e-09
34.08 -3.22784e-08
34.1 3.19032e-08
34.12 3.3489e-08
34.14 -4.29132e-08
34.16 -1.0023e-07
34.18 -7.1928e-08
34.2 -9.28577e-10
34.22 2.18149e-08
34.24 -2.72445e-08
34.26 -8.1433e-08
34.28 -6.72613e-08
34.3 9.13745e-09
34.32 5.918e-08
34.34 1.61345e-08
34.36 -4.97187e-08
34.38 7.54552e-09
34.4 1.76822e-07
34.42 2.60163e-07
34.44 1.73697e-07
34.46 7.65055e-08
34.48 1.0768e-07
34.5 1.65544e-07
34.52 8.23243e-08
34.54 -9.32709e-08
34.56 -1.62932e-07
34.58 -6.63268e-08
34.6 5.41061e-08
34.62 7.12219e-08
34.64 1.96626e-08
34.66 -5.01093e-09
34.68 1.10236e-08
34.7 6.40982e-09
34.72 -4.77198e-08
34.74 -1.06118e-07
34.76 -1.19892e-07
34.78 -8.72065e-08
34.8 -3.55318e-08
34.82 -3.2018e-09
34.84 8.34647e-09
34.86 4.54734e-08
34.88 9.45657e-08
34.9 8.9263e-08
34.92 6.04033e-08
34.94 9.66402e-08
34.96 1.80265e-07
34.98 2.09774e-07
35 1.36038e-07
35.02 2.76059e-08
35.04 1.49449e-09
35.06 5.35596e-08
35.08 4.36717e-08
35.1 -7.71559e-08
35.12 -1.71071e-07
35.14 -1.49043e-07
35.16 -1.19573e-07
35.18 -1.74518e-07
35.2 -2.20539e-07
35.22 -1.35694e-07
35.24 2.03209e-08
35.26 6.93926e-08
35.28 -2.82736e-08
35.3 -1.068e-07
35.32 -2.44926e-08
35.34 1.09495e-07
35.36 7.83084e-08
35.38 -7.56598e-08
35.4 -8.7829e-08
35.42 9.9074e-08
35.44 2.38666e-07
35.46 1.48411e-07
35.48 -3.17921e-08
35.5 -5.0721e-08
35.52 6.30412e-08
35.54 5.96533e-08
35.56 -1.01907e-07
35.58 -2.11364e-07
35.6 -1.76585e-07
35.62 -1.29089e-07
35.64 -1.62351e-07
35.66 -1.9259e-07
35.68 -1.31073e-07
35.7 -4.89513e-08
35.72 -4.4008e-08
35.74 -8.44181e-08
35.76 -1.09488e-07
35.78 -8.06395e-08
35.8 5.02026e-08
35.82 1.86048e-07
35.84 1.13247e-07
35.86 -1.03073e-07
35.88 -1.4709e-07
35.9 3.78374e-09
35.92 5.23531e-08
35.94 -4.0789e-08
35.96 2.70144e-08
35.98 2.68514e-07
36 2.65017e-07
36.02 -6.93316e-08
36.04 -2.34745e-07
36.06 1.83317e-08
36.08 2.89617e-07
36.1 2.35106e-07
36.12 5.32122e-08
36.14 1.51368e-08
36.16 2.93965e-08
36.18 2.22113e-09
36.2 7.25714e-08
36.22 2.17777e-07
36.24 2.13838e-07
36.26 1.67632e-08
36.28 -2.01329e-07
36.3 -2.73603e-07
36.32 -2.07731e-07
36.34 -1.68676e-07
36.36 -2.07672e-07
36.38 -1.90456e-07
36.4 -6.03283e-08
36.42 8.78472e-08
36.44 1.48959e-07
36.46 5.61247e-08
36.48 -1.01286e-07
36.5 -4.19473e-09
36.52 4.37604e-07
36.54 7.27745e-07
36.56 4.43559e-07
36.58 -2.35902e-08
36.6 -4.95669e-09
36.62 3.85998e-07
36.64 3.98579e-07
36.66 -9.95972e-08
36.68 -3.71479e-07
36.7 -1.32093e-07
36.72 -1.28934e-08
36.74 -2.90407e-07
36.76 -3.25388e-07
36.78 1.66231e-07
36.8 3.79575e-07
36.82 -1.92125e-07
36.84 -6.88021e-07
36.86 -2.7609e-07
36.88 3.82135e-07
36.9 1.71709e-07
36.92 -6.54279e-07
36.94 -8.54854e-07
36.96 -1.08326e-07
36.98 6.56337e-07
37 5.91388e-07
37.02 -8.84599e-08
37.04 -3.64268e-07
37.06 2.7489e-07
37.08 9.81385e-07
37.1 6.69201e-07
37.12 -2.69305e-07
37.14 -5.15604e-07
37.16 1.14293e-07
37.18 4.69743e-07
37.2 -7.41938e-08
37.22 -7.7394e-07
37.24 -8.196e-07
37.26 -3.58238e-07
37.28 5.88747e-08
37.3 1.40061e-07
37.32 -7.21473e-08
37.34 -2.96545e-07
37.36 -2.98041e-07
37.38 -1.46815e-07
37.4 -7.3389e-08
37.42 -1.09515e-07
37.44 -7.48369e-08
37.46 8.11184e-08
37.48 2.19116e-07
37.5 2.36942e-07
37.52 1.5766e-07
37.54 9.17777e-08
37.56 1.82153e-07
37.58 4.22214e-07
37.6 5.29232e-07
37.62 2.85075e-07
37.64 -1.01793e-07
37.66 -2.61877e-07
37.68 -8.69386e-08
37.7 2.0473e-07
37.72 2.50027e-07
37.74 -4.20079e-08
37.76 -2.8086e-07
37.78 -1.15822e-07
37.8 2.08951e-07
37.82 1.33204e-07
37.84 -4.15309e-07
37.86 -7.78238e-07
37.88 -4.60387e-07
37.9 7.08268e-08
37.92 1.18438e-07
37.94 -1.79003e-07
37.96 -2.32993e-07
37.98 3.01763e-08
38 2.01852e-07
38.02 8.83039e-08
38.04 -7.21895e-08
38.06 -1.73991e-08
38.08 1.5178e-07
38.1 1.51864e-07
38.12 -9.31372e-09
38.14 -8.52385e-08
38.16 1.41318e-08
38.18 1.59817e-07
38.2 2.12126e-07
38.22 2.00946e-07
38.24 2.15674e-07
38.26 1.8154e-07
38.28 -1.1652e-08
38.3 -2.54195e-07
38.32 -3.07399e-07
38.34 -1.19967e-07
38.36 6.41419e-08
38.38 -2.88993e-09
38.4 -1.92403e-07
38.42 -1.48988e-07
38.44 1.64917e-07
38.46 3.89672e-07
38.48 2.57773e-07
38.5 -5.63828e-08
38.52 -1.80994e-07
38.54 -5.2037e-08
38.56 4.56005e-08
38.58 -8.08784e-08
38.6 -2.8762e-07
38.62 -3.20471e-07
38.64 -1.60046e-07
38.66 -2.92897e-08
38.68 -5.92875e-08
38.7 -1.29343e-07
38.72 -8.51068e-08
38.74 5.51092e-08
38.76 1.57189e-07
38.78 1.48731e-07
38.8 9.12473e-08
38.82 7.03448e-08
38.84 6.20281e-08
38.86 -2.10372e-08
38.88 -1.54832e-07
38.9 -1.97601e-07
38.92 -1.22779e-07
38.94 -8.26389e-08
38.96 -1.40159e-07
38.98 -1.40987e-07
39 2.86326e-08
39.02 2.33017e-07
39.04 2.84075e-07
39.06 2.27058e-07
39.08 2.59906e-07
39.1 4.1232e-07
39.12 4.64322e-07
39.14 2.42654e-07
39.16 -9.6121e-08
39.18 -2.2502e-07
39.2 -7.86748e-08
39.22 6.22116e-08
39.24 -2.26371e-08
39.26 -1.87838e-07
39.28 -1.60529e-07
39.3 3.51313e-08
39.32 1.11552e-07
39.34 -3.69177e-08
39.36 -1.89078e-07
39.38 -1.59835e-07
39.4 -4.52152e-08
39.42 -1.34842e-08
39.44 -6.93302e-08
39.46 -1.08835e-07
39.48 -7.41779e-08
39.5 2.516e-09
39.52 6.55223e-08
39.54 9.02921e-08
39.56 7.73906e-08
39.58 4.35596e-08
39.6 3.48767e-08
39.62 1.08443e-07
39.64 2.38678e-07
39.66 3.03114e-07
39.68 2.40439e-07
39.7 1.53222e-07
39.72 1.55061e-07
39.74 1.75094e-07
39.76 7.91722e-08
39.78 -7.31137e-08
39.8 -1.1575e-07
39.82 -4.62142e-08
39.84 -3.66162e-09
39.86 -5.58869e-08
39.88 -1.25467e-07
39.9 -1.14674e-07
39.92 -3.95946e-08
39.94 1.72922e-08
39.96 2.62322e-08
39.98 4.81297e-09
40 -2.58085e-08
40.02 -3.58924e-08
40.04 -1.20459e-08
40.06 1.55629e-08
40.08 -2.62606e-09
40.1 -4.60662e-08
40.12 -1.18274e-08
40.14 9.86484e-08
40.16 1.34933e-07
40.18 5.25513e-08
40.2 -1.47218e-08
40.22 1.412e-09
40.24 1.97227e-08
40.26 -3.28646e-08
40.28 -1.1862e-07
40.3 -1.42477e-07
40.32 -8.35459e-08
40.34 -2.90785e-08
40.36 -4.49539e-08
40.38 -8.43083e-08
40.4 -5.59841e-08
40.42 6.34335e-08
40.44 1.81293e-07
40.46 1.99148e-07
40.48 1.49792e-07
40.5 1.30751e-07
40.52 1.57444e-07
40.54 1.3637e-07
40.56 8.32911e-09
40.58 -9.0696e-08
40.6 -2.18728e-09
40.62 1.44502e-07
40.64 8.63298e-08
40.66 -1.76885e-07
40.68 -3.60436e-07
40.7 -2.66702e-07
40.72 -6.60494e-08
40.74 -6.27981e-08
40.76 -2.59747e-07
40.78 -3.75709e-07
40.8 -2.48664e-07
40.82 -1.42951e-08
40.84 1.05198e-07
40.86 7.55301e-08
40.88 4.46425e-08
40.9 7.30826e-08
40.92 7.77237e-08
40.94 5.15985e-08
40.96 7.14591e-08
40.98 1.31248e-07
41 1.64366e-07
41.02 1.37892e-07
41.04 6.53053e-08
41.06 1.58037e-08
41.08 3.53499e-08
41.1 6.58731e-08
41.12 4.75606e-08
41.14 -2.06827e-09
41.16 -4.25528e-08
41.18 -7.13333e-08
41.2 -1.14565e-07
41.22 -1.67309e-07
41.24 -1.82452e-07
41.26 -1.3669e-07
41.28 -9.05166e-08
41.3 -1.12987e-07
41.32 -1.50696e-07
41.34 -1.05793e-07
41.36 -8.32607e-09
41.38 3.6293e-08
41.4 1.00372e-08
41.42 2.41695e-09
41.44 8.58088e-08
41.46 2.02447e-07
41.48 2.30357e-07
41.5 1.52583e-07
41.52 8.59682e-08
41.54 1.20544e-07
41.56 1.98645e-07
41.58 1.94468e-07
41.6 7.85365e-08
41.62 -3.45968e-08
41.64 -3.61932e-08
41.66 2.69175e-08
41.68 3.30182e-08
41.7 -3.98906e-08
41.72 -1.13428e-07
41.74 -1.44367e-07
41.76 -1.59964e-07
41.78 -1.75255e-07
41.8 -1.74872e-07
41.82 -1.41028e-07
41.84 -5.97395e-08
41.86 4.19138e-08
41.88 9.65724e-08
41.9 8.74609e-08
41.92 8.72907e-08
41.94 1.47501e-07
41.96 2.12886e-07
41.98 2.06168e-07
42 1.34321e-07
42.02 6.75462e-08
42.04 3.89739e-08
42.06 1.04205e-08
42.08 -4.47244e-08
42.1 -7.56242e-08
42.12 -3.11935e-08
42.14 4.39668e-08
42.16 6.43237e-08
42.18 1.37953e-08
42.2 -4.07368e-08
42.22 -3.55416e-08
42.24 1.64327e-09
42.26 -7.07763e-09
42.28 -7.53613e-08
42.3 -1.384e-07
42.32 -1.46968e-07
42.34 -1.17682e-07
42.36 -7.64355e-08
42.38 -3.91787e-08
42.4 -2.0142e-08
42.42 6.05428e-09
42.44 5.45643e-08
42.46 8.06358e-08
42.48 6.08313e-08
42.5 3.14617e-08
42.52 3.93612e-08
42.54 8.51629e-08
42.56 1.1586e-07
42.58 9.4287e-08
42.6 5.25066e-08
42.62 5.22e-08
42.64 9.11299e-08
42.66 9.65522e-08
42.68 4.38414e-08
42.7 5.87067e-09
42.72 4.07548e-08
42.74 9.288e-08
42.76 6.03088e-08
42.78 -4.56666e-08
42.8 -8.32475e-08
42.82 3.21939e-09
42.84 5.81297e-08
42.86 -4.50905e-08
42.88 -1.84732e-07
42.9 -1.77253e-07
42.92 -4.99657e-08
42.94 7.34241e-09
42.96 -8.97717e-08
42.98 -2.01873e-07
43 -1.56963e-07
43.02 9.39221e-09
43.04 1.03558e-07
43.06 4.56349e-08
43.08 -3.67527e-08
43.1 -4.77844e-09
43.12 1.07881e-07
43.14 1.53918e-07
43.16 9.08273e-08
43.18 3.59671e-08
43.2 6.67271e-08
43.22 1.04092e-07
43.24 5.77885e-08
43.26 -3.59844e-08
43.28 -7.81179e-08
43.3 -5.50265e-08
43.32 -5.65777e-08
43.34 -1.26344e-07
43.36 -1.91036e-07
43.38 -1.77406e-07
43.4 -1.15612e-07
43.42 -7.20651e-08
43.44 -4.6554e-08
43.46 -3.66548e-09
43.48 5.68547e-08
43.5 1.03202e-07
43.52 1.15479e-07
43.54 1.05369e-07
43.56 9.15377e-08
43.58 7.49121e-08
43.6 4.13879e-08
43.62 -3.92876e-09
43.64 -2.6676e-08
43.66 -1.11488e-08
43.68 7.73826e-09
43.7 -1.54238e-08
43.72 -6.47813e-08
43.74 -7.05482e-08
43.76 -2.44517e-08
43.78 -4.75814e-10
43.8 -1.81451e-08
43.82 -1.86636e-08
43.84 1.76075e-08
43.86 3.03634e-08
43.88 -2.44169e-08
43.9 -8.65263e-08
43.92 -7.1286e-08
43.94 -1.08619e-08
43.96 -1.63929e-08
43.98 -9.11025e-08
44 -1.14337e-07
44.02 -3.71433e-08
44.04 4.25089e-08
44.06 3.25212e-08
44.08 -2.895e-08
44.1 -4.51507e-08
44.12 4.48853e-09
44.14 4.46865e-08
44.16 1.71685e-08
44.18 -4.31686e-08
44.2 -6.82845e-08
44.22 -5.18109e-08
44.24 -4.39363e-08
44.26 -6.97537e-08
44.28 -1.02344e-07
44.3 -1.0597e-07
44.32 -7.55326e-08
44.34 -3.2104e-08
44.36 -7.3723e-09
44.38 -1.38398e-08
44.4 -9.60075e-09
44.42 4.33631e-08
44.44 1.05674e-07
44.46 1.2404e-07
44.48 9.96068e-08
44.5 5.56888e-08
44.52 1.25789e-08
44.54 -1.3377e-08
44.56 -2.69576e-08
44.58 -4.69454e-08
44.6 -7.61339e-08
44.62 -9.32708e-08
44.64 -7.89156e-08
44.66 -4.49343e-08
44.68 -2.73278e-08
44.7 -4.0165e-08
44.72 -4.34662e-08
44.74 -6.24853e-09
44.76 3.67001e-08
44.78 4.10335e-08
44.8 9.23135e-09
44.82 -1.83314e-08
44.84 -4.53898e-09
44.86 4.12139e-08
44.88 7.00119e-08
44.9 5.10195e-08
44.92 9.36346e-09
44.94 -3.3039e-09
44.96 1.99991e-08
44.98 2.97213e-08
45 -6.98016e-09
45.02 -5.22585e-08
45.04 -4.50837e-08
45.06 1.16705e-08
45.08 4.82033e-08
45.1 1.63692e-08
45.12 -3.34784e-08
45.14 -2.23946e-08
45.16 2.80417e-08
45.18 3.06294e-08
45.2 -2.76827e-08
45.22 -5.49203e-08
45.24 1.58766e-08
45.26 1.19581e-07
45.28 1.44252e-07
45.3 7.88223e-08
45.32 2.83166e-08
45.34 6.82909e-08
45.36 1.11631e-07
45.38 4.44709e-08
45.4 -7.61717e-08
45.42 -9.54806e-08
45.44 2.01837e-08
45.46 1.00826e-07
45.48 1.1678e-08
45.5 -1.18288e-07
45.52 -9.57726e-08
45.54 3.19852e-08
45.56 5.66487e-08
45.58 -5.8702e-08
45.6 -1.27497e-07
45.62 -3.666e-08
45.64 7.849e-08
45.66 3.52648e-08
45.68 -1.10884e-07
45.7 -1.38841e-07
45.72 -1.83969e-09
45.74 9.52681e-08
45.76 1.3242e-09
45.78 -1.47087e-07
45.8 -1.16126e-07
45.82 6.93527e-08
45.84 1.53085e-07
45.86 3.88721e-08
45.88 -6.54041e-08
45.9 2.14166e-08
45.92 1.8025e-07
45.94 1.92196e-07
45.96 6.03098e-08
45.98 -3.50451e-08
46 -1.43009e-08
46.02 3.96293e-08
46.04 3.49969e-08
46.06 -1.80589e-08
46.08 -4.42307e-08
46.1 -3.67009e-08
46.12 -4.70915e-08
46.14 -7.84029e-08
46.16 -9.55963e-08
46.18 -6.88026e-08
46.2 3.38993e-09
46.22 5.63989e-08
46.24 1.80497e-08
46.26 -4.98562e-08
46.28 -1.63224e-08
46.3 7.99117e-08
46.32 8.59908e-08
46.34 2.91599e-09
46.36 -3.38788e-08
46.38 2.76526e-08
46.4 9.12255e-08
46.42 5.60387e-08
46.44 -2.60044e-08
46.46 -2.4787e-08
46.48 4.92842e-08
46.5 6.01602e-08
46.52 -2.1534e-08
46.54 -7.65827e-08
46.56 -2.92335e-08
46.58 4.33648e-08
46.6 3.0566e-08
46.62 -4.50945e-08
46.64 -6.66341e-08
46.66 -6.53989e-09
46.68 3.28058e-08
46.7 -2.07284e-08
46.72 -8.91895e-08
46.74 -5.92793e-08
46.76 2.96824e-08
46.78 5.4256e-08
46.8 5.06052e-09
46.82 -1.48357e-08
46.84 4.6257e-08
46.86 8.38186e-08
46.88 5.12565e-10
46.9 -1.02245e-07
46.92 -8.07386e-08
46.94 3.52355e-08
46.96 9.51288e-08
46.98 2.92392e-08
47 -6.06843e-08
47.02 -5.31922e-08
47.04 2.79334e-08
47.06 6.32971e-08
47.08 -1.11703e-08
47.1 -1.07514e-07
47.12 -7.21177e-08
47.14 6.22466e-08
47.16 8.09931e-08
47.18 -6.60546e-08
47.2 -1.65178e-07
47.22 -6.30767e-08
47.24 9.80227e-08
47.26 8.95381e-08
47.28 -4.69614e-08
47.3 -6.10177e-08
47.32 1.08815e-07
47.34 2.47132e-07
47.36 1.98389e-07
47.38 7.24921e-08
47.4 3.77655e-08
47.42 6.01429e-08
47.44 -5.08079e-09
47.46 -1.20839e-07
47.48 -1.01364e-07
47.5 4.69555e-08
47.52 9.52656e-08
47.54 -2.382e-08
47.56 -8.8074e-08
47.58 2.50991e-08
47.6 1.24505e-07
47.62 3.48261e-08
47.64 -1.21124e-07
47.66 -1.33148e-07
47.68 -2.37374e-08
47.7 1.8677e-08
47.72 -5.97064e-08
47.74 -1.03562e-07
47.76 -7.02116e-09
47.78 1.0536e-07
47.8 7.62699e-08
47.82 -3.73511e-08
47.84 -6.66333e-08
47.86 5.41413e-09
47.88 3.65251e-08
47.9 -3.99158e-08
47.92 -1.0248e-07
47.94 -4.7877e-08
47.96 2.96492e-08
47.98 6.75991e-09
48 -6.12732e-08
48.02 -3.95627e-08
48.04 6.33963e-08
48.06 9.49217e-08
48.08 -1.65755e-08
48.1 -1.37624e-07
48.12 -9.53699e-08
48.14 7.80379e-08
48.16 1.41375e-07
48.18 -1.85276e-08
48.2 -1.7554e-07
48.22 -1.02584e-07
48.24 7.33749e-08
48.26 9.20199e-08
48.28 -4.76771e-08
48.3 -1.0812e-07
48.32 3.76791e-08
48.34 1.96057e-07
48.36 1.31967e-07
48.38 -5.12365e-08
48.4 -7.18245e-08
48.42 9.1439e-08
48.44 1.7976e-07
48.46 6.12283e-08
48.48 -8.45406e-08
48.5 -6.66567e-08
48.52 4.51141e-08
48.54 4.6914e-08
48.56 -9.3372e-08
48.58 -1.77895e-07
48.6 -8.45804e-08
48.62 3.76622e-08
48.64 1.09008e-09
48.66 -1.22078e-07
48.68 -1.00111e-07
48.7 7.6096e-08
48.72 1.5826e-07
48.74 3.34037e-08
48.76 -9.30583e-08
48.78 -1.55519e-08
48.8 1.40333e-07
48.82 1.2413e-07
48.84 -3.42213e-08
48.86 -8.73138e-08
48.88 3.73059e-08
48.9 1.3748e-07
48.92 5.90401e-08
48.94 -7.2255e-08
48.96 -5.83589e-08
48.98 6.84058e-08
49 1.07083e-07
49.02 1.79954e-09
49.04 -7.9841e-08
49.06 -1.4169e-08
49.08 9.20042e-08
49.1 7.4314e-08
49.12 -2.24598e-08
49.14 -2.05588e-08
49.16 9.18548e-08
49.18 1.39063e-07
49.2 3.18297e-08
49.22 -7.67808e-08
49.24 -2.5789e-08
49.26 7.66999e-08
49.28 3.64909e-08
49.3 -9.76265e-08
49.32 -1.22767e-07
49.34 -3.85055e-09
49.36 8.21694e-08
49.38 1.26993e-08
49.4 -9.60945e-08
49.42 -6.40466e-08
49.44 6.59899e-08
49.46 9.8709e-08
49.48 -4.6309e-09
49.5 -8.13324e-08
49.52 -3.11249e-08
49.54 3.97368e-08
49.56 1.31151e-08
49.58 -6.12324e-08
49.6 -7.96778e-08
49.62 -5.03615e-08
49.64 -6.1589e-08
49.66 -1.34147e-07
49.68 -1.7679e-07
49.7 -1.30265e-07
49.72 -6.3028e-08
49.74 -5.38068e-08
49.76 -7.23645e-08
49.78 -4.1125e-08
49.8 2.45376e-08
49.82 2.8845e-08
49.84 -3.69594e-08
49.86 -5.54927e-08
49.88 3.26223e-08
49.9 1.15374e-07
49.92 7.23028e-08
49.94 -3.29314e-08
49.96 -5.4257e-08
49.98 1.074e-08
50 3.68735e-08
50.02 -3.09377e-08
50.04 -9.75904e-08
50.06 -5.36446e-08
50.08 5.54526e-08
50.1 7.4917e-08
50.12 -2.94046e-08
50.14 -1.10678e-07
50.16 -6.49207e-08
50.18 2.95182e-08
50.2 4.35169e-08
50.22 -3.4513e-08
50.24 -9.60837e-08
50.26 -5.45461e-08
50.28 3.2915e-08
50.3 4.3896e-08
50.32 -1.76989e-08
50.34 -3.05038e-08
50.36 3.50989e-08
50.38 7.22249e-08
50.4 2.64988e-08
50.42 -2.02233e-08
50.44 1.3411e-08
50.46 8.36963e-08
50.48 8.26816e-08
50.5 -3.46155e-09
50.52 -6.32862e-08
50.54 -1.78005e-08
50.56 6.73791e-08
50.58 7.83298e-08
50.6 1.71642e-08
50.62 -7.79188e-09
50.64 3.89409e-08
50.66 6.87932e-08
50.68 2.63825e-08
50.7 -2.05715e-08
50.72 4.27033e-10
50.74 4.96788e-08
50.76 4.0953e-08
50.78 -2.14099e-08
50.8 -4.57633e-08
50.82 -7.77441e-09
50.84 1.59018e-09
50.86 -6.01945e-08
50.88 -1.0655e-07
50.9 -7.28492e-08
50.92 -1.85464e-08
50.94 -2.2194e-08
50.96 -7.452e-08
50.98 -1.0486e-07
51 -7.32673e-08
51.02 -2.01635e-08
51.04 -1.40638e-08
51.06 -5.04959e-08
51.08 -5.655e-08
51.1 -1.37217e-08
51.12 1.63008e-08
51.14 -7.25649e-09
51.16 -5.38291e-08
51.18 -6.47476e-08
51.2 -2.32773e-08
51.22 1.78825e-08
51.24 6.18481e-09
51.26 -2.18383e-08
51.28 1.02795e-08
51.3 9.29937e-08
51.32 1.44304e-07
51.34 1.00356e-07
51.36 -5.01742e-08
51.38 -2.23669e-07
51.4 -2.81504e-07
51.42 -1.70459e-07
51.44 3.45658e-08
51.46 1.90887e-07
51.48 1.73003e-07
51.5 1.65229e-08
51.52 -5.38878e-08
51.54 6.80819e-08
51.56 1.78357e-07
51.58 8.63792e-08
51.6 -9.70703e-08
51.62 -1.39465e-07
51.64 3.76346e-09
51.66 1.48215e-07
51.68 1.34751e-07
51.7 2.91731e-08
51.72 1.13215e-09
51.74 7.19541e-08
51.76 1.01813e-07
51.78 1.54179e-08
51.8 -9.83876e-08
51.82 -1.24168e-07
51.84 -5.60051e-08
51.86 1.96931e-08
51.88 2.55189e-08
51.9 -2.25793e-08
51.92 -4.09745e-08
51.94 6.18817e-09
51.96 6.31583e-08
51.98 6.76431e-08
52 3.53072e-08
52.02 1.93735e-08
52.04 2.22337e-08
52.06 4.236e-09
52.08 -3.72992e-08
52.1 -5.00042e-08
52.12 -9.67971e-09
52.14 1.59566e-08
52.16 -2.45809e-08
52.18 -5.74721e-08
52.2 2.6812e-09
52.22 1.06385e-07
52.24 1.29327e-07
52.26 5.22084e-08
52.28 -1.12537e-08
52.3 1.55889e-08
52.32 6.83263e-08
52.34 4.36438e-08
52.36 -4.63089e-08
52.38 -8.56289e-08
52.4 -2.87625e-08
52.42 2.82104e-08
52.44 9.50796e-10
52.46 -4.34616e-08
52.48 -3.9309e-09
52.5 7.27511e-08
52.52 6.4946e-08
52.54 -2.91591e-08
52.56 -8.56163e-08
52.58 -4.5171e-08
52.6 4.53175e-10
52.62 -3.04e-08
52.64 -8.87156e-08
52.66 -8.55469e-08
52.68 -2.63714e-08
52.7 9.0683e-09
52.72 -6.12437e-09
52.74 -3.14878e-08
52.76 -3.36239e-08
52.78 -2.08114e-08
52.8 -2.14889e-08
52.82 -3.77317e-08
52.84 -4.19425e-08
52.86 -2.76486e-08
52.88 -2.41727e-08
52.9 -3.65907e-08
52.92 -2.60118e-08
52.94 1.09143e-08
52.96 1.50757e-08
52.98 -2.69142e-08
53 -4.35619e-08
53.02 4.09413e-09
53.04 5.51128e-08
53.06 4.21739e-08
53.08 -1.13392e-09
53.1 6.34575e-09
53.12 6.46224e-08
53.14 8.59667e-08
53.16 3.95169e-08
53.18 6.99235e-09
53.2 3.24486e-08
53.22 5.65801e-08
53.24 2.73967e-08
53.26 -2.1488e-08
53.28 -3.04334e-08
53.3 -6.43478e-09
53.32 -6.5188e-09
53.34 -4.98342e-08
53.36 -8.01505e-08
53.38 -4.73523e-08
53.4 1.96997e-09
53.42 -1.67203e-09
53.44 -3.58879e-08
53.46 -3.65988e-08
53.48 -4.80602e-09
53.5 9.11438e-09
53.52 -6.57453e-09
53.54 -1.30266e-08
53.56 7.78291e-09
53.58 2.4185e-08
53.6 6.20232e-09
53.62 -3.05284e-08
53.64 -4.78147e-08
53.66 -3.10621e-08
53.68 -8.96141e-09
53.7 -1.64683e-08
53.72 -3.16829e-08
53.74 -1.06156e-08
53.76 3.14741e-08
53.78 4.42953e-08
53.8 2.2087e-08
53.82 2.44678e-09
53.84 1.43555e-08
53.86 4.52265e-08
53.88 4.50821e-08
53.9 -2.77491e-09
53.92 -3.63472e-08
53.94 -4.49154e-09
53.96 4.4132e-08
53.98 3.70879e-08
54 -1.26968e-08
54.02 -3.24312e-08
54.04 4.26111e-09
54.06 4.55242e-08
54.08 4.03905e-08
54.1 5.87897e-09
54.12 2.65971e-09
54.14 3.97806e-08
54.16 5.08341e-08
54.18 9.79786e-09
54.2 -3.19839e-08
54.22 -4.34206e-08
54.24 -4.02119e-08
54.26 -4.08486e-08
54.28 -5.00895e-08
54.3 -4.98335e-08
54.32 -2.83822e-08
54.34 -1.19531e-08
54.36 -2.34815e-08
54.38 -4.55255e-08
54.4 -4.64855e-08
54.42 -2.1614e-08
54.44 7.83502e-09
54.46 2.34803e-08
54.48 2.48812e-08
54.5 2.29119e-08
54.52 2.93068e-08
54.54 3.98081e-08
54.56 3.46394e-08
54.58 1.04345e-08
54.6 -7.10499e-09
54.62 7.70434e-09
54.64 3.63553e-08
54.66 3.46992e-08
54.68 -6.62467e-09
54.7 -5.10855e-08
54.72 -5.51753e-08
54.74 -2.94723e-08
54.76 -3.03379e-08
54.78 -6.55026e-08
54.8 -8.20592e-08
54.82 -5.73695e-08
54.84 -1.91045e-08
54.86 3.6587e-09
54.88 9.80436e-09
54.9 2.35647e-08
54.92 4.83092e-08
54.94 5.49074e-08
54.96 4.31721e-08
54.98 4.42744e-08
55 5.20596e-08
55.02 3.58373e-08
55.04 2.75293e-09
55.06 -9.83816e-09
55.08 3.6677e-09
55.1 1.13201e-08
55.12 3.05641e-09
55.14 -6.78223e-09
55.16 -7.90679e-09
55.18 1.81057e-10
55.2 1.14525e-08
55.22 2.35669e-08
55.24 3.41978e-08
55.26 3.85337e-08
55.28 3.4889e-08
55.3 2.45437e-08
55.32 1.86916e-08
55.34 2.96199e-08
55.36 3.45328e-08
55.38 4.35951e-09
55.4 -3.00679e-08
55.42 -2.0918e-08
55.44 9.58328e-09
55.46 7.93971e-09
55.48 -2.34389e-08
55.5 -4.83665e-08
55.52 -4.66614e-08
55.54 -2.77055e-08
55.56 -1.64252e-08
55.58 -1.5962e-08
55.6 -1.49783e-08
55.62 -4.326e-09
55.64 7.31258e-09
55.66 -1.09078e-08
55.68 -4.83999e-08
55.7 -4.65213e-08
55.72 4.88879e-09
55.74 4.047e-08
55.76 1.44694e-08
55.78 -3.09113e-08
55.8 -2.44606e-08
55.82 3.08307e-08
55.84 5.63907e-08
55.86 2.08682e-08
55.88 4.58444e-09
55.9 7.12907e-08
55.92 1.29991e-07
55.94 2.48258e-08
55.96 -1.93339e-07
55.98 -2.6009e-07
56 -9.11446e-08
56.02 9.10082e-08
56.04 8.20946e-08
56.06 -5.95492e-08
56.08 -9.79546e-08
56.1 5.30722e-08
56.12 2.01027e-07
56.14 1.54192e-07
56.16 -2.48641e-08
56.18 -1.08059e-07
56.2 -2.13301e-08
56.22 5.80344e-08
56.24 1.96967e-10
56.26 -8.7609e-08
56.28 -5.72138e-08
56.3 6.14579e-08
56.32 1.15227e-07
56.34 4.67697e-08
56.36 -2.64043e-08
56.38 -1.013e-09
56.4 5.57335e-08
56.42 3.43976e-08
56.44 -2.6975e-08
56.46 -3.92226e-09
56.48 9.31704e-08
56.5 1.15466e-07
56.52 2.26631e-08
56.54 -4.27479e-08
56.56 1.70763e-08
56.58 1.02142e-07
56.6 6.11735e-08
56.62 -7.14377e-08
56.64 -1.15601e-07
56.66 -1.68335e-08
56.68 7.82316e-08
56.7 3.49808e-08
56.72 -7.69059e-08
56.74 -8.69283e-08
56.76 1.91201e-08
56.78 8.32813e-08
56.8 1.91177e-08
56.82 -5.91966e-08
56.84 -2.68686e-08
56.86 5.9171e-08
56.88 7.39795e-08
56.9 -2.6232e-09
56.92 -7.3758e-08
56.94 -5.27601e-08
56.96 1.02088e-09
56.98 -2.39487e-08
57 -1.01825e-07
57.02 -1.10589e-07
57.04 -3.91741e-08
57.06 -8.01629e-09
57.08 -5.83792e-08
57.1 -7.48481e-08
57.12 4.2471e-09
57.14 6.27812e-08
57.16 6.50386e-09
57.18 -7.70528e-08
57.2 -5.39147e-08
57.22 4.71415e-08
57.24 6.88337e-08
57.26 -3.09122e-08
57.28 -1.06095e-07
57.3 -3.92536e-08
57.32 7.70927e-08
57.34 7.27566e-08
57.36 -3.88689e-08
57.38 -7.48853e-08
57.4 3.04371e-08
57.42 1.20229e-07
57.44 6.34212e-08
57.46 -5.46933e-08
57.48 -7.21681e-08
57.5 1.88178e-08
57.52 7.91631e-08
57.54 2.80086e-08
57.56 -5.60268e-08
57.58 -5.35326e-08
57.6 2.59056e-08
57.62 6.72782e-08
57.64 2.15309e-08
57.66 -3.53307e-08
57.68 -2.21468e-08
57.7 2.91445e-08
57.72 3.19857e-08
57.74 -1.8492e-08
57.76 -4.49767e-08
57.78 -1.21477e-08
57.8 2.19874e-08
57.82 4.24427e-09
57.84 -2.98879e-08
57.86 -2.0043e-08
57.88 1.92286e-08
57.9 2.32003e-08
57.92 -1.51923e-08
57.94 -3.15473e-08
57.96 3.10059e-09
57.98 3.3122e-08
58 1.04645e-08
58.02 -2.87215e-08
58.04 -2.70693e-08
58.06 8.15924e-09
58.08 2.4394e-08
58.1 1.51565e-09
58.12 -2.22857e-08
58.14 -1.02949e-08
58.16 1.7904e-08
58.18 1.99937e-08
58.2 -4.07975e-09
58.22 -1.50364e-08
58.24 3.75107e-09
58.26 2.16204e-08
58.28 1.04874e-08
58.3 -1.15861e-08
58.32 -1.03786e-08
58.34 1.12597e-08
58.36 1.94774e-08
58.38 3.11891e-09
58.4 -1.04288e-08
58.42 2.35191e-10
58.44 1.7901e-08
58.46 1.53205e-08
58.48 -2.83688e-09
58.5 -8.78567e-09
58.52 5.74495e-09
58.54 1.78332e-08
58.56 9.14993e-09
58.58 -6.07434e-09
58.6 -4.11469e-09
58.62 1.12605e-08
58.64 1.58221e-08
58.66 3.37082e-09
58.68 -5.78717e-09
58.7 2.111e-09
58.72 1.37945e-08
58.74 1.12234e-08
58.76 -7.12792e-10
58.78 -3.2031e-09
58.8 6.94667e-09
58.82 1.34828e-08
58.84 6.70426e-09
58.86 -2.26212e-09
58.88 3.12861e-10
58.9 9.82059e-09
58.92 1.14745e-08
58.94 3.32232e-09
58.96 -1.6505e-09
58.98 3.87885e-09
59 1.08902e-08
59.02 8.72613e-09
59.04 1.29228e-09
59.06 1.99261e-10
59.08 6.71599e-09
59.1 1.053e-08
59.12 6.09082e-09
59.14 6.81709e-10
59.16 2.56674e-09
59.18 8.44486e-09
59.2 9.20307e-09
59.22 4.06572e-09
59.24 1.214e-09
59.26 4.83617e-09
59.28 9.06515e-09
59.3 7.50587e-09
59.32 2.92892e-09
59.34 2.47939e-09
59.36 6.5959e-09
59.38 8.79244e-09
59.4 5.91204e-09
59.42 2.6746e-09
59.44 4.02696e-09
59.46 7.65689e-09
59.48 7.96532e-09
59.5 4.74038e-09
59.52 3.12062e-09
59.54 5.48044e-09
59.56 8.02678e-09
59.58 6.93606e-09
59.6 4.13055e-09
59.62 3.99531e-09
59.64 6.59228e-09
59.66 7.85293e-09
59.68 5.99618e-09
59.7 4.06708e-09
59.72 5.01831e-09
59.74 7.25736e-09
59.76 7.35191e-09
59.78 5.3354e-09
59.8 4.4273e-09
59.82 5.96031e-09
59.84 7.4919e-09
59.86 6.74327e-09
59.88 5.03024e-09
59.9 5.03795e-09
59.92 6.67479e-09
59.94 7.39505e-09
59.96 6.20573e-09
59.98 1.79187e-09
