0.02 2.40663e-06
0.04 6.81753e-06
0.06 7.46189e-06
0.08 3.41305e-06
0.1 9.76969e-07
0.12 3.6527e-06
0.14 7.05996e-06
0.16 6.10404e-06
0.18 2.74997e-06
0.2 2.58462e-06
0.22 6.06894e-06
0.24 8.18944e-06
0.26 6.49524e-06
0.28 4.6974e-06
0.3 6.51188e-06
0.32 9.49211e-06
0.34 9.87113e-06
0.36 9.07275e-06
0.38 8.75408e-06
0.4 4.5953e-06
0.42 -5.81326e-06
0.44 -5.30939e-06
0.46 1.61353e-05
0.48 2.54814e-05
0.5 9.24203e-07
0.52 -2.4122e-05
0.54 -1.75658e-05
0.56 -5.17715e-06
0.58 -2.5434e-05
0.6 -4.6783e-05
0.62 -2.13082e-05
0.64 8.42408e-06
0.66 -1.03532e-05
0.68 -6.42201e-05
0.7 -9.39903e-05
0.72 -2.16181e-05
0.74 8.18627e-05
0.76 5.83015e-05
0.78 -3.13627e-05
0.8 8.52185e-06
0.82 0.000171741
0.84 0.000241895
0.86 0.00011725
0.88 -3.16909e-05
0.9 -2.00459e-05
0.92 9.48165e-05
0.94 0.000106483
0.96 -5.74411e-05
0.98 -0.000206554
1 -0.000142048
1.02 4.96147e-05
1.04 0.000100126
1.06 -7.51248e-05
1.08 -0.000251447
1.1 -0.00020467
1.12 -8.4747e-06
1.14 0.000101983
1.16 8.04442e-06
1.18 -0.000192133
1.2 -0.000208642
1.22 4.55528e-05
1.24 0.000190654
1.26 -2.60815e-05
1.28 -0.000298608
1.3 -0.000263733
1.32 3.02197e-05
1.34 0.000262151
1.36 0.000188481
1.38 -7.93751e-05
1.4 -0.000179276
1.42 6.88799e-06
1.44 0.000154962
1.46 -6.26908e-05
1.48 -0.000465724
1.5 -0.000559061
1.52 -0.000244903
1.54 1.28794e-05
1.56 -0.000140127
1.58 -0.000430958
1.6 -0.000357568
1.62 3.75793e-05
1.64 0.000213095
1.66 -3.76281e-05
1.68 -0.000301358
1.7 -0.000193238
1.72 7.95257e-05
1.74 5.34628e-05
1.76 -0.000225915
1.78 -0.00027842
1.8 -4.49729e-05
1.82 2.96356e-05
1.84 -0.000225817
1.86 -0.000417458
1.88 -0.000150249
1.9 0.000271356
1.92 0.000154294
1.94 -0.000433429
1.96 -0.000619947
1.98 -0.000117233
2 0.000228904
2.02 -0.000221439
2.04 -0.000836255
2.06 -0.000700596
2.08 -7.03387e-05
2.1 4.34822e-05
2.12 -0.0004905
2.14 -0.000740241
2.16 -0.00025965
2.18 0.000257295
2.2 0.000128452
2.22 -0.000376288
2.24 -0.000504052
2.26 -9.58077e-05
2.28 0.000129954
2.3 -0.000287457
2.32 -0.00074158
2.34 -0.000555242
2.36 -6.84382e-06
2.38 0.000122408
2.4 -0.000393383
2.42 -0.000836619
2.44 -0.000523847
2.46 9.73158e-05
2.48 0.000136777
2.5 -0.000313495
2.52 -0.000408339
2.54 2.81978e-05
2.56 0.000333272
2.58 0.000214312
2.6 0.000170651
2.62 0.000546329
2.64 0.000932741
2.66 0.000878607
2.68 0.000663644
2.7 0.000847295
2.72 0.00135252
2.74 0.00163066
2.76 0.00152327
2.78 0.00137452
2.8 0.00148104
2.82 0.00176409
2.84 0.00190085
2.86 0.00177725
2.88 0.00157661
2.9 0.00146323
2.92 0.00151787
2.94 0.00162928
2.96 0.00153912
2.98 0.0013216
3 0.00132816
3.02 0.00132166
3.04 0.000804914
3.06 0.000235477
3.08 0.000226289
3.1 0.000359846
3.12 1.18521e-05
3.14 -0.000649626
3.16 -0.00104444
3.18 -0.00105284
3.2 -0.00109645
3.22 -0.00145135
3.24 -0.00185939
3.26 -0.00192643
3.28 -0.00172432
3.3 -0.00158977
3.32 -0.00162387
3.34 -0.00162448
3.36 -0.00123653
3.38 -0.000566241
3.4 -0.000244953
3.42 -0.00040677
3.44 -0.000280041
3.46 0.000678875
3.48 0.00164458
3.5 0.0015079
3.52 0.000748815
3.54 0.000741794
3.56 0.00156283
3.58 0.00200101
3.6 0.00156245
3.62 0.00118288
3.64 0.00139933
3.66 0.00113646
3.68 4.18814e-05
3.7 -0.000432367
3.72 7.72596e-05
3.74 0.000129498
3.76 -0.000808974
3.78 -0.00148878
3.8 -0.00103451
3.82 -0.000397079
3.84 -0.000706537
3.86 -0.00150755
3.88 -0.00171748
3.9 -0.00123382
3.92 -0.000956437
3.94 -0.00141597
3.96 -0.00199836
3.98 -0.00174392
4 -0.000623875
4.02 4.21653e-05
4.04 -0.000603651
4.06 -0.00129752
4.08 -0.000586151
4.1 0.000721553
4.12 0.00090953
4.14 0.00011649
4.16 -7.4254e-05
4.18 0.000601644
4.2 0.00061861
4.22 -0.000516711
4.24 -0.00124413
4.26 -0.000671244
4.28 4.06522e-05
4.3 -0.000274978
4.32 -0.000757716
4.34 1.20039e-05
4.36 0.00113222
4.38 0.000770421
4.4 -0.000570581
4.42 -0.00095002
4.44 -4.79232e-05
4.46 0.00069838
4.48 0.000515227
4.5 -0.000167664
4.52 -0.00073013
4.54 -0.000622975
4.56 -8.89882e-06
4.58 0.000239808
4.6 -0.000195775
4.62 -0.000623817
4.64 -0.000200097
4.66 0.000739162
4.68 0.000922243
4.7 0.000233223
4.72 -1.01834e-05
4.74 0.000738306
4.76 0.00142181
4.78 0.000921259
4.8 -0.000324115
4.82 -0.000627625
4.84 0.000468801
4.86 0.00124641
4.88 0.000477801
4.9 -0.000636624
4.92 -0.000501947
4.94 0.000357706
4.96 0.00039694
4.98 -0.000495227
5 -0.00115124
5.02 -0.000979364
5.04 -0.000658364
5.06 -0.000764254
5.08 -0.000562825
5.1 0.000325815
5.12 0.000712052
5.14 3.23901e-05
5.16 -0.000526098
5.18 -2.75327e-06
5.2 0.000895901
5.22 0.000988251
5.24 0.000174759
5.26 -0.00076482
5.28 -0.000873184
5.3 2.63277e-05
5.32 0.000854519
5.34 0.000709685
5.36 4.03477e-05
5.38 -0.00015884
5.4 0.000255021
5.42 0.000529821
5.44 0.000356805
5.46 0.000253421
5.48 0.00047986
5.5 0.00065508
5.52 0.000498579
5.54 0.000222729
5.56 0.000108783
5.58 0.000141664
5.6 0.000149655
5.62 4.76845e-05
5.64 6.1764e-06
5.66 0.000175208
5.68 0.00024784
5.7 1.11073e-06
5.72 -0.000201407
5.74 -7.51109e-05
5.76 0.000108766
5.78 -2.0127e-05
5.8 -0.000335149
5.82 -0.000328619
5.84 1.96464e-05
5.86 9.1214e-05
5.88 -0.000320273
5.9 -0.000668786
5.92 -0.000447531
5.94 0.000209743
5.96 0.000588981
5.98 0.000352347
6 0.000126958
6.02 0.000386256
6.04 0.000711788
6.06 0.000702407
6.08 0.000447995
6.1 0.000199623
6.12 0.000275337
6.14 0.000653557
6.16 0.000804018
6.18 0.000277879
6.2 -0.000610041
6.22 -0.000881141
6.24 -0.000389034
6.26 -0.000224447
6.28 -0.000864556
6.3 -0.00129196
6.32 -0.000635685
6.34 0.000259042
6.36 0.000113571
6.38 -0.000678564
6.4 -0.000775895
6.42 -2.05858e-05
6.44 0.000471145
6.46 3.60058e-05
6.48 -0.000711381
6.5 -0.000915311
6.52 -0.000591114
6.54 -0.000475852
6.56 -0.000807101
6.58 -0.000817815
6.6 -0.000275926
6.62 -5.2063e-05
6.64 -0.000351531
6.66 -0.000281355
6.68 0.00039664
6.7 0.000728903
6.72 6.08382e-05
6.74 -0.000916106
6.76 -0.000976557
6.78 -6.6085e-05
6.8 0.000536195
6.82 3.8684e-05
6.84 -0.000690463
6.86 -0.000439236
6.88 0.000410817
6.9 0.000477055
6.92 -0.000439007
6.94 -0.00104044
6.96 -0.000448128
6.98 0.000531224
7 0.000596942
7.02 -0.000209655
7.04 -0.000633047
7.06 -4.67979e-05
7.08 0.000649332
7.1 0.000492184
7.12 -9.21611e-05
7.14 -0.000127523
7.16 0.000419497
7.18 0.000734609
7.2 0.000430304
7.22 6.99615e-05
7.24 0.000245556
7.26 0.000607094
7.28 0.000365227
7.3 -0.000299625
7.32 -0.000349132
7.34 0.000375242
7.36 0.000790586
7.38 0.000284981
7.4 -0.000328095
7.42 -0.000159348
7.44 0.00040388
7.46 0.000412273
7.48 -0.000213362
7.5 -0.000573658
7.52 -0.000153983
7.54 0.0003125
7.56 3.20652e-05
7.58 -0.000501461
7.6 -0.000300251
7.62 0.000488163
7.64 0.000788492
7.66 0.000343557
7.68 4.01093e-06
7.7 0.000230114
7.72 0.000481921
7.74 0.000251605
7.76 -3.43657e-05
7.78 0.000220155
7.8 0.000659615
7.82 0.000578162
7.84 2.74037e-05
7.86 -0.000372102
7.88 -0.000239481
7.9 0.000134867
7.92 0.000153716
7.94 -0.000204568
7.96 -0.000354187
7.98 -7.93988e-05
8 0.000165335
8.02 6.95528e-05
8.04 -8.56635e-05
8.06 2.65904e-06
8.08 0.000183637
8.1 0.000184725
8.12 4.22241e-05
8.14 -1.69055e-05
8.16 7.82322e-05
8.18 0.000211906
8.2 0.000294839
8.22 0.000280993
8.24 1.46761e-05
8.26 -0.000402241
8.28 -0.000418724
8.3 6.7306e-05
8.32 0.00041976
8.34 0.000240512
8.36 -0.000143622
8.38 -0.000198233
8.4 0.000138586
8.42 0.000397089
8.44 0.000187495
8.46 -0.000332795
8.48 -0.000544527
8.5 -0.000105904
8.52 0.000408709
8.54 0.000294187
8.56 -0.000154824
8.58 -0.000134053
8.6 0.0004201
8.62 0.000739039
8.64 0.000302532
8.66 -0.00025678
8.68 3.30033e-06
8.7 0.000737632
8.72 0.000816606
8.74 0.000128504
8.76 -0.000308981
8.78 7.29393e-05
8.8 0.000569734
8.82 0.000302772
8.84 -0.000446763
8.86 -0.000737284
8.88 -0.000278197
8.9 0.000300443
8.92 0.000224909
8.94 -0.000278529
8.96 -0.000314868
8.98 0.000118965
9 0.000251842
9.02 -0.000126793
9.04 -0.000463676
9.06 -0.000268089
9.08 0.00023677
9.1 0.000311656
9.12 -0.00024059
9.14 -0.000621628
9.16 -0.000291345
9.18 0.000101183
9.2 -0.000154713
9.22 -0.000670494
9.24 -0.000630502
9.26 -5.93498e-05
9.28 0.000239915
9.3 -4.36502e-05
9.32 -0.000296082
9.34 -1.80261e-05
9.36 0.00042514
9.38 0.000366868
9.4 -0.000168241
9.42 -0.00042657
9.44 -5.72579e-06
9.46 0.000484515
9.48 0.000245307
9.5 -0.000471196
9.52 -0.000628479
9.54 -1.44923e-05
9.56 0.000360503
9.58 -3.66553e-06
9.6 -0.000231425
9.62 0.000195844
9.64 0.000429191
9.66 -0.000145098
9.68 -0.000761002
9.7 -0.000565282
9.72 8.39786e-05
9.74 0.000345459
9.76 -8.12956e-05
9.78 -0.00074109
9.8 -0.000753597
9.82 -6.07662e-05
9.84 0.000332003
9.86 3.44912e-05
9.88 -0.000224624
9.9 7.16164e-05
9.92 0.000470026
9.94 0.000259823
9.96 -0.000334794
9.98 -0.000353575
10 0.000338859
10.02 0.000742168
10.04 0.000289329
10.06 -0.000285343
10.08 -0.000179748
10.1 0.000255698
10.12 0.000204898
10.14 -0.000355063
10.16 -0.000643106
10.18 -0.000219573
10.2 0.000283314
10.22 8.58632e-05
10.24 -0.000510645
10.26 -0.00060577
10.28 -7.97237e-05
10.3 0.000299575
10.32 8.14716e-05
10.34 -0.000273272
10.36 -0.000172246
10.38 0.000230289
10.4 0.00031912
10.42 1.22731e-05
10.44 -0.000130684
10.46 0.000138494
10.48 0.000386733
10.5 0.000258366
10.52 1.36547e-05
10.54 1.92111e-05
10.56 0.000107153
10.58 -1.04874e-05
10.6 -0.000118919
10.62 3.33271e-05
10.64 0.000217558
10.66 0.000156879
10.68 -5.24208e-05
10.7 -0.000178335
10.72 -0.000132084
10.74 -4.69439e-06
10.76 6.34182e-06
10.78 -0.000100913
10.8 -5.95394e-05
10.82 0.000170871
10.84 0.0002769
10.86 8.18332e-05
10.88 -0.000222335
10.9 -0.00028374
10.92 -2.31937e-05
10.94 0.000185425
10.96 4.66203e-05
10.98 -0.00019686
11 -0.000180149
11.02 1.23503e-05
11.04 4.22814e-05
11.06 -0.000116233
11.08 -0.000173272
11.1 -9.12361e-06
11.12 0.000182836
11.14 0.000212707
11.16 0.000123538
11.18 8.55465e-05
11.2 0.00015676
11.22 0.000232292
11.24 0.00016918
11.26 -4.21964e-05
11.28 -0.000195347
11.3 -0.000126463
11.32 1.93506e-05
11.34 -8.1737e-07
11.36 -0.000179251
11.38 -0.000280969
11.4 -0.000135305
11.42 0.000127612
11.44 0.000180101
11.46 -4.21661e-05
11.48 -0.000202198
11.5 -7.15356e-05
11.52 0.000131009
11.54 0.000117582
11.56 -2.67664e-05
11.58 -1.72444e-05
11.6 0.000178438
11.62 0.00030699
11.64 0.000215064
11.66 6.03245e-05
11.68 5.71996e-05
11.7 0.000154736
11.72 0.000149207
11.74 2.46174e-05
11.76 -6.87124e-05
11.78 -8.51295e-05
11.8 -0.000117001
11.82 -0.000212608
11.84 -0.000277389
11.86 -0.000219129
11.88 -0.000119294
11.9 -7.57902e-05
11.92 -1.66413e-05
11.94 0.000103384
11.96 0.00016064
11.98 7.76407e-05
12 -3.71187e-05
12.02 -3.429e-05
12.04 7.75168e-05
12.06 0.000132785
12.08 5.1731e-05
12.1 -4.75428e-05
12.12 -5.35863e-05
12.14 2.64271e-05
12.16 0.000127512
12.18 0.000148992
12.2 5.61156e-05
12.22 -4.50068e-05
12.24 -6.97108e-05
12.26 -7.21173e-05
12.28 -0.000125712
12.3 -0.000207346
12.32 -0.000240205
12.34 -0.000201695
12.36 -0.000143756
12.38 -0.000104314
12.4 -6.27574e-05
12.42 1.66009e-07
12.44 6.02965e-05
12.46 7.81056e-05
12.48 6.00309e-05
12.5 6.9115e-05
12.52 0.000125576
12.54 0.000155227
12.56 0.000107361
12.58 5.7936e-05
12.6 9.73092e-05
12.62 0.000180294
12.64 0.000181728
12.66 5.64379e-05
12.68 -7.7836e-05
12.7 -7.76301e-05
12.72 7.60958e-06
12.74 9.84522e-06
12.76 -9.9331e-05
12.78 -0.000180905
12.8 -0.000119697
12.82 4.98136e-05
12.84 0.000160193
12.86 8.21178e-05
12.88 -8.12507e-05
12.9 -0.00010272
12.92 5.27063e-05
12.94 0.000162414
12.96 6.27542e-05
12.98 -9.64151e-05
13 -8.1378e-05
13.02 5.96761e-05
13.04 8.98085e-05
13.06 -2.45416e-05
13.08 -7.35441e-05
13.1 3.89243e-05
13.12 0.000152066
13.14 0.000113124
13.16 -6.82098e-06
13.18 -5.01609e-05
13.2 4.67919e-06
13.22 6.16676e-05
13.24 5.97542e-05
13.26 2.82044e-05
13.28 1.02902e-06
13.3 -4.23457e-05
13.32 -9.50881e-05
13.34 -9.52576e-05
13.36 -2.4141e-05
13.38 5.67094e-05
13.4 6.57861e-05
13.42 -5.39812e-06
13.44 -5.2963e-05
13.46 -9.49858e-06
13.48 2.69996e-05
13.5 -3.25747e-05
13.52 -9.46357e-05
13.54 -4.74549e-05
13.56 3.55077e-05
13.58 1.37135e-05
13.6 -9.41548e-05
13.62 -0.00013472
13.64 -4.6788e-05
13.66 4.53446e-05
13.68 8.92857e-06
13.7 -0.000103754
13.72 -0.000129153
13.74 -2.71444e-05
13.76 7.66818e-05
13.78 8.12556e-05
13.8 3.39431e-05
13.82 3.09003e-05
13.84 7.14468e-05
13.86 6.81528e-05
13.88 -1.70804e-05
13.9 -9.40146e-05
13.92 -6.41403e-05
13.94 2.71694e-05
13.96 6.01628e-05
13.98 1.09812e-05
14 -3.23454e-05
14.02 1.79637e-05
14.04 0.000145513
14.06 0.000223862
14.08 0.000176817
14.1 8.33362e-05
14.12 1.7507e-05
14.14 -4.21454e-05
14.16 -7.8369e-05
14.18 -3.70181e-05
14.2 2.31227e-05
14.22 -2.50038e-05
14.24 -0.000160941
14.26 -0.000208622
14.28 -9.41305e-05
14.3 3.1129e-05
14.32 -2.68514e-06
14.34 -0.000152066
14.36 -0.000215034
14.38 -0.000104728
14.4 1.55967e-05
14.42 -3.66874e-05
14.44 -0.00018365
14.46 -0.000191813
14.48 -2.87078e-05
14.5 9.20662e-05
14.52 4.65401e-05
14.54 -3.54541e-05
14.56 -1.0441e-06
14.58 8.3685e-05
14.6 6.15667e-05
14.62 -2.43134e-05
14.64 1.14563e-05
14.66 0.000162316
14.68 0.000199956
14.7 -6.95028e-06
14.72 -0.000269615
14.74 -0.000273132
14.76 -2.22581e-05
14.78 0.000128085
14.8 -4.15541e-05
14.82 -0.000294263
14.84 -0.000247137
14.86 5.38965e-05
14.88 0.000153069
14.9 -0.000108182
14.92 -0.000283045
14.94 -3.78872e-05
14.96 0.000267042
14.98 0.000163935
15 -0.000168213
15.02 -0.000212624
15.04 6.26596e-05
15.06 0.000186881
15.08 -4.18074e-05
15.1 -0.000259693
15.12 -0.000118823
15.14 0.000205816
15.16 0.000282193
15.18 4.01699e-05
15.2 -0.000137781
15.22 1.48001e-06
15.24 0.000194487
15.26 9.17893e-05
15.28 -0.000187171
15.3 -0.000262688
15.32 -7.45481e-05
15.34 6.84643e-05
15.36 -2.38334e-05
15.38 -0.000158786
15.4 -8.57808e-05
15.42 0.000116946
15.44 0.000168881
15.46 5.09632e-06
15.48 -0.000145324
15.5 -9.51084e-05
15.52 6.6967e-05
15.54 0.000121216
15.56 2.25092e-05
15.58 -3.72758e-05
15.6 6.76016e-05
15.62 0.000184157
15.64 0.000116422
15.66 -6.75636e-05
15.68 -0.000123588
15.7 2.26467e-05
15.72 0.000169348
15.74 0.00013804
15.76 1.91092e-05
15.78 2.37499e-06
15.8 9.85571e-05
15.82 0.000144032
15.84 4.28088e-05
15.86 -8.48297e-05
15.88 -6.77374e-05
15.9 6.01674e-05
15.92 0.000112971
15.94 4.01359e-05
15.96 -4.54284e-06
15.98 7.89649e-05
16 0.000169952
16.02 0.000130797
16.04 2.27192e-05
16.06 -8.5709e-06
16.08 5.93338e-05
16.1 0.000112307
16.12 5.37806e-05
16.14 -6.10494e-05
16.16 -8.28444e-05
16.18 3.39969e-05
16.2 0.000148747
16.22 0.000114237
16.24 -1.15399e-05
16.26 -7.07387e-05
16.28 -3.57749e-05
16.3 2.23975e-05
16.32 6.09931e-05
16.34 5.67064e-05
16.36 3.65645e-07
16.38 -5.55647e-05
16.4 -4.55146e-05
16.42 -1.86261e-06
16.44 -1.54227e-05
16.46 -8.80842e-05
16.48 -0.000134519
16.5 -0.000132684
16.52 -0.000160032
16.54 -0.000240657
16.56 -0.000267902
16.58 -0.000170431
16.6 -5.93967e-05
16.62 -7.96785e-05
16.64 -0.000190875
16.66 -0.000223697
16.68 -6.36242e-05
16.7 0.000236316
16.72 0.000432053
16.74 0.000392108
16.76 0.000338938
16.78 0.00047064
16.8 0.000627908
16.82 0.000589195
16.84 0.000361718
16.86 3.16767e-05
16.88 -0.000196233
16.9 -4.14621e-05
16.92 0.000254304
16.94 0.000133681
16.96 -0.000294637
16.98 -0.000400258
17 -6.83611e-05
17.02 0.000155646
17.04 -7.02943e-05
17.06 -0.000409771
17.08 -0.00039053
17.1 -0.000123302
17.12 -0.000126842
17.14 -0.00047974
17.16 -0.000634309
17.18 -0.00027766
17.2 7.89428e-05
17.22 -0.000132878
17.24 -0.000548287
17.26 -0.000445904
17.28 2.39229e-05
17.3 0.000123477
17.32 -0.000233331
17.34 -0.000376227
17.36 4.77764e-05
17.38 0.000543503
17.4 0.000529714
17.42 0.000206551
17.44 0.000215215
17.46 0.00060947
17.48 0.000755954
17.5 0.000363853
17.52 -2.75995e-06
17.54 0.000166657
17.56 0.000447638
17.58 0.000197401
17.6 -0.000326769
17.62 -0.000423203
17.64 -9.17897e-05
17.66 5.14922e-05
17.68 -0.000233083
17.7 -0.00050987
17.72 -0.000407739
17.74 -0.000167097
17.76 -0.000186602
17.78 -0.000392249
17.8 -0.000419175
17.82 -0.000201982
17.84 -1.24612e-06
17.86 1.62503e-05
17.88 -6.46764e-05
17.9 -7.19791e-05
17.92 4.32898e-05
17.94 0.000165885
17.96 0.000203814
17.98 0.000209807
18 0.000245812
18.02 0.000266025
18.04 0.000220233
18.06 0.000157943
18.08 0.000113788
18.1 1.05712e-05
18.12 -0.000146785
18.14 -0.000191814
18.16 -8.55113e-05
18.18 -1.59957e-05
18.2 -0.000115327
18.22 -0.000295259
18.24 -0.000405538
18.26 -0.000427364
18.28 -0.000440909
18.3 -0.000457617
18.32 -0.00035433
18.34 -1.84869e-05
18.36 0.000350404
18.38 0.000389929
18.4 0.000201479
18.42 0.00024016
18.44 0.000562848
18.46 0.00077056
18.48 0.000546319
18.5 2.65387e-05
18.52 -0.000226717
18.54 8.66387e-05
18.56 0.000438988
18.58 0.000224849
18.6 -0.00029564
18.62 -0.000434848
18.64 -9.41903e-05
18.66 0.000145666
18.68 -0.000104948
18.7 -0.000496227
18.72 -0.000494532
18.74 -0.000183999
18.76 -0.000113204
18.78 -0.000441333
18.8 -0.000616838
18.82 -0.000137607
18.84 0.000531218
18.86 0.000548731
18.88 0.000102465
18.9 8.33803e-05
18.92 0.00059885
18.94 0.000898886
18.96 0.000593865
18.98 0.000169183
19 0.000159132
19.02 0.000382716
19.04 0.000356926
19.06 8.66954e-06
19.08 -0.000286449
19.1 -0.000202955
19.12 6.50603e-05
19.14 3.61011e-05
19.16 -0.000310859
19.18 -0.000465052
19.2 -0.000229106
19.22 -7.20932e-05
19.24 -0.000341467
19.26 -0.000634406
19.28 -0.000420638
19.3 4.14615e-05
19.32 0.000104729
19.34 -0.000231968
19.36 -0.000400615
19.38 -0.000155208
19.4 0.000126305
19.42 5.5115e-05
19.44 -0.000166235
19.46 -5.95497e-05
19.48 0.000338601
19.5 0.000492681
19.52 0.000201277
19.54 -8.8234e-05
19.56 4.63048e-05
19.58 0.000371375
19.6 0.000325245
19.62 -9.42923e-05
19.64 -0.000212449
19.66 0.000214513
19.68 0.000455954
19.7 -3.37767e-06
19.72 -0.000550171
19.74 -0.000403564
19.76 0.000182954
19.78 0.000329699
19.8 -0.000188667
19.82 -0.000623948
19.84 -0.000346516
19.86 0.000233936
19.88 0.000350108
19.9 1.54446e-06
19.92 -0.00017458
19.94 0.000125802
19.96 0.000453898
19.98 0.000291001
20 -0.00012363
20.02 -0.000150142
20.04 0.000246353
20.06 0.000465358
20.08 0.000156468
20.1 -0.000364897
20.12 -0.00055253
20.14 -0.000275343
20.16 9.45708e-05
20.18 0.000201184
20.2 3.72248e-06
20.22 -0.000272478
20.24 -0.000303958
20.26 -4.68186e-05
20.28 0.000117795
20.3 -8.77112e-05
20.32 -0.000307681
20.34 -0.000101004
20.36 0.000224598
20.38 0.000159528
20.4 -8.94097e-05
20.42 -1.87783e-05
20.44 0.000334302
20.46 0.000502638
20.48 0.000291408
20.5 -2.39438e-05
20.52 -0.000103889
20.54 1.50334e-05
20.56 -6.65892e-07
20.58 -7.64118e-05
20.6 0.000105627
20.62 0.000207148
20.64 -0.000174107
20.66 -0.000591684
20.68 -0.000542958
20.7 -0.000151551
20.72 0.000215911
20.74 0.00018537
20.76 -0.000241971
20.78 -0.000428545
20.8 -4.99025e-05
20.82 0.000254089
20.84 -5.06691e-05
20.86 -0.000437975
20.88 -0.000149892
20.9 0.000520364
20.92 0.000641291
20.94 0.000138998
20.96 -0.000128701
20.98 0.000269209
21 0.000666854
21.02 0.000290838
21.04 -0.0004086
21.06 -0.000367307
21.08 0.0003457
21.1 0.00061066
21.12 -1.95224e-05
21.14 -0.00065757
21.16 -0.000377855
21.18 0.000388247
21.2 0.000438016
21.22 -0.000355497
21.24 -0.000834156
21.26 -0.000360053
21.28 0.000258589
21.3 8.24693e-05
21.32 -0.000518612
21.34 -0.000450542
21.36 0.000360194
21.38 0.000778289
21.4 0.000302843
21.42 -0.000215707
21.44 -0.000122183
21.46 0.000268932
21.48 0.000427502
21.5 0.0001324
21.52 -0.000317263
21.54 -0.00039348
21.56 -0.000154715
21.58 -0.000127428
21.6 -0.000348153
21.62 -0.000330819
21.64 -7.99549e-06
21.66 0.000126153
21.68 -0.000117028
21.7 -0.000278838
21.72 2.19332e-05
21.74 0.000410986
21.76 0.000251304
21.78 -0.000318576
21.8 -0.000469869
21.82 3.48273e-05
21.84 0.000400231
21.86 4.64961e-05
21.88 -0.000459647
21.9 -0.000317492
21.92 0.000268218
21.94 0.000453715
21.96 3.95379e-05
21.98 -0.000281365
22 -8.13208e-07
22.02 0.000456938
22.04 0.000426182
22.06 -2.04142e-05
22.08 -0.000282421
22.1 -0.000112566
22.12 0.000125319
22.14 3.47284e-05
22.16 -0.000231347
22.18 -0.000237443
22.2 2.4863e-05
22.22 0.000148579
22.24 -2.07642e-05
22.26 -0.000186348
22.28 -8.88169e-05
22.3 0.000123151
22.32 0.000150308
22.34 1.12872e-05
22.36 -1.96487e-05
22.38 0.000136009
22.4 0.000261948
22.42 0.000192874
22.44 4.4954e-05
22.46 3.12077e-05
22.48 0.000158377
22.5 0.000204581
22.52 4.11206e-05
22.54 -0.00014378
22.56 -0.000117503
22.58 4.24569e-05
22.6 8.01766e-05
22.62 -5.48776e-05
22.64 -0.00015657
22.66 -8.39214e-05
22.68 3.40658e-05
22.7 4.88709e-06
22.72 -0.00012938
22.74 -0.000162108
22.76 -5.54167e-05
22.78 1.40258e-06
22.8 -9.07515e-05
22.82 -0.000172645
22.84 -8.07899e-05
22.86 8.0394e-05
22.88 9.33322e-05
22.9 -3.6275e-05
22.92 -9.79003e-05
22.94 7.83948e-06
22.96 0.000135261
22.98 0.000116809
23 -3.05139e-07
23.02 -4.76994e-05
23.04 1.05618e-05
23.06 4.46007e-05
23.08 -3.21981e-05
23.1 -0.000126653
23.12 -9.84576e-05
23.14 1.7773e-05
23.16 4.46005e-05
23.18 -5.95473e-05
23.2 -0.000114127
23.22 1.87878e-06
23.24 0.000143843
23.26 0.000125957
23.28 1.41584e-05
23.3 1.36005e-06
23.32 9.38818e-05
23.34 0.000123593
23.36 2.52015e-05
23.38 -7.62511e-05
23.4 -8.28231e-05
23.42 -6.34995e-05
23.44 -9.5662e-05
23.46 -0.000120065
23.48 -5.95647e-05
23.5 1.78454e-05
23.52 -5.47618e-06
23.54 -8.80584e-05
23.56 -8.02478e-05
23.58 3.89647e-05
23.6 0.000122542
23.62 7.11208e-05
23.64 -2.23265e-05
23.66 -1.88872e-05
23.68 6.78705e-05
23.7 0.000121145
23.72 8.48237e-05
23.74 1.13618e-05
23.76 -1.41968e-05
23.78 1.84207e-05
23.8 4.07117e-05
23.82 1.78569e-05
23.84 -1.24409e-05
23.86 -2.55815e-05
23.88 -4.12031e-05
23.9 -5.84822e-05
23.92 -3.94161e-05
23.94 5.70147e-06
23.96 -4.48868e-06
23.98 -7.92487e-05
24 -0.000105555
24.02 -7.16145e-06
24.04 0.000139248
24.06 0.000168951
24.08 4.46814e-05
24.1 -6.68836e-05
24.12 -4.51246e-05
24.14 2.8821e-05
24.16 4.61301e-05
24.18 9.85079e-06
24.2 -3.61292e-05
24.22 -6.01332e-05
24.24 -4.24735e-05
24.26 1.14491e-06
24.28 4.14075e-05
24.3 5.80806e-05
24.32 3.32158e-05
24.34 -3.32137e-05
24.36 -9.70785e-05
24.38 -9.72879e-05
24.4 -4.12768e-05
24.42 -9.21335e-07
24.44 -1.86444e-06
24.46 -7.62609e-07
24.48 1.65818e-05
24.5 1.061e-05
24.52 -2.39486e-05
24.54 -4.05445e-05
24.56 -1.27789e-05
24.58 3.29036e-05
24.6 4.75202e-05
24.62 1.88889e-05
24.64 -1.38313e-06
24.66 3.16565e-05
24.68 7.4635e-05
24.7 4.57109e-05
24.72 -4.47546e-05
24.74 -8.31322e-05
24.76 -1.59724e-05
24.78 6.85704e-05
24.8 7.59519e-05
24.82 2.64798e-05
24.84 1.13427e-05
24.86 6.19322e-05
24.88 9.96758e-05
24.9 5.93687e-05
24.92 3.81542e-06
24.94 2.18094e-05
24.96 8.07011e-05
24.98 8.49978e-05
25 2.72522e-05
25.02 -7.28646e-06
25.04 2.77335e-05
25.06 7.47235e-05
25.08 5.922e-05
25.1 -3.23494e-06
25.12 -2.44037e-05
25.14 3.0324e-05
25.16 8.02265e-05
25.18 4.63879e-05
25.2 -2.66202e-05
25.22 -4.46434e-05
25.24 -4.7473e-06
25.26 9.71549e-06
25.28 -4.45064e-05
25.3 -0.000108922
25.32 -0.000110528
25.34 -5.15173e-05
25.36 8.58366e-06
25.38 1.57074e-05
25.4 -2.59751e-05
25.42 -5.28055e-05
25.44 -2.46419e-05
25.46 1.30226e-05
25.48 -2.47106e-06
25.5 -5.22614e-05
25.52 -5.8726e-05
25.54 -3.38643e-06
25.56 4.2417e-05
25.58 2.7825e-05
25.6 -3.99105e-06
25.62 1.28214e-05
25.64 6.30749e-05
25.66 7.29664e-05
25.68 2.18984e-05
25.7 -2.64925e-05
25.72 -1.20732e-05
25.74 3.22846e-05
25.76 2.24412e-05
25.78 -4.18086e-05
25.8 -6.96846e-05
25.82 -2.58197e-05
25.84 2.05795e-05
25.86 1.32864e-05
25.88 -1.8993e-05
25.9 -2.8876e-05
25.92 -1.80377e-05
25.94 -1.51129e-05
25.96 -2.51076e-05
25.98 -3.36407e-05
26 -3.93883e-05
26.02 -5.03766e-05
26.04 -6.31473e-05
26.06 -5.98146e-05
26.08 -3.08237e-05
26.1 -5.17016e-06
26.12 -2.39259e-05
26.14 -6.86441e-05
26.16 -7.35052e-05
26.18 -2.49078e-05
26.2 1.5555e-05
26.22 2.41088e-06
26.24 -3.29146e-05
26.26 -3.11253e-05
26.28 1.02731e-05
26.3 3.07623e-05
26.32 -5.48482e-08
26.34 -3.26742e-05
26.36 -2.20715e-05
26.38 1.79165e-06
26.4 -7.94173e-06
26.42 -4.01059e-05
26.44 -4.91638e-05
26.46 -2.32207e-05
26.48 1.06966e-05
26.5 2.49847e-05
26.52 1.01307e-05
26.54 -1.6785e-05
26.56 -2.21205e-05
26.58 9.81862e-06
26.6 5.59371e-05
26.62 7.17888e-05
26.64 4.15685e-05
26.66 1.90135e-06
26.68 -1.95092e-06
26.7 2.68575e-05
26.72 3.82509e-05
26.74 6.45321e-06
26.76 -2.87366e-05
26.78 -2.76162e-05
26.8 -5.88143e-06
26.82 -1.87031e-06
26.84 -2.64511e-05
26.86 -4.83746e-05
26.88 -4.01572e-05
26.9 -2.21103e-05
26.92 -1.98717e-05
26.94 -1.89525e-05
26.96 1.30269e-06
26.98 2.13902e-05
27 5.65973e-06
27.02 -2.69969e-05
27.04 -1.84229e-05
27.06 2.59657e-05
27.08 3.36103e-05
27.1 -1.69668e-05
27.12 -5.25664e-05
27.14 -1.48606e-05
27.16 4.38112e-05
27.18 3.44681e-05
27.2 -3.34106e-05
27.22 -6.44719e-05
27.24 -1.91184e-05
27.26 2.99566e-05
27.28 1.23429e-05
27.3 -3.62203e-05
27.32 -3.64025e-05
27.34 1.70165e-05
27.36 5.33928e-05
27.38 3.25939e-05
27.4 -3.5275e-06
27.42 -1.94213e-06
27.44 3.38162e-05
27.46 5.62484e-05
27.48 3.31479e-05
27.5 -8.68524e-06
27.52 -2.38955e-05
27.54 -1.74806e-05
27.56 -2.50982e-05
27.58 -5.10864e-05
27.6 -6.54487e-05
27.62 -5.38803e-05
27.64 -4.35344e-05
27.66 -5.57309e-05
27.68 -6.70703e-05
27.7 -4.92114e-05
27.72 -1.10147e-05
27.74 2.04978e-05
27.76 3.67005e-05
27.78 4.64893e-05
27.8 5.4092e-05
27.82 5.64116e-05
27.84 5.32782e-05
27.86 4.5826e-05
27.88 3.0279e-05
27.9 9.22461e-06
27.92 -4.00485e-06
27.94 -4.42356e-06
27.96 1.58701e-06
27.98 5.71581e-06
28 -1.68635e-07
28.02 -9.43919e-06
28.04 -7.29172e-06
28.06 -1.45946e-06
28.08 -9.49449e-06
28.1 -2.80258e-05
28.12 -3.03912e-05
28.14 -3.51121e-06
28.16 1.54617e-05
28.18 -5.38793e-06
28.2 -2.45845e-05
28.22 5.2441e-06
28.24 5.36088e-05
28.26 6.70217e-05
28.28 5.15585e-05
28.3 5.13453e-05
28.32 7.71326e-05
28.34 8.93638e-05
28.36 2.65526e-05
28.38 -0.000103525
28.4 -0.000167607
28.42 -7.00617e-05
28.44 7.20513e-05
28.46 5.80073e-05
28.48 -9.30955e-05
28.5 -0.000146699
28.52 -1.03176e-05
28.54 0.000129201
28.56 9.57388e-05
28.58 -2.98552e-05
28.6 -6.18215e-05
28.62 9.05877e-06
28.64 4.51925e-05
28.66 7.61468e-06
28.68 -8.55879e-06
28.7 4.09465e-05
28.72 7.74021e-05
28.74 2.42597e-05
28.76 -7.45927e-05
28.78 -9.70194e-05
28.8 -1.61896e-06
28.82 8.95159e-05
28.84 4.20631e-05
28.86 -7.60284e-05
28.88 -7.83065e-05
28.9 4.79285e-05
28.92 0.000123487
28.94 6.01069e-05
28.96 -2.28157e-05
28.98 -6.58878e-06
29 4.77515e-05
29.02 2.71946e-05
29.04 -2.82616e-05
29.06 -3.50946e-06
29.08 7.31396e-05
29.1 6.83181e-05
29.12 -3.11397e-05
29.14 -9.20896e-05
29.16 -4.15053e-05
29.18 2.75093e-05
29.2 6.79142e-06
29.22 -6.31293e-05
29.24 -7.30395e-05
29.26 -1.91444e-05
29.28 1.36728e-05
29.3 -7.53901e-06
29.32 -3.67788e-05
29.34 -3.39575e-05
29.36 -1.02696e-05
29.38 7.54924e-06
29.4 1.48844e-05
29.42 1.62726e-05
29.44 1.01266e-05
29.46 3.71859e-07
29.48 -3.42576e-07
29.5 9.00337e-06
29.52 1.29044e-05
29.54 -1.4524e-06
29.56 -3.38974e-05
29.58 -6.25945e-05
29.6 -5.2974e-05
29.62 -8.45575e-06
29.64 1.129e-05
29.66 -2.76678e-05
29.68 -6.95078e-05
29.7 -5.28542e-05
29.72 -6.68834e-06
29.74 1.62971e-08
29.76 -3.46362e-05
29.78 -4.40102e-05
29.8 -2.67826e-06
29.82 3.23621e-05
29.84 1.98521e-05
29.86 -3.98919e-06
29.88 6.94161e-06
29.9 3.83505e-05
29.92 4.94472e-05
29.94 3.54094e-05
29.96 2.11871e-05
29.98 1.60618e-05
30 1.39677e-06
30.02 -3.14489e-05
30.04 -5.57186e-05
30.06 -4.77768e-05
30.08 -3.07937e-05
30.1 -3.67326e-05
30.12 -4.71296e-05
30.14 -2.3411e-05
30.16 2.32803e-05
30.18 4.30573e-05
30.2 2.24204e-05
30.22 -1.83755e-07
30.24 6.78502e-06
30.26 3.25515e-05
30.28 4.75083e-05
30.3 4.30111e-05
30.32 3.82952e-05
30.34 4.14475e-05
30.36 3.60767e-05
30.38 1.77619e-05
30.4 1.31688e-06
30.42 -5.2438e-06
30.44 -1.60643e-05
30.46 -4.578e-05
30.48 -7.40835e-05
30.5 -6.44671e-05
30.52 -1.90079e-05
30.54 1.30397e-05
30.56 -1.7684e-06
30.58 -2.94574e-05
30.6 -1.69839e-05
30.62 2.89028e-05
30.64 5.56036e-05
30.66 4.21839e-05
30.68 2.1355e-05
30.7 2.80113e-05
30.72 5.01106e-05
30.74 4.06324e-05
30.76 -6.82907e-06
30.78 -3.12328e-05
30.8 -1.63725e-06
30.82 2.64807e-05
30.84 6.948e-06
30.86 -2.53671e-05
30.88 -1.69303e-05
30.9 2.89726e-05
30.92 6.23923e-05
30.94 4.94455e-05
30.96 1.17859e-05
30.98 -2.05848e-06
31 1.36491e-05
31.02 1.56296e-05
31.04 -1.18619e-05
31.06 -3.15383e-05
31.08 -2.3046e-05
31.1 -1.32885e-05
31.12 -1.74779e-05
31.14 -1.22163e-05
31.16 1.35752e-05
31.18 3.12169e-05
31.2 1.75971e-05
31.22 -6.19125e-06
31.24 -4.07355e-06
31.26 2.39041e-05
31.28 3.80066e-05
31.3 1.4787e-05
31.32 -1.30338e-05
31.34 -2.8306e-06
31.36 3.16953e-05
31.38 3.76018e-05
31.4 6.90996e-06
31.42 -5.82785e-06
31.44 2.21127e-05
31.46 4.0963e-05
31.48 1.66283e-05
31.5 -1.88751e-05
31.52 -2.63067e-05
31.54 -1.09667e-05
31.56 -4.10356e-06
31.58 -1.82429e-05
31.6 -3.23048e-05
31.62 -2.33382e-05
31.64 -5.63605e-06
31.66 -1.1976e-05
31.68 -3.83262e-05
31.7 -4.86033e-05
31.72 -3.15728e-05
31.74 -1.33667e-05
31.76 -1.5561e-05
31.78 -2.72847e-05
31.8 -2.49457e-05
31.82 -1.00007e-05
31.84 -5.47961e-06
31.86 -1.1284e-05
31.88 -2.94e-06
31.9 1.89102e-05
31.92 2.43703e-05
31.94 6.03491e-06
31.96 -3.79348e-06
31.98 1.62186e-05
32 3.78154e-05
32.02 2.38443e-05
32.04 -1.41008e-05
32.06 -3.10183e-05
32.08 -1.41526e-05
32.1 1.85465e-06
32.12 -1.16023e-05
32.14 -3.93543e-05
32.16 -4.51149e-05
32.18 -2.11023e-05
32.2 -9.35042e-07
32.22 -1.25772e-05
32.24 -3.70496e-05
32.26 -3.76503e-05
32.28 -1.46562e-05
32.3 -3.08103e-06
32.32 -2.08845e-05
32.34 -4.44305e-05
32.36 -4.17833e-05
32.38 -1.91293e-05
32.4 -1.33404e-05
32.42 -3.3001e-05
32.44 -4.47118e-05
32.46 -2.76311e-05
32.48 -2.90745e-06
32.5 -2.99277e-06
32.52 -2.83305e-05
32.54 -4.12879e-05
32.56 -1.59102e-05
32.58 1.73759e-05
32.6 1.23497e-05
32.62 -1.82337e-05
32.64 -1.82391e-05
32.66 2.28363e-05
32.68 5.05366e-05
32.7 2.82682e-05
32.72 -9.391e-06
32.74 -1.30854e-05
32.76 4.7104e-06
32.78 -3.61891e-06
32.8 -3.51908e-05
32.82 -4.23626e-05
32.84 -1.03715e-05
32.86 2.24723e-05
32.88 2.39403e-05
32.9 1.50274e-05
32.92 2.82378e-05
32.94 4.88334e-05
32.96 4.14642e-05
32.98 1.16163e-05
33 -4.57632e-06
33.02 2.54578e-06
33.04 8.28306e-06
33.06 -2.30496e-06
33.08 -1.43292e-05
33.1 -1.25608e-05
33.12 -6.49133e-06
33.14 -1.02453e-05
33.16 -1.60287e-05
33.18 -1.16387e-05
33.2 -1.38184e-06
33.22 6.09417e-06
33.24 6.77247e-06
33.26 1.74158e-06
33.28 -4.44391e-06
33.3 -1.20811e-05
33.32 -1.88151e-05
33.34 -9.9636e-06
33.36 1.71584e-05
33.38 3.41897e-05
33.4 1.65875e-05
33.42 -1.52526e-05
33.44 -1.77381e-05
33.46 1.34605e-05
33.48 2.99914e-05
33.5 7.53163e-07
33.52 -3.56826e-05
33.54 -3.05252e-05
33.56 2.59124e-06
33.58 1.87186e-05
33.6 7.17279e-06
33.62 -6.88693e-06
33.64 -5.28701e-06
33.66 -4.83064e-07
33.68 -1.31424e-05
33.7 -3.47331e-05
33.72 -3.49551e-05
33.74 -1.34328e-05
33.76 -3.91698e-06
33.78 -1.29323e-05
33.8 -7.05635e-06
33.82 2.34151e-05
33.84 4.19036e-05
33.86 2.75613e-05
33.88 9.59195e-06
33.9 1.91711e-05
33.92 4.31958e-05
33.94 4.57623e-05
33.96 2.26446e-05
33.98 1.01889e-05
34 2.87623e-05
34.02 4.59199e-05
34.04 2.77038e-05
34.06 -3.51616e-06
34.08 -8.61667e-06
34.1 4.31361e-06
34.12 4.8378e-06
34.14 -1.05154e-05
34.16 -2.23234e-05
34.18 -1.68349e-05
34.2 -2.35452e-06
34.22 2.57378e-06
34.24 -7.30131e-06
34.26 -1.8586e-05
34.28 -1.59338e-05
34.3 -2.26801e-07
34.32 1.0284e-05
34.34 1.53227e-06
34.36 -1.21851e-05
34.38 -6.62734e-07
34.4 3.40983e-05
34.42 5.14103e-05
34.44 3.3725e-05
34.46 1.3567e-05
34.48 1.97972e-05
34.5 3.18551e-05
34.52 1.51086e-05
34.54 -2.08922e-05
34.56 -3.54594e-05
34.58 -1.576e-05
34.6 9.17647e-06
34.62 1.28761e-05
34.64 2.10702e-06
34.66 -3.24359e-06
34.68 1.18029e-07
34.7 -4.88452e-07
34.72 -1.1481e-05
34.74 -2.37084e-05
34.76 -2.6722e-05
34.78 -1.98534e-05
34.8 -9.02236e-06
34.82 -2.47071e-06
34.84 -3.8731e-07
34.86 7.12569e-06
34.88 1.73883e-05
34.9 1.64842e-05
34.92 1.04408e-05
34.94 1.75991e-05
34.96 3.47239e-05
34.98 4.10223e-05
35 2.60438e-05
35.02 3.65558e-06
35.04 -1.88526e-06
35.06 8.88567e-06
35.08 7.13989e-06
35.1 -1.75485e-05
35.12 -3.70232e-05
35.14 -3.26633e-05
35.16 -2.64182e-05
35.18 -3.74041e-05
35.2 -4.69353e-05
35.22 -2.99046e-05
35.24 1.9832e-06
35.26 1.23431e-05
35.28 -7.47372e-06
35.3 -2.38042e-05
35.32 -7.26129e-06
35.34 2.02887e-05
35.36 1.42858e-05
35.38 -1.71875e-05
35.4 -2.00743e-05
35.42 1.79502e-05
35.44 4.68282e-05
35.46 2.87306e-05
35.48 -8.30074e-06
35.5 -1.26317e-05
35.52 1.06135e-05
35.54 1.03986e-05
35.56 -2.24051e-05
35.58 -4.51711e-05
35.6 -3.84523e-05
35.62 -2.85189e-05
35.64 -3.48455e-05
35.66 -4.10548e-05
35.68 -2.89468e-05
35.7 -1.23169e-05
35.72 -1.09181e-05
35.74 -1.88729e-05
35.76 -2.42403e-05
35.78 -1.87385e-05
35.8 8.05075e-06
35.82 3.62226e-05
35.84 2.1516e-05
35.86 -2.30369e-05
35.88 -3.24096e-05
35.9 -1.39413e-06
35.92 9.03193e-06
35.94 -9.96013e-06
35.96 3.38449e-06
35.98 5.24789e-05
36 5.22167e-05
36.02 -1.56315e-05
36.04 -4.9745e-05
36.06 1.31097e-06
36.08 5.68246e-05
36.1 4.64126e-05
36.12 9.46184e-06
36.14 1.04893e-06
36.16 3.49077e-06
36.18 -1.66494e-06
36.2 1.3293e-05
36.22 4.28478e-05
36.24 4.14961e-05
36.26 1.1126e-06
36.28 -4.3033e-05
36.3 -5.75668e-05
36.32 -4.44014e-05
36.34 -3.67355e-05
36.36 -4.45584e-05
36.38 -4.07118e-05
36.4 -1.41265e-05
36.42 1.58696e-05
36.44 2.82757e-05
36.46 9.5529e-06
36.48 -2.24483e-05
36.5 -2.82814e-06
36.52 8.71881e-05
36.54 0.000146654
36.56 8.89713e-05
36.58 -6.50755e-06
36.6 -3.16428e-06
36.62 7.65276e-05
36.64 7.95639e-05
36.66 -2.18205e-05
36.68 -7.77756e-05
36.7 -2.94838e-05
36.72 -4.91307e-06
36.74 -6.09069e-05
36.76 -6.80723e-05
36.78 3.16669e-05
36.8 7.51411e-05
36.82 -4.09394e-05
36.84 -0.00014204
36.86 -5.86486e-05
36.88 7.53733e-05
36.9 3.30975e-05
36.92 -0.000134957
36.94 -0.000176526
36.96 -2.4916e-05
36.98 0.000132018
37 0.000120202
37.02 -1.90499e-05
37.04 -7.72433e-05
37.06 5.27568e-05
37.08 0.000198701
37.1 0.000136341
37.12 -5.62881e-05
37.14 -0.000108513
37.16 2.00864e-05
37.18 9.46261e-05
37.2 -1.54702e-05
37.22 -0.000159938
37.24 -0.000171043
37.26 -7.61094e-05
37.28 1.10921e-05
37.3 2.79254e-05
37.32 -1.71148e-05
37.34 -6.39315e-05
37.36 -6.31279e-05
37.38 -3.08539e-05
37.4 -1.62531e-05
37.42 -2.50667e-05
37.44 -1.82496e-05
37.46 1.48298e-05
37.48 4.38263e-05
37.5 4.67045e-05
37.52 2.94369e-05
37.54 1.62155e-05
37.56 3.57543e-05
37.58 8.50462e-05
37.6 0.000106061
37.62 5.56135e-05
37.64 -2.28731e-05
37.66 -5.48753e-05
37.68 -1.9428e-05
37.7 3.94212e-05
37.72 4.87293e-05
37.74 -1.021e-05
37.76 -5.88391e-05
37.78 -2.58108e-05
37.8 4.01422e-05
37.82 2.52553e-05
37.84 -8.62053e-05
37.86 -0.000160792
37.88 -9.66806e-05
37.9 1.19411e-05
37.92 2.25862e-05
37.94 -3.7842e-05
37.96 -4.96666e-05
37.98 3.4261e-06
38 3.90393e-05
38.02 1.67451e-05
38.04 -1.62041e-05
38.06 -5.96821e-06
38.08 2.83583e-05
38.1 2.92223e-05
38.12 -3.13058e-06
38.14 -1.92372e-05
38.16 2.59542e-07
38.18 3.02653e-05
38.2 4.18379e-05
38.22 3.97056e-05
38.24 4.19401e-05
38.26 3.45076e-05
38.28 -4.42009e-06
38.3 -5.33453e-05
38.32 -6.45142e-05
38.34 -2.69532e-05
38.36 1.06728e-05
38.38 -2.28139e-06
38.4 -4.07125e-05
38.42 -3.24749e-05
38.44 3.11684e-05
38.46 7.75746e-05
38.48 5.13022e-05
38.5 -1.30818e-05
38.52 -3.93208e-05
38.54 -1.31646e-05
38.56 7.47536e-06
38.58 -1.78594e-05
38.6 -6.05723e-05
38.62 -6.80167e-05
38.64 -3.51172e-05
38.66 -7.61006e-06
38.68 -1.34814e-05
38.7 -2.8455e-05
38.72 -1.99702e-05
38.74 9.06576e-06
38.76 3.06331e-05
38.78 2.88641e-05
38.8 1.64296e-05
38.82 1.18879e-05
38.84 1.07207e-05
38.86 -5.75845e-06
38.88 -3.33965e-05
38.9 -4.27594e-05
38.92 -2.74586e-05
38.94 -1.86377e-05
38.96 -3.01326e-05
38.98 -3.08007e-05
39 3.39281e-06
39.02 4.54568e-05
39.04 5.64936e-05
39.06 4.48155e-05
39.08 5.09195e-05
39.1 8.18172e-05
39.12 9.29347e-05
39.14 4.81133e-05
39.16 -2.13531e-05
39.18 -4.82864e-05
39.2 -1.84691e-05
39.22 1.08836e-05
39.24 -6.08022e-06
39.26 -4.02468e-05
39.28 -3.52502e-05
39.3 4.87134e-06
39.32 2.1149e-05
39.34 -9.01771e-06
39.36 -4.0698e-05
39.38 -3.5168e-05
39.4 -1.13676e-05
39.42 -4.27355e-06
39.44 -1.57824e-05
39.46 -2.44869e-05
39.48 -1.75899e-05
39.5 -1.39848e-06
39.52 1.188e-05
39.54 1.66334e-05
39.56 1.34899e-05
39.58 6.64635e-06
39.6 5.36667e-06
39.62 2.05339e-05
39.64 4.67488e-05
39.66 5.96484e-05
39.68 4.71134e-05
39.7 2.96482e-05
39.72 2.99069e-05
39.74 3.36245e-05
39.76 1.39936e-05
39.78 -1.68023e-05
39.8 -2.53877e-05
39.82 -1.14299e-05
39.84 -2.93271e-06
39.86 -1.34422e-05
39.88 -2.74237e-05
39.9 -2.52886e-05
39.92 -1.01951e-05
39.94 1.40765e-06
39.96 3.46455e-06
39.98 -7.99282e-07
40 -7.22821e-06
40.02 -9.47271e-06
40.04 -4.52003e-06
40.06 1.33309e-06
40.08 -2.35921e-06
40.1 -1.14272e-05
40.12 -4.5543e-06
40.14 1.8151e-05
40.16 2.57669e-05
40.18 8.90117e-06
40.2 -5.07563e-06
40.22 -1.85867e-06
40.24 2.08045e-06
40.26 -8.49359e-06
40.28 -2.61366e-05
40.3 -3.12423e-05
40.32 -1.91903e-05
40.34 -7.82342e-06
40.36 -1.09647e-05
40.38 -1.91931e-05
40.4 -1.3597e-05
40.42 1.0894e-05
40.44 3.52148e-05
40.46 3.89038e-05
40.48 2.86081e-05
40.5 2.45711e-05
40.52 3.01588e-05
40.54 2.60636e-05
40.56 -1.24674e-07
40.58 -2.05955e-05
40.6 -2.61913e-06
40.62 2.75537e-05
40.64 1.59015e-05
40.66 -3.79704e-05
40.68 -7.58006e-05
40.7 -5.67517e-05
40.72 -1.54763e-05
40.74 -1.45441e-05
40.76 -5.49319e-05
40.78 -7.89917e-05
40.8 -5.30616e-05
40.82 -4.83431e-06
40.84 1.97867e-05
40.86 1.35356e-05
40.88 6.94351e-06
40.9 1.2803e-05
40.92 1.40504e-05
40.94 8.79376e-06
40.96 1.25926e-05
40.98 2.46251e-05
41 3.15702e-05
41.02 2.64156e-05
41.04 1.15234e-05
41.06 1.13145e-06
41.08 5.05397e-06
41.1 1.15291e-05
41.12 7.96555e-06
41.14 -2.32572e-06
41.16 -1.08364e-05
41.18 -1.66793e-05
41.2 -2.52709e-05
41.22 -3.59847e-05
41.24 -3.92915e-05
41.26 -3.00953e-05
41.28 -2.05153e-05
41.3 -2.48881e-05
41.32 -3.26458e-05
41.34 -2.3714e-05
41.36 -3.84153e-06
41.38 5.5074e-06
41.4 2.83142e-07
41.42 -1.448e-06
41.44 1.53741e-05
41.46 3.92907e-05
41.48 4.52609e-05
41.5 2.94114e-05
41.52 1.55465e-05
41.54 2.2446e-05
41.56 3.85803e-05
41.58 3.79803e-05
41.6 1.42414e-05
41.62 -9.15712e-06
41.64 -9.58067e-06
41.66 3.54266e-06
41.68 4.99873e-06
41.7 -1.00197e-05
41.72 -2.53098e-05
41.74 -3.16413e-05
41.76 -3.45829e-05
41.78 -3.7594e-05
41.8 -3.77016e-05
41.82 -3.0973e-05
41.84 -1.427e-05
41.86 6.72219e-06
41.88 1.79146e-05
41.9 1.58627e-05
41.92 1.57126e-05
41.94 2.81355e-05
41.96 4.16682e-05
41.98 4.02753e-05
42 2.54258e-05
42.02 1.17103e-05
42.04 5.98846e-06
42.06 2.77511e-07
42.08 -1.10424e-05
42.1 -1.75053e-05
42.12 -8.45099e-06
42.14 7.0445e-06
42.16 1.13013e-05
42.18 8.91792e-07
42.2 -1.03905e-05
42.22 -9.32077e-06
42.24 -1.58328e-06
42.26 -3.29943e-06
42.28 -1.73524e-05
42.3 -3.0351e-05
42.32 -3.20695e-05
42.34 -2.59596e-05
42.36 -1.75031e-05
42.38 -9.9929e-06
42.4 -6.16856e-06
42.42 -7.50251e-07
42.44 9.24923e-06
42.46 1.45616e-05
42.48 1.04316e-05
42.5 4.40219e-06
42.52 6.07355e-06
42.54 1.54834e-05
42.56 2.17345e-05
42.58 1.72768e-05
42.6 8.73243e-06
42.62 8.70165e-06
42.64 1.66774e-05
42.66 1.77781e-05
42.68 6.98866e-06
42.7 -7.85651e-07
42.72 6.34271e-06
42.74 1.70192e-05
42.76 1.03929e-05
42.78 -1.12759e-05
42.8 -1.90156e-05
42.82 -1.3693e-06
42.84 9.92941e-06
42.86 -1.1086e-05
42.88 -3.96874e-05
42.9 -3.82973e-05
42.92 -1.22822e-05
42.94 -4.03729e-07
42.96 -2.01619e-05
42.98 -4.32151e-05
43 -3.42153e-05
43.02 -1.56821e-07
43.04 1.93158e-05
43.06 7.53657e-06
43.08 -9.51377e-06
43.1 -3.15019e-06
43.12 2.00087e-05
43.14 2.96628e-05
43.16 1.67542e-05
43.18 5.28376e-06
43.2 1.14612e-05
43.22 1.93092e-05
43.24 1.00546e-05
43.26 -9.22575e-06
43.28 -1.80981e-05
43.3 -1.33833e-05
43.32 -1.34398e-05
43.34 -2.75746e-05
43.36 -4.10025e-05
43.38 -3.84372e-05
43.4 -2.57062e-05
43.42 -1.65434e-05
43.44 -1.13108e-05
43.46 -2.79012e-06
43.48 9.45715e-06
43.5 1.91126e-05
43.52 2.18152e-05
43.54 1.96565e-05
43.56 1.66063e-05
43.58 1.32008e-05
43.6 6.5586e-06
43.62 -2.60675e-06
43.64 -7.41634e-06
43.66 -4.40386e-06
43.68 -4.55437e-07
43.7 -4.99254e-06
43.72 -1.50816e-05
43.74 -1.64577e-05
43.76 -7.12026e-06
43.78 -2.05712e-06
43.8 -5.51852e-06
43.82 -5.72539e-06
43.84 1.50093e-06
43.86 4.13463e-06
43.88 -6.86675e-06
43.9 -1.95137e-05
43.92 -1.65761e-05
43.94 -4.3393e-06
43.96 -5.33072e-06
43.98 -2.04348e-05
44 -2.52666e-05
44.02 -9.68777e-06
44.04 6.60368e-06
44.06 4.76754e-06
44.08 -7.73077e-06
44.1 -1.12246e-05
44.12 -1.21882e-06
44.14 7.12361e-06
44.16 1.6937e-06
44.18 -1.06805e-05
44.2 -1.60247e-05
44.22 -1.27075e-05
44.24 -1.09119e-05
44.26 -1.60582e-05
44.28 -2.28429e-05
44.3 -2.37651e-05
44.32 -1.75061e-05
44.34 -8.44131e-06
44.36 -3.33776e-06
44.38 -4.81369e-06
44.4 -4.0673e-06
44.42 6.84203e-06
44.44 1.97317e-05
44.46 2.34814e-05
44.48 1.8341e-05
44.5 9.30271e-06
44.52 6.0085e-07
44.54 -4.60121e-06
44.56 -7.43299e-06
44.58 -1.16334e-05
44.6 -1.75943e-05
44.62 -2.09909e-05
44.64 -1.80201e-05
44.66 -1.11563e-05
44.68 -7.62079e-06
44.7 -1.01931e-05
44.72 -1.07954e-05
44.74 -3.21257e-06
44.76 5.49367e-06
44.78 6.3787e-06
44.8 -5.53838e-08
44.82 -5.6674e-06
44.84 -2.90693e-06
44.86 6.40101e-06
44.88 1.23312e-05
44.9 8.51371e-06
44.92 -1.86847e-08
44.94 -2.68459e-06
44.96 2.06222e-06
44.98 4.12415e-06
45 -3.32373e-06
45.02 -1.26318e-05
45.04 -1.12491e-05
45.06 3.65488e-07
45.08 7.92917e-06
45.1 1.45849e-06
45.12 -8.81464e-06
45.14 -6.63345e-06
45.16 3.72331e-06
45.18 4.36806e-06
45.2 -7.54364e-06
45.22 -1.32337e-05
45.24 1.16489e-06
45.26 2.24563e-05
45.28 2.76255e-05
45.3 1.42179e-05
45.32 3.74185e-06
45.34 1.18661e-05
45.36 2.08657e-05
45.38 7.26485e-06
45.4 -1.74813e-05
45.42 -2.1611e-05
45.44 2.02835e-06
45.46 1.87141e-05
45.48 6.04511e-07
45.5 -2.61269e-05
45.52 -2.17358e-05
45.54 4.45308e-06
45.56 9.76285e-06
45.58 -1.37647e-05
45.6 -2.80925e-05
45.62 -9.70456e-06
45.64 1.40362e-05
45.66 5.49002e-06
45.68 -2.44678e-05
45.7 -3.05338e-05
45.72 -2.60432e-06
45.74 1.75834e-05
45.76 -1.38101e-06
45.78 -3.19591e-05
45.8 -2.59997e-05
45.82 1.19843e-05
45.84 2.95216e-05
45.86 6.30504e-06
45.88 -1.53924e-05
45.9 2.03703e-06
45.92 3.47511e-05
45.94 3.7637e-05
45.96 1.06315e-05
45.98 -9.32921e-06
46 -5.25274e-06
46.02 6.15916e-06
46.04 5.5468e-06
46.06 -5.52096e-06
46.08 -1.12914e-05
46.1 -9.72185e-06
46.12 -1.14278e-05
46.14 -1.76775e-05
46.16 -2.15247e-05
46.18 -1.63359e-05
46.2 -1.39075e-06
46.22 9.80431e-06
46.24 1.95264e-06
46.26 -1.22824e-05
46.28 -5.59248e-06
46.3 1.43482e-05
46.32 1.58889e-05
46.34 -1.22056e-06
46.36 -9.10167e-06
46.38 3.43434e-06
46.4 1.67664e-05
46.42 9.77459e-06
46.44 -7.23516e-06
46.46 -7.29993e-06
46.48 7.93416e-06
46.5 1.05169e-05
46.52 -6.11117e-06
46.54 -1.76923e-05
46.56 -8.23274e-06
46.58 6.83654e-06
46.6 4.54282e-06
46.62 -1.10049e-05
46.64 -1.57657e-05
46.66 -3.56163e-06
46.68 4.80149e-06
46.7 -5.91711e-06
46.72 -2.01311e-05
46.74 -1.43421e-05
46.76 3.91795e-06
46.78 9.29921e-06
46.8 -6.75516e-07
46.82 -5.06409e-06
46.84 7.20059e-06
46.86 1.51059e-05
46.88 -1.59686e-06
46.9 -2.26938e-05
46.92 -1.86672e-05
46.94 4.97355e-06
46.96 1.75597e-05
46.98 4.3101e-06
47 -1.43178e-05
47.02 -1.31166e-05
47.04 3.56167e-06
47.06 1.11612e-05
47.08 -3.98e-06
47.1 -2.40007e-05
47.12 -1.70086e-05
47.14 1.06679e-05
47.16 1.48597e-05
47.18 -1.52368e-05
47.2 -3.5894e-05
47.22 -1.51808e-05
47.24 1.80865e-05
47.26 1.66849e-05
47.28 -1.14074e-05
47.3 -1.47252e-05
47.32 1.99664e-05
47.34 4.86848e-05
47.36 3.89632e-05
47.38 1.28957e-05
47.4 5.39587e-06
47.42 1.01184e-05
47.44 -2.74257e-06
47.46 -2.63476e-05
47.48 -2.28203e-05
47.5 7.25091e-06
47.52 1.7489e-05
47.54 -6.45772e-06
47.56 -1.98087e-05
47.58 2.84219e-06
47.6 2.31989e-05
47.62 5.36665e-06
47.64 -2.63574e-05
47.66 -2.92538e-05
47.68 -7.21034e-06
47.7 1.77166e-06
47.72 -1.38126e-05
47.74 -2.29173e-05
47.76 -3.67122e-06
47.78 1.92483e-05
47.8 1.3763e-05
47.82 -9.22906e-06
47.84 -1.55771e-05
47.86 -1.22261e-06
47.88 5.34559e-06
47.9 -9.83013e-06
47.92 -2.26466e-05
47.94 -1.1936e-05
47.96 3.76428e-06
47.98 -5.33279e-07
48 -1.41529e-05
48.02 -9.97599e-06
48.04 1.06912e-05
48.06 1.72467e-05
48.08 -5.12919e-06
48.1 -2.98236e-05
48.12 -2.15844e-05
48.14 1.36548e-05
48.16 2.69312e-05
48.18 -5.40416e-06
48.2 -3.77031e-05
48.22 -2.32429e-05
48.24 1.27482e-05
48.26 1.70385e-05
48.28 -1.13368e-05
48.3 -2.4109e-05
48.32 5.32565e-06
48.34 3.79693e-05
48.36 2.53693e-05
48.38 -1.21375e-05
48.4 -1.68904e-05
48.42 1.63031e-05
48.44 3.48396e-05
48.46 1.1003e-05
48.48 -1.91168e-05
48.5 -1.59981e-05
48.52 6.94156e-06
48.54 7.89135e-06
48.56 -2.06166e-05
48.58 -3.84038e-05
48.6 -1.97234e-05
48.62 5.60275e-06
48.64 -1.32785e-06
48.66 -2.66041e-05
48.68 -2.27113e-05
48.7 1.31415e-05
48.72 3.04704e-05
48.74 5.34957e-06
48.76 -2.08687e-05
48.78 -5.59351e-06
48.8 2.64012e-05
48.82 2.37232e-05
48.84 -8.50544e-06
48.86 -1.99389e-05
48.88 5.14477e-06
48.9 2.60373e-05
48.92 1.0571e-05
48.94 -1.64414e-05
48.96 -1.4242e-05
48.98 1.15694e-05
49 2.00706e-05
49.02 -1.09438e-06
49.04 -1.82196e-05
49.06 -5.33539e-06
49.08 1.65674e-05
49.1 1.35708e-05
49.12 -6.14412e-06
49.14 -6.34071e-06
49.16 1.63242e-05
49.18 2.64213e-05
49.2 5.00088e-06
49.22 -1.74349e-05
49.24 -7.60602e-06
49.26 1.33333e-05
49.28 5.70278e-06
49.3 -2.14664e-05
49.32 -2.70914e-05
49.34 -3.21906e-06
49.36 1.46701e-05
49.38 1.02627e-06
49.4 -2.1285e-05
49.42 -1.53188e-05
49.44 1.10894e-05
49.46 1.82865e-05
49.48 -2.4539e-06
49.5 -1.84765e-05
49.52 -8.73415e-06
49.54 5.87343e-06
49.56 9.92085e-07
49.58 -1.40921e-05
49.6 -1.83566e-05
49.62 -1.26753e-05
49.64 -1.46214e-05
49.66 -2.90084e-05
49.68 -3.78804e-05
49.7 -2.88637e-05
49.72 -1.51723e-05
49.74 -1.28355e-05
49.76 -1.63949e-05
49.78 -1.03487e-05
49.8 2.71163e-06
49.82 3.77389e-06
49.84 -9.25978e-06
49.86 -1.30636e-05
49.88 4.53926e-06
49.9 2.13155e-05
49.92 1.28557e-05
49.94 -8.39059e-06
49.96 -1.2985e-05
49.98 -4.42252e-08
50 5.39562e-06
50.02 -8.09118e-06
50.04 -2.16663e-05
50.06 -1.3033e-05
50.08 9.0807e-06
50.1 1.33349e-05
50.12 -7.69175e-06
50.14 -2.44627e-05
50.16 -1.54719e-05
50.18 3.84139e-06
50.2 7.06758e-06
50.22 -8.73463e-06
50.24 -2.16176e-05
50.26 -1.34065e-05
50.28 4.64065e-06
50.3 7.24019e-06
50.32 -5.36008e-06
50.34 -8.33775e-06
50.36 4.92257e-06
50.38 1.28055e-05
50.4 3.73269e-06
50.42 -5.99228e-06
50.44 5.37486e-07
50.46 1.49287e-05
50.48 1.50744e-05
50.5 -2.40375e-06
50.52 -1.49269e-05
50.54 -5.88918e-06
50.56 1.16991e-05
50.58 1.42755e-05
50.6 1.74906e-06
50.62 -3.69921e-06
50.64 5.72231e-06
50.66 1.21109e-05
50.68 3.69633e-06
50.7 -6.07405e-06
50.72 -2.10598e-06
50.74 7.99314e-06
50.76 6.54228e-06
50.78 -6.09392e-06
50.8 -1.13524e-05
50.82 -3.81361e-06
50.84 -1.71446e-06
50.86 -1.40444e-05
50.88 -2.35818e-05
50.9 -1.70106e-05
50.92 -5.97435e-06
50.94 -6.43584e-06
50.96 -1.69551e-05
50.98 -2.33605e-05
51 -1.71612e-05
51.02 -6.21889e-06
51.04 -4.68157e-06
51.06 -1.20884e-05
51.08 -1.35948e-05
51.1 -4.99578e-06
51.12 1.33763e-06
51.14 -3.24194e-06
51.16 -1.28506e-05
51.18 -1.53503e-05
51.2 -6.90732e-06
51.22 1.75259e-06
51.24 -4.92666e-07
51.26 -6.39864e-06
51.28 -6.22723e-08
51.3 1.69136e-05
51.32 2.7658e-05
51.34 1.87313e-05
51.36 -1.22456e-05
51.38 -4.78573e-05
51.4 -5.95735e-05
51.42 -3.67079e-05
51.44 5.17626e-06
51.46 3.69835e-05
51.48 3.33173e-05
51.5 1.46343e-06
51.52 -1.29064e-05
51.54 1.1889e-05
51.56 3.43918e-05
51.58 1.5738e-05
51.6 -2.16819e-05
51.62 -3.04919e-05
51.64 -1.35448e-06
51.66 2.82821e-05
51.68 2.57308e-05
51.7 4.1171e-06
51.72 -1.84797e-06
51.74 1.25568e-05
51.76 1.88753e-05
51.78 1.38903e-06
51.8 -2.20156e-05
51.82 -2.75259e-05
51.84 -1.35611e-05
51.86 2.16556e-06
51.88 3.44565e-06
51.9 -6.58938e-06
51.92 -1.05353e-05
51.94 -7.90609e-07
51.96 1.1082e-05
51.98 1.20079e-05
52 5.18521e-06
52.02 1.81902e-06
52.04 2.55769e-06
52.06 -9.4393e-07
52.08 -9.50038e-06
52.1 -1.23007e-05
52.12 -4.08733e-06
52.14 1.34406e-06
52.16 -6.82331e-06
52.18 -1.36898e-05
52.2 -1.58385e-06
52.22 1.96742e-05
52.24 2.45882e-05
52.26 8.8658e-06
52.28 -4.31988e-06
52.3 1.02564e-06
52.32 1.19587e-05
52.34 7.13075e-06
52.36 -1.13079e-05
52.38 -1.95906e-05
52.4 -8.03013e-06
52.42 3.83652e-06
52.44 -1.56762e-06
52.46 -1.07955e-05
52.48 -2.95604e-06
52.5 1.27641e-05
52.52 1.14362e-05
52.54 -7.72747e-06
52.56 -1.9509e-05
52.58 -1.14208e-05
52.6 -1.92447e-06
52.62 -7.97526e-06
52.64 -1.99574e-05
52.66 -1.95927e-05
52.68 -7.55796e-06
52.7 -6.05153e-08
52.72 -2.9977e-06
52.74 -8.35655e-06
52.76 -9.03029e-06
52.78 -6.34665e-06
52.8 -6.2304e-06
52.82 -9.50226e-06
52.84 -1.05858e-05
52.86 -7.80485e-06
52.88 -6.94008e-06
52.9 -9.28061e-06
52.92 -7.18688e-06
52.94 1.45445e-07
52.96 9.79947e-07
52.98 -7.40607e-06
53 -1.07243e-05
53.02 -1.13855e-06
53.04 9.15591e-06
53.06 6.61102e-06
53.08 -2.08195e-06
53.1 -5.94914e-07
53.12 1.1151e-05
53.14 1.54995e-05
53.16 6.15914e-06
53.18 -4.26218e-07
53.2 4.65254e-06
53.22 9.48613e-06
53.24 3.60547e-06
53.26 -6.26427e-06
53.28 -8.12976e-06
53.3 -3.35171e-06
53.32 -3.37666e-06
53.34 -1.21104e-05
53.36 -1.82592e-05
53.38 -1.16564e-05
53.4 -1.65396e-06
53.42 -2.32517e-06
53.44 -9.21935e-06
53.46 -9.40317e-06
53.48 -3.01335e-06
53.5 -1.68663e-07
53.52 -3.27299e-06
53.54 -4.55583e-06
53.56 -3.86375e-07
53.58 2.903e-06
53.6 -7.15335e-07
53.62 -8.142e-06
53.64 -1.17005e-05
53.66 -8.36456e-06
53.68 -3.85574e-06
53.7 -5.30484e-06
53.72 -8.37535e-06
53.74 -4.14146e-06
53.76 4.39636e-06
53.78 7.06535e-06
53.8 2.60767e-06
53.82 -1.42438e-06
53.84 9.20878e-07
53.86 7.21173e-06
53.88 7.26655e-06
53.9 -2.45822e-06
53.92 -9.38633e-06
53.94 -2.96518e-06
53.96 7.00652e-06
53.98 5.67801e-06
54 -4.48449e-06
54.02 -8.6297e-06
54.04 -1.1942e-06
54.06 7.32629e-06
54.08 6.38232e-06
54.1 -7.11523e-07
54.12 -1.49651e-06
54.14 6.07248e-06
54.16 8.45564e-06
54.18 1.42683e-07
54.2 -8.49049e-06
54.22 -1.09412e-05
54.24 -1.02416e-05
54.26 -1.02436e-05
54.28 -1.21177e-05
54.3 -1.21825e-05
54.32 -7.86418e-06
54.34 -4.42026e-06
54.36 -6.67425e-06
54.38 -1.122e-05
54.4 -1.15346e-05
54.42 -6.46474e-06
54.44 -3.37668e-07
54.46 2.92074e-06
54.48 3.13091e-06
54.5 2.63681e-06
54.52 3.97352e-06
54.54 6.2187e-06
54.56 5.18056e-06
54.58 1.49898e-07
54.6 -3.49183e-06
54.62 -4.15872e-07
54.64 5.51739e-06
54.66 5.17414e-06
54.68 -3.34412e-06
54.7 -1.24632e-05
54.72 -1.32523e-05
54.74 -7.94647e-06
54.76 -8.13346e-06
54.78 -1.53726e-05
54.8 -1.87794e-05
54.82 -1.36983e-05
54.84 -5.83644e-06
54.86 -1.1953e-06
54.88 1.64675e-08
54.9 2.81505e-06
54.92 7.90666e-06
54.94 9.28792e-06
54.96 6.87082e-06
54.98 7.05132e-06
55 8.64246e-06
55.02 5.37529e-06
55.04 -1.36683e-06
55.06 -3.98352e-06
55.08 -1.26036e-06
55.1 3.34693e-07
55.12 -1.30476e-06
55.14 -3.32638e-06
55.16 -3.60864e-06
55.18 -1.96784e-06
55.2 3.80457e-07
55.22 2.88682e-06
55.24 5.03073e-06
55.26 5.87649e-06
55.28 5.14136e-06
55.3 3.06882e-06
55.32 1.87955e-06
55.34 4.07446e-06
55.36 5.06045e-06
55.38 -1.07186e-06
55.4 -8.08197e-06
55.42 -6.24175e-06
55.44 -4.03205e-08
55.46 -3.52041e-07
55.48 -6.72539e-06
55.5 -1.18321e-05
55.52 -1.15289e-05
55.54 -7.66071e-06
55.56 -5.31115e-06
55.58 -5.19216e-06
55.6 -5.0245e-06
55.62 -2.8863e-06
55.64 -4.91559e-07
55.66 -4.16593e-06
55.68 -1.1824e-05
55.7 -1.14954e-05
55.72 -1.01826e-06
55.74 6.30467e-06
55.76 1.04836e-06
55.78 -8.25767e-06
55.8 -7.01957e-06
55.82 4.27643e-06
55.84 9.58802e-06
55.86 2.37436e-06
55.88 -1.03219e-06
55.9 1.25118e-05
55.92 2.45621e-05
55.94 3.20536e-06
55.96 -4.13815e-05
55.98 -5.52065e-05
56 -2.0781e-05
56.02 1.66375e-05
56.04 1.50468e-05
56.06 -1.40085e-05
56.08 -2.2173e-05
56.1 8.64435e-06
56.12 3.91934e-05
56.14 2.98336e-05
56.16 -6.97157e-06
56.18 -2.43035e-05
56.2 -6.53514e-06
56.22 1.00444e-05
56.24 -1.64107e-06
56.26 -1.98883e-05
56.28 -1.3959e-05
56.3 1.04636e-05
56.32 2.18176e-05
56.34 7.83323e-06
56.36 -7.48427e-06
56.38 -2.47413e-06
56.4 9.40171e-06
56.42 5.34845e-06
56.44 -7.33187e-06
56.46 -2.98998e-06
56.48 1.68263e-05
56.5 2.17451e-05
56.52 2.9643e-06
56.54 -1.0691e-05
56.56 1.2231e-06
56.58 1.87634e-05
56.6 1.07766e-05
56.62 -1.63125e-05
56.64 -2.57269e-05
56.66 -5.72703e-06
56.68 1.40174e-05
56.7 5.51011e-06
56.72 -1.75277e-05
56.74 -1.99923e-05
56.76 1.66305e-06
56.78 1.51873e-05
56.8 2.27989e-06
56.82 -1.4045e-05
56.84 -7.78882e-06
56.86 9.95626e-06
56.88 1.34016e-05
56.9 -2.22316e-06
56.92 -1.71573e-05
56.94 -1.30779e-05
56.96 -1.79432e-06
56.98 -6.55392e-06
57 -2.26016e-05
57.02 -2.47933e-05
57.04 -1.02459e-05
57.06 -3.50059e-06
57.08 -1.35821e-05
57.1 -1.72341e-05
57.12 -1.39969e-06
57.14 1.07126e-05
57.16 -3.9987e-07
57.18 -1.74679e-05
57.2 -1.31237e-05
57.22 7.36889e-06
57.24 1.21249e-05
57.26 -7.97104e-06
57.28 -2.35458e-05
57.3 -1.02653e-05
57.32 1.35752e-05
57.34 1.31064e-05
57.36 -9.60062e-06
57.38 -1.73459e-05
57.4 3.90539e-06
57.42 2.25295e-05
57.44 1.13141e-05
57.46 -1.29311e-05
57.48 -1.69464e-05
57.5 1.56083e-06
57.52 1.42983e-05
57.54 4.11119e-06
57.56 -1.33429e-05
57.58 -1.32234e-05
57.6 3.10912e-06
57.62 1.19919e-05
57.64 2.74114e-06
57.66 -9.25154e-06
57.68 -6.82184e-06
57.7 3.90207e-06
57.72 4.84883e-06
57.74 -5.5369e-06
57.76 -1.13357e-05
57.78 -4.73144e-06
57.8 2.57211e-06
57.82 -8.07303e-07
57.84 -7.991e-06
57.86 -6.30923e-06
57.88 1.7738e-06
57.9 2.93038e-06
57.92 -4.82172e-06
57.94 -8.45862e-06
57.96 -1.59577e-06
57.98 4.73275e-06
58 3.96711e-07
58.02 -7.67401e-06
58.04 -7.64832e-06
58.06 -5.2128e-07
58.08 3.06687e-06
58.1 -1.42276e-06
58.12 -6.46774e-06
58.14 -4.27435e-06
58.16 1.55208e-06
58.18 2.25407e-06
58.2 -2.60858e-06
58.22 -5.08765e-06
58.24 -1.4063e-06
58.26 2.40838e-06
58.28 3.55126e-07
58.3 -4.21724e-06
58.32 -4.21014e-06
58.34 1.68184e-07
58.36 2.05916e-06
58.38 -1.15131e-06
58.4 -4.06649e-06
58.42 -2.0771e-06
58.44 1.59264e-06
58.46 1.27299e-06
58.48 -2.4061e-06
58.5 -3.80754e-06
58.52 -9.47813e-07
58.54 1.65375e-06
58.56 4.07734e-08
58.58 -3.12717e-06
58.6 -2.90602e-06
58.62 2.13684e-07
58.64 1.30842e-06
58.66 -1.14533e-06
58.68 -3.13398e-06
58.7 -1.6568e-06
58.72 7.84735e-07
58.74 4.13332e-07
58.76 -2.01187e-06
58.78 -2.66218e-06
58.8 -6.61657e-07
58.82 7.77897e-07
58.84 -4.92735e-07
58.86 -2.37553e-06
58.88 -1.98029e-06
58.9 -4.48943e-08
58.92 4.1495e-07
58.94 -1.1919e-06
58.96 -2.29928e-06
58.98 -1.26453e-06
59 2.14707e-07
59.02 -1.16946e-07
59.04 -1.63329e-06
59.06 -1.96089e-06
59.08 -6.76225e-07
59.1 1.82485e-07
59.12 -6.46061e-07
59.14 -1.79351e-06
59.16 -1.5011e-06
59.18 -2.99334e-07
59.2 -5.58008e-08
59.22 -1.06843e-06
59.24 -1.71966e-06
59.26 -1.04403e-06
59.28 -1.42177e-07
59.3 -3.83359e-07
59.32 -1.32149e-06
59.34 -1.48821e-06
59.36 -6.76203e-07
59.38 -1.68605e-07
59.4 -7.04442e-07
59.42 -1.39935e-06
59.44 -1.18735e-06
59.46 -4.41307e-07
59.48 -3.15332e-07
59.5 -9.51588e-07
59.52 -1.33267e-06
59.54 -8.9339e-07
59.56 -3.43788e-07
59.58 -5.13444e-07
59.6 -1.09184e-06
59.62 -1.17217e-06
59.64 -6.59094e-07
59.66 -3.58987e-07
59.68 -7.03605e-07
59.7 -1.1233e-06
59.72 -9.72783e-07
59.74 -5.09756e-07
59.76 -4.46503e-07
59.78 -8.45056e-07
59.8 -1.06652e-06
59.82 -7.8135e-07
59.84 -4.46325e-07
59.86 -5.6328e-07
59.88 -9.18885e-07
59.9 -9.53807e-07
59.92 -6.29611e-07
59.94 -4.52235e-07
59.96 -6.72664e-07
59.98 -1.59295e-06
