0.02 1.96707e-05
0.04 5.57259e-05
0.06 6.10007e-05
0.08 2.7909e-05
0.1 7.99002e-06
0.12 2.98609e-05
0.14 5.77204e-05
0.16 4.99108e-05
0.18 2.24881e-05
0.2 2.11299e-05
0.22 4.96138e-05
0.24 6.6954e-05
0.26 5.31042e-05
0.28 3.84016e-05
0.3 5.3234e-05
0.32 7.76024e-05
0.34 8.07059e-05
0.36 7.41771e-05
0.38 7.15669e-05
0.4 3.75772e-05
0.42 -4.74908e-05
0.44 -4.33753e-05
0.46 0.00013189
0.48 0.000208321
0.5 7.59531e-06
0.52 -0.000197168
0.54 -0.000143514
0.56 -4.22104e-05
0.58 -0.000207893
0.6 -0.000382621
0.62 -0.000174396
0.64 6.87784e-05
0.66 -8.49144e-05
0.68 -0.000525562
0.7 -0.000769509
0.72 -0.000177553
0.74 0.000669059
0.76 0.000475292
0.78 -0.000258721
0.8 6.86024e-05
0.82 0.00140635
0.84 0.00198572
0.86 0.000973189
0.88 -0.000244435
0.9 -0.000156613
0.92 0.000778514
0.94 0.000879676
0.96 -0.000454045
0.98 -0.00167975
1 -0.00116449
1.02 0.000402519
1.04 0.000824894
1.06 -0.000605119
1.08 -0.00205634
1.1 -0.00167922
1.12 -6.92299e-05
1.14 0.000835846
1.16 6.17348e-05
1.18 -0.00157975
1.2 -0.00171361
1.22 0.000370091
1.24 0.001561
1.26 -0.000212373
1.28 -0.00244962
1.3 -0.00217374
1.32 0.000230499
1.34 0.0021374
1.36 0.00153214
1.38 -0.000674292
1.4 -0.00149437
1.42 4.358e-05
1.44 0.00127393
1.46 -0.000506542
1.48 -0.00394146
1.5 -0.00525584
1.52 -0.00321488
1.54 -0.000613099
1.56 -0.000773353
1.58 -0.00319404
1.6 -0.00396575
1.62 -0.0013033
1.64 0.00155528
1.66 0.000956649
1.68 -0.0019793
1.7 -0.00310303
1.72 -0.00110598
1.74 0.000716093
1.76 -0.00024052
1.78 -0.00211143
1.8 -0.00232754
1.82 -0.00133762
1.84 -0.00117359
1.86 -0.00214006
1.88 -0.0018858
1.9 0.000326141
1.92 0.000898123
1.94 -0.00217236
1.96 -0.0048495
1.98 -0.00318529
2 -5.89049e-05
2.02 -0.000940115
2.04 -0.00529381
2.06 -0.00764104
2.08 -0.00550499
2.1 -0.00226609
2.12 -0.00201785
2.14 -0.00416795
2.16 -0.00508083
2.18 -0.00291107
2.2 0.000449951
2.22 0.000934964
2.24 -0.00230787
2.26 -0.00500541
2.28 -0.00435576
2.3 -0.00256795
2.32 -0.0025733
2.34 -0.00439416
2.36 -0.00523664
2.38 -0.003436
2.4 -0.00192148
2.42 -0.00354557
2.44 -0.00596055
2.46 -0.00540137
2.48 -0.0020558
2.5 0.000768537
2.52 0.000680813
2.54 -0.00153226
2.56 -0.00256759
2.58 0.000367108
2.6 0.00598872
2.62 0.010768
2.64 0.0129503
2.66 0.0130002
2.68 0.0130773
2.7 0.0161639
2.72 0.0256466
2.74 0.0474411
2.76 0.0881091
2.78 0.149268
2.8 0.227619
2.82 0.319279
2.84 0.421971
2.86 0.534641
2.88 0.655752
2.9 0.782831
2.92 0.914723
2.94 1.05118
2.96 1.19102
2.98 1.33332
3 1.47807
3.02 1.62171
3.04 1.75655
3.06 1.87748
3.08 1.98112
3.1 2.06146
3.12 2.11189
3.14 2.12635
3.16 2.09944
3.18 2.02711
3.2 1.90739
3.22 1.7412
3.24 1.53161
3.26 1.28219
3.28 0.996181
3.3 0.677618
3.32 0.331385
3.34 -0.037597
3.36 -0.416813
3.38 -0.79026
3.4 -1.14977
3.42 -1.492
3.44 -1.81063
3.46 -2.09435
3.48 -2.3322
3.5 -2.5181
3.52 -2.64845
3.54 -2.72003
3.56 -2.73079
3.58 -2.68197
3.6 -2.57677
3.62 -2.41752
3.64 -2.21072
3.66 -1.97342
3.68 -1.72295
3.7 -1.46746
3.72 -1.21467
3.74 -0.976093
3.76 -0.761026
3.78 -0.574468
3.8 -0.419428
3.82 -0.299398
3.84 -0.2172
3.86 -0.174309
3.88 -0.173176
3.9 -0.215889
3.92 -0.302516
3.94 -0.431592
3.96 -0.600496
3.98 -0.80321
4 -1.02802
4.02 -1.26425
4.04 -1.50681
4.06 -1.75036
4.08 -1.98695
4.1 -2.20816
4.12 -2.40576
4.14 -2.57275
4.16 -2.70401
4.18 -2.79793
4.2 -2.85907
4.22 -2.89386
4.24 -2.90577
4.26 -2.8991
4.28 -2.87853
4.3 -2.84626
4.32 -2.7999
4.34 -2.73241
4.36 -2.64177
4.38 -2.53337
4.4 -2.41353
4.42 -2.28854
4.44 -2.16455
4.46 -2.04413
4.48 -1.92426
4.5 -1.80509
4.52 -1.69455
4.54 -1.59845
4.56 -1.51726
4.58 -1.45037
4.6 -1.39775
4.62 -1.35993
4.64 -1.33428
4.66 -1.31559
4.68 -1.30115
4.7 -1.28936
4.72 -1.27703
4.74 -1.26107
4.76 -1.23949
4.78 -1.21372
4.8 -1.18986
4.82 -1.17193
4.84 -1.15936
4.86 -1.15181
4.88 -1.15042
4.9 -1.15607
4.92 -1.1701
4.94 -1.19545
4.96 -1.23416
4.98 -1.28631
5 -1.3534
5.02 -1.43858
5.04 -1.54436
5.06 -1.66875
5.08 -1.80039
5.1 -1.92557
5.12 -2.03856
5.14 -2.13763
5.16 -2.21974
5.18 -2.28138
5.2 -2.31938
5.22 -2.33067
5.24 -2.31544
5.26 -2.28164
5.28 -2.23784
5.3 -2.18546
5.32 -2.1218
5.34 -2.0441
5.36 -1.95225
5.38 -1.84954
5.4 -1.74042
5.42 -1.62865
5.44 -1.51499
5.46 -1.39788
5.48 -1.27718
5.5 -1.15451
5.52 -1.0314
5.54 -0.909639
5.56 -0.792292
5.58 -0.682859
5.6 -0.583787
5.62 -0.496806
5.64 -0.42228
5.66 -0.35922
5.68 -0.308404
5.7 -0.271828
5.72 -0.250158
5.74 -0.243767
5.76 -0.253457
5.78 -0.280085
5.8 -0.323904
5.82 -0.382918
5.84 -0.454062
5.86 -0.535685
5.88 -0.62672
5.9 -0.725965
5.92 -0.830971
5.94 -0.935749
5.96 -1.03348
5.98 -1.11903
6 -1.18754
6.02 -1.23591
6.04 -1.26334
6.06 -1.2681
6.08 -1.24943
6.1 -1.21028
6.12 -1.15314
6.14 -1.07861
6.16 -0.988435
6.18 -0.888965
6.2 -0.790856
6.22 -0.702517
6.24 -0.629337
6.26 -0.577188
6.28 -0.55082
6.3 -0.550852
6.32 -0.573608
6.34 -0.614822
6.36 -0.671417
6.38 -0.739608
6.4 -0.815311
6.42 -0.895055
6.44 -0.975217
6.46 -1.0527
6.48 -1.12709
6.5 -1.20119
6.52 -1.27809
6.54 -1.35989
6.56 -1.44675
6.58 -1.53424
6.6 -1.61781
6.62 -1.6968
6.64 -1.76895
6.66 -1.82774
6.68 -1.8671
6.7 -1.88493
6.72 -1.88368
6.74 -1.86925
6.76 -1.8464
6.78 -1.81591
6.8 -1.77665
6.82 -1.72865
6.84 -1.67299
6.86 -1.61021
6.88 -1.54148
6.9 -1.46976
6.92 -1.39934
6.94 -1.3343
6.96 -1.27639
6.98 -1.22443
7 -1.17638
7.02 -1.13183
7.04 -1.09178
7.06 -1.05671
7.08 -1.02641
7.1 -0.999933
7.12 -0.975641
7.14 -0.952812
7.16 -0.931467
7.18 -0.911144
7.2 -0.891004
7.22 -0.870327
7.24 -0.848673
7.26 -0.826993
7.28 -0.808958
7.3 -0.798212
7.32 -0.794921
7.34 -0.797268
7.36 -0.804149
7.38 -0.815321
7.4 -0.830483
7.42 -0.84965
7.44 -0.873236
7.46 -0.901404
7.48 -0.934582
7.5 -0.972806
7.52 -1.01485
7.54 -1.05991
7.56 -1.1077
7.58 -1.15641
7.6 -1.20211
7.62 -1.24043
7.64 -1.26798
7.66 -1.28157
7.68 -1.27889
7.7 -1.26068
7.72 -1.23007
7.74 -1.19022
7.76 -1.14208
7.78 -1.08508
7.8 -1.02012
7.82 -0.949655
7.84 -0.877195
7.86 -0.808093
7.88 -0.74708
7.9 -0.696285
7.92 -0.65687
7.94 -0.629719
7.96 -0.614954
7.98 -0.61272
8 -0.623135
8.02 -0.644927
8.04 -0.675515
8.06 -0.712645
8.08 -0.754815
8.1 -0.800288
8.12 -0.846979
8.14 -0.893165
8.16 -0.937466
8.18 -0.977918
8.2 -1.0116
8.22 -1.03637
8.24 -1.05416
8.26 -1.06924
8.28 -1.08271
8.3 -1.09278
8.32 -1.09724
8.34 -1.09408
8.36 -1.08306
8.38 -1.06549
8.4 -1.04209
8.42 -1.01287
8.44 -0.978996
8.46 -0.944528
8.48 -0.913554
8.5 -0.88665
8.52 -0.862777
8.54 -0.841494
8.56 -0.822236
8.58 -0.803996
8.6 -0.785381
8.62 -0.76531
8.64 -0.745038
8.66 -0.726226
8.68 -0.708069
8.7 -0.689448
8.72 -0.670568
8.74 -0.652351
8.76 -0.63625
8.78 -0.623732
8.8 -0.61617
8.82 -0.615528
8.84 -0.624364
8.86 -0.645634
8.88 -0.680313
8.9 -0.72544
8.92 -0.7776
8.94 -0.833749
8.96 -0.890278
8.98 -0.945528
9 -0.999049
9.02 -1.04982
9.04 -1.09728
9.06 -1.14056
9.08 -1.17714
9.1 -1.20556
9.12 -1.22689
9.14 -1.24191
9.16 -1.25076
9.18 -1.25481
9.2 -1.25572
9.22 -1.25415
9.24 -1.24992
9.26 -1.24212
9.28 -1.22967
9.3 -1.21123
9.32 -1.18533
9.34 -1.15116
9.36 -1.1087
9.38 -1.05929
9.4 -1.00607
9.42 -0.952118
9.44 -0.8987
9.46 -0.846294
9.48 -0.797016
9.5 -0.75437
9.52 -0.720518
9.54 -0.696041
9.56 -0.681898
9.58 -0.677655
9.6 -0.679295
9.62 -0.683866
9.64 -0.693394
9.66 -0.711579
9.68 -0.740089
9.7 -0.77902
9.72 -0.827014
9.74 -0.879798
9.76 -0.934367
9.78 -0.992251
9.8 -1.05372
9.82 -1.11595
9.84 -1.17606
9.86 -1.22997
9.88 -1.27303
9.9 -1.30241
9.92 -1.31707
9.94 -1.31827
9.96 -1.30807
9.98 -1.28644
10 -1.25215
10.02 -1.20513
10.04 -1.14682
10.06 -1.07945
10.08 -1.00638
10.1 -0.932066
10.12 -0.860675
10.14 -0.796011
10.16 -0.741042
10.18 -0.696616
10.2 -0.66276
10.22 -0.640262
10.24 -0.630147
10.26 -0.632976
10.28 -0.648437
10.3 -0.674904
10.32 -0.709627
10.34 -0.749809
10.36 -0.79312
10.38 -0.837475
10.4 -0.881074
10.42 -0.921966
10.44 -0.957785
10.46 -0.986763
10.48 -1.00802
10.5 -1.02072
10.52 -1.0239
10.54 -1.01762
10.56 -1.00423
10.58 -0.986564
10.6 -0.965078
10.62 -0.939337
10.64 -0.910026
10.66 -0.878202
10.68 -0.845194
10.7 -0.813526
10.72 -0.785703
10.74 -0.76281
10.76 -0.745545
10.78 -0.73431
10.8 -0.728001
10.82 -0.725089
10.84 -0.724896
10.86 -0.727752
10.88 -0.735331
10.9 -0.749062
10.92 -0.768418
10.94 -0.792023
10.96 -0.818673
10.98 -0.84715
11 -0.876486
11.02 -0.906203
11.04 -0.935789
11.06 -0.964125
11.08 -0.989716
11.1 -1.01115
11.12 -1.02673
11.14 -1.0345
11.16 -1.03304
11.18 -1.02197
11.2 -1.00169
11.22 -0.972861
11.24 -0.937059
11.26 -0.897348
11.28 -0.857061
11.3 -0.818627
11.32 -0.783755
11.34 -0.753819
11.36 -0.730214
11.38 -0.714284
11.4 -0.706169
11.42 -0.704525
11.44 -0.708188
11.46 -0.716938
11.48 -0.730654
11.5 -0.748916
11.52 -0.77102
11.54 -0.795752
11.56 -0.821385
11.58 -0.846049
11.6 -0.867946
11.62 -0.885445
11.64 -0.897354
11.66 -0.903167
11.68 -0.903021
11.7 -0.89761
11.72 -0.887911
11.74 -0.874805
11.76 -0.859507
11.78 -0.844011
11.8 -0.830624
11.82 -0.82136
11.84 -0.817426
11.86 -0.819057
11.88 -0.825974
11.9 -0.837074
11.92 -0.849923
11.94 -0.861946
11.96 -0.871677
11.98 -0.878615
12 -0.882858
12.02 -0.88463
12.04 -0.883828
12.06 -0.880331
12.08 -0.874278
12.1 -0.866112
12.12 -0.856749
12.14 -0.846741
12.16 -0.835608
12.18 -0.822982
12.2 -0.809437
12.22 -0.796112
12.24 -0.784537
12.26 -0.776448
12.28 -0.773301
12.3 -0.776143
12.32 -0.785595
12.34 -0.801645
12.36 -0.823493
12.38 -0.849511
12.4 -0.877484
12.42 -0.905085
12.44 -0.930174
12.46 -0.951055
12.48 -0.96652
12.5 -0.975538
12.52 -0.977268
12.54 -0.971435
12.56 -0.958389
12.58 -0.938689
12.6 -0.912908
12.62 -0.881771
12.64 -0.846429
12.66 -0.808901
12.68 -0.771711
12.7 -0.737025
12.72 -0.70656
12.74 -0.681739
12.76 -0.66373
12.78 -0.653525
12.8 -0.651502
12.82 -0.656712
12.84 -0.667499
12.86 -0.682876
12.88 -0.702588
12.9 -0.726215
12.92 -0.752652
12.94 -0.780507
12.96 -0.808714
12.98 -0.836431
13 -0.862822
13.02 -0.88718
13.04 -0.908928
13.06 -0.92731
13.08 -0.941347
13.1 -0.950206
13.12 -0.953322
13.14 -0.950339
13.16 -0.941345
13.18 -0.927127
13.2 -0.908845
13.22 -0.887363
13.24 -0.863174
13.26 -0.836881
13.28 -0.809687
13.3 -0.78349
13.32 -0.760117
13.34 -0.740664
13.36 -0.725461
13.38 -0.71424
13.4 -0.706717
13.42 -0.703085
13.44 -0.703581
13.46 -0.708221
13.48 -0.717194
13.5 -0.730651
13.52 -0.748101
13.54 -0.768578
13.56 -0.791174
13.58 -0.815184
13.6 -0.839995
13.62 -0.864909
13.64 -0.888964
13.66 -0.911065
13.68 -0.930357
13.7 -0.946365
13.72 -0.958757
13.74 -0.967045
13.76 -0.970437
13.78 -0.968003
13.8 -0.959126
13.82 -0.943832
13.84 -0.922764
13.86 -0.897113
13.88 -0.868581
13.9 -0.838936
13.92 -0.809562
13.94 -0.781426
13.96 -0.755171
13.98 -0.731328
14 -0.710514
14.02 -0.693022
14.04 -0.678393
14.06 -0.665961
14.08 -0.655457
14.1 -0.647145
14.12 -0.642268
14.14 -0.642734
14.16 -0.649629
14.18 -0.662699
14.2 -0.681279
14.22 -0.705117
14.24 -0.734134
14.26 -0.76773
14.28 -0.804522
14.3 -0.842678
14.32 -0.880542
14.34 -0.917103
14.36 -0.951679
14.38 -0.983305
14.4 -1.01089
14.42 -1.0337
14.44 -1.05135
14.46 -1.06334
14.48 -1.06897
14.5 -1.06744
14.52 -1.05802
14.54 -1.04034
14.56 -1.01469
14.58 -0.982191
14.6 -0.9445
14.62 -0.903038
14.64 -0.858571
14.66 -0.811793
14.68 -0.764078
14.7 -0.718047
14.72 -0.677068
14.74 -0.643534
14.76 -0.61821
14.78 -0.601088
14.8 -0.592508
14.82 -0.59324
14.84 -0.603287
14.86 -0.621576
14.88 -0.647107
14.9 -0.67916
14.92 -0.716057
14.94 -0.755254
14.96 -0.794708
14.98 -0.833052
15 -0.869034
15.02 -0.901498
15.04 -0.929695
15.06 -0.953325
15.08 -0.972121
15.1 -0.985671
15.12 -0.993342
15.14 -0.994033
15.16 -0.9867
15.18 -0.971188
15.2 -0.948167
15.22 -0.91873
15.24 -0.884527
15.26 -0.847697
15.28 -0.810442
15.3 -0.774886
15.32 -0.742842
15.34 -0.715462
15.36 -0.693251
15.38 -0.676289
15.4 -0.664381
15.42 -0.657158
15.44 -0.654285
15.46 -0.655762
15.48 -0.661982
15.5 -0.673272
15.52 -0.689191
15.54 -0.708621
15.56 -0.730325
15.58 -0.752941
15.6 -0.775007
15.62 -0.795415
15.64 -0.813671
15.66 -0.829792
15.68 -0.843829
15.7 -0.855343
15.72 -0.863471
15.74 -0.867291
15.76 -0.866194
15.78 -0.860147
15.8 -0.84951
15.82 -0.834883
15.84 -0.817312
15.86 -0.798137
15.88 -0.778477
15.9 -0.759091
15.92 -0.740498
15.94 -0.723024
15.96 -0.70676
15.98 -0.691748
16 -0.678273
16.02 -0.666766
16.04 -0.657692
16.06 -0.651663
16.08 -0.649166
16.1 -0.650362
16.12 -0.655453
16.14 -0.66483
16.16 -0.678536
16.18 -0.695753
16.2 -0.715121
16.22 -0.735457
16.24 -0.755997
16.26 -0.776498
16.28 -0.797035
16.3 -0.817059
16.32 -0.835177
16.34 -0.850231
16.36 -0.861951
16.38 -0.870479
16.4 -0.875829
16.42 -0.878025
16.44 -0.877335
16.46 -0.874187
16.48 -0.869138
16.5 -0.863088
16.52 -0.857352
16.54 -0.853189
16.56 -0.85108
16.58 -0.850634
16.6 -0.851204
16.62 -0.852394
16.64 -0.854124
16.66 -0.856389
16.68 -0.85808
16.7 -0.856158
16.72 -0.847408
16.74 -0.829772
16.76 -0.801738
16.78 -0.762629
16.8 -0.713118
16.82 -0.654701
16.84 -0.59022
16.86 -0.525534
16.88 -0.466845
16.9 -0.416494
16.92 -0.375292
16.94 -0.345473
16.96 -0.329076
16.98 -0.326957
17 -0.339422
17.02 -0.366172
17.04 -0.406286
17.06 -0.458663
17.08 -0.521977
17.1 -0.594757
17.12 -0.675984
17.14 -0.764678
17.16 -0.858583
17.18 -0.954094
17.2 -1.04828
17.22 -1.13986
17.24 -1.22734
17.26 -1.30834
17.28 -1.3813
17.3 -1.44547
17.32 -1.49968
17.34 -1.54194
17.36 -1.56959
17.38 -1.57967
17.4 -1.56955
17.42 -1.53751
17.44 -1.48286
17.46 -1.40635
17.48 -1.31096
17.5 -1.20119
17.52 -1.08128
17.54 -0.954949
17.56 -0.826867
17.58 -0.702505
17.6 -0.58615
17.62 -0.480966
17.64 -0.389901
17.66 -0.315204
17.68 -0.25812
17.7 -0.219466
17.72 -0.20023
17.74 -0.201473
17.76 -0.22338
17.78 -0.264656
17.8 -0.323006
17.82 -0.395583
17.84 -0.478452
17.86 -0.566746
17.88 -0.656199
17.9 -0.743654
17.92 -0.826341
17.94 -0.901496
17.96 -0.966286
17.98 -1.01802
18 -1.05482
18.02 -1.07593
18.04 -1.08138
18.06 -1.07151
18.08 -1.04769
18.1 -1.01299
18.12 -0.971151
18.14 -0.924981
18.16 -0.876577
18.18 -0.827935
18.2 -0.781122
18.22 -0.738685
18.24 -0.703766
18.26 -0.6795
18.28 -0.668188
18.3 -0.670637
18.32 -0.685298
18.34 -0.707486
18.36 -0.731447
18.38 -0.753161
18.4 -0.769606
18.42 -0.777781
18.44 -0.775379
18.46 -0.760869
18.48 -0.734935
18.5 -0.701976
18.52 -0.666926
18.54 -0.63217
18.56 -0.599227
18.58 -0.570232
18.6 -0.547582
18.62 -0.533723
18.64 -0.53037
18.66 -0.538144
18.68 -0.557231
18.7 -0.587756
18.72 -0.629483
18.74 -0.681612
18.76 -0.743062
18.78 -0.812674
18.8 -0.887784
18.82 -0.962575
18.84 -1.03054
18.86 -1.08729
18.88 -1.12903
18.9 -1.15216
18.92 -1.15456
18.94 -1.13535
18.96 -1.09458
18.98 -1.03406
19 -0.957822
19.02 -0.871123
19.04 -0.778782
19.06 -0.685388
19.08 -0.595821
19.1 -0.513792
19.12 -0.441533
19.14 -0.381207
19.16 -0.334979
19.18 -0.304027
19.2 -0.289099
19.22 -0.291647
19.24 -0.313179
19.26 -0.353341
19.28 -0.409279
19.3 -0.477321
19.32 -0.553908
19.34 -0.635379
19.36 -0.718672
19.38 -0.801428
19.4 -0.881348
19.42 -0.956155
19.44 -1.02337
19.46 -1.07987
19.48 -1.12256
19.5 -1.1495
19.52 -1.16007
19.54 -1.15449
19.56 -1.1333
19.58 -1.09742
19.6 -1.04915
19.62 -0.991802
19.64 -0.927333
19.66 -0.856724
19.68 -0.782894
19.7 -0.710372
19.72 -0.642968
19.74 -0.583048
19.76 -0.531696
19.78 -0.489379
19.8 -0.457306
19.82 -0.437177
19.84 -0.429684
19.86 -0.434102
19.88 -0.448286
19.9 -0.469477
19.92 -0.495548
19.94 -0.524675
19.96 -0.555145
19.98 -0.586068
20 -0.61686
20.02 -0.646458
20.04 -0.673518
20.06 -0.696731
20.08 -0.715776
20.1 -0.732773
20.12 -0.751028
20.14 -0.77205
20.16 -0.794191
20.18 -0.813741
20.2 -0.828538
20.22 -0.839477
20.24 -0.847771
20.26 -0.853094
20.28 -0.854925
20.3 -0.853723
20.32 -0.849264
20.34 -0.840145
20.36 -0.8262
20.38 -0.808124
20.4 -0.785457
20.42 -0.757371
20.44 -0.723563
20.46 -0.684015
20.48 -0.639393
20.5 -0.592153
20.52 -0.545889
20.54 -0.504078
20.56 -0.469968
20.58 -0.443877
20.6 -0.423468
20.62 -0.409736
20.64 -0.40672
20.66 -0.416939
20.68 -0.441942
20.7 -0.48107
20.72 -0.52918
20.74 -0.58164
20.76 -0.637432
20.78 -0.695154
20.8 -0.752113
20.82 -0.807045
20.84 -0.859666
20.86 -0.908368
20.88 -0.949593
20.9 -0.979654
20.92 -0.996304
20.94 -0.998111
20.96 -0.984234
20.98 -0.954606
21 -0.910711
21.02 -0.856813
21.04 -0.797523
21.06 -0.735251
21.08 -0.671434
21.1 -0.607943
21.12 -0.547621
21.14 -0.493788
21.16 -0.44827
21.18 -0.411268
21.2 -0.38366
21.22 -0.367407
21.24 -0.364247
21.26 -0.375152
21.28 -0.400114
21.3 -0.438076
21.32 -0.486773
21.34 -0.541972
21.36 -0.598309
21.38 -0.651676
21.4 -0.69874
21.42 -0.736942
21.44 -0.767056
21.46 -0.790299
21.48 -0.805003
21.5 -0.810714
21.52 -0.809867
21.54 -0.804976
21.56 -0.798508
21.58 -0.792935
21.6 -0.788713
21.62 -0.784039
21.64 -0.777427
21.66 -0.768884
21.68 -0.758732
21.7 -0.746409
21.72 -0.730295
21.74 -0.709334
21.76 -0.684907
21.78 -0.659982
21.8 -0.636411
21.82 -0.614533
21.84 -0.594934
21.86 -0.578809
21.88 -0.566905
21.9 -0.559214
21.92 -0.555195
21.94 -0.553927
21.96 -0.554621
21.98 -0.55679
22 -0.559883
22.02 -0.563198
22.04 -0.566047
22.06 -0.568378
22.08 -0.571565
22.1 -0.577515
22.12 -0.587215
22.14 -0.600802
22.16 -0.617827
22.18 -0.637288
22.2 -0.658167
22.22 -0.679554
22.24 -0.700307
22.26 -0.719332
22.28 -0.735797
22.3 -0.748896
22.32 -0.757766
22.34 -0.761407
22.36 -0.758898
22.38 -0.749749
22.4 -0.733865
22.42 -0.711541
22.44 -0.683676
22.46 -0.651597
22.48 -0.616617
22.5 -0.580321
22.52 -0.544919
22.54 -0.512664
22.56 -0.485296
22.58 -0.463996
22.6 -0.449457
22.62 -0.442102
22.64 -0.442258
22.66 -0.450042
22.68 -0.46525
22.7 -0.487431
22.72 -0.515862
22.74 -0.549455
22.76 -0.586971
22.78 -0.627276
22.8 -0.669176
22.82 -0.711109
22.84 -0.751143
22.86 -0.787392
22.88 -0.818374
22.9 -0.843034
22.92 -0.860668
22.94 -0.870689
22.96 -0.872494
22.98 -0.865679
23 -0.850379
23.02 -0.827429
23.04 -0.79822
23.06 -0.764443
23.08 -0.727968
23.1 -0.690623
23.12 -0.653814
23.14 -0.618564
23.16 -0.585944
23.18 -0.557054
23.2 -0.532521
23.22 -0.512406
23.24 -0.496609
23.26 -0.485073
23.28 -0.477652
23.3 -0.474249
23.32 -0.47503
23.34 -0.480264
23.36 -0.490102
23.38 -0.504618
23.4 -0.524043
23.42 -0.54868
23.44 -0.578269
23.46 -0.611578
23.48 -0.64675
23.5 -0.682063
23.52 -0.716272
23.54 -0.748262
23.56 -0.776735
23.58 -0.800273
23.6 -0.817603
23.62 -0.827874
23.64 -0.830707
23.66 -0.826114
23.68 -0.81433
23.7 -0.795556
23.72 -0.77022
23.74 -0.739448
23.76 -0.704864
23.78 -0.668163
23.8 -0.630922
23.82 -0.594468
23.84 -0.559992
23.86 -0.528871
23.88 -0.502588
23.9 -0.482229
23.92 -0.46818
23.94 -0.46049
23.96 -0.459508
23.98 -0.465651
24 -0.478735
24.02 -0.497651
24.04 -0.520441
24.06 -0.545273
24.08 -0.571124
24.1 -0.597441
24.12 -0.623933
24.14 -0.650233
24.16 -0.675348
24.18 -0.69805
24.2 -0.717788
24.22 -0.734503
24.24 -0.747926
24.26 -0.757467
24.28 -0.76228
24.3 -0.761615
24.32 -0.755406
24.34 -0.744493
24.36 -0.730205
24.38 -0.713673
24.4 -0.695636
24.42 -0.676581
24.44 -0.656746
24.46 -0.636301
24.48 -0.615754
24.5 -0.596021
24.52 -0.578041
24.54 -0.562551
24.56 -0.550038
24.58 -0.540641
24.6 -0.534342
24.62 -0.531214
24.64 -0.531268
24.66 -0.534273
24.68 -0.53995
24.7 -0.548297
24.72 -0.559533
24.74 -0.573617
24.76 -0.590008
24.78 -0.607756
24.8 -0.625648
24.82 -0.642582
24.84 -0.657705
24.86 -0.670284
24.88 -0.679817
24.9 -0.686088
24.92 -0.688926
24.94 -0.688173
24.96 -0.683871
24.98 -0.676255
25 -0.665708
25.02 -0.652749
25.04 -0.63797
25.06 -0.621969
25.08 -0.605419
25.1 -0.589141
25.12 -0.573895
25.14 -0.560177
25.16 -0.548384
25.18 -0.538989
25.2 -0.532502
25.22 -0.529423
25.24 -0.530173
25.26 -0.535007
25.28 -0.544074
25.3 -0.557421
25.32 -0.574881
25.34 -0.595769
25.36 -0.618764
25.38 -0.642409
25.4 -0.665609
25.42 -0.68753
25.44 -0.707374
25.46 -0.724439
25.48 -0.738222
25.5 -0.748387
25.52 -0.75461
25.54 -0.756523
25.56 -0.753829
25.58 -0.746379
25.6 -0.734218
25.62 -0.71759
25.64 -0.696964
25.66 -0.673098
25.68 -0.647046
25.7 -0.620066
25.72 -0.593353
25.74 -0.56797
25.76 -0.545017
25.78 -0.525532
25.8 -0.510288
25.82 -0.499825
25.84 -0.494437
25.86 -0.49408
25.88 -0.498534
25.9 -0.507647
25.92 -0.521266
25.94 -0.539003
25.96 -0.560161
25.98 -0.583917
26 -0.609502
26.02 -0.636182
26.04 -0.663171
26.06 -0.68953
26.08 -0.714122
26.1 -0.735883
26.12 -0.754146
26.14 -0.768539
26.16 -0.778688
26.18 -0.78417
26.2 -0.784601
26.22 -0.779756
26.24 -0.769712
26.26 -0.754807
26.28 -0.735537
26.3 -0.712609
26.32 -0.686944
26.34 -0.659548
26.36 -0.631518
26.38 -0.604045
26.4 -0.578244
26.42 -0.555079
26.44 -0.535369
26.46 -0.519738
26.48 -0.508451
26.5 -0.501481
26.52 -0.498859
26.54 -0.500752
26.56 -0.507191
26.58 -0.517783
26.6 -0.531689
26.62 -0.547944
26.64 -0.565785
26.66 -0.584669
26.68 -0.604079
26.7 -0.62337
26.72 -0.641879
26.74 -0.659065
26.76 -0.674476
26.78 -0.687771
26.8 -0.69867
26.82 -0.706872
26.84 -0.712194
26.86 -0.714578
26.88 -0.714028
26.9 -0.710663
26.92 -0.704593
26.94 -0.695823
26.96 -0.684383
26.98 -0.670545
27 -0.654938
27.02 -0.638294
27.04 -0.621161
27.06 -0.604046
27.08 -0.587639
27.1 -0.572727
27.12 -0.559962
27.14 -0.549718
27.16 -0.542212
27.18 -0.537681
27.2 -0.536412
27.22 -0.538606
27.24 -0.544249
27.26 -0.553099
27.28 -0.564737
27.3 -0.578616
27.32 -0.594113
27.34 -0.610483
27.36 -0.626877
27.38 -0.642447
27.4 -0.65649
27.42 -0.668508
27.44 -0.678038
27.46 -0.684606
27.48 -0.687958
27.5 -0.688135
27.52 -0.685418
27.54 -0.680312
27.56 -0.6734
27.58 -0.665224
27.6 -0.656281
27.62 -0.647036
27.64 -0.637985
27.66 -0.629578
27.68 -0.622106
27.7 -0.615696
27.72 -0.610303
27.74 -0.605659
27.76 -0.601366
27.78 -0.597094
27.8 -0.592716
27.82 -0.588268
27.84 -0.583869
27.86 -0.57974
27.88 -0.576262
27.9 -0.573884
27.92 -0.572982
27.94 -0.573811
27.96 -0.576436
27.98 -0.580735
28 -0.586558
28.02 -0.593712
28.04 -0.601896
28.06 -0.61083
28.08 -0.620279
28.1 -0.630006
28.12 -0.639658
28.14 -0.6487
28.16 -0.656691
28.18 -0.663373
28.2 -0.668382
28.22 -0.671254
28.24 -0.671608
28.26 -0.669121
28.28 -0.663533
28.3 -0.654785
28.32 -0.643056
28.34 -0.6288
28.36 -0.613232
28.38 -0.598332
28.4 -0.585727
28.42 -0.575902
28.44 -0.568636
28.46 -0.563934
28.48 -0.562144
28.5 -0.563376
28.52 -0.567317
28.54 -0.573335
28.56 -0.580663
28.58 -0.588701
28.6 -0.597253
28.62 -0.606451
28.64 -0.616293
28.66 -0.626205
28.68 -0.635298
28.7 -0.64288
28.72 -0.648638
28.74 -0.652673
28.76 -0.655457
28.78 -0.657346
28.8 -0.658105
28.82 -0.657265
28.84 -0.6548
28.86 -0.650996
28.88 -0.645966
28.9 -0.639668
28.92 -0.632062
28.94 -0.623119
28.96 -0.612976
28.98 -0.602145
29 -0.591497
29.02 -0.581886
29.04 -0.573645
29.06 -0.566667
29.08 -0.56099
29.1 -0.557028
29.12 -0.555315
29.14 -0.556267
29.16 -0.560098
29.18 -0.566796
29.2 -0.57613
29.22 -0.587674
29.24 -0.600949
29.26 -0.615521
29.28 -0.630802
29.3 -0.645969
29.32 -0.66027
29.34 -0.673219
29.36 -0.684403
29.38 -0.693261
29.4 -0.699147
29.42 -0.701618
29.44 -0.700575
29.46 -0.696152
29.48 -0.688566
29.5 -0.678123
29.52 -0.66526
29.54 -0.650605
29.56 -0.635082
29.58 -0.619734
29.6 -0.605301
29.62 -0.592146
29.64 -0.580616
29.66 -0.571216
29.68 -0.564394
29.7 -0.560429
29.72 -0.559464
29.74 -0.561493
29.76 -0.566346
29.78 -0.573653
29.8 -0.582919
29.82 -0.593629
29.84 -0.605179
29.86 -0.616889
29.88 -0.628145
29.9 -0.638428
29.92 -0.647215
29.94 -0.654007
29.96 -0.658504
29.98 -0.66071
30 -0.660923
30.02 -0.65961
30.04 -0.657192
30.06 -0.653966
30.08 -0.650203
30.1 -0.646146
30.12 -0.64185
30.14 -0.637157
30.16 -0.631854
30.18 -0.625818
30.2 -0.619068
30.22 -0.6118
30.24 -0.60434
30.26 -0.596964
30.28 -0.589808
30.3 -0.582954
30.32 -0.576499
30.34 -0.570668
30.36 -0.565847
30.38 -0.562414
30.4 -0.560708
30.42 -0.561042
30.44 -0.563753
30.46 -0.569196
30.48 -0.577543
30.5 -0.588556
30.52 -0.601573
30.54 -0.615741
30.56 -0.630275
30.58 -0.644464
30.6 -0.657596
30.62 -0.668945
30.64 -0.677797
30.66 -0.683546
30.68 -0.685824
30.7 -0.684499
30.72 -0.67963
30.74 -0.671601
30.76 -0.661079
30.78 -0.6487
30.8 -0.635037
30.82 -0.620747
30.84 -0.606458
30.86 -0.592698
30.88 -0.579938
30.9 -0.568481
30.92 -0.55843
30.94 -0.549909
30.96 -0.54323
30.98 -0.538775
31 -0.536905
31.02 -0.53795
31.04 -0.542072
31.06 -0.5492
31.08 -0.559172
31.1 -0.571766
31.12 -0.586481
31.14 -0.602489
31.16 -0.618856
31.18 -0.634756
31.2 -0.649523
31.22 -0.662617
31.24 -0.673558
31.26 -0.681872
31.28 -0.687197
31.3 -0.689382
31.32 -0.688422
31.34 -0.684358
31.36 -0.677296
31.38 -0.667514
31.4 -0.655425
31.42 -0.641436
31.44 -0.626038
31.46 -0.609913
31.48 -0.593786
31.5 -0.578389
31.52 -0.564528
31.54 -0.552937
31.56 -0.54414
31.58 -0.538496
31.6 -0.536229
31.62 -0.537391
31.64 -0.54192
31.66 -0.549707
31.68 -0.560541
31.7 -0.574054
31.72 -0.589749
31.74 -0.606974
31.76 -0.624958
31.78 -0.642903
31.8 -0.660043
31.82 -0.675687
31.84 -0.689256
31.86 -0.700172
31.88 -0.707829
31.9 -0.711764
31.92 -0.711778
31.94 -0.707878
31.96 -0.70018
31.98 -0.688897
32 -0.674428
32.02 -0.657422
32.04 -0.638737
32.06 -0.619321
32.08 -0.600102
32.1 -0.581915
32.12 -0.565505
32.14 -0.551569
32.16 -0.540698
32.18 -0.533263
32.2 -0.529452
32.22 -0.529357
32.24 -0.532983
32.26 -0.540194
32.28 -0.550691
32.3 -0.564024
32.32 -0.57967
32.34 -0.597071
32.36 -0.615595
32.38 -0.634525
32.4 -0.653154
32.42 -0.670797
32.44 -0.686779
32.46 -0.700474
32.48 -0.711307
32.5 -0.718825
32.52 -0.722804
32.54 -0.723146
32.56 -0.719743
32.58 -0.712583
32.6 -0.701885
32.62 -0.688047
32.64 -0.671508
32.66 -0.652748
32.68 -0.632354
32.7 -0.611049
32.72 -0.589676
32.74 -0.569148
32.76 -0.550437
32.78 -0.534486
32.8 -0.522014
32.82 -0.513463
32.84 -0.509031
32.86 -0.508673
32.88 -0.512131
32.9 -0.518942
32.92 -0.528546
32.94 -0.540441
32.96 -0.554194
32.98 -0.569357
33 -0.585478
33.02 -0.602126
33.04 -0.618842
33.06 -0.635085
33.08 -0.650282
33.1 -0.663919
33.12 -0.675591
33.14 -0.68496
33.16 -0.691679
33.18 -0.695471
33.2 -0.696159
33.22 -0.693619
33.24 -0.687849
33.26 -0.679059
33.28 -0.667656
33.3 -0.654249
33.32 -0.639521
33.34 -0.624001
33.36 -0.608051
33.38 -0.59208
33.4 -0.57668
33.42 -0.562549
33.44 -0.550288
33.46 -0.540303
33.48 -0.532929
33.5 -0.528527
33.52 -0.527376
33.54 -0.529614
33.56 -0.535195
33.58 -0.543793
33.6 -0.554869
33.62 -0.567876
33.64 -0.582329
33.66 -0.59778
33.68 -0.613812
33.7 -0.629976
33.72 -0.645699
33.74 -0.660369
33.76 -0.67344
33.78 -0.684337
33.8 -0.692395
33.82 -0.697037
33.84 -0.697928
33.86 -0.694945
33.88 -0.688131
33.9 -0.677705
33.92 -0.664047
33.94 -0.64769
33.96 -0.629318
33.98 -0.609665
34 -0.589461
34.02 -0.569508
34.04 -0.550664
34.06 -0.53372
34.08 -0.519402
34.1 -0.508408
34.12 -0.501255
34.14 -0.498236
34.16 -0.499516
34.18 -0.505095
34.2 -0.514728
34.22 -0.527964
34.24 -0.544236
34.26 -0.562921
34.28 -0.583298
34.3 -0.604507
34.32 -0.625635
34.34 -0.645861
34.36 -0.664447
34.38 -0.680597
34.4 -0.693496
34.42 -0.702502
34.44 -0.707199
34.46 -0.707377
34.48 -0.703063
34.5 -0.694572
34.52 -0.682493
34.54 -0.667585
34.56 -0.65068
34.58 -0.632579
34.6 -0.613958
34.62 -0.59537
34.64 -0.577353
34.66 -0.560528
34.68 -0.545564
34.7 -0.533093
34.72 -0.523661
34.74 -0.51771
34.76 -0.515561
34.78 -0.517333
34.8 -0.522878
34.82 -0.531842
34.84 -0.543715
34.86 -0.557822
34.88 -0.573451
34.9 -0.589942
34.92 -0.606584
34.94 -0.622596
34.96 -0.637235
34.98 -0.649861
35 -0.660028
35.02 -0.667515
35.04 -0.672206
35.06 -0.674053
35.08 -0.673163
35.1 -0.669784
35.12 -0.66422
35.14 -0.656859
35.16 -0.648208
35.18 -0.638769
35.2 -0.628916
35.22 -0.61889
35.24 -0.608856
35.26 -0.599016
35.28 -0.589669
35.3 -0.581146
35.32 -0.573703
35.34 -0.567541
35.36 -0.562923
35.38 -0.56007
35.4 -0.559017
35.42 -0.559658
35.44 -0.561813
35.46 -0.565313
35.48 -0.570043
35.5 -0.575892
35.52 -0.582761
35.54 -0.59058
35.56 -0.5992
35.58 -0.608411
35.6 -0.618053
35.62 -0.627958
35.64 -0.637804
35.66 -0.647125
35.68 -0.655429
35.7 -0.662309
35.72 -0.667418
35.74 -0.670459
35.76 -0.671324
35.78 -0.669977
35.8 -0.666193
35.82 -0.659797
35.84 -0.651059
35.86 -0.640514
35.88 -0.628658
35.9 -0.616069
35.92 -0.603423
35.94 -0.591147
35.96 -0.579264
35.98 -0.567837
36 -0.55741
36.02 -0.548695
36.04 -0.542108
36.06 -0.53786
36.08 -0.536074
36.1 -0.536614
36.12 -0.539168
36.14 -0.543651
36.16 -0.550294
36.18 -0.559046
36.2 -0.569278
36.22 -0.580293
36.24 -0.591632
36.26 -0.603017
36.28 -0.614414
36.3 -0.625878
36.32 -0.637305
36.34 -0.648437
36.36 -0.658844
36.38 -0.66793
36.4 -0.675095
36.42 -0.679744
36.44 -0.68134
36.46 -0.679754
36.48 -0.675232
36.5 -0.66774
36.52 -0.656823
36.54 -0.642318
36.56 -0.624772
36.58 -0.605111
36.6 -0.584263
36.62 -0.563196
36.64 -0.543106
36.66 -0.525153
36.68 -0.510137
36.7 -0.498907
36.72 -0.492558
36.74 -0.491642
36.76 -0.495617
36.78 -0.503557
36.8 -0.515186
36.82 -0.530633
36.84 -0.549459
36.86 -0.570653
36.88 -0.593301
36.9 -0.616834
36.92 -0.640739
36.94 -0.664297
36.96 -0.686503
36.98 -0.705816
37 -0.720647
37.02 -0.730296
37.04 -0.734597
37.06 -0.733068
37.08 -0.72524
37.1 -0.711455
37.12 -0.692714
37.14 -0.670211
37.16 -0.645286
37.18 -0.619352
37.2 -0.593732
37.22 -0.569795
37.24 -0.549175
37.26 -0.533133
37.28 -0.521698
37.3 -0.514225
37.32 -0.510484
37.34 -0.51075
37.36 -0.51532
37.38 -0.52419
37.4 -0.53698
37.42 -0.552946
37.44 -0.571079
37.46 -0.590318
37.48 -0.609579
37.5 -0.627789
37.52 -0.644119
37.54 -0.658005
37.56 -0.668811
37.58 -0.67573
37.6 -0.678233
37.62 -0.676418
37.64 -0.670918
37.66 -0.662646
37.68 -0.652324
37.7 -0.640186
37.72 -0.626463
37.74 -0.61181
37.76 -0.597029
37.78 -0.582728
37.8 -0.569363
37.82 -0.557609
37.84 -0.548544
37.86 -0.543125
37.88 -0.541696
37.9 -0.544138
37.92 -0.549988
37.94 -0.558459
37.96 -0.568837
37.98 -0.580657
38 -0.59341
38.02 -0.606405
38.04 -0.618973
38.06 -0.630564
38.08 -0.640737
38.1 -0.649163
38.12 -0.655534
38.14 -0.659635
38.16 -0.661369
38.18 -0.660578
38.2 -0.657044
38.22 -0.6506
38.24 -0.641292
38.26 -0.629644
38.28 -0.616625
38.3 -0.603353
38.32 -0.590772
38.34 -0.579444
38.36 -0.569648
38.38 -0.561665
38.4 -0.555762
38.42 -0.551979
38.44 -0.550096
38.46 -0.549776
38.48 -0.550816
38.5 -0.553306
38.52 -0.557491
38.54 -0.563546
38.56 -0.571454
38.58 -0.581041
38.6 -0.592108
38.62 -0.604402
38.64 -0.617494
38.66 -0.630773
38.68 -0.643522
38.7 -0.655049
38.72 -0.664771
38.74 -0.672153
38.76 -0.676663
38.78 -0.677891
38.8 -0.675661
38.82 -0.670074
38.84 -0.661518
38.86 -0.650644
38.88 -0.638225
38.9 -0.624965
38.92 -0.611501
38.94 -0.598465
38.96 -0.586384
38.98 -0.575545
39 -0.566007
39.02 -0.557722
39.04 -0.550615
39.06 -0.544596
39.08 -0.539559
39.1 -0.535416
39.12 -0.532251
39.14 -0.530474
39.16 -0.530744
39.18 -0.533644
39.2 -0.539422
39.22 -0.547977
39.24 -0.558988
39.26 -0.572
39.28 -0.586432
39.3 -0.601613
39.32 -0.61688
39.34 -0.631629
39.36 -0.645346
39.38 -0.657649
39.4 -0.668206
39.42 -0.676607
39.44 -0.682435
39.46 -0.685439
39.48 -0.685512
39.5 -0.682583
39.52 -0.676583
39.54 -0.667543
39.56 -0.655719
39.58 -0.641603
39.6 -0.625787
39.62 -0.608767
39.64 -0.590936
39.66 -0.57274
39.68 -0.554761
39.7 -0.537657
39.72 -0.522099
39.74 -0.508819
39.76 -0.498582
39.78 -0.49202
39.8 -0.489562
39.82 -0.491455
39.84 -0.497702
39.86 -0.508064
39.88 -0.522141
39.9 -0.539384
39.92 -0.559082
39.94 -0.580344
39.96 -0.602168
39.98 -0.623629
40 -0.643961
40.02 -0.66248
40.04 -0.678535
40.06 -0.691554
40.08 -0.70112
40.1 -0.706952
40.12 -0.708754
40.14 -0.706306
40.16 -0.699644
40.18 -0.689021
40.2 -0.674868
40.22 -0.657857
40.24 -0.638828
40.26 -0.618678
40.28 -0.598338
40.3 -0.578695
40.32 -0.560519
40.34 -0.544445
40.36 -0.530993
40.38 -0.52057
40.4 -0.513435
40.42 -0.509611
40.44 -0.508938
40.46 -0.511182
40.48 -0.516082
40.5 -0.523373
40.52 -0.532789
40.54 -0.544094
40.56 -0.557114
40.58 -0.571526
40.6 -0.586731
40.62 -0.602075
40.64 -0.617072
40.66 -0.631454
40.68 -0.64507
40.7 -0.657656
40.72 -0.668798
40.74 -0.678086
40.76 -0.685226
40.78 -0.690062
40.8 -0.692456
40.82 -0.692114
40.84 -0.688633
40.86 -0.681729
40.88 -0.671389
40.9 -0.657985
40.92 -0.642166
40.94 -0.624579
40.96 -0.605818
40.98 -0.58653
41 -0.567369
41.02 -0.549
41.04 -0.532176
41.06 -0.517625
41.08 -0.505934
41.1 -0.49757
41.12 -0.492852
41.14 -0.491975
41.16 -0.495072
41.18 -0.502187
41.2 -0.513241
41.22 -0.527972
41.24 -0.545887
41.26 -0.566259
41.28 -0.588241
41.3 -0.610974
41.32 -0.633548
41.34 -0.655012
41.36 -0.674463
41.38 -0.691087
41.4 -0.704182
41.42 -0.713179
41.44 -0.717596
41.46 -0.717066
41.48 -0.711444
41.5 -0.700899
41.52 -0.685883
41.54 -0.667039
41.56 -0.645124
41.58 -0.621022
41.6 -0.595791
41.62 -0.570589
41.64 -0.54653
41.66 -0.524592
41.68 -0.505592
41.7 -0.490205
41.72 -0.479034
41.74 -0.472633
41.76 -0.471417
41.78 -0.475533
41.8 -0.484835
41.82 -0.498883
41.84 -0.516901
41.86 -0.537858
41.88 -0.560642
41.9 -0.584159
41.92 -0.607336
41.94 -0.629145
41.96 -0.64867
41.98 -0.665154
42 -0.678052
42.02 -0.68706
42.04 -0.692089
42.06 -0.693219
42.08 -0.690638
42.1 -0.684565
42.12 -0.675238
42.14 -0.662957
42.16 -0.648128
42.18 -0.631314
42.2 -0.613228
42.22 -0.594638
42.24 -0.576311
42.26 -0.558997
42.28 -0.543425
42.3 -0.530284
42.32 -0.520177
42.34 -0.513536
42.36 -0.510528
42.38 -0.511113
42.4 -0.51513
42.42 -0.522249
42.44 -0.532008
42.46 -0.543911
42.48 -0.557426
42.5 -0.571994
42.52 -0.587028
42.54 -0.601887
42.56 -0.615935
42.58 -0.628609
42.6 -0.639441
42.62 -0.648039
42.64 -0.654087
42.66 -0.657402
42.68 -0.657921
42.7 -0.655662
42.72 -0.650716
42.74 -0.643281
42.76 -0.633726
42.78 -0.622574
42.8 -0.61035
42.82 -0.597541
42.84 -0.584707
42.86 -0.57249
42.88 -0.561502
42.9 -0.55226
42.92 -0.545134
42.94 -0.540361
42.96 -0.538123
42.98 -0.538556
43 -0.541636
43.02 -0.547109
43.04 -0.554549
43.06 -0.563474
43.08 -0.573421
43.1 -0.583944
43.12 -0.594551
43.14 -0.60473
43.16 -0.614006
43.18 -0.621968
43.2 -0.628318
43.22 -0.632891
43.24 -0.635615
43.26 -0.636506
43.28 -0.635671
43.3 -0.633289
43.32 -0.629615
43.34 -0.624948
43.36 -0.619595
43.38 -0.61385
43.4 -0.607965
43.42 -0.60209
43.44 -0.596267
43.46 -0.590509
43.48 -0.584839
43.5 -0.579297
43.52 -0.573948
43.54 -0.568915
43.56 -0.564386
43.58 -0.560598
43.6 -0.557818
43.62 -0.556298
43.64 -0.556205
43.66 -0.557598
43.68 -0.560448
43.7 -0.564689
43.72 -0.570213
43.74 -0.576816
43.76 -0.584222
43.78 -0.592131
43.8 -0.600177
43.82 -0.607947
43.84 -0.615065
43.86 -0.621254
43.88 -0.626347
43.9 -0.630229
43.92 -0.632778
43.94 -0.633908
43.96 -0.633627
43.98 -0.631995
44 -0.629073
44.02 -0.62493
44.04 -0.619657
44.06 -0.613384
44.08 -0.606313
44.1 -0.598728
44.12 -0.590939
44.14 -0.583247
44.16 -0.575956
44.18 -0.569389
44.2 -0.563879
44.22 -0.559735
44.24 -0.557188
44.26 -0.556382
44.28 -0.55739
44.3 -0.560215
44.32 -0.564736
44.34 -0.570689
44.36 -0.577722
44.38 -0.585472
44.4 -0.593533
44.42 -0.601439
44.44 -0.608735
44.46 -0.615
44.48 -0.619903
44.5 -0.623293
44.52 -0.62518
44.54 -0.625639
44.56 -0.624787
44.58 -0.622779
44.6 -0.619801
44.62 -0.61605
44.64 -0.611699
44.66 -0.606892
44.68 -0.601776
44.7 -0.596522
44.72 -0.591289
44.74 -0.586205
44.76 -0.581403
44.78 -0.577009
44.8 -0.573177
44.82 -0.570091
44.84 -0.567885
44.86 -0.566606
44.88 -0.566237
44.9 -0.566755
44.92 -0.568157
44.94 -0.570424
44.96 -0.573494
44.98 -0.577278
45 -0.58168
45.02 -0.586583
45.04 -0.591811
45.06 -0.59712
45.08 -0.602235
45.1 -0.606928
45.12 -0.611017
45.14 -0.614329
45.16 -0.616734
45.18 -0.618161
45.2 -0.61859
45.22 -0.618006
45.24 -0.61635
45.26 -0.613544
45.28 -0.609559
45.3 -0.604489
45.32 -0.598538
45.34 -0.591949
45.36 -0.585052
45.38 -0.578273
45.4 -0.572043
45.42 -0.566713
45.44 -0.562465
45.46 -0.559426
45.48 -0.557761
45.5 -0.557587
45.52 -0.558929
45.54 -0.561742
45.56 -0.565936
45.58 -0.571359
45.6 -0.577781
45.62 -0.584901
45.64 -0.592391
45.66 -0.599967
45.68 -0.607383
45.7 -0.614364
45.72 -0.620594
45.74 -0.625787
45.76 -0.629757
45.78 -0.632403
45.8 -0.633605
45.82 -0.633216
45.84 -0.631147
45.86 -0.627409
45.88 -0.622086
45.9 -0.615322
45.92 -0.607317
45.94 -0.598318
45.96 -0.588653
45.98 -0.578793
46 -0.569319
46.02 -0.560745
46.04 -0.553437
46.06 -0.54768
46.08 -0.543722
46.1 -0.541805
46.12 -0.54212
46.14 -0.544715
46.16 -0.549528
46.18 -0.556348
46.2 -0.564761
46.22 -0.574277
46.24 -0.584483
46.26 -0.594971
46.28 -0.605243
46.3 -0.61483
46.32 -0.623363
46.34 -0.630496
46.36 -0.63594
46.38 -0.639489
46.4 -0.640996
46.42 -0.640419
46.44 -0.637806
46.46 -0.633256
46.48 -0.626966
46.5 -0.61925
46.52 -0.610479
46.54 -0.60104
46.56 -0.591334
46.58 -0.581749
46.6 -0.572662
46.62 -0.56444
46.64 -0.557409
46.66 -0.551844
46.68 -0.547977
46.7 -0.546
46.72 -0.546015
46.74 -0.547996
46.76 -0.551822
46.78 -0.557291
46.8 -0.564107
46.82 -0.571917
46.84 -0.580328
46.86 -0.589017
46.88 -0.597759
46.9 -0.606302
46.92 -0.61435
46.94 -0.621553
46.96 -0.627536
46.98 -0.632011
47 -0.634821
47.02 -0.635906
47.04 -0.635243
47.06 -0.632839
47.08 -0.628832
47.1 -0.623482
47.12 -0.616994
47.14 -0.609545
47.16 -0.60145
47.18 -0.593125
47.2 -0.584968
47.22 -0.577287
47.24 -0.570313
47.26 -0.564262
47.28 -0.559317
47.3 -0.555561
47.32 -0.552992
47.34 -0.551545
47.36 -0.551116
47.38 -0.551645
47.4 -0.553184
47.42 -0.555914
47.44 -0.56005
47.46 -0.565635
47.48 -0.572427
47.5 -0.580052
47.52 -0.588185
47.54 -0.596498
47.56 -0.604562
47.58 -0.611966
47.6 -0.618434
47.62 -0.623789
47.64 -0.627901
47.66 -0.630698
47.68 -0.632169
47.7 -0.632306
47.72 -0.631089
47.74 -0.628481
47.76 -0.624462
47.78 -0.619101
47.8 -0.612573
47.82 -0.605133
47.84 -0.597108
47.86 -0.588889
47.88 -0.580889
47.9 -0.573498
47.92 -0.567017
47.94 -0.561672
47.96 -0.557683
47.98 -0.555222
48 -0.554341
48.02 -0.554987
48.04 -0.55704
48.06 -0.560386
48.08 -0.564972
48.1 -0.570744
48.12 -0.577504
48.14 -0.584851
48.16 -0.592392
48.18 -0.599893
48.2 -0.607143
48.22 -0.613885
48.24 -0.619857
48.26 -0.624785
48.28 -0.628426
48.3 -0.630585
48.32 -0.631056
48.34 -0.629697
48.36 -0.626543
48.38 -0.621747
48.4 -0.615517
48.42 -0.608105
48.44 -0.599813
48.46 -0.590989
48.48 -0.582029
48.5 -0.573386
48.52 -0.565504
48.54 -0.558781
48.56 -0.553596
48.58 -0.550223
48.6 -0.548801
48.62 -0.549375
48.64 -0.551923
48.66 -0.55632
48.68 -0.562267
48.7 -0.569361
48.72 -0.577221
48.74 -0.585508
48.76 -0.593877
48.78 -0.601946
48.8 -0.609375
48.82 -0.615897
48.84 -0.621273
48.86 -0.625295
48.88 -0.627809
48.9 -0.628723
48.92 -0.628016
48.94 -0.625731
48.96 -0.621975
48.98 -0.616906
49 -0.61074
49.02 -0.603739
49.04 -0.596191
49.06 -0.588398
49.08 -0.580667
49.1 -0.573313
49.12 -0.566599
49.14 -0.560712
49.16 -0.555817
49.18 -0.552098
49.2 -0.549766
49.22 -0.548969
49.24 -0.549751
49.26 -0.552141
49.28 -0.556149
49.3 -0.561679
49.32 -0.568523
49.34 -0.57639
49.36 -0.584922
49.38 -0.593755
49.4 -0.602531
49.42 -0.610857
49.44 -0.618356
49.46 -0.624709
49.48 -0.629652
49.5 -0.633
49.52 -0.634664
49.54 -0.634647
49.56 -0.632984
49.58 -0.629734
49.6 -0.625065
49.62 -0.619268
49.64 -0.612703
49.66 -0.605766
49.68 -0.59881
49.7 -0.592129
49.72 -0.585971
49.74 -0.580509
49.76 -0.575839
49.78 -0.571999
49.8 -0.569032
49.82 -0.567032
49.84 -0.566095
49.86 -0.56622
49.88 -0.567297
49.9 -0.569194
49.92 -0.571817
49.94 -0.575085
49.96 -0.578917
49.98 -0.58323
50 -0.587913
50.02 -0.592831
50.04 -0.597828
50.06 -0.602674
50.08 -0.607089
50.1 -0.610849
50.12 -0.613831
50.14 -0.615974
50.16 -0.617246
50.18 -0.6176
50.2 -0.616972
50.22 -0.615375
50.24 -0.612919
50.26 -0.609722
50.28 -0.60588
50.3 -0.601511
50.32 -0.596746
50.34 -0.591709
50.36 -0.586562
50.38 -0.581518
50.4 -0.576784
50.42 -0.572528
50.44 -0.568889
50.46 -0.565974
50.48 -0.563896
50.5 -0.562796
50.52 -0.562794
50.54 -0.56392
50.56 -0.5661
50.58 -0.56919
50.6 -0.573023
50.62 -0.577404
50.64 -0.582153
50.66 -0.587114
50.68 -0.592121
50.7 -0.596974
50.72 -0.601473
50.74 -0.605446
50.76 -0.608763
50.78 -0.611329
50.8 -0.613061
50.82 -0.61392
50.84 -0.61396
50.86 -0.613274
50.88 -0.611927
50.9 -0.609989
50.92 -0.607551
50.94 -0.604699
50.96 -0.601549
50.98 -0.598265
51 -0.594995
51.02 -0.591841
51.04 -0.58889
51.06 -0.58623
51.08 -0.583923
51.1 -0.582027
51.12 -0.580598
51.14 -0.579683
51.16 -0.579344
51.18 -0.579634
51.2 -0.580535
51.22 -0.581971
51.24 -0.583852
51.26 -0.586054
51.28 -0.588386
51.3 -0.590622
51.32 -0.592527
51.34 -0.593981
51.36 -0.595174
51.38 -0.596515
51.4 -0.598337
51.42 -0.600663
51.44 -0.603093
51.46 -0.605
51.48 -0.605965
51.5 -0.605943
51.52 -0.604999
51.54 -0.603156
51.56 -0.600511
51.58 -0.597247
51.6 -0.593623
51.62 -0.589945
51.64 -0.586399
51.66 -0.583
51.68 -0.579707
51.7 -0.576541
51.72 -0.573614
51.74 -0.571091
51.76 -0.569155
51.78 -0.567985
51.8 -0.567778
51.82 -0.568722
51.84 -0.570866
51.86 -0.574059
51.88 -0.578055
51.9 -0.582625
51.92 -0.587558
51.94 -0.592621
51.96 -0.597548
51.98 -0.602062
52 -0.605922
52.02 -0.608963
52.04 -0.611123
52.06 -0.612418
52.08 -0.612895
52.1 -0.612572
52.12 -0.611445
52.14 -0.609569
52.16 -0.607063
52.18 -0.604006
52.2 -0.600415
52.22 -0.596293
52.24 -0.591697
52.26 -0.586781
52.28 -0.581771
52.3 -0.576926
52.32 -0.572498
52.34 -0.568732
52.36 -0.565873
52.38 -0.56411
52.4 -0.563549
52.42 -0.564225
52.44 -0.566104
52.46 -0.56905
52.48 -0.57284
52.5 -0.577261
52.52 -0.582138
52.54 -0.58733
52.56 -0.592696
52.58 -0.598093
52.6 -0.603376
52.62 -0.60837
52.64 -0.612886
52.66 -0.616743
52.68 -0.619779
52.7 -0.621833
52.72 -0.622747
52.74 -0.622439
52.76 -0.620937
52.78 -0.618333
52.8 -0.61476
52.82 -0.610377
52.84 -0.605358
52.86 -0.599907
52.88 -0.594263
52.9 -0.588661
52.92 -0.583269
52.94 -0.578242
52.96 -0.573784
52.98 -0.5701
53 -0.567325
53.02 -0.565521
53.04 -0.564713
53.06 -0.564901
53.08 -0.566048
53.1 -0.568062
53.12 -0.570817
53.14 -0.574187
53.16 -0.578035
53.18 -0.582184
53.2 -0.586475
53.22 -0.590783
53.24 -0.594981
53.26 -0.598942
53.28 -0.602554
53.3 -0.605724
53.32 -0.608383
53.34 -0.610488
53.36 -0.611992
53.38 -0.612822
53.4 -0.612922
53.42 -0.61227
53.44 -0.610852
53.46 -0.608693
53.48 -0.605881
53.5 -0.602531
53.52 -0.598758
53.54 -0.594675
53.56 -0.590422
53.58 -0.586166
53.6 -0.582096
53.62 -0.57842
53.64 -0.575342
53.66 -0.573021
53.68 -0.571554
53.7 -0.571003
53.72 -0.571366
53.74 -0.572566
53.76 -0.574495
53.78 -0.577026
53.8 -0.58002
53.82 -0.583347
53.84 -0.586872
53.86 -0.590429
53.88 -0.593876
53.9 -0.597131
53.92 -0.600102
53.94 -0.602667
53.96 -0.604709
53.98 -0.606139
54 -0.606904
54.02 -0.606988
54.04 -0.606392
54.06 -0.60512
54.08 -0.603189
54.1 -0.600657
54.12 -0.597609
54.14 -0.59415
54.16 -0.590444
54.18 -0.586676
54.2 -0.583044
54.22 -0.579792
54.24 -0.577148
54.26 -0.575262
54.28 -0.57423
54.3 -0.574083
54.32 -0.574789
54.34 -0.576295
54.36 -0.578534
54.38 -0.581418
54.4 -0.584836
54.42 -0.588635
54.44 -0.592605
54.46 -0.596502
54.48 -0.600099
54.5 -0.60321
54.52 -0.605681
54.54 -0.607393
54.56 -0.608288
54.58 -0.608364
54.6 -0.607658
54.62 -0.6062
54.64 -0.604033
54.66 -0.601244
54.68 -0.597991
54.7 -0.594491
54.72 -0.590964
54.74 -0.587598
54.76 -0.584579
54.78 -0.582064
54.8 -0.580164
54.82 -0.578959
54.84 -0.578463
54.86 -0.578606
54.88 -0.579283
54.9 -0.580365
54.92 -0.58173
54.94 -0.583293
54.96 -0.584963
54.98 -0.586634
55 -0.588246
55.02 -0.589789
55.04 -0.591258
55.06 -0.592636
55.08 -0.593903
55.1 -0.59504
55.12 -0.595997
55.14 -0.596733
55.16 -0.597231
55.18 -0.597473
55.2 -0.59743
55.22 -0.597058
55.24 -0.596324
55.26 -0.595221
55.28 -0.593781
55.3 -0.592077
55.32 -0.590193
55.34 -0.588197
55.36 -0.586185
55.38 -0.584305
55.4 -0.582688
55.42 -0.581416
55.44 -0.580558
55.46 -0.580167
55.48 -0.580267
55.5 -0.580892
55.52 -0.58207
55.54 -0.583769
55.56 -0.585905
55.58 -0.588351
55.6 -0.590971
55.62 -0.593623
55.64 -0.596176
55.66 -0.598561
55.68 -0.600739
55.7 -0.602621
55.72 -0.604085
55.74 -0.605022
55.76 -0.605372
55.78 -0.605122
55.8 -0.60428
55.82 -0.602849
55.84 -0.600862
55.86 -0.598386
55.88 -0.595452
55.9 -0.59206
55.92 -0.588297
55.94 -0.584516
55.96 -0.581233
55.98 -0.578812
56 -0.577381
56.02 -0.576855
56.04 -0.577037
56.06 -0.577814
56.08 -0.579111
56.1 -0.580769
56.12 -0.582572
56.14 -0.584347
56.16 -0.58608
56.18 -0.587852
56.2 -0.589732
56.22 -0.591754
56.24 -0.59387
56.26 -0.595962
56.28 -0.597904
56.3 -0.599544
56.32 -0.600717
56.34 -0.601313
56.36 -0.601288
56.38 -0.600664
56.4 -0.599533
56.42 -0.598011
56.44 -0.596159
56.46 -0.593968
56.48 -0.591435
56.5 -0.588652
56.52 -0.585766
56.54 -0.582913
56.56 -0.580209
56.58 -0.577766
56.6 -0.575747
56.62 -0.574345
56.64 -0.573697
56.66 -0.573853
56.68 -0.574772
56.7 -0.576387
56.72 -0.578647
56.74 -0.581468
56.76 -0.584716
56.78 -0.588229
56.8 -0.591839
56.82 -0.595371
56.84 -0.598663
56.86 -0.601582
56.88 -0.603984
56.9 -0.605778
56.92 -0.606965
56.94 -0.607562
56.96 -0.607609
56.98 -0.607192
57 -0.606382
57.02 -0.605212
57.04 -0.603722
57.06 -0.601997
57.08 -0.600097
57.1 -0.597999
57.12 -0.595671
57.14 -0.593172
57.16 -0.590626
57.18 -0.588153
57.2 -0.585837
57.22 -0.583732
57.24 -0.581921
57.26 -0.58052
57.28 -0.579626
57.3 -0.579261
57.32 -0.579386
57.34 -0.579967
57.36 -0.580982
57.38 -0.582369
57.4 -0.584022
57.42 -0.585834
57.44 -0.587722
57.46 -0.589636
57.48 -0.591561
57.5 -0.593455
57.52 -0.595227
57.54 -0.596778
57.56 -0.598062
57.58 -0.599055
57.6 -0.59972
57.62 -0.599998
57.64 -0.599845
57.66 -0.599263
57.68 -0.59829
57.7 -0.596991
57.72 -0.595438
57.74 -0.593708
57.76 -0.591879
57.78 -0.590036
57.8 -0.588269
57.82 -0.586654
57.84 -0.585243
57.86 -0.584069
57.88 -0.583171
57.9 -0.582594
57.92 -0.582373
57.94 -0.582507
57.96 -0.582972
57.98 -0.583749
58 -0.584814
58.02 -0.586129
58.04 -0.587649
58.06 -0.589317
58.08 -0.591057
58.1 -0.592788
58.12 -0.594435
58.14 -0.595929
58.16 -0.597205
58.18 -0.598208
58.2 -0.598892
58.22 -0.599225
58.24 -0.59919
58.26 -0.598791
58.28 -0.598047
58.3 -0.59699
58.32 -0.595664
58.34 -0.594121
58.36 -0.592425
58.38 -0.590644
58.4 -0.588847
58.42 -0.587105
58.44 -0.585488
58.46 -0.584062
58.48 -0.582888
58.5 -0.582014
58.52 -0.581478
58.54 -0.581299
58.56 -0.581485
58.58 -0.58203
58.6 -0.582911
58.62 -0.584089
58.64 -0.585518
58.66 -0.587138
58.68 -0.588881
58.7 -0.590677
58.72 -0.592451
58.74 -0.594132
58.76 -0.59565
58.78 -0.596942
58.8 -0.597956
58.82 -0.598651
58.84 -0.598997
58.86 -0.598982
58.88 -0.598605
58.9 -0.597882
58.92 -0.596842
58.94 -0.595529
58.96 -0.593996
58.98 -0.592305
59 -0.590527
59.02 -0.588734
59.04 -0.586999
59.06 -0.585394
59.08 -0.583984
59.1 -0.582827
59.12 -0.581969
59.14 -0.581447
59.16 -0.581281
59.18 -0.581477
59.2 -0.582028
59.22 -0.582911
59.24 -0.58409
59.26 -0.585515
59.28 -0.587129
59.3 -0.588864
59.32 -0.59065
59.34 -0.592414
59.36 -0.594082
59.38 -0.595587
59.4 -0.596866
59.42 -0.597867
59.44 -0.598549
59.46 -0.598885
59.48 -0.598859
59.5 -0.598474
59.52 -0.597745
59.54 -0.596701
59.56 -0.595387
59.58 -0.593854
59.6 -0.592167
59.62 -0.590395
59.64 -0.588609
59.66 -0.586884
59.68 -0.585289
59.7 -0.583891
59.72 -0.582745
59.74 -0.5819
59.76 -0.581388
59.78 -0.581232
59.8 -0.581437
59.82 -0.581995
59.84 -0.582882
59.86 -0.584063
59.88 -0.585488
59.9 -0.587099
59.92 -0.58883
59.94 -0.590609
59.96 -0.592363
59.98 -0.594031
