0.02 3.88034e-05
0.04 0.000109934
0.06 0.000120357
0.08 5.50818e-05
0.1 1.57719e-05
0.12 5.89171e-05
0.14 0.000113897
0.16 9.84986e-05
0.18 4.43856e-05
0.2 4.16917e-05
0.22 9.78908e-05
0.24 0.000132115
0.26 0.000104789
0.28 7.57687e-05
0.3 0.000105032
0.32 0.000153123
0.34 0.000159257
0.36 0.000146371
0.38 0.00014121
0.4 7.41648e-05
0.42 -9.36301e-05
0.44 -8.55181e-05
0.46 0.000260191
0.48 0.000411051
0.5 1.50736e-05
0.52 -0.000388959
0.54 -0.000282975
0.56 -8.30429e-05
0.58 -0.000410124
0.6 -0.000755307
0.62 -0.000344537
0.64 0.000135502
0.66 -0.000168138
0.68 -0.00103817
0.7 -0.00152079
0.72 -0.000358801
0.74 0.00130954
0.76 0.000936775
0.78 -0.000504059
0.8 0.000135963
0.82 0.00277986
0.84 0.00416646
0.86 0.00254415
0.88 -3.15966e-05
0.9 -0.000549779
0.92 0.00110946
0.94 0.00200938
0.96 -0.000138277
0.98 -0.00318401
1 -0.0030636
1.02 0.000214081
1.04 0.00217792
1.06 -0.000216886
1.08 -0.004212
1.1 -0.0048733
1.12 -0.00144438
1.14 0.00222706
1.16 0.00178202
1.18 -0.0029199
1.2 -0.00552642
1.22 -0.0013432
1.24 0.00384793
1.26 0.00215595
1.28 -0.00451233
1.3 -0.00819031
1.32 -0.00421862
1.34 0.00426006
1.36 0.00884272
1.38 0.00461631
1.4 -0.00390392
1.42 -0.00708842
1.44 -0.00194528
1.46 0.0031063
1.48 -0.0012471
1.5 -0.0124368
1.52 -0.0212358
1.54 -0.0228911
1.56 -0.0179343
1.58 -0.0101224
1.6 -0.00371858
1.62 -0.000790444
1.64 -0.00124864
1.66 -0.00360935
1.68 -0.00612754
1.7 -0.00746529
1.72 -0.00717596
1.74 -0.00643917
1.76 -0.00611021
1.78 -0.00546423
1.8 -0.00505207
1.82 -0.00683868
1.84 -0.0112134
1.86 -0.0155289
1.88 -0.0143353
1.9 -0.00551543
1.92 0.0034887
1.94 0.00265315
1.96 -0.00827765
1.98 -0.020392
2 -0.0275158
2.02 -0.031321
2.04 -0.036605
2.06 -0.0468477
2.08 -0.06366
2.1 -0.0875178
2.12 -0.116491
2.14 -0.145577
2.16 -0.169394
2.18 -0.183237
2.2 -0.182851
2.22 -0.167497
2.24 -0.139894
2.26 -0.103391
2.28 -0.0640372
2.3 -0.0298249
2.32 -0.00629525
2.34 0.00266537
2.36 -0.0032692
2.38 -0.0198969
2.4 -0.0463094
2.42 -0.083437
2.44 -0.12642
2.46 -0.167961
2.48 -0.202123
2.5 -0.222297
2.52 -0.22232
2.54 -0.200966
2.56 -0.160247
2.58 -0.1001
2.6 -0.0189307
