0.02 1.366e-05
0.04 3.86974e-05
0.06 4.23584e-05
0.08 1.9378e-05
0.1 5.5474e-06
0.12 2.07351e-05
0.14 4.00793e-05
0.16 3.46551e-05
0.18 1.56138e-05
0.2 1.46723e-05
0.22 3.44513e-05
0.24 4.6491e-05
0.26 3.68737e-05
0.28 2.66656e-05
0.3 3.69654e-05
0.32 5.38853e-05
0.34 5.60392e-05
0.36 5.15061e-05
0.38 4.96949e-05
0.4 2.60907e-05
0.42 -3.29851e-05
0.44 -3.01264e-05
0.46 9.15874e-05
0.48 0.000144654
0.5 5.26444e-06
0.52 -0.000136919
0.54 -9.96758e-05
0.56 -2.93376e-05
0.58 -0.000144366
0.6 -0.000265647
0.62 -0.00012105
0.64 4.77808e-05
0.66 -5.88972e-05
0.68 -0.00036481
0.7 -0.000534064
0.72 -0.00012309
0.74 0.00046463
0.76 0.000330354
0.78 -0.000179103
0.8 4.78817e-05
0.82 0.000975135
0.84 0.00137528
0.86 0.000668827
0.88 -0.000177397
0.9 -0.000110204
0.92 0.000544018
0.94 0.000610107
0.96 -0.000322474
0.98 -0.00116974
1 -0.000802657
1.02 0.000284423
1.04 0.000568017
1.06 -0.000427845
1.08 -0.00142703
1.1 -0.00116028
1.12 -4.84034e-05
1.14 0.000575266
1.16 4.19967e-05
1.18 -0.00109094
1.2 -0.00118336
1.22 0.000256991
1.24 0.00107878
1.26 -0.000149575
1.28 -0.00169454
1.3 -0.00149867
1.32 0.000165444
1.34 0.00148103
1.36 0.00106585
1.38 -0.00045242
1.4 -0.00102018
1.42 3.46183e-05
1.44 0.000875198
1.46 -0.000358018
1.48 -0.00265783
1.5 -0.00327441
1.52 -0.00160189
1.54 -7.89014e-05
1.56 -0.00077813
1.58 -0.00245115
1.6 -0.0022478
1.62 -3.8733e-05
1.64 0.00122304
1.66 -1.5269e-05
1.68 -0.00171582
1.7 -0.00141679
1.72 0.0002069
1.74 0.000440468
1.76 -0.00105649
1.78 -0.00172592
1.8 -0.000661313
1.82 3.72652e-05
1.84 -0.00103507
1.86 -0.00227097
1.88 -0.00120698
1.9 0.00118081
1.92 0.000999981
1.94 -0.00215322
1.96 -0.00372538
1.98 -0.00135184
2 0.000984286
2.02 -0.000859546
2.04 -0.00457209
2.06 -0.00502912
2.08 -0.0019427
2.1 -1.25325e-05
2.12 -0.00179905
2.14 -0.0041249
2.16 -0.00321612
2.18 -1.68952e-05
2.2 0.00144968
2.22 -0.000580975
2.24 -0.00322464
2.26 -0.00280855
2.28 -0.000484493
2.3 -0.000369989
2.32 -0.00291099
2.34 -0.00452504
2.36 -0.00276182
2.38 0.000184175
2.4 -0.000158093
2.42 -0.00375417
2.44 -0.00538744
2.46 -0.00251523
2.48 0.00103652
2.5 0.00096835
2.52 -0.00160741
2.54 -0.00258768
2.56 -0.000484244
2.58 0.00246677
2.6 0.00378737
2.62 0.00349022
2.64 0.0032837
2.66 0.0043791
2.68 0.00686226
2.7 0.0104666
2.72 0.014931
2.74 0.0209822
2.76 0.0319629
2.78 0.0526269
2.8 0.0858831
2.82 0.131833
2.84 0.188314
2.86 0.251647
2.88 0.317336
2.9 0.381104
2.92 0.440632
2.94 0.494891
2.96 0.542482
2.98 0.582371
3 0.614549
3.02 0.636696
3.04 0.643384
3.06 0.631432
3.08 0.599971
3.1 0.547646
3.12 0.474468
3.14 0.382131
3.16 0.272365
3.18 0.146855
3.2 0.00681783
3.22 -0.140436
3.24 -0.286656
3.26 -0.431684
3.28 -0.576863
3.3 -0.720348
3.32 -0.859386
3.34 -0.991579
3.36 -1.11328
3.38 -1.22048
3.4 -1.30986
3.42 -1.37748
3.44 -1.41744
3.46 -1.42165
3.48 -1.38467
3.5 -1.30655
3.52 -1.18986
3.54 -1.03896
3.56 -0.85985
3.58 -0.657905
3.6 -0.436357
3.62 -0.19672
3.64 0.0575126
3.66 0.316358
3.68 0.564426
3.7 0.790724
3.72 0.991709
3.74 1.16323
3.76 1.29886
3.78 1.39395
3.8 1.44588
3.82 1.4524
3.84 1.41439
3.86 1.33538
3.88 1.21788
3.9 1.06598
3.92 0.885497
3.94 0.680893
3.96 0.455106
3.98 0.212381
4 -0.0394409
4.02 -0.293275
4.04 -0.545802
4.06 -0.793463
4.08 -1.02923
4.1 -1.24423
4.12 -1.43294
4.14 -1.59267
4.16 -1.71977
4.18 -1.81164
4.2 -1.87055
4.22 -1.90119
4.24 -1.90813
4.26 -1.89472
4.28 -1.8634
4.3 -1.81722
4.32 -1.75646
4.34 -1.67752
4.36 -1.58049
4.38 -1.47078
4.4 -1.35399
4.42 -1.23502
4.44 -1.11852
4.46 -1.00672
4.48 -0.898013
4.5 -0.792897
4.52 -0.697169
4.54 -0.615052
4.56 -0.547027
4.58 -0.492767
4.6 -0.452356
4.62 -0.426239
4.64 -0.412636
4.66 -0.40791
4.68 -0.410072
4.7 -0.417787
4.72 -0.428467
4.74 -0.439476
4.76 -0.448875
4.78 -0.457137
4.8 -0.467941
4.82 -0.483462
4.84 -0.502547
4.86 -0.524105
4.88 -0.548006
4.9 -0.573946
4.92 -0.60203
4.94 -0.633612
4.96 -0.669607
4.98 -0.709833
5 -0.755306
5.02 -0.808427
5.04 -0.871323
5.06 -0.943092
5.08 -1.01628
5.1 -1.0817
5.12 -1.13559
5.14 -1.17695
5.16 -1.20409
5.18 -1.21518
5.2 -1.2085
5.22 -1.18239
5.24 -1.13799
5.26 -1.08221
5.28 -1.02218
5.3 -0.959661
5.32 -0.893306
5.34 -0.821619
5.36 -0.744855
5.38 -0.66544
5.4 -0.586514
5.42 -0.510638
5.44 -0.438246
5.46 -0.368157
5.48 -0.300181
5.5 -0.235344
5.52 -0.17463
5.54 -0.119175
5.56 -0.0710047
5.58 -0.0324143
5.6 -0.00495439
5.62 0.0103381
5.64 0.0134107
5.66 0.00527275
5.68 -0.0140315
5.7 -0.0449271
5.72 -0.0865062
5.74 -0.137289
5.76 -0.195877
5.78 -0.260976
5.8 -0.33118
5.82 -0.403976
5.84 -0.476592
5.86 -0.547679
5.88 -0.616653
5.9 -0.683079
5.92 -0.745797
5.94 -0.801235
5.96 -0.845228
5.98 -0.874752
6 -0.886945
6.02 -0.880219
6.04 -0.854838
6.06 -0.810894
6.08 -0.749573
6.1 -0.674747
6.12 -0.589805
6.14 -0.496484
6.16 -0.396916
6.18 -0.296061
6.2 -0.201595
6.22 -0.119482
6.24 -0.053518
6.26 -0.00779992
6.28 0.0143751
6.3 0.0126194
6.32 -0.0103709
6.34 -0.051325
6.36 -0.107597
6.38 -0.175858
6.4 -0.252417
6.42 -0.333909
6.44 -0.416831
6.46 -0.498082
6.48 -0.576523
6.5 -0.653342
6.52 -0.730044
6.54 -0.807563
6.56 -0.885572
6.58 -0.960624
6.6 -1.02929
6.62 -1.0909
6.64 -1.14369
6.66 -1.18285
6.68 -1.20396
6.7 -1.20567
6.72 -1.19004
6.74 -1.16172
6.76 -1.12474
6.78 -1.08053
6.8 -1.02922
6.82 -0.971718
6.84 -0.909592
6.86 -0.843947
6.88 -0.776194
6.9 -0.708883
6.92 -0.645341
6.94 -0.588698
6.96 -0.540365
6.98 -0.499665
7 -0.465253
7.02 -0.436849
7.04 -0.415102
7.06 -0.400246
7.08 -0.391997
7.1 -0.389492
7.12 -0.391315
7.14 -0.396596
7.16 -0.404905
7.18 -0.415388
7.2 -0.42686
7.22 -0.438181
7.24 -0.448416
7.26 -0.457625
7.28 -0.46779
7.3 -0.480869
7.32 -0.496362
7.34 -0.512384
7.36 -0.52762
7.38 -0.541497
7.4 -0.553584
7.42 -0.563855
7.44 -0.572744
7.46 -0.580685
7.48 -0.588451
7.5 -0.596671
7.52 -0.605194
7.54 -0.614196
7.56 -0.624242
7.58 -0.634782
7.6 -0.643745
7.62 -0.648671
7.64 -0.647752
7.66 -0.63932
7.68 -0.622344
7.7 -0.597915
7.72 -0.568666
7.74 -0.537094
7.76 -0.503991
7.78 -0.468922
7.8 -0.432377
7.82 -0.395814
7.84 -0.361422
7.86 -0.332642
7.88 -0.312479
7.9 -0.302096
7.92 -0.301935
7.94 -0.312113
7.96 -0.332007
7.98 -0.360752
8 -0.397289
8.02 -0.439575
8.04 -0.484758
8.06 -0.530388
8.08 -0.574756
8.1 -0.616217
8.12 -0.653103
8.14 -0.684188
8.16 -0.70864
8.18 -0.725358
8.2 -0.732683
8.22 -0.729604
8.24 -0.718093
8.26 -0.7019
8.28 -0.682716
8.3 -0.660317
8.32 -0.63424
8.34 -0.604195
8.36 -0.571069
8.38 -0.536678
8.4 -0.502261
8.42 -0.468337
8.44 -0.436019
8.46 -0.408218
8.48 -0.387715
8.5 -0.374734
8.52 -0.368282
8.54 -0.367694
8.56 -0.372122
8.58 -0.380289
8.6 -0.390537
8.62 -0.40135
8.64 -0.412787
8.66 -0.425178
8.68 -0.437143
8.7 -0.447132
8.72 -0.454592
8.74 -0.45958
8.76 -0.462633
8.78 -0.464419
8.8 -0.465644
8.82 -0.467513
8.84 -0.471744
8.86 -0.480474
8.88 -0.494631
8.9 -0.512557
8.92 -0.532399
8.94 -0.552628
8.96 -0.57134
8.98 -0.587972
9 -0.602756
9.02 -0.615478
9.04 -0.626207
9.06 -0.634727
9.08 -0.639655
9.1 -0.640334
9.12 -0.637864
9.14 -0.633172
9.16 -0.626722
9.18 -0.619833
9.2 -0.613984
9.22 -0.609876
9.24 -0.607493
9.26 -0.60619
9.28 -0.605037
9.3 -0.602802
9.32 -0.598037
9.34 -0.589657
9.36 -0.577061
9.38 -0.56059
9.4 -0.541866
9.42 -0.52253
9.44 -0.503063
9.46 -0.483492
9.48 -0.465069
9.5 -0.450077
9.52 -0.439887
9.54 -0.434771
9.56 -0.435231
9.58 -0.440753
9.6 -0.448287
9.62 -0.455541
9.64 -0.463759
9.66 -0.475442
9.68 -0.491789
9.7 -0.512999
9.72 -0.538343
9.74 -0.565119
9.76 -0.591519
9.78 -0.618878
9.8 -0.647616
9.82 -0.675947
9.84 -0.701994
9.86 -0.723023
9.88 -0.735924
9.9 -0.738899
9.92 -0.731523
9.94 -0.715136
9.96 -0.691803
9.98 -0.662157
10 -0.625907
10.02 -0.583486
10.04 -0.536234
10.06 -0.485907
10.08 -0.434954
10.1 -0.386486
10.12 -0.343367
10.14 -0.30816
10.16 -0.282802
10.18 -0.267708
10.2 -0.262664
10.22 -0.267886
10.24 -0.283576
10.26 -0.309372
10.28 -0.344134
10.3 -0.385772
10.32 -0.431471
10.34 -0.478493
10.36 -0.524575
10.38 -0.567783
10.4 -0.606544
10.42 -0.639321
10.44 -0.664414
10.46 -0.680641
10.48 -0.687535
10.5 -0.684743
10.52 -0.671984
10.54 -0.64987
10.56 -0.620749
10.58 -0.587374
10.6 -0.550896
10.62 -0.511817
10.64 -0.471364
10.66 -0.430928
10.68 -0.391976
10.7 -0.356689
10.72 -0.327126
10.74 -0.30426
10.76 -0.288709
10.78 -0.280803
10.8 -0.279754
10.82 -0.284381
10.84 -0.293963
10.86 -0.308337
10.88 -0.32816
10.9 -0.353831
10.92 -0.384334
10.94 -0.418041
10.96 -0.453455
10.98 -0.489112
11 -0.523793
11.02 -0.556703
11.04 -0.587119
11.06 -0.61399
11.08 -0.636098
11.1 -0.652363
11.12 -0.661603
11.14 -0.6625
11.16 -0.65423
11.18 -0.636825
11.2 -0.610944
11.22 -0.577539
11.24 -0.53823
11.26 -0.495712
11.28 -0.452867
11.3 -0.411921
11.32 -0.374553
11.34 -0.342146
11.36 -0.316028
11.38 -0.297413
11.4 -0.286612
11.42 -0.282828
11.44 -0.285325
11.46 -0.293941
11.48 -0.308486
11.5 -0.32846
11.52 -0.353076
11.54 -0.381108
11.56 -0.410915
11.58 -0.440714
11.6 -0.468759
11.62 -0.493424
11.64 -0.513422
11.66 -0.527984
11.68 -0.536838
11.7 -0.540154
11.72 -0.53835
11.74 -0.531843
11.76 -0.521374
11.78 -0.508328
11.8 -0.494412
11.82 -0.481225
11.84 -0.469887
11.86 -0.460913
11.88 -0.454514
11.9 -0.450376
11.92 -0.447286
11.94 -0.443938
11.96 -0.439786
11.98 -0.434914
12 -0.429771
12.02 -0.424828
12.04 -0.420252
12.06 -0.416109
12.08 -0.412555
12.1 -0.409856
12.12 -0.408521
12.14 -0.408718
12.16 -0.409823
12.18 -0.411226
12.2 -0.412922
12.22 -0.415264
12.24 -0.418866
12.26 -0.42448
12.28 -0.432676
12.3 -0.443769
12.32 -0.45782
12.34 -0.474517
12.36 -0.493089
12.38 -0.512276
12.4 -0.530507
12.42 -0.546214
12.44 -0.558038
12.46 -0.564992
12.48 -0.56649
12.5 -0.562133
12.52 -0.551728
12.54 -0.535541
12.56 -0.514308
12.58 -0.488907
12.6 -0.460199
12.62 -0.429098
12.64 -0.396749
12.66 -0.364825
12.68 -0.335275
12.7 -0.30973
12.72 -0.289442
12.74 -0.275394
12.76 -0.268329
12.78 -0.268805
12.8 -0.276853
12.82 -0.291461
12.84 -0.311037
12.86 -0.334402
12.88 -0.360865
12.9 -0.38963
12.92 -0.419451
12.94 -0.448933
12.96 -0.476972
12.98 -0.502693
13 -0.525306
13.02 -0.544184
13.04 -0.558869
13.06 -0.568851
13.08 -0.573533
13.1 -0.572489
13.12 -0.565569
13.14 -0.552868
13.16 -0.534875
13.18 -0.512614
13.2 -0.487389
13.22 -0.46029
13.24 -0.432129
13.26 -0.403737
13.28 -0.376308
13.3 -0.351443
13.32 -0.330623
13.34 -0.314749
13.36 -0.304117
13.38 -0.298542
13.4 -0.297758
13.42 -0.301752
13.44 -0.310445
13.46 -0.323512
13.48 -0.340684
13.5 -0.36162
13.52 -0.385512
13.54 -0.41122
13.56 -0.437672
13.58 -0.463973
13.6 -0.489351
13.62 -0.51304
13.64 -0.534161
13.66 -0.551815
13.68 -0.565339
13.7 -0.5744
13.72 -0.578833
13.74 -0.578424
13.76 -0.572828
13.78 -0.5617
13.8 -0.544991
13.82 -0.523147
13.84 -0.497069
13.86 -0.468036
13.88 -0.437662
13.9 -0.40757
13.92 -0.379061
13.94 -0.35309
13.96 -0.330319
13.98 -0.311267
14 -0.296446
14.02 -0.286081
14.04 -0.27981
14.06 -0.277072
14.08 -0.277523
14.1 -0.28112
14.12 -0.288421
14.14 -0.300356
14.16 -0.317218
14.18 -0.338338
14.2 -0.36277
14.22 -0.389882
14.24 -0.419215
14.26 -0.450013
14.28 -0.481056
14.3 -0.51089
14.32 -0.538259
14.34 -0.562422
14.36 -0.582924
14.38 -0.599169
14.4 -0.610521
14.42 -0.616645
14.44 -0.617491
14.46 -0.613
14.48 -0.603064
14.5 -0.587637
14.52 -0.566773
14.54 -0.540787
14.56 -0.510434
14.58 -0.476964
14.6 -0.441929
14.62 -0.406616
14.64 -0.371761
14.66 -0.337962
14.68 -0.306214
14.7 -0.278314
14.72 -0.256524
14.74 -0.242378
14.76 -0.236225
14.78 -0.237813
14.8 -0.247025
14.82 -0.263881
14.84 -0.287746
14.86 -0.317195
14.88 -0.350864
14.9 -0.387639
14.92 -0.425818
14.94 -0.463204
14.96 -0.498059
14.98 -0.529218
15 -0.555699
15.02 -0.576673
15.04 -0.591674
15.06 -0.60062
15.08 -0.60352
15.1 -0.600364
15.12 -0.591093
15.14 -0.575462
15.16 -0.553378
15.18 -0.525419
15.2 -0.492731
15.22 -0.456715
15.24 -0.419083
15.26 -0.381787
15.28 -0.346721
15.3 -0.315617
15.32 -0.289895
15.34 -0.270428
15.36 -0.25756
15.38 -0.251263
15.4 -0.251251
15.42 -0.257017
15.44 -0.267959
15.46 -0.283578
15.48 -0.303559
15.5 -0.327492
15.52 -0.354426
15.54 -0.382961
15.56 -0.411669
15.58 -0.439113
15.6 -0.463875
15.62 -0.484887
15.64 -0.501602
15.66 -0.513931
15.68 -0.5219
15.7 -0.525285
15.72 -0.523655
15.74 -0.516638
15.76 -0.504189
15.78 -0.486758
15.8 -0.465133
15.82 -0.440302
15.84 -0.41357
15.86 -0.386421
15.88 -0.36014
15.9 -0.335692
15.92 -0.313805
15.94 -0.294981
15.96 -0.279481
15.98 -0.267442
16 -0.259091
16.02 -0.25468
16.04 -0.254409
16.06 -0.2585
16.08 -0.266991
16.1 -0.279594
16.12 -0.295971
16.14 -0.315869
16.16 -0.338778
16.18 -0.363598
16.2 -0.388886
16.22 -0.413377
16.24 -0.436169
16.26 -0.456802
16.28 -0.475127
16.3 -0.490645
16.32 -0.502359
16.34 -0.509513
16.36 -0.512041
16.38 -0.510235
16.4 -0.504381
16.42 -0.49486
16.44 -0.482295
16.46 -0.467475
16.48 -0.451301
16.5 -0.434905
16.52 -0.419685
16.54 -0.406957
16.56 -0.397436
16.58 -0.391159
16.6 -0.387906
16.62 -0.387542
16.64 -0.390057
16.66 -0.395394
16.68 -0.402627
16.7 -0.409396
16.72 -0.413139
16.74 -0.412022
16.76 -0.404544
16.78 -0.389768
16.8 -0.367722
16.82 -0.339101
16.84 -0.305678
16.86 -0.271486
16.88 -0.240921
16.9 -0.215745
16.92 -0.196656
16.94 -0.185284
16.96 -0.183043
16.98 -0.190389
17 -0.207258
17.02 -0.233124
17.04 -0.267049
17.06 -0.308016
17.08 -0.354899
17.1 -0.406509
17.12 -0.461986
17.14 -0.520506
17.16 -0.580344
17.18 -0.638841
17.2 -0.693806
17.22 -0.744221
17.24 -0.788945
17.26 -0.826279
17.28 -0.855121
17.3 -0.875008
17.32 -0.885222
17.34 -0.884551
17.36 -0.871522
17.38 -0.844777
17.4 -0.803597
17.42 -0.748094
17.44 -0.679027
17.46 -0.597997
17.48 -0.507867
17.5 -0.412287
17.52 -0.31452
17.54 -0.2173
17.56 -0.123944
17.58 -0.0382686
17.6 0.0367675
17.62 0.0990108
17.64 0.146486
17.66 0.177734
17.68 0.192028
17.7 0.189011
17.72 0.16846
17.74 0.130593
17.76 0.0766579
17.78 0.0090668
17.8 -0.0691535
17.82 -0.154799
17.84 -0.244186
17.86 -0.333263
17.88 -0.418634
17.9 -0.497845
17.92 -0.568832
17.94 -0.629611
17.96 -0.678212
17.98 -0.7128
18 -0.73214
18.02 -0.735834
18.04 -0.72413
18.06 -0.697799
18.08 -0.658542
18.1 -0.609409
18.12 -0.553963
18.14 -0.495135
18.16 -0.435298
18.18 -0.376665
18.2 -0.321381
18.22 -0.271799
18.24 -0.230568
18.26 -0.200228
18.28 -0.182652
18.3 -0.178607
18.32 -0.187162
18.34 -0.205107
18.36 -0.228336
18.38 -0.253779
18.4 -0.278906
18.42 -0.301074
18.44 -0.318024
18.46 -0.327959
18.48 -0.33056
18.5 -0.328062
18.52 -0.323105
18.54 -0.316643
18.56 -0.309155
18.58 -0.301678
18.6 -0.295565
18.62 -0.2923
18.64 -0.292938
18.66 -0.297839
18.68 -0.307163
18.7 -0.321158
18.72 -0.339945
18.74 -0.363349
18.76 -0.391055
18.78 -0.422686
18.8 -0.456763
18.82 -0.489527
18.84 -0.516671
18.86 -0.535321
18.88 -0.543071
18.9 -0.537731
18.92 -0.518382
18.94 -0.485134
18.96 -0.43881
18.98 -0.381379
19 -0.316189
19.02 -0.247318
19.04 -0.178401
19.06 -0.112817
19.08 -0.0540646
19.1 -0.00476435
19.12 0.0335525
19.14 0.0594649
19.16 0.0716162
19.18 0.0694266
19.2 0.0528269
19.22 0.0216176
19.24 -0.0241338
19.26 -0.0829662
19.28 -0.151734
19.3 -0.226873
19.32 -0.305096
19.34 -0.383255
19.36 -0.458807
19.38 -0.529842
19.4 -0.594597
19.42 -0.651403
19.44 -0.698514
19.46 -0.733771
19.48 -0.755094
19.5 -0.761246
19.52 -0.752023
19.54 -0.728074
19.56 -0.690542
19.58 -0.640974
19.6 -0.581925
19.62 -0.516641
19.64 -0.447343
19.66 -0.375468
19.68 -0.303671
19.7 -0.235599
19.72 -0.174289
19.74 -0.121673
19.76 -0.0787094
19.78 -0.045851
19.8 -0.0239999
19.82 -0.0143337
19.84 -0.0172476
19.86 -0.0319937
19.88 -0.0566363
19.9 -0.0886593
19.92 -0.125889
19.94 -0.166302
19.96 -0.207939
19.98 -0.249435
20 -0.289692
20.02 -0.327361
20.04 -0.360994
20.06 -0.389263
20.08 -0.411628
20.1 -0.429336
20.12 -0.444558
20.14 -0.458308
20.16 -0.469501
20.18 -0.475701
20.2 -0.475615
20.22 -0.470163
20.24 -0.460607
20.26 -0.447258
20.28 -0.430396
20.3 -0.411053
20.32 -0.389815
20.34 -0.366433
20.36 -0.34145
20.38 -0.315923
20.4 -0.289986
20.42 -0.263386
20.44 -0.236096
20.46 -0.208155
20.48 -0.179961
20.5 -0.153066
20.52 -0.129753
20.54 -0.112186
20.56 -0.102342
20.58 -0.100123
20.6 -0.103537
20.62 -0.11281
20.64 -0.130146
20.66 -0.156572
20.68 -0.192395
20.7 -0.236431
20.72 -0.284481
20.74 -0.332831
20.76 -0.380406
20.78 -0.425997
20.8 -0.467609
20.82 -0.504325
20.84 -0.535982
20.86 -0.561554
20.88 -0.578713
20.9 -0.585097
20.92 -0.579438
20.94 -0.561233
20.96 -0.53061
20.98 -0.488362
21 -0.436372
21.02 -0.378409
21.04 -0.31839
21.06 -0.258593
21.08 -0.200497
21.1 -0.145766
21.12 -0.0966386
21.14 -0.0555909
21.16 -0.0239856
21.18 -0.001983
21.2 0.0098531
21.22 0.0102761
21.24 -0.00165919
21.26 -0.0261369
21.28 -0.0624811
21.3 -0.109194
21.32 -0.163909
21.34 -0.222911
21.36 -0.281759
21.38 -0.336966
21.4 -0.385682
21.42 -0.425693
21.44 -0.457195
21.46 -0.480782
21.48 -0.49513
21.5 -0.499834
21.52 -0.49659
21.54 -0.487259
21.56 -0.473798
21.58 -0.458287
21.6 -0.44152
21.62 -0.422805
21.64 -0.401732
21.66 -0.37896
21.68 -0.355366
21.7 -0.331184
21.72 -0.305858
21.74 -0.279141
21.76 -0.252377
21.78 -0.22791
21.8 -0.207204
21.82 -0.190578
21.84 -0.178437
21.86 -0.171528
21.88 -0.170217
21.9 -0.174262
21.92 -0.18295
21.94 -0.195205
21.96 -0.209948
21.98 -0.226262
22 -0.243165
22.02 -0.259577
22.04 -0.274459
22.06 -0.287269
22.08 -0.298527
22.1 -0.309215
22.12 -0.319781
22.14 -0.330196
22.16 -0.340144
22.18 -0.349034
22.2 -0.356368
22.22 -0.361811
22.24 -0.364933
22.26 -0.365391
22.28 -0.363063
22.3 -0.357882
22.32 -0.349769
22.34 -0.338567
22.36 -0.324175
22.38 -0.306763
22.4 -0.286704
22.42 -0.264558
22.44 -0.241193
22.46 -0.217664
22.48 -0.19491
22.5 -0.173968
22.52 -0.156229
22.54 -0.143057
22.56 -0.135404
22.58 -0.133783
22.6 -0.138303
22.62 -0.148793
22.64 -0.164916
22.66 -0.186118
22.68 -0.211619
22.7 -0.24051
22.72 -0.271772
22.74 -0.30423
22.76 -0.336719
22.78 -0.36826
22.8 -0.397941
22.82 -0.424683
22.84 -0.447229
22.86 -0.464413
22.88 -0.475405
22.9 -0.479722
22.92 -0.47719
22.94 -0.467817
22.96 -0.451733
22.98 -0.429324
23 -0.401392
23.02 -0.369207
23.04 -0.334359
23.06 -0.298557
23.08 -0.263518
23.1 -0.230811
23.12 -0.201601
23.14 -0.176678
23.16 -0.156776
23.18 -0.142564
23.2 -0.134313
23.22 -0.131828
23.24 -0.134728
23.26 -0.142563
23.28 -0.154708
23.3 -0.170473
23.32 -0.189269
23.34 -0.210553
23.36 -0.233725
23.38 -0.258197
23.4 -0.283587
23.42 -0.309685
23.44 -0.336024
23.46 -0.361606
23.48 -0.385127
23.5 -0.405486
23.52 -0.422008
23.54 -0.434177
23.56 -0.441406
23.58 -0.443073
23.6 -0.43872
23.62 -0.428268
23.64 -0.41207
23.66 -0.390838
23.68 -0.365455
23.7 -0.336745
23.72 -0.305611
23.74 -0.273326
23.76 -0.241382
23.78 -0.211193
23.8 -0.183964
23.82 -0.160619
23.84 -0.141895
23.86 -0.128582
23.88 -0.121475
23.9 -0.121029
23.92 -0.127126
23.94 -0.139298
23.96 -0.157151
23.98 -0.180245
24 -0.207696
24.02 -0.238004
24.04 -0.269151
24.06 -0.299305
24.08 -0.327317
24.1 -0.352492
24.12 -0.374442
24.14 -0.392848
24.16 -0.407066
24.18 -0.416385
24.2 -0.420648
24.22 -0.420119
24.24 -0.415001
24.26 -0.405375
24.28 -0.391246
24.3 -0.37277
24.32 -0.350624
24.34 -0.326104
24.36 -0.300799
24.38 -0.276075
24.4 -0.252927
24.42 -0.232052
24.44 -0.213852
24.46 -0.198555
24.48 -0.186507
24.5 -0.178232
24.52 -0.174168
24.54 -0.174532
24.56 -0.179277
24.58 -0.188019
24.6 -0.200178
24.62 -0.215168
24.64 -0.232316
24.66 -0.250774
24.68 -0.269693
24.7 -0.288481
24.72 -0.306795
24.74 -0.324219
24.76 -0.340119
24.78 -0.353703
24.8 -0.364126
24.82 -0.370732
24.84 -0.373146
24.86 -0.371174
24.88 -0.364873
24.9 -0.354595
24.92 -0.340797
24.94 -0.324005
24.96 -0.304906
24.98 -0.284309
25 -0.263081
25.02 -0.242112
25.04 -0.22225
25.06 -0.204238
25.08 -0.188762
25.1 -0.176495
25.12 -0.167961
25.14 -0.163404
25.16 -0.162904
25.18 -0.166509
25.2 -0.174192
25.22 -0.185828
25.24 -0.201158
25.26 -0.219759
25.28 -0.241117
25.3 -0.264666
25.32 -0.289737
25.34 -0.315374
25.36 -0.340269
25.38 -0.363121
25.4 -0.382986
25.42 -0.399197
25.44 -0.411205
25.46 -0.418608
25.48 -0.421219
25.5 -0.419044
25.52 -0.412181
25.54 -0.400795
25.56 -0.385186
25.58 -0.365805
25.6 -0.34326
25.62 -0.318279
25.64 -0.291708
25.66 -0.264525
25.68 -0.237836
25.7 -0.212795
25.72 -0.190421
25.74 -0.171552
25.76 -0.15697
25.78 -0.147338
25.8 -0.143068
25.82 -0.144335
25.84 -0.15106
25.86 -0.162824
25.88 -0.178996
25.9 -0.198937
25.92 -0.22199
25.94 -0.247346
25.96 -0.274017
25.98 -0.300983
26 -0.327344
26.02 -0.352305
26.04 -0.375126
26.06 -0.395045
26.08 -0.411244
26.1 -0.423028
26.12 -0.430045
26.14 -0.432209
26.16 -0.429499
26.18 -0.421948
26.2 -0.409708
26.22 -0.393124
26.24 -0.372783
26.26 -0.349462
26.28 -0.324017
26.3 -0.297401
26.32 -0.270647
26.34 -0.244766
26.36 -0.220741
26.38 -0.199536
26.4 -0.181979
26.42 -0.168716
26.44 -0.160224
26.46 -0.156778
26.48 -0.158335
26.5 -0.164572
26.52 -0.175112
26.54 -0.189593
26.56 -0.207501
26.58 -0.228022
26.6 -0.250043
26.62 -0.272413
26.64 -0.294182
26.66 -0.31463
26.68 -0.333149
26.7 -0.349132
26.72 -0.362051
26.74 -0.371553
26.76 -0.377423
26.78 -0.379604
26.8 -0.378146
26.82 -0.373163
26.84 -0.364922
26.86 -0.353842
26.88 -0.340434
26.9 -0.325308
26.92 -0.309059
26.94 -0.292168
26.96 -0.27508
26.98 -0.25833
27 -0.242614
27.02 -0.228605
27.04 -0.216749
27.06 -0.207375
27.08 -0.200851
27.1 -0.197535
27.12 -0.197623
27.14 -0.201051
27.16 -0.207582
27.18 -0.216932
27.2 -0.22881
27.22 -0.242844
27.24 -0.258516
27.26 -0.275186
27.28 -0.292146
27.3 -0.308676
27.32 -0.324087
27.34 -0.337704
27.36 -0.348872
27.38 -0.357031
27.4 -0.361807
27.42 -0.363047
27.44 -0.360699
27.46 -0.354771
27.48 -0.345496
27.5 -0.333367
27.52 -0.319075
27.54 -0.303475
27.56 -0.287458
27.58 -0.271846
27.6 -0.257369
27.62 -0.244664
27.64 -0.234306
27.66 -0.22675
27.68 -0.222249
27.7 -0.220856
27.72 -0.222414
27.74 -0.226525
27.76 -0.23262
27.78 -0.240103
27.8 -0.248467
27.82 -0.257278
27.84 -0.266142
27.86 -0.274737
27.88 -0.282871
27.9 -0.290438
27.92 -0.297334
27.94 -0.303438
27.96 -0.308576
27.98 -0.312536
28 -0.315182
28.02 -0.31644
28.04 -0.316256
28.06 -0.314676
28.08 -0.311852
28.1 -0.308003
28.12 -0.303309
28.14 -0.29786
28.16 -0.291818
28.18 -0.285469
28.2 -0.278997
28.22 -0.272478
28.24 -0.265988
28.26 -0.259573
28.28 -0.253241
28.3 -0.247044
28.32 -0.241106
28.34 -0.235647
28.36 -0.231325
28.38 -0.229257
28.4 -0.230243
28.42 -0.234242
28.44 -0.240674
28.46 -0.249089
28.48 -0.259262
28.5 -0.270807
28.52 -0.283073
28.54 -0.295237
28.56 -0.306448
28.58 -0.31605
28.6 -0.323753
28.62 -0.329591
28.64 -0.333591
28.66 -0.335473
28.68 -0.334822
28.7 -0.331434
28.72 -0.325439
28.74 -0.317307
28.76 -0.307808
28.78 -0.297653
28.8 -0.287142
28.82 -0.276397
28.84 -0.265809
28.86 -0.255931
28.88 -0.247125
28.9 -0.239566
28.92 -0.233342
28.94 -0.22846
28.96 -0.224954
28.98 -0.223028
29 -0.223063
29.02 -0.225355
29.04 -0.229783
29.06 -0.23587
29.08 -0.243207
29.1 -0.251631
29.12 -0.261065
29.14 -0.27137
29.16 -0.282301
29.18 -0.293519
29.2 -0.304606
29.22 -0.315089
29.24 -0.324549
29.26 -0.332687
29.28 -0.339186
29.3 -0.343642
29.32 -0.345772
29.34 -0.345538
29.36 -0.343001
29.38 -0.338164
29.4 -0.331
29.42 -0.321642
29.44 -0.310468
29.46 -0.297991
29.48 -0.284745
29.5 -0.271259
29.52 -0.258081
29.54 -0.245806
29.56 -0.235147
29.58 -0.226812
29.6 -0.221219
29.62 -0.218446
29.64 -0.218494
29.66 -0.221411
29.68 -0.22715
29.7 -0.235496
29.72 -0.246108
29.74 -0.258525
29.76 -0.272183
29.78 -0.286408
29.8 -0.300492
29.82 -0.31378
29.84 -0.325631
29.86 -0.335437
29.88 -0.342717
29.9 -0.347144
29.92 -0.348468
29.94 -0.346532
29.96 -0.341389
29.98 -0.333374
30 -0.32308
30.02 -0.311258
30.04 -0.298646
30.06 -0.285891
30.08 -0.273606
30.1 -0.262344
30.12 -0.252473
30.14 -0.244149
30.16 -0.237415
30.18 -0.232297
30.2 -0.228834
30.22 -0.227105
30.24 -0.2272
30.26 -0.2291
30.28 -0.232617
30.3 -0.237471
30.32 -0.243343
30.34 -0.249978
30.36 -0.257215
30.38 -0.264896
30.4 -0.27285
30.42 -0.280929
30.44 -0.289048
30.46 -0.297206
30.48 -0.305349
30.5 -0.313227
30.52 -0.32038
30.54 -0.3263
30.56 -0.330606
30.58 -0.333037
30.6 -0.333391
30.62 -0.331502
30.64 -0.327251
30.66 -0.320622
30.68 -0.311781
30.7 -0.301055
30.72 -0.288883
30.74 -0.275888
30.76 -0.262831
30.78 -0.250377
30.8 -0.23907
30.82 -0.229429
30.84 -0.22187
30.86 -0.216664
30.88 -0.213968
30.9 -0.213762
30.92 -0.215826
30.94 -0.219905
30.96 -0.225836
30.98 -0.233476
31 -0.242652
31.02 -0.253171
31.04 -0.264752
31.06 -0.276991
31.08 -0.289487
31.1 -0.301866
31.12 -0.313647
31.14 -0.324205
31.16 -0.332925
31.18 -0.339345
31.2 -0.343186
31.22 -0.344316
31.24 -0.342699
31.26 -0.338355
31.28 -0.331418
31.3 -0.322202
31.32 -0.311134
31.34 -0.298665
31.36 -0.28526
31.38 -0.271451
31.4 -0.2578
31.42 -0.244789
31.44 -0.232879
31.46 -0.222577
31.48 -0.214343
31.5 -0.208566
31.52 -0.205619
31.54 -0.205766
31.56 -0.20907
31.58 -0.215427
31.6 -0.224592
31.62 -0.236173
31.64 -0.249688
31.66 -0.26464
31.68 -0.280499
31.7 -0.296683
31.72 -0.312584
31.74 -0.327568
31.76 -0.340998
31.78 -0.352299
31.8 -0.360993
31.82 -0.366726
31.84 -0.369286
31.86 -0.368515
31.88 -0.364295
31.9 -0.356663
31.92 -0.345888
31.94 -0.332412
31.96 -0.316755
31.98 -0.29948
32 -0.281238
32.02 -0.262799
32.04 -0.245005
32.06 -0.228686
32.08 -0.214579
32.1 -0.203282
32.12 -0.195256
32.14 -0.190862
32.16 -0.190327
32.18 -0.193661
32.2 -0.20068
32.22 -0.211071
32.24 -0.224414
32.26 -0.240174
32.28 -0.257706
32.3 -0.276291
32.32 -0.295199
32.34 -0.313741
32.36 -0.331241
32.38 -0.347045
32.4 -0.360578
32.42 -0.371357
32.44 -0.378978
32.46 -0.383131
32.48 -0.383604
32.5 -0.380329
32.52 -0.373462
32.54 -0.363309
32.56 -0.350215
32.58 -0.334607
32.6 -0.31707
32.62 -0.298282
32.64 -0.278909
32.66 -0.25958
32.68 -0.240934
32.7 -0.223627
32.72 -0.208322
32.74 -0.19566
32.76 -0.186256
32.78 -0.18064
32.8 -0.179131
32.82 -0.181797
32.84 -0.188469
32.86 -0.198743
32.88 -0.212018
32.9 -0.227529
32.92 -0.244449
32.94 -0.262021
32.96 -0.279575
32.98 -0.296497
33 -0.312235
33.02 -0.326331
33.04 -0.338386
33.06 -0.348024
33.08 -0.354915
33.1 -0.358843
33.12 -0.359728
33.14 -0.357591
33.16 -0.352508
33.18 -0.344655
33.2 -0.334322
33.22 -0.321859
33.24 -0.307699
33.26 -0.292398
33.28 -0.276605
33.3 -0.261048
33.32 -0.246437
33.34 -0.233298
33.36 -0.221959
33.38 -0.212699
33.4 -0.205852
33.42 -0.201757
33.44 -0.20062
33.46 -0.202457
33.48 -0.207181
33.5 -0.214669
33.52 -0.224702
33.54 -0.236941
33.56 -0.250919
33.58 -0.266001
33.6 -0.28145
33.62 -0.296581
33.64 -0.310828
33.66 -0.323727
33.68 -0.33492
33.7 -0.344106
33.72 -0.350976
33.74 -0.35526
33.76 -0.3568
33.78 -0.355468
33.8 -0.351132
33.82 -0.343764
33.84 -0.333547
33.86 -0.320832
33.88 -0.306081
33.9 -0.289851
33.92 -0.272763
33.94 -0.255482
33.96 -0.238705
33.98 -0.22308
34 -0.20918
34.02 -0.197543
34.04 -0.18868
34.06 -0.18299
34.08 -0.180769
34.1 -0.182239
34.12 -0.187441
34.14 -0.196199
34.16 -0.208205
34.18 -0.223007
34.2 -0.239991
34.22 -0.258431
34.24 -0.277568
34.26 -0.296668
34.28 -0.315008
34.3 -0.331845
34.32 -0.346482
34.34 -0.358364
34.36 -0.367062
34.38 -0.372173
34.4 -0.373341
34.42 -0.370388
34.44 -0.363358
34.46 -0.3525
34.48 -0.338276
34.5 -0.321362
34.52 -0.302612
34.54 -0.282964
34.56 -0.263359
34.58 -0.244646
34.6 -0.227517
34.62 -0.212499
34.64 -0.20003
34.66 -0.190529
34.68 -0.184378
34.7 -0.181868
34.72 -0.183162
34.74 -0.188289
34.76 -0.197123
34.78 -0.209338
34.8 -0.224382
34.82 -0.241557
34.84 -0.260068
34.86 -0.279038
34.88 -0.297622
34.9 -0.315072
34.92 -0.330682
34.94 -0.343772
34.96 -0.353771
34.98 -0.360253
35 -0.363
35.02 -0.362018
35.04 -0.357457
35.06 -0.349588
35.08 -0.338854
35.1 -0.32584
35.12 -0.31119
35.14 -0.29561
35.16 -0.27987
35.18 -0.264701
35.2 -0.250694
35.22 -0.238285
35.24 -0.227786
35.26 -0.219458
35.28 -0.213552
35.3 -0.210267
35.32 -0.209671
35.34 -0.21173
35.36 -0.216378
35.38 -0.223457
35.4 -0.232628
35.42 -0.243415
35.44 -0.25527
35.46 -0.267655
35.48 -0.280091
35.5 -0.292133
35.52 -0.303401
35.54 -0.313597
35.56 -0.322439
35.58 -0.329682
35.6 -0.335196
35.62 -0.338919
35.64 -0.34076
35.66 -0.340594
35.68 -0.338337
35.7 -0.334022
35.72 -0.327767
35.74 -0.319754
35.76 -0.310318
35.78 -0.299839
35.8 -0.28855
35.82 -0.276678
35.84 -0.264708
35.86 -0.253239
35.88 -0.242774
35.9 -0.23379
35.92 -0.226755
35.94 -0.22189
35.96 -0.219064
35.98 -0.218111
36 -0.219142
36.02 -0.222338
36.04 -0.227635
36.06 -0.234793
36.08 -0.243499
36.1 -0.253257
36.12 -0.263468
36.14 -0.273733
36.16 -0.283923
36.18 -0.293784
36.2 -0.30273
36.22 -0.310215
36.24 -0.315932
36.26 -0.319782
36.28 -0.321905
36.3 -0.322569
36.32 -0.321984
36.34 -0.320299
36.36 -0.317578
36.38 -0.313788
36.4 -0.3089
36.42 -0.302881
36.44 -0.295723
36.46 -0.287666
36.48 -0.279163
36.5 -0.270407
36.52 -0.261223
36.54 -0.251559
36.56 -0.241772
36.58 -0.232405
36.6 -0.223935
36.62 -0.216806
36.64 -0.211578
36.66 -0.208748
36.68 -0.20854
36.7 -0.21119
36.72 -0.217087
36.74 -0.226224
36.76 -0.237836
36.78 -0.250923
36.8 -0.264983
36.82 -0.279869
36.84 -0.295113
36.86 -0.309933
36.88 -0.323696
36.9 -0.336084
36.92 -0.346885
36.94 -0.355802
36.96 -0.362384
36.98 -0.365845
37 -0.365399
37.02 -0.360913
37.04 -0.352668
37.06 -0.340757
37.08 -0.32529
37.1 -0.306911
37.12 -0.286668
37.14 -0.265674
37.16 -0.245059
37.18 -0.225927
37.2 -0.209232
37.22 -0.195887
37.24 -0.186918
37.26 -0.183027
37.28 -0.183997
37.3 -0.189075
37.32 -0.197726
37.34 -0.209702
37.36 -0.224735
37.38 -0.242338
37.4 -0.261788
37.42 -0.282152
37.44 -0.302374
37.46 -0.321437
37.48 -0.33839
37.5 -0.352376
37.52 -0.362786
37.54 -0.369275
37.56 -0.371523
37.58 -0.36916
37.6 -0.36209
37.62 -0.350732
37.64 -0.335933
37.66 -0.318777
37.68 -0.300227
37.7 -0.280897
37.72 -0.261375
37.74 -0.242496
37.76 -0.225137
37.78 -0.20997
37.8 -0.197489
37.82 -0.188265
37.84 -0.183071
37.86 -0.182525
37.88 -0.186741
37.9 -0.195429
37.92 -0.207981
37.94 -0.223505
37.96 -0.24111
37.98 -0.260056
38 -0.279562
38.02 -0.298731
38.04 -0.316714
38.06 -0.332785
38.08 -0.346347
38.1 -0.356943
38.12 -0.364199
38.14 -0.36787
38.16 -0.367867
38.18 -0.36413
38.2 -0.356638
38.22 -0.34548
38.24 -0.330964
38.26 -0.313781
38.28 -0.294972
38.3 -0.275705
38.32 -0.257032
38.34 -0.239726
38.36 -0.224339
38.38 -0.211385
38.4 -0.201317
38.42 -0.194375
38.44 -0.19056
38.46 -0.189723
38.48 -0.191744
38.5 -0.19663
38.52 -0.204422
38.54 -0.215039
38.56 -0.228208
38.58 -0.243496
38.6 -0.260414
38.62 -0.278417
38.64 -0.296833
38.66 -0.314877
38.68 -0.331718
38.7 -0.346581
38.72 -0.358814
38.74 -0.367851
38.76 -0.373191
38.78 -0.374473
38.8 -0.371563
38.82 -0.364589
38.84 -0.353949
38.86 -0.340285
38.88 -0.324387
38.9 -0.30704
38.92 -0.289016
38.94 -0.271102
38.96 -0.254013
38.98 -0.238286
39 -0.224275
39.02 -0.212219
39.04 -0.202297
39.06 -0.194627
39.08 -0.189255
39.1 -0.186187
39.12 -0.185485
39.14 -0.187379
39.16 -0.192202
39.18 -0.200169
39.2 -0.21121
39.22 -0.224967
39.24 -0.240899
39.26 -0.258356
39.28 -0.276597
39.3 -0.294836
39.32 -0.312316
39.34 -0.32836
39.36 -0.342397
39.38 -0.354003
39.4 -0.362838
39.42 -0.368569
39.44 -0.370912
39.46 -0.369754
39.48 -0.365147
39.5 -0.35723
39.52 -0.346196
39.54 -0.332347
39.56 -0.31617
39.58 -0.298328
39.6 -0.279553
39.62 -0.260495
39.64 -0.241707
39.66 -0.22374
39.68 -0.207197
39.7 -0.192682
39.72 -0.180759
39.74 -0.171979
39.76 -0.166864
39.78 -0.165792
39.8 -0.16894
39.82 -0.176296
39.84 -0.187617
39.86 -0.202451
39.88 -0.22021
39.9 -0.24019
39.92 -0.261576
39.94 -0.283446
39.96 -0.304831
39.98 -0.324852
40 -0.342786
40.02 -0.358016
40.04 -0.370001
40.06 -0.378306
40.08 -0.382659
40.1 -0.382934
40.12 -0.379057
40.14 -0.37107
40.16 -0.359254
40.18 -0.344079
40.2 -0.326161
40.22 -0.306293
40.24 -0.285381
40.26 -0.264351
40.28 -0.24412
40.3 -0.225537
40.32 -0.209322
40.34 -0.196051
40.36 -0.186164
40.38 -0.17997
40.4 -0.17762
40.42 -0.179043
40.44 -0.183977
40.46 -0.192046
40.48 -0.202802
40.5 -0.215762
40.52 -0.230418
40.54 -0.246278
40.56 -0.262902
40.58 -0.279767
40.6 -0.296192
40.62 -0.311505
40.64 -0.325196
40.66 -0.336964
40.68 -0.346642
40.7 -0.354043
40.72 -0.358927
40.74 -0.36111
40.76 -0.360536
40.78 -0.357293
40.8 -0.351535
40.82 -0.34335
40.84 -0.332782
40.86 -0.319966
40.88 -0.305219
40.9 -0.289102
40.92 -0.272336
40.94 -0.255593
40.96 -0.239455
40.98 -0.224487
41 -0.211197
41.02 -0.200047
41.04 -0.191507
41.06 -0.185977
41.08 -0.183717
41.1 -0.184856
41.12 -0.189373
41.14 -0.197111
41.16 -0.207828
41.18 -0.221208
41.2 -0.236852
41.22 -0.254255
41.24 -0.272792
41.26 -0.291722
41.28 -0.310278
41.3 -0.327741
41.32 -0.343423
41.34 -0.35666
41.36 -0.366879
41.38 -0.373617
41.4 -0.376538
41.42 -0.375444
41.44 -0.370255
41.46 -0.361025
41.48 -0.34801
41.5 -0.331699
41.52 -0.312769
41.54 -0.292007
41.56 -0.270239
41.58 -0.248331
41.6 -0.227211
41.62 -0.207816
41.64 -0.19099
41.66 -0.177429
41.68 -0.167657
41.7 -0.162045
41.72 -0.160862
41.74 -0.164285
41.76 -0.172322
41.78 -0.184726
41.8 -0.201008
41.82 -0.220464
41.84 -0.242166
41.86 -0.265033
41.88 -0.287973
41.9 -0.309962
41.92 -0.330049
41.94 -0.347381
41.96 -0.361246
41.98 -0.371108
42 -0.376638
42.02 -0.377736
42.04 -0.374515
42.06 -0.367277
42.08 -0.35647
42.1 -0.342616
42.12 -0.326271
42.14 -0.308043
42.16 -0.2886
42.18 -0.268692
42.2 -0.249126
42.22 -0.230695
42.24 -0.214127
42.26 -0.200076
42.28 -0.189112
42.3 -0.181716
42.32 -0.178244
42.34 -0.178876
42.36 -0.183537
42.38 -0.191937
42.4 -0.20364
42.42 -0.218052
42.44 -0.234468
42.46 -0.252153
42.48 -0.270366
42.5 -0.288374
42.52 -0.305467
42.54 -0.320959
42.56 -0.334221
42.58 -0.344744
42.6 -0.352148
42.62 -0.356173
42.64 -0.356674
42.66 -0.35366
42.68 -0.347297
42.7 -0.33787
42.72 -0.325762
42.74 -0.311466
42.76 -0.295607
42.78 -0.27892
42.8 -0.262123
42.82 -0.245875
42.84 -0.230844
42.86 -0.2177
42.88 -0.207036
42.9 -0.199315
42.92 -0.194835
42.94 -0.193739
42.96 -0.196068
42.98 -0.201759
43 -0.210579
43.02 -0.222075
43.04 -0.235639
43.06 -0.250593
43.08 -0.266264
43.1 -0.281993
43.12 -0.297107
43.14 -0.310955
43.16 -0.32295
43.18 -0.332603
43.2 -0.339557
43.22 -0.34361
43.24 -0.344682
43.26 -0.342819
43.28 -0.338199
43.3 -0.33111
43.32 -0.321953
43.34 -0.311205
43.36 -0.299386
43.38 -0.287029
43.4 -0.274645
43.42 -0.26267
43.44 -0.251446
43.46 -0.241258
43.48 -0.232361
43.5 -0.224968
43.52 -0.219256
43.54 -0.21538
43.56 -0.21348
43.58 -0.213668
43.6 -0.216019
43.62 -0.220535
43.64 -0.227106
43.66 -0.235501
43.68 -0.245396
43.7 -0.256421
43.72 -0.268174
43.74 -0.280194
43.76 -0.291992
43.78 -0.303101
43.8 -0.313049
43.82 -0.321385
43.84 -0.327742
43.86 -0.331879
43.88 -0.333692
43.9 -0.333171
43.92 -0.33036
43.94 -0.325385
43.96 -0.318485
43.98 -0.309978
44 -0.300208
44.02 -0.289537
44.04 -0.278347
44.06 -0.26703
44.08 -0.256002
44.1 -0.2457
44.12 -0.236535
44.14 -0.228856
44.16 -0.222958
44.18 -0.219092
44.2 -0.217458
44.22 -0.218182
44.24 -0.221282
44.26 -0.226661
44.28 -0.234127
44.3 -0.243404
44.32 -0.254111
44.34 -0.265754
44.36 -0.277786
44.38 -0.289669
44.4 -0.300864
44.42 -0.310829
44.44 -0.319079
44.46 -0.325201
44.48 -0.328901
44.5 -0.330068
44.52 -0.328758
44.54 -0.325129
44.56 -0.319423
44.58 -0.311959
44.6 -0.303114
44.62 -0.293301
44.64 -0.282936
44.66 -0.272416
44.68 -0.262129
44.7 -0.252464
44.72 -0.243767
44.74 -0.236325
44.76 -0.230379
44.78 -0.226114
44.8 -0.223681
44.82 -0.223195
44.84 -0.224682
44.86 -0.228053
44.88 -0.233121
44.9 -0.239652
44.92 -0.247392
44.94 -0.256049
44.96 -0.265293
44.98 -0.274773
45 -0.284143
45.02 -0.293072
45.04 -0.301219
45.06 -0.308237
45.08 -0.313808
45.1 -0.317698
45.12 -0.31976
45.14 -0.319908
45.16 -0.31814
45.18 -0.314544
45.2 -0.309296
45.22 -0.302612
45.24 -0.294708
45.26 -0.285808
45.28 -0.276172
45.3 -0.266147
45.32 -0.256134
45.34 -0.246536
45.36 -0.237779
45.38 -0.230311
45.4 -0.224537
45.42 -0.220751
45.44 -0.21908
45.46 -0.21956
45.48 -0.2222
45.5 -0.226928
45.52 -0.233563
45.54 -0.241838
45.56 -0.251433
45.58 -0.261969
45.6 -0.273012
45.62 -0.284088
45.64 -0.294725
45.66 -0.304512
45.68 -0.313104
45.7 -0.320177
45.72 -0.325431
45.74 -0.328634
45.76 -0.329677
45.78 -0.328558
45.8 -0.325312
45.82 -0.320004
45.84 -0.312777
45.86 -0.303878
45.88 -0.293622
45.9 -0.282375
45.92 -0.270542
45.94 -0.258546
45.96 -0.24684
45.98 -0.235948
46 -0.226427
46.02 -0.218744
46.04 -0.213217
46.06 -0.210059
46.08 -0.209408
46.1 -0.21135
46.12 -0.215887
46.14 -0.222875
46.16 -0.232059
46.18 -0.243052
46.2 -0.255314
46.22 -0.268242
46.24 -0.281297
46.26 -0.293958
46.28 -0.305668
46.3 -0.315926
46.32 -0.324337
46.34 -0.330568
46.36 -0.334373
46.38 -0.335607
46.4 -0.334219
46.42 -0.330276
46.44 -0.323956
46.46 -0.315514
46.48 -0.305303
46.5 -0.293778
46.52 -0.281448
46.54 -0.268834
46.56 -0.256457
46.58 -0.244807
46.6 -0.234343
46.62 -0.225479
46.64 -0.21856
46.66 -0.213857
46.68 -0.21156
46.7 -0.211786
46.72 -0.214545
46.74 -0.219703
46.76 -0.227024
46.78 -0.236175
46.8 -0.246732
46.82 -0.258211
46.84 -0.270096
46.86 -0.281917
46.88 -0.293288
46.9 -0.303826
46.92 -0.313145
46.94 -0.32086
46.96 -0.326608
46.98 -0.330128
47 -0.331297
47.02 -0.330105
47.04 -0.326617
47.06 -0.320959
47.08 -0.313391
47.1 -0.304291
47.12 -0.294021
47.14 -0.282937
47.16 -0.271499
47.18 -0.260229
47.2 -0.249621
47.22 -0.240085
47.24 -0.231944
47.26 -0.225474
47.28 -0.22089
47.3 -0.218293
47.32 -0.217678
47.34 -0.218956
47.36 -0.221961
47.38 -0.226518
47.4 -0.232491
47.42 -0.239803
47.44 -0.248384
47.46 -0.258029
47.48 -0.268337
47.5 -0.278823
47.52 -0.289052
47.54 -0.298618
47.56 -0.307075
47.58 -0.314026
47.6 -0.319213
47.62 -0.32249
47.64 -0.323783
47.66 -0.323106
47.68 -0.320554
47.7 -0.316266
47.72 -0.310409
47.74 -0.303163
47.76 -0.294735
47.78 -0.285404
47.8 -0.275521
47.82 -0.265476
47.84 -0.255693
47.86 -0.24661
47.88 -0.238645
47.9 -0.232161
47.92 -0.227418
47.94 -0.224581
47.96 -0.223768
47.98 -0.22502
48 -0.228257
48.02 -0.233283
48.04 -0.239827
48.06 -0.247602
48.08 -0.256346
48.1 -0.265798
48.12 -0.275597
48.14 -0.285259
48.16 -0.294332
48.18 -0.3025
48.2 -0.309502
48.22 -0.315085
48.24 -0.319032
48.26 -0.321165
48.28 -0.321365
48.3 -0.31959
48.32 -0.315828
48.34 -0.310147
48.36 -0.302766
48.38 -0.294004
48.4 -0.284228
48.42 -0.273833
48.44 -0.263241
48.46 -0.252889
48.48 -0.243217
48.5 -0.234677
48.52 -0.227674
48.54 -0.222544
48.56 -0.219566
48.58 -0.218907
48.6 -0.220597
48.62 -0.224559
48.64 -0.230632
48.66 -0.238553
48.68 -0.247914
48.7 -0.258223
48.72 -0.268995
48.74 -0.279782
48.76 -0.29014
48.78 -0.299625
48.8 -0.307848
48.82 -0.314504
48.84 -0.319345
48.86 -0.322186
48.88 -0.322917
48.9 -0.321516
48.92 -0.31805
48.94 -0.312673
48.96 -0.305612
48.98 -0.297161
49 -0.287671
49.02 -0.277536
49.04 -0.267171
49.06 -0.25699
49.08 -0.247398
49.1 -0.23878
49.12 -0.231457
49.14 -0.225661
49.16 -0.221574
49.18 -0.219348
49.2 -0.219116
49.22 -0.220926
49.24 -0.224713
49.26 -0.230362
49.28 -0.237719
49.3 -0.246528
49.32 -0.256444
49.34 -0.267052
49.36 -0.277897
49.38 -0.288528
49.4 -0.298517
49.42 -0.307439
49.44 -0.314908
49.46 -0.320616
49.48 -0.324331
49.5 -0.325912
49.52 -0.325328
49.54 -0.32265
49.56 -0.318011
49.58 -0.311596
49.6 -0.303692
49.62 -0.294692
49.64 -0.28505
49.66 -0.275245
49.68 -0.265726
49.7 -0.256884
49.72 -0.249059
49.74 -0.242512
49.76 -0.237417
49.78 -0.233872
49.8 -0.231941
49.82 -0.231683
49.84 -0.23312
49.86 -0.236166
49.88 -0.240624
49.9 -0.246249
49.92 -0.2528
49.94 -0.260027
49.96 -0.26767
49.98 -0.27547
50 -0.283155
50.02 -0.290453
50.04 -0.297099
50.06 -0.302809
50.08 -0.307297
50.1 -0.310351
50.12 -0.311872
50.14 -0.311838
50.16 -0.31029
50.18 -0.307294
50.2 -0.302939
50.22 -0.297394
50.24 -0.290917
50.26 -0.283787
50.28 -0.27627
50.3 -0.268646
50.32 -0.261191
50.34 -0.254157
50.36 -0.247799
50.38 -0.242375
50.4 -0.238103
50.42 -0.235138
50.44 -0.233575
50.46 -0.233449
50.48 -0.234762
50.5 -0.237502
50.52 -0.241607
50.54 -0.246931
50.56 -0.253235
50.58 -0.260225
50.6 -0.267584
50.62 -0.274988
50.64 -0.282133
50.66 -0.288758
50.68 -0.294619
50.7 -0.299484
50.72 -0.303155
50.74 -0.305492
50.76 -0.306423
50.78 -0.305939
50.8 -0.304072
50.82 -0.300922
50.84 -0.296678
50.86 -0.291581
50.88 -0.285866
50.9 -0.279777
50.92 -0.27357
50.94 -0.26749
50.96 -0.261783
50.98 -0.256705
51 -0.252472
51.02 -0.249232
51.04 -0.247087
51.06 -0.2461
51.08 -0.246279
51.1 -0.247592
51.12 -0.249971
51.14 -0.253309
51.16 -0.257486
51.18 -0.26236
51.2 -0.267726
51.22 -0.273336
51.24 -0.278941
51.26 -0.284277
51.28 -0.28906
51.3 -0.293002
51.32 -0.295845
51.34 -0.297445
51.36 -0.297911
51.38 -0.297541
51.4 -0.296622
51.42 -0.295256
51.44 -0.29329
51.46 -0.290438
51.48 -0.28658
51.5 -0.28187
51.52 -0.276545
51.54 -0.270814
51.56 -0.264925
51.58 -0.25917
51.6 -0.25387
51.62 -0.24935
51.64 -0.245818
51.66 -0.243326
51.68 -0.241849
51.7 -0.241368
51.72 -0.241893
51.74 -0.243432
51.76 -0.245978
51.78 -0.249498
51.8 -0.25395
51.82 -0.259276
51.84 -0.26532
51.86 -0.271789
51.88 -0.27834
51.9 -0.284661
51.92 -0.290478
51.94 -0.295534
51.96 -0.299582
51.98 -0.302408
52 -0.303857
52.02 -0.303865
52.04 -0.302474
52.06 -0.299814
52.08 -0.296061
52.1 -0.291398
52.12 -0.286001
52.14 -0.2801
52.16 -0.273963
52.18 -0.267826
52.2 -0.261865
52.22 -0.25622
52.24 -0.251043
52.26 -0.24652
52.28 -0.242851
52.3 -0.240222
52.32 -0.238776
52.34 -0.23862
52.36 -0.239822
52.38 -0.242385
52.4 -0.246229
52.42 -0.251204
52.44 -0.257103
52.46 -0.263642
52.48 -0.270483
52.5 -0.277306
52.52 -0.283839
52.54 -0.289854
52.56 -0.295161
52.58 -0.299596
52.6 -0.303031
52.62 -0.305358
52.64 -0.306489
52.66 -0.306383
52.68 -0.305036
52.7 -0.302476
52.72 -0.298756
52.74 -0.293997
52.76 -0.288405
52.78 -0.28223
52.8 -0.275743
52.82 -0.269217
52.84 -0.262915
52.86 -0.25709
52.88 -0.251993
52.9 -0.24783
52.92 -0.244729
52.94 -0.242771
52.96 -0.242036
52.98 -0.242571
53 -0.244346
53.02 -0.247254
53.04 -0.251144
53.06 -0.255833
53.08 -0.261109
53.1 -0.266725
53.12 -0.27242
53.14 -0.277952
53.16 -0.283098
53.18 -0.287634
53.2 -0.291384
53.22 -0.294231
53.24 -0.296094
53.26 -0.296928
53.28 -0.296732
53.3 -0.295553
53.32 -0.29348
53.34 -0.290643
53.36 -0.287183
53.38 -0.283235
53.4 -0.278945
53.42 -0.274476
53.44 -0.269983
53.46 -0.265626
53.48 -0.261582
53.5 -0.258018
53.52 -0.25506
53.54 -0.252802
53.56 -0.251315
53.58 -0.250656
53.6 -0.250862
53.62 -0.251954
53.64 -0.253926
53.66 -0.256719
53.68 -0.260224
53.7 -0.264297
53.72 -0.268754
53.74 -0.27337
53.76 -0.277915
53.78 -0.28217
53.8 -0.285937
53.82 -0.289057
53.84 -0.291404
53.86 -0.292868
53.88 -0.293393
53.9 -0.292996
53.92 -0.291724
53.94 -0.289627
53.96 -0.286783
53.98 -0.283305
54 -0.279339
54.02 -0.275057
54.04 -0.270639
54.06 -0.26625
54.08 -0.262046
54.1 -0.258185
54.12 -0.254809
54.14 -0.252043
54.16 -0.250014
54.18 -0.248828
54.2 -0.248562
54.22 -0.249296
54.24 -0.251064
54.26 -0.253825
54.28 -0.257476
54.3 -0.261863
54.32 -0.266777
54.34 -0.272001
54.36 -0.277318
54.38 -0.282512
54.4 -0.287378
54.42 -0.291708
54.44 -0.295288
54.46 -0.297917
54.48 -0.299441
54.5 -0.299771
54.52 -0.298875
54.54 -0.296777
54.56 -0.293571
54.58 -0.289413
54.6 -0.284501
54.62 -0.279038
54.64 -0.273235
54.66 -0.26733
54.68 -0.261591
54.7 -0.256313
54.72 -0.251761
54.74 -0.248152
54.76 -0.245664
54.78 -0.244421
54.8 -0.24448
54.82 -0.24584
54.84 -0.24842
54.86 -0.252051
54.88 -0.256516
54.9 -0.261562
54.92 -0.266928
54.94 -0.272373
54.96 -0.277656
54.98 -0.282536
55 -0.286819
55.02 -0.290371
55.04 -0.293088
55.06 -0.29489
55.08 -0.29573
55.1 -0.295596
55.12 -0.294492
55.14 -0.292461
55.16 -0.289597
55.18 -0.286019
55.2 -0.28186
55.22 -0.277259
55.24 -0.272371
55.26 -0.267372
55.28 -0.262455
55.3 -0.257831
55.32 -0.253698
55.34 -0.250217
55.36 -0.24754
55.38 -0.24582
55.4 -0.245164
55.42 -0.24561
55.44 -0.247151
55.46 -0.249736
55.48 -0.253263
55.5 -0.257616
55.52 -0.262652
55.54 -0.268177
55.56 -0.273953
55.58 -0.279719
55.6 -0.285212
55.62 -0.290188
55.64 -0.294426
55.66 -0.297781
55.68 -0.300158
55.7 -0.301462
55.72 -0.301606
55.74 -0.300553
55.76 -0.298331
55.78 -0.295031
55.8 -0.290788
55.82 -0.285754
55.84 -0.280118
55.86 -0.274099
55.88 -0.267896
55.9 -0.261678
55.92 -0.255662
55.94 -0.250231
55.96 -0.245854
55.98 -0.242868
56 -0.241414
56.02 -0.241451
56.04 -0.242826
56.06 -0.245408
56.08 -0.249061
56.1 -0.253562
56.12 -0.258625
56.14 -0.263971
56.16 -0.269422
56.18 -0.274863
56.2 -0.280168
56.22 -0.285199
56.24 -0.289776
56.26 -0.293692
56.28 -0.296759
56.3 -0.298804
56.32 -0.299677
56.34 -0.299298
56.36 -0.297671
56.38 -0.294876
56.4 -0.291076
56.42 -0.286472
56.44 -0.281256
56.46 -0.275579
56.48 -0.269612
56.5 -0.263588
56.52 -0.257777
56.54 -0.252428
56.56 -0.247756
56.58 -0.243952
56.6 -0.241213
56.62 -0.239725
56.64 -0.239606
56.66 -0.240874
56.68 -0.243454
56.7 -0.24722
56.72 -0.252028
56.74 -0.257685
56.76 -0.263949
56.78 -0.270543
56.8 -0.277178
56.82 -0.283568
56.84 -0.289439
56.86 -0.294555
56.88 -0.298691
56.9 -0.301687
56.92 -0.303471
56.94 -0.304019
56.96 -0.303353
56.98 -0.301561
57 -0.298756
57.02 -0.295051
57.04 -0.290594
57.06 -0.285583
57.08 -0.280217
57.1 -0.274647
57.12 -0.269015
57.14 -0.263529
57.16 -0.258426
57.18 -0.253923
57.2 -0.250191
57.22 -0.247354
57.24 -0.245522
57.26 -0.2448
57.28 -0.245244
57.3 -0.246825
57.32 -0.24944
57.34 -0.252964
57.36 -0.257252
57.38 -0.262114
57.4 -0.267315
57.42 -0.272619
57.44 -0.277798
57.46 -0.282663
57.48 -0.287059
57.5 -0.290833
57.52 -0.293821
57.54 -0.295887
57.56 -0.296957
57.58 -0.297008
57.6 -0.296041
57.62 -0.294074
57.64 -0.291165
57.66 -0.28743
57.68 -0.283033
57.7 -0.278171
57.72 -0.273057
57.74 -0.267909
57.76 -0.262942
57.78 -0.258366
57.8 -0.254377
57.82 -0.25114
57.84 -0.248776
57.86 -0.247364
57.88 -0.246953
57.9 -0.247568
57.92 -0.24919
57.94 -0.251745
57.96 -0.255116
57.98 -0.259164
58 -0.263728
58.02 -0.268626
58.04 -0.273662
58.06 -0.278636
58.08 -0.283337
58.1 -0.287569
58.12 -0.291155
58.14 -0.29395
58.16 -0.295838
58.18 -0.296739
58.2 -0.296615
58.22 -0.295468
58.24 -0.293343
58.26 -0.290328
58.28 -0.286549
58.3 -0.282164
58.32 -0.277352
58.34 -0.272308
58.36 -0.267239
58.38 -0.262352
58.4 -0.257843
58.42 -0.253894
58.44 -0.250663
58.46 -0.248282
58.48 -0.246849
58.5 -0.246422
58.52 -0.247019
58.54 -0.248615
58.56 -0.251143
58.58 -0.254502
58.6 -0.258551
58.62 -0.263124
58.64 -0.268035
58.66 -0.27308
58.68 -0.278055
58.7 -0.282754
58.72 -0.286987
58.74 -0.290582
58.76 -0.293393
58.78 -0.295305
58.8 -0.296242
58.82 -0.296165
58.84 -0.295077
58.86 -0.293025
58.88 -0.290091
58.9 -0.286397
58.92 -0.282094
58.94 -0.277358
58.96 -0.272384
58.98 -0.267375
59 -0.262536
59.02 -0.258065
59.04 -0.254142
59.06 -0.250928
59.08 -0.248553
59.1 -0.247113
59.12 -0.246665
59.14 -0.247228
59.16 -0.248779
59.18 -0.251254
59.2 -0.25455
59.22 -0.258533
59.24 -0.263038
59.26 -0.267882
59.28 -0.272864
59.3 -0.277782
59.32 -0.282435
59.34 -0.286632
59.36 -0.290203
59.38 -0.293003
59.4 -0.294917
59.42 -0.29587
59.44 -0.295821
59.46 -0.294773
59.48 -0.29277
59.5 -0.289892
59.52 -0.28626
59.54 -0.282021
59.56 -0.27735
59.58 -0.272438
59.6 -0.267485
59.62 -0.262696
59.64 -0.258264
59.66 -0.25437
59.68 -0.251172
59.7 -0.248801
59.72 -0.247351
59.74 -0.246882
59.76 -0.247412
59.78 -0.248919
59.8 -0.251342
59.82 -0.25458
59.84 -0.2585
59.86 -0.262942
59.88 -0.267723
59.9 -0.272647
59.92 -0.277512
59.94 -0.28212
59.96 -0.286283
59.98 -0.289837
