0.02 3.83244e-05
0.04 0.000108576
0.06 0.000118871
0.08 5.44012e-05
0.1 1.5577e-05
0.12 5.81896e-05
0.14 0.00011249
0.16 9.72817e-05
0.18 4.38372e-05
0.2 4.11769e-05
0.22 9.6682e-05
0.24 0.000130483
0.26 0.000103495
0.28 7.48331e-05
0.3 0.000103735
0.32 0.000151232
0.34 0.00015729
0.36 0.000144563
0.38 0.000139466
0.4 7.32484e-05
0.42 -9.24757e-05
0.44 -8.44637e-05
0.46 0.000256979
0.48 0.000405974
0.5 1.48853e-05
0.52 -0.000384157
0.54 -0.000279485
0.56 -8.20233e-05
0.58 -0.000405061
0.6 -0.000745971
0.62 -0.000340272
0.64 0.000133834
0.66 -0.000166047
0.68 -0.00102532
0.7 -0.00150195
0.72 -0.000354242
0.74 0.0012935
0.76 0.000925246
0.78 -0.000497858
0.8 0.000134308
0.82 0.00274443
0.84 0.00410157
0.86 0.00248204
0.88 -5.31177e-05
0.9 -0.000532031
0.92 0.00111804
0.94 0.00197641
0.96 -0.000172436
0.98 -0.00315848
1 -0.00299075
1.02 0.000251322
1.04 0.00213441
1.06 -0.000272294
1.08 -0.00417888
1.1 -0.00475008
1.12 -0.00134179
1.14 0.00220254
1.16 0.00167515
1.18 -0.0029323
1.2 -0.00537111
1.22 -0.00118269
1.24 0.00381973
1.26 0.00199368
1.28 -0.00454552
1.3 -0.00794259
1.32 -0.00387311
1.34 0.00432034
1.36 0.00844145
1.38 0.00404748
1.4 -0.00407271
1.42 -0.00664079
1.44 -0.00136913
1.46 0.00315143
1.48 -0.00170745
1.5 -0.0128099
1.52 -0.0210617
1.54 -0.0218171
1.56 -0.0158188
1.58 -0.00763793
1.6 -0.00209519
1.62 -0.000870479
1.64 -0.00287284
1.66 -0.00557302
1.68 -0.00687146
1.7 -0.00619028
1.72 -0.0044918
1.74 -0.00396417
1.76 -0.00530315
1.78 -0.00657886
1.8 -0.00695596
1.82 -0.00782002
1.84 -0.0101487
1.86 -0.0126053
1.88 -0.0109717
1.9 -0.00355551
1.92 0.00297633
1.94 0.000601442
1.96 -0.00957801
1.98 -0.0193389
2 -0.0227523
2.02 -0.0204234
2.04 -0.0165906
2.06 -0.0146905
2.08 -0.016076
2.1 -0.020294
2.12 -0.0245795
2.14 -0.0252699
2.16 -0.0209166
2.18 -0.0126384
2.2 -0.00311548
2.22 0.00246079
2.24 6.74625e-05
2.26 -0.00843138
2.28 -0.0193825
2.3 -0.0306886
2.32 -0.0427162
2.34 -0.0587991
2.36 -0.0791686
2.38 -0.100155
2.4 -0.121441
2.42 -0.143987
2.44 -0.164735
2.46 -0.179531
2.48 -0.185284
2.5 -0.178217
2.52 -0.155499
2.54 -0.118432
2.56 -0.0702511
2.58 -0.0118632
