0.02 5.59188e-07
0.04 1.58407e-06
0.06 1.73376e-06
0.08 7.92996e-07
0.1 2.26987e-07
0.12 8.48699e-07
0.14 1.64035e-06
0.16 1.41823e-06
0.18 6.38929e-07
0.2 6.0053e-07
0.22 1.41011e-06
0.24 1.90279e-06
0.26 1.50914e-06
0.28 1.09143e-06
0.3 1.51303e-06
0.32 2.20546e-06
0.34 2.29351e-06
0.36 2.10802e-06
0.38 2.03399e-06
0.4 1.06768e-06
0.42 -1.3508e-06
0.44 -1.23372e-06
0.46 3.74907e-06
0.48 5.92054e-06
0.5 2.14616e-07
0.52 -5.60479e-06
0.54 -4.08164e-06
0.56 -1.20325e-06
0.58 -5.90965e-06
0.6 -1.08694e-05
0.62 -4.95032e-06
0.64 1.95759e-06
0.66 -2.40471e-06
0.68 -1.49197e-05
0.7 -2.18351e-05
0.72 -5.02048e-06
0.74 1.90212e-05
0.76 1.35504e-05
0.78 -7.27968e-06
0.8 1.98355e-06
0.82 3.99024e-05
0.84 5.61897e-05
0.86 2.72214e-05
0.88 -7.37964e-06
0.9 -4.68233e-06
0.92 2.19892e-05
0.94 2.47009e-05
0.96 -1.33709e-05
0.98 -4.80116e-05
1 -3.30317e-05
1.02 1.15074e-05
1.04 2.32684e-05
1.06 -1.74427e-05
1.08 -5.8431e-05
1.1 -4.75779e-05
1.12 -1.97212e-06
1.14 2.37273e-05
1.16 1.90021e-06
1.18 -4.46446e-05
1.2 -4.84939e-05
1.22 1.0594e-05
1.24 4.43317e-05
1.26 -6.04138e-06
1.28 -6.93905e-05
1.3 -6.12817e-05
1.32 7.05803e-06
1.34 6.09699e-05
1.36 4.38349e-05
1.38 -1.84309e-05
1.4 -4.16504e-05
1.42 1.62432e-06
1.44 3.60445e-05
1.46 -1.45395e-05
1.48 -0.000108203
1.5 -0.000129807
1.52 -5.67555e-05
1.54 3.08702e-06
1.56 -3.24307e-05
1.58 -9.9886e-05
1.6 -8.2815e-05
1.62 8.89576e-06
1.64 4.96138e-05
1.66 -8.57736e-06
1.68 -6.97683e-05
1.7 -4.46678e-05
1.72 1.86201e-05
1.74 1.25448e-05
1.76 -5.22967e-05
1.78 -6.44467e-05
1.8 -1.02497e-05
1.82 7.02045e-06
1.84 -5.23205e-05
1.86 -9.67812e-05
1.88 -3.46777e-05
1.9 6.32282e-05
1.92 3.60042e-05
1.94 -0.000100512
1.96 -0.000143824
1.98 -2.72277e-05
2 5.30379e-05
2.02 -5.12671e-05
2.04 -0.000193728
2.06 -0.000162304
2.08 -1.61246e-05
2.1 1.04303e-05
2.12 -0.000113328
2.14 -0.000171333
2.16 -5.99469e-05
2.18 6.00301e-05
2.2 3.02913e-05
2.22 -8.67881e-05
2.24 -0.000116574
2.26 -2.19383e-05
2.28 3.0519e-05
2.3 -6.62632e-05
2.32 -0.000171692
2.34 -0.00012854
2.36 -1.25648e-06
2.38 2.84982e-05
2.4 -9.14998e-05
2.42 -0.000193957
2.44 -0.000120899
2.46 2.30234e-05
2.48 3.18137e-05
2.5 -7.25198e-05
2.52 -9.40853e-05
2.54 7.27913e-06
2.56 7.76895e-05
2.58 4.99155e-05
2.6 4.0149e-05
2.62 0.000127696
2.64 0.000217042
2.66 0.000203734
2.68 0.000153708
2.7 0.000196972
2.72 0.000314673
2.74 0.000378341
2.76 0.000351957
2.78 0.000317374
2.8 0.000343339
2.82 0.000409592
2.84 0.000440151
2.86 0.00041018
2.88 0.000364028
2.9 0.00033885
2.92 0.00035151
2.94 0.000376295
2.96 0.000354912
2.98 0.000305219
3 0.000307513
3.02 0.000305537
3.04 0.000184562
3.06 5.23194e-05
3.08 5.10793e-05
3.1 8.2432e-05
3.12 8.77314e-07
3.14 -0.000152615
3.16 -0.000243148
3.18 -0.000245202
3.2 -0.000256585
3.22 -0.000339083
3.24 -0.000431855
3.26 -0.000445423
3.28 -0.000399283
3.3 -0.000370265
3.32 -0.000377946
3.34 -0.000375668
3.36 -0.000284751
3.38 -0.000130988
3.4 -5.79613e-05
3.42 -9.44324e-05
3.44 -6.29963e-05
3.46 0.000159561
3.48 0.000381694
3.5 0.000348864
3.52 0.000174027
3.54 0.00017406
3.56 0.000364091
3.58 0.000464015
3.6 0.000362978
3.62 0.000277093
3.64 0.000326247
3.66 0.000261914
3.68 7.41752e-06
3.7 -9.82287e-05
3.72 2.30805e-05
3.74 3.10226e-05
3.76 -0.000192068
3.78 -0.000347972
3.8 -0.000236737
3.82 -8.81543e-05
3.84 -0.000165172
3.86 -0.000353855
3.88 -0.000398865
3.9 -0.000282484
3.92 -0.000219892
3.94 -0.00033117
3.96 -0.000466605
3.98 -0.000403849
4 -0.000142073
4.02 1.05654e-05
4.04 -0.00014162
4.06 -0.000301783
4.08 -0.000134047
4.1 0.000169533
4.12 0.000210391
4.14 2.51103e-05
4.16 -1.68892e-05
4.18 0.000142085
4.2 0.000144605
4.22 -0.000121459
4.24 -0.000289729
4.26 -0.000153962
4.28 1.18108e-05
4.3 -6.39833e-05
4.32 -0.000177546
4.34 2.9696e-06
4.36 0.000264967
4.38 0.000179781
4.4 -0.000133718
4.42 -0.000221236
4.44 -9.4701e-06
4.46 0.000163669
4.48 0.000118606
4.5 -4.05977e-05
4.52 -0.000168783
4.54 -0.000142082
4.56 -9.46994e-07
4.58 5.43202e-05
4.6 -4.66356e-05
4.62 -0.000143517
4.64 -4.41116e-05
4.66 0.000172032
4.68 0.000212542
4.7 5.34065e-05
4.72 -7.90544e-07
4.74 0.000173193
4.76 0.000329643
4.78 0.000212174
4.8 -7.5245e-05
4.82 -0.000143467
4.84 0.000110487
4.86 0.000288347
4.88 0.00010913
4.9 -0.000147184
4.92 -0.000113867
4.94 8.43105e-05
4.96 9.06771e-05
4.98 -0.000116374
5 -0.000265859
5.02 -0.000224656
5.04 -0.000152246
5.06 -0.000178984
5.08 -0.000131072
5.1 7.777e-05
5.12 0.00016717
5.14 6.67475e-06
5.16 -0.000123064
5.18 1.36881e-06
5.2 0.000210437
5.22 0.000228716
5.24 3.82069e-05
5.26 -0.000177529
5.28 -0.00019994
5.3 7.94422e-06
5.32 0.000197003
5.34 0.00016267
5.36 1.00442e-05
5.38 -3.39208e-05
5.4 6.07298e-05
5.42 0.000121444
5.44 8.11139e-05
5.46 5.99771e-05
5.48 0.000113928
5.5 0.00015247
5.52 0.000113915
5.54 5.09446e-05
5.56 2.70363e-05
5.58 3.47411e-05
5.6 3.42314e-05
5.62 9.48139e-06
5.64 1.63421e-06
5.66 4.26701e-05
5.68 5.8598e-05
5.7 -7.4406e-07
5.72 -4.7644e-05
5.74 -1.62759e-05
5.76 2.71241e-05
5.78 -4.47535e-06
5.8 -7.89596e-05
5.82 -7.63592e-05
5.84 6.22572e-06
5.86 2.24547e-05
5.88 -7.4909e-05
5.9 -0.000156123
5.92 -0.000103064
5.94 5.05302e-05
5.96 0.000137265
5.98 8.06887e-05
6 2.8915e-05
6.02 9.09141e-05
6.04 0.000166683
6.06 0.000162859
6.08 0.000102917
6.1 4.64429e-05
6.12 6.53758e-05
6.14 0.000152644
6.16 0.000186025
6.18 6.37e-05
6.2 -0.000141028
6.22 -0.000203005
6.24 -8.95246e-05
6.26 -5.26034e-05
6.28 -0.000201056
6.3 -0.000298883
6.32 -0.000145999
6.34 6.05693e-05
6.36 2.56274e-05
6.38 -0.000157804
6.4 -0.000178953
6.42 -3.34851e-06
6.44 0.000109142
6.46 6.94598e-06
6.48 -0.000164715
6.5 -0.000209666
6.52 -0.000135498
6.54 -0.000111731
6.56 -0.000188866
6.58 -0.000188563
6.6 -6.13388e-05
6.62 -1.1466e-05
6.64 -8.32062e-05
6.66 -6.57886e-05
6.68 9.41655e-05
6.7 0.000171099
6.72 1.3324e-05
6.74 -0.000214276
6.76 -0.000225869
6.78 -1.27283e-05
6.8 0.000125403
6.82 7.4242e-06
6.84 -0.000160702
6.86 -9.91748e-05
6.88 9.79062e-05
6.9 0.00010968
6.92 -0.000104346
6.94 -0.000240954
6.96 -0.000100728
6.98 0.000124778
7 0.000136439
7.02 -5.06004e-05
7.04 -0.000145204
7.06 -7.63057e-06
7.08 0.000150778
7.1 0.000111292
7.12 -2.24367e-05
7.14 -2.67745e-05
7.16 0.000100088
7.18 0.000169438
7.2 9.72313e-05
7.22 1.65246e-05
7.24 6.00402e-05
7.26 0.000142336
7.28 8.28402e-05
7.3 -7.1375e-05
7.32 -7.94992e-05
7.34 9.00454e-05
7.36 0.000183729
7.38 6.37993e-05
7.4 -7.69671e-05
7.42 -3.46147e-05
7.44 9.60794e-05
7.46 9.49284e-05
7.48 -5.16184e-05
7.5 -0.000132764
7.52 -3.29598e-05
7.54 7.3938e-05
7.56 5.91466e-06
7.58 -0.0001176
7.6 -6.7779e-05
7.62 0.000116025
7.64 0.000182859
7.66 7.75018e-05
7.68 5.52784e-07
7.7 5.58125e-05
7.72 0.000113648
7.74 5.72934e-05
7.76 -9.6888e-06
7.78 5.18968e-05
7.8 0.000155481
7.82 0.000134814
7.84 4.75152e-06
7.86 -8.68017e-05
7.88 -5.31644e-05
7.9 3.34992e-05
7.92 3.48345e-05
7.94 -4.9436e-05
7.96 -8.1704e-05
7.98 -1.57989e-05
8 3.95631e-05
8.02 1.46875e-05
8.04 -2.11264e-05
8.06 1.95692e-06
8.08 4.48436e-05
8.1 4.30115e-05
8.12 8.23811e-06
8.14 -4.21335e-06
8.16 2.0005e-05
8.18 5.07197e-05
8.2 6.7819e-05
8.22 6.39742e-05
8.24 3.87112e-06
8.26 -9.14773e-05
8.28 -9.61386e-05
8.3 1.4946e-05
8.32 9.66344e-05
8.34 5.65096e-05
8.36 -3.18884e-05
8.38 -4.55345e-05
8.4 3.15644e-05
8.42 9.19365e-05
8.44 4.43821e-05
8.46 -7.62641e-05
8.48 -0.000126264
8.5 -2.48229e-05
8.52 9.52353e-05
8.54 6.91466e-05
8.56 -3.54862e-05
8.58 -3.12114e-05
8.6 9.7636e-05
8.62 0.000172154
8.64 7.07142e-05
8.66 -5.95736e-05
8.68 8.441e-07
8.7 0.000171705
8.72 0.000189984
8.74 2.987e-05
8.76 -7.16681e-05
8.78 1.74255e-05
8.8 0.000132863
8.82 7.04263e-05
8.84 -0.000103859
8.86 -0.000170812
8.88 -6.36342e-05
8.9 7.04628e-05
8.92 5.21383e-05
8.94 -6.4925e-05
8.96 -7.26048e-05
8.98 2.86435e-05
9 5.88934e-05
9.02 -2.97958e-05
9.04 -0.000107665
9.06 -6.12795e-05
9.08 5.60135e-05
9.1 7.2396e-05
9.12 -5.63882e-05
9.14 -0.000144018
9.16 -6.63397e-05
9.18 2.43801e-05
9.2 -3.62347e-05
9.22 -0.000156074
9.24 -0.000145571
9.26 -1.23425e-05
9.28 5.61825e-05
9.3 -1.07301e-05
9.32 -6.88788e-05
9.34 -3.07324e-06
9.36 9.9585e-05
9.38 8.45571e-05
9.4 -3.98889e-05
9.42 -9.82971e-05
9.44 3.67006e-07
9.46 0.000112897
9.48 5.57291e-05
9.5 -0.00010998
9.52 -0.00014446
9.54 -1.5576e-06
9.56 8.36852e-05
9.58 -2.02685e-06
9.6 -5.36548e-05
9.62 4.71821e-05
9.64 0.000100743
9.66 -3.44541e-05
9.68 -0.000177488
9.7 -0.000130146
9.72 2.14239e-05
9.74 8.05467e-05
9.76 -2.01067e-05
9.78 -0.000172381
9.8 -0.000173234
9.82 -1.23679e-05
9.84 7.67832e-05
9.86 6.77142e-06
9.88 -5.16891e-05
9.9 1.87907e-05
9.92 0.000110174
9.94 5.91095e-05
9.96 -7.88396e-05
9.98 -8.08925e-05
10 8.0796e-05
10.02 0.000172495
10.04 6.55734e-05
10.06 -6.67214e-05
10.08 -3.99347e-05
10.1 6.11239e-05
10.12 4.71104e-05
10.14 -8.3857e-05
10.16 -0.000148936
10.18 -4.88278e-05
10.2 6.69579e-05
10.22 1.89291e-05
10.24 -0.000119636
10.26 -0.00013959
10.28 -1.64152e-05
10.3 7.00352e-05
10.32 1.7668e-05
10.34 -6.39521e-05
10.36 -3.8515e-05
10.38 5.51287e-05
10.4 7.38985e-05
10.42 1.64314e-06
10.44 -3.01556e-05
10.46 3.39221e-05
10.48 9.08313e-05
10.5 5.91705e-05
10.52 2.26567e-06
10.54 5.30695e-06
10.56 2.65527e-05
10.58 -2.06866e-06
10.6 -2.85248e-05
10.62 7.54515e-06
10.64 5.17621e-05
10.66 3.75509e-05
10.68 -1.24292e-05
10.7 -4.20762e-05
10.72 -3.0167e-05
10.74 2.97339e-07
10.76 2.10727e-06
10.78 -2.39535e-05
10.8 -1.41042e-05
10.82 4.05819e-05
10.84 6.54149e-05
10.86 1.90563e-05
10.88 -5.22062e-05
10.9 -6.56633e-05
10.92 -4.18395e-06
10.94 4.37963e-05
10.96 1.03652e-05
10.98 -4.61227e-05
11 -4.0986e-05
11.02 4.18588e-06
11.04 1.00985e-05
11.06 -2.76029e-05
11.08 -4.02097e-05
11.1 -9.8006e-07
11.12 4.34119e-05
11.14 4.91736e-05
11.16 2.81348e-05
11.18 2.02857e-05
11.2 3.75457e-05
11.22 5.44687e-05
11.24 3.88656e-05
11.26 -1.00391e-05
11.28 -4.45716e-05
11.3 -2.82382e-05
11.32 4.79248e-06
11.34 -6.01037e-07
11.36 -4.15663e-05
11.38 -6.4275e-05
11.4 -3.0475e-05
11.42 2.96966e-05
11.44 4.14682e-05
11.46 -9.54365e-06
11.48 -4.59948e-05
11.5 -1.58587e-05
11.52 3.03956e-05
11.54 2.70825e-05
11.56 -5.82183e-06
11.58 -3.14325e-06
11.6 4.19213e-05
11.62 7.11234e-05
11.64 4.98229e-05
11.66 1.45312e-05
11.68 1.40525e-05
11.7 3.62012e-05
11.72 3.44562e-05
11.74 5.79761e-06
11.76 -1.52501e-05
11.78 -1.89867e-05
11.8 -2.69535e-05
11.82 -4.94693e-05
11.84 -6.40859e-05
11.86 -5.0065e-05
11.88 -2.70798e-05
11.9 -1.75298e-05
11.92 -3.84097e-06
11.94 2.44486e-05
11.96 3.78785e-05
11.98 1.82849e-05
12 -8.59015e-06
12.02 -7.70219e-06
12.04 1.85808e-05
12.06 3.13058e-05
12.08 1.21229e-05
12.1 -1.09685e-05
12.12 -1.20242e-05
12.14 6.75607e-06
12.16 2.99653e-05
12.18 3.46192e-05
12.2 1.31546e-05
12.22 -9.95538e-06
12.24 -1.56021e-05
12.26 -1.64452e-05
12.28 -2.90854e-05
12.3 -4.78417e-05
12.32 -5.51802e-05
12.34 -4.62921e-05
12.36 -3.31389e-05
12.38 -2.40604e-05
12.4 -1.4164e-05
12.42 6.2461e-07
12.44 1.43981e-05
12.46 1.82397e-05
12.48 1.40794e-05
12.5 1.6484e-05
12.52 2.96846e-05
12.54 3.63185e-05
12.56 2.50045e-05
12.58 1.36848e-05
12.6 2.30862e-05
12.62 4.23112e-05
12.64 4.2369e-05
12.66 1.3203e-05
12.68 -1.77316e-05
12.7 -1.74784e-05
12.72 2.19843e-06
12.74 2.4618e-06
12.76 -2.28945e-05
12.78 -4.15664e-05
12.8 -2.72105e-05
12.82 1.19547e-05
12.84 3.73224e-05
12.86 1.92139e-05
12.88 -1.84674e-05
12.9 -2.33207e-05
12.92 1.26117e-05
12.94 3.78554e-05
12.96 1.47296e-05
12.98 -2.1995e-05
13 -1.83769e-05
13.02 1.42345e-05
13.04 2.10228e-05
13.06 -5.50855e-06
13.08 -1.66524e-05
13.1 9.56109e-06
13.12 3.56115e-05
13.14 2.63447e-05
13.16 -1.38527e-06
13.18 -1.11491e-05
13.2 1.62342e-06
13.22 1.45774e-05
13.24 1.39568e-05
13.26 6.81378e-06
13.28 7.54168e-07
13.3 -9.36965e-06
13.32 -2.18497e-05
13.34 -2.19187e-05
13.36 -5.20443e-06
13.38 1.36307e-05
13.4 1.5538e-05
13.42 -1.11518e-06
13.44 -1.19895e-05
13.46 -1.69097e-06
13.48 6.69855e-06
13.5 -7.37426e-06
13.52 -2.17822e-05
13.54 -1.05814e-05
13.56 8.77475e-06
13.58 3.50028e-06
13.6 -2.17248e-05
13.62 -3.09897e-05
13.64 -1.03286e-05
13.66 1.10064e-05
13.68 2.2741e-06
13.7 -2.39518e-05
13.72 -2.95861e-05
13.74 -5.72389e-06
13.76 1.81812e-05
13.78 1.89599e-05
13.8 8.03895e-06
13.82 7.6356e-06
13.84 1.7116e-05
13.86 1.60834e-05
13.88 -3.88464e-06
13.9 -2.15448e-05
13.92 -1.4323e-05
13.94 6.81184e-06
13.96 1.41504e-05
13.98 2.63393e-06
14 -7.154e-06
14.02 4.74743e-06
14.04 3.41817e-05
14.06 5.20542e-05
14.08 4.11501e-05
14.1 1.97592e-05
14.12 4.59634e-06
14.14 -9.46767e-06
14.16 -1.80386e-05
14.18 -8.29351e-06
14.2 5.85954e-06
14.22 -5.38974e-06
14.24 -3.71408e-05
14.26 -4.81775e-05
14.28 -2.13949e-05
14.3 7.72154e-06
14.32 -3.30754e-07
14.34 -3.51378e-05
14.36 -4.95865e-05
14.38 -2.37683e-05
14.4 4.07994e-06
14.42 -8.31769e-06
14.44 -4.24542e-05
14.46 -4.40748e-05
14.48 -6.0844e-06
14.5 2.16787e-05
14.52 1.08342e-05
14.54 -8.02493e-06
14.56 3.30125e-07
14.58 1.9973e-05
14.6 1.44553e-05
14.62 -5.61721e-06
14.64 3.01275e-06
14.66 3.82941e-05
14.68 4.67969e-05
14.7 -1.58819e-06
14.72 -6.24211e-05
14.74 -6.27649e-05
14.76 -4.4749e-06
14.78 2.98654e-05
14.8 -9.87109e-06
14.82 -6.8035e-05
14.84 -5.6434e-05
14.86 1.32501e-05
14.88 3.54788e-05
14.9 -2.53738e-05
14.92 -6.52418e-05
14.94 -7.7732e-06
14.96 6.22811e-05
14.98 3.73324e-05
15 -3.93044e-05
15.02 -4.82743e-05
15.04 1.579e-05
15.06 4.33707e-05
15.08 -1.04369e-05
15.1 -6.00592e-05
15.12 -2.62048e-05
15.14 4.87258e-05
15.16 6.51113e-05
15.18 8.71192e-06
15.2 -3.13069e-05
15.22 1.85134e-06
15.24 4.56785e-05
15.26 2.05484e-05
15.28 -4.38286e-05
15.3 -5.99185e-05
15.32 -1.5946e-05
15.34 1.60139e-05
15.36 -6.24717e-06
15.38 -3.67618e-05
15.4 -1.86556e-05
15.42 2.81337e-05
15.44 3.89398e-05
15.46 6.08195e-07
15.48 -3.32274e-05
15.5 -2.07726e-05
15.52 1.61691e-05
15.54 2.76818e-05
15.56 4.9167e-06
15.58 -7.85496e-06
15.6 1.68396e-05
15.62 4.29663e-05
15.64 2.64897e-05
15.66 -1.56644e-05
15.68 -2.76843e-05
15.7 6.19305e-06
15.72 3.92567e-05
15.74 3.15894e-05
15.76 4.74593e-06
15.78 1.5932e-06
15.8 2.35161e-05
15.82 3.31859e-05
15.84 9.68617e-06
15.86 -1.90708e-05
15.88 -1.46879e-05
15.9 1.43605e-05
15.92 2.59178e-05
15.94 9.28755e-06
15.96 -2.87577e-07
15.98 1.91887e-05
16 3.95725e-05
16.02 3.00624e-05
16.04 5.4903e-06
16.06 -1.13343e-06
16.08 1.44321e-05
16.1 2.60277e-05
16.12 1.23127e-05
16.14 -1.37383e-05
16.16 -1.83906e-05
16.18 8.36155e-06
16.2 3.4427e-05
16.22 2.64823e-05
16.24 -2.14563e-06
16.26 -1.56731e-05
16.28 -7.97238e-06
16.3 5.14412e-06
16.32 1.43072e-05
16.34 1.37519e-05
16.36 6.67189e-07
16.38 -1.27129e-05
16.4 -1.05182e-05
16.42 -7.20252e-08
16.44 -2.9733e-06
16.46 -2.00276e-05
16.48 -3.10954e-05
16.5 -3.06057e-05
16.52 -3.66651e-05
16.54 -5.53137e-05
16.56 -6.18544e-05
16.58 -3.93729e-05
16.6 -1.34701e-05
16.62 -1.79964e-05
16.64 -4.38431e-05
16.66 -5.16285e-05
16.68 -1.44956e-05
16.7 5.52743e-05
16.72 0.000100724
16.74 9.12396e-05
16.76 7.87978e-05
16.78 0.000109547
16.8 0.000146194
16.82 0.000137064
16.84 8.40619e-05
16.86 7.49752e-06
16.88 -4.48568e-05
16.9 -8.52071e-06
16.92 5.94277e-05
16.94 3.04802e-05
16.96 -6.86141e-05
16.98 -9.19605e-05
17 -1.46734e-05
17.02 3.62926e-05
17.04 -1.68687e-05
17.06 -9.49798e-05
17.08 -8.94747e-05
17.1 -2.7643e-05
17.12 -2.95749e-05
17.14 -0.000111785
17.16 -0.000146676
17.18 -6.31617e-05
17.2 1.89459e-05
17.22 -3.12721e-05
17.24 -0.000127498
17.26 -0.000102561
17.28 6.81238e-06
17.3 2.88298e-05
17.32 -5.48168e-05
17.34 -8.72152e-05
17.36 1.23583e-05
17.38 0.000127078
17.4 0.00012253
17.42 4.72833e-05
17.44 5.05268e-05
17.46 0.000142788
17.48 0.000175875
17.5 8.37467e-05
17.52 -9.08787e-07
17.54 3.97029e-05
17.56 0.000105026
17.58 4.57211e-05
17.6 -7.65399e-05
17.62 -9.79117e-05
17.64 -1.99443e-05
17.66 1.2764e-05
17.68 -5.45264e-05
17.7 -0.000118733
17.72 -9.37922e-05
17.74 -3.74628e-05
17.76 -4.29778e-05
17.78 -9.15566e-05
17.8 -9.72017e-05
17.82 -4.57358e-05
17.84 7.14207e-07
17.86 3.67448e-06
17.88 -1.54859e-05
17.9 -1.63004e-05
17.92 1.11859e-05
17.94 3.90877e-05
17.96 4.6941e-05
17.98 4.84564e-05
18 5.77638e-05
18.02 6.27327e-05
18.04 5.13271e-05
18.06 3.62853e-05
18.08 2.65129e-05
18.1 3.285e-06
18.12 -3.33079e-05
18.14 -4.43875e-05
18.16 -1.99373e-05
18.18 -3.35363e-06
18.2 -2.59976e-05
18.22 -6.79814e-05
18.24 -9.40462e-05
18.26 -9.90999e-05
18.28 -0.000101805
18.3 -0.000105507
18.32 -8.18546e-05
18.34 -4.17989e-06
18.36 8.1357e-05
18.38 9.05463e-05
18.4 4.70833e-05
18.42 5.63288e-05
18.44 0.000131077
18.46 0.000178913
18.48 0.000126791
18.5 6.46259e-06
18.52 -5.17683e-05
18.54 2.11081e-05
18.56 0.000102124
18.58 5.17321e-05
18.6 -6.86335e-05
18.62 -9.99934e-05
18.64 -2.08655e-05
18.66 3.39031e-05
18.68 -2.47594e-05
18.7 -0.00011491
18.72 -0.000113682
18.74 -4.18638e-05
18.76 -2.63812e-05
18.78 -0.000102721
18.8 -0.000142584
18.82 -3.07743e-05
18.84 0.000123857
18.86 0.000126995
18.88 2.35331e-05
18.9 2.00901e-05
18.92 0.000140033
18.94 0.000208771
18.96 0.000137264
18.98 3.92807e-05
19 3.7892e-05
19.02 8.95985e-05
19.04 8.25936e-05
19.06 1.49328e-06
19.08 -6.59766e-05
19.1 -4.57365e-05
19.12 1.58162e-05
19.14 7.89386e-06
19.16 -7.25444e-05
19.18 -0.000107076
19.2 -5.18319e-05
19.22 -1.64161e-05
19.24 -7.98473e-05
19.26 -0.000147213
19.28 -9.6425e-05
19.3 1.07304e-05
19.32 2.41668e-05
19.34 -5.44792e-05
19.36 -9.25819e-05
19.38 -3.46606e-05
19.4 3.00814e-05
19.42 1.23435e-05
19.44 -3.9016e-05
19.46 -1.30624e-05
19.48 7.98751e-05
19.5 0.000114667
19.52 4.60606e-05
19.54 -2.06119e-05
19.56 1.18044e-05
19.58 8.72455e-05
19.6 7.53394e-05
19.62 -2.25415e-05
19.64 -4.89395e-05
19.66 5.11267e-05
19.68 0.000106497
19.7 -1.38206e-06
19.72 -0.000128033
19.74 -9.25402e-05
19.76 4.3927e-05
19.78 7.65913e-05
19.8 -4.47157e-05
19.82 -0.000144739
19.84 -7.88661e-05
19.86 5.55209e-05
19.88 8.08302e-05
19.9 -5.29636e-07
19.92 -3.9954e-05
19.94 3.08712e-05
19.96 0.000106023
19.98 6.6655e-05
20 -2.92937e-05
20.02 -3.37661e-05
20.04 5.87391e-05
20.06 0.000108107
20.08 3.52866e-05
20.1 -8.4812e-05
20.12 -0.000126821
20.14 -6.25947e-05
20.16 2.17745e-05
20.18 4.59224e-05
20.2 1.1619e-06
20.22 -6.19262e-05
20.24 -6.9733e-05
20.26 -1.11874e-05
20.28 2.69346e-05
20.3 -1.97935e-05
20.32 -7.02881e-05
20.34 -2.29066e-05
20.36 5.18688e-05
20.38 3.68979e-05
20.4 -2.01057e-05
20.42 -3.45092e-06
20.44 7.78597e-05
20.46 0.000116321
20.48 6.76261e-05
20.5 -4.81838e-06
20.52 -2.33069e-05
20.54 3.66022e-06
20.56 -3.5164e-07
20.58 -1.74854e-05
20.6 2.53423e-05
20.62 4.86688e-05
20.64 -4.0517e-05
20.66 -0.000137406
20.68 -0.00012532
20.7 -3.41642e-05
20.72 5.05096e-05
20.74 4.278e-05
20.76 -5.62019e-05
20.78 -9.87368e-05
20.8 -1.06332e-05
20.82 5.92343e-05
20.84 -1.20755e-05
20.86 -0.000101509
20.88 -3.38024e-05
20.9 0.000121683
20.92 0.000148778
20.94 3.17827e-05
20.96 -2.95514e-05
20.98 6.35754e-05
21 0.000155376
21.02 6.70773e-05
21.04 -9.52045e-05
21.06 -8.44706e-05
21.08 8.15448e-05
21.1 0.00014204
21.12 -5.26431e-06
21.14 -0.000152678
21.16 -8.63105e-05
21.18 9.14378e-05
21.2 0.000101406
21.22 -8.34642e-05
21.24 -0.000193188
21.26 -8.17871e-05
21.28 6.10211e-05
21.3 1.83988e-05
21.32 -0.000121185
21.34 -0.000103657
21.36 8.54188e-05
21.38 0.000181056
21.4 6.91159e-05
21.42 -5.05445e-05
21.44 -2.69607e-05
21.46 6.40045e-05
21.48 9.90784e-05
21.5 2.96036e-05
21.52 -7.35593e-05
21.54 -8.97287e-05
21.56 -3.47425e-05
21.58 -3.00515e-05
21.6 -8.15618e-05
21.62 -7.60546e-05
21.64 -2.26277e-07
21.66 2.98021e-05
21.68 -2.80227e-05
21.7 -6.50536e-05
21.72 6.33705e-06
21.74 9.67138e-05
21.76 5.8084e-05
21.78 -7.4908e-05
21.8 -0.000108713
21.82 9.73956e-06
21.84 9.37265e-05
21.86 9.93439e-06
21.88 -0.000107224
21.9 -7.23003e-05
21.92 6.40453e-05
21.94 0.00010526
21.96 7.8904e-06
21.98 -6.51204e-05
22 1.94451e-06
22.02 0.000107367
22.04 9.78392e-05
22.06 -6.04814e-06
22.08 -6.46037e-05
22.1 -2.39233e-05
22.12 2.96902e-05
22.14 6.7472e-06
22.16 -5.43052e-05
22.18 -5.35541e-05
22.2 7.56732e-06
22.22 3.42638e-05
22.24 -6.15482e-06
22.26 -4.31096e-05
22.28 -1.87503e-05
22.3 2.97875e-05
22.32 3.41493e-05
22.34 1.65142e-06
22.36 -3.7785e-06
22.38 3.33153e-05
22.4 6.12755e-05
22.42 4.37761e-05
22.44 1.00196e-05
22.46 8.46445e-06
22.48 3.80899e-05
22.5 4.72867e-05
22.52 8.62936e-06
22.54 -3.30839e-05
22.56 -2.57427e-05
22.58 1.07817e-05
22.6 1.80671e-05
22.62 -1.33672e-05
22.64 -3.5597e-05
22.66 -1.80357e-05
22.68 8.3545e-06
22.7 4.76428e-07
22.72 -3.023e-05
22.74 -3.65654e-05
22.76 -1.16876e-05
22.78 3.48853e-07
22.8 -2.16458e-05
22.82 -3.98161e-05
22.84 -1.75559e-05
22.86 1.94645e-05
22.88 2.13844e-05
22.9 -8.81482e-06
22.92 -2.21213e-05
22.94 2.97774e-06
22.96 3.18204e-05
22.98 2.66676e-05
23 -1.98749e-07
23.02 -1.02201e-05
23.04 3.44219e-06
23.06 1.04692e-05
23.08 -7.86971e-06
23.1 -2.91657e-05
23.12 -2.18456e-05
23.14 4.87182e-06
23.16 1.02284e-05
23.18 -1.40866e-05
23.2 -2.597e-05
23.22 1.43898e-06
23.24 3.38152e-05
23.26 2.89234e-05
23.28 3.20807e-06
23.3 1.06373e-06
23.32 2.26697e-05
23.34 2.88201e-05
23.36 5.54229e-06
23.38 -1.74648e-05
23.4 -1.83223e-05
23.42 -1.40606e-05
23.44 -2.22527e-05
23.46 -2.80049e-05
23.48 -1.331e-05
23.5 5.00971e-06
23.52 -8.83192e-07
23.54 -2.05855e-05
23.56 -1.85279e-05
23.58 9.75425e-06
23.6 2.91466e-05
23.62 1.66008e-05
23.64 -5.33435e-06
23.66 -4.04297e-06
23.68 1.65388e-05
23.7 2.86116e-05
23.72 1.96291e-05
23.74 2.62093e-06
23.76 -2.75973e-06
23.78 5.01744e-06
23.8 9.75353e-06
23.82 4.0634e-06
23.84 -2.71483e-06
23.86 -5.28947e-06
23.88 -8.94949e-06
23.9 -1.34125e-05
23.92 -9.13874e-06
23.94 1.68667e-06
23.96 -4.04359e-07
23.98 -1.79703e-05
24 -2.43986e-05
24.02 -1.48643e-06
24.04 3.27829e-05
24.06 3.96803e-05
24.08 1.05812e-05
24.1 -1.53842e-05
24.12 -1.00973e-05
24.14 7.23049e-06
24.16 1.10767e-05
24.18 2.42065e-06
24.2 -8.18182e-06
24.22 -1.34888e-05
24.24 -9.33512e-06
24.26 5.60649e-07
24.28 9.74554e-06
24.3 1.37464e-05
24.32 8.17234e-06
24.34 -7.27964e-06
24.36 -2.22789e-05
24.38 -2.23496e-05
24.4 -9.1969e-06
24.42 2.30589e-07
24.44 -1.17653e-07
24.46 3.53011e-08
24.48 4.14112e-06
24.5 2.87757e-06
24.52 -5.16505e-06
24.54 -9.129e-06
24.56 -2.70762e-06
24.58 7.98119e-06
24.6 1.14182e-05
24.62 4.70657e-06
24.64 -5.82318e-08
24.66 7.65587e-06
24.68 1.76948e-05
24.7 1.09496e-05
24.72 -1.01173e-05
24.74 -1.89955e-05
24.76 -3.31043e-06
24.78 1.62916e-05
24.8 1.78727e-05
24.82 6.3658e-06
24.84 2.98954e-06
24.86 1.4815e-05
24.88 2.34657e-05
24.9 1.39765e-05
24.92 1.13531e-06
24.94 5.47309e-06
24.96 1.91596e-05
24.98 1.99982e-05
25 6.51117e-06
25.02 -1.3731e-06
25.04 6.9008e-06
25.06 1.77309e-05
25.08 1.39478e-05
25.1 -5.54888e-07
25.12 -5.28062e-06
25.14 7.51932e-06
25.16 1.89509e-05
25.18 1.09254e-05
25.2 -5.9348e-06
25.22 -9.89592e-06
25.24 -6.21276e-07
25.26 2.51647e-06
25.28 -1.01807e-05
25.3 -2.49544e-05
25.32 -2.51272e-05
25.34 -1.15148e-05
25.36 2.20523e-06
25.38 3.82784e-06
25.4 -5.65628e-06
25.42 -1.17648e-05
25.44 -5.34589e-06
25.46 3.22351e-06
25.48 -3.50245e-07
25.5 -1.17299e-05
25.52 -1.31583e-05
25.54 -4.4452e-07
25.56 1.00445e-05
25.58 6.70367e-06
25.6 -5.21592e-07
25.62 3.41707e-06
25.64 1.49423e-05
25.66 1.71295e-05
25.68 5.35608e-06
25.7 -5.71534e-06
25.72 -2.35555e-06
25.74 7.78116e-06
25.76 5.39668e-06
25.78 -9.40295e-06
25.8 -1.57069e-05
25.82 -5.55388e-06
25.84 5.02544e-06
25.86 3.26079e-06
25.88 -4.07678e-06
25.9 -6.22568e-06
25.92 -3.79169e-06
25.94 -3.28735e-06
25.96 -5.60538e-06
25.98 -7.41864e-06
26 -8.68102e-06
26.02 -1.13554e-05
26.04 -1.44355e-05
26.06 -1.35917e-05
26.08 -6.72251e-06
26.1 -7.85909e-07
26.12 -5.29027e-06
26.14 -1.57085e-05
26.16 -1.6696e-05
26.18 -5.31875e-06
26.2 3.95823e-06
26.22 7.51242e-07
26.24 -7.39361e-06
26.26 -6.79315e-06
26.28 2.84252e-06
26.3 7.42279e-06
26.32 1.64611e-07
26.34 -7.27618e-06
26.36 -4.65226e-06
26.38 8.28345e-07
26.4 -1.61564e-06
26.42 -9.10148e-06
26.44 -1.10285e-05
26.46 -4.90953e-06
26.48 2.83235e-06
26.5 5.99134e-06
26.52 2.59428e-06
26.54 -3.48012e-06
26.56 -4.68438e-06
26.58 2.58347e-06
26.6 1.31851e-05
26.62 1.69437e-05
26.64 1.00544e-05
26.66 8.33922e-07
26.68 -1.70834e-07
26.7 6.48387e-06
26.72 9.20852e-06
26.74 1.88806e-06
26.76 -6.31757e-06
26.78 -6.11923e-06
26.8 -1.06802e-06
26.82 -8.45464e-08
26.84 -5.77508e-06
26.86 -1.0898e-05
26.88 -9.01113e-06
26.9 -4.80134e-06
26.92 -4.26004e-06
26.94 -4.05762e-06
26.96 6.16291e-07
26.98 5.26903e-06
27 1.63512e-06
27.02 -5.92105e-06
27.04 -3.92578e-06
27.06 6.35423e-06
27.08 8.09871e-06
27.1 -3.63316e-06
27.12 -1.18471e-05
27.14 -3.06959e-06
27.16 1.04983e-05
27.18 8.26236e-06
27.2 -7.4701e-06
27.22 -1.45821e-05
27.24 -4.02335e-06
27.26 7.27369e-06
27.28 3.09892e-06
27.3 -8.11575e-06
27.32 -8.03666e-06
27.34 4.35718e-06
27.36 1.26657e-05
27.38 7.77644e-06
27.4 -4.95135e-07
27.42 -7.71903e-09
27.44 8.23356e-06
27.46 1.32897e-05
27.48 7.91039e-06
27.5 -1.65933e-06
27.52 -5.10051e-06
27.54 -3.70037e-06
27.56 -5.59286e-06
27.58 -1.15921e-05
27.6 -1.47866e-05
27.62 -1.20687e-05
27.64 -9.78618e-06
27.66 -1.2699e-05
27.68 -1.52512e-05
27.7 -1.09939e-05
27.72 -2.15596e-06
27.74 5.03296e-06
27.76 8.75308e-06
27.78 1.11182e-05
27.8 1.29575e-05
27.82 1.34388e-05
27.84 1.26175e-05
27.86 1.09011e-05
27.88 7.38541e-06
27.9 2.53235e-06
27.92 -6.01303e-07
27.94 -7.55187e-07
27.96 6.729e-07
27.98 1.69636e-06
28 3.25936e-07
28.02 -1.88668e-06
28.04 -1.40663e-06
28.06 -5.07403e-09
28.08 -1.83508e-06
28.1 -6.16351e-06
28.12 -6.75024e-06
28.14 -5.01549e-07
28.16 3.93194e-06
28.18 -9.08958e-07
28.2 -5.38443e-06
28.22 1.53841e-06
28.24 1.27725e-05
28.26 1.58757e-05
28.28 1.22725e-05
28.3 1.22313e-05
28.32 1.82342e-05
28.34 2.10669e-05
28.36 6.46171e-06
28.38 -2.36909e-05
28.4 -3.84721e-05
28.42 -1.5838e-05
28.44 1.70325e-05
28.46 1.36954e-05
28.48 -2.13293e-05
28.5 -3.3645e-05
28.52 -1.94985e-06
28.54 3.02831e-05
28.56 2.23683e-05
28.58 -6.68909e-06
28.6 -1.3889e-05
28.62 2.58621e-06
28.64 1.07573e-05
28.66 1.90958e-06
28.68 -1.68127e-06
28.7 1.00016e-05
28.72 1.8373e-05
28.74 5.80542e-06
28.76 -1.71368e-05
28.78 -2.20912e-05
28.8 1.66034e-07
28.82 2.11034e-05
28.84 9.86044e-06
28.86 -1.74322e-05
28.88 -1.76588e-05
28.9 1.16652e-05
28.92 2.88927e-05
28.94 1.4005e-05
28.96 -5.01654e-06
28.98 -9.69838e-07
29 1.15523e-05
29.02 6.46552e-06
29.04 -6.44299e-06
29.06 -3.96016e-07
29.08 1.75445e-05
29.1 1.61788e-05
29.12 -7.15693e-06
29.14 -2.11492e-05
29.16 -9.08075e-06
29.18 6.92052e-06
29.2 1.77634e-06
29.22 -1.45743e-05
29.24 -1.65918e-05
29.26 -3.84624e-06
29.28 3.58911e-06
29.3 -1.6416e-06
29.32 -8.38138e-06
29.34 -7.41082e-06
29.36 -1.8242e-06
29.38 2.04622e-06
29.4 3.54865e-06
29.42 4.03329e-06
29.44 2.86242e-06
29.46 5.56526e-07
29.48 1.37305e-07
29.5 2.23826e-06
29.52 3.34816e-06
29.54 1.64681e-07
29.56 -7.49089e-06
29.58 -1.43332e-05
29.6 -1.20499e-05
29.62 -1.52434e-06
29.64 3.08266e-06
29.66 -6.13931e-06
29.68 -1.59398e-05
29.7 -1.19319e-05
29.72 -1.07436e-06
29.74 3.94941e-07
29.76 -7.82438e-06
29.78 -9.98264e-06
29.8 -2.1482e-07
29.82 7.96058e-06
29.84 4.90232e-06
29.86 -7.30221e-07
29.88 1.91732e-06
29.9 9.34254e-06
29.92 1.18616e-05
29.94 8.44957e-06
29.96 5.14176e-06
29.98 4.0977e-06
30 7.62204e-07
30.02 -6.96435e-06
30.04 -1.26943e-05
30.06 -1.07885e-05
30.08 -6.73158e-06
30.1 -8.12337e-06
30.12 -1.06474e-05
30.14 -5.17241e-06
30.16 5.74823e-06
30.18 1.0385e-05
30.2 5.53036e-06
30.22 2.21706e-07
30.24 1.8806e-06
30.26 7.93294e-06
30.28 1.13873e-05
30.3 1.02644e-05
30.32 9.15429e-06
30.34 9.95443e-06
30.36 8.74941e-06
30.38 4.45324e-06
30.4 5.84102e-07
30.42 -9.13389e-07
30.44 -3.36428e-06
30.46 -1.02576e-05
30.48 -1.68719e-05
30.5 -1.46525e-05
30.52 -4.06343e-06
30.54 3.38686e-06
30.56 -9.59814e-08
30.58 -6.54673e-06
30.6 -3.60789e-06
30.62 7.07954e-06
30.64 1.32371e-05
30.66 1.00629e-05
30.68 5.24772e-06
30.7 6.86451e-06
30.72 1.20016e-05
30.74 9.7279e-06
30.76 -1.32518e-06
30.78 -6.91963e-06
30.8 2.19108e-08
30.82 6.50245e-06
30.84 1.87372e-06
30.86 -5.61435e-06
30.88 -3.55077e-06
30.9 7.1318e-06
30.92 1.47866e-05
30.94 1.17016e-05
30.96 3.02281e-06
30.98 -7.89957e-08
31 3.56292e-06
31.02 3.91223e-06
31.04 -2.51225e-06
31.06 -6.9848e-06
31.08 -4.92757e-06
31.1 -2.71883e-06
31.12 -3.79835e-06
31.14 -2.56736e-06
31.16 3.52598e-06
31.18 7.65038e-06
31.2 4.39318e-06
31.22 -1.19353e-06
31.24 -6.32478e-07
31.26 5.95084e-06
31.28 9.18782e-06
31.3 3.69537e-06
31.32 -2.76355e-06
31.34 -2.91191e-07
31.36 7.76414e-06
31.38 9.04374e-06
31.4 1.84165e-06
31.42 -1.05107e-06
31.44 5.53755e-06
31.46 9.88619e-06
31.48 4.12438e-06
31.5 -4.128e-06
31.52 -5.74048e-06
31.54 -2.12354e-06
31.56 -6.19186e-07
31.58 -3.99303e-06
31.6 -7.20755e-06
31.62 -5.01503e-06
31.64 -9.11932e-07
31.66 -2.49732e-06
31.68 -8.65108e-06
31.7 -1.09348e-05
31.72 -6.89925e-06
31.74 -2.73989e-06
31.76 -3.36166e-06
31.78 -6.06734e-06
31.8 -5.40853e-06
31.82 -1.90583e-06
31.84 -9.55306e-07
31.86 -2.37669e-06
31.88 -3.76018e-07
31.9 4.78948e-06
31.92 6.0295e-06
31.94 1.67315e-06
31.96 -6.18233e-07
31.98 4.11963e-06
32 9.17386e-06
32.02 5.85456e-06
32.04 -3.01962e-06
32.06 -6.89166e-06
32.08 -2.88732e-06
32.1 8.08622e-07
32.12 -2.41168e-06
32.14 -8.8713e-06
32.16 -1.0116e-05
32.18 -4.48416e-06
32.2 1.24023e-07
32.22 -2.67183e-06
32.24 -8.31737e-06
32.26 -8.34463e-06
32.28 -2.99315e-06
32.3 -4.13658e-07
32.32 -4.6078e-06
32.34 -9.99253e-06
32.36 -9.27806e-06
32.38 -4.0529e-06
32.4 -2.8246e-06
32.42 -7.40879e-06
32.44 -1.00211e-05
32.46 -5.98772e-06
32.48 -3.27434e-07
32.5 -4.54163e-07
32.52 -6.30504e-06
32.54 -9.18982e-06
32.56 -3.27202e-06
32.58 4.33885e-06
32.6 3.08652e-06
32.62 -3.93508e-06
32.64 -3.81132e-06
32.66 5.70313e-06
32.68 1.19935e-05
32.7 6.77462e-06
32.72 -1.85037e-06
32.74 -2.5989e-06
32.76 1.47017e-06
32.78 -5.97904e-07
32.8 -7.92298e-06
32.82 -9.44908e-06
32.84 -1.96643e-06
32.86 5.54041e-06
32.88 5.76964e-06
32.9 3.76457e-06
32.92 6.96602e-06
32.94 1.17391e-05
32.96 9.891e-06
32.98 2.91321e-06
33 -7.27884e-07
33.02 1.02675e-06
33.04 2.28889e-06
33.06 -2.94941e-07
33.08 -3.07076e-06
33.1 -2.53237e-06
33.12 -1.08476e-06
33.14 -2.06134e-06
33.16 -3.48296e-06
33.18 -2.39725e-06
33.2 8.42809e-08
33.22 1.79718e-06
33.24 1.84923e-06
33.26 6.57631e-07
33.28 -6.88396e-07
33.3 -2.39947e-06
33.32 -4.01828e-06
33.34 -2.04243e-06
33.36 4.26962e-06
33.38 8.29502e-06
33.4 4.21934e-06
33.42 -3.22775e-06
33.44 -3.82789e-06
33.46 3.45616e-06
33.48 7.32177e-06
33.5 5.0304e-07
33.52 -7.98314e-06
33.54 -6.75672e-06
33.56 9.64211e-07
33.58 4.68278e-06
33.6 1.9578e-06
33.62 -1.29659e-06
33.64 -8.75395e-07
33.66 2.51018e-07
33.68 -2.73131e-06
33.7 -7.76787e-06
33.72 -7.78144e-06
33.74 -2.74742e-06
33.76 -5.65951e-07
33.78 -2.70769e-06
33.8 -1.33436e-06
33.82 5.78722e-06
33.84 1.00804e-05
33.86 6.70108e-06
33.88 2.51425e-06
33.9 4.78404e-06
33.92 1.03899e-05
33.94 1.09458e-05
33.96 5.53471e-06
33.98 2.6697e-06
34 7.03822e-06
34.02 1.10139e-05
34.04 6.72298e-06
34.06 -5.3742e-07
34.08 -1.65828e-06
34.1 1.38339e-06
34.12 1.45852e-06
34.14 -2.16249e-06
34.16 -4.87916e-06
34.18 -3.53804e-06
34.2 -1.73029e-07
34.22 9.05278e-07
34.24 -1.4196e-06
34.26 -3.98815e-06
34.28 -3.31695e-06
34.3 3.04081e-07
34.32 2.67651e-06
34.34 6.36644e-07
34.36 -2.48495e-06
34.38 2.28888e-07
34.4 8.25256e-06
34.42 1.22035e-05
34.44 8.10542e-06
34.46 3.49828e-06
34.48 4.97548e-06
34.5 7.71832e-06
34.52 3.77418e-06
34.54 -4.54891e-06
34.56 -7.85155e-06
34.58 -3.27321e-06
34.6 2.43551e-06
34.62 3.24768e-06
34.64 8.04108e-07
34.66 -3.66044e-07
34.68 3.93406e-07
34.7 1.75048e-07
34.72 -2.39001e-06
34.74 -5.15818e-06
34.76 -5.81183e-06
34.78 -4.26286e-06
34.8 -1.81286e-06
34.82 -2.79872e-07
34.84 2.67268e-07
34.86 2.02656e-06
34.88 4.3536e-06
34.9 4.10282e-06
34.92 2.73509e-06
34.94 4.45228e-06
34.96 8.41575e-06
34.98 9.81489e-06
35 6.32029e-06
35.02 1.18045e-06
35.04 -5.77978e-08
35.06 2.40984e-06
35.08 1.94149e-06
35.1 -3.78537e-06
35.12 -8.23723e-06
35.14 -7.19379e-06
35.16 -5.79698e-06
35.18 -8.40081e-06
35.2 -1.0582e-05
35.22 -6.56071e-06
35.24 8.33976e-07
35.26 3.1603e-06
35.28 -1.46833e-06
35.3 -5.1904e-06
35.32 -1.2897e-06
35.34 5.06099e-06
35.36 3.58327e-06
35.38 -3.71421e-06
35.4 -4.29132e-06
35.42 4.56721e-06
35.44 1.11841e-05
35.46 6.90677e-06
35.48 -1.63469e-06
35.5 -2.5327e-06
35.52 2.85902e-06
35.54 2.69889e-06
35.56 -4.95836e-06
35.58 -1.01469e-05
35.6 -8.4995e-06
35.62 -6.24842e-06
35.64 -7.82415e-06
35.66 -9.25692e-06
35.68 -6.34157e-06
35.7 -2.4498e-06
35.72 -2.21528e-06
35.74 -4.12986e-06
35.76 -5.31797e-06
35.78 -3.95128e-06
35.8 2.25015e-06
35.82 8.68994e-06
35.84 5.24027e-06
35.86 -5.01337e-06
35.88 -7.10098e-06
35.9 4.97823e-08
35.92 2.35289e-06
35.94 -2.06104e-06
35.96 1.15241e-06
35.98 1.25985e-05
36 1.24329e-05
36.02 -3.41405e-06
36.04 -1.12546e-05
36.06 7.3984e-07
36.08 1.35982e-05
36.1 1.10158e-05
36.12 2.39529e-06
36.14 5.89895e-07
36.16 1.26423e-06
36.18 -2.41649e-08
36.2 3.31164e-06
36.22 1.01952e-05
36.24 1.00079e-05
36.26 6.65616e-07
36.28 -9.6719e-06
36.3 -1.30972e-05
36.32 -9.97511e-06
36.34 -8.12459e-06
36.36 -9.97309e-06
36.38 -9.1565e-06
36.4 -2.98813e-06
36.42 4.03503e-06
36.44 6.9316e-06
36.46 2.53195e-06
36.48 -4.92875e-06
36.5 -3.2707e-07
36.52 2.06134e-05
36.54 3.43666e-05
36.56 2.08977e-05
36.58 -1.24482e-06
36.6 -3.6319e-07
36.62 1.81664e-05
36.64 1.87635e-05
36.66 -4.84804e-06
36.68 -1.77358e-05
36.7 -6.39127e-06
36.72 -7.41878e-07
36.74 -1.38939e-05
36.76 -1.55504e-05
36.78 7.75118e-06
36.8 1.78623e-05
36.82 -9.23573e-06
36.84 -3.27406e-05
36.86 -1.3216e-05
36.88 1.79828e-05
36.9 8.00942e-06
36.92 -3.114e-05
36.94 -4.06474e-05
36.96 -5.26523e-06
36.98 3.09783e-05
37 2.79028e-05
37.02 -4.31773e-06
37.04 -1.73922e-05
37.06 1.28988e-05
37.08 4.63864e-05
37.1 3.15942e-05
37.12 -1.28882e-05
37.14 -2.45675e-05
37.16 5.28387e-06
37.18 2.21347e-05
37.2 -3.64123e-06
37.22 -3.68097e-05
37.24 -3.89817e-05
37.26 -1.7116e-05
37.28 2.66119e-06
37.3 6.51518e-06
37.32 -3.54574e-06
37.34 -1.41885e-05
37.36 -1.42603e-05
37.38 -7.08673e-06
37.4 -3.60311e-06
37.42 -5.31935e-06
37.44 -3.68031e-06
37.46 3.71358e-06
37.48 1.02602e-05
37.5 1.11065e-05
37.52 7.34422e-06
37.54 4.21822e-06
37.56 8.50475e-06
37.58 1.98878e-05
37.6 2.49599e-05
37.62 1.33829e-05
37.64 -4.95576e-06
37.66 -1.25409e-05
37.68 -4.24729e-06
37.7 9.57556e-06
37.72 1.17205e-05
37.74 -2.12048e-06
37.76 -1.34396e-05
37.78 -5.61742e-06
37.8 9.77414e-06
37.82 6.18331e-06
37.84 -1.98134e-05
37.86 -3.70153e-05
37.88 -2.19523e-05
37.9 3.22459e-06
37.92 5.48381e-06
37.94 -8.61058e-06
37.96 -1.11701e-05
37.98 1.29996e-06
38 9.43627e-06
38.02 4.05767e-06
38.04 -3.54706e-06
38.06 -9.52215e-07
38.08 7.06331e-06
38.1 7.06787e-06
38.12 -5.68355e-07
38.14 -4.16629e-06
38.16 5.40875e-07
38.18 7.44428e-06
38.2 9.92575e-06
38.22 9.39878e-06
38.24 1.00963e-05
38.26 8.47533e-06
38.28 -6.82699e-07
38.3 -1.21769e-05
38.32 -1.46976e-05
38.34 -5.81523e-06
38.36 2.90949e-06
38.38 -2.66726e-07
38.4 -9.24698e-06
38.42 -7.18895e-06
38.44 7.68747e-06
38.46 1.83399e-05
38.48 1.20905e-05
38.5 -2.7983e-06
38.52 -8.70668e-06
38.54 -2.59738e-06
38.56 2.03078e-06
38.58 -3.96128e-06
38.6 -1.37598e-05
38.62 -1.53196e-05
38.64 -7.7175e-06
38.66 -1.51806e-06
38.68 -2.93759e-06
38.7 -6.25867e-06
38.72 -4.16396e-06
38.74 2.48196e-06
38.76 7.32256e-06
38.78 6.92312e-06
38.8 4.19731e-06
38.82 3.20468e-06
38.84 2.81072e-06
38.86 -1.12474e-06
38.88 -7.46617e-06
38.9 -9.4953e-06
38.92 -5.9501e-06
38.94 -4.04637e-06
38.96 -6.77111e-06
38.98 -6.81073e-06
39 1.22753e-06
39.02 1.09151e-05
39.04 1.33373e-05
39.06 1.0636e-05
39.08 1.21917e-05
39.1 1.94144e-05
39.12 2.18799e-05
39.14 1.13748e-05
39.16 -4.68293e-06
39.18 -1.07947e-05
39.2 -3.85964e-06
39.22 2.81934e-06
39.24 -1.20049e-06
39.26 -9.03092e-06
39.28 -7.73831e-06
39.3 1.53495e-06
39.32 5.15863e-06
39.34 -1.87704e-06
39.36 -9.09002e-06
39.38 -7.70595e-06
39.4 -2.27342e-06
39.42 -7.677e-07
39.44 -3.41352e-06
39.46 -5.28692e-06
39.48 -3.64577e-06
39.5 -1.03475e-08
39.52 2.97774e-06
39.54 4.15253e-06
39.56 3.5399e-06
39.58 1.93522e-06
39.6 1.5242e-06
39.62 5.01248e-06
39.64 1.11857e-05
39.66 1.42391e-05
39.68 1.12679e-05
39.7 7.13454e-06
39.72 7.22238e-06
39.74 8.1716e-06
39.76 3.62415e-06
39.78 -3.59422e-06
39.8 -5.61474e-06
39.82 -2.3189e-06
39.84 -3.02489e-07
39.86 -2.77804e-06
39.88 -6.07564e-06
39.9 -5.56382e-06
39.92 -2.00551e-06
39.94 6.90557e-07
39.96 1.11468e-06
39.98 1.00012e-07
40 -1.3515e-06
40.02 -1.83007e-06
40.04 -6.99946e-07
40.06 6.09182e-07
40.08 -2.52588e-07
40.1 -2.31193e-06
40.12 -6.89477e-07
40.14 4.54715e-06
40.16 6.26754e-06
40.18 2.36287e-06
40.2 -8.26258e-07
40.22 -6.19032e-08
40.24 8.06151e-07
40.26 -1.68611e-06
40.28 -5.75093e-06
40.3 -6.88221e-06
40.32 -4.08915e-06
40.34 -1.50709e-06
40.36 -2.25918e-06
40.38 -4.12464e-06
40.4 -2.78246e-06
40.42 2.8778e-06
40.44 8.46482e-06
40.46 9.3117e-06
40.48 6.97213e-06
40.5 6.06901e-06
40.52 7.33414e-06
40.54 6.33573e-06
40.56 2.66935e-07
40.58 -4.42731e-06
40.6 -2.32657e-07
40.62 6.7205e-06
40.64 3.96382e-06
40.66 -8.51227e-06
40.68 -1.72134e-05
40.7 -1.27716e-05
40.72 -3.26052e-06
40.74 -3.10539e-06
40.76 -1.24405e-05
40.78 -1.79379e-05
40.8 -1.19165e-05
40.82 -8.06832e-07
40.84 4.85817e-06
40.86 3.45231e-06
40.88 1.98767e-06
40.9 3.3351e-06
40.92 3.55536e-06
40.94 2.31772e-06
40.96 3.25915e-06
40.98 6.09254e-06
41 7.66207e-06
41.02 6.40774e-06
41.04 2.96759e-06
41.06 6.20943e-07
41.08 1.54681e-06
41.1 2.99348e-06
41.12 2.12598e-06
41.14 -2.26091e-07
41.16 -2.14541e-06
41.18 -3.51014e-06
41.2 -5.55934e-06
41.22 -8.05903e-06
41.24 -8.77679e-06
41.26 -6.608e-06
41.28 -4.41955e-06
41.3 -5.48443e-06
41.32 -7.27162e-06
41.34 -5.14332e-06
41.36 -5.23629e-07
41.38 1.59144e-06
41.4 3.47415e-07
41.42 -1.35995e-08
41.44 3.93879e-06
41.46 9.46721e-06
41.48 1.07906e-05
41.5 7.10456e-06
41.52 3.94679e-06
41.54 5.58522e-06
41.56 9.28724e-06
41.58 9.08971e-06
41.6 3.59472e-06
41.62 -1.76817e-06
41.64 -1.84429e-06
41.66 1.14712e-06
41.68 1.43664e-06
41.7 -2.01907e-06
41.72 -5.5051e-06
41.74 -6.97202e-06
41.76 -7.71128e-06
41.78 -8.43574e-06
41.8 -8.4175e-06
41.82 -6.81357e-06
41.84 -2.96071e-06
41.86 1.85782e-06
41.88 4.44908e-06
41.9 4.01749e-06
41.92 4.00925e-06
41.94 6.8629e-06
41.96 9.96224e-06
41.98 9.64426e-06
42 6.2389e-06
42.02 3.07338e-06
42.04 1.71876e-06
42.06 3.65485e-07
42.08 -2.24818e-06
42.1 -3.71307e-06
42.12 -1.6074e-06
42.14 1.95527e-06
42.16 2.92058e-06
42.18 5.25645e-07
42.2 -2.0595e-06
42.22 -1.81349e-06
42.24 -5.07445e-08
42.26 -4.63807e-07
42.28 -3.70048e-06
42.3 -6.68893e-06
42.32 -7.09534e-06
42.34 -5.70699e-06
42.36 -3.75153e-06
42.38 -1.98562e-06
42.4 -1.08362e-06
42.42 1.58103e-07
42.44 2.45793e-06
42.46 3.69399e-06
42.48 2.75499e-06
42.5 1.36252e-06
42.52 1.73705e-06
42.54 3.9084e-06
42.56 5.36353e-06
42.58 4.34074e-06
42.6 2.36017e-06
42.62 2.3458e-06
42.64 4.19131e-06
42.66 4.44828e-06
42.68 1.94955e-06
42.7 1.49667e-07
42.72 1.80331e-06
42.74 4.27413e-06
42.76 2.73017e-06
42.78 -2.29315e-06
42.8 -4.0745e-06
42.82 2.40502e-08
42.84 2.62685e-06
42.86 -2.26582e-06
42.88 -8.88507e-06
42.9 -8.53075e-06
42.92 -2.49732e-06
42.94 2.19281e-07
42.96 -4.38372e-06
42.98 -9.69735e-06
43 -7.56895e-06
43.02 3.16083e-07
43.04 4.77989e-06
43.06 2.03494e-06
43.08 -1.87019e-06
43.1 -3.5514e-07
43.12 4.98505e-06
43.14 7.16799e-06
43.16 4.17738e-06
43.18 1.57606e-06
43.2 3.03416e-06
43.22 4.8063e-06
43.24 2.61154e-06
43.26 -1.83449e-06
43.28 -3.83219e-06
43.3 -2.73691e-06
43.32 -2.80966e-06
43.34 -6.11698e-06
43.36 -9.1844e-06
43.38 -8.53852e-06
43.4 -5.60872e-06
43.42 -3.54406e-06
43.44 -2.33536e-06
43.46 -3.03074e-07
43.48 2.56612e-06
43.5 4.76403e-06
43.52 5.34593e-06
43.54 4.8657e-06
43.56 4.2097e-06
43.58 3.42244e-06
43.6 1.8341e-06
43.62 -3.14373e-07
43.64 -1.39352e-06
43.66 -6.57553e-07
43.68 2.38527e-07
43.7 -8.58979e-07
43.72 -3.19915e-06
43.74 -3.47316e-06
43.76 -1.28788e-06
43.78 -1.50666e-07
43.8 -9.88135e-07
43.82 -1.01339e-06
43.84 7.05525e-07
43.86 1.31066e-06
43.88 -1.28541e-06
43.9 -4.22967e-06
43.92 -3.50792e-06
43.94 -6.43887e-07
43.96 -9.05474e-07
43.98 -4.44634e-06
44 -5.54808e-06
44.02 -1.88968e-06
44.04 1.88602e-06
44.06 1.41326e-06
44.08 -1.50031e-06
44.1 -2.26875e-06
44.12 8.37838e-08
44.14 1.98952e-06
44.16 6.85634e-07
44.18 -2.17448e-06
44.2 -3.3655e-06
44.22 -2.58478e-06
44.24 -2.21111e-06
44.26 -3.43457e-06
44.28 -4.97966e-06
44.3 -5.15195e-06
44.32 -3.70915e-06
44.34 -1.65017e-06
44.36 -4.77764e-07
44.38 -7.84629e-07
44.4 -5.83879e-07
44.42 1.92683e-06
44.44 4.88066e-06
44.46 5.75121e-06
44.48 4.59287e-06
44.5 2.51105e-06
44.52 4.67831e-07
44.54 -7.62362e-07
44.56 -1.40633e-06
44.58 -2.35403e-06
44.6 -3.73746e-06
44.62 -4.5495e-06
44.64 -3.86909e-06
44.66 -2.25863e-06
44.68 -1.42417e-06
44.7 -2.03241e-06
44.72 -2.18866e-06
44.74 -4.24641e-07
44.76 1.61089e-06
44.78 1.81632e-06
44.8 3.09127e-07
44.82 -9.97273e-07
44.84 -3.43697e-07
44.86 1.82484e-06
44.88 3.18999e-06
44.9 2.28997e-06
44.92 3.15456e-07
44.94 -2.8519e-07
44.96 8.19271e-07
44.98 1.28024e-06
45 -4.5925e-07
45.02 -2.60552e-06
45.04 -2.26563e-06
45.06 4.24697e-07
45.08 2.1567e-06
45.1 6.47574e-07
45.12 -1.71569e-06
45.14 -1.19035e-06
45.16 1.20077e-06
45.18 1.32364e-06
45.2 -1.44068e-06
45.22 -2.73209e-06
45.24 6.23878e-07
45.26 5.53994e-06
45.28 6.70939e-06
45.3 3.60767e-06
45.32 1.21351e-06
45.34 3.10853e-06
45.36 5.16309e-06
45.38 1.97959e-06
45.4 -3.73916e-06
45.42 -4.65451e-06
45.44 8.28143e-07
45.46 4.65084e-06
45.48 4.25148e-07
45.5 -5.73552e-06
45.52 -4.66841e-06
45.54 1.3874e-06
45.56 2.55663e-06
45.58 -2.91092e-06
45.6 -6.17203e-06
45.62 -1.86653e-06
45.64 3.5933e-06
45.66 1.54601e-06
45.68 -5.38372e-06
45.7 -6.71221e-06
45.72 -2.17619e-07
45.74 4.38878e-06
45.76 -6.33382e-08
45.78 -7.10096e-06
45.8 -5.63547e-06
45.82 3.1579e-06
45.84 7.12958e-06
45.86 1.7157e-06
45.88 -3.22962e-06
45.9 8.8475e-07
45.92 8.41551e-06
45.94 8.98357e-06
45.96 2.73103e-06
45.98 -1.79093e-06
46 -8.07564e-07
46.02 1.75064e-06
46.04 1.53173e-06
46.06 -9.8461e-07
46.08 -2.22641e-06
46.1 -1.86866e-06
46.12 -2.35966e-06
46.14 -3.844e-06
46.16 -4.66052e-06
46.18 -3.39101e-06
46.2 3.21449e-08
46.22 2.54581e-06
46.24 7.2743e-07
46.26 -2.49252e-06
46.28 -9.02919e-07
46.3 3.65974e-06
46.32 3.94832e-06
46.34 9.6651e-09
46.36 -1.73523e-06
46.38 1.18187e-06
46.4 4.19625e-06
46.42 2.52834e-06
46.44 -1.36143e-06
46.46 -1.3041e-06
46.48 2.20754e-06
46.5 2.72369e-06
46.52 -1.14899e-06
46.54 -3.75909e-06
46.56 -1.5147e-06
46.58 1.92722e-06
46.6 1.32084e-06
46.62 -2.26602e-06
46.64 -3.28752e-06
46.66 -4.38761e-07
46.68 1.42686e-06
46.7 -1.11067e-06
46.72 -4.35635e-06
46.74 -2.93889e-06
46.76 1.2783e-06
46.78 2.44355e-06
46.8 1.11553e-07
46.82 -8.321e-07
46.84 2.06354e-06
46.86 3.84457e-06
46.88 -1.03697e-07
46.9 -4.97481e-06
46.92 -3.95606e-06
46.94 1.54115e-06
46.96 4.38074e-06
46.98 1.25793e-06
47 -3.00487e-06
47.02 -2.65028e-06
47.04 1.19518e-06
47.06 2.87198e-06
47.08 -6.57629e-07
47.1 -5.2248e-06
47.12 -3.54737e-06
47.14 2.8217e-06
47.16 3.71076e-06
47.18 -3.25924e-06
47.2 -7.95827e-06
47.22 -3.11901e-06
47.24 4.51747e-06
47.26 4.11587e-06
47.28 -2.35408e-06
47.3 -3.02081e-06
47.32 5.029e-06
47.34 1.15857e-05
47.36 9.27588e-06
47.38 3.30814e-06
47.4 1.66151e-06
47.42 2.7221e-06
47.44 -3.69125e-07
47.46 -5.85594e-06
47.48 -4.93331e-06
47.5 2.09657e-06
47.52 4.38678e-06
47.54 -1.2572e-06
47.56 -4.30285e-06
47.58 1.06096e-06
47.6 5.77264e-06
47.62 1.52232e-06
47.64 -5.86939e-06
47.66 -6.43972e-06
47.68 -1.25422e-06
47.7 7.56392e-07
47.72 -2.95832e-06
47.74 -5.03701e-06
47.76 -4.61542e-07
47.78 4.8651e-06
47.8 3.48669e-06
47.82 -1.89844e-06
47.84 -3.28669e-06
47.86 1.27728e-07
47.88 1.60238e-06
47.9 -2.02036e-06
47.92 -4.98571e-06
47.94 -2.39802e-06
47.96 1.27633e-06
47.98 1.91671e-07
48 -3.03253e-06
48.02 -2.00347e-06
48.04 2.87623e-06
48.06 4.37035e-06
48.08 -9.14156e-07
48.1 -6.65153e-06
48.12 -4.64906e-06
48.14 3.5699e-06
48.16 6.57226e-06
48.18 -1.00633e-06
48.2 -8.44862e-06
48.22 -4.99132e-06
48.24 3.34857e-06
48.26 4.23291e-06
48.28 -2.3878e-06
48.3 -5.25301e-06
48.32 1.65699e-06
48.34 9.16405e-06
48.36 6.12709e-06
48.38 -2.55624e-06
48.4 -3.53283e-06
48.42 4.20502e-06
48.44 8.39189e-06
48.46 2.77444e-06
48.48 -4.13503e-06
48.5 -3.28832e-06
48.52 2.00903e-06
48.54 2.09499e-06
48.56 -4.55373e-06
48.58 -8.56051e-06
48.6 -4.13843e-06
48.62 1.65578e-06
48.64 -7.67569e-08
48.66 -5.91424e-06
48.68 -4.87365e-06
48.7 3.47755e-06
48.72 7.37241e-06
48.74 1.45545e-06
48.76 -4.53856e-06
48.78 -8.6583e-07
48.8 6.52234e-06
48.82 5.75503e-06
48.84 -1.74968e-06
48.86 -4.2665e-06
48.88 1.63924e-06
48.9 6.38724e-06
48.92 2.67024e-06
48.94 -3.55244e-06
48.96 -2.89449e-06
48.98 3.11305e-06
49 4.9466e-06
49.02 -4.26649e-08
49.04 -3.91217e-06
49.06 -8.00322e-07
49.08 4.23162e-06
49.1 3.39379e-06
49.12 -1.19233e-06
49.14 -1.10245e-06
49.16 4.22489e-06
49.18 6.4624e-06
49.2 1.38049e-06
49.22 -3.76711e-06
49.24 -1.3508e-06
49.26 3.50632e-06
49.28 1.60069e-06
49.3 -4.75552e-06
49.32 -5.94712e-06
49.34 -3.11386e-07
49.36 3.76559e-06
49.38 4.7342e-07
49.4 -4.68276e-06
49.42 -3.16411e-06
49.44 2.99876e-06
49.46 4.54972e-06
49.48 -3.47672e-07
49.5 -3.98302e-06
49.52 -1.60393e-06
49.54 1.7543e-06
49.56 4.92861e-07
49.58 -3.03043e-06
49.6 -3.90484e-06
49.62 -2.51606e-06
49.64 -3.04852e-06
49.66 -6.48716e-06
49.68 -8.50801e-06
49.7 -6.30324e-06
49.72 -3.11684e-06
49.74 -2.67958e-06
49.76 -3.55858e-06
49.78 -2.0777e-06
49.8 1.03468e-06
49.82 1.2391e-06
49.84 -1.88019e-06
49.86 -2.75919e-06
49.88 1.41746e-06
49.9 5.34045e-06
49.92 3.2991e-06
49.94 -1.68939e-06
49.96 -2.70064e-06
49.98 3.80359e-07
50 1.61954e-06
50.02 -1.59469e-06
50.04 -4.7545e-06
50.06 -2.67171e-06
50.08 2.49979e-06
50.1 3.42279e-06
50.12 -1.52211e-06
50.14 -5.37488e-06
50.16 -3.20616e-06
50.18 1.27052e-06
50.2 1.93435e-06
50.22 -1.76433e-06
50.24 -4.68308e-06
50.26 -2.7143e-06
50.28 1.43156e-06
50.3 1.95226e-06
50.32 -9.6738e-07
50.34 -1.57452e-06
50.36 1.53504e-06
50.38 3.29502e-06
50.4 1.12769e-06
50.42 -1.08711e-06
50.44 5.07003e-07
50.46 3.83862e-06
50.48 3.79073e-06
50.5 -2.92406e-07
50.52 -3.12829e-06
50.54 -9.72437e-07
50.56 3.06517e-06
50.58 3.58445e-06
50.6 6.85226e-07
50.62 -4.97919e-07
50.64 1.71709e-06
50.66 3.13226e-06
50.68 1.12218e-06
50.7 -1.10352e-06
50.72 -1.08408e-07
50.74 2.22645e-06
50.76 1.81334e-06
50.78 -1.14308e-06
50.8 -2.29823e-06
50.82 -4.97514e-07
50.84 -5.28554e-08
50.86 -2.98127e-06
50.88 -5.17928e-06
50.9 -3.58235e-06
50.92 -1.00787e-06
50.94 -1.18007e-06
50.96 -3.66044e-06
50.98 -5.09928e-06
51 -3.60205e-06
51.02 -1.08437e-06
51.04 -7.94743e-07
51.06 -2.52185e-06
51.08 -2.80936e-06
51.1 -7.79312e-07
51.12 6.44284e-07
51.14 -4.72089e-07
51.16 -2.68002e-06
51.18 -3.19798e-06
51.2 -1.2321e-06
51.22 7.1936e-07
51.24 1.64934e-07
51.26 -1.16379e-06
51.28 3.58381e-07
51.3 4.27935e-06
51.32 6.71187e-06
51.34 4.62871e-06
51.36 -2.50681e-06
51.38 -1.07308e-05
51.4 -1.34724e-05
51.42 -8.20882e-06
51.44 1.5096e-06
51.46 8.91946e-06
51.48 8.07211e-06
51.5 6.55111e-07
51.52 -2.68266e-06
51.54 3.09835e-06
51.56 8.32558e-06
51.58 3.96625e-06
51.6 -4.72926e-06
51.62 -6.7393e-06
51.64 4.93378e-08
51.66 6.89675e-06
51.68 6.2592e-06
51.7 1.2548e-06
51.72 -7.49429e-08
51.74 3.28166e-06
51.76 4.69733e-06
51.78 6.02728e-07
51.8 -4.79184e-06
51.82 -6.01449e-06
51.84 -2.78375e-06
51.86 8.04852e-07
51.88 1.08142e-06
51.9 -1.19863e-06
51.92 -2.071e-06
51.94 1.64522e-07
51.96 2.86534e-06
51.98 3.0781e-06
52 1.54506e-06
52.02 7.89486e-07
52.04 9.25229e-07
52.06 7.2495e-08
52.08 -1.89629e-06
52.1 -2.49887e-06
52.12 -5.87626e-07
52.14 6.27835e-07
52.16 -1.2934e-06
52.18 -2.85264e-06
52.2 -1.65075e-09
52.22 4.91398e-06
52.24 6.00179e-06
52.26 2.34647e-06
52.28 -6.61903e-07
52.3 6.102e-07
52.32 3.11004e-06
52.34 1.94033e-06
52.36 -2.32339e-06
52.38 -4.18741e-06
52.4 -1.49214e-06
52.42 1.20854e-06
52.44 -8.32988e-08
52.46 -2.18847e-06
52.48 -3.14937e-07
52.5 3.31972e-06
52.52 2.94995e-06
52.54 -1.51046e-06
52.56 -4.18666e-06
52.58 -2.26984e-06
52.6 -1.0724e-07
52.62 -1.56937e-06
52.64 -4.33344e-06
52.66 -4.18358e-06
52.68 -1.37893e-06
52.7 3.01175e-07
52.72 -4.18491e-07
52.74 -1.62078e-06
52.76 -1.72252e-06
52.78 -1.11535e-06
52.8 -1.14708e-06
52.82 -1.91668e-06
52.84 -2.11651e-06
52.86 -1.43937e-06
52.88 -1.27455e-06
52.9 -1.86277e-06
52.92 -1.36123e-06
52.94 3.88747e-07
52.96 5.85775e-07
52.98 -1.40434e-06
53 -2.19315e-06
53.02 6.56976e-08
53.04 2.48371e-06
53.06 1.87033e-06
53.08 -1.82236e-07
53.1 1.72472e-07
53.12 2.93463e-06
53.14 3.94615e-06
53.16 1.74452e-06
53.18 2.03065e-07
53.2 1.40969e-06
53.22 2.55331e-06
53.24 1.16992e-06
53.26 -1.14706e-06
53.28 -1.57092e-06
53.3 -4.33473e-07
53.32 -4.37639e-07
53.34 -2.49079e-06
53.36 -3.92766e-06
53.38 -2.373e-06
53.4 -3.52522e-08
53.42 -2.07931e-07
53.44 -1.82962e-06
53.46 -1.86319e-06
53.48 -3.56294e-07
53.5 3.03393e-07
53.52 -4.40249e-07
53.54 -7.45942e-07
53.56 2.40474e-07
53.58 1.01783e-06
53.6 1.65363e-07
53.62 -1.57561e-06
53.64 -2.39489e-06
53.66 -1.60083e-06
53.68 -5.53366e-07
53.7 -9.09215e-07
53.72 -1.63029e-06
53.74 -6.31638e-07
53.76 1.36336e-06
53.78 1.971e-06
53.8 9.1835e-07
53.82 -1.25093e-08
53.84 5.51979e-07
53.86 2.01519e-06
53.88 2.00831e-06
53.9 -2.60053e-07
53.92 -1.85133e-06
53.94 -3.41402e-07
53.96 1.96328e-06
53.98 1.6294e-06
54 -7.30325e-07
54.02 -1.66571e-06
54.04 7.34441e-08
54.06 2.02927e-06
54.08 1.78597e-06
54.1 1.50189e-07
54.12 -2.41196e-09
54.14 1.75704e-06
54.16 2.28096e-06
54.18 3.35896e-07
54.2 -1.64453e-06
54.22 -2.18667e-06
54.24 -2.03464e-06
54.26 -2.06481e-06
54.28 -2.50277e-06
54.3 -2.49063e-06
54.32 -1.47389e-06
54.34 -6.95184e-07
54.36 -1.24157e-06
54.38 -2.2864e-06
54.4 -2.33194e-06
54.42 -1.1531e-06
54.44 2.42805e-07
54.46 9.84466e-07
54.48 1.05088e-06
54.5 9.57487e-07
54.52 1.26057e-06
54.54 1.75836e-06
54.56 1.51342e-06
54.58 3.66104e-07
54.6 -4.65325e-07
54.62 2.36612e-07
54.64 1.59471e-06
54.66 1.51626e-06
54.68 -4.42511e-07
54.7 -2.55e-06
54.72 -2.7439e-06
54.74 -1.52556e-06
54.76 -1.56653e-06
54.78 -3.23335e-06
54.8 -4.01822e-06
54.82 -2.848e-06
54.84 -1.03419e-06
54.86 4.48893e-08
54.88 3.36247e-07
54.9 9.88451e-07
54.92 2.16128e-06
54.94 2.47407e-06
54.96 1.91789e-06
54.98 1.97014e-06
55 2.3391e-06
55.02 1.57014e-06
55.04 1.97468e-09
55.06 -5.94812e-07
55.08 4.53271e-08
55.1 4.07999e-07
55.12 1.63141e-08
55.14 -4.49983e-07
55.16 -5.03278e-07
55.18 -1.19961e-07
55.2 4.14276e-07
55.22 9.88532e-07
55.24 1.49248e-06
55.26 1.698e-06
55.28 1.5252e-06
55.3 1.03482e-06
55.32 7.57465e-07
55.34 1.27549e-06
55.36 1.50834e-06
55.38 7.80886e-08
55.4 -1.55377e-06
55.42 -1.12004e-06
55.44 3.2573e-07
55.46 2.47801e-07
55.48 -1.23956e-06
55.5 -2.42111e-06
55.52 -2.34029e-06
55.54 -1.44181e-06
55.56 -9.07136e-07
55.58 -8.85143e-07
55.6 -8.38483e-07
55.62 -3.33579e-07
55.64 2.18053e-07
55.66 -6.45585e-07
55.68 -2.42268e-06
55.7 -2.33364e-06
55.72 1.03147e-07
55.74 1.78969e-06
55.76 5.57328e-07
55.78 -1.59367e-06
55.8 -1.28795e-06
55.82 1.33279e-06
55.84 2.54435e-06
55.86 8.60663e-07
55.88 8.88231e-08
55.9 3.25064e-06
55.92 6.03305e-06
55.94 1.04832e-06
55.96 -9.29271e-06
55.98 -1.24571e-05
56 -4.44939e-06
56.02 4.18478e-06
56.04 3.76276e-06
56.06 -2.95073e-06
56.08 -4.77139e-06
56.1 2.38676e-06
56.12 9.40005e-06
56.14 7.18082e-06
56.16 -1.3064e-06
56.18 -5.25064e-06
56.2 -1.14024e-06
56.22 2.62207e-06
56.24 -1.18725e-07
56.26 -4.28082e-06
56.28 -2.84079e-06
56.3 2.78399e-06
56.32 5.33324e-06
56.34 2.08897e-06
56.36 -1.37974e-06
56.38 -1.76902e-07
56.4 2.51278e-06
56.42 1.50206e-06
56.44 -1.40665e-06
56.46 -3.1435e-07
56.48 4.28733e-06
56.5 5.34434e-06
56.52 9.46083e-07
56.54 -2.15438e-06
56.56 6.80749e-07
56.58 4.7126e-06
56.6 2.77111e-06
56.62 -3.51423e-06
56.64 -5.60785e-06
56.66 -9.26875e-07
56.68 3.57925e-06
56.7 1.52978e-06
56.72 -3.77339e-06
56.74 -4.24897e-06
56.76 7.77261e-07
56.78 3.81885e-06
56.8 7.78072e-07
56.82 -2.93413e-06
56.84 -1.40235e-06
56.86 2.67576e-06
56.88 3.37816e-06
56.9 -2.52444e-07
56.92 -3.62456e-06
56.94 -2.62975e-06
56.96 -8.04822e-08
56.98 -1.26355e-06
57 -4.95468e-06
57.02 -5.37056e-06
57.04 -1.98589e-06
57.06 -5.08229e-07
57.08 -2.89448e-06
57.1 -3.6759e-06
57.12 7.17589e-08
57.14 2.84647e-06
57.16 1.80348e-07
57.18 -3.77984e-06
57.2 -2.68426e-06
57.22 2.10489e-06
57.24 3.13382e-06
57.26 -1.59294e-06
57.28 -5.15682e-06
57.3 -1.98975e-06
57.32 3.52474e-06
57.34 3.32024e-06
57.36 -1.96997e-06
57.38 -3.67776e-06
57.4 1.31346e-06
57.42 5.5698e-06
57.44 2.87816e-06
57.46 -2.72015e-06
57.48 -3.54937e-06
57.5 7.62627e-07
57.52 3.62357e-06
57.54 1.19976e-06
57.56 -2.78369e-06
57.58 -2.6664e-06
57.6 1.09868e-06
57.62 3.06051e-06
57.64 8.92718e-07
57.66 -1.80296e-06
57.68 -1.17882e-06
57.7 1.25246e-06
57.72 1.38789e-06
57.74 -1.00451e-06
57.76 -2.26049e-06
57.78 -7.04867e-07
57.8 9.13514e-07
57.82 7.30777e-08
57.84 -1.54489e-06
57.86 -1.07884e-06
57.88 7.82479e-07
57.9 9.71225e-07
57.92 -8.48226e-07
57.94 -1.62376e-06
57.96 1.80919e-08
57.98 1.44121e-06
58 3.67708e-07
58.02 -1.48961e-06
58.04 -1.41169e-06
58.06 2.5788e-07
58.08 1.02766e-06
58.1 -5.64139e-08
58.12 -1.18468e-06
58.14 -6.16691e-07
58.16 7.19861e-07
58.18 8.19229e-07
58.2 -3.21651e-07
58.22 -8.41202e-07
58.24 4.90456e-08
58.26 8.96133e-07
58.28 3.68717e-07
58.3 -6.77514e-07
58.32 -6.20532e-07
58.34 4.0497e-07
58.36 7.94659e-07
58.38 1.94812e-08
58.4 -6.22749e-07
58.42 -1.17504e-07
58.44 7.19819e-07
58.46 5.97707e-07
58.48 -2.62836e-07
58.5 -5.44945e-07
58.52 1.43636e-07
58.54 7.16676e-07
58.56 3.05271e-07
58.58 -4.16334e-07
58.6 -3.23607e-07
58.62 4.05083e-07
58.64 6.21417e-07
58.66 3.13581e-08
58.68 -4.02778e-07
58.7 -2.85495e-08
58.72 5.25233e-07
58.74 4.03488e-07
58.76 -1.62215e-07
58.78 -2.80346e-07
58.8 2.00659e-07
58.82 5.10521e-07
58.84 1.89316e-07
58.86 -2.35699e-07
58.88 -1.13741e-07
58.9 3.36893e-07
58.92 4.15364e-07
58.94 2.90136e-08
58.96 -2.06743e-07
58.98 5.52712e-08
59 3.87617e-07
59.02 2.85117e-07
59.04 -6.72232e-08
59.06 -1.19093e-07
59.08 1.89752e-07
59.1 3.70571e-07
59.12 1.60215e-07
59.14 -9.61846e-08
59.16 -6.89417e-09
59.18 2.7171e-07
59.2 3.07698e-07
59.22 6.42255e-08
59.24 -7.09759e-08
59.26 1.00668e-07
59.28 3.01128e-07
59.3 2.27266e-07
59.32 1.03321e-08
59.34 -1.10142e-08
59.36 1.84079e-07
59.38 2.8822e-07
59.4 1.51726e-07
59.42 -1.73544e-09
59.44 6.23287e-08
59.46 2.34377e-07
59.48 2.49028e-07
59.5 9.61883e-08
59.52 1.9392e-08
59.54 1.31218e-07
59.56 2.51921e-07
59.58 2.0025e-07
59.6 6.72766e-08
59.62 6.08414e-08
59.64 1.8392e-07
59.66 2.43691e-07
59.68 1.55704e-07
59.7 6.42596e-08
59.72 1.09324e-07
59.74 2.1545e-07
59.76 2.19951e-07
59.78 1.24382e-07
59.8 8.13253e-08
59.82 1.53972e-07
59.84 2.26574e-07
59.86 1.91108e-07
59.88 1.09913e-07
59.9 1.10263e-07
59.92 1.8784e-07
59.94 2.2199e-07
59.96 1.6563e-07
59.98 -4.35904e-08
