0.02 6.39881e-06
0.04 1.81268e-05
0.06 1.98407e-05
0.08 9.07563e-06
0.1 2.59794e-06
0.12 9.7123e-06
0.14 1.87724e-05
0.16 1.6231e-05
0.18 7.31252e-06
0.2 6.87238e-06
0.22 1.61369e-05
0.24 2.17756e-05
0.26 1.72708e-05
0.28 1.24901e-05
0.3 1.73146e-05
0.32 2.52392e-05
0.34 2.62474e-05
0.36 2.41244e-05
0.38 2.32767e-05
0.4 1.22194e-05
0.42 -1.54546e-05
0.44 -1.41151e-05
0.46 4.29016e-05
0.48 6.77542e-05
0.5 2.46039e-06
0.52 -6.41366e-05
0.54 -4.66998e-05
0.56 -1.37571e-05
0.58 -6.7625e-05
0.6 -0.000124406
0.62 -5.66723e-05
0.64 2.23925e-05
0.66 -2.75495e-05
0.68 -0.0001708
0.7 -0.000249999
0.72 -5.75425e-05
0.74 0.000217655
0.76 0.000154919
0.78 -8.35716e-05
0.8 2.25744e-05
0.82 0.000456684
0.84 0.000643533
0.86 0.000312292
0.88 -8.38552e-05
0.9 -5.26967e-05
0.92 0.000253104
0.94 0.0002841
0.96 -0.000152129
0.98 -0.000548744
1 -0.000377051
1.02 0.000132395
1.04 0.000266119
1.06 -0.000200028
1.08 -0.000668391
1.1 -0.00054368
1.12 -2.25137e-05
1.14 0.000270377
1.16 2.06572e-05
1.18 -0.000510768
1.2 -0.000554367
1.22 0.000120841
1.24 0.000506118
1.26 -6.97414e-05
1.28 -0.000793723
1.3 -0.000701232
1.32 7.93619e-05
1.34 0.000695612
1.36 0.000500287
1.38 -0.000211242
1.4 -0.00047685
1.42 1.76157e-05
1.44 0.000411105
1.46 -0.00016719
1.48 -0.00123963
1.5 -0.00149108
1.52 -0.000655433
1.54 3.37617e-05
1.56 -0.000374374
1.58 -0.00115301
1.6 -0.000958972
1.62 9.60915e-05
1.64 0.000565845
1.66 -0.000103328
1.68 -0.000808541
1.7 -0.000520555
1.72 0.000208564
1.74 0.000140533
1.76 -0.000605183
1.78 -0.000747258
1.8 -0.000125004
1.82 7.63052e-05
1.84 -0.000603082
1.86 -0.0011155
1.88 -0.000406169
1.9 0.000717205
1.92 0.000407857
1.94 -0.00115657
1.96 -0.001655
1.98 -0.00032156
2 0.000597385
2.02 -0.000594748
2.04 -0.00222736
2.06 -0.00187048
2.08 -0.000198531
2.1 0.00010122
2.12 -0.00131951
2.14 -0.00198478
2.16 -0.000708147
2.18 0.000671241
2.2 0.000336293
2.22 -0.0010079
2.24 -0.00135943
2.26 -0.000277841
2.28 0.000334771
2.3 -0.000764886
2.32 -0.00198335
2.34 -0.00150593
2.36 -4.34866e-05
2.38 0.000329019
2.4 -0.00103088
2.42 -0.00224141
2.44 -0.00141893
2.46 0.000271923
2.48 0.000386859
2.5 -0.000853809
2.52 -0.00113668
2.54 5.12134e-05
2.56 0.000905507
2.58 0.00058389
2.6 0.000425896
2.62 0.0014142
2.64 0.00249187
2.66 0.00240201
2.68 0.00181805
2.7 0.00225452
2.72 0.003717
2.74 0.00505321
2.76 0.00562111
2.78 0.00544606
2.8 0.00507935
2.82 0.0053443
2.84 0.0062184
2.86 0.00706701
2.88 0.00723514
2.9 0.00634429
2.92 0.00530141
2.94 0.00533379
2.96 0.00608987
2.98 0.00638049
3 0.00591232
3.02 0.00463679
3.04 0.00257822
3.06 0.00117398
3.08 0.00133213
3.1 0.00157242
3.12 0.000307127
3.14 -0.00180135
3.16 -0.00296612
3.18 -0.00287228
3.2 -0.0028896
3.22 -0.0040621
3.24 -0.00595949
3.26 -0.0073608
3.28 -0.00751941
3.3 -0.00656741
3.32 -0.00548358
3.34 -0.00520626
3.36 -0.00496358
3.38 -0.00351767
3.4 -0.00151237
3.42 -0.000478869
3.44 -0.000122968
3.46 0.00159217
3.48 0.00475676
3.5 0.0065904
3.52 0.00554479
3.54 0.00360498
3.56 0.00354079
3.58 0.00561251
3.6 0.0077338
3.62 0.00827842
3.64 0.00682318
3.66 0.00299822
3.68 -0.00124193
3.7 -0.00185595
3.72 0.000799072
3.74 0.00162111
3.76 -0.0018785
3.78 -0.00607731
3.8 -0.00620003
3.82 -0.00286383
3.84 -0.000884215
3.86 -0.00291572
3.88 -0.00671411
3.9 -0.00805554
3.92 -0.00588571
3.94 -0.00350325
3.96 -0.00426708
3.98 -0.00689128
4 -0.00662771
4.02 -0.00258578
4.04 0.000585127
4.06 -0.000167295
4.08 -0.00252617
4.1 -0.00257214
4.12 0.000601233
4.14 0.00433321
4.16 0.00535947
4.18 0.00268098
4.2 -0.00195494
4.22 -0.00473199
4.24 -0.00316422
4.26 8.79971e-05
4.28 0.00045425
4.3 -0.0025916
4.32 -0.00432606
4.34 -0.000662774
4.36 0.0049997
4.38 0.0057337
4.4 0.000490331
4.42 -0.00487312
4.44 -0.00469138
4.46 0.000532252
4.48 0.00553649
4.5 0.00490248
4.52 -0.00185205
4.54 -0.00752678
4.56 -0.00526165
4.58 0.00224151
4.6 0.00606115
4.62 0.00187171
4.64 -0.00450625
4.66 -0.00442636
4.68 0.0023307
4.7 0.007991
4.72 0.00674409
4.74 0.000984293
4.76 -0.00206716
4.78 0.00067753
4.8 0.00460763
4.82 0.00439872
4.84 0.000657033
4.86 -0.00211823
4.88 -0.00109133
4.9 0.00222241
4.92 0.00364903
4.94 0.000896849
4.96 -0.00334551
4.98 -0.00443039
5 -0.00199581
5.02 -0.000366833
5.04 -0.00263448
5.06 -0.00610273
5.08 -0.00479621
5.1 0.00180302
5.12 0.00639219
5.14 0.00367999
5.16 -0.00264624
5.18 -0.00471142
5.2 0.000140447
5.22 0.00658762
5.24 0.00715945
5.26 -0.000116037
5.28 -0.00788415
5.3 -0.00675334
5.32 0.00262918
5.34 0.0101641
5.36 0.0081436
5.38 -0.000821023
5.4 -0.00680377
5.42 -0.0034428
5.44 0.00536757
5.46 0.0103704
5.48 0.00666889
5.5 -0.00158141
5.52 -0.00525155
5.54 -0.000569763
5.56 0.00647076
5.58 0.0076306
5.6 0.00156065
5.62 -0.00508956
5.64 -0.00483138
5.66 0.00205609
5.68 0.00752315
5.7 0.00527788
5.72 -0.00216554
5.74 -0.00644446
5.76 -0.00296269
5.78 0.0037536
5.8 0.00583208
5.82 0.00123297
5.84 -0.00457153
5.86 -0.00522766
5.88 -0.000671804
5.9 0.00333
5.92 0.0023666
5.94 -0.00161762
5.96 -0.00317505
5.98 -1.16319e-05
6 0.00497667
6.02 0.00691988
6.04 0.00393836
6.06 -0.000356469
6.08 -0.00128894
6.1 0.00152543
6.12 0.00488612
6.14 0.00561743
6.16 0.00323771
6.18 -0.000451547
6.2 -0.00315001
6.22 -0.00309375
6.24 -0.00120779
6.26 -0.000808401
6.28 -0.00310016
6.3 -0.00516465
6.32 -0.00374663
6.34 -7.10143e-05
6.36 0.00179703
6.38 0.00027111
6.4 -0.00246919
6.42 -0.00313502
6.44 -0.000849725
6.46 0.00191578
6.48 0.00185755
6.5 -0.0018452
6.52 -0.00580627
6.54 -0.00597995
6.56 -0.00256504
6.58 0.000992858
6.6 0.00138832
6.62 -0.00181549
6.64 -0.00450588
6.66 -0.00228707
6.68 0.00338356
6.7 0.00655176
6.72 0.00333662
6.74 -0.0037965
6.76 -0.0075379
6.78 -0.00362989
6.8 0.0036451
6.82 0.00632158
6.84 0.00178089
6.86 -0.00440343
6.88 -0.00505116
6.9 1.69054e-05
6.92 0.00432391
6.94 0.00276177
6.96 -0.00275106
6.98 -0.00538464
7 -0.00162874
7.02 0.00430441
7.04 0.00578908
7.06 0.00143438
7.08 -0.00365561
7.1 -0.00352225
7.12 0.00192951
7.14 0.00672942
7.16 0.00576873
7.18 0.000447269
7.2 -0.00310187
7.22 -0.000965479
7.24 0.00443247
7.26 0.00707798
7.28 0.00351787
7.3 -0.00298016
7.32 -0.00510502
7.34 -0.000303405
7.36 0.00596661
7.38 0.00690054
7.4 0.00171054
7.42 -0.0039054
7.44 -0.00397472
7.46 0.00109822
7.48 0.00512802
7.5 0.00350422
7.52 -0.00191035
7.54 -0.00515637
7.56 -0.00286441
7.58 0.00223816
7.6 0.00492253
7.62 0.00304192
7.64 -0.000834605
7.66 -0.0020019
7.68 0.00123784
7.7 0.00517363
7.72 0.00504552
7.74 0.000717267
7.76 -0.0028612
7.78 -0.00136721
7.8 0.00359125
7.82 0.00650775
7.84 0.00401269
7.86 -0.00191446
7.88 -0.00530937
7.9 -0.00255907
7.92 0.00294535
7.94 0.00495945
7.96 0.00149684
7.98 -0.00345999
8 -0.00437265
8.02 -0.000286784
8.04 0.00436855
8.06 0.00479897
8.08 0.000734976
8.1 -0.00324414
8.12 -0.00269083
8.14 0.00162326
8.16 0.00480056
8.18 0.0035812
8.2 -0.000233145
8.22 -0.00223621
8.24 -0.000968987
8.26 0.00102337
8.28 0.00132982
8.3 6.67528e-06
8.32 -0.00113387
8.34 -0.000542945
8.36 0.00120511
8.38 0.00213682
8.4 0.00133793
8.42 -0.000136792
8.44 -0.000893724
8.46 -0.000859034
8.48 -0.000655761
8.5 -0.00037499
8.52 7.48892e-05
8.54 0.000561232
8.56 0.00100154
8.58 0.00134345
8.6 0.00163489
8.62 0.00190505
8.64 0.0016912
8.66 0.000986252
8.68 0.000857298
8.7 0.00177102
8.72 0.00275457
8.74 0.00262723
8.76 0.00132324
8.78 -2.50986e-05
8.8 -0.00036652
8.82 0.000110463
8.84 0.000349372
8.86 -0.000604741
8.88 -0.00204517
8.9 -0.00190485
8.92 -7.83268e-05
8.94 0.00159042
8.96 0.00177724
8.98 0.00031188
9 -0.0015193
9.02 -0.00185247
9.04 -0.000589346
9.06 0.000786627
9.08 0.00123004
9.1 0.000497001
9.12 -0.00103796
9.14 -0.00199255
9.16 -0.00138961
9.18 -0.000352585
9.2 -0.000535938
9.22 -0.00179272
9.24 -0.00246608
9.26 -0.00152683
9.28 0.000143423
9.3 0.00107821
9.32 0.000883632
9.34 0.000255617
9.36 0.000119639
9.38 0.00063168
9.4 0.000967165
9.42 0.000516093
9.44 -0.000184532
9.46 -0.00028328
9.48 5.12295e-05
9.5 -6.19234e-05
9.52 -0.000813237
9.54 -0.00133531
9.56 -0.00105907
9.58 -0.000170419
9.6 0.00129326
9.62 0.00251561
9.64 0.00173914
9.66 -0.00114372
9.68 -0.00342589
9.7 -0.00272993
9.72 -6.46903e-05
9.74 0.00201702
9.76 0.00160502
9.78 -0.00154384
9.8 -0.00426658
9.82 -0.00314417
9.84 0.000637731
9.86 0.00331017
9.88 0.00284142
9.9 0.000305681
9.92 -0.00147188
9.94 -0.00102874
9.96 0.000641001
9.98 0.00189463
10 0.00193966
10.02 0.00108638
10.04 0.000359215
10.06 0.000503509
10.08 0.00111101
10.1 0.00105466
10.12 -0.000131036
10.14 -0.00165289
10.16 -0.00212129
10.18 -0.000979841
10.2 0.000618674
10.22 0.000931857
10.24 -0.000533261
10.26 -0.00225807
10.28 -0.00221029
10.3 -0.000325674
10.32 0.00159935
10.34 0.00189046
10.36 0.000502634
10.38 -0.00101439
10.4 -0.00108455
10.42 0.000426995
10.44 0.00215801
10.46 0.00247434
10.48 0.00111545
10.5 -0.000459763
10.52 -0.000571576
10.54 0.00086901
10.56 0.00194444
10.58 0.00107046
10.6 -0.000783396
10.62 -0.00139525
10.64 -0.000117633
10.66 0.00166842
10.68 0.00212439
10.7 0.000558427
10.72 -0.0016512
10.74 -0.00214791
10.76 -0.000498127
10.78 0.00143851
10.8 0.00197378
10.82 0.00100779
10.84 -0.000311032
10.86 -0.000804601
10.88 -0.00045059
10.9 -4.82496e-05
10.92 1.68829e-06
10.94 -0.000170851
10.96 -0.000340588
10.98 -0.000320654
11 -0.000166421
11.02 -0.000170086
11.04 -0.000458642
11.06 -0.000694545
11.08 -0.000481723
11.1 4.5721e-05
11.12 0.000623927
11.14 0.00116086
11.16 0.0014215
11.18 0.00121831
11.2 0.000792847
11.22 0.000640508
11.24 0.000823995
11.26 0.000760621
11.28 0.000106354
11.3 -0.000807767
11.32 -0.00120389
11.34 -0.000679125
11.36 1.62436e-05
11.38 -5.9813e-05
11.4 -0.000751861
11.42 -0.000940592
11.44 -0.000144438
11.46 0.000844721
11.48 0.00106246
11.5 0.000339765
11.52 -0.00063847
11.54 -0.000866368
11.56 -2.37727e-05
11.58 0.00121391
11.6 0.00186699
11.62 0.00150651
11.64 0.000673892
11.66 0.000276353
11.68 0.000638061
11.7 0.00122697
11.72 0.00125442
11.74 0.000587032
11.76 -0.000249553
11.78 -0.000816241
11.8 -0.00096796
11.82 -0.000837287
11.84 -0.000742332
11.86 -0.000812201
11.88 -0.000909042
11.9 -0.000741832
11.92 -0.000115908
11.94 0.000788243
11.96 0.00137038
11.98 0.00110983
12 0.000227833
12.02 -0.000523813
12.04 -0.000496964
12.06 0.000212313
12.08 0.000949627
12.1 0.00108778
12.12 0.000412135
12.14 -0.000480551
12.16 -0.000567146
12.18 0.000284792
12.2 0.00123313
12.22 0.00135096
12.24 0.00033087
12.26 -0.00109941
12.28 -0.00168105
12.3 -0.00100536
12.32 -0.000105863
12.34 -0.00013009
12.36 -0.0010603
12.38 -0.00164431
12.4 -0.000857798
12.42 0.000748784
12.44 0.00173483
12.46 0.00128867
12.48 -7.99434e-06
12.5 -0.000821021
12.52 -0.000318246
12.54 0.00110165
12.56 0.00205857
12.58 0.0015965
12.6 0.000291416
12.62 -0.000491501
12.64 -9.12421e-05
12.66 0.000924637
12.68 0.0013685
12.7 0.000650259
12.72 -0.000667348
12.74 -0.00135697
12.76 -0.000794821
12.78 0.000172497
12.8 0.000474864
12.82 0.00016873
12.84 -8.22359e-05
12.86 3.5879e-05
12.88 0.000324676
12.9 0.000464569
12.92 0.00038992
12.94 0.000253159
12.96 0.00016365
12.98 0.000135738
13 0.000148192
13.02 0.000137995
13.04 5.30943e-05
13.06 -2.60118e-05
13.08 6.39978e-05
13.1 0.000354526
13.12 0.000687383
13.14 0.000832196
13.16 0.000659602
13.18 0.000248876
13.2 -0.000175849
13.22 -0.000315366
13.24 -3.89839e-06
13.26 0.00058101
13.28 0.000906732
13.3 0.000491509
13.32 -0.000509121
13.34 -0.0011818
13.36 -0.000748368
13.38 0.000503469
13.4 0.00143503
13.42 0.00113714
13.44 -0.000109094
13.46 -0.00105061
13.48 -0.00082325
13.5 9.6065e-05
13.52 0.000739772
13.54 0.000665962
13.56 3.55966e-05
13.58 -0.00066742
13.6 -0.000876756
13.62 -0.000420363
13.64 0.000183145
13.66 0.000393672
13.68 0.00013215
13.7 -0.000397006
13.72 -0.000753672
13.74 -0.000541736
13.76 8.19082e-05
13.78 0.000705271
13.8 0.00101473
13.82 0.000831481
13.84 0.000350643
13.86 -4.89252e-05
13.88 -0.000225833
13.9 -0.00022988
13.92 -0.0001316
13.94 9.33719e-06
13.96 0.000164909
13.98 0.000303202
14 0.000352349
14.02 0.000359236
14.04 0.000559865
14.06 0.00102428
14.08 0.00140803
14.1 0.00129288
14.12 0.000580927
14.14 -0.000448613
14.16 -0.00105755
14.18 -0.000631968
14.2 0.000293624
14.22 0.000642468
14.24 3.61931e-05
14.26 -0.000962192
14.28 -0.00130211
14.3 -0.000558014
14.32 0.000377269
14.34 0.00044596
14.36 -0.000388594
14.38 -0.00122827
14.4 -0.0011293
14.42 -0.000246746
14.44 0.000377866
14.46 0.00016159
14.48 -0.000573206
14.5 -0.000935093
14.52 -0.000352993
14.54 0.000768749
14.56 0.00144751
14.58 0.00101917
14.6 -0.000190374
14.62 -0.00106182
14.64 -0.000597061
14.66 0.00100756
14.68 0.00219638
14.7 0.00148913
14.72 -0.000862169
14.74 -0.00257566
14.76 -0.00169697
14.78 0.000873345
14.8 0.00229734
14.82 0.000981386
14.84 -0.0016212
14.86 -0.00251222
14.88 -0.000751343
14.9 0.00156091
14.92 0.00206546
14.94 0.000570195
14.96 -0.00120731
14.98 -0.00143149
15 2.75377e-05
15.02 0.00157429
15.04 0.00161089
15.06 4.99636e-05
15.08 -0.00152855
15.1 -0.00145923
15.12 0.00015197
15.14 0.00173745
15.16 0.00193468
15.18 0.000722876
15.2 -0.000677493
15.22 -0.000921126
15.24 3.66059e-05
15.26 0.00100765
15.28 0.000937353
15.3 -0.000252981
15.32 -0.00146986
15.34 -0.00140284
15.36 -0.000131291
15.38 0.00106817
15.4 0.00118013
15.42 0.000327151
15.44 -0.000552852
15.46 -0.000648688
15.48 -5.63058e-05
15.5 0.000502898
15.52 0.000589659
15.54 0.000296362
15.56 -1.32378e-05
15.58 2.61964e-05
15.6 0.00051673
15.62 0.00109334
15.64 0.00113362
15.66 0.000441438
15.68 -0.000462716
15.7 -0.000743609
15.72 -9.84444e-05
15.74 0.000966245
15.76 0.00157575
15.78 0.00117917
15.8 0.00017221
15.82 -0.000534993
15.84 -0.000436986
15.86 0.000161779
15.88 0.000640121
15.9 0.00066912
15.92 0.000328338
15.94 5.501e-06
15.96 8.8646e-05
15.98 0.000629995
16 0.00119126
16.02 0.00121111
16.04 0.000647794
16.06 1.40509e-05
16.08 -0.000183884
16.1 0.000147823
16.12 0.000658121
16.14 0.000778359
16.16 0.000321869
16.18 -0.000237641
16.2 -0.000288681
16.22 0.000254049
16.24 0.000916791
16.26 0.00100278
16.28 0.000260229
16.3 -0.000687384
16.32 -0.000807757
16.34 6.70993e-05
16.36 0.00103594
16.38 0.00113697
16.4 0.00025991
16.42 -0.000789662
16.44 -0.0010631
16.46 -0.000421428
16.48 0.000257307
16.5 0.000105574
16.52 -0.000863871
16.54 -0.00174377
16.56 -0.00156816
16.58 -0.000496678
16.6 0.000269277
16.62 -3.58191e-05
16.64 -0.000965752
16.66 -0.00144724
16.68 -0.000732718
16.7 0.00107411
16.72 0.00282042
16.74 0.0032121
16.76 0.00236269
16.78 0.0016176
16.8 0.00195427
16.82 0.00303614
16.84 0.00346478
16.86 0.00191215
16.88 -0.000994842
16.9 -0.00231936
16.92 -0.00062309
16.94 0.0018185
16.96 0.0020981
16.98 -0.000130465
17 -0.00247473
17.02 -0.00236793
17.04 -0.000132115
17.06 0.00154712
17.08 0.000811434
17.1 -0.00164953
17.12 -0.00338194
17.14 -0.00271852
17.16 -0.000606683
17.18 0.000758164
17.2 0.00016502
17.22 -0.00175505
17.24 -0.00280689
17.26 -0.00157173
17.28 0.000584949
17.3 0.0012784
17.32 -6.18785e-05
17.34 -0.00164685
17.36 -0.00127724
17.38 0.00122446
17.4 0.00373661
17.42 0.00409182
17.44 0.00242932
17.46 0.000902853
17.48 0.00111605
17.5 0.00249688
17.52 0.00330547
17.54 0.0025498
17.56 0.000654614
17.58 -0.00109518
17.6 -0.00143536
17.62 -0.000457384
17.64 0.000247048
17.66 -0.000420102
17.68 -0.00170861
17.7 -0.00210755
17.72 -0.0013148
17.74 -0.000546089
17.76 -0.000836199
17.78 -0.00170143
17.8 -0.00191752
17.82 -0.00113055
17.84 -6.51639e-05
17.86 0.00055095
17.88 0.00050729
17.9 3.70345e-05
17.92 -0.000313789
17.94 -5.31663e-05
17.96 0.000913077
17.98 0.00203022
18 0.00238466
18.02 0.00165864
18.04 0.000597864
18.06 0.000244098
18.08 0.000754994
18.1 0.00111495
18.12 0.000426547
18.14 -0.000891034
18.16 -0.0015496
18.18 -0.000916171
18.2 0.000156662
18.22 0.000258814
18.24 -0.0010949
18.26 -0.0027736
18.28 -0.00310286
18.3 -0.00183896
18.32 -0.000306828
18.34 0.000570292
18.36 0.00102556
18.38 0.00137246
18.4 0.0017366
18.42 0.00224355
18.44 0.00278506
18.46 0.00313991
18.48 0.00290407
18.5 0.00159283
18.52 -0.000230738
18.54 -0.00100745
18.56 -0.000133099
18.58 0.00128183
18.6 0.00156873
18.62 9.87867e-05
18.64 -0.00182334
18.66 -0.00219188
18.68 -0.000795696
18.7 0.000531116
18.72 0.000145893
18.74 -0.00165299
18.76 -0.00297183
18.78 -0.00248765
18.8 -0.000785785
18.82 0.000943866
18.84 0.00188569
18.86 0.00171077
18.88 0.00121405
18.9 0.00156163
18.92 0.00271495
18.94 0.00362784
18.96 0.00349754
18.98 0.00245345
19 0.00127209
19.02 0.000669908
19.04 0.000838888
19.06 0.00113712
19.08 0.000665842
19.1 -0.000552627
19.12 -0.00143474
19.14 -0.00122304
19.16 -0.000485978
19.18 -0.000252552
19.2 -0.000921884
19.22 -0.00193504
19.24 -0.00233264
19.26 -0.00172062
19.28 -0.000633525
19.3 -0.000127676
19.32 -0.000620739
19.34 -0.0012629
19.36 -0.00112165
19.38 -0.000379612
19.4 0.000127933
19.42 3.66799e-07
19.44 -0.000358308
19.46 -0.000149115
19.48 0.000973033
19.5 0.00222702
19.52 0.00237693
19.54 0.00122881
19.56 -5.29849e-05
19.58 -0.000233685
19.6 0.000610304
19.62 0.0013435
19.64 0.00134271
19.66 0.000922161
19.68 0.000376649
19.7 -0.000337437
19.72 -0.00102796
19.74 -0.00114286
19.76 -0.000503631
19.78 0.000209618
19.8 0.000117023
19.82 -0.000841906
19.84 -0.00161894
19.86 -0.00114642
19.88 0.000451996
19.9 0.00194025
19.92 0.00207383
19.94 0.000947742
19.96 -0.000148688
19.98 -0.000253507
20 0.000546268
20.02 0.00150041
20.04 0.00177829
20.06 0.00118612
20.08 0.0002664
20.1 -0.000696054
20.12 -0.00159288
20.14 -0.00182259
20.16 -0.000895253
20.18 0.000821426
20.2 0.00186253
20.22 0.000881302
20.24 -0.00138493
20.26 -0.00242255
20.28 -0.0010522
20.3 0.00103268
20.32 0.00166736
20.34 0.000606973
20.36 -0.000934013
20.38 -0.00140136
20.4 -0.00010137
20.42 0.0019313
20.44 0.00292648
20.46 0.00219231
20.48 0.000732662
20.5 -0.000114454
20.52 -4.44726e-05
20.54 0.000306611
20.56 0.000104961
20.58 -0.000339974
20.6 3.5466e-05
20.62 0.000761898
20.64 0.000363868
20.66 -0.0012629
20.68 -0.00273856
20.7 -0.00240839
20.72 1.40201e-05
20.74 0.00232598
20.76 0.0019115
20.78 -0.000853121
20.8 -0.00273648
20.82 -0.00172351
20.84 0.000709002
20.86 0.00194617
20.88 0.00129044
20.9 0.000103104
20.92 -7.28951e-05
20.94 0.00115702
20.96 0.00272391
20.98 0.00313013
21 0.00191442
21.02 -0.000202283
21.04 -0.00155321
21.06 -0.000801833
21.08 0.0013405
21.1 0.00262882
21.12 0.00150862
21.14 -0.00123053
21.16 -0.0027138
21.18 -0.00116387
21.2 0.00157724
21.22 0.00221317
21.24 -0.000215618
21.26 -0.00316655
21.28 -0.00334966
21.3 -0.000701465
21.32 0.0018329
21.34 0.0020642
21.36 0.000586379
21.38 -0.000611481
21.4 -9.23228e-05
21.42 0.00181957
21.44 0.00279293
21.46 0.00144834
21.48 -0.000551788
21.5 -0.00114409
21.52 -0.000359183
21.54 0.000342711
21.56 -0.000276753
21.58 -0.00189162
21.6 -0.00259614
21.62 -0.00117735
21.64 0.00107245
21.66 0.00176829
21.68 0.000224545
21.7 -0.00165037
21.72 -0.00139533
21.74 0.00103004
21.76 0.00286244
21.78 0.001734
21.8 -0.00131678
21.82 -0.00281649
21.84 -0.00112108
21.86 0.00167787
21.88 0.00250502
21.9 0.000659505
21.92 -0.0016613
21.94 -0.00175352
21.96 0.000573185
21.98 0.00284924
22 0.00279485
22.02 0.000699149
22.04 -0.001094
22.06 -0.000809478
22.08 0.000883206
22.1 0.00178509
22.12 0.000738725
22.14 -0.00124713
22.16 -0.00205688
22.18 -0.000792179
22.2 0.00117005
22.22 0.00178822
22.24 0.000559176
22.26 -0.00114251
22.28 -0.00150764
22.3 -0.000191254
22.32 0.00144804
22.34 0.00192318
22.36 0.000998819
22.38 -0.000249694
22.4 -0.000530313
22.42 0.000366212
22.44 0.0015218
22.46 0.00186022
22.48 0.00111119
22.5 -1.84867e-05
22.52 -0.000702033
22.54 -0.000579369
22.56 2.27663e-05
22.58 0.000447485
22.6 0.00037628
22.62 -8.99025e-05
22.64 -0.000609105
22.66 -0.000727452
22.68 -0.00034168
22.7 8.14778e-05
22.72 9.05487e-05
22.74 -0.000307342
22.76 -0.000748816
22.78 -0.000820139
22.8 -0.000479826
22.82 -0.000108561
22.84 3.23164e-05
22.86 1.62002e-05
22.88 -5.67954e-06
22.9 4.39206e-05
22.92 0.000148444
22.94 0.000269755
22.96 0.000407974
22.98 0.000547833
23 0.000603548
23.02 0.000474897
23.04 0.000169828
23.06 -0.000192344
23.08 -0.000466613
23.1 -0.000512691
23.12 -0.00030054
23.14 -4.02087e-07
23.16 0.000136157
23.18 -6.10282e-06
23.2 -0.000251752
23.22 -0.000248019
23.24 0.000143686
23.26 0.000721195
23.28 0.00109203
23.3 0.000957026
23.32 0.000446794
23.34 -7.53346e-06
23.36 -0.000118972
23.38 5.08421e-05
23.4 0.000150069
23.42 -0.000169788
23.44 -0.000815034
23.46 -0.00107565
23.48 -0.000483127
23.5 0.000341096
23.52 0.000554886
23.54 9.67305e-05
23.56 -0.000518456
23.58 -0.000619349
23.6 -1.45542e-05
23.62 0.000820698
23.64 0.00119336
23.66 0.000762298
23.68 -1.38776e-05
23.7 -0.000347448
23.72 3.34304e-05
23.74 0.000750399
23.76 0.00109887
23.78 0.00067571
23.8 -0.000133159
23.82 -0.00060321
23.84 -0.000386694
23.86 0.000169631
23.88 0.000433852
23.9 0.000164618
23.92 -0.000350078
23.94 -0.000593227
23.96 -0.000382395
23.98 -5.20713e-05
24 6.63677e-05
24.02 4.64328e-05
24.04 0.000222917
24.06 0.000686111
24.08 0.00102226
24.1 0.00079234
24.12 8.80666e-05
24.14 -0.000602438
24.16 -0.000670838
24.18 -2.00662e-05
24.2 0.00068033
24.22 0.000726037
24.24 9.39017e-05
24.26 -0.000625928
24.28 -0.000674728
24.3 7.06386e-05
24.32 0.000932936
24.34 0.00105206
24.36 0.000173992
24.38 -0.000948848
24.4 -0.00120551
24.42 -0.000346672
24.44 0.00082395
24.46 0.00129946
24.48 0.000706419
24.5 -0.000433205
24.52 -0.00106467
24.54 -0.000583316
24.56 0.00052901
24.58 0.00126951
24.6 0.00101671
24.62 8.67429e-05
24.64 -0.00064768
24.66 -0.000528066
24.68 0.000262943
24.7 0.000931073
24.72 0.000847332
24.74 8.77475e-05
24.76 -0.000684779
24.78 -0.000726348
24.8 5.5668e-05
24.82 0.00101908
24.84 0.00137028
24.86 0.000825966
24.88 -2.34213e-05
24.9 -0.000409189
24.92 -0.000112526
24.94 0.000580253
24.96 0.00109171
24.98 0.000953291
25 0.000315852
25.02 -0.000236278
25.04 -0.000275353
25.06 0.000175677
25.08 0.000729641
25.1 0.000887952
25.12 0.000492108
25.14 -6.09875e-05
25.16 -0.000281733
25.18 -4.97178e-05
25.2 0.00038483
25.22 0.000613409
25.24 0.000390079
25.26 -0.000157309
25.28 -0.000665345
25.3 -0.000753775
25.32 -0.00040131
25.34 -1.5646e-05
25.36 0.000131114
25.38 8.71441e-05
25.4 -4.60642e-05
25.42 -0.000173665
25.44 -0.000192999
25.46 -8.84197e-05
25.48 3.46941e-05
25.5 5.06897e-05
25.52 -4.96329e-05
25.54 -0.000144034
25.56 -9.84066e-05
25.58 0.000115223
25.6 0.000396825
25.62 0.000588197
25.64 0.000578654
25.66 0.000396864
25.68 0.000174864
25.7 2.6412e-05
25.72 1.08684e-05
25.74 0.000108214
25.76 0.000185472
25.78 0.000113975
25.8 -8.82835e-05
25.82 -0.000280699
25.84 -0.000299567
25.86 -8.58174e-05
25.88 0.0002305
25.9 0.000396555
25.92 0.000240345
25.94 -0.000150475
25.96 -0.000469297
25.98 -0.000445152
26 -0.000159352
26.02 5.27799e-05
26.04 -2.31159e-05
26.06 -0.000316713
26.08 -0.00050795
26.1 -0.000358175
26.12 -3.88078e-05
26.14 0.000112481
26.16 -2.00538e-05
26.18 -0.000285782
26.2 -0.000403493
26.22 -0.000223224
26.24 0.000112776
26.26 0.000352036
26.28 0.000355545
26.3 0.000150783
26.32 -0.000103416
26.34 -0.000214381
26.36 -0.000117028
26.38 6.48292e-05
26.4 0.000151553
26.42 5.91226e-05
26.44 -0.000156096
26.46 -0.000323978
26.48 -0.00025424
26.5 7.07908e-05
26.52 0.000427112
26.54 0.000519655
26.56 0.000261535
26.58 -9.92151e-05
26.6 -0.000180464
26.62 0.000160843
26.64 0.000675893
26.66 0.000887566
26.68 0.000556123
26.7 -1.83826e-05
26.72 -0.000364423
26.74 -0.000272523
26.76 0.000106326
26.78 0.000412308
26.8 0.00038073
26.82 3.92508e-05
26.84 -0.000365757
26.86 -0.00051941
26.88 -0.000307413
26.9 2.65731e-05
26.92 0.000197469
26.94 0.000156458
26.96 3.24802e-05
26.98 -3.14199e-05
27 -7.01283e-06
27.02 5.8214e-05
27.04 0.000142794
27.06 0.000221932
27.08 0.000224856
27.1 0.000104361
27.12 -7.36868e-05
27.14 -0.00015295
27.16 -4.0146e-05
27.18 0.000178179
27.2 0.000301155
27.22 0.000197925
27.24 -6.70424e-05
27.26 -0.000286187
27.28 -0.000271337
27.3 -2.68683e-05
27.32 0.000259039
27.34 0.000401495
27.36 0.000349241
27.38 0.000200109
27.4 9.91122e-05
27.42 0.000113187
27.44 0.000233725
27.46 0.000399153
27.48 0.000479786
27.5 0.000370322
27.52 9.51917e-05
27.54 -0.000226921
27.56 -0.000432394
27.58 -0.00040095
27.6 -0.000208857
27.62 -6.74865e-05
27.64 -0.000123125
27.66 -0.000342404
27.68 -0.000506088
27.7 -0.00040969
27.72 -0.000100606
27.74 0.000243216
27.76 0.000509487
27.78 0.000622981
27.8 0.000557445
27.82 0.000405958
27.84 0.000315621
27.86 0.000346457
27.88 0.000413052
27.9 0.000380347
27.92 0.000207406
27.94 -2.19034e-05
27.96 -0.000157064
27.98 -9.48319e-05
28 0.000104344
28.02 0.000275338
28.04 0.000292397
28.06 0.000133302
28.08 -0.00010985
28.1 -0.000285823
28.12 -0.000261762
28.14 -2.79622e-05
28.16 0.000241467
28.18 0.000330424
28.2 0.000207909
28.22 4.23444e-05
28.24 2.76518e-05
28.26 0.00025063
28.28 0.000626152
28.3 0.000894644
28.32 0.00083499
28.34 0.000519156
28.36 0.000107419
28.38 -0.000397959
28.4 -0.000794805
28.42 -0.000655147
28.44 -3.6099e-05
28.46 0.000489118
28.48 0.000471422
28.5 -3.06373e-05
28.52 -0.000540778
28.54 -0.000512609
28.56 9.12604e-05
28.58 0.000789013
28.6 0.00099354
28.62 0.000450401
28.64 -0.000413054
28.66 -0.000751861
28.68 -0.000194848
28.7 0.000762313
28.72 0.00124436
28.74 0.00076075
28.76 -0.000375194
28.78 -0.00117527
28.8 -0.00077979
28.82 0.000529136
28.84 0.00148389
28.86 0.00112049
28.88 -0.000222597
28.9 -0.00114199
28.92 -0.000642827
28.94 0.000820074
28.96 0.00181187
28.98 0.00131676
29 -0.000265384
29.02 -0.00138339
29.04 -0.000857784
29.06 0.000833587
29.08 0.00197676
29.1 0.00136726
29.12 -0.000468994
29.14 -0.00167338
29.16 -0.00100371
29.18 0.000760969
29.2 0.00174405
29.22 0.000975722
29.24 -0.000761287
29.26 -0.00166774
29.28 -0.000779874
29.3 0.00098052
29.32 0.0018121
29.34 0.000880895
29.36 -0.000872232
29.38 -0.00157805
29.4 -0.000462015
29.42 0.00129722
29.44 0.00190432
29.46 0.000784885
29.48 -0.000910128
29.5 -0.00142541
29.52 -0.000289432
29.54 0.0012324
29.56 0.00154657
29.58 0.000307061
29.6 -0.00121306
29.62 -0.00138361
29.64 -8.69555e-05
29.66 0.00123965
29.68 0.00127272
29.7 2.11863e-05
29.72 -0.00121888
29.74 -0.00114618
29.76 0.000108686
29.78 0.00124219
29.8 0.00119819
29.82 9.63753e-05
29.84 -0.000916508
29.86 -0.000791624
29.88 0.000343029
29.9 0.00134967
29.92 0.00127293
29.94 0.000270289
29.96 -0.000663276
29.98 -0.000687405
30 3.65244e-05
30.02 0.000680989
30.04 0.000654468
30.06 5.83323e-06
30.08 -0.000752488
30.1 -0.000937912
30.12 -0.000324073
30.14 0.000494785
30.16 0.000832982
30.18 0.000556306
30.2 2.48967e-05
30.22 -0.000298725
30.24 -0.000195157
30.26 0.000229903
30.28 0.000674541
30.3 0.000821894
30.32 0.000587092
30.34 0.000205848
30.36 -2.99555e-05
30.38 3.29482e-07
30.4 0.000208062
30.42 0.000368619
30.44 0.000272269
30.46 -0.000118052
30.48 -0.000587634
30.5 -0.000709319
30.52 -0.000300627
30.54 0.000274219
30.56 0.000548474
30.58 0.000380755
30.6 -2.11494e-05
30.62 -0.000284071
30.64 -0.00014689
30.66 0.000331608
30.68 0.000802714
30.7 0.000876101
30.72 0.000495203
30.74 -1.7738e-05
30.76 -0.000317857
30.78 -0.000244045
30.8 9.98383e-05
30.82 0.000408937
30.84 0.000440393
30.86 0.000192693
30.88 -0.000119381
30.9 -0.000210615
30.92 5.76856e-05
30.94 0.000530694
30.96 0.000820114
30.98 0.000641295
31 0.000129946
31.02 -0.00033976
31.04 -0.000449919
31.06 -0.000165291
31.08 0.000213262
31.1 0.000346004
31.12 0.000154611
31.14 -0.000143378
31.16 -0.000243133
31.18 -3.26936e-05
31.2 0.000326953
31.22 0.000552018
31.24 0.000467605
31.26 0.000171567
31.28 -7.88741e-05
31.3 -0.0001081
31.32 7.80902e-05
31.34 0.000334585
31.36 0.000478818
31.38 0.00040146
31.4 0.000167735
31.42 -1.29972e-05
31.44 1.15855e-05
31.46 0.000199102
31.48 0.000380691
31.5 0.000386882
31.52 0.000161443
31.54 -0.000172265
31.56 -0.000377886
31.58 -0.00030002
31.6 -2.5522e-05
31.62 0.000219023
31.64 0.00025771
31.66 5.36814e-05
31.68 -0.000260837
31.7 -0.000446228
31.72 -0.000350678
31.74 -7.26969e-05
31.76 0.000160432
31.78 0.000201213
31.8 5.31438e-05
31.82 -0.000156116
31.84 -0.000261141
31.86 -0.00015775
31.88 0.000118972
31.9 0.000400528
31.92 0.000488317
31.94 0.000318956
31.96 4.69801e-05
31.98 -8.87645e-05
32 2.2171e-05
32.02 0.000273108
32.04 0.000425612
32.06 0.00031172
32.08 -1.47468e-05
32.1 -0.00032502
32.12 -0.000385434
32.14 -0.000181815
32.16 7.299e-05
32.18 0.000179022
32.2 8.55997e-05
32.22 -0.000121666
32.24 -0.000282384
32.26 -0.000269
32.28 -9.69947e-05
32.3 9.13817e-05
32.32 0.000147072
32.34 1.47148e-05
32.36 -0.000216998
32.38 -0.00036124
32.4 -0.000299046
32.42 -9.70218e-05
32.44 7.58543e-05
32.46 0.000102581
32.48 -4.85838e-06
32.5 -0.000141416
32.52 -0.000207603
32.54 -0.00015951
32.56 -1.27715e-05
32.58 0.00015439
32.6 0.000233899
32.62 0.000179201
32.64 6.55318e-05
32.66 2.70641e-05
32.68 0.00013066
32.7 0.000313068
32.72 0.000423514
32.74 0.000343903
32.76 8.39452e-05
32.78 -0.000225512
32.8 -0.000383038
32.82 -0.000268119
32.84 2.60032e-05
32.86 0.000302238
32.88 0.00042328
32.9 0.00038276
32.92 0.000285798
32.94 0.000237953
32.96 0.00026281
32.98 0.00031121
33 0.000305371
33.02 0.000199105
33.04 2.92326e-05
33.06 -9.97981e-05
33.08 -0.000100097
33.1 1.42726e-05
33.12 0.000131477
33.14 0.000145385
33.16 5.2939e-05
33.18 -6.18797e-05
33.2 -0.000100068
33.22 -6.91695e-06
33.24 0.000171164
33.26 0.000305128
33.28 0.000281694
33.3 8.64409e-05
33.32 -0.000164506
33.34 -0.000260476
33.36 -7.04145e-05
33.38 0.000299748
33.4 0.000564526
33.42 0.000488651
33.44 0.000128582
33.46 -0.000213767
33.48 -0.000274295
33.5 -4.81431e-05
33.52 0.00024379
33.54 0.000354808
33.56 0.000198527
33.58 -7.3403e-05
33.6 -0.000204661
33.62 -7.7253e-05
33.64 0.000191773
33.66 0.000361477
33.68 0.00025785
33.7 -7.6511e-05
33.72 -0.00039108
33.74 -0.000416442
33.76 -0.000146912
33.78 0.000191156
33.8 0.000407962
33.82 0.000427648
33.84 0.000284285
33.86 0.000120149
33.88 8.34187e-05
33.9 0.000213144
33.92 0.000419197
33.94 0.000539773
33.96 0.000467666
33.98 0.000267643
34 0.000115671
34.02 0.000119479
34.04 0.000240699
34.06 0.000355428
34.08 0.00034043
34.1 0.000157945
34.12 -8.54443e-05
34.14 -0.000217551
34.16 -0.00015702
34.18 2.80224e-05
34.2 0.000195115
34.22 0.000235017
34.24 0.000128111
34.26 -5.14736e-05
34.28 -0.000173308
34.3 -0.00012969
34.32 6.45404e-05
34.34 0.000263161
34.36 0.000316603
34.38 0.000222494
34.4 0.000120465
34.42 0.000139585
34.44 0.000292063
34.46 0.000470219
34.48 0.000521002
34.5 0.000370334
34.52 9.00669e-05
34.54 -0.00016473
34.56 -0.000258004
34.58 -0.000151653
34.6 7.20526e-05
34.62 0.000280301
34.64 0.000360091
34.66 0.000265465
34.68 5.79347e-05
34.7 -0.000128882
34.72 -0.000182521
34.74 -9.51669e-05
34.76 3.0578e-05
34.78 8.41209e-05
34.8 4.59121e-05
34.82 -2.14571e-05
34.84 -3.06008e-05
34.86 7.274e-05
34.88 0.000243622
34.9 0.000358348
34.92 0.000343204
34.94 0.000245605
34.96 0.000176192
34.98 0.000210265
35 0.000313888
35.02 0.000366696
35.04 0.000289665
35.06 0.00011709
35.08 -6.00729e-05
35.1 -0.000161298
35.12 -0.000150644
35.14 -7.78739e-05
35.16 -5.38389e-05
35.18 -0.000133222
35.2 -0.000247333
35.22 -0.000260042
35.24 -0.000106734
35.26 0.000129176
35.28 0.000287128
35.3 0.000260376
35.32 9.36345e-05
35.34 -6.39805e-05
35.36 -0.000102096
35.38 -6.89224e-06
35.4 0.000164466
35.42 0.000318664
35.44 0.000375791
35.46 0.000312004
35.48 0.000172355
35.5 4.64048e-05
35.52 -7.52142e-06
35.54 -4.67434e-06
35.56 9.3252e-06
35.58 -1.09986e-05
35.6 -0.000103596
35.62 -0.000248383
35.64 -0.000338367
35.66 -0.000273821
35.68 -8.67819e-05
35.7 8.27146e-05
35.72 0.000127768
35.74 4.72213e-05
35.76 -9.73328e-05
35.78 -0.000192412
35.8 -9.33791e-05
35.82 0.000200255
35.84 0.000455913
35.86 0.00043353
35.88 0.000143952
35.9 -0.000206523
35.92 -0.000385747
35.94 -0.000237413
35.96 0.000205961
35.98 0.000681606
36 0.000780667
36.02 0.000361712
36.04 -0.000218123
36.06 -0.000475186
36.08 -0.000229398
36.1 0.000321665
36.12 0.000799601
36.14 0.000814752
36.16 0.000286922
36.18 -0.000360797
36.2 -0.000518196
36.22 -5.28315e-05
36.24 0.000601877
36.26 0.000877775
36.28 0.00047712
36.3 -0.000337515
36.32 -0.000897334
36.34 -0.000712488
36.36 -3.69961e-05
36.38 0.000486097
36.4 0.000509667
36.42 0.000149392
36.44 -0.000204825
36.46 -0.000266039
36.48 -4.90683e-05
36.5 0.00032275
36.52 0.000751506
36.54 0.00100115
36.56 0.000826336
36.58 0.000367116
36.6 3.08669e-05
36.62 4.29432e-05
36.64 0.000269166
36.66 0.000420857
36.68 0.000341375
36.7 1.60275e-05
36.72 -0.000481465
36.74 -0.000761845
36.76 -0.000396015
36.78 0.00035693
36.8 0.000763808
36.82 0.000428765
36.84 -0.000339864
36.86 -0.000793632
36.88 -0.000506302
36.9 8.24508e-05
36.92 0.000296566
36.94 -1.78312e-05
36.96 -0.000526633
36.98 -0.000580608
37 5.0772e-05
37.02 0.000832692
37.04 0.00108602
37.06 0.00069213
37.08 0.000185334
37.1 3.01525e-05
37.12 0.000218088
37.14 0.000474794
37.16 0.000485194
37.18 0.000142237
37.2 -0.000359998
37.22 -0.000686545
37.24 -0.000676946
37.26 -0.000456933
37.28 -0.000179356
37.3 0.000101703
37.32 0.000279506
37.34 0.000195738
37.36 -0.000158072
37.38 -0.000541742
37.4 -0.000587803
37.42 -0.00020776
37.44 0.000299012
37.46 0.000593279
37.48 0.000548526
37.5 0.000301947
37.52 9.80594e-05
37.54 8.30888e-05
37.56 0.000294044
37.58 0.000667155
37.6 0.000933973
37.62 0.000787023
37.64 0.000261248
37.66 -0.00032729
37.68 -0.000581978
37.7 -0.000268666
37.72 0.000350717
37.74 0.000721508
37.76 0.000530155
37.78 -2.38448e-05
37.8 -0.000460408
37.82 -0.000471374
37.84 -0.000224946
37.86 -0.000113319
37.88 -0.000264207
37.9 -0.000485623
37.92 -0.000469273
37.94 -0.000124709
37.96 0.000302744
37.98 0.000491557
38 0.000331514
38.02 9.68414e-06
38.04 -0.000184894
38.06 -9.85803e-05
38.08 0.000189645
38.1 0.000440538
38.12 0.000458629
38.14 0.000231297
38.16 -7.03341e-05
38.18 -0.000189924
38.2 1.68397e-05
38.22 0.000463358
38.24 0.000839772
38.26 0.00077695
38.28 0.000237113
38.3 -0.000442946
38.32 -0.000759265
38.34 -0.00043248
38.36 0.000175229
38.38 0.000498373
38.4 0.000352316
38.42 -4.83308e-05
38.44 -0.000297292
38.46 -0.000114594
38.48 0.000389542
38.5 0.000773527
38.52 0.000642668
38.54 6.04499e-05
38.56 -0.000537921
38.58 -0.000671284
38.6 -0.000271903
38.62 0.000195643
38.64 0.000301643
38.66 2.27414e-05
38.68 -0.000358306
38.7 -0.000470649
38.72 -0.000195921
38.74 0.000243334
38.76 0.00056006
38.78 0.000582677
38.8 0.000339346
38.82 3.83764e-05
38.84 -0.000124707
38.86 -0.000110966
38.88 -1.95273e-05
38.9 2.74248e-05
38.92 -3.05366e-05
38.94 -0.000171512
38.96 -0.000284863
38.98 -0.000230767
39 2.4844e-05
39.02 0.000375129
39.04 0.000643641
39.06 0.00069058
39.08 0.000552356
39.1 0.000424119
39.12 0.000436428
39.14 0.00050044
39.16 0.000414324
39.18 0.000110025
39.2 -0.000259828
39.22 -0.000432684
39.24 -0.000277616
39.26 5.22114e-05
39.28 0.000296338
39.3 0.000306127
39.32 0.000103482
39.34 -0.000151326
39.36 -0.000274653
39.38 -0.000204748
39.4 -3.52086e-05
39.42 0.000102884
39.44 0.000135389
39.46 5.2932e-05
39.48 -8.06577e-05
39.5 -0.000143435
39.52 -4.08127e-05
39.54 0.000198863
39.56 0.000419631
39.58 0.000447038
39.6 0.000259026
39.62 4.4568e-05
39.64 3.86019e-05
39.66 0.000300812
39.68 0.000645829
39.7 0.000774292
39.72 0.000557214
39.74 0.000161782
39.76 -0.000153124
39.78 -0.000227274
39.8 -7.17821e-05
39.82 0.000141751
39.84 0.00022943
39.86 0.000126347
39.88 -9.17355e-05
39.9 -0.000262491
39.92 -0.000245469
39.94 -3.53496e-05
39.96 0.000236272
39.98 0.000385654
40 0.000295628
40.02 3.00203e-05
40.04 -0.000205278
40.06 -0.00022475
40.08 -2.72813e-05
40.1 0.000218554
40.12 0.000353959
40.14 0.000323059
40.16 0.000171455
40.18 2.32049e-05
40.2 -9.1008e-06
40.22 7.11153e-05
40.24 0.000161585
40.26 0.000158624
40.28 2.98643e-05
40.3 -0.000154499
40.32 -0.000258444
40.34 -0.000193664
40.36 -6.35883e-06
40.38 0.000166192
40.4 0.000218879
40.42 0.000170953
40.44 0.000133502
40.46 0.000197149
40.48 0.00035363
40.5 0.000491781
40.52 0.000488272
40.54 0.000312779
40.56 4.34892e-05
40.58 -0.000160597
40.6 -0.000141912
40.62 8.97621e-05
40.64 0.000324323
40.66 0.000307863
40.68 -3.51197e-05
40.7 -0.000493129
40.72 -0.000652597
40.74 -0.000345284
40.76 8.18555e-05
40.78 0.000208196
40.8 -4.08381e-05
40.82 -0.00039595
40.84 -0.00044684
40.86 -7.16873e-05
40.88 0.000458272
40.9 0.000741716
40.92 0.000545033
40.94 6.14972e-05
40.96 -0.000280565
40.98 -0.000213247
41 0.000203409
41.02 0.000647775
41.04 0.000739344
41.06 0.000384098
41.08 -0.000117363
41.1 -0.000379173
41.12 -0.000229955
41.14 0.000170239
41.16 0.000473556
41.18 0.000417412
41.2 1.40265e-05
41.22 -0.000463629
41.24 -0.000617789
41.26 -0.000303115
41.28 0.000154033
41.3 0.000349238
41.32 0.000176198
41.34 -0.000180083
41.36 -0.000403265
41.38 -0.000281065
41.4 9.64173e-05
41.42 0.000453302
41.44 0.000572014
41.46 0.000425963
41.48 0.000187591
41.5 6.68247e-05
41.52 0.000145921
41.54 0.000351858
41.56 0.000520701
41.58 0.000508435
41.6 0.000300008
41.62 2.13333e-05
41.64 -0.000159831
41.66 -0.000144501
41.68 3.09623e-05
41.7 0.000215312
41.72 0.000241999
41.74 4.36102e-05
41.76 -0.000281515
41.78 -0.000490488
41.8 -0.000396429
41.82 -9.4375e-05
41.84 0.000183655
41.86 0.000308793
41.88 0.000272228
41.9 0.000156669
41.92 9.49334e-05
41.94 0.00017292
41.96 0.000360104
41.98 0.000523367
42 0.000520304
42.02 0.000326535
42.04 5.78999e-05
42.06 -0.000136947
42.08 -0.000169342
42.1 -4.70414e-05
42.12 0.000135418
42.14 0.000260019
42.16 0.000258279
42.18 0.000143487
42.2 -5.73986e-06
42.22 -9.12737e-05
42.24 -6.21979e-05
42.26 4.186e-05
42.28 0.000117357
42.3 7.52877e-05
42.32 -8.62809e-05
42.34 -0.000261482
42.36 -0.000290842
42.38 -0.000119219
42.4 0.000136768
42.42 0.000319649
42.44 0.000339454
42.46 0.000209823
42.48 4.54266e-05
42.5 -2.5803e-05
42.52 4.85843e-05
42.54 0.000221326
42.56 0.000374254
42.58 0.000394694
42.6 0.000265847
42.62 9.08758e-05
42.64 4.99638e-06
42.66 6.12325e-05
42.68 0.000199717
42.7 0.00030597
42.72 0.000300037
42.74 0.000190232
42.76 4.63942e-05
42.78 -5.60053e-05
42.8 -5.94065e-05
42.82 3.88748e-05
42.84 0.000149838
42.86 0.000154668
42.88 1.68078e-05
42.9 -0.000180986
42.92 -0.000286741
42.94 -0.000207198
42.96 -1.59472e-05
42.98 0.000117775
43 9.64348e-05
43.02 -2.63825e-05
43.04 -0.000104937
43.06 -3.53811e-05
43.08 0.000150256
43.1 0.000320043
43.12 0.000361712
43.14 0.000266804
43.16 0.000130207
43.18 6.9495e-05
43.2 0.000124961
43.22 0.000231846
43.24 0.000282094
43.26 0.00020787
43.28 3.2747e-05
43.3 -0.000145683
43.32 -0.000228854
43.34 -0.000187716
43.36 -8.68304e-05
43.38 -2.81095e-05
43.4 -6.02906e-05
43.42 -0.000133424
43.44 -0.000139606
43.46 -1.97011e-05
43.48 0.000182458
43.5 0.000360116
43.52 0.000415048
43.54 0.000327223
43.56 0.000172258
43.58 5.74549e-05
43.6 3.76932e-05
43.62 8.88609e-05
43.64 0.000143704
43.66 0.000147189
43.68 9.04015e-05
43.7 4.08957e-06
43.72 -6.32703e-05
43.74 -6.60857e-05
43.76 -1.57822e-06
43.78 7.92213e-05
43.8 0.000126698
43.82 0.000128616
43.84 0.000100167
43.86 6.12064e-05
43.88 2.09909e-05
43.9 -1.12781e-05
43.92 -1.91256e-05
43.94 -2.13807e-07
43.96 1.7719e-05
43.98 8.60707e-06
44 -1.80279e-05
44.02 -2.84315e-05
44.04 4.6052e-06
44.06 7.73844e-05
44.08 0.000148003
44.1 0.000164179
44.12 0.000114048
44.14 3.94556e-05
44.16 -1.69913e-06
44.18 1.25462e-05
44.2 5.10574e-05
44.22 6.15936e-05
44.24 1.88698e-05
44.26 -5.49516e-05
44.28 -0.00011411
44.3 -0.000123464
44.32 -7.55267e-05
44.34 1.15557e-05
44.36 9.72176e-05
44.38 0.000135788
44.4 0.00012275
44.42 0.000103847
44.44 0.000127749
44.46 0.000208306
44.48 0.000303988
44.5 0.000328196
44.52 0.000227244
44.54 4.42448e-05
44.56 -0.000114068
44.58 -0.000158046
44.6 -8.20359e-05
44.62 3.36331e-05
44.64 9.47956e-05
44.66 6.58253e-05
44.68 -1.67555e-05
44.7 -8.05447e-05
44.72 -6.2749e-05
44.74 4.2042e-05
44.76 0.000171578
44.78 0.000244433
44.8 0.00021213
44.82 9.3604e-05
44.84 -2.36458e-05
44.86 -4.07258e-05
44.88 7.04519e-05
44.9 0.000233046
44.92 0.000318212
44.94 0.000252535
44.96 8.18654e-05
44.98 -7.15131e-05
45 -0.000107337
45.02 -1.73791e-05
45.04 0.000120749
45.06 0.000210733
45.08 0.000201022
45.1 0.000105637
45.12 -3.68669e-06
45.14 -4.26886e-05
45.16 1.61405e-05
45.18 0.000120219
45.2 0.000180929
45.22 0.000153168
45.24 8.06395e-05
45.26 5.60396e-05
45.28 0.000133782
45.3 0.000270647
45.32 0.000361217
45.34 0.000334983
45.36 0.000199513
45.38 2.56601e-05
45.4 -9.48298e-05
45.42 -9.6935e-05
45.44 2.60153e-05
45.46 0.000188606
45.48 0.000256441
45.5 0.000167685
45.52 -1.21474e-05
45.54 -0.000148239
45.56 -0.000143544
45.58 -1.01455e-05
45.6 0.000148338
45.62 0.000221676
45.64 0.000167061
45.66 2.29323e-05
45.68 -0.000116261
45.7 -0.000149366
45.72 -4.38906e-05
45.74 0.000125577
45.76 0.000224514
45.78 0.000167078
45.8 4.05966e-06
45.82 -0.00011393
45.84 -7.1871e-05
45.86 0.000113017
45.88 0.000315628
45.9 0.00039981
45.92 0.000320736
45.94 0.000164695
45.96 6.39542e-05
45.98 7.14931e-05
46 0.000130953
46.02 0.000161995
46.04 0.00013474
46.06 6.99115e-05
46.08 1.06658e-05
46.1 -2.22636e-05
46.12 -3.39192e-05
46.14 -3.15571e-05
46.16 -2.79228e-05
46.18 -2.23812e-05
46.2 1.49948e-05
46.22 9.23811e-05
46.24 0.00015678
46.26 0.000158505
46.28 0.000117525
46.3 8.00859e-05
46.32 7.20195e-05
46.34 0.000102066
46.36 0.000150251
46.38 0.000179766
46.4 0.000171028
46.42 0.000127767
46.44 7.71199e-05
46.46 5.94821e-05
46.48 8.52689e-05
46.5 0.000119539
46.52 0.000122938
46.54 8.52167e-05
46.56 3.08828e-05
46.58 1.85011e-06
46.6 2.01362e-05
46.62 6.93275e-05
46.64 0.000110733
46.66 0.000112246
46.68 6.85876e-05
46.7 2.39182e-06
46.72 -4.32136e-05
46.74 -2.73143e-05
46.76 4.65534e-05
46.78 0.000133084
46.8 0.000185267
46.82 0.000183168
46.84 0.00014772
46.86 0.000101393
46.88 4.6819e-05
46.9 -4.37963e-07
46.92 -1.5189e-05
46.94 2.12925e-05
46.96 0.000104362
46.98 0.000184356
47 0.000196797
47.02 0.000121239
47.04 1.11777e-05
47.06 -4.4036e-05
47.08 -1.39879e-05
47.1 5.25947e-05
47.12 0.000109304
47.14 0.000136347
47.16 0.00011061
47.18 2.95884e-05
47.2 -6.01972e-05
47.22 -8.55311e-05
47.24 -8.88661e-06
47.26 0.000124073
47.28 0.000225923
47.3 0.000248249
47.32 0.000212907
47.34 0.000189273
47.36 0.00023524
47.38 0.000333191
47.4 0.000384735
47.42 0.00028867
47.44 4.26635e-05
47.46 -0.000215105
47.48 -0.000279771
47.5 -8.40122e-05
47.52 0.000210427
47.54 0.000377249
47.56 0.000320252
47.58 0.000113414
47.6 -8.75315e-05
47.62 -0.000151467
47.64 -5.33696e-05
47.66 0.000104501
47.68 0.000177288
47.7 0.000100722
47.72 -6.06396e-05
47.74 -0.000160645
47.76 -9.12429e-05
47.78 0.000113802
47.8 0.000306723
47.82 0.000344898
47.84 0.000196879
47.86 -3.61652e-05
47.88 -0.000196524
47.9 -0.000179644
47.92 -5.21367e-06
47.94 0.000194515
47.96 0.000266135
47.98 0.000156666
48 -3.6805e-05
48.02 -0.000144143
48.04 -6.25637e-05
48.06 0.000147809
48.08 0.000303661
48.1 0.000255055
48.12 3.54379e-05
48.14 -0.000153372
48.16 -0.00014576
48.18 2.82113e-05
48.2 0.00020789
48.22 0.000250784
48.24 0.000127633
48.26 -5.61674e-05
48.28 -0.000147681
48.3 -6.6786e-05
48.32 0.000151672
48.34 0.000370947
48.36 0.000427104
48.38 0.000273605
48.4 3.45417e-05
48.42 -0.000104582
48.44 -4.32607e-05
48.46 0.000163917
48.48 0.000347655
48.5 0.000344388
48.52 0.000137071
48.54 -0.000133738
48.56 -0.000287291
48.58 -0.00022211
48.6 -1.49503e-06
48.62 0.000197428
48.64 0.000226809
48.66 7.66521e-05
48.68 -0.000105677
48.7 -0.000140826
48.72 1.61456e-05
48.74 0.000245332
48.76 0.000374543
48.78 0.000318024
48.8 0.000128668
48.82 -5.25685e-05
48.84 -9.4603e-05
48.86 2.91192e-05
48.88 0.000220994
48.9 0.000333293
48.92 0.000278563
48.94 9.94268e-05
48.96 -6.81297e-05
48.98 -9.99037e-05
49 2.28771e-05
49.02 0.00020143
49.04 0.000299469
49.06 0.00024597
49.08 8.68805e-05
49.1 -5.61878e-05
49.12 -6.87194e-05
49.14 7.5679e-05
49.16 0.000281712
49.18 0.00039262
49.2 0.000307334
49.22 8.3101e-05
49.24 -0.000107753
49.26 -0.00013827
49.28 -1.77467e-05
49.3 0.000141139
49.32 0.000213107
49.34 0.000149691
49.36 1.05356e-05
49.38 -9.41164e-05
49.4 -8.45196e-05
49.42 3.96677e-05
49.44 0.000193491
49.46 0.000266777
49.48 0.000209354
49.5 6.56642e-05
49.52 -6.49532e-05
49.54 -0.000101166
49.56 -2.5133e-05
49.58 0.000105048
49.6 0.000181168
49.62 0.000122561
49.64 -5.61827e-05
49.66 -0.000248471
49.68 -0.000314649
49.7 -0.000204056
49.72 -1.18862e-05
49.74 0.000124141
49.76 0.00013632
49.78 5.7195e-05
49.8 -2.43374e-05
49.82 -4.17022e-05
49.84 1.24412e-05
49.86 0.000105948
49.88 0.000194425
49.9 0.000233432
49.92 0.000197914
49.94 0.000108877
49.96 2.13246e-05
49.98 -1.79003e-05
50 3.15634e-06
50.02 5.33125e-05
50.04 8.35723e-05
50.06 7.80267e-05
50.08 6.32167e-05
50.1 6.18898e-05
50.12 6.69176e-05
50.14 5.97502e-05
50.16 3.24348e-05
50.18 4.90696e-06
50.2 1.07201e-05
50.22 4.84999e-05
50.24 7.75042e-05
50.26 7.17393e-05
50.28 4.54722e-05
50.3 2.87646e-05
50.32 4.60817e-05
50.34 0.000102117
50.36 0.000164901
50.38 0.000185336
50.4 0.000148513
50.42 8.87118e-05
50.44 5.9624e-05
50.46 9.22741e-05
50.48 0.000161844
50.5 0.000200017
50.52 0.000159608
50.54 6.46324e-05
50.56 -5.06091e-06
50.58 1.59068e-05
50.6 0.000121007
50.62 0.000238604
50.64 0.000279714
50.66 0.000204303
50.68 6.32614e-05
50.7 -3.68294e-05
50.72 -2.07837e-05
50.74 9.43446e-05
50.76 0.000212456
50.78 0.000234688
50.8 0.000141293
50.82 -2.8345e-06
50.84 -0.000110973
50.86 -0.000124641
50.88 -4.42753e-05
50.9 6.24905e-05
50.92 0.000111579
50.94 7.11453e-05
50.96 -2.67482e-05
50.98 -0.000115827
51 -0.000130856
51.02 -5.29683e-05
51.04 6.55132e-05
51.06 0.000142135
51.08 0.000132285
51.1 5.4025e-05
51.12 -2.77274e-05
51.14 -4.81919e-05
51.16 6.85445e-07
51.18 7.04139e-05
51.2 0.000109776
51.22 0.000100051
51.24 5.6949e-05
51.26 2.53261e-05
51.28 5.43555e-05
51.3 0.000154682
51.32 0.000285754
51.34 0.000355869
51.36 0.000248416
51.38 -6.46413e-05
51.4 -0.000435813
51.42 -0.000553194
51.44 -0.000240439
51.46 0.000309039
51.48 0.000714664
51.5 0.000672185
51.52 0.000238248
51.54 -0.000205622
51.56 -0.000321624
51.58 -6.92749e-05
51.6 0.000301231
51.62 0.000469124
51.64 0.000310489
51.66 -5.19031e-06
51.68 -0.000185924
51.7 -7.4787e-05
51.72 0.000237209
51.74 0.000495731
51.76 0.000479741
51.78 0.000187359
51.8 -0.000180955
51.82 -0.000382003
51.84 -0.000280694
51.86 3.64176e-05
51.88 0.000334847
51.9 0.000411574
51.92 0.000226933
51.94 -6.14777e-05
51.96 -0.000216218
51.98 -0.000106156
52 0.00018935
52.02 0.000442895
52.04 0.000445785
52.06 0.000179155
52.08 -0.000166264
52.1 -0.000331284
52.12 -0.000189604
52.14 0.000127158
52.16 0.000358352
52.18 0.000343308
52.2 0.000131673
52.22 -7.3422e-05
52.24 -9.03111e-05
52.26 9.61624e-05
52.28 0.000333946
52.3 0.000425922
52.32 0.000289808
52.34 2.20471e-05
52.36 -0.000192721
52.38 -0.000211119
52.4 -3.3996e-05
52.42 0.000191824
52.44 0.000296145
52.46 0.000220585
52.48 5.22513e-05
52.5 -6.53698e-05
52.52 -4.72309e-05
52.54 7.53028e-05
52.56 0.000189219
52.58 0.000190788
52.6 6.22694e-05
52.62 -0.000107316
52.64 -0.000189602
52.66 -0.000122553
52.68 3.95967e-05
52.7 0.000179991
52.72 0.000213867
52.74 0.000130055
52.76 -1.02525e-05
52.78 -0.000107998
52.8 -9.56883e-05
52.82 1.1767e-05
52.84 0.000131859
52.86 0.000174889
52.88 0.000105459
52.9 -2.28616e-05
52.92 -9.76736e-05
52.94 -4.68674e-05
52.96 8.75137e-05
52.98 0.000195231
53 0.000199726
53.02 0.00011169
53.04 1.0987e-05
53.06 -1.8606e-05
53.08 5.15389e-05
53.1 0.000177592
53.12 0.000275059
53.14 0.000273201
53.16 0.000174636
53.18 6.19257e-05
53.2 1.71558e-05
53.22 5.92884e-05
53.24 0.000142841
53.26 0.000193342
53.28 0.000161254
53.3 5.82352e-05
53.32 -5.16105e-05
53.34 -0.000101273
53.36 -6.32603e-05
53.38 3.52607e-05
53.4 0.00012373
53.42 0.000140757
53.44 8.53335e-05
53.46 8.48005e-06
53.48 -3.12688e-05
53.5 -4.6378e-06
53.52 7.32777e-05
53.54 0.00015313
53.56 0.000181943
53.58 0.000140309
53.6 5.65485e-05
53.62 -1.63464e-05
53.64 -3.79877e-05
53.66 -9.61972e-07
53.68 6.46253e-05
53.7 0.000107856
53.72 0.000103198
53.74 7.0786e-05
53.76 5.02977e-05
53.78 6.85193e-05
53.8 0.000120343
53.82 0.000167838
53.84 0.000174951
53.86 0.00014268
53.88 9.45328e-05
53.9 5.24195e-05
53.92 3.72318e-05
53.94 6.07718e-05
53.96 0.000107642
53.98 0.000143923
54 0.000141493
54.02 9.8782e-05
54.04 4.73264e-05
54.06 3.14903e-05
54.08 7.16619e-05
54.1 0.000141708
54.12 0.000193641
54.14 0.000193461
54.16 0.000136446
54.18 5.79806e-05
54.2 6.40682e-06
54.22 -4.70389e-06
54.24 8.15939e-06
54.26 2.46445e-05
54.28 2.74321e-05
54.3 1.72571e-05
54.32 1.1794e-05
54.34 2.11247e-05
54.36 3.92811e-05
54.38 5.10619e-05
54.4 4.58333e-05
54.42 3.13493e-05
54.44 3.25317e-05
54.46 6.87526e-05
54.48 0.00012973
54.5 0.000178859
54.52 0.000186047
54.54 0.000151235
54.56 9.87024e-05
54.58 5.88532e-05
54.6 5.19108e-05
54.62 8.20596e-05
54.64 0.000130635
54.66 0.000160975
54.68 0.000139971
54.7 6.2204e-05
54.72 -3.17255e-05
54.74 -8.16808e-05
54.76 -6.22524e-05
54.78 1.95689e-06
54.8 5.90208e-05
54.82 6.50395e-05
54.84 2.58295e-05
54.86 -5.4432e-06
54.88 1.98818e-05
54.9 0.000107129
54.92 0.000209103
54.94 0.000255847
54.96 0.000219393
54.98 0.000138483
55 7.26851e-05
55.02 5.69569e-05
55.04 8.73523e-05
55.06 0.000129431
55.08 0.000141913
55.1 0.000108163
55.12 5.4944e-05
55.14 2.32027e-05
55.16 3.29234e-05
55.18 7.55644e-05
55.2 0.000123704
55.22 0.000152591
55.24 0.000153349
55.26 0.000134672
55.28 0.000114528
55.3 0.000104538
55.32 0.00010823
55.34 0.00012539
55.36 0.000139019
55.38 0.000121964
55.4 7.4069e-05
55.42 2.81014e-05
55.44 1.43132e-05
55.46 3.78831e-05
55.48 7.8664e-05
55.5 9.55787e-05
55.52 6.3006e-05
55.54 2.03912e-06
55.56 -3.72403e-05
55.58 -1.50898e-05
55.6 5.9528e-05
55.62 0.000137754
55.64 0.000167132
55.66 0.000116564
55.68 1.06484e-05
55.7 -6.97553e-05
55.72 -5.21795e-05
55.74 6.03341e-05
55.76 0.000186555
55.78 0.000230586
55.8 0.000161988
55.82 4.24226e-05
55.84 -3.08532e-05
55.86 5.40961e-07
55.88 0.000128391
55.9 0.000286186
55.92 0.000364897
55.94 0.00025399
55.96 -4.71163e-05
55.98 -0.000360991
56 -0.000429856
56.02 -0.000173164
56.04 0.000219882
56.06 0.000466493
56.08 0.000406282
56.1 0.000128285
56.12 -0.000108719
56.14 -0.000103542
56.16 0.000115434
56.18 0.000338319
56.2 0.00036069
56.22 0.000144333
56.24 -0.000148596
56.26 -0.000283291
56.28 -0.000149575
56.3 0.00015328
56.32 0.000412742
56.34 0.000449688
56.36 0.000248317
56.38 -3.18382e-05
56.4 -0.000192248
56.42 -0.000132628
56.44 9.3345e-05
56.46 0.00033139
56.48 0.000423971
56.5 0.000305541
56.52 6.66338e-05
56.54 -0.000110654
56.56 -9.50023e-05
56.58 9.44473e-05
56.6 0.000294471
56.62 0.000326111
56.64 0.00014951
56.66 -0.000101815
56.68 -0.000225934
56.7 -0.000124005
56.72 0.000113173
56.74 0.000298759
56.76 0.000300549
56.78 0.000131059
56.8 -7.123e-05
56.82 -0.000146222
56.84 -3.63598e-05
56.86 0.000169504
56.88 0.000320724
56.9 0.000302396
56.92 0.000114304
56.94 -0.000112869
56.96 -0.000222181
56.98 -0.000152787
57 2.15513e-05
57.02 0.000163276
57.04 0.000169683
57.06 3.45138e-05
57.08 -0.000135731
57.1 -0.000183547
57.12 -4.47383e-05
57.14 0.000176517
57.16 0.00030588
57.18 0.000244984
57.2 4.95853e-05
57.22 -0.000119646
57.24 -0.000134654
57.26 8.25031e-07
57.28 0.000169811
57.3 0.000248641
57.32 0.000194229
57.34 5.75582e-05
57.36 -5.76768e-05
57.38 -5.96719e-05
57.4 6.32411e-05
57.42 0.000225051
57.44 0.000305773
57.46 0.000237969
57.48 6.09622e-05
57.5 -9.86894e-05
57.52 -0.000116814
57.54 2.29446e-05
57.56 0.000206406
57.58 0.000287401
57.6 0.000207281
57.62 3.78844e-05
57.64 -8.28939e-05
57.66 -6.40547e-05
57.68 7.28691e-05
57.7 0.000216371
57.72 0.0002533
57.74 0.000155257
57.76 -3.04864e-06
57.78 -0.000103769
57.8 -7.51916e-05
57.82 5.68883e-05
57.84 0.000194293
57.86 0.000239757
57.88 0.000163726
57.9 2.3344e-05
57.92 -7.72365e-05
57.94 -6.00956e-05
57.96 6.37712e-05
57.98 0.000198851
58 0.000241081
58.02 0.000159407
58.04 1.55822e-05
58.06 -8.26686e-05
58.08 -5.98041e-05
58.1 6.67791e-05
58.12 0.000200257
58.14 0.00024075
58.16 0.000160447
58.18 2.33297e-05
58.2 -6.53449e-05
58.22 -3.87335e-05
58.24 8.14863e-05
58.26 0.000202666
58.28 0.000232769
58.3 0.000150444
58.32 1.99812e-05
58.34 -5.92571e-05
58.36 -2.83277e-05
58.38 8.75876e-05
58.4 0.000200388
58.42 0.000226166
58.44 0.000147616
58.46 2.58222e-05
58.48 -4.73113e-05
58.5 -1.80951e-05
58.52 8.95863e-05
58.54 0.000193511
58.56 0.0002154
58.58 0.000140077
58.6 2.62443e-05
58.62 -3.95452e-05
58.64 -8.65868e-06
58.66 9.38398e-05
58.68 0.000189831
58.7 0.000207359
58.72 0.000134474
58.74 2.75187e-05
58.76 -3.24509e-05
58.78 -9.50411e-07
58.8 9.67067e-05
58.82 0.000185836
58.84 0.000199507
58.86 0.000128799
58.88 2.84416e-05
58.9 -2.56053e-05
58.92 6.55857e-06
58.94 9.91919e-05
58.96 0.000181587
58.98 0.000192004
59 0.000123932
59.02 2.99843e-05
59.04 -1.87862e-05
59.06 1.35707e-05
59.08 0.000101316
59.1 0.000177553
59.12 0.000185187
59.14 0.0001197
59.16 3.16232e-05
59.18 -1.24588e-05
59.2 1.98891e-05
59.22 0.000103029
59.24 0.00017363
59.26 0.000178859
59.28 0.000115934
59.3 3.33527e-05
59.32 -6.48053e-06
59.34 2.57161e-05
59.36 0.000104519
59.38 0.00016992
59.4 0.000173008
59.42 0.000112578
59.44 3.51679e-05
59.46 -7.67283e-07
59.48 3.11348e-05
59.5 0.000105773
59.52 0.000166358
59.54 0.000167604
59.56 0.000109629
59.58 3.70341e-05
59.6 4.60821e-06
59.62 3.60903e-05
59.64 0.000106771
59.66 0.000162909
59.68 0.000162574
59.7 0.000107001
59.72 3.88998e-05
59.74 9.66307e-06
59.76 4.06691e-05
59.78 0.000107627
59.8 0.000159644
59.82 0.000157901
59.84 0.000104643
59.86 4.07689e-05
59.88 1.44632e-05
59.9 4.49247e-05
59.92 0.000108329
59.94 0.000156509
59.96 0.000153546
59.98 0.000100035
