0.02 3.97495e-05
0.04 0.000112614
0.06 0.000123293
0.08 5.64262e-05
0.1 1.6157e-05
0.12 6.03543e-05
0.14 0.000116675
0.16 0.000100902
0.18 4.54691e-05
0.2 4.27088e-05
0.22 0.000100279
0.24 0.000135338
0.26 0.000107346
0.28 7.7617e-05
0.3 0.000107594
0.32 0.000156858
0.34 0.000163143
0.36 0.000149942
0.38 0.000144655
0.4 7.5975e-05
0.42 -9.59104e-05
0.44 -8.76009e-05
0.46 0.000266536
0.48 0.000421079
0.5 1.54458e-05
0.52 -0.000398443
0.54 -0.000289868
0.56 -8.50565e-05
0.58 -0.000420125
0.6 -0.00077375
0.62 -0.000352964
0.64 0.000138797
0.66 -0.00017227
0.68 -0.00106355
0.7 -0.00155801
0.72 -0.000367817
0.74 0.00134121
0.76 0.000959546
0.78 -0.000516307
0.8 0.00013923
0.82 0.00285003
0.84 0.00429368
0.86 0.00266476
0.88 1.10875e-05
0.9 -0.000612382
0.92 0.00103345
0.94 0.00205314
0.96 -2.6265e-05
0.98 -0.0031887
1 -0.00322383
1.02 8.00456e-05
1.04 0.00223561
1.06 -6.9733e-05
1.08 -0.00422597
1.1 -0.00511509
1.12 -0.00169169
1.14 0.00224674
1.16 0.00201917
1.18 -0.00285052
1.2 -0.00583049
1.22 -0.00170593
1.24 0.0038682
1.26 0.00249881
1.28 -0.00439455
1.3 -0.00865771
1.32 -0.00493363
1.34 0.00409208
1.36 0.00962445
1.38 0.00579003
1.4 -0.00348831
1.42 -0.00793962
1.44 -0.00315526
1.46 0.00288797
1.48 -0.000247874
1.5 -0.0112117
1.52 -0.0204106
1.54 -0.0221405
1.56 -0.0170278
1.58 -0.00932013
1.6 -0.00345281
1.62 -0.0013325
1.64 -0.00240433
1.66 -0.00472717
1.68 -0.00644521
1.7 -0.00667395
1.72 -0.00573076
1.74 -0.00527662
1.76 -0.00598336
1.78 -0.00636209
1.8 -0.0062391
1.82 -0.00742144
1.84 -0.0107033
1.86 -0.0140744
1.88 -0.012574
1.9 -0.00431958
1.92 0.00342446
1.94 0.00160248
1.96 -0.00920271
1.98 -0.0202091
2 -0.0253893
2.02 -0.0257901
2.04 -0.0246878
2.06 -0.0236643
2.08 -0.0233754
2.1 -0.0246213
2.12 -0.0266455
2.14 -0.0266222
2.16 -0.0226851
2.18 -0.0151504
2.2 -0.00579726
2.22 0.00114761
2.24 0.00110459
2.26 -0.00614393
2.28 -0.0180225
2.3 -0.0324799
2.32 -0.0494263
2.34 -0.0711293
2.36 -0.0969089
2.38 -0.122255
2.4 -0.146039
2.42 -0.169073
2.44 -0.188449
2.46 -0.199973
2.48 -0.200741
2.5 -0.187644
2.52 -0.15838
2.54 -0.114727
2.56 -0.0606881
2.58 0.00248934
2.6 0.0713625
2.62 0.147144
2.64 0.23665
2.66 0.337772
2.68 0.445147
2.7 0.563285
2.72 0.701581
2.74 0.867094
2.76 1.06604
2.78 1.30301
2.8 1.58012
2.82 1.90031
2.84 2.26743
2.86 2.6844
2.88 3.15074
2.9 3.6619
2.92 4.21466
2.94 4.80777
2.96 5.43826
2.98 6.10371
3 6.80452
3.02 7.53435
3.04 8.27745
3.06 9.02211
3.08 9.76003
3.1 10.4788
