0.02 3.78573e-05
0.04 0.000107253
0.06 0.000117421
0.08 5.37374e-05
0.1 1.53869e-05
0.12 5.748e-05
0.14 0.000111118
0.16 9.60949e-05
0.18 4.33022e-05
0.2 4.06747e-05
0.22 9.5503e-05
0.24 0.000128892
0.26 0.000102233
0.28 7.39205e-05
0.3 0.00010247
0.32 0.000149387
0.34 0.000155371
0.36 0.0001428
0.38 0.000137765
0.4 7.23546e-05
0.42 -9.13497e-05
0.44 -8.34352e-05
0.46 0.000253846
0.48 0.000401023
0.5 1.47017e-05
0.52 -0.000379474
0.54 -0.000276081
0.56 -8.10287e-05
0.58 -0.000400123
0.6 -0.000736865
0.62 -0.000336111
0.64 0.000132207
0.66 -0.000164008
0.68 -0.00101279
0.7 -0.00148357
0.72 -0.000349799
0.74 0.00127785
0.76 0.000914001
0.78 -0.000491809
0.8 0.000132693
0.82 0.00271003
0.84 0.00404003
0.86 0.00242495
0.88 -7.22452e-05
0.9 -0.000516223
0.92 0.00112439
0.94 0.00194509
0.96 -0.000202727
0.98 -0.00313238
1 -0.00292243
1.02 0.000284371
1.04 0.00209301
1.06 -0.000321416
1.08 -0.00414355
1.1 -0.00463191
1.12 -0.00124583
1.14 0.00217747
1.16 0.0015746
1.18 -0.00294017
1.2 -0.00522144
1.22 -0.0010343
1.24 0.00378689
1.26 0.00184078
1.28 -0.00456793
1.3 -0.00769735
1.32 -0.00354289
1.34 0.00436898
1.36 0.00804873
1.38 0.00350879
1.4 -0.00421083
1.42 -0.00619408
1.44 -0.000832228
1.46 0.00315308
1.48 -0.00216961
1.5 -0.0131317
1.52 -0.020606
1.54 -0.0198603
1.56 -0.0123201
1.58 -0.00411304
1.6 -0.000566256
1.62 -0.00216085
1.64 -0.00579092
1.66 -0.00758974
1.68 -0.00603396
1.7 -0.00275234
1.72 -0.00074049
1.74 -0.00239585
1.76 -0.00668434
1.78 -0.00932206
1.8 -0.00836624
1.82 -0.00624872
1.84 -0.00622512
1.86 -0.0086061
1.88 -0.00906861
1.9 -0.00442707
1.92 0.000768425
1.94 -0.000545659
1.96 -0.008349
1.98 -0.0158893
2 -0.0182082
2.02 -0.0163548
2.04 -0.0141406
2.06 -0.013928
2.08 -0.0158718
2.1 -0.0189299
2.12 -0.0205152
2.14 -0.0176412
2.16 -0.0107992
2.18 -0.00377199
2.2 0.000319899
2.22 -0.000474266
2.24 -0.0060806
2.26 -0.0125168
2.28 -0.0163431
2.3 -0.0175139
2.32 -0.0166753
2.34 -0.0148146
2.36 -0.012467
2.38 -0.010007
2.4 -0.0106499
2.42 -0.0160725
2.44 -0.0216039
2.46 -0.0216669
2.48 -0.0152437
2.5 -0.00495252
2.52 0.00413
2.54 0.00559
2.56 -0.000645266
2.58 -0.00496019
2.6 0.00272009
2.62 0.0229029
2.64 0.054854
2.66 0.103573
2.68 0.172483
2.7 0.261833
2.72 0.372678
2.74 0.508744
2.76 0.675414
2.78 0.876435
2.8 1.114
2.82 1.3916
2.84 1.71273
2.86 2.07957
2.88 2.49174
2.9 2.94524
2.92 3.43727
2.94 3.9667
2.96 4.53053
2.98 5.12636
3 5.75468
3.02 6.40957
3.04 7.07614
3.06 7.7432
3.08 8.4028
3.1 9.04314
3.12 9.65179
3.14 10.2171
3.16 10.7262
3.18 11.1651
3.2 11.5218
3.22 11.7857
3.24 11.9481
3.26 12.0023
3.28 11.9456
3.3 11.7824
3.32 11.5217
3.34 11.1752
3.36 10.7607
3.38 10.299
3.4 9.80703
3.42 9.29783
3.44 8.78796
3.46 8.30088
3.48 7.85782
3.5 7.47044
3.52 7.14558
3.54 6.88937
3.56 6.70577
3.58 6.59761
3.6 6.56931
3.62 6.62659
3.64 6.76605
3.66 6.96268
3.68 7.1878
3.7 7.42813
3.72 7.67048
3.74 7.89401
3.76 8.08193
3.78 8.22549
3.8 8.31962
3.82 8.35816
3.84 8.33647
3.86 8.25353
3.88 8.10794
3.9 7.89927
3.92 7.62905
3.94 7.29844
3.96 6.90763
3.98 6.4615
4 5.97569
4.02 5.46476
4.04 4.93385
4.06 4.38977
4.08 3.84487
4.1 3.31038
4.12 2.79565
4.14 2.31134
4.16 1.86734
4.18 1.46482
4.2 1.09141
4.22 0.732319
4.24 0.380613
4.26 0.0311614
4.28 -0.322016
4.3 -0.68134
4.32 -1.0378
4.34 -1.37139
4.36 -1.67025
4.38 -1.9353
4.4 -2.16931
4.42 -2.37618
4.44 -2.56126
4.46 -2.72439
4.48 -2.85577
4.5 -2.95201
4.52 -3.02497
4.54 -3.08295
4.56 -3.12487
4.58 -3.1481
4.6 -3.15187
4.62 -3.13791
4.64 -3.10309
4.66 -3.03957
4.68 -2.94496
4.7 -2.81993
4.72 -2.66246
4.74 -2.47067
4.76 -2.24434
4.78 -1.98942
4.8 -1.7202
4.82 -1.44647
4.84 -1.16875
4.86 -0.887735
4.88 -0.606826
4.9 -0.328974
4.92 -0.0583082
4.94 0.197498
4.96 0.431812
4.98 0.640821
5 0.81715
5.02 0.949338
5.04 1.02636
5.06 1.04532
5.08 1.02182
5.1 0.977439
5.12 0.92036
5.14 0.852632
5.16 0.779333
5.18 0.706638
5.2 0.641238
5.22 0.590753
5.24 0.556414
5.26 0.524801
5.28 0.482838
5.3 0.432785
5.32 0.38547
5.34 0.351923
5.36 0.337874
5.38 0.342383
5.4 0.361589
5.42 0.392097
5.44 0.435298
5.46 0.496065
5.48 0.575689
5.5 0.671488
5.52 0.780554
5.54 0.899409
5.56 1.02208
5.58 1.14186
5.6 1.25412
5.62 1.35565
5.64 1.44588
5.66 1.52684
5.68 1.59712
5.7 1.65294
5.72 1.69305
5.74 1.71672
5.76 1.72217
5.78 1.70698
5.8 1.66924
5.82 1.61092
5.84 1.53576
5.86 1.44456
5.88 1.33696
5.9 1.2129
5.92 1.07487
5.94 0.932343
5.96 0.796665
5.98 0.676216
6 0.579174
6.02 0.510635
6.04 0.471574
6.06 0.465023
6.08 0.492419
6.1 0.548478
6.12 0.629271
6.14 0.735085
6.16 0.864531
6.18 1.00775
6.2 1.14676
6.22 1.26773
6.24 1.36226
6.26 1.42058
6.28 1.43464
6.3 1.40418
6.32 1.33728
6.34 1.2429
6.36 1.12709
6.38 0.996391
6.4 0.85712
6.42 0.713821
6.44 0.571093
6.46 0.432591
6.48 0.297015
6.5 0.157193
6.52 0.00561639
6.54 -0.163189
6.56 -0.350808
6.58 -0.549816
6.6 -0.752478
6.62 -0.958305
6.64 -1.16361
6.66 -1.35627
6.68 -1.52496
6.7 -1.66578
6.72 -1.78332
6.74 -1.88844
6.76 -1.98908
6.78 -2.08477
6.8 -2.17083
6.82 -2.2442
6.84 -2.30334
6.86 -2.34537
6.88 -2.36841
6.9 -2.37408
6.92 -2.36679
6.94 -2.35133
6.96 -2.32871
6.98 -2.29522
7 -2.2463
7.02 -2.18127
7.04 -2.10286
7.06 -2.01323
7.08 -1.91352
7.1 -1.80353
7.12 -1.6818
7.14 -1.54855
7.16 -1.40535
7.18 -1.25271
7.2 -1.09026
7.22 -0.917689
7.24 -0.73509
7.26 -0.545085
7.28 -0.355411
7.3 -0.173701
7.32 -0.000882528
7.34 0.165872
7.36 0.327847
7.38 0.484424
7.4 0.634815
7.42 0.777363
7.44 0.909364
7.46 1.02833
7.48 1.13095
7.5 1.21443
7.52 1.27815
7.54 1.32061
7.56 1.3392
7.58 1.33446
7.6 1.31147
7.62 1.27708
7.64 1.23722
7.66 1.19821
7.68 1.16537
7.7 1.13881
7.72 1.11491
7.74 1.09077
7.76 1.06837
7.78 1.05301
7.8 1.04717
7.82 1.05028
7.84 1.05919
7.86 1.0667
7.88 1.0663
7.9 1.05617
7.92 1.03617
7.94 1.00664
7.96 0.96927
7.98 0.925616
8 0.876919
8.02 0.826372
8.04 0.778767
8.06 0.737382
8.08 0.70331
8.1 0.677539
8.12 0.661382
8.14 0.655285
8.16 0.658995
8.18 0.673369
8.2 0.701082
8.22 0.743294
8.24 0.793374
8.26 0.840439
8.28 0.880055
8.3 0.913781
8.32 0.944431
8.34 0.974844
8.36 1.005
8.38 1.03253
8.4 1.0568
8.42 1.07909
8.44 1.09888
8.46 1.11043
8.48 1.10804
8.5 1.09286
8.52 1.06922
8.54 1.04037
8.56 1.00978
8.58 0.981646
8.6 0.960657
8.62 0.950611
8.64 0.95046
8.66 0.957986
8.68 0.975298
8.7 1.00466
8.72 1.04534
8.74 1.0949
8.76 1.14968
8.78 1.20591
8.8 1.26003
8.82 1.30738
8.84 1.34205
8.86 1.35699
8.88 1.34844
8.9 1.31986
8.92 1.27556
8.94 1.21934
8.96 1.15638
8.98 1.08843
9 1.01525
9.02 0.937991
9.04 0.857108
9.06 0.773926
9.08 0.693075
9.1 0.617297
9.12 0.544629
9.14 0.473758
9.16 0.404793
9.18 0.335553
9.2 0.263388
9.22 0.187666
9.24 0.109536
9.26 0.031672
9.28 -0.0426252
9.3 -0.109293
9.32 -0.163619
9.34 -0.201708
9.36 -0.220707
9.38 -0.220045
9.4 -0.202597
9.42 -0.171591
9.44 -0.127509
9.46 -0.0700644
9.48 -0.0027893
9.5 0.0675902
9.52 0.136581
9.54 0.202503
9.56 0.262789
9.58 0.317415
9.6 0.373104
9.62 0.434323
9.64 0.495705
9.66 0.548329
9.68 0.58672
9.7 0.607913
9.72 0.611269
9.74 0.601555
9.76 0.581322
9.78 0.544928
9.8 0.489867
9.82 0.420336
9.84 0.341279
9.86 0.260362
9.88 0.186571
9.9 0.12554
9.92 0.0795279
9.94 0.0465215
9.96 0.0231968
9.98 0.010812
10 0.0136764
10.02 0.0343277
10.04 0.072666
10.06 0.12705
10.08 0.193404
10.1 0.265295
10.12 0.336487
10.14 0.401152
10.16 0.454793
10.18 0.496747
10.2 0.527714
10.22 0.546735
10.24 0.552217
10.26 0.543324
10.28 0.520699
10.3 0.487156
10.32 0.447247
10.34 0.405205
10.36 0.364012
10.38 0.325941
10.4 0.292592
10.42 0.265857
10.44 0.24851
10.46 0.242328
10.48 0.24752
10.5 0.264336
10.52 0.293275
10.54 0.332963
10.56 0.3779
10.58 0.422138
10.6 0.464718
10.62 0.506883
10.64 0.54811
10.66 0.587483
10.68 0.623776
10.7 0.653571
10.72 0.673464
10.74 0.682679
10.76 0.681047
10.78 0.668891
10.8 0.64944
10.82 0.626756
10.84 0.6032
10.86 0.579059
10.88 0.551805
10.9 0.519095
10.92 0.482031
10.94 0.443
10.96 0.403739
10.98 0.365742
11 0.32982
11.02 0.295721
11.04 0.263204
11.06 0.233206
11.08 0.207461
11.1 0.187677
11.12 0.176233
11.14 0.176292
11.16 0.190071
11.18 0.217876
11.2 0.258744
11.22 0.311395
11.24 0.373156
11.26 0.438778
11.28 0.502765
11.3 0.56151
11.32 0.612818
11.34 0.65507
11.36 0.686475
11.38 0.70516
11.4 0.711368
11.42 0.708031
11.44 0.697614
11.46 0.680667
11.48 0.657415
11.5 0.628524
11.52 0.595047
11.54 0.558881
11.56 0.522774
11.58 0.489664
11.6 0.462302
11.62 0.443133
11.64 0.433818
11.66 0.434791
11.68 0.445333
11.7 0.463707
11.72 0.487724
11.74 0.515513
11.76 0.544722
11.78 0.571651
11.8 0.592128
11.82 0.602618
11.84 0.601159
11.86 0.587678
11.88 0.563133
11.9 0.530082
11.92 0.493636
11.94 0.459113
11.96 0.42963
11.98 0.406396
12 0.389435
12.02 0.378511
12.04 0.374015
12.06 0.376368
12.08 0.385468
12.1 0.40057
12.12 0.419941
12.14 0.442483
12.16 0.469033
12.18 0.500174
12.2 0.534661
12.22 0.570175
12.24 0.603638
12.26 0.631571
12.28 0.650977
12.3 0.659539
12.32 0.655624
12.34 0.638709
12.36 0.609761
12.38 0.571375
12.4 0.527305
12.42 0.481563
12.44 0.437839
12.46 0.399035
12.48 0.367208
12.5 0.344204
12.52 0.331663
12.54 0.330341
12.56 0.340026
12.58 0.360262
12.6 0.390668
12.62 0.430638
12.64 0.478795
12.66 0.532115
12.68 0.586607
12.7 0.638921
12.72 0.686492
12.74 0.727192
12.76 0.759237
12.78 0.781005
12.8 0.791864
12.82 0.793499
12.84 0.788682
12.86 0.778675
12.88 0.763169
12.9 0.742063
12.92 0.71651
12.94 0.688191
12.96 0.658187
12.98 0.627198
13 0.596009
13.02 0.565268
13.04 0.535502
13.06 0.507718
13.08 0.483501
13.1 0.464296
13.12 0.451192
13.14 0.445057
13.16 0.446124
13.18 0.453522
13.2 0.465828
13.22 0.482305
13.24 0.502986
13.26 0.527723
13.28 0.555174
13.3 0.582611
13.32 0.607336
13.34 0.627946
13.36 0.644382
13.38 0.657582
13.4 0.668371
13.42 0.676508
13.44 0.681518
13.46 0.683172
13.48 0.68069
13.5 0.673186
13.52 0.66085
13.54 0.644683
13.56 0.625498
13.58 0.603702
13.6 0.579528
13.62 0.553435
13.64 0.526468
13.66 0.500037
13.68 0.475215
13.7 0.452469
13.72 0.432138
13.74 0.414998
13.76 0.402556
13.78 0.396752
13.8 0.399136
13.82 0.410238
13.84 0.429565
13.86 0.455684
13.88 0.486254
13.9 0.518839
13.92 0.551733
13.94 0.583983
13.96 0.615176
13.98 0.645011
14 0.672897
14.02 0.698732
14.04 0.723726
14.06 0.749354
14.08 0.776207
14.1 0.803736
14.12 0.829399
14.14 0.849256
14.16 0.860746
14.18 0.863595
14.2 0.858033
14.22 0.843342
14.24 0.818422
14.26 0.783229
14.28 0.739314
14.3 0.689232
14.32 0.635343
14.34 0.578912
14.36 0.520709
14.38 0.46217
14.4 0.405102
14.42 0.35073
14.44 0.299748
14.46 0.253181
14.48 0.212599
14.5 0.179867
14.52 0.157054
14.54 0.145945
14.56 0.147487
14.58 0.161381
14.6 0.186316
14.62 0.221333
14.64 0.266514
14.66 0.321804
14.68 0.385559
14.7 0.453475
14.72 0.5196
14.74 0.57967
14.76 0.632386
14.78 0.677776
14.8 0.715029
14.82 0.742347
14.84 0.759104
14.86 0.766281
14.88 0.764265
14.9 0.752583
14.92 0.732493
14.94 0.706955
14.96 0.678104
14.98 0.646993
15 0.614706
15.02 0.582422
15.04 0.5508
15.06 0.519887
15.08 0.489904
15.1 0.461557
15.12 0.436175
15.14 0.416167
15.16 0.404076
15.18 0.401086
15.2 0.407172
15.22 0.421757
15.24 0.44332
15.26 0.469428
15.28 0.497458
15.3 0.524815
15.32 0.549327
15.34 0.5699
15.36 0.586484
15.38 0.599635
15.4 0.610233
15.42 0.619297
15.44 0.627572
15.46 0.634955
15.48 0.640335
15.5 0.64243
15.52 0.641147
15.54 0.637449
15.56 0.632353
15.58 0.627023
15.6 0.622782
15.62 0.6203
15.64 0.61916
15.66 0.618087
15.68 0.615916
15.7 0.612638
15.72 0.609284
15.74 0.607229
15.76 0.607486
15.78 0.610209
15.8 0.615076
15.82 0.621569
15.84 0.628553
15.86 0.634532
15.88 0.638566
15.9 0.640508
15.92 0.640685
15.94 0.639784
15.96 0.638864
15.98 0.638971
16 0.640529
16.02 0.643496
16.04 0.647568
16.06 0.651959
16.08 0.655911
16.1 0.659097
16.12 0.660892
16.14 0.660068
16.16 0.655835
16.18 0.648862
16.2 0.64071
16.22 0.632487
16.24 0.624451
16.26 0.615858
16.28 0.605405
16.3 0.5931
16.32 0.58071
16.34 0.569712
16.36 0.560051
16.38 0.551057
16.4 0.542492
16.42 0.534286
16.44 0.526079
16.46 0.517403
16.48 0.507735
16.5 0.496074
16.52 0.480749
16.54 0.460281
16.56 0.434705
16.58 0.405707
16.6 0.375384
16.62 0.345259
16.64 0.31614
16.66 0.288571
16.68 0.26512
16.7 0.252021
16.72 0.255891
16.74 0.281148
16.76 0.331061
16.78 0.407173
16.8 0.508414
16.82 0.632262
16.84 0.773817
16.86 0.922554
16.88 1.06733
16.9 1.20433
16.92 1.3325
16.94 1.44786
16.96 1.54655
16.98 1.62679
17 1.68739
17.02 1.72756
17.04 1.74674
17.06 1.74389
17.08 1.71794
17.1 1.66829
17.12 1.59406
17.14 1.49503
17.16 1.37417
17.18 1.23757
17.2 1.09037
17.22 0.934686
17.24 0.773143
17.26 0.610088
17.28 0.4484
17.3 0.289378
17.32 0.135266
17.34 -0.0100829
17.36 -0.141494
17.38 -0.253015
17.4 -0.339097
17.42 -0.395071
17.44 -0.416786
17.46 -0.401649
17.48 -0.350755
17.5 -0.268544
17.52 -0.159898
17.54 -0.0295762
17.56 0.115034
17.58 0.264528
17.6 0.411471
17.62 0.550388
17.64 0.676075
17.66 0.78455
17.68 0.873654
17.7 0.941949
17.72 0.987567
17.74 1.00838
17.76 1.00348
17.78 0.973987
17.8 0.922333
17.82 0.851621
17.84 0.766847
17.86 0.674751
17.88 0.581019
17.9 0.489415
17.92 0.403232
17.94 0.326057
17.96 0.261903
17.98 0.214797
18 0.187463
18.02 0.180641
18.04 0.193742
18.06 0.225471
18.08 0.272838
18.1 0.329967
18.12 0.390315
18.14 0.449619
18.16 0.505406
18.18 0.555639
18.2 0.598222
18.22 0.6301
18.24 0.646931
18.26 0.644202
18.28 0.618945
18.3 0.571182
18.32 0.505466
18.34 0.43204
18.36 0.362666
18.38 0.30525
18.4 0.265442
18.42 0.248725
18.44 0.259265
18.46 0.299688
18.48 0.368222
18.5 0.455894
18.52 0.552806
18.54 0.654149
18.56 0.756949
18.58 0.857151
18.6 0.950179
18.62 1.03127
18.64 1.09684
18.66 1.1451
18.68 1.17453
18.7 1.18309
18.72 1.16888
18.74 1.13095
18.76 1.06908
18.78 0.98366
18.8 0.878453
18.82 0.763689
18.84 0.651188
18.86 0.548929
18.88 0.463866
18.9 0.402847
18.92 0.370005
18.94 0.367707
18.96 0.397211
18.98 0.456937
19 0.541386
19.02 0.642771
19.04 0.754196
19.06 0.869082
19.08 0.980083
19.1 1.0818
19.12 1.17139
19.14 1.24582
19.16 1.3018
19.18 1.3377
19.2 1.3525
19.22 1.34365
19.24 1.30832
19.26 1.24689
19.28 1.16412
19.3 1.06579
19.32 0.957008
19.34 0.84269
19.36 0.726454
19.38 0.610603
19.4 0.497512
19.42 0.389774
19.44 0.290658
19.46 0.204999
19.48 0.137834
19.5 0.0922672
19.52 0.0691584
19.54 0.068066
19.56 0.0883578
19.58 0.129097
19.6 0.187035
19.62 0.257227
19.64 0.337595
19.66 0.428051
19.68 0.524813
19.7 0.620933
19.72 0.710677
19.74 0.790864
19.76 0.860538
19.78 0.919693
19.8 0.966662
19.82 0.998629
19.84 1.01451
19.86 1.01569
19.88 1.00594
19.9 0.989862
19.92 0.970535
19.94 0.950234
19.96 0.930833
19.98 0.912528
20 0.894902
20.02 0.878496
20.04 0.864493
20.06 0.854149
20.08 0.84698
20.1 0.837996
20.12 0.820142
20.14 0.790066
20.16 0.750739
20.18 0.709303
20.2 0.670088
20.22 0.631677
20.24 0.592148
20.26 0.552646
20.28 0.514771
20.3 0.478328
20.32 0.444552
20.34 0.417116
20.36 0.397536
20.38 0.385879
20.4 0.384638
20.42 0.397098
20.44 0.425412
20.46 0.470917
20.48 0.533303
20.5 0.608504
20.52 0.690024
20.54 0.77143
20.56 0.846602
20.58 0.914938
20.6 0.980826
20.62 1.04211
20.64 1.09066
20.66 1.12094
20.68 1.12869
20.7 1.11323
20.72 1.08214
20.74 1.042
20.76 0.992597
20.78 0.934734
20.8 0.872038
20.82 0.805716
20.84 0.735382
20.86 0.663453
20.88 0.596304
20.9 0.540738
20.92 0.500965
20.94 0.479808
20.96 0.479337
20.98 0.500673
21 0.542395
21.02 0.598004
21.04 0.660508
21.06 0.727214
21.08 0.797267
21.1 0.868847
21.12 0.938079
21.14 0.999949
21.16 1.05207
21.18 1.09495
21.2 1.12758
21.22 1.14664
21.24 1.14907
21.26 1.13303
21.28 1.09831
21.3 1.04637
21.32 0.980645
21.34 0.907986
21.36 0.837157
21.38 0.774361
21.4 0.724328
21.42 0.69044
21.44 0.669872
21.46 0.659161
21.48 0.660594
21.5 0.674222
21.52 0.694555
21.54 0.716057
21.56 0.733526
21.58 0.742041
21.6 0.740839
21.62 0.73378
21.64 0.724381
21.66 0.713528
21.68 0.701704
21.7 0.691246
21.72 0.686627
21.74 0.691278
21.76 0.703908
21.78 0.720068
21.8 0.737305
21.82 0.755896
21.84 0.775442
21.86 0.794167
21.88 0.810949
21.9 0.825938
21.92 0.840117
21.94 0.855018
21.96 0.871753
21.98 0.890674
22 0.912098
22.02 0.93651
22.04 0.964301
22.06 0.994618
22.08 1.02387
22.1 1.04742
22.12 1.06237
22.14 1.06736
22.16 1.06212
22.18 1.04752
22.2 1.02464
22.22 0.994595
22.24 0.959231
22.26 0.920526
22.28 0.880178
22.3 0.840017
22.32 0.802127
22.34 0.768993
22.36 0.743093
22.38 0.726268
22.4 0.719861
22.42 0.724685
22.44 0.74051
22.46 0.76626
22.48 0.800744
22.5 0.842067
22.52 0.886925
22.54 0.93172
22.56 0.973646
22.58 1.01079
22.6 1.04199
22.62 1.06643
22.64 1.08329
22.66 1.0919
22.68 1.09184
22.7 1.08283
22.72 1.06491
22.74 1.0387
22.76 1.00512
22.78 0.964934
22.8 0.91913
22.82 0.869566
22.84 0.818982
22.86 0.770196
22.88 0.725417
22.9 0.686209
22.92 0.653628
22.94 0.628668
22.96 0.612537
22.98 0.60631
23 0.610381
23.02 0.624138
23.04 0.646134
23.06 0.674471
23.08 0.70697
23.1 0.741523
23.12 0.77676
23.14 0.811929
23.16 0.846031
23.18 0.877846
23.2 0.906873
23.22 0.933529
23.24 0.958356
23.26 0.981648
23.28 1.0037
23.3 1.02457
23.32 1.04364
23.34 1.05991
23.36 1.07234
23.38 1.07975
23.4 1.08041
23.42 1.07225
23.44 1.05421
23.46 1.02717
23.48 0.993377
23.5 0.954987
23.52 0.91347
23.54 0.870264
23.56 0.827362
23.58 0.787173
23.6 0.751993
23.62 0.723467
23.64 0.702501
23.66 0.689452
23.68 0.684549
23.7 0.68843
23.72 0.701547
23.74 0.72316
23.76 0.751602
23.78 0.78503
23.8 0.821733
23.82 0.860341
23.84 0.899576
23.86 0.937618
23.88 0.972267
23.9 1.0019
23.92 1.02606
23.94 1.04478
23.96 1.05732
23.98 1.06259
24 1.06033
24.02 1.05179
24.04 1.03959
24.06 1.02598
24.08 1.0116
24.1 0.996139
24.12 0.97887
24.14 0.959295
24.16 0.938275
24.18 0.917298
24.2 0.896736
24.22 0.876201
24.24 0.855901
24.26 0.836845
24.28 0.820704
24.3 0.809136
24.32 0.802682
24.34 0.800403
24.36 0.800663
24.38 0.802388
24.4 0.805363
24.42 0.809916
24.44 0.816839
24.46 0.826986
24.48 0.840445
24.5 0.856356
24.52 0.873639
24.54 0.891406
24.56 0.90906
24.58 0.926484
24.6 0.943685
24.62 0.960329
24.64 0.976039
24.66 0.990746
24.68 1.0043
24.7 1.01585
24.72 1.02399
24.74 1.02766
24.76 1.02672
24.78 1.02177
24.8 1.014
24.82 1.0045
24.84 0.994064
24.86 0.983424
24.88 0.97308
24.9 0.963191
24.92 0.954045
24.94 0.946102
24.96 0.939656
24.98 0.93484
25 0.931705
25.02 0.930193
25.04 0.930236
25.06 0.931821
25.08 0.934804
25.1 0.938725
25.12 0.943153
25.14 0.948049
25.16 0.953411
25.18 0.958924
25.2 0.964027
25.22 0.967982
25.24 0.970033
25.26 0.969534
25.28 0.965836
25.3 0.958286
25.32 0.946462
25.34 0.930801
25.36 0.912868
25.38 0.894439
25.4 0.876584
25.42 0.859915
25.44 0.845051
25.46 0.832533
25.48 0.822646
25.5 0.815487
25.52 0.811289
25.54 0.810513
25.56 0.813645
25.58 0.821066
25.6 0.832974
25.62 0.849374
25.64 0.870008
25.66 0.894208
25.68 0.920832
25.7 0.948421
25.72 0.975646
25.74 1.00141
25.76 1.02446
25.78 1.04359
25.8 1.05795
25.82 1.06702
25.84 1.07059
25.86 1.06898
25.88 1.06268
25.9 1.05188
25.92 1.03659
25.94 1.01712
25.96 0.994194
25.98 0.968655
26 0.941146
26.02 0.912185
26.04 0.882373
26.06 0.852625
26.08 0.824297
26.1 0.798696
26.12 0.776476
26.14 0.757858
26.16 0.7432
26.18 0.733102
26.2 0.728241
26.22 0.729172
26.24 0.736078
26.26 0.748807
26.28 0.767058
26.3 0.790236
26.32 0.817418
26.34 0.847561
26.36 0.879452
26.38 0.911673
26.4 0.942877
26.42 0.971929
26.44 0.997846
26.46 1.0199
26.48 1.03791
26.5 1.05211
26.52 1.06248
26.54 1.06859
26.56 1.07006
26.58 1.06712
26.6 1.06067
26.62 1.05175
26.64 1.04093
26.66 1.02831
26.68 1.01396
26.7 0.99825
26.72 0.981659
26.74 0.964544
26.76 0.947222
26.78 0.929929
26.8 0.912934
26.82 0.896687
26.84 0.881555
26.86 0.867803
26.88 0.855703
26.9 0.84545
26.92 0.837407
26.94 0.832285
26.96 0.830868
26.98 0.833561
27 0.840113
27.02 0.850049
27.04 0.863172
27.06 0.879251
27.08 0.897575
27.1 0.917087
27.12 0.936847
27.14 0.956286
27.16 0.974995
27.18 0.99238
27.2 1.00762
27.22 1.01992
27.24 1.02874
27.26 1.03385
27.28 1.0352
27.3 1.03289
27.32 1.02715
27.34 1.01844
27.36 1.0075
27.38 0.995183
27.4 0.982182
27.42 0.968953
27.44 0.956048
27.46 0.944208
27.48 0.933913
27.5 0.925234
27.52 0.917946
27.54 0.911553
27.56 0.905564
27.58 0.899689
27.6 0.89382
27.62 0.88796
27.64 0.882078
27.66 0.876198
27.68 0.870608
27.7 0.865809
27.72 0.862535
27.74 0.861811
27.76 0.864769
27.78 0.872237
27.8 0.884469
27.82 0.901223
27.84 0.921925
27.86 0.945666
27.88 0.971123
27.9 0.996764
27.92 1.02116
27.94 1.04308
27.96 1.06166
27.98 1.07637
28 1.08673
28.02 1.09237
28.04 1.09314
28.06 1.08894
28.08 1.0797
28.1 1.06552
28.12 1.04691
28.14 1.0249
28.16 1.00053
28.18 0.974625
28.2 0.948339
28.22 0.92313
28.24 0.900374
28.26 0.88141
28.28 0.86753
28.3 0.859713
28.32 0.858534
28.34 0.864055
28.36 0.874817
28.38 0.88776
28.4 0.900365
28.42 0.912134
28.44 0.923752
28.46 0.935291
28.48 0.945982
28.5 0.955343
28.52 0.963534
28.54 0.971164
28.56 0.978971
28.58 0.987258
28.6 0.995488
28.62 1.00246
28.64 1.00722
28.66 1.00997
28.68 1.01156
28.7 1.01259
28.72 1.01305
28.74 1.01231
28.76 1.00919
28.78 1.00292
28.8 0.99408
28.82 0.983875
28.84 0.972835
28.86 0.961047
28.88 0.949064
28.9 0.93783
28.92 0.928351
28.94 0.921637
28.96 0.918372
28.98 0.918479
29 0.921103
29.02 0.925302
29.04 0.930982
29.06 0.938731
29.08 0.948671
29.1 0.960022
29.12 0.971594
29.14 0.982258
29.16 0.991119
29.18 0.997562
29.2 1.00126
29.22 1.00216
29.24 1.00025
29.26 0.99542
29.28 0.987866
29.3 0.978326
29.32 0.967497
29.34 0.955701
29.36 0.943267
29.38 0.930967
29.4 0.919898
29.42 0.910924
29.44 0.904402
29.46 0.900408
29.48 0.899015
29.5 0.900284
29.52 0.904141
29.54 0.910222
29.56 0.917637
29.58 0.925263
29.6 0.932523
29.62 0.939495
29.64 0.946195
29.66 0.952211
29.68 0.957109
29.7 0.960639
29.72 0.962663
29.74 0.963179
29.76 0.962326
29.78 0.960471
29.8 0.958067
29.82 0.955473
29.84 0.953118
29.86 0.951511
29.88 0.950996
29.9 0.951732
29.92 0.953916
29.94 0.957764
29.96 0.963191
29.98 0.969637
30 0.976105
30.02 0.981426
30.04 0.984677
30.06 0.985352
30.08 0.983157
30.1 0.978011
30.12 0.970342
30.14 0.961102
30.16 0.951449
30.18 0.94242
30.2 0.93481
30.22 0.929068
30.24 0.925349
30.26 0.923841
30.28 0.924898
30.3 0.928858
30.32 0.935885
30.34 0.945735
30.36 0.957699
30.38 0.970919
30.4 0.984479
30.42 0.997375
30.44 1.00845
30.46 1.01639
30.48 1.02014
30.5 1.01938
30.52 1.01455
30.54 1.00647
30.56 0.995892
30.58 0.983505
30.6 0.970108
30.62 0.956657
30.64 0.944224
30.66 0.933815
30.68 0.926121
30.7 0.921525
30.72 0.920194
30.74 0.921822
30.76 0.925685
30.78 0.931232
30.8 0.938098
30.82 0.945797
30.84 0.953901
30.86 0.962146
30.88 0.970318
30.9 0.978444
30.92 0.986834
30.94 0.995639
30.96 1.00452
30.98 1.01288
31 1.02002
31.02 1.02517
31.04 1.02775
31.06 1.02749
31.08 1.02414
31.1 1.01749
31.12 1.00779
31.14 0.995877
31.16 0.982809
31.18 0.969454
31.2 0.956436
31.22 0.94422
31.24 0.933254
31.26 0.924085
31.28 0.91717
31.3 0.91268
31.32 0.910638
31.34 0.91112
31.36 0.914222
31.38 0.919841
31.4 0.927721
31.42 0.937704
31.44 0.949526
31.46 0.962586
31.48 0.976192
31.5 0.989607
31.52 1.0019
31.54 1.01219
31.56 1.01991
31.58 1.0247
31.6 1.02635
31.62 1.02485
31.64 1.02028
31.66 1.01269
31.68 1.00218
31.7 0.989026
31.72 0.973661
31.74 0.95673
31.76 0.939058
31.78 0.921494
31.8 0.904839
31.82 0.88978
31.84 0.87685
31.86 0.866661
31.88 0.859977
31.9 0.857393
31.92 0.859116
31.94 0.865066
31.96 0.875083
31.98 0.888961
32 0.906261
32.02 0.926181
32.04 0.947617
32.06 0.96937
32.08 0.990324
32.1 1.00954
32.12 1.02626
32.14 1.03972
32.16 1.04933
32.18 1.05479
32.2 1.05608
32.22 1.05322
32.24 1.04633
32.26 1.03566
32.28 1.02165
32.3 1.0049
32.32 0.98605
32.34 0.965684
32.36 0.944457
32.38 0.923129
32.4 0.902416
32.42 0.882993
32.44 0.865552
32.46 0.850748
32.48 0.83922
32.5 0.831468
32.52 0.827661
32.54 0.827842
32.56 0.83219
32.58 0.840822
32.6 0.853526
32.62 0.869868
32.64 0.889431
32.66 0.911815
32.68 0.936476
32.7 0.962651
32.72 0.989369
32.74 1.0155
32.76 1.03977
32.78 1.06089
32.8 1.0779
32.82 1.09027
32.84 1.09783
32.86 1.10074
32.88 1.09942
32.9 1.09457
32.92 1.08692
32.94 1.07698
32.96 1.06508
32.98 1.05148
33 1.03641
33.02 1.02007
33.04 1.00273
33.06 0.984851
33.08 0.967011
33.1 0.949763
33.12 0.933533
33.14 0.918727
33.16 0.905863
33.18 0.895443
33.2 0.887879
33.22 0.883607
33.24 0.882963
33.26 0.886011
33.28 0.892531
33.3 0.901979
33.32 0.913701
33.34 0.927342
33.36 0.942845
33.38 0.960013
33.4 0.978229
33.42 0.996587
33.44 1.01427
33.46 1.03074
33.48 1.04547
33.5 1.05779
33.52 1.06707
33.54 1.07282
33.56 1.07477
33.58 1.07306
33.6 1.06812
33.62 1.06034
33.64 1.04995
33.66 1.03713
33.68 1.022
33.7 1.00482
33.72 0.986175
33.74 0.966799
33.76 0.947415
33.78 0.928912
33.8 0.91246
33.82 0.899178
33.84 0.889832
33.86 0.884906
33.88 0.884715
33.9 0.889365
33.92 0.898756
33.94 0.912546
33.96 0.93013
33.98 0.950805
34 0.973835
34.02 0.998301
34.04 1.02309
34.06 1.04715
34.08 1.06943
34.1 1.08883
34.12 1.10448
34.14 1.11583
34.16 1.12242
34.18 1.12395
34.2 1.12043
34.22 1.11211
34.24 1.09939
34.26 1.08271
34.28 1.0627
34.3 1.04025
34.32 1.01642
34.34 0.992131
34.36 0.968268
34.38 0.945905
34.4 0.926276
34.42 0.910398
34.44 0.898986
34.46 0.89249
34.48 0.891058
34.5 0.894454
34.52 0.902073
34.54 0.91309
34.56 0.926619
34.58 0.941885
34.6 0.95836
34.62 0.975735
34.64 0.99368
34.66 1.01163
34.68 1.02884
34.7 1.04451
34.72 1.05791
34.74 1.06837
34.76 1.07532
34.78 1.07846
34.8 1.07781
34.82 1.07367
34.84 1.06647
34.86 1.05689
34.88 1.04556
34.9 1.03303
34.92 1.01989
34.94 1.00692
34.96 0.994868
34.98 0.984364
35 0.975762
35.02 0.969094
35.04 0.964309
35.06 0.961349
35.08 0.959988
35.1 0.959873
35.12 0.960692
35.14 0.962109
35.16 0.963665
35.18 0.965011
35.2 0.966107
35.22 0.967213
35.24 0.968735
35.26 0.970987
35.28 0.974048
35.3 0.97785
35.32 0.982379
35.34 0.987605
35.36 0.993263
35.38 0.999034
35.4 1.00482
35.42 1.01068
35.44 1.01668
35.46 1.02274
35.48 1.02857
35.5 1.0338
35.52 1.03795
35.54 1.04047
35.56 1.04094
35.58 1.03908
35.6 1.03455
35.62 1.02713
35.64 1.01698
35.66 1.00468
35.68 0.990964
35.7 0.976554
35.72 0.962172
35.74 0.948568
35.76 0.936239
35.78 0.92564
35.8 0.917694
35.82 0.913315
35.84 0.912637
35.86 0.91534
35.88 0.92118
35.9 0.929727
35.92 0.940303
35.94 0.952622
35.96 0.967072
35.98 0.983845
36 1.00209
36.02 1.02051
36.04 1.03826
36.06 1.05478
36.08 1.06957
36.1 1.08253
36.12 1.09382
36.14 1.10304
36.16 1.10911
36.18 1.11142
36.2 1.11043
36.22 1.10674
36.24 1.10051
36.26 1.09167
36.28 1.07977
36.3 1.06431
36.32 1.04527
36.34 1.02303
36.36 0.998477
36.38 0.972902
36.4 0.94772
36.42 0.924429
36.44 0.904489
36.46 0.88866
36.48 0.877068
36.5 0.870473
36.52 0.870533
36.54 0.878391
36.56 0.893805
36.58 0.915718
36.6 0.942963
36.62 0.974176
36.64 1.00742
36.66 1.04071
36.68 1.07264
36.7 1.10157
36.72 1.12528
36.74 1.14247
36.76 1.15374
36.78 1.1603
36.8 1.16186
36.82 1.15726
36.84 1.14632
36.86 1.12997
36.88 1.10903
36.9 1.08373
36.92 1.05433
36.94 1.02164
36.96 0.987143
36.98 0.95352
37 0.923666
37.02 0.898908
37.04 0.879685
37.06 0.867198
37.08 0.862827
37.1 0.866631
37.12 0.877592
37.14 0.894425
37.16 0.915605
37.18 0.939452
37.2 0.964412
37.22 0.988748
37.24 1.01009
37.26 1.02665
37.28 1.03887
37.3 1.04831
37.32 1.05558
37.34 1.06015
37.36 1.06128
37.38 1.05858
37.4 1.05219
37.42 1.0428
37.44 1.0315
37.46 1.01937
37.48 1.00754
37.5 0.997082
37.52 0.988686
37.54 0.982591
37.56 0.979276
37.58 0.979681
37.6 0.984332
37.62 0.992688
37.64 1.00334
37.66 1.01455
37.68 1.02511
37.7 1.03498
37.72 1.04429
37.74 1.05246
37.76 1.05879
37.78 1.06296
37.8 1.06502
37.82 1.06455
37.84 1.06036
37.86 1.0514
37.88 1.03776
37.9 1.02032
37.92 1.00046
37.94 0.980017
37.96 0.960468
37.98 0.942611
38 0.927139
38.02 0.914929
38.04 0.906676
38.06 0.902761
38.08 0.903292
38.1 0.90812
38.12 0.917021
38.14 0.929587
38.16 0.945202
38.18 0.963425
38.2 0.984033
38.22 1.00686
38.24 1.03148
38.26 1.05677
38.28 1.08094
38.3 1.10207
38.32 1.11872
38.34 1.13027
38.36 1.13671
38.38 1.13804
38.4 1.13432
38.42 1.12605
38.44 1.11427
38.46 1.10023
38.48 1.08492
38.5 1.06868
38.52 1.05149
38.54 1.03333
38.56 1.01443
38.58 0.995191
38.6 0.97591
38.62 0.956864
38.64 0.93855
38.66 0.921721
38.68 0.907265
38.7 0.895993
38.72 0.888506
38.74 0.885349
38.76 0.887096
38.78 0.894136
38.8 0.906438
38.82 0.923487
38.84 0.944296
38.86 0.967474
38.88 0.991509
38.9 1.01513
38.92 1.03731
38.94 1.05712
38.96 1.07387
38.98 1.0874
39 1.09797
39.02 1.10605
39.04 1.11215
39.06 1.11677
39.08 1.1204
39.1 1.12346
39.12 1.12599
39.14 1.12735
39.16 1.12634
39.18 1.12188
39.2 1.11343
39.22 1.10108
39.24 1.08528
39.26 1.06666
39.28 1.04606
39.3 1.02446
39.32 1.00277
39.34 0.981801
39.36 0.962166
39.38 0.944265
39.4 0.928435
39.42 0.91522
39.44 0.905236
39.46 0.898868
39.48 0.896299
39.5 0.897741
39.52 0.903491
39.54 0.913725
39.56 0.928247
39.58 0.946452
39.6 0.967585
39.62 0.991092
39.64 1.01663
39.66 1.04377
39.68 1.07177
39.7 1.09976
39.72 1.12676
39.74 1.15163
39.76 1.17308
39.78 1.19001
39.8 1.20157
39.82 1.20715
39.84 1.20645
39.86 1.19949
39.88 1.18651
39.9 1.168
39.92 1.14473
39.94 1.11781
39.96 1.08862
39.98 1.05841
40 1.02817
40.02 0.998833
40.04 0.971315
40.06 0.946501
40.08 0.925063
40.1 0.90753
40.12 0.894567
40.14 0.886832
40.16 0.884656
40.18 0.888115
40.2 0.897064
40.22 0.910953
40.24 0.928919
40.26 0.949976
40.28 0.97303
40.3 0.996991
40.32 1.02092
40.34 1.04401
40.36 1.0656
40.38 1.08509
40.4 1.10207
40.42 1.11644
40.44 1.12834
40.46 1.13791
40.48 1.14523
40.5 1.15021
40.52 1.15265
40.54 1.15222
40.56 1.14837
40.58 1.14088
40.6 1.13011
40.62 1.11659
40.64 1.10065
40.66 1.08235
40.68 1.06164
40.7 1.03886
40.72 1.01476
40.74 0.990228
40.76 0.966026
40.78 0.942765
40.8 0.921106
40.82 0.902098
40.84 0.887088
40.86 0.877314
40.88 0.873603
40.9 0.876144
40.92 0.884613
40.94 0.898644
40.96 0.91787
40.98 0.941688
41 0.969334
41.02 0.999869
41.04 1.03203
41.06 1.06449
41.08 1.09602
41.1 1.12555
41.12 1.15216
41.14 1.17505
41.16 1.19343
41.18 1.20651
41.2 1.21357
41.22 1.21407
41.24 1.20782
41.26 1.19511
41.28 1.17651
41.3 1.1528
41.32 1.12498
41.34 1.09437
41.36 1.06235
41.38 1.03031
41.4 0.999604
41.42 0.97146
41.44 0.947086
41.46 0.927611
41.48 0.913904
41.5 0.906449
41.52 0.905398
41.54 0.910695
41.56 0.922121
41.58 0.939181
41.6 0.960955
41.62 0.986189
41.64 1.01355
41.66 1.04178
41.68 1.06977
41.7 1.09647
41.72 1.12083
41.74 1.14173
41.76 1.15813
41.78 1.16935
41.8 1.17504
41.82 1.17514
41.84 1.17008
41.86 1.16063
41.88 1.14772
41.9 1.13224
41.92 1.11516
41.94 1.09744
41.96 1.08002
41.98 1.06368
42 1.049
42.02 1.03625
42.04 1.02549
42.06 1.0166
42.08 1.00949
42.1 1.00416
42.12 1.00083
42.14 0.999744
42.16 1.00113
42.18 1.00499
42.2 1.01109
42.22 1.01907
42.24 1.02851
42.26 1.03891
42.28 1.04969
42.3 1.06017
42.32 1.06968
42.34 1.0777
42.36 1.08403
42.38 1.08873
42.4 1.09186
42.42 1.09364
42.44 1.09431
42.46 1.09405
42.48 1.09296
42.5 1.09109
42.52 1.08856
42.54 1.08553
42.56 1.08225
42.58 1.0789
42.6 1.0756
42.62 1.07247
42.64 1.06963
42.66 1.06713
42.68 1.06497
42.7 1.06317
42.72 1.0618
42.74 1.06093
42.76 1.06048
42.78 1.06021
42.8 1.05998
42.82 1.05981
42.84 1.05963
42.86 1.05917
42.88 1.05818
42.9 1.05652
42.92 1.05422
42.94 1.05142
42.96 1.04822
42.98 1.04465
43 1.04086
43.02 1.03724
43.04 1.03431
43.06 1.03253
43.08 1.03216
43.1 1.03329
43.12 1.03601
43.14 1.04036
43.16 1.04632
43.18 1.05372
43.2 1.06224
43.22 1.07139
43.24 1.0806
43.26 1.08929
43.28 1.09684
43.3 1.10269
43.32 1.10633
43.34 1.10733
43.36 1.10543
43.38 1.10058
43.4 1.09293
43.42 1.08296
43.44 1.07147
43.46 1.05935
43.48 1.04746
43.5 1.03665
43.52 1.02762
43.54 1.02089
43.56 1.01673
43.58 1.01518
43.6 1.01606
43.62 1.01906
43.64 1.02384
43.66 1.03011
43.68 1.03755
43.7 1.04577
43.72 1.05429
43.74 1.06276
43.76 1.07083
43.78 1.0782
43.8 1.08468
43.82 1.09018
43.84 1.09463
43.86 1.09784
43.88 1.09955
43.9 1.09954
43.92 1.09774
43.94 1.0942
43.96 1.08898
43.98 1.08219
44 1.07412
44.02 1.0652
44.04 1.05593
44.06 1.04686
44.08 1.03844
44.1 1.03102
44.12 1.02486
44.14 1.02023
44.16 1.01732
44.18 1.01617
44.2 1.01667
44.22 1.01863
44.24 1.02184
44.26 1.02607
44.28 1.03107
44.3 1.03655
44.32 1.0423
44.34 1.04824
44.36 1.05433
44.38 1.06048
44.4 1.06663
44.42 1.0728
44.44 1.07901
44.46 1.08527
44.48 1.09151
44.5 1.09741
44.52 1.10247
44.54 1.10622
44.56 1.10827
44.58 1.10831
44.6 1.10614
44.62 1.10171
44.64 1.09516
44.66 1.08683
44.68 1.07715
44.7 1.06659
44.72 1.05568
44.74 1.04499
44.76 1.0351
44.78 1.02651
44.8 1.01958
44.82 1.01451
44.84 1.01147
44.86 1.01065
44.88 1.0122
44.9 1.01613
44.92 1.02225
44.94 1.03023
44.96 1.03968
44.98 1.05016
45 1.06113
45.02 1.07205
45.04 1.08244
45.06 1.09198
45.08 1.10042
45.1 1.10749
45.12 1.11292
45.14 1.11654
45.16 1.11822
45.18 1.11784
45.2 1.11535
45.22 1.11086
45.24 1.1047
45.26 1.09742
45.28 1.08958
45.3 1.08163
45.32 1.07391
45.34 1.06672
45.36 1.06022
45.38 1.05439
45.4 1.04916
45.42 1.04452
45.44 1.04071
45.46 1.03797
45.48 1.0363
45.5 1.03567
45.52 1.03607
45.54 1.03746
45.56 1.03973
45.58 1.04276
45.6 1.04643
45.62 1.05066
45.64 1.05536
45.66 1.0603
45.68 1.06515
45.7 1.06969
45.72 1.07381
45.74 1.07741
45.76 1.08032
45.78 1.08232
45.8 1.08336
45.82 1.0836
45.84 1.08323
45.86 1.0824
45.88 1.08129
45.9 1.08009
45.92 1.07899
45.94 1.07818
45.96 1.07779
45.98 1.07765
46 1.07742
46.02 1.07684
46.04 1.07588
46.06 1.07457
46.08 1.07291
46.1 1.0708
46.12 1.0681
46.14 1.0648
46.16 1.06094
46.18 1.0567
46.2 1.05253
46.22 1.04886
46.24 1.04589
46.26 1.04373
46.28 1.04262
46.3 1.04271
46.32 1.04399
46.34 1.04642
46.36 1.04994
46.38 1.05439
46.4 1.0596
46.42 1.06536
46.44 1.07136
46.46 1.0774
46.48 1.08321
46.5 1.08845
46.52 1.09282
46.54 1.09608
46.56 1.09807
46.58 1.09872
46.6 1.09802
46.62 1.09596
46.64 1.09264
46.66 1.08818
46.68 1.08272
46.7 1.07641
46.72 1.06945
46.74 1.06217
46.76 1.05493
46.78 1.04811
46.8 1.04211
46.82 1.03732
46.84 1.03405
46.86 1.03241
46.88 1.0322
46.9 1.03325
46.92 1.03543
46.94 1.0387
46.96 1.04312
46.98 1.0486
47 1.0549
47.02 1.06166
47.04 1.06858
47.06 1.07543
47.08 1.08185
47.1 1.08742
47.12 1.09195
47.14 1.09544
47.16 1.09773
47.18 1.09856
47.2 1.09779
47.22 1.09548
47.24 1.09188
47.26 1.08724
47.28 1.08186
47.3 1.07616
47.32 1.07067
47.34 1.06593
47.36 1.06242
47.38 1.06044
47.4 1.05992
47.42 1.06042
47.44 1.06128
47.46 1.06206
47.48 1.06274
47.5 1.0635
47.52 1.06432
47.54 1.06517
47.56 1.06619
47.58 1.06751
47.6 1.06903
47.62 1.07056
47.64 1.07186
47.66 1.07272
47.68 1.07291
47.7 1.07233
47.72 1.07103
47.74 1.06924
47.76 1.06727
47.78 1.06539
47.8 1.06377
47.82 1.06248
47.84 1.06154
47.86 1.06087
47.88 1.06032
47.9 1.05979
47.92 1.05929
47.94 1.0589
47.96 1.0586
47.98 1.05838
48 1.05834
48.02 1.05864
48.04 1.05945
48.06 1.06079
48.08 1.06244
48.1 1.06408
48.12 1.06557
48.14 1.06708
48.16 1.06874
48.18 1.07034
48.2 1.07163
48.22 1.0725
48.24 1.07291
48.26 1.07291
48.28 1.07259
48.3 1.07206
48.32 1.07159
48.34 1.07143
48.36 1.07163
48.38 1.07214
48.4 1.07291
48.42 1.07392
48.44 1.07512
48.46 1.07646
48.48 1.07779
48.5 1.07888
48.52 1.0795
48.54 1.07945
48.56 1.07851
48.58 1.07659
48.6 1.07374
48.62 1.0701
48.64 1.06581
48.66 1.06109
48.68 1.05636
48.7 1.05212
48.72 1.0487
48.74 1.04629
48.76 1.045
48.78 1.04496
48.8 1.04621
48.82 1.04864
48.84 1.05212
48.86 1.05649
48.88 1.06157
48.9 1.06714
48.92 1.07296
48.94 1.07875
48.96 1.08428
48.98 1.0893
49 1.0936
49.02 1.09702
49.04 1.09939
49.06 1.10065
49.08 1.10076
49.1 1.0997
49.12 1.09758
49.14 1.09464
49.16 1.09113
49.18 1.08719
49.2 1.08288
49.22 1.07824
49.24 1.07345
49.26 1.06857
49.28 1.06361
49.3 1.05861
49.32 1.05375
49.34 1.04924
49.36 1.04532
49.38 1.04218
49.4 1.03996
49.42 1.03881
49.44 1.03886
49.46 1.04016
49.48 1.04268
49.5 1.04631
49.52 1.05081
49.54 1.05588
49.56 1.06125
49.58 1.06671
49.6 1.07199
49.62 1.07667
49.64 1.08034
49.66 1.08261
49.68 1.08325
49.7 1.08221
49.72 1.07958
49.74 1.07562
49.76 1.07071
49.78 1.06533
49.8 1.05994
49.82 1.05477
49.84 1.05001
49.86 1.04592
49.88 1.04286
49.9 1.04113
49.92 1.04083
49.94 1.04191
49.96 1.04423
49.98 1.04755
50 1.05161
50.02 1.05613
50.04 1.06084
50.06 1.06561
50.08 1.07041
50.1 1.07512
50.12 1.07951
50.14 1.08329
50.16 1.08621
50.18 1.08814
50.2 1.08912
50.22 1.08911
50.24 1.08805
50.26 1.08594
50.28 1.08294
50.3 1.07924
50.32 1.07509
50.34 1.0708
50.36 1.06662
50.38 1.06271
50.4 1.05923
50.42 1.05636
50.44 1.05427
50.46 1.05314
50.48 1.053
50.5 1.05375
50.52 1.05521
50.54 1.05727
50.56 1.05989
50.58 1.06307
50.6 1.06676
50.62 1.07087
50.64 1.07525
50.66 1.07964
50.68 1.0838
50.7 1.08755
50.72 1.09075
50.74 1.09326
50.76 1.09491
50.78 1.09557
50.8 1.09517
50.82 1.09367
50.84 1.09097
50.86 1.087
50.88 1.08183
50.9 1.07567
50.92 1.06873
50.94 1.06133
50.96 1.05377
50.98 1.04628
51 1.03912
51.02 1.03264
51.04 1.02717
51.06 1.02298
51.08 1.02033
51.1 1.01937
51.12 1.02018
51.14 1.02276
51.16 1.02694
51.18 1.03249
51.2 1.03917
51.22 1.04681
51.24 1.05514
51.26 1.06393
51.28 1.07303
51.3 1.08233
51.32 1.09176
51.34 1.10103
51.36 1.10933
51.38 1.11546
51.4 1.11847
51.42 1.11805
51.44 1.11481
51.46 1.10991
51.48 1.1042
51.5 1.09792
51.52 1.09122
51.54 1.08438
51.56 1.07765
51.58 1.07115
51.6 1.0649
51.62 1.05884
51.64 1.05313
51.66 1.04825
51.68 1.04474
51.7 1.04294
51.72 1.04295
51.74 1.04469
51.76 1.04792
51.78 1.05231
51.8 1.05741
51.82 1.06265
51.84 1.06766
51.86 1.07235
51.88 1.07676
51.9 1.08084
51.92 1.08446
51.94 1.08756
51.96 1.09011
51.98 1.09217
52 1.09378
52.02 1.09488
52.04 1.09531
52.06 1.09487
52.08 1.09337
52.1 1.09081
52.12 1.08734
52.14 1.08306
52.16 1.07808
52.18 1.07265
52.2 1.0672
52.22 1.06222
52.24 1.05813
52.26 1.05516
52.28 1.05338
52.3 1.05274
52.32 1.05317
52.34 1.05453
52.36 1.05657
52.38 1.05907
52.4 1.06185
52.42 1.06479
52.44 1.06776
52.46 1.07077
52.48 1.07389
52.5 1.07709
52.52 1.08025
52.54 1.08312
52.56 1.08544
52.58 1.08699
52.6 1.08756
52.62 1.08704
52.64 1.08545
52.66 1.08284
52.68 1.07934
52.7 1.07516
52.72 1.07063
52.74 1.06602
52.76 1.06149
52.78 1.05715
52.8 1.05315
52.82 1.0496
52.84 1.04667
52.86 1.04448
52.88 1.04308
52.9 1.04251
52.92 1.04291
52.94 1.04439
52.96 1.04688
52.98 1.05023
53 1.05432
53.02 1.05908
53.04 1.0644
53.06 1.07013
53.08 1.0761
53.1 1.08216
53.12 1.08814
53.14 1.09385
53.16 1.09905
53.18 1.10358
53.2 1.10725
53.22 1.10982
53.24 1.1111
53.26 1.11096
53.28 1.10932
53.3 1.10613
53.32 1.10142
53.34 1.09526
53.36 1.08782
53.38 1.07943
53.4 1.07048
53.42 1.06135
53.44 1.05248
53.46 1.0443
53.48 1.0371
53.5 1.03117
53.52 1.02678
53.54 1.02417
53.56 1.02348
53.58 1.02476
53.6 1.02792
53.62 1.03275
53.64 1.03894
53.66 1.04618
53.68 1.05417
53.7 1.06257
53.72 1.07111
53.74 1.07956
53.76 1.08772
53.78 1.09536
53.8 1.10227
53.82 1.10819
53.84 1.11292
53.86 1.11631
53.88 1.11824
53.9 1.11853
53.92 1.11709
53.94 1.11399
53.96 1.10937
53.98 1.10343
54 1.09641
54.02 1.08858
54.04 1.08022
54.06 1.07172
54.08 1.06349
54.1 1.05589
54.12 1.04925
54.14 1.04386
54.16 1.03988
54.18 1.03741
54.2 1.03646
54.22 1.03686
54.24 1.03842
54.26 1.04099
54.28 1.04444
54.3 1.04863
54.32 1.05347
54.34 1.05882
54.36 1.06446
54.38 1.07016
54.4 1.07567
54.42 1.08081
54.44 1.08548
54.46 1.08964
54.48 1.09328
54.5 1.09633
54.52 1.09872
54.54 1.1004
54.56 1.10129
54.58 1.10127
54.6 1.10029
54.62 1.09837
54.64 1.09563
54.66 1.09218
54.68 1.08809
54.7 1.08336
54.72 1.07803
54.74 1.07223
54.76 1.06612
54.78 1.05986
54.8 1.05369
54.82 1.04784
54.84 1.04263
54.86 1.03841
54.88 1.03555
54.9 1.03434
54.92 1.03499
54.94 1.03752
54.96 1.04188
54.98 1.04796
55 1.0555
55.02 1.06409
55.04 1.07326
55.06 1.08257
55.08 1.09159
55.1 1.09991
55.12 1.1072
55.14 1.11322
55.16 1.11769
55.18 1.12047
55.2 1.12148
55.22 1.12077
55.24 1.11847
55.26 1.11474
55.28 1.10977
55.3 1.10373
55.32 1.09684
55.34 1.08939
55.36 1.08167
55.38 1.07385
55.4 1.06614
55.42 1.05881
55.44 1.05212
55.46 1.04628
55.48 1.0415
55.5 1.0379
55.52 1.03549
55.54 1.03434
55.56 1.03453
55.58 1.0361
55.6 1.03908
55.62 1.0434
55.64 1.04893
55.66 1.05538
55.68 1.06236
55.7 1.06961
55.72 1.07692
55.74 1.08409
55.76 1.0909
55.78 1.09706
55.8 1.10236
55.82 1.10665
55.84 1.10982
55.86 1.11179
55.88 1.11261
55.9 1.11248
55.92 1.11152
55.94 1.10938
55.96 1.10546
55.98 1.09946
56 1.09158
56.02 1.08241
56.04 1.07275
56.06 1.06319
56.08 1.05418
56.1 1.04628
56.12 1.04008
56.14 1.03601
56.16 1.03411
56.18 1.03415
56.2 1.03587
56.22 1.03897
56.24 1.04326
56.26 1.04863
56.28 1.05494
56.3 1.06207
56.32 1.06992
56.34 1.07829
56.36 1.08691
56.38 1.09539
56.4 1.10328
56.42 1.11015
56.44 1.11574
56.46 1.12001
56.48 1.12299
56.5 1.12458
56.52 1.12468
56.54 1.12324
56.56 1.12032
56.58 1.11604
56.6 1.11046
56.62 1.10358
56.64 1.09554
56.66 1.08661
56.68 1.07722
56.7 1.0678
56.72 1.05869
56.74 1.05021
56.76 1.04274
56.78 1.0366
56.8 1.03208
56.82 1.02939
56.84 1.02867
56.86 1.02993
56.88 1.03318
56.9 1.03826
56.92 1.04483
56.94 1.05249
56.96 1.06082
56.98 1.0693
57 1.0775
57.02 1.0851
57.04 1.09182
57.06 1.09736
57.08 1.10153
57.1 1.10436
57.12 1.10598
57.14 1.1064
57.16 1.10556
57.18 1.10346
57.2 1.10023
57.22 1.09608
57.24 1.09118
57.26 1.08565
57.28 1.07964
57.3 1.07341
57.32 1.06733
57.34 1.06169
57.36 1.05672
57.38 1.05264
57.4 1.04971
57.42 1.04812
57.44 1.04794
57.46 1.04914
57.48 1.05154
57.5 1.05497
57.52 1.05932
57.54 1.06445
57.56 1.07013
57.58 1.07607
57.6 1.08203
57.62 1.08783
57.64 1.0933
57.66 1.09824
57.68 1.10243
57.7 1.10566
57.72 1.10777
57.74 1.10865
57.76 1.10826
57.78 1.10659
57.8 1.10369
57.82 1.09967
57.84 1.09471
57.86 1.08908
57.88 1.08301
57.9 1.07674
57.92 1.0705
57.94 1.06455
57.96 1.05918
57.98 1.05458
58 1.05092
58.02 1.04834
58.04 1.04692
58.06 1.04671
58.08 1.04771
58.1 1.04992
58.12 1.05324
58.14 1.05756
58.16 1.06268
58.18 1.06842
58.2 1.07455
58.22 1.08084
58.24 1.08702
58.26 1.09287
58.28 1.09815
58.3 1.10264
58.32 1.10617
58.34 1.10861
58.36 1.10988
58.38 1.10992
58.4 1.10874
58.42 1.10639
58.44 1.10298
58.46 1.09864
58.48 1.09355
58.5 1.08791
58.52 1.08196
58.54 1.07593
58.56 1.07006
58.58 1.0646
58.6 1.05975
58.62 1.05571
58.64 1.05264
58.66 1.05065
58.68 1.04983
58.7 1.05021
58.72 1.05177
58.74 1.05444
58.76 1.05812
58.78 1.06266
58.8 1.06787
58.82 1.07354
58.84 1.07944
58.86 1.08533
58.88 1.09099
58.9 1.09618
58.92 1.1007
58.94 1.10439
58.96 1.10709
58.98 1.10871
59 1.10917
59.02 1.10848
59.04 1.10664
59.06 1.10375
59.08 1.09991
59.1 1.09529
59.12 1.09008
59.14 1.08448
59.16 1.07873
59.18 1.07306
59.2 1.06769
59.22 1.06284
59.24 1.0587
59.26 1.05544
59.28 1.05317
59.3 1.052
59.32 1.05196
59.34 1.05306
59.36 1.05525
59.38 1.05844
59.4 1.06251
59.42 1.06728
59.44 1.07256
59.46 1.07814
59.48 1.08379
59.5 1.08929
59.52 1.09442
59.54 1.09898
59.56 1.10279
59.58 1.10571
59.6 1.10761
59.62 1.10843
59.64 1.10814
59.66 1.10675
59.68 1.10431
59.7 1.10094
59.72 1.09675
59.74 1.09194
59.76 1.08669
59.78 1.08122
59.8 1.07575
59.82 1.0705
59.84 1.06567
59.86 1.06147
59.88 1.05806
59.9 1.05557
59.92 1.0541
59.94 1.05371
59.96 1.05441
59.98 1.05615
