0.02 4.48259e-05
0.04 0.000126998
0.06 0.000139045
0.08 6.36405e-05
0.1 1.82236e-05
0.12 6.80657e-05
0.14 0.000131586
0.16 0.000113801
0.18 5.12834e-05
0.2 4.8166e-05
0.22 0.000113091
0.24 0.000152634
0.26 0.000121065
0.28 8.75341e-05
0.3 0.00012134
0.32 0.000176903
0.34 0.000183993
0.36 0.000169105
0.38 0.000163139
0.4 8.56894e-05
0.42 -0.000108143
0.44 -9.87741e-05
0.46 0.000300579
0.48 0.000474886
0.5 1.74462e-05
0.52 -0.000449332
0.54 -0.000326847
0.56 -9.58518e-05
0.58 -0.000473788
0.6 -0.000872728
0.62 -0.000398199
0.64 0.000156467
0.66 -0.000194463
0.68 -0.00120054
0.7 -0.00175922
0.72 -0.00041668
0.74 0.00151209
0.76 0.0010824
0.78 -0.000582753
0.8 0.000155699
0.82 0.00323423
0.84 0.00501646
0.86 0.00339146
0.88 0.000308333
0.9 -0.000760912
0.92 0.000944628
0.94 0.00238367
0.96 0.000347543
0.98 -0.00340925
1 -0.00398664
1.02 -0.00040047
1.04 0.00260952
1.06 0.000554056
1.08 -0.00449236
1.1 -0.00656639
1.12 -0.0032243
1.14 0.0021906
1.16 0.00338844
1.18 -0.00218539
1.2 -0.00734456
1.22 -0.00396418
1.24 0.00354033
1.26 0.00438652
1.28 -0.00314525
1.3 -0.0105561
1.32 -0.00879724
1.34 0.00257184
1.36 0.0134218
1.38 0.0127862
1.4 0.000812055
1.42 -0.0104175
1.44 -0.00980709
1.46 -0.00114792
1.48 0.00189541
1.5 -0.00660399
1.52 -0.0193793
1.54 -0.0286128
1.56 -0.0350105
1.58 -0.0420373
1.6 -0.0497482
1.62 -0.0560318
1.64 -0.0586031
1.66 -0.0557405
1.68 -0.0476981
1.7 -0.036177
1.72 -0.0233779
1.74 -0.0125002
1.76 -0.00560839
1.78 -0.00236244
1.8 -0.00339477
1.82 -0.0107428
1.84 -0.0254572
1.86 -0.0459716
1.88 -0.0660331
1.9 -0.0791641
1.92 -0.0856773
1.94 -0.0894888
1.96 -0.091614
1.98 -0.091123
2 -0.0894313
2.02 -0.0904565
2.04 -0.0973683
2.06 -0.110407
2.08 -0.128182
2.1 -0.149699
2.12 -0.172661
2.14 -0.19212
2.16 -0.203323
2.18 -0.202598
2.2 -0.186926
2.22 -0.157119
2.24 -0.117558
2.26 -0.0729644
2.28 -0.0304121
2.3 0.00160701
2.32 0.0149293
2.34 0.00602313
2.36 -0.0210127
2.38 -0.0583172
2.4 -0.100882
2.42 -0.149584
2.44 -0.201307
2.46 -0.246362
2.48 -0.277666
2.5 -0.29088
2.52 -0.281183
2.54 -0.247202
2.56 -0.192208
2.58 -0.117517
2.6 -0.0206521
