0.02 2.88796e-06
0.04 8.18105e-06
0.06 8.95431e-06
0.08 4.09572e-06
0.1 1.17238e-06
0.12 4.38326e-06
0.14 8.47201e-06
0.16 7.32493e-06
0.18 3.30001e-06
0.2 3.10156e-06
0.22 7.28277e-06
0.24 9.8274e-06
0.26 7.79435e-06
0.28 5.63691e-06
0.3 7.81429e-06
0.32 1.13906e-05
0.34 1.18455e-05
0.36 1.08874e-05
0.38 1.0505e-05
0.4 5.51443e-06
0.42 -6.97581e-06
0.44 -6.37118e-06
0.46 1.93624e-05
0.48 3.05779e-05
0.5 1.10921e-06
0.52 -2.89464e-05
0.54 -2.10787e-05
0.56 -6.21214e-06
0.58 -3.05208e-05
0.6 -5.61406e-05
0.62 -2.55708e-05
0.64 1.01086e-05
0.66 -1.24251e-05
0.68 -7.70669e-05
0.7 -0.000112794
0.72 -2.59452e-05
0.74 9.8235e-05
0.76 6.99566e-05
0.78 -3.76453e-05
0.8 1.02216e-05
0.82 0.000206093
0.84 0.000290294
0.86 0.000140729
0.88 -3.80072e-05
0.9 -2.40221e-05
0.92 0.000113835
0.94 0.000127834
0.96 -6.88967e-05
0.98 -0.00024784
1 -0.000170422
1.02 5.95648e-05
1.04 0.000120146
1.06 -9.01663e-05
1.08 -0.000301728
1.1 -0.000245575
1.12 -1.01668e-05
1.14 0.000122337
1.16 9.61231e-06
1.18 -0.000230557
1.2 -0.00025035
1.22 5.46495e-05
1.24 0.000228741
1.26 -3.13215e-05
1.28 -0.000358318
1.3 -0.000316477
1.32 3.62128e-05
1.34 0.000314504
1.36 0.000226125
1.38 -9.52643e-05
1.4 -0.00021514
1.42 8.23107e-06
1.44 0.000185904
1.46 -7.52616e-05
1.48 -0.000558881
1.5 -0.000671002
1.52 -0.000294088
1.54 1.53285e-05
1.56 -0.000168319
1.58 -0.000517478
1.6 -0.000429441
1.62 4.48692e-05
1.64 0.00025558
1.66 -4.53636e-05
1.68 -0.000361959
1.7 -0.000232201
1.72 9.52317e-05
1.74 6.39948e-05
1.76 -0.000271343
1.78 -0.000334424
1.8 -5.42427e-05
1.82 3.53745e-05
1.84 -0.000271172
1.86 -0.000501227
1.88 -0.000180611
1.9 0.000325377
1.92 0.000184944
1.94 -0.000520363
1.96 -0.000744222
1.98 -0.000140706
2 0.000274865
2.02 -0.000265973
2.04 -0.00100426
2.06 -0.000841362
2.08 -8.47293e-05
2.1 5.17154e-05
2.12 -0.000589444
2.14 -0.000889144
2.16 -0.000312091
2.18 0.000308392
2.2 0.000153534
2.22 -0.000452365
2.24 -0.000605547
2.26 -0.000115413
2.28 0.000155472
2.3 -0.000345653
2.32 -0.000890676
2.34 -0.000666908
2.36 -8.70296e-06
2.38 0.00014606
2.4 -0.000473231
2.42 -0.00100471
2.44 -0.000628563
2.46 0.000116878
2.48 0.000163289
2.5 -0.000377557
2.52 -0.000490705
2.54 3.38996e-05
2.56 0.000399703
2.58 0.000256115
2.6 0.000203646
2.62 0.000655246
2.64 0.00111961
2.66 0.00105461
2.68 0.000796254
2.7 0.00101658
2.72 0.00162322
2.74 0.00195792
2.76 0.00182998
2.78 0.00165168
2.8 0.0017795
2.82 0.00211933
2.84 0.00228792
2.86 0.00214564
2.88 0.00190515
2.9 0.00176585
2.92 0.00183058
2.94 0.00196715
2.96 0.00186129
2.98 0.00159787
3 0.0016015
3.02 0.00159371
3.04 0.000976207
3.06 0.000290378
3.08 0.00027252
3.1 0.000431353
3.12 1.90843e-05
3.14 -0.000775931
3.16 -0.00125777
3.18 -0.00126741
3.2 -0.00131068
3.22 -0.00173366
3.24 -0.00223182
3.26 -0.00232795
3.28 -0.0020896
3.3 -0.00191564
3.32 -0.00195226
3.34 -0.0019658
3.36 -0.00150832
3.38 -0.000690881
3.4 -0.000286175
3.42 -0.000481254
3.44 -0.000346957
3.46 0.000801755
3.48 0.00198514
3.5 0.00183881
3.52 0.000911634
3.54 0.000876497
3.56 0.00186614
3.58 0.00242317
3.6 0.00189838
3.62 0.00141188
3.64 0.00167026
3.66 0.00138946
3.68 8.52871e-05
3.7 -0.000517535
3.72 6.75127e-05
3.74 0.000146016
3.76 -0.000953279
3.78 -0.00178051
3.8 -0.00127081
3.82 -0.000507623
3.84 -0.000843085
3.86 -0.00179015
3.88 -0.00207557
3.9 -0.00152445
3.92 -0.00116984
3.94 -0.00168346
3.96 -0.0023903
3.98 -0.00212222
4 -0.000781431
4.02 5.53647e-05
4.04 -0.000699659
4.06 -0.00156418
4.08 -0.000744946
4.1 0.000849356
4.12 0.00113157
4.14 0.000183623
4.16 -0.000102555
4.18 0.000678602
4.2 0.000743552
4.22 -0.000574346
4.24 -0.00148164
4.26 -0.000857446
4.28 6.06703e-06
4.3 -0.000305424
4.32 -0.000866534
4.34 2.45846e-06
4.36 0.00131654
4.38 0.000930593
4.4 -0.000634793
4.42 -0.00112984
4.44 -0.000109559
4.46 0.000801865
4.48 0.000654714
4.5 -0.000146418
4.52 -0.000888472
4.54 -0.000812898
4.56 -3.51072e-05
4.58 0.000340834
4.6 -0.000182162
4.62 -0.000776517
4.64 -0.000307951
4.66 0.00088424
4.68 0.00117976
4.7 0.000326197
4.72 -5.40928e-05
4.74 0.000832177
4.76 0.00173844
4.78 0.00118987
4.8 -0.000371206
4.82 -0.000826178
4.84 0.000511194
4.86 0.00154992
4.88 0.000659365
4.9 -0.000771543
4.92 -0.000691142
4.94 0.000394351
4.96 0.000548308
4.98 -0.000528019
5 -0.00142781
5.02 -0.00127204
5.04 -0.000803221
5.06 -0.00084491
5.08 -0.000643297
5.1 0.000332427
5.12 0.000804507
5.14 7.99219e-05
5.16 -0.000561677
5.18 -9.25391e-06
5.2 0.00101149
5.22 0.00117549
5.24 0.000277136
5.26 -0.000877396
5.28 -0.00110319
5.3 -4.01443e-05
5.32 0.00104642
5.34 0.000937848
5.36 7.58561e-05
5.38 -0.000254162
5.4 0.000256121
5.42 0.000678513
5.44 0.000500639
5.46 0.00030251
5.48 0.000514194
5.5 0.000769895
5.52 0.000659202
5.54 0.0003172
5.56 0.000100493
5.58 0.000113925
5.6 0.000186819
5.62 0.000115788
5.64 2.81527e-05
5.66 0.000167423
5.68 0.000264058
5.7 3.08132e-05
5.72 -0.000197932
5.74 -0.000101753
5.76 8.29559e-05
5.78 -3.35455e-05
5.8 -0.000364152
5.82 -0.00037509
5.84 -8.06528e-06
5.86 7.74038e-05
5.88 -0.000368681
5.9 -0.000770571
5.92 -0.000546119
5.94 0.000212599
5.96 0.000700877
5.98 0.00046435
6 0.000182358
6.02 0.000442992
6.04 0.000825254
6.06 0.000860911
6.08 0.000583589
6.1 0.000250682
6.12 0.000297985
6.14 0.000767096
6.16 0.000998748
6.18 0.000375167
6.2 -0.000743347
6.22 -0.00110947
6.24 -0.0004897
6.26 -0.000238144
6.28 -0.00101052
6.3 -0.00158143
6.32 -0.000817067
6.34 0.00030918
6.36 0.000187929
6.38 -0.000791463
6.4 -0.000978266
6.42 -7.50987e-05
6.44 0.000584488
6.46 9.91909e-05
6.48 -0.000846283
6.5 -0.00115236
6.52 -0.000750283
6.54 -0.000548645
6.56 -0.000930653
6.58 -0.000997931
6.6 -0.000384369
6.62 -7.6098e-05
6.64 -0.000382029
6.66 -0.00031271
6.68 0.000447007
6.7 0.000843797
6.72 9.45477e-05
6.74 -0.00106165
6.76 -0.00118663
6.78 -0.000132321
6.8 0.000631228
6.82 9.36344e-05
6.84 -0.000793925
6.86 -0.00055783
6.88 0.000446001
6.9 0.000585941
6.92 -0.000473457
6.94 -0.00124455
6.96 -0.000597361
6.98 0.000603671
7 0.000763355
7.02 -0.000193309
7.04 -0.000780177
7.06 -0.000125174
7.08 0.000766635
7.1 0.000653955
7.12 -6.59314e-05
7.14 -0.000191685
7.16 0.000445398
7.18 0.000898686
7.2 0.000587924
7.22 0.000106365
7.24 0.000242105
7.26 0.00069121
7.28 0.00047976
7.3 -0.000301979
7.32 -0.000434656
7.34 0.000387633
7.36 0.000941551
7.38 0.000406891
7.4 -0.000354317
7.42 -0.000236282
7.44 0.000427591
7.46 0.000516322
7.48 -0.000189206
7.5 -0.000681901
7.52 -0.000250231
7.54 0.000338255
7.56 8.52798e-05
7.58 -0.000546109
7.6 -0.000382274
7.62 0.000522907
7.64 0.000945547
7.66 0.000480837
7.68 4.17845e-05
7.7 0.000233405
7.72 0.000532997
7.74 0.000330009
7.76 1.79882e-05
7.78 0.000267919
7.8 0.000745691
7.82 0.000680859
7.84 7.81907e-05
7.86 -0.000410841
7.88 -0.000314227
7.9 0.000115199
7.92 0.000190027
7.94 -0.000198246
7.96 -0.000411998
7.98 -0.000137724
8 0.000166159
8.02 0.00011021
8.04 -5.97945e-05
8.06 -3.09069e-06
8.08 0.000178755
8.1 0.000213115
8.12 8.92562e-05
8.14 6.3436e-06
8.16 7.08109e-05
8.18 0.000221938
8.2 0.000365625
8.22 0.000377896
8.24 2.83821e-05
8.26 -0.000518983
8.28 -0.000536958
8.3 9.38955e-05
8.32 0.000542655
8.34 0.000298433
8.36 -0.000200781
8.38 -0.000259861
8.4 0.000181822
8.42 0.000505926
8.44 0.000228323
8.46 -0.000423086
8.48 -0.000670517
8.5 -0.000118108
8.52 0.000508698
8.54 0.000356103
8.56 -0.000197947
8.58 -0.000169114
8.6 0.000511959
8.62 0.000903897
8.64 0.000372374
8.66 -0.000315083
8.68 -7.87307e-06
8.7 0.000892628
8.72 0.00100897
8.74 0.00017186
8.76 -0.000386634
8.78 6.34122e-05
8.8 0.000691159
8.82 0.000396695
8.84 -0.000525093
8.86 -0.000916134
8.88 -0.000366037
8.9 0.00037194
8.92 0.000306737
8.94 -0.000326968
8.96 -0.000411312
8.98 0.000118533
9 0.000323909
9.02 -0.000117794
9.04 -0.000563565
9.06 -0.000362175
9.08 0.000270169
9.1 0.00040778
9.12 -0.000258438
9.14 -0.000767518
9.16 -0.000394116
9.18 0.000117842
9.2 -0.000147019
9.22 -0.000788404
9.24 -0.00079422
9.26 -0.000110039
9.28 0.000304254
9.3 -8.04565e-06
9.32 -0.000353377
9.34 -6.65341e-05
9.36 0.000487499
9.38 0.000475549
9.4 -0.000161741
9.42 -0.000528799
9.44 -5.56153e-05
9.46 0.000579364
9.48 0.000348051
9.5 -0.000536743
9.52 -0.000796907
9.54 -6.91479e-05
9.56 0.00044838
9.58 5.24075e-05
9.6 -0.000269174
9.62 0.000182651
9.64 0.000486418
9.66 -0.000133615
9.68 -0.000871506
9.7 -0.000706922
9.72 4.25115e-05
9.74 0.000417451
9.76 -3.68415e-05
9.78 -0.000870711
9.8 -0.000967039
9.82 -0.000127779
9.84 0.000430919
9.86 0.000108497
9.88 -0.000268903
9.9 2.438e-05
9.92 0.000541328
9.94 0.000367787
9.96 -0.000352366
9.98 -0.000457927
10 0.000343499
10.02 0.00089949
10.04 0.000419009
10.06 -0.000314963
10.08 -0.000272139
10.1 0.000255383
10.12 0.000278418
10.14 -0.000362758
10.16 -0.000779451
10.18 -0.000333239
10.2 0.000313772
10.22 0.000158205
10.24 -0.000564669
10.26 -0.00076347
10.28 -0.000163225
10.3 0.000362301
10.32 0.000163961
10.34 -0.000300972
10.36 -0.000258924
10.38 0.000227074
10.4 0.0004129
10.42 7.76816e-05
10.44 -0.000155689
10.46 0.000108426
10.48 0.000440789
10.5 0.000359324
10.52 6.39246e-05
10.54 -2.46237e-07
10.56 7.58295e-05
10.58 -1.1869e-05
10.6 -9.30826e-05
10.62 5.95334e-05
10.64 0.000224165
10.66 0.000157604
10.68 -3.88782e-05
10.7 -0.000175633
10.72 -0.000167406
10.74 -4.77339e-05
10.76 -3.03765e-06
10.78 -8.70688e-05
10.8 -4.83297e-05
10.82 0.000183702
10.84 0.000305302
10.86 0.000110787
10.88 -0.000234628
10.9 -0.000340528
10.92 -6.11548e-05
10.94 0.00020707
10.96 8.15619e-05
10.98 -0.000209822
11 -0.000230017
11.02 -1.78983e-05
11.04 4.91206e-05
11.06 -0.000109851
11.08 -0.000195631
11.1 -3.56465e-05
11.12 0.000198311
11.14 0.000273595
11.16 0.00018017
11.18 0.000102415
11.2 0.000161054
11.22 0.000270914
11.24 0.000229076
11.26 -2.91004e-05
11.28 -0.00025026
11.3 -0.000182141
11.32 2.24332e-05
11.34 2.64863e-05
11.36 -0.000203862
11.38 -0.000361679
11.4 -0.000187543
11.42 0.000163122
11.44 0.00024506
11.46 -4.51991e-05
11.48 -0.000268314
11.5 -0.000105374
11.52 0.000171091
11.54 0.000166424
11.56 -3.22825e-05
11.58 -4.37685e-05
11.6 0.000205748
11.62 0.000390558
11.64 0.000280735
11.66 6.55281e-05
11.68 4.7072e-05
11.7 0.000185982
11.72 0.000203537
11.74 4.2965e-05
11.76 -9.88307e-05
11.78 -0.000123028
11.8 -0.000136127
11.82 -0.000236461
11.84 -0.000332568
11.86 -0.000284578
11.88 -0.000156476
11.9 -7.9153e-05
11.92 -4.20363e-06
11.94 0.000119794
11.96 0.000178354
11.98 9.38252e-05
12 -2.88585e-05
12.02 -3.45936e-05
12.04 8.15633e-05
12.06 0.000150121
12.08 7.12613e-05
12.1 -4.28947e-05
12.12 -6.67853e-05
12.14 1.6605e-05
12.16 0.000149607
12.18 0.000194292
12.2 8.01663e-05
12.22 -6.12469e-05
12.24 -9.87984e-05
12.26 -8.76728e-05
12.28 -0.000139114
12.3 -0.00024534
12.32 -0.000301304
12.34 -0.000254871
12.36 -0.000169413
12.38 -0.000114736
12.4 -7.59406e-05
12.42 -1.13729e-05
12.44 6.78216e-05
12.46 0.000104022
12.48 8.27376e-05
12.5 7.99383e-05
12.52 0.000141675
12.54 0.000188068
12.56 0.000141132
12.58 7.57777e-05
12.6 0.000110251
12.62 0.000210472
12.64 0.000225179
12.66 7.95559e-05
12.68 -9.32413e-05
12.7 -0.000104417
12.72 3.02368e-06
12.74 1.93019e-05
12.76 -0.000110871
12.78 -0.00022263
12.8 -0.000156655
12.82 5.74411e-05
12.84 0.000204302
12.86 0.000108868
12.88 -0.000102379
12.9 -0.00013536
12.92 6.14735e-05
12.94 0.00020633
12.96 8.45364e-05
12.98 -0.000120756
13 -0.000108887
13.02 7.04784e-05
13.04 0.000118227
13.06 -2.24685e-05
13.08 -9.49221e-05
13.1 3.63585e-05
13.12 0.000185279
13.14 0.00014974
13.16 -2.22549e-06
13.18 -7.0124e-05
13.2 -4.92258e-06
13.22 7.88263e-05
13.24 8.51014e-05
13.26 3.68526e-05
13.28 -8.93299e-06
13.3 -5.80919e-05
13.32 -0.000108993
13.34 -0.000107223
13.36 -3.24596e-05
13.38 5.94056e-05
13.4 7.95795e-05
13.42 3.4304e-06
13.44 -5.94781e-05
13.46 -1.95854e-05
13.48 2.47602e-05
13.5 -3.46628e-05
13.52 -0.000105464
13.54 -5.93408e-05
13.56 3.29368e-05
13.58 1.45552e-05
13.6 -0.000105186
13.62 -0.000158382
13.64 -6.4173e-05
13.66 4.67129e-05
13.68 1.48562e-05
13.7 -0.000116042
13.72 -0.00015716
13.74 -4.3499e-05
13.76 8.9369e-05
13.78 0.000108658
13.8 5.01844e-05
13.82 3.2257e-05
13.84 7.63658e-05
13.86 8.4182e-05
13.88 -9.08612e-06
13.9 -0.000110231
13.92 -8.81213e-05
13.94 2.40142e-05
13.96 7.91066e-05
13.98 2.54986e-05
14 -3.92414e-05
14.02 9.86245e-06
14.04 0.000171404
14.06 0.000281743
14.08 0.000225062
14.1 9.68662e-05
14.12 1.00041e-05
14.14 -5.15863e-05
14.16 -8.50699e-05
14.18 -4.1143e-05
14.2 2.00179e-05
14.22 -3.65196e-05
14.24 -0.000190323
14.26 -0.000246481
14.28 -0.000117212
14.3 3.00169e-05
14.32 -2.9425e-06
14.34 -0.000176766
14.36 -0.000258959
14.38 -0.000134732
14.4 1.36042e-05
14.42 -3.87491e-05
14.44 -0.000215405
14.46 -0.00023662
14.48 -4.48859e-05
14.5 0.000112022
14.52 6.84961e-05
14.54 -3.67681e-05
14.56 -9.99417e-06
14.58 9.20643e-05
14.6 8.01978e-05
14.62 -1.70442e-05
14.64 1.38762e-05
14.66 0.000185298
14.68 0.000239374
14.7 3.47675e-06
14.72 -0.000319043
14.74 -0.000341807
14.76 -4.10362e-05
14.78 0.000160349
14.8 -3.18958e-05
14.82 -0.000353288
14.84 -0.000318653
14.86 5.16053e-05
14.88 0.000199304
14.9 -0.0001087
14.92 -0.000346032
14.94 -7.08679e-05
14.96 0.000313362
14.98 0.000217818
15 -0.000184728
15.02 -0.000268564
15.04 5.12595e-05
15.06 0.000227598
15.08 -2.33958e-05
15.1 -0.000304168
15.12 -0.000168505
15.14 0.000226911
15.16 0.000356444
15.18 7.83692e-05
15.2 -0.000166727
15.22 -2.66325e-05
15.24 0.000224018
15.26 0.000136207
15.28 -0.000202807
15.3 -0.000331987
15.32 -0.000120267
15.34 8.26895e-05
15.36 3.21115e-07
15.38 -0.000179523
15.4 -0.000127731
15.42 0.000117863
15.44 0.000217355
15.46 3.58389e-05
15.48 -0.000175451
15.5 -0.000144988
15.52 6.62324e-05
15.54 0.000168864
15.56 5.23123e-05
15.58 -5.45991e-05
15.6 5.3554e-05
15.62 0.000220518
15.64 0.000169073
15.66 -6.54894e-05
15.68 -0.000169223
15.7 2.22177e-06
15.72 0.000212967
15.74 0.000196631
15.76 3.018e-05
15.78 -2.17069e-05
15.8 0.000101921
15.82 0.000190983
15.84 7.71005e-05
15.86 -0.000106096
15.88 -0.000107327
15.9 6.4243e-05
15.92 0.000157269
15.94 6.70446e-05
15.96 -1.58863e-05
15.98 7.40318e-05
16 0.000207039
16.02 0.000180793
16.04 3.73509e-05
16.06 -2.69793e-05
16.08 5.52133e-05
16.1 0.000145294
16.12 8.65899e-05
16.14 -7.19866e-05
16.16 -0.00011969
16.18 2.98538e-05
16.2 0.000193754
16.22 0.000157018
16.24 -1.69656e-05
16.26 -0.000104576
16.28 -4.97798e-05
16.3 4.16114e-05
16.32 8.6831e-05
16.34 6.19523e-05
16.36 -1.34277e-05
16.38 -6.67546e-05
16.4 -4.268e-05
16.42 2.13777e-06
16.44 -2.80861e-05
16.46 -0.000114909
16.48 -0.000158562
16.5 -0.000151932
16.52 -0.000194284
16.54 -0.00029986
16.56 -0.000328257
16.58 -0.000201221
16.6 -6.65956e-05
16.62 -9.8784e-05
16.64 -0.000237155
16.66 -0.000272279
16.68 -7.36342e-05
16.7 0.000287417
16.72 0.00052092
16.74 0.000474712
16.76 0.000413512
16.78 0.00057119
16.8 0.000758912
16.82 0.000713866
16.84 0.000441665
16.86 4.12298e-05
16.88 -0.000240359
16.9 -5.73066e-05
16.92 0.000306174
16.94 0.000170677
16.96 -0.000348716
16.98 -0.000490857
17 -9.56315e-05
17.02 0.000188855
17.04 -7.05146e-05
17.06 -0.000489467
17.08 -0.000485838
17.1 -0.000162888
17.12 -0.000146138
17.14 -0.000563377
17.16 -0.000768894
17.18 -0.000356061
17.2 8.74822e-05
17.22 -0.000142629
17.24 -0.000647113
17.26 -0.000552858
17.28 5.27287e-06
17.3 0.000153982
17.32 -0.000254662
17.34 -0.000448437
17.36 3.13275e-05
17.38 0.000641864
17.4 0.000666121
17.42 0.000279677
17.44 0.000249046
17.46 0.000704142
17.48 0.000914226
17.5 0.000475996
17.52 1.38359e-05
17.54 0.000174692
17.56 0.00051578
17.58 0.000257622
17.6 -0.000360551
17.62 -0.000516648
17.64 -0.000148317
17.66 5.0921e-05
17.68 -0.000251278
17.7 -0.00059493
17.72 -0.000515748
17.74 -0.000233802
17.76 -0.000217791
17.78 -0.000441415
17.8 -0.000502119
17.82 -0.00027528
17.84 -2.02036e-05
17.86 4.11616e-05
17.88 -5.09398e-05
17.9 -9.62373e-05
17.92 2.14613e-05
17.94 0.000196245
17.96 0.000275544
17.98 0.000272136
18 0.000279346
18.02 0.000298356
18.04 0.000274843
18.06 0.000218018
18.08 0.000142549
18.1 -8.84015e-06
18.12 -0.000191098
18.14 -0.000219196
18.16 -8.6902e-05
18.18 -2.46337e-05
18.2 -0.00015751
18.22 -0.000361024
18.24 -0.000476832
18.26 -0.000508744
18.28 -0.000543561
18.3 -0.00056656
18.32 -0.00042625
18.34 -1.13007e-05
18.36 0.00042668
18.38 0.000466136
18.4 0.000241618
18.42 0.000294943
18.44 0.00068485
18.46 0.000932419
18.48 0.000661816
18.5 3.56504e-05
18.52 -0.000275372
18.54 9.62013e-05
18.56 0.000527963
18.58 0.000283038
18.6 -0.000347237
18.62 -0.000533722
18.64 -0.000130051
18.66 0.000176315
18.68 -0.000109485
18.7 -0.000592256
18.72 -0.000613883
18.74 -0.00023918
18.76 -0.000128781
18.78 -0.000513587
18.8 -0.000746928
18.82 -0.000190142
18.84 0.00063139
18.86 0.00068481
18.88 0.000147173
18.9 9.02522e-05
18.92 0.000696876
18.94 0.0010888
18.96 0.000750392
18.98 0.000219769
19 0.000168571
19.02 0.000439011
19.04 0.000446997
19.06 4.28398e-05
19.08 -0.000348863
19.1 -0.000282727
19.12 6.19731e-05
19.14 7.27962e-05
19.16 -0.000345592
19.18 -0.000577597
19.2 -0.000314789
19.22 -8.97551e-05
19.24 -0.000377592
19.26 -0.000750654
19.28 -0.000538445
19.3 1.95491e-05
19.32 0.000143406
19.34 -0.000241756
19.36 -0.000484171
19.38 -0.000226668
19.4 0.000134685
19.42 9.69927e-05
19.44 -0.000169715
19.46 -8.83268e-05
19.48 0.000371341
19.5 0.000596327
19.52 0.000283059
19.54 -8.86941e-05
19.56 2.50611e-05
19.58 0.000419722
19.6 0.00041464
19.62 -7.34146e-05
19.64 -0.000260512
19.66 0.00021673
19.68 0.000537729
19.7 3.47866e-05
19.72 -0.000638768
19.74 -0.000522697
19.76 0.000176499
19.78 0.00041428
19.8 -0.000175311
19.82 -0.000746695
19.84 -0.000469648
19.86 0.00025126
19.88 0.000459554
19.9 5.05073e-05
19.92 -0.000225518
19.94 9.59394e-05
19.96 0.000537757
19.98 0.000403681
20 -0.000114008
20.02 -0.000216218
20.04 0.00024729
20.06 0.00057467
20.08 0.000245838
20.1 -0.000425726
20.12 -0.00071614
20.14 -0.000371475
20.16 0.000141131
20.18 0.000292085
20.2 2.97591e-06
20.22 -0.000376303
20.24 -0.000390139
20.26 -2.55789e-05
20.28 0.000178202
20.3 -0.000115902
20.32 -0.000409153
20.34 -0.000131834
20.36 0.000300761
20.38 0.000216619
20.4 -0.000123399
20.42 -5.27047e-05
20.44 0.000405327
20.46 0.000639869
20.48 0.000369505
20.5 -4.94238e-05
20.52 -0.000151442
20.54 2.42967e-05
20.56 2.62883e-05
20.58 -8.62594e-05
20.6 0.000103216
20.62 0.000234729
20.64 -0.000191162
20.66 -0.000692248
20.68 -0.000668076
20.7 -0.000212856
20.72 0.000258281
20.74 0.000252614
20.76 -0.000274944
20.78 -0.000538389
20.8 -8.91645e-05
20.82 0.000313326
20.84 -2.88052e-05
20.86 -0.000522881
20.88 -0.000215502
20.9 0.000604685
20.92 0.000800378
20.94 0.000206632
20.96 -0.00016207
20.98 0.000283964
21 0.000795468
21.02 0.000391662
21.04 -0.000463624
21.06 -0.000472108
21.08 0.000373902
21.1 0.00074889
21.12 2.83782e-05
21.14 -0.000787394
21.16 -0.000515322
21.18 0.000431117
21.2 0.000571801
21.22 -0.000370604
21.24 -0.00102434
21.26 -0.000503582
21.28 0.000296149
21.3 0.000160223
21.32 -0.000583055
21.34 -0.000586081
21.36 0.00037245
21.38 0.000955706
21.4 0.00043821
21.42 -0.000241556
21.44 -0.000209376
21.46 0.000278749
21.48 0.000556078
21.5 0.000224138
21.52 -0.000390616
21.54 -0.000540534
21.56 -0.00021086
21.58 -0.000103701
21.6 -0.000376867
21.62 -0.000430523
21.64 -6.66784e-05
21.66 0.000156477
21.68 -8.50311e-05
21.7 -0.000317086
21.72 -2.0502e-05
21.74 0.000458975
21.76 0.000337485
21.78 -0.000331297
21.8 -0.000578478
21.82 -1.67826e-05
21.84 0.000471295
21.86 0.000113808
21.88 -0.000515488
21.9 -0.00042244
21.92 0.000267631
21.94 0.000562535
21.96 0.000111163
21.98 -0.000324128
22 -5.43728e-05
22.02 0.000516487
22.04 0.000556414
22.06 3.12723e-05
22.08 -0.000358541
22.1 -0.000201588
22.12 0.00013712
22.14 9.86103e-05
22.16 -0.00024016
22.18 -0.000323861
22.2 -2.46198e-05
22.22 0.000191839
22.24 3.46368e-05
22.26 -0.00021094
22.28 -0.000159915
22.3 0.000111201
22.32 0.000215595
22.34 6.52463e-05
22.36 -3.26587e-05
22.38 0.000112566
22.4 0.000304248
22.42 0.000278838
22.44 8.74881e-05
22.46 9.90266e-06
22.48 0.000149094
22.5 0.000256941
22.52 9.58472e-05
22.54 -0.000161641
22.56 -0.000180485
22.58 2.23845e-05
22.6 0.000121238
22.62 -2.68971e-05
22.64 -0.000195299
22.66 -0.000143101
22.68 2.7618e-05
22.7 3.95209e-05
22.72 -0.000128982
22.74 -0.000216975
22.76 -0.000103314
22.78 5.15843e-06
22.8 -7.42872e-05
22.82 -0.000197539
22.84 -0.00012764
22.86 7.27691e-05
22.88 0.000131049
22.9 -1.16888e-05
22.92 -0.000121694
22.94 -2.35922e-05
22.96 0.000152515
22.98 0.000169549
23 2.39221e-05
23.02 -7.36559e-05
23.04 -1.77902e-05
23.06 5.56748e-05
23.08 -8.62501e-06
23.1 -0.000141854
23.12 -0.000144115
23.14 -1.09403e-06
23.16 6.80853e-05
23.18 -4.34133e-05
23.2 -0.000139155
23.22 -2.67285e-05
23.24 0.000162738
23.26 0.000177099
23.28 4.01296e-05
23.3 -1.14633e-05
23.32 8.63959e-05
23.34 0.0001513
23.36 5.84014e-05
23.38 -8.11758e-05
23.4 -0.000122045
23.42 -9.72565e-05
23.44 -0.000104512
23.46 -0.000122026
23.48 -7.36344e-05
23.5 -1.51304e-06
23.52 -1.49935e-05
23.54 -8.8676e-05
23.56 -8.2718e-05
23.58 3.54013e-05
23.6 0.000130166
23.62 9.10277e-05
23.64 -6.65183e-06
23.66 -1.86761e-05
23.68 6.48649e-05
23.7 0.00013624
23.72 0.000115859
23.74 3.03366e-05
23.76 -2.20522e-05
23.78 4.51913e-06
23.8 4.65045e-05
23.82 3.78807e-05
23.84 -4.89374e-06
23.86 -4.17809e-05
23.88 -6.43795e-05
23.9 -6.75032e-05
23.92 -3.35219e-05
23.94 9.53492e-06
23.96 -1.72019e-05
23.98 -0.000103423
24 -0.000121001
24.02 -8.97922e-08
24.04 0.000165908
24.06 0.000197147
24.08 5.53619e-05
24.1 -7.31762e-05
24.12 -5.34935e-05
24.14 2.75136e-05
24.16 5.21819e-05
24.18 1.80979e-05
24.2 -3.73163e-05
24.22 -7.61933e-05
24.24 -5.97131e-05
24.26 2.80905e-07
24.28 5.73882e-05
24.3 7.52803e-05
24.32 3.67477e-05
24.34 -4.56348e-05
24.36 -0.000117108
24.38 -0.000113742
24.4 -4.9609e-05
24.42 -5.03528e-06
24.44 -4.13593e-06
24.46 2.01445e-06
24.48 2.32502e-05
24.5 1.19602e-05
24.52 -3.20054e-05
24.54 -4.9852e-05
24.56 -1.35247e-05
24.58 4.13749e-05
24.6 5.71288e-05
24.62 2.22251e-05
24.64 -1.13944e-06
24.66 3.92316e-05
24.68 9.09351e-05
24.7 5.61765e-05
24.72 -5.34601e-05
24.74 -0.000101734
24.76 -2.17827e-05
24.78 8.2742e-05
24.8 9.51997e-05
24.82 3.49371e-05
24.84 1.24271e-05
24.86 7.19596e-05
24.88 0.000121502
24.9 7.64457e-05
24.92 6.8127e-06
24.94 2.33911e-05
24.96 9.49033e-05
24.98 0.000105829
25 3.81977e-05
25.02 -8.80879e-06
25.04 2.86918e-05
25.06 8.89299e-05
25.08 7.69316e-05
25.1 9.99617e-07
25.12 -3.20458e-05
25.14 3.07896e-05
25.16 9.75539e-05
25.18 6.33804e-05
25.2 -2.8356e-05
25.22 -5.90915e-05
25.24 -1.21515e-05
25.26 1.36662e-05
25.28 -4.67088e-05
25.3 -0.000131073
25.32 -0.000141444
25.34 -6.74171e-05
25.36 1.47871e-05
25.38 2.57064e-05
25.4 -3.23045e-05
25.42 -7.08663e-05
25.44 -3.29029e-05
25.46 2.06126e-05
25.48 2.45629e-06
25.5 -6.52692e-05
25.52 -7.7746e-05
25.54 -6.0285e-06
25.56 5.66813e-05
25.58 3.86685e-05
25.6 -7.05818e-06
25.62 9.85061e-06
25.64 7.62758e-05
25.66 9.46971e-05
25.68 3.06227e-05
25.7 -3.57388e-05
25.72 -2.04003e-05
25.74 3.99396e-05
25.76 3.37294e-05
25.78 -4.79594e-05
25.8 -8.98991e-05
25.82 -3.72253e-05
25.84 2.72294e-05
25.86 2.32582e-05
25.88 -2.16285e-05
25.9 -4.12616e-05
25.92 -2.6192e-05
25.94 -1.44039e-05
25.96 -2.46659e-05
25.98 -4.20836e-05
26 -5.40027e-05
26.02 -6.29218e-05
26.04 -7.19309e-05
26.06 -6.93077e-05
26.08 -4.09007e-05
26.1 -1.10669e-05
26.12 -2.75926e-05
26.14 -7.82002e-05
26.16 -8.8963e-05
26.18 -3.56139e-05
26.2 1.62056e-05
26.22 7.29216e-06
26.24 -3.52863e-05
26.26 -4.0194e-05
26.28 6.72222e-06
26.3 3.74837e-05
26.32 6.09478e-06
26.34 -3.6961e-05
26.36 -3.17714e-05
26.38 -2.65129e-06
26.4 -6.7529e-06
26.42 -4.27369e-05
26.44 -6.01516e-05
26.46 -3.45123e-05
26.48 1.04907e-05
26.5 3.55158e-05
26.52 1.74692e-05
26.54 -2.26506e-05
26.56 -3.28238e-05
26.58 1.11834e-05
26.6 7.33923e-05
26.62 9.10384e-05
26.64 4.80019e-05
26.66 -1.83737e-06
26.68 -1.88339e-06
26.7 3.66972e-05
26.72 4.83315e-05
26.74 5.59522e-06
26.76 -3.74342e-05
26.78 -3.28722e-05
26.8 -4.66923e-06
26.82 -1.58957e-06
26.84 -3.38509e-05
26.86 -6.02772e-05
26.88 -4.83079e-05
26.9 -2.54941e-05
26.92 -2.39283e-05
26.94 -2.42272e-05
26.96 7.16072e-07
26.98 2.68916e-05
27 8.63444e-06
27.02 -3.26016e-05
27.04 -2.42947e-05
27.06 3.03293e-05
27.08 4.27223e-05
27.1 -1.78697e-05
27.12 -6.4549e-05
27.14 -2.17785e-05
27.16 5.19966e-05
27.18 4.57095e-05
27.2 -3.69931e-05
27.22 -8.07308e-05
27.24 -2.85842e-05
27.26 3.61863e-05
27.28 2.07112e-05
27.3 -4.08799e-05
27.32 -4.86669e-05
27.34 1.53484e-05
27.36 6.71266e-05
27.38 4.65725e-05
27.4 -2.75122e-06
27.42 -8.25983e-06
27.44 3.70347e-05
27.46 7.26442e-05
27.48 4.69115e-05
27.5 -1.10925e-05
27.52 -3.55767e-05
27.54 -2.37878e-05
27.56 -2.53936e-05
27.58 -5.74011e-05
27.6 -8.25499e-05
27.62 -7.15729e-05
27.64 -5.29137e-05
27.66 -6.20686e-05
27.68 -7.9259e-05
27.7 -6.45423e-05
27.72 -1.79852e-05
27.74 2.72754e-05
27.76 5.03322e-05
27.78 5.73232e-05
27.8 6.1292e-05
27.82 6.64355e-05
27.84 6.85576e-05
27.86 5.99016e-05
27.88 3.56834e-05
27.9 7.28025e-06
27.92 -5.34957e-06
27.94 -1.8641e-06
27.96 4.0155e-06
27.98 4.77022e-06
28 -2.84492e-06
28.02 -1.04255e-05
28.04 -5.92522e-06
28.06 -1.3756e-06
28.08 -1.38725e-05
28.1 -3.53209e-05
28.12 -3.54864e-05
28.14 -2.71237e-06
28.16 1.83246e-05
28.18 -7.67132e-06
28.2 -2.98586e-05
28.22 7.08158e-06
28.24 6.55708e-05
28.26 8.17431e-05
28.28 6.31389e-05
28.3 6.27233e-05
28.32 9.37557e-05
28.34 0.000108897
28.36 3.34845e-05
28.38 -0.000124771
28.4 -0.000204822
28.42 -8.76936e-05
28.44 8.69554e-05
28.46 7.35932e-05
28.48 -0.000109582
28.5 -0.000179582
28.52 -1.76664e-05
28.54 0.000156263
28.56 0.000122756
28.58 -3.14702e-05
28.6 -7.94572e-05
28.62 3.59538e-06
28.64 5.59096e-05
28.66 1.75208e-05
28.68 -7.60344e-06
28.7 4.29686e-05
28.72 8.90871e-05
28.74 3.50641e-05
28.76 -8.29821e-05
28.78 -0.000120604
28.8 -1.14727e-05
28.82 0.000107349
28.84 6.10722e-05
28.86 -8.5545e-05
28.88 -0.000102088
28.9 4.76328e-05
28.92 0.000152436
28.94 8.57558e-05
28.96 -2.35602e-05
28.98 -1.83827e-05
29 4.96438e-05
29.02 4.01015e-05
29.04 -2.28289e-05
29.06 -6.36356e-06
29.08 7.70656e-05
29.1 8.10194e-05
29.12 -2.62756e-05
29.14 -0.000105028
29.16 -5.93353e-05
29.18 2.2673e-05
29.2 1.24839e-05
29.22 -6.44492e-05
29.24 -8.79737e-05
29.26 -3.50922e-05
29.28 1.0876e-05
29.3 2.01668e-08
29.32 -3.51481e-05
29.34 -4.60094e-05
29.36 -2.37225e-05
29.38 8.78894e-06
29.4 2.87096e-05
29.42 2.5121e-05
29.44 5.06583e-06
29.46 -7.4719e-06
29.48 2.97148e-06
29.5 1.99426e-05
29.52 1.67508e-05
29.54 -9.33502e-06
29.56 -4.52811e-05
29.58 -7.09552e-05
29.6 -5.88935e-05
29.62 -1.32029e-05
29.64 7.43226e-06
29.66 -3.30921e-05
29.68 -7.84418e-05
29.7 -6.2827e-05
29.72 -1.36586e-05
29.74 -3.53622e-06
29.76 -3.81659e-05
29.78 -4.87495e-05
29.8 -5.34953e-06
29.82 3.41951e-05
29.84 2.45525e-05
29.86 4.91578e-07
29.88 1.0266e-05
29.9 4.25244e-05
29.92 5.72064e-05
29.94 4.63024e-05
29.96 3.03383e-05
29.98 1.87628e-05
30 -2.57399e-06
30.02 -3.91136e-05
30.04 -6.42826e-05
30.06 -5.62153e-05
30.08 -4.01063e-05
30.1 -4.75133e-05
30.12 -5.6162e-05
30.14 -2.57582e-05
30.16 2.82257e-05
30.18 5.03045e-05
30.2 2.71771e-05
30.22 1.97384e-06
30.24 9.25659e-06
30.26 3.80714e-05
30.28 5.66496e-05
30.3 5.38543e-05
30.32 4.87577e-05
30.34 5.02951e-05
30.36 4.2299e-05
30.38 2.15093e-05
30.4 3.29367e-06
30.42 -5.45e-06
30.44 -2.05531e-05
30.46 -5.68142e-05
30.48 -8.97691e-05
30.5 -7.76261e-05
30.52 -2.35479e-05
30.54 1.49666e-05
30.56 -1.61901e-06
30.58 -3.45466e-05
30.6 -2.09323e-05
30.62 3.36649e-05
30.64 6.7754e-05
30.66 5.35898e-05
30.68 2.73842e-05
30.7 3.27027e-05
30.72 5.92999e-05
30.74 5.07189e-05
30.76 -5.48884e-06
30.78 -3.8029e-05
30.8 -5.06859e-06
30.82 3.10881e-05
30.84 1.15208e-05
30.86 -2.81774e-05
30.88 -2.25889e-05
30.9 3.16716e-05
30.92 7.66725e-05
30.94 6.4712e-05
30.96 1.6342e-05
30.98 -5.6878e-06
31 1.33157e-05
31.02 2.09019e-05
31.04 -1.00546e-05
31.06 -3.82022e-05
31.08 -3.23048e-05
31.1 -1.81792e-05
31.12 -1.7977e-05
31.14 -1.15643e-05
31.16 1.48287e-05
31.18 3.44763e-05
31.2 2.20366e-05
31.22 -3.65315e-06
31.24 -3.91985e-06
31.26 2.58673e-05
31.28 4.42926e-05
31.3 2.08143e-05
31.32 -1.25311e-05
31.34 -4.83586e-06
31.36 3.48211e-05
31.38 4.59969e-05
31.4 1.26697e-05
31.42 -5.40512e-06
31.44 2.34847e-05
31.46 4.71514e-05
31.48 2.29845e-05
31.5 -1.89061e-05
31.52 -3.29553e-05
31.54 -1.77104e-05
31.56 -5.85949e-06
31.58 -1.8206e-05
31.6 -3.67062e-05
31.62 -3.11995e-05
31.64 -1.05757e-05
31.66 -1.32955e-05
31.68 -4.23788e-05
31.7 -5.86705e-05
31.72 -4.25503e-05
31.74 -1.85677e-05
31.76 -1.58386e-05
31.78 -2.95506e-05
31.8 -3.17656e-05
31.82 -1.62813e-05
31.84 -6.96713e-06
31.86 -9.81605e-06
31.88 -1.59828e-06
31.9 2.02684e-05
31.92 2.70076e-05
31.94 9.22411e-06
31.96 -1.19738e-06
31.98 1.93935e-05
32 4.29328e-05
32.02 2.86421e-05
32.04 -1.39757e-05
32.06 -3.61027e-05
32.08 -1.97531e-05
32.1 -2.89202e-07
32.12 -1.2471e-05
32.14 -4.46002e-05
32.16 -5.52484e-05
32.18 -2.92674e-05
32.2 -2.36703e-06
32.22 -1.21252e-05
32.24 -4.23777e-05
32.26 -4.78534e-05
32.28 -2.14979e-05
32.3 -3.28069e-06
32.32 -2.14212e-05
32.34 -5.2689e-05
32.36 -5.4283e-05
32.38 -2.63256e-05
32.4 -1.4201e-05
32.42 -3.61566e-05
32.44 -5.46626e-05
32.46 -3.78172e-05
32.48 -5.21543e-06
32.5 -1.28219e-07
32.52 -3.10381e-05
32.54 -5.21381e-05
32.56 -2.38044e-05
32.58 2.09712e-05
32.6 1.96774e-05
32.62 -1.95682e-05
32.64 -2.55947e-05
32.66 2.35941e-05
32.68 6.32594e-05
32.7 3.99816e-05
32.72 -1.01647e-05
32.74 -2.07695e-05
32.76 2.34273e-06
32.78 -9.5795e-07
32.8 -3.78358e-05
32.82 -5.28334e-05
32.84 -1.82622e-05
32.86 2.61514e-05
32.88 3.44303e-05
32.9 2.21084e-05
32.92 3.116e-05
32.94 5.4724e-05
32.96 5.20521e-05
32.98 1.97984e-05
33 -4.46237e-06
33.02 -1.75984e-06
33.04 7.10421e-06
33.06 7.64661e-07
33.08 -1.29371e-05
33.1 -1.66775e-05
33.12 -1.26595e-05
33.14 -1.30581e-05
33.16 -1.52039e-05
33.18 -1.17335e-05
33.2 -4.58258e-06
33.22 4.04601e-06
33.24 9.72012e-06
33.26 6.162e-06
33.28 -4.83692e-06
33.3 -1.80884e-05
33.32 -2.48416e-05
33.34 -9.88522e-06
33.36 2.36561e-05
33.38 4.10875e-05
33.4 1.79887e-05
33.42 -1.86941e-05
33.44 -1.97559e-05
33.46 1.71224e-05
33.48 3.54905e-05
33.5 4.66171e-07
33.52 -4.24846e-05
33.54 -3.66873e-05
33.56 2.2596e-06
33.58 2.22736e-05
33.6 9.81879e-06
33.62 -7.22332e-06
33.64 -6.95042e-06
33.66 -1.78498e-06
33.68 -1.57416e-05
33.7 -4.08952e-05
33.72 -4.23851e-05
33.74 -1.7764e-05
33.76 -5.33952e-06
33.78 -1.43837e-05
33.8 -7.49752e-06
33.82 2.7644e-05
33.84 5.00094e-05
33.86 3.45594e-05
33.88 1.33789e-05
33.9 2.31341e-05
33.92 5.10618e-05
33.94 5.57998e-05
33.96 2.96432e-05
33.98 1.34279e-05
34 3.34909e-05
34.02 5.46108e-05
34.04 3.52834e-05
34.06 -1.9822e-06
34.08 -1.10127e-05
34.1 2.85273e-06
34.12 5.61907e-06
34.14 -1.03684e-05
34.16 -2.57874e-05
34.18 -2.22562e-05
34.2 -4.92825e-06
34.22 4.11186e-06
34.24 -6.23652e-06
34.26 -2.22501e-05
34.28 -2.17655e-05
34.3 -1.69157e-06
34.32 1.43225e-05
34.34 4.3528e-06
34.36 -1.52289e-05
34.38 -3.42266e-06
34.4 4.07097e-05
34.42 6.5178e-05
34.44 4.36926e-05
34.46 1.56428e-05
34.48 2.128e-05
34.5 3.85851e-05
34.52 2.15121e-05
34.54 -2.35007e-05
34.56 -4.53751e-05
34.58 -2.22619e-05
34.6 1.19421e-05
34.62 1.9284e-05
34.64 3.76807e-06
34.66 -6.67808e-06
34.68 -2.10894e-06
34.7 1.16511e-06
34.72 -1.08554e-05
34.74 -2.90313e-05
34.76 -3.55658e-05
34.78 -2.54014e-05
34.8 -8.65605e-06
34.82 -6.78874e-07
34.84 -1.4412e-06
34.86 6.1796e-06
34.88 2.11532e-05
34.9 2.27378e-05
34.92 1.41796e-05
34.94 1.96745e-05
34.96 4.03039e-05
34.98 5.11457e-05
35 3.46208e-05
35.02 4.95587e-06
35.04 -4.75913e-06
35.06 9.28465e-06
35.08 1.06405e-05
35.1 -1.86948e-05
35.12 -4.57103e-05
35.14 -4.27686e-05
35.16 -3.28944e-05
35.18 -4.28765e-05
35.2 -5.53346e-05
35.22 -3.84124e-05
35.24 -2.58467e-07
35.26 1.61069e-05
35.28 -5.65159e-06
35.3 -2.83996e-05
35.32 -1.20426e-05
35.34 2.27999e-05
35.36 2.0102e-05
35.38 -1.75311e-05
35.4 -2.56638e-05
35.42 1.78749e-05
35.44 5.67591e-05
35.46 3.93828e-05
35.48 -7.48289e-06
35.5 -1.85084e-05
35.52 8.9742e-06
35.54 1.42768e-05
35.56 -2.24055e-05
35.58 -5.44232e-05
35.6 -5.14292e-05
35.62 -3.73355e-05
35.64 -3.91085e-05
35.66 -4.61013e-05
35.68 -3.6831e-05
35.7 -1.93373e-05
35.72 -1.34869e-05
35.74 -1.88254e-05
35.76 -2.74645e-05
35.78 -2.58472e-05
35.8 6.44661e-06
35.82 4.56613e-05
35.84 3.07186e-05
35.86 -2.70006e-05
35.88 -4.34619e-05
35.9 -4.74521e-06
35.92 1.3753e-05
35.94 -7.62107e-06
35.96 3.34627e-06
35.98 5.92375e-05
36 6.30978e-05
36.02 -1.37863e-05
36.04 -5.78293e-05
36.06 -2.91515e-06
36.08 6.46697e-05
36.1 5.96868e-05
36.12 1.77791e-05
36.14 1.10494e-06
36.16 -1.55635e-06
36.18 -4.17642e-06
36.2 2.06468e-05
36.22 5.62606e-05
36.24 4.88009e-05
36.26 -2.54608e-06
36.28 -5.23219e-05
36.3 -6.66973e-05
36.32 -5.29628e-05
36.34 -4.74201e-05
36.36 -5.63674e-05
36.38 -4.81595e-05
36.4 -1.48396e-05
36.42 1.91134e-05
36.44 3.2519e-05
36.46 1.15396e-05
36.48 -2.52896e-05
36.5 -2.85624e-06
36.52 0.000104096
36.54 0.000177566
36.56 0.000110787
36.58 -5.43248e-06
36.6 -5.59663e-06
36.62 8.97464e-05
36.64 9.80694e-05
36.66 -2.14054e-05
36.68 -9.36435e-05
36.7 -4.1251e-05
36.72 -9.09584e-06
36.74 -6.97207e-05
36.76 -7.85141e-05
36.78 3.50732e-05
36.8 8.62847e-05
36.82 -4.68426e-05
36.84 -0.000166501
36.86 -7.31635e-05
36.88 8.416e-05
36.9 3.99602e-05
36.92 -0.000156269
36.94 -0.000212026
36.96 -3.78665e-05
36.98 0.000155081
37 0.000152602
37.02 -1.38238e-05
37.04 -9.63501e-05
37.06 5.24107e-05
37.08 0.000238743
37.1 0.000177892
37.12 -5.88879e-05
37.14 -0.000139892
37.16 1.05005e-05
37.18 0.00011697
37.2 -2.78259e-06
37.22 -0.00018879
37.24 -0.000221615
37.26 -0.000104267
37.28 2.12813e-05
37.3 4.87667e-05
37.32 -2.09904e-05
37.34 -9.1665e-05
37.36 -8.32403e-05
37.38 -2.77644e-05
37.4 -9.44887e-06
37.42 -3.49466e-05
37.44 -3.39501e-05
37.46 1.68948e-05
37.48 6.41075e-05
37.5 6.3258e-05
37.52 2.92052e-05
37.54 1.12129e-05
37.56 4.599e-05
37.58 0.000112715
37.6 0.000131429
37.62 6.09592e-05
37.64 -3.24375e-05
37.66 -6.27414e-05
37.68 -1.82942e-05
37.7 4.62718e-05
37.72 5.42773e-05
37.74 -1.20742e-05
37.76 -6.67483e-05
37.78 -3.05079e-05
37.8 4.43957e-05
37.82 2.89673e-05
37.84 -0.000100472
37.86 -0.000192191
37.88 -0.000120979
37.9 9.66154e-06
37.92 2.92986e-05
37.94 -4.0028e-05
37.96 -5.99675e-05
37.98 -1.99925e-06
38 4.45179e-05
38.02 2.56009e-05
38.04 -1.43316e-05
38.06 -1.00828e-05
38.08 2.81857e-05
38.1 3.60212e-05
38.12 2.87768e-06
38.14 -2.09091e-05
38.16 -5.06521e-06
38.18 3.22236e-05
38.2 5.44086e-05
38.22 5.46674e-05
38.24 5.09141e-05
38.26 3.64914e-05
38.28 -7.07649e-06
38.3 -6.03341e-05
38.32 -7.53146e-05
38.34 -3.62468e-05
38.36 8.48352e-06
38.38 -8.97051e-07
38.4 -4.41719e-05
38.42 -3.93763e-05
38.44 3.24717e-05
38.46 9.22927e-05
38.48 6.77024e-05
38.5 -1.07394e-05
38.52 -5.04183e-05
38.54 -2.23453e-05
38.56 8.84897e-06
38.58 -1.53805e-05
38.6 -7.05261e-05
38.62 -8.76673e-05
38.64 -4.82322e-05
38.66 -7.04771e-06
38.68 -9.94286e-06
38.7 -3.37266e-05
38.72 -3.0146e-05
38.74 7.51567e-06
38.76 4.14822e-05
38.78 4.07838e-05
38.8 1.89513e-05
38.82 8.90411e-06
38.84 1.17801e-05
38.86 -2.02033e-06
38.88 -3.70556e-05
38.9 -5.53019e-05
38.92 -3.84996e-05
38.94 -2.18308e-05
38.96 -3.1343e-05
38.98 -3.60427e-05
39 -5.02741e-07
39.02 5.20765e-05
39.04 7.23313e-05
39.06 5.97858e-05
39.08 6.11692e-05
39.1 9.44756e-05
39.12 0.000112074
39.14 6.36054e-05
39.16 -2.21666e-05
39.18 -6.1844e-05
39.2 -2.79221e-05
39.22 1.3688e-05
39.24 -1.58661e-06
39.26 -4.66089e-05
39.28 -4.76821e-05
39.3 1.32081e-06
39.32 2.85991e-05
39.34 -4.76672e-06
39.36 -4.93843e-05
39.38 -4.8914e-05
39.4 -1.68388e-05
39.42 -5.83523e-07
39.44 -1.40947e-05
39.46 -3.18281e-05
39.48 -2.71815e-05
39.5 -2.35159e-06
39.52 1.97548e-05
39.54 2.34768e-05
39.56 1.31999e-05
39.58 3.90937e-06
39.6 7.85183e-06
39.62 2.95433e-05
39.64 5.78651e-05
39.66 6.9285e-05
39.68 5.56481e-05
39.7 3.88915e-05
39.72 3.94111e-05
39.74 3.99375e-05
39.76 1.43182e-05
39.78 -2.04158e-05
39.8 -2.84783e-05
39.82 -1.30323e-05
39.84 -5.29398e-06
39.86 -1.76499e-05
39.88 -3.22321e-05
39.9 -2.91944e-05
39.92 -1.28568e-05
39.94 1.72233e-07
39.96 4.19749e-06
39.98 6.8303e-07
40 -7.88261e-06
40.02 -1.25916e-05
40.04 -6.77284e-06
40.06 2.18876e-06
40.08 -1.18848e-06
40.1 -1.35138e-05
40.12 -6.9789e-06
40.14 2.11056e-05
40.16 3.26584e-05
40.18 1.2816e-05
40.2 -6.35074e-06
40.22 -4.20122e-06
40.24 1.99389e-06
40.26 -8.47286e-06
40.28 -3.0328e-05
40.3 -3.92088e-05
40.32 -2.54091e-05
40.34 -9.24391e-06
40.36 -1.10638e-05
40.38 -2.24834e-05
40.4 -1.83583e-05
40.42 1.15852e-05
40.44 4.40514e-05
40.46 4.99635e-05
40.48 3.53328e-05
40.5 2.79483e-05
40.52 3.55881e-05
40.54 3.3472e-05
40.56 2.13898e-06
40.58 -2.56073e-05
40.6 -5.84191e-06
40.62 3.29415e-05
40.64 2.22332e-05
40.66 -4.38315e-05
40.68 -9.41131e-05
40.7 -7.27439e-05
40.72 -1.90391e-05
40.74 -1.4114e-05
40.76 -6.47471e-05
40.78 -9.8666e-05
40.8 -6.80235e-05
40.82 -5.34682e-06
40.84 2.76165e-05
40.86 1.79379e-05
40.88 6.01681e-06
40.9 1.324e-05
40.92 1.86206e-05
40.94 1.38491e-05
40.96 1.54215e-05
40.98 2.72408e-05
41 3.74773e-05
41.02 3.47174e-05
41.04 1.6417e-05
41.06 2.04297e-07
41.08 3.44425e-06
41.1 1.41115e-05
41.12 1.25678e-05
41.14 -1.38944e-06
41.16 -1.51146e-05
41.18 -2.2418e-05
41.2 -2.97994e-05
41.22 -4.13623e-05
41.24 -4.77482e-05
41.26 -3.90289e-05
41.28 -2.60975e-05
41.3 -2.83859e-05
41.32 -3.78003e-05
41.34 -2.99523e-05
41.36 -7.01709e-06
41.38 6.91735e-06
41.4 2.92969e-06
41.42 -7.00551e-07
41.44 1.67668e-05
41.46 4.6174e-05
41.48 5.67116e-05
41.5 3.86431e-05
41.52 1.89566e-05
41.54 2.47423e-05
41.56 4.6008e-05
41.58 4.87351e-05
41.6 1.98665e-05
41.62 -1.21736e-05
41.64 -1.45766e-05
41.66 3.99713e-06
41.68 8.95494e-06
41.7 -1.0325e-05
41.72 -3.2573e-05
41.74 -4.10942e-05
41.76 -4.16142e-05
41.78 -4.31601e-05
41.8 -4.52621e-05
41.82 -3.99521e-05
41.84 -1.90315e-05
41.86 9.61296e-06
41.88 2.42707e-05
41.9 1.94151e-05
41.92 1.70901e-05
41.94 3.33982e-05
41.96 5.25647e-05
41.98 5.11396e-05
42 3.0636e-05
42.02 1.2427e-05
42.04 6.94418e-06
42.06 2.09198e-06
42.08 -1.21415e-05
42.1 -2.23211e-05
42.12 -1.20073e-05
42.14 8.83697e-06
42.16 1.57756e-05
42.18 2.06296e-06
42.2 -1.39442e-05
42.22 -1.28286e-05
42.24 -1.30458e-06
42.26 -2.12257e-06
42.28 -2.06347e-05
42.3 -3.84518e-05
42.32 -4.02514e-05
42.34 -3.07938e-05
42.36 -1.98076e-05
42.38 -1.2181e-05
42.4 -8.78067e-06
42.42 -1.34612e-06
42.44 1.23778e-05
42.46 1.88748e-05
42.48 1.24697e-05
42.5 4.4075e-06
42.52 7.30648e-06
42.54 1.98323e-05
42.56 2.72446e-05
42.58 2.08179e-05
42.6 1.00774e-05
42.62 1.06813e-05
42.64 2.10029e-05
42.66 2.21775e-05
42.68 8.43415e-06
42.7 -1.32667e-06
42.72 7.66075e-06
42.74 2.12108e-05
42.76 1.33186e-05
42.78 -1.3568e-05
42.8 -2.37285e-05
42.82 -2.2127e-06
42.84 1.26094e-05
42.86 -1.22838e-05
42.88 -4.81272e-05
42.9 -4.79746e-05
42.92 -1.59498e-05
42.94 5.59887e-07
42.96 -2.27383e-05
42.98 -5.27348e-05
43 -4.37367e-05
43.02 -1.20441e-06
43.04 2.53121e-05
43.06 1.14256e-05
43.08 -1.20467e-05
43.1 -6.22858e-06
43.12 2.37596e-05
43.14 3.8473e-05
43.16 2.24881e-05
43.18 5.36422e-06
43.2 1.15672e-05
43.22 2.36711e-05
43.24 1.49455e-05
43.26 -9.91583e-06
43.28 -2.39721e-05
43.3 -1.84194e-05
43.32 -1.53446e-05
43.34 -3.09286e-05
43.36 -4.97025e-05
43.38 -4.93526e-05
43.4 -3.27378e-05
43.42 -1.83258e-05
43.44 -1.15209e-05
43.46 -4.03225e-06
43.48 9.24604e-06
43.5 2.30948e-05
43.52 2.89157e-05
43.54 2.54374e-05
43.56 1.89398e-05
43.58 1.4346e-05
43.6 8.67304e-06
43.62 -1.04623e-06
43.64 -8.62903e-06
43.66 -7.11587e-06
43.68 -1.56571e-06
43.7 -4.6531e-06
43.72 -1.66129e-05
43.74 -2.05932e-05
43.76 -1.05563e-05
43.78 -2.64767e-06
43.8 -4.79755e-06
43.82 -5.89163e-06
43.84 5.76294e-07
43.86 3.68502e-06
43.88 -7.49177e-06
43.9 -2.19842e-05
43.92 -2.02835e-05
43.94 -6.97799e-06
43.96 -6.88439e-06
43.98 -2.3224e-05
44 -2.97027e-05
44.02 -1.30084e-05
44.04 6.64086e-06
44.06 6.68025e-06
44.08 -7.4504e-06
44.1 -1.35801e-05
44.12 -3.28425e-06
44.14 7.97695e-06
44.16 3.75016e-06
44.18 -1.13919e-05
44.2 -2.03376e-05
44.22 -1.73322e-05
44.24 -1.32157e-05
44.26 -1.76171e-05
44.28 -2.69358e-05
44.3 -3.0361e-05
44.32 -2.27753e-05
44.34 -9.53179e-06
44.36 -2.21253e-06
44.38 -5.54293e-06
44.4 -6.42844e-06
44.42 7.43945e-06
44.44 2.51968e-05
44.46 3.02755e-05
44.48 2.23214e-05
44.5 1.00226e-05
44.52 3.64622e-07
44.54 -4.41401e-06
44.56 -8.06628e-06
44.58 -1.47068e-05
44.6 -2.24644e-05
44.62 -2.54585e-05
44.64 -2.09172e-05
44.66 -1.31826e-05
44.68 -9.92265e-06
44.7 -1.28962e-05
44.72 -1.26658e-05
44.74 -3.20801e-06
44.76 6.69132e-06
44.78 7.36389e-06
44.8 1.55148e-09
44.82 -6.34594e-06
44.84 -3.29906e-06
44.86 7.47577e-06
44.88 1.48736e-05
44.9 1.09024e-05
44.92 5.79497e-07
44.94 -3.3991e-06
44.96 1.9772e-06
44.98 5.10571e-06
45 -3.253e-06
45.02 -1.49582e-05
45.04 -1.42481e-05
45.06 -1.67328e-07
45.08 1.01038e-05
45.1 2.86182e-06
45.12 -1.04846e-05
45.14 -8.97488e-06
45.16 3.97227e-06
45.18 6.17726e-06
45.2 -8.00088e-06
45.22 -1.63335e-05
45.24 1.42564e-07
45.26 2.71087e-05
45.28 3.51401e-05
45.3 1.86347e-05
45.32 3.92349e-06
45.34 1.29539e-05
45.36 2.55627e-05
45.38 1.07657e-05
45.4 -2.03158e-05
45.42 -2.77964e-05
45.44 7.40806e-07
45.46 2.36599e-05
45.48 3.28028e-06
45.5 -3.1296e-05
45.52 -2.8856e-05
45.54 3.77534e-06
45.56 1.37718e-05
45.58 -1.3953e-05
45.6 -3.47394e-05
45.62 -1.49262e-05
45.64 1.6304e-05
45.66 9.74571e-06
45.68 -2.7361e-05
45.7 -3.91432e-05
45.72 -6.57054e-06
45.74 2.19871e-05
45.76 2.32624e-06
45.78 -3.7463e-05
45.8 -3.50818e-05
45.82 1.15125e-05
45.84 3.82068e-05
45.86 1.21903e-05
45.88 -1.87196e-05
45.9 -1.97952e-06
45.92 4.03937e-05
45.94 4.97463e-05
45.96 1.70445e-05
45.98 -1.30876e-05
46 -1.1077e-05
46.02 7.1418e-06
46.04 1.12711e-05
46.06 -4.13235e-06
46.08 -1.67541e-05
46.1 -1.55386e-05
46.12 -1.2588e-05
46.14 -1.7338e-05
46.16 -2.55559e-05
46.18 -2.35378e-05
46.2 -3.90816e-06
46.22 1.45611e-05
46.24 5.96916e-06
46.26 -1.56164e-05
46.28 -1.05413e-05
46.3 1.64782e-05
46.32 2.27921e-05
46.34 1.34109e-06
46.36 -1.29978e-05
46.38 6.41824e-07
46.4 2.08313e-05
46.42 1.58102e-05
46.44 -7.20644e-06
46.46 -1.18749e-05
46.48 6.84817e-06
46.5 1.46767e-05
46.52 -3.62107e-06
46.54 -2.15362e-05
46.56 -1.36955e-05
46.58 6.78881e-06
46.6 8.63396e-06
46.62 -1.0315e-05
46.64 -2.07354e-05
46.66 -7.95266e-06
46.68 5.88244e-06
46.7 -3.4621e-06
46.72 -2.27482e-05
46.74 -2.02957e-05
46.76 1.87245e-06
46.78 1.2995e-05
46.8 2.95346e-06
46.82 -5.96776e-06
46.84 5.32152e-06
46.86 1.69336e-05
46.88 1.0749e-06
46.9 -2.47657e-05
46.92 -2.44594e-05
46.94 2.53225e-06
46.96 2.17402e-05
46.98 9.16037e-06
47 -1.58379e-05
47.02 -1.90103e-05
47.04 1.48443e-06
47.06 1.54431e-05
47.08 -9.60748e-07
47.1 -2.90798e-05
47.12 -2.44705e-05
47.14 1.1114e-05
47.16 2.12041e-05
47.18 -1.49246e-05
47.2 -4.50374e-05
47.22 -2.28259e-05
47.24 2.13548e-05
47.26 2.46215e-05
47.28 -1.09304e-05
47.3 -2.0781e-05
47.32 2.00684e-05
47.34 6.04116e-05
47.36 5.26331e-05
47.38 1.74105e-05
47.4 2.54371e-06
47.42 9.0516e-06
47.44 -6.47418e-07
47.46 -2.76134e-05
47.48 -2.85427e-05
47.5 4.16204e-06
47.52 2.03343e-05
47.54 -3.39536e-06
47.56 -2.12366e-05
47.58 3.1509e-07
47.6 2.43819e-05
47.62 8.37105e-06
47.64 -2.73903e-05
47.66 -3.5491e-05
47.68 -1.32974e-05
47.7 2.9957e-07
47.72 -1.30398e-05
47.74 -2.44785e-05
47.76 -6.68283e-06
47.78 1.93902e-05
47.8 1.75462e-05
47.82 -6.74808e-06
47.84 -1.77674e-05
47.86 -5.24174e-06
47.88 3.96884e-06
47.9 -9.21092e-06
47.92 -2.39082e-05
47.94 -1.56502e-05
47.96 7.37188e-07
47.98 -9.45019e-07
48 -1.35413e-05
48.02 -1.03122e-05
48.04 1.03554e-05
48.06 1.84553e-05
48.08 -4.39436e-06
48.1 -3.29839e-05
48.12 -2.6815e-05
48.14 1.31271e-05
48.16 3.21873e-05
48.18 -2.90631e-06
48.2 -4.36228e-05
48.22 -3.1155e-05
48.24 1.20214e-05
48.26 2.2381e-05
48.28 -9.30918e-06
48.3 -2.89562e-05
48.32 2.14862e-06
48.34 4.41355e-05
48.36 3.47551e-05
48.38 -1.06504e-05
48.4 -2.25598e-05
48.42 1.4884e-05
48.44 4.24852e-05
48.46 1.87509e-05
48.48 -2.07369e-05
48.5 -2.35837e-05
48.52 4.20784e-06
48.54 1.19751e-05
48.56 -1.96566e-05
48.58 -4.66278e-05
48.6 -2.93811e-05
48.62 4.3846e-06
48.64 2.82113e-06
48.66 -2.78627e-05
48.68 -3.00399e-05
48.7 1.05142e-05
48.72 3.73285e-05
48.74 1.24083e-05
48.76 -2.28592e-05
48.78 -1.14968e-05
48.8 2.77119e-05
48.82 3.19066e-05
48.84 -4.38027e-06
48.86 -2.45568e-05
48.88 3.15306e-07
48.9 2.95898e-05
48.92 1.80986e-05
48.94 -1.54528e-05
48.96 -2.03929e-05
48.98 8.38385e-06
49 2.51629e-05
49.02 4.81959e-06
49.04 -2.00539e-05
49.06 -1.14947e-05
49.08 1.60565e-05
49.1 1.98453e-05
49.12 -1.81896e-06
49.14 -8.38415e-06
49.16 1.42351e-05
49.18 3.06696e-05
49.2 1.12528e-05
49.22 -1.73836e-05
49.24 -1.2604e-05
49.26 1.12142e-05
49.28 8.33588e-06
49.3 -2.04878e-05
49.32 -3.19338e-05
49.34 -8.94661e-06
49.36 1.48808e-05
49.38 5.1377e-06
49.4 -2.11977e-05
49.42 -2.04021e-05
49.44 8.24869e-06
49.46 2.19814e-05
49.48 2.2751e-06
49.5 -1.98251e-05
49.52 -1.45276e-05
49.54 3.03178e-06
49.56 3.39345e-06
49.58 -1.2105e-05
49.6 -2.21787e-05
49.62 -2.00913e-05
49.64 -1.98447e-05
49.66 -3.1673e-05
49.68 -4.26435e-05
49.7 -3.71964e-05
49.72 -2.26293e-05
49.74 -1.5337e-05
49.76 -1.5801e-05
49.78 -1.10465e-05
49.8 1.50511e-07
49.82 2.03536e-06
49.84 -9.16336e-06
49.86 -1.25562e-05
49.88 4.94638e-06
49.9 2.27679e-05
49.92 1.52722e-05
49.94 -7.09191e-06
49.96 -1.41147e-05
49.98 -2.27428e-06
50 4.24085e-06
50.02 -8.45755e-06
50.04 -2.34796e-05
50.06 -1.60295e-05
50.08 8.26988e-06
50.1 1.55263e-05
50.12 -6.64269e-06
50.14 -2.78576e-05
50.16 -2.07186e-05
50.18 2.05781e-06
50.2 9.53385e-06
50.22 -7.43068e-06
50.24 -2.56995e-05
50.26 -1.91703e-05
50.28 3.84067e-06
50.3 1.10021e-05
50.32 -3.55688e-06
50.34 -1.08477e-05
50.36 2.898e-06
50.38 1.51204e-05
50.4 7.59558e-06
50.42 -5.34032e-06
50.44 -1.34641e-06
50.46 1.55733e-05
50.48 1.94388e-05
50.5 3.59116e-07
50.52 -1.76493e-05
50.54 -1.01063e-05
50.56 1.25335e-05
50.58 1.9725e-05
50.6 5.10999e-06
50.62 -5.28584e-06
50.64 3.85564e-06
50.66 1.43306e-05
50.68 7.57054e-06
50.7 -5.47661e-06
50.72 -4.57876e-06
50.74 7.15705e-06
50.76 9.01759e-06
50.78 -4.2695e-06
50.8 -1.33603e-05
50.82 -7.38631e-06
50.84 -3.5313e-06
50.86 -1.48999e-05
50.88 -2.6336e-05
50.9 -2.18141e-05
50.92 -9.93472e-06
50.94 -7.74681e-06
50.96 -1.79108e-05
50.98 -2.72883e-05
51 -2.30018e-05
51.02 -9.53463e-06
51.04 -4.37892e-06
51.06 -1.20921e-05
51.08 -1.65871e-05
51.1 -8.54304e-06
51.12 7.39722e-07
51.14 -1.77961e-06
51.16 -1.36818e-05
51.18 -1.98199e-05
51.2 -1.07484e-05
51.22 2.2914e-06
51.24 1.91528e-06
51.26 -6.65047e-06
51.28 -1.90328e-06
51.3 1.8801e-05
51.32 3.48991e-05
51.34 2.548e-05
51.36 -1.44526e-05
51.38 -6.0446e-05
51.4 -7.41482e-05
51.42 -4.37409e-05
51.44 8.06536e-06
51.46 4.5213e-05
51.48 3.96485e-05
51.5 1.746e-06
51.52 -1.48707e-05
51.54 1.46575e-05
51.56 4.14286e-05
51.58 1.94719e-05
51.6 -2.54766e-05
51.62 -3.72125e-05
51.64 -2.84405e-06
51.66 3.41645e-05
51.68 3.29004e-05
51.7 6.38562e-06
51.72 -3.08108e-06
51.74 1.36267e-05
51.76 2.3331e-05
51.78 3.84795e-06
51.8 -2.59862e-05
51.82 -3.52819e-05
51.84 -1.81867e-05
51.86 3.64406e-06
51.88 6.50034e-06
51.9 -7.68706e-06
51.92 -1.47675e-05
51.94 -2.13541e-06
51.96 1.49381e-05
51.98 1.66621e-05
52 6.13794e-06
52.02 3.78667e-07
52.04 2.6056e-06
52.06 5.54245e-07
52.08 -1.01474e-05
52.1 -1.58842e-05
52.12 -6.69367e-06
52.14 1.89981e-06
52.16 -6.30657e-06
52.18 -1.59274e-05
52.2 -3.54104e-06
52.22 2.26394e-05
52.24 3.12688e-05
52.26 1.30557e-05
52.28 -5.34159e-06
52.3 -9.1944e-07
52.32 1.38119e-05
52.34 1.0736e-05
52.36 -1.1871e-05
52.38 -2.49395e-05
52.4 -1.21313e-05
52.42 4.78237e-06
52.44 6.67445e-07
52.46 -1.19407e-05
52.48 -5.51899e-06
52.5 1.36603e-05
52.52 1.52644e-05
52.54 -6.70489e-06
52.56 -2.37712e-05
52.58 -1.65428e-05
52.6 -3.38537e-06
52.62 -7.42281e-06
52.64 -2.2158e-05
52.66 -2.50989e-05
52.68 -1.17783e-05
52.7 1.28185e-07
52.72 -9.03134e-07
52.74 -8.99446e-06
52.76 -1.29671e-05
52.78 -9.60907e-06
52.8 -6.41692e-06
52.82 -9.13914e-06
52.84 -1.28202e-05
52.86 -1.1669e-05
52.88 -9.32691e-06
52.9 -9.50782e-06
52.92 -7.06693e-06
52.94 -6.74615e-07
52.96 -5.36923e-07
52.98 -8.74317e-06
53 -1.12441e-05
53.02 -8.43917e-07
53.04 9.8472e-06
53.06 7.28413e-06
53.08 -1.41789e-06
53.1 5.43448e-07
53.12 1.31669e-05
53.14 1.7789e-05
53.16 7.75334e-06
53.18 7.62718e-07
53.2 6.05082e-06
53.22 1.07128e-05
53.24 3.95712e-06
53.26 -6.83058e-06
53.28 -9.0852e-06
53.3 -4.39975e-06
53.32 -4.82396e-06
53.34 -1.45466e-05
53.36 -2.14053e-05
53.38 -1.40511e-05
53.4 -2.64231e-06
53.42 -2.99472e-06
53.44 -1.05145e-05
53.46 -1.09293e-05
53.48 -4.04268e-06
53.5 -6.7584e-07
53.52 -3.63446e-06
53.54 -4.82785e-06
53.56 -3.89546e-07
53.58 3.06641e-06
53.6 -9.20651e-07
53.62 -9.31355e-06
53.64 -1.38515e-05
53.66 -1.05256e-05
53.68 -5.10037e-06
53.7 -6.12594e-06
53.72 -9.52746e-06
53.74 -5.00305e-06
53.76 4.85156e-06
53.78 8.5793e-06
53.8 3.88491e-06
53.82 -1.23602e-06
53.84 7.75139e-07
53.86 8.29722e-06
53.88 9.20883e-06
53.9 -2.10749e-06
53.92 -1.12588e-05
53.94 -4.36164e-06
53.96 8.16498e-06
53.98 7.74735e-06
54 -4.49565e-06
54.02 -1.07821e-05
54.04 -2.4542e-06
54.06 8.89138e-06
54.08 8.97336e-06
54.1 -7.22271e-08
54.12 -2.49895e-06
54.14 6.43845e-06
54.16 1.07467e-05
54.18 1.55403e-06
54.2 -9.99669e-06
54.22 -1.43977e-05
54.24 -1.31795e-05
54.26 -1.16607e-05
54.28 -1.36081e-05
54.3 -1.50036e-05
54.32 -1.06574e-05
54.34 -5.56659e-06
54.36 -7.00927e-06
54.38 -1.2854e-05
54.4 -1.46662e-05
54.42 -8.83924e-06
54.44 -1.31505e-07
54.46 4.76926e-06
54.48 4.28324e-06
54.5 2.46258e-06
54.52 4.22495e-06
54.54 8.17387e-06
54.56 7.36427e-06
54.58 3.00675e-07
54.6 -5.04203e-06
54.62 -8.78438e-07
54.64 7.4311e-06
54.66 7.20358e-06
54.68 -4.09093e-06
54.7 -1.58858e-05
54.72 -1.64034e-05
54.74 -9.07996e-06
54.76 -9.21904e-06
54.78 -1.87965e-05
54.8 -2.34921e-05
54.82 -1.68815e-05
54.84 -6.53369e-06
54.86 -8.52265e-07
54.88 -6.82095e-08
54.9 2.96921e-06
54.92 9.66284e-06
54.94 1.19844e-05
54.96 8.86411e-06
54.98 8.34113e-06
55 1.01325e-05
55.02 6.84515e-06
55.04 -9.55245e-07
55.06 -4.70393e-06
55.08 -2.03611e-06
55.1 2.16444e-07
55.12 -1.01546e-06
55.14 -3.46461e-06
55.16 -4.54382e-06
55.18 -2.88266e-06
55.2 5.34957e-07
55.22 4.16232e-06
55.24 6.5199e-06
55.26 6.91828e-06
55.28 5.98768e-06
55.3 4.03302e-06
55.32 2.83959e-06
55.34 5.06663e-06
55.36 5.88437e-06
55.38 -1.28212e-06
55.4 -9.41421e-06
55.42 -7.3895e-06
55.44 -2.56373e-07
55.46 -4.97314e-07
55.48 -7.81907e-06
55.5 -1.40675e-05
55.52 -1.41772e-05
55.54 -9.62923e-06
55.56 -6.33051e-06
55.58 -5.82732e-06
55.6 -5.89455e-06
55.62 -3.75982e-06
55.64 -7.70308e-07
55.66 -4.7093e-06
55.68 -1.39071e-05
55.7 -1.40892e-05
55.72 -1.71529e-06
55.74 7.74276e-06
55.76 2.04627e-06
55.78 -9.58645e-06
55.8 -9.0339e-06
55.82 4.60176e-06
55.84 1.21016e-05
55.86 3.95451e-06
55.88 -1.05716e-06
55.9 1.43407e-05
55.92 2.95709e-05
55.94 5.15247e-06
55.96 -4.9172e-05
55.98 -6.81689e-05
56 -2.7457e-05
56.02 2.01114e-05
56.04 2.07953e-05
56.06 -1.53878e-05
56.08 -2.86844e-05
56.1 7.95495e-06
56.12 4.8398e-05
56.14 3.97178e-05
56.16 -7.11439e-06
56.18 -3.22179e-05
56.2 -1.0643e-05
56.22 1.36669e-05
56.24 1.59734e-06
56.26 -2.37846e-05
56.28 -2.0313e-05
56.3 1.08288e-05
56.32 2.91599e-05
56.34 1.2941e-05
56.36 -9.84665e-06
56.38 -6.56578e-06
56.4 1.06731e-05
56.42 9.83969e-06
56.44 -6.48995e-06
56.46 -5.70621e-06
56.48 1.7324e-05
56.5 2.7395e-05
56.52 7.42929e-06
56.54 -1.20808e-05
56.56 -1.7777e-06
56.58 2.0668e-05
56.6 1.56906e-05
56.62 -1.63368e-05
56.64 -3.22595e-05
56.66 -1.08866e-05
56.68 1.63678e-05
56.7 1.05237e-05
56.72 -1.87183e-05
56.74 -2.68657e-05
56.76 -1.66829e-06
56.78 1.94798e-05
56.8 7.11864e-06
56.82 -1.59309e-05
56.84 -1.31332e-05
56.86 9.4607e-06
56.88 1.88971e-05
56.9 1.29573e-06
56.92 -2.14113e-05
56.94 -1.99818e-05
56.96 -3.43703e-06
56.98 -4.44356e-06
57 -2.45784e-05
57.02 -3.22765e-05
57.04 -1.62388e-05
57.06 -3.77776e-06
57.08 -1.25231e-05
57.1 -1.96421e-05
57.12 -4.95332e-06
57.14 1.05559e-05
57.16 1.86421e-06
57.18 -1.7717e-05
57.2 -1.67306e-05
57.22 5.28467e-06
57.24 1.41745e-05
57.26 -6.09844e-06
57.28 -2.64643e-05
57.3 -1.50991e-05
57.32 1.33494e-05
57.34 1.74132e-05
57.36 -7.6853e-06
57.38 -2.075e-05
57.4 1.0089e-06
57.42 2.56561e-05
57.44 1.70203e-05
57.46 -1.23478e-05
57.48 -2.22545e-05
57.5 -2.0907e-06
57.52 1.74e-05
57.54 9.15517e-06
57.56 -1.41847e-05
57.58 -1.91341e-05
57.6 4.92089e-07
57.62 1.62388e-05
57.64 7.50672e-06
57.66 -1.07768e-05
57.68 -1.20007e-05
57.7 2.73455e-06
57.72 8.73948e-06
57.74 -3.33434e-06
57.76 -1.48685e-05
57.78 -9.41493e-06
57.8 2.65992e-06
57.82 2.49054e-06
57.84 -7.57855e-06
57.86 -9.941e-06
57.88 -7.65634e-07
57.9 4.62512e-06
57.92 -2.42436e-06
57.94 -9.67575e-06
57.96 -4.86011e-06
57.98 4.05929e-06
58 2.73501e-06
58.02 -6.57342e-06
58.04 -1.01487e-05
58.06 -3.52625e-06
58.08 3.43612e-06
58.1 1.08211e-06
58.12 -6.20555e-06
58.14 -7.03574e-06
58.16 -3.64562e-07
58.18 3.67888e-06
58.2 -4.41932e-07
58.22 -5.74245e-06
58.24 -3.98635e-06
58.26 1.66482e-06
58.28 2.223e-06
58.3 -2.98245e-06
58.32 -5.75531e-06
58.34 -1.98009e-06
58.36 2.3188e-06
58.38 7.70246e-07
58.4 -3.6711e-06
58.42 -3.89885e-06
58.44 2.77646e-07
58.46 2.30253e-06
58.48 -8.5269e-07
58.5 -4.29962e-06
58.52 -2.84216e-06
58.54 1.11625e-06
58.56 1.43708e-06
58.58 -2.18753e-06
58.6 -4.00853e-06
58.62 -1.33881e-06
58.64 1.50918e-06
58.66 2.59089e-07
58.68 -2.86174e-06
58.7 -3.02874e-06
58.72 -2.36265e-07
58.74 1.11294e-06
58.76 -8.89444e-07
58.78 -2.99173e-06
58.8 -2.02962e-06
58.82 3.38021e-07
58.84 4.62949e-07
58.86 -1.69433e-06
58.88 -2.74979e-06
58.9 -1.18575e-06
58.92 4.97283e-07
58.94 -2.18551e-07
58.96 -2.10148e-06
58.98 -2.25482e-06
59 -5.54985e-07
59.02 3.43672e-07
59.04 -8.43239e-07
59.06 -2.19733e-06
59.08 -1.67375e-06
59.1 -1.68819e-07
59.12 1.13001e-08
59.14 -1.30883e-06
59.16 -2.05055e-06
59.18 -1.13522e-06
59.2 -3.169e-08
59.22 -3.94632e-07
59.24 -1.57841e-06
59.26 -1.75176e-06
59.28 -7.13078e-07
59.3 -8.6045e-08
59.32 -7.73512e-07
59.34 -1.65427e-06
59.36 -1.39074e-06
59.38 -4.4288e-07
59.4 -2.64059e-07
59.42 -1.06351e-06
59.44 -1.57415e-06
59.46 -1.04278e-06
59.48 -3.23054e-07
59.5 -4.94914e-07
59.52 -1.23519e-06
59.54 -1.39169e-06
59.56 -7.5976e-07
59.58 -3.26853e-07
59.6 -7.18905e-07
59.62 -1.28775e-06
59.64 -1.16288e-06
59.66 -5.67442e-07
59.68 -4.13739e-07
59.7 -8.94449e-07
59.72 -1.2412e-06
59.74 -9.35619e-07
59.76 -4.6836e-07
59.78 -5.40084e-07
59.8 -1.00017e-06
59.82 -1.12698e-06
59.84 -7.44029e-07
59.86 -4.48482e-07
59.88 -6.68126e-07
59.9 -1.03273e-06
59.92 -9.79356e-07
59.94 -6.06449e-07
59.96 -4.83859e-07
59.98 -1.57784e-06
