0.02 4.9914e-06
0.04 1.41398e-05
0.06 1.54765e-05
0.08 7.07921e-06
0.1 2.02643e-06
0.12 7.57598e-06
0.14 1.46431e-05
0.16 1.26606e-05
0.18 5.70391e-06
0.2 5.36072e-06
0.22 1.25875e-05
0.24 1.69857e-05
0.26 1.34718e-05
0.28 9.74278e-06
0.3 1.35061e-05
0.32 1.96875e-05
0.34 2.04738e-05
0.36 1.88179e-05
0.38 1.81567e-05
0.4 9.5314e-06
0.42 -1.20559e-05
0.44 -1.1011e-05
0.46 3.34653e-05
0.48 5.28508e-05
0.5 1.91838e-06
0.52 -5.00297e-05
0.54 -3.64295e-05
0.56 -1.07335e-05
0.58 -5.27509e-05
0.6 -9.70379e-05
0.62 -4.42025e-05
0.64 1.74689e-05
0.66 -2.1484e-05
0.68 -0.000133219
0.7 -0.000194986
0.72 -4.48686e-05
0.74 0.000169783
0.76 0.00012087
0.78 -6.51399e-05
0.8 1.7632e-05
0.82 0.000356222
0.84 0.000501885
0.86 0.000243453
0.88 -6.55235e-05
0.9 -4.12708e-05
0.92 0.000197161
0.94 0.000221346
0.96 -0.000118832
0.98 -0.000428171
1 -0.000294289
1.02 0.000103148
1.04 0.000207614
1.06 -0.000155958
1.08 -0.000521425
1.1 -0.00042423
1.12 -1.75605e-05
1.14 0.000211122
1.16 1.63105e-05
1.18 -0.000398452
1.2 -0.000432537
1.22 9.43424e-05
1.24 0.000395016
1.26 -5.43013e-05
1.28 -0.000619209
1.3 -0.000546984
1.32 6.21881e-05
1.34 0.000542994
1.36 0.000390464
1.38 -0.000164738
1.4 -0.000371909
1.42 1.39459e-05
1.44 0.000320929
1.46 -0.000130296
1.48 -0.000966026
1.5 -0.00116073
1.52 -0.000509866
1.54 2.55366e-05
1.56 -0.000292133
1.58 -0.000896818
1.6 -0.000744947
1.62 7.58003e-05
1.64 0.000440732
1.66 -7.98869e-05
1.68 -0.000627994
1.7 -0.000403726
1.72 0.000163025
1.74 0.000109427
1.76 -0.000470696
1.78 -0.000580339
1.8 -9.58802e-05
1.82 5.96618e-05
1.84 -0.000470065
1.86 -0.000868267
1.88 -0.000314502
1.9 0.000560395
1.92 0.000318056
1.94 -0.000901214
1.96 -0.00128852
1.98 -0.000248508
2 0.000467154
2.02 -0.000463096
2.04 -0.00173485
2.06 -0.00145707
2.08 -0.000154947
2.1 8.1509e-05
2.12 -0.00102144
2.14 -0.00153771
2.16 -0.000544595
2.18 0.000524783
2.2 0.000260361
2.22 -0.000782794
2.24 -0.0010492
2.26 -0.000206522
2.28 0.000261367
2.3 -0.00060067
2.32 -0.00154071
2.34 -0.00115718
2.36 -2.28901e-05
2.38 0.000247739
2.4 -0.000817406
2.42 -0.00173821
2.44 -0.00109313
2.46 0.000196373
2.48 0.000280598
2.5 -0.000654414
2.52 -0.00085403
2.54 5.11065e-05
2.56 0.000686623
2.58 0.000441301
2.6 0.000348848
2.62 0.00112623
2.64 0.00193109
2.66 0.00182572
2.68 0.0013821
2.7 0.00175868
2.72 0.00283531
2.74 0.00354348
2.76 0.0035022
2.78 0.0032283
2.8 0.00330181
2.82 0.00380748
2.84 0.00436594
2.86 0.00460178
2.88 0.00425297
2.9 0.00352279
2.92 0.00330741
2.94 0.00386569
2.96 0.00419202
2.98 0.00368072
3 0.00311418
3.02 0.00280467
3.04 0.00203336
3.06 0.00109108
3.08 0.000726258
3.1 0.00053121
3.12 -0.000157135
3.14 -0.00114531
3.16 -0.00185486
3.18 -0.00219737
3.2 -0.00255982
3.22 -0.00318895
3.24 -0.00392384
3.26 -0.00439957
3.28 -0.00446804
3.3 -0.00411645
3.32 -0.00363519
3.34 -0.0034429
3.36 -0.00303334
3.38 -0.00187975
3.4 -0.000761596
3.42 -0.000522444
3.44 -0.000357587
3.46 0.00121002
3.48 0.0034912
3.5 0.00409909
3.52 0.00273754
3.54 0.00181023
3.56 0.00283049
3.58 0.00447252
3.6 0.00477364
3.62 0.00392141
3.64 0.00311884
3.66 0.0018811
3.68 0.00015886
3.7 -0.000272006
3.72 0.000364182
3.74 -0.000226724
3.76 -0.00221336
3.78 -0.00326822
3.8 -0.00227328
3.82 -0.00115969
3.84 -0.00183959
3.86 -0.00342235
3.88 -0.00398745
3.9 -0.00318657
3.92 -0.00249414
3.94 -0.00315302
3.96 -0.00444648
3.98 -0.00437282
4 -0.00208467
4.02 3.56669e-05
4.04 -0.000752336
4.06 -0.00274881
4.08 -0.0021559
4.1 0.000895001
4.12 0.00274289
4.14 0.00170927
4.16 8.28474e-05
4.18 0.000146694
4.2 0.000737571
4.22 -0.000118664
4.24 -0.00170819
4.26 -0.00221008
4.28 -0.00145767
4.3 -0.000760958
4.32 -0.000402843
4.34 0.000667026
4.36 0.00174817
4.38 0.00111368
4.4 -0.00061502
4.42 -0.00135981
4.44 -0.000575153
4.46 0.000602022
4.48 0.00131849
4.5 0.000839946
4.52 -0.00111544
4.54 -0.00243808
4.56 -0.00124091
4.58 0.000886909
4.6 0.00104848
4.62 -0.000907453
4.64 -0.00174808
4.66 0.000432596
4.68 0.00290138
4.7 0.00252828
4.72 0.000471531
4.74 9.32031e-05
4.76 0.00213137
4.78 0.00347564
4.8 0.00144825
4.82 -0.00155597
4.84 -0.00125313
4.86 0.00183205
4.88 0.00317657
4.9 0.000903335
4.92 -0.00193411
4.94 -0.00195359
4.96 0.000249012
4.98 0.00128117
5 -0.000748852
5.02 -0.00371731
5.04 -0.00424372
5.06 -0.00191299
5.08 0.00108796
5.1 0.00216162
5.12 0.000387412
5.14 -0.00168729
5.16 -0.00100819
5.18 0.00163021
5.2 0.00286734
5.22 0.00154062
5.24 -0.000453923
5.26 -0.00150779
5.28 -0.00126585
5.3 6.38257e-06
5.32 0.00127587
5.34 0.00160527
5.36 0.000982259
5.38 0.000198182
5.4 4.35593e-05
5.42 0.000514345
5.44 0.00116209
5.46 0.00158772
5.48 0.00145994
5.5 0.000945191
5.52 0.000722155
5.54 0.000976372
5.56 0.00101462
5.58 0.000399117
5.6 -0.000250353
5.62 -0.000235244
5.64 0.000366993
5.66 0.000912355
5.68 0.000616538
5.7 -0.000324972
5.72 -0.000673371
5.74 -5.12871e-05
5.76 0.000528807
5.78 0.000110863
5.8 -0.00089636
5.82 -0.00105814
5.84 -9.52938e-05
5.86 0.000468069
5.88 -0.000356771
5.9 -0.00160378
5.92 -0.00157383
5.94 0.000135532
5.96 0.00177239
5.98 0.00161216
6 0.000495607
6.02 0.000298027
6.04 0.00125288
6.06 0.00220953
6.08 0.00198538
6.1 0.000615471
6.12 -9.99351e-05
6.14 0.00103295
6.16 0.00250844
6.18 0.00176876
6.2 -0.00124552
6.22 -0.00313869
6.24 -0.00184744
6.26 -1.90063e-05
6.28 -0.000854906
6.3 -0.00306044
6.32 -0.00288536
6.34 -0.000204284
6.36 0.00132713
6.38 -9.23178e-05
6.4 -0.00211487
6.42 -0.00179473
6.44 0.000473784
6.46 0.0016066
6.48 -0.000110603
6.5 -0.00280846
6.52 -0.00334422
6.54 -0.00157594
6.56 -0.00028674
6.58 -0.000738738
6.6 -0.00167677
6.62 -0.0017896
6.64 -0.000720032
6.66 0.000902584
6.68 0.00166996
6.7 0.000836795
6.72 -0.000783365
6.74 -0.00179369
6.76 -0.00143095
6.78 -0.000231807
6.8 0.000425288
6.82 -0.000111422
6.84 -0.000951001
6.86 -0.00072528
6.88 0.000381877
6.9 0.000708739
6.92 -0.000501555
6.94 -0.00184987
6.96 -0.00147681
6.98 0.000384916
7 0.00155649
7.02 0.000659875
7.04 -0.00101963
7.06 -0.00112547
7.08 0.000521997
7.1 0.00179898
7.12 0.0012863
7.14 -7.4503e-05
7.16 -0.000381155
7.18 0.000827658
7.2 0.00202078
7.22 0.00173384
7.24 0.000536828
7.26 -4.36515e-07
7.28 0.000304968
7.3 0.000485483
7.32 0.000307364
7.34 0.000308877
7.36 0.000618076
7.38 0.000785914
7.4 0.000567374
7.42 0.000184214
7.44 -1.84523e-05
7.46 5.00624e-05
7.48 4.12161e-05
7.5 -0.000242768
7.52 -0.000439927
7.54 -0.000386789
7.56 -0.000359407
7.58 -0.000347317
7.6 -1.36677e-06
7.62 0.000689872
7.64 0.00115431
7.66 0.00112454
7.68 0.000944959
7.7 0.000768472
7.72 0.000473535
7.74 0.000184533
7.76 0.000403733
7.78 0.00116821
7.8 0.0015491
7.82 0.000978232
7.84 4.68581e-05
7.86 -0.000541591
7.88 -0.000512938
7.9 -5.27578e-05
7.92 0.000172522
7.94 -0.000153347
7.96 -0.000523091
7.98 -0.000435343
8 -6.39452e-05
8.02 0.000210169
8.04 0.000301118
8.06 0.000252123
8.08 0.000134361
8.1 0.000124094
8.12 0.000291935
8.14 0.000410326
8.16 0.000288477
8.18 0.000187776
8.2 0.000507782
8.22 0.000964049
8.24 0.000513853
8.26 -0.00090329
8.28 -0.00150027
8.3 -0.000279922
8.32 0.00128121
8.34 0.00133026
8.36 -6.4406e-05
8.38 -0.0010626
8.4 -0.00033653
8.42 0.00117484
8.44 0.00137593
8.46 -0.000374893
8.48 -0.00200136
8.5 -0.00116948
8.52 0.00114624
8.54 0.00187196
8.56 0.0002833
8.58 -0.00110092
8.6 -0.00014242
8.62 0.00195556
8.64 0.00217347
8.66 0.000153596
8.68 -0.00103849
8.7 0.00040138
8.72 0.00239882
8.74 0.00212816
8.76 -8.0371e-05
8.78 -0.00128434
8.8 -8.45864e-05
8.82 0.00147321
8.84 0.000878568
8.86 -0.00143007
8.88 -0.00245297
8.9 -0.000608783
8.92 0.00164912
8.94 0.0013696
8.96 -0.000702134
8.98 -0.00168958
9 -0.000488584
9.02 0.00107152
9.04 0.000733309
9.06 -0.000976186
9.08 -0.00141094
9.1 3.95565e-05
9.12 0.00103367
9.14 8.46234e-05
9.16 -0.00144879
9.18 -0.0016632
9.2 -0.000599911
9.22 8.68376e-05
9.24 -0.000525804
9.26 -0.00135457
9.28 -0.000992486
9.3 0.000290378
9.32 0.00102337
9.34 0.000513434
9.36 -0.000276714
9.38 -0.00024443
9.4 0.000270443
9.42 0.000352697
9.44 1.81881e-05
9.46 -0.00010103
9.48 2.55447e-06
9.5 -0.000188244
9.52 -0.000571025
9.54 -0.000576138
9.56 -0.000287598
9.58 -1.7417e-05
9.6 0.000519009
9.62 0.00103158
9.64 0.000458274
9.66 -0.000995383
9.68 -0.00164066
9.7 -0.000811355
9.72 0.000248889
9.74 0.000454155
9.76 -0.000269367
9.78 -0.00140376
9.8 -0.00166084
9.82 -0.00056137
9.84 0.000501625
9.86 0.000493353
9.88 1.42746e-05
9.9 2.32536e-05
9.92 0.000568124
9.94 0.000666034
9.96 -0.000109352
9.98 -0.000621574
10 0.000100351
10.02 0.00123986
10.04 0.00131647
10.06 0.000281698
10.08 -0.000559757
10.1 -0.000413273
10.12 0.000126396
10.14 -3.0033e-06
10.16 -0.000842938
10.18 -0.00116289
10.2 -0.000382361
10.22 0.000334347
10.24 -8.8269e-05
10.26 -0.00104038
10.28 -0.00115796
10.3 -0.000188001
10.32 0.000704832
10.34 0.000517448
10.36 -0.000292204
10.38 -0.000520615
10.4 0.000109346
10.42 0.00079603
10.44 0.000803107
10.46 0.00023756
10.48 -0.000115869
10.5 0.00024573
10.52 0.000882163
10.54 0.000895843
10.56 -1.64008e-05
10.58 -0.00096942
10.6 -0.00064822
10.62 0.000702715
10.64 0.00127236
10.66 0.000336268
10.68 -0.00078551
10.7 -0.000775222
10.72 6.01065e-05
10.74 0.000535904
10.76 5.6669e-05
10.78 -0.000720152
10.8 -0.000546956
10.82 0.000591018
10.84 0.00123623
10.86 0.000485128
10.88 -0.00084848
10.9 -0.00117655
10.92 -0.000110747
10.94 0.000907337
10.96 0.000545928
10.98 -0.000608855
11 -0.000971444
11.02 -0.000189352
11.04 0.000503055
11.06 0.000189909
11.08 -0.000541793
11.1 -0.000583958
11.12 0.00022095
11.14 0.000967208
11.16 0.000848126
11.18 0.00014669
11.2 -0.000156576
11.22 0.00032743
11.24 0.00083731
11.26 0.000445534
11.28 -0.000546555
11.3 -0.000909744
11.32 -0.000246512
11.34 0.000415852
11.36 0.000100614
11.38 -0.000828878
11.4 -0.00103223
11.42 -2.03069e-07
11.44 0.000988705
11.46 0.000611379
11.48 -0.000585458
11.5 -0.000957815
11.52 -5.53331e-05
11.54 0.000876677
11.56 0.000700061
11.58 -0.000144243
11.6 -0.00036362
11.62 0.000390383
11.64 0.00112695
11.66 0.000893606
11.68 2.30092e-05
11.7 -0.00040413
11.72 1.95019e-05
11.74 0.000651264
11.76 0.00056837
11.78 -0.00030145
11.8 -0.00100048
11.82 -0.000810715
11.84 -0.000177816
11.86 -2.0331e-05
11.88 -0.000527402
11.9 -0.000841996
11.92 -0.000212442
11.94 0.000739248
11.96 0.000839669
11.98 5.32897e-05
12 -0.000588474
12.02 -0.000314839
12.04 0.000465215
12.06 0.000710107
12.08 0.000153093
12.1 -0.000442839
12.12 -0.000379264
12.14 0.000189575
12.16 0.000619595
12.18 0.000487418
12.2 -4.61466e-06
12.22 -0.00029228
12.24 -0.000180016
12.26 -3.88595e-05
12.28 -0.000235576
12.3 -0.000614581
12.32 -0.000735564
12.34 -0.000492918
12.36 -0.00022407
12.38 -0.000196379
12.4 -0.000261776
12.42 -0.000142325
12.44 0.000157513
12.46 0.00036232
12.48 0.000291511
12.5 0.00013324
12.52 0.00018562
12.54 0.000401371
12.56 0.000462187
12.58 0.000287258
12.6 0.00016098
12.62 0.000301678
12.64 0.000511847
12.66 0.000389746
12.68 -6.15432e-05
12.7 -0.0003773
12.72 -0.000257014
12.74 3.56641e-05
12.76 3.77474e-05
12.78 -0.000314866
12.8 -0.000541249
12.82 -0.000180311
12.84 0.000452045
12.86 0.000567067
12.88 8.20426e-06
12.9 -0.000512493
12.92 -0.000295554
12.94 0.000378368
12.96 0.000587278
12.98 7.59427e-05
13 -0.000467058
13.02 -0.000363858
13.04 0.000178371
13.06 0.00043333
13.08 0.000164875
13.1 -0.000176076
13.12 -0.000105046
13.14 0.000302648
13.16 0.000504505
13.18 0.000181923
13.2 -0.000296256
13.22 -0.000307076
13.24 0.000171927
13.26 0.000528803
13.28 0.000285696
13.3 -0.000324642
13.32 -0.000600206
13.34 -0.000246338
13.36 0.000244368
13.38 0.000317969
13.4 2.41712e-05
13.42 -0.00022584
13.44 -0.00014439
13.46 0.000132608
13.48 0.00018221
13.5 -0.000111027
13.52 -0.000357223
13.54 -0.000207145
13.56 0.000120322
13.58 0.000158786
13.6 -0.000155741
13.62 -0.000420121
13.64 -0.000280816
13.66 8.06584e-05
13.68 0.000189659
13.7 -8.71929e-05
13.72 -0.000400714
13.74 -0.00033068
13.76 9.10302e-05
13.78 0.000430005
13.8 0.00037317
13.82 6.72222e-05
13.84 -8.56869e-05
13.86 4.52607e-05
13.88 0.000172751
13.9 3.79525e-05
13.92 -0.000219968
13.94 -0.000252145
13.96 1.66126e-05
13.98 0.000277631
14 0.000227266
14.02 7.65186e-06
14.04 6.38242e-05
14.06 0.000479822
14.08 0.000772884
14.1 0.0005376
14.12 -4.32419e-05
14.14 -0.000465771
14.16 -0.000358389
14.18 0.000110395
14.2 0.00033185
14.22 -2.73807e-05
14.24 -0.000622464
14.26 -0.000740604
14.28 -0.000203306
14.3 0.00028962
14.32 0.000119908
14.34 -0.000484527
14.36 -0.00075432
14.38 -0.000331592
14.4 0.000193649
14.42 0.000102987
14.44 -0.000478565
14.46 -0.00072892
14.48 -0.00024394
14.5 0.000361869
14.52 0.000386469
14.54 -2.16052e-05
14.56 -0.00023255
14.58 -1.79332e-05
14.6 0.000267021
14.62 0.000272011
14.64 0.000127724
14.66 0.000159648
14.68 0.000335162
14.7 0.000226765
14.72 -0.000321315
14.74 -0.000741566
14.76 -0.000467345
14.78 0.000157493
14.8 0.000270476
14.82 -0.000313705
14.84 -0.000767024
14.86 -0.000395165
14.88 0.0002589
14.9 0.000242944
14.92 -0.00028788
14.94 -0.000413549
14.96 6.79134e-05
14.98 0.000479896
15 0.000296092
15.02 -0.000204011
15.04 -0.000382909
15.06 -0.000117258
15.08 0.000148522
15.1 5.96554e-05
15.12 -0.000205084
15.14 -0.000158685
15.16 0.000272306
15.18 0.000566769
15.2 0.000351473
15.22 -6.81792e-05
15.24 -0.000206622
15.26 -4.56344e-05
15.28 5.92387e-05
15.3 -0.000141218
15.32 -0.00046205
15.34 -0.000477863
15.36 -0.000125243
15.38 0.000185741
15.4 0.000151634
15.42 -4.97114e-05
15.44 -7.22551e-05
15.46 0.000108665
15.48 0.000179952
15.5 -2.80957e-05
15.52 -0.00024167
15.54 -0.000124055
15.56 0.000222932
15.58 0.000417001
15.6 0.000305579
15.62 9.69558e-05
15.64 2.89045e-05
15.66 7.20069e-05
15.68 6.71585e-05
15.7 1.74202e-05
15.72 6.32262e-05
15.74 0.000246483
15.76 0.000394291
15.78 0.000317628
15.8 0.000113472
15.82 3.45856e-05
15.84 0.00010485
15.86 0.000128018
15.88 2.20494e-05
15.9 -7.23658e-05
15.92 -5.49665e-06
15.94 0.000189752
15.96 0.000341776
15.98 0.000330468
16 0.000209229
16.02 0.000148213
16.04 0.00021334
16.06 0.00026081
16.08 0.000181971
16.1 7.62102e-05
16.12 4.04038e-05
16.14 1.77378e-05
16.16 -3.23925e-05
16.18 -2.13663e-06
16.2 0.000174436
16.22 0.000326901
16.24 0.000247898
16.26 -2.99112e-05
16.28 -0.000275097
16.3 -0.000213224
16.32 0.000151008
16.34 0.000407944
16.36 0.000208891
16.38 -0.00022926
16.4 -0.000360778
16.42 -7.52224e-05
16.44 0.000170237
16.46 6.1604e-06
16.48 -0.000409991
16.5 -0.000621724
16.52 -0.000492545
16.54 -0.000361256
16.56 -0.000454021
16.58 -0.000554111
16.6 -0.000423225
16.62 -0.000205784
16.64 -0.000209153
16.66 -0.000426209
16.68 -0.000386269
16.7 0.000282914
16.72 0.00113571
16.74 0.00139106
16.76 0.00107811
16.78 0.000916924
16.8 0.00123677
16.82 0.001616
16.84 0.00139089
16.86 0.00029537
16.88 -0.0008144
16.9 -0.000569828
16.92 0.000661721
16.94 0.000934319
16.96 -0.00031343
16.98 -0.00138693
17 -0.000866919
17.02 0.000422019
17.04 0.000657017
17.06 -0.000517122
17.08 -0.0015314
17.1 -0.00112082
17.12 -0.000160004
17.14 -0.000255267
17.16 -0.00123259
17.18 -0.00146512
17.2 -0.00053278
17.22 0.000124525
17.24 -0.000391822
17.26 -0.00111557
17.28 -0.000926036
17.3 -0.000146351
17.32 0.000198419
17.34 -0.000100666
17.36 -0.000265904
17.38 0.0003008
17.4 0.00118824
17.42 0.00154006
17.44 0.0012199
17.46 0.000899955
17.48 0.000989186
17.5 0.00115124
17.52 0.00101816
17.54 0.000694009
17.56 0.000331788
17.58 -4.77228e-05
17.6 -0.00030901
17.62 -0.000375612
17.64 -0.000423746
17.66 -0.000573365
17.68 -0.000689132
17.7 -0.000659955
17.72 -0.000636436
17.74 -0.000785855
17.76 -0.000947181
17.78 -0.000833879
17.8 -0.000527946
17.82 -0.000389112
17.84 -0.000419313
17.86 -0.00026958
17.88 5.79588e-05
17.9 0.000221211
17.92 0.000136382
17.94 8.82186e-05
17.96 0.00035761
17.98 0.000804946
18 0.000960446
18.02 0.000647176
18.04 0.000270826
18.06 0.000294083
18.08 0.000528281
18.1 0.00032248
18.12 -0.000367383
18.14 -0.000752237
18.16 -0.000391288
18.18 0.000118972
18.2 6.28579e-06
18.22 -0.000732763
18.24 -0.00134049
18.26 -0.00125507
18.28 -0.000850181
18.3 -0.000782777
18.32 -0.000914105
18.34 -0.000440777
18.36 0.000685434
18.38 0.00135341
18.4 0.0010014
18.42 0.000514921
18.44 0.000858348
18.46 0.00176061
18.48 0.00193926
18.5 0.000673136
18.52 -0.000790132
18.54 -0.000608421
18.56 0.000846753
18.58 0.00137886
18.6 9.17399e-05
18.62 -0.00142623
18.64 -0.00128257
18.66 0.000141346
18.68 0.000763947
18.7 -0.000355823
18.72 -0.00175452
18.74 -0.00160922
18.76 -0.000342284
18.78 5.45226e-05
18.8 -0.00085992
18.82 -0.00118334
18.84 0.000180573
18.86 0.00168881
18.88 0.00167621
18.9 0.00066865
18.92 0.000333438
18.94 0.00123509
18.96 0.00218937
18.98 0.00185986
19 0.000507205
19.02 -0.000349532
19.04 0.00011071
19.06 0.000923288
19.08 0.000616826
19.1 -0.000628737
19.12 -0.00118814
19.14 -0.000478048
19.16 0.000247869
19.18 -8.18251e-05
19.2 -0.00104726
19.22 -0.0014996
19.24 -0.00104053
19.26 -0.000404777
19.28 -0.000306752
19.3 -0.000638241
19.32 -0.000762607
19.34 -0.000367902
19.36 3.65419e-05
19.38 -0.000104342
19.4 -0.00053718
19.42 -0.000568007
19.44 1.35731e-06
19.46 0.000713979
19.48 0.000960265
19.5 0.000603434
19.52 0.000180183
19.54 0.00022284
19.56 0.000616348
19.58 0.000800303
19.6 0.000402786
19.62 -0.000220791
19.64 -0.0001911
19.66 0.000566691
19.68 0.000873199
19.7 9.18216e-06
19.72 -0.00105631
19.74 -0.000977309
19.76 9.31028e-05
19.78 0.000745548
19.8 6.76147e-05
19.82 -0.00114252
19.84 -0.00126751
19.86 -8.36105e-05
19.88 0.00100377
19.9 0.000858594
19.92 -6.36476e-05
19.94 -0.000386797
19.96 0.000334296
19.98 0.001032
20 0.000713973
20.02 -0.000124128
20.04 -0.000290251
20.06 0.000422753
20.08 0.000934001
20.1 0.000181894
20.12 -0.00129785
20.14 -0.00172986
20.16 -0.000415889
20.18 0.00121028
20.2 0.00115283
20.22 -0.000636609
20.24 -0.00184283
20.26 -0.000809131
20.28 0.000987277
20.3 0.000975171
20.32 -0.000696695
20.34 -0.00141915
20.36 -0.000186234
20.38 0.00118825
20.4 0.00102269
20.42 -0.000113645
20.44 -0.000449806
20.46 0.00061361
20.48 0.00169167
20.5 0.00117767
20.52 -0.000484492
20.54 -0.00129394
20.56 -0.000501784
20.58 0.00082163
20.6 0.00130073
20.62 0.000232052
20.64 -0.00141437
20.66 -0.00171307
20.68 -0.000625649
20.7 0.000200763
20.72 0.000193273
20.74 -0.000163845
20.76 -0.000529188
20.78 -0.000496871
20.8 -8.40614e-06
20.82 0.000188524
20.84 -0.000321522
20.86 -0.000749189
20.88 -0.000152386
20.9 0.00102514
20.92 0.00140892
20.94 0.000690692
20.96 3.88555e-05
20.98 0.000449431
21 0.0012656
21.02 0.000950588
21.04 -0.000413362
21.06 -0.000955189
21.08 0.000116991
21.1 0.00126572
21.12 0.000765016
21.14 -0.000892474
21.16 -0.00146962
21.18 -0.000129073
21.2 0.00115799
21.22 0.00043082
21.24 -0.00141488
21.26 -0.00192922
21.28 -0.000551755
21.3 0.000725823
21.32 0.000280217
21.34 -0.000837125
21.36 -0.000584044
21.38 0.000935788
21.4 0.00183307
21.42 0.00109043
21.44 -0.000503194
21.46 -0.00104042
21.48 0.000345612
21.5 0.00168106
21.52 0.000757259
21.54 -0.00140677
21.56 -0.00210965
21.58 -0.000793341
21.6 0.000595521
21.62 0.000457807
21.64 -0.000700366
21.66 -0.00121847
21.68 -0.000421232
21.7 0.000683092
21.72 0.000903219
21.74 0.000240415
21.76 -0.000454494
21.78 -0.000556098
21.8 -0.000113669
21.82 0.000325511
21.84 0.000209652
21.86 -0.000354357
21.88 -0.000619067
21.9 -0.000195818
21.92 0.000396058
21.94 0.000506712
21.96 0.000168095
21.98 -6.29292e-05
22 0.000185523
22.02 0.000648995
22.04 0.000775927
22.06 0.000392058
22.08 -0.00018253
22.1 -0.000475234
22.12 -0.000303721
22.14 -1.70889e-05
22.16 -2.45851e-05
22.18 -0.000252842
22.2 -0.000346126
22.22 -0.000164802
22.24 8.04108e-05
22.26 0.0001144
22.28 -6.1038e-05
22.3 -0.000173405
22.32 -2.63809e-05
22.34 0.000295942
22.36 0.000498646
22.38 0.00040456
22.4 0.00022407
22.42 0.000259574
22.44 0.00044926
22.46 0.000491546
22.48 0.000324458
22.5 0.000140448
22.52 4.08897e-05
22.54 -2.05501e-05
22.56 -8.6105e-05
22.58 -0.000132234
22.6 -0.000115769
22.62 -6.50661e-05
22.64 -6.7363e-05
22.66 -0.000141548
22.68 -0.000205976
22.7 -0.000200162
22.72 -0.000161169
22.74 -0.000150986
22.76 -0.000193089
22.78 -0.000268269
22.8 -0.000305983
22.82 -0.000232657
22.84 -6.8259e-05
22.86 6.85258e-05
22.88 8.10756e-05
22.9 -6.60457e-07
22.92 -5.75912e-05
22.94 5.7908e-06
22.96 0.000165131
22.98 0.000276513
23 0.000220491
23.02 4.70209e-05
23.04 -8.79326e-05
23.06 -0.000105462
23.08 -8.03199e-05
23.1 -0.000117583
23.12 -0.000174754
23.14 -0.000139562
23.16 -5.42432e-05
23.18 -4.71912e-05
23.2 -8.7479e-05
23.22 -2.21318e-05
23.24 0.000163063
23.26 0.000300676
23.28 0.000279367
23.3 0.000175293
23.32 0.000116949
23.34 0.000129566
23.36 0.000135233
23.38 5.15188e-05
23.4 -0.000145515
23.42 -0.000368141
23.44 -0.0004189
23.46 -0.000215635
23.48 3.47665e-05
23.5 5.96558e-05
23.52 -0.000152972
23.54 -0.000310963
23.56 -0.000160738
23.58 0.000164002
23.6 0.000324266
23.62 0.000194905
23.64 -1.44586e-05
23.66 -4.23495e-05
23.68 0.000128421
23.7 0.000317376
23.72 0.000329172
23.74 0.000135
23.76 -6.70816e-05
23.78 -7.87822e-05
23.8 6.52111e-05
23.82 0.000172849
23.84 0.00011405
23.86 -8.03537e-05
23.88 -0.000253671
23.9 -0.000237965
23.92 -3.7537e-05
23.94 0.000127477
23.96 2.91869e-05
23.98 -0.000262615
24 -0.000367856
24.02 -6.31161e-05
24.04 0.000425137
24.06 0.000588749
24.08 0.000221325
24.1 -0.000226608
24.12 -0.000264034
24.14 2.02714e-05
24.16 0.000246097
24.18 0.000198131
24.2 -7.1209e-05
24.22 -0.000301172
24.24 -0.000241164
24.26 3.90287e-05
24.28 0.00025644
24.3 0.000241844
24.32 4.82791e-05
24.34 -0.000164384
24.36 -0.000265476
24.38 -0.000209746
24.4 -9.06622e-05
24.42 -3.43619e-05
24.44 -2.77262e-05
24.46 1.92122e-05
24.48 8.56039e-05
24.5 5.93023e-05
24.52 -6.0977e-05
24.54 -0.000140019
24.56 -7.68963e-05
24.58 8.62054e-05
24.6 0.000193894
24.62 0.000135562
24.64 6.59464e-06
24.66 6.41908e-06
24.68 0.000152008
24.7 0.000214353
24.72 3.39894e-05
24.74 -0.000214661
24.76 -0.000219582
24.78 4.86965e-05
24.8 0.000313273
24.82 0.000308511
24.84 8.8906e-05
24.86 -2.65283e-05
24.88 0.000108747
24.9 0.000291193
24.92 0.000275644
24.94 9.95902e-05
24.96 -2.77379e-06
24.98 8.48699e-05
25 0.000232409
25.02 0.000234383
25.04 8.62605e-05
25.06 -1.52114e-05
25.08 4.62799e-05
25.1 0.000156491
25.12 0.000153712
25.14 6.01399e-05
25.16 1.38277e-05
25.18 5.99716e-05
25.2 0.000107871
25.22 5.38071e-05
25.24 -8.0243e-05
25.26 -0.000170631
25.28 -0.000159336
25.3 -0.000129847
25.32 -0.000179169
25.34 -0.000236731
25.36 -0.000147565
25.38 4.29484e-05
25.4 0.000111569
25.42 -2.00652e-05
25.44 -0.000174075
25.46 -0.000155203
25.48 -1.21781e-05
25.5 4.76881e-05
25.52 -4.13679e-05
25.54 -0.000131584
25.56 -7.32298e-05
25.58 9.60828e-05
25.6 0.000203003
25.62 0.000157831
25.64 5.75956e-05
25.66 4.12179e-05
25.68 0.000104339
25.7 0.000122471
25.72 4.51124e-05
25.74 -4.41035e-05
25.76 -7.09983e-05
25.78 -4.99927e-05
25.8 -3.28412e-05
25.82 -5.10524e-05
25.84 -7.65325e-05
25.86 -4.42303e-05
25.88 3.72394e-05
25.9 5.80152e-05
25.92 -4.10175e-05
25.94 -0.000158128
25.96 -0.000147967
25.98 -3.52383e-05
26 4.71908e-06
26.02 -0.000111525
26.04 -0.000259527
26.06 -0.000245538
26.08 -6.03171e-05
26.1 8.3596e-05
26.12 2.6683e-06
26.14 -0.000220473
26.16 -0.000296577
26.18 -0.000109754
26.2 0.000115588
26.22 0.000124565
26.24 -5.93667e-05
26.26 -0.000185404
26.28 -8.57926e-05
26.3 0.000113147
26.32 0.00015965
26.34 7.60524e-06
26.36 -0.000153397
26.38 -0.000150318
26.4 -2.35955e-05
26.42 4.60683e-05
26.44 -3.25509e-05
26.46 -0.00015361
26.48 -0.000129822
26.5 5.60587e-05
26.52 0.000189309
26.54 9.59725e-05
26.56 -0.000112912
26.58 -0.000151733
26.6 7.46946e-05
26.62 0.000329965
26.64 0.000309573
26.66 2.99051e-05
26.68 -0.000174238
26.7 -7.30321e-05
26.72 0.000178028
26.74 0.000236363
26.76 1.98489e-05
26.78 -0.000216013
26.8 -0.000203993
26.82 8.38412e-06
26.84 0.000123484
26.86 -7.74075e-06
26.88 -0.000218665
26.9 -0.000249168
26.92 -6.40696e-05
26.94 0.00012536
26.96 0.000134406
26.98 -6.11436e-06
27 -0.000126546
27.02 -9.7049e-05
27.04 5.49841e-05
27.06 0.00015939
27.08 8.3974e-05
27.1 -9.77387e-05
27.12 -0.000172224
27.14 -4.39815e-05
27.16 0.000137903
27.18 0.000151324
27.2 -2.86996e-05
27.22 -0.00019444
27.24 -0.000153154
27.26 2.77785e-05
27.28 0.000121115
27.3 3.35401e-05
27.32 -0.000104257
27.34 -0.000100313
27.36 6.43409e-05
27.38 0.000210057
27.4 0.000173391
27.42 6.99806e-06
27.44 -7.04538e-05
27.46 5.00008e-05
27.48 0.000209767
27.5 0.000181096
27.52 -3.15076e-05
27.54 -0.000214172
27.56 -0.000199617
27.58 -6.05277e-05
27.6 -8.38924e-06
27.62 -0.000118698
27.64 -0.000259267
27.66 -0.000254565
27.68 -0.00010835
27.7 3.1887e-06
27.72 -1.49903e-05
27.74 -5.59503e-05
27.76 2.51511e-05
27.78 0.000200104
27.8 0.000285482
27.82 0.000192806
27.84 6.10385e-05
27.86 5.43752e-05
27.88 0.000137456
27.9 0.000149539
27.92 3.50171e-05
27.94 -9.19906e-05
27.96 -8.964e-05
27.98 3.43854e-05
28 0.000115627
28.02 4.9415e-05
28.04 -7.37233e-05
28.06 -0.000107673
28.08 -3.55673e-05
28.1 2.47717e-05
28.12 -5.14775e-06
28.14 -5.86782e-05
28.16 -5.54758e-05
28.18 -1.09593e-05
28.2 3.53414e-05
28.22 7.01912e-05
28.24 9.35583e-05
28.26 0.000126528
28.28 0.000184231
28.3 0.000234753
28.32 0.000237097
28.34 0.00019277
28.36 6.38449e-05
28.38 -0.00019889
28.4 -0.0004051
28.42 -0.000271567
28.44 8.65619e-05
28.46 0.000221613
28.48 -3.4633e-05
28.5 -0.000339621
28.52 -0.000266187
28.54 0.000133141
28.56 0.000404177
28.58 0.000263803
28.6 -9.17885e-05
28.62 -0.000270433
28.64 -0.000123032
28.66 0.000166748
28.68 0.00030176
28.7 0.000174547
28.72 -2.96889e-05
28.74 -9.97566e-05
28.76 -6.05119e-05
28.78 -4.10921e-05
28.8 -3.49634e-05
28.82 2.18662e-05
28.84 6.4266e-05
28.86 9.78154e-06
28.88 -6.15192e-05
28.9 -2.00999e-05
28.92 0.000125218
28.94 0.000241681
28.96 0.000216154
28.98 7.24503e-05
29 -7.06622e-05
29.02 -0.000105907
29.04 1.08893e-05
29.06 0.000196905
29.08 0.000249185
29.1 7.75528e-05
29.12 -0.000150149
29.14 -0.00020069
29.16 -6.32697e-05
29.18 5.3615e-05
29.2 6.71225e-07
29.22 -0.000138525
29.24 -0.000182801
29.26 -9.83965e-05
29.28 6.00222e-07
29.3 2.60174e-05
29.32 -2.34362e-05
29.34 -9.32804e-05
29.36 -0.000107214
29.38 -2.67218e-05
29.4 9.57339e-05
29.42 0.000143111
29.44 6.20266e-05
29.46 -5.46846e-05
29.48 -6.72155e-05
29.5 3.59089e-05
29.52 0.000119913
29.54 6.46497e-05
29.56 -0.000109257
29.58 -0.000245853
29.6 -0.000190487
29.62 1.88666e-06
29.64 9.83285e-05
29.66 -2.34863e-05
29.68 -0.000214048
29.7 -0.000230337
29.72 -6.05667e-05
29.74 7.19449e-05
29.76 1.75214e-05
29.78 -0.000117621
29.8 -0.000130183
29.82 8.04421e-06
29.84 0.000143323
29.86 0.000144187
29.88 4.10973e-05
29.9 -2.14413e-05
29.92 5.03067e-05
29.94 0.000186078
29.96 0.000216392
29.98 8.13494e-05
30 -0.000100715
30.02 -0.00017731
30.04 -0.000117388
30.06 -3.42796e-05
30.08 -5.52967e-05
30.1 -0.000162092
30.12 -0.000193573
30.14 -6.23919e-05
30.16 0.000118872
30.18 0.000177083
30.2 8.4781e-05
30.22 -2.38076e-05
30.24 -2.08806e-05
30.26 8.7887e-05
30.28 0.000187781
30.3 0.000184666
30.32 0.000113904
30.34 7.15533e-05
30.36 8.28082e-05
30.38 9.92419e-05
30.4 6.73957e-05
30.42 -1.10983e-05
30.44 -9.29964e-05
30.46 -0.000150621
30.48 -0.000171687
30.5 -0.00014406
30.52 -7.31547e-05
30.54 -1.37697e-06
30.56 1.64978e-05
30.58 -1.7653e-05
30.6 -3.41351e-05
30.62 2.20055e-05
30.64 0.000123169
30.66 0.000184384
30.68 0.000153941
30.7 8.2423e-05
30.72 6.16928e-05
30.74 8.46373e-05
30.76 6.58484e-05
30.78 -1.16186e-06
30.8 -4.18557e-05
30.82 -2.43049e-05
30.84 1.78769e-05
30.86 3.65963e-05
30.88 1.90731e-05
30.9 1.75801e-05
30.92 8.53866e-05
30.94 0.000173112
30.96 0.000167628
30.98 5.79904e-05
31 -4.53344e-05
31.02 -5.82246e-05
31.04 -2.8089e-06
31.06 3.43354e-05
31.08 -1.31341e-05
31.1 -0.000111932
31.12 -0.000137337
31.14 -2.53792e-05
31.16 0.000123644
31.18 0.000153245
31.2 4.25782e-05
31.22 -6.72032e-05
31.24 -4.27215e-05
31.26 9.03519e-05
31.28 0.000172199
31.3 9.73912e-05
31.32 -4.46805e-05
31.34 -7.49254e-05
31.36 4.77736e-05
31.38 0.000166044
31.4 0.000131371
31.42 8.9569e-06
31.44 -3.34005e-05
31.46 4.03417e-05
31.48 0.000117871
31.5 8.49348e-05
31.52 -4.85429e-05
31.54 -0.00014789
31.56 -0.000107775
31.58 7.35507e-06
31.6 4.67489e-05
31.62 -2.9292e-05
31.64 -0.000118701
31.66 -0.00012223
31.68 -5.69095e-05
31.7 -2.00945e-05
31.72 -6.34436e-05
31.74 -0.000125809
31.76 -0.000114061
31.78 -3.23236e-05
31.8 2.63738e-05
31.82 -1.49035e-06
31.84 -7.59735e-05
31.86 -8.77491e-05
31.88 1.03419e-05
31.9 0.00012244
31.92 0.000119013
31.94 1.00177e-05
31.96 -5.68878e-05
31.98 1.54867e-05
32 0.000140273
32.02 0.000149222
32.04 1.0094e-05
32.06 -0.000129569
32.08 -0.000124823
32.1 -8.16661e-06
32.12 5.78754e-05
32.14 -2.12788e-05
32.16 -0.000155424
32.18 -0.00017109
32.2 -4.63967e-05
32.22 5.76261e-05
32.24 1.40585e-05
32.26 -0.000116577
32.28 -0.000165624
32.3 -7.45285e-05
32.32 3.12682e-05
32.34 8.82999e-06
32.36 -0.000116287
32.38 -0.000182992
32.4 -0.000113642
32.42 -7.04032e-06
32.44 6.03656e-06
32.46 -7.55601e-05
32.48 -0.000129597
32.5 -7.79483e-05
32.52 4.60534e-06
32.54 9.20474e-06
32.56 -4.86064e-05
32.58 -6.93423e-05
32.6 -1.80317e-05
32.62 4.48982e-05
32.64 6.08535e-05
32.66 4.21422e-05
32.68 3.81145e-05
32.7 6.36143e-05
32.72 8.02784e-05
32.74 4.76073e-05
32.76 -2.95128e-05
32.78 -9.99089e-05
32.8 -0.000103791
32.82 -4.35785e-05
32.84 1.58005e-05
32.86 3.11186e-05
32.88 2.73026e-05
32.9 6.06091e-05
32.92 0.000132308
32.94 0.000167082
32.96 0.000114456
32.98 2.72814e-05
33 -9.29603e-06
33.02 1.38658e-05
33.04 3.52971e-05
33.06 1.30662e-05
33.08 -2.86485e-05
33.1 -4.44728e-05
33.12 -3.00451e-05
33.14 -1.58514e-05
33.16 -1.606e-05
33.18 -2.17921e-05
33.2 -1.8507e-05
33.22 6.57068e-06
33.24 3.84015e-05
33.26 4.13259e-05
33.28 4.882e-06
33.3 -4.71997e-05
33.32 -7.19095e-05
33.34 -2.92037e-05
33.36 6.57106e-05
33.38 0.000126116
33.4 8.04179e-05
33.42 -3.00023e-05
33.44 -7.86584e-05
33.46 -2.6016e-06
33.48 0.000100531
33.5 8.5062e-05
33.52 -4.47899e-05
33.54 -0.000138947
33.56 -9.05674e-05
33.58 4.87549e-05
33.6 0.000132282
33.62 7.52006e-05
33.64 -5.21961e-05
33.66 -0.000110796
33.68 -6.33276e-05
33.7 -1.84613e-06
33.72 -9.87618e-06
33.74 -7.06828e-05
33.76 -0.000105932
33.78 -5.66381e-05
33.8 5.63339e-05
33.82 0.000137371
33.84 0.000114262
33.86 3.58493e-05
33.88 1.51128e-05
33.9 8.40412e-05
33.92 0.000160461
33.94 0.000151488
33.96 6.87652e-05
33.98 1.89581e-05
34 6.70771e-05
34.02 0.000142927
34.04 0.000131372
34.06 3.36145e-05
34.08 -4.56944e-05
34.1 -4.35594e-05
34.12 9.75142e-06
34.14 3.73848e-05
34.16 -5.28523e-06
34.18 -7.14995e-05
34.2 -7.54689e-05
34.22 -5.89378e-06
34.24 5.13595e-05
34.26 2.01439e-05
34.28 -6.11301e-05
34.3 -7.98674e-05
34.32 -8.00887e-07
34.34 7.71271e-05
34.36 5.72638e-05
34.38 -9.44227e-06
34.4 2.56512e-06
34.42 0.000106973
34.44 0.00018761
34.46 0.000153001
34.48 4.91345e-05
34.5 -1.27771e-05
34.52 2.43565e-06
34.54 2.93265e-05
34.56 -1.77105e-06
34.58 -6.8485e-05
34.6 -7.95897e-05
34.62 3.34267e-06
34.64 9.94492e-05
34.66 9.5886e-05
34.68 -8.54711e-06
34.7 -9.66078e-05
34.72 -7.82843e-05
34.74 -9.63755e-07
34.76 1.72787e-05
34.78 -5.12226e-05
34.8 -0.000105443
34.82 -5.9139e-05
34.84 4.81183e-05
34.86 0.000111507
34.88 7.65478e-05
34.9 -4.59227e-06
34.92 -2.00049e-05
34.94 6.76827e-05
34.96 0.000165492
34.98 0.000164145
35 6.70188e-05
35.02 -2.3453e-05
35.04 -2.04684e-05
35.06 4.85454e-05
35.08 6.76341e-05
35.1 -1.80071e-05
35.12 -0.000123166
35.14 -0.000140142
35.16 -8.49954e-05
35.18 -5.42252e-05
35.2 -8.27965e-05
35.22 -0.000106023
35.24 -5.78989e-05
35.26 2.87798e-05
35.28 5.85702e-05
35.3 1.67514e-06
35.32 -5.56364e-05
35.34 -2.96337e-05
35.36 3.85248e-05
35.38 5.48295e-05
35.4 1.28832e-05
35.42 -9.1783e-06
35.44 3.92039e-05
35.46 0.000107399
35.48 0.000104346
35.5 2.41332e-05
35.52 -5.2886e-05
35.54 -6.54809e-05
35.56 -2.75763e-05
35.58 -1.01228e-05
35.6 -6.79024e-05
35.62 -0.000159725
35.64 -0.000176528
35.66 -8.76963e-05
35.68 7.51452e-06
35.7 4.06236e-06
35.72 -7.40917e-05
35.74 -0.0001095
35.76 -6.19673e-05
35.78 6.2407e-06
35.8 5.61991e-05
35.82 7.97235e-05
35.84 4.53823e-05
35.86 -3.02496e-05
35.88 -6.17665e-05
35.9 -2.79302e-05
35.92 -1.14445e-06
35.94 -1.33349e-06
35.96 4.72276e-05
35.98 0.000144026
36 0.000146117
36.02 4.70982e-06
36.04 -0.000110503
36.06 -5.51586e-05
36.08 9.77514e-05
36.1 0.000187153
36.12 0.000150751
36.14 3.60241e-05
36.16 -7.73382e-05
36.18 -8.43925e-05
36.2 6.28921e-05
36.22 0.000218831
36.24 0.000188569
36.26 -5.58779e-06
36.28 -0.000178057
36.3 -0.000195237
36.32 -9.79496e-05
36.34 -4.61917e-05
36.36 -0.000100952
36.38 -0.000152964
36.4 -9.5832e-05
36.42 4.52203e-05
36.44 0.000150051
36.46 0.000102592
36.48 -5.95799e-05
36.5 -9.30679e-05
36.52 0.000158293
36.54 0.000454159
36.56 0.000408968
36.58 6.31566e-05
36.6 -0.000141775
36.62 1.57503e-05
36.64 0.000253896
36.66 0.000207881
36.68 -6.49802e-05
36.7 -0.000261253
36.72 -0.000252626
36.74 -0.00011214
36.76 5.91913e-05
36.78 0.000161432
36.8 6.3995e-05
36.82 -0.00019996
36.84 -0.000309738
36.86 -8.85605e-05
36.88 0.000168067
36.9 8.35228e-05
36.92 -0.000278329
36.94 -0.000451987
36.96 -0.000181294
36.98 0.000254718
37 0.000408119
37.02 0.000146146
37.04 -0.000176781
37.06 -8.93338e-05
37.08 0.000359844
37.1 0.000562706
37.12 0.000193672
37.14 -0.000289977
37.16 -0.000308436
37.18 5.02801e-05
37.2 0.000240983
37.22 -1.83422e-05
37.24 -0.000500651
37.26 -0.000645565
37.28 -0.000175032
37.3 0.000388873
37.32 0.000349428
37.34 -0.000202348
37.36 -0.000536168
37.38 -0.000258531
37.4 0.000200208
37.42 0.000249861
37.44 -6.69972e-05
37.46 -0.000262892
37.48 -6.26999e-05
37.5 0.000309736
37.52 0.000393873
37.54 8.79587e-05
37.56 -0.00017405
37.58 -2.58411e-06
37.6 0.000409871
37.62 0.000494738
37.64 6.76162e-05
37.66 -0.000407331
37.68 -0.000364929
37.7 0.000141148
37.72 0.000466501
37.74 0.000195802
37.76 -0.000309042
37.78 -0.000375381
37.8 5.66012e-05
37.82 0.000363695
37.84 7.07347e-05
37.86 -0.000524084
37.88 -0.000646495
37.9 -0.000111602
37.92 0.00039601
37.94 0.000291333
37.96 -0.000189764
37.98 -0.000385499
38 -6.7902e-05
38.02 0.000343659
38.04 0.000337034
38.06 -4.55602e-05
38.08 -0.000297875
38.1 -0.000124954
38.12 0.000223606
38.14 0.000290099
38.16 7.50758e-06
38.18 -0.000226328
38.2 -8.87499e-05
38.22 0.000275291
38.24 0.000422157
38.26 0.000149358
38.28 -0.000241938
38.3 -0.000324046
38.32 -7.4562e-05
38.34 0.000151785
38.36 9.56667e-05
38.38 -0.000143061
38.4 -0.000247883
38.42 -6.66902e-05
38.44 0.000211506
38.46 0.00029375
38.48 0.000119657
38.5 -9.60782e-05
38.52 -0.000135107
38.54 -1.7293e-05
38.56 6.49567e-05
38.58 -9.32488e-06
38.6 -0.000169802
38.62 -0.000236425
38.64 -0.000134747
38.66 5.85108e-06
38.68 3.31482e-05
38.7 -4.66694e-05
38.72 -0.000105194
38.74 -4.40518e-05
38.76 9.6498e-05
38.78 0.000177863
38.8 0.000122746
38.82 5.11382e-06
38.84 -5.19263e-05
38.86 -2.99927e-05
38.88 -1.2484e-05
38.9 -5.23058e-05
38.92 -0.000113361
38.94 -0.00013332
38.96 -9.14553e-05
38.98 -1.45727e-05
39 5.66661e-05
39.02 9.9488e-05
39.04 0.000122493
39.06 0.000152401
39.08 0.000200913
39.1 0.000243437
39.12 0.0002315
39.14 0.000137465
39.16 -4.41971e-06
39.18 -0.000107636
39.2 -0.000104776
39.22 -2.6446e-05
39.24 2.21686e-05
39.26 -1.61613e-05
39.28 -8.08451e-05
39.3 -7.58926e-05
39.32 -1.33892e-06
39.34 4.81271e-05
39.36 3.77884e-06
39.38 -9.7076e-05
39.4 -0.00014557
39.42 -7.98505e-05
39.44 2.99794e-05
39.46 5.31998e-05
39.48 -3.42858e-05
39.5 -0.000106684
39.52 -4.48897e-05
39.54 0.000102466
39.56 0.00016672
39.58 7.13982e-05
39.6 -6.02634e-05
39.62 -4.273e-05
39.64 0.00013916
39.66 0.000287616
39.68 0.000228732
39.7 5.10505e-05
39.72 -2.00041e-05
39.74 6.59613e-05
39.76 0.000142248
39.78 7.00812e-05
39.8 -8.75038e-05
39.82 -0.000158306
39.84 -7.41285e-05
39.86 4.89088e-05
39.88 5.45167e-05
39.9 -6.15882e-05
39.92 -0.000147119
39.94 -8.15227e-05
39.96 7.2366e-05
39.98 0.00013443
40 2.84091e-05
40.02 -0.000114202
40.04 -0.000115862
40.06 2.01013e-05
40.08 0.000113547
40.1 4.82674e-05
40.12 -6.89645e-05
40.14 -6.3802e-05
40.16 6.22795e-05
40.18 0.000150262
40.2 9.42419e-05
40.22 -4.49262e-05
40.24 -0.000116476
40.26 -5.83719e-05
40.28 2.82254e-05
40.3 1.73933e-05
40.32 -7.81742e-05
40.34 -0.000132354
40.36 -7.2731e-05
40.38 2.95384e-05
40.4 6.1085e-05
40.42 2.12162e-05
40.44 8.53085e-06
40.46 7.66024e-05
40.48 0.000163617
40.5 0.000168632
40.52 8.43732e-05
40.54 -3.05572e-06
40.56 -3.16073e-05
40.58 -1.08662e-06
40.6 5.3037e-05
40.62 7.08081e-05
40.64 1.35572e-05
40.66 -9.39949e-05
40.68 -0.000176983
40.7 -0.000166175
40.72 -8.59575e-05
40.74 -4.1153e-05
40.76 -9.11693e-05
40.78 -0.000181818
40.8 -0.000196351
40.82 -8.61637e-05
40.84 6.59206e-05
40.86 0.000136517
40.88 9.05383e-05
40.9 -1.91768e-06
40.92 -4.19686e-05
40.94 1.6539e-05
40.96 0.00011381
40.98 0.00014042
41 7.98228e-05
41.02 1.92417e-05
41.04 1.87142e-05
41.06 5.46227e-05
41.08 6.73785e-05
41.1 3.03972e-05
41.12 -1.47199e-05
41.14 -1.82244e-05
41.16 4.59397e-06
41.18 -4.04847e-06
41.2 -6.57797e-05
41.22 -0.000131656
41.24 -0.000134732
41.26 -7.32829e-05
41.28 -2.21998e-05
41.3 -4.37391e-05
41.32 -0.000100043
41.34 -9.99291e-05
41.36 -2.54223e-05
41.38 4.93811e-05
41.4 5.47429e-05
41.42 9.58162e-06
41.44 2.4704e-06
41.46 7.69152e-05
41.48 0.00016472
41.5 0.000164718
41.52 7.80747e-05
41.54 1.31779e-05
41.56 4.94227e-05
41.58 0.000134212
41.6 0.000139669
41.62 3.04893e-05
41.64 -8.22327e-05
41.66 -8.01883e-05
41.68 1.69798e-05
41.7 7.62139e-05
41.72 8.13165e-06
41.74 -0.000130158
41.76 -0.000195394
41.78 -0.000126381
41.8 -2.401e-05
41.82 -1.06216e-05
41.84 -6.41176e-05
41.86 -6.5691e-05
41.88 2.70931e-05
41.9 0.000125803
41.92 0.000134397
41.94 7.20524e-05
41.96 3.93848e-05
41.98 8.60519e-05
42 0.00014651
42.02 0.000124144
42.04 1.83992e-05
42.06 -7.38226e-05
42.08 -7.37937e-05
42.1 -3.24433e-06
42.12 4.99025e-05
42.14 3.40783e-05
42.16 -1.32506e-05
42.18 -2.65191e-05
42.2 2.42704e-06
42.22 2.65999e-05
42.24 8.39634e-06
42.26 -3.73643e-05
42.28 -6.73297e-05
42.3 -6.56744e-05
42.32 -5.8179e-05
42.34 -6.72086e-05
42.36 -7.07978e-05
42.38 -4.17926e-05
42.4 2.84822e-06
42.42 3.30195e-05
42.44 3.90285e-05
42.46 2.9296e-05
42.48 2.37312e-05
42.5 3.07519e-05
42.52 4.20123e-05
42.54 5.06743e-05
42.56 5.5253e-05
42.58 5.43153e-05
42.6 4.73665e-05
42.62 4.19285e-05
42.64 4.46895e-05
42.66 4.6351e-05
42.68 3.57831e-05
42.7 2.13986e-05
42.72 2.20052e-05
42.74 3.71262e-05
42.76 3.66568e-05
42.78 6.16191e-07
42.8 -3.61729e-05
42.82 -2.64884e-05
42.84 7.48178e-06
42.86 2.44627e-07
42.88 -5.93302e-05
42.9 -0.00010966
42.92 -9.17355e-05
42.94 -2.62511e-05
42.96 1.93255e-06
42.98 -4.86166e-05
43 -0.000110758
43.02 -8.61692e-05
43.04 2.21695e-05
43.06 0.000104137
43.08 7.49229e-05
43.1 -1.75644e-05
43.12 -4.5089e-05
43.14 3.73593e-05
43.16 0.000133825
43.18 0.000130989
43.2 3.53274e-05
43.22 -4.26889e-05
43.24 -2.42968e-05
43.26 4.36623e-05
43.28 5.23997e-05
43.3 -2.92069e-05
43.32 -0.000120849
43.34 -0.000130617
43.36 -6.8513e-05
43.38 -2.82492e-05
43.4 -6.06874e-05
43.42 -0.000107057
43.44 -7.76554e-05
43.46 2.27889e-05
43.48 9.89431e-05
43.5 8.77557e-05
43.52 3.14105e-05
43.54 1.56048e-05
43.56 5.9137e-05
43.58 9.55686e-05
43.6 6.08596e-05
43.62 -2.16535e-05
43.64 -6.4767e-05
43.66 -2.53226e-05
43.68 3.97156e-05
43.7 4.04917e-05
43.72 -3.18519e-05
43.74 -8.76631e-05
43.76 -5.73808e-05
43.78 1.71103e-05
43.8 4.89497e-05
43.82 1.49818e-05
43.84 -2.99077e-05
43.86 -3.09837e-05
43.88 -1.62217e-06
43.9 7.19725e-06
43.92 -1.93576e-05
43.94 -4.88104e-05
43.96 -5.27321e-05
43.98 -3.52017e-05
44 -1.73954e-05
44.02 -1.29941e-05
44.04 -1.45139e-05
44.06 -5.91629e-06
44.08 1.01502e-05
44.1 1.3756e-05
44.12 5.34473e-07
44.14 -1.04215e-05
44.16 -4.72416e-06
44.18 4.42641e-06
44.2 -6.79482e-06
44.22 -3.79026e-05
44.24 -6.05421e-05
44.26 -5.37936e-05
44.28 -3.43278e-05
44.3 -3.36819e-05
44.32 -5.11453e-05
44.34 -5.10594e-05
44.36 -1.729e-05
44.38 1.84362e-05
44.4 2.64569e-05
44.42 2.01063e-05
44.44 2.93921e-05
44.46 6.24465e-05
44.48 9.00512e-05
44.5 7.03605e-05
44.52 6.79359e-06
44.54 -4.37995e-05
44.56 -4.02948e-05
44.58 -8.29014e-06
44.6 -5.12422e-06
44.62 -4.50023e-05
44.64 -7.94306e-05
44.66 -6.02102e-05
44.68 -5.47955e-06
44.7 2.09517e-05
44.72 -3.29828e-06
44.74 -3.28837e-05
44.76 -1.905e-05
44.78 2.94184e-05
44.8 5.41383e-05
44.82 2.06295e-05
44.84 -2.91142e-05
44.86 -2.58191e-05
44.88 3.50176e-05
44.9 8.1143e-05
44.92 5.28026e-05
44.94 -1.78378e-05
44.96 -4.63798e-05
44.98 -5.13838e-06
45 4.23808e-05
45.02 2.68511e-05
45.04 -3.36544e-05
45.06 -5.66117e-05
45.08 -5.85047e-06
45.1 5.52914e-05
45.12 4.95055e-05
45.14 -1.1899e-05
45.16 -5.07229e-05
45.18 -2.39102e-05
45.2 2.64088e-05
45.22 3.67018e-05
45.24 9.49249e-06
45.26 3.74735e-06
45.28 4.86451e-05
45.3 9.66937e-05
45.32 8.83621e-05
45.34 3.66529e-05
45.36 -2.44178e-06
45.38 -4.5779e-06
45.4 5.88045e-06
45.42 1.56516e-07
45.44 -8.6462e-06
45.46 -2.80172e-06
45.48 2.42999e-06
45.5 -7.69937e-06
45.52 -2.27954e-05
45.54 -2.54708e-05
45.56 -1.70568e-05
45.58 -1.16655e-05
45.6 -1.43766e-05
45.62 -1.55031e-05
45.64 -7.61957e-06
45.66 -4.32665e-06
45.68 -1.94134e-05
45.7 -3.65792e-05
45.72 -2.84605e-05
45.74 1.34902e-07
45.76 9.43745e-06
45.78 -2.00039e-05
45.8 -4.71062e-05
45.82 -2.19164e-05
45.84 3.87601e-05
45.86 6.97115e-05
45.88 4.479e-05
45.9 9.25675e-06
45.92 1.97409e-05
45.94 7.38615e-05
45.96 0.000108231
45.98 6.75116e-05
46 -2.47131e-05
46.02 -7.35718e-05
46.04 -2.4721e-05
46.06 5.6546e-05
46.08 6.4266e-05
46.1 -2.29347e-05
46.12 -0.00011141
46.14 -0.000100883
46.16 -1.62299e-05
46.18 3.59067e-05
46.2 1.48134e-05
46.22 -2.64043e-05
46.24 -3.23461e-05
46.26 1.79304e-06
46.28 4.4785e-05
46.3 5.20949e-05
46.32 1.46554e-05
46.34 -1.71194e-05
46.36 -2.06905e-06
46.38 3.88933e-05
46.4 5.53646e-05
46.42 2.57356e-05
46.44 -1.50421e-05
46.46 -1.4433e-05
46.48 2.35366e-05
46.5 4.07259e-05
46.52 8.30812e-06
46.54 -3.64246e-05
46.56 -4.02335e-05
46.58 3.49995e-07
46.6 3.33885e-05
46.62 1.70494e-05
46.64 -2.69637e-05
46.66 -4.35626e-05
46.68 -1.63884e-05
46.7 1.20782e-05
46.72 2.01895e-06
46.74 -2.81177e-05
46.76 -3.40308e-05
46.78 -2.18277e-06
46.8 3.77536e-05
46.82 4.76099e-05
46.84 2.80383e-05
46.86 1.34905e-06
46.88 -1.95722e-05
46.9 -2.49662e-05
46.92 -1.51648e-05
46.94 2.26083e-06
46.96 2.04122e-05
46.98 2.5167e-05
47 8.3276e-06
47.02 -1.60612e-05
47.04 -2.04198e-05
47.06 3.64654e-06
47.08 1.84359e-05
47.1 -9.49809e-06
47.12 -4.05533e-05
47.14 -2.17527e-05
47.16 1.90622e-05
47.18 1.59396e-05
47.2 -3.48616e-05
47.22 -6.50526e-05
47.24 -2.58278e-05
47.26 4.02765e-05
47.28 5.87664e-05
47.3 2.63123e-05
47.32 9.0287e-06
47.34 5.3789e-05
47.36 0.000127532
47.38 0.000148762
47.4 8.09296e-05
47.42 -2.61437e-05
47.44 -9.07154e-05
47.46 -6.82643e-05
47.48 1.26666e-05
47.5 6.46701e-05
47.52 2.66866e-05
47.54 -5.06459e-05
47.56 -5.45089e-05
47.58 3.09752e-05
47.6 9.18663e-05
47.62 4.11497e-05
47.64 -6.56741e-05
47.66 -0.000108209
47.68 -5.24031e-05
47.7 2.0299e-05
47.72 2.22797e-05
47.74 -3.1365e-05
47.76 -5.11643e-05
47.78 9.69886e-07
47.8 6.39108e-05
47.82 6.09772e-05
47.84 -5.33489e-06
47.86 -6.05817e-05
47.88 -4.98336e-05
47.9 -2.96964e-07
47.92 2.42457e-05
47.94 -8.12665e-07
47.96 -4.41323e-05
47.98 -5.35121e-05
48 -1.20113e-05
48.02 4.09158e-05
48.04 5.39827e-05
48.06 1.68338e-05
48.08 -3.62e-05
48.1 -6.03568e-05
48.12 -3.23087e-05
48.14 3.14697e-05
48.16 6.48137e-05
48.18 1.57907e-05
48.2 -6.59783e-05
48.22 -8.25172e-05
48.24 -1.72813e-05
48.26 5.09913e-05
48.28 4.59817e-05
48.3 -1.4807e-05
48.32 -3.35908e-05
48.34 3.08066e-05
48.36 9.74919e-05
48.38 7.9736e-05
48.4 1.90579e-06
48.42 -3.64151e-05
48.44 1.04744e-05
48.46 7.89754e-05
48.48 7.68127e-05
48.5 -5.34815e-06
48.52 -7.77517e-05
48.54 -6.52353e-05
48.56 -5.10575e-06
48.58 1.43957e-05
48.6 -3.00685e-05
48.62 -7.86811e-05
48.64 -7.1504e-05
48.66 -1.68695e-05
48.68 3.47527e-05
48.7 4.50032e-05
48.72 1.69087e-05
48.74 -1.05302e-05
48.76 -1.76399e-06
48.78 3.78085e-05
48.8 6.0246e-05
48.82 3.37008e-05
48.84 -9.69118e-06
48.86 -1.59644e-05
48.88 2.06682e-05
48.9 5.1837e-05
48.92 3.69268e-05
48.94 -5.78143e-06
48.96 -2.3946e-05
48.98 3.03422e-06
49 3.87309e-05
49.02 3.68838e-05
49.04 9.55241e-07
49.06 -2.20724e-05
49.08 -3.16348e-06
49.1 3.17623e-05
49.12 4.34792e-05
49.14 3.13288e-05
49.16 2.18616e-05
49.18 2.74615e-05
49.2 2.97142e-05
49.22 1.65842e-05
49.24 3.41506e-06
49.26 -3.44781e-06
49.28 -1.33572e-05
49.3 -2.44428e-05
49.32 -2.58564e-05
49.34 -1.41893e-05
49.36 1.45588e-06
49.38 4.05571e-06
49.4 -8.55853e-06
49.42 -1.36337e-05
49.44 2.08341e-06
49.46 2.19379e-05
49.48 2.32139e-05
49.5 4.00085e-06
49.52 -1.77001e-05
49.54 -2.56346e-05
49.56 -1.53993e-05
49.58 9.84795e-07
49.6 -2.79696e-06
49.62 -3.69257e-05
49.64 -7.77604e-05
49.66 -9.40261e-05
49.68 -7.75617e-05
49.7 -5.20635e-05
49.72 -4.59788e-05
49.74 -5.41721e-05
49.76 -4.61193e-05
49.78 -9.16021e-06
49.8 2.68791e-05
49.82 2.02637e-05
49.84 -2.19809e-05
49.86 -3.94447e-05
49.88 5.28723e-06
49.9 6.78492e-05
49.92 7.2022e-05
49.94 1.04827e-05
49.96 -4.58725e-05
49.98 -3.92468e-05
50 8.92334e-06
50.02 2.81541e-05
50.04 -1.07982e-05
50.06 -5.28447e-05
50.08 -3.19412e-05
50.1 3.03127e-05
50.12 4.97803e-05
50.14 -5.05409e-06
50.16 -7.14118e-05
50.18 -6.69477e-05
50.2 7.67873e-06
50.22 5.88896e-05
50.24 1.68605e-05
50.26 -6.47525e-05
50.28 -7.69732e-05
50.3 -1.72696e-06
50.32 7.1224e-05
50.34 6.32968e-05
50.36 -5.31486e-06
50.38 -4.80947e-05
50.4 -1.32312e-05
50.42 5.6199e-05
50.44 7.78342e-05
50.46 3.30357e-05
50.48 -1.93772e-05
50.5 -2.38538e-05
50.52 1.11652e-05
50.54 3.57487e-05
50.56 2.47053e-05
50.58 1.76195e-06
50.6 2.64709e-06
50.62 3.07157e-05
50.64 5.01102e-05
50.66 3.07165e-05
50.68 -7.32909e-06
50.7 -1.66194e-05
50.72 1.37329e-05
50.74 4.26664e-05
50.76 2.94938e-05
50.78 -1.38216e-05
50.8 -3.52633e-05
50.82 -1.40411e-05
50.84 7.30286e-06
50.86 -1.25578e-05
50.88 -5.28901e-05
50.9 -6.4936e-05
50.92 -3.66233e-05
50.94 -2.524e-06
50.96 -5.16461e-06
50.98 -4.52778e-05
51 -7.36779e-05
51.02 -5.0175e-05
51.04 2.00649e-07
51.06 1.90267e-05
51.08 -8.25721e-06
51.1 -4.02031e-05
51.12 -3.3913e-05
51.14 2.98111e-06
51.16 1.92455e-05
51.18 -1.08464e-05
51.2 -4.6748e-05
51.22 -3.71506e-05
51.24 8.78351e-06
51.26 4.00147e-05
51.28 3.4591e-05
51.3 2.18542e-05
51.32 4.05955e-05
51.34 7.20251e-05
51.36 3.58428e-05
51.38 -9.37966e-05
51.4 -0.000211856
51.42 -0.000180179
51.44 -2.43212e-06
51.46 0.000169738
51.48 0.000180195
51.5 3.00048e-05
51.52 -9.43711e-05
51.54 -4.04384e-05
51.56 0.000111414
51.58 0.000156467
51.6 2.57191e-05
51.62 -0.000134254
51.64 -0.000129875
51.66 4.19202e-05
51.68 0.000186391
51.7 0.000146495
51.72 -1.28861e-05
51.74 -9.49606e-05
51.76 -1.7303e-05
51.78 9.89369e-05
51.8 8.45239e-05
51.82 -6.48977e-05
51.84 -0.000171261
51.86 -9.52076e-05
51.88 7.62946e-05
51.9 0.000136728
51.92 2.37729e-05
51.94 -0.000108366
51.96 -8.66794e-05
51.98 6.52838e-05
52 0.000162187
52.02 8.94055e-05
52.04 -6.40361e-05
52.06 -0.000121721
52.08 -3.40762e-05
52.1 7.69119e-05
52.12 7.74231e-05
52.14 -2.90081e-05
52.16 -0.000112422
52.18 -6.69726e-05
52.2 6.24234e-05
52.22 0.0001352
52.24 8.18912e-05
52.26 -2.04382e-05
52.28 -4.76411e-05
52.3 2.14908e-05
52.32 8.81984e-05
52.34 5.91585e-05
52.36 -4.02088e-05
52.38 -9.55661e-05
52.4 -4.57616e-05
52.42 4.0763e-05
52.44 5.62449e-05
52.46 -5.32869e-06
52.48 -4.81572e-05
52.5 -1.08219e-05
52.52 5.53182e-05
52.54 5.76416e-05
52.56 -1.56494e-05
52.58 -8.19028e-05
52.6 -7.10989e-05
52.62 -6.31614e-06
52.64 2.82922e-05
52.66 -9.17575e-06
52.68 -6.73685e-05
52.7 -6.66914e-05
52.72 1.54214e-06
52.74 5.66646e-05
52.76 2.83667e-05
52.78 -4.94175e-05
52.8 -8.20375e-05
52.82 -3.32072e-05
52.84 3.38205e-05
52.86 3.57945e-05
52.88 -2.99372e-05
52.9 -7.92027e-05
52.92 -4.24685e-05
52.94 4.11174e-05
52.96 6.52812e-05
52.98 -1.79837e-06
53 -7.05524e-05
53.02 -4.81225e-05
53.04 4.11721e-05
53.06 8.86137e-05
53.08 4.21036e-05
53.1 -2.98303e-05
53.12 -2.9747e-05
53.14 4.09149e-05
53.16 9.09427e-05
53.18 6.26666e-05
53.2 -7.42268e-06
53.22 -3.89196e-05
53.24 -2.11334e-06
53.26 4.75186e-05
53.28 4.02719e-05
53.3 -2.11338e-05
53.32 -6.73e-05
53.34 -5.18746e-05
53.36 -2.65563e-06
53.38 2.03135e-05
53.4 -6.79087e-06
53.42 -4.51647e-05
53.44 -4.01948e-05
53.46 5.16776e-06
53.48 3.30165e-05
53.5 9.47547e-06
53.52 -3.00795e-05
53.54 -2.94442e-05
53.56 1.32204e-05
53.58 4.39663e-05
53.6 2.25149e-05
53.62 -2.89832e-05
53.64 -5.44114e-05
53.66 -2.84381e-05
53.68 1.38811e-05
53.7 1.87659e-05
53.72 -1.40287e-05
53.74 -3.2186e-05
53.76 -4.51785e-06
53.78 3.98791e-05
53.8 5.09499e-05
53.82 1.73084e-05
53.84 -1.76186e-05
53.86 -6.82032e-06
53.88 3.33331e-05
53.9 4.25344e-05
53.92 4.10269e-06
53.94 -3.16108e-05
53.96 -1.85866e-05
53.98 2.59416e-05
54 4.47072e-05
54.02 1.30135e-05
54.04 -2.8361e-05
54.06 -2.41435e-05
54.08 2.4149e-05
54.1 5.77673e-05
54.12 3.88933e-05
54.14 -3.70471e-06
54.16 -1.98646e-05
54.18 3.89275e-06
54.2 2.94724e-05
54.22 9.42767e-06
54.24 -4.45843e-05
54.26 -7.03908e-05
54.28 -4.02409e-05
54.3 7.71692e-06
54.32 1.94888e-05
54.34 -1.41746e-05
54.36 -4.87622e-05
54.38 -4.22159e-05
54.4 -5.62104e-06
54.42 1.65955e-05
54.44 6.28871e-06
54.46 -9.42817e-06
54.48 1.1634e-07
54.5 2.79358e-05
54.52 4.29321e-05
54.54 2.9996e-05
54.56 4.64423e-06
54.58 -7.0894e-06
54.6 2.81155e-06
54.62 2.08929e-05
54.64 2.72887e-05
54.66 1.46218e-05
54.68 -7.30673e-06
54.7 -2.48135e-05
54.72 -2.80976e-05
54.74 -2.06533e-05
54.76 -1.98083e-05
54.78 -3.16392e-05
54.8 -4.21687e-05
54.82 -3.89566e-05
54.84 -2.05913e-05
54.86 3.9363e-06
54.88 1.97388e-05
54.9 2.34945e-05
54.92 2.31956e-05
54.94 2.38547e-05
54.96 2.88182e-05
54.98 3.77266e-05
55 3.76459e-05
55.02 2.0064e-05
55.04 -1.74054e-06
55.06 -7.2956e-06
55.08 3.66179e-06
55.1 1.19939e-05
55.12 7.97525e-06
55.14 -2.47305e-06
55.16 -8.38071e-06
55.18 -2.94342e-06
55.2 9.90142e-06
55.22 2.11691e-05
55.24 2.48087e-05
55.26 2.21264e-05
55.28 1.89337e-05
55.3 1.69216e-05
55.32 1.61434e-05
55.34 1.93094e-05
55.36 1.98215e-05
55.38 6.42058e-06
55.4 -1.20569e-05
55.42 -1.47079e-05
55.44 -1.63667e-06
55.46 7.31058e-06
55.48 1.20919e-07
55.5 -1.99955e-05
55.52 -3.58665e-05
55.54 -3.05212e-05
55.56 -9.1795e-06
55.58 7.52143e-06
55.6 4.63167e-06
55.62 -8.17698e-06
55.64 -1.06292e-05
55.66 -6.51586e-06
55.68 -1.04745e-05
55.7 -1.69663e-05
55.72 -1.02401e-05
55.74 8.41867e-06
55.76 1.87883e-05
55.78 7.84397e-06
55.8 -9.24099e-06
55.82 -6.05464e-06
55.84 1.65815e-05
55.86 3.23488e-05
55.88 3.30128e-05
55.9 3.81605e-05
55.92 4.88008e-05
55.94 1.86412e-05
55.96 -7.11928e-05
55.98 -0.000142183
56 -0.000110189
56.02 1.98927e-06
56.04 8.55681e-05
56.06 5.58432e-05
56.08 -3.7807e-05
56.1 -5.94461e-05
56.12 3.80259e-05
56.14 0.000144017
56.16 0.000116643
56.18 -2.81164e-05
56.2 -0.000127262
56.22 -7.85904e-05
56.24 4.44189e-05
56.26 9.14039e-05
56.28 1.50597e-05
56.3 -7.25519e-05
56.32 -4.68731e-05
56.34 6.48579e-05
56.36 0.000123384
56.38 5.5387e-05
56.4 -5.99447e-05
56.42 -8.86065e-05
56.44 5.19325e-07
56.46 0.000105618
56.48 0.000110825
56.5 1.63058e-05
56.52 -6.16446e-05
56.54 -3.02006e-05
56.56 6.6973e-05
56.58 0.000105892
56.6 3.08708e-05
56.62 -7.74691e-05
56.64 -9.63484e-05
56.66 -1.03301e-05
56.68 7.46158e-05
56.7 5.81494e-05
56.72 -3.67542e-05
56.74 -9.04865e-05
56.76 -3.57623e-05
56.78 5.94851e-05
56.8 7.94906e-05
56.82 7.26245e-06
56.84 -6.08335e-05
56.86 -4.09446e-05
56.88 4.25403e-05
56.9 8.21358e-05
56.92 1.86302e-05
56.94 -7.47299e-05
56.96 -9.13505e-05
56.98 -2.81482e-05
57 2.42766e-05
57.02 2.09615e-06
57.04 -6.25241e-05
57.06 -9.10567e-05
57.08 -4.84088e-05
57.1 2.57481e-05
57.12 5.73779e-05
57.14 1.41162e-05
57.16 -5.05748e-05
57.18 -5.80171e-05
57.2 1.33949e-06
57.22 5.73903e-05
57.24 4.11272e-05
57.26 -3.11676e-05
57.28 -7.36198e-05
57.3 -3.236e-05
57.32 4.64382e-05
57.34 6.7883e-05
57.36 7.41535e-06
57.38 -5.29065e-05
57.4 -3.03148e-05
57.42 4.9235e-05
57.44 8.63711e-05
57.46 3.20254e-05
57.48 -5.24092e-05
57.5 -6.68555e-05
57.52 5.99373e-06
57.54 7.59518e-05
57.56 5.36486e-05
57.58 -3.38888e-05
57.6 -7.53572e-05
57.62 -1.66347e-05
57.64 7.03501e-05
57.66 7.72731e-05
57.68 -3.46545e-06
57.7 -7.15182e-05
57.72 -4.63533e-05
57.74 3.48302e-05
57.76 6.77381e-05
57.78 1.21922e-05
57.8 -6.12632e-05
57.82 -6.15083e-05
57.84 1.10345e-05
57.86 6.69532e-05
57.88 3.93102e-05
57.9 -3.55871e-05
57.92 -6.44624e-05
57.94 -1.18614e-05
57.96 5.62021e-05
57.98 5.47954e-05
58 -1.27423e-05
58.02 -6.05461e-05
58.04 -3.16435e-05
58.06 3.37419e-05
58.08 5.43363e-05
58.1 8.10702e-06
58.12 -4.41775e-05
58.14 -3.70597e-05
58.16 1.84816e-05
58.18 5.21097e-05
58.2 2.37487e-05
58.22 -2.81382e-05
58.24 -3.77079e-05
58.26 4.91221e-06
58.28 4.40249e-05
58.3 3.09416e-05
58.32 -1.57603e-05
58.34 -3.64426e-05
58.36 -6.49931e-06
58.38 3.49044e-05
58.4 3.64328e-05
58.42 -1.52e-06
58.44 -2.99185e-05
58.46 -1.40069e-05
58.48 2.42746e-05
58.5 3.61465e-05
58.52 8.079e-06
58.54 -2.31933e-05
58.56 -1.88578e-05
58.58 1.40303e-05
58.6 3.35824e-05
58.62 1.62918e-05
58.64 -1.48475e-05
58.66 -2.06246e-05
58.68 5.20211e-06
58.7 2.92982e-05
58.72 2.17508e-05
58.74 -6.7708e-06
58.76 -1.99485e-05
58.78 -2.02782e-06
58.8 2.34384e-05
58.82 2.44945e-05
58.84 8.60476e-07
58.86 -1.70717e-05
58.88 -7.28935e-06
58.9 1.68888e-05
58.92 2.4864e-05
58.94 7.4638e-06
58.96 -1.26133e-05
58.98 -1.03386e-05
59 1.05044e-05
59.02 2.32705e-05
59.04 1.24936e-05
59.06 -7.41667e-06
59.08 -1.13501e-05
59.1 4.8915e-06
59.12 2.03002e-05
59.14 1.58178e-05
59.16 -2.11415e-06
59.18 -1.06552e-05
59.2 3.92308e-07
59.22 1.64876e-05
59.24 1.74643e-05
59.26 2.78603e-06
59.28 -8.64459e-06
59.3 -2.77602e-06
59.32 1.23753e-05
59.34 1.76291e-05
59.36 6.91666e-06
59.38 -5.76361e-06
59.4 -4.58284e-06
59.42 8.40678e-06
59.44 1.65967e-05
59.46 1.00553e-05
59.48 -2.44569e-06
59.5 -5.12549e-06
59.52 4.92888e-06
59.54 1.47098e-05
59.56 1.21144e-05
59.58 9.17705e-07
59.6 -4.6018e-06
59.62 2.17092e-06
59.64 1.2317e-05
59.66 1.31226e-05
59.68 4.01251e-06
59.7 -3.26531e-06
59.72 2.52522e-07
59.74 9.74947e-06
59.76 1.32032e-05
59.78 6.61038e-06
59.8 -1.39745e-06
59.82 -8.0986e-07
59.84 7.28659e-06
59.86 1.25397e-05
59.88 8.57498e-06
59.9 7.28264e-07
59.92 -1.08271e-06
59.94 5.14183e-06
59.96 1.13484e-05
59.98 8.26683e-06
