0.02 8.01267e-06
0.04 2.26987e-05
0.06 2.48451e-05
0.08 1.13651e-05
0.1 3.25336e-06
0.12 1.21621e-05
0.14 2.35076e-05
0.16 2.03254e-05
0.18 9.15725e-06
0.2 8.60585e-06
0.22 2.02072e-05
0.24 2.72683e-05
0.26 2.16273e-05
0.28 1.56405e-05
0.3 2.16819e-05
0.32 3.16056e-05
0.34 3.28682e-05
0.36 3.02097e-05
0.38 2.91479e-05
0.4 1.53019e-05
0.42 -1.93516e-05
0.44 -1.76743e-05
0.46 5.37222e-05
0.48 8.48445e-05
0.5 3.08251e-06
0.52 -8.03129e-05
0.54 -5.84757e-05
0.56 -1.72228e-05
0.58 -8.46811e-05
0.6 -0.000155791
0.62 -7.09746e-05
0.64 2.80373e-05
0.66 -3.4509e-05
0.68 -0.000213903
0.7 -0.000313101
0.72 -7.20879e-05
0.74 0.000272549
0.76 0.000193943
0.78 -0.000104741
0.8 2.82266e-05
0.82 0.000571894
0.84 0.000806033
0.86 0.000391334
0.88 -0.000104797
0.9 -6.56859e-05
0.92 0.000317435
0.94 0.000356237
0.96 -0.000190198
0.98 -0.00068692
1 -0.000471841
1.02 0.000166014
1.04 0.000333186
1.06 -0.000250607
1.08 -0.000836882
1.1 -0.000680574
1.12 -2.8208e-05
1.14 0.000338173
1.16 2.5514e-05
1.18 -0.000639533
1.2 -0.000694
1.22 0.000151162
1.24 0.00063337
1.26 -8.74995e-05
1.28 -0.000993786
1.3 -0.000878135
1.32 9.88376e-05
1.34 0.000870365
1.36 0.000626109
1.38 -0.000264573
1.4 -0.00059724
1.42 2.16549e-05
1.44 0.000514348
1.46 -0.000209541
1.48 -0.00155274
1.5 -0.00186918
1.52 -0.00083026
1.54 2.80791e-05
1.56 -0.000472268
1.58 -0.00143531
1.6 -0.00119755
1.62 0.000110157
1.64 0.00069776
1.66 -0.000127645
1.68 -0.00100488
1.7 -0.000653653
1.72 0.000249886
1.74 0.00016957
1.76 -0.000753159
1.78 -0.000931006
1.8 -0.000162219
1.82 8.53966e-05
1.84 -0.00075747
1.86 -0.00139169
1.88 -0.000507774
1.9 0.000890322
1.92 0.000503311
1.94 -0.00144772
1.96 -0.002069
1.98 -0.000406261
2 0.000739081
2.02 -0.000748919
2.04 -0.00280113
2.06 -0.00237865
2.08 -0.000286681
2.1 0.000122969
2.12 -0.00164359
2.14 -0.00253132
2.16 -0.00097793
2.18 0.000806696
2.2 0.000478605
2.22 -0.00122345
2.24 -0.00177937
2.26 -0.000461995
2.28 0.000418715
2.3 -0.000865672
2.32 -0.00248354
2.34 -0.00203839
2.36 -0.000175136
2.38 0.000468679
2.4 -0.00118657
2.42 -0.00286841
2.44 -0.0019428
2.46 0.000318903
2.48 0.000625776
2.5 -0.0010076
2.52 -0.00156968
2.54 -9.96578e-05
2.56 0.00117724
2.58 0.000892674
2.6 0.000553658
2.62 0.00162048
2.64 0.00306441
2.66 0.00324481
2.68 0.00253432
2.7 0.00278437
2.72 0.00463262
2.74 0.00706734
2.76 0.00907499
2.78 0.0100013
2.8 0.00962074
2.82 0.00892533
2.84 0.00924298
2.86 0.0106632
2.88 0.0119695
2.9 0.0116343
2.92 0.009859
2.94 0.00851421
2.96 0.00864262
2.98 0.00974453
3 0.0107123
3.02 0.00966201
3.04 0.00559246
3.06 0.00125465
3.08 -1.92235e-05
3.1 0.0012356
3.12 0.00187694
3.14 -0.000369611
3.16 -0.00416072
3.18 -0.00634746
3.2 -0.00605926
3.22 -0.00529667
3.24 -0.00624859
3.26 -0.00892492
3.28 -0.0118309
3.3 -0.0131175
3.32 -0.0118134
3.34 -0.00899924
3.36 -0.006228
3.38 -0.00431145
3.4 -0.00356211
3.42 -0.00335199
3.44 -0.00179967
3.46 0.0029776
3.48 0.00937031
3.5 0.0126011
3.52 0.0105618
3.54 0.00642147
3.56 0.00493603
3.58 0.00787976
3.6 0.012812
3.62 0.0164771
3.64 0.0165343
3.66 0.0104928
3.68 0.000267375
3.7 -0.00631463
3.72 -0.00501399
3.74 -0.000281214
3.76 0.00123844
3.78 -0.00273984
3.8 -0.00885489
3.82 -0.0117338
3.84 -0.00916794
3.86 -0.00435667
3.88 -0.0031125
3.9 -0.00736703
3.92 -0.0130013
3.94 -0.015015
3.96 -0.0126171
3.98 -0.00831403
4 -0.00444617
4.02 -0.00295781
4.04 -0.00470808
4.06 -0.00700421
4.08 -0.00582655
4.1 -0.000817988
4.12 0.00493915
4.14 0.00847428
4.16 0.00852915
4.18 0.00525648
4.2 -0.000602758
4.22 -0.00642233
4.24 -0.00818725
4.26 -0.00522277
4.28 -0.00148983
4.3 -0.0010382
4.32 -0.00282099
4.34 -0.00208919
4.36 0.0022938
4.38 0.00635194
4.4 0.00617897
4.42 0.00136898
4.44 -0.00485043
4.46 -0.00717229
4.48 -0.00229258
4.5 0.00573894
4.52 0.00819521
4.54 0.0020189
4.56 -0.00704397
4.58 -0.0106449
4.6 -0.00569056
4.62 0.00313551
4.64 0.00899491
4.66 0.00865622
4.68 0.00342989
4.7 -0.00193311
4.72 -0.00222056
4.74 0.00380999
4.76 0.011833
4.78 0.014731
4.8 0.00841876
4.82 -0.00295411
4.84 -0.00930307
4.86 -0.00499709
4.88 0.00545969
4.9 0.0127503
4.92 0.0105284
4.94 -0.000146702
4.96 -0.0107884
4.98 -0.0124428
5 -0.00502521
5.02 0.00282755
5.04 0.00256868
5.06 -0.00586957
5.08 -0.0123483
5.1 -0.00789469
5.12 0.00406213
5.14 0.0128392
5.16 0.0115831
5.18 0.00224024
5.2 -0.00646795
5.22 -0.00625967
5.24 0.00246221
5.26 0.00975242
5.28 0.00737804
5.3 -0.00228586
5.32 -0.00934335
5.34 -0.00610175
5.36 0.0050596
5.38 0.0142073
5.4 0.0132303
5.42 0.00284569
5.44 -0.00744186
5.46 -0.0077629
5.48 0.00237231
5.5 0.0138354
5.52 0.0170217
5.54 0.0095388
5.56 -0.00316502
5.58 -0.0111078
5.6 -0.00782484
5.62 0.0030737
5.64 0.0122124
5.66 0.0127989
5.68 0.00440056
5.7 -0.0066144
5.72 -0.0109207
5.74 -0.00505394
5.76 0.00512923
5.78 0.0105781
5.8 0.00680482
5.82 -0.00290861
5.84 -0.0101716
5.86 -0.00893772
5.88 -0.00119074
5.9 0.00557572
5.92 0.0058326
5.94 0.000773729
5.96 -0.00399846
5.98 -0.00375027
6 0.00223064
6.02 0.00970116
6.04 0.0127795
6.06 0.00951783
6.08 0.00297645
6.1 -0.00226395
6.12 -0.00258005
6.14 0.00269583
6.16 0.00965089
6.18 0.0117181
6.2 0.00496655
6.22 -0.00674291
6.24 -0.014211
6.26 -0.0121117
6.28 -0.00393933
6.3 0.00265831
6.32 0.00318762
6.34 -0.00185748
6.36 -0.00774629
6.38 -0.00864281
6.4 -0.00341802
6.42 0.00347499
6.44 0.00666566
6.46 0.00402807
6.48 -0.00274535
6.5 -0.00927242
6.52 -0.0109631
6.54 -0.00728463
6.56 -0.00234756
6.58 0.000158977
6.6 -0.000891822
6.62 -0.00449401
6.64 -0.00673063
6.66 -0.00377343
6.68 0.00340503
6.7 0.00939779
6.72 0.00873735
6.74 0.000376293
6.76 -0.00979443
6.78 -0.0127905
6.8 -0.00547983
6.82 0.00581486
6.84 0.0116128
6.86 0.00786196
6.88 -0.00200049
6.9 -0.00997026
6.92 -0.00973204
6.94 -0.00246615
6.96 0.00521568
6.98 0.0077008
7 0.00414305
7.02 -0.0022173
7.04 -0.0062972
7.06 -0.00461048
7.08 0.00149793
7.1 0.00738828
7.12 0.00908645
7.14 0.00564979
7.16 -2.45772e-05
7.18 -0.00316129
7.2 -0.00125332
7.22 0.00416664
7.24 0.00915357
7.26 0.00977206
7.28 0.00459347
7.3 -0.00331688
7.32 -0.00738727
7.34 -0.00370505
7.36 0.00456301
7.38 0.0105774
7.4 0.00973702
7.42 0.00272669
7.44 -0.00507622
7.46 -0.00750102
7.48 -0.003195
7.5 0.00347325
7.52 0.00697599
7.54 0.00453509
7.56 -0.00229767
7.58 -0.00778446
7.6 -0.00640391
7.62 0.00140192
7.64 0.00964627
7.66 0.0125409
7.68 0.00851671
7.7 0.000789595
7.72 -0.00497477
7.74 -0.00484035
7.76 0.00092917
7.78 0.00822478
7.8 0.0116464
7.82 0.00845166
7.84 0.000885389
7.86 -0.00581711
7.88 -0.00715339
7.9 -0.0025993
7.92 0.0036925
7.94 0.00654037
7.96 0.00395683
7.98 -0.00203458
8 -0.00660022
8.02 -0.0055332
8.04 0.000555416
8.06 0.0067537
8.08 0.00825702
8.1 0.00408841
8.12 -0.00243626
8.14 -0.00599488
8.16 -0.00366008
8.18 0.00262598
8.2 0.00825358
8.22 0.00923453
8.24 0.004073
8.26 -0.00452491
8.28 -0.00965687
8.3 -0.00643955
8.32 0.00263752
8.34 0.0103696
8.36 0.0107375
8.38 0.00336897
8.4 -0.00568724
8.42 -0.00848988
8.44 -0.00291197
8.46 0.00500688
8.48 0.00788073
8.5 0.0039381
8.52 -0.00295237
8.54 -0.00680739
8.56 -0.00408906
8.58 0.00322393
8.6 0.00966519
8.62 0.01067
8.64 0.00533603
8.66 -0.00253226
8.68 -0.00611835
8.7 -0.00208917
8.72 0.00587273
8.74 0.011207
8.76 0.00969658
8.78 0.00243614
8.8 -0.00495053
8.82 -0.0069181
8.84 -0.00286625
8.86 0.00249493
8.88 0.00428488
8.9 0.00182122
8.92 -0.00243872
8.94 -0.00484292
8.96 -0.00299014
8.98 0.00145405
9 0.00454677
9.02 0.00381916
9.04 -0.000378156
9.06 -0.00477034
9.08 -0.00522054
9.1 -0.00134546
9.12 0.00299461
9.14 0.00409821
9.16 0.00119392
9.18 -0.00380711
9.2 -0.00726839
9.22 -0.00636624
9.24 -0.0020471
9.26 0.00213091
9.28 0.00332033
9.3 0.00136146
9.32 -0.00160415
9.34 -0.00289429
9.36 -0.00121649
9.38 0.00219421
9.4 0.00442615
9.42 0.00348798
9.44 0.000294296
9.46 -0.00243088
9.48 -0.00293116
9.5 -0.00165039
9.52 -8.65521e-05
9.54 0.000648114
9.56 -2.47679e-05
9.58 -0.00144344
9.6 -0.00138623
9.62 0.00106381
9.64 0.00349271
9.66 0.00288505
9.68 -0.00109833
9.7 -0.00564242
9.72 -0.0067989
9.74 -0.0028806
9.76 0.00296526
9.78 0.00489872
9.8 0.000935019
9.82 -0.00512815
9.84 -0.00779244
9.86 -0.00413412
9.88 0.00360895
9.9 0.00958073
9.92 0.00923297
9.94 0.00256955
9.96 -0.00549389
9.98 -0.00803529
10 -0.00253286
10.02 0.0063514
10.04 0.0114432
10.06 0.00895978
10.08 0.000823213
10.1 -0.00681982
10.12 -0.00818726
10.14 -0.00304365
10.16 0.00348176
10.18 0.00611298
10.2 0.00319751
10.22 -0.00294166
10.24 -0.00742755
10.26 -0.00649151
10.28 -0.00119047
10.3 0.00404522
10.32 0.00562754
10.34 0.00298317
10.36 -0.00164158
10.38 -0.00450247
10.4 -0.0032006
10.42 0.00127749
10.44 0.00567751
10.46 0.00683996
10.48 0.00393434
10.5 -0.000720392
10.52 -0.00330198
10.54 -0.00194515
10.56 0.0014996
10.58 0.0037726
10.6 0.00338648
10.62 0.00112757
10.64 -0.00134817
10.66 -0.00231269
10.68 -0.0011648
10.7 0.000783982
10.72 0.00181146
10.74 0.00129803
10.76 -0.000454677
10.78 -0.00228267
10.8 -0.00236823
10.82 -0.000164896
10.84 0.00287717
10.86 0.00448212
10.88 0.00296881
10.9 -0.00113634
10.92 -0.00460765
10.94 -0.00433108
10.96 -0.000657833
10.98 0.003343
11 0.00465133
11.02 0.00224642
11.04 -0.00222304
11.06 -0.00516863
11.08 -0.00394407
11.1 0.000445875
11.12 0.00467219
11.14 0.00603442
11.16 0.00395613
11.18 0.000260124
11.2 -0.0022072
11.22 -0.00172324
11.24 0.0011266
11.26 0.00375603
11.28 0.00370564
11.3 0.000793763
11.32 -0.00289992
11.34 -0.00455624
11.36 -0.00300112
11.38 8.52715e-05
11.4 0.00228945
11.42 0.00261632
11.44 0.00133376
11.46 -0.000710492
11.48 -0.00222878
11.5 -0.00213365
11.52 -0.000592025
11.54 0.00137487
11.56 0.00274328
11.58 0.00285518
11.6 0.00191858
11.62 0.000975711
11.64 0.000933245
11.66 0.00184917
11.68 0.00289882
11.7 0.00299877
11.72 0.00183938
11.74 0.000134142
11.76 -0.00125575
11.78 -0.00191111
11.8 -0.00186305
11.82 -0.00159897
11.84 -0.00161833
11.86 -0.00191318
11.88 -0.00212522
11.9 -0.00181003
11.92 -0.000673748
11.94 0.00112427
11.96 0.00275367
11.98 0.00311761
12 0.0018542
12.02 -0.000257871
12.04 -0.00178808
12.06 -0.00167487
12.08 -5.92073e-05
12.1 0.00191297
12.12 0.00277936
12.14 0.00192138
12.16 0.000258012
12.18 -0.000889134
12.2 -0.000936399
12.22 -0.000139404
12.24 0.000712173
12.26 0.000801234
12.28 -0.000282759
12.3 -0.00213699
12.32 -0.00349586
12.34 -0.00324925
12.36 -0.00164303
12.38 9.77425e-05
12.4 0.00108607
12.42 0.00119589
12.44 0.000778406
12.46 0.000342965
12.48 0.000274943
12.5 0.000776802
12.52 0.00172905
12.54 0.00253483
12.56 0.00254049
12.58 0.00174606
12.6 0.000881656
12.62 0.000686415
12.64 0.00129721
12.66 0.00205233
12.68 0.00200602
12.7 0.000889222
12.72 -0.000827243
12.74 -0.00220211
12.76 -0.00232379
12.78 -0.00129161
12.8 -1.70095e-05
12.82 0.000975118
12.84 0.00164712
12.86 0.00177695
12.88 0.00115358
12.9 3.80654e-05
12.92 -0.00092621
12.94 -0.00112283
12.96 -0.000497587
12.98 0.000523007
13 0.0014278
13.02 0.00167042
13.04 0.0010288
13.06 -0.000102645
13.08 -0.00102988
13.1 -0.0011365
13.12 -0.000315236
13.14 0.00105588
13.16 0.00226087
13.18 0.00239303
13.2 0.00119787
13.22 -0.000578367
13.24 -0.00170797
13.26 -0.00136104
13.28 0.000123483
13.3 0.00152318
13.32 0.00173327
13.34 0.000560359
13.36 -0.00121687
13.38 -0.00219441
13.4 -0.00146325
13.42 0.000438089
13.44 0.00217888
13.46 0.00261079
13.48 0.00136356
13.5 -0.000930076
13.52 -0.00269239
13.54 -0.00246317
13.56 -0.000494895
13.58 0.00165689
13.6 0.00248587
13.62 0.00142648
13.64 -0.000836625
13.66 -0.00265743
13.68 -0.00258331
13.7 -0.000821199
13.72 0.00120678
13.74 0.00221032
13.76 0.00175202
13.78 0.000443049
13.8 -0.000688333
13.82 -0.000943484
13.84 -0.000257257
13.86 0.000895218
13.88 0.0017395
13.9 0.00158981
13.92 0.000431319
13.94 -0.00105894
13.96 -0.00187582
13.98 -0.00135619
14 0.00018553
14.02 0.00187307
14.04 0.00293555
14.06 0.00295057
14.08 0.00210783
14.1 0.00110122
14.12 0.000354778
14.14 -0.0002928
14.16 -0.000958254
14.18 -0.00129578
14.2 -0.00103493
14.22 -0.000551172
14.24 -0.000474442
14.26 -0.00102519
14.28 -0.00175011
14.3 -0.00186564
14.32 -0.00116645
14.34 -0.000379773
14.36 -0.000262502
14.38 -0.00087133
14.4 -0.0017054
14.42 -0.00206541
14.44 -0.00163874
14.46 -0.000818304
14.48 -0.00018301
14.5 0.00010124
14.52 0.000247552
14.54 0.000494104
14.56 0.00088297
14.58 0.00118574
14.6 0.00109828
14.62 0.00068655
14.64 0.000444688
14.66 0.000790084
14.68 0.0015736
14.7 0.00188262
14.72 0.000804853
14.74 -0.00145155
14.76 -0.00324526
14.78 -0.00289823
14.8 -0.000795088
14.82 0.00118021
14.84 0.00172631
14.86 0.000823774
14.88 -0.000927846
14.9 -0.00250522
14.92 -0.00253507
14.94 -0.000712353
14.96 0.00174231
14.98 0.00315152
15 0.00254977
15.02 0.000416212
15.04 -0.00183796
15.06 -0.00277063
15.08 -0.00180747
15.1 0.000218523
15.12 0.00193999
15.14 0.00253939
15.16 0.00197892
15.18 0.00084006
15.2 -9.87068e-05
15.22 -0.000374004
15.24 -6.87224e-05
15.26 0.000371105
15.28 0.000465041
15.3 -0.000108311
15.32 -0.00125965
15.34 -0.00221443
15.36 -0.00206269
15.38 -0.000803165
15.4 0.000821917
15.42 0.00203093
15.44 0.00223743
15.46 0.00135061
15.48 -0.000201714
15.5 -0.00165159
15.52 -0.00201551
15.54 -0.000926
15.56 0.000989427
15.58 0.00265225
15.6 0.00310897
15.62 0.00212803
15.64 0.000374336
15.66 -0.00122965
15.68 -0.00188432
15.7 -0.00118098
15.72 0.000558336
15.74 0.00241964
15.76 0.00329671
15.78 0.00258422
15.8 0.00082999
15.82 -0.000820729
15.84 -0.00155503
15.86 -0.00116156
15.88 -7.03476e-06
15.9 0.00125569
15.92 0.00199559
15.94 0.00186615
15.96 0.00115269
15.98 0.000545711
16 0.000487138
16.02 0.000997506
16.04 0.00173966
16.06 0.00208787
16.08 0.0016694
16.1 0.000795491
16.12 -2.22525e-05
16.14 -0.000598924
16.16 -0.000862859
16.18 -0.000614469
16.2 0.000225564
16.22 0.00136896
16.24 0.0021758
16.26 0.00193786
16.28 0.000536058
16.3 -0.00123009
16.32 -0.00201538
16.34 -0.0011411
16.36 0.000703761
16.38 0.00216429
16.4 0.00221905
16.42 0.000813959
16.44 -0.00127729
16.46 -0.00273835
16.48 -0.00251851
16.5 -0.0010884
16.52 -2.19749e-05
16.54 -0.000461042
16.56 -0.00211404
16.58 -0.00338429
16.6 -0.00291759
16.62 -0.00111451
16.64 0.00048599
16.66 0.000781742
16.68 -1.01376e-05
16.7 -0.000454762
16.72 0.000800868
16.74 0.00367112
16.76 0.00666528
16.78 0.00794479
16.8 0.00675183
16.82 0.0042137
16.84 0.00216036
16.86 0.000992061
16.88 9.80569e-05
16.9 -0.000346584
16.92 -9.92506e-05
16.94 0.000174974
16.96 -0.000185424
16.98 -0.0011748
17 -0.00218035
17.02 -0.00239693
17.04 -0.00168935
17.06 -0.00092508
17.08 -0.00104787
17.1 -0.00215436
17.12 -0.0035833
17.14 -0.00439584
17.16 -0.00386568
17.18 -0.0021593
17.2 -0.000672879
17.22 -0.000914731
17.24 -0.00257797
17.26 -0.00370183
17.28 -0.0030541
17.3 -0.00133879
17.32 7.94123e-05
17.34 0.000677885
17.36 0.000928409
17.38 0.00165425
17.4 0.00314517
17.42 0.00486133
17.44 0.00601566
17.46 0.0060993
17.48 0.0050215
17.5 0.00330287
17.52 0.00207794
17.54 0.00215348
17.56 0.00283055
17.58 0.00256454
17.6 0.000815442
17.62 -0.00176045
17.64 -0.00381492
17.66 -0.00398246
17.68 -0.00232148
17.7 -0.000553365
17.72 -0.000479418
17.74 -0.00237945
17.76 -0.00457968
17.78 -0.00487584
17.8 -0.00286353
17.82 -0.000346463
17.84 0.000969849
17.86 0.000933365
17.88 0.000132841
17.9 -0.000806979
17.92 -0.00119604
17.94 -0.000539819
17.96 0.0012689
17.98 0.00362571
18 0.00512226
18.02 0.00462829
18.04 0.00250064
18.06 0.000329483
18.08 -0.000686947
18.1 -0.000720745
18.12 -0.000588158
18.14 -0.000760487
18.16 -0.00124744
18.18 -0.0017401
18.2 -0.00190221
18.22 -0.00188452
18.24 -0.00225376
18.26 -0.00326816
18.28 -0.00440488
18.3 -0.00470758
18.32 -0.00349669
18.34 -0.000796269
18.36 0.0025991
18.38 0.00515744
18.4 0.00567729
18.42 0.00451588
18.44 0.00327518
18.46 0.00348192
18.48 0.00489519
18.5 0.00527844
18.52 0.00321614
18.54 2.53261e-05
18.56 -0.00204615
18.58 -0.00193265
18.6 -0.000330292
18.62 0.00106906
18.64 0.00103061
18.66 -0.000621748
18.68 -0.00290527
18.7 -0.00417161
18.72 -0.00356564
18.74 -0.00197963
18.76 -0.00126396
18.78 -0.00238626
18.8 -0.00406594
18.82 -0.00358216
18.84 -6.85962e-05
18.86 0.00437821
18.88 0.00721459
18.9 0.00721939
18.92 0.00496257
18.94 0.00266042
18.96 0.00244021
18.98 0.00437955
19 0.00631338
19.02 0.00586315
19.04 0.00284172
19.06 -0.00107316
19.08 -0.00371702
19.1 -0.00349227
19.12 -0.000943956
19.14 0.00153864
19.16 0.00184351
19.18 -0.000412596
19.2 -0.0036371
19.22 -0.00548003
19.24 -0.00479574
19.26 -0.00247391
19.28 -0.000400482
19.3 7.91671e-05
19.32 -0.0010908
19.34 -0.00261595
19.36 -0.00298135
19.38 -0.00187228
19.4 -0.000218868
19.42 0.000920367
19.44 0.00125788
19.46 0.0013177
19.48 0.0017801
19.5 0.00268575
19.52 0.00336626
19.54 0.00316733
19.56 0.00220317
19.58 0.00127398
19.6 0.000837348
19.62 0.000707131
19.64 0.00101763
19.66 0.00195675
19.68 0.00258657
19.7 0.00166589
19.72 -0.000848204
19.74 -0.00336597
19.76 -0.00374342
19.78 -0.0015846
19.8 0.00115588
19.82 0.00210957
19.84 0.0005671
19.86 -0.00210525
19.88 -0.00332024
19.9 -0.00153383
19.92 0.00221207
19.94 0.005353
19.96 0.00570739
19.98 0.00297319
20 -0.000975457
20.02 -0.00316344
20.04 -0.00186754
20.06 0.00195936
20.08 0.00530196
20.1 0.00482893
20.12 -0.000249913
20.14 -0.00634658
20.16 -0.00787182
20.18 -0.00275476
20.2 0.00486191
20.22 0.00829586
20.24 0.00458184
20.26 -0.00314284
20.28 -0.00831876
20.3 -0.00665111
20.32 0.000152903
20.34 0.00660723
20.36 0.00783972
20.38 0.00308437
20.4 -0.00346699
20.42 -0.00593428
20.44 -0.00202295
20.46 0.00510133
20.48 0.00994676
20.5 0.00862344
20.52 0.00174615
20.54 -0.00562058
20.56 -0.00795877
20.58 -0.00336236
20.6 0.00483305
20.62 0.00965117
20.64 0.00631052
20.66 -0.00315443
20.68 -0.0112805
20.7 -0.0108965
20.72 -0.00161105
20.74 0.00887508
20.76 0.0116036
20.78 0.00463775
20.8 -0.00578343
20.82 -0.0109012
20.84 -0.0067866
20.86 0.00274235
20.88 0.010237
20.9 0.0105981
20.92 0.0042158
20.94 -0.00351369
20.96 -0.00600082
20.98 -0.00119206
21 0.006438
21.02 0.0100424
21.04 0.00636632
21.06 -0.00171009
21.08 -0.00734603
21.1 -0.0057166
21.12 0.00120066
21.14 0.00695524
21.16 0.00690115
21.18 0.00149808
21.2 -0.00491964
21.22 -0.00742651
21.24 -0.0044158
21.26 0.000963898
21.28 0.00400588
21.3 0.00250545
21.32 -0.00205519
21.34 -0.00533693
21.36 -0.00363699
21.38 0.00222322
21.4 0.00796626
21.42 0.00942893
21.44 0.00495224
21.46 -0.00260961
21.48 -0.0066912
21.5 -0.00386225
21.52 0.00246946
21.54 0.0063653
21.56 0.00424445
21.58 -0.00282899
21.6 -0.00897696
21.62 -0.00815105
21.64 -0.000902513
21.66 0.00627574
21.68 0.00764753
21.7 0.00277174
21.72 -0.00367613
21.74 -0.00593965
21.76 -0.00251786
21.78 0.00290169
21.8 0.00571299
21.82 0.00405174
21.84 -0.000722964
21.86 -0.00498153
21.88 -0.00522111
21.9 -0.00131105
21.92 0.00359075
21.94 0.00599336
21.96 0.00444166
21.98 0.000416567
22 -0.00282113
22.02 -0.00271882
22.04 0.000692307
22.06 0.00473283
22.08 0.00590287
22.1 0.00276487
22.12 -0.00265628
22.14 -0.00610293
22.16 -0.00465636
22.18 0.000318191
22.2 0.00466519
22.22 0.00515813
22.24 0.00171406
22.26 -0.00290086
22.28 -0.00496347
22.3 -0.00276645
22.32 0.0019247
22.34 0.00559343
22.36 0.00570041
22.38 0.00244472
22.4 -0.00161903
22.42 -0.00330748
22.44 -0.00137284
22.46 0.0025089
22.48 0.0054224
22.5 0.00516902
22.52 0.00175189
22.54 -0.00254064
22.56 -0.00456771
22.58 -0.00284061
22.6 0.00109373
22.62 0.00410905
22.64 0.00394773
22.66 0.000794626
22.68 -0.00297733
22.7 -0.00446302
22.72 -0.00256826
22.74 0.00105254
22.76 0.00352539
22.78 0.0029809
22.8 -0.000206798
22.82 -0.00356382
22.84 -0.00420819
22.86 -0.00152279
22.88 0.00238863
22.9 0.00462153
22.92 0.00359605
22.94 0.000229842
22.96 -0.00280701
22.98 -0.0031172
23 -0.000589833
23.02 0.00268677
23.04 0.00421908
23.06 0.00280706
23.08 -0.000698082
23.1 -0.00374976
23.12 -0.00387595
23.14 -0.00105816
23.16 0.00238035
23.18 0.00387937
23.2 0.00250003
23.22 -0.000543664
23.24 -0.00281665
23.26 -0.00246358
23.28 0.000289117
23.3 0.00342286
23.32 0.00464581
23.34 0.00300759
23.36 -0.000374573
23.38 -0.00307621
23.4 -0.00325501
23.42 -0.0012568
23.44 0.0010713
23.46 0.00213422
23.48 0.00147464
23.5 -0.000338212
23.52 -0.00211246
23.54 -0.00254045
23.56 -0.00124759
23.58 0.000957464
23.6 0.00275128
23.62 0.00301981
23.64 0.00165584
23.66 -0.000409943
23.68 -0.00182049
23.7 -0.00154965
23.72 0.00028885
23.74 0.00241611
23.76 0.00326493
23.78 0.00214741
23.8 -0.000211314
23.82 -0.00216057
23.84 -0.00229985
23.86 -0.00074102
23.88 0.00117743
23.9 0.00212411
23.92 0.00158672
23.94 2.35796e-05
23.96 -0.00164244
23.98 -0.0023899
24 -0.00166693
24.02 0.000119858
24.04 0.00208749
24.06 0.0032148
24.08 0.00271929
24.1 0.000872924
24.12 -0.00128944
24.14 -0.00249126
24.16 -0.00180981
24.18 0.000334277
24.2 0.00234167
24.22 0.00269239
24.24 0.00114295
24.26 -0.00122851
24.28 -0.00260291
24.3 -0.00175841
24.32 0.000685269
24.34 0.00278004
24.36 0.00281063
24.38 0.000658446
24.4 -0.00216236
24.42 -0.00347099
24.44 -0.00210414
24.46 0.00100463
24.48 0.00357437
24.5 0.00369019
24.52 0.00128918
24.54 -0.00192986
24.56 -0.00355428
24.58 -0.00223284
24.6 0.00104882
24.62 0.00382186
24.64 0.00408889
24.66 0.00180554
24.68 -0.00136221
24.7 -0.00315741
24.72 -0.0023347
24.74 0.000248235
24.76 0.0026121
24.78 0.00322459
24.8 0.00188659
24.82 -0.000326872
24.84 -0.00184555
24.86 -0.00160633
24.88 0.000177664
24.9 0.00225386
24.92 0.00322368
24.94 0.00243757
24.96 0.000509161
24.98 -0.00127574
25 -0.00181138
25.02 -0.000825497
25.04 0.00101076
25.06 0.00254366
25.08 0.00273059
25.1 0.00142295
25.12 -0.000534703
25.14 -0.00184732
25.16 -0.00160302
25.18 -4.05373e-05
25.2 0.00174856
25.22 0.00254755
25.24 0.00174306
25.26 -0.000227426
25.28 -0.00213622
25.3 -0.00270118
25.32 -0.00163627
25.34 0.000148976
25.36 0.00155644
25.38 0.00191911
25.4 0.00112877
25.42 -0.00034765
25.44 -0.00163825
25.46 -0.00187021
25.48 -0.00094928
25.5 0.000403591
25.52 0.00139243
25.54 0.00154245
25.56 0.000887641
25.58 -6.31816e-05
25.6 -0.000745853
25.62 -0.000794185
25.64 -0.000160774
25.66 0.000865807
25.68 0.0017618
25.7 0.0019085
25.72 0.00114081
25.74 -0.00010063
25.76 -0.00121595
25.78 -0.00163017
25.8 -0.00112114
25.82 -0.000173481
25.84 0.000595122
25.86 0.000959215
25.88 0.000887485
25.9 0.000422432
25.92 -0.000285303
25.94 -0.000980096
25.96 -0.00129148
25.98 -0.00101862
26 -0.000439543
26.02 -1.47675e-05
26.04 -2.86793e-08
26.06 -0.000385264
26.08 -0.000906491
26.1 -0.00117776
26.12 -0.00102093
26.14 -0.000621694
26.16 -0.000268362
26.18 -9.35554e-05
26.2 -7.84677e-05
26.22 -0.000141414
26.24 -0.000209745
26.26 -0.000229134
26.28 -0.000150602
26.3 1.73596e-05
26.32 0.000201128
26.34 0.000324389
26.36 0.000315346
26.38 0.00011933
26.4 -0.000238569
26.42 -0.00063922
26.44 -0.000909341
26.46 -0.000892357
26.48 -0.000536034
26.5 7.12569e-05
26.52 0.000709757
26.54 0.00107152
26.56 0.000947805
26.58 0.000461223
26.6 4.50287e-06
26.62 -8.43622e-05
26.64 0.000254815
26.66 0.000813186
26.68 0.00124164
26.7 0.00126123
26.72 0.000843232
26.74 0.000190411
26.76 -0.000439486
26.78 -0.000854539
26.8 -0.000915388
26.82 -0.000617163
26.84 -0.000172156
26.86 0.00015807
26.88 0.000214854
26.9 -4.72562e-05
26.92 -0.000506657
26.94 -0.000862963
26.96 -0.000813297
26.98 -0.000332269
27 0.00029725
27.02 0.000764427
27.04 0.000917451
27.06 0.000744331
27.08 0.000324504
27.1 -0.000209065
27.12 -0.000669364
27.14 -0.000817861
27.16 -0.000536734
27.18 2.28271e-05
27.2 0.000554959
27.22 0.000782901
27.24 0.000590376
27.26 8.1177e-05
27.28 -0.00049908
27.3 -0.000871929
27.32 -0.000829815
27.34 -0.000369218
27.36 0.000329517
27.38 0.0010314
27.4 0.00144303
27.42 0.00131765
27.44 0.00075324
27.46 0.000135648
27.48 -0.00023665
27.5 -0.00028733
27.52 -0.000111885
27.54 7.1728e-05
27.56 5.35536e-05
27.58 -0.000250984
27.6 -0.000766781
27.62 -0.00124819
27.64 -0.00138535
27.66 -0.00108597
27.68 -0.000594669
27.7 -0.000208459
27.72 -9.44367e-06
27.74 0.000109952
27.76 0.00031733
27.78 0.000705763
27.8 0.00119073
27.82 0.00153163
27.84 0.00151219
27.86 0.0011329
27.88 0.00058422
27.9 7.09657e-05
27.92 -0.000285268
27.94 -0.000433249
27.96 -0.000352237
27.98 -7.62639e-05
28 0.000264028
28.02 0.000514082
28.04 0.0005742
28.06 0.000401518
28.08 2.87544e-05
28.1 -0.000440561
28.12 -0.000812739
28.14 -0.000843197
28.16 -0.000494399
28.18 1.80666e-05
28.2 0.000499137
28.22 0.000853383
28.24 0.001014
28.26 0.00100147
28.28 0.000945215
28.3 0.000975878
28.32 0.00113369
28.34 0.0013251
28.36 0.00121247
28.38 0.000427048
28.4 -0.000966977
28.42 -0.00210312
28.44 -0.00192588
28.46 -0.000539612
28.48 0.000996143
28.5 0.00177516
28.52 0.00146151
28.54 0.0004035
28.56 -0.000645727
28.58 -0.00106069
28.6 -0.000702684
28.62 3.08916e-05
28.64 0.000654182
28.66 0.000984059
28.68 0.00105332
28.7 0.000939296
28.72 0.000715069
28.74 0.000390545
28.76 -0.00010347
28.78 -0.000722388
28.8 -0.00110431
28.82 -0.000883425
28.84 -0.000203782
28.86 0.000495584
28.88 0.000941782
28.9 0.00104215
28.92 0.00085614
28.94 0.000606404
28.96 0.000503146
28.98 0.0005579
29 0.000585743
29.02 0.000421758
29.04 0.000157572
29.06 5.8563e-05
29.08 0.000243273
29.1 0.000560987
29.12 0.000733763
29.14 0.000557582
29.16 3.17355e-05
29.18 -0.000665243
29.2 -0.0012152
29.22 -0.00125458
29.24 -0.000760883
29.26 -0.000126645
29.28 0.000305919
29.3 0.000458868
29.32 0.000349442
29.34 6.72904e-06
29.36 -0.000453362
29.38 -0.000774007
29.4 -0.000683352
29.42 -0.000161137
29.44 0.00053914
29.46 0.00108095
29.48 0.00119599
29.5 0.000834942
29.52 0.000205868
29.54 -0.000426006
29.56 -0.00091126
29.58 -0.0011414
29.6 -0.00100606
29.62 -0.000551709
29.64 -2.16472e-05
29.66 0.000309413
29.68 0.000289318
29.7 -7.31401e-05
29.72 -0.000624736
29.74 -0.00108244
29.76 -0.00113436
29.78 -0.000698537
29.8 -9.46493e-06
29.82 0.000630617
29.84 0.00102404
29.86 0.00107127
29.88 0.000803668
29.9 0.000397775
29.92 9.60446e-05
29.94 8.07139e-05
29.96 0.000364623
29.98 0.00076186
30 0.000949992
30.02 0.000671465
30.04 -5.53096e-05
30.06 -0.000965775
30.08 -0.00159908
30.1 -0.00151046
30.12 -0.000763936
30.14 0.000156197
30.16 0.000889427
30.18 0.0012637
30.2 0.00118776
30.22 0.000746756
30.24 0.000186545
30.26 -0.000220243
30.28 -0.00026193
30.3 0.000136469
30.32 0.000865492
30.34 0.00157003
30.36 0.00175765
30.38 0.0012385
30.4 0.000319213
30.42 -0.000566086
30.44 -0.00114296
30.46 -0.00126133
30.48 -0.00096964
30.5 -0.000533565
30.52 -0.00016854
30.54 7.21535e-05
30.56 0.000180643
30.58 0.000166593
30.6 9.38113e-05
30.62 7.16092e-05
30.64 0.000211212
30.66 0.000554669
30.68 0.00100027
30.7 0.00132604
30.72 0.00133055
30.74 0.000954171
30.76 0.000321434
30.78 -0.000316201
30.8 -0.000715345
30.82 -0.000742134
30.84 -0.000415053
30.86 0.000103671
30.88 0.000604045
30.9 0.000940064
30.92 0.00106425
30.94 0.000990442
30.96 0.000761345
30.98 0.000456067
31 0.000153572
31.02 -0.000113356
31.04 -0.000314955
31.06 -0.000402727
31.08 -0.000385072
31.1 -0.000335506
31.12 -0.000281328
31.14 -0.000162656
31.16 7.51976e-05
31.18 0.000398692
31.2 0.000691081
31.22 0.000812291
31.24 0.000699408
31.26 0.000435667
31.28 0.00017006
31.3 1.92149e-07
31.32 -3.40096e-05
31.34 7.97815e-05
31.36 0.000317117
31.38 0.000585177
31.4 0.000759704
31.42 0.00078451
31.44 0.000672012
31.46 0.000456644
31.48 0.000208754
31.5 -6.29239e-06
31.52 -0.000184404
31.54 -0.000333673
31.56 -0.000426618
31.58 -0.000435856
31.6 -0.000366203
31.62 -0.000242284
31.64 -0.000116148
31.66 -7.04384e-05
31.68 -0.000161926
31.7 -0.000378637
31.72 -0.000639374
31.74 -0.000803249
31.76 -0.000746647
31.78 -0.000474259
31.8 -0.0001091
31.82 0.000196653
31.84 0.000324643
31.86 0.000262241
31.88 0.000117705
31.9 2.05465e-05
31.92 3.27929e-05
31.94 0.000148259
31.96 0.000336289
31.98 0.00055735
32 0.000734254
32.02 0.000758099
32.04 0.000556808
32.06 0.000158589
32.08 -0.000322986
32.1 -0.000724201
32.12 -0.000874995
32.14 -0.000727722
32.16 -0.00040772
32.18 -8.73477e-05
32.2 0.00011455
32.22 0.00013397
32.24 -3.62922e-05
32.26 -0.000331219
32.28 -0.00061991
32.3 -0.000753384
32.32 -0.000664639
32.34 -0.000432617
32.36 -0.000202988
32.38 -8.45228e-05
32.4 -0.000131564
32.42 -0.000327249
32.44 -0.000573524
32.46 -0.000729642
32.48 -0.0006772
32.5 -0.000420156
32.52 -0.000105464
32.54 0.000112551
32.56 0.000186787
32.58 0.000147597
32.6 3.76622e-05
32.62 -8.36046e-05
32.64 -0.000122427
32.66 4.27471e-06
32.68 0.000300181
32.7 0.000667631
32.72 0.00092783
32.74 0.000903722
32.76 0.000530395
32.78 -0.000103443
32.8 -0.000779133
32.82 -0.00117567
32.84 -0.00102651
32.86 -0.000399373
32.88 0.000409721
32.9 0.00115415
32.92 0.00158229
32.94 0.00147292
32.96 0.000897113
32.98 0.0001913
33 -0.000347766
33.02 -0.000584977
33.04 -0.000498665
33.06 -0.000172122
33.08 0.000231619
33.1 0.000529328
33.12 0.000569842
33.14 0.000315821
33.16 -0.00011443
33.18 -0.000523771
33.2 -0.000714427
33.22 -0.000558191
33.24 -0.000104107
33.26 0.000444892
33.28 0.000839891
33.3 0.000858138
33.32 0.000451049
33.34 -0.00016062
33.36 -0.00062013
33.38 -0.000656904
33.4 -0.000264271
33.42 0.000322065
33.44 0.000821473
33.46 0.00102685
33.48 0.000844065
33.5 0.000341091
33.52 -0.000283468
33.54 -0.000796343
33.56 -0.000968356
33.58 -0.000680025
33.6 -5.15466e-05
33.62 0.000639999
33.64 0.00108688
33.66 0.00104034
33.68 0.000474112
33.7 -0.000380375
33.72 -0.00114272
33.74 -0.00137695
33.76 -0.000929865
33.78 -0.000120721
33.8 0.000670138
33.82 0.00121791
33.84 0.00133379
33.86 0.000994268
33.88 0.000441498
33.9 -1.10796e-05
33.92 -0.000156395
33.94 5.7651e-05
33.96 0.000528661
33.98 0.00104544
34 0.00134827
34.02 0.00124247
34.04 0.000763365
34.06 0.00015917
34.08 -0.000331846
34.1 -0.000591666
34.12 -0.000567386
34.14 -0.000296143
34.16 6.62938e-05
34.18 0.000344454
34.2 0.000433963
34.22 0.000322732
34.24 6.77676e-05
34.26 -0.000239309
34.28 -0.000480617
34.3 -0.000527525
34.32 -0.000326339
34.34 3.56057e-05
34.36 0.00040129
34.38 0.00066952
34.4 0.00081279
34.42 0.000829945
34.44 0.000751354
34.46 0.000638652
34.48 0.000541966
34.5 0.000459823
34.52 0.000345123
34.54 0.000152228
34.56 -0.000121787
34.58 -0.000408199
34.6 -0.00056732
34.62 -0.000465201
34.64 -9.62814e-05
34.66 0.00038859
34.68 0.000764524
34.7 0.000830401
34.72 0.000519137
34.74 -5.91329e-05
34.76 -0.000694193
34.78 -0.00110353
34.8 -0.00102229
34.82 -0.000484524
34.84 0.000224646
34.86 0.000856085
34.88 0.0011949
34.9 0.00108344
34.92 0.000616511
34.94 9.8519e-05
34.96 -0.000191264
34.98 -0.000117151
35 0.000272434
35.02 0.000760596
35.04 0.00106751
35.06 0.00099033
35.08 0.000519168
35.1 -0.00017299
35.12 -0.00083499
35.14 -0.00119355
35.16 -0.00109018
35.18 -0.000662452
35.2 -0.00020526
35.22 0.000104759
35.24 0.000240414
35.26 0.000228277
35.28 0.000107499
35.3 -6.2558e-05
35.32 -0.000186048
35.34 -0.000183354
35.36 -6.73041e-05
35.38 9.58647e-05
35.4 0.000264857
35.42 0.00042484
35.44 0.000563514
35.46 0.00064633
35.48 0.000621728
35.5 0.000473698
35.52 0.000222506
35.54 -9.99179e-05
35.56 -0.000422856
35.58 -0.000654359
35.6 -0.000752106
35.62 -0.000733207
35.64 -0.000632424
35.66 -0.000481803
35.68 -0.000317189
35.7 -0.000186497
35.72 -0.000115897
35.74 -9.65654e-05
35.76 -0.000138427
35.78 -0.000221821
35.8 -0.000208858
35.82 1.29252e-05
35.84 0.00034558
35.86 0.000588058
35.88 0.000613092
35.9 0.000376962
35.92 -7.48732e-05
35.94 -0.000524203
35.96 -0.000613319
35.98 -0.000174656
36 0.00054565
36.02 0.00111175
36.04 0.00121695
36.06 0.000824339
36.08 0.000174191
36.1 -0.000347372
36.12 -0.000429409
36.14 -6.68463e-05
36.16 0.000427907
36.18 0.000767586
36.2 0.000899867
36.22 0.000854982
36.24 0.000661149
36.26 0.000358766
36.28 -6.02605e-05
36.3 -0.000601763
36.32 -0.00112667
36.34 -0.00135118
36.36 -0.0010915
36.38 -0.000507928
36.4 8.93806e-05
36.42 0.000553089
36.44 0.000847816
36.46 0.000870634
36.48 0.000553066
36.5 0.000136836
36.52 8.2409e-05
36.54 0.000623146
36.56 0.00150601
36.58 0.00210094
36.6 0.00191044
36.62 0.00104323
36.64 -6.24423e-05
36.66 -0.00100359
36.68 -0.00133167
36.7 -0.000948502
36.72 -0.00038237
36.74 -0.00010271
36.76 -2.30925e-05
36.78 0.000116638
36.8 0.000242882
36.82 8.43099e-05
36.84 -0.000359894
36.86 -0.000800264
36.88 -0.000980278
36.9 -0.000891861
36.92 -0.000719432
36.94 -0.00062783
36.96 -0.000610856
36.98 -0.000405768
37 0.000215496
37.02 0.00105342
37.04 0.00163818
37.06 0.00171888
37.08 0.00141226
37.1 0.000942098
37.12 0.000477228
37.14 0.000111444
37.16 -0.00016263
37.18 -0.000398882
37.2 -0.000613992
37.22 -0.000844145
37.24 -0.00120461
37.26 -0.00157301
37.28 -0.0014552
37.3 -0.000673533
37.32 0.000366771
37.34 0.00110921
37.36 0.00110961
37.38 0.000328344
37.4 -0.000831372
37.42 -0.00169333
37.44 -0.00156255
37.46 -0.00040399
37.48 0.00115166
37.5 0.00227653
37.52 0.00227928
37.54 0.00117396
37.56 -0.000258372
37.58 -0.00108814
37.6 -0.000818422
37.62 0.000360244
37.64 0.00165182
37.66 0.00206987
37.68 0.00125133
37.7 -0.000226286
37.72 -0.00141353
37.74 -0.00160393
37.76 -0.000802354
37.78 0.00042721
37.8 0.00144729
37.82 0.00164851
37.84 0.000746971
37.86 -0.000952505
37.88 -0.00240858
37.9 -0.00242752
37.92 -0.000943641
37.94 0.00106972
37.96 0.00240395
37.98 0.00220894
38 0.000674249
38.02 -0.00116627
38.04 -0.00209322
38.06 -0.00144235
38.08 0.000316624
38.1 0.00199809
38.12 0.00252288
38.14 0.00156383
38.16 -0.000260724
38.18 -0.00173986
38.2 -0.00179815
38.22 -0.000355526
38.24 0.00168066
38.26 0.00295115
38.28 0.0024253
38.3 0.000309662
38.32 -0.00203594
38.34 -0.00292411
38.36 -0.00166695
38.38 0.000759502
38.4 0.00261795
38.42 0.00270437
38.44 0.00115104
38.46 -0.000881041
38.48 -0.00199979
38.5 -0.00148124
38.52 0.000156442
38.54 0.00172195
38.56 0.00218076
38.58 0.00123348
38.6 -0.000601148
38.62 -0.00218929
38.64 -0.00236078
38.66 -0.00102052
38.68 0.000865253
38.7 0.00213312
38.72 0.00203508
38.74 0.000736647
38.76 -0.000878927
38.78 -0.00179519
38.8 -0.00137892
38.82 0.000112114
38.84 0.00169697
38.86 0.00230224
38.88 0.00145966
38.9 -0.000363198
38.92 -0.00200973
38.94 -0.00231565
38.96 -0.001115
38.98 0.000732361
39 0.0021315
39.02 0.00231953
39.04 0.00133508
39.06 -3.80318e-05
39.08 -0.000921542
39.1 -0.000793138
39.12 0.000316658
39.14 0.00172407
39.16 0.00237293
39.18 0.00164547
39.2 -9.81933e-05
39.22 -0.00177304
39.24 -0.00222147
39.26 -0.00116171
39.28 0.000623122
39.3 0.00200317
39.32 0.00213622
39.34 0.000982054
39.36 -0.000764837
39.38 -0.00203457
39.4 -0.0019393
39.42 -0.000603885
39.44 0.00105214
39.46 0.00203361
39.48 0.00174725
39.5 0.000425812
39.52 -0.00108363
39.54 -0.00180198
39.56 -0.00122284
39.58 0.000256365
39.6 0.00171898
39.62 0.002316
39.64 0.00175188
39.66 0.000513303
39.68 -0.000606183
39.7 -0.00102819
39.72 -0.000597313
39.74 0.000359202
39.76 0.00127144
39.78 0.00159945
39.8 0.00111232
39.82 3.59998e-05
39.84 -0.001098
39.86 -0.00163179
39.88 -0.00121506
39.9 -0.000248686
39.92 0.000620842
39.94 0.00106989
39.96 0.00100946
39.98 0.000528221
40 -0.000132481
40.02 -0.000698984
40.04 -0.000919072
40.06 -0.000678755
40.08 -0.000135654
40.1 0.000427949
40.12 0.000819963
40.14 0.000935182
40.16 0.000743845
40.18 0.000355646
40.2 -4.20355e-05
40.22 -0.000319076
40.24 -0.000421994
40.26 -0.000358872
40.28 -0.000210737
40.3 -8.46821e-05
40.32 -4.703e-05
40.34 -0.000105015
40.36 -0.000216286
40.38 -0.000313211
40.4 -0.000320684
40.42 -0.00015957
40.44 0.000203
40.46 0.000704852
40.48 0.0011731
40.5 0.00136708
40.52 0.0011561
40.54 0.000632937
40.56 -7.25615e-07
40.58 -0.000532111
40.6 -0.000735933
40.62 -0.000510468
40.64 -1.58924e-05
40.66 0.000411279
40.68 0.00046195
40.7 4.44643e-05
40.72 -0.000677088
40.74 -0.00133716
40.76 -0.0014925
40.78 -0.00103842
40.8 -0.000369942
40.82 0.00013757
40.84 0.000429898
40.86 0.000576592
40.88 0.000626377
40.9 0.000574232
40.92 0.000408312
40.94 0.000202661
40.96 8.14121e-05
40.98 0.000121998
41 0.000336296
41.02 0.000652295
41.04 0.000892097
41.06 0.000886118
41.08 0.000609972
41.1 0.000182755
41.12 -0.000217549
41.14 -0.000445369
41.16 -0.000447679
41.18 -0.000289218
41.2 -0.000119021
41.22 -7.91196e-05
41.24 -0.000222772
41.26 -0.00048512
41.28 -0.00072838
41.3 -0.000819596
41.32 -0.000690354
41.34 -0.000379554
41.36 -6.24561e-06
41.38 0.000316465
41.4 0.000514589
41.42 0.000559445
41.44 0.000500104
41.46 0.000445238
41.48 0.000482604
41.5 0.000616824
41.52 0.000774818
41.54 0.000864699
41.56 0.000839589
41.58 0.000709071
41.6 0.000500159
41.62 0.000243119
41.64 -1.87566e-05
41.66 -0.000228555
41.68 -0.000327055
41.7 -0.000291456
41.72 -0.000178278
41.74 -0.000111043
41.76 -0.000196969
41.78 -0.000441313
41.8 -0.000738528
41.82 -0.000906811
41.84 -0.000776269
41.86 -0.000330454
41.88 0.000286758
41.9 0.000877138
41.92 0.00123503
41.94 0.00122044
41.96 0.000888417
41.98 0.000463968
42 0.000158635
42.02 5.51487e-05
42.04 0.000113964
42.06 0.000220739
42.08 0.000253891
42.1 0.000160891
42.12 -1.49902e-05
42.14 -0.000172251
42.16 -0.000212938
42.18 -0.000107839
42.2 8.3494e-05
42.22 0.000261542
42.24 0.000336976
42.26 0.000258599
42.28 2.60912e-05
42.3 -0.000312282
42.32 -0.000661494
42.34 -0.000875157
42.36 -0.000808814
42.38 -0.000460275
42.4 1.85917e-05
42.42 0.000470383
42.44 0.00077506
42.46 0.000833327
42.48 0.000635373
42.5 0.000287256
42.52 -4.99254e-05
42.54 -0.000223556
42.56 -0.000146608
42.58 0.000155534
42.6 0.000553029
42.62 0.000869044
42.64 0.00094942
42.66 0.00074226
42.68 0.000340934
42.7 -7.52329e-05
42.72 -0.000332652
42.74 -0.000328944
42.76 -9.43814e-05
42.78 0.000221695
42.8 0.000462938
42.82 0.000534197
42.84 0.000389755
42.86 4.45172e-05
42.88 -0.000407367
42.9 -0.000802122
42.92 -0.000940625
42.94 -0.00073248
42.96 -0.000313227
42.98 7.57883e-05
43 0.000272469
43.02 0.000254285
43.04 0.000105932
43.06 -4.72683e-05
43.08 -0.00010879
43.1 -3.91427e-05
43.12 0.000156815
43.14 0.000430228
43.16 0.0006917
43.18 0.00083651
43.2 0.000785792
43.22 0.000538936
43.24 0.000184375
43.26 -0.000165133
43.28 -0.000419948
43.3 -0.000524064
43.32 -0.000484381
43.34 -0.000372775
43.36 -0.000284091
43.38 -0.000286213
43.4 -0.000382824
43.42 -0.000496453
43.44 -0.000502673
43.46 -0.000321121
43.48 3.43629e-05
43.5 0.000478435
43.52 0.00087739
43.54 0.00107146
43.56 0.000958621
43.58 0.000585483
43.6 0.000109809
43.62 -0.000307775
43.64 -0.000540457
43.66 -0.000510229
43.68 -0.000245368
43.7 0.000112369
43.72 0.000388694
43.74 0.000466544
43.76 0.000319782
43.78 1.06515e-05
43.8 -0.000317161
43.82 -0.000493997
43.84 -0.000420001
43.86 -0.000135014
43.88 0.000204835
43.9 0.00042998
43.92 0.000440756
43.94 0.000231542
43.96 -0.000127989
43.98 -0.00050643
44 -0.000730141
44.02 -0.000667892
44.04 -0.000332013
44.06 0.000136711
44.08 0.00055634
44.1 0.000756621
44.12 0.000651003
44.14 0.000299509
44.16 -0.000136174
44.18 -0.000487013
44.2 -0.000629365
44.22 -0.000528899
44.24 -0.000263825
44.26 2.40427e-05
44.28 0.000197075
44.3 0.000172986
44.32 -3.4742e-05
44.34 -0.00031086
44.36 -0.000498997
44.38 -0.00048734
44.4 -0.000250927
44.42 0.000149888
44.44 0.000594595
44.46 0.000935774
44.48 0.00103278
44.5 0.000818887
44.52 0.000366154
44.54 -0.000157691
44.56 -0.000579019
44.58 -0.000756802
44.6 -0.000640512
44.62 -0.000323447
44.64 2.62476e-05
44.66 0.000271405
44.68 0.000337224
44.7 0.000214549
44.72 -2.48485e-05
44.74 -0.000253914
44.76 -0.000350405
44.78 -0.000250715
44.8 8.00839e-06
44.82 0.000305795
44.84 0.000516452
44.86 0.000567726
44.88 0.000462598
44.9 0.00026262
44.92 4.64867e-05
44.94 -0.000112978
44.96 -0.00016373
44.98 -9.89205e-05
45 3.28985e-05
45.02 0.000154332
45.04 0.000207304
45.06 0.000183279
45.08 0.000113608
45.1 3.33177e-05
45.12 -2.75676e-05
45.14 -4.19225e-05
45.16 -4.8761e-06
45.18 5.90737e-05
45.2 0.000110266
45.22 0.00012765
45.24 0.000134673
45.26 0.000181954
45.28 0.000302721
45.3 0.000471716
45.32 0.000616987
45.34 0.000670932
45.36 0.000585283
45.38 0.000351905
45.4 2.01881e-05
45.42 -0.000308253
45.44 -0.000487336
45.46 -0.000424498
45.48 -0.000167312
45.5 0.000149822
45.52 0.000389279
45.54 0.000452527
45.56 0.00030718
45.58 7.93296e-06
45.6 -0.000319099
45.62 -0.000522535
45.64 -0.000497092
45.66 -0.000264371
45.68 4.4888e-05
45.7 0.000291951
45.72 0.000392379
45.74 0.000322627
45.76 0.000105748
45.78 -0.000189333
45.8 -0.000434734
45.82 -0.000486437
45.84 -0.000285216
45.86 0.00010147
45.88 0.000534152
45.9 0.000854963
45.92 0.000937953
45.94 0.000768813
45.96 0.000453068
45.98 0.000116787
46 -0.000165216
46.02 -0.00033155
46.04 -0.000324569
46.06 -0.00014979
46.08 0.000107871
46.1 0.000308368
46.12 0.000329977
46.14 0.000143259
46.16 -0.0001907
46.18 -0.000527801
46.2 -0.000666073
46.22 -0.000488382
46.24 -7.98048e-05
46.26 0.000371157
46.28 0.000708004
46.3 0.000807509
46.32 0.000621369
46.34 0.000248542
46.36 -0.000138061
46.38 -0.000381789
46.4 -0.000380962
46.42 -0.00014484
46.44 0.000213626
46.46 0.000549272
46.48 0.000717369
46.5 0.000621942
46.52 0.000293222
46.54 -0.000132448
46.56 -0.0004851
46.58 -0.000611816
46.6 -0.000454961
46.62 -9.77064e-05
46.64 0.00029652
46.66 0.000565857
46.68 0.00059474
46.7 0.000359183
46.72 -4.52869e-05
46.74 -0.000440043
46.76 -0.000642319
46.78 -0.00054311
46.8 -0.0001719
46.82 0.000324197
46.84 0.000763548
46.86 0.000946439
46.88 0.000741288
46.9 0.000223425
46.92 -0.000381854
46.94 -0.000803468
46.96 -0.000809375
46.98 -0.000391564
47 0.000218877
47.02 0.000736994
47.04 0.000940374
47.06 0.000748188
47.08 0.000252222
47.1 -0.000351089
47.12 -0.000797047
47.14 -0.000842329
47.16 -0.000478903
47.18 5.90877e-05
47.2 0.0005072
47.22 0.00069609
47.24 0.000579967
47.26 0.000239703
47.28 -0.000154848
47.3 -0.000403892
47.32 -0.000353413
47.34 2.81184e-05
47.36 0.000633192
47.38 0.00121495
47.4 0.00143144
47.42 0.00107321
47.44 0.000265872
47.46 -0.000642199
47.48 -0.00122254
47.5 -0.00112728
47.52 -0.000456927
47.54 0.000359687
47.56 0.000989298
47.58 0.00120721
47.6 0.000909874
47.62 0.00024772
47.64 -0.000482493
47.66 -0.000990761
47.68 -0.00104658
47.7 -0.000647966
47.72 -4.85722e-05
47.74 0.000488773
47.76 0.000801261
47.78 0.00079722
47.8 0.000500828
47.82 6.26734e-05
47.84 -0.000336166
47.86 -0.000557052
47.88 -0.000533256
47.9 -0.000303653
47.92 2.03012e-05
47.94 0.000310119
47.96 0.000446127
47.98 0.000370611
48 0.000132657
48.02 -0.000137366
48.04 -0.000296144
48.06 -0.000268534
48.08 -9.83543e-05
48.1 9.26079e-05
48.12 0.000213142
48.14 0.000261377
48.16 0.00025195
48.18 0.000163289
48.2 -2.01387e-06
48.22 -0.000188441
48.24 -0.000320694
48.26 -0.000329182
48.28 -0.000192781
48.3 4.64245e-05
48.32 0.000333376
48.34 0.000595401
48.36 0.00072454
48.38 0.000650989
48.4 0.000409218
48.42 0.000113481
48.44 -0.000112225
48.46 -0.000183125
48.48 -8.66747e-05
48.5 0.000102377
48.52 0.000271035
48.54 0.000319261
48.56 0.000187971
48.58 -9.53054e-05
48.6 -0.000416476
48.62 -0.000629725
48.64 -0.000632134
48.66 -0.000418691
48.68 -5.74991e-05
48.7 0.000347381
48.72 0.000663707
48.74 0.000762446
48.76 0.00060202
48.78 0.000278721
48.8 -5.59569e-05
48.82 -0.000277316
48.84 -0.000304139
48.86 -0.000128672
48.88 0.000172176
48.9 0.00047142
48.92 0.000639598
48.94 0.000598151
48.96 0.000364743
48.98 4.35518e-05
49 -0.000234579
49.02 -0.000361436
49.04 -0.000286281
49.06 -4.17642e-05
49.08 0.000269845
49.1 0.000520052
49.12 0.000615262
49.14 0.000541854
49.16 0.000358572
49.18 0.00015023
49.2 -2.13174e-05
49.22 -0.000110134
49.24 -8.53285e-05
49.26 2.00429e-05
49.28 0.00012291
49.3 0.000157304
49.32 0.000102752
49.34 -1.40156e-05
49.36 -0.000132185
49.38 -0.000197004
49.4 -0.00018028
49.42 -7.52062e-05
49.44 9.0444e-05
49.46 0.000257688
49.48 0.000364198
49.5 0.000364653
49.52 0.000244814
49.54 3.01965e-05
49.56 -0.000203428
49.58 -0.000356681
49.6 -0.000376253
49.62 -0.000289069
49.64 -0.000179707
49.66 -0.000140701
49.68 -0.000213526
49.7 -0.000370307
49.72 -0.0005316
49.74 -0.000592936
49.76 -0.00048065
49.78 -0.000201936
49.8 0.000152468
49.82 0.000442416
49.84 0.000545096
49.86 0.000434436
49.88 0.000198184
49.9 -3.2735e-05
49.92 -0.000160094
49.94 -0.000143776
49.96 -1.03785e-05
49.98 0.000157628
50 0.000268199
50.02 0.000257156
50.04 0.000114583
50.06 -9.25519e-05
50.08 -0.000248761
50.1 -0.000272364
50.12 -0.00016501
50.14 6.07203e-06
50.16 0.000150289
50.18 0.00020819
50.2 0.000175522
50.22 7.12679e-05
50.24 -7.89293e-05
50.26 -0.000220039
50.28 -0.000279866
50.3 -0.000219025
50.32 -4.73525e-05
50.34 0.00018845
50.36 0.000407598
50.38 0.000518159
50.4 0.000473531
50.42 0.00030255
50.44 9.05643e-05
50.46 -6.26232e-05
50.48 -9.52037e-05
50.5 -1.64183e-05
50.52 0.000113983
50.54 0.000231722
50.56 0.000300162
50.58 0.000311062
50.6 0.000275733
50.62 0.00022138
50.64 0.000170749
50.66 0.000129925
50.68 0.000102391
50.7 9.74175e-05
50.72 0.000118218
50.74 0.000152652
50.76 0.000175976
50.78 0.000164827
50.8 0.000116787
50.82 4.02431e-05
50.84 -6.62068e-05
50.86 -0.000192711
50.88 -0.000299531
50.9 -0.00034555
50.92 -0.000314186
50.94 -0.000214836
50.96 -9.1332e-05
50.98 -8.55315e-06
51 -5.46379e-06
51.02 -7.0608e-05
51.04 -0.000162229
51.06 -0.000230082
51.08 -0.000228896
51.1 -0.000146787
51.12 -1.19935e-05
51.14 0.000123507
51.16 0.000195962
51.18 0.000162454
51.2 3.94107e-05
51.22 -0.00010861
51.24 -0.000210161
51.26 -0.000206172
51.28 -6.28695e-05
51.3 0.000206617
51.32 0.000543223
51.34 0.000814486
51.36 0.000802399
51.38 0.000357993
51.4 -0.000447566
51.42 -0.00127047
51.44 -0.00149844
51.46 -0.000808078
51.48 0.000470973
51.5 0.00163999
51.52 0.00200316
51.54 0.00135077
51.56 0.000102199
51.58 -0.00106698
51.6 -0.00152838
51.62 -0.00105391
51.64 2.28363e-05
51.66 0.00113852
51.68 0.00176226
51.7 0.00156538
51.72 0.00071638
51.74 -0.00029898
51.76 -0.00104942
51.78 -0.0011837
51.8 -0.000682002
51.82 5.96288e-05
51.84 0.00064019
51.86 0.000859419
51.88 0.000681297
51.9 0.000227373
51.92 -0.000286711
51.94 -0.000635493
51.96 -0.000643393
51.98 -0.000289452
52 0.000273746
52.02 0.000808353
52.04 0.00105513
52.06 0.000856975
52.08 0.000294936
52.1 -0.000373372
52.12 -0.000850784
52.14 -0.000910649
52.16 -0.000546348
52.18 3.6489e-05
52.2 0.000605097
52.22 0.00097586
52.24 0.00101571
52.26 0.000720419
52.28 0.000242587
52.3 -0.000213923
52.32 -0.000483036
52.34 -0.000479194
52.36 -0.000241887
52.38 9.2215e-05
52.4 0.000370619
52.42 0.000477931
52.44 0.000374435
52.46 0.000128044
52.48 -0.00012316
52.5 -0.000256789
52.52 -0.000221554
52.54 -5.43226e-05
52.56 0.000147644
52.58 0.000275845
52.6 0.000252767
52.62 7.46133e-05
52.64 -0.000189447
52.66 -0.000430742
52.68 -0.000538194
52.7 -0.000447083
52.72 -0.000176865
52.74 0.000164956
52.76 0.000431652
52.78 0.000506008
52.8 0.000351509
52.82 3.14632e-05
52.84 -0.000319751
52.86 -0.000553729
52.88 -0.000570734
52.9 -0.000365322
52.92 -1.83262e-05
52.94 0.000341072
52.96 0.000566303
52.98 0.000555784
53 0.0003234
53.02 -1.16492e-05
53.04 -0.000294868
53.06 -0.000399435
53.08 -0.000271747
53.1 4.51603e-05
53.12 0.000433442
53.14 0.000735529
53.16 0.000814398
53.18 0.000639511
53.2 0.000295896
53.22 -7.77027e-05
53.24 -0.00034555
53.26 -0.000414316
53.28 -0.000273923
53.3 -8.24029e-06
53.32 0.000249132
53.34 0.000371489
53.36 0.000297957
53.38 6.53878e-05
53.4 -0.000223472
53.42 -0.000441745
53.44 -0.000478549
53.46 -0.000306829
53.48 -6.29684e-06
53.5 0.000293802
53.52 0.000481109
53.54 0.000494632
53.56 0.000340747
53.58 8.84235e-05
53.6 -0.000164786
53.62 -0.000331473
53.64 -0.000361803
53.66 -0.000254852
53.68 -6.0252e-05
53.7 0.000137633
53.72 0.000267846
53.74 0.000301696
53.76 0.000247648
53.78 0.000144613
53.8 4.74664e-05
53.82 -2.57609e-06
53.84 1.38352e-05
53.86 9.77749e-05
53.88 0.000213205
53.9 0.000293073
53.92 0.000290107
53.94 0.000206921
53.96 8.16411e-05
53.98 -3.28296e-05
54 -9.18085e-05
54.02 -7.71025e-05
54.04 3.20568e-06
54.06 0.000123739
54.08 0.000248579
54.1 0.000334758
54.12 0.000354774
54.14 0.000307718
54.16 0.000205295
54.18 7.7108e-05
54.2 -4.09497e-05
54.22 -0.00013641
54.24 -0.00020446
54.26 -0.000231197
54.28 -0.000212221
54.3 -0.00015231
54.32 -6.34089e-05
54.34 2.58945e-05
54.36 8.10704e-05
54.38 7.81573e-05
54.4 1.5987e-05
54.42 -7.50358e-05
54.44 -0.000137891
54.46 -0.000117569
54.48 2.07006e-06
54.5 0.000185204
54.52 0.000366962
54.54 0.000479766
54.56 0.000472587
54.58 0.000336492
54.6 0.000117083
54.62 -9.66799e-05
54.64 -0.000212532
54.66 -0.000183135
54.68 -3.66099e-05
54.7 0.000134293
54.72 0.000233413
54.74 0.000205671
54.76 4.56601e-05
54.78 -0.000193702
54.8 -0.000415588
54.82 -0.000522527
54.84 -0.000451225
54.86 -0.000206382
54.88 0.000134916
54.9 0.00046672
54.92 0.000680031
54.94 0.000690528
54.96 0.000504008
54.98 0.000224079
55 -3.02736e-05
55.02 -0.000178079
55.04 -0.000182896
55.06 -5.95142e-05
55.08 0.000126553
55.1 0.000288422
55.12 0.000362192
55.14 0.000319513
55.16 0.000173609
55.18 -1.65103e-05
55.2 -0.000166536
55.22 -0.000199174
55.24 -8.38941e-05
55.26 0.000143222
55.28 0.000394387
55.3 0.000561142
55.32 0.000566158
55.34 0.000412426
55.36 0.000164434
55.38 -9.7761e-05
55.4 -0.000287892
55.42 -0.000333162
55.44 -0.000221397
55.46 -8.7905e-06
55.48 0.00021254
55.5 0.000338934
55.52 0.00030195
55.54 0.000111942
55.56 -0.00014867
55.58 -0.000358122
55.6 -0.000413873
55.62 -0.000280503
55.64 -1.01659e-05
55.66 0.000267997
55.68 0.000420947
55.7 0.000388621
55.72 0.000203379
55.74 -4.05079e-05
55.76 -0.000236067
55.78 -0.000303841
55.8 -0.000214388
55.82 3.71458e-06
55.84 0.000267782
55.86 0.000476477
55.88 0.00056793
55.9 0.000545842
55.92 0.000438616
55.94 0.000223657
55.96 -0.000138842
55.98 -0.000581164
56 -0.000904655
56.02 -0.000878803
56.04 -0.000455708
56.06 0.000158184
56.08 0.000703865
56.1 0.000993083
56.12 0.000943143
56.14 0.000621863
56.16 0.000180054
56.18 -0.000238054
56.2 -0.000515158
56.22 -0.000572407
56.24 -0.000397252
56.26 -6.59304e-05
56.28 0.00028891
56.3 0.000550151
56.32 0.000645349
56.34 0.000554239
56.36 0.000328497
56.38 6.14527e-05
56.4 -0.000162486
56.42 -0.000278254
56.44 -0.000238492
56.46 -3.00202e-05
56.48 0.000292457
56.5 0.000600433
56.52 0.00074765
56.54 0.000658606
56.56 0.000379712
56.58 3.95844e-05
56.6 -0.000242641
56.62 -0.000393164
56.64 -0.000378425
56.66 -0.000214455
56.68 3.7838e-05
56.7 0.000282742
56.72 0.000417248
56.74 0.000384669
56.76 0.000206446
56.78 -3.26015e-05
56.8 -0.000226896
56.82 -0.000286986
56.84 -0.000182165
56.86 4.11559e-05
56.88 0.000299041
56.9 0.000484382
56.92 0.000494217
56.94 0.000303781
56.96 -2.9216e-05
56.98 -0.000398912
57 -0.000664318
57.02 -0.000695345
57.04 -0.000475876
57.06 -0.000130726
57.08 0.000183807
57.1 0.000378266
57.12 0.000421787
57.14 0.000310732
57.16 8.48766e-05
57.18 -0.000169328
57.2 -0.000341487
57.22 -0.000344217
57.24 -0.000176821
57.26 7.13592e-05
57.28 0.000283298
57.3 0.000380095
57.32 0.000343256
57.34 0.00019924
57.36 6.43328e-06
57.38 -0.0001495
57.4 -0.000187391
57.42 -7.93413e-05
57.44 0.00013319
57.46 0.000352411
57.48 0.000466573
57.5 0.000415287
57.52 0.000227339
57.54 -9.33766e-06
57.56 -0.000205169
57.58 -0.000290974
57.6 -0.000231613
57.62 -4.27719e-05
57.64 0.000207667
57.66 0.000419234
57.68 0.00049995
57.7 0.000408963
57.72 0.000179721
57.74 -9.62404e-05
57.76 -0.000309711
57.78 -0.000375466
57.8 -0.000271159
57.82 -4.58965e-05
57.84 0.000209844
57.86 0.000400827
57.88 0.000454103
57.9 0.000345325
57.92 0.00011783
57.94 -0.000131141
57.96 -0.000294326
57.98 -0.000303491
58 -0.000158907
58.02 7.47783e-05
58.04 0.000297543
58.06 0.000417534
58.08 0.0003897
58.1 0.00023043
58.12 7.34435e-06
58.14 -0.000188329
58.16 -0.000275784
58.18 -0.000217442
58.2 -3.76692e-05
58.22 0.000189002
58.24 0.000371375
58.26 0.000435567
58.28 0.000354767
58.3 0.000163394
58.32 -5.91299e-05
58.34 -0.000222176
58.36 -0.000258944
58.38 -0.00015452
58.4 4.70335e-05
58.42 0.000263236
58.44 0.000407469
58.46 0.000421462
58.48 0.000299812
58.5 9.31322e-05
58.52 -0.000114345
58.54 -0.000238244
58.56 -0.000227701
58.58 -8.81645e-05
58.6 0.000121509
58.62 0.000316015
58.64 0.000416968
58.66 0.000383437
58.68 0.000230878
58.7 2.30153e-05
58.72 -0.000156285
58.74 -0.000234432
58.76 -0.000179377
58.78 -1.49795e-05
58.8 0.000190005
58.82 0.0003522
58.84 0.000406256
58.86 0.000330898
58.88 0.000158443
58.9 -4.02101e-05
58.92 -0.000184743
58.94 -0.000216242
58.96 -0.000122282
58.98 5.70745e-05
59 0.000247897
59.02 0.000373265
59.04 0.000382757
59.06 0.000273444
59.08 9.10448e-05
59.1 -9.05266e-05
59.12 -0.000197827
59.14 -0.000186741
59.16 -6.25594e-05
59.18 0.000122388
59.2 0.000292782
59.22 0.000380353
59.24 0.000349982
59.26 0.000215122
59.28 3.1466e-05
59.3 -0.000126852
59.32 -0.000195659
59.34 -0.000146866
59.36 -1.59928e-06
59.38 0.00017961
59.4 0.000323306
59.42 0.000371983
59.44 0.000306766
59.46 0.00015524
59.48 -2.0767e-05
59.5 -0.000150136
59.52 -0.000180168
59.54 -9.88771e-05
59.56 5.92496e-05
59.58 0.000229145
59.6 0.000342422
59.62 0.000353738
59.64 0.000259383
59.66 9.85533e-05
59.68 -6.3707e-05
59.7 -0.000161784
59.72 -0.000155542
59.74 -4.81719e-05
59.76 0.000115241
59.78 0.000268233
59.8 0.000349648
59.82 0.000327027
59.84 0.00021034
59.86 4.75039e-05
59.88 -9.57802e-05
59.9 -0.000161485
59.92 -0.000122837
59.94 3.62003e-06
59.96 0.000165442
59.98 0.000293451
