0.02 2.83263e-05
0.04 8.02487e-05
0.06 8.78504e-05
0.08 4.01986e-05
0.1 1.15093e-05
0.12 4.30044e-05
0.14 8.31303e-05
0.16 7.18867e-05
0.18 3.23915e-05
0.2 3.04308e-05
0.22 7.14518e-05
0.24 9.64281e-05
0.26 7.64824e-05
0.28 5.53045e-05
0.3 7.66648e-05
0.32 0.000111763
0.34 0.000116236
0.36 0.000106832
0.38 0.000103069
0.4 5.41247e-05
0.42 -6.83706e-05
0.44 -6.24463e-05
0.46 0.000189931
0.48 0.000300023
0.5 1.09674e-05
0.52 -0.000283932
0.54 -0.000206622
0.56 -6.07097e-05
0.58 -0.000299378
0.6 -0.000551159
0.62 -0.000251305
0.64 9.8986e-05
0.66 -0.000122488
0.68 -0.000757294
0.7 -0.00110904
0.72 -0.000256314
0.74 0.000964534
0.76 0.000685642
0.78 -0.000373897
0.8 9.61675e-05
0.82 0.00202581
0.84 0.00287448
0.86 0.00145018
0.88 -0.000298399
0.9 -0.000227649
0.92 0.00109218
0.94 0.00130236
0.96 -0.000570638
0.98 -0.00240491
1 -0.00173663
1.02 0.000565337
1.04 0.00126887
1.06 -0.000798676
1.08 -0.00303324
1.1 -0.00259353
1.12 -0.000178084
1.14 0.00131636
1.16 0.000232008
1.18 -0.002344
1.2 -0.00274115
1.22 0.000377253
1.24 0.0024321
1.26 -3.75183e-05
1.28 -0.0036322
1.3 -0.00367227
1.32 -8.03582e-05
1.34 0.00333491
1.36 0.00280139
1.38 -0.000874419
1.4 -0.00275439
1.42 -0.000460209
1.44 0.00213562
1.46 -3.21728e-05
1.48 -0.00586122
1.5 -0.00972022
1.52 -0.0082161
1.54 -0.00330027
1.56 -0.000454874
1.58 -0.00267715
1.6 -0.00639088
1.62 -0.00590088
1.64 -0.000875163
1.66 0.00287217
1.68 0.000789392
1.7 -0.00434729
1.72 -0.00633899
1.74 -0.00349358
1.76 0.000505312
1.78 0.00135304
1.8 -0.00198432
1.82 -0.006301
1.84 -0.00741101
1.86 -0.00436813
1.88 0.000675945
1.9 0.00313638
1.92 -0.000600351
1.94 -0.00751299
1.96 -0.00987422
1.98 -0.00473763
2 0.00104398
2.02 -0.00101423
2.04 -0.00965609
2.06 -0.0164175
2.08 -0.0158111
2.1 -0.00973916
2.12 -0.00432918
2.14 -0.0036165
2.16 -0.00680555
2.18 -0.00944564
2.2 -0.00742582
2.22 -0.00229981
2.24 0.000493116
2.26 -0.00165227
2.28 -0.0074971
2.3 -0.0134088
2.32 -0.0148148
2.34 -0.0107098
2.36 -0.00456456
2.38 -0.00127047
2.4 -0.00470731
2.42 -0.0129265
2.44 -0.0179612
2.46 -0.0145058
2.48 -0.00519272
2.5 0.00267427
2.52 0.00310128
2.54 -0.00305061
2.56 -0.0083719
2.58 -0.00521235
2.6 0.00687787
2.62 0.0229451
2.64 0.043096
2.66 0.0729048
2.68 0.116446
2.7 0.17504
2.72 0.248718
2.74 0.33791
2.76 0.444592
2.78 0.570208
2.8 0.715315
2.82 0.881974
2.84 1.07291
2.86 1.29023
2.88 1.53373
2.9 1.8001
2.92 2.08732
2.94 2.39516
2.96 2.72191
2.98 3.06583
3 3.42694
3.02 3.80049
3.04 4.1752
3.06 4.54298
3.08 4.89839
3.1 5.23296
3.12 5.53745
3.14 5.803
3.16 6.01975
3.18 6.17742
3.2 6.26701
3.22 6.28109
3.24 6.21509
3.26 6.06869
3.28 5.84474
3.3 5.5503
3.32 5.1952
3.34 4.78889
3.36 4.34351
3.38 3.87308
3.4 3.38877
3.42 2.89966
3.44 2.418
3.46 1.96143
3.48 1.54594
3.5 1.18024
3.52 0.869359
3.54 0.617799
3.56 0.428419
3.58 0.303273
3.6 0.24566
3.62 0.260173
3.64 0.344968
3.66 0.481784
3.68 0.648835
3.7 0.835223
3.72 1.02979
3.74 1.21569
3.76 1.37928
3.78 1.51316
3.8 1.6129
3.82 1.67343
3.84 1.69079
3.86 1.66337
3.88 1.58908
3.9 1.46705
3.92 1.29894
3.94 1.08721
3.96 0.834002
3.98 0.544776
4 0.23245
4.02 -0.0914516
4.04 -0.422813
4.06 -0.754098
4.08 -1.07183
4.1 -1.36552
4.12 -1.62874
4.14 -1.85506
4.16 -2.03813
4.18 -2.17718
4.2 -2.28116
4.22 -2.36076
4.24 -2.42074
4.26 -2.46441
4.28 -2.49802
4.3 -2.52601
4.32 -2.54104
4.34 -2.52664
4.36 -2.47665
4.38 -2.39777
4.4 -2.29755
4.42 -2.18346
4.44 -2.06367
4.46 -1.94172
4.48 -1.81331
4.5 -1.6787
4.52 -1.54937
4.54 -1.4337
4.56 -1.3324
4.58 -1.24463
4.6 -1.17043
4.62 -1.11067
4.64 -1.06171
4.66 -1.0162
4.68 -0.970386
4.7 -0.922165
4.72 -0.867178
4.74 -0.801242
4.76 -0.72171
4.78 -0.630925
4.8 -0.537897
4.82 -0.448695
4.84 -0.362758
4.86 -0.279888
4.88 -0.20205
4.9 -0.130971
4.92 -0.0693225
4.94 -0.0224829
4.96 0.00490343
4.98 0.0103487
5 -0.0110156
5.02 -0.0664089
5.04 -0.161584
5.06 -0.294994
5.08 -0.45075
5.1 -0.609073
5.12 -0.761449
5.14 -0.905133
5.16 -1.036
5.18 -1.14966
5.2 -1.24162
5.22 -1.30673
5.24 -1.34457
5.26 -1.36558
5.28 -1.38001
5.3 -1.38681
5.32 -1.37873
5.34 -1.34869
5.36 -1.29414
5.38 -1.21804
5.4 -1.12581
5.42 -1.02238
5.44 -0.908755
5.46 -0.782799
5.48 -0.644537
5.5 -0.496523
5.52 -0.341198
5.54 -0.181284
5.56 -0.0213285
5.58 0.13356
5.6 0.279806
5.62 0.414881
5.64 0.538226
5.66 0.651226
5.68 0.752712
5.7 0.839749
5.72 0.911299
5.74 0.966725
5.76 1.00459
5.78 1.02284
5.8 1.01954
5.82 0.995421
5.84 0.952615
5.86 0.891418
5.88 0.811678
5.9 0.713922
5.92 0.600928
5.94 0.480906
5.96 0.363473
5.98 0.255913
6 0.16518
6.02 0.095731
6.04 0.0487742
6.06 0.026918
6.08 0.0316059
6.1 0.0593806
6.12 0.107779
6.14 0.177256
6.16 0.26668
6.18 0.368252
6.2 0.467898
6.22 0.554636
6.24 0.621658
6.26 0.661284
6.28 0.667301
6.3 0.63953
6.32 0.584173
6.34 0.508181
6.36 0.416385
6.38 0.314079
6.4 0.206422
6.42 0.0972634
6.44 -0.00954741
6.46 -0.110929
6.48 -0.207577
6.5 -0.304633
6.52 -0.407526
6.54 -0.52018
6.56 -0.643621
6.58 -0.77214
6.6 -0.899812
6.62 -1.02616
6.64 -1.14832
6.66 -1.25717
6.68 -1.34416
6.7 -1.40636
6.72 -1.44721
6.74 -1.47486
6.76 -1.4953
6.78 -1.50823
6.8 -1.51024
6.82 -1.49926
6.84 -1.47472
6.86 -1.43553
6.88 -1.3819
6.9 -1.31708
6.92 -1.24661
6.94 -1.17609
6.96 -1.10799
6.98 -1.04068
7 -0.97146
7.02 -0.900011
7.04 -0.828146
7.06 -0.756963
7.08 -0.6866
7.1 -0.616122
7.12 -0.543642
7.14 -0.468581
7.16 -0.391431
7.18 -0.311975
7.2 -0.229437
7.22 -0.143183
7.24 -0.0529557
7.26 0.0395365
7.28 0.128696
7.3 0.208963
7.32 0.279774
7.34 0.343358
7.36 0.400787
7.38 0.451701
7.4 0.495615
7.42 0.531394
7.44 0.557129
7.46 0.571082
7.48 0.570935
7.5 0.554934
7.52 0.523444
7.54 0.476732
7.56 0.414798
7.58 0.340374
7.6 0.259617
7.62 0.179596
7.64 0.106073
7.66 0.0445808
7.68 -0.000520303
7.7 -0.0290584
7.72 -0.0438672
7.74 -0.0474469
7.76 -0.0389095
7.78 -0.0152246
7.8 0.0241489
7.82 0.0771071
7.84 0.139469
7.86 0.204013
7.88 0.264139
7.9 0.31685
7.92 0.360464
7.94 0.393657
7.96 0.416164
7.98 0.427652
8 0.427669
8.02 0.417468
8.04 0.399907
8.06 0.377162
8.08 0.350184
8.1 0.320186
8.12 0.288884
8.14 0.257533
8.16 0.227007
8.18 0.199153
8.2 0.177351
8.22 0.164004
8.24 0.155764
8.26 0.146078
8.28 0.133094
8.3 0.119284
8.32 0.107882
8.34 0.101957
8.36 0.102233
8.38 0.107466
8.4 0.117412
8.42 0.133013
8.44 0.153598
8.46 0.174372
8.48 0.190449
8.5 0.201942
8.52 0.211208
8.54 0.219637
8.56 0.228669
8.58 0.24025
8.6 0.256726
8.62 0.279828
8.64 0.30777
8.66 0.33805
8.68 0.371616
8.7 0.409795
8.72 0.451953
8.74 0.496399
8.76 0.540677
8.78 0.582312
8.8 0.618965
8.82 0.647436
8.84 0.663552
8.86 0.662261
8.88 0.641081
8.9 0.603136
8.92 0.552307
8.94 0.49211
8.96 0.427075
8.98 0.35911
9 0.288548
9.02 0.216682
9.04 0.144218
9.06 0.072429
9.08 0.00500044
9.1 -0.0558458
9.12 -0.111458
9.14 -0.162738
9.16 -0.20956
9.18 -0.253539
9.2 -0.296665
9.22 -0.339433
9.24 -0.381019
9.26 -0.419466
9.28 -0.452359
9.3 -0.476729
9.32 -0.489147
9.34 -0.486847
9.36 -0.468083
9.38 -0.433282
9.4 -0.385825
9.42 -0.32941
9.44 -0.265528
9.46 -0.19485
9.48 -0.120638
9.5 -0.0482975
9.52 0.0186184
9.54 0.0787847
9.56 0.130292
9.58 0.173191
9.6 0.212625
9.62 0.252092
9.64 0.287774
9.66 0.313213
9.68 0.324546
9.7 0.319843
9.72 0.29913
9.74 0.266776
9.76 0.225669
9.78 0.172579
9.8 0.106528
9.82 0.0313855
9.84 -0.0486094
9.86 -0.127347
9.88 -0.197845
9.9 -0.255701
9.92 -0.29909
9.94 -0.329421
9.96 -0.349129
9.98 -0.357257
10 -0.350641
10.02 -0.327562
10.04 -0.288404
10.06 -0.234813
10.08 -0.170341
10.1 -0.10036
10.12 -0.0301039
10.14 0.0355135
10.16 0.0926247
10.18 0.140292
10.2 0.17866
10.22 0.206694
10.24 0.222932
10.26 0.226485
10.28 0.217526
10.3 0.197868
10.32 0.170726
10.34 0.139213
10.36 0.105662
10.38 0.0720012
10.4 0.0397565
10.42 0.0107296
10.44 -0.0125969
10.46 -0.0284916
10.48 -0.0364083
10.5 -0.0357356
10.52 -0.0256391
10.54 -0.00671526
10.56 0.0172724
10.58 0.0421088
10.6 0.0671971
10.62 0.0934863
10.64 0.120514
10.66 0.147458
10.68 0.173221
10.7 0.19505
10.72 0.210221
10.74 0.218016
10.76 0.218217
10.78 0.210995
10.8 0.19869
10.82 0.184255
10.84 0.16936
10.86 0.15413
10.88 0.136588
10.9 0.114917
10.92 0.0899032
10.94 0.0633324
10.96 0.0365364
10.98 0.0106888
11 -0.0135296
11.02 -0.036231
11.04 -0.0575185
11.06 -0.0766203
11.08 -0.0921835
11.1 -0.102898
11.12 -0.106993
11.14 -0.102184
11.16 -0.0869699
11.18 -0.0613199
11.2 -0.0261475
11.22 0.0173999
11.24 0.0671392
11.26 0.11896
11.28 0.168569
11.3 0.213106
11.32 0.250788
11.34 0.280306
11.36 0.300265
11.38 0.309259
11.4 0.307535
11.42 0.297456
11.44 0.281147
11.46 0.259364
11.48 0.23264
11.5 0.201838
11.52 0.168092
11.54 0.133134
11.56 0.0992916
11.58 0.068989
11.6 0.0444583
11.62 0.0276565
11.64 0.0199004
11.66 0.0215375
11.68 0.0319895
11.7 0.0498501
11.72 0.0733128
11.74 0.100751
11.76 0.130136
11.78 0.158399
11.8 0.182111
11.82 0.198329
11.84 0.205304
11.86 0.202699
11.88 0.190944
11.9 0.171697
11.92 0.148594
11.94 0.125515
11.96 0.104777
11.98 0.0873334
12 0.0732982
12.02 0.0626168
12.04 0.0557208
12.06 0.0530757
12.08 0.0547783
12.1 0.0604758
12.12 0.0690944
12.14 0.0800352
12.16 0.094131
12.18 0.11199
12.2 0.132805
12.22 0.154904
12.24 0.176001
12.26 0.193476
12.28 0.205062
12.3 0.209021
12.32 0.204164
12.34 0.190161
12.36 0.167789
12.38 0.139028
12.4 0.106715
12.42 0.0738813
12.44 0.0433188
12.46 0.0172302
12.48 -0.00282917
12.5 -0.0154901
12.52 -0.0195802
12.54 -0.0146597
12.56 -0.00109319
12.58 0.0205281
12.6 0.0496625
12.62 0.0856088
12.64 0.127105
12.66 0.171679
12.68 0.216149
12.7 0.257841
12.72 0.294691
12.74 0.324997
12.76 0.347352
12.78 0.360516
12.8 0.364037
12.82 0.359276
12.84 0.348511
12.86 0.33297
12.88 0.312749
12.9 0.288115
12.92 0.260275
12.94 0.230817
12.96 0.200846
12.98 0.171144
13 0.142512
13.02 0.1156
13.04 0.0909208
13.06 0.0693034
13.08 0.0519635
13.1 0.0399721
13.12 0.0340937
13.14 0.0348831
13.16 0.042349
13.18 0.0555816
13.2 0.0732043
13.22 0.0943312
13.24 0.118648
13.26 0.145719
13.28 0.17424
13.3 0.201907
13.32 0.22648
13.34 0.246729
13.36 0.262472
13.38 0.274317
13.4 0.28283
13.42 0.287821
13.44 0.288966
13.46 0.286177
13.48 0.279021
13.5 0.267044
13.52 0.250651
13.54 0.230877
13.56 0.208635
13.58 0.184533
13.6 0.159036
13.62 0.132752
13.64 0.106697
13.66 0.0821173
13.68 0.0599702
13.7 0.0407189
13.72 0.024689
13.74 0.0124931
13.76 0.00525368
13.78 0.00437494
13.8 0.0109088
13.82 0.025072
13.84 0.046258
13.86 0.073126
13.88 0.10364
13.9 0.135685
13.92 0.167705
13.94 0.198723
13.96 0.228196
13.98 0.255696
14 0.280614
14.02 0.30274
14.04 0.322887
14.06 0.342097
14.08 0.360783
14.1 0.378535
14.12 0.393473
14.14 0.4027
14.16 0.404386
14.18 0.39848
14.2 0.38542
14.22 0.365018
14.24 0.336829
14.26 0.301192
14.28 0.259619
14.3 0.214333
14.32 0.167366
14.34 0.119889
14.36 0.0726609
14.38 0.0269052
14.4 -0.0159144
14.42 -0.0547972
14.44 -0.0891712
14.46 -0.118249
14.48 -0.140864
14.5 -0.155666
14.52 -0.161189
14.54 -0.156267
14.56 -0.140533
14.58 -0.114745
14.6 -0.0804861
14.62 -0.0390655
14.64 0.00904858
14.66 0.0633682
14.68 0.122313
14.7 0.1824
14.72 0.238982
14.74 0.288736
14.76 0.330596
14.78 0.364534
14.8 0.389935
14.82 0.405482
14.84 0.410778
14.86 0.4067
14.88 0.393814
14.9 0.372198
14.92 0.34331
14.94 0.30991
14.96 0.274133
14.98 0.237272
15 0.200585
15.02 0.165335
15.04 0.13232
15.06 0.101808
15.08 0.0741291
15.1 0.0499116
15.12 0.0301947
15.14 0.0167748
15.16 0.0115038
15.18 0.0151543
15.2 0.0275003
15.22 0.0478018
15.24 0.0745465
15.26 0.105502
15.28 0.138282
15.3 0.170527
15.32 0.200219
15.34 0.226183
15.36 0.248065
15.38 0.266015
15.4 0.280471
15.42 0.292025
15.44 0.301115
15.46 0.3076
15.48 0.310631
15.5 0.309289
15.52 0.303612
15.54 0.294509
15.56 0.283002
15.58 0.270272
15.6 0.257663
15.62 0.246054
15.64 0.235518
15.66 0.22548
15.68 0.215427
15.7 0.205671
15.72 0.197255
15.74 0.191424
15.76 0.189089
15.78 0.190461
15.8 0.195321
15.82 0.203232
15.84 0.21322
15.86 0.223971
15.88 0.23453
15.9 0.244487
15.92 0.253758
15.94 0.262505
15.96 0.271163
15.98 0.280166
16 0.289504
16.02 0.298858
16.04 0.307763
16.06 0.315444
16.08 0.321207
16.1 0.324732
16.12 0.325528
16.14 0.32271
16.16 0.315779
16.18 0.30539
16.2 0.292921
16.22 0.279461
16.24 0.265495
16.26 0.250783
16.28 0.234671
16.3 0.217478
16.32 0.200821
16.34 0.186065
16.36 0.173391
16.38 0.162481
16.4 0.153286
16.42 0.145837
16.44 0.139898
16.46 0.135096
16.48 0.130975
16.5 0.126673
16.52 0.120788
16.54 0.11203
16.56 0.100224
16.58 0.0864257
16.6 0.0720123
16.62 0.0579459
16.64 0.0446745
16.66 0.0324721
16.68 0.0231382
16.7 0.0212161
16.72 0.0314765
16.74 0.0569721
16.76 0.0998882
16.78 0.161153
16.8 0.23976
16.82 0.333605
16.84 0.438774
16.86 0.547116
16.88 0.650022
16.9 0.744408
16.92 0.829301
16.94 0.901586
16.96 0.958311
16.98 0.998096
17 1.02008
17.02 1.02374
17.04 1.00894
17.06 0.975592
17.08 0.924028
17.1 0.855018
17.12 0.769002
17.14 0.66668
17.16 0.550869
17.18 0.426492
17.2 0.297607
17.22 0.165939
17.24 0.0335574
17.26 -0.0962017
17.28 -0.221113
17.3 -0.34014
17.32 -0.451554
17.34 -0.552432
17.36 -0.638878
17.38 -0.706433
17.4 -0.750958
17.42 -0.769
17.44 -0.757645
17.46 -0.715567
17.48 -0.644645
17.5 -0.549375
17.52 -0.434459
17.54 -0.304296
17.56 -0.165054
17.58 -0.0242608
17.6 0.112135
17.62 0.239727
17.64 0.35437
17.66 0.452886
17.68 0.5335
17.7 0.595019
17.72 0.635961
17.74 0.654683
17.76 0.650476
17.78 0.624244
17.8 0.577977
17.82 0.514328
17.84 0.437509
17.86 0.353164
17.88 0.26622
17.9 0.180173
17.92 0.0981311
17.94 0.0233448
17.96 -0.0407015
17.98 -0.0906053
18 -0.124022
18.02 -0.140165
18.04 -0.13923
18.06 -0.121898
18.08 -0.0901807
18.1 -0.0483919
18.12 -0.00151548
18.14 0.0470203
18.16 0.0950139
18.18 0.140528
18.2 0.181569
18.22 0.215436
18.24 0.238512
18.26 0.247094
18.28 0.238624
18.3 0.212739
18.32 0.172506
18.34 0.125387
18.36 0.0801551
18.38 0.0428227
18.4 0.0177545
18.42 0.00914709
18.44 0.0201094
18.46 0.0525214
18.48 0.10496
18.5 0.170604
18.52 0.241914
18.54 0.315115
18.56 0.387788
18.58 0.456702
18.6 0.518265
18.62 0.568783
18.64 0.605509
18.66 0.627082
18.68 0.632437
18.7 0.620278
18.72 0.589712
18.74 0.540758
18.76 0.474053
18.78 0.390604
18.8 0.293821
18.82 0.191842
18.84 0.0938935
18.86 0.00624762
18.88 -0.065659
18.9 -0.116531
18.92 -0.143169
18.94 -0.143754
18.96 -0.11739
18.98 -0.0654349
19 0.00766983
19.02 0.0956239
19.04 0.192671
19.06 0.293233
19.08 0.391168
19.1 0.481856
19.12 0.562665
19.14 0.630931
19.16 0.683873
19.18 0.720031
19.2 0.738468
19.22 0.737129
19.24 0.713726
19.26 0.668452
19.28 0.604891
19.3 0.527601
19.32 0.440803
19.34 0.348738
19.36 0.254729
19.38 0.161115
19.4 0.0702335
19.42 -0.0154938
19.44 -0.0932224
19.46 -0.159022
19.48 -0.208892
19.5 -0.24036
19.52 -0.252708
19.54 -0.246321
19.56 -0.221902
19.58 -0.180513
19.6 -0.125014
19.62 -0.0595653
19.64 0.0138059
19.66 0.094571
19.68 0.179461
19.7 0.262874
19.72 0.340163
19.74 0.40865
19.76 0.467377
19.78 0.51615
19.8 0.553589
19.82 0.577498
19.84 0.58703
19.86 0.583259
19.88 0.569164
19.9 0.54846
19.92 0.523803
19.94 0.4973
19.96 0.470796
19.98 0.44489
20 0.419715
20.02 0.396098
20.04 0.375305
20.06 0.358608
20.08 0.345928
20.1 0.333753
20.12 0.316957
20.14 0.293097
20.16 0.264386
20.18 0.236093
20.2 0.211342
20.22 0.188934
20.24 0.167276
20.26 0.147058
20.28 0.129308
20.3 0.113705
20.32 0.100999
20.34 0.0937566
20.36 0.0929159
20.38 0.0982771
20.4 0.111328
20.42 0.134028
20.44 0.167468
20.46 0.212195
20.48 0.26762
20.5 0.330452
20.52 0.395661
20.54 0.45832
20.56 0.513773
20.58 0.56153
20.6 0.604861
20.62 0.642173
20.64 0.667421
20.66 0.676562
20.68 0.666635
20.7 0.637595
20.72 0.595774
20.74 0.546803
20.76 0.491218
20.78 0.430244
20.8 0.367108
20.82 0.303129
20.84 0.238333
20.86 0.174763
20.88 0.117359
20.9 0.0713284
20.92 0.0398938
20.94 0.0252002
20.96 0.0287546
20.98 0.0512466
21 0.0913514
21.02 0.143843
21.04 0.203053
21.06 0.266476
21.08 0.332962
21.1 0.400651
21.12 0.466177
21.14 0.525372
21.16 0.576097
21.18 0.618441
21.2 0.651411
21.22 0.672356
21.24 0.678844
21.26 0.669416
21.28 0.643837
21.3 0.603204
21.32 0.5502
21.34 0.49021
21.36 0.430155
21.38 0.375106
21.4 0.329038
21.42 0.294876
21.44 0.270841
21.46 0.254616
21.48 0.248139
21.5 0.251675
21.52 0.261354
21.54 0.273249
21.56 0.283621
21.58 0.288875
21.6 0.288471
21.62 0.285274
21.64 0.281829
21.66 0.278655
21.68 0.275917
21.7 0.275124
21.72 0.279349
21.74 0.290853
21.76 0.308347
21.78 0.328179
21.8 0.348211
21.82 0.368385
21.84 0.388174
21.86 0.406072
21.88 0.421114
21.9 0.433334
21.92 0.44344
21.94 0.452598
21.96 0.461704
21.98 0.471125
22 0.481232
22.02 0.492541
22.04 0.505514
22.06 0.519677
22.08 0.532503
22.1 0.540689
22.12 0.54223
22.14 0.53634
22.16 0.523125
22.18 0.503586
22.2 0.478879
22.22 0.450138
22.24 0.418967
22.26 0.387013
22.28 0.355646
22.3 0.326277
22.32 0.300462
22.34 0.280012
22.36 0.266695
22.38 0.261759
22.4 0.266011
22.42 0.279764
22.44 0.302453
22.46 0.332845
22.48 0.369628
22.5 0.410991
22.52 0.454117
22.54 0.496018
22.56 0.534348
22.58 0.567482
22.6 0.594404
22.62 0.614404
22.64 0.626816
22.66 0.631132
22.68 0.627104
22.7 0.614674
22.72 0.594098
22.74 0.566139
22.76 0.531809
22.78 0.492037
22.8 0.447933
22.82 0.401243
22.84 0.354353
22.86 0.309676
22.88 0.269135
22.9 0.234122
22.92 0.205603
22.94 0.184453
22.96 0.171659
22.98 0.168058
23 0.173918
23.02 0.188672
23.04 0.211056
23.06 0.23941
23.08 0.271815
23.1 0.306379
23.12 0.341743
23.14 0.377018
23.16 0.411141
23.18 0.442913
23.2 0.471707
23.22 0.49762
23.24 0.520884
23.26 0.541583
23.28 0.559842
23.3 0.575641
23.32 0.588503
23.34 0.597687
23.36 0.602457
23.38 0.602016
23.4 0.595223
23.42 0.58079
23.44 0.55827
23.46 0.528681
23.48 0.494056
23.5 0.456366
23.52 0.417026
23.54 0.37739
23.56 0.339188
23.58 0.304414
23.6 0.274935
23.62 0.252088
23.64 0.236609
23.66 0.228781
23.68 0.228745
23.7 0.236872
23.72 0.253304
23.74 0.277221
23.76 0.307068
23.78 0.341131
23.8 0.377792
23.82 0.415693
23.84 0.453566
23.86 0.489767
23.88 0.522406
23.9 0.55006
23.92 0.572233
23.94 0.588819
23.96 0.599197
23.98 0.602518
24 0.598611
24.02 0.588486
24.04 0.574265
24.06 0.557844
24.08 0.539941
24.1 0.520622
24.12 0.499636
24.14 0.476917
24.16 0.453408
24.18 0.430494
24.2 0.4087
24.22 0.387941
24.24 0.368539
24.26 0.351375
24.28 0.337783
24.3 0.329044
24.32 0.325567
24.34 0.326606
24.36 0.330839
24.38 0.337302
24.4 0.345623
24.42 0.355801
24.44 0.368155
24.46 0.383043
24.48 0.400249
24.5 0.418866
24.52 0.437849
24.54 0.45633
24.56 0.473699
24.58 0.489743
24.6 0.504386
24.62 0.517334
24.64 0.528301
24.66 0.537266
24.68 0.54418
24.7 0.548503
24.72 0.549294
24.74 0.545941
24.76 0.538538
24.78 0.52781
24.8 0.514927
24.82 0.500995
24.84 0.486868
24.86 0.473345
24.88 0.461011
24.9 0.450151
24.92 0.441105
24.94 0.434292
24.96 0.429954
24.98 0.428169
25 0.428903
25.02 0.431994
25.04 0.437221
25.06 0.444361
25.08 0.453066
25.1 0.462729
25.12 0.47276
25.14 0.482868
25.16 0.492805
25.18 0.502113
25.2 0.510183
25.22 0.516315
25.24 0.519831
25.26 0.52018
25.28 0.516851
25.3 0.509377
25.32 0.49752
25.34 0.481731
25.36 0.463348
25.38 0.443903
25.4 0.424427
25.42 0.405621
25.44 0.388191
25.46 0.372778
25.48 0.359811
25.5 0.349558
25.52 0.342358
25.54 0.33869
25.56 0.339023
25.58 0.343717
25.6 0.352955
25.62 0.366722
25.64 0.384757
25.66 0.406441
25.68 0.430757
25.7 0.456413
25.72 0.482189
25.74 0.507026
25.76 0.529765
25.78 0.549273
25.8 0.564727
25.82 0.575567
25.84 0.581511
25.86 0.582681
25.88 0.579369
25.9 0.571667
25.92 0.559572
25.94 0.543337
25.96 0.523584
25.98 0.501069
26 0.47643
26.02 0.450246
26.04 0.423181
26.06 0.39614
26.08 0.370361
26.1 0.347026
26.12 0.326812
26.14 0.310038
26.16 0.297096
26.18 0.288523
26.2 0.284876
26.22 0.286573
26.24 0.293713
26.26 0.306103
26.28 0.323404
26.3 0.345019
26.32 0.370083
26.34 0.397619
26.36 0.426515
26.38 0.455502
26.4 0.483372
26.42 0.50909
26.44 0.531759
26.46 0.550698
26.48 0.565669
26.5 0.576777
26.52 0.583972
26.54 0.586922
26.56 0.585384
26.58 0.579619
26.6 0.570449
26.62 0.55882
26.64 0.545358
26.66 0.530361
26.68 0.514101
26.7 0.497064
26.72 0.479811
26.74 0.462786
26.76 0.446379
26.78 0.430886
26.8 0.416595
26.82 0.403897
26.84 0.393087
26.86 0.384352
26.88 0.377852
26.9 0.373664
26.92 0.37196
26.94 0.373144
26.96 0.377638
26.98 0.385535
27 0.396411
27.02 0.40967
27.04 0.424933
27.06 0.441819
27.08 0.459615
27.1 0.477384
27.12 0.494315
27.14 0.509911
27.16 0.523831
27.18 0.53563
27.2 0.544727
27.22 0.55059
27.24 0.55292
27.26 0.551657
27.28 0.546943
27.3 0.539073
27.32 0.52846
27.34 0.51571
27.36 0.501628
27.38 0.487076
27.4 0.472783
27.42 0.459257
27.44 0.447042
27.46 0.436779
27.48 0.42887
27.5 0.423373
27.52 0.420076
27.54 0.418532
27.56 0.418257
27.58 0.418886
27.6 0.42016
27.62 0.421879
27.64 0.423797
27.66 0.425709
27.68 0.427603
27.7 0.429642
27.72 0.43217
27.74 0.435772
27.76 0.441135
27.78 0.448753
27.8 0.458736
27.82 0.470877
27.84 0.484768
27.86 0.499791
27.88 0.515054
27.9 0.529532
27.92 0.542289
27.94 0.552558
27.96 0.559842
27.98 0.563914
28 0.564597
28.02 0.561811
28.04 0.555683
28.06 0.546387
28.08 0.534122
28.1 0.519175
28.12 0.502099
28.14 0.48379
28.16 0.465082
28.18 0.446611
28.2 0.429213
28.22 0.413908
28.24 0.401623
28.26 0.393229
28.28 0.38953
28.3 0.391065
28.32 0.398018
28.34 0.410136
28.36 0.426009
28.38 0.443038
28.4 0.459051
28.42 0.473431
28.44 0.486488
28.46 0.498124
28.48 0.507668
28.5 0.514711
28.52 0.519381
28.54 0.522192
28.56 0.523798
28.58 0.524575
28.6 0.524307
28.62 0.522313
28.64 0.518146
28.66 0.512233
28.68 0.50553
28.7 0.498787
28.72 0.492304
28.74 0.485876
28.76 0.478859
28.78 0.470866
28.8 0.46245
28.82 0.454576
28.84 0.447638
28.86 0.441639
28.88 0.436871
28.9 0.433875
28.92 0.433192
28.94 0.435334
28.96 0.440536
28.98 0.448436
29 0.458079
29.02 0.46845
29.04 0.479191
29.06 0.490488
29.08 0.502227
29.1 0.513672
29.12 0.523835
29.14 0.53183
29.16 0.537001
29.18 0.53895
29.2 0.537541
29.22 0.532902
29.24 0.525236
29.26 0.514707
29.28 0.501753
29.3 0.487214
29.32 0.471903
29.34 0.456338
29.36 0.441014
29.38 0.426722
29.4 0.41446
29.42 0.405003
29.44 0.398704
29.46 0.395661
29.48 0.395927
29.5 0.399493
29.52 0.406198
29.54 0.415613
29.56 0.426874
29.58 0.438913
29.6 0.451044
29.62 0.463068
29.64 0.474736
29.66 0.48549
29.68 0.494778
29.7 0.50221
29.72 0.507514
29.74 0.510554
29.76 0.511341
29.78 0.510096
29.8 0.507154
29.82 0.502831
29.84 0.497545
29.86 0.491821
29.88 0.486102
29.9 0.480723
29.92 0.476073
29.94 0.472568
29.96 0.470403
29.98 0.469413
30 0.469086
30.02 0.468756
30.04 0.467904
30.06 0.466282
30.08 0.463755
30.1 0.460294
30.12 0.456199
30.14 0.452111
30.16 0.448776
30.18 0.446809
30.2 0.446614
30.22 0.448307
30.24 0.451767
30.26 0.456884
30.28 0.46367
30.3 0.472134
30.32 0.48218
30.34 0.493436
30.36 0.505224
30.38 0.516801
30.4 0.527425
30.42 0.536337
30.44 0.5427
30.46 0.545606
30.48 0.544384
30.5 0.538936
30.52 0.529793
30.54 0.517797
30.56 0.50375
30.58 0.488409
30.6 0.47261
30.62 0.45729
30.64 0.443444
30.66 0.43199
30.68 0.423574
30.7 0.418572
30.72 0.417163
30.74 0.41913
30.76 0.423901
30.78 0.430984
30.8 0.439988
30.82 0.450391
30.84 0.461687
30.86 0.473469
30.88 0.48536
30.9 0.497158
30.92 0.508883
30.94 0.520447
30.96 0.531424
30.98 0.541211
31 0.549172
31.02 0.55465
31.04 0.557156
31.06 0.556464
31.08 0.552416
31.1 0.544917
31.12 0.534256
31.14 0.521204
31.16 0.506716
31.18 0.491634
31.2 0.476626
31.22 0.462245
31.24 0.449027
31.26 0.437568
31.28 0.428378
31.3 0.42173
31.32 0.417757
31.34 0.4166
31.36 0.418386
31.38 0.423059
31.4 0.430408
31.42 0.440253
31.44 0.452298
31.46 0.46596
31.48 0.480564
31.5 0.495376
31.52 0.509509
31.54 0.522117
31.56 0.532586
31.58 0.54048
31.6 0.545483
31.62 0.547457
31.64 0.546353
31.66 0.542106
31.68 0.534737
31.7 0.524437
31.72 0.511555
31.74 0.496638
31.76 0.480409
31.78 0.463641
31.8 0.447098
31.82 0.431471
31.84 0.417346
31.86 0.40536
31.88 0.396254
31.9 0.390627
31.92 0.388764
31.94 0.390722
31.96 0.396481
31.98 0.405954
32 0.418844
32.02 0.434539
32.04 0.452162
32.06 0.470722
32.08 0.489259
32.1 0.506928
32.12 0.522987
32.14 0.536723
32.16 0.54752
32.18 0.555022
32.2 0.559081
32.22 0.559614
32.24 0.556599
32.26 0.55014
32.28 0.540508
32.3 0.528125
32.32 0.513467
32.34 0.497014
32.36 0.479331
32.38 0.46109
32.4 0.442954
32.42 0.425569
32.44 0.409602
32.46 0.395687
32.48 0.384437
32.5 0.376341
32.52 0.371622
32.54 0.37038
32.56 0.372799
32.58 0.378999
32.6 0.388829
32.62 0.401948
32.64 0.418002
32.66 0.436621
32.68 0.457303
32.7 0.479359
32.72 0.501932
32.74 0.524037
32.76 0.544577
32.78 0.562454
32.8 0.576839
32.82 0.587245
32.84 0.593473
32.86 0.595606
32.88 0.593964
32.9 0.58908
32.92 0.581559
32.94 0.571865
32.96 0.560322
32.98 0.547236
33 0.532911
33.02 0.517614
33.04 0.50167
33.06 0.485545
33.08 0.469793
33.1 0.454925
33.12 0.441347
33.14 0.429429
33.16 0.419605
33.18 0.412276
33.2 0.407748
33.22 0.406324
33.24 0.408199
33.26 0.413336
33.28 0.421451
33.3 0.432009
33.32 0.444377
33.34 0.458147
33.36 0.473133
33.38 0.489059
33.4 0.50534
33.42 0.521196
33.44 0.535931
33.46 0.549075
33.48 0.560198
33.5 0.568777
33.52 0.574343
33.54 0.576567
33.56 0.575309
33.58 0.570768
33.6 0.563398
33.62 0.553638
33.64 0.541823
33.66 0.528242
33.68 0.513155
33.7 0.4969
33.72 0.480039
33.74 0.463241
33.76 0.447133
33.78 0.432446
33.8 0.420094
33.82 0.410928
33.84 0.405509
33.86 0.404157
33.88 0.407031
33.9 0.414093
33.92 0.425123
33.94 0.439702
33.96 0.457208
33.98 0.476941
34 0.498186
34.02 0.520097
34.04 0.541705
34.06 0.56209
34.08 0.580372
34.1 0.595656
34.12 0.607241
34.14 0.614692
34.16 0.617679
34.18 0.616035
34.2 0.609858
34.22 0.599484
34.24 0.585374
34.26 0.568052
34.28 0.548172
34.3 0.526604
34.32 0.504316
34.34 0.482181
34.36 0.461001
34.38 0.441713
34.4 0.425336
34.42 0.412705
34.44 0.404392
34.46 0.40074
34.48 0.401824
34.5 0.407392
34.52 0.416871
34.54 0.429488
34.56 0.444406
34.58 0.460851
34.6 0.478233
34.62 0.496125
34.64 0.514096
34.66 0.531558
34.68 0.547801
34.7 0.562115
34.72 0.573855
34.74 0.582461
34.76 0.587479
34.78 0.588675
34.8 0.586121
34.82 0.580107
34.84 0.571084
34.86 0.559697
34.88 0.546609
34.9 0.532393
34.92 0.5177
34.94 0.503295
34.96 0.48992
34.98 0.478208
35 0.468566
35.02 0.461132
35.04 0.455957
35.06 0.453053
35.08 0.452275
35.1 0.453346
35.12 0.455986
35.14 0.45986
35.16 0.464509
35.18 0.469532
35.2 0.474735
35.22 0.480133
35.24 0.485848
35.26 0.49193
35.28 0.498265
35.3 0.504644
35.32 0.510921
35.34 0.516967
35.36 0.522505
35.38 0.527255
35.4 0.531135
35.42 0.534209
35.44 0.536581
35.46 0.538279
35.48 0.539195
35.5 0.539178
35.52 0.538026
35.54 0.535481
35.56 0.531406
35.58 0.525769
35.6 0.518495
35.62 0.50957
35.64 0.499254
35.66 0.48808
35.68 0.476681
35.7 0.465633
35.72 0.455487
35.74 0.446781
35.76 0.439835
35.78 0.434913
35.8 0.432604
35.82 0.433469
35.84 0.437456
35.86 0.444147
35.88 0.45317
35.9 0.464016
35.92 0.475998
35.94 0.488744
35.96 0.502409
35.98 0.517032
36 0.531902
36.02 0.546001
36.04 0.558684
36.06 0.569545
36.08 0.57825
36.1 0.584794
36.12 0.589374
36.14 0.591806
36.16 0.591412
36.18 0.587892
36.2 0.581786
36.22 0.573748
36.24 0.564125
36.26 0.553052
36.28 0.540376
36.3 0.525877
36.32 0.509637
36.34 0.492024
36.36 0.473719
36.38 0.455696
36.4 0.438984
36.42 0.424645
36.44 0.413699
36.46 0.406612
36.48 0.403358
36.5 0.404356
36.52 0.410654
36.54 0.422867
36.56 0.44056
36.58 0.462697
36.6 0.488182
36.62 0.515806
36.64 0.543962
36.66 0.571041
36.68 0.5959
36.7 0.617259
36.72 0.633433
36.74 0.643452
36.76 0.647839
36.78 0.647564
36.8 0.642586
36.82 0.63224
36.84 0.616679
36.86 0.596901
36.88 0.573806
36.9 0.547859
36.92 0.519514
36.94 0.48959
36.96 0.459392
36.98 0.431063
37 0.406877
37.02 0.387894
37.04 0.374471
37.06 0.367496
37.08 0.367949
37.1 0.375757
37.12 0.389967
37.14 0.409374
37.16 0.432564
37.18 0.457995
37.2 0.484214
37.22 0.509646
37.24 0.532263
37.26 0.550504
37.28 0.5645
37.3 0.575272
37.32 0.583159
37.34 0.587697
37.36 0.588287
37.38 0.584656
37.4 0.576979
37.42 0.565889
37.44 0.552359
37.46 0.537417
37.48 0.522128
37.5 0.507564
37.52 0.494488
37.54 0.483339
37.56 0.474722
37.58 0.469561
37.6 0.468455
37.62 0.471179
37.64 0.476823
37.66 0.484163
37.68 0.492351
37.7 0.501324
37.72 0.511095
37.74 0.521127
37.76 0.530705
37.78 0.539417
37.8 0.547063
37.82 0.553106
37.84 0.556399
37.86 0.555918
37.88 0.551474
37.9 0.543489
37.92 0.532812
37.94 0.520662
37.96 0.508061
37.98 0.495572
38 0.483729
38.02 0.473251
38.04 0.464752
38.06 0.458636
38.08 0.455118
38.1 0.454238
38.12 0.45601
38.14 0.460327
38.16 0.46693
38.18 0.475683
38.2 0.486593
38.22 0.499675
38.24 0.51472
38.26 0.530936
38.28 0.546988
38.3 0.561422
38.32 0.573117
38.34 0.581558
38.36 0.586684
38.38 0.588456
38.4 0.586868
38.42 0.582252
38.44 0.575316
38.46 0.566932
38.48 0.557748
38.5 0.547944
38.52 0.537417
38.54 0.526087
38.56 0.514069
38.58 0.501613
38.6 0.488923
38.62 0.476195
38.64 0.463805
38.66 0.452334
38.68 0.442472
38.7 0.43485
38.72 0.429938
38.74 0.42815
38.76 0.429912
38.78 0.435503
38.8 0.444884
38.82 0.457661
38.84 0.473091
38.86 0.490122
38.88 0.507616
38.9 0.524609
38.92 0.540315
38.94 0.554023
38.96 0.565218
38.98 0.573771
39 0.579898
39.02 0.583978
39.04 0.586428
39.06 0.587668
39.08 0.588129
39.1 0.588178
39.12 0.587909
39.14 0.586903
39.16 0.584346
39.18 0.579483
39.2 0.571986
39.22 0.561961
39.24 0.549776
39.26 0.535932
39.28 0.521058
39.3 0.50587
39.32 0.491042
39.34 0.477146
39.36 0.464621
39.38 0.453725
39.4 0.444665
39.42 0.437795
39.44 0.433515
39.46 0.432035
39.48 0.433403
39.5 0.437666
39.52 0.444921
39.54 0.455183
39.56 0.468197
39.58 0.483425
39.6 0.500235
39.62 0.518168
39.64 0.53694
39.66 0.55621
39.68 0.57544
39.7 0.59397
39.72 0.611098
39.74 0.626001
39.76 0.637764
39.78 0.645609
39.8 0.648994
39.82 0.647579
39.84 0.641308
39.86 0.630412
39.88 0.615303
39.9 0.596557
39.92 0.574946
39.94 0.551473
39.96 0.527278
39.98 0.503392
40 0.480618
40.02 0.459669
40.04 0.441233
40.06 0.425938
40.08 0.414225
40.1 0.406405
40.12 0.402861
40.14 0.403936
40.16 0.409677
40.18 0.419873
40.2 0.434117
40.22 0.451693
40.24 0.471677
40.26 0.493085
40.28 0.514897
40.3 0.536142
40.32 0.55601
40.34 0.573846
40.36 0.589125
40.38 0.601435
40.4 0.610521
40.42 0.616411
40.44 0.619342
40.46 0.619582
40.48 0.617376
40.5 0.612903
40.52 0.606303
40.54 0.597631
40.56 0.586829
40.58 0.574041
40.6 0.559817
40.62 0.544795
40.64 0.529405
40.66 0.513795
40.68 0.497993
40.7 0.482236
40.72 0.467028
40.74 0.452921
40.76 0.440346
40.78 0.42959
40.8 0.420963
40.82 0.415046
40.84 0.412631
40.86 0.414408
40.88 0.420721
40.9 0.431387
40.92 0.44582
40.94 0.463422
40.96 0.483645
40.98 0.505823
41 0.529237
41.02 0.553101
41.04 0.576448
41.06 0.598299
41.08 0.617821
41.1 0.634298
41.12 0.647172
41.14 0.656008
41.16 0.660394
41.18 0.65995
41.2 0.654405
41.22 0.643716
41.24 0.628168
41.26 0.608397
41.28 0.585253
41.3 0.55965
41.32 0.53263
41.34 0.505363
41.36 0.479007
41.38 0.454657
41.4 0.433304
41.42 0.415814
41.44 0.402981
41.46 0.395509
41.48 0.393864
41.5 0.39817
41.52 0.408215
41.54 0.423543
41.56 0.443538
41.58 0.46738
41.6 0.493966
41.62 0.521996
41.64 0.550177
41.66 0.577344
41.68 0.602495
41.7 0.624766
41.72 0.643322
41.74 0.657328
41.76 0.666073
41.78 0.669141
41.8 0.666421
41.82 0.658118
41.84 0.644865
41.86 0.627638
41.88 0.607525
41.9 0.585611
41.92 0.562997
41.94 0.540772
41.96 0.519935
41.98 0.501329
42 0.485567
42.02 0.472994
42.04 0.463723
42.06 0.457701
42.08 0.454804
42.1 0.454963
42.12 0.458183
42.14 0.464447
42.16 0.473634
42.18 0.48542
42.2 0.499272
42.22 0.514553
42.24 0.53059
42.26 0.546681
42.28 0.562088
42.3 0.576059
42.32 0.58789
42.34 0.597047
42.36 0.603298
42.38 0.606637
42.4 0.60714
42.42 0.605028
42.44 0.600636
42.46 0.594283
42.48 0.586297
42.5 0.57702
42.52 0.566838
42.54 0.556225
42.56 0.545689
42.58 0.535684
42.6 0.526585
42.62 0.518729
42.64 0.512416
42.66 0.507835
42.68 0.505076
42.7 0.504192
42.72 0.50522
42.74 0.508126
42.76 0.512696
42.78 0.518552
42.8 0.525349
42.82 0.53282
42.84 0.540593
42.86 0.548157
42.88 0.555013
42.9 0.560755
42.92 0.565126
42.94 0.567999
42.96 0.569256
42.98 0.568772
43 0.566573
43.02 0.562931
43.04 0.558285
43.06 0.553083
43.08 0.547678
43.1 0.542349
43.12 0.537411
43.14 0.533187
43.16 0.52995
43.18 0.527898
43.2 0.527094
43.22 0.527455
43.24 0.528818
43.26 0.530952
43.28 0.533569
43.3 0.536352
43.32 0.538964
43.34 0.541083
43.36 0.542459
43.38 0.542925
43.4 0.54244
43.42 0.541151
43.44 0.539392
43.46 0.53756
43.48 0.536026
43.5 0.535124
43.52 0.535113
43.54 0.536122
43.56 0.538124
43.58 0.540949
43.6 0.54431
43.62 0.547863
43.64 0.551305
43.66 0.554416
43.68 0.557028
43.7 0.558962
43.72 0.560043
43.74 0.560197
43.76 0.559425
43.78 0.557756
43.8 0.555324
43.82 0.552356
43.84 0.549066
43.86 0.545579
43.88 0.541924
43.9 0.538131
43.92 0.534308
43.94 0.530591
43.96 0.527057
43.98 0.523779
44 0.520898
44.02 0.518605
44.04 0.517102
44.06 0.516575
44.08 0.517124
44.1 0.518732
44.12 0.521327
44.14 0.524822
44.16 0.529081
44.18 0.533882
44.2 0.538921
44.22 0.543863
44.24 0.548406
44.26 0.552305
44.28 0.55534
44.3 0.557329
44.32 0.558195
44.34 0.55802
44.36 0.556967
44.38 0.555185
44.4 0.552881
44.42 0.550348
44.44 0.547885
44.46 0.545778
44.48 0.544233
44.5 0.543247
44.52 0.542656
44.54 0.542267
44.56 0.541903
44.58 0.541408
44.6 0.540651
44.62 0.539557
44.64 0.538142
44.66 0.536513
44.68 0.53481
44.7 0.533154
44.72 0.531694
44.74 0.530606
44.76 0.530042
44.78 0.53012
44.8 0.530866
44.82 0.532209
44.84 0.534073
44.86 0.536443
44.88 0.539317
44.9 0.542633
44.92 0.546228
44.94 0.5499
44.96 0.553454
44.98 0.556692
45 0.5594
45.02 0.561378
45.04 0.562508
45.06 0.562793
45.08 0.562305
45.1 0.561091
45.12 0.559195
45.14 0.556704
45.16 0.553716
45.18 0.550319
45.2 0.546598
45.22 0.542701
45.24 0.538907
45.26 0.535582
45.28 0.533069
45.3 0.531568
45.32 0.531146
45.34 0.53182
45.36 0.533475
45.38 0.535832
45.4 0.538564
45.42 0.541419
45.44 0.54432
45.46 0.54721
45.48 0.549908
45.5 0.552229
45.52 0.554052
45.54 0.555288
45.56 0.555851
45.58 0.555689
45.6 0.554821
45.62 0.553335
45.64 0.551347
45.66 0.548912
45.68 0.54604
45.7 0.542819
45.72 0.539432
45.74 0.536075
45.76 0.532856
45.78 0.52983
45.8 0.527141
45.82 0.525043
45.84 0.523774
45.86 0.52349
45.88 0.524305
45.9 0.526291
45.92 0.529477
45.94 0.533847
45.96 0.539276
45.98 0.545423
46 0.551768
46.02 0.557857
46.04 0.563401
46.06 0.568177
46.08 0.571959
46.1 0.574467
46.12 0.575432
46.14 0.574727
46.16 0.572317
46.18 0.568321
46.2 0.563094
46.22 0.557063
46.24 0.55051
46.26 0.543695
46.28 0.537006
46.3 0.530796
46.32 0.525304
46.34 0.520765
46.36 0.517376
46.38 0.515269
46.4 0.514541
46.42 0.5152
46.44 0.517186
46.46 0.520427
46.48 0.524779
46.5 0.529979
46.52 0.535739
46.54 0.541778
46.56 0.547825
46.58 0.553641
46.6 0.558998
46.62 0.563672
46.64 0.567474
46.66 0.570248
46.68 0.571858
46.7 0.572182
46.72 0.571165
46.74 0.568887
46.76 0.565496
46.78 0.561196
46.8 0.556266
46.82 0.551015
46.84 0.545762
46.86 0.540696
46.88 0.535839
46.9 0.531242
46.92 0.527029
46.94 0.52341
46.96 0.520665
46.98 0.51898
47 0.518399
47.02 0.518876
47.04 0.520363
47.06 0.52283
47.08 0.52612
47.1 0.529959
47.12 0.534213
47.14 0.538835
47.16 0.543621
47.18 0.54825
47.2 0.552448
47.22 0.556072
47.24 0.559086
47.26 0.561454
47.28 0.563162
47.3 0.564298
47.32 0.56503
47.34 0.565567
47.36 0.566117
47.38 0.566769
47.4 0.567388
47.42 0.5676
47.44 0.566925
47.46 0.565083
47.48 0.56217
47.5 0.558442
47.52 0.554076
47.54 0.549245
47.56 0.544281
47.58 0.539517
47.6 0.535114
47.62 0.531137
47.64 0.527635
47.66 0.524616
47.68 0.522062
47.7 0.520005
47.72 0.518547
47.74 0.517872
47.76 0.51819
47.78 0.519627
47.8 0.522187
47.82 0.525783
47.84 0.530232
47.86 0.535258
47.88 0.540539
47.9 0.545759
47.92 0.5507
47.94 0.555202
47.96 0.559072
47.98 0.562135
48 0.564328
48.02 0.565692
48.04 0.566309
48.06 0.566194
48.08 0.565232
48.1 0.563268
48.12 0.560328
48.14 0.556712
48.16 0.552703
48.18 0.548364
48.2 0.543739
48.22 0.538969
48.24 0.534238
48.26 0.529789
48.28 0.525876
48.3 0.522727
48.32 0.520647
48.34 0.519896
48.36 0.520535
48.38 0.522502
48.4 0.525703
48.42 0.53001
48.44 0.535246
48.46 0.541183
48.48 0.547522
48.5 0.553874
48.52 0.55984
48.54 0.565054
48.56 0.569147
48.58 0.571852
48.6 0.573049
48.62 0.572708
48.64 0.57084
48.66 0.567548
48.68 0.56314
48.7 0.558025
48.72 0.552543
48.74 0.546944
48.76 0.541468
48.78 0.536402
48.8 0.531971
48.82 0.528313
48.84 0.525548
48.86 0.523777
48.88 0.52307
48.9 0.523443
48.92 0.524863
48.94 0.527249
48.96 0.530487
48.98 0.534437
49 0.538928
49.02 0.543762
49.04 0.548737
49.06 0.553662
49.08 0.558347
49.1 0.562599
49.12 0.566291
49.14 0.569392
49.16 0.571873
49.18 0.573649
49.2 0.574554
49.22 0.574468
49.24 0.573378
49.26 0.571239
49.28 0.567983
49.3 0.563645
49.32 0.558374
49.34 0.552403
49.36 0.546027
49.38 0.53953
49.4 0.533179
49.42 0.527286
49.44 0.522151
49.46 0.518013
49.48 0.515055
49.5 0.513383
49.52 0.513003
49.54 0.513833
49.56 0.515794
49.58 0.518815
49.6 0.522723
49.62 0.527217
49.64 0.531934
49.66 0.5365
49.68 0.540628
49.7 0.544132
49.72 0.546905
49.74 0.548939
49.76 0.55033
49.78 0.551235
49.8 0.551775
49.82 0.551961
49.84 0.551759
49.86 0.551233
49.88 0.550555
49.9 0.54988
49.92 0.549257
49.94 0.548673
49.96 0.548077
49.98 0.547386
50 0.546533
50.02 0.545473
50.04 0.544186
50.06 0.542761
50.08 0.541379
50.1 0.540163
50.12 0.539119
50.14 0.538208
50.16 0.537389
50.18 0.53669
50.2 0.53621
50.22 0.535989
50.24 0.535972
50.26 0.536135
50.28 0.536521
50.3 0.537173
50.32 0.53813
50.34 0.539459
50.36 0.541165
50.38 0.543171
50.4 0.545393
50.42 0.547771
50.44 0.550255
50.46 0.552799
50.48 0.555304
50.5 0.557583
50.52 0.559435
50.54 0.560741
50.56 0.561489
50.58 0.561724
50.6 0.561499
50.62 0.560874
50.64 0.559876
50.66 0.558492
50.68 0.556726
50.7 0.554643
50.72 0.552336
50.74 0.549883
50.76 0.547342
50.78 0.544761
50.8 0.542216
50.82 0.539769
50.84 0.53739
50.86 0.535043
50.88 0.532767
50.9 0.530633
50.92 0.528714
50.94 0.527106
50.96 0.525875
50.98 0.525021
51 0.524557
51.02 0.52455
51.04 0.525057
51.06 0.526106
51.08 0.52772
51.1 0.529884
51.12 0.532537
51.14 0.535589
51.16 0.538878
51.18 0.542212
51.2 0.545464
51.22 0.54856
51.24 0.551418
51.26 0.55399
51.28 0.556316
51.3 0.558494
51.32 0.56064
51.34 0.562728
51.36 0.564319
51.38 0.564689
51.4 0.563262
51.42 0.55996
51.44 0.555358
51.46 0.550403
51.48 0.54579
51.5 0.541714
51.52 0.538252
51.54 0.535565
51.56 0.533732
51.58 0.532721
51.6 0.532389
51.62 0.532527
51.64 0.533076
51.66 0.5342
51.68 0.536113
51.7 0.538898
51.72 0.542465
51.74 0.5466
51.76 0.551019
51.78 0.555398
51.8 0.559341
51.82 0.562432
51.84 0.564418
51.86 0.565313
51.88 0.565244
51.9 0.564308
51.92 0.562579
51.94 0.560172
51.96 0.557272
51.98 0.554106
52 0.55089
52.02 0.547766
52.04 0.544776
52.06 0.541892
52.08 0.53909
52.1 0.536429
52.12 0.534042
52.14 0.532015
52.16 0.530368
52.18 0.529201
52.2 0.528717
52.22 0.529145
52.24 0.530627
52.26 0.533151
52.28 0.536575
52.3 0.540679
52.32 0.545215
52.34 0.549902
52.36 0.554415
52.38 0.558464
52.4 0.561834
52.42 0.564374
52.44 0.565988
52.46 0.566699
52.48 0.566622
52.5 0.565847
52.52 0.564395
52.54 0.562242
52.56 0.559372
52.58 0.555797
52.6 0.551556
52.62 0.546765
52.64 0.541605
52.66 0.536283
52.68 0.531027
52.7 0.526107
52.72 0.52183
52.74 0.518431
52.76 0.516025
52.78 0.514663
52.8 0.514362
52.82 0.515116
52.84 0.516902
52.86 0.51965
52.88 0.523219
52.9 0.52746
52.92 0.532281
52.94 0.537578
52.96 0.543133
52.98 0.548682
53 0.554023
53.02 0.559009
53.04 0.563511
53.06 0.567398
53.08 0.570561
53.1 0.572937
53.12 0.574499
53.14 0.575207
53.16 0.575027
53.18 0.573999
53.2 0.572148
53.22 0.569477
53.24 0.566025
53.26 0.561873
53.28 0.55712
53.3 0.551882
53.32 0.546289
53.34 0.540475
53.36 0.534621
53.38 0.528979
53.4 0.523808
53.42 0.519339
53.44 0.515807
53.46 0.513397
53.48 0.512206
53.5 0.51228
53.52 0.513649
53.54 0.516315
53.56 0.520209
53.58 0.525179
53.6 0.530999
53.62 0.537373
53.64 0.54396
53.66 0.550448
53.68 0.55657
53.7 0.56208
53.72 0.566795
53.74 0.570621
53.76 0.573495
53.78 0.57537
53.8 0.576228
53.82 0.576046
53.84 0.574829
53.86 0.57266
53.88 0.56962
53.9 0.565753
53.92 0.561156
53.94 0.556021
53.96 0.550574
53.98 0.545045
54 0.539654
54.02 0.534594
54.04 0.530062
54.06 0.526269
54.08 0.523417
54.1 0.521646
54.12 0.521058
54.14 0.521702
54.16 0.52352
54.18 0.526389
54.2 0.530128
54.22 0.534445
54.24 0.539026
54.26 0.543623
54.28 0.548022
54.3 0.552059
54.32 0.555628
54.34 0.558619
54.36 0.560922
54.38 0.562438
54.4 0.563096
54.42 0.562889
54.44 0.561904
54.46 0.560297
54.48 0.558236
54.5 0.555859
54.52 0.553304
54.54 0.550703
54.56 0.548146
54.58 0.545687
54.6 0.54337
54.62 0.541288
54.64 0.539551
54.66 0.538229
54.68 0.537318
54.7 0.536731
54.72 0.536383
54.74 0.536225
54.76 0.536193
54.78 0.53624
54.8 0.536351
54.82 0.536517
54.84 0.536783
54.86 0.537266
54.88 0.538091
54.9 0.539368
54.92 0.541155
54.94 0.543423
54.96 0.546116
54.98 0.549179
55 0.552472
55.02 0.555783
55.04 0.558892
55.06 0.561612
55.08 0.563777
55.1 0.565257
55.12 0.565995
55.14 0.565965
55.16 0.565148
55.18 0.563576
55.2 0.56134
55.22 0.558599
55.24 0.555535
55.26 0.552325
55.28 0.549121
55.3 0.546035
55.32 0.543171
55.34 0.540661
55.36 0.538584
55.38 0.536931
55.4 0.535691
55.42 0.534892
55.44 0.534541
55.46 0.534627
55.48 0.535134
55.5 0.535987
55.52 0.537073
55.54 0.538324
55.56 0.539708
55.58 0.541227
55.6 0.542869
55.62 0.544614
55.64 0.546428
55.66 0.548181
55.68 0.549719
55.7 0.550979
55.72 0.551975
55.74 0.552738
55.76 0.553267
55.78 0.55354
55.8 0.553549
55.82 0.553339
55.84 0.552955
55.86 0.552436
55.88 0.551903
55.9 0.551552
55.92 0.551473
55.94 0.551381
55.96 0.55076
55.98 0.549305
56 0.547032
56.02 0.54424
56.04 0.541359
56.06 0.538658
56.08 0.53631
56.1 0.534562
56.12 0.533699
56.14 0.533899
56.16 0.535071
56.18 0.536942
56.2 0.539235
56.22 0.541697
56.24 0.544174
56.26 0.546612
56.28 0.548968
56.3 0.551253
56.32 0.553513
56.34 0.555746
56.36 0.557891
56.38 0.559831
56.4 0.561391
56.42 0.56241
56.44 0.562846
56.46 0.562808
56.48 0.562429
56.5 0.561742
56.52 0.560728
56.54 0.559402
56.56 0.557823
56.58 0.556049
56.6 0.554062
56.62 0.551788
56.64 0.5492
56.66 0.546373
56.68 0.543471
56.7 0.540653
56.72 0.538014
56.74 0.535648
56.76 0.533675
56.78 0.532218
56.8 0.531371
56.82 0.531207
56.84 0.531758
56.86 0.532999
56.88 0.534915
56.9 0.537418
56.92 0.540299
56.94 0.543349
56.96 0.546346
56.98 0.549045
57 0.551257
57.02 0.552892
57.04 0.553896
57.06 0.554196
57.08 0.553794
57.1 0.552849
57.12 0.551576
57.14 0.550075
57.16 0.548378
57.18 0.546532
57.2 0.544637
57.22 0.54283
57.24 0.541187
57.26 0.539715
57.28 0.538417
57.3 0.537367
57.32 0.536685
57.34 0.53644
57.36 0.536638
57.38 0.537303
57.4 0.538477
57.42 0.540165
57.44 0.542315
57.46 0.544796
57.48 0.547416
57.5 0.550014
57.52 0.552505
57.54 0.554824
57.56 0.556851
57.58 0.558463
57.6 0.559592
57.62 0.560235
57.64 0.560415
57.66 0.560131
57.68 0.559372
57.7 0.558137
57.72 0.556447
57.74 0.554353
57.76 0.551932
57.78 0.549268
57.8 0.546451
57.82 0.543588
57.84 0.540819
57.86 0.538291
57.88 0.536121
57.9 0.534384
57.92 0.533135
57.94 0.53244
57.96 0.532351
57.98 0.532873
58 0.533973
58.02 0.535598
58.04 0.537668
58.06 0.540089
58.08 0.542773
58.1 0.545625
58.12 0.548534
58.14 0.551383
58.16 0.554061
58.18 0.556466
58.2 0.558506
58.22 0.560103
58.24 0.561199
58.26 0.561748
58.28 0.561723
58.3 0.561121
58.32 0.559969
58.34 0.558315
58.36 0.55623
58.38 0.553799
58.4 0.551127
58.42 0.548328
58.44 0.545521
58.46 0.542818
58.48 0.540328
58.5 0.538149
58.52 0.53637
58.54 0.535064
58.56 0.534285
58.58 0.534062
58.6 0.534406
58.62 0.535303
58.64 0.536716
58.66 0.538588
58.68 0.540843
58.7 0.543389
58.72 0.546121
58.74 0.548926
58.76 0.551691
58.78 0.554304
58.8 0.556659
58.82 0.55866
58.84 0.560225
58.86 0.561293
58.88 0.561819
58.9 0.561783
58.92 0.561187
58.94 0.560056
58.96 0.558435
58.98 0.556392
59 0.554011
59.02 0.551389
59.04 0.548634
59.06 0.54586
59.08 0.543178
59.1 0.5407
59.12 0.538526
59.14 0.536745
59.16 0.535429
59.18 0.534632
59.2 0.534385
59.22 0.5347
59.24 0.535563
59.26 0.536939
59.28 0.538772
59.3 0.540986
59.32 0.543491
59.34 0.546184
59.36 0.548956
59.38 0.551693
59.4 0.554284
59.42 0.556624
59.44 0.558619
59.46 0.560187
59.48 0.561266
59.5 0.561813
59.52 0.561805
59.54 0.561243
59.56 0.560151
59.58 0.558573
59.6 0.556575
59.62 0.554238
59.64 0.551659
59.66 0.548943
59.68 0.546203
59.7 0.543549
59.72 0.541091
59.74 0.538929
59.76 0.537151
59.78 0.535829
59.8 0.535017
59.82 0.534748
59.84 0.535033
59.86 0.535861
59.88 0.537197
59.9 0.538987
59.92 0.541158
59.94 0.54362
59.96 0.546273
59.98 0.548995
