0.02 5.56475e-06
0.04 1.5764e-05
0.06 1.72543e-05
0.08 7.89249e-06
0.1 2.25925e-06
0.12 8.44626e-06
0.14 1.63252e-05
0.16 1.41151e-05
0.18 6.35921e-06
0.2 5.97653e-06
0.22 1.40334e-05
0.24 1.8937e-05
0.26 1.50194e-05
0.28 1.0862e-05
0.3 1.50576e-05
0.32 2.19491e-05
0.34 2.28258e-05
0.36 2.09796e-05
0.38 2.02424e-05
0.4 1.06264e-05
0.42 -1.34405e-05
0.44 -1.22756e-05
0.46 3.73094e-05
0.48 5.8922e-05
0.5 2.13913e-06
0.52 -5.57765e-05
0.54 -4.06134e-05
0.56 -1.19654e-05
0.58 -5.88102e-05
0.6 -0.000108187
0.62 -4.92821e-05
0.64 1.94748e-05
0.66 -2.39545e-05
0.68 -0.000148527
0.7 -0.000217395
0.72 -5.00304e-05
0.74 0.000189285
0.76 0.000134743
0.78 -7.26451e-05
0.8 1.96469e-05
0.82 0.000397147
0.84 0.000559582
0.86 0.000271486
0.88 -7.29991e-05
0.9 -4.59366e-05
0.92 0.000219933
0.94 0.000246893
0.96 -0.000132408
0.98 -0.000477298
1 -0.000328015
1.02 0.000115054
1.04 0.000231449
1.06 -0.000173906
1.08 -0.000581298
1.1 -0.000472899
1.12 -1.95773e-05
1.14 0.000235276
1.16 1.8094e-05
1.18 -0.00044421
1.2 -0.000482175
1.22 0.000105143
1.24 0.000440291
1.26 -6.05855e-05
1.28 -0.000690306
1.3 -0.000609819
1.32 6.9205e-05
1.34 0.000605192
1.36 0.000435215
1.38 -0.000183682
1.4 -0.000414654
1.42 1.54567e-05
1.44 0.000357681
1.46 -0.000145321
1.48 -0.00107701
1.5 -0.00129438
1.52 -0.000568924
1.54 2.81796e-05
1.56 -0.000326046
1.58 -0.00100056
1.6 -0.000831345
1.62 8.39625e-05
1.64 0.000491057
1.66 -8.94829e-05
1.68 -0.000700833
1.7 -0.000450839
1.72 0.000181255
1.74 0.000121649
1.76 -0.000525245
1.78 -0.000647687
1.8 -0.000107557
1.82 6.60485e-05
1.84 -0.000524461
1.86 -0.000968567
1.88 -0.000351336
1.9 0.00062431
1.92 0.000354415
1.94 -0.00100519
1.96 -0.00143744
1.98 -0.000277992
2 0.000520153
2.02 -0.000516859
2.04 -0.00193513
2.06 -0.00162506
2.08 -0.00017272
2.1 8.96597e-05
2.12 -0.00114167
2.14 -0.00171695
2.16 -0.000608189
2.18 0.000584725
2.2 0.000289106
2.22 -0.000874912
2.24 -0.00117186
2.26 -0.000231438
2.28 0.000290741
2.3 -0.000670832
2.32 -0.0017198
2.34 -0.00129249
2.36 -2.71093e-05
2.38 0.000275375
2.4 -0.000912488
2.42 -0.00194012
2.44 -0.00121806
2.46 0.000223413
2.48 0.000313617
2.5 -0.000735698
2.52 -0.000957948
2.54 5.75678e-05
2.56 0.000768693
2.58 0.00049068
2.6 0.000383454
2.62 0.00125269
2.64 0.00215556
2.66 0.00204025
2.68 0.00154465
2.7 0.0019644
2.72 0.00319359
2.74 0.00409169
2.76 0.00420184
2.78 0.00389704
2.8 0.00381679
2.82 0.00435046
2.84 0.00518505
2.86 0.00572801
2.88 0.00545648
2.9 0.004464
2.92 0.00391881
2.94 0.00449078
2.96 0.00515487
2.98 0.00484388
3 0.00404745
3.02 0.00328416
3.04 0.00223999
3.06 0.00136699
3.08 0.0011473
3.1 0.000818009
3.12 -0.000254336
3.14 -0.00147205
3.16 -0.00205243
3.18 -0.002241
3.2 -0.00277508
3.22 -0.00380913
3.24 -0.00486184
3.26 -0.00535915
3.28 -0.00521559
3.3 -0.00475199
3.32 -0.00439135
3.34 -0.00427446
3.36 -0.00365166
3.38 -0.00212378
3.4 -0.000804611
3.42 -0.000646744
3.44 -0.000557307
3.46 0.00132793
3.48 0.00427108
3.5 0.00531177
3.52 0.00370907
3.54 0.00217132
3.56 0.00300426
3.58 0.00522156
3.6 0.00636888
3.62 0.00564061
3.64 0.00398868
3.66 0.00181509
3.68 -0.000126747
3.7 -0.000126842
3.72 0.000897463
3.74 3.09492e-05
3.76 -0.00274516
3.78 -0.00425935
3.8 -0.00289617
3.82 -0.0011369
3.84 -0.00178275
3.86 -0.00401892
3.88 -0.00512794
3.9 -0.00410828
3.92 -0.00277005
3.94 -0.00326255
3.96 -0.00514443
3.98 -0.00561628
4 -0.00297118
4.02 0.000104669
4.04 -0.000249831
4.06 -0.00285821
4.08 -0.00308301
4.1 0.000157416
4.12 0.00326994
4.14 0.00325796
4.16 0.00115824
4.18 -0.000272005
4.2 -0.000487043
4.22 -0.000634852
4.24 -0.0011131
4.26 -0.00171593
4.28 -0.00216337
4.3 -0.00207598
4.32 -0.000804247
4.34 0.00171795
4.36 0.0031566
4.38 0.00145234
4.4 -0.00148071
4.42 -0.00223933
4.44 -0.000466061
4.46 0.00145115
4.48 0.00198567
4.5 0.000792974
4.52 -0.00169915
4.54 -0.00298565
4.56 -0.00134723
4.58 0.00117847
4.6 0.00139608
4.62 -0.000924326
4.64 -0.00218963
4.66 9.63954e-05
4.68 0.00332321
4.7 0.00369693
4.72 0.00148467
4.74 0.000146371
4.76 0.00169633
4.78 0.00380737
4.8 0.00275581
4.82 -0.000673166
4.84 -0.00188426
4.86 0.000673408
4.88 0.00340008
4.9 0.00267546
4.92 -0.000754094
4.94 -0.00301904
4.96 -0.00174701
4.98 0.000979019
5 0.000952909
5.02 -0.00264446
5.04 -0.00586296
5.06 -0.00471189
5.08 0.000384526
5.1 0.00443549
5.12 0.0029069
5.14 -0.00202492
5.16 -0.00367576
5.18 0.000206262
5.2 0.00478298
5.22 0.00478967
5.24 0.000429657
5.26 -0.00387494
5.28 -0.00382601
5.3 0.000415587
5.32 0.00407614
5.34 0.00347817
5.36 4.30348e-05
5.38 -0.00189124
5.4 -0.000328018
5.42 0.00234248
5.44 0.00299015
5.46 0.00151155
5.48 0.000160104
5.5 0.000622227
5.52 0.00219136
5.54 0.00268688
5.56 0.00114152
5.58 -0.000903791
5.6 -0.00117569
5.62 0.000405875
5.64 0.00180825
5.66 0.00152702
5.68 -0.000110784
5.7 -0.00131294
5.72 -0.000684201
5.74 0.000857119
5.76 0.00120233
5.78 -0.000283583
5.8 -0.00188603
5.82 -0.00149037
5.84 0.000449088
5.86 0.00122109
5.88 -0.000438514
5.9 -0.00259123
5.92 -0.00244722
5.94 0.000302199
5.96 0.00281334
5.98 0.00252466
6 0.000555863
6.02 -0.000172018
6.04 0.00121743
6.06 0.0031179
6.08 0.00325176
6.1 0.00114284
6.12 -0.000640979
6.14 0.000408051
6.16 0.00303683
6.18 0.00326466
6.2 -0.000487512
6.22 -0.00425406
6.24 -0.00372917
6.26 -0.000609747
6.28 0.000176491
6.3 -0.00230382
6.32 -0.00396724
6.34 -0.00208849
6.36 0.000955995
6.38 0.00147557
6.4 -0.000848746
6.42 -0.00277834
6.44 -0.00162586
6.46 0.0011577
6.48 0.00169542
6.5 -0.00137749
6.52 -0.00468919
6.54 -0.00443859
6.56 -0.00134291
6.58 0.0010275
6.6 0.000278517
6.62 -0.00251991
6.64 -0.00337149
6.66 -0.00024786
6.68 0.00361486
6.7 0.00360992
6.72 -0.000540506
6.74 -0.00434643
6.76 -0.00359777
6.78 0.000536313
6.8 0.00296599
6.82 0.000961407
6.84 -0.00257766
6.86 -0.00280844
6.88 0.000542543
6.9 0.0028584
6.92 0.00087223
6.94 -0.0030578
6.96 -0.00381409
6.98 -0.000190481
7 0.00346592
7.02 0.00275051
7.04 -0.00129404
7.06 -0.00333886
7.08 -0.000729761
7.1 0.00322713
7.12 0.00382347
7.14 0.00065479
7.16 -0.00206339
7.18 -0.000815087
7.2 0.00281877
7.22 0.00433412
7.24 0.00205093
7.26 -0.0011417
7.28 -0.00179411
7.3 0.00020097
7.32 0.00220959
7.34 0.00205813
7.36 0.000222955
7.38 -0.000947921
7.4 -9.83088e-05
7.42 0.00149817
7.44 0.00164226
7.46 4.83227e-05
7.48 -0.00147912
7.5 -0.00125631
7.52 0.000311038
7.54 0.00107158
7.56 -0.000120574
7.58 -0.00162806
7.6 -0.0010964
7.62 0.00125539
7.64 0.00279753
7.66 0.00206425
7.68 0.000430346
7.7 -0.000117916
7.72 0.000648377
7.74 0.00137252
7.76 0.00124976
7.78 0.000889422
7.8 0.000930792
7.82 0.00122548
7.84 0.00111093
7.86 0.000114397
7.88 -0.0010512
7.9 -0.00108367
7.92 -6.98331e-05
7.94 0.000651037
7.96 0.000297329
7.98 -0.000658402
8 -0.00105825
8.02 -0.000292803
8.04 0.000931521
8.06 0.00127056
8.08 0.000356319
8.1 -0.000593939
8.12 -0.000355007
8.14 0.000715615
8.16 0.0012383
8.18 0.00069888
8.2 0.000129787
8.22 0.000467051
8.24 0.000770012
8.26 -0.000192527
8.28 -0.00140272
8.3 -0.00106968
8.32 0.000661925
8.34 0.0018934
8.36 0.00116137
8.38 -0.000715279
8.4 -0.00134168
8.42 0.000186576
8.44 0.00184594
8.46 0.00107316
8.48 -0.00153358
8.5 -0.00246861
8.52 -0.000296847
8.54 0.00226315
8.56 0.00219674
8.58 3.981e-06
8.6 -0.00114157
8.62 0.000412756
8.64 0.00245649
8.66 0.00220851
8.68 0.000327614
8.7 -0.000488736
8.72 0.000758172
8.74 0.00232324
8.76 0.00203963
8.78 0.000152997
8.8 -0.00110052
8.82 -0.00053383
8.84 0.000602265
8.86 0.000304791
8.88 -0.00129568
8.9 -0.00182356
8.92 -0.000393883
8.94 0.00126432
8.96 0.00136031
8.98 -0.000213153
9 -0.00163411
9.02 -0.00118386
9.04 0.000342724
9.06 0.00093597
9.08 0.000191368
9.1 -0.000801834
9.12 -0.00110595
9.14 -0.000580218
9.16 -2.66777e-05
9.18 -0.000475994
9.2 -0.0015833
9.22 -0.00192136
9.24 -0.00101451
9.26 7.09284e-05
9.28 0.000184076
9.3 -0.000466068
9.32 -0.000662628
9.34 0.000124898
9.36 0.00112287
9.38 0.00116842
9.4 1.8967e-05
9.42 -0.00107363
9.44 -0.000684681
9.46 0.000822736
9.48 0.00139195
9.5 -6.07069e-05
9.52 -0.0018156
9.54 -0.0015986
9.56 0.00010211
9.58 0.00117799
9.6 0.00106845
9.62 0.000476834
9.64 -0.000245844
9.66 -0.000946657
9.68 -0.00118687
9.7 -0.00088277
9.72 -0.0004807
9.74 -9.5042e-05
9.76 -3.8936e-05
9.78 -0.000952765
9.8 -0.00192934
9.82 -0.00147332
9.84 -4.06412e-05
9.86 0.000967857
9.88 0.000963678
9.9 0.000366019
9.92 3.48405e-05
9.94 8.62455e-05
9.96 5.74091e-05
9.98 7.34466e-05
10 0.000537588
10.02 0.00112647
10.04 0.00114104
10.06 0.000561519
10.08 -4.50502e-05
10.1 -0.000354059
10.12 -0.000420358
10.14 -0.000521077
10.16 -0.00076299
10.18 -0.000760806
10.2 -0.000391913
10.22 -0.000204772
10.24 -0.000570198
10.26 -0.0010499
10.28 -0.000956801
10.3 -0.000263281
10.32 0.000382777
10.34 0.000440485
10.36 5.93084e-05
10.38 -0.000203646
10.4 -5.03832e-05
10.42 0.000423412
10.44 0.000857459
10.46 0.000832113
10.48 0.000396017
10.5 0.00016484
10.52 0.000550253
10.54 0.00101974
10.56 0.000582476
10.58 -0.00061497
10.6 -0.00100521
10.62 9.47315e-05
10.64 0.00130256
10.66 0.00114162
10.68 -0.000157885
10.7 -0.00118019
10.72 -0.000907472
10.74 0.000228133
10.76 0.000796295
10.78 0.000163626
10.8 -0.000646474
10.82 -0.000389222
10.84 0.000739583
10.86 0.0012864
10.88 0.000286885
10.9 -0.00124698
10.92 -0.0013655
10.94 9.50694e-05
10.96 0.00125847
10.98 0.00073976
11 -0.000768297
11.02 -0.00145063
11.04 -0.000578679
11.06 0.000707722
11.08 0.00089679
11.1 -9.98918e-05
11.12 -0.000898997
11.14 -0.00029787
11.16 0.00117398
11.18 0.00178543
11.2 0.000835362
11.22 -0.000428407
11.24 -0.000529537
11.26 0.000271645
11.28 0.000638874
11.3 4.06021e-05
11.32 -0.000879176
11.34 -0.00106308
11.36 -0.000346071
11.38 0.000199327
11.4 -5.56812e-05
11.42 -0.000474701
11.44 -0.000339154
11.46 0.000155941
11.48 0.000380349
11.5 0.000119353
11.52 -0.000308845
11.54 -0.000366675
11.56 0.000107817
11.58 0.000723121
11.6 0.000938762
11.62 0.000639622
11.64 0.000304089
11.66 0.000371951
11.68 0.000678956
11.7 0.000705372
11.72 0.000297301
11.74 -0.000107345
11.76 -0.000166611
11.78 -0.000112795
11.8 -0.000342781
11.82 -0.00080577
11.84 -0.00100849
11.86 -0.000698224
11.88 -0.000277596
11.9 -0.000168704
11.92 -0.00014859
11.94 0.000147776
11.96 0.000574315
11.98 0.000651561
12 0.000218271
12.02 -0.000270997
12.04 -0.000247937
12.06 0.000229517
12.08 0.000591266
12.1 0.000423413
12.12 -0.0001312
12.14 -0.000449695
12.16 -5.7831e-05
12.18 0.000728865
12.2 0.000977303
12.22 0.000279638
12.24 -0.000680389
12.26 -0.000945006
12.28 -0.000422534
12.3 -2.16724e-06
12.32 -0.000377192
12.34 -0.00107561
12.36 -0.00111031
12.38 -0.000331303
12.4 0.0003871
12.42 0.000371754
12.44 -5.07211e-05
12.46 -0.000205251
12.48 0.000114706
12.5 0.000628875
12.52 0.000846122
12.54 0.000534147
12.56 7.51362e-05
12.58 2.90088e-05
12.6 0.000483327
12.62 0.000924543
12.64 0.00080006
12.66 0.000156828
12.68 -0.000437177
12.7 -0.000457941
12.72 -2.93438e-05
12.74 0.000233306
12.76 -2.53184e-05
12.78 -0.000599342
12.8 -0.000810635
12.82 -0.000202435
12.84 0.000707296
12.86 0.000895908
12.88 0.000121796
12.9 -0.0007442
12.92 -0.00064481
12.94 0.00031794
12.96 0.000940299
12.98 0.000494854
13 -0.000408134
13.02 -0.00068283
13.04 -0.00011604
13.06 0.000572037
13.08 0.000649459
13.1 0.000127996
13.12 -0.000313202
13.14 -0.000143525
13.16 0.000423159
13.18 0.000648466
13.2 0.000188956
13.22 -0.000412472
13.24 -0.000388154
13.26 0.00022895
13.28 0.000644911
13.3 0.000269854
13.32 -0.000568348
13.34 -0.000891673
13.36 -0.000272549
13.38 0.00056872
13.4 0.000697875
13.42 5.90632e-05
13.44 -0.00058223
13.46 -0.00049713
13.48 0.000104877
13.5 0.00040875
13.52 0.000113554
13.54 -0.000371106
13.56 -0.000481364
13.58 -0.000140253
13.6 0.000169224
13.62 5.58487e-05
13.64 -0.000326605
13.66 -0.000475762
13.68 -0.00019891
13.7 0.000116845
13.72 7.11658e-05
13.74 -0.000243102
13.76 -0.000353133
13.78 -2.2356e-06
13.8 0.000537068
13.82 0.000716317
13.84 0.000325843
13.86 -0.000199487
13.88 -0.000364309
13.9 -0.000154535
13.92 0.000106375
13.94 0.000153197
13.96 1.62978e-05
13.98 -8.6033e-05
14 -2.33212e-05
14.02 0.000198877
14.04 0.00052232
14.06 0.000752494
14.08 0.000697517
14.1 0.000432567
14.12 0.00011845
14.14 -0.00020194
14.16 -0.000386268
14.18 -0.000236188
14.2 7.23752e-05
14.22 8.24933e-05
14.24 -0.000364293
14.26 -0.000791465
14.28 -0.000621457
14.3 -2.26132e-05
14.32 0.00030274
14.34 -3.38e-05
14.36 -0.00072979
14.38 -0.000951725
14.4 -0.000358073
14.42 0.000249888
14.44 7.93161e-05
14.46 -0.000609839
14.48 -0.000865379
14.5 -0.000242769
14.52 0.000589858
14.54 0.000743341
14.56 0.000180451
14.58 -0.000407751
14.6 -0.00041069
14.62 0.000126666
14.64 0.000708302
14.66 0.000835721
14.68 0.000386944
14.7 -0.0002794
14.72 -0.000715942
14.74 -0.000655308
14.76 -0.000205899
14.78 0.000145516
14.8 -1.86595e-05
14.82 -0.000609488
14.84 -0.00089168
14.86 -0.000364474
14.88 0.000291605
14.9 0.000199555
14.92 -0.000381382
14.94 -0.00051777
14.96 1.41566e-05
14.98 0.0005616
15 0.000506663
15.02 -4.74948e-05
15.04 -0.000506207
15.06 -0.000454863
15.08 -4.87843e-05
15.1 0.000211216
15.12 0.000108031
15.14 -4.95832e-05
15.16 0.000109722
15.18 0.000491144
15.2 0.00063414
15.22 0.000331316
15.24 -0.000118615
15.26 -0.000343193
15.28 -0.000276891
15.3 -0.000168071
15.32 -0.00026085
15.34 -0.000446886
15.36 -0.000418228
15.38 -0.000124593
15.4 0.000188683
15.42 0.000307096
15.44 0.000217772
15.46 4.23523e-05
15.48 -0.000120144
15.5 -0.000213693
15.52 -0.000143868
15.54 9.66689e-05
15.56 0.00033176
15.58 0.000399057
15.6 0.000330041
15.62 0.000256658
15.64 0.000216133
15.66 0.000124208
15.68 -3.6704e-05
15.7 -0.000101442
15.72 8.5116e-05
15.74 0.000442461
15.76 0.00064074
15.78 0.000446761
15.8 9.55008e-05
15.82 -1.7791e-05
15.84 0.00013102
15.86 0.000245776
15.88 0.000138922
15.9 -6.35931e-05
15.92 -0.000103881
15.94 0.000121383
15.96 0.000466098
15.98 0.000624523
16 0.000436949
16.02 0.000148894
16.04 9.66177e-05
16.06 0.000269838
16.08 0.000403805
16.1 0.000326798
16.12 9.24566e-05
16.14 -0.000144066
16.16 -0.000215813
16.18 -1.33326e-05
16.2 0.000364099
16.22 0.000565473
16.24 0.000349049
16.26 -0.000102116
16.28 -0.000422708
16.3 -0.000312835
16.32 0.000174084
16.34 0.000559255
16.36 0.000397533
16.38 -0.000164069
16.4 -0.000516627
16.42 -0.000326342
16.44 6.23898e-05
16.46 0.000110446
16.48 -0.000285125
16.5 -0.000740379
16.52 -0.000851958
16.54 -0.000655734
16.56 -0.000474904
16.58 -0.000464801
16.6 -0.000517582
16.62 -0.000499031
16.64 -0.000434269
16.66 -0.000423557
16.68 -0.000300459
16.7 0.000284617
16.72 0.001207
16.74 0.00179404
16.76 0.00171906
16.78 0.00140576
16.8 0.0013999
16.82 0.00174181
16.84 0.00181548
16.86 0.000830895
16.88 -0.00074999
16.9 -0.00109343
16.92 0.000220502
16.94 0.0012124
16.96 0.00040994
16.98 -0.00119487
17 -0.00160927
17.02 -0.000422897
17.04 0.000756877
17.06 0.000383013
17.08 -0.00113054
17.1 -0.00197129
17.12 -0.00134476
17.14 -0.000419455
17.16 -0.00046695
17.18 -0.00114023
17.2 -0.0013544
17.22 -0.000923068
17.24 -0.000435332
17.26 -0.000338328
17.28 -0.000644903
17.3 -0.000937616
17.32 -0.000724339
17.34 -5.50022e-05
17.36 0.000652311
17.38 0.0010662
17.4 0.00113134
17.42 0.00115071
17.44 0.00145521
17.46 0.00188467
17.48 0.00186072
17.5 0.00120876
17.52 0.000613053
17.54 0.000714738
17.56 0.00100336
17.58 0.000548549
17.6 -0.000500959
17.62 -0.00111927
17.64 -0.00084544
17.66 -0.000312095
17.68 -0.000336019
17.7 -0.000914487
17.72 -0.00136603
17.74 -0.00125167
17.76 -0.000820566
17.78 -0.000594598
17.8 -0.000757223
17.82 -0.000978616
17.84 -0.000748518
17.86 -5.25514e-05
17.88 0.000502448
17.9 0.000410563
17.92 -5.86168e-05
17.94 -0.000172054
17.96 0.000414212
17.98 0.00124008
18 0.00147003
18.02 0.000875354
18.04 0.000190416
18.06 0.000215706
18.08 0.000748047
18.1 0.000731531
18.12 -0.000216537
18.14 -0.00112581
18.16 -0.000954573
18.18 -2.22011e-05
18.2 0.000416833
18.22 -0.000299219
18.24 -0.00153578
18.26 -0.00207492
18.28 -0.00153327
18.3 -0.000767793
18.32 -0.000563622
18.34 -0.00046164
18.36 0.000228221
18.38 0.00115927
18.4 0.00160423
18.42 0.00147079
18.44 0.0012981
18.46 0.0015899
18.48 0.00192969
18.5 0.00127998
18.52 -0.000153931
18.54 -0.000788024
18.56 2.4505e-05
18.58 0.00106429
18.6 0.000833378
18.62 -0.000644394
18.64 -0.00169295
18.66 -0.00107506
18.68 0.000254536
18.7 0.000428102
18.72 -0.000897666
18.74 -0.00211651
18.76 -0.00180436
18.78 -0.000629089
18.8 -0.000126408
18.82 -0.000308998
18.84 -0.000125699
18.86 0.00074366
18.88 0.0017107
18.9 0.00204385
18.92 0.00162065
18.94 0.00117961
18.96 0.00140995
18.98 0.00195173
19 0.00180451
19.02 0.0007401
19.04 -0.000199283
19.06 -0.000220978
19.08 0.000145802
19.1 0.00012231
19.12 -0.000360494
19.14 -0.000861358
19.16 -0.000945193
19.18 -0.00060423
19.2 -0.00037195
19.22 -0.000774585
19.24 -0.00153854
19.26 -0.00171261
19.28 -0.000876708
19.3 5.39031e-05
19.32 4.24794e-05
19.34 -0.000711936
19.36 -0.00113886
19.38 -0.000645559
19.4 0.000143386
19.42 0.000329552
19.44 -4.03984e-05
19.46 -0.000135108
19.48 0.0005315
19.5 0.00135208
19.52 0.00134204
19.54 0.00049254
19.56 -0.000123584
19.58 0.000239466
19.6 0.000945256
19.62 0.000858369
19.64 0.000147633
19.66 -8.13752e-05
19.68 0.00029078
19.7 0.000363012
19.72 -0.000261087
19.74 -0.000932486
19.76 -0.000805217
19.78 -1.29448e-05
19.8 0.000351867
19.82 -0.000298437
19.84 -0.00115592
19.86 -0.00100659
19.88 0.000247825
19.9 0.00137374
19.92 0.0012002
19.94 0.000146549
19.96 -0.000377155
19.98 0.000128169
20 0.000951429
20.02 0.00113727
20.04 0.000514024
20.06 -5.32222e-05
20.08 4.34236e-05
20.1 0.000137052
20.12 -0.000622383
20.14 -0.00159232
20.16 -0.00126758
20.18 0.000461249
20.2 0.00162512
20.22 0.000552716
20.24 -0.00156524
20.26 -0.00196863
20.28 -0.000187468
20.3 0.00130973
20.32 0.000733913
20.34 -0.000820021
20.36 -0.00128578
20.38 -0.000171004
20.4 0.00126884
20.42 0.00155679
20.44 0.000644928
20.46 -3.78983e-05
20.48 0.000503857
20.5 0.00135772
20.52 0.00103707
20.54 -0.000429179
20.56 -0.00153579
20.58 -0.000777053
20.6 0.00134569
20.62 0.00199831
20.64 -0.00024967
20.66 -0.00282921
20.68 -0.00273449
20.7 -0.000300619
20.72 0.0018648
20.74 0.00152789
20.76 -0.000972687
20.78 -0.0024612
20.8 -0.000923251
20.82 0.00146393
20.84 0.00143923
20.86 -0.0008167
20.88 -0.0019213
20.9 -4.8926e-05
20.92 0.00256903
20.94 0.002831
20.96 0.000697751
20.98 -0.00095277
21 -0.000176528
21.02 0.00148952
21.04 0.0015159
21.06 -8.07921e-05
21.08 -0.00112673
21.1 -0.000361629
21.12 0.000969956
21.14 0.000884723
21.16 -0.000567917
21.18 -0.00138631
21.2 -0.000596788
21.22 0.000484372
21.24 0.000258155
21.26 -0.00110412
21.28 -0.00190828
21.3 -0.00113822
21.32 0.000272203
21.34 0.00094383
21.36 0.0006792
21.38 0.000212928
21.4 0.000414652
21.42 0.00119745
21.44 0.00120031
21.46 9.85625e-05
21.48 -0.000534611
21.5 3.44978e-06
21.52 0.000590431
21.54 0.000156671
21.56 -0.00111765
21.58 -0.00197977
21.6 -0.00136192
21.62 0.000214743
21.64 0.00102553
21.66 0.000164322
21.68 -0.00124053
21.7 -0.00125271
21.72 0.000460323
21.74 0.00196536
21.76 0.00127237
21.78 -0.00103539
21.8 -0.00212539
21.82 -0.000575873
21.84 0.00154825
21.86 0.00146113
21.88 -0.000688902
21.9 -0.00203105
21.92 -0.00074999
21.94 0.00159772
21.96 0.00216143
21.98 0.000405041
22 -0.00128817
22.02 -0.000720467
22.04 0.00138786
22.06 0.00232673
22.08 0.000717008
22.1 -0.00166039
22.12 -0.00197019
22.14 -3.90895e-05
22.16 0.00154573
22.18 0.000896149
22.2 -0.0010252
22.22 -0.0017278
22.24 -0.000331188
22.26 0.00135677
22.28 0.00125394
22.3 -0.000407927
22.32 -0.00141558
22.34 -0.000404367
22.36 0.00141092
22.38 0.00184801
22.4 0.000522452
22.42 -0.000788796
22.44 -0.00048722
22.46 0.000947886
22.48 0.00169234
22.5 0.000802509
22.52 -0.000732025
22.54 -0.0011675
22.56 -0.000149146
22.58 0.000919195
22.6 0.000723085
22.62 -0.000457306
22.64 -0.0011494
22.66 -0.000527066
22.68 0.000567315
22.7 0.000739909
22.72 -0.000200186
22.74 -0.00109152
22.76 -0.000874348
22.78 7.44115e-05
22.8 0.000530785
22.82 3.95545e-05
22.84 -0.000713034
22.86 -0.000724801
22.88 8.41151e-05
22.9 0.000788571
22.92 0.000605573
22.94 -0.000176175
22.96 -0.000558099
22.98 -8.32012e-05
23 0.000698811
23.02 0.000840049
23.04 0.000105034
23.06 -0.000739038
23.08 -0.000784829
23.1 -6.77005e-05
23.12 0.00052884
23.14 0.000367867
23.16 -0.000297619
23.18 -0.000669374
23.2 -0.000306664
23.22 0.000364697
23.24 0.000625738
23.26 0.000324784
23.28 -3.55881e-05
23.3 1.95665e-05
23.32 0.000390009
23.34 0.000569481
23.36 0.000279398
23.38 -0.000201403
23.4 -0.00046242
23.42 -0.000420355
23.44 -0.00027074
23.46 -0.000192436
23.48 -0.000175564
23.5 -0.000156588
23.52 -0.000154386
23.54 -0.000172042
23.56 -0.000130165
23.58 3.36797e-05
23.6 0.000258694
23.62 0.000369979
23.64 0.000265691
23.66 6.27469e-05
23.68 -1.55701e-05
23.7 0.000161867
23.72 0.000456238
23.74 0.000500159
23.76 0.000168655
23.78 -0.000214176
23.8 -0.000266021
23.82 2.5717e-05
23.84 0.000322339
23.86 0.000261171
23.88 -0.000166142
23.9 -0.00053489
23.92 -0.000397453
23.94 9.62507e-05
23.96 0.000322348
23.98 3.53614e-06
24 -0.000492006
24.02 -0.000492928
24.04 0.000183783
24.06 0.000891994
24.08 0.000830077
24.1 2.72634e-05
24.12 -0.00070519
24.14 -0.000623098
24.16 0.00016081
24.18 0.000775221
24.2 0.00050187
24.22 -0.000374685
24.24 -0.000807134
24.26 -0.000289513
24.28 0.00053084
24.3 0.000741017
24.32 0.00019616
24.34 -0.000514399
24.36 -0.000698361
24.38 -0.000245962
24.4 0.000226132
24.42 0.00019422
24.44 -0.000158587
24.46 -0.000304971
24.48 -6.74621e-05
24.5 0.000238652
24.52 0.000249127
24.54 -4.26272e-05
24.56 -0.000304294
24.58 -0.000211374
24.6 0.000164427
24.62 0.000422747
24.64 0.000316724
24.66 3.78558e-05
24.68 -6.76762e-05
24.7 5.1303e-05
24.72 0.000144964
24.74 3.75105e-05
24.76 -0.000155264
24.78 -0.000168667
24.8 9.79014e-05
24.82 0.000426209
24.84 0.000486234
24.86 0.000244467
24.88 2.93334e-06
24.9 1.05576e-05
24.92 0.000236423
24.94 0.000431631
24.96 0.000369613
24.98 0.000125735
25 -2.52951e-05
25.02 5.45734e-05
25.04 0.000255531
25.06 0.000352089
25.08 0.000232368
25.1 8.76475e-06
25.12 -9.816e-05
25.14 2.92618e-05
25.16 0.000266153
25.18 0.000340811
25.2 0.000147019
25.22 -0.000142884
25.24 -0.000275622
25.26 -0.000176543
25.28 -3.48352e-05
25.3 -8.72989e-05
25.32 -0.000340089
25.34 -0.000479369
25.36 -0.000237439
25.38 0.00016311
25.4 0.000282355
25.42 2.78422e-05
25.44 -0.000296857
25.46 -0.000334714
25.48 -7.89041e-05
25.5 0.000142774
25.52 9.97274e-05
25.54 -0.000111959
25.56 -0.000214219
25.58 -5.69136e-05
25.6 0.000231028
25.62 0.000386739
25.64 0.000283694
25.66 6.5647e-05
25.68 -4.40473e-05
25.7 1.12765e-05
25.72 0.000126456
25.74 0.000157413
25.76 3.07054e-05
25.78 -0.000169167
25.8 -0.000253788
25.82 -0.000150249
25.84 2.14934e-05
25.86 0.000116041
25.88 8.25368e-05
25.9 -4.56334e-05
25.92 -0.00017433
25.94 -0.000196929
25.96 -9.73607e-05
25.98 6.20443e-06
26 -2.87281e-05
26.02 -0.000207463
26.04 -0.000361419
26.06 -0.000309112
26.08 -8.54673e-05
26.1 8.48325e-05
26.12 1.94486e-05
26.14 -0.000234598
26.16 -0.000391832
26.18 -0.000243999
26.2 5.09574e-05
26.22 0.000191582
26.24 7.50733e-05
26.26 -0.000142688
26.28 -0.000205885
26.3 -4.45737e-05
26.32 0.000156489
26.34 0.000186132
26.36 1.15515e-05
26.38 -0.000207443
26.4 -0.000261991
26.42 -0.000119833
26.44 3.76314e-05
26.46 4.3225e-05
26.48 -5.75162e-05
26.5 -8.394e-05
26.52 2.1043e-05
26.54 0.000122085
26.56 9.07488e-05
26.58 -9.59398e-06
26.6 8.80433e-06
26.62 0.000199356
26.64 0.000368645
26.66 0.00029472
26.68 3.26394e-05
26.7 -0.000140638
26.72 -6.67849e-05
26.74 0.000133382
26.76 0.000212749
26.78 5.55255e-05
26.8 -0.000197079
26.82 -0.000282297
26.84 -0.000135071
26.86 4.57887e-05
26.88 5.09009e-05
26.9 -0.000131139
26.92 -0.000290558
26.94 -0.00020589
26.96 7.40606e-05
26.98 0.000272879
27 0.000180382
27.02 -0.00010571
27.04 -0.000252133
27.06 -9.09214e-05
27.08 0.00017914
27.1 0.000237879
27.12 2.09676e-05
27.14 -0.000213154
27.16 -0.000191464
27.18 4.67669e-05
27.2 0.000210263
27.22 0.000106521
27.24 -0.000154602
27.26 -0.000286436
27.28 -0.0001453
27.3 0.000111797
27.32 0.000219097
27.34 0.000101333
27.36 -6.60698e-05
27.38 -6.6689e-05
27.4 0.000112836
27.42 0.00026971
27.44 0.000240222
27.46 8.95747e-05
27.48 -1.21001e-05
27.5 7.14952e-06
27.52 6.59173e-05
27.54 2.46765e-05
27.56 -0.00014219
27.58 -0.000299271
27.6 -0.000294791
27.62 -0.000158751
27.64 -8.09828e-05
27.66 -0.000163839
27.68 -0.000295747
27.7 -0.000286729
27.72 -0.000101676
27.74 0.000129195
27.76 0.000272849
27.78 0.00027687
27.8 0.000195858
27.82 0.000147801
27.84 0.000193516
27.86 0.000267386
27.88 0.000242432
27.9 9.09779e-05
27.92 -7.21507e-05
27.94 -0.000118688
27.96 -2.45164e-05
27.98 0.000109312
28 0.000135407
28.02 2.22796e-05
28.04 -0.00010468
28.06 -0.000122265
28.08 -4.09234e-05
28.1 2.14514e-05
28.12 -6.0088e-06
28.14 -6.0722e-05
28.16 -6.83032e-05
28.18 -3.30257e-05
28.2 2.77045e-05
28.22 0.000103066
28.24 0.000165245
28.26 0.000208316
28.28 0.000254083
28.3 0.000303263
28.32 0.00032922
28.34 0.000304648
28.36 0.0001433
28.38 -0.000229549
28.4 -0.000573498
28.42 -0.000465674
28.44 3.82203e-05
28.46 0.000370962
28.48 0.000162094
28.5 -0.000335334
28.52 -0.000496967
28.54 -7.20955e-05
28.56 0.000522949
28.58 0.000654662
28.6 0.000161967
28.62 -0.00045841
28.64 -0.000541441
28.66 1.25916e-05
28.68 0.000634696
28.7 0.000675785
28.72 0.000108729
28.74 -0.000464285
28.76 -0.000496379
28.78 -5.82604e-05
28.8 0.000357172
28.82 0.000373208
28.84 1.69589e-05
28.86 -0.000339623
28.88 -0.000305299
28.9 8.39222e-05
28.92 0.000432442
28.94 0.000441174
28.96 0.000168754
28.98 -8.38398e-05
29 -0.000128984
29.02 -1.7066e-05
29.04 0.000136596
29.06 0.000253172
29.08 0.000250095
29.1 9.68324e-05
29.12 -0.000109589
29.14 -0.00021778
29.16 -0.000165332
29.18 -4.40658e-05
29.2 4.24274e-06
29.22 -5.79144e-05
29.24 -0.000158615
29.26 -0.000207813
29.28 -0.000151503
29.3 -1.40752e-05
29.32 8.42391e-05
29.34 3.06832e-05
29.36 -0.000126418
29.38 -0.000186956
29.4 -3.09889e-05
29.42 0.000210305
29.44 0.000281071
29.46 0.000101766
29.48 -0.000130779
29.5 -0.000169593
29.52 1.03457e-05
29.54 0.000187753
29.56 0.000114288
29.58 -0.000203686
29.6 -0.000430133
29.62 -0.00026886
29.64 8.5361e-05
29.66 0.000200095
29.68 -3.29136e-05
29.7 -0.000345577
29.72 -0.000383286
29.74 -0.000105947
29.76 0.000167429
29.78 0.000174516
29.8 -3.53161e-05
29.82 -0.000204963
29.84 -0.00012719
29.86 0.000143486
29.88 0.000339654
29.9 0.00026927
29.92 4.82159e-05
29.94 -4.6172e-05
29.96 8.31645e-05
29.98 0.000253841
30 0.000208593
30.02 -8.30993e-05
30.04 -0.000369795
30.06 -0.000365682
30.08 -0.000114101
30.1 6.30572e-05
30.12 -1.85902e-06
30.14 -0.000160096
30.16 -0.000160654
30.18 5.2504e-05
30.2 0.000287348
30.22 0.000306758
30.24 9.63149e-05
30.26 -9.95851e-05
30.28 -4.7847e-05
30.3 0.000222914
30.32 0.000442814
30.34 0.000365812
30.36 6.86034e-05
30.38 -0.000140786
30.4 -9.13802e-05
30.42 9.85341e-05
30.44 0.000156029
30.46 -6.30644e-05
30.48 -0.00039217
30.5 -0.000461849
30.52 -0.000149519
30.54 0.000219016
30.56 0.000267533
30.58 -1.49346e-06
30.6 -0.000251536
30.62 -0.000182793
30.64 0.000159297
30.66 0.000445838
30.68 0.000397673
30.7 0.000101904
30.72 -9.67069e-05
30.74 -3.10838e-05
30.76 0.000147562
30.78 0.000207971
30.8 7.90053e-05
30.82 -0.000116564
30.84 -0.000182054
30.86 -5.07204e-05
30.88 0.000140911
30.9 0.00022597
30.92 0.000182622
30.94 0.000108153
30.96 8.15482e-05
30.98 0.000100592
31 0.000103862
31.02 3.7097e-05
31.04 -6.74095e-05
31.06 -0.000116776
31.08 -8.63533e-05
31.1 -4.66322e-05
31.12 -4.17103e-05
31.14 -2.8993e-05
31.16 3.53967e-05
31.18 0.000116497
31.2 0.00013734
31.22 7.37438e-05
31.24 -5.8525e-06
31.26 -3.30564e-06
31.28 8.82757e-05
31.3 0.000160908
31.32 0.000124657
31.34 2.24682e-05
31.36 -2.35381e-05
31.38 3.51575e-05
31.4 0.000130566
31.42 0.000177377
31.44 0.000141082
31.46 4.94769e-05
31.48 -1.67844e-05
31.5 -1.12937e-05
31.52 1.3772e-05
31.54 -1.16047e-05
31.56 -7.89009e-05
31.58 -0.000123772
31.6 -0.000103978
31.62 -3.80153e-05
31.64 4.7391e-06
31.66 -3.56526e-05
31.68 -0.000134606
31.7 -0.000198331
31.72 -0.000167157
31.74 -7.584e-05
31.76 -9.18283e-06
31.78 -1.82453e-05
31.8 -7.46906e-05
31.82 -0.000108373
31.84 -8.31367e-05
31.86 -9.88928e-06
31.88 7.61117e-05
31.9 0.000122123
31.92 9.31724e-05
31.94 2.16417e-05
31.96 -7.00262e-06
31.98 5.6468e-05
32 0.000153988
32.02 0.000168462
32.04 5.3712e-05
32.06 -0.00010485
32.08 -0.00017212
32.1 -0.000101325
32.12 1.31587e-05
32.14 2.82963e-05
32.16 -8.67789e-05
32.18 -0.000204136
32.2 -0.000183443
32.22 -4.78508e-05
32.24 4.91146e-05
32.26 5.74561e-06
32.28 -0.000124652
32.3 -0.000196503
32.32 -0.000138151
32.34 -3.33854e-05
32.36 -7.79128e-06
32.38 -8.6044e-05
32.4 -0.000184806
32.42 -0.000198154
32.44 -0.000109328
32.46 -9.73547e-06
32.48 1.3455e-05
32.5 -4.44786e-05
32.52 -0.00012569
32.54 -0.000149376
32.56 -7.20264e-05
32.58 5.01081e-05
32.6 0.00010064
32.62 3.75382e-05
32.64 -4.49174e-05
32.66 -2.30398e-05
32.68 0.000106946
32.7 0.000217364
32.72 0.00018481
32.74 2.57184e-05
32.76 -0.000132338
32.78 -0.0001794
32.8 -0.000104349
32.82 2.059e-06
32.84 4.22635e-05
32.86 1.38593e-05
32.88 8.43672e-08
32.9 7.68051e-05
32.92 0.000214413
32.94 0.000281772
32.96 0.000197116
32.98 3.91537e-05
33 -5.00184e-05
33.02 -2.16381e-05
33.04 5.29024e-05
33.06 7.48843e-05
33.08 1.63582e-05
33.1 -6.74046e-05
33.12 -0.000104546
33.14 -7.11259e-05
33.16 -8.48771e-07
33.18 4.07186e-05
33.2 1.97502e-05
33.22 -1.86714e-05
33.24 -1.28325e-05
33.26 3.48688e-05
33.28 6.31815e-05
33.3 1.47498e-05
33.32 -8.43251e-05
33.34 -0.000115042
33.36 1.38189e-06
33.38 0.000177598
33.4 0.000227304
33.42 8.0569e-05
33.44 -0.000114598
33.46 -0.000145188
33.48 1.40868e-05
33.5 0.000166835
33.52 0.000129884
33.54 -6.86735e-05
33.56 -0.000222769
33.58 -0.000152646
33.6 9.0224e-05
33.62 0.000258853
33.64 0.000174572
33.66 -8.45627e-05
33.68 -0.000275483
33.7 -0.000230176
33.72 -2.41884e-05
33.74 0.00011242
33.76 4.57327e-05
33.78 -0.000121454
33.8 -0.000155198
33.82 2.95459e-05
33.84 0.000261372
33.86 0.000309629
33.88 0.0001481
33.9 -2.52373e-05
33.92 -1.77197e-05
33.94 0.0001571
33.96 0.000301561
33.98 0.000258372
34 9.05913e-05
34.02 -2.03941e-05
34.04 1.45849e-05
34.06 0.000129664
34.08 0.000174828
34.1 6.46035e-05
34.12 -0.000107899
34.14 -0.000169353
34.16 -7.41241e-05
34.18 5.90947e-05
34.2 9.26121e-05
34.22 7.04661e-06
34.24 -9.8978e-05
34.26 -0.000120037
34.28 -4.22915e-05
34.3 6.00951e-05
34.32 9.73662e-05
34.34 3.74001e-05
34.36 -5.40908e-05
34.38 -5.3476e-05
34.4 8.51e-05
34.42 0.000250321
34.44 0.000284147
34.46 0.000165026
34.48 2.58104e-05
34.5 -1.15716e-05
34.52 3.99086e-05
34.54 7.09543e-05
34.56 5.78917e-06
34.58 -0.000107073
34.6 -0.000138458
34.62 -2.58415e-05
34.64 0.000138392
34.66 0.000188467
34.68 6.4799e-05
34.7 -0.000116078
34.72 -0.000183831
34.74 -9.63149e-05
34.76 2.27419e-05
34.78 3.7629e-05
34.8 -4.7814e-05
34.82 -0.000115662
34.84 -6.75978e-05
34.86 7.87623e-05
34.88 0.000192722
34.9 0.000160802
34.92 3.39264e-05
34.94 -2.44951e-05
34.96 6.86954e-05
34.98 0.000226862
35 0.000272573
35.02 0.000132978
35.04 -6.1533e-05
35.06 -0.000127157
35.08 -3.63051e-05
35.1 6.84703e-05
35.12 4.59803e-05
35.14 -0.000106203
35.16 -0.000261883
35.18 -0.000272582
35.2 -0.000130466
35.22 2.47927e-05
35.24 7.24334e-05
35.26 7.87048e-06
35.28 -7.97336e-05
35.3 -9.20232e-05
35.32 -4.33969e-06
35.34 0.000103017
35.36 0.000110461
35.38 4.49192e-06
35.4 -8.57246e-05
35.42 -3.75534e-05
35.44 0.000123057
35.46 0.00023806
35.48 0.000180358
35.5 3.37325e-06
35.52 -0.000128446
35.54 -0.000120606
35.56 -2.01567e-05
35.58 3.67767e-05
35.6 -4.92368e-05
35.62 -0.000224022
35.64 -0.000301175
35.66 -0.000180274
35.68 1.25842e-05
35.7 7.92108e-05
35.72 -2.36474e-05
35.74 -0.000158676
35.76 -0.000182071
35.78 -7.3142e-05
35.8 0.000101127
35.82 0.000219842
35.84 0.000157823
35.86 -4.57965e-05
35.88 -0.000183438
35.9 -0.000133312
35.92 8.95449e-06
35.94 0.000104986
35.96 0.000147257
35.98 0.000168912
36 0.000123732
36.02 -9.53586e-07
36.04 -8.78257e-05
36.06 -4.12526e-05
36.08 9.09041e-05
36.1 0.000206381
36.12 0.000237849
36.14 0.00014837
36.16 -4.15015e-05
36.18 -0.000168924
36.2 -5.08705e-05
36.22 0.000232104
36.24 0.000371543
36.26 0.00019057
36.28 -0.000175223
36.3 -0.000413244
36.32 -0.000322638
36.34 -6.67672e-05
36.36 4.78053e-05
36.38 -5.01489e-05
36.4 -0.000190283
36.42 -0.000157124
36.44 7.53585e-05
36.46 0.00026467
36.48 0.000181709
36.5 -2.64232e-05
36.52 1.5023e-05
36.54 0.000368358
36.56 0.000617366
36.58 0.000418282
36.6 1.19613e-05
36.62 -0.000148259
36.64 6.30255e-06
36.66 0.000207686
36.68 0.000213605
36.7 -3.52455e-05
36.72 -0.00040447
36.74 -0.000521563
36.76 -0.000140452
36.78 0.000410374
36.8 0.000476552
36.82 -8.50186e-05
36.84 -0.000647542
36.86 -0.000524989
36.88 0.000111308
36.9 0.000440298
36.92 7.20813e-05
36.94 -0.000583337
36.96 -0.000725031
36.98 -4.58852e-05
37 0.000817134
37.02 0.000883114
37.04 6.17621e-05
37.06 -0.000611476
37.08 -0.000276428
37.1 0.000594268
37.12 0.00085752
37.14 0.000206428
37.16 -0.000607505
37.18 -0.000686577
37.2 -2.82772e-05
37.22 0.000483246
37.24 0.000141408
37.26 -0.000753317
37.28 -0.00101803
37.3 -0.000138051
37.32 0.000843599
37.34 0.000705316
37.36 -0.00040434
37.38 -0.00111206
37.4 -0.000537144
37.42 0.000601475
37.44 0.000944904
37.46 0.000170653
37.48 -0.000713331
37.5 -0.00059506
37.52 0.000343714
37.54 0.000915067
37.56 0.000519706
37.58 -0.000192494
37.6 -0.000311204
37.62 0.000173606
37.64 0.000560362
37.66 0.000330287
37.68 -0.000262214
37.7 -0.000474395
37.72 -6.78343e-05
37.74 0.00042791
37.76 0.000417984
37.78 -4.86683e-05
37.8 -0.000414426
37.82 -0.000324851
37.84 -4.01257e-05
37.86 -1.64181e-05
37.88 -0.000289819
37.9 -0.000481001
37.92 -0.000285503
37.94 0.000121275
37.96 0.000319987
37.98 0.000143028
38 -0.000179581
38.02 -0.000264269
38.04 -1.94144e-05
38.06 0.000281439
38.08 0.000321355
38.1 6.97881e-05
38.12 -0.000188999
38.14 -0.000188944
38.16 3.69565e-05
38.18 0.000255853
38.2 0.000288489
38.22 0.000171239
38.24 8.01771e-05
38.26 8.30782e-05
38.28 7.45614e-05
38.3 -5.15067e-05
38.32 -0.000237407
38.34 -0.000284451
38.36 -0.000116732
38.38 8.33732e-05
38.4 0.000109748
38.42 -1.71264e-05
38.44 -8.70147e-05
38.46 4.97795e-05
38.48 0.000282559
38.5 0.000327406
38.52 8.17352e-05
38.54 -0.000240492
38.56 -0.000330336
38.58 -0.00013321
38.6 7.45771e-05
38.62 3.10148e-05
38.64 -0.000214528
38.66 -0.000359961
38.68 -0.000205408
38.7 8.75644e-05
38.72 0.000214456
38.74 9.40039e-05
38.76 -8.01354e-05
38.78 -7.71338e-05
38.8 0.000117403
38.82 0.000288786
38.84 0.000224182
38.86 -5.13335e-05
38.88 -0.000298071
38.9 -0.000287883
38.92 -7.04622e-05
38.94 7.97756e-05
38.96 8.53055e-06
38.98 -0.000158696
39 -0.000171572
39.02 5.19797e-05
39.04 0.000338108
39.06 0.000436449
39.08 0.000298318
39.1 0.000146176
39.12 0.000171206
39.14 0.000279359
39.16 0.000232101
39.18 -2.18844e-05
39.2 -0.000271309
39.22 -0.00027333
39.24 -5.10752e-05
39.26 0.000138046
39.28 0.000113433
39.3 -6.61692e-05
39.32 -0.000194506
39.34 -0.000136783
39.36 2.61334e-05
39.38 9.08693e-05
39.4 -2.86481e-05
39.42 -0.000193446
39.44 -0.000202419
39.46 -4.63191e-05
39.48 9.84868e-05
39.5 9.78234e-05
39.52 -2.43805e-06
39.54 -5.19444e-05
39.56 2.10499e-05
39.58 0.00013306
39.6 0.000160841
39.62 0.000104666
39.64 8.08949e-05
39.66 0.000160326
39.68 0.000272981
39.7 0.000291857
39.72 0.000188115
39.74 4.74386e-05
39.76 -3.82549e-05
39.78 -3.85743e-05
39.8 2.26912e-06
39.82 7.24144e-06
39.84 -4.40003e-05
39.86 -9.90809e-05
39.88 -0.000104098
39.9 -6.04305e-05
39.92 -1.28938e-05
39.94 9.05031e-06
39.96 1.6003e-05
39.98 1.8126e-05
40 5.78956e-06
40.02 -1.78145e-05
40.04 -2.79514e-05
40.06 -9.60579e-06
40.08 1.26296e-05
40.1 9.31062e-06
40.12 5.66394e-06
40.14 3.8553e-05
40.16 8.54315e-05
40.18 9.98997e-05
40.2 6.86853e-05
40.22 7.08753e-06
40.24 -4.9756e-05
40.26 -6.93847e-05
40.28 -6.00015e-05
40.3 -5.43922e-05
40.32 -6.51829e-05
40.34 -7.62618e-05
40.36 -6.63542e-05
40.38 -3.57852e-05
40.4 4.29492e-07
40.42 4.5997e-05
40.44 0.000108703
40.46 0.000169429
40.48 0.000194963
40.5 0.000169868
40.52 0.000116737
40.54 6.42985e-05
40.56 1.20403e-05
40.58 -2.42169e-05
40.6 -1.09898e-06
40.62 6.52313e-05
40.64 8.16276e-05
40.66 -2.77532e-05
40.68 -0.000219324
40.7 -0.000320184
40.72 -0.000221875
40.74 -4.92467e-05
40.76 -9.05219e-06
40.78 -0.000152277
40.8 -0.000316354
40.82 -0.000270279
40.84 -6.2953e-06
40.86 0.000250516
40.88 0.000292364
40.9 0.000104256
40.92 -0.000121342
40.94 -0.000148205
40.96 5.84906e-05
40.98 0.000286766
41 0.000307625
41.02 0.000119996
41.04 -7.8805e-05
41.06 -0.000106182
41.08 3.91756e-05
41.1 0.000183211
41.12 0.000166899
41.14 6.5626e-06
41.16 -0.000144859
41.18 -0.000162507
41.2 -7.44496e-05
41.22 -1.57487e-05
41.24 -6.72439e-05
41.26 -0.000168602
41.28 -0.000200365
41.3 -0.000129829
41.32 -3.03609e-05
41.34 1.40042e-05
41.36 -1.46039e-05
41.38 -5.61342e-05
41.4 -3.9048e-05
41.42 4.38402e-05
41.44 0.000140336
41.46 0.00019206
41.48 0.00017851
41.5 0.000128225
41.52 9.24297e-05
41.54 0.000102965
41.56 0.000147625
41.58 0.000174576
41.6 0.000131445
41.62 2.6788e-05
41.64 -6.37837e-05
41.66 -7.11827e-05
41.68 -4.11886e-06
41.7 5.44498e-05
41.72 2.13965e-05
41.74 -0.000105966
41.76 -0.00023138
41.78 -0.000237433
41.8 -0.000127622
41.82 -2.03116e-05
41.84 9.78548e-06
41.86 -4.88958e-06
41.88 5.62238e-06
41.9 6.72225e-05
41.92 0.000146362
41.94 0.000189319
41.96 0.000174559
41.98 0.000132994
42 0.000106001
42.02 9.68442e-05
42.04 7.45472e-05
42.06 1.59757e-05
42.08 -5.79753e-05
42.1 -8.97738e-05
42.12 -4.41074e-05
42.14 4.457e-05
42.16 9.96207e-05
42.18 7.11829e-05
42.2 -1.63617e-05
42.22 -8.04005e-05
42.24 -6.39e-05
42.26 1.40878e-06
42.28 2.74075e-05
42.3 -3.71098e-05
42.32 -0.000148597
42.34 -0.000201001
42.36 -0.000128106
42.38 1.24788e-05
42.4 9.3819e-05
42.42 6.59564e-05
42.44 -4.35464e-06
42.46 -2.37229e-05
42.48 3.53705e-05
42.5 0.000110452
42.52 0.000123043
42.54 7.08072e-05
42.56 2.21041e-05
42.58 3.29965e-05
42.6 8.77943e-05
42.62 0.000125733
42.64 0.000107312
42.66 4.7167e-05
42.68 -1.07094e-06
42.7 6.43415e-06
42.72 6.09151e-05
42.74 0.000104752
42.76 7.91786e-05
42.78 -1.25211e-05
42.8 -8.58677e-05
42.82 -6.25413e-05
42.84 1.98184e-05
42.86 4.55142e-05
42.88 -3.72936e-05
42.9 -0.000155894
42.92 -0.000185659
42.94 -9.27267e-05
42.96 1.57893e-05
42.98 1.50158e-05
43 -8.83257e-05
43.02 -0.000156099
43.04 -7.94426e-05
43.06 8.90771e-05
43.08 0.000187339
43.1 0.000123377
43.12 -1.57277e-05
43.14 -6.42442e-05
43.16 3.8468e-05
43.18 0.000188138
43.2 0.000221361
43.22 9.2442e-05
43.24 -7.4625e-05
43.26 -0.000127012
43.28 -4.26828e-05
43.3 5.64926e-05
43.32 3.59621e-05
43.34 -0.000106927
43.36 -0.000237951
43.38 -0.000226726
43.4 -9.59339e-05
43.42 2.06149e-05
43.44 3.98873e-05
43.46 -8.52405e-06
43.48 -3.15505e-05
43.5 3.06346e-05
43.52 0.000139543
43.54 0.000195253
43.56 0.000141701
43.58 2.83344e-05
43.6 -4.62736e-05
43.62 -3.34932e-05
43.64 2.90783e-05
43.66 6.36714e-05
43.68 2.94096e-05
43.7 -4.54406e-05
43.72 -9.39051e-05
43.74 -6.97388e-05
43.76 5.12998e-07
43.78 4.0799e-05
43.8 1.88217e-05
43.82 -2.28129e-05
43.84 -2.76604e-05
43.86 6.58122e-06
43.88 2.71338e-05
43.9 -3.34843e-06
43.92 -5.71408e-05
43.94 -7.93036e-05
43.96 -5.74272e-05
43.98 -2.55642e-05
44 -1.58612e-05
44.02 -2.7596e-05
44.04 -3.26803e-05
44.06 -9.02407e-06
44.08 2.79622e-05
44.1 3.94344e-05
44.12 1.35961e-05
44.14 -1.88526e-05
44.16 -2.24823e-05
44.18 -9.30163e-07
44.2 7.3573e-06
44.22 -2.33963e-05
44.24 -7.31968e-05
44.26 -9.71591e-05
44.28 -7.91904e-05
44.3 -4.80348e-05
44.32 -3.63625e-05
44.34 -3.98349e-05
44.36 -3.35516e-05
44.38 -1.02055e-05
44.4 2.30574e-05
44.42 5.78589e-05
44.44 8.38297e-05
44.46 9.87139e-05
44.48 0.000102802
44.5 8.26818e-05
44.52 3.2346e-05
44.54 -2.34428e-05
44.56 -5.16216e-05
44.58 -4.64868e-05
44.6 -3.45014e-05
44.62 -4.26171e-05
44.64 -6.51744e-05
44.66 -7.09211e-05
44.68 -4.44396e-05
44.7 -7.84506e-06
44.72 1.10674e-05
44.74 8.87592e-06
44.76 3.01535e-06
44.78 1.23035e-05
44.8 3.05093e-05
44.82 3.23433e-05
44.84 1.37928e-05
44.86 3.31753e-06
44.88 2.49704e-05
44.9 6.19985e-05
44.92 7.11224e-05
44.94 3.60321e-05
44.96 -1.11471e-05
44.98 -2.76024e-05
45 -8.34746e-06
45.02 1.29062e-05
45.04 8.89674e-06
45.06 -8.6975e-06
45.08 -9.52561e-06
45.1 1.02942e-05
45.12 2.80042e-05
45.14 2.64844e-05
45.16 7.47541e-06
45.18 -1.34734e-05
45.2 -2.16143e-05
45.22 -8.96759e-06
45.24 2.69738e-05
45.26 7.64451e-05
45.28 0.000115041
45.3 0.000115127
45.32 7.81671e-05
45.34 4.45431e-05
45.36 3.73015e-05
45.38 3.4569e-05
45.4 8.11038e-06
45.42 -3.22412e-05
45.44 -3.72942e-05
45.46 5.3038e-06
45.48 4.0368e-05
45.5 2.11708e-05
45.52 -3.39138e-05
45.54 -6.77236e-05
45.56 -5.03271e-05
45.58 -5.5876e-06
45.6 2.03104e-05
45.62 8.02002e-06
45.64 -2.08822e-05
45.66 -3.96078e-05
45.68 -4.08101e-05
45.7 -2.77334e-05
45.72 -7.35217e-06
45.74 6.43159e-06
45.76 -4.76301e-06
45.78 -3.90418e-05
45.8 -5.61778e-05
45.82 -1.87277e-05
45.84 5.25896e-05
45.86 9.59371e-05
45.88 7.99853e-05
45.9 3.79402e-05
45.92 2.963e-05
45.94 7.81363e-05
45.96 0.000137539
45.98 0.00012812
46 2.56273e-05
46.02 -8.52077e-05
46.04 -9.29305e-05
46.06 6.11765e-06
46.08 9.92398e-05
46.1 7.08286e-05
46.12 -6.77614e-05
46.14 -0.000178853
46.16 -0.000153025
46.18 -2.13323e-05
46.2 9.80305e-05
46.22 0.000109769
46.24 1.08036e-05
46.26 -9.23974e-05
46.28 -7.56771e-05
46.3 5.02445e-05
46.32 0.000147373
46.34 0.000117276
46.36 -1.20345e-06
46.38 -8.06569e-05
46.4 -3.74841e-05
46.42 7.59813e-05
46.44 0.000133629
46.46 7.86386e-05
46.48 -2.91404e-05
46.5 -8.62514e-05
46.52 -4.47804e-05
46.54 4.214e-05
46.56 7.83198e-05
46.58 2.81087e-05
46.6 -5.25439e-05
46.62 -7.92689e-05
46.64 -2.66509e-05
46.66 4.64652e-05
46.68 5.8975e-05
46.7 -8.62693e-06
46.72 -8.82232e-05
46.74 -9.03242e-05
46.76 -8.05886e-06
46.78 7.78795e-05
46.8 9.12367e-05
46.82 3.48055e-05
46.84 -1.5748e-05
46.86 -1.13635e-05
46.88 1.66681e-05
46.9 1.86476e-05
46.92 -1.45155e-05
46.94 -4.05351e-05
46.96 -1.39823e-05
46.98 4.5914e-05
47 7.17131e-05
47.02 2.79159e-05
47.04 -4.09542e-05
47.06 -5.70266e-05
47.08 -1.30983e-05
47.1 2.38405e-05
47.12 1.88497e-05
47.14 -4.0725e-06
47.16 -2.30168e-05
47.18 -3.56491e-05
47.2 -4.05397e-05
47.22 -2.89568e-05
47.24 1.36867e-06
47.26 2.91732e-05
47.28 3.58183e-05
47.3 3.62766e-05
47.32 5.90894e-05
47.34 0.000111416
47.36 0.00016765
47.38 0.000181881
47.4 0.000124718
47.42 1.26203e-05
47.44 -9.8002e-05
47.46 -0.000131482
47.48 -5.19111e-05
47.5 7.12708e-05
47.52 0.000109896
47.54 2.62531e-05
47.56 -6.92186e-05
47.58 -5.84226e-05
47.6 3.88796e-05
47.62 0.000102061
47.64 5.09875e-05
47.66 -7.46638e-05
47.68 -0.000158623
47.7 -0.000122352
47.72 -6.04529e-06
47.74 8.12096e-05
47.76 7.45397e-05
47.78 3.01906e-06
47.8 -4.79213e-05
47.82 -2.31509e-05
47.84 4.40035e-05
47.86 6.87736e-05
47.88 1.05066e-05
47.9 -8.03665e-05
47.92 -0.000107834
47.94 -3.94944e-05
47.96 4.69397e-05
47.98 5.73443e-05
48 -8.30106e-06
48.02 -6.12443e-05
48.04 -2.81605e-05
48.06 5.854e-05
48.08 8.91774e-05
48.1 7.00597e-06
48.12 -0.000104685
48.14 -0.0001023
48.16 2.48995e-05
48.18 0.000124088
48.2 7.47969e-05
48.22 -7.18879e-05
48.24 -0.000159298
48.26 -9.06067e-05
48.28 6.52395e-05
48.3 0.000151034
48.32 0.000104372
48.34 3.44453e-06
48.36 -4.05721e-05
48.38 1.16505e-05
48.4 0.000100286
48.42 0.000131403
48.44 7.41921e-05
48.46 -1.01896e-05
48.48 -4.00053e-05
48.5 -4.23961e-06
48.52 3.83107e-05
48.54 2.54243e-05
48.56 -4.95118e-05
48.58 -0.000119768
48.6 -0.000112305
48.62 -3.55975e-05
48.64 2.59672e-05
48.66 1.21321e-05
48.68 -3.62363e-05
48.7 -3.62071e-05
48.72 2.76536e-05
48.74 8.93215e-05
48.76 8.59382e-05
48.78 3.17297e-05
48.8 -1.16155e-05
48.82 -4.68611e-06
48.84 4.00534e-05
48.86 7.36644e-05
48.88 6.0693e-05
48.9 1.49369e-05
48.92 -1.71457e-05
48.94 -4.97243e-06
48.96 3.50295e-05
48.98 5.88891e-05
49 4.08071e-05
49.02 -8.63874e-07
49.04 -2.21608e-05
49.06 -1.94559e-07
49.08 4.18668e-05
49.1 5.84126e-05
49.12 3.86486e-05
49.14 2.01292e-05
49.16 3.50548e-05
49.18 6.76925e-05
49.2 7.00474e-05
49.22 2.91223e-05
49.24 -1.27196e-05
49.26 -2.36098e-05
49.28 -1.44958e-05
49.3 -8.5192e-06
49.32 -1.55242e-05
49.34 -2.52392e-05
49.36 -2.01391e-05
49.38 -2.90374e-06
49.4 8.57621e-06
49.42 1.02377e-05
49.44 9.53067e-06
49.46 1.18689e-05
49.48 1.72624e-05
49.5 1.85802e-05
49.52 6.39452e-06
49.54 -1.91871e-05
49.56 -3.67986e-05
49.58 -2.6419e-05
49.6 -6.77702e-06
49.62 -1.79836e-05
49.64 -7.16912e-05
49.66 -0.000133904
49.68 -0.000150913
49.7 -0.000107798
49.72 -4.897e-05
49.74 -2.35569e-05
49.76 -3.30778e-05
49.78 -3.77503e-05
49.8 -1.16853e-05
49.82 2.03984e-05
49.84 2.09118e-05
49.86 -1.87962e-06
49.88 -2.80673e-06
49.9 3.53344e-05
49.92 7.39396e-05
49.94 6.67e-05
49.96 1.25688e-05
49.98 -4.45237e-05
50 -5.72272e-05
50.02 -2.45042e-05
50.04 9.62143e-06
50.06 1.43306e-05
50.08 2.35814e-06
50.1 -4.49655e-06
50.12 -5.36677e-06
50.14 -1.07809e-05
50.16 -2.52448e-05
50.18 -3.39093e-05
50.2 -1.79786e-05
50.22 7.67308e-06
50.24 6.69163e-06
50.26 -2.23025e-05
50.28 -4.06933e-05
50.3 -2.18524e-05
50.32 2.24538e-05
50.34 5.8876e-05
50.36 5.75556e-05
50.38 1.96362e-05
50.4 -1.40138e-05
50.42 -3.84047e-06
50.44 4.44907e-05
50.46 8.64e-05
50.48 7.84846e-05
50.5 1.88141e-05
50.52 -4.27409e-05
50.54 -4.73084e-05
50.56 1.39066e-05
50.58 8.47768e-05
50.6 9.87514e-05
50.62 4.97141e-05
50.64 -8.52498e-06
50.66 -2.23153e-05
50.68 1.45541e-05
50.7 6.09885e-05
50.72 6.86207e-05
50.74 2.86011e-05
50.76 -2.14255e-05
50.78 -3.61309e-05
50.8 -4.87776e-06
50.82 3.21297e-05
50.84 1.83455e-05
50.86 -4.82874e-05
50.88 -0.000102963
50.9 -9.09048e-05
50.92 -2.90817e-05
50.94 1.83135e-05
50.96 1.99223e-06
50.98 -6.55878e-05
51 -0.000114196
51.02 -8.63097e-05
51.04 -6.36915e-06
51.06 4.58078e-05
51.08 2.54937e-05
51.1 -3.66522e-05
51.12 -7.01779e-05
51.14 -3.84796e-05
51.16 1.79747e-05
51.18 3.11852e-05
51.2 -9.92297e-06
51.22 -5.24916e-05
51.24 -4.59067e-05
51.26 1.04766e-05
51.28 7.54203e-05
51.3 0.00010602
51.32 9.87975e-05
51.34 6.97919e-05
51.36 8.68044e-07
51.38 -0.000123978
51.4 -0.000243886
51.42 -0.000240356
51.44 -6.81214e-05
51.46 0.000175348
51.48 0.000297424
51.5 0.000178391
51.52 -5.34361e-05
51.54 -0.000145124
51.56 -1.5345e-05
51.58 0.000174577
51.6 0.000199072
51.62 1.13829e-05
51.64 -0.000188136
51.66 -0.000163933
51.68 7.90802e-05
51.7 0.000294448
51.72 0.000260134
51.74 2.10288e-05
51.76 -0.00017274
51.78 -0.000142978
51.8 3.52417e-05
51.82 0.000132577
51.84 3.5952e-05
51.86 -0.000131757
51.88 -0.000168504
51.9 -3.0125e-05
51.92 0.000133766
51.94 0.000157542
51.96 3.49323e-05
51.98 -8.50781e-05
52 -6.56228e-05
52.02 6.88406e-05
52.04 0.000160898
52.06 9.55015e-05
52.08 -7.16186e-05
52.1 -0.000168455
52.12 -9.23639e-05
52.14 6.72247e-05
52.16 0.000131621
52.18 4.26953e-05
52.2 -7.90144e-05
52.22 -7.64518e-05
52.24 6.41843e-05
52.26 0.000196477
52.28 0.000175679
52.3 1.96016e-05
52.32 -0.000112285
52.34 -9.63523e-05
52.36 2.61496e-05
52.38 0.00010786
52.4 5.85208e-05
52.42 -6.77637e-05
52.44 -0.000134558
52.46 -6.20844e-05
52.48 8.75715e-05
52.5 0.000165976
52.52 9.22344e-05
52.54 -6.1919e-05
52.56 -0.000146029
52.58 -8.85145e-05
52.6 2.99635e-05
52.62 7.51721e-05
52.64 1.06232e-06
52.66 -0.000110942
52.68 -0.000139075
52.7 -4.91904e-05
52.72 7.38993e-05
52.74 0.000108791
52.76 1.93645e-05
52.78 -0.000102212
52.8 -0.000131462
52.82 -4.36913e-05
52.84 6.50658e-05
52.86 8.08258e-05
52.88 -1.31743e-05
52.9 -0.000114954
52.92 -0.000105628
52.94 1.31423e-05
52.96 0.000111428
52.98 8.1796e-05
53 -3.70879e-05
53.02 -0.000108168
53.04 -4.93793e-05
53.06 7.89872e-05
53.08 0.000145716
53.1 9.12624e-05
53.12 -1.41226e-05
53.14 -5.58505e-05
53.16 6.97726e-06
53.18 0.000109085
53.2 0.000139388
53.22 5.8568e-05
53.24 -5.39124e-05
53.26 -8.73752e-05
53.28 -1.88153e-05
53.3 6.5585e-05
53.32 6.56573e-05
53.34 -2.83423e-05
53.36 -0.000121889
53.38 -0.000113114
53.4 -1.08796e-05
53.42 7.71037e-05
53.44 6.72843e-05
53.46 -2.02075e-05
53.48 -9.07726e-05
53.5 -7.07974e-05
53.52 2.03668e-05
53.54 9.22734e-05
53.56 7.55325e-05
53.58 -8.2643e-06
53.6 -7.213e-05
53.62 -5.77403e-05
53.64 6.15537e-06
53.66 4.45385e-05
53.68 1.71745e-05
53.7 -4.57964e-05
53.72 -7.19302e-05
53.74 -2.27951e-05
53.76 5.88434e-05
53.78 9.50107e-05
53.8 5.62229e-05
53.82 -1.32281e-05
53.84 -3.96864e-05
53.86 7.66728e-06
53.88 7.55619e-05
53.9 8.07836e-05
53.92 1.17587e-05
53.94 -5.58951e-05
53.96 -4.88594e-05
53.98 2.43104e-05
54 8.37536e-05
54.02 6.43903e-05
54.04 -1.1788e-05
54.06 -5.86293e-05
54.08 -2.0939e-05
54.1 6.27328e-05
54.12 0.000106961
54.14 7.03004e-05
54.16 -1.0564e-05
54.18 -5.58416e-05
54.2 -2.75347e-05
54.22 2.32129e-05
54.24 2.38026e-05
54.26 -3.25557e-05
54.28 -8.84139e-05
54.3 -8.27715e-05
54.32 -1.61668e-05
54.34 4.37162e-05
54.36 3.52578e-05
54.38 -3.14361e-05
54.4 -8.58187e-05
54.42 -6.82338e-05
54.44 1.10057e-05
54.46 8.21873e-05
54.48 8.42776e-05
54.5 2.47271e-05
54.52 -2.67523e-05
54.54 -1.27602e-05
54.56 4.78249e-05
54.58 8.2626e-05
54.6 4.86299e-05
54.62 -1.65886e-05
54.64 -3.99738e-05
54.66 1.78674e-06
54.68 5.45624e-05
54.7 4.56117e-05
54.72 -2.80471e-05
54.74 -9.54538e-05
54.76 -9.49154e-05
54.78 -3.5756e-05
54.8 1.59818e-05
54.82 5.50017e-06
54.84 -4.68016e-05
54.86 -6.69725e-05
54.88 -1.5609e-05
54.9 7.03594e-05
54.92 0.000114352
54.94 7.70249e-05
54.96 5.40436e-06
54.98 -1.68497e-05
55 3.00062e-05
55.02 8.35942e-05
55.04 7.60101e-05
55.06 8.9096e-06
55.08 -5.25113e-05
55.1 -4.97707e-05
55.12 1.27288e-05
55.14 6.78467e-05
55.16 5.51751e-05
55.18 -1.02189e-05
55.2 -5.39392e-05
55.22 -2.1886e-05
55.24 5.94391e-05
55.26 0.000109727
55.28 7.98277e-05
55.3 1.01517e-06
55.32 -4.52219e-05
55.34 -9.23375e-06
55.36 6.55164e-05
55.38 8.61962e-05
55.4 2.25723e-05
55.42 -5.85699e-05
55.44 -7.46337e-05
55.46 -1.45099e-05
55.48 5.46872e-05
55.5 5.22312e-05
55.52 -2.71384e-05
55.54 -0.00010067
55.56 -8.81639e-05
55.58 2.10536e-06
55.6 7.91538e-05
55.62 6.90866e-05
55.64 -9.6753e-06
55.66 -7.98876e-05
55.68 -7.91447e-05
55.7 -1.03882e-05
55.72 6.09107e-05
55.74 6.9201e-05
55.76 1.21291e-05
55.78 -4.88724e-05
55.8 -4.87286e-05
55.82 1.64444e-05
55.84 8.09493e-05
55.86 8.02229e-05
55.88 3.05279e-05
55.9 9.72846e-06
55.92 4.81322e-05
55.94 6.36743e-05
55.96 -2.9971e-05
55.98 -0.000174744
56 -0.000216817
56.02 -8.91931e-05
56.04 0.000103674
56.06 0.000177461
56.08 7.10276e-05
56.1 -7.57092e-05
56.12 -7.91128e-05
56.14 7.75394e-05
56.16 0.000211689
56.18 0.000153143
56.2 -5.49325e-05
56.22 -0.000208504
56.24 -0.000155017
56.26 4.32575e-05
56.28 0.000178061
56.3 0.000127718
56.32 -2.65864e-05
56.34 -0.000107119
56.36 -2.91885e-05
56.38 0.000115067
56.4 0.000158727
56.42 4.71683e-05
56.44 -9.64704e-05
56.46 -0.000103292
56.48 4.59088e-05
56.5 0.000190298
56.52 0.000171599
56.54 1.36197e-05
56.56 -0.000111058
56.58 -7.45687e-05
56.6 6.56618e-05
56.62 0.000137363
56.64 5.24217e-05
56.66 -9.84377e-05
56.68 -0.000147098
56.7 -4.18413e-05
56.72 9.73972e-05
56.74 0.000122251
56.76 1.50218e-05
56.78 -0.000101157
56.8 -9.92626e-05
56.82 1.93272e-05
56.84 0.00012895
56.86 0.00011472
56.88 1.32782e-06
56.9 -9.00362e-05
56.92 -7.88783e-05
56.94 7.07909e-06
56.96 6.19281e-05
56.98 1.24681e-05
57 -9.61852e-05
57.02 -0.000146767
57.04 -8.64244e-05
57.06 1.22091e-05
57.08 4.56603e-05
57.1 1.54383e-06
57.12 -4.77357e-05
57.14 -4.41422e-05
57.16 2.69918e-06
57.18 3.91007e-05
57.2 3.06264e-05
57.22 -4.53844e-06
57.24 -2.8183e-05
57.26 -2.43925e-05
57.28 -5.61899e-06
57.3 1.10851e-05
57.32 1.8796e-05
57.34 1.50432e-05
57.36 3.52933e-06
57.38 8.43805e-07
57.4 1.92431e-05
57.42 4.56917e-05
57.44 5.43061e-05
57.46 3.05937e-05
57.48 -1.16972e-05
57.5 -3.47395e-05
57.52 -1.17773e-05
57.54 3.65345e-05
57.56 5.5147e-05
57.58 1.96547e-05
57.6 -3.10882e-05
57.62 -3.73179e-05
57.64 1.26318e-05
57.66 6.52564e-05
57.68 6.19618e-05
57.7 3.56521e-06
57.72 -5.07634e-05
57.74 -4.63066e-05
57.76 8.88415e-06
57.78 5.33093e-05
57.8 3.79635e-05
57.82 -2.00846e-05
57.84 -5.53861e-05
57.86 -2.69373e-05
57.88 3.53041e-05
57.9 6.28361e-05
57.92 2.5794e-05
57.94 -3.27594e-05
57.96 -4.71743e-05
57.98 -3.60453e-06
58 4.85267e-05
58.02 5.32307e-05
58.04 5.33013e-06
58.06 -4.44295e-05
58.08 -4.19933e-05
58.1 1.0298e-05
58.12 5.65269e-05
58.14 4.8743e-05
58.16 -2.6305e-06
58.18 -4.14288e-05
58.2 -2.64309e-05
58.22 2.56184e-05
58.24 5.94074e-05
58.26 3.9821e-05
58.28 -1.15687e-05
58.3 -4.01548e-05
58.32 -1.65124e-05
58.34 3.31741e-05
58.36 5.59778e-05
58.38 2.89926e-05
58.4 -1.72366e-05
58.42 -3.28362e-05
58.44 -2.06549e-06
58.46 4.1224e-05
58.48 5.0809e-05
58.5 1.7264e-05
58.52 -2.2758e-05
58.54 -2.67525e-05
58.56 8.21699e-06
58.58 4.40134e-05
58.6 4.31592e-05
58.62 7.89142e-06
58.64 -2.37117e-05
58.66 -1.85526e-05
58.68 1.70212e-05
58.7 4.47541e-05
58.72 3.5611e-05
58.74 2.62767e-07
58.76 -2.32789e-05
58.78 -1.05312e-05
58.8 2.40137e-05
58.82 4.33094e-05
58.84 2.75009e-05
58.86 -5.69977e-06
58.88 -2.08226e-05
58.9 -2.50244e-06
58.92 2.89821e-05
58.94 4.01384e-05
58.96 1.98815e-05
58.98 -9.50438e-06
59 -1.6824e-05
59.02 4.95311e-06
59.04 3.2047e-05
59.06 3.58274e-05
59.08 1.30636e-05
59.1 -1.14691e-05
59.12 -1.19027e-05
59.14 1.14916e-05
59.16 3.33972e-05
59.18 3.08462e-05
59.2 7.29548e-06
59.22 -1.1827e-05
59.24 -6.53415e-06
59.26 1.68738e-05
59.28 3.32444e-05
59.3 2.5603e-05
59.32 2.74663e-06
59.34 -1.08035e-05
59.36 -1.06948e-06
59.38 2.10143e-05
59.4 3.18672e-05
59.42 2.04461e-05
59.44 -5.31304e-07
59.46 -8.69273e-06
59.48 4.16623e-06
59.5 2.38952e-05
59.52 2.95591e-05
59.54 1.56573e-05
59.56 -2.56815e-06
59.58 -5.79895e-06
59.6 8.91884e-06
59.62 2.55759e-05
59.64 2.66194e-05
59.66 1.14557e-05
59.68 -3.44986e-06
59.7 -2.41224e-06
59.72 1.30049e-05
59.74 2.61681e-05
59.76 2.33279e-05
59.78 7.98577e-06
59.8 -3.32111e-06
59.82 1.19101e-06
59.84 1.63099e-05
59.86 2.58321e-05
59.88 1.99394e-05
59.9 5.32466e-06
59.92 -2.35642e-06
59.94 4.77816e-06
59.96 1.87897e-05
59.98 2.2824e-05
