0.02 4.1643e-05
0.04 0.000117979
0.06 0.000129168
0.08 5.91169e-05
0.1 1.69277e-05
0.12 6.32305e-05
0.14 0.000122237
0.16 0.000105713
0.18 4.76376e-05
0.2 4.47442e-05
0.22 0.000105058
0.24 0.000141789
0.26 0.000112463
0.28 8.13159e-05
0.3 0.000112721
0.32 0.000164335
0.34 0.00017092
0.36 0.000157089
0.38 0.000151549
0.4 7.95981e-05
0.42 -0.000100473
0.44 -9.17689e-05
0.46 0.000279234
0.48 0.000441148
0.5 1.61912e-05
0.52 -0.000417425
0.54 -0.000303662
0.56 -8.90848e-05
0.58 -0.000440141
0.6 -0.000810664
0.62 -0.000369832
0.64 0.000145389
0.66 -0.000180543
0.68 -0.00111437
0.7 -0.00163253
0.72 -0.000385898
0.74 0.00140456
0.76 0.00100511
0.78 -0.000540809
0.8 0.000145761
0.82 0.00299184
0.84 0.00455607
0.86 0.00292132
0.88 0.000108139
0.9 -0.000704993
0.92 0.000938878
0.94 0.00215756
0.96 0.000155618
0.98 -0.00323234
1 -0.00352234
1.02 -0.000128486
1.04 0.00238533
1.06 0.000193726
1.08 -0.00431015
1.1 -0.00565859
1.12 -0.0022604
1.14 0.00224834
1.16 0.00253963
1.18 -0.00263908
1.2 -0.00644411
1.22 -0.00253541
1.24 0.00381978
1.26 0.00323012
1.28 -0.00402252
1.3 -0.00951748
1.32 -0.00644201
1.34 0.00360967
1.36 0.0112122
1.38 0.00849155
1.4 -0.00218348
1.42 -0.00951039
1.44 -0.00602978
1.46 0.0017031
1.48 0.00133901
1.5 -0.00899767
1.52 -0.0204527
1.54 -0.0264972
1.56 -0.0269466
1.58 -0.0231288
1.6 -0.0159955
1.62 -0.00709365
1.64 0.00110784
1.66 0.00494149
1.68 0.00197173
1.7 -0.00532293
1.72 -0.0126713
1.74 -0.0179227
1.76 -0.0189156
1.78 -0.0140514
1.8 -0.00622309
1.82 -0.00142563
1.84 -0.00400671
1.86 -0.0129162
1.88 -0.0205056
1.9 -0.0193764
1.92 -0.0112944
1.94 -0.00445392
1.96 -0.00386409
1.98 -0.00897327
2 -0.0180259
2.02 -0.0295899
2.04 -0.0443029
2.06 -0.0654472
2.08 -0.0943535
2.1 -0.128994
2.12 -0.165578
2.14 -0.198553
2.16 -0.222011
2.18 -0.230928
2.2 -0.221829
2.22 -0.195222
2.24 -0.154862
2.26 -0.105432
2.28 -0.0544895
2.3 -0.0111545
2.32 0.0156509
2.34 0.021592
2.36 0.00995523
2.38 -0.0149067
2.4 -0.0499063
2.42 -0.0939545
2.44 -0.145643
2.46 -0.19702
2.48 -0.238183
2.5 -0.262977
2.52 -0.26654
2.54 -0.245584
2.56 -0.201542
2.58 -0.136137
2.6 -0.0470192
