0.02 3.88128e-07
0.04 1.09949e-06
0.06 1.20339e-06
0.08 5.5041e-07
0.1 1.57549e-07
0.12 5.89075e-07
0.14 1.13856e-06
0.16 9.84382e-07
0.18 4.43474e-07
0.2 4.16823e-07
0.22 9.78745e-07
0.24 1.32071e-06
0.26 1.04748e-06
0.28 7.57555e-07
0.3 1.05018e-06
0.32 1.53079e-06
0.34 1.59191e-06
0.36 1.46316e-06
0.38 1.41177e-06
0.4 7.41065e-07
0.42 -9.37586e-07
0.44 -8.56318e-07
0.46 2.6022e-06
0.48 4.10939e-06
0.5 1.48955e-07
0.52 -3.89024e-06
0.54 -2.83305e-06
0.56 -8.35188e-07
0.58 -4.10184e-06
0.6 -7.54435e-06
0.62 -3.43594e-06
0.64 1.35876e-06
0.66 -1.66904e-06
0.68 -1.03555e-05
0.7 -1.51553e-05
0.72 -3.48451e-06
0.74 1.32025e-05
0.76 9.40547e-06
0.78 -5.05229e-06
0.8 1.37699e-06
0.82 2.76959e-05
0.84 3.89999e-05
0.86 1.88928e-05
0.88 -5.12319e-06
0.9 -3.25156e-06
0.92 1.52598e-05
0.94 1.71421e-05
0.96 -9.28223e-06
0.98 -3.33257e-05
1 -2.29288e-05
1.02 7.98583e-06
1.04 1.61507e-05
1.06 -1.2106e-05
1.08 -4.05569e-05
1.1 -3.3025e-05
1.12 -1.36907e-06
1.14 1.64709e-05
1.16 1.32095e-06
1.18 -3.09875e-05
1.2 -3.36603e-05
1.22 7.35384e-06
1.24 3.07724e-05
1.26 -4.19201e-06
1.28 -4.8164e-05
1.3 -4.25354e-05
1.32 4.90118e-06
1.34 4.23225e-05
1.36 3.04282e-05
1.38 -1.27918e-05
1.4 -2.8909e-05
1.42 1.12886e-06
1.44 2.50207e-05
1.46 -1.00899e-05
1.48 -7.51024e-05
1.5 -9.00927e-05
1.52 -3.93842e-05
1.54 2.14876e-06
1.56 -2.25014e-05
1.58 -6.93139e-05
1.6 -5.74642e-05
1.62 6.18481e-06
1.64 3.44431e-05
1.66 -5.94228e-06
1.68 -4.8409e-05
1.7 -3.09889e-05
1.72 1.29329e-05
1.74 8.71531e-06
1.76 -3.62855e-05
1.78 -4.47158e-05
1.8 -7.10169e-06
1.82 4.88119e-06
1.84 -3.63054e-05
1.86 -6.71606e-05
1.88 -2.40545e-05
1.9 4.38973e-05
1.92 2.50001e-05
1.94 -6.97513e-05
1.96 -9.98125e-05
1.98 -1.88982e-05
2 3.68029e-05
2.02 -3.55721e-05
2.04 -0.000134427
2.06 -0.000112623
2.08 -1.11791e-05
2.1 7.25966e-06
2.12 -7.86183e-05
2.14 -0.000118877
2.16 -4.15838e-05
2.18 4.1681e-05
2.2 2.10532e-05
2.22 -6.01956e-05
2.24 -8.0876e-05
2.26 -1.52068e-05
2.28 2.12022e-05
2.3 -4.59585e-05
2.32 -0.000119128
2.34 -8.91879e-05
2.36 -8.52443e-07
2.38 1.98052e-05
2.4 -6.34718e-05
2.42 -0.000134587
2.44 -8.38998e-05
2.46 1.59813e-05
2.48 2.21078e-05
2.5 -5.02798e-05
2.52 -6.52596e-05
2.54 5.06443e-06
2.56 5.39326e-05
2.58 3.46842e-05
2.6 2.79202e-05
2.62 8.8663e-05
2.64 0.000150641
2.66 0.000141391
2.68 0.000106685
2.7 0.00013673
2.72 0.000218416
2.74 0.000262554
2.76 0.000244182
2.78 0.000220182
2.8 0.000238255
2.82 0.000284254
2.84 0.000305405
2.86 0.000284546
2.88 0.000252535
2.9 0.000235114
2.92 0.000243897
2.94 0.000261049
2.96 0.000246188
2.98 0.000211738
3 0.000213364
3.02 0.00021197
3.04 0.00012796
3.06 3.61747e-05
3.08 3.53551e-05
3.1 5.71305e-05
3.12 4.91453e-07
3.14 -0.000105985
3.16 -0.000168727
3.18 -0.000170238
3.2 -0.000178291
3.22 -0.00023551
3.24 -0.000299686
3.26 -0.000308985
3.28 -0.000277094
3.3 -0.00025712
3.32 -0.000262381
3.34 -0.000260606
3.36 -0.000197485
3.38 -9.09336e-05
3.4 -4.03352e-05
3.42 -6.55244e-05
3.44 -4.35687e-05
3.46 0.000110847
3.48 0.000264871
3.5 0.000242066
3.52 0.000120849
3.54 0.000120947
3.56 0.00025275
3.58 0.000321996
3.6 0.000251933
3.62 0.000192452
3.64 0.00022653
3.66 0.000181721
3.68 5.04882e-06
3.7 -6.81459e-05
3.72 1.61393e-05
3.74 2.15669e-05
3.76 -0.000133392
3.78 -0.00024157
3.8 -0.00016424
3.82 -6.10893e-05
3.84 -0.000114652
3.86 -0.000245678
3.88 -0.000276848
3.9 -0.00019598
3.92 -0.000152564
3.94 -0.000229896
3.96 -0.000323913
3.98 -0.000280286
4 -9.85448e-05
4.02 7.38071e-06
4.04 -9.82914e-05
4.06 -0.000209462
4.08 -9.29998e-05
4.1 0.000117731
4.12 0.000146061
4.14 1.74258e-05
4.16 -1.17139e-05
4.18 9.86648e-05
4.2 0.000100418
4.22 -8.42853e-05
4.24 -0.000201093
4.26 -0.000106834
4.28 8.25122e-06
4.3 -4.43712e-05
4.32 -0.000123223
4.34 2.07158e-06
4.36 0.000183947
4.38 0.000124827
4.4 -9.27908e-05
4.42 -0.000153549
4.44 -6.54757e-06
4.46 0.000113648
4.48 8.23618e-05
4.5 -2.8166e-05
4.52 -0.000117142
4.54 -9.85827e-05
4.56 -6.07312e-07
4.58 3.77196e-05
4.6 -3.23889e-05
4.62 -9.96031e-05
4.64 -3.05517e-05
4.66 0.000119466
4.68 0.000147529
4.7 3.7054e-05
4.72 -5.21804e-07
4.74 0.000120271
4.76 0.000228833
4.78 0.00014726
4.8 -5.22223e-05
4.82 -9.95318e-05
4.84 7.67449e-05
4.86 0.000200158
4.88 7.57389e-05
4.9 -0.000102143
4.92 -7.89815e-05
4.94 5.85683e-05
4.96 6.29517e-05
4.98 -8.07732e-05
5 -0.0001845
5.02 -0.000155874
5.04 -0.000105631
5.06 -0.000124221
5.08 -9.09639e-05
5.1 5.40216e-05
5.12 0.000116082
5.14 4.65512e-06
5.16 -8.54162e-05
5.18 9.69218e-07
5.2 0.000146107
5.22 0.000158786
5.24 2.65301e-05
5.26 -0.000123213
5.28 -0.000138743
5.3 5.56231e-06
5.32 0.000136768
5.34 0.000112914
5.36 6.98394e-06
5.38 -2.3507e-05
5.4 4.21944e-05
5.42 8.43154e-05
5.44 5.63095e-05
5.46 4.16517e-05
5.48 7.91164e-05
5.5 0.000105863
5.52 7.9084e-05
5.54 3.53731e-05
5.56 1.87941e-05
5.58 2.41518e-05
5.6 2.37875e-05
5.62 6.59514e-06
5.64 1.15249e-06
5.66 2.96332e-05
5.68 4.06774e-05
5.7 -4.9778e-07
5.72 -3.30242e-05
5.74 -1.12529e-05
5.76 1.88449e-05
5.78 -3.09855e-06
5.8 -5.47778e-05
5.82 -5.2954e-05
5.84 4.35748e-06
5.86 1.55994e-05
5.88 -5.19807e-05
5.9 -0.000108329
5.92 -7.14901e-05
5.94 3.51031e-05
5.96 9.52866e-05
5.98 5.60218e-05
6 2.01041e-05
6.02 6.31406e-05
6.04 0.000115716
6.06 0.000113051
6.08 7.14563e-05
6.1 3.22715e-05
6.12 4.54089e-05
6.14 0.000105967
6.16 0.000129134
6.18 4.42419e-05
6.2 -9.78506e-05
6.22 -0.000140875
6.24 -6.21163e-05
6.26 -3.64856e-05
6.28 -0.000139516
6.3 -0.000207417
6.32 -0.00010131
6.34 4.20643e-05
6.36 1.78169e-05
6.38 -0.000109499
6.4 -0.000124182
6.42 -2.2992e-06
6.44 7.57826e-05
6.46 4.85219e-06
6.48 -0.0001143
6.5 -0.000145504
6.52 -9.40199e-05
6.54 -7.75174e-05
6.56 -0.000131057
6.58 -0.000130853
6.6 -4.2549e-05
6.62 -7.92789e-06
6.64 -5.77187e-05
6.66 -4.56321e-05
6.68 6.53863e-05
6.7 0.000118783
6.72 9.27354e-06
6.74 -0.000148701
6.76 -0.000156746
6.78 -8.80429e-06
6.8 8.70715e-05
6.82 5.18068e-06
6.84 -0.000111518
6.86 -6.88118e-05
6.88 6.79867e-05
6.9 7.616e-05
6.92 -7.24e-05
6.94 -0.000167221
6.96 -6.98841e-05
6.98 8.66431e-05
7 9.47309e-05
7.02 -3.51014e-05
7.04 -0.000100763
7.06 -5.26325e-06
7.08 0.00010469
7.1 7.72728e-05
7.12 -1.55563e-05
7.14 -1.85619e-05
7.16 6.95036e-05
7.18 0.000117638
7.2 6.75084e-05
7.22 1.14865e-05
7.24 4.16991e-05
7.26 9.88272e-05
7.28 5.75266e-05
7.3 -4.9522e-05
7.32 -5.51584e-05
7.34 6.25318e-05
7.36 0.000127557
7.38 4.43051e-05
7.4 -5.34049e-05
7.42 -2.40002e-05
7.44 6.67238e-05
7.46 6.59214e-05
7.48 -3.5808e-05
7.5 -9.21315e-05
7.52 -2.28458e-05
7.54 5.13583e-05
7.56 4.13442e-06
7.58 -8.16085e-05
7.6 -4.70244e-05
7.62 8.05674e-05
7.64 0.000126958
7.66 5.38155e-05
7.68 3.96933e-07
7.7 3.87645e-05
7.72 7.89224e-05
7.74 3.98002e-05
7.76 -6.70924e-06
7.78 3.60359e-05
7.8 0.000107948
7.82 9.36115e-05
7.84 3.32368e-06
7.86 -6.02347e-05
7.88 -3.68798e-05
7.9 2.32892e-05
7.92 2.42161e-05
7.94 -3.42915e-05
7.96 -5.66948e-05
7.98 -1.09379e-05
8 2.74998e-05
8.02 1.02265e-05
8.04 -1.46463e-05
8.06 1.37599e-06
8.08 3.11573e-05
8.1 2.98912e-05
8.12 5.74414e-06
8.14 -2.90819e-06
8.16 1.39078e-05
8.18 3.52386e-05
8.2 4.71061e-05
8.22 4.44257e-05
8.24 2.70446e-06
8.26 -6.3467e-05
8.28 -6.66935e-05
8.3 1.04055e-05
8.32 6.70939e-05
8.34 3.92417e-05
8.36 -2.21055e-05
8.38 -3.15709e-05
8.4 2.19376e-05
8.42 6.38328e-05
8.44 3.08264e-05
8.46 -5.29049e-05
8.48 -8.76057e-05
8.5 -1.72007e-05
8.52 6.61256e-05
8.54 4.8019e-05
8.56 -2.46021e-05
8.58 -2.16348e-05
8.6 6.77949e-05
8.62 0.000119515
8.64 4.91069e-05
8.66 -4.13236e-05
8.68 6.12929e-07
8.7 0.000119206
8.72 0.000131892
8.74 2.07567e-05
8.76 -4.97197e-05
8.78 1.21217e-05
8.8 9.22469e-05
8.82 4.89084e-05
8.84 -7.2064e-05
8.86 -0.000118533
8.88 -4.41366e-05
8.9 4.89397e-05
8.92 3.62155e-05
8.94 -4.50422e-05
8.96 -5.03697e-05
8.98 1.99125e-05
9 4.0908e-05
9.02 -2.0657e-05
9.04 -7.47062e-05
9.06 -4.2504e-05
9.08 3.89121e-05
9.1 5.02777e-05
9.12 -3.91174e-05
9.14 -9.99374e-05
9.16 -4.60127e-05
9.18 1.69564e-05
9.2 -2.51241e-05
9.22 -0.000108308
9.24 -0.000101012
9.26 -8.53104e-06
9.28 3.9029e-05
9.3 -7.42422e-06
9.32 -4.77876e-05
9.34 -2.10497e-06
9.36 6.91553e-05
9.38 5.87195e-05
9.4 -2.76665e-05
9.42 -6.82057e-05
9.44 2.86578e-07
9.46 7.83873e-05
9.48 3.86913e-05
9.5 -7.63213e-05
9.52 -0.000100231
9.54 -1.0374e-06
9.56 5.80759e-05
9.58 -1.45992e-06
9.6 -3.72308e-05
9.62 3.28441e-05
9.64 6.9995e-05
9.66 -2.39338e-05
9.68 -0.000123225
9.7 -9.02856e-05
9.72 1.49646e-05
9.74 5.59447e-05
9.76 -1.39874e-05
9.78 -0.000119656
9.8 -0.00012017
9.82 -8.50487e-06
9.84 5.33059e-05
9.86 4.673e-06
9.88 -3.58583e-05
9.9 1.31155e-05
9.92 7.65238e-05
9.94 4.10213e-05
9.96 -5.47351e-05
9.98 -5.61065e-05
10 5.615e-05
10.02 0.000119759
10.04 4.55005e-05
10.06 -4.63073e-05
10.08 -2.76649e-05
10.1 4.24861e-05
10.12 3.27158e-05
10.14 -5.82138e-05
10.16 -0.000103354
10.18 -3.38309e-05
10.2 4.65235e-05
10.22 1.31453e-05
10.24 -8.30401e-05
10.26 -9.68546e-05
10.28 -1.13353e-05
10.3 4.86465e-05
10.32 1.2266e-05
10.34 -4.43802e-05
10.36 -2.66916e-05
10.38 3.83154e-05
10.4 5.13164e-05
10.42 1.1433e-06
10.44 -2.09135e-05
10.46 2.35878e-05
10.48 6.30862e-05
10.5 4.10868e-05
10.52 1.58096e-06
10.54 3.70857e-06
10.56 1.84695e-05
10.58 -1.40387e-06
10.6 -1.97819e-05
10.62 5.25508e-06
10.64 3.596e-05
10.66 2.61006e-05
10.68 -8.60164e-06
10.7 -2.9188e-05
10.72 -2.09142e-05
10.74 2.42526e-07
10.76 1.49609e-06
10.78 -1.66049e-05
10.8 -9.77125e-06
10.82 2.81967e-05
10.84 4.54397e-05
10.86 1.32548e-05
10.88 -3.62175e-05
10.9 -4.55542e-05
10.92 -2.87061e-06
10.94 3.04337e-05
10.96 7.21927e-06
10.98 -3.19951e-05
11 -2.8423e-05
11.02 2.94014e-06
11.04 7.04182e-06
11.06 -1.91369e-05
11.08 -2.78891e-05
11.1 -6.51307e-07
11.12 3.01578e-05
11.14 3.41433e-05
11.16 1.95452e-05
11.18 1.41161e-05
11.2 2.60994e-05
11.22 3.78291e-05
11.24 2.69893e-05
11.26 -6.94408e-06
11.28 -3.08984e-05
11.3 -1.95649e-05
11.32 3.34674e-06
11.34 -4.00037e-07
11.36 -2.88218e-05
11.38 -4.45754e-05
11.4 -2.11222e-05
11.42 2.06318e-05
11.44 2.8804e-05
11.46 -6.59291e-06
11.48 -3.18905e-05
11.5 -1.0981e-05
11.52 2.11179e-05
11.54 1.88228e-05
11.56 -4.00913e-06
11.58 -2.1513e-06
11.6 2.91211e-05
11.62 4.93882e-05
11.64 3.46086e-05
11.66 1.01165e-05
11.68 9.78106e-06
11.7 2.51496e-05
11.72 2.39393e-05
11.74 4.05242e-06
11.76 -1.05555e-05
11.78 -1.31525e-05
11.8 -1.8684e-05
11.82 -3.4309e-05
11.84 -4.4451e-05
11.86 -3.47204e-05
11.88 -1.87701e-05
11.9 -1.21418e-05
11.92 -2.63722e-06
11.94 1.7e-05
11.96 2.63185e-05
11.98 1.27151e-05
12 -5.93774e-06
12.02 -5.31738e-06
12.04 1.29266e-05
12.06 2.17555e-05
12.08 8.43815e-06
12.1 -7.58751e-06
12.12 -8.3168e-06
12.14 4.71832e-06
12.16 2.08242e-05
12.18 2.40528e-05
12.2 9.15701e-06
12.22 -6.88087e-06
12.24 -1.08013e-05
12.26 -1.1389e-05
12.28 -2.01623e-05
12.3 -3.31782e-05
12.32 -3.82705e-05
12.34 -3.21033e-05
12.36 -2.29757e-05
12.38 -1.66734e-05
12.4 -9.80209e-06
12.42 4.62639e-07
12.44 1.00202e-05
12.46 1.26848e-05
12.48 9.79851e-06
12.5 1.14697e-05
12.52 2.06318e-05
12.54 2.52341e-05
12.56 1.73803e-05
12.58 9.52518e-06
12.6 1.6052e-05
12.62 2.93949e-05
12.64 2.94332e-05
12.66 9.18965e-06
12.68 -1.228e-05
12.7 -1.21035e-05
12.72 1.55302e-06
12.74 1.73478e-06
12.76 -1.58644e-05
12.78 -2.8823e-05
12.8 -1.88582e-05
12.82 8.32501e-06
12.84 2.59312e-05
12.86 1.33621e-05
12.88 -1.27913e-05
12.9 -1.61591e-05
12.92 8.78105e-06
12.94 2.63014e-05
12.96 1.02495e-05
12.98 -1.524e-05
13 -1.27277e-05
13.02 9.90776e-06
13.04 1.46185e-05
13.06 -3.79741e-06
13.08 -1.15316e-05
13.1 6.66401e-06
13.12 2.47449e-05
13.14 1.83115e-05
13.16 -9.35835e-07
13.18 -7.71147e-06
13.2 1.15477e-06
13.22 1.01452e-05
13.24 9.71325e-06
13.26 4.75542e-06
13.28 5.50683e-07
13.3 -6.47571e-06
13.32 -1.51387e-05
13.34 -1.51871e-05
13.36 -3.5854e-06
13.38 9.48849e-06
13.4 1.0812e-05
13.42 -7.47628e-07
13.44 -8.29553e-06
13.46 -1.14659e-06
13.48 4.67694e-06
13.5 -5.09141e-06
13.52 -1.50924e-05
13.54 -7.31753e-06
13.56 6.11805e-06
13.58 2.45691e-06
13.6 -1.50525e-05
13.62 -2.14834e-05
13.64 -7.14155e-06
13.66 7.66752e-06
13.68 1.60564e-06
13.7 -1.65988e-05
13.72 -2.05091e-05
13.74 -3.94509e-06
13.76 1.26476e-05
13.78 1.31867e-05
13.8 5.60534e-06
13.82 5.32602e-06
13.84 1.19077e-05
13.86 1.11909e-05
13.88 -2.67007e-06
13.9 -1.49281e-05
13.92 -9.91416e-06
13.94 4.75637e-06
13.96 9.84897e-06
13.98 1.85387e-06
14 -4.93964e-06
14.02 3.32262e-06
14.04 2.37531e-05
14.06 3.61567e-05
14.08 2.85871e-05
14.1 1.37407e-05
14.12 3.2177e-06
14.14 -6.54432e-06
14.16 -1.24944e-05
14.18 -5.73005e-06
14.2 4.0948e-06
14.22 -3.71305e-06
14.24 -2.57523e-05
14.26 -3.3413e-05
14.28 -1.48225e-05
14.3 5.38768e-06
14.32 -2.0216e-07
14.34 -2.43609e-05
14.36 -3.43876e-05
14.38 -1.64686e-05
14.4 2.85745e-06
14.42 -5.74804e-06
14.44 -2.94393e-05
14.46 -3.05624e-05
14.48 -4.19536e-06
14.5 1.50723e-05
14.52 7.54578e-06
14.54 -5.54216e-06
14.56 2.57227e-07
14.58 1.38895e-05
14.6 1.00588e-05
14.62 -3.87234e-06
14.64 2.11896e-06
14.66 2.6607e-05
14.68 3.2507e-05
14.7 -1.07688e-06
14.72 -4.32988e-05
14.74 -4.35358e-05
14.76 -3.07787e-06
14.78 2.07558e-05
14.8 -6.82517e-06
14.82 -4.71948e-05
14.84 -3.91415e-05
14.86 9.22506e-06
14.88 2.46519e-05
14.9 -1.75863e-05
14.92 -4.52566e-05
14.94 -5.36611e-06
14.96 4.32572e-05
14.98 2.5938e-05
15 -2.72562e-05
15.02 -3.34802e-05
15.04 1.09889e-05
15.06 3.01312e-05
15.08 -7.21928e-06
15.1 -4.16613e-05
15.12 -1.81597e-05
15.14 3.38503e-05
15.16 4.52201e-05
15.18 6.07032e-06
15.2 -2.1705e-05
15.22 1.31371e-06
15.24 3.17345e-05
15.26 1.42885e-05
15.28 -3.03974e-05
15.3 -4.15626e-05
15.32 -1.10377e-05
15.34 1.11448e-05
15.36 -4.31043e-06
15.38 -2.54918e-05
15.4 -1.29214e-05
15.42 1.95576e-05
15.44 2.70559e-05
15.46 4.46284e-07
15.48 -2.30476e-05
15.5 -1.44065e-05
15.52 1.12501e-05
15.54 1.92556e-05
15.56 3.44538e-06
15.58 -5.43696e-06
15.6 1.17044e-05
15.62 2.98555e-05
15.64 1.84253e-05
15.66 -1.08467e-05
15.68 -1.92005e-05
15.7 4.32145e-06
15.72 2.7284e-05
15.74 2.19601e-05
15.76 3.31478e-06
15.78 1.12274e-06
15.8 1.6365e-05
15.82 2.30976e-05
15.84 6.75747e-06
15.86 -1.32418e-05
15.88 -1.01885e-05
15.9 1.00156e-05
15.92 1.80446e-05
15.94 6.4654e-06
15.96 -2.02794e-07
15.98 1.33401e-05
16 2.75193e-05
16.02 2.09085e-05
16.04 3.81992e-06
16.06 -7.82448e-07
16.08 1.00507e-05
16.1 1.81162e-05
16.12 8.5767e-06
16.14 -9.52968e-06
16.16 -1.27503e-05
16.18 5.8449e-06
16.2 2.39398e-05
16.22 1.84017e-05
16.24 -1.48184e-06
16.26 -1.08543e-05
16.28 -5.48955e-06
16.3 3.60723e-06
16.32 9.94571e-06
16.34 9.5577e-06
16.36 4.94665e-07
16.38 -8.78188e-06
16.4 -7.27167e-06
16.42 -3.62117e-08
16.44 -2.0442e-06
16.46 -1.38649e-05
16.48 -2.1545e-05
16.5 -2.12197e-05
16.52 -2.54333e-05
16.54 -3.83667e-05
16.56 -4.28946e-05
16.58 -2.72949e-05
16.6 -9.32916e-06
16.62 -1.2472e-05
16.64 -3.04001e-05
16.66 -3.57977e-05
16.68 -1.00326e-05
16.7 3.83849e-05
16.72 6.9934e-05
16.74 6.33597e-05
16.76 5.47242e-05
16.78 7.60591e-05
16.8 0.000101492
16.82 9.51601e-05
16.84 5.83774e-05
16.86 5.23196e-06
16.88 -3.11133e-05
16.9 -5.8921e-06
16.92 4.12784e-05
16.94 2.11891e-05
16.96 -4.75984e-05
16.98 -6.38082e-05
17 -1.01586e-05
17.02 2.52239e-05
17.04 -1.16768e-05
17.06 -6.5901e-05
17.08 -6.20809e-05
17.1 -1.91567e-05
17.12 -2.04936e-05
17.14 -7.756e-05
17.16 -0.000101783
17.18 -4.38142e-05
17.2 1.31823e-05
17.22 -2.16737e-05
17.24 -8.84699e-05
17.26 -7.1163e-05
17.28 4.75754e-06
17.3 2.0043e-05
17.32 -3.80202e-05
17.34 -6.05125e-05
17.36 8.6033e-06
17.38 8.82339e-05
17.4 8.50748e-05
17.42 3.28416e-05
17.44 3.50925e-05
17.46 9.91349e-05
17.48 0.000122102
17.5 5.81535e-05
17.52 -6.08564e-07
17.54 2.7582e-05
17.56 7.29272e-05
17.58 3.17637e-05
17.6 -5.31015e-05
17.62 -6.79363e-05
17.64 -1.38144e-05
17.66 8.89171e-06
17.68 -3.78176e-05
17.7 -8.23873e-05
17.72 -6.50744e-05
17.74 -2.59713e-05
17.76 -2.97984e-05
17.78 -6.35212e-05
17.8 -6.74421e-05
17.82 -3.17168e-05
17.84 5.27637e-07
17.86 2.58007e-06
17.88 -1.07248e-05
17.9 -1.12907e-05
17.92 7.79237e-06
17.94 2.71611e-05
17.96 3.2608e-05
17.98 3.36558e-05
18 4.01179e-05
18.02 4.35713e-05
18.04 3.56548e-05
18.06 2.52103e-05
18.08 1.84254e-05
18.1 2.30618e-06
18.12 -2.30896e-05
18.14 -3.07808e-05
18.16 -1.38125e-05
18.18 -2.30183e-06
18.2 -1.80164e-05
18.22 -4.7156e-05
18.24 -6.52489e-05
18.26 -6.87576e-05
18.28 -7.06341e-05
18.3 -7.32019e-05
18.32 -5.67856e-05
18.34 -2.8739e-06
18.36 5.64966e-05
18.38 6.28752e-05
18.4 3.27064e-05
18.42 3.9122e-05
18.44 9.1005e-05
18.46 0.000124208
18.48 8.80309e-05
18.5 4.51003e-06
18.52 -3.5908e-05
18.54 1.46769e-05
18.56 7.09116e-05
18.58 3.59341e-05
18.6 -4.76134e-05
18.62 -6.93793e-05
18.64 -1.44532e-05
18.66 2.35627e-05
18.68 -1.71578e-05
18.7 -7.97336e-05
18.72 -7.88783e-05
18.74 -2.90258e-05
18.76 -1.82801e-05
18.78 -7.1271e-05
18.8 -9.89409e-05
18.82 -2.13317e-05
18.84 8.59991e-05
18.86 8.81744e-05
18.88 1.63571e-05
18.9 1.39671e-05
18.92 9.72227e-05
18.94 0.000144935
18.96 9.52984e-05
18.98 2.72862e-05
19 2.63241e-05
19.02 6.22165e-05
19.04 5.73542e-05
19.06 1.05982e-06
19.08 -4.57952e-05
19.1 -3.17628e-05
19.12 1.10015e-05
19.14 5.54735e-06
19.16 -5.0305e-05
19.18 -7.43231e-05
19.2 -3.59794e-05
19.22 -1.1351e-05
19.24 -5.53572e-05
19.26 -0.00010215
19.28 -6.69323e-05
19.3 7.4615e-06
19.32 1.68263e-05
19.34 -3.7763e-05
19.36 -6.42463e-05
19.38 -2.4057e-05
19.4 2.09085e-05
19.42 8.62099e-06
19.44 -2.70447e-05
19.46 -9.06067e-06
19.48 5.54506e-05
19.5 7.96288e-05
19.52 3.20173e-05
19.54 -1.42841e-05
19.56 8.19847e-06
19.58 6.05774e-05
19.6 5.23362e-05
19.62 -1.56077e-05
19.64 -3.39531e-05
19.66 3.54981e-05
19.68 7.39488e-05
19.7 -9.17597e-07
19.72 -8.88357e-05
19.74 -6.42137e-05
19.76 3.05112e-05
19.78 5.31961e-05
19.8 -3.10019e-05
19.82 -0.000100438
19.84 -5.472e-05
19.86 3.85659e-05
19.88 5.61392e-05
19.9 -3.39475e-07
19.92 -2.77128e-05
19.94 2.14495e-05
19.96 7.36214e-05
19.98 4.62968e-05
20 -2.03091e-05
20.02 -2.3417e-05
20.04 4.07972e-05
20.06 7.50686e-05
20.08 2.45203e-05
20.1 -5.88465e-05
20.12 -8.80026e-05
20.14 -4.3414e-05
20.16 1.51485e-05
20.18 3.19009e-05
20.2 8.25728e-07
20.22 -4.29276e-05
20.24 -4.83103e-05
20.26 -7.72146e-06
20.28 1.86696e-05
20.3 -1.37486e-05
20.32 -4.87255e-05
20.34 -1.58226e-05
20.36 3.6019e-05
20.38 2.55875e-05
20.4 -1.39408e-05
20.42 -2.32749e-06
20.44 5.40978e-05
20.46 8.0738e-05
20.48 4.69262e-05
20.5 -3.31126e-06
20.52 -1.61118e-05
20.54 2.57778e-06
20.56 -2.48706e-07
20.58 -1.21326e-05
20.6 1.76363e-05
20.62 3.38368e-05
20.64 -2.81018e-05
20.66 -9.53746e-05
20.68 -8.69606e-05
20.7 -2.36581e-05
20.72 3.5104e-05
20.74 2.97036e-05
20.76 -3.90071e-05
20.78 -6.85004e-05
20.8 -7.32722e-06
20.82 4.11487e-05
20.84 -8.3748e-06
20.86 -7.04441e-05
20.88 -2.34212e-05
20.9 8.45071e-05
20.92 0.000103289
20.94 2.20647e-05
20.96 -2.04923e-05
20.98 4.417e-05
21 0.000107884
21.02 4.65733e-05
21.04 -6.6072e-05
21.06 -5.86014e-05
21.08 5.66457e-05
21.1 9.86223e-05
21.12 -3.64288e-06
21.14 -0.000105958
21.16 -5.98689e-05
21.18 6.35125e-05
21.2 7.04107e-05
21.22 -5.79235e-05
21.24 -0.000134068
21.26 -5.67229e-05
21.28 4.23968e-05
21.3 1.27895e-05
21.32 -8.41048e-05
21.34 -7.19203e-05
21.36 5.9334e-05
21.38 0.000125705
21.4 4.79847e-05
21.42 -3.50724e-05
21.44 -1.86808e-05
21.46 4.44701e-05
21.48 6.87991e-05
21.5 2.05579e-05
21.52 -5.10407e-05
21.54 -6.22424e-05
21.56 -2.40721e-05
21.58 -2.08337e-05
21.6 -5.65981e-05
21.62 -5.27639e-05
21.64 -1.16323e-07
21.66 2.07201e-05
21.68 -1.94344e-05
21.7 -4.51381e-05
21.72 4.4313e-06
21.74 6.71685e-05
21.76 4.03416e-05
21.78 -5.19803e-05
21.8 -7.54351e-05
21.82 6.79891e-06
21.84 6.50917e-05
21.86 6.91463e-06
21.88 -7.44102e-05
21.9 -5.0155e-05
21.92 4.44947e-05
21.94 7.30933e-05
21.96 5.49199e-06
21.98 -4.51842e-05
22 1.38166e-06
22.02 7.4562e-05
22.04 6.79361e-05
22.06 -4.18433e-06
22.08 -4.48202e-05
22.1 -1.65678e-05
22.12 2.06457e-05
22.14 4.70587e-06
22.16 -3.76781e-05
22.18 -3.71457e-05
22.2 5.2911e-06
22.22 2.38158e-05
22.24 -4.25337e-06
22.26 -2.99046e-05
22.28 -1.29833e-05
22.3 2.07135e-05
22.32 2.37309e-05
22.34 1.16291e-06
22.36 -2.60136e-06
22.38 2.31576e-05
22.4 4.25652e-05
22.42 3.04075e-05
22.44 6.97186e-06
22.46 5.90079e-06
22.48 2.64722e-05
22.5 3.28515e-05
22.52 6.00995e-06
22.54 -2.29432e-05
22.56 -1.78382e-05
22.58 7.51825e-06
22.6 1.25683e-05
22.62 -9.258e-06
22.64 -2.46844e-05
22.66 -1.24862e-05
22.68 5.83196e-06
22.7 3.55695e-07
22.72 -2.09621e-05
22.74 -2.53537e-05
22.76 -8.07913e-06
22.78 2.72931e-07
22.8 -1.5001e-05
22.82 -2.7614e-05
22.84 -1.21565e-05
22.86 1.35431e-05
22.88 1.48707e-05
22.9 -6.09656e-06
22.92 -1.53304e-05
22.94 2.09744e-06
22.96 2.21175e-05
22.98 1.85347e-05
23 -1.16398e-07
23.02 -7.0674e-06
23.04 2.4209e-06
23.06 7.296e-06
23.08 -5.43888e-06
23.1 -2.02204e-05
23.12 -1.51338e-05
23.14 3.4132e-06
23.16 7.12671e-06
23.18 -9.75474e-06
23.2 -1.80006e-05
23.22 1.02912e-06
23.24 2.35013e-05
23.26 2.01007e-05
23.28 2.2493e-06
23.3 7.64469e-07
23.32 1.57692e-05
23.34 2.00401e-05
23.36 3.8725e-06
23.38 -1.21049e-05
23.4 -1.26935e-05
23.42 -9.72455e-06
23.44 -1.5412e-05
23.46 -1.94154e-05
23.48 -9.21894e-06
23.5 3.50533e-06
23.52 -5.78319e-07
23.54 -1.42591e-05
23.56 -1.28394e-05
23.58 6.79284e-06
23.6 2.02614e-05
23.62 1.1555e-05
23.64 -3.67742e-06
23.66 -2.78555e-06
23.68 1.15053e-05
23.7 1.98913e-05
23.72 1.36542e-05
23.74 1.84195e-06
23.76 -1.89346e-06
23.78 3.51092e-06
23.8 6.80171e-06
23.82 2.8479e-06
23.84 -1.86191e-06
23.86 -3.64703e-06
23.88 -6.18174e-06
23.9 -9.27878e-06
23.92 -6.31734e-06
23.94 1.19373e-06
23.96 -2.54234e-07
23.98 -1.24427e-05
24 -1.69059e-05
24.02 -1.00692e-06
24.04 2.27735e-05
24.06 2.75599e-05
24.08 7.3719e-06
24.1 -1.0643e-05
24.12 -6.97904e-06
24.14 5.03901e-06
24.16 7.71016e-06
24.18 1.71097e-06
24.2 -5.64581e-06
24.22 -9.33658e-06
24.24 -6.45865e-06
24.26 4.14605e-07
24.28 6.79644e-06
24.3 9.57166e-06
24.32 5.69571e-06
24.34 -5.03081e-06
24.36 -1.54355e-05
24.38 -1.54803e-05
24.4 -6.35508e-06
24.42 1.82811e-07
24.44 -5.76939e-08
24.46 5.40859e-08
24.48 2.90508e-06
24.5 2.02331e-06
24.52 -3.56215e-06
24.54 -6.31033e-06
24.56 -1.84899e-06
24.58 5.56892e-06
24.6 7.94999e-06
24.62 3.29048e-06
24.64 -1.29365e-08
24.66 5.34392e-06
24.68 1.23094e-05
24.7 7.62409e-06
24.72 -6.99752e-06
24.74 -1.3156e-05
24.76 -2.26806e-06
24.78 1.13345e-05
24.8 1.24296e-05
24.82 4.44434e-06
24.84 2.10372e-06
24.86 1.03113e-05
24.88 1.63129e-05
24.9 9.72567e-06
24.92 8.14947e-07
24.94 3.82756e-06
24.96 1.3326e-05
24.98 1.39058e-05
25 4.54474e-06
25.02 -9.25423e-07
25.04 4.81823e-06
25.06 1.23336e-05
25.08 9.70627e-06
25.1 -3.59056e-07
25.12 -3.63726e-06
25.14 5.2471e-06
25.16 1.31798e-05
25.18 7.60858e-06
25.2 -4.09262e-06
25.22 -6.84055e-06
25.24 -4.03582e-07
25.26 1.77307e-06
25.28 -7.03982e-06
25.3 -1.72931e-05
25.32 -1.74127e-05
25.34 -7.96521e-06
25.36 1.55702e-06
25.38 2.68363e-06
25.4 -3.89857e-06
25.42 -8.13851e-06
25.44 -3.6838e-06
25.46 2.26396e-06
25.48 -2.16093e-07
25.5 -8.11435e-06
25.52 -9.10605e-06
25.54 -2.81857e-07
25.56 6.99852e-06
25.58 4.67994e-06
25.6 -3.35026e-07
25.62 2.39854e-06
25.64 1.0398e-05
25.66 1.19161e-05
25.68 3.74448e-06
25.7 -3.9401e-06
25.72 -1.6082e-06
25.74 5.42768e-06
25.76 3.77279e-06
25.78 -6.4996e-06
25.8 -1.08752e-05
25.82 -3.82791e-06
25.84 3.51531e-06
25.86 2.29036e-06
25.88 -2.80296e-06
25.9 -4.29456e-06
25.92 -2.60478e-06
25.94 -2.25449e-06
25.96 -3.86364e-06
25.98 -5.12252e-06
26 -5.99863e-06
26.02 -7.85451e-06
26.04 -9.99226e-06
26.06 -9.40684e-06
26.08 -4.6392e-06
26.1 -5.185e-07
26.12 -3.64474e-06
26.14 -1.0876e-05
26.16 -1.15616e-05
26.18 -3.66476e-06
26.2 2.77445e-06
26.22 5.48523e-07
26.24 -5.10499e-06
26.26 -4.68836e-06
26.28 1.99991e-06
26.3 5.17922e-06
26.32 1.41178e-07
26.34 -5.0234e-06
26.36 -3.20182e-06
26.38 6.02144e-07
26.4 -1.09469e-06
26.42 -6.29073e-06
26.44 -7.62786e-06
26.46 -3.3803e-06
26.48 1.99307e-06
26.5 4.18518e-06
26.52 1.82717e-06
26.54 -2.38861e-06
26.56 -3.22415e-06
26.58 1.82017e-06
26.6 9.17819e-06
26.62 1.1787e-05
26.64 7.00552e-06
26.66 6.05893e-07
26.68 -9.1729e-08
26.7 4.52664e-06
26.72 6.41758e-06
26.74 1.33735e-06
26.76 -4.35732e-06
26.78 -4.22007e-06
26.8 -7.14915e-07
26.82 -3.22755e-08
26.84 -3.98128e-06
26.86 -7.53669e-06
26.88 -6.22752e-06
26.9 -3.30604e-06
26.92 -2.93007e-06
26.94 -2.789e-06
26.96 4.55141e-07
26.98 3.68397e-06
27 1.16134e-06
27.02 -4.08298e-06
27.04 -2.69756e-06
27.06 4.43764e-06
27.08 5.64791e-06
27.1 -2.49528e-06
27.12 -8.19597e-06
27.14 -2.10313e-06
27.16 7.31393e-06
27.18 5.76139e-06
27.2 -5.1585e-06
27.22 -1.00943e-05
27.24 -2.76509e-06
27.26 5.07582e-06
27.28 2.17753e-06
27.3 -5.60662e-06
27.32 -5.55121e-06
27.34 3.05171e-06
27.36 8.81823e-06
27.38 5.42395e-06
27.4 -3.1731e-07
27.42 2.16779e-08
27.44 5.74226e-06
27.46 9.25116e-06
27.48 5.51683e-06
27.5 -1.12527e-06
27.52 -3.51306e-06
27.54 -2.54102e-06
27.56 -3.85508e-06
27.58 -8.01949e-06
27.6 -1.02363e-05
27.62 -8.34932e-06
27.64 -6.76517e-06
27.66 -8.78747e-06
27.68 -1.0559e-05
27.7 -7.60367e-06
27.72 -1.46901e-06
27.74 3.52044e-06
27.76 6.10201e-06
27.78 7.74353e-06
27.8 9.02057e-06
27.82 9.35488e-06
27.84 8.7845e-06
27.86 7.59287e-06
27.88 5.15275e-06
27.9 1.78464e-06
27.92 -3.90358e-07
27.94 -4.9741e-07
27.96 4.9375e-07
27.98 1.20435e-06
28 2.53306e-07
28.02 -1.2826e-06
28.04 -9.49607e-07
28.06 2.32534e-08
28.08 -1.24673e-06
28.1 -4.25101e-06
28.12 -4.6584e-06
28.14 -3.21326e-07
28.16 2.75599e-06
28.18 -6.03933e-07
28.2 -3.71032e-06
28.22 1.09463e-06
28.24 8.89205e-06
28.26 1.1046e-05
28.28 8.54505e-06
28.3 8.51639e-06
28.32 1.26829e-05
28.34 1.46491e-05
28.36 4.51178e-06
28.38 -1.64169e-05
28.4 -2.66761e-05
28.42 -1.09655e-05
28.44 1.18497e-05
28.46 9.53291e-06
28.48 -1.47783e-05
28.5 -2.33262e-05
28.52 -1.32568e-06
28.54 2.10415e-05
28.56 1.55418e-05
28.58 -4.61911e-06
28.6 -9.60478e-06
28.62 1.82854e-06
28.64 7.48819e-06
28.66 1.34388e-06
28.68 -1.13881e-06
28.7 6.97734e-06
28.72 1.27817e-05
28.74 4.04936e-06
28.76 -1.18729e-05
28.78 -1.53022e-05
28.8 1.49082e-07
28.82 1.46736e-05
28.84 6.86397e-06
28.86 -1.20749e-05
28.88 -1.22244e-05
28.9 8.12803e-06
28.92 2.00776e-05
28.94 9.74173e-06
28.96 -3.45469e-06
28.98 -6.40833e-07
29 8.04711e-06
29.02 4.51024e-06
29.04 -4.44883e-06
29.06 -2.45616e-07
29.08 1.22088e-05
29.1 1.12561e-05
29.12 -4.94519e-06
29.14 -1.46542e-05
29.16 -6.27222e-06
29.18 4.83372e-06
29.2 1.25797e-06
29.22 -1.00941e-05
29.24 -1.14913e-05
29.26 -2.63928e-06
29.28 2.52163e-06
29.3 -1.11409e-06
29.32 -5.79448e-06
29.34 -5.11708e-06
29.36 -1.23558e-06
29.38 1.44838e-06
29.4 2.48625e-06
29.42 2.82333e-06
29.44 2.01586e-06
29.46 4.16903e-07
29.48 1.21708e-07
29.5 1.57674e-06
29.52 2.3497e-06
29.54 1.44167e-07
29.56 -5.1699e-06
29.58 -9.92292e-06
29.6 -8.33946e-06
29.62 -1.03087e-06
29.64 2.16715e-06
29.66 -4.23729e-06
29.68 -1.10395e-05
29.7 -8.2531e-06
29.72 -7.15262e-07
29.74 3.01172e-07
29.76 -5.40685e-06
29.78 -6.9032e-06
29.8 -1.19951e-07
29.82 5.55438e-06
29.84 3.42831e-06
29.86 -4.82517e-07
29.88 1.35777e-06
29.9 6.51399e-06
29.92 8.2609e-06
29.94 5.8896e-06
29.96 3.59384e-06
29.98 2.87204e-06
30 5.5795e-07
30.02 -4.80719e-06
30.04 -8.78606e-06
30.06 -7.46183e-06
30.08 -4.64365e-06
30.1 -5.61004e-06
30.12 -7.36426e-06
30.14 -3.56471e-06
30.16 4.01709e-06
30.18 7.23671e-06
30.2 3.86575e-06
30.22 1.7924e-07
30.24 1.33121e-06
30.26 5.53406e-06
30.28 7.93201e-06
30.3 7.15087e-06
30.32 6.37927e-06
30.34 6.93584e-06
30.36 6.10093e-06
30.38 3.1185e-06
30.4 4.31359e-07
30.42 -6.08202e-07
30.44 -2.30785e-06
30.46 -7.09155e-06
30.48 -1.16834e-05
30.5 -1.01441e-05
30.52 -2.79385e-06
30.54 2.37855e-06
30.56 -3.88193e-08
30.58 -4.51751e-06
30.6 -2.47831e-06
30.62 4.94072e-06
30.64 9.21559e-06
30.66 7.01174e-06
30.68 3.6684e-06
30.7 4.79067e-06
30.72 8.35743e-06
30.74 6.77967e-06
30.76 -8.93074e-07
30.78 -4.77684e-06
30.8 4.1843e-08
30.82 4.54087e-06
30.84 1.32793e-06
30.86 -3.87042e-06
30.88 -2.43834e-06
30.9 4.97718e-06
30.92 1.02908e-05
30.94 8.14885e-06
30.96 2.12418e-06
30.98 -2.84847e-08
31 2.50027e-06
31.02 2.74296e-06
31.04 -1.71695e-06
31.06 -4.82178e-06
31.08 -3.39337e-06
31.1 -1.85964e-06
31.12 -2.6091e-06
31.14 -1.75537e-06
31.16 2.47138e-06
31.18 5.3325e-06
31.2 3.07572e-06
31.22 -7.97577e-07
31.24 -4.10082e-07
31.26 4.15447e-06
31.28 6.40094e-06
31.3 2.59308e-06
31.32 -1.88788e-06
31.34 -1.75049e-07
31.36 5.41279e-06
31.38 6.30255e-06
31.4 1.30737e-06
31.42 -7.00533e-07
31.44 3.86897e-06
31.46 6.88606e-06
31.48 2.88973e-06
31.5 -2.83578e-06
31.52 -3.95664e-06
31.54 -1.44903e-06
31.56 -4.04531e-07
31.58 -2.74347e-06
31.6 -4.97375e-06
31.62 -3.45415e-06
31.64 -6.07985e-07
31.66 -1.7071e-06
31.68 -5.97619e-06
31.7 -7.56153e-06
31.72 -4.76258e-06
31.74 -1.87628e-06
31.76 -2.30614e-06
31.78 -4.18276e-06
31.8 -3.72649e-06
31.82 -1.29701e-06
31.84 -6.37245e-07
31.86 -1.62238e-06
31.88 -2.33028e-07
31.9 3.35133e-06
31.92 4.21093e-06
31.94 1.18766e-06
31.96 -4.01549e-07
31.98 2.88707e-06
32 6.39406e-06
32.02 4.08954e-06
32.04 -2.06919e-06
32.06 -4.75579e-06
32.08 -1.97664e-06
32.1 5.87717e-07
32.12 -1.64767e-06
32.14 -6.13043e-06
32.16 -6.99377e-06
32.18 -3.08525e-06
32.2 1.12489e-07
32.22 -1.82774e-06
32.24 -5.74532e-06
32.26 -5.76437e-06
32.28 -2.05101e-06
32.3 -2.60937e-07
32.32 -3.17122e-06
32.34 -6.90806e-06
32.36 -6.4126e-06
32.38 -2.78663e-06
32.4 -1.93398e-06
32.42 -5.11507e-06
32.44 -6.92799e-06
32.46 -4.12911e-06
32.48 -2.00857e-07
32.5 -2.88469e-07
32.52 -4.34897e-06
32.54 -6.35135e-06
32.56 -2.24435e-06
32.58 3.03816e-06
32.6 2.16932e-06
32.62 -2.70411e-06
32.64 -2.6185e-06
32.66 3.98513e-06
32.68 8.3513e-06
32.7 4.72917e-06
32.72 -1.25739e-06
32.74 -1.77713e-06
32.76 1.04717e-06
32.78 -3.88077e-07
32.8 -5.47225e-06
32.82 -6.53157e-06
32.84 -1.33801e-06
32.86 3.87241e-06
32.88 4.03156e-06
32.9 2.63985e-06
32.92 4.86189e-06
32.94 8.17478e-06
32.96 6.89203e-06
32.98 2.04883e-06
33 -4.78414e-07
33.02 7.39493e-07
33.04 1.61562e-06
33.06 -1.77769e-07
33.08 -2.1045e-06
33.1 -1.73086e-06
33.12 -7.26056e-07
33.14 -1.40382e-06
33.16 -2.39056e-06
33.18 -1.63705e-06
33.2 8.53506e-08
33.22 1.27423e-06
33.24 1.31031e-06
33.26 4.83316e-07
33.28 -4.50827e-07
33.3 -1.63851e-06
33.32 -2.76223e-06
33.34 -1.39081e-06
33.36 2.99043e-06
33.38 5.78446e-06
33.4 2.95543e-06
33.42 -2.21363e-06
33.44 -2.63007e-06
33.46 2.42587e-06
33.48 5.10889e-06
33.5 3.75909e-07
33.52 -5.51423e-06
33.54 -4.66277e-06
33.56 6.96363e-07
33.58 3.27723e-06
33.6 1.38561e-06
33.62 -8.73048e-07
33.64 -5.80347e-07
33.66 2.01719e-07
33.68 -1.86843e-06
33.7 -5.36487e-06
33.72 -5.37456e-06
33.74 -1.88003e-06
33.76 -3.65456e-07
33.78 -1.85228e-06
33.8 -8.99612e-07
33.82 4.0434e-06
33.84 7.02374e-06
33.86 4.67834e-06
33.88 1.77191e-06
33.9 3.34702e-06
33.92 7.23819e-06
33.94 7.62446e-06
33.96 3.86865e-06
33.98 1.8797e-06
34 4.9117e-06
34.02 7.67142e-06
34.04 4.69343e-06
34.06 -3.4608e-07
34.08 -1.12434e-06
34.1 9.86918e-07
34.12 1.03938e-06
34.14 -1.47386e-06
34.16 -3.35973e-06
34.18 -2.42903e-06
34.2 -9.32202e-08
34.22 6.55443e-07
34.24 -9.58342e-07
34.26 -2.74141e-06
34.28 -2.27554e-06
34.3 2.3805e-07
34.32 1.8849e-06
34.34 4.68874e-07
34.36 -1.69808e-06
34.38 1.85577e-07
34.4 5.755e-06
34.42 8.49736e-06
34.44 5.65267e-06
34.46 2.4547e-06
34.48 3.48015e-06
34.5 5.38417e-06
34.52 2.64654e-06
34.54 -3.13069e-06
34.56 -5.42299e-06
34.58 -2.24486e-06
34.6 1.71768e-06
34.62 2.28112e-06
34.64 5.84748e-07
34.66 -2.27333e-07
34.68 3.00129e-07
34.7 1.48602e-07
34.72 -1.63209e-06
34.74 -3.55359e-06
34.76 -4.00703e-06
34.78 -2.93164e-06
34.8 -1.23125e-06
34.82 -1.67521e-07
34.84 2.12201e-07
34.86 1.43356e-06
34.88 3.04889e-06
34.9 2.87464e-06
34.92 1.92508e-06
34.94 3.11704e-06
34.96 5.86828e-06
34.98 6.8394e-06
35 4.4136e-06
35.02 8.45993e-07
35.04 -1.32637e-08
35.06 1.69972e-06
35.08 1.37456e-06
35.1 -2.60064e-06
35.12 -5.69063e-06
35.14 -4.9661e-06
35.16 -3.99645e-06
35.18 -5.80396e-06
35.2 -7.31806e-06
35.22 -4.52684e-06
35.24 6.05989e-07
35.26 2.22063e-06
35.28 -9.92368e-07
35.3 -3.57594e-06
35.32 -8.68279e-07
35.34 3.53987e-06
35.36 2.51407e-06
35.38 -2.55131e-06
35.4 -2.95184e-06
35.42 3.19703e-06
35.44 7.78975e-06
35.46 4.82066e-06
35.48 -1.108e-06
35.5 -1.73109e-06
35.52 2.01148e-06
35.54 1.90024e-06
35.56 -3.41483e-06
35.58 -7.01611e-06
35.6 -5.87232e-06
35.62 -4.30975e-06
35.64 -5.4037e-06
35.66 -6.39837e-06
35.68 -4.3747e-06
35.7 -1.67321e-06
35.72 -1.51047e-06
35.74 -2.83964e-06
35.76 -3.66439e-06
35.78 -2.71557e-06
35.8 1.58898e-06
35.82 6.0586e-06
35.84 3.66386e-06
35.86 -3.45313e-06
35.88 -4.90176e-06
35.9 6.17642e-08
35.92 1.66007e-06
35.94 -1.40394e-06
35.96 8.26608e-07
35.98 8.77158e-06
36 8.6566e-06
36.02 -2.34303e-06
36.04 -7.78515e-06
36.06 5.40564e-07
36.08 9.46567e-06
36.1 7.67279e-06
36.12 1.68893e-06
36.14 4.35995e-07
36.16 9.04559e-07
36.18 1.03987e-08
36.2 2.3256e-06
36.22 7.10334e-06
36.24 6.9732e-06
36.26 4.88658e-07
36.28 -6.6864e-06
36.3 -9.06356e-06
36.32 -6.8964e-06
36.34 -5.61217e-06
36.36 -6.89539e-06
36.38 -6.32849e-06
36.4 -2.04684e-06
36.42 2.82787e-06
36.44 4.83803e-06
36.46 1.78399e-06
36.48 -3.39427e-06
36.5 -1.99962e-07
36.52 1.43347e-05
36.54 2.38802e-05
36.56 1.45312e-05
36.58 -8.37613e-07
36.6 -2.25115e-07
36.62 1.26364e-05
36.64 1.30505e-05
36.66 -3.3386e-06
36.68 -1.22835e-05
36.7 -4.40863e-06
36.72 -4.87436e-07
36.74 -9.6169e-06
36.76 -1.0767e-05
36.78 5.40695e-06
36.8 1.24253e-05
36.82 -6.38355e-06
36.84 -2.26982e-05
36.86 -9.14583e-06
36.88 1.25094e-05
36.9 5.58646e-06
36.92 -2.15877e-05
36.94 -2.81866e-05
36.96 -3.62683e-06
36.98 2.153e-05
37 1.93941e-05
37.02 -2.97142e-06
37.04 -1.20458e-05
37.06 8.98081e-06
37.08 3.22243e-05
37.1 2.19552e-05
37.12 -8.92062e-06
37.14 -1.70254e-05
37.16 3.69621e-06
37.18 1.53913e-05
37.2 -2.50196e-06
37.22 -2.55237e-05
37.24 -2.70285e-05
37.26 -1.18508e-05
37.28 1.87425e-06
37.3 4.54731e-06
37.32 -2.43503e-06
37.34 -9.81987e-06
37.36 -9.86951e-06
37.38 -4.89233e-06
37.4 -2.47543e-06
37.42 -3.66524e-06
37.44 -2.52599e-06
37.46 2.60542e-06
37.48 7.14743e-06
37.5 7.73449e-06
37.52 5.12463e-06
37.54 2.95595e-06
37.56 5.93018e-06
37.58 1.38297e-05
37.6 1.73504e-05
37.62 9.31628e-06
37.64 -3.41211e-06
37.66 -8.67792e-06
37.68 -2.92188e-06
37.7 6.67328e-06
37.72 8.16282e-06
37.74 -1.44468e-06
37.76 -9.3021e-06
37.78 -3.87253e-06
37.8 6.81162e-06
37.82 4.31941e-06
37.84 -1.37257e-05
37.86 -2.56658e-05
37.88 -1.52096e-05
37.9 2.26649e-06
37.92 3.83376e-06
37.94 -5.95059e-06
37.96 -7.727e-06
37.98 9.29818e-07
38 6.57759e-06
38.02 2.84311e-06
38.04 -2.43623e-06
38.06 -6.34432e-07
38.08 4.93034e-06
38.1 4.93334e-06
38.12 -3.68145e-07
38.14 -2.86579e-06
38.16 4.02423e-07
38.18 5.19476e-06
38.2 6.91647e-06
38.22 6.54969e-06
38.24 7.034e-06
38.26 5.90991e-06
38.28 -4.46327e-07
38.3 -8.42514e-06
38.32 -1.01752e-05
38.34 -4.00935e-06
38.36 2.04712e-06
38.38 -1.57813e-07
38.4 -6.39185e-06
38.42 -4.96348e-06
38.44 5.36303e-06
38.46 1.27572e-05
38.48 8.41863e-06
38.5 -1.91633e-06
38.52 -6.01671e-06
38.54 -1.77518e-06
38.56 1.43717e-06
38.58 -2.72288e-06
38.6 -9.5243e-06
38.62 -1.06061e-05
38.64 -5.32886e-06
38.66 -1.02639e-06
38.68 -2.01237e-06
38.7 -4.31732e-06
38.72 -2.8629e-06
38.74 1.74993e-06
38.76 5.10923e-06
38.78 4.83174e-06
38.8 2.94012e-06
38.82 2.25151e-06
38.84 1.9779e-06
38.86 -7.54093e-07
38.88 -5.15562e-06
38.9 -6.56353e-06
38.92 -4.10256e-06
38.94 -2.78152e-06
38.96 -4.67312e-06
38.98 -4.70045e-06
39 8.79258e-07
39.02 7.60332e-06
39.04 9.28395e-06
39.06 7.4087e-06
39.08 8.4889e-06
39.1 1.35026e-05
39.12 1.52136e-05
39.14 7.92155e-06
39.16 -3.22399e-06
39.18 -7.46557e-06
39.2 -2.65151e-06
39.22 1.98405e-06
39.24 -8.06646e-07
39.26 -6.24173e-06
39.28 -5.34404e-06
39.3 1.09278e-06
39.32 3.6076e-06
39.34 -1.27632e-06
39.36 -6.28269e-06
39.38 -5.32146e-06
39.4 -1.55059e-06
39.42 -5.05894e-07
39.44 -2.34275e-06
39.46 -3.6429e-06
39.48 -2.50332e-06
39.5 2.00437e-08
39.52 2.09363e-06
39.54 2.90878e-06
39.56 2.48381e-06
39.58 1.37036e-06
39.6 1.08499e-06
39.62 3.50583e-06
39.64 7.79054e-06
39.66 9.91006e-06
39.68 7.84793e-06
39.7 4.97884e-06
39.72 5.03961e-06
39.74 5.69848e-06
39.76 2.54233e-06
39.78 -2.46783e-06
39.8 -3.87032e-06
39.82 -1.58267e-06
39.84 -1.82983e-07
39.86 -1.90124e-06
39.88 -4.19018e-06
39.9 -3.83494e-06
39.92 -1.36505e-06
39.94 5.06318e-07
39.96 8.00589e-07
39.98 9.61992e-08
40 -9.11237e-07
40.02 -1.24328e-06
40.04 -4.58858e-07
40.06 4.49682e-07
40.08 -1.48525e-07
40.1 -1.57782e-06
40.12 -4.51599e-07
40.14 3.18306e-06
40.16 4.37706e-06
40.18 1.66684e-06
40.2 -5.46617e-07
40.22 -1.60158e-08
40.24 5.8645e-07
40.26 -1.14348e-06
40.28 -3.96483e-06
40.3 -4.74994e-06
40.32 -2.81123e-06
40.34 -1.0191e-06
40.36 -1.54131e-06
40.38 -2.83621e-06
40.4 -1.9044e-06
40.42 2.02458e-06
40.44 5.90235e-06
40.46 6.48981e-06
40.48 4.8659e-06
40.5 4.23935e-06
40.52 5.11763e-06
40.54 4.42441e-06
40.56 2.11863e-07
40.58 -3.04625e-06
40.6 -1.34455e-07
40.62 4.69174e-06
40.64 2.77808e-06
40.66 -5.88168e-06
40.68 -1.19208e-05
40.7 -8.83727e-06
40.72 -2.23572e-06
40.74 -2.12846e-06
40.76 -8.60803e-06
40.78 -1.24234e-05
40.8 -8.24378e-06
40.82 -5.32843e-07
40.84 3.39875e-06
40.86 2.42275e-06
40.88 1.40645e-06
40.9 2.34204e-06
40.92 2.49478e-06
40.94 1.63537e-06
40.96 2.28878e-06
40.98 4.25574e-06
41 5.34529e-06
41.02 4.4744e-06
41.04 2.08636e-06
41.06 4.57707e-07
41.08 1.10066e-06
41.1 2.10484e-06
41.12 1.50245e-06
41.14 -1.30268e-07
41.16 -1.46227e-06
41.18 -2.40928e-06
41.2 -3.83166e-06
41.22 -5.56686e-06
41.24 -6.06505e-06
41.26 -4.55953e-06
41.28 -3.04046e-06
41.3 -3.77971e-06
41.32 -5.02031e-06
41.34 -3.54301e-06
41.36 -3.36375e-07
41.38 1.13163e-06
41.4 2.67935e-07
41.42 1.72832e-08
41.44 2.76078e-06
41.46 6.59812e-06
41.48 7.51651e-06
41.5 4.95785e-06
41.52 2.76616e-06
41.54 3.90358e-06
41.56 6.47311e-06
41.58 6.33582e-06
41.6 2.52171e-06
41.62 -1.20048e-06
41.64 -1.25313e-06
41.66 8.23192e-07
41.68 1.024e-06
41.7 -1.37465e-06
41.72 -3.79416e-06
41.74 -4.81219e-06
41.76 -5.3253e-06
41.78 -5.82824e-06
41.8 -5.81563e-06
41.82 -4.70226e-06
41.84 -2.02794e-06
41.86 1.31652e-06
41.88 3.11494e-06
41.9 2.81527e-06
41.92 2.80961e-06
41.94 4.79042e-06
41.96 6.94162e-06
41.98 6.72075e-06
42 4.35706e-06
42.02 2.16002e-06
42.04 1.21989e-06
42.06 2.80557e-07
42.08 -1.53362e-06
42.1 -2.55034e-06
42.12 -1.08874e-06
42.14 1.38406e-06
42.16 2.05399e-06
42.18 3.91681e-07
42.2 -1.40257e-06
42.22 -1.23179e-06
42.24 -8.3338e-09
42.26 -2.95095e-07
42.28 -2.54162e-06
42.3 -4.61577e-06
42.32 -4.8978e-06
42.34 -3.93421e-06
42.36 -2.57702e-06
42.38 -1.35129e-06
42.4 -7.25152e-07
42.42 1.36864e-07
42.44 1.73321e-06
42.46 2.59084e-06
42.48 1.93881e-06
42.5 9.72474e-07
42.52 1.23277e-06
42.54 2.73988e-06
42.56 3.74954e-06
42.58 3.03948e-06
42.6 1.66502e-06
42.62 1.65528e-06
42.64 2.93613e-06
42.66 3.11421e-06
42.68 1.37985e-06
42.7 1.30826e-07
42.72 1.27875e-06
42.74 2.99355e-06
42.76 1.92169e-06
42.78 -1.56489e-06
42.8 -2.80108e-06
42.82 4.37368e-08
42.84 1.85012e-06
42.86 -1.54596e-06
42.88 -6.14014e-06
42.9 -5.89398e-06
42.92 -1.70626e-06
42.94 1.79078e-07
42.96 -3.01593e-06
42.98 -6.70393e-06
43 -5.22643e-06
43.02 2.46494e-07
43.04 3.34455e-06
43.06 1.43914e-06
43.08 -1.27126e-06
43.1 -2.19478e-07
43.12 3.4868e-06
43.14 5.00149e-06
43.16 2.92607e-06
43.18 1.12123e-06
43.2 2.13348e-06
43.22 3.36303e-06
43.24 1.83908e-06
43.26 -1.24676e-06
43.28 -2.63275e-06
43.3 -1.87236e-06
43.32 -1.92331e-06
43.34 -4.21924e-06
43.36 -6.34799e-06
43.38 -5.89918e-06
43.4 -3.86569e-06
43.42 -2.43313e-06
43.44 -1.59433e-06
43.46 -1.83384e-07
43.48 1.80823e-06
43.5 3.33344e-06
43.52 3.73713e-06
43.54 3.40406e-06
43.56 2.94903e-06
43.58 2.40249e-06
43.6 1.29971e-06
43.62 -1.91556e-07
43.64 -9.40338e-07
43.66 -4.29407e-07
43.68 1.92449e-07
43.7 -5.69424e-07
43.72 -2.19367e-06
43.74 -2.38372e-06
43.76 -8.66937e-07
43.78 -7.77319e-08
43.8 -6.59072e-07
43.82 -6.76503e-07
43.84 5.16681e-07
43.86 9.36648e-07
43.88 -8.65381e-07
43.9 -2.90897e-06
43.92 -2.40788e-06
43.94 -4.19912e-07
43.96 -6.01562e-07
43.98 -3.05937e-06
44 -3.82404e-06
44.02 -1.28463e-06
44.04 1.33606e-06
44.06 1.00777e-06
44.08 -1.01458e-06
44.1 -1.54784e-06
44.12 8.51331e-08
44.14 1.40783e-06
44.16 5.02704e-07
44.18 -1.48247e-06
44.2 -2.30903e-06
44.22 -1.7671e-06
44.24 -1.50782e-06
44.26 -2.35708e-06
44.28 -3.42946e-06
44.3 -3.54894e-06
44.32 -2.5475e-06
44.34 -1.11849e-06
44.36 -3.04759e-07
44.38 -5.1768e-07
44.4 -3.78318e-07
44.42 1.36428e-06
44.44 3.41446e-06
44.46 4.01871e-06
44.48 3.21475e-06
44.5 1.76978e-06
44.52 3.51551e-07
44.54 -5.02314e-07
44.56 -9.49197e-07
44.58 -1.60693e-06
44.6 -2.56723e-06
44.62 -3.13094e-06
44.64 -2.65862e-06
44.66 -1.54072e-06
44.68 -9.61534e-07
44.7 -1.38393e-06
44.72 -1.49254e-06
44.74 -2.67914e-07
44.76 1.14523e-06
44.78 1.28773e-06
44.8 2.41292e-07
44.82 -6.65524e-07
44.84 -2.11614e-07
44.86 1.29372e-06
44.88 2.24107e-06
44.9 1.61614e-06
44.92 2.45715e-07
44.94 -1.70943e-07
44.96 5.95701e-07
44.98 9.15451e-07
45 -2.92051e-07
45.02 -1.78162e-06
45.04 -1.54552e-06
45.06 3.21626e-07
45.08 1.52348e-06
45.1 4.76185e-07
45.12 -1.1637e-06
45.14 -7.99051e-07
45.16 8.60208e-07
45.18 9.45307e-07
45.2 -9.73092e-07
45.22 -1.86915e-06
45.24 4.60031e-07
45.26 3.87187e-06
45.28 4.68358e-06
45.3 2.53101e-06
45.32 8.69381e-07
45.34 2.18447e-06
45.36 3.61031e-06
45.38 1.4008e-06
45.4 -2.56828e-06
45.42 -3.20361e-06
45.44 6.01628e-07
45.46 3.2548e-06
45.48 3.2195e-07
45.5 -3.95398e-06
45.52 -3.21342e-06
45.54 9.89788e-07
45.56 1.80144e-06
45.58 -1.99345e-06
45.6 -4.25699e-06
45.62 -1.26867e-06
45.64 2.51983e-06
45.66 1.09798e-06
45.68 -3.71021e-06
45.7 -4.63022e-06
45.72 -1.23092e-07
45.74 3.0719e-06
45.76 -1.85833e-08
45.78 -4.90134e-06
45.8 -3.883e-06
45.82 2.21907e-06
45.84 4.97411e-06
45.86 1.21685e-06
45.88 -2.21389e-06
45.9 6.42164e-07
45.92 5.86768e-06
45.94 6.26101e-06
45.96 1.92218e-06
45.98 -1.21517e-06
46 -5.32996e-07
46.02 1.24129e-06
46.04 1.08915e-06
46.06 -6.56253e-07
46.08 -1.5175e-06
46.1 -1.26999e-06
46.12 -1.61176e-06
46.14 -2.64168e-06
46.16 -3.20735e-06
46.18 -2.32605e-06
46.2 4.89957e-08
46.22 1.79317e-06
46.24 5.31677e-07
46.26 -1.7025e-06
46.28 -5.99447e-07
46.3 2.56663e-06
46.32 2.76683e-06
46.34 3.37803e-08
46.36 -1.17692e-06
46.38 8.47303e-07
46.4 2.93894e-06
46.42 1.78148e-06
46.44 -9.1773e-07
46.46 -8.77857e-07
46.48 1.55898e-06
46.5 1.91692e-06
46.52 -7.70668e-07
46.54 -2.58184e-06
46.56 -1.02422e-06
46.58 1.36425e-06
46.6 9.43328e-07
46.62 -1.5458e-06
46.64 -2.25457e-06
46.66 -2.77623e-07
46.68 1.01726e-06
46.7 -7.43556e-07
46.72 -2.99645e-06
46.74 -2.01325e-06
46.76 9.13711e-07
46.78 1.72304e-06
46.8 1.04778e-07
46.82 -5.50483e-07
46.84 1.45893e-06
46.86 2.69512e-06
46.88 -4.49642e-08
46.9 -3.4258e-06
46.92 -2.71896e-06
46.94 1.09637e-06
46.96 3.06744e-06
46.98 9.00183e-07
47 -2.05862e-06
47.02 -1.81276e-06
47.04 8.56278e-07
47.06 2.02034e-06
47.08 -4.29381e-07
47.1 -3.59954e-06
47.12 -2.43545e-06
47.14 1.98533e-06
47.16 2.60262e-06
47.18 -2.23519e-06
47.2 -5.49687e-06
47.22 -2.13803e-06
47.24 3.16248e-06
47.26 2.8838e-06
47.28 -1.60707e-06
47.3 -2.06997e-06
47.32 3.51738e-06
47.34 8.06843e-06
47.36 6.46515e-06
47.38 2.3229e-06
47.4 1.17997e-06
47.42 1.9163e-06
47.44 -2.29102e-07
47.46 -4.03757e-06
47.48 -3.39742e-06
47.5 1.482e-06
47.52 3.07185e-06
47.54 -8.45561e-07
47.56 -2.95973e-06
47.58 7.63109e-07
47.6 4.03356e-06
47.62 1.08364e-06
47.64 -4.0469e-06
47.66 -4.44291e-06
47.68 -8.43739e-07
47.7 5.51909e-07
47.72 -2.02638e-06
47.74 -3.46923e-06
47.76 -2.93504e-07
47.78 3.40366e-06
47.8 2.44697e-06
47.82 -1.29078e-06
47.84 -2.2544e-06
47.86 1.15495e-07
47.88 1.13907e-06
47.9 -1.3754e-06
47.92 -3.43362e-06
47.94 -1.63755e-06
47.96 9.12773e-07
47.98 1.59943e-07
48 -2.07795e-06
48.02 -1.36372e-06
48.04 2.02324e-06
48.06 3.0603e-06
48.08 -6.0761e-07
48.1 -4.58987e-06
48.12 -3.19997e-06
48.14 2.50478e-06
48.16 4.58868e-06
48.18 -6.71646e-07
48.2 -5.83729e-06
48.22 -3.4375e-06
48.24 2.35126e-06
48.26 2.965e-06
48.28 -1.63055e-06
48.3 -3.61926e-06
48.32 1.17705e-06
48.34 6.38765e-06
48.36 4.27959e-06
48.38 -1.74755e-06
48.4 -2.4253e-06
48.42 2.94564e-06
48.44 5.85166e-06
48.46 1.95246e-06
48.48 -2.84335e-06
48.5 -2.25548e-06
48.52 1.4215e-06
48.54 1.48107e-06
48.56 -3.13393e-06
48.58 -5.91495e-06
48.6 -2.84539e-06
48.62 1.17636e-06
48.64 -2.63799e-08
48.66 -4.07832e-06
48.68 -3.35594e-06
48.7 2.44083e-06
48.72 5.14419e-06
48.74 1.03696e-06
48.76 -3.12353e-06
48.78 -5.74057e-07
48.8 4.55422e-06
48.82 4.02146e-06
48.84 -1.18779e-06
48.86 -2.93466e-06
48.88 1.16478e-06
48.9 4.46041e-06
48.92 1.88024e-06
48.94 -2.43907e-06
48.96 -1.98225e-06
48.98 2.18782e-06
49 3.46045e-06
49.02 -2.84232e-09
49.04 -2.68872e-06
49.06 -5.28594e-07
49.08 2.96465e-06
49.1 2.38336e-06
49.12 -8.0073e-07
49.14 -7.39178e-07
49.16 2.95901e-06
49.18 4.51303e-06
49.2 9.85625e-07
49.22 -2.58821e-06
49.24 -9.11374e-07
49.26 2.46065e-06
49.28 1.13857e-06
49.3 -3.27366e-06
49.32 -4.10146e-06
49.34 -1.89632e-07
49.36 2.64085e-06
49.38 3.55974e-07
49.4 -3.22344e-06
49.42 -2.16977e-06
49.44 2.1082e-06
49.46 3.18523e-06
49.48 -2.14153e-07
49.5 -2.73797e-06
49.52 -1.08676e-06
49.54 1.24462e-06
49.56 3.69357e-07
49.58 -2.07644e-06
49.6 -2.68374e-06
49.62 -1.71967e-06
49.64 -2.08883e-06
49.66 -4.4755e-06
49.68 -5.87848e-06
49.7 -4.34833e-06
49.72 -2.13643e-06
49.74 -1.83266e-06
49.76 -2.44287e-06
49.78 -1.41531e-06
49.8 7.44582e-07
49.82 8.86382e-07
49.84 -1.27809e-06
49.86 -1.8877e-06
49.88 1.0109e-06
49.9 3.73318e-06
49.92 2.31639e-06
49.94 -1.14545e-06
49.96 -1.84718e-06
49.98 2.90813e-07
50 1.15054e-06
50.02 -1.08011e-06
50.04 -3.2728e-06
50.06 -1.82725e-06
50.08 1.76177e-06
50.1 2.4023e-06
50.12 -1.02954e-06
50.14 -3.70343e-06
50.16 -2.19838e-06
50.18 9.08507e-07
50.2 1.36935e-06
50.22 -1.19755e-06
50.24 -3.22338e-06
50.26 -1.85714e-06
50.28 1.02032e-06
50.3 1.38193e-06
50.32 -6.44364e-07
50.34 -1.06588e-06
50.36 1.0922e-06
50.38 2.31378e-06
50.4 8.09679e-07
50.42 -7.27494e-07
50.44 3.788e-07
50.46 2.69108e-06
50.48 2.65792e-06
50.5 -1.75981e-07
50.52 -2.14434e-06
50.54 -6.4813e-07
50.56 2.15427e-06
50.58 2.51481e-06
50.6 5.02593e-07
50.62 -3.18659e-07
50.64 1.21864e-06
50.66 2.20088e-06
50.68 8.05812e-07
50.7 -7.38968e-07
50.72 -4.83439e-08
50.74 1.57193e-06
50.76 1.28502e-06
50.78 -7.66544e-07
50.8 -1.56785e-06
50.82 -3.18228e-07
50.84 -1.0142e-08
50.86 -2.04267e-06
50.88 -3.5677e-06
50.9 -2.45913e-06
50.92 -6.7271e-07
50.94 -7.92601e-07
50.96 -2.51392e-06
50.98 -3.51213e-06
51 -2.47296e-06
51.02 -7.25919e-07
51.04 -5.25049e-07
51.06 -1.72349e-06
51.08 -1.92277e-06
51.1 -5.13921e-07
51.12 4.73832e-07
51.14 -3.00995e-07
51.16 -1.83316e-06
51.18 -2.19254e-06
51.2 -8.28325e-07
51.22 5.25933e-07
51.24 1.4127e-07
51.26 -7.80694e-07
51.28 2.75809e-07
51.3 2.99704e-06
51.32 4.68531e-06
51.34 3.23959e-06
51.36 -1.71293e-06
51.38 -7.42117e-06
51.4 -9.32415e-06
51.42 -5.67067e-06
51.44 1.07489e-06
51.46 6.21793e-06
51.48 5.62954e-06
51.5 4.81337e-07
51.52 -1.83519e-06
51.54 2.17759e-06
51.56 5.80565e-06
51.58 2.77963e-06
51.6 -3.25586e-06
51.62 -4.65073e-06
51.64 6.13748e-08
51.66 4.8139e-06
51.68 4.37111e-06
51.7 8.97638e-07
51.72 -2.50389e-08
51.74 2.30486e-06
51.76 3.28725e-06
51.78 4.4502e-07
51.8 -3.29917e-06
51.82 -4.14753e-06
51.84 -1.90509e-06
51.86 5.85489e-07
51.88 7.7733e-07
51.9 -8.0509e-07
51.92 -1.41044e-06
51.94 1.41152e-07
51.96 2.01559e-06
51.98 2.16325e-06
52 1.09934e-06
52.02 5.74955e-07
52.04 6.6902e-07
52.06 7.70701e-08
52.08 -1.28932e-06
52.1 -1.70744e-06
52.12 -3.80934e-07
52.14 4.62555e-07
52.16 -8.70945e-07
52.18 -1.95305e-06
52.2 2.58402e-08
52.22 3.43761e-06
52.24 4.19255e-06
52.26 1.65549e-06
52.28 -4.3247e-07
52.3 4.50479e-07
52.32 2.1855e-06
52.34 1.37358e-06
52.36 -1.58576e-06
52.38 -2.87949e-06
52.4 -1.00876e-06
52.42 8.65671e-07
52.44 -3.09944e-08
52.46 -1.49209e-06
52.48 -1.91646e-07
52.5 2.33107e-06
52.52 2.07435e-06
52.54 -1.02155e-06
52.56 -2.87901e-06
52.58 -1.54854e-06
52.6 -4.75879e-08
52.62 -1.06251e-06
52.64 -2.98095e-06
52.66 -2.87679e-06
52.68 -9.30108e-07
52.7 2.35865e-07
52.72 -2.63766e-07
52.74 -1.09812e-06
52.76 -1.16854e-06
52.78 -7.47172e-07
52.8 -7.69393e-07
52.82 -1.3036e-06
52.84 -1.44213e-06
52.86 -9.72029e-07
52.88 -8.57744e-07
52.9 -1.26618e-06
52.92 -9.18008e-07
52.94 2.96798e-07
52.96 4.33574e-07
52.98 -9.4789e-07
53 -1.49547e-06
53.02 7.24636e-08
53.04 1.75089e-06
53.06 1.32512e-06
53.08 -9.96605e-08
53.1 1.46521e-07
53.12 2.06381e-06
53.14 2.76595e-06
53.16 1.23774e-06
53.18 1.67758e-07
53.2 1.00531e-06
53.22 1.79917e-06
53.24 8.38969e-07
53.26 -7.69306e-07
53.28 -1.06354e-06
53.3 -2.73973e-07
53.32 -2.76796e-07
53.34 -1.70192e-06
53.36 -2.69932e-06
53.38 -1.62023e-06
53.4 2.47482e-09
53.42 -1.17367e-07
53.44 -1.24305e-06
53.46 -1.26641e-06
53.48 -2.2043e-07
53.5 2.3753e-07
53.52 -2.78647e-07
53.54 -4.90906e-07
53.56 1.93744e-07
53.58 7.3337e-07
53.6 1.4172e-07
53.62 -1.0668e-06
53.64 -1.63559e-06
53.66 -1.0843e-06
53.68 -3.57043e-07
53.7 -6.04072e-07
53.72 -1.10478e-06
53.74 -4.11681e-07
53.76 9.73212e-07
53.78 1.3951e-06
53.8 6.64347e-07
53.82 1.80775e-08
53.84 4.09918e-07
53.86 1.42569e-06
53.88 1.42096e-06
53.9 -1.5364e-07
53.92 -1.25823e-06
53.94 -2.10108e-07
53.96 1.38968e-06
53.98 1.15791e-06
54 -4.80093e-07
54.02 -1.12936e-06
54.04 7.78851e-08
54.06 1.43548e-06
54.08 1.26653e-06
54.1 1.31047e-07
54.12 2.51554e-08
54.14 1.24649e-06
54.16 1.61016e-06
54.18 2.60013e-07
54.2 -1.11494e-06
54.22 -1.49143e-06
54.24 -1.38538e-06
54.26 -1.40577e-06
54.28 -1.71001e-06
54.3 -1.70221e-06
54.32 -9.96521e-07
54.34 -4.55451e-07
54.36 -8.34437e-07
54.38 -1.56007e-06
54.4 -1.5921e-06
54.42 -7.73658e-07
54.44 1.95709e-07
54.46 7.10494e-07
54.48 7.56149e-07
54.5 6.9113e-07
54.52 9.0183e-07
54.54 1.24767e-06
54.56 1.07748e-06
54.58 2.8076e-07
54.6 -2.96323e-07
54.62 1.91239e-07
54.64 1.13403e-06
54.66 1.07931e-06
54.68 -2.80509e-07
54.7 -1.74316e-06
54.72 -1.87744e-06
54.74 -1.03181e-06
54.76 -1.06054e-06
54.78 -2.21758e-06
54.8 -2.76211e-06
54.82 -1.94965e-06
54.84 -6.90823e-07
54.86 5.78928e-08
54.88 2.60112e-07
54.9 7.13037e-07
54.92 1.5272e-06
54.94 1.74412e-06
54.96 1.35791e-06
54.98 1.39427e-06
55 1.65056e-06
55.02 1.11683e-06
55.04 2.81925e-08
55.06 -3.86111e-07
55.08 5.83452e-08
55.1 3.10207e-07
55.12 3.82665e-08
55.14 -2.85544e-07
55.16 -3.22531e-07
55.18 -5.6326e-08
55.2 3.14543e-07
55.22 7.13017e-07
55.24 1.0627e-06
55.26 1.20541e-06
55.28 1.08559e-06
55.3 7.45219e-07
55.32 5.52593e-07
55.34 9.12104e-07
55.36 1.07381e-06
55.38 8.11678e-08
55.4 -1.05154e-06
55.42 -7.50587e-07
55.44 2.52917e-07
55.46 1.98919e-07
55.48 -8.33416e-07
55.5 -1.65359e-06
55.52 -1.59756e-06
55.54 -9.73882e-07
55.56 -6.02696e-07
55.58 -5.87446e-07
55.6 -5.55133e-07
55.62 -2.047e-07
55.64 1.78246e-07
55.66 -4.21157e-07
55.68 -1.65466e-06
55.7 -1.59292e-06
55.72 9.8456e-08
55.74 1.26913e-06
55.76 4.13761e-07
55.78 -1.07928e-06
55.8 -8.67114e-07
55.82 9.51962e-07
55.84 1.79294e-06
55.86 6.24288e-07
55.88 8.85169e-08
55.9 2.2831e-06
55.92 4.21437e-06
55.94 7.54513e-07
55.96 -6.42311e-06
55.98 -8.61939e-06
56 -3.06123e-06
56.02 2.93166e-06
56.04 2.63862e-06
56.06 -2.02132e-06
56.08 -3.28498e-06
56.1 1.68359e-06
56.12 6.5514e-06
56.14 5.01082e-06
56.16 -8.80094e-07
56.18 -3.6175e-06
56.2 -7.64348e-07
56.22 1.84689e-06
56.24 -5.56778e-08
56.26 -2.9445e-06
56.28 -1.94477e-06
56.3 1.9594e-06
56.32 3.72862e-06
56.34 1.47664e-06
56.36 -9.3086e-07
56.38 -9.57718e-08
56.4 1.77111e-06
56.42 1.06938e-06
56.44 -9.49599e-07
56.46 -1.91298e-07
56.48 3.00282e-06
56.5 3.73639e-06
56.52 6.83422e-07
56.54 -1.46855e-06
56.56 4.99463e-07
56.58 3.29797e-06
56.6 1.95026e-06
56.62 -2.41246e-06
56.64 -3.86551e-06
56.66 -6.16308e-07
56.68 2.5113e-06
56.7 1.0886e-06
56.72 -2.59232e-06
56.74 -2.92224e-06
56.76 5.66522e-07
56.78 2.67752e-06
56.8 5.66797e-07
56.82 -2.00972e-06
56.84 -9.46369e-07
56.86 1.8842e-06
56.88 2.37157e-06
56.9 -1.48445e-07
56.92 -2.48886e-06
56.94 -1.79828e-06
56.96 -2.89338e-08
56.98 -8.5022e-07
57 -3.41219e-06
57.02 -3.70071e-06
57.04 -1.35137e-06
57.06 -3.26217e-07
57.08 -1.98292e-06
57.1 -2.52469e-06
57.12 7.73586e-08
57.14 2.00302e-06
57.16 1.51623e-07
57.18 -2.59724e-06
57.2 -1.83606e-06
57.22 1.4885e-06
57.24 2.20216e-06
57.26 -1.07928e-06
57.28 -3.55273e-06
57.3 -1.35382e-06
57.32 2.47383e-06
57.34 2.33129e-06
57.36 -1.34095e-06
57.38 -2.52591e-06
57.4 9.38959e-07
57.42 3.89307e-06
57.44 2.02429e-06
57.46 -1.86152e-06
57.48 -2.4366e-06
57.5 5.56597e-07
57.52 2.54202e-06
57.54 8.59286e-07
57.56 -1.90543e-06
57.58 -1.82359e-06
57.6 7.89755e-07
57.62 2.15106e-06
57.64 6.46212e-07
57.66 -1.22456e-06
57.68 -7.91052e-07
57.7 8.9635e-07
57.72 9.90014e-07
57.74 -6.70551e-07
57.76 -1.54201e-06
57.78 -4.62123e-07
57.8 6.60955e-07
57.82 7.73905e-08
57.84 -1.04551e-06
57.86 -7.21766e-07
57.88 5.70159e-07
57.9 7.00923e-07
57.92 -5.62047e-07
57.94 -1.10016e-06
57.96 3.96167e-08
57.98 1.02729e-06
58 2.81979e-07
58.02 -1.00717e-06
58.04 -9.52892e-07
58.06 2.06025e-07
58.08 7.40179e-07
58.1 -1.24084e-08
58.12 -7.95452e-07
58.14 -4.0105e-07
58.16 5.26635e-07
58.18 5.95451e-07
58.2 -1.96486e-07
58.22 -5.56983e-07
58.24 6.10374e-08
58.26 6.48929e-07
58.28 2.82726e-07
58.3 -4.43449e-07
58.32 -4.03775e-07
58.34 3.08064e-07
58.36 5.78449e-07
58.38 4.03207e-08
58.4 -4.05393e-07
58.42 -5.46058e-08
58.44 5.26566e-07
58.46 4.41712e-07
58.48 -1.55618e-07
58.5 -3.51352e-07
58.52 1.26651e-07
58.54 5.2435e-07
58.56 2.38718e-07
58.58 -2.62135e-07
58.6 -1.97697e-07
58.62 3.08107e-07
58.64 4.58202e-07
58.66 4.85967e-08
58.68 -2.52698e-07
58.7 7.11265e-09
58.72 3.91482e-07
58.74 3.06919e-07
58.76 -8.57509e-08
58.78 -1.67696e-07
58.8 1.66198e-07
58.82 3.81235e-07
58.84 1.58252e-07
58.86 -1.36727e-07
58.88 -5.20333e-08
58.9 2.60747e-07
58.92 3.15172e-07
58.94 4.69928e-08
58.96 -1.16613e-07
58.98 6.52782e-08
59 2.9594e-07
59.02 2.24761e-07
59.04 -1.97941e-08
59.06 -5.5764e-08
59.08 1.58615e-07
59.1 2.84095e-07
59.12 1.38067e-07
59.14 -3.98844e-08
59.16 2.21181e-08
59.18 2.15494e-07
59.2 2.40447e-07
59.22 7.14451e-08
59.24 -2.23772e-08
59.26 9.67766e-08
59.28 2.35904e-07
59.3 1.84615e-07
59.32 3.40448e-08
59.34 1.92488e-08
59.36 1.54669e-07
59.38 2.26936e-07
59.4 1.32183e-07
59.42 2.5676e-08
59.44 7.01589e-08
59.46 1.89575e-07
59.48 1.99728e-07
59.5 9.36376e-08
59.52 4.03466e-08
59.54 1.17975e-07
59.56 2.01746e-07
59.58 1.65869e-07
59.6 7.35745e-08
59.62 6.91205e-08
59.64 1.54553e-07
59.66 1.96029e-07
59.68 1.3495e-07
59.7 7.1485e-08
59.72 1.02774e-07
59.74 1.76434e-07
59.76 1.79548e-07
59.78 1.13211e-07
59.8 8.3334e-08
59.82 1.33764e-07
59.84 1.84151e-07
59.86 1.59526e-07
59.88 1.03171e-07
59.9 1.03422e-07
59.92 1.57269e-07
59.94 1.80967e-07
59.96 1.41843e-07
59.98 -3.37163e-09
