0.02 3.73901e-05
0.04 0.000105929
0.06 0.000115971
0.08 5.30736e-05
0.1 1.51967e-05
0.12 5.67704e-05
0.14 0.000109746
0.16 9.49081e-05
0.18 4.27673e-05
0.2 4.01725e-05
0.22 9.4324e-05
0.24 0.0001273
0.26 0.00010097
0.28 7.30079e-05
0.3 0.000101205
0.32 0.000147543
0.34 0.000153453
0.36 0.000141036
0.38 0.000136065
0.4 7.14608e-05
0.42 -9.02236e-05
0.44 -8.24066e-05
0.46 0.000250713
0.48 0.000396072
0.5 1.45181e-05
0.52 -0.000374791
0.54 -0.000272677
0.56 -8.00339e-05
0.58 -0.000395184
0.6 -0.000727759
0.62 -0.000331952
0.64 0.000130579
0.66 -0.00016197
0.68 -0.00100026
0.7 -0.0014652
0.72 -0.000345359
0.74 0.0012622
0.76 0.000902755
0.78 -0.000485759
0.8 0.000131078
0.82 0.0026757
0.84 0.00397825
0.86 0.00236737
0.88 -9.11401e-05
0.9 -0.000499875
0.92 0.00113032
0.94 0.00191285
0.96 -0.00023273
0.98 -0.00310498
1 -0.00285393
1.02 0.000316054
1.04 0.0020508
1.06 -0.00036888
1.08 -0.00410524
1.1 -0.00451335
1.12 -0.00115371
1.14 0.00214877
1.16 0.00147585
1.18 -0.00294276
1.2 -0.00506993
1.22 -0.000890888
1.24 0.00374788
1.26 0.00168928
1.28 -0.00458201
1.3 -0.00744958
1.32 -0.00322517
1.34 0.00440205
1.36 0.00765887
1.38 0.00299887
1.4 -0.00431512
1.42 -0.00574519
1.44 -0.000334479
1.46 0.00311063
1.48 -0.00262992
1.5 -0.0134265
1.52 -0.0205448
1.54 -0.019762
1.56 -0.0124089
1.58 -0.00425795
1.6 -0.000549087
1.62 -0.00191113
1.64 -0.00544457
1.66 -0.00737762
1.68 -0.00608788
1.7 -0.00297837
1.72 -0.000913029
1.74 -0.0023353
1.76 -0.00638339
1.78 -0.00897769
1.8 -0.00820813
1.82 -0.00632804
1.84 -0.00637833
1.86 -0.00861304
1.88 -0.00886899
1.9 -0.00415743
1.92 0.000928384
1.94 -0.000555041
1.96 -0.00843521
1.98 -0.0159264
2 -0.0181267
2.02 -0.0161541
2.04 -0.0138817
2.06 -0.0136975
2.08 -0.0157318
2.1 -0.018875
2.12 -0.0204858
2.14 -0.0175623
2.16 -0.0106175
2.18 -0.00350694
2.2 0.000567441
2.22 -0.000343551
2.24 -0.00606693
2.26 -0.0125322
2.28 -0.016276
2.3 -0.0172915
2.32 -0.0163383
2.34 -0.0144906
2.36 -0.0122697
2.38 -0.00995387
2.4 -0.0106211
2.42 -0.0159081
2.44 -0.0211875
2.46 -0.0207944
2.48 -0.0138262
2.5 -0.00349209
2.52 0.00457773
2.54 0.00459226
2.56 -0.00228267
2.58 -0.00604539
2.6 0.00281352
2.62 0.0239777
2.64 0.0564351
2.66 0.10525
2.68 0.173731
2.7 0.262037
2.72 0.371233
2.74 0.505018
2.76 0.668671
2.78 0.865857
2.8 1.09871
2.82 1.37068
2.84 1.68526
2.86 2.04461
2.88 2.44833
2.9 2.89251
2.92 3.37441
2.94 3.89293
2.96 4.44506
2.98 5.02841
3 5.64345
3.02 6.28437
3.04 6.93652
3.06 7.58883
3.08 8.23345
3.1 8.85871
3.12 9.45233
3.14 10.0028
3.16 10.4974
3.18 10.9225
3.2 11.2659
3.22 11.5175
3.24 11.6685
3.26 11.7123
3.28 11.6465
3.3 11.4757
3.32 11.209
3.34 10.8582
3.36 10.4407
3.38 9.97719
3.4 9.48429
3.42 8.97487
3.44 8.4652
3.46 7.97841
3.48 7.5355
3.5 7.14796
3.52 6.82257
3.54 6.56538
3.56 6.38031
3.58 6.27012
3.6 6.23922
3.62 6.29328
3.64 6.42897
3.66 6.62168
3.68 6.84304
3.7 7.07988
3.72 7.31909
3.74 7.54004
3.76 7.72606
3.78 7.86849
3.8 7.96227
3.82 8.00132
3.84 7.98103
3.86 7.90034
3.88 7.75784
3.9 7.55309
3.92 7.28766
3.94 6.96273
3.96 6.57857
3.98 6.14004
4 5.66264
4.02 5.16075
4.04 4.63947
4.06 4.10553
4.08 3.57113
4.1 3.04737
4.12 2.54348
4.14 2.06998
4.16 1.63664
4.18 1.24462
4.2 0.881694
4.22 0.533246
4.24 0.192435
4.26 -0.145812
4.28 -0.487406
4.3 -0.834738
4.32 -1.17891
4.34 -1.49966
4.36 -1.78485
4.38 -2.03559
4.4 -2.25494
4.42 -2.4469
4.44 -2.61679
4.46 -2.76456
4.48 -2.88046
4.5 -2.96103
4.52 -3.01798
4.54 -3.05969
4.56 -3.08524
4.58 -3.09218
4.6 -3.08085
4.62 -3.054
4.64 -3.00834
4.66 -2.93599
4.68 -2.83484
4.7 -2.70556
4.72 -2.54598
4.74 -2.35395
4.76 -2.12899
4.78 -1.87675
4.8 -1.61115
4.82 -1.34173
4.84 -1.06889
4.86 -0.793278
4.88 -0.518202
4.9 -0.246549
4.92 0.0176334
4.94 0.266793
4.96 0.494404
4.98 0.696721
5 0.866479
5.02 0.992371
5.04 1.06351
5.06 1.07705
5.08 1.04843
5.1 0.999132
5.12 0.937432
5.14 0.86554
5.16 0.788615
5.18 0.712851
5.2 0.64491
5.22 0.592349
5.24 0.556402
5.26 0.523826
5.28 0.481699
5.3 0.432229
5.32 0.386065
5.34 0.354048
5.36 0.341786
5.38 0.348296
5.4 0.369688
5.42 0.402512
5.44 0.448039
5.46 0.51099
5.48 0.59257
5.5 0.690086
5.52 0.800633
5.54 0.920754
5.56 1.04453
5.58 1.16533
5.6 1.27856
5.62 1.38104
5.64 1.47219
5.66 1.55401
5.68 1.6251
5.7 1.68172
5.72 1.72263
5.74 1.7471
5.76 1.75337
5.78 1.73899
5.8 1.70209
5.82 1.64458
5.84 1.57015
5.86 1.47962
5.88 1.37267
5.9 1.24927
5.92 1.11192
5.94 0.97003
5.96 0.834836
5.98 0.714654
6 0.617591
6.02 0.548703
6.04 0.508971
6.06 0.501401
6.08 0.527437
6.1 0.581887
6.12 0.660902
6.14 0.764771
6.16 0.89211
6.18 1.03315
6.2 1.17008
6.22 1.28921
6.24 1.38222
6.26 1.43943
6.28 1.45288
6.3 1.42232
6.32 1.35574
6.34 1.26202
6.36 1.14713
6.38 1.01758
6.4 0.879615
6.42 0.737736
6.44 0.596506
6.46 0.459547
6.48 0.325588
6.5 0.187555
6.52 0.0380372
6.54 -0.128365
6.56 -0.313212
6.58 -0.509164
6.6 -0.708572
6.62 -0.910948
6.64 -1.11264
6.66 -1.30168
6.68 -1.46686
6.7 -1.60433
6.72 -1.71863
6.74 -1.8205
6.76 -1.91776
6.78 -2.00995
6.8 -2.09246
6.82 -2.16226
6.84 -2.21783
6.86 -2.25633
6.88 -2.27589
6.9 -2.27813
6.92 -2.26746
6.94 -2.24868
6.96 -2.22296
6.98 -2.18676
7 -2.13566
7.02 -2.0691
7.04 -1.98978
7.06 -1.89987
7.08 -1.80047
7.1 -1.69134
7.12 -1.571
7.14 -1.43964
7.16 -1.29877
7.18 -1.14884
7.2 -0.989477
7.22 -0.82035
7.24 -0.641534
7.26 -0.455608
7.28 -0.270206
7.3 -0.0928623
7.32 0.0755117
7.34 0.237711
7.36 0.395006
7.38 0.54679
7.4 0.692286
7.42 0.829858
7.44 0.956839
7.46 1.07077
7.48 1.1684
7.5 1.24695
7.52 1.30583
7.54 1.34354
7.56 1.35755
7.58 1.34841
7.6 1.3213
7.62 1.28315
7.64 1.23997
7.66 1.19814
7.68 1.16303
7.7 1.1348
7.72 1.10993
7.74 1.08559
7.76 1.0637
7.78 1.04948
7.8 1.04536
7.82 1.05068
7.84 1.06226
7.86 1.07287
7.88 1.07595
7.9 1.06958
7.92 1.05347
7.94 1.02779
7.96 0.994107
7.98 0.953851
8 0.908183
8.02 0.860228
8.04 0.81472
8.06 0.774913
8.08 0.741912
8.1 0.716721
8.12 0.700661
8.14 0.694192
8.16 0.697088
8.18 0.710227
8.2 0.736291
8.22 0.776477
8.24 0.824282
8.26 0.869003
8.28 0.9063
8.3 0.937751
8.32 0.966166
8.34 0.994382
8.36 1.0224
8.38 1.04791
8.4 1.07029
8.42 1.09083
8.44 1.10902
8.46 1.11921
8.48 1.1158
8.5 1.09994
8.52 1.07595
8.54 1.04706
8.56 1.01673
8.58 0.989072
8.6 0.968734
8.62 0.959443
8.64 0.960142
8.66 0.968607
8.68 0.986879
8.7 1.01714
8.72 1.05865
8.74 1.10893
8.76 1.16434
8.78 1.22114
8.8 1.27578
8.82 1.32365
8.84 1.35889
8.86 1.37452
8.88 1.36681
8.9 1.33917
8.92 1.29582
8.94 1.2405
8.96 1.17833
8.98 1.11105
9 1.03844
9.02 0.96167
9.04 0.881219
9.06 0.798428
9.08 0.717898
9.1 0.642366
9.12 0.569916
9.14 0.499272
9.16 0.430558
9.18 0.361636
9.2 0.2899
9.22 0.214738
9.24 0.137294
9.26 0.0602182
9.28 -0.0132226
9.3 -0.0790103
9.32 -0.132486
9.34 -0.1698
9.36 -0.188135
9.38 -0.186939
9.4 -0.169072
9.42 -0.137743
9.44 -0.0934511
9.46 -0.035939
9.48 0.0312777
9.5 0.101534
9.52 0.170371
9.54 0.236113
9.56 0.296209
9.58 0.350625
9.6 0.405992
9.62 0.466712
9.64 0.527483
9.66 0.579488
9.68 0.617318
9.7 0.638045
9.72 0.64104
9.74 0.631017
9.76 0.610513
9.78 0.573976
9.8 0.518952
9.82 0.449611
9.84 0.370859
9.86 0.29029
9.88 0.216797
9.9 0.155963
9.92 0.110032
9.94 0.0770267
9.96 0.0536735
9.98 0.0412206
10 0.0439288
10.02 0.0643081
10.04 0.10226
10.06 0.156158
10.08 0.221967
10.1 0.293314
10.12 0.364023
10.14 0.428315
10.16 0.481727
10.18 0.523587
10.2 0.554572
10.22 0.573723
10.24 0.579458
10.26 0.570941
10.28 0.548798
10.3 0.515803
10.32 0.476446
10.34 0.43491
10.36 0.394145
10.38 0.356406
10.4 0.323284
10.42 0.29666
10.44 0.279284
10.46 0.272923
10.48 0.277791
10.5 0.294144
10.52 0.322488
10.54 0.36147
10.56 0.405663
10.58 0.449192
10.6 0.491105
10.62 0.532625
10.64 0.573226
10.66 0.611996
10.68 0.647718
10.7 0.677006
10.72 0.696494
10.74 0.705415
10.76 0.703602
10.78 0.691381
10.8 0.67195
10.82 0.649331
10.84 0.625863
10.86 0.601837
10.88 0.574763
10.9 0.542337
10.92 0.505647
10.94 0.467058
10.96 0.428288
10.98 0.390815
11 0.355442
11.02 0.32192
11.04 0.290013
11.06 0.260644
11.08 0.235526
11.1 0.216344
11.12 0.205442
11.14 0.205939
11.16 0.220011
11.18 0.247939
11.2 0.288755
11.22 0.341175
11.24 0.402547
11.26 0.467674
11.28 0.531117
11.3 0.589305
11.32 0.640061
11.34 0.681783
11.36 0.712697
11.38 0.730953
11.4 0.736792
11.42 0.733118
11.44 0.722379
11.46 0.705134
11.48 0.681629
11.5 0.652539
11.52 0.618928
11.54 0.582686
11.56 0.546546
11.58 0.513423
11.6 0.486044
11.62 0.466836
11.64 0.457443
11.66 0.458305
11.68 0.468716
11.7 0.486955
11.72 0.510856
11.74 0.538564
11.76 0.567743
11.78 0.594723
11.8 0.615371
11.82 0.626178
11.84 0.625191
11.86 0.61232
11.88 0.588492
11.9 0.55622
11.92 0.52054
11.94 0.486699
11.96 0.457772
11.98 0.434956
12 0.418276
12.02 0.407503
12.04 0.403026
12.06 0.405263
12.08 0.414118
12.1 0.42886
12.12 0.447784
12.14 0.469814
12.16 0.495782
12.18 0.52627
12.2 0.560055
12.22 0.594846
12.24 0.627606
12.26 0.654897
12.28 0.673762
12.3 0.681911
12.32 0.677741
12.34 0.660745
12.36 0.63189
12.38 0.593748
12.4 0.550036
12.42 0.504725
12.44 0.461465
12.46 0.423126
12.48 0.391744
12.5 0.369143
12.52 0.356941
12.54 0.355884
12.56 0.365753
12.58 0.386087
12.6 0.416497
12.62 0.456369
12.64 0.504327
12.66 0.557371
12.68 0.611543
12.7 0.663522
12.72 0.710763
12.74 0.751155
12.76 0.782927
12.78 0.804473
12.8 0.815165
12.82 0.816665
12.84 0.811718
12.86 0.801574
12.88 0.785941
12.9 0.764729
12.92 0.739094
12.94 0.71071
12.96 0.68066
12.98 0.649652
13 0.618473
13.02 0.587776
13.04 0.558089
13.06 0.53042
13.08 0.506336
13.1 0.48727
13.12 0.474302
13.14 0.468286
13.16 0.469455
13.18 0.476941
13.2 0.489333
13.22 0.505893
13.24 0.526642
13.26 0.551421
13.28 0.578892
13.3 0.606347
13.32 0.63111
13.34 0.651783
13.36 0.668297
13.38 0.68157
13.4 0.692412
13.42 0.700576
13.44 0.705591
13.46 0.70723
13.48 0.704721
13.5 0.697192
13.52 0.684835
13.54 0.668647
13.56 0.649439
13.58 0.627622
13.6 0.603441
13.62 0.577358
13.64 0.550418
13.66 0.524025
13.68 0.499248
13.7 0.476558
13.72 0.456297
13.74 0.439235
13.76 0.426868
13.78 0.421114
13.8 0.423503
13.82 0.434559
13.84 0.453789
13.86 0.479773
13.88 0.510192
13.9 0.542629
13.92 0.575388
13.94 0.607516
13.96 0.638596
13.98 0.668318
14 0.696089
14.02 0.721798
14.04 0.746635
14.06 0.772049
14.08 0.798619
14.1 0.825799
14.12 0.851076
14.14 0.870556
14.16 0.88171
14.18 0.88427
14.2 0.878469
14.22 0.863608
14.24 0.838616
14.26 0.803463
14.28 0.759697
14.3 0.709857
14.32 0.656286
14.34 0.600246
14.36 0.542507
14.38 0.484499
14.4 0.428012
14.42 0.374265
14.44 0.323948
14.46 0.278076
14.48 0.238203
14.5 0.206173
14.52 0.184027
14.54 0.173527
14.56 0.175599
14.58 0.189927
14.6 0.215195
14.62 0.250429
14.64 0.295688
14.66 0.350895
14.68 0.414409
14.7 0.481965
14.72 0.547673
14.74 0.607312
14.76 0.659591
14.78 0.704533
14.8 0.741334
14.82 0.768216
14.84 0.78456
14.86 0.791341
14.88 0.788944
14.9 0.77692
14.92 0.756529
14.94 0.730718
14.96 0.701618
14.98 0.67029
15 0.637825
15.02 0.605407
15.04 0.573702
15.06 0.542769
15.08 0.512834
15.1 0.484604
15.12 0.459394
15.14 0.439585
15.16 0.427689
15.18 0.424873
15.2 0.43111
15.22 0.445819
15.24 0.467486
15.26 0.493694
15.28 0.521837
15.3 0.549332
15.32 0.57402
15.34 0.594803
15.36 0.611616
15.38 0.624997
15.4 0.635802
15.42 0.645028
15.44 0.653403
15.46 0.66082
15.48 0.666179
15.5 0.668213
15.52 0.666831
15.54 0.662989
15.56 0.657701
15.58 0.652124
15.6 0.647578
15.62 0.644742
15.64 0.643217
15.66 0.641761
15.68 0.639239
15.7 0.635657
15.72 0.632048
15.74 0.629781
15.76 0.629865
15.78 0.632461
15.8 0.637253
15.82 0.64373
15.84 0.65077
15.86 0.656888
15.88 0.661148
15.9 0.663392
15.92 0.663932
15.94 0.663429
15.96 0.662918
15.98 0.663412
16 0.665315
16.02 0.668571
16.04 0.672866
16.06 0.677411
16.08 0.681452
16.1 0.684661
16.12 0.686416
16.14 0.685505
16.16 0.681154
16.18 0.67403
16.2 0.665683
16.22 0.657222
16.24 0.648913
16.26 0.640037
16.28 0.629322
16.3 0.616791
16.32 0.604204
16.34 0.593031
16.36 0.583229
16.38 0.574145
16.4 0.565551
16.42 0.557379
16.44 0.54928
16.46 0.540785
16.48 0.531377
16.5 0.520061
16.52 0.505178
16.54 0.485261
16.56 0.460334
16.58 0.432051
16.6 0.402477
16.62 0.37311
16.64 0.344741
16.66 0.317906
16.68 0.295135
16.7 0.282585
16.72 0.286781
16.74 0.312077
16.76 0.361686
16.78 0.437121
16.8 0.537314
16.82 0.659759
16.84 0.799605
16.86 0.946439
16.88 1.08924
16.9 1.22423
16.92 1.35035
16.94 1.46366
16.96 1.56036
16.98 1.63867
17 1.69742
17.02 1.73582
17.04 1.75334
17.06 1.74896
17.08 1.72168
17.1 1.67097
17.12 1.59602
17.14 1.49667
17.16 1.37587
17.18 1.23968
17.2 1.09317
17.22 0.938429
17.24 0.77807
17.26 0.616382
17.28 0.456211
17.3 0.298846
17.32 0.146503
17.34 0.0029927
17.36 -0.126573
17.38 -0.236314
17.4 -0.320748
17.42 -0.375264
17.44 -0.395765
17.46 -0.379702
17.48 -0.328195
17.5 -0.245673
17.52 -0.137004
17.54 -0.00692749
17.56 0.137228
17.58 0.286146
17.6 0.43246
17.62 0.570745
17.64 0.695843
17.66 0.803809
17.68 0.892501
17.7 0.960491
17.72 1.00593
17.74 1.02671
17.76 1.02192
17.78 0.992694
17.8 0.941418
17.82 0.871172
17.84 0.786911
17.86 0.69532
17.88 0.602043
17.9 0.510829
17.92 0.424959
17.94 0.348001
17.96 0.283942
17.98 0.236774
18 0.209201
18.02 0.201966
18.04 0.214496
18.06 0.245525
18.08 0.292109
18.1 0.348451
18.12 0.408081
18.14 0.466777
18.16 0.522081
18.18 0.571962
18.2 0.614333
18.22 0.646159
18.24 0.663138
18.26 0.660801
18.28 0.636202
18.3 0.589351
18.32 0.524734
18.34 0.452467
18.36 0.384176
18.38 0.327679
18.4 0.288565
18.42 0.272259
18.44 0.282874
18.46 0.322997
18.48 0.390871
18.5 0.477622
18.52 0.573464
18.54 0.673632
18.56 0.775173
18.58 0.874067
18.6 0.965784
18.62 1.0456
18.64 1.10999
18.66 1.15716
18.68 1.18562
18.7 1.19335
18.72 1.17849
18.74 1.14013
18.76 1.07808
18.78 0.992778
18.8 0.887954
18.82 0.773742
18.84 0.66184
18.86 0.560147
18.88 0.475545
18.9 0.41481
18.92 0.382031
18.94 0.379553
18.96 0.40862
18.98 0.467674
19 0.551276
19.02 0.651719
19.04 0.762165
19.06 0.876088
19.08 0.986198
19.1 1.08714
19.12 1.17607
19.14 1.24998
19.16 1.30561
19.18 1.34134
19.2 1.35614
19.22 1.34751
19.24 1.31263
19.26 1.25189
19.28 1.16999
19.3 1.07266
19.32 0.964953
19.34 0.85176
19.36 0.736678
19.38 0.622006
19.4 0.510114
19.42 0.40358
19.44 0.305649
19.46 0.221107
19.48 0.154941
19.5 0.110219
19.52 0.0877939
19.54 0.0872293
19.56 0.107892
19.58 0.148835
19.6 0.206823
19.62 0.276945
19.64 0.357121
19.66 0.447238
19.68 0.54354
19.7 0.639143
19.72 0.728368
19.74 0.808061
19.76 0.877264
19.78 0.935964
19.8 0.982507
19.82 1.01411
19.84 1.0297
19.86 1.03065
19.88 1.02067
19.9 1.00434
19.92 0.984706
19.94 0.964044
19.96 0.944226
19.98 0.925472
20 0.907392
20.02 0.890547
20.04 0.876126
20.06 0.865389
20.08 0.857875
20.1 0.848669
20.12 0.830814
20.14 0.801001
20.16 0.762164
20.18 0.721351
20.2 0.682831
20.22 0.645194
20.24 0.606533
20.26 0.567969
20.28 0.531075
20.3 0.495649
20.32 0.462904
20.34 0.436459
20.36 0.417804
20.38 0.406998
20.4 0.406494
20.42 0.41952
20.44 0.448178
20.46 0.493763
20.48 0.555944
20.5 0.630688
20.52 0.711567
20.54 0.792215
20.56 0.866581
20.58 0.934066
20.6 0.998999
20.62 1.05925
20.64 1.10679
20.66 1.13614
20.68 1.14312
20.7 1.12706
20.72 1.09548
20.74 1.0549
20.76 1.00514
20.78 0.947053
20.8 0.884232
20.82 0.817895
20.84 0.74768
20.86 0.675989
20.88 0.609128
20.9 0.553824
20.92 0.514239
20.94 0.49317
20.96 0.492659
20.98 0.513814
21 0.55523
21.02 0.610476
21.04 0.672633
21.06 0.739019
21.08 0.808767
21.1 0.880055
21.12 0.949032
21.14 1.01072
21.16 1.06275
21.18 1.10561
21.2 1.13828
21.22 1.15748
21.24 1.16017
21.26 1.14454
21.28 1.11037
21.3 1.0591
21.32 0.994119
21.34 0.922208
21.36 0.85204
21.38 0.789758
21.4 0.740055
21.42 0.706284
21.44 0.685671
21.46 0.674805
21.48 0.675954
21.5 0.689177
21.52 0.709062
21.54 0.73015
21.56 0.747306
21.58 0.755672
21.6 0.754495
21.62 0.747588
21.64 0.73842
21.66 0.727863
21.68 0.716388
21.7 0.706295
21.72 0.701994
21.74 0.706864
21.76 0.719618
21.78 0.735853
21.8 0.753132
21.82 0.771721
21.84 0.791217
21.86 0.809858
21.88 0.826533
21.9 0.841383
21.92 0.85538
21.94 0.870037
21.96 0.886451
21.98 0.904976
22 0.925926
22.02 0.949783
22.04 0.976941
22.06 1.00656
22.08 1.03509
22.1 1.05797
22.12 1.07232
22.14 1.07682
22.16 1.07121
22.18 1.05636
22.2 1.03335
22.22 1.00331
22.24 0.968067
22.26 0.92959
22.28 0.889562
22.3 0.849798
22.32 0.812359
22.34 0.779699
22.36 0.754267
22.38 0.737878
22.4 0.731853
22.42 0.736988
22.44 0.753042
22.46 0.778934
22.48 0.813471
22.5 0.854763
22.52 0.89953
22.54 0.944204
22.56 0.986
22.58 1.02301
22.6 1.05409
22.62 1.07842
22.64 1.09518
22.66 1.10371
22.68 1.1036
22.7 1.09457
22.72 1.07665
22.74 1.05049
22.76 1.01699
22.78 0.976922
22.8 0.931281
22.82 0.881916
22.84 0.831549
22.86 0.782976
22.88 0.738397
22.9 0.699366
22.92 0.666935
22.94 0.642096
22.96 0.626048
22.98 0.619854
23 0.623905
23.02 0.637596
23.04 0.659492
23.06 0.687714
23.08 0.720097
23.1 0.754549
23.12 0.789702
23.14 0.824801
23.16 0.858846
23.18 0.890616
23.2 0.919607
23.22 0.946219
23.24 0.970977
23.26 0.994166
23.28 1.01607
23.3 1.03674
23.32 1.05557
23.34 1.07157
23.36 1.0837
23.38 1.09081
23.4 1.09119
23.42 1.0828
23.44 1.06461
23.46 1.0375
23.48 1.00371
23.5 0.965381
23.52 0.923981
23.54 0.880944
23.56 0.838252
23.58 0.798293
23.6 0.763345
23.62 0.735038
23.64 0.714271
23.66 0.7014
23.68 0.696651
23.7 0.700652
23.72 0.713842
23.74 0.735482
23.76 0.763912
23.78 0.797301
23.8 0.833942
23.82 0.872469
23.84 0.911606
23.86 0.94954
23.88 0.984087
23.9 1.01363
23.92 1.03772
23.94 1.05637
23.96 1.06885
23.98 1.07408
24 1.07182
24.02 1.06327
24.04 1.05104
24.06 1.03737
24.08 1.02288
24.1 1.0073
24.12 0.989909
24.14 0.970227
24.16 0.94912
24.18 0.92807
24.2 0.907457
24.22 0.886907
24.24 0.866633
24.26 0.84764
24.28 0.831583
24.3 0.820101
24.32 0.813733
24.34 0.811549
24.36 0.811932
24.38 0.813817
24.4 0.816984
24.42 0.821746
24.44 0.828875
24.46 0.839204
24.48 0.852806
24.5 0.868821
24.52 0.886172
24.54 0.903971
24.56 0.92162
24.58 0.938997
24.6 0.956105
24.62 0.97261
24.64 0.988139
24.66 1.00262
24.68 1.01592
24.7 1.02718
24.72 1.03502
24.74 1.03842
24.76 1.03723
24.78 1.03205
24.8 1.02408
24.82 1.01441
24.84 1.00382
24.86 0.993055
24.88 0.982611
24.9 0.972658
24.92 0.963486
24.94 0.955555
24.96 0.949157
24.98 0.944427
25 0.941411
25.02 0.940051
25.04 0.940273
25.06 0.942058
25.08 0.945255
25.1 0.949397
25.12 0.95405
25.14 0.959163
25.16 0.964724
25.18 0.970411
25.2 0.975659
25.22 0.979734
25.24 0.981882
25.26 0.98146
25.28 0.977824
25.3 0.970329
25.32 0.95856
25.34 0.942952
25.36 0.925058
25.38 0.906637
25.4 0.888757
25.42 0.872032
25.44 0.857084
25.46 0.844458
25.48 0.834443
25.5 0.827146
25.52 0.822803
25.54 0.821877
25.56 0.824852
25.58 0.832111
25.6 0.84385
25.62 0.860077
25.64 0.880534
25.66 0.904556
25.68 0.931011
25.7 0.958448
25.72 0.985546
25.74 1.01121
25.76 1.03419
25.78 1.0533
25.8 1.06767
25.82 1.07679
25.84 1.08046
25.86 1.07897
25.88 1.0728
25.9 1.06215
25.92 1.04704
25.94 1.02774
25.96 1.005
25.98 0.97964
26 0.952311
26.02 0.923531
26.04 0.893901
26.06 0.864336
26.08 0.836185
26.1 0.810745
26.12 0.788671
26.14 0.770188
26.16 0.755654
26.18 0.745665
26.2 0.740892
26.22 0.741877
26.24 0.748798
26.26 0.761503
26.28 0.779693
26.3 0.802774
26.32 0.829825
26.34 0.85981
26.36 0.89152
26.38 0.923546
26.4 0.95455
26.42 0.9834
26.44 1.00912
26.46 1.03099
26.48 1.04882
26.5 1.06284
26.52 1.07303
26.54 1.07897
26.56 1.08027
26.58 1.07718
26.6 1.07059
26.62 1.06153
26.64 1.05058
26.66 1.03784
26.68 1.02341
26.7 1.00764
26.72 0.991035
26.74 0.973941
26.76 0.956682
26.78 0.939497
26.8 0.922652
26.82 0.906597
26.84 0.891694
26.86 0.878202
26.88 0.866387
26.9 0.85644
26.92 0.848713
26.94 0.843903
26.96 0.842777
26.98 0.845728
27 0.852496
27.02 0.862598
27.04 0.875831
27.06 0.891954
27.08 0.910257
27.1 0.929688
27.12 0.949313
27.14 0.968568
27.16 0.987045
27.18 1.00416
27.2 1.0191
27.22 1.03108
27.24 1.03958
27.26 1.04437
27.28 1.04542
27.3 1.04283
27.32 1.03683
27.34 1.0279
27.36 1.01678
27.38 1.00433
27.4 0.991234
27.42 0.977962
27.44 0.965064
27.46 0.953276
27.48 0.943075
27.5 0.934535
27.52 0.927428
27.54 0.921262
27.56 0.915548
27.58 0.909991
27.6 0.904476
27.62 0.898998
27.64 0.893514
27.66 0.888039
27.68 0.882846
27.7 0.87842
27.72 0.875477
27.74 0.875019
27.76 0.878157
27.78 0.885701
27.8 0.897893
27.82 0.91449
27.84 0.934925
27.86 0.958298
27.88 0.983305
27.9 1.00844
27.92 1.03229
27.94 1.05365
27.96 1.07166
27.98 1.08582
28 1.09565
28.02 1.1008
28.04 1.10114
28.06 1.09657
28.08 1.08704
28.1 1.07267
28.12 1.05397
28.14 1.03198
28.16 1.00772
28.18 0.982033
28.2 0.956047
28.22 0.931208
28.24 0.908869
28.26 0.890352
28.28 0.876925
28.3 0.869548
28.32 0.868779
28.34 0.874666
28.36 0.885752
28.38 0.898998
28.4 0.911895
28.42 0.923936
28.44 0.935781
28.46 0.947488
28.48 0.958287
28.5 0.967693
28.52 0.975862
28.54 0.983391
28.56 0.991011
28.58 0.999024
28.6 1.00691
28.62 1.01348
28.64 1.01782
28.66 1.02012
28.68 1.02126
28.7 1.02183
28.72 1.02183
28.74 1.02066
28.76 1.01718
28.78 1.01064
28.8 1.00162
28.82 0.991322
28.84 0.980285
28.86 0.968598
28.88 0.956805
28.9 0.945839
28.92 0.936686
28.94 0.930337
28.96 0.927456
28.98 0.927954
29 0.930972
29.02 0.935562
29.04 0.941613
29.06 0.949685
29.08 0.959886
29.1 0.971429
29.12 0.983128
29.14 0.993858
29.16 1.00273
29.18 1.00913
29.2 1.01274
29.22 1.0135
29.24 1.01142
29.26 1.00639
29.28 0.998605
29.3 0.98882
29.32 0.977733
29.34 0.965678
29.36 0.952996
29.38 0.940463
29.4 0.929179
29.42 0.920007
29.44 0.913312
29.46 0.909176
29.48 0.907679
29.5 0.908884
29.52 0.912721
29.54 0.918829
29.56 0.926324
29.58 0.934091
29.6 0.941549
29.62 0.948766
29.64 0.955743
29.66 0.962058
29.68 0.967272
29.7 0.97112
29.72 0.973454
29.74 0.974259
29.76 0.973661
29.78 0.972014
29.8 0.969756
29.82 0.967237
29.84 0.964881
29.86 0.963189
29.88 0.962507
29.9 0.962998
29.92 0.964868
29.94 0.968341
29.96 0.973345
29.98 0.979343
30 0.985365
30.02 0.99027
30.04 0.993159
30.06 0.993546
30.08 0.99115
30.1 0.985901
30.12 0.978228
30.14 0.969078
30.16 0.959591
30.18 0.950793
30.2 0.943464
30.22 0.938038
30.24 0.934661
30.26 0.933506
30.28 0.93491
30.3 0.939192
30.32 0.946501
30.34 0.956577
30.36 0.96871
30.38 0.982039
30.4 0.995649
30.42 1.00854
30.44 1.01957
30.46 1.02743
30.48 1.03109
30.5 1.03022
30.52 1.02527
30.54 1.01706
30.56 1.00633
30.58 0.993788
30.6 0.980222
30.62 0.966594
30.64 0.953975
30.66 0.943373
30.68 0.935481
30.7 0.930687
30.72 0.929166
30.74 0.930622
30.76 0.934348
30.78 0.939802
30.8 0.946625
30.82 0.954334
30.84 0.962503
30.86 0.970864
30.88 0.979197
30.9 0.987517
30.92 0.996122
30.94 1.00514
30.96 1.01424
30.98 1.02281
31 1.03014
31.02 1.03548
31.04 1.03824
31.06 1.03814
31.08 1.03493
31.1 1.0284
31.12 1.01879
31.14 1.00694
31.16 0.993888
31.18 0.980503
31.2 0.967408
31.22 0.955071
31.24 0.943947
31.26 0.934586
31.28 0.927452
31.3 0.922724
31.32 0.920437
31.34 0.920674
31.36 0.923539
31.38 0.92894
31.4 0.93663
31.42 0.946456
31.44 0.958158
31.46 0.97114
31.48 0.984716
31.5 0.998151
31.52 1.01051
31.54 1.02093
31.56 1.02883
31.58 1.03384
31.6 1.03575
31.62 1.03453
31.64 1.03027
31.66 1.02298
31.68 1.01277
31.7 0.999905
31.72 0.984803
31.74 0.968101
31.76 0.950614
31.78 0.933185
31.8 0.916612
31.82 0.901579
31.84 0.888621
31.86 0.878351
31.88 0.871533
31.9 0.868763
31.92 0.870253
31.94 0.87593
31.96 0.885648
31.98 0.899208
32 0.916182
32.02 0.93578
32.04 0.956916
32.06 0.978401
32.08 0.99913
32.1 1.01818
32.12 1.03477
32.14 1.04817
32.16 1.05777
32.18 1.06329
32.2 1.06468
32.22 1.06197
32.24 1.05527
32.26 1.04483
32.28 1.03107
32.3 1.01459
32.32 0.996017
32.34 0.975923
32.36 0.954958
32.38 0.933877
32.4 0.913389
32.42 0.894166
32.44 0.876896
32.46 0.86223
32.48 0.850804
32.5 0.843114
32.52 0.83933
32.54 0.839497
32.56 0.84379
32.58 0.852327
32.6 0.864896
32.62 0.881069
32.64 0.900432
32.66 0.922587
32.68 0.946995
32.7 0.972897
32.72 0.999329
32.74 1.02517
32.76 1.04917
32.78 1.07002
32.8 1.0868
32.82 1.09898
32.84 1.10638
32.86 1.10916
32.88 1.10775
32.9 1.10283
32.92 1.09513
32.94 1.08517
32.96 1.07326
32.98 1.05968
33 1.04466
33.02 1.02841
33.04 1.01119
33.06 0.993457
33.08 0.975793
33.1 0.958744
33.12 0.942732
33.14 0.928158
33.16 0.915532
33.18 0.905351
33.2 0.898016
33.22 0.893956
33.24 0.893499
33.26 0.896702
33.28 0.90334
33.3 0.912868
33.32 0.924632
33.34 0.938274
33.36 0.953731
33.38 0.970804
33.4 0.988878
33.42 1.00705
33.44 1.02453
33.46 1.04076
33.48 1.05524
33.5 1.0673
33.52 1.07631
33.54 1.08181
33.56 1.08353
33.58 1.08161
33.6 1.0765
33.62 1.06857
33.64 1.05808
33.66 1.0452
33.68 1.03006
33.7 1.01294
33.72 0.994403
33.74 0.975188
33.76 0.95601
33.78 0.93775
33.8 0.921561
33.82 0.908548
33.84 0.899463
33.86 0.894783
33.88 0.894811
33.9 0.899646
33.92 0.909179
33.94 0.923061
33.96 0.940686
33.98 0.961347
34 0.984311
34.02 1.00866
34.04 1.03329
34.06 1.05715
34.08 1.07921
34.1 1.09837
34.12 1.11379
34.14 1.12489
34.16 1.13125
34.18 1.13256
34.2 1.12884
34.22 1.12036
34.24 1.1075
34.26 1.09073
34.28 1.07067
34.3 1.04822
34.32 1.02442
34.34 1.00022
34.36 0.976466
34.38 0.954248
34.4 0.93478
34.42 0.919072
34.44 0.907831
34.46 0.901501
34.48 0.900226
34.5 0.903767
34.52 0.91152
34.54 0.922661
34.56 0.936306
34.58 0.951676
34.6 0.968238
34.62 0.985678
34.64 1.00366
34.66 1.02162
34.68 1.0388
34.7 1.05442
34.72 1.06775
34.74 1.07812
34.76 1.08498
34.78 1.08801
34.8 1.08726
34.82 1.08301
34.84 1.0757
34.86 1.06599
34.88 1.05456
34.9 1.04191
34.92 1.02866
34.94 1.01559
34.96 1.00345
34.98 0.992862
35 0.984188
35.02 0.977465
35.04 0.972647
35.06 0.969681
35.08 0.968346
35.1 0.96829
35.12 0.969205
35.14 0.970753
35.16 0.972477
35.18 0.974022
35.2 0.975343
35.22 0.976683
35.24 0.978436
35.26 0.980901
35.28 0.984145
35.3 0.988093
35.32 0.992725
35.34 0.998004
35.36 1.00366
35.38 1.00939
35.4 1.01508
35.42 1.0208
35.44 1.02661
35.46 1.03244
35.48 1.03801
35.5 1.04296
35.52 1.04684
35.54 1.04909
35.56 1.04932
35.58 1.04725
35.6 1.04257
35.62 1.03506
35.64 1.02489
35.66 1.01262
35.68 0.999014
35.7 0.984764
35.72 0.970589
35.74 0.957229
35.76 0.945171
35.78 0.934862
35.8 0.927208
35.82 0.923106
35.84 0.92268
35.86 0.925607
35.88 0.931634
35.9 0.940327
35.92 0.951006
35.94 0.963379
35.96 0.977822
35.98 0.994518
36 1.01262
36.02 1.03085
36.04 1.04837
36.06 1.06461
36.08 1.07911
36.1 1.09175
36.12 1.1027
36.14 1.11157
36.16 1.1173
36.18 1.11929
36.2 1.11802
36.22 1.11407
36.24 1.10763
36.26 1.09863
36.28 1.08663
36.3 1.07117
36.32 1.05222
36.34 1.03017
36.36 1.00588
36.38 0.980643
36.4 0.955854
36.42 0.932985
36.44 0.913479
36.46 0.89808
36.48 0.886906
36.5 0.880702
36.52 0.881098
36.54 0.889211
36.56 0.904785
36.58 0.926763
36.6 0.953979
36.62 0.985075
36.64 1.01813
36.66 1.05117
36.68 1.08281
36.7 1.11142
36.72 1.13481
36.74 1.15169
36.76 1.16267
36.78 1.16891
36.8 1.17018
36.82 1.1653
36.84 1.15412
36.86 1.13758
36.88 1.1165
36.9 1.09112
36.92 1.06172
36.94 1.0291
36.96 0.994748
36.98 0.961312
37 0.931662
37.02 0.907111
37.04 0.888097
37.06 0.875808
37.08 0.871605
37.1 0.875543
37.12 0.88661
37.14 0.903527
37.16 0.924775
37.18 0.948684
37.2 0.973703
37.22 0.998105
37.24 1.01954
37.26 1.03622
37.28 1.04857
37.3 1.05814
37.32 1.06551
37.34 1.07016
37.36 1.07134
37.38 1.06867
37.4 1.0623
37.42 1.0529
37.44 1.04155
37.46 1.02935
37.48 1.01739
37.5 1.00676
37.52 0.998148
37.54 0.991803
37.56 0.988212
37.58 0.988312
37.6 0.992637
37.62 1.00066
37.64 1.01101
37.66 1.02196
37.68 1.03233
37.7 1.04209
37.72 1.05134
37.74 1.05954
37.76 1.06596
37.78 1.0703
37.8 1.07258
37.82 1.0724
37.84 1.06855
37.86 1.06
37.88 1.04682
37.9 1.02985
37.92 1.01048
37.94 0.990482
37.96 0.971331
37.98 0.95381
38 0.938601
38.02 0.926571
38.04 0.918412
38.06 0.914499
38.08 0.914944
38.1 0.919603
38.12 0.928258
38.14 0.940513
38.16 0.955764
38.18 0.973584
38.2 0.993755
38.22 1.01612
38.24 1.04026
38.26 1.06507
38.28 1.08878
38.3 1.10949
38.32 1.12578
38.34 1.13704
38.36 1.14327
38.38 1.14446
38.4 1.14066
38.42 1.13239
38.44 1.12067
38.46 1.10675
38.48 1.0916
38.5 1.07556
38.52 1.0586
38.54 1.04072
38.56 1.02213
38.58 1.00323
38.6 0.984319
38.62 0.965657
38.64 0.947736
38.66 0.9313
38.68 0.91722
38.7 0.906295
38.72 0.899117
38.74 0.896216
38.76 0.898156
38.78 0.905313
38.8 0.917647
38.82 0.934642
38.84 0.955318
38.86 0.978296
38.88 1.00208
38.9 1.02541
38.92 1.04728
38.94 1.06675
38.96 1.08316
38.98 1.09635
39 1.10658
39.02 1.11432
39.04 1.12007
39.06 1.12434
39.08 1.12763
39.1 1.13035
39.12 1.13255
39.14 1.13359
39.16 1.13233
39.18 1.12768
39.2 1.11913
39.22 1.10678
39.24 1.09106
39.26 1.07263
39.28 1.0523
39.3 1.03104
39.32 1.00975
39.34 0.989222
39.36 0.97006
39.38 0.952651
39.4 0.937323
39.42 0.924604
39.44 0.915096
39.46 0.909171
39.48 0.906999
39.5 0.908779
39.52 0.914791
39.54 0.925196
39.56 0.939788
39.58 0.957961
39.6 0.978959
39.62 1.00223
39.64 1.02745
39.66 1.05416
39.68 1.08167
39.7 1.1091
39.72 1.13549
39.74 1.15972
39.76 1.18054
39.78 1.19683
39.8 1.2078
39.82 1.21282
39.84 1.21164
39.86 1.20428
39.88 1.191
39.9 1.1723
39.92 1.14896
39.94 1.12209
39.96 1.09305
39.98 1.06309
40 1.0332
40.02 1.00428
40.04 0.977247
40.06 0.952967
40.08 0.932097
40.1 0.915153
40.12 0.902784
40.14 0.895629
40.16 0.894004
40.18 0.897969
40.2 0.907361
40.22 0.921614
40.24 0.939855
40.26 0.96109
40.28 0.984225
40.3 1.00817
40.32 1.03199
40.34 1.05489
40.36 1.0762
40.38 1.09535
40.4 1.11192
40.42 1.12583
40.44 1.13721
40.46 1.14624
40.48 1.15297
40.5 1.15735
40.52 1.1592
40.54 1.15819
40.56 1.15382
40.58 1.14589
40.6 1.13476
40.62 1.12099
40.64 1.10493
40.66 1.08662
40.68 1.06605
40.7 1.04353
40.72 1.01983
40.74 0.99579
40.76 0.972174
40.78 0.949571
40.8 0.928623
40.82 0.910352
40.84 0.896078
40.86 0.887008
40.88 0.883947
40.9 0.887064
40.92 0.896015
40.94 0.910417
40.96 0.929885
40.98 0.953806
41 0.981411
41.02 1.01176
41.04 1.04362
41.06 1.07565
41.08 1.10666
41.1 1.13559
41.12 1.16154
41.14 1.18372
41.16 1.20138
41.18 1.21372
41.2 1.22006
41.22 1.21988
41.24 1.21302
41.26 1.19976
41.28 1.18073
41.3 1.1567
41.32 1.12871
41.34 1.09804
41.36 1.06609
41.38 1.03425
41.4 1.00384
41.42 0.976076
41.44 0.952155
41.46 0.933184
41.48 0.920013
41.5 0.91311
41.52 0.912613
41.54 0.918451
41.56 0.930386
41.58 0.947902
41.6 0.970065
41.62 0.995611
41.64 1.0232
41.66 1.05159
41.68 1.07963
41.7 1.10632
41.72 1.13059
41.74 1.15133
41.76 1.16753
41.78 1.1785
41.8 1.18389
41.82 1.18368
41.84 1.17828
41.86 1.16849
41.88 1.15522
41.9 1.13939
41.92 1.12196
41.94 1.10392
41.96 1.0862
41.98 1.06961
42 1.05471
42.02 1.0418
42.04 1.03094
42.06 1.02203
42.08 1.01495
42.1 1.00974
42.12 1.00659
42.14 1.00575
42.16 1.00743
42.18 1.01161
42.2 1.01807
42.22 1.02641
42.24 1.03622
42.26 1.04697
42.28 1.05807
42.3 1.06884
42.32 1.0786
42.34 1.08682
42.36 1.0933
42.38 1.09809
42.4 1.10124
42.42 1.10296
42.44 1.10352
42.46 1.10306
42.48 1.10171
42.5 1.09953
42.52 1.09664
42.54 1.09323
42.56 1.08956
42.58 1.08582
42.6 1.08215
42.62 1.07868
42.64 1.07555
42.66 1.07282
42.68 1.07049
42.7 1.0686
42.72 1.06722
42.74 1.06643
42.76 1.06613
42.78 1.06608
42.8 1.06614
42.82 1.06633
42.84 1.06654
42.86 1.0665
42.88 1.06595
42.9 1.06473
42.92 1.06286
42.94 1.06046
42.96 1.05762
42.98 1.05436
43 1.05082
43.02 1.04738
43.04 1.04456
43.06 1.04283
43.08 1.04242
43.1 1.04344
43.12 1.04598
43.14 1.05009
43.16 1.05574
43.18 1.0628
43.2 1.07094
43.22 1.07969
43.24 1.08851
43.26 1.09681
43.28 1.10403
43.3 1.10959
43.32 1.113
43.34 1.11385
43.36 1.11188
43.38 1.10704
43.4 1.09949
43.42 1.08972
43.44 1.07848
43.46 1.06666
43.48 1.05512
43.5 1.04467
43.52 1.036
43.54 1.02962
43.56 1.02579
43.58 1.02452
43.6 1.02565
43.62 1.02885
43.64 1.03377
43.66 1.04012
43.68 1.04758
43.7 1.05575
43.72 1.06418
43.74 1.07249
43.76 1.08037
43.78 1.0875
43.8 1.0937
43.82 1.09891
43.84 1.10305
43.86 1.10595
43.88 1.10737
43.9 1.10707
43.92 1.10503
43.94 1.1013
43.96 1.09593
43.98 1.08906
44 1.08097
44.02 1.0721
44.04 1.06294
44.06 1.05403
44.08 1.04581
44.1 1.03863
44.12 1.03274
44.14 1.0284
44.16 1.02578
44.18 1.02492
44.2 1.0257
44.22 1.02791
44.24 1.03134
44.26 1.03576
44.28 1.0409
44.3 1.04648
44.32 1.05227
44.34 1.05818
44.36 1.0642
44.38 1.07022
44.4 1.07618
44.42 1.08211
44.44 1.08805
44.46 1.094
44.48 1.0999
44.5 1.10545
44.52 1.11016
44.54 1.11359
44.56 1.11534
44.58 1.11513
44.6 1.11278
44.62 1.10823
44.64 1.10164
44.66 1.09334
44.68 1.08377
44.7 1.07339
44.72 1.0627
44.74 1.0523
44.76 1.04272
44.78 1.03446
44.8 1.02788
44.82 1.02316
44.84 1.02045
44.86 1.01992
44.88 1.02174
44.9 1.02588
44.92 1.03215
44.94 1.04022
44.96 1.04969
44.98 1.06012
45 1.07098
45.02 1.08173
45.04 1.09191
45.06 1.10118
45.08 1.10933
45.1 1.11608
45.12 1.12118
45.14 1.12447
45.16 1.12582
45.18 1.12514
45.2 1.12239
45.22 1.11767
45.24 1.11134
45.26 1.10394
45.28 1.09604
45.3 1.0881
45.32 1.08043
45.34 1.07335
45.36 1.06701
45.38 1.0614
45.4 1.05642
45.42 1.05207
45.44 1.04858
45.46 1.04616
45.48 1.04482
45.5 1.04451
45.52 1.0452
45.54 1.04685
45.56 1.04934
45.58 1.05253
45.6 1.0563
45.62 1.06057
45.64 1.06525
45.66 1.07009
45.68 1.0748
45.7 1.07914
45.72 1.083
45.74 1.08632
45.76 1.08892
45.78 1.0906
45.8 1.09132
45.82 1.09125
45.84 1.09058
45.86 1.0895
45.88 1.08817
45.9 1.08679
45.92 1.08557
45.94 1.0847
45.96 1.0843
45.98 1.08421
46 1.0841
46.02 1.08369
46.04 1.08295
46.06 1.08191
46.08 1.08056
46.1 1.07878
46.12 1.07642
46.14 1.07345
46.16 1.06993
46.18 1.066
46.2 1.06209
46.22 1.05862
46.24 1.0558
46.26 1.05372
46.28 1.05261
46.3 1.05264
46.32 1.05377
46.34 1.056
46.36 1.05924
46.38 1.06338
46.4 1.06825
46.42 1.07363
46.44 1.07927
46.46 1.08494
46.48 1.09041
46.5 1.09534
46.52 1.09946
46.54 1.10252
46.56 1.10438
46.58 1.10497
46.6 1.10428
46.62 1.10231
46.64 1.09914
46.66 1.0949
46.68 1.08971
46.7 1.08372
46.72 1.07711
46.74 1.07019
46.76 1.06332
46.78 1.05685
46.8 1.05119
46.82 1.04668
46.84 1.04365
46.86 1.04218
46.88 1.04209
46.9 1.04318
46.92 1.04533
46.94 1.04852
46.96 1.05278
46.98 1.05804
47 1.06407
47.02 1.07053
47.04 1.07712
47.06 1.08362
47.08 1.08969
47.1 1.09493
47.12 1.09915
47.14 1.10237
47.16 1.10443
47.18 1.10509
47.2 1.10421
47.22 1.10185
47.24 1.09827
47.26 1.09372
47.28 1.08849
47.3 1.083
47.32 1.07775
47.34 1.07326
47.36 1.07003
47.38 1.06833
47.4 1.06808
47.42 1.06883
47.44 1.06992
47.46 1.07091
47.48 1.07178
47.5 1.07267
47.52 1.07359
47.54 1.07448
47.56 1.07548
47.58 1.07674
47.6 1.07814
47.62 1.0795
47.64 1.0806
47.66 1.08123
47.68 1.08117
47.7 1.08034
47.72 1.0788
47.74 1.07678
47.76 1.07461
47.78 1.07255
47.8 1.07077
47.82 1.06937
47.84 1.06837
47.86 1.06767
47.88 1.06716
47.9 1.06671
47.92 1.06634
47.94 1.06612
47.96 1.06603
47.98 1.06605
48 1.06625
48.02 1.06681
48.04 1.06786
48.06 1.06943
48.08 1.07128
48.1 1.07309
48.12 1.07471
48.14 1.0763
48.16 1.07799
48.18 1.07957
48.2 1.0808
48.22 1.08156
48.24 1.08182
48.26 1.08163
48.28 1.0811
48.3 1.08034
48.32 1.07962
48.34 1.07921
48.36 1.07916
48.38 1.07943
48.4 1.07999
48.42 1.08082
48.44 1.08188
48.46 1.08312
48.48 1.08441
48.5 1.08551
48.52 1.0862
48.54 1.08628
48.56 1.08552
48.58 1.08382
48.6 1.08123
48.62 1.07788
48.64 1.07391
48.66 1.0695
48.68 1.06506
48.7 1.06109
48.72 1.05791
48.74 1.05567
48.76 1.05451
48.78 1.05453
48.8 1.05577
48.82 1.05813
48.84 1.06148
48.86 1.06566
48.88 1.07051
48.9 1.07581
48.92 1.08132
48.94 1.0868
48.96 1.092
48.98 1.09671
49 1.10073
49.02 1.10388
49.04 1.10604
49.06 1.10713
49.08 1.10712
49.1 1.10602
49.12 1.10391
49.14 1.10103
49.16 1.09764
49.18 1.09388
49.2 1.08978
49.22 1.08539
49.24 1.08088
49.26 1.0763
49.28 1.07164
49.3 1.06694
49.32 1.06237
49.34 1.05812
49.36 1.05443
49.38 1.05148
49.4 1.04939
49.42 1.04831
49.44 1.04838
49.46 1.04964
49.48 1.05206
49.5 1.05553
49.52 1.05982
49.54 1.06465
49.56 1.06974
49.58 1.07491
49.6 1.07989
49.62 1.08429
49.64 1.08769
49.66 1.08973
49.68 1.09019
49.7 1.08903
49.72 1.08633
49.74 1.08235
49.76 1.07749
49.78 1.07222
49.8 1.06696
49.82 1.06197
49.84 1.05742
49.86 1.05357
49.88 1.05076
49.9 1.04927
49.92 1.0492
49.94 1.05049
49.96 1.053
49.98 1.05647
50 1.06065
50.02 1.06524
50.04 1.06999
50.06 1.07474
50.08 1.07948
50.1 1.08409
50.12 1.08833
50.14 1.09194
50.16 1.09466
50.18 1.09638
50.2 1.09713
50.22 1.0969
50.24 1.09562
50.26 1.09331
50.28 1.09014
50.3 1.0863
50.32 1.08205
50.34 1.07769
50.36 1.07348
50.38 1.06959
50.4 1.06617
50.42 1.0634
50.44 1.06145
50.46 1.06046
50.48 1.0605
50.5 1.06144
50.52 1.06311
50.54 1.06536
50.56 1.06818
50.58 1.07153
50.6 1.07537
50.62 1.0796
50.64 1.08406
50.66 1.0885
50.68 1.09266
50.7 1.09638
50.72 1.09951
50.74 1.10191
50.76 1.10342
50.78 1.10392
50.8 1.10335
50.82 1.10168
50.84 1.09879
50.86 1.09465
50.88 1.08933
50.9 1.08304
50.92 1.07601
50.94 1.06855
50.96 1.06096
50.98 1.05347
51 1.04636
51.02 1.03997
51.04 1.03461
51.06 1.03056
51.08 1.02805
51.1 1.02726
51.12 1.02824
51.14 1.03098
51.16 1.03532
51.18 1.041
51.2 1.04781
51.22 1.05554
51.24 1.06394
51.26 1.07276
51.28 1.08185
51.3 1.09111
51.32 1.10045
51.34 1.1096
51.36 1.11775
51.38 1.12372
51.4 1.12657
51.42 1.126
51.44 1.12263
51.46 1.1176
51.48 1.11176
51.5 1.10536
51.52 1.09854
51.54 1.09161
51.56 1.0848
51.58 1.07826
51.6 1.07198
51.62 1.06593
51.64 1.06028
51.66 1.05548
51.68 1.05207
51.7 1.05038
51.72 1.05052
51.74 1.05238
51.76 1.05574
51.78 1.06027
51.8 1.0655
51.82 1.07087
51.84 1.076
51.86 1.0808
51.88 1.0853
51.9 1.08944
51.92 1.09311
51.94 1.09621
51.96 1.09874
51.98 1.10075
52 1.10227
52.02 1.10326
52.04 1.10356
52.06 1.10297
52.08 1.10132
52.1 1.09861
52.12 1.09498
52.14 1.09058
52.16 1.08549
52.18 1.07997
52.2 1.07445
52.22 1.06943
52.24 1.06532
52.26 1.06235
52.28 1.0606
52.3 1.06001
52.32 1.06051
52.34 1.06196
52.36 1.06411
52.38 1.06673
52.4 1.06966
52.42 1.07274
52.44 1.07586
52.46 1.07901
52.48 1.08225
52.5 1.08556
52.52 1.08879
52.54 1.09172
52.56 1.09407
52.58 1.09562
52.6 1.09616
52.62 1.0956
52.64 1.09395
52.66 1.09125
52.68 1.08765
52.7 1.08337
52.72 1.07873
52.74 1.07399
52.76 1.06934
52.78 1.06489
52.8 1.06078
52.82 1.05715
52.84 1.05415
52.86 1.05191
52.88 1.05048
52.9 1.04991
52.92 1.05033
52.94 1.05185
52.96 1.0544
52.98 1.05783
53 1.06201
53.02 1.06687
53.04 1.07229
53.06 1.07813
53.08 1.0842
53.1 1.09034
53.12 1.09639
53.14 1.10215
53.16 1.10738
53.18 1.11192
53.2 1.11558
53.22 1.11813
53.24 1.11936
53.26 1.11917
53.28 1.11745
53.3 1.11419
53.32 1.1094
53.34 1.10315
53.36 1.09564
53.38 1.08719
53.4 1.07819
53.42 1.06902
53.44 1.06013
53.46 1.05193
53.48 1.04474
53.5 1.03883
53.52 1.03446
53.54 1.03188
53.56 1.03124
53.58 1.03257
53.6 1.03578
53.62 1.04067
53.64 1.04692
53.66 1.05422
53.68 1.06226
53.7 1.07072
53.72 1.0793
53.74 1.0878
53.76 1.09598
53.78 1.10363
53.8 1.11053
53.82 1.11643
53.84 1.12112
53.86 1.12446
53.88 1.12633
53.9 1.12655
53.92 1.12503
53.94 1.12185
53.96 1.11715
53.98 1.11114
54 1.10406
54.02 1.09617
54.04 1.08777
54.06 1.07924
54.08 1.071
54.1 1.06339
54.12 1.05676
54.14 1.05139
54.16 1.04745
54.18 1.04503
54.2 1.04412
54.22 1.04459
54.24 1.04623
54.26 1.04889
54.28 1.05243
54.3 1.05671
54.32 1.06164
54.34 1.06707
54.36 1.07278
54.38 1.07853
54.4 1.08409
54.42 1.08925
54.44 1.09392
54.46 1.09807
54.48 1.10167
54.5 1.10466
54.52 1.10697
54.54 1.10855
54.56 1.10933
54.58 1.10919
54.6 1.10809
54.62 1.10605
54.64 1.1032
54.66 1.09966
54.68 1.09548
54.7 1.09069
54.72 1.08532
54.74 1.07952
54.76 1.07343
54.78 1.06722
54.8 1.06114
54.82 1.0554
54.84 1.0503
54.86 1.04622
54.88 1.0435
54.9 1.04243
54.92 1.0432
54.94 1.04585
54.96 1.0503
54.98 1.05644
55 1.06402
55.02 1.07261
55.04 1.08176
55.06 1.09103
55.08 1.09998
55.1 1.10821
55.12 1.1154
55.14 1.1213
55.16 1.12565
55.18 1.1283
55.2 1.12919
55.22 1.12836
55.24 1.12594
55.26 1.12212
55.28 1.11706
55.3 1.11095
55.32 1.10402
55.34 1.09655
55.36 1.08883
55.38 1.08104
55.4 1.07339
55.42 1.06614
55.44 1.05955
55.46 1.05383
55.48 1.04919
55.5 1.04572
55.52 1.04346
55.54 1.04247
55.56 1.04279
55.58 1.0445
55.6 1.04759
55.62 1.05199
55.64 1.05758
55.66 1.06406
55.68 1.07105
55.7 1.07827
55.72 1.08552
55.74 1.09261
55.76 1.0993
55.78 1.10534
55.8 1.11049
55.82 1.11462
55.84 1.11763
55.86 1.11943
55.88 1.12009
55.9 1.11982
55.92 1.11872
55.94 1.11646
55.96 1.11245
55.98 1.10641
56 1.09854
56.02 1.08943
56.04 1.07986
56.06 1.07041
56.08 1.06154
56.1 1.0538
56.12 1.04776
56.14 1.04385
56.16 1.0421
56.18 1.04229
56.2 1.04414
56.22 1.04736
56.24 1.05176
56.26 1.0572
56.28 1.06356
56.3 1.07071
56.32 1.07854
56.34 1.08687
56.36 1.09541
56.38 1.10378
56.4 1.11153
56.42 1.11825
56.44 1.12367
56.46 1.12778
56.48 1.13058
56.5 1.13201
56.52 1.13195
56.54 1.13036
56.56 1.12732
56.58 1.12294
56.6 1.1173
56.62 1.11039
56.64 1.10237
56.66 1.09349
56.68 1.08419
56.7 1.07489
56.72 1.06593
56.74 1.05763
56.76 1.05035
56.78 1.04441
56.8 1.04008
56.82 1.03758
56.84 1.03704
56.86 1.03845
56.88 1.04182
56.9 1.047
56.92 1.05363
56.94 1.06132
56.96 1.06963
56.98 1.07807
57 1.08619
57.02 1.09369
57.04 1.10029
57.06 1.10569
57.08 1.1097
57.1 1.11237
57.12 1.11382
57.14 1.11407
57.16 1.11307
57.18 1.11083
57.2 1.10747
57.22 1.10322
57.24 1.09824
57.26 1.09266
57.28 1.08663
57.3 1.08043
57.32 1.0744
57.34 1.06885
57.36 1.06398
57.38 1.06002
57.4 1.05724
57.42 1.05579
57.44 1.05578
57.46 1.05712
57.48 1.05966
57.5 1.06322
57.52 1.06768
57.54 1.07289
57.56 1.07863
57.58 1.08461
57.6 1.09057
57.62 1.09634
57.64 1.10176
57.66 1.10662
57.68 1.1107
57.7 1.1138
57.72 1.11577
57.74 1.11651
57.76 1.11597
57.78 1.11416
57.8 1.11112
57.82 1.10698
57.84 1.10193
57.86 1.09622
57.88 1.09011
57.9 1.08382
57.92 1.07759
57.94 1.07168
57.96 1.06637
57.98 1.06186
58 1.05831
58.02 1.05586
58.04 1.05458
58.06 1.0545
58.08 1.05565
58.1 1.058
58.12 1.06145
58.14 1.06587
58.16 1.07108
58.18 1.07689
58.2 1.08306
58.22 1.08935
58.24 1.09552
58.26 1.10132
58.28 1.10652
58.3 1.11091
58.32 1.11432
58.34 1.11664
58.36 1.11776
58.38 1.11766
58.4 1.11633
58.42 1.11385
58.44 1.11031
58.46 1.10587
58.48 1.1007
58.5 1.095
58.52 1.08902
58.54 1.08299
58.56 1.07715
58.58 1.07174
58.6 1.06697
58.62 1.06303
58.64 1.06007
58.66 1.05822
58.68 1.05754
58.7 1.05806
58.72 1.05976
58.74 1.06256
58.76 1.06636
58.78 1.071
58.8 1.07628
58.82 1.082
58.84 1.08792
58.86 1.0938
58.88 1.09942
58.9 1.10455
58.92 1.10899
58.94 1.11257
58.96 1.11515
58.98 1.11663
59 1.11696
59.02 1.11612
59.04 1.11415
59.06 1.11113
59.08 1.10719
59.1 1.10248
59.12 1.09719
59.14 1.09156
59.16 1.08579
59.18 1.08014
59.2 1.07481
59.22 1.07003
59.24 1.06598
59.26 1.06282
59.28 1.06069
59.3 1.05965
59.32 1.05975
59.34 1.06099
59.36 1.06331
59.38 1.06662
59.4 1.07079
59.42 1.07564
59.44 1.08098
59.46 1.08659
59.48 1.09225
59.5 1.09772
59.52 1.1028
59.54 1.10729
59.56 1.111
59.58 1.1138
59.6 1.11557
59.62 1.11626
59.64 1.11583
59.66 1.1143
59.68 1.11174
59.7 1.10825
59.72 1.10397
59.74 1.09909
59.76 1.09379
59.78 1.08829
59.8 1.08283
59.82 1.07761
59.84 1.07284
59.86 1.06872
59.88 1.06541
59.9 1.06304
59.92 1.0617
59.94 1.06144
59.96 1.06228
59.98 1.06415
