0.02 6.71262e-07
0.04 1.90155e-06
0.06 2.08124e-06
0.08 9.51932e-07
0.1 2.72481e-07
0.12 1.0188e-06
0.14 1.96912e-06
0.16 1.70248e-06
0.18 7.66987e-07
0.2 7.2089e-07
0.22 1.69273e-06
0.24 2.28415e-06
0.26 1.81161e-06
0.28 1.31018e-06
0.3 1.81627e-06
0.32 2.64749e-06
0.34 2.75319e-06
0.36 2.53052e-06
0.38 2.44165e-06
0.4 1.28167e-06
0.42 -1.62153e-06
0.44 -1.48098e-06
0.46 4.50047e-06
0.48 7.10715e-06
0.5 2.57639e-07
0.52 -6.72811e-06
0.54 -4.89968e-06
0.56 -1.44438e-06
0.58 -7.09407e-06
0.6 -1.3048e-05
0.62 -5.94253e-06
0.64 2.34991e-06
0.66 -2.88674e-06
0.68 -1.79101e-05
0.7 -2.62116e-05
0.72 -6.02688e-06
0.74 2.28334e-05
0.76 1.62659e-05
0.78 -8.73924e-06
0.8 2.38084e-06
0.82 4.78999e-05
0.84 6.74525e-05
0.86 3.26788e-05
0.88 -8.85751e-06
0.9 -5.61898e-06
0.92 2.63993e-05
0.94 2.96545e-05
0.96 -1.6049e-05
0.98 -5.76328e-05
1 -3.96501e-05
1.02 1.38153e-05
1.04 2.79316e-05
1.06 -2.09396e-05
1.08 -7.01414e-05
1.1 -5.71119e-05
1.12 -2.3671e-06
1.14 2.84805e-05
1.16 2.27876e-06
1.18 -5.35922e-05
1.2 -5.82121e-05
1.22 1.27166e-05
1.24 5.32144e-05
1.26 -7.25363e-06
1.28 -8.32973e-05
1.3 -7.35636e-05
1.32 8.47004e-06
1.34 7.31853e-05
1.36 5.26172e-05
1.38 -2.21258e-05
1.4 -4.99984e-05
1.42 1.94822e-06
1.44 4.32657e-05
1.46 -1.74557e-05
1.48 -0.00012989
1.5 -0.00015583
1.52 -6.81412e-05
1.54 3.69884e-06
1.56 -3.894e-05
1.58 -0.000119924
1.6 -9.94324e-05
1.62 1.06669e-05
1.64 5.95501e-05
1.66 -1.03091e-05
1.68 -8.37703e-05
1.7 -5.3637e-05
1.72 2.23419e-05
1.74 1.50499e-05
1.76 -6.2793e-05
1.78 -7.73815e-05
1.8 -1.23183e-05
1.82 8.418e-06
1.84 -6.28178e-05
1.86 -0.000116195
1.88 -4.1645e-05
1.9 7.58881e-05
1.92 4.32092e-05
1.94 -0.000120672
1.96 -0.000172667
1.98 -3.26852e-05
2 6.36795e-05
2.02 -6.15557e-05
2.04 -0.000232599
2.06 -0.000194869
2.08 -1.93711e-05
2.1 1.24979e-05
2.12 -0.000136089
2.14 -0.000205722
2.16 -7.19897e-05
2.18 7.20447e-05
2.2 3.63303e-05
2.22 -0.000104231
2.24 -0.000139979
2.26 -2.63583e-05
2.28 3.66136e-05
2.3 -7.95825e-05
2.32 -0.00020615
2.34 -0.000154338
2.36 -1.53089e-06
2.38 3.41814e-05
2.4 -0.000109881
2.42 -0.000232873
2.44 -0.000145147
2.46 2.76363e-05
2.48 3.81601e-05
2.5 -8.71169e-05
2.52 -0.000112992
2.54 8.72426e-06
2.56 9.32498e-05
2.58 5.98766e-05
2.6 4.81362e-05
2.62 0.000153255
2.64 0.000260548
2.66 0.000244588
2.68 0.000184518
2.7 0.000236435
2.72 0.000377737
2.74 0.000454225
2.76 0.000422621
2.78 0.000381101
2.8 0.000412214
2.82 0.000491729
2.84 0.000528481
2.86 0.000492567
2.88 0.000437139
2.9 0.000406853
2.92 0.000422054
2.94 0.000451865
2.96 0.000426218
2.98 0.00036652
3 0.000369234
3.02 0.000366889
3.04 0.000221716
3.06 6.29645e-05
3.08 6.14292e-05
3.1 9.90496e-05
3.12 1.18641e-06
3.14 -0.0001831
3.16 -0.000291855
3.18 -0.000294284
3.2 -0.000307851
3.22 -0.000406906
3.24 -0.000518435
3.26 -0.000534846
3.28 -0.000479379
3.3 -0.000444395
3.32 -0.000453646
3.34 -0.000451072
3.36 -0.000341974
3.38 -0.00015726
3.4 -6.95027e-05
3.42 -0.000113368
3.44 -7.57556e-05
3.46 0.000191434
3.48 0.000458222
3.5 0.000418854
3.52 0.000208873
3.54 0.000208829
3.56 0.000437008
3.58 0.000557063
3.6 0.000435736
3.62 0.000332523
3.64 0.000391556
3.66 0.000314466
3.68 8.99419e-06
3.7 -0.00011794
3.72 2.76004e-05
3.74 3.72013e-05
3.76 -0.000230501
3.78 -0.000417675
3.8 -0.000284253
3.82 -0.000105916
3.84 -0.00019828
3.86 -0.000424719
3.88 -0.000478809
3.9 -0.000339183
3.92 -0.000264026
3.94 -0.000397524
3.96 -0.000560087
3.98 -0.000484808
4 -0.000170608
4.02 1.26271e-05
4.04 -0.000170028
4.06 -0.000362277
4.08 -0.000160946
4.1 0.000203454
4.12 0.000252516
4.14 3.01347e-05
4.16 -2.02803e-05
4.18 0.000170526
4.2 0.000173536
4.22 -0.000145833
4.24 -0.000347811
4.26 -0.000184849
4.28 1.41269e-05
4.3 -7.6853e-05
4.32 -0.000213151
4.34 3.55084e-06
4.36 0.000318042
4.38 0.000215772
4.4 -0.000160547
4.42 -0.000265594
4.44 -1.13971e-05
4.46 0.000196427
4.48 0.000142337
4.5 -4.87524e-05
4.52 -0.000202626
4.54 -0.000170596
4.56 -1.18945e-06
4.58 6.52243e-05
4.6 -5.58967e-05
4.62 -0.000172283
4.64 -5.30822e-05
4.66 0.000206409
4.68 0.000255172
4.7 6.41763e-05
4.72 -9.92428e-07
4.74 0.000207787
4.76 0.000395667
4.78 0.000254752
4.8 -9.03002e-05
4.82 -0.000172302
4.84 0.000132528
4.86 0.000346128
4.88 0.000131054
4.9 -0.000176692
4.92 -0.000136783
4.94 0.000101129
4.96 0.000108858
4.98 -0.000139666
5 -0.000319184
5.02 -0.000269781
5.04 -0.000182816
5.06 -0.000214841
5.08 -0.000157336
5.1 9.32909e-05
5.12 0.000200592
5.14 7.99468e-06
5.16 -0.000147702
5.18 1.62789e-06
5.2 0.00025254
5.22 0.0002745
5.24 4.58686e-05
5.26 -0.000213098
5.28 -0.000240055
5.3 9.45932e-06
5.32 0.000236449
5.34 0.000195287
5.36 1.20575e-05
5.38 -4.07731e-05
5.4 7.28369e-05
5.42 0.000145764
5.44 9.738e-05
5.46 7.19773e-05
5.48 0.000136702
5.5 0.000182981
5.52 0.000136739
5.54 6.11551e-05
5.56 3.24201e-05
5.58 4.16478e-05
5.6 4.10594e-05
5.62 1.13789e-05
5.64 1.94968e-06
5.66 5.12138e-05
5.68 7.03588e-05
5.7 -9.04994e-07
5.72 -5.72606e-05
5.74 -1.96033e-05
5.76 3.25491e-05
5.78 -5.36193e-06
5.8 -9.48161e-05
5.82 -9.17332e-05
5.84 7.42545e-06
5.86 2.69535e-05
5.88 -8.99241e-05
5.9 -0.00018746
5.92 -0.000123787
5.94 6.06232e-05
5.96 0.000164776
5.98 9.68493e-05
6 3.46622e-05
6.02 0.000109083
6.04 0.000200071
6.06 0.000195498
6.08 0.00012352
6.1 5.57009e-05
6.12 7.84387e-05
6.14 0.000183226
6.16 0.0002233
6.18 7.64318e-05
6.2 -0.000169342
6.22 -0.000243725
6.24 -0.000107484
6.26 -6.31732e-05
6.28 -0.000241398
6.3 -0.000358833
6.32 -0.000175288
6.34 7.26882e-05
6.36 3.073e-05
6.38 -0.000189472
6.4 -0.000214851
6.42 -4.043e-06
6.44 0.000131004
6.46 8.32926e-06
6.48 -0.000197757
6.5 -0.000251738
6.52 -0.000162698
6.54 -0.000134147
6.56 -0.000226739
6.58 -0.000226395
6.6 -7.36824e-05
6.62 -1.38e-05
6.64 -9.99032e-05
6.66 -7.90012e-05
6.68 0.000112994
6.7 0.000205349
6.72 1.5974e-05
6.74 -0.000257235
6.76 -0.00027117
6.78 -1.53298e-05
6.8 0.000150495
6.82 8.893e-06
6.84 -0.000192925
6.86 -0.000119085
6.88 0.00011748
6.9 0.000131625
6.92 -0.000125275
6.94 -0.000289266
6.96 -0.00012096
6.98 0.000149735
7 0.000163755
7.02 -6.07513e-05
7.04 -0.000174329
7.06 -9.20852e-06
7.08 0.000180951
7.1 0.000133576
7.12 -2.6942e-05
7.14 -3.21677e-05
7.16 0.0001201
7.18 0.000203359
7.2 0.000116705
7.22 1.9824e-05
7.24 7.20394e-05
7.26 0.000170819
7.28 9.94155e-05
7.3 -8.5692e-05
7.32 -9.5455e-05
7.34 0.000108049
7.36 0.000220511
7.38 7.65674e-05
7.4 -9.24052e-05
7.42 -4.1583e-05
7.44 0.000115288
7.46 0.000113917
7.48 -6.19788e-05
7.5 -0.000159389
7.52 -3.9606e-05
7.54 8.87072e-05
7.56 7.06931e-06
7.58 -0.000141182
7.6 -8.13846e-05
7.62 0.000139234
7.64 0.000219462
7.66 9.30151e-05
7.68 6.55819e-07
7.7 6.70206e-05
7.72 0.000136469
7.74 6.87548e-05
7.76 -1.17247e-05
7.78 6.22354e-05
7.8 0.000186661
7.82 0.000161859
7.84 5.65519e-06
7.86 -0.000104283
7.88 -6.38534e-05
7.9 4.02316e-05
7.92 4.18089e-05
7.94 -5.94098e-05
7.96 -9.81467e-05
7.98 -1.89792e-05
8 4.75027e-05
8.02 1.76022e-05
8.04 -2.54276e-05
8.06 2.30336e-06
8.08 5.38295e-05
8.1 5.16292e-05
8.12 9.84548e-06
8.14 -5.1178e-06
8.16 2.39857e-05
8.18 6.08847e-05
8.2 8.13942e-05
8.22 7.67454e-05
8.24 4.59811e-06
8.26 -0.000109828
8.28 -0.000115414
8.3 1.79082e-05
8.32 0.000115949
8.34 6.78005e-05
8.36 -3.82883e-05
8.38 -5.4676e-05
8.4 3.7847e-05
8.42 0.000110314
8.44 5.32539e-05
8.46 -9.15573e-05
8.48 -0.000151597
8.5 -2.98488e-05
8.52 0.000114278
8.54 8.2987e-05
8.56 -4.26089e-05
8.58 -3.74984e-05
8.6 0.000117155
8.62 0.000206621
8.64 8.4875e-05
8.66 -7.15271e-05
8.68 9.75827e-07
8.7 0.000206071
8.72 0.000228032
8.74 3.58465e-05
8.76 -8.60516e-05
8.78 2.08765e-05
8.8 0.000159449
8.82 8.4519e-05
8.84 -0.000124687
8.86 -0.000205076
8.88 -7.64369e-05
8.9 8.45426e-05
8.92 6.25679e-05
8.94 -7.79511e-05
8.96 -8.71882e-05
8.98 3.43378e-05
9 7.06622e-05
9.02 -3.57833e-05
9.04 -0.000129264
9.06 -7.36026e-05
9.08 6.71934e-05
9.1 8.68782e-05
9.12 -6.77032e-05
9.14 -0.000172909
9.16 -7.96826e-05
9.18 2.92228e-05
9.2 -4.35197e-05
9.22 -0.000187371
9.24 -0.000174782
9.26 -1.48654e-05
9.28 6.74044e-05
9.3 -1.28995e-05
9.32 -8.27023e-05
9.34 -3.72575e-06
9.36 0.000119513
9.38 0.000101498
9.4 -4.78942e-05
9.42 -0.000118042
9.44 3.8577e-07
9.46 0.000135487
9.48 6.68776e-05
9.5 -0.000132045
9.52 -0.000173448
9.54 -1.91107e-06
9.56 0.000100321
9.58 -2.64804e-06
9.6 -6.4469e-05
9.62 5.67694e-05
9.64 0.000121001
9.66 -4.14971e-05
9.68 -0.000213228
9.7 -0.000156222
9.72 2.58279e-05
9.74 9.66811e-05
9.76 -2.42885e-05
9.78 -0.000207033
9.8 -0.000207905
9.82 -1.47793e-05
9.84 9.21066e-05
9.86 7.98987e-06
9.88 -6.20914e-05
9.9 2.26243e-05
9.92 0.000132279
9.94 7.08604e-05
9.96 -9.47475e-05
9.98 -9.71052e-05
10 9.70436e-05
10.02 0.000207046
10.04 7.86143e-05
10.06 -8.016e-05
10.08 -4.7915e-05
10.1 7.34004e-05
10.12 5.64953e-05
10.14 -0.000100757
10.16 -0.000178818
10.18 -5.85887e-05
10.2 8.03696e-05
10.22 2.26482e-05
10.24 -0.000143682
10.26 -0.000167573
10.28 -1.96903e-05
10.3 8.4035e-05
10.32 2.11323e-05
10.34 -7.68127e-05
10.36 -4.62255e-05
10.38 6.61756e-05
10.4 8.86545e-05
10.42 1.9067e-06
10.44 -3.62369e-05
10.46 4.06986e-05
10.48 0.00010901
10.5 7.0996e-05
10.52 2.68674e-06
10.54 6.34385e-06
10.56 3.18492e-05
10.58 -2.51385e-06
10.6 -3.42757e-05
10.62 9.02691e-06
10.64 6.21106e-05
10.66 4.50502e-05
10.68 -1.49516e-05
10.7 -5.05423e-05
10.72 -3.62437e-05
10.74 3.28644e-07
10.76 2.5002e-06
10.78 -2.87857e-05
10.8 -1.69622e-05
10.82 4.86861e-05
10.84 7.84971e-05
10.86 2.28467e-05
10.88 -6.26992e-05
10.9 -7.88542e-05
10.92 -5.05363e-06
10.94 5.25431e-05
10.96 1.24125e-05
10.98 -5.53956e-05
11 -4.92295e-05
11.02 4.99332e-06
11.04 1.20903e-05
11.06 -3.31649e-05
11.08 -4.82968e-05
11.1 -1.20658e-06
11.12 5.20663e-05
11.14 5.8972e-05
11.16 3.37413e-05
11.18 2.43472e-05
11.2 4.5055e-05
11.22 6.53387e-05
11.24 4.6606e-05
11.26 -1.20724e-05
11.28 -5.35125e-05
11.3 -3.3927e-05
11.32 5.70162e-06
11.34 -7.61856e-07
11.36 -4.99116e-05
11.38 -7.71713e-05
11.4 -3.66218e-05
11.42 3.55985e-05
11.44 4.97486e-05
11.46 -1.14679e-05
11.48 -5.52348e-05
11.5 -1.90816e-05
11.52 3.64428e-05
11.54 3.24873e-05
11.56 -7.00151e-06
11.58 -3.80169e-06
11.6 5.02782e-05
11.62 8.5341e-05
11.64 5.9791e-05
11.66 1.74272e-05
11.68 1.68349e-05
11.7 4.34142e-05
11.72 4.13323e-05
11.74 6.94333e-06
11.76 -1.83292e-05
11.78 -2.28307e-05
11.8 -3.23962e-05
11.82 -5.94112e-05
11.84 -7.69504e-05
11.86 -6.01292e-05
11.88 -3.25479e-05
11.9 -2.10794e-05
11.92 -4.63526e-06
11.94 2.9325e-05
11.96 4.54368e-05
11.98 2.19127e-05
12 -1.03408e-05
12.02 -9.26834e-06
12.04 2.22772e-05
12.06 3.75445e-05
12.08 1.45186e-05
12.1 -1.31925e-05
12.12 -1.4458e-05
12.14 8.07892e-06
12.16 3.59353e-05
12.18 4.15271e-05
12.2 1.5767e-05
12.22 -1.19769e-05
12.24 -1.87626e-05
12.26 -1.97762e-05
12.28 -3.4944e-05
12.3 -5.7456e-05
12.32 -6.62696e-05
12.34 -5.56055e-05
12.36 -3.98143e-05
12.38 -2.89107e-05
12.4 -1.70302e-05
12.42 7.17501e-07
12.44 1.72494e-05
12.46 2.18656e-05
12.48 1.6876e-05
12.5 1.976e-05
12.52 3.56011e-05
12.54 4.35649e-05
12.56 2.99884e-05
12.58 1.64019e-05
12.6 2.76837e-05
12.62 5.07584e-05
12.64 5.083e-05
12.66 1.58225e-05
12.68 -2.13125e-05
12.7 -2.10127e-05
12.72 2.60574e-06
12.74 2.92491e-06
12.76 -2.751e-05
12.78 -4.9926e-05
12.8 -3.26971e-05
12.82 1.43174e-05
12.84 4.47737e-05
12.86 2.30389e-05
12.88 -2.21971e-05
12.9 -2.80274e-05
12.92 1.51069e-05
12.94 4.54144e-05
12.96 1.76557e-05
12.98 -2.64326e-05
13 -2.2093e-05
13.02 1.70554e-05
13.04 2.52081e-05
13.06 -6.63967e-06
13.08 -2.00203e-05
13.1 1.14445e-05
13.12 4.27186e-05
13.14 3.15981e-05
13.16 -1.69032e-06
13.18 -1.34149e-05
13.2 1.91617e-06
13.22 1.74693e-05
13.24 1.6727e-05
13.26 8.15077e-06
13.28 8.73676e-07
13.3 -1.12801e-05
13.32 -2.62598e-05
13.34 -2.63405e-05
13.36 -6.2763e-06
13.38 1.63318e-05
13.4 1.86206e-05
13.42 -1.36833e-06
13.44 -1.44207e-05
13.46 -2.05926e-06
13.48 8.01189e-06
13.5 -8.87942e-06
13.52 -2.61765e-05
13.54 -1.27344e-05
13.56 1.05009e-05
13.58 4.17278e-06
13.6 -2.6106e-05
13.62 -3.72304e-05
13.64 -1.24316e-05
13.66 1.31804e-05
13.68 2.70146e-06
13.7 -2.87797e-05
13.72 -3.55463e-05
13.74 -6.904e-06
13.76 2.17939e-05
13.78 2.2732e-05
13.8 9.62242e-06
13.82 9.13546e-06
13.84 2.05147e-05
13.86 1.92771e-05
13.88 -4.69082e-06
13.9 -2.58918e-05
13.92 -1.72256e-05
13.94 8.145e-06
13.96 1.69573e-05
13.98 3.13438e-06
14 -8.62621e-06
14.02 5.65045e-06
14.04 4.09987e-05
14.06 6.24738e-05
14.08 4.93794e-05
14.1 2.368e-05
14.12 5.47388e-06
14.14 -1.13908e-05
14.16 -2.16684e-05
14.18 -9.98319e-06
14.2 6.99039e-06
14.22 -6.50819e-06
14.24 -4.46058e-05
14.26 -5.78527e-05
14.28 -2.57176e-05
14.3 9.22625e-06
14.32 -4.2876e-07
14.34 -4.21957e-05
14.36 -5.95425e-05
14.38 -2.85697e-05
14.4 4.85191e-06
14.42 -1.00151e-05
14.44 -5.09791e-05
14.46 -5.2933e-05
14.48 -7.3453e-06
14.5 2.59831e-05
14.52 1.29815e-05
14.54 -9.65079e-06
14.56 3.66657e-07
14.58 2.39349e-05
14.6 1.73176e-05
14.62 -6.76407e-06
14.64 3.59533e-06
14.66 4.59349e-05
14.68 5.61369e-05
14.7 -1.93566e-06
14.72 -7.49524e-05
14.74 -7.53716e-05
14.76 -5.41016e-06
14.78 3.5814e-05
14.8 -1.18755e-05
14.82 -8.16933e-05
14.84 -6.77765e-05
14.86 1.58662e-05
14.88 4.25564e-05
14.9 -3.04817e-05
14.92 -7.83421e-05
14.94 -9.36682e-06
14.96 7.47249e-05
14.98 4.47857e-05
15 -4.72024e-05
15.02 -5.7976e-05
15.04 1.89172e-05
15.06 5.2027e-05
15.08 -1.25536e-05
15.1 -7.21188e-05
15.12 -3.14893e-05
15.14 5.84521e-05
15.16 7.8129e-05
15.18 1.04366e-05
15.2 -3.76048e-05
15.22 2.18819e-06
15.24 5.4796e-05
15.26 2.46379e-05
15.28 -5.26345e-05
15.3 -7.19548e-05
15.32 -1.91793e-05
15.34 1.91867e-05
15.36 -7.52604e-06
15.38 -4.41525e-05
15.4 -2.24251e-05
15.42 3.37348e-05
15.44 4.67113e-05
15.46 7.06356e-07
15.48 -3.99076e-05
15.5 -2.49628e-05
15.52 1.93736e-05
15.54 3.3194e-05
15.56 5.87578e-06
15.58 -9.45173e-06
15.6 2.01851e-05
15.62 5.15418e-05
15.64 3.17668e-05
15.66 -1.88282e-05
15.68 -3.3258e-05
15.7 7.401e-06
15.72 4.70891e-05
15.74 3.78922e-05
15.76 5.67394e-06
15.78 1.88498e-06
15.8 2.81947e-05
15.82 3.98035e-05
15.84 1.16008e-05
15.86 -2.29175e-05
15.88 -1.7662e-05
15.9 1.72034e-05
15.92 3.10804e-05
15.94 1.11236e-05
15.96 -3.70853e-07
15.98 2.30036e-05
16 4.74712e-05
16.02 3.60587e-05
16.04 6.56449e-06
16.06 -1.389e-06
16.08 1.72925e-05
16.1 3.12123e-05
16.12 1.47522e-05
16.14 -1.65187e-05
16.16 -2.21065e-05
16.18 1.00047e-05
16.2 4.12962e-05
16.22 3.1763e-05
16.24 -2.6028e-06
16.26 -1.88453e-05
16.28 -9.603e-06
16.3 6.14475e-06
16.32 1.71472e-05
16.34 1.64798e-05
16.36 7.69806e-07
16.38 -1.52926e-05
16.4 -1.26559e-05
16.42 -1.14721e-07
16.44 -3.59892e-06
16.46 -2.40731e-05
16.48 -3.73588e-05
16.5 -3.67695e-05
16.52 -4.40431e-05
16.54 -6.64307e-05
16.56 -7.42838e-05
16.58 -4.72957e-05
16.6 -1.61997e-05
16.62 -2.16335e-05
16.64 -5.26621e-05
16.66 -6.20084e-05
16.68 -1.74318e-05
16.7 6.63226e-05
16.72 0.000120882
16.74 0.000109498
16.76 9.45633e-05
16.78 0.000131474
16.8 0.000175466
16.82 0.000164507
16.84 0.000100883
16.86 8.97332e-06
16.88 -5.38752e-05
16.9 -1.02582e-05
16.92 7.13068e-05
16.94 3.65579e-05
16.96 -8.23941e-05
16.98 -0.000110419
17 -1.76464e-05
17.02 4.35321e-05
17.04 -2.02809e-05
17.06 -0.000114044
17.08 -0.000107437
17.1 -3.3218e-05
17.12 -3.55373e-05
17.14 -0.00013422
17.16 -0.000176102
17.18 -7.58532e-05
17.2 2.27076e-05
17.22 -3.75724e-05
17.24 -0.00015308
17.26 -0.000123146
17.28 8.1427e-06
17.3 3.45732e-05
17.32 -6.58311e-05
17.34 -0.000104721
17.36 1.48035e-05
17.38 0.000152514
17.4 0.00014706
17.42 5.67376e-05
17.44 6.06277e-05
17.46 0.000171374
17.48 0.000211093
17.5 0.000100506
17.52 -1.11412e-06
17.54 4.76311e-05
17.56 0.000126042
17.58 5.48537e-05
17.6 -9.19045e-05
17.62 -0.000117562
17.64 -2.39766e-05
17.66 1.52846e-05
17.68 -6.54852e-05
17.7 -0.000142555
17.72 -0.000112621
17.74 -4.50091e-05
17.76 -5.16281e-05
17.78 -0.000109936
17.8 -0.00011671
17.82 -5.49355e-05
17.84 8.19639e-07
17.86 4.37834e-06
17.88 -1.86142e-05
17.9 -1.95927e-05
17.92 1.33947e-05
17.94 4.68867e-05
17.96 5.63208e-05
17.98 5.81448e-05
18 6.93134e-05
18.02 7.52721e-05
18.04 6.15818e-05
18.06 4.35316e-05
18.08 3.18021e-05
18.1 3.9137e-06
18.12 -4.00469e-05
18.14 -5.33705e-05
18.16 -2.3971e-05
18.18 -4.00622e-06
18.2 -3.12141e-05
18.22 -8.16783e-05
18.24 -0.000112968
18.26 -0.000118973
18.28 -0.000122194
18.3 -0.000126684
18.32 -9.83356e-05
18.34 -5.06893e-06
18.36 9.76632e-05
18.38 0.000108695
18.4 5.64759e-05
18.42 6.75549e-05
18.44 0.000157319
18.46 0.000214775
18.48 0.000152191
18.5 7.70676e-06
18.52 -6.21946e-05
18.54 2.53227e-05
18.56 0.000122589
18.58 6.20706e-05
18.6 -8.24424e-05
18.62 -0.000120074
18.64 -2.5061e-05
18.66 4.06818e-05
18.68 -2.97629e-05
18.7 -0.00013799
18.72 -0.000136497
18.74 -5.02699e-05
18.76 -3.16955e-05
18.78 -0.000123354
18.8 -0.000171204
18.82 -3.69658e-05
18.84 0.000148663
18.86 0.000152416
18.88 2.82087e-05
18.9 2.40861e-05
18.92 0.000168081
18.94 0.000250593
18.96 0.000164741
18.98 4.71172e-05
19 4.54622e-05
19.02 0.00010754
19.04 9.91228e-05
19.06 1.75757e-06
19.08 -7.9246e-05
19.1 -5.49528e-05
19.12 1.89557e-05
19.14 9.46336e-06
19.16 -8.7106e-05
19.18 -0.00012858
19.2 -6.22653e-05
19.22 -1.97324e-05
19.24 -9.58677e-05
19.26 -0.00017675
19.28 -0.000115797
19.3 1.2842e-05
19.32 2.89887e-05
19.34 -6.54168e-05
19.36 -0.000111172
19.38 -4.16514e-05
19.4 3.60764e-05
19.42 1.47976e-05
19.44 -4.68576e-05
19.46 -1.57159e-05
19.48 9.58436e-05
19.5 0.00013762
19.52 5.5274e-05
19.54 -2.47669e-05
19.56 1.41336e-05
19.58 0.000104694
19.6 9.04141e-05
19.62 -2.70785e-05
19.64 -5.87771e-05
19.66 6.13342e-05
19.68 0.000127808
19.7 -1.68005e-06
19.72 -0.000153714
19.74 -0.000111119
19.76 5.26891e-05
19.78 9.19062e-05
19.8 -5.3699e-05
19.82 -0.00017377
19.84 -9.47106e-05
19.86 6.66044e-05
19.88 9.69999e-05
19.9 -6.52438e-07
19.92 -4.7985e-05
19.94 3.70193e-05
19.96 0.000127234
19.98 7.9991e-05
20 -3.51814e-05
20.02 -4.05629e-05
20.04 7.04702e-05
20.06 0.00012974
20.08 4.234e-05
20.1 -0.00010183
20.12 -0.000152275
20.14 -7.51844e-05
20.16 2.61048e-05
20.18 5.51061e-05
20.2 1.37247e-06
20.22 -7.43193e-05
20.24 -8.36493e-05
20.26 -1.34419e-05
20.28 3.22242e-05
20.3 -2.38415e-05
20.32 -8.43545e-05
20.34 -2.74597e-05
20.36 6.22144e-05
20.38 4.41904e-05
20.4 -2.41766e-05
20.42 -4.10857e-06
20.44 9.34844e-05
20.46 0.000139583
20.48 8.11024e-05
20.5 -5.8128e-06
20.52 -2.79616e-05
20.54 4.3827e-06
20.56 -4.87471e-07
20.58 -2.10523e-05
20.6 3.04111e-05
20.62 5.84326e-05
20.64 -4.86686e-05
20.66 -0.000165014
20.68 -0.000150485
20.7 -4.10173e-05
20.72 6.06264e-05
20.74 5.1309e-05
20.76 -6.75239e-05
20.78 -0.000118554
20.8 -1.27687e-05
20.82 7.10833e-05
20.84 -1.45482e-05
20.86 -0.000121901
20.88 -4.05952e-05
20.9 0.00014606
20.92 0.000178563
20.94 3.8105e-05
20.96 -3.55059e-05
20.98 7.63058e-05
21 0.000186499
21.02 8.04818e-05
21.04 -0.000114328
21.06 -0.000101426
21.08 9.78702e-05
21.1 0.000170477
21.12 -6.3592e-06
21.14 -0.000183313
21.16 -0.000103635
21.18 0.000109736
21.2 0.000121695
21.22 -0.000100226
21.24 -0.000231936
21.26 -9.82088e-05
21.28 7.32159e-05
21.3 2.20507e-05
21.32 -0.000145501
21.34 -0.000124455
21.36 0.000102506
21.38 0.000217306
21.4 8.29395e-05
21.42 -6.06938e-05
21.44 -3.23883e-05
21.46 7.67946e-05
21.48 0.000118897
21.5 3.55118e-05
21.52 -8.83199e-05
21.54 -0.000107741
21.56 -4.17479e-05
21.58 -3.61127e-05
21.6 -9.7933e-05
21.62 -9.13204e-05
21.64 -3.06436e-07
21.66 3.57358e-05
21.68 -3.36674e-05
21.7 -7.81125e-05
21.72 7.57863e-06
21.74 0.00011606
21.76 6.96924e-05
21.78 -8.99433e-05
21.8 -0.000130525
21.82 1.16558e-05
21.84 0.000112473
21.86 1.18987e-05
21.88 -0.000128734
21.9 -8.68189e-05
21.92 7.68404e-05
21.94 0.000126319
21.96 9.44975e-06
21.98 -7.81897e-05
22 2.30344e-06
22.02 0.000128845
22.04 0.000117415
22.06 -7.27886e-06
22.08 -7.75729e-05
22.1 -2.87556e-05
22.12 3.5598e-05
22.14 8.07022e-06
22.16 -6.52067e-05
22.18 -6.4313e-05
22.2 9.0432e-06
22.22 4.10915e-05
22.24 -7.4121e-06
22.26 -5.17682e-05
22.28 -2.25399e-05
22.3 3.57154e-05
22.32 4.09596e-05
22.34 1.96248e-06
22.36 -4.55449e-06
22.38 3.99627e-05
22.4 7.35185e-05
22.42 5.25176e-05
22.44 1.20056e-05
22.46 1.01379e-05
22.48 4.56911e-05
22.5 5.6728e-05
22.52 1.03305e-05
22.54 -3.97366e-05
22.56 -3.09294e-05
22.58 1.29059e-05
22.6 2.16526e-05
22.62 -1.60723e-05
22.64 -4.27547e-05
22.66 -2.16818e-05
22.68 9.99144e-06
22.7 5.39578e-07
22.72 -3.63128e-05
22.74 -4.39194e-05
22.76 -1.40642e-05
22.78 3.82175e-07
22.8 -2.60134e-05
22.82 -4.782e-05
22.84 -2.11031e-05
22.86 2.33299e-05
22.88 2.56362e-05
22.9 -1.06077e-05
22.92 -2.65794e-05
22.94 3.54316e-06
22.96 3.81625e-05
22.98 3.19821e-05
23 -2.6289e-07
23.02 -1.22964e-05
23.04 4.09618e-06
23.06 1.25327e-05
23.08 -9.4732e-06
23.1 -3.50352e-05
23.12 -2.62554e-05
23.14 5.81154e-06
23.16 1.22466e-05
23.18 -1.69343e-05
23.2 -3.12011e-05
23.22 1.69361e-06
23.24 4.05575e-05
23.26 3.46922e-05
23.28 3.82734e-06
23.3 1.24881e-06
23.32 2.71788e-05
23.34 3.45632e-05
23.36 6.62648e-06
23.38 -2.09902e-05
23.4 -2.20252e-05
23.42 -1.69136e-05
23.44 -2.67444e-05
23.46 -3.36442e-05
23.48 -1.6005e-05
23.5 5.98117e-06
23.52 -1.0941e-06
23.54 -2.47405e-05
23.56 -2.22673e-05
23.58 1.16799e-05
23.6 3.49548e-05
23.62 1.98964e-05
23.64 -6.43021e-06
23.66 -4.87989e-06
23.68 1.98221e-05
23.7 3.43126e-05
23.72 2.35337e-05
23.74 3.12033e-06
23.76 -3.34653e-06
23.78 5.98014e-06
23.8 1.16741e-05
23.82 4.85856e-06
23.84 -3.28014e-06
23.86 -6.38564e-06
23.88 -1.07838e-05
23.9 -1.61296e-05
23.92 -1.099e-05
23.94 1.99799e-06
23.96 -5.23672e-07
23.98 -2.16084e-05
24 -2.93136e-05
24.02 -1.80641e-06
24.04 3.93133e-05
24.06 4.75794e-05
24.08 1.26677e-05
24.1 -1.84762e-05
24.12 -1.21375e-05
24.14 8.63548e-06
24.16 1.32481e-05
24.18 2.88136e-06
24.2 -9.83162e-06
24.22 -1.62188e-05
24.24 -1.12534e-05
24.26 6.32416e-07
24.28 1.16804e-05
24.3 1.64865e-05
24.32 9.77615e-06
24.34 -8.78404e-06
24.36 -2.67766e-05
24.38 -2.68459e-05
24.4 -1.10626e-05
24.42 2.37557e-07
24.44 -1.82377e-07
24.46 1.63758e-08
24.48 4.95338e-06
24.5 3.42597e-06
24.52 -6.2408e-06
24.54 -1.09945e-05
24.56 -3.27282e-06
24.58 9.55956e-06
24.6 1.36736e-05
24.62 5.6107e-06
24.64 -1.00586e-07
24.66 9.16888e-06
24.68 2.12158e-05
24.7 1.31085e-05
24.72 -1.21813e-05
24.74 -2.28297e-05
24.76 -3.99691e-06
24.78 1.95269e-05
24.8 2.14184e-05
24.82 7.60911e-06
24.84 3.56408e-06
24.86 1.77594e-05
24.88 2.81364e-05
24.9 1.67424e-05
24.92 1.33338e-06
24.94 6.54674e-06
24.96 2.2974e-05
24.98 2.3973e-05
25 7.78114e-06
25.02 -1.67676e-06
25.04 8.25964e-06
25.06 2.1256e-05
25.08 1.6709e-05
25.1 -6.98714e-07
25.12 -6.36561e-06
25.14 9.00058e-06
25.16 2.27182e-05
25.18 1.30813e-05
25.2 -7.15454e-06
25.22 -1.19055e-05
25.24 -7.73762e-07
25.26 2.9883e-06
25.28 -1.22539e-05
25.3 -2.99847e-05
25.32 -3.01906e-05
25.34 -1.38529e-05
25.36 2.61422e-06
25.38 4.56383e-06
25.4 -6.81761e-06
25.42 -1.41506e-05
25.44 -6.44858e-06
25.46 3.83705e-06
25.48 -4.50319e-07
25.5 -1.41083e-05
25.52 -1.58245e-05
25.54 -5.65505e-07
25.56 1.2026e-05
25.58 8.01856e-06
25.6 -6.53742e-07
25.62 4.07201e-06
25.64 1.79052e-05
25.66 2.05321e-05
25.68 6.40157e-06
25.7 -6.88912e-06
25.72 -2.85844e-06
25.74 9.30901e-06
25.76 6.44853e-06
25.78 -1.13156e-05
25.8 -1.88841e-05
25.82 -6.69852e-06
25.84 6.00123e-06
25.86 3.88512e-06
25.88 -4.92204e-06
25.9 -7.50322e-06
25.92 -4.58309e-06
25.94 -3.97692e-06
25.96 -6.75766e-06
25.98 -8.93426e-06
26 -1.04514e-05
26.02 -1.36626e-05
26.04 -1.73589e-05
26.06 -1.63447e-05
26.08 -8.09938e-06
26.1 -9.74383e-07
26.12 -6.38198e-06
26.14 -1.88873e-05
26.16 -2.00715e-05
26.18 -6.41413e-06
26.2 4.72101e-06
26.22 8.70947e-07
26.24 -8.9052e-06
26.26 -8.18359e-06
26.28 3.38253e-06
26.3 8.87974e-06
26.32 1.67204e-07
26.34 -8.76331e-06
26.36 -5.61299e-06
26.38 9.64312e-07
26.4 -1.97095e-06
26.42 -1.0956e-05
26.44 -1.32675e-05
26.46 -5.92252e-06
26.48 3.36918e-06
26.5 7.1609e-06
26.52 3.08463e-06
26.54 -4.20607e-06
26.56 -5.65276e-06
26.58 3.07025e-06
26.6 1.57971e-05
26.62 2.03107e-05
26.64 1.20409e-05
26.66 9.71161e-07
26.68 -2.363e-07
26.7 7.75185e-06
26.72 1.10237e-05
26.74 2.23768e-06
26.76 -7.6126e-06
26.78 -7.37613e-06
26.8 -1.31324e-06
26.82 -1.31146e-07
26.84 -6.9612e-06
26.86 -1.31124e-05
26.88 -1.08487e-05
26.9 -5.79415e-06
26.92 -5.14267e-06
26.94 -4.89995e-06
26.96 7.09023e-07
26.98 6.2939e-06
27 1.93324e-06
27.02 -7.13631e-06
27.04 -4.74217e-06
27.06 7.59672e-06
27.08 9.69121e-06
27.1 -4.39043e-06
27.12 -1.42504e-05
27.14 -3.71516e-06
27.16 1.25713e-05
27.18 9.88829e-06
27.2 -8.99595e-06
27.22 -1.75339e-05
27.24 -4.8606e-06
27.26 8.70035e-06
27.28 3.69035e-06
27.3 -9.77093e-06
27.32 -9.6769e-06
27.34 5.19942e-06
27.36 1.51735e-05
27.38 9.30601e-06
27.4 -6.22876e-07
27.42 -3.92134e-08
27.44 9.85262e-06
27.46 1.5923e-05
27.48 9.46713e-06
27.5 -2.02071e-06
27.52 -6.15314e-06
27.54 -4.47305e-06
27.56 -6.74372e-06
27.58 -1.39444e-05
27.6 -1.77798e-05
27.62 -1.45186e-05
27.64 -1.17784e-05
27.66 -1.52737e-05
27.68 -1.8337e-05
27.7 -1.32276e-05
27.72 -2.61902e-06
27.74 6.01328e-06
27.76 1.04818e-05
27.78 1.33182e-05
27.8 1.55214e-05
27.82 1.60999e-05
27.84 1.51186e-05
27.86 1.30596e-05
27.88 8.83545e-06
27.9 3.00684e-06
27.92 -7.5256e-07
27.94 -9.33737e-07
27.96 7.7986e-07
27.98 2.00482e-06
28 3.58863e-07
28.02 -2.2942e-06
28.04 -1.71585e-06
28.06 -3.53183e-08
28.08 -2.23487e-06
28.1 -7.43018e-06
28.12 -8.1317e-06
28.14 -6.30034e-07
28.16 4.68971e-06
28.18 -1.12297e-06
28.2 -6.49394e-06
28.22 1.81853e-06
28.24 1.53037e-05
28.26 1.90268e-05
28.28 1.4701e-05
28.3 1.46534e-05
28.32 2.18606e-05
28.34 2.52598e-05
28.36 7.72583e-06
28.38 -2.84696e-05
28.4 -4.6212e-05
28.42 -1.90419e-05
28.44 2.0415e-05
28.46 1.64091e-05
28.48 -2.56333e-05
28.5 -4.04166e-05
28.52 -2.37106e-06
28.54 3.63391e-05
28.56 2.68553e-05
28.58 -8.05136e-06
28.6 -1.67307e-05
28.62 3.05503e-06
28.64 1.29014e-05
28.66 2.28845e-06
28.68 -2.05388e-06
28.7 1.19496e-05
28.72 2.20196e-05
28.74 6.96181e-06
28.76 -2.05859e-05
28.78 -2.65634e-05
28.8 1.48651e-07
28.82 2.5308e-05
28.84 1.18284e-05
28.86 -2.0951e-05
28.88 -2.12458e-05
28.9 1.3961e-05
28.92 3.46654e-05
28.94 1.6799e-05
28.96 -6.05529e-06
28.98 -1.21095e-06
29 1.38339e-05
29.02 7.74566e-06
29.04 -7.7545e-06
29.06 -5.14254e-07
29.08 2.10181e-05
29.1 1.93947e-05
29.12 -8.60765e-06
29.14 -2.54149e-05
29.16 -1.09423e-05
29.18 8.26957e-06
29.2 2.10968e-06
29.22 -1.75233e-05
29.24 -1.99654e-05
29.26 -4.66095e-06
29.28 4.28977e-06
29.3 -1.98297e-06
29.32 -1.00942e-05
29.34 -8.94372e-06
29.36 -2.22439e-06
29.38 2.44162e-06
29.4 4.24182e-06
29.42 4.80297e-06
29.44 3.39149e-06
29.46 6.40195e-07
29.48 1.496e-07
29.5 2.66133e-06
29.52 3.97751e-06
29.54 1.5874e-07
29.56 -9.01446e-06
29.58 -1.72235e-05
29.6 -1.44969e-05
29.62 -1.87238e-06
29.64 3.66327e-06
29.66 -7.39623e-06
29.68 -1.9158e-05
29.7 -1.4354e-05
29.72 -1.32619e-06
29.74 4.41831e-07
29.76 -9.41731e-06
29.78 -1.20089e-05
29.8 -2.90792e-07
29.82 9.52088e-06
29.84 5.85567e-06
29.86 -9.01089e-07
29.88 2.27342e-06
29.9 1.11809e-05
29.92 1.42058e-05
29.94 1.01159e-05
29.96 6.14685e-06
29.98 4.88865e-06
30 8.80989e-07
30.02 -8.392e-06
30.04 -1.52666e-05
30.06 -1.29787e-05
30.08 -8.11172e-06
30.1 -9.78397e-06
30.12 -1.28117e-05
30.14 -6.23699e-06
30.16 6.87131e-06
30.18 1.24349e-05
30.2 6.60747e-06
30.22 2.37317e-07
30.24 2.22955e-06
30.26 9.49289e-06
30.28 1.3638e-05
30.3 1.22913e-05
30.32 1.09608e-05
30.34 1.1921e-05
30.36 1.04724e-05
30.38 5.31455e-06
30.4 6.71643e-07
30.42 -1.12477e-06
30.44 -4.06804e-06
30.46 -1.23446e-05
30.48 -2.02844e-05
30.5 -1.76187e-05
30.52 -4.90687e-06
30.54 4.03533e-06
30.56 -1.46383e-07
30.58 -7.88892e-06
30.6 -4.35976e-06
30.62 8.46918e-06
30.64 1.58595e-05
30.66 1.20491e-05
30.68 6.27023e-06
30.7 8.21163e-06
30.72 1.43773e-05
30.74 1.16469e-05
30.76 -1.62088e-06
30.78 -8.33556e-06
30.8 -2.96363e-09
30.82 7.77624e-06
30.84 2.22025e-06
30.86 -6.77236e-06
30.88 -4.2991e-06
30.9 8.52949e-06
30.92 1.7726e-05
30.94 1.40213e-05
30.96 3.59554e-06
30.98 -1.29819e-07
31 4.24818e-06
31.02 4.67177e-06
31.04 -3.04436e-06
31.06 -8.41903e-06
31.08 -5.94817e-06
31.1 -3.29087e-06
31.12 -4.58551e-06
31.14 -3.11276e-06
31.16 4.19434e-06
31.18 9.14503e-06
31.2 5.246e-06
31.22 -1.45329e-06
31.24 -7.87148e-07
31.26 7.1058e-06
31.28 1.09943e-05
31.3 4.41139e-06
31.32 -3.34019e-06
31.34 -3.81224e-07
31.36 9.28303e-06
31.38 1.08251e-05
31.4 2.18725e-06
31.42 -1.28759e-06
31.44 6.61329e-06
31.46 1.18323e-05
31.48 4.92287e-06
31.5 -4.97925e-06
31.52 -6.9199e-06
31.54 -2.58419e-06
31.56 -7.76262e-07
31.58 -4.81966e-06
31.6 -8.67762e-06
31.62 -6.05156e-06
31.64 -1.1294e-06
31.66 -3.02841e-06
31.68 -1.04106e-05
31.7 -1.3154e-05
31.72 -8.31499e-06
31.74 -3.32258e-06
31.76 -4.06418e-06
31.78 -7.30955e-06
31.8 -6.52206e-06
31.82 -2.32117e-06
31.84 -1.17769e-06
31.86 -2.87937e-06
31.88 -4.79069e-07
31.9 5.7169e-06
31.92 7.20496e-06
31.94 1.97979e-06
31.96 -7.68697e-07
31.98 4.91557e-06
32 1.09796e-05
32.02 6.99676e-06
32.04 -3.65229e-06
32.06 -8.30047e-06
32.08 -3.49716e-06
32.1 9.38055e-07
32.12 -2.92492e-06
32.14 -1.06766e-05
32.16 -1.21723e-05
32.18 -5.41486e-06
32.2 1.17019e-07
32.22 -3.23579e-06
32.24 -1.00112e-05
32.26 -1.00469e-05
32.28 -3.6258e-06
32.3 -5.27807e-07
32.32 -5.55913e-06
32.34 -1.20231e-05
32.36 -1.11687e-05
32.38 -4.89771e-06
32.4 -3.4208e-06
32.42 -8.92137e-06
32.44 -1.20584e-05
32.46 -7.21948e-06
32.48 -4.24747e-07
32.5 -5.74267e-07
32.52 -7.59658e-06
32.54 -1.10615e-05
32.56 -3.95963e-06
32.58 5.17759e-06
32.6 3.67656e-06
32.62 -4.75215e-06
32.64 -4.60565e-06
32.66 6.81465e-06
32.68 1.43672e-05
32.7 8.10416e-06
32.72 -2.25012e-06
32.74 -3.15062e-06
32.76 1.7337e-06
32.78 -7.47199e-07
32.8 -9.53943e-06
32.82 -1.13726e-05
32.84 -2.39174e-06
32.86 6.62025e-06
32.88 6.89711e-06
32.9 4.49033e-06
32.92 8.33192e-06
32.94 1.40609e-05
32.96 1.18436e-05
32.98 3.46847e-06
33 -9.02969e-07
33.02 1.20188e-06
33.04 2.71685e-06
33.06 -3.83584e-07
33.08 -3.71507e-06
33.1 -3.06967e-06
33.12 -1.33293e-06
33.14 -2.50483e-06
33.16 -4.21026e-06
33.18 -2.90686e-06
33.2 7.1027e-08
33.22 2.12657e-06
33.24 2.18964e-06
33.26 7.60231e-07
33.28 -8.5562e-07
33.3 -2.91061e-06
33.32 -4.85423e-06
33.34 -2.48161e-06
33.36 5.09618e-06
33.38 9.92798e-06
33.4 5.03469e-06
33.42 -3.90492e-06
33.44 -4.62463e-06
33.46 4.11954e-06
33.48 8.75941e-06
33.5 5.73569e-07
33.52 -9.61331e-06
33.54 -8.14067e-06
33.56 1.12776e-06
33.58 5.5913e-06
33.6 2.32008e-06
33.62 -1.58602e-06
33.64 -1.07998e-06
33.66 2.71622e-07
33.68 -3.30921e-06
33.7 -9.35503e-06
33.72 -9.3706e-06
33.74 -3.32751e-06
33.76 -7.09182e-07
33.78 -3.28034e-06
33.8 -1.63167e-06
33.82 6.91733e-06
33.84 1.2071e-05
33.86 8.01433e-06
33.88 2.98838e-06
33.9 5.71308e-06
33.92 1.24424e-05
33.94 1.31098e-05
33.96 6.61426e-06
33.98 3.175e-06
34 8.41903e-06
34.02 1.31915e-05
34.04 8.04067e-06
34.06 -6.7485e-07
34.08 -2.02044e-06
34.1 1.63071e-06
34.12 1.72088e-06
34.14 -2.62573e-06
34.16 -5.88681e-06
34.18 -4.27701e-06
34.2 -2.37712e-07
34.22 1.05674e-06
34.24 -1.73392e-06
34.26 -4.8172e-06
34.28 -4.01163e-06
34.3 3.35004e-07
34.32 3.18301e-06
34.34 7.3448e-07
34.36 -3.01276e-06
34.38 2.44844e-07
34.4 9.87658e-06
34.42 1.46195e-05
34.44 9.70036e-06
34.46 4.16979e-06
34.48 5.94285e-06
34.5 9.2354e-06
34.52 4.50095e-06
34.54 -5.49018e-06
34.56 -9.455e-06
34.58 -3.95942e-06
34.6 2.89351e-06
34.62 3.86881e-06
34.64 9.3566e-07
34.66 -4.69263e-07
34.68 4.42149e-07
34.7 1.80158e-07
34.72 -2.89871e-06
34.74 -6.22169e-06
34.76 -7.00665e-06
34.78 -5.14738e-06
34.8 -2.20615e-06
34.82 -3.65658e-07
34.84 2.91095e-07
34.86 2.40275e-06
34.88 5.19612e-06
34.9 4.8953e-06
34.92 3.25361e-06
34.94 5.31483e-06
34.96 1.00725e-05
34.98 1.17522e-05
35 7.55739e-06
35.02 1.3874e-06
35.04 -9.92663e-08
35.06 2.86278e-06
35.08 2.30069e-06
35.1 -4.57375e-06
35.12 -9.91796e-06
35.14 -8.6657e-06
35.16 -6.98903e-06
35.18 -1.01145e-05
35.2 -1.27326e-05
35.22 -7.90559e-06
35.24 9.70947e-07
35.26 3.76364e-06
35.28 -1.79233e-06
35.3 -6.26033e-06
35.32 -1.57811e-06
35.34 6.04525e-06
35.36 4.27154e-06
35.38 -4.48827e-06
35.4 -5.18112e-06
35.42 5.45262e-06
35.44 1.33957e-05
35.46 8.26141e-06
35.48 -1.99191e-06
35.5 -3.07016e-06
35.52 3.40196e-06
35.54 3.20986e-06
35.56 -5.98182e-06
35.58 -1.22104e-05
35.6 -1.02332e-05
35.62 -7.53102e-06
35.64 -9.42229e-06
35.66 -1.1142e-05
35.68 -7.64251e-06
35.7 -2.97102e-06
35.72 -2.68934e-06
35.74 -4.9877e-06
35.76 -6.41434e-06
35.78 -4.7734e-06
35.8 2.6717e-06
35.82 1.04022e-05
35.84 6.26047e-06
35.86 -6.04844e-06
35.88 -8.55399e-06
35.9 3.02814e-08
35.92 2.79472e-06
35.94 -2.50429e-06
35.96 1.35325e-06
35.98 1.50938e-05
36 1.48952e-05
36.02 -4.12795e-06
36.04 -1.35403e-05
36.06 8.57898e-07
36.08 1.62938e-05
36.1 1.31941e-05
36.12 2.84585e-06
36.14 6.78189e-07
36.16 1.48738e-06
36.18 -5.90605e-08
36.2 3.94574e-06
36.22 1.2209e-05
36.24 1.19839e-05
36.26 7.69049e-07
36.28 -1.16409e-05
36.3 -1.57533e-05
36.32 -1.20047e-05
36.34 -9.78212e-06
36.36 -1.20014e-05
36.38 -1.10223e-05
36.4 -3.61796e-06
36.42 4.81385e-06
36.44 8.29181e-06
36.46 3.00992e-06
36.48 -5.94703e-06
36.5 -4.23052e-07
36.52 2.47152e-05
36.54 4.12255e-05
36.56 2.50568e-05
36.58 -1.52415e-06
36.6 -4.65948e-07
36.62 2.17775e-05
36.64 2.24945e-05
36.66 -5.84935e-06
36.68 -2.13205e-05
36.7 -7.70271e-06
36.72 -9.20765e-07
36.74 -1.67083e-05
36.76 -1.86968e-05
36.78 9.27459e-06
36.8 2.14123e-05
36.82 -1.11163e-05
36.84 -3.93326e-05
36.86 -1.58956e-05
36.88 2.15561e-05
36.9 9.58481e-06
36.92 -3.741e-05
36.94 -4.88237e-05
36.96 -6.35182e-06
36.98 3.71556e-05
37 3.34655e-05
37.02 -5.21104e-06
37.04 -2.09069e-05
37.06 1.54528e-05
37.08 5.56524e-05
37.1 3.78982e-05
37.12 -1.54986e-05
37.14 -2.95213e-05
37.16 6.31048e-06
37.18 2.65402e-05
37.2 -4.39871e-06
37.22 -4.42156e-05
37.24 -4.68266e-05
37.26 -2.05796e-05
37.28 3.16452e-06
37.3 7.79347e-06
37.32 -4.28532e-06
37.34 -1.7064e-05
37.36 -1.71503e-05
37.38 -8.53626e-06
37.4 -4.35324e-06
37.42 -6.41551e-06
37.44 -4.45003e-06
37.46 4.42683e-06
37.48 1.2288e-05
37.5 1.33044e-05
37.52 8.78592e-06
37.54 5.03214e-06
37.56 1.01793e-05
37.58 2.38456e-05
37.6 2.99337e-05
37.62 1.60345e-05
37.64 -5.97982e-06
37.66 -1.50838e-05
37.68 -5.12742e-06
37.7 1.14646e-05
37.72 1.40386e-05
37.74 -2.57558e-06
37.76 -1.61622e-05
37.78 -6.77257e-06
37.8 1.17024e-05
37.82 7.39166e-06
37.84 -2.38139e-05
37.86 -4.4463e-05
37.88 -2.63827e-05
37.9 3.83894e-06
37.92 6.55216e-06
37.94 -1.03649e-05
37.96 -1.34375e-05
37.98 1.52975e-06
38 1.12962e-05
38.02 4.84129e-06
38.04 -4.28627e-06
38.06 -1.17238e-06
38.08 8.44999e-06
38.1 8.45747e-06
38.12 -7.10707e-07
38.14 -5.03334e-06
38.16 6.17183e-07
38.18 8.9078e-06
38.2 1.18883e-05
38.22 1.12529e-05
38.24 1.20873e-05
38.26 1.01429e-05
38.28 -8.47301e-07
38.3 -1.46451e-05
38.32 -1.76743e-05
38.34 -7.01332e-06
38.36 3.4624e-06
38.38 -3.47881e-07
38.4 -1.1129e-05
38.42 -8.66124e-06
38.44 9.19642e-06
38.46 2.19864e-05
38.48 1.44861e-05
38.5 -3.38834e-06
38.52 -1.04832e-05
38.54 -3.14916e-06
38.56 2.40884e-06
38.58 -4.78341e-06
38.6 -1.65476e-05
38.62 -1.84217e-05
38.64 -9.29509e-06
38.66 -1.85113e-06
38.68 -3.55473e-06
38.7 -7.54282e-06
38.72 -5.0296e-06
38.74 2.94883e-06
38.76 8.76109e-06
38.78 8.28183e-06
38.8 5.00847e-06
38.82 3.81617e-06
38.84 3.34409e-06
38.86 -1.37911e-06
38.88 -8.99189e-06
38.9 -1.14289e-05
38.92 -7.17344e-06
38.94 -4.88714e-06
38.96 -8.15736e-06
38.98 -8.20562e-06
39 1.4428e-06
39.02 1.30724e-05
39.04 1.59811e-05
39.06 1.27387e-05
39.08 1.46054e-05
39.1 2.3275e-05
39.12 2.62353e-05
39.14 1.36256e-05
39.16 -5.65062e-06
39.18 -1.29885e-05
39.2 -4.66398e-06
39.22 3.35435e-06
39.24 -1.47034e-06
39.26 -1.08704e-05
39.28 -9.3196e-06
39.3 1.81201e-06
39.32 6.1627e-06
39.34 -2.28249e-06
39.36 -1.09415e-05
39.38 -9.28083e-06
39.4 -2.75951e-06
39.42 -9.50832e-07
39.44 -4.12613e-06
39.46 -6.37619e-06
39.48 -4.40761e-06
39.5 -4.30978e-08
39.52 3.54548e-06
39.54 4.95601e-06
39.56 4.21924e-06
39.58 2.29211e-06
39.6 1.79962e-06
39.62 5.98817e-06
39.64 1.33984e-05
39.66 1.70626e-05
39.68 1.34958e-05
39.7 8.53501e-06
39.72 8.641e-06
39.74 9.7798e-06
39.76 4.32015e-06
39.78 -4.34465e-06
39.8 -6.7694e-06
39.82 -2.81311e-06
39.84 -3.93316e-07
39.86 -3.36523e-06
39.88 -7.32314e-06
39.9 -6.70834e-06
39.92 -2.43729e-06
39.94 7.98617e-07
39.96 1.30797e-06
39.98 9.0532e-08
40 -1.65186e-06
40.02 -2.22689e-06
40.04 -8.70518e-07
40.06 7.0138e-07
40.08 -3.32699e-07
40.1 -2.80497e-06
40.12 -8.57805e-07
40.14 5.42834e-06
40.16 7.49399e-06
40.18 2.80696e-06
40.2 -1.02169e-06
40.22 -1.04506e-07
40.24 9.37687e-07
40.26 -2.05368e-06
40.28 -6.93315e-06
40.3 -8.29157e-06
40.32 -4.93897e-06
40.34 -1.83914e-06
40.36 -2.74159e-06
40.38 -4.98098e-06
40.4 -3.37014e-06
40.42 3.42445e-06
40.44 1.01315e-05
40.46 1.11484e-05
40.48 8.33988e-06
40.5 7.25543e-06
40.52 8.77409e-06
40.54 7.57587e-06
40.56 2.9091e-07
40.58 -5.34443e-06
40.6 -3.09387e-07
40.62 8.03824e-06
40.64 4.73008e-06
40.66 -1.02476e-05
40.68 -2.06947e-05
40.7 -1.53626e-05
40.72 -3.94352e-06
40.74 -3.75661e-06
40.76 -1.4964e-05
40.78 -2.15645e-05
40.8 -1.43355e-05
40.82 -9.97688e-07
40.84 5.80261e-06
40.86 4.11373e-06
40.88 2.35532e-06
40.9 3.97392e-06
40.92 4.23899e-06
40.94 2.75253e-06
40.96 3.8817e-06
40.98 7.28329e-06
41 9.16847e-06
41.02 7.66292e-06
41.04 3.53237e-06
41.06 7.14838e-07
41.08 1.82685e-06
41.1 3.56419e-06
41.12 2.52257e-06
41.14 -3.01692e-07
41.16 -2.60577e-06
41.18 -4.24333e-06
41.2 -6.7029e-06
41.22 -9.70415e-06
41.24 -1.05664e-05
41.26 -7.96267e-06
41.28 -5.3349e-06
41.3 -6.61318e-06
41.32 -8.75921e-06
41.34 -6.20467e-06
41.36 -6.58607e-07
41.38 1.88092e-06
41.4 3.87461e-07
41.42 -4.64381e-08
41.44 4.69798e-06
41.46 1.13349e-05
41.48 1.2924e-05
41.5 8.49888e-06
41.52 4.70772e-06
41.54 6.67459e-06
41.56 1.11191e-05
41.58 1.08821e-05
41.6 4.2854e-06
41.62 -2.15264e-06
41.64 -2.24384e-06
41.66 1.34738e-06
41.68 1.69485e-06
41.7 -2.45375e-06
41.72 -6.6385e-06
41.74 -8.39922e-06
41.76 -9.2866e-06
41.78 -1.01565e-05
41.8 -1.01347e-05
41.82 -8.2092e-06
41.84 -3.58395e-06
41.86 2.2003e-06
41.88 5.31078e-06
41.9 4.79276e-06
41.92 4.78305e-06
41.94 8.20867e-06
41.96 1.19291e-05
41.98 1.15473e-05
42 7.4596e-06
42.02 3.65972e-06
42.04 2.03348e-06
42.06 4.08812e-07
42.08 -2.72874e-06
42.1 -4.4871e-06
42.12 -1.9593e-06
42.14 2.31735e-06
42.16 3.47598e-06
42.18 6.01028e-07
42.2 -2.50211e-06
42.22 -2.20673e-06
42.24 -9.07558e-08
42.26 -5.86712e-07
42.28 -4.47207e-06
42.3 -8.05939e-06
42.32 -8.54732e-06
42.34 -6.88082e-06
42.36 -4.53344e-06
42.38 -2.4135e-06
42.4 -1.33064e-06
42.42 1.59974e-07
42.44 2.92069e-06
42.46 4.40443e-06
42.48 3.27727e-06
42.5 1.60578e-06
42.52 2.05537e-06
42.54 4.66185e-06
42.56 6.40861e-06
42.58 5.1809e-06
42.6 2.80344e-06
42.62 2.78612e-06
42.64 5.00143e-06
42.66 5.30991e-06
42.68 2.31047e-06
42.7 1.49864e-07
42.72 2.13485e-06
42.74 5.10082e-06
42.76 3.24749e-06
42.78 -2.78254e-06
42.8 -4.92094e-06
42.82 -1.02078e-09
42.84 3.12345e-06
42.86 -2.74979e-06
42.88 -1.06957e-05
42.9 -1.02705e-05
42.92 -3.02791e-06
42.94 2.33204e-07
42.96 -5.2921e-06
42.98 -1.16707e-05
43 -9.116e-06
43.02 3.49189e-07
43.04 5.7079e-06
43.06 2.41319e-06
43.08 -2.27465e-06
43.1 -4.5633e-07
43.12 5.95352e-06
43.14 8.57387e-06
43.16 4.98493e-06
43.18 1.86305e-06
43.2 3.61225e-06
43.22 5.73811e-06
43.24 3.10434e-06
43.26 -2.23079e-06
43.28 -4.62888e-06
43.3 -3.31595e-06
43.32 -3.40407e-06
43.34 -7.37286e-06
43.36 -1.10538e-05
43.38 -1.02793e-05
43.4 -6.76389e-06
43.42 -4.28531e-06
43.44 -2.83285e-06
43.46 -3.92729e-07
43.48 3.05025e-06
43.5 5.68772e-06
43.52 6.38723e-06
43.54 5.81214e-06
43.56 5.02434e-06
43.58 4.07787e-06
43.6 2.17089e-06
43.62 -4.07004e-07
43.64 -1.70168e-06
43.66 -8.19019e-07
43.68 2.55614e-07
43.7 -1.06154e-06
43.72 -3.86963e-06
43.74 -4.19839e-06
43.76 -1.57609e-06
43.78 -2.11494e-07
43.8 -1.21616e-06
43.82 -1.2457e-06
43.84 8.17448e-07
43.86 1.54302e-06
43.88 -1.57346e-06
43.9 -5.10707e-06
43.92 -4.24026e-06
43.94 -8.02766e-07
43.96 -1.11738e-06
43.98 -5.36763e-06
44 -6.68954e-06
44.02 -2.2979e-06
44.04 2.23395e-06
44.06 1.6662e-06
44.08 -1.83087e-06
44.1 -2.75291e-06
44.12 7.08832e-08
44.14 2.35808e-06
44.16 7.92891e-07
44.18 -2.63999e-06
44.2 -4.06954e-06
44.22 -3.1327e-06
44.24 -2.68446e-06
44.26 -4.15294e-06
44.28 -6.00734e-06
44.3 -6.21422e-06
44.32 -4.48262e-06
44.34 -2.01107e-06
44.36 -6.03362e-07
44.38 -9.71473e-07
44.4 -7.30674e-07
44.42 2.28291e-06
44.44 5.8288e-06
44.46 6.87417e-06
44.48 5.48381e-06
44.5 2.9845e-06
44.52 5.31523e-07
44.54 -9.45124e-07
44.56 -1.71786e-06
44.58 -2.85546e-06
44.6 -4.51646e-06
44.62 -5.49146e-06
44.64 -4.67451e-06
44.66 -2.74102e-06
44.68 -1.73935e-06
44.7 -2.46973e-06
44.72 -2.65735e-06
44.74 -5.39594e-07
44.76 1.90404e-06
44.78 2.15052e-06
44.8 3.41087e-07
44.82 -1.22711e-06
44.84 -4.42366e-07
44.86 2.16084e-06
44.88 3.79945e-06
44.9 2.71893e-06
44.92 3.48784e-07
44.94 -3.72107e-07
44.96 9.53681e-07
44.98 1.5069e-06
45 -5.81257e-07
45.02 -3.15757e-06
45.04 -2.74947e-06
45.06 4.7973e-07
45.08 2.55855e-06
45.1 7.47357e-07
45.12 -2.08897e-06
45.14 -1.45847e-06
45.16 1.41128e-06
45.18 1.55865e-06
45.2 -1.7592e-06
45.22 -3.3091e-06
45.24 7.19165e-07
45.26 6.62007e-06
45.28 8.02403e-06
45.3 4.30113e-06
45.32 1.42723e-06
45.34 3.70164e-06
45.36 6.16769e-06
45.38 2.34641e-06
45.4 -4.51815e-06
45.42 -5.61708e-06
45.44 9.64061e-07
45.46 5.5529e-06
45.48 4.80589e-07
45.5 -6.9147e-06
45.52 -5.63396e-06
45.54 1.63531e-06
45.56 3.03909e-06
45.58 -3.5239e-06
45.6 -7.43871e-06
45.62 -2.27073e-06
45.64 4.28147e-06
45.66 1.82267e-06
45.68 -6.49291e-06
45.7 -8.08437e-06
45.72 -2.89602e-07
45.74 5.23638e-06
45.76 -1.08216e-07
45.78 -8.55302e-06
45.8 -6.79227e-06
45.82 3.76099e-06
45.84 8.52623e-06
45.86 2.02866e-06
45.88 -3.90495e-06
45.9 1.034e-06
45.92 1.00714e-05
45.94 1.07522e-05
45.96 3.24861e-06
45.98 -2.17821e-06
46 -9.99264e-07
46.02 2.07003e-06
46.04 1.80816e-06
46.06 -1.2106e-06
46.08 -2.70134e-06
46.1 -2.27368e-06
46.12 -2.86381e-06
46.14 -4.64426e-06
46.16 -5.62321e-06
46.18 -4.10005e-06
46.2 7.70299e-09
46.22 3.02528e-06
46.24 8.4391e-07
46.26 -3.02086e-06
46.28 -1.11381e-06
46.3 4.36234e-06
46.32 4.70941e-06
46.34 -1.74623e-08
46.36 -2.11221e-06
46.38 1.38841e-06
46.4 5.00658e-06
46.42 3.00531e-06
46.44 -1.66334e-06
46.46 -1.59507e-06
46.48 2.61947e-06
46.5 3.23919e-06
46.52 -1.40876e-06
46.54 -4.54172e-06
46.56 -1.84822e-06
46.58 2.283e-06
46.6 1.55552e-06
46.62 -2.74955e-06
46.64 -3.9759e-06
46.66 -5.56849e-07
46.68 1.68253e-06
46.7 -1.36305e-06
46.72 -5.25888e-06
46.74 -3.55767e-06
46.76 1.50424e-06
46.78 2.90313e-06
46.8 1.04285e-07
46.82 -1.02823e-06
46.84 2.44758e-06
46.86 4.58517e-06
46.88 -1.54623e-07
46.9 -6.00183e-06
46.92 -4.77861e-06
46.94 1.82027e-06
46.96 5.22869e-06
46.98 1.47998e-06
47 -3.6369e-06
47.02 -3.21111e-06
47.04 1.40486e-06
47.06 3.41752e-06
47.08 -8.19407e-07
47.1 -6.30171e-06
47.12 -4.28808e-06
47.14 3.35726e-06
47.16 4.4244e-06
47.18 -3.94236e-06
47.2 -9.58307e-06
47.22 -3.77403e-06
47.24 5.39282e-06
47.26 4.91081e-06
47.28 -2.85562e-06
47.3 -3.65594e-06
47.32 6.00704e-06
47.34 1.38779e-05
47.36 1.11053e-05
47.38 3.94159e-06
47.4 1.9648e-06
47.42 3.23775e-06
47.44 -4.73099e-07
47.46 -7.05946e-06
47.48 -5.95182e-06
47.5 2.48686e-06
47.52 5.23596e-06
47.54 -1.53911e-06
47.56 -5.19502e-06
47.58 1.24386e-06
47.6 6.89976e-06
47.62 1.79746e-06
47.64 -7.07597e-06
47.66 -7.76078e-06
47.68 -1.53555e-06
47.7 8.78585e-07
47.72 -3.58083e-06
47.74 -6.07675e-06
47.76 -5.84323e-07
47.78 5.81046e-06
47.8 4.1561e-06
47.82 -2.30871e-06
47.84 -3.97565e-06
47.86 1.2326e-07
47.88 1.89396e-06
47.9 -2.45483e-06
47.92 -6.01496e-06
47.94 -2.90886e-06
47.96 1.50224e-06
47.98 2.00539e-07
48 -3.67003e-06
48.02 -2.4351e-06
48.04 3.42259e-06
48.06 5.21651e-06
48.08 -1.12698e-06
48.1 -8.01454e-06
48.12 -5.61101e-06
48.14 4.25533e-06
48.16 7.85977e-06
48.18 -1.23766e-06
48.2 -1.01718e-05
48.22 -6.02185e-06
48.24 3.98965e-06
48.26 5.05151e-06
48.28 -2.89608e-06
48.3 -6.33576e-06
48.32 1.95906e-06
48.34 1.09709e-05
48.36 7.32546e-06
48.38 -3.09828e-06
48.4 -4.27081e-06
48.42 5.01785e-06
48.44 1.00441e-05
48.46 3.30087e-06
48.48 -4.99364e-06
48.5 -3.97744e-06
48.52 2.38171e-06
48.54 2.48511e-06
48.56 -5.49612e-06
48.58 -1.03062e-05
48.6 -4.99802e-06
48.62 1.95761e-06
48.64 -1.2191e-07
48.66 -7.1293e-06
48.68 -5.88035e-06
48.7 4.14442e-06
48.72 8.82005e-06
48.74 1.71751e-06
48.76 -5.47786e-06
48.78 -1.06934e-06
48.8 7.79949e-06
48.82 6.87864e-06
48.84 -2.12994e-06
48.86 -5.15133e-06
48.88 1.93776e-06
48.9 7.63738e-06
48.92 3.17566e-06
48.94 -4.2941e-06
48.96 -3.50448e-06
48.98 3.70692e-06
49 5.90806e-06
49.02 -8.09374e-08
49.04 -4.726e-06
49.06 -9.90668e-07
49.08 5.04975e-06
49.1 4.04414e-06
49.12 -1.46101e-06
49.14 -1.35322e-06
49.16 5.04168e-06
49.18 7.72767e-06
49.2 1.62741e-06
49.22 -4.55187e-06
49.24 -1.65144e-06
49.26 4.17908e-06
49.28 1.89162e-06
49.3 -5.73841e-06
49.32 -7.16891e-06
49.34 -4.03774e-07
49.36 4.49037e-06
49.38 5.38513e-07
49.4 -5.65109e-06
49.42 -3.82819e-06
49.44 3.56979e-06
49.46 5.4317e-06
49.48 -4.47129e-07
49.5 -4.81114e-06
49.52 -1.95533e-06
49.54 2.07599e-06
49.56 5.61827e-07
49.58 -3.66759e-06
49.6 -4.71735e-06
49.62 -3.0503e-06
49.64 -3.68939e-06
49.66 -7.81715e-06
49.68 -1.02431e-05
49.7 -7.59664e-06
49.72 -3.77158e-06
49.74 -3.24655e-06
49.76 -4.30166e-06
49.78 -2.52405e-06
49.8 1.21151e-06
49.82 1.45652e-06
49.84 -2.28703e-06
49.86 -3.34118e-06
49.88 1.67219e-06
49.9 6.38035e-06
49.92 3.92976e-06
49.94 -2.05757e-06
49.96 -3.27097e-06
49.98 4.26835e-07
50 1.91358e-06
50.02 -1.94455e-06
50.04 -5.73679e-06
50.06 -3.23649e-06
50.08 2.97071e-06
50.1 4.07829e-06
50.12 -1.85713e-06
50.14 -6.48147e-06
50.16 -3.87833e-06
50.18 1.49489e-06
50.2 2.29169e-06
50.22 -2.14764e-06
50.24 -5.65102e-06
50.26 -3.28811e-06
50.28 1.68813e-06
50.3 2.31339e-06
50.32 -1.19081e-06
50.34 -1.91956e-06
50.36 1.81269e-06
50.38 3.92511e-06
50.4 1.32377e-06
50.42 -1.33449e-06
50.44 5.78966e-07
50.46 4.57785e-06
50.48 4.52031e-06
50.5 -3.80745e-07
50.52 -3.78478e-06
50.54 -1.19716e-06
50.56 3.64933e-06
50.58 4.27283e-06
50.6 7.92884e-07
50.62 -6.27368e-07
50.64 2.03127e-06
50.66 3.72994e-06
50.68 1.31721e-06
50.7 -1.35436e-06
50.72 -1.59901e-07
50.74 2.64226e-06
50.76 2.14599e-06
50.78 -1.40211e-06
50.8 -2.78788e-06
50.82 -6.26679e-07
50.84 -9.39211e-08
50.86 -3.60919e-06
50.88 -6.24672e-06
50.9 -4.32948e-06
50.92 -1.23993e-06
50.94 -1.44724e-06
50.96 -4.4241e-06
50.98 -6.15051e-06
51 -4.35347e-06
51.02 -1.33207e-06
51.04 -9.84504e-07
51.06 -3.05695e-06
51.08 -3.40164e-06
51.1 -9.65274e-07
51.12 7.42993e-07
51.14 -5.96895e-07
51.16 -3.24665e-06
51.18 -3.86833e-06
51.2 -1.50907e-06
51.22 8.33913e-07
51.24 1.69408e-07
51.26 -1.42625e-06
51.28 3.99406e-07
51.3 5.10614e-06
51.32 8.02769e-06
51.34 5.52775e-06
51.36 -3.03895e-06
51.38 -1.29124e-05
51.4 -1.62031e-05
51.42 -9.88351e-06
51.44 1.78283e-06
51.46 1.06769e-05
51.48 9.65941e-06
51.5 7.56723e-07
51.52 -3.24939e-06
51.54 3.68969e-06
51.56 9.96377e-06
51.58 4.73094e-06
51.6 -5.70651e-06
51.62 -8.11929e-06
51.64 2.91509e-08
51.66 8.24852e-06
51.68 7.48379e-06
51.7 1.47707e-06
51.72 -1.1946e-07
51.74 3.90908e-06
51.76 5.60841e-06
51.78 6.9386e-07
51.8 -5.78154e-06
51.82 -7.24978e-06
51.84 -3.37211e-06
51.86 9.35991e-07
51.88 1.26866e-06
51.9 -1.4683e-06
51.92 -2.5161e-06
51.94 1.67163e-07
51.96 3.4097e-06
51.98 3.66557e-06
52 1.82508e-06
52.02 9.17554e-07
52.04 1.08046e-06
52.06 5.72984e-08
52.08 -2.30584e-06
52.1 -3.02954e-06
52.12 -7.35602e-07
52.14 7.23635e-07
52.16 -1.58225e-06
52.18 -3.45398e-06
52.2 -3.19517e-08
52.22 5.86915e-06
52.24 7.17563e-06
52.26 2.78732e-06
52.28 -8.24996e-07
52.3 7.01994e-07
52.32 3.70376e-06
52.34 2.30006e-06
52.36 -2.81887e-06
52.38 -5.05717e-06
52.4 -1.82137e-06
52.42 1.42137e-06
52.44 -1.29366e-07
52.46 -2.65719e-06
52.48 -4.08487e-07
52.5 3.95518e-06
52.52 3.51183e-06
52.54 -1.8428e-06
52.56 -5.05599e-06
52.58 -2.75502e-06
52.6 -1.58496e-07
52.62 -1.91348e-06
52.64 -5.23184e-06
52.66 -5.05222e-06
52.68 -1.68532e-06
52.7 3.31772e-07
52.72 -5.32154e-07
52.74 -1.97558e-06
52.76 -2.09773e-06
52.78 -1.36872e-06
52.8 -1.40672e-06
52.82 -2.33068e-06
52.84 -2.57069e-06
52.86 -1.75778e-06
52.88 -1.55979e-06
52.9 -2.2659e-06
52.92 -1.66395e-06
52.94 4.36697e-07
52.96 6.73301e-07
52.98 -1.71558e-06
53 -2.66253e-06
53.02 4.89327e-08
53.04 2.95156e-06
53.06 2.21534e-06
53.08 -2.48544e-07
53.1 1.77183e-07
53.12 3.49285e-06
53.14 4.70715e-06
53.16 2.06435e-06
53.18 2.1395e-07
53.2 1.66232e-06
53.22 3.03513e-06
53.24 1.37454e-06
53.26 -1.40676e-06
53.28 -1.91561e-06
53.3 -5.50264e-07
53.32 -5.55258e-07
53.34 -3.01984e-06
53.36 -4.74467e-06
53.38 -2.87848e-06
53.4 -7.22324e-08
53.42 -2.79488e-07
53.44 -2.22614e-06
53.46 -2.26645e-06
53.48 -4.57592e-07
53.5 3.34296e-07
53.52 -5.58347e-07
53.54 -9.25277e-07
53.56 2.58813e-07
53.58 1.19193e-06
53.6 1.68617e-07
53.62 -1.92125e-06
53.64 -2.90472e-06
53.66 -1.95155e-06
53.68 -6.94166e-07
53.7 -1.12132e-06
53.72 -1.98689e-06
53.74 -7.88087e-07
53.76 1.60673e-06
53.78 2.33615e-06
53.8 1.07255e-06
53.82 -4.48577e-08
53.84 6.32746e-07
53.86 2.3892e-06
53.88 2.38094e-06
53.9 -3.42023e-07
53.92 -2.25222e-06
53.94 -4.397e-07
53.96 2.32708e-06
53.98 1.92647e-06
54 -9.06478e-07
54.02 -2.02973e-06
54.04 5.80824e-08
54.06 2.40631e-06
54.08 2.11433e-06
54.1 1.50361e-07
54.12 -3.30532e-08
54.14 2.07926e-06
54.16 2.7085e-06
54.18 3.73515e-07
54.2 -2.00416e-06
54.22 -2.65502e-06
54.24 -2.47223e-06
54.26 -2.50828e-06
54.28 -3.03421e-06
54.3 -3.01987e-06
54.32 -1.79929e-06
54.34 -8.6425e-07
54.36 -1.5201e-06
54.38 -2.77456e-06
54.4 -2.82936e-06
54.42 -1.4141e-06
54.44 2.61762e-07
54.46 1.152e-06
54.48 1.23153e-06
54.5 1.11939e-06
54.52 1.48339e-06
54.54 2.08106e-06
54.56 1.7869e-06
54.58 4.09488e-07
54.6 -5.88522e-07
54.62 2.54258e-07
54.64 1.88456e-06
54.66 1.79024e-06
54.68 -5.61177e-07
54.7 -3.09114e-06
54.72 -3.32395e-06
54.74 -1.86119e-06
54.76 -1.91013e-06
54.78 -3.91114e-06
54.8 -4.85362e-06
54.82 -3.44887e-06
54.84 -1.27126e-06
54.86 2.42194e-08
54.88 3.73788e-07
54.9 1.15651e-06
54.92 2.56449e-06
54.94 2.94019e-06
54.96 2.27255e-06
54.98 2.33507e-06
55 2.77788e-06
55.02 1.85495e-06
55.04 -2.73497e-08
55.06 -7.43819e-07
55.08 2.44412e-08
55.1 4.59794e-07
55.12 -1.02313e-08
55.14 -5.6991e-07
55.16 -6.34006e-07
55.18 -1.73984e-07
55.2 4.67386e-07
55.22 1.15687e-06
55.24 1.76183e-06
55.26 2.00841e-06
55.28 1.80092e-06
55.3 1.21235e-06
55.32 8.79504e-07
55.34 1.5013e-06
55.36 1.78071e-06
55.38 6.3808e-08
55.4 -1.89501e-06
55.42 -1.37431e-06
55.44 3.61145e-07
55.46 2.67527e-07
55.48 -1.51789e-06
55.5 -2.93617e-06
55.52 -2.83916e-06
55.54 -1.76068e-06
55.56 -1.11887e-06
55.58 -1.09241e-06
55.6 -1.03635e-06
55.62 -4.30283e-07
55.64 2.31845e-07
55.66 -8.04879e-07
55.68 -2.93808e-06
55.7 -2.83117e-06
55.72 9.39495e-08
55.74 2.11847e-06
55.76 6.39149e-07
55.78 -1.94323e-06
55.8 -1.57652e-06
55.82 1.56991e-06
55.84 3.02491e-06
55.86 1.00362e-06
55.88 7.64438e-08
55.9 3.87184e-06
55.92 7.21247e-06
55.94 1.22906e-06
55.96 -1.11849e-05
55.98 -1.49841e-05
56 -5.3715e-06
56.02 4.9937e-06
56.04 4.48736e-06
56.06 -3.57194e-06
56.08 -5.75782e-06
56.1 2.83512e-06
56.12 1.12544e-05
56.14 8.59032e-06
56.16 -1.59812e-06
56.18 -6.33292e-06
56.2 -1.39861e-06
56.22 3.11782e-06
56.24 -1.72372e-07
56.26 -5.16875e-06
56.28 -3.44007e-06
56.3 3.31212e-06
56.32 6.37233e-06
56.34 2.47778e-06
56.36 -1.68619e-06
56.38 -2.42239e-07
56.4 2.98657e-06
56.42 1.77327e-06
56.44 -1.71846e-06
56.46 -4.07254e-07
56.48 5.11674e-06
56.5 6.38566e-06
56.52 1.10587e-06
56.54 -2.61607e-06
56.56 7.87262e-07
56.58 5.62725e-06
56.6 3.29669e-06
56.62 -4.24839e-06
56.64 -6.76171e-06
56.66 -1.14259e-06
56.68 4.26676e-06
56.7 1.8066e-06
56.72 -4.5624e-06
56.74 -5.13585e-06
56.76 9.02176e-07
56.78 4.55912e-06
56.8 9.07098e-07
56.82 -3.55533e-06
56.84 -1.71751e-06
56.86 3.18342e-06
56.88 4.02983e-06
56.9 -3.32186e-07
56.92 -4.38517e-06
56.94 -3.18975e-06
56.96 -1.2387e-07
56.98 -1.54282e-06
57 -5.97869e-06
57.02 -6.48103e-06
57.04 -2.41454e-06
57.06 -6.36567e-07
57.08 -3.50261e-06
57.1 -4.445e-06
57.12 5.34986e-08
57.14 3.38863e-06
57.16 1.90374e-07
57.18 -4.56695e-06
57.2 -3.25549e-06
57.22 2.49515e-06
57.24 3.73445e-06
57.26 -1.93945e-06
57.28 -6.2214e-06
57.3 -2.42135e-06
57.32 4.20117e-06
57.34 3.95852e-06
57.36 -2.39336e-06
57.38 -4.44669e-06
57.4 1.54485e-06
57.42 6.65728e-06
57.44 3.42748e-06
57.46 -3.29516e-06
57.48 -4.29275e-06
57.5 8.84694e-07
57.52 4.3216e-06
57.54 1.41191e-06
57.56 -3.37236e-06
57.58 -3.23251e-06
57.6 1.28906e-06
57.62 3.64578e-06
57.64 1.04245e-06
57.66 -2.19553e-06
57.68 -1.44615e-06
57.7 1.47436e-06
57.72 1.63763e-06
57.74 -1.23579e-06
57.76 -2.74479e-06
57.78 -8.76512e-07
57.8 1.06781e-06
57.82 5.87851e-08
57.84 -1.885e-06
57.86 -1.32605e-06
57.88 9.09531e-07
57.9 1.1371e-06
57.92 -1.04772e-06
57.94 -1.97993e-06
57.96 -8.86665e-09
57.98 1.70069e-06
58 4.12418e-07
58.02 -1.81812e-06
58.04 -1.72535e-06
58.06 2.79417e-07
58.08 1.20445e-06
58.1 -9.70348e-08
58.12 -1.45239e-06
58.14 -7.70842e-07
58.16 8.34357e-07
58.18 9.54231e-07
58.2 -4.15777e-07
58.22 -1.04021e-06
58.24 2.85854e-08
58.26 1.0462e-06
58.28 4.13285e-07
58.3 -8.4325e-07
58.32 -7.753e-07
58.34 4.56118e-07
58.36 9.24494e-07
58.38 -6.15535e-09
58.4 -7.77695e-07
58.42 -1.71337e-07
58.44 8.34294e-07
58.46 6.88055e-07
58.48 -3.4527e-07
58.5 -6.84376e-07
58.52 1.42308e-07
58.54 8.30665e-07
58.56 3.36912e-07
58.58 -5.29708e-07
58.6 -4.18662e-07
58.62 4.56325e-07
58.64 7.16373e-07
58.66 7.96773e-09
58.68 -5.13546e-07
58.7 -6.43903e-08
58.72 6.00693e-07
58.74 4.54751e-07
58.76 -2.24536e-07
58.78 -3.66619e-07
58.8 2.10851e-07
58.82 5.83095e-07
58.84 1.97586e-07
58.86 -3.12834e-07
58.88 -1.66595e-07
58.9 3.74494e-07
58.92 4.68903e-07
58.94 5.07918e-09
58.96 -2.78142e-07
58.98 3.63327e-08
59 4.35465e-07
59.02 3.12546e-07
59.04 -1.10523e-07
59.06 -1.72953e-07
59.08 1.97827e-07
59.1 4.15054e-07
59.12 1.62577e-07
59.14 -1.45352e-07
59.16 -3.82614e-08
59.18 2.96273e-07
59.2 3.39601e-07
59.22 4.73001e-08
59.24 -1.15131e-07
59.26 9.08866e-08
59.28 3.31637e-07
59.3 2.43044e-07
59.32 -1.74431e-08
59.34 -4.3167e-08
59.36 1.91055e-07
59.38 3.16171e-07
59.4 1.5234e-07
59.42 -3.19679e-08
59.44 4.48807e-08
59.46 2.51472e-07
59.48 2.69136e-07
59.5 8.56403e-08
59.52 -6.62963e-09
59.54 1.27596e-07
59.56 2.72562e-07
59.58 2.10577e-07
59.6 5.0904e-08
59.62 4.3119e-08
59.64 1.90886e-07
59.66 2.627e-07
59.68 1.57087e-07
59.7 4.72589e-08
59.72 1.01324e-07
59.74 2.28758e-07
59.76 2.34208e-07
59.78 1.19468e-07
59.8 6.77312e-08
59.82 1.54933e-07
59.84 2.4213e-07
59.86 1.9958e-07
59.88 1.02081e-07
59.9 1.02465e-07
59.92 1.95603e-07
59.94 2.36638e-07
59.96 1.68986e-07
59.98 -8.22027e-08
