0.02 4.44401e-06
0.04 1.25891e-05
0.06 1.37792e-05
0.08 6.30277e-06
0.1 1.80417e-06
0.12 6.74511e-06
0.14 1.30371e-05
0.16 1.1272e-05
0.18 5.0783e-06
0.2 4.77279e-06
0.22 1.1207e-05
0.24 1.51228e-05
0.26 1.19943e-05
0.28 8.67427e-06
0.3 1.20249e-05
0.32 1.75283e-05
0.34 1.82284e-05
0.36 1.6754e-05
0.38 1.61654e-05
0.4 8.486e-06
0.42 -1.07339e-05
0.44 -9.80359e-06
0.46 2.97952e-05
0.48 4.70545e-05
0.5 1.7077e-06
0.52 -4.4543e-05
0.54 -3.24348e-05
0.56 -9.55712e-06
0.58 -4.69658e-05
0.6 -8.63944e-05
0.62 -3.93533e-05
0.64 1.55537e-05
0.66 -1.91258e-05
0.68 -0.000118604
0.7 -0.000173593
0.72 -3.99419e-05
0.74 0.000151164
0.76 0.000107624
0.78 -5.79787e-05
0.8 1.57063e-05
0.82 0.000317151
0.84 0.000446809
0.86 0.000216702
0.88 -5.83764e-05
0.9 -3.6802e-05
0.92 0.000175444
0.94 0.000196979
0.96 -0.000105857
0.98 -0.000381257
1 -0.000262075
1.02 9.17906e-05
1.04 0.000184855
1.06 -0.000138827
1.08 -0.000464258
1.1 -0.000377753
1.12 -1.5636e-05
1.14 0.000188043
1.16 1.4591e-05
1.18 -0.000354763
1.2 -0.000385138
1.22 8.40228e-05
1.24 0.000351772
1.26 -4.83093e-05
1.28 -0.000551324
1.3 -0.000486996
1.32 5.54631e-05
1.34 0.000483578
1.36 0.000347723
1.38 -0.000146654
1.4 -0.000331105
1.42 1.24841e-05
1.44 0.00028582
1.46 -0.000115961
1.48 -0.000860066
1.5 -0.0010332
1.52 -0.00045358
1.54 2.29575e-05
1.56 -0.000259819
1.58 -0.000797909
1.6 -0.000662619
1.62 6.78987e-05
1.64 0.000392628
1.66 -7.07964e-05
1.68 -0.000558578
1.7 -0.000358891
1.72 0.000145519
1.74 9.7695e-05
1.76 -0.000418696
1.78 -0.000516164
1.8 -8.48648e-05
1.82 5.3469e-05
1.84 -0.000418202
1.86 -0.000772606
1.88 -0.000279471
1.9 0.000499406
1.92 0.000283547
1.94 -0.000801977
1.96 -0.00114672
1.98 -0.000216715
2 0.000423906
2.02 -0.000410421
2.04 -0.00155039
2.06 -0.00130036
2.08 -0.000132533
2.1 7.92707e-05
2.12 -0.000910082
2.14 -0.00137408
2.16 -0.000484646
2.18 0.000473433
2.2 0.000235244
2.22 -0.00069992
2.24 -0.000936952
2.26 -0.000180767
2.28 0.000238104
2.3 -0.000533968
2.32 -0.00137498
2.34 -0.0010309
2.36 -1.60705e-05
2.38 0.000222952
2.4 -0.000731414
2.42 -0.00155044
2.44 -0.000969732
2.46 0.000180019
2.48 0.000250015
2.5 -0.000585982
2.52 -0.000760503
2.54 5.00383e-05
2.56 0.000614805
2.58 0.000391572
2.6 0.000308187
2.62 0.00100431
2.64 0.00172315
2.66 0.00162589
2.68 0.00122673
2.7 0.00156289
2.72 0.00249674
2.74 0.00305872
2.76 0.00295785
2.78 0.00272256
2.8 0.00285598
2.82 0.00332686
2.84 0.00371904
2.86 0.00375606
2.88 0.00337765
2.9 0.00285891
2.92 0.00284163
2.94 0.00331458
2.96 0.00340212
2.98 0.00285635
3 0.00252627
3.02 0.00246494
3.04 0.00176714
3.06 0.000784894
3.08 0.000462616
3.1 0.000464786
3.12 -2.71421e-05
3.14 -0.000983378
3.16 -0.00175486
3.18 -0.00204746
3.2 -0.00221984
3.22 -0.00268252
3.24 -0.0033572
3.26 -0.00380685
3.28 -0.00381604
3.3 -0.00343391
3.32 -0.00302884
3.34 -0.00295813
3.36 -0.00264211
3.38 -0.00157732
3.4 -0.000570963
3.42 -0.000435824
3.44 -0.000361925
3.46 0.00101497
3.48 0.00296788
3.5 0.00334078
3.52 0.0020797
3.54 0.00145349
3.56 0.00254606
3.58 0.0038482
3.6 0.00378108
3.62 0.00297047
3.64 0.00256246
3.66 0.00174169
3.68 0.000188842
3.7 -0.000331507
3.72 0.000246739
3.74 -0.00015496
3.76 -0.00183967
3.78 -0.00276955
3.8 -0.00191681
3.82 -0.000979842
3.84 -0.0016115
3.86 -0.00295382
3.88 -0.00334026
3.9 -0.00260962
3.92 -0.00211794
3.94 -0.00280014
3.96 -0.00385298
3.98 -0.00358044
4 -0.00154626
4.02 2.24954e-05
4.04 -0.000918275
4.06 -0.00249153
4.08 -0.00159088
4.1 0.00106826
4.12 0.00217024
4.14 0.000913569
4.16 -0.000156029
4.18 0.000489345
4.2 0.000962511
4.22 -0.000385786
4.24 -0.00197272
4.26 -0.00186033
4.28 -0.000717159
4.3 -0.000407026
4.32 -0.000719765
4.34 0.000138186
4.36 0.00154996
4.38 0.00126273
4.4 -0.000491749
4.42 -0.00142349
4.44 -0.000618892
4.46 0.000693
4.48 0.00128304
4.5 0.000538136
4.52 -0.00126409
4.54 -0.00206256
4.56 -0.000697896
4.58 0.000928614
4.6 0.000553678
4.62 -0.00119403
4.64 -0.00136626
4.66 0.00089114
4.68 0.00257725
4.7 0.00154057
4.72 -0.000158017
4.74 0.000328195
4.76 0.00244212
4.78 0.00291536
4.8 0.000415482
4.82 -0.00179596
4.84 -0.000479128
4.86 0.00233702
4.88 0.00241959
4.9 -0.000304429
4.92 -0.00200526
4.94 -0.000788468
4.96 0.00105145
4.98 0.00065774
5 -0.00174255
5.02 -0.00334782
5.04 -0.00261339
5.06 -0.000892511
5.08 0.000349137
5.1 0.000740079
5.12 0.000161224
5.14 -0.000534474
5.16 -0.00017912
5.18 0.000902848
5.2 0.00143223
5.22 0.00107583
5.24 0.000369502
5.26 -0.000650994
5.28 -0.00143146
5.3 -0.000744354
5.32 0.00101775
5.34 0.00195569
5.36 0.00110734
5.38 -0.000319166
5.4 -0.000515447
5.42 0.000561248
5.44 0.00150189
5.46 0.00141809
5.48 0.00070098
5.5 0.000376729
5.52 0.000847025
5.54 0.00130634
5.56 0.000823784
5.58 -0.000208918
5.6 -0.000519971
5.62 0.000138391
5.64 0.000800471
5.66 0.000717055
5.68 -1.97137e-05
5.7 -0.000585199
5.72 -0.00026461
5.74 0.000407722
5.76 0.000357031
5.78 -0.000456338
5.8 -0.000999119
5.82 -0.000487126
5.84 0.000375257
5.86 0.000207846
5.88 -0.000906023
5.9 -0.00153004
5.92 -0.000833924
5.94 0.000577041
5.96 0.00125242
5.98 0.000695306
6 0.000215711
6.02 0.000753217
6.04 0.00149287
6.06 0.00155176
6.08 0.000989713
6.1 0.000355989
6.12 0.00044841
6.14 0.00131335
6.16 0.0017908
6.18 0.000766048
6.2 -0.00123428
6.22 -0.00205497
6.24 -0.00102648
6.26 -0.000308603
6.28 -0.00139642
6.3 -0.0026255
6.32 -0.00176108
6.34 0.000255609
6.36 0.000649306
6.38 -0.000843832
6.4 -0.00178742
6.42 -0.000758747
6.44 0.000816597
6.46 0.000788191
6.48 -0.00090728
6.5 -0.00232318
6.52 -0.00201029
6.54 -0.000933505
6.56 -0.000834957
6.58 -0.00134226
6.6 -0.00123387
6.62 -0.000731818
6.64 -0.000366272
6.66 0.000126995
6.68 0.000769328
6.7 0.000874494
6.72 -1.72146e-05
6.74 -0.001328
6.76 -0.00169192
6.78 -0.000605551
6.8 0.000607488
6.82 0.000408534
6.84 -0.000749842
6.86 -0.000982589
6.88 0.000101692
6.9 0.000785991
6.92 -0.000154573
6.94 -0.0015921
6.96 -0.0014777
6.98 0.000252093
7 0.00143328
7.02 0.000578402
7.04 -0.00101666
7.06 -0.00102045
7.08 0.00058138
7.1 0.00160449
7.12 0.000886417
7.14 -0.000329859
7.16 -0.000265452
7.18 0.00101506
7.2 0.00177275
7.22 0.00108638
7.24 0.000104565
7.26 0.000149127
7.28 0.000649996
7.3 0.000430591
7.32 -0.000143245
7.34 -3.7802e-06
7.36 0.000747157
7.38 0.00101451
7.4 0.000407118
7.42 -0.000254213
7.44 -0.000189726
7.46 0.000305805
7.48 0.000304301
7.5 -0.000312969
7.52 -0.000654139
7.54 -0.00035521
7.56 -5.54108e-05
7.58 -0.000144254
7.6 -0.000151359
7.62 0.000323732
7.64 0.000883368
7.66 0.00105988
7.68 0.00088194
7.7 0.000536531
7.72 0.000214111
7.74 0.000128875
7.76 0.000484788
7.78 0.00106237
7.8 0.00114486
7.82 0.000581989
7.84 9.02798e-06
7.86 -0.000237251
7.88 -0.000252234
7.9 -0.000138868
7.92 -9.74557e-05
7.94 -0.000218911
7.96 -0.000282269
7.98 -0.000189672
8 -0.000103987
8.02 -3.57656e-05
8.04 0.000151125
8.06 0.000323062
8.08 0.000237375
8.1 4.35543e-05
8.12 7.21816e-05
8.14 0.000279299
8.16 0.000339244
8.18 0.000244044
8.2 0.000357829
8.22 0.000653745
8.24 0.000346284
8.26 -0.000712287
8.28 -0.0011501
8.3 -0.000184057
8.32 0.000985025
8.34 0.000933736
8.36 -0.000152524
8.38 -0.000790284
8.4 -0.000103932
8.42 0.000981782
8.44 0.000901918
8.46 -0.000533378
8.48 -0.00156941
8.5 -0.000670736
8.52 0.00102743
8.54 0.00121605
8.56 -0.000129154
8.58 -0.000814876
8.6 0.000337664
8.62 0.0017932
8.64 0.00136312
8.66 -0.000388543
8.68 -0.000728685
8.7 0.000948364
8.72 0.00216873
8.74 0.00115662
8.76 -0.000663725
8.78 -0.000809657
8.8 0.00069077
8.82 0.00138064
8.84 -4.93383e-06
8.86 -0.00180185
8.88 -0.0016575
8.9 0.000322639
8.92 0.00141983
8.94 0.000261725
8.96 -0.00116666
8.98 -0.000863956
9 0.000474165
9.02 0.000831325
9.04 -0.000351496
9.06 -0.00133724
9.08 -0.00052537
9.1 0.000912291
9.12 0.000682721
9.14 -0.000941391
9.16 -0.00161657
9.18 -0.000638571
9.2 0.000269323
9.22 -0.000259719
9.24 -0.0013361
9.26 -0.00125205
9.28 -2.18182e-05
9.3 0.000802343
9.32 0.000380863
9.34 -0.000400654
9.36 -0.000261027
9.38 0.000552378
9.4 0.000658685
9.42 -0.000197606
9.44 -0.000680946
9.46 -4.23766e-06
9.48 0.000721487
9.5 0.000180874
9.52 -0.000953612
9.54 -0.00102894
9.56 -6.90941e-05
9.58 0.000619076
9.6 0.000629448
9.62 0.000329539
9.64 -0.00015585
9.66 -0.000663828
9.68 -0.000779675
9.7 -0.000517866
9.72 -0.000293733
9.74 -0.000103682
9.76 -8.50376e-05
9.78 -0.000731519
9.8 -0.00134154
9.82 -0.000858923
9.84 0.000146965
9.86 0.000571585
9.88 0.000307004
9.9 2.23656e-05
9.92 0.00018452
9.94 0.000337763
9.96 3.34183e-06
9.98 -0.000259405
10 0.00018172
10.02 0.000845406
10.04 0.000837299
10.06 0.000203111
10.08 -0.000258534
10.1 -0.000192448
10.12 -6.20495e-06
10.14 -0.000239196
10.16 -0.00072258
10.18 -0.000699156
10.2 -0.000126075
10.22 0.00011638
10.24 -0.00038063
10.26 -0.000914524
10.28 -0.000701692
10.3 3.66016e-05
10.32 0.000452659
10.34 0.000170951
10.36 -0.000279802
10.38 -0.000208736
10.4 0.000258732
10.42 0.000497419
10.44 0.000334665
10.46 0.000116754
10.48 0.000158472
10.5 0.000419308
10.52 0.000594814
10.54 0.00041969
10.56 -0.000112113
10.58 -0.000529454
10.6 -0.000217159
10.62 0.000505081
10.64 0.000631705
10.66 4.23916e-05
10.68 -0.000419574
10.7 -0.00030467
10.72 1.05304e-05
10.74 5.86314e-05
10.76 -0.000212658
10.78 -0.000391265
10.8 -4.08158e-05
10.82 0.000555103
10.84 0.00064678
10.86 7.38883e-05
10.88 -0.000582872
10.9 -0.000624389
10.92 -1.01697e-05
10.94 0.000454309
10.96 0.000165957
10.98 -0.000406934
11 -0.000464958
11.02 -5.08779e-05
11.04 0.000151579
11.06 -0.000102942
11.08 -0.000363431
11.1 -0.000197886
11.12 0.00026481
11.14 0.000557339
11.16 0.000440856
11.18 0.000166024
11.2 0.000141583
11.22 0.00040926
11.24 0.000516178
11.26 9.63451e-05
11.28 -0.000479003
11.3 -0.000521189
11.32 -4.88021e-05
11.34 0.000216923
11.36 -0.00014054
11.38 -0.000671235
11.4 -0.000580706
11.42 0.000165616
11.44 0.000623036
11.46 0.000174661
11.48 -0.000513327
11.5 -0.000472749
11.52 0.00017451
11.54 0.000516803
11.56 0.000198316
11.58 -0.000169197
11.6 3.90914e-05
11.62 0.00061241
11.64 0.000802692
11.66 0.000357221
11.68 -0.000107145
11.7 -2.43654e-05
11.72 0.000363738
11.74 0.000437844
11.76 1.85376e-05
11.78 -0.000477441
11.8 -0.000574832
11.82 -0.000336378
11.84 -0.000220465
11.86 -0.000393913
11.88 -0.000562372
11.9 -0.000377281
11.92 0.000132048
11.94 0.000493833
11.96 0.000338481
11.98 -6.93804e-05
12 -0.000199784
12.02 4.88199e-05
12.04 0.00032256
12.06 0.000271543
12.08 -1.46677e-05
12.1 -0.000156428
12.12 -5.29415e-05
12.14 0.000119864
12.16 0.000248243
12.18 0.000262096
12.2 0.000132596
12.22 -3.05966e-05
12.24 -0.00013755
12.26 -0.000220124
12.28 -0.000311387
12.3 -0.000396901
12.32 -0.00044717
12.34 -0.000438119
12.36 -0.000365455
12.38 -0.000239627
12.4 -9.26467e-05
12.42 2.73031e-05
12.44 0.000102622
12.46 0.000138167
12.48 0.000148631
12.5 0.000185626
12.52 0.000264156
12.54 0.000297501
12.56 0.000225885
12.58 0.000154704
12.6 0.000215762
12.62 0.000353352
12.64 0.000372741
12.66 0.000159578
12.68 -0.000123527
12.7 -0.000196228
12.72 -6.08129e-05
12.74 1.26122e-05
12.76 -0.000133249
12.78 -0.000347379
12.8 -0.000334243
12.82 4.70743e-06
12.84 0.000371538
12.86 0.000326536
12.88 -9.78183e-05
12.9 -0.000344927
12.92 -6.79801e-05
12.94 0.00037382
12.96 0.000362139
12.98 -9.12383e-05
13 -0.000357417
13.02 -0.000113251
13.04 0.000242007
13.06 0.000221942
13.08 -6.11848e-05
13.1 -0.000147556
13.12 9.57572e-05
13.14 0.0003506
13.16 0.000277299
13.18 -5.6701e-05
13.2 -0.000255006
13.22 -7.42338e-05
13.24 0.000269093
13.26 0.000340268
13.28 2.48677e-05
13.3 -0.000345861
13.32 -0.000373758
13.34 -7.06567e-05
13.36 0.000169091
13.38 0.000119652
13.4 -5.03915e-05
13.42 -0.000102198
13.44 5.55712e-06
13.46 0.000111565
13.48 2.29179e-05
13.5 -0.000199713
13.52 -0.000249763
13.54 -3.27372e-05
13.56 0.000148027
13.58 2.70367e-05
13.6 -0.000257583
13.62 -0.000336439
13.64 -0.000100222
13.66 0.000138131
13.68 6.42619e-05
13.7 -0.00022609
13.72 -0.000342586
13.74 -0.000115966
13.76 0.0001882
13.78 0.000252157
13.8 0.000101325
13.82 3.52929e-06
13.84 8.7144e-05
13.86 0.000181614
13.88 6.69368e-05
13.9 -0.000179117
13.92 -0.000247514
13.94 -4.19131e-05
13.96 0.000184077
13.98 0.000165965
14 -3.62149e-05
14.02 -9.00095e-05
14.04 0.000195091
14.06 0.000539741
14.08 0.00053035
14.1 0.0002008
14.12 -9.5981e-05
14.14 -0.000181859
14.16 -0.000103767
14.18 1.89358e-05
14.2 3.52304e-05
14.22 -0.000140423
14.24 -0.000369472
14.26 -0.000391561
14.28 -0.000171324
14.3 2.27984e-05
14.32 -4.37614e-05
14.34 -0.000300578
14.36 -0.000435047
14.38 -0.000260846
14.4 -1.41908e-05
14.42 -5.06525e-05
14.44 -0.000332586
14.46 -0.000437905
14.48 -0.00016237
14.5 0.000165016
14.52 0.000190521
14.54 9.5603e-06
14.56 -5.76196e-05
14.58 5.86529e-05
14.6 0.000138176
14.62 8.1681e-05
14.64 7.64082e-05
14.66 0.000237994
14.68 0.000344101
14.7 8.51429e-05
14.72 -0.000441148
14.74 -0.000650909
14.76 -0.000244481
14.78 0.000240607
14.8 0.000116787
14.82 -0.000475632
14.84 -0.000678731
14.86 -0.000141097
14.88 0.000357261
14.9 7.45863e-05
14.92 -0.000496605
14.94 -0.00039493
14.96 0.000272756
14.98 0.00052968
15 4.51449e-05
15.02 -0.000463959
15.04 -0.000322359
15.06 0.000170952
15.08 0.000261322
15.1 -0.000149357
15.12 -0.000411695
15.14 -5.70558e-05
15.16 0.000529232
15.18 0.000576296
15.2 3.21667e-05
15.22 -0.000342643
15.24 -0.000105998
15.26 0.000277461
15.28 0.000166036
15.3 -0.000350573
15.32 -0.000598972
15.34 -0.000268412
15.36 0.000170543
15.38 0.000166781
15.4 -0.00014602
15.42 -0.000219491
15.44 8.64836e-05
15.46 0.000332069
15.48 0.000127839
15.5 -0.000291077
15.52 -0.000330872
15.54 9.56345e-05
15.56 0.000426648
15.58 0.000279437
15.6 -3.69267e-05
15.62 -4.26279e-05
15.64 0.000214772
15.66 0.000271597
15.68 -2.03318e-05
15.7 -0.000245481
15.72 -4.22695e-05
15.74 0.000377375
15.76 0.00048641
15.78 0.00015288
15.8 -0.000142941
15.82 -1.39601e-05
15.84 0.000273275
15.86 0.000231639
15.88 -0.000105059
15.9 -0.000253406
15.92 -2.2143e-06
15.94 0.000329562
15.96 0.000354387
15.98 0.000119457
16 -5.37338e-06
16.02 0.000151573
16.04 0.000340696
16.06 0.000248985
16.08 -1.5301e-05
16.1 -8.46428e-05
16.12 8.67458e-05
16.14 0.000170547
16.16 7.12429e-06
16.18 -0.000130332
16.2 2.38868e-05
16.22 0.000295829
16.24 0.000301391
16.26 -2.67056e-05
16.28 -0.000335286
16.3 -0.000227627
16.32 0.000209333
16.34 0.00041274
16.36 8.78326e-05
16.38 -0.000351963
16.4 -0.000326972
16.42 7.51653e-05
16.44 0.00023166
16.46 -9.94073e-05
16.48 -0.000490805
16.5 -0.000490462
16.52 -0.000254247
16.54 -0.000259053
16.56 -0.000519823
16.58 -0.000582056
16.6 -0.00028282
16.62 -2.77075e-05
16.64 -0.000180742
16.66 -0.00050755
16.68 -0.000391272
16.7 0.000363067
16.72 0.00107252
16.74 0.00105166
16.76 0.000664157
16.78 0.000710358
16.8 0.00119965
16.82 0.0014431
16.84 0.000984212
16.86 -3.73903e-06
16.88 -0.000695899
16.9 -0.000258497
16.92 0.000660878
16.94 0.000545377
16.96 -0.000564838
16.98 -0.00110153
17 -0.000380901
17.02 0.000457562
17.04 0.000194882
17.06 -0.000785849
17.08 -0.00113825
17.1 -0.000512203
17.12 -5.53757e-05
17.14 -0.000636975
17.16 -0.00138765
17.18 -0.00101604
17.2 8.13596e-06
17.22 0.000130188
17.24 -0.000753675
17.26 -0.00117208
17.28 -0.000481424
17.3 0.000253522
17.32 6.30548e-05
17.34 -0.000540461
17.36 -0.000393405
17.38 0.000625205
17.4 0.00136855
17.42 0.00108066
17.44 0.000490087
17.46 0.000628883
17.48 0.00123257
17.5 0.00124707
17.52 0.000563052
17.54 0.000116375
17.56 0.000275832
17.58 0.000370895
17.6 -3.63175e-05
17.62 -0.000576804
17.64 -0.000720019
17.66 -0.000438764
17.68 -0.000220999
17.7 -0.0004194
17.72 -0.000812972
17.74 -0.000942594
17.76 -0.000688503
17.78 -0.000386087
17.8 -0.000391882
17.82 -0.00060892
17.84 -0.000552362
17.86 -6.0032e-05
17.88 0.000350595
17.9 0.000203398
17.92 -0.000180341
17.94 -0.000126879
17.96 0.000431718
17.98 0.000879691
18 0.000731388
18.02 0.000257248
18.04 0.000112054
18.06 0.00044605
18.08 0.000641793
18.1 0.000143468
18.12 -0.00060848
18.14 -0.000682625
18.16 -6.37244e-05
18.18 0.000304387
18.2 -0.000128252
18.22 -0.000857402
18.24 -0.00108835
18.26 -0.000791509
18.28 -0.000626598
18.3 -0.000883918
18.32 -0.000981275
18.34 -0.000256754
18.36 0.000837365
18.38 0.00111424
18.4 0.000504137
18.42 0.000230582
18.44 0.000916886
18.46 0.00173612
18.48 0.00149236
18.5 0.000150002
18.52 -0.000792072
18.54 -0.000156012
18.56 0.00102968
18.58 0.0009202
18.6 -0.00045317
18.62 -0.00129818
18.64 -0.000608569
18.66 0.000482019
18.68 0.000338756
18.7 -0.000883612
18.72 -0.00151495
18.74 -0.000798428
18.76 4.22087e-05
18.78 -0.000348095
18.8 -0.00128188
18.82 -0.000901843
18.84 0.000769758
18.86 0.00163568
18.88 0.000843434
18.9 -1.92803e-05
18.92 0.000503284
18.94 0.0017147
18.96 0.00192999
18.98 0.000865046
19 -0.000114405
19.02 4.38002e-05
19.04 0.000823211
19.06 0.00084995
19.08 -0.000231868
19.1 -0.00106508
19.12 -0.000563141
19.14 0.000346777
19.16 0.000184684
19.18 -0.000811801
19.2 -0.00121861
19.22 -0.000661269
19.24 -0.000220081
19.26 -0.000584555
19.28 -0.00101751
19.3 -0.000704355
19.32 -1.0831e-05
19.34 0.00019112
19.36 -0.000276479
19.38 -0.000706862
19.4 -0.000463509
19.42 0.000132922
19.44 0.000358738
19.46 0.000190391
19.48 0.00017894
19.5 0.000494976
19.52 0.000698431
19.54 0.00046357
19.56 0.000122383
19.58 0.000163271
19.6 0.000392697
19.62 0.000285478
19.64 4.61292e-05
19.66 0.000191374
19.68 0.000396068
19.7 4.64797e-05
19.72 -0.000603548
19.74 -0.000728059
19.76 -0.000138359
19.78 0.000359152
19.8 5.53095e-06
19.82 -0.000822128
19.84 -0.000977373
19.86 -0.000145036
19.88 0.000692776
19.9 0.000628912
19.92 -2.31048e-05
19.94 -0.000213657
19.96 0.000351196
19.98 0.000788321
20 0.000426681
20.02 -0.000170114
20.04 -0.000109308
20.06 0.000533151
20.08 0.000759062
20.1 -8.70253e-05
20.12 -0.00123782
20.14 -0.00129408
20.16 -9.89979e-05
20.18 0.000976617
20.2 0.000619196
20.22 -0.000759852
20.24 -0.00133505
20.26 -0.000314209
20.28 0.000808891
20.3 0.000371325
20.32 -0.000874212
20.34 -0.000906265
20.36 0.000317353
20.38 0.000969801
20.4 0.000317743
20.42 -0.000409359
20.44 -6.61415e-06
20.46 0.00104425
20.48 0.00131068
20.5 0.000333327
20.52 -0.000708709
20.54 -0.000613696
20.56 0.000134919
20.58 0.000521933
20.6 0.00042023
20.62 -8.21614e-05
20.64 -0.000772768
20.66 -0.000989022
20.68 -0.000680953
20.7 -0.000346745
20.72 5.39107e-06
20.74 0.000231253
20.76 -0.0001029
20.78 -0.00057343
20.8 -0.000408666
20.82 6.50042e-05
20.84 8.90962e-06
20.86 -0.000425536
20.88 -0.00028157
20.9 0.000567324
20.92 0.00108926
20.94 0.000719032
20.96 0.000157282
20.98 0.000298656
21 0.000860242
21.02 0.000681681
21.04 -0.000266322
21.06 -0.000622344
21.08 0.000152475
21.1 0.000893875
21.12 0.000414845
21.14 -0.000772212
21.16 -0.00101864
21.18 6.56496e-05
21.2 0.000863988
21.22 8.82017e-05
21.24 -0.00127608
21.26 -0.00139419
21.28 -0.000234273
21.3 0.000468927
21.32 -0.000157388
21.34 -0.000823909
21.36 -0.000155909
21.38 0.00108717
21.4 0.00131639
21.42 0.000411933
21.44 -0.000522535
21.46 -0.000419327
21.48 0.000662834
21.5 0.00113869
21.52 2.99277e-05
21.54 -0.00130792
21.56 -0.00125053
21.58 -0.000250474
21.6 0.00018124
21.62 -0.000268355
21.64 -0.000684394
21.66 -0.000454741
21.68 4.9277e-05
21.7 0.000233718
21.72 0.000147658
21.74 0.000144782
21.76 0.000137232
21.78 -0.000134732
21.8 -0.000393796
21.82 -0.000213111
21.84 0.000137906
21.86 8.54805e-05
21.88 -0.000297593
21.9 -0.000402736
21.92 3.92159e-06
21.94 0.000472433
21.96 0.000457173
21.98 5.68736e-05
22 -9.3054e-05
22.02 0.000277761
22.04 0.00069038
22.06 0.000546371
22.08 -0.000112381
22.1 -0.000598222
22.12 -0.000399321
22.14 9.72195e-05
22.16 0.000168875
22.18 -0.000202423
22.2 -0.00043403
22.22 -0.000205988
22.24 0.000166054
22.26 0.000194708
22.28 -0.000104953
22.3 -0.000263147
22.32 -2.52107e-05
22.34 0.000355244
22.36 0.000452851
22.38 0.000217558
22.4 5.93167e-05
22.42 0.000248918
22.44 0.000496264
22.46 0.000410592
22.48 0.00012053
22.5 9.15978e-06
22.52 9.80465e-05
22.54 0.000109732
22.56 -6.30109e-05
22.58 -0.000225299
22.6 -0.00017002
22.62 8.24995e-06
22.64 3.92191e-05
22.66 -0.000128562
22.68 -0.00026598
22.7 -0.000204663
22.72 -6.60881e-05
22.74 -5.59763e-05
22.76 -0.000192339
22.78 -0.000311496
22.8 -0.00027391
22.82 -0.000121598
22.84 2.03552e-08
22.86 1.41485e-05
22.88 -2.88546e-05
22.9 -3.53987e-05
22.92 1.26274e-05
22.94 6.989e-05
22.96 0.000109181
22.98 0.000130714
23 0.000125121
23.02 7.2525e-05
23.04 -1.46993e-05
23.06 -8.83814e-05
23.08 -0.000124925
23.1 -0.000136502
23.12 -0.000115134
23.14 -6.10411e-05
23.16 -4.25495e-05
23.18 -9.62973e-05
23.2 -0.000115827
23.22 5.42292e-06
23.24 0.000179961
23.26 0.000228587
23.28 0.000146719
23.3 9.22457e-05
23.32 0.000128902
23.34 0.000157786
23.36 9.05837e-05
23.38 -3.87685e-05
23.4 -0.000164267
23.42 -0.000258101
23.44 -0.000278289
23.46 -0.00018537
23.48 -4.10971e-05
23.5 6.19498e-06
23.52 -0.000100598
23.54 -0.000207322
23.56 -0.000125762
23.58 9.53724e-05
23.6 0.000226098
23.62 0.000147441
23.64 -2.65886e-06
23.66 -2.37769e-05
23.68 9.89773e-05
23.7 0.000228554
23.72 0.000228636
23.74 8.89117e-05
23.76 -4.51183e-05
23.78 -4.13798e-05
23.8 5.5419e-05
23.82 0.000105895
23.84 4.57281e-05
23.86 -8.17189e-05
23.88 -0.000179172
23.9 -0.000160888
23.92 -3.63826e-05
23.94 5.9192e-05
23.96 -2.25325e-05
23.98 -0.000217961
24 -0.000259135
24.02 -1.83384e-05
24.04 0.000318647
24.06 0.000399772
24.08 0.000123065
24.1 -0.000165036
24.12 -0.000156582
24.14 3.10439e-05
24.16 0.000139627
24.18 8.40478e-05
24.2 -7.6787e-05
24.22 -0.000198467
24.24 -0.000148596
24.26 1.89419e-05
24.28 0.000144862
24.3 0.000146024
24.32 4.3657e-05
24.34 -9.80344e-05
24.36 -0.00020539
24.38 -0.000202489
24.4 -0.000105228
24.42 -2.30479e-05
24.44 2.37887e-08
24.46 1.64077e-05
24.48 3.76821e-05
24.5 1.03301e-05
24.52 -5.83841e-05
24.54 -8.91884e-05
24.56 -3.79075e-05
24.58 5.91979e-05
24.6 0.000112295
24.62 6.87954e-05
24.64 3.63726e-06
24.66 3.53112e-05
24.68 0.000136302
24.7 0.00013329
24.72 -3.72157e-05
24.74 -0.000188989
24.76 -0.000123627
24.78 9.21272e-05
24.8 0.000224096
24.82 0.00015499
24.84 2.1226e-05
24.86 3.24868e-05
24.88 0.000168487
24.9 0.000215128
24.92 0.00010534
24.94 8.16616e-06
24.96 5.57339e-05
24.98 0.000167732
25 0.000177295
25.02 6.49395e-05
25.04 -1.69121e-05
25.06 4.00016e-05
25.08 0.000145529
25.1 0.000130036
25.12 4.5166e-06
25.14 -4.35371e-05
25.16 5.82152e-05
25.18 0.000155907
25.2 9.46628e-05
25.22 -7.08179e-05
25.24 -0.000154008
25.26 -8.87371e-05
25.28 -1.89646e-05
25.3 -9.47987e-05
25.32 -0.000254355
25.34 -0.00027013
25.36 -5.98739e-05
25.38 0.000146875
25.4 9.28419e-05
25.42 -0.000138055
25.44 -0.000219691
25.46 -5.06737e-05
25.48 0.000111715
25.5 3.37716e-05
25.52 -0.000165357
25.54 -0.000185482
25.56 1.9656e-05
25.58 0.000192118
25.6 0.000138183
25.62 -1.77471e-05
25.64 -3.03612e-05
25.66 0.000115487
25.68 0.000194299
25.7 6.87172e-05
25.72 -0.000104759
25.74 -0.000104287
25.76 2.70869e-05
25.78 6.70661e-05
25.8 -5.1393e-05
25.82 -0.000168545
25.84 -0.000122713
25.86 3.99914e-05
25.88 0.000120521
25.9 1.48602e-05
25.92 -0.000152636
25.94 -0.00017444
25.96 -3.37825e-05
25.98 6.42322e-05
26 -3.1708e-05
26.02 -0.000214277
26.04 -0.000253342
26.06 -0.000102871
26.08 4.77278e-05
26.1 2.37784e-05
26.12 -0.000136936
26.14 -0.000230673
26.16 -0.000137257
26.18 1.69132e-05
26.2 4.52123e-05
26.22 -4.98352e-05
26.24 -0.000115094
26.26 -5.62417e-05
26.28 5.62171e-05
26.3 7.85802e-05
26.32 -1.54142e-05
26.34 -9.40503e-05
26.36 -6.16005e-05
26.38 9.86414e-06
26.4 2.2077e-06
26.42 -8.17446e-05
26.44 -0.000133926
26.46 -8.66821e-05
26.48 1.92102e-05
26.5 8.70341e-05
26.52 5.0538e-05
26.54 -4.99095e-05
26.56 -9.18565e-05
26.58 -4.59717e-06
26.6 0.000143169
26.62 0.000199554
26.64 0.000104557
26.66 -2.53849e-05
26.68 -4.16527e-05
26.7 5.67395e-05
26.72 0.00012168
26.74 4.91706e-05
26.76 -7.80639e-05
26.78 -0.000114691
26.8 -4.15258e-05
26.82 2.81236e-05
26.84 -1.01148e-05
26.86 -0.000114187
26.88 -0.000150225
26.9 -8.53466e-05
26.92 -9.79561e-06
26.94 7.9431e-06
26.96 -7.77767e-06
26.98 -8.81232e-06
27 -5.16017e-06
27.02 -1.65492e-05
27.04 -1.13364e-05
27.06 2.33435e-05
27.08 3.29823e-05
27.1 -1.90374e-05
27.12 -7.37485e-05
27.14 -4.62855e-05
27.16 4.11357e-05
27.18 6.98881e-05
27.2 -1.38656e-05
27.22 -0.000113778
27.24 -0.000104301
27.26 -3.63743e-06
27.28 5.50474e-05
27.3 5.84104e-06
27.32 -7.06609e-05
27.34 -5.38169e-05
27.36 5.61599e-05
27.38 0.000134232
27.4 9.10322e-05
27.42 -1.30793e-05
27.44 -3.22079e-05
27.46 7.1614e-05
27.48 0.000153505
27.5 8.29973e-05
27.52 -7.4295e-05
27.54 -0.000155503
27.56 -0.000106104
27.58 -3.48707e-05
27.6 -6.0571e-05
27.62 -0.000156118
27.64 -0.000200435
27.66 -0.000144036
27.68 -6.59908e-05
27.7 -5.48638e-05
27.72 -8.12094e-05
27.74 -4.23195e-05
27.76 8.39634e-05
27.78 0.000188396
27.8 0.000166409
27.82 7.16743e-05
27.84 4.50929e-05
27.86 0.000111081
27.88 0.000143345
27.9 5.81002e-05
27.92 -6.04079e-05
27.94 -8.15188e-05
27.96 4.36205e-06
27.98 7.84652e-05
28 3.818e-05
28.02 -6.2074e-05
28.04 -8.33714e-05
28.06 -9.09837e-06
28.08 3.86037e-05
28.1 -2.22642e-05
28.12 -0.000108191
28.14 -8.12308e-05
28.16 2.68658e-05
28.18 5.89033e-05
28.2 -8.89791e-06
28.22 -4.2606e-05
28.24 3.7309e-05
28.26 0.000159466
28.28 0.000201973
28.3 0.000146258
28.32 9.8743e-05
28.34 0.000128803
28.36 0.000103855
28.38 -0.000121754
28.4 -0.000360466
28.42 -0.000274282
28.44 7.28427e-05
28.46 0.000217174
28.48 -4.18044e-05
28.5 -0.000333281
28.52 -0.000225337
28.54 0.000167205
28.56 0.000349188
28.58 0.000127163
28.6 -0.00017605
28.62 -0.000199604
28.64 1.59055e-05
28.66 0.000184134
28.68 0.00014983
28.7 1.80999e-05
28.72 -2.47759e-05
28.74 2.6957e-05
28.76 1.18097e-05
28.78 -0.000107315
28.8 -0.000138735
28.82 1.10317e-05
28.84 0.000134437
28.86 4.66482e-05
28.88 -0.000113216
28.9 -9.40291e-05
28.92 0.000106412
28.94 0.000250851
28.96 0.000174507
28.98 -1.66797e-05
29 -0.000113086
29.02 -5.18585e-05
29.04 8.12672e-05
29.06 0.000162983
29.08 0.000115077
29.1 -1.73247e-05
29.12 -0.000102353
29.14 -7.7382e-05
29.16 -1.63744e-05
29.18 -2.21975e-05
29.2 -8.90858e-05
29.22 -0.000116857
29.24 -6.97876e-05
29.26 -3.01921e-05
29.28 -4.92344e-05
29.3 -6.73073e-05
29.32 -3.90046e-05
29.34 -1.38598e-05
29.36 -3.52524e-05
29.38 -5.11499e-05
29.4 3.73179e-06
29.42 8.22449e-05
29.44 7.79822e-05
29.46 -1.05445e-05
29.48 -6.45213e-05
29.5 -1.23859e-05
29.52 6.86432e-05
29.54 5.34816e-05
29.56 -7.8296e-05
29.58 -0.000200274
29.6 -0.000162949
29.62 -1.4308e-06
29.64 7.51448e-05
29.66 -3.99222e-05
29.68 -0.000193166
29.7 -0.000177149
29.72 -2.43498e-05
29.74 5.27957e-05
29.76 -3.25801e-05
29.78 -0.000131856
29.8 -8.52533e-05
29.82 5.36693e-05
29.84 0.000116191
29.86 5.28907e-05
29.88 -2.47664e-05
29.9 -3.32414e-06
29.92 9.88667e-05
29.94 0.00016061
29.96 0.00010487
29.98 -9.45711e-06
30 -7.64945e-05
30.02 -7.3451e-05
30.04 -5.74837e-05
30.06 -7.59948e-05
30.08 -0.000120495
30.1 -0.000139941
30.12 -9.32917e-05
30.14 -3.47921e-06
30.16 6.016e-05
30.18 5.91391e-05
30.2 2.81435e-05
30.22 1.98852e-05
30.24 3.89043e-05
30.26 6.15878e-05
30.28 7.84348e-05
30.3 9.37248e-05
30.32 0.000109276
30.34 0.000105832
30.36 6.71119e-05
30.38 2.11517e-05
30.4 2.32252e-06
30.42 6.07604e-07
30.44 -2.98795e-05
30.46 -0.00010986
30.48 -0.00017946
30.5 -0.000154689
30.52 -4.71589e-05
30.54 3.3446e-05
30.56 9.85494e-06
30.58 -6.20658e-05
30.6 -6.21003e-05
30.62 3.58273e-05
30.64 0.000133108
30.66 0.000134488
30.68 6.37088e-05
30.7 2.74192e-05
30.72 7.17878e-05
30.74 0.000106771
30.76 4.05196e-05
30.78 -5.8908e-05
30.8 -6.57734e-05
30.82 9.31645e-06
30.84 5.33783e-05
30.86 1.33229e-05
30.88 -4.46784e-05
30.9 -1.72353e-05
30.92 9.83485e-05
30.94 0.000172934
30.96 0.000105966
30.98 -2.25618e-05
31 -6.2644e-05
31.02 -2.1857e-06
31.04 4.37293e-05
31.06 1.65414e-06
31.08 -8.51119e-05
31.1 -0.000122016
31.12 -6.39082e-05
31.14 3.78735e-05
31.16 8.48118e-05
31.18 4.10222e-05
31.2 -2.37298e-05
31.22 -2.45292e-05
31.24 3.52851e-05
31.26 8.19537e-05
31.28 6.1958e-05
31.3 -4.82665e-07
31.32 -2.89296e-05
31.34 1.36811e-05
31.36 7.48528e-05
31.38 7.29487e-05
31.4 1.1996e-05
31.42 -1.12087e-05
31.44 4.19829e-05
31.46 8.61787e-05
31.48 4.99363e-05
31.5 -2.90469e-05
31.52 -7.29549e-05
31.54 -5.44103e-05
31.56 -1.50579e-05
31.58 -1.44261e-05
31.6 -5.46787e-05
31.62 -7.61003e-05
31.64 -4.94027e-05
31.66 -2.40558e-05
31.68 -4.84015e-05
31.7 -9.72329e-05
31.72 -0.000109771
31.74 -6.85828e-05
31.76 -2.03795e-05
31.78 -1.75569e-05
31.8 -5.06074e-05
31.82 -6.71205e-05
31.84 -4.50118e-05
31.86 -3.45356e-06
31.88 3.10404e-05
31.9 3.85909e-05
31.92 1.85703e-05
31.94 -1.13936e-06
31.96 1.21181e-05
31.98 5.30813e-05
32 7.32029e-05
32.02 3.76281e-05
32.04 -2.68037e-05
32.06 -6.00409e-05
32.08 -4.21272e-05
32.1 -1.39415e-05
32.12 -2.30662e-05
32.14 -6.96172e-05
32.16 -0.000102248
32.18 -7.68678e-05
32.2 -2.16634e-05
32.22 -7.90626e-06
32.24 -5.3079e-05
32.26 -9.54718e-05
32.28 -7.74822e-05
32.3 -2.40753e-05
32.32 -1.1419e-05
32.34 -6.47012e-05
32.36 -0.000116834
32.38 -9.85971e-05
32.4 -4.14161e-05
32.42 -2.65281e-05
32.44 -6.72095e-05
32.46 -9.81161e-05
32.48 -6.52187e-05
32.5 -5.35153e-06
32.52 -4.62241e-06
32.54 -6.53842e-05
32.56 -8.82107e-05
32.58 -2.3804e-05
32.6 4.57719e-05
32.62 3.25099e-05
32.64 -2.45104e-05
32.66 -2.10779e-05
32.68 5.58213e-05
32.7 0.000107808
32.72 6.20644e-05
32.74 -3.17661e-05
32.76 -7.7367e-05
32.78 -5.53403e-05
32.8 -2.20259e-05
32.82 -2.59597e-05
32.84 -4.8734e-05
32.86 -3.34215e-05
32.88 3.25874e-05
32.9 0.000100703
32.92 0.000116027
32.94 7.44623e-05
32.96 2.79622e-05
32.98 2.41067e-05
33 4.45845e-05
33.02 3.25212e-05
33.04 -1.93387e-05
33.06 -5.21981e-05
33.08 -2.72963e-05
33.1 1.28115e-05
33.12 1.46967e-06
33.14 -5.29103e-05
33.16 -7.2061e-05
33.18 -2.53871e-05
33.2 2.69826e-05
33.22 2.89893e-05
33.24 -5.07809e-06
33.26 -2.41232e-05
33.28 -1.01735e-05
33.3 -3.2817e-06
33.32 -3.11233e-05
33.34 -4.53477e-05
33.36 6.91089e-06
33.38 7.98911e-05
33.4 7.55209e-05
33.42 -1.31124e-05
33.44 -7.33212e-05
33.46 -2.09461e-05
33.48 6.95459e-05
33.5 6.02938e-05
33.52 -4.83595e-05
33.54 -0.00011871
33.56 -6.54369e-05
33.58 4.67518e-05
33.6 9.01348e-05
33.62 2.29461e-05
33.64 -6.4976e-05
33.66 -7.29315e-05
33.68 -2.13586e-05
33.7 -6.4681e-06
33.72 -5.22023e-05
33.74 -9.10025e-05
33.76 -7.07786e-05
33.78 -7.72528e-06
33.8 4.87102e-05
33.82 6.274e-05
33.84 4.01835e-05
33.86 2.59789e-05
33.88 4.97293e-05
33.9 8.52993e-05
33.92 9.05665e-05
33.94 6.27299e-05
33.96 3.75336e-05
33.98 4.81868e-05
34 8.30326e-05
34.02 8.91269e-05
34.04 4.35061e-05
34.06 -4.74512e-06
34.08 -8.71648e-06
34.1 6.11176e-06
34.12 -9.22896e-07
34.14 -2.63907e-05
34.16 -4.47889e-05
34.18 -3.95203e-05
34.2 -1.66802e-05
34.22 -1.77395e-08
34.24 -8.4427e-06
34.26 -3.43181e-05
34.28 -4.55543e-05
34.3 -1.96799e-05
34.32 1.936e-05
34.34 2.13863e-05
34.36 -1.47651e-05
34.38 -2.00297e-05
34.4 4.55313e-05
34.42 0.000117092
34.44 0.000112722
34.46 4.99873e-05
34.48 1.36426e-05
34.5 3.16953e-05
34.52 4.42143e-05
34.54 -1.00716e-06
34.56 -7.04065e-05
34.58 -8.51333e-05
34.6 -2.26717e-05
34.62 5.20377e-05
34.64 6.04187e-05
34.66 3.27081e-07
34.68 -5.27961e-05
34.7 -4.21078e-05
34.72 -6.60749e-07
34.74 -2.21716e-06
34.76 -5.88304e-05
34.78 -9.82123e-05
34.8 -5.83634e-05
34.82 1.98416e-05
34.84 4.86167e-05
34.86 1.7731e-05
34.88 -9.93125e-06
34.9 6.28596e-06
34.92 5.02447e-05
34.94 7.93498e-05
34.96 7.23308e-05
34.98 5.21043e-05
35 4.32845e-05
35.02 3.66773e-05
35.04 2.07501e-05
35.06 1.60428e-06
35.08 -1.81039e-05
35.1 -3.99543e-05
35.12 -5.59928e-05
35.14 -6.60608e-05
35.16 -8.48135e-05
35.18 -0.000105799
35.2 -9.8531e-05
35.22 -5.29131e-05
35.24 -9.18428e-07
35.26 1.32395e-05
35.28 -1.59753e-05
35.3 -4.34272e-05
35.32 -2.22575e-05
35.34 2.72278e-05
35.36 3.25376e-05
35.38 -1.76493e-05
35.4 -4.31917e-05
35.42 8.89567e-06
35.44 8.48686e-05
35.46 9.16982e-05
35.48 1.95098e-05
35.5 -4.13161e-05
35.52 -2.91969e-05
35.54 6.95412e-06
35.56 -5.02676e-06
35.58 -6.48376e-05
35.6 -0.000118337
35.62 -0.000121795
35.64 -8.20184e-05
35.66 -4.43261e-05
35.68 -4.14969e-05
35.7 -6.36117e-05
35.72 -6.81656e-05
35.74 -3.5845e-05
35.76 -1.33159e-05
35.78 -2.96349e-05
35.8 -2.16779e-05
35.82 4.29813e-05
35.84 7.13791e-05
35.86 3.18729e-06
35.88 -7.33932e-05
35.9 -6.84742e-05
35.92 -1.62742e-05
35.94 2.15979e-05
35.96 5.78405e-05
35.98 9.59407e-05
36 6.75373e-05
36.02 -2.98453e-05
36.04 -7.31811e-05
36.06 -2.86788e-06
36.08 8.45605e-05
36.1 9.8197e-05
36.12 6.27672e-05
36.14 2.39996e-05
36.16 -2.33191e-05
36.18 -4.38685e-05
36.2 2.75847e-05
36.22 0.000127484
36.24 0.000119668
36.26 -2.20628e-06
36.28 -0.000123663
36.3 -0.0001494
36.32 -9.50154e-05
36.34 -6.3182e-05
36.36 -9.39245e-05
36.38 -0.000113014
36.4 -6.02025e-05
36.42 3.42264e-05
36.44 9.13068e-05
36.46 4.52106e-05
36.48 -6.17403e-05
36.5 -5.13174e-05
36.52 0.000160761
36.54 0.000349023
36.56 0.000252299
36.58 -5.27721e-06
36.6 -7.52052e-05
36.62 0.000104079
36.64 0.000218291
36.66 6.10011e-05
36.68 -0.000160107
36.7 -0.000186439
36.72 -8.93969e-05
36.74 -5.34983e-05
36.76 -4.61158e-05
36.78 2.70166e-05
36.8 5.35733e-05
36.82 -8.33326e-05
36.84 -0.000213284
36.86 -0.000123972
36.88 5.645e-05
36.9 3.36163e-05
36.92 -0.000197489
36.94 -0.000321633
36.96 -0.000144829
36.98 0.000166484
37 0.000292439
37.02 0.000104874
37.04 -0.0001313
37.06 -4.25402e-05
37.08 0.00030531
37.1 0.000412388
37.12 8.08085e-05
37.14 -0.000265294
37.16 -0.000204555
37.18 9.4059e-05
37.2 0.000161743
37.22 -0.000122234
37.24 -0.000442805
37.26 -0.000424812
37.28 -4.5436e-05
37.3 0.000282489
37.32 0.000168949
37.34 -0.000221459
37.36 -0.000370092
37.38 -0.000116807
37.4 0.000155757
37.42 9.96095e-05
37.44 -0.000136755
37.46 -0.000174874
37.48 6.05097e-05
37.5 0.000274619
37.52 0.000199196
37.54 -4.74729e-05
37.56 -9.95891e-05
37.58 0.000153678
37.6 0.000377412
37.62 0.000237118
37.64 -0.000117204
37.66 -0.000269216
37.68 -7.74717e-05
37.7 0.000199554
37.72 0.00021286
37.74 -5.25932e-05
37.76 -0.000247991
37.78 -0.000119008
37.8 0.000148019
37.82 0.000156393
37.84 -0.000164026
37.86 -0.00042327
37.88 -0.000285003
37.9 4.60697e-05
37.92 0.000143426
37.94 -3.21124e-05
37.96 -0.000176446
37.98 -9.84183e-05
38 8.49149e-05
38.02 0.000144904
38.04 3.17271e-05
38.06 -8.38102e-05
38.08 -5.03606e-05
38.1 6.95594e-05
38.12 0.000109009
38.14 1.72747e-05
38.16 -8.27629e-05
38.18 -4.40897e-05
38.2 0.000107802
38.22 0.000203415
38.24 0.000142715
38.26 -4.55187e-07
38.28 -9.27864e-05
38.3 -9.4853e-05
38.32 -6.48602e-05
38.34 -5.20456e-05
38.36 -5.01013e-05
38.38 -4.85189e-05
38.4 -4.48975e-05
38.42 -1.90672e-05
38.44 4.19968e-05
38.46 0.000109086
38.48 0.00011858
38.5 4.1921e-05
38.52 -5.95939e-05
38.54 -9.52619e-05
38.56 -5.18985e-05
38.58 -1.16677e-05
38.6 -5.38165e-05
38.62 -0.000143478
38.64 -0.000162798
38.66 -7.63009e-05
38.68 1.74601e-05
38.7 1.85057e-05
38.72 -4.98157e-05
38.74 -6.87923e-05
38.76 1.91264e-05
38.78 0.000122959
38.8 0.00011892
38.82 1.79559e-05
38.84 -5.95721e-05
38.86 -5.29952e-05
38.88 -2.04821e-05
38.9 -3.34811e-05
38.92 -8.54662e-05
38.94 -0.000117247
38.96 -8.9145e-05
38.98 -1.78427e-05
39 4.62882e-05
39.02 7.24546e-05
39.04 7.85091e-05
39.06 0.000103622
39.08 0.000155262
39.1 0.000193949
39.12 0.000172372
39.14 8.44943e-05
39.16 -2.33884e-05
39.18 -8.383e-05
39.2 -6.69867e-05
39.22 -1.71511e-05
39.24 -6.33387e-06
39.26 -4.60741e-05
39.28 -7.2881e-05
39.3 -3.91272e-05
39.32 1.45685e-05
39.34 1.58575e-05
39.36 -4.16282e-05
39.38 -9.60975e-05
39.4 -9.08358e-05
39.42 -3.2158e-05
39.44 1.35146e-05
39.46 -8.4571e-06
39.48 -6.50926e-05
39.5 -6.81238e-05
39.52 9.60848e-06
39.54 8.81979e-05
39.56 7.67323e-05
39.58 -6.50349e-06
39.6 -4.84184e-05
39.62 2.37281e-05
39.64 0.000144436
39.66 0.000178298
39.68 9.63983e-05
39.7 1.82417e-05
39.72 4.21942e-05
39.74 0.000104323
39.76 7.64997e-05
39.78 -3.73109e-05
39.8 -0.000107682
39.82 -6.56763e-05
39.84 1.48985e-05
39.86 2.18841e-05
39.88 -5.32209e-05
39.9 -0.000108701
39.92 -6.91412e-05
39.94 2.15155e-05
39.96 6.17652e-05
39.98 1.20683e-05
40 -6.1404e-05
40.02 -6.57235e-05
40.04 1.05508e-06
40.06 4.87819e-05
40.08 1.11985e-05
40.1 -6.08489e-05
40.12 -5.40723e-05
40.14 4.12124e-05
40.16 0.000101282
40.18 4.99194e-05
40.2 -3.72436e-05
40.22 -5.48759e-05
40.24 -4.27161e-06
40.26 2.42797e-05
40.28 -2.56528e-05
40.3 -9.80555e-05
40.32 -9.88146e-05
40.34 -2.83035e-05
40.36 2.10777e-05
40.38 -7.85118e-06
40.4 -5.93158e-05
40.42 -3.38414e-05
40.44 6.90505e-05
40.46 0.00013982
40.48 0.000106776
40.5 2.84449e-05
40.52 8.53813e-06
40.54 4.9316e-05
40.56 5.34667e-05
40.58 -9.4221e-06
40.6 -4.7019e-05
40.62 -3.16682e-06
40.64 4.35296e-05
40.66 -1.17355e-05
40.68 -0.000141605
40.7 -0.000194456
40.72 -0.000105507
40.74 -4.4007e-06
40.76 -3.52659e-05
40.78 -0.000160695
40.8 -0.000204818
40.82 -8.13609e-05
40.84 8.6676e-05
40.86 0.000125839
40.88 3.15708e-05
40.9 -5.51175e-05
40.92 -3.44803e-05
40.94 5.85635e-05
40.96 0.000109715
40.98 6.39874e-05
41 -1.01942e-06
41.02 9.05428e-06
41.04 6.4052e-05
41.06 6.97475e-05
41.08 9.79019e-06
41.1 -4.17001e-05
41.12 -2.13969e-05
41.14 3.41229e-05
41.16 3.33234e-05
41.18 -4.37353e-05
41.2 -0.000117955
41.22 -0.000114461
41.24 -5.64838e-05
41.26 -2.46809e-05
41.28 -5.46186e-05
41.3 -0.000102021
41.32 -9.59345e-05
41.34 -3.13748e-05
41.36 1.92606e-05
41.38 7.79945e-06
41.4 -2.78595e-05
41.42 -1.98508e-05
41.44 4.4441e-05
41.46 0.000106329
41.48 0.00010576
41.5 5.51302e-05
41.52 2.25325e-05
41.54 4.65174e-05
41.56 9.21612e-05
41.58 9.47915e-05
41.6 3.65024e-05
41.62 -2.88722e-05
41.64 -3.90425e-05
41.66 -7.80382e-07
41.68 2.27821e-05
41.7 -6.13801e-06
41.72 -6.11827e-05
41.74 -9.49845e-05
41.76 -9.24665e-05
41.78 -7.4496e-05
41.8 -6.94518e-05
41.82 -7.55076e-05
41.84 -5.62314e-05
41.86 1.9233e-06
41.88 5.50092e-05
41.9 5.79056e-05
41.92 3.19618e-05
41.94 3.49669e-05
41.96 7.78403e-05
41.98 0.000109808
42 8.52228e-05
42.02 2.29763e-05
42.04 -1.89492e-05
42.06 -1.81269e-05
42.08 -6.88283e-06
42.1 -1.50912e-05
42.12 -2.83104e-05
42.14 -1.71875e-05
42.16 1.44705e-05
42.18 2.76454e-05
42.2 -2.0503e-07
42.22 -3.73198e-05
42.24 -3.99162e-05
42.26 -1.4388e-05
42.28 -8.83799e-06
42.3 -4.71522e-05
42.32 -9.44232e-05
42.34 -9.72067e-05
42.36 -4.58751e-05
42.38 6.81285e-06
42.4 7.53279e-06
42.42 -1.99151e-05
42.44 -1.4358e-05
42.46 2.74874e-05
42.48 5.34972e-05
42.5 3.09368e-05
42.52 -6.59928e-06
42.54 -1.68981e-06
42.56 4.45984e-05
42.58 7.13144e-05
42.6 4.19768e-05
42.62 -2.21392e-06
42.64 -1.11148e-06
42.66 3.67856e-05
42.68 5.09334e-05
42.7 1.91405e-05
42.72 -1.27795e-05
42.74 -1.11723e-06
42.76 2.71218e-05
42.78 1.51683e-05
42.8 -2.84343e-05
42.82 -4.20699e-05
42.84 -1.58545e-05
42.86 -5.94167e-06
42.88 -4.32875e-05
42.9 -8.75842e-05
42.92 -8.15215e-05
42.94 -3.17935e-05
42.96 -8.66896e-06
42.98 -4.88656e-05
43 -9.4296e-05
43.02 -6.62102e-05
43.04 2.07811e-05
43.06 7.05934e-05
43.08 3.08885e-05
43.1 -3.49731e-05
43.12 -2.80077e-05
43.14 5.02958e-05
43.16 0.000100358
43.18 6.27665e-05
43.2 -9.25787e-06
43.22 -2.84246e-05
43.24 1.43464e-05
43.26 4.21194e-05
43.28 -5.42282e-07
43.3 -7.1922e-05
43.32 -9.54518e-05
43.34 -6.18172e-05
43.36 -3.45054e-05
43.38 -5.97568e-05
43.4 -0.000102651
43.42 -9.21054e-05
43.44 -1.89419e-05
43.46 4.48982e-05
43.48 4.19924e-05
43.5 5.17148e-06
43.52 6.04004e-06
43.54 5.30957e-05
43.56 8.15398e-05
43.58 4.5912e-05
43.6 -1.87684e-05
43.62 -4.34281e-05
43.64 -1.14908e-05
43.66 2.40425e-05
43.68 1.14972e-05
43.7 -3.66454e-05
43.72 -6.28653e-05
43.74 -3.57741e-05
43.76 6.43433e-06
43.78 5.85959e-06
43.8 -2.82507e-05
43.82 -3.61925e-05
43.84 -3.49437e-07
43.86 2.75984e-05
43.88 -3.49082e-07
43.9 -5.48905e-05
43.92 -6.53326e-05
43.94 -2.16179e-05
43.96 7.71583e-06
43.98 -2.26002e-05
44 -6.74144e-05
44.02 -5.86187e-05
44.04 -3.97414e-07
44.06 3.81342e-05
44.08 1.33161e-05
44.1 -3.79523e-05
44.12 -4.57422e-05
44.14 -1.64448e-07
44.16 3.5497e-05
44.18 9.22498e-06
44.2 -5.08715e-05
44.22 -7.43254e-05
44.24 -4.09017e-05
44.26 -4.2056e-06
44.28 -1.95924e-05
44.3 -6.94239e-05
44.32 -8.43013e-05
44.34 -3.50862e-05
44.36 2.29642e-05
44.38 2.13463e-05
44.4 -2.21344e-05
44.42 -2.82287e-05
44.44 2.74581e-05
44.46 8.40061e-05
44.48 7.61054e-05
44.5 1.11933e-05
44.52 -3.99274e-05
44.54 -2.95528e-05
44.56 7.37359e-06
44.58 3.91899e-06
44.6 -4.70096e-05
44.62 -8.42012e-05
44.64 -6.08168e-05
44.66 -6.58347e-06
44.68 1.09254e-05
44.7 -2.51476e-05
44.72 -5.58699e-05
44.74 -2.92174e-05
44.76 2.59838e-05
44.78 4.26873e-05
44.8 3.13228e-06
44.82 -4.07074e-05
44.84 -3.14284e-05
44.86 2.15681e-05
44.88 5.39719e-05
44.9 2.80738e-05
44.92 -2.10464e-05
44.94 -3.14147e-05
44.96 4.68584e-06
44.98 3.13748e-05
45 5.38597e-06
45.02 -4.41602e-05
45.04 -5.27364e-05
45.06 -6.23622e-06
45.08 3.79038e-05
45.1 2.28424e-05
45.12 -2.90279e-05
45.14 -4.50566e-05
45.16 -5.87018e-06
45.18 2.95247e-05
45.2 8.64838e-06
45.22 -3.76053e-05
45.24 -3.42686e-05
45.26 3.15328e-05
45.28 8.74844e-05
45.3 6.76605e-05
45.32 2.87193e-06
45.34 -1.73686e-05
45.36 2.32226e-05
45.38 4.70274e-05
45.4 1.52024e-06
45.42 -6.13694e-05
45.44 -5.16583e-05
45.46 1.94866e-05
45.48 4.69848e-05
45.5 -1.08827e-05
45.52 -7.42852e-05
45.54 -5.90107e-05
45.56 6.84302e-06
45.58 2.944e-05
45.6 -1.80855e-05
45.62 -6.31536e-05
45.64 -4.01627e-05
45.66 1.35315e-05
45.68 1.57873e-05
45.7 -3.64519e-05
45.72 -6.5062e-05
45.74 -2.74525e-05
45.76 1.94721e-05
45.78 4.76287e-06
45.8 -4.61413e-05
45.82 -4.90225e-05
45.84 1.16106e-05
45.86 6.07078e-05
45.88 4.2073e-05
45.9 -5.69891e-06
45.92 -6.67425e-06
45.94 4.87012e-05
45.96 8.78133e-05
45.98 4.75012e-05
46 -3.94101e-05
46.02 -7.20603e-05
46.04 -1.30083e-05
46.06 5.32473e-05
46.08 3.40508e-05
46.1 -5.30501e-05
46.12 -0.000103149
46.14 -5.94965e-05
46.16 8.52517e-06
46.18 1.05604e-05
46.2 -3.40613e-05
46.22 -4.33176e-05
46.24 -3.75817e-06
46.26 2.80288e-05
46.28 2.05892e-05
46.3 -6.32614e-06
46.32 -1.68623e-05
46.34 4.02436e-06
46.36 2.831e-05
46.38 2.29852e-05
46.4 -1.96567e-06
46.42 -1.38862e-05
46.44 -6.30243e-07
46.46 1.99372e-05
46.48 1.85349e-05
46.5 -9.78468e-06
46.52 -3.26441e-05
46.54 -2.38612e-05
46.56 7.83644e-07
46.58 7.78905e-06
46.6 -1.10747e-05
46.62 -3.01114e-05
46.64 -2.43161e-05
46.66 -3.35811e-06
46.68 1.23794e-06
46.7 -2.16674e-05
46.72 -4.36082e-05
46.74 -3.1488e-05
46.76 1.74178e-06
46.78 1.64353e-05
46.8 3.48067e-06
46.82 -8.39642e-06
46.84 6.47001e-06
46.86 2.39295e-05
46.88 3.01504e-06
46.9 -3.95923e-05
46.92 -5.0807e-05
46.94 -1.27141e-05
46.96 3.36363e-05
46.98 3.25773e-05
47 -1.44799e-05
47.02 -4.8462e-05
47.04 -2.68687e-05
47.06 2.16731e-05
47.08 2.4896e-05
47.1 -3.23e-05
47.12 -6.72306e-05
47.14 -2.20025e-05
47.16 3.63963e-05
47.18 1.66498e-05
47.2 -5.86739e-05
47.22 -8.2695e-05
47.24 -1.56611e-05
47.26 5.51774e-05
47.28 4.19361e-05
47.3 -1.82941e-05
47.32 -2.21548e-05
47.34 5.46425e-05
47.36 0.000125888
47.38 0.00010574
47.4 1.59768e-05
47.42 -5.15438e-05
47.44 -5.23613e-05
47.46 -1.72656e-05
47.48 7.71169e-06
47.5 2.6775e-06
47.52 -2.2462e-05
47.54 -3.32891e-05
47.56 -3.11832e-06
47.58 3.74418e-05
47.6 2.98789e-05
47.62 -2.39051e-05
47.64 -5.96057e-05
47.66 -4.24381e-05
47.68 -1.10894e-05
47.7 -1.47457e-05
47.72 -4.43189e-05
47.74 -4.67869e-05
47.76 -2.92351e-06
47.78 3.85578e-05
47.8 2.76117e-05
47.82 -1.68049e-05
47.84 -3.66562e-05
47.86 -1.54447e-05
47.88 5.13641e-06
47.9 -1.18024e-05
47.92 -4.20656e-05
47.94 -4.02785e-05
47.96 -1.21325e-05
47.98 1.2095e-06
48 -1.16559e-05
48.02 -2.00566e-05
48.04 -4.28241e-07
48.06 2.28287e-05
48.08 6.47065e-06
48.1 -4.3781e-05
48.12 -6.30713e-05
48.14 -9.64127e-06
48.16 5.30749e-05
48.18 3.01627e-05
48.2 -5.55999e-05
48.22 -8.97887e-05
48.24 -3.01762e-05
48.26 4.30935e-05
48.28 3.81038e-05
48.3 -2.74991e-05
48.32 -4.55087e-05
48.34 2.2451e-05
48.36 8.27065e-05
48.38 5.14036e-05
48.4 -2.58046e-05
48.42 -4.24917e-05
48.44 2.05995e-05
48.46 7.31053e-05
48.48 3.96441e-05
48.5 -4.3136e-05
48.52 -7.46482e-05
48.54 -2.72298e-05
48.56 1.61e-05
48.58 -1.23344e-05
48.6 -7.13792e-05
48.62 -7.84905e-05
48.64 -2.74297e-05
48.66 1.27103e-05
48.68 5.12487e-06
48.7 -1.60027e-05
48.72 -9.91349e-06
48.74 1.5872e-05
48.76 2.69701e-05
48.78 1.51771e-05
48.8 -3.91796e-07
48.82 -2.64695e-06
48.84 8.29801e-06
48.86 1.65571e-05
48.88 1.0847e-05
48.9 -1.33456e-06
48.92 -5.12781e-06
48.94 2.26231e-06
48.96 8.77202e-06
48.98 4.97497e-06
49 -4.33257e-06
49.02 -7.70887e-06
49.04 -1.31021e-06
49.06 6.54872e-06
49.08 6.10168e-06
49.1 -2.16511e-06
49.12 -2.6791e-06
49.14 1.57176e-05
49.16 3.61086e-05
49.18 3.15871e-05
49.2 3.71472e-07
49.22 -2.20987e-05
49.24 -7.39959e-06
49.26 1.43362e-05
49.28 -1.33426e-06
49.3 -4.02852e-05
49.32 -5.14105e-05
49.34 -1.94216e-05
49.36 1.54625e-05
49.38 8.32982e-06
49.4 -2.86546e-05
49.42 -3.87686e-05
49.44 -3.65525e-06
49.46 3.02841e-05
49.48 1.92326e-05
49.5 -2.05933e-05
49.52 -3.98408e-05
49.54 -2.27857e-05
49.56 1.70257e-06
49.58 1.56682e-06
49.6 -2.65879e-05
49.62 -5.67684e-05
49.64 -6.5176e-05
49.66 -5.83545e-05
49.68 -5.55677e-05
49.7 -6.17079e-05
49.72 -6.48901e-05
49.74 -5.10279e-05
49.76 -2.30064e-05
49.78 4.874e-07
49.8 2.65086e-06
49.82 -1.5911e-05
49.84 -3.1755e-05
49.86 -1.82397e-05
49.88 1.91709e-05
49.9 4.05887e-05
49.92 1.98201e-05
49.94 -1.70166e-05
49.96 -2.65657e-05
49.98 -7.40624e-06
50 4.39752e-06
50.02 -1.41723e-05
50.04 -4.21825e-05
50.06 -3.78753e-05
50.08 2.92241e-06
50.1 2.94149e-05
50.12 2.35843e-06
50.14 -4.69033e-05
50.16 -5.81215e-05
50.18 -1.85641e-05
50.2 2.28386e-05
50.22 1.21051e-05
50.24 -3.9983e-05
50.26 -6.34539e-05
50.28 -2.31726e-05
50.3 2.86732e-05
50.32 2.81729e-05
50.34 -1.15794e-05
50.36 -2.95014e-05
50.38 -3.67007e-06
50.4 2.88363e-05
50.42 2.69734e-05
50.44 -5.5028e-07
50.46 -1.02735e-05
50.48 1.02427e-05
50.5 2.35942e-05
50.52 2.16377e-06
50.54 -2.74485e-05
50.56 -2.08933e-05
50.58 1.83044e-05
50.6 4.1445e-05
50.62 2.28725e-05
50.64 -1.01828e-05
50.66 -1.7975e-05
50.68 3.94236e-06
50.7 2.40809e-05
50.72 1.59794e-05
50.74 -9.44501e-06
50.76 -2.1226e-05
50.78 -9.46111e-06
50.8 6.28505e-06
50.82 5.37834e-07
50.84 -3.00062e-05
50.86 -5.55195e-05
50.88 -4.67354e-05
50.9 -1.90566e-05
50.92 -1.20242e-05
50.94 -3.20495e-05
50.96 -5.08281e-05
50.98 -4.79406e-05
51 -3.02343e-05
51.02 -1.76075e-05
51.04 -2.13561e-05
51.06 -3.12143e-05
51.08 -2.73891e-05
51.1 -1.10194e-05
51.12 -2.17609e-06
51.14 -1.08163e-05
51.16 -2.79298e-05
51.18 -3.55134e-05
51.2 -2.2823e-05
51.22 -2.45209e-06
51.24 1.78967e-06
51.26 -8.62764e-06
51.28 -5.30822e-06
51.3 2.4312e-05
51.32 5.81767e-05
51.34 5.54002e-05
51.36 -1.29026e-05
51.38 -0.000113726
51.4 -0.000159782
51.42 -0.000102379
51.44 1.54224e-05
51.46 0.000102012
51.48 8.85782e-05
51.5 -1.24582e-06
51.52 -5.10238e-05
51.54 5.84541e-06
51.56 8.41626e-05
51.58 6.73541e-05
51.6 -3.40765e-05
51.62 -0.000100268
51.64 -4.89437e-05
51.66 6.26959e-05
51.68 0.000106303
51.7 4.22778e-05
51.72 -3.56615e-05
51.74 -2.92194e-05
51.76 3.73644e-05
51.78 5.78899e-05
51.8 -1.32214e-05
51.82 -9.96963e-05
51.84 -9.5604e-05
51.86 -2.66511e-06
51.88 6.44321e-05
51.9 2.59666e-05
51.92 -5.73104e-05
51.94 -6.70095e-05
51.96 1.42005e-05
51.98 8.24899e-05
52 5.47267e-05
52.02 -2.58737e-05
52.04 -5.67687e-05
52.06 -1.31107e-05
52.08 2.96216e-05
52.1 9.04495e-06
52.12 -4.1084e-05
52.14 -5.31784e-05
52.16 -1.85996e-05
52.18 1.70945e-05
52.2 2.07717e-05
52.22 8.76541e-06
52.24 1.26108e-05
52.26 3.05132e-05
52.28 3.38427e-05
52.3 1.13298e-05
52.32 -1.28246e-05
52.34 -1.51277e-05
52.36 -6.09978e-06
52.38 -8.51428e-06
52.4 -2.28986e-05
52.42 -3.08924e-05
52.44 -2.13822e-05
52.46 3.06545e-07
52.48 1.7954e-05
52.5 1.57118e-05
52.52 -3.72082e-06
52.54 -2.12305e-05
52.56 -2.32432e-05
52.58 -1.75788e-05
52.6 -2.22658e-05
52.62 -3.56264e-05
52.64 -4.03635e-05
52.66 -3.09469e-05
52.68 -1.93829e-05
52.7 -1.584e-05
52.72 -1.43324e-05
52.74 -1.08977e-05
52.76 -1.25163e-05
52.78 -2.08641e-05
52.8 -2.77229e-05
52.82 -2.56073e-05
52.84 -1.69972e-05
52.86 -1.34254e-05
52.88 -2.21089e-05
52.9 -3.09781e-05
52.92 -2.02517e-05
52.94 3.25467e-06
52.96 6.66563e-06
52.98 -1.73841e-05
53 -3.3096e-05
53.02 -1.33897e-05
53.04 1.97317e-05
53.06 2.517e-05
53.08 1.10189e-06
53.1 -1.29155e-05
53.12 7.50911e-06
53.14 3.46688e-05
53.16 3.12663e-05
53.18 6.36558e-06
53.2 -7.12826e-06
53.22 1.3277e-06
53.24 1.27604e-05
53.26 5.85487e-06
53.28 -1.55592e-05
53.3 -2.93215e-05
53.32 -2.50148e-05
53.34 -1.79878e-05
53.36 -2.28322e-05
53.38 -3.03143e-05
53.4 -2.72959e-05
53.42 -1.58554e-05
53.44 -6.29264e-06
53.46 -7.06828e-06
53.48 -1.65226e-05
53.5 -2.15818e-05
53.52 -1.23387e-05
53.54 3.48385e-06
53.56 7.95875e-06
53.58 -3.68172e-06
53.6 -1.72111e-05
53.62 -2.00268e-05
53.64 -1.65452e-05
53.66 -1.60211e-05
53.68 -1.94975e-05
53.7 -2.25987e-05
53.72 -1.76392e-05
53.74 -3.25285e-06
53.76 8.57416e-06
53.78 8.14681e-06
53.8 1.50357e-06
53.82 -1.36004e-06
53.84 3.00404e-06
53.86 1.14316e-05
53.88 1.15362e-05
53.9 -4.1999e-06
53.92 -1.93716e-05
53.94 -1.30679e-05
53.96 6.6856e-06
53.98 1.351e-05
54 -1.67288e-06
54.02 -1.94643e-05
54.04 -1.64107e-05
54.06 5.30162e-06
54.08 2.03243e-05
54.1 1.13793e-05
54.12 -5.53806e-06
54.14 -4.6807e-06
54.16 8.73864e-06
54.18 1.14632e-05
54.2 -5.43295e-06
54.22 -3.1434e-05
54.24 -4.39189e-05
54.26 -3.20842e-05
54.28 -1.55844e-05
54.3 -1.53891e-05
54.32 -2.56836e-05
54.34 -2.89369e-05
54.36 -2.04837e-05
54.38 -1.30387e-05
54.4 -1.75469e-05
54.42 -2.54051e-05
54.44 -1.84536e-05
54.46 4.09312e-06
54.48 2.03353e-05
54.5 1.37662e-05
54.52 -2.06462e-06
54.54 -2.92492e-06
54.56 1.00835e-05
54.58 1.37235e-05
54.6 -1.4257e-06
54.62 -1.42024e-05
54.64 -5.08279e-06
54.66 1.25699e-05
54.68 8.87655e-06
54.7 -2.1848e-05
54.72 -4.67699e-05
54.74 -3.85271e-05
54.76 -1.63522e-05
54.78 -1.52567e-05
54.8 -3.66664e-05
54.82 -5.11052e-05
54.84 -3.44429e-05
54.86 1.517e-06
54.88 2.07531e-05
54.9 1.16706e-05
54.92 -1.84045e-06
54.94 2.35971e-06
54.96 2.12548e-05
54.98 3.37308e-05
55 2.18767e-05
55.02 -4.72446e-06
55.04 -1.73778e-05
55.06 -5.48019e-06
55.08 8.7141e-06
55.1 1.93316e-06
55.12 -1.51917e-05
55.14 -1.87659e-05
55.16 -6.60159e-06
55.18 3.86583e-06
55.2 1.4428e-06
55.22 -3.80644e-06
55.24 1.94705e-06
55.26 1.50192e-05
55.28 1.93097e-05
55.3 7.55911e-06
55.32 -5.62042e-06
55.34 -9.04959e-07
55.36 1.232e-05
55.38 6.75347e-06
55.4 -1.62166e-05
55.42 -2.66742e-05
55.44 -1.34857e-05
55.46 1.9072e-06
55.48 -2.22465e-06
55.5 -2.47377e-05
55.52 -4.14501e-05
55.54 -3.23054e-05
55.56 -8.95506e-06
55.58 1.98716e-06
55.6 -8.86236e-06
55.62 -2.13763e-05
55.64 -1.53097e-05
55.66 -5.18977e-06
55.68 -1.264e-05
55.7 -2.64737e-05
55.72 -2.13411e-05
55.74 1.31259e-06
55.76 1.30111e-05
55.78 -1.8628e-06
55.8 -2.13678e-05
55.82 -1.48485e-05
55.84 1.09665e-05
55.86 2.25616e-05
55.88 1.4399e-05
55.9 1.51547e-05
55.92 2.97143e-05
55.94 9.96764e-06
55.96 -6.47797e-05
55.98 -0.000121269
56 -8.75933e-05
56.02 5.3191e-06
56.04 5.90278e-05
56.06 1.75544e-05
56.08 -5.25668e-05
56.1 -4.11665e-05
56.12 5.2096e-05
56.14 0.000110691
56.16 4.98104e-05
56.18 -6.32674e-05
56.2 -9.32578e-05
56.22 -1.96278e-05
56.24 4.863e-05
56.26 2.50081e-05
56.28 -4.80614e-05
56.3 -5.99711e-05
56.32 1.52927e-05
56.34 8.01584e-05
56.36 5.05716e-05
56.38 -3.18452e-05
56.4 -6.284e-05
56.42 -1.24303e-05
56.44 4.7615e-05
56.46 4.80673e-05
56.48 3.81456e-06
56.5 -2.21587e-05
56.52 -6.29304e-07
56.54 3.48007e-05
56.56 3.61209e-05
56.58 2.76212e-06
56.6 -2.73251e-05
56.62 -2.86357e-05
56.64 -1.17732e-05
56.66 -3.02567e-06
56.68 -8.81847e-06
56.7 -1.69992e-05
56.72 -1.83963e-05
56.74 -1.27356e-05
56.76 -5.61003e-06
56.78 -2.59711e-06
56.8 -4.34958e-06
56.82 -4.63814e-06
56.84 -8.35128e-07
56.86 1.42472e-06
56.88 2.6979e-06
56.9 3.04397e-07
56.92 -1.25776e-05
56.94 -2.65359e-05
56.96 -3.16517e-05
56.98 -3.31251e-05
57 -3.6252e-05
57.02 -3.64104e-05
57.04 -3.25479e-05
57.06 -3.30512e-05
57.08 -3.57496e-05
57.1 -2.29298e-05
57.12 3.50606e-06
57.14 1.13721e-05
57.16 -1.18944e-05
57.18 -3.55012e-05
57.2 -2.52439e-05
57.22 8.79011e-06
57.24 1.98469e-05
57.26 -1.17441e-05
57.28 -4.65528e-05
57.3 -3.53594e-05
57.32 1.17539e-05
57.34 3.32467e-05
57.36 1.0931e-06
57.38 -3.57437e-05
57.4 -2.07547e-05
57.42 2.80205e-05
57.44 4.47279e-05
57.46 4.36966e-06
57.48 -4.42959e-05
57.5 -4.03494e-05
57.52 1.04141e-05
57.54 4.07278e-05
57.56 8.43599e-06
57.58 -4.38037e-05
57.6 -4.47818e-05
57.62 8.30537e-06
57.64 4.5798e-05
57.66 1.85863e-05
57.68 -3.56389e-05
57.7 -4.56248e-05
57.72 -2.95028e-06
57.74 3.07147e-05
57.76 9.55226e-06
57.78 -3.64346e-05
57.8 -4.59925e-05
57.82 -8.79055e-06
57.84 2.49035e-05
57.86 1.31599e-05
57.88 -2.4547e-05
57.9 -3.75993e-05
57.92 -1.11244e-05
57.94 1.8719e-05
57.96 1.39924e-05
57.98 -1.71186e-05
58 -3.26612e-05
58.02 -1.31887e-05
58.04 1.21081e-05
58.06 8.05894e-06
58.08 -1.72054e-05
58.1 -2.73197e-05
58.12 -9.02846e-06
58.14 1.19e-05
58.16 7.55866e-06
58.18 -1.4355e-05
58.2 -2.2901e-05
58.22 -6.78657e-06
58.24 1.14402e-05
58.26 7.03384e-06
58.28 -1.33884e-05
58.3 -2.18185e-05
58.32 -7.47672e-06
58.34 9.38867e-06
58.36 6.04573e-06
58.38 -1.18151e-05
58.4 -1.89939e-05
58.42 -5.92444e-06
58.44 8.98207e-06
58.46 5.54616e-06
58.48 -1.08988e-05
58.5 -1.78455e-05
58.52 -6.40704e-06
58.54 7.24274e-06
58.56 4.54093e-06
58.58 -1.01415e-05
58.6 -1.63214e-05
58.62 -5.99305e-06
58.64 6.05461e-06
58.66 3.52274e-06
58.68 -9.27664e-06
58.7 -1.45408e-05
58.72 -5.66852e-06
58.74 4.62043e-06
58.76 2.44422e-06
58.78 -8.55928e-06
58.8 -1.31145e-05
58.82 -5.466e-06
58.84 3.44318e-06
58.86 1.572e-06
58.88 -7.98899e-06
58.9 -1.19687e-05
58.92 -5.29145e-06
58.94 2.52479e-06
58.96 9.21685e-07
58.98 -7.44912e-06
59 -1.09721e-05
59.02 -5.14856e-06
59.04 1.72088e-06
59.06 3.59971e-07
59.08 -6.96061e-06
59.1 -1.00761e-05
59.12 -5.00152e-06
59.14 1.03052e-06
59.16 -1.27752e-07
59.18 -6.53588e-06
59.2 -9.29445e-06
59.22 -4.8702e-06
59.24 4.30349e-07
59.26 -5.51631e-07
59.28 -6.15808e-06
59.3 -8.59851e-06
59.32 -4.74161e-06
59.34 -8.50036e-08
59.36 -9.17653e-07
59.38 -5.82269e-06
59.4 -7.98069e-06
59.42 -4.61798e-06
59.44 -5.27225e-07
59.46 -1.2324e-06
59.48 -5.52361e-06
59.5 -7.43157e-06
59.52 -4.49983e-06
59.54 -9.06166e-07
59.56 -1.50262e-06
59.58 -5.25654e-06
59.6 -6.94313e-06
59.62 -4.38715e-06
59.64 -1.23027e-06
59.66 -1.73402e-06
59.68 -5.01775e-06
59.7 -6.50829e-06
59.72 -4.27985e-06
59.74 -1.50653e-06
59.76 -1.93121e-06
59.78 -4.80348e-06
59.8 -6.12071e-06
59.82 -4.17762e-06
59.84 -1.74106e-06
59.86 -2.09869e-06
59.88 -4.61122e-06
59.9 -5.77486e-06
59.92 -4.08064e-06
59.94 -1.94009e-06
59.96 -2.24032e-06
59.98 -5.78272e-06
