0.02 4.57118e-05
0.04 0.000129508
0.06 0.000141795
0.08 6.48998e-05
0.1 1.85843e-05
0.12 6.94117e-05
0.14 0.000134189
0.16 0.000116053
0.18 5.22983e-05
0.2 4.91186e-05
0.22 0.000115327
0.24 0.000155653
0.26 0.00012346
0.28 8.92651e-05
0.3 0.00012374
0.32 0.000180402
0.34 0.000187633
0.36 0.00017245
0.38 0.000166365
0.4 8.73851e-05
0.42 -0.000110277
0.44 -0.000100724
0.46 0.000306521
0.48 0.000484278
0.5 1.7796e-05
0.52 -0.000458214
0.54 -0.0003333
0.56 -9.77343e-05
0.58 -0.000483153
0.6 -0.000890006
0.62 -0.000406097
0.64 0.00015955
0.66 -0.00019834
0.68 -0.00122436
0.7 -0.00179417
0.72 -0.000425212
0.74 0.00154172
0.76 0.00110374
0.78 -0.000594235
0.8 0.000158702
0.82 0.00330267
0.84 0.00515016
0.86 0.003534
0.88 0.000374283
0.9 -0.000792834
0.92 0.000905047
0.94 0.00243108
0.96 0.000434475
0.98 -0.00342027
1 -0.0041252
1.02 -0.000521296
1.04 0.00265281
1.06 0.000689278
1.08 -0.00450789
1.1 -0.00684934
1.12 -0.00357312
1.14 0.00213023
1.16 0.00367067
1.18 -0.00197677
1.2 -0.00759511
1.22 -0.00447668
1.24 0.00336014
1.26 0.00475115
1.28 -0.00275487
1.3 -0.0107414
1.32 -0.00946605
1.34 0.00219954
1.36 0.0139757
1.38 0.0141938
1.4 0.00223487
1.42 -0.0101605
1.44 -0.0110031
1.46 -0.00263151
1.48 0.00151435
1.5 -0.00583701
1.52 -0.0183998
1.54 -0.0279154
1.56 -0.0346291
1.58 -0.0421892
1.6 -0.0507167
1.62 -0.0579542
1.64 -0.0615413
1.66 -0.0596333
1.68 -0.0523176
1.7 -0.0411834
1.72 -0.028315
1.74 -0.0168605
1.76 -0.0089539
1.78 -0.00433745
1.8 -0.00381743
1.82 -0.00973184
1.84 -0.0233936
1.86 -0.0434515
1.88 -0.0636703
1.9 -0.0772562
1.92 -0.0843727
1.94 -0.0891074
1.96 -0.0924074
1.98 -0.093103
2 -0.0925985
2.02 -0.0947387
2.04 -0.102567
2.06 -0.116383
2.08 -0.134745
2.1 -0.156487
2.12 -0.179326
2.14 -0.198375
2.16 -0.208823
2.18 -0.207025
2.2 -0.190092
2.22 -0.158946
2.24 -0.118107
2.26 -0.0724321
2.28 -0.0291248
2.3 0.00316582
2.32 0.0163512
2.34 0.00706512
2.36 -0.0205845
2.38 -0.0588274
2.4 -0.102527
2.42 -0.152426
2.44 -0.205675
2.46 -0.252522
2.48 -0.285421
2.5 -0.300029
2.52 -0.291697
2.54 -0.258748
2.56 -0.204157
2.58 -0.129259
2.6 -0.031411
