0.02 5.27973e-05
0.04 0.000149585
0.06 0.000163785
0.08 7.4973e-05
0.1 2.14702e-05
0.12 8.01766e-05
0.14 0.000155006
0.16 0.000134062
0.18 6.0417e-05
0.2 5.6737e-05
0.22 0.000133214
0.24 0.000179798
0.26 0.000142613
0.28 0.000103109
0.3 0.000142929
0.32 0.000208384
0.34 0.000216743
0.36 0.000199202
0.38 0.000192169
0.4 0.000100949
0.42 -0.000127344
0.44 -0.000116313
0.46 0.000354041
0.48 0.000559394
0.5 2.06004e-05
0.52 -0.000529245
0.54 -0.000384898
0.56 -0.000112774
0.58 -0.000558059
0.6 -0.00102823
0.62 -0.000469305
0.64 0.000184189
0.66 -0.000229399
0.68 -0.00141498
0.7 -0.00207397
0.72 -0.000494296
0.74 0.00177753
0.76 0.00127407
0.78 -0.000685758
0.8 0.000182536
0.82 0.00386916
0.84 0.00630135
0.86 0.00482715
0.88 0.00104591
0.9 -0.00103483
0.92 0.000453578
0.94 0.00269278
0.96 0.00121667
0.98 -0.00329381
1 -0.00522091
1.02 -0.00179609
1.04 0.00271515
1.06 0.00191033
1.08 -0.00421019
1.1 -0.00896433
1.12 -0.00680505
1.14 0.000927225
1.16 0.00573552
1.18 0.000518354
1.2 -0.008465
1.22 -0.00844156
1.24 0.000721476
1.26 0.00654069
1.28 0.00105432
1.3 -0.00987137
1.32 -0.0133705
1.34 -0.00298719
1.36 0.0121413
1.38 0.0172657
1.4 0.00827126
1.42 -0.00644044
1.44 -0.0142806
1.46 -0.0113792
1.48 -0.00613213
1.5 -0.00756696
1.52 -0.0147548
1.54 -0.0211439
1.56 -0.0238887
1.58 -0.0230533
1.6 -0.0180699
1.62 -0.00960967
1.64 -0.000634714
1.66 0.00491988
1.68 0.00404791
1.7 -0.00271859
1.72 -0.0116843
1.74 -0.0190969
1.76 -0.0209705
1.78 -0.0148407
1.8 -0.00489303
1.82 0.000491797
1.84 -0.00396775
1.86 -0.0157922
1.88 -0.0243293
1.9 -0.0204754
1.92 -0.00826432
1.94 0.000129016
1.96 -0.00177691
1.98 -0.0117136
2 -0.0250542
2.02 -0.0424277
2.04 -0.0694927
2.06 -0.108333
2.08 -0.155365
2.1 -0.206544
2.12 -0.257442
2.14 -0.301374
2.16 -0.332442
2.18 -0.346365
2.2 -0.339425
2.22 -0.312022
2.24 -0.268286
2.26 -0.212727
2.28 -0.153541
2.3 -0.101395
2.32 -0.0633435
2.34 -0.043285
2.36 -0.0414603
2.38 -0.0551655
2.4 -0.0851655
2.42 -0.132744
2.44 -0.192833
2.46 -0.256822
2.48 -0.315895
2.5 -0.36024
2.52 -0.381531
2.54 -0.376567
2.56 -0.34507
2.58 -0.284688
2.6 -0.190494
2.62 -0.0597583
