0.02 2.24147e-07
0.04 6.34962e-07
0.06 6.94964e-07
0.08 3.17865e-07
0.1 9.09854e-08
0.12 3.40195e-07
0.14 6.57523e-07
0.16 5.68486e-07
0.18 2.56108e-07
0.2 2.40718e-07
0.22 5.65232e-07
0.24 7.62717e-07
0.26 6.04927e-07
0.28 4.37493e-07
0.3 6.06486e-07
0.32 8.84042e-07
0.34 9.19336e-07
0.36 8.44982e-07
0.38 8.15309e-07
0.4 4.27969e-07
0.42 -5.41466e-07
0.44 -4.94533e-07
0.46 1.50279e-06
0.48 2.3732e-06
0.5 8.60184e-08
0.52 -2.24664e-06
0.54 -1.63612e-06
0.56 -4.82339e-07
0.58 -2.36885e-06
0.6 -4.3569e-06
0.62 -1.98426e-06
0.64 7.84703e-07
0.66 -9.63849e-07
0.68 -5.98033e-06
0.7 -8.75217e-06
0.72 -2.01224e-06
0.74 7.62452e-06
0.76 5.43187e-06
0.78 -2.91747e-06
0.8 7.95348e-07
0.82 1.59945e-05
0.84 2.25222e-05
0.86 1.09099e-05
0.88 -2.95925e-06
0.9 -1.87868e-06
0.92 8.81115e-06
0.94 9.89823e-06
0.96 -5.36143e-06
0.98 -1.92465e-05
1 -1.32425e-05
1.02 4.61112e-06
1.04 9.32727e-06
1.06 -6.99085e-06
1.08 -2.34222e-05
1.1 -1.9073e-05
1.12 -7.90791e-07
1.14 9.5132e-06
1.16 7.63988e-07
1.18 -1.78956e-05
1.2 -1.94396e-05
1.22 4.24722e-06
1.24 1.77725e-05
1.26 -2.42021e-06
1.28 -2.78153e-05
1.3 -2.45647e-05
1.32 2.83171e-06
1.34 2.44437e-05
1.36 1.75741e-05
1.38 -7.38689e-06
1.4 -1.6695e-05
1.42 6.52709e-07
1.44 1.4451e-05
1.46 -5.82595e-06
1.48 -4.33719e-05
1.5 -5.20261e-05
1.52 -2.27395e-05
1.54 1.2443e-06
1.56 -1.299e-05
1.58 -4.00203e-05
1.6 -3.31765e-05
1.62 3.57747e-06
1.64 1.98948e-05
1.66 -3.42546e-06
1.68 -2.79472e-05
1.7 -1.78881e-05
1.72 7.47366e-06
1.74 5.03764e-06
1.76 -2.09477e-05
1.78 -2.58147e-05
1.8 -4.09434e-06
1.82 2.82352e-06
1.84 -2.09611e-05
1.86 -3.87777e-05
1.88 -1.38833e-05
1.9 2.5357e-05
1.92 1.44431e-05
1.94 -4.02745e-05
1.96 -5.76342e-05
1.98 -1.09137e-05
2 2.12481e-05
2.02 -2.05365e-05
2.04 -7.76118e-05
2.06 -6.50236e-05
2.08 -6.44899e-06
2.1 4.20351e-06
2.12 -4.53794e-05
2.14 -6.86276e-05
2.16 -2.40012e-05
2.18 2.4079e-05
2.2 1.21739e-05
2.22 -3.47392e-05
2.24 -4.66858e-05
2.26 -8.77081e-06
2.28 1.22549e-05
2.3 -2.65224e-05
2.32 -6.87742e-05
2.34 -5.14894e-05
2.36 -4.81569e-07
2.38 1.14513e-05
2.4 -3.66346e-05
2.42 -7.77035e-05
2.44 -4.84442e-05
2.46 9.22957e-06
2.48 1.27818e-05
2.5 -2.90059e-05
2.52 -3.76631e-05
2.54 2.93135e-06
2.56 3.11512e-05
2.58 2.00516e-05
2.6 1.61538e-05
2.62 5.12204e-05
2.64 8.69932e-05
2.66 8.16435e-05
2.68 6.16103e-05
2.7 7.89702e-05
2.72 0.000126139
2.74 0.0001516
2.76 0.000140956
2.78 0.0001271
2.8 0.000137565
2.82 0.000164136
2.84 0.000176318
2.86 0.000164241
2.88 0.000145768
2.9 0.000135737
2.92 0.000140807
2.94 0.000150683
2.96 0.000142091
2.98 0.000122218
3 0.000123176
3.02 0.000122358
3.04 7.38185e-05
3.06 2.08143e-05
3.08 2.03635e-05
3.1 3.29463e-05
3.12 2.18859e-07
3.14 -6.13072e-05
3.16 -9.75466e-05
3.18 -9.83628e-05
3.2 -0.000102964
3.22 -0.000136027
3.24 -0.000173111
3.26 -0.000178439
3.28 -0.000159972
3.3 -0.000148456
3.32 -0.000151541
3.34 -0.000150512
3.36 -0.000114015
3.38 -5.24651e-05
3.4 -2.32787e-05
3.42 -3.78549e-05
3.44 -2.51553e-05
3.46 6.40568e-05
3.48 0.000153002
3.5 0.000139793
3.52 6.97773e-05
3.54 6.98641e-05
3.56 0.000146006
3.58 0.000185978
3.6 0.000145498
3.62 0.000111158
3.64 0.000130839
3.66 0.000104945
3.68 2.90642e-06
3.7 -3.93515e-05
3.72 9.33818e-06
3.74 1.24683e-05
3.76 -7.70363e-05
3.78 -0.000139511
3.8 -9.48382e-05
3.82 -3.52609e-05
3.84 -6.62032e-05
3.86 -0.000141883
3.88 -0.000159879
3.9 -0.000113165
3.92 -8.80917e-05
3.94 -0.000132762
3.96 -0.000187062
3.98 -0.000161867
4 -5.69038e-05
4.02 4.28625e-06
4.04 -5.67336e-05
4.06 -0.00012095
4.08 -5.37047e-05
4.1 6.80027e-05
4.12 8.43777e-05
4.14 1.00866e-05
4.16 -6.7571e-06
4.18 5.69838e-05
4.2 5.80088e-05
4.22 -4.86491e-05
4.24 -0.000116113
4.26 -6.16886e-05
4.28 4.77585e-06
4.3 -2.56035e-05
4.32 -7.11391e-05
4.34 1.21059e-06
4.36 0.000106238
4.38 7.2101e-05
4.4 -5.35671e-05
4.42 -8.86557e-05
4.44 -3.76755e-06
4.46 6.56439e-05
4.48 4.75806e-05
4.5 -1.62469e-05
4.52 -6.76339e-05
4.54 -5.6919e-05
4.56 -3.35624e-07
4.58 2.18117e-05
4.6 -1.86688e-05
4.62 -5.75041e-05
4.64 -1.76462e-05
4.66 6.89995e-05
4.68 8.5228e-05
4.7 2.14275e-05
4.72 -2.93586e-07
4.74 6.94538e-05
4.76 0.000132163
4.78 8.50721e-05
4.8 -3.01345e-05
4.82 -5.74738e-05
4.84 4.43243e-05
4.86 0.000115611
4.88 4.37664e-05
4.9 -5.89717e-05
4.92 -4.56075e-05
4.94 3.38343e-05
4.96 3.6379e-05
4.98 -4.66235e-05
5 -0.000106538
5.02 -9.00105e-05
5.04 -6.09852e-05
5.06 -7.17133e-05
5.08 -5.25125e-05
5.1 3.12081e-05
5.12 6.70482e-05
5.14 2.70643e-06
5.16 -4.93077e-05
5.18 5.74608e-07
5.2 8.43879e-05
5.22 9.17133e-05
5.24 1.53401e-05
5.26 -7.1138e-05
5.28 -8.01117e-05
5.3 3.22494e-06
5.32 7.90007e-05
5.34 6.52261e-05
5.36 4.04794e-06
5.38 -1.35634e-05
5.4 2.43815e-05
5.42 4.87102e-05
5.44 3.25364e-05
5.46 2.4068e-05
5.48 4.57028e-05
5.5 6.1152e-05
5.52 4.5689e-05
5.54 2.04441e-05
5.56 1.08668e-05
5.58 1.39609e-05
5.6 1.37534e-05
5.62 3.82572e-06
5.64 6.804e-07
5.66 1.71264e-05
5.68 2.35058e-05
5.7 -2.70916e-07
5.72 -1.90552e-05
5.74 -6.48372e-06
5.76 1.08975e-05
5.78 -1.77364e-06
5.8 -3.16177e-05
5.82 -3.05651e-05
5.84 2.53162e-06
5.86 9.02375e-06
5.88 -3.00035e-05
5.9 -6.25441e-05
5.92 -4.12694e-05
5.94 2.02883e-05
5.96 5.50438e-05
5.98 3.23676e-05
6 1.1625e-05
6.02 3.64795e-05
6.04 6.68421e-05
6.06 6.53027e-05
6.08 4.1281e-05
6.1 1.86518e-05
6.12 2.62392e-05
6.14 6.1212e-05
6.16 7.45906e-05
6.18 2.55647e-05
6.2 -5.64942e-05
6.22 -8.13405e-05
6.24 -3.58558e-05
6.26 -2.10539e-05
6.28 -8.05552e-05
6.3 -0.000119769
6.32 -5.84905e-05
6.34 2.43095e-05
6.36 1.03058e-05
6.38 -6.32218e-05
6.4 -7.17017e-05
6.42 -1.31119e-06
6.44 4.37828e-05
6.46 2.81829e-06
6.48 -6.59955e-05
6.5 -8.40153e-05
6.52 -5.42793e-05
6.54 -4.47478e-05
6.56 -7.56702e-05
6.58 -7.55543e-05
6.6 -2.45565e-05
6.62 -4.5599e-06
6.64 -3.33148e-05
6.66 -2.63374e-05
6.68 3.77758e-05
6.7 6.86142e-05
6.72 5.37166e-06
6.74 -8.58615e-05
6.76 -9.05073e-05
6.78 -5.0678e-06
6.8 5.03024e-05
6.82 3.00814e-06
6.84 -6.4389e-05
6.86 -3.97255e-05
6.88 3.92803e-05
6.9 4.40014e-05
6.92 -4.17965e-05
6.94 -9.65581e-05
6.96 -4.03423e-05
6.98 5.00564e-05
7 5.4725e-05
7.02 -2.02588e-05
7.04 -5.81784e-05
7.06 -3.02179e-06
7.08 6.04788e-05
7.1 4.4641e-05
7.12 -8.9727e-06
7.14 -1.07064e-05
7.16 4.01571e-05
7.18 6.79549e-05
7.2 3.89998e-05
7.22 6.64479e-06
7.24 2.40964e-05
7.26 5.70916e-05
7.28 3.32383e-05
7.3 -2.85871e-05
7.32 -3.18414e-05
7.34 3.613e-05
7.36 7.36835e-05
7.38 2.56006e-05
7.4 -3.08301e-05
7.42 -1.38456e-05
7.44 3.85524e-05
7.46 3.8088e-05
7.48 -2.06665e-05
7.5 -5.31945e-05
7.52 -1.31766e-05
7.54 2.96798e-05
7.56 2.4042e-06
7.58 -4.71178e-05
7.6 -2.7144e-05
7.62 4.65468e-05
7.64 7.33385e-05
7.66 3.10927e-05
7.68 2.39504e-07
7.7 2.24097e-05
7.72 4.56137e-05
7.74 2.30057e-05
7.76 -3.87627e-06
7.78 2.08138e-05
7.8 6.23666e-05
7.82 5.40922e-05
7.84 1.9312e-06
7.86 -3.47874e-05
7.88 -2.1287e-05
7.9 1.34795e-05
7.92 1.40107e-05
7.94 -1.9797e-05
7.96 -3.27393e-05
7.98 -6.298e-06
8 1.59108e-05
8.02 5.92461e-06
8.04 -8.4546e-06
8.06 8.02015e-07
8.08 1.80165e-05
8.1 1.72884e-05
8.12 3.33007e-06
8.14 -1.67524e-06
8.16 8.0449e-06
8.18 2.03753e-05
8.2 2.72255e-05
8.22 2.56652e-05
8.24 1.56868e-06
8.26 -3.66352e-05
8.28 -3.84916e-05
8.3 6.02699e-06
8.32 3.87553e-05
8.34 2.26722e-05
8.36 -1.27465e-05
8.38 -1.82102e-05
8.4 1.26837e-05
8.42 3.68725e-05
8.44 1.78155e-05
8.46 -3.05325e-05
8.48 -5.05731e-05
8.5 -9.92037e-06
8.52 3.81991e-05
8.54 2.77475e-05
8.56 -1.41883e-05
8.58 -1.2478e-05
8.6 3.91641e-05
8.62 6.90341e-05
8.64 2.83766e-05
8.66 -2.38471e-05
8.68 3.68329e-07
8.7 6.88555e-05
8.72 7.61839e-05
8.74 1.20042e-05
8.76 -2.86976e-05
8.78 7.01392e-06
8.8 5.32872e-05
8.82 2.82611e-05
8.84 -4.16009e-05
8.86 -6.84383e-05
8.88 -2.54741e-05
8.9 2.82795e-05
8.92 2.09316e-05
8.94 -2.59971e-05
8.96 -2.9075e-05
8.98 1.15149e-05
9 2.36415e-05
9.02 -1.19136e-05
9.04 -4.31287e-05
9.06 -2.45311e-05
9.08 2.24888e-05
9.1 2.90524e-05
9.12 -2.25758e-05
9.14 -5.77001e-05
9.16 -2.65561e-05
9.18 9.81018e-06
9.2 -1.44932e-05
9.22 -6.25345e-05
9.24 -5.83198e-05
9.26 -4.90903e-06
9.28 2.25574e-05
9.3 -4.27229e-06
9.32 -2.75841e-05
9.34 -1.20047e-06
9.36 3.99552e-05
9.38 3.39277e-05
9.4 -1.59638e-05
9.42 -3.93758e-05
9.44 1.82013e-07
9.46 4.52872e-05
9.48 2.236e-05
9.5 -4.40634e-05
9.52 -5.78698e-05
9.54 -5.81005e-07
9.56 3.35068e-05
9.58 -9.22523e-07
9.6 -2.15052e-05
9.62 1.90646e-05
9.64 4.04906e-05
9.66 -1.38606e-05
9.68 -7.12195e-05
9.7 -5.21038e-05
9.72 8.7347e-06
9.74 3.23375e-05
9.76 -8.12854e-06
9.78 -6.91268e-05
9.8 -6.93378e-05
9.82 -4.83808e-06
9.84 3.07827e-05
9.86 2.65332e-06
9.88 -2.07025e-05
9.9 7.64231e-06
9.92 4.42394e-05
9.94 2.36692e-05
9.96 -3.16392e-05
9.98 -3.23715e-05
10 3.24907e-05
10.02 6.91831e-05
10.04 2.62492e-05
10.06 -2.67519e-05
10.08 -1.59318e-05
10.1 2.45872e-05
10.12 1.8897e-05
10.14 -3.3642e-05
10.16 -5.9677e-05
10.18 -1.94875e-05
10.2 2.69033e-05
10.22 7.58377e-06
10.24 -4.79694e-05
10.26 -5.59091e-05
10.28 -6.49934e-06
10.3 2.81141e-05
10.32 7.07248e-06
10.34 -2.56304e-05
10.36 -1.53811e-05
10.38 2.21657e-05
10.4 2.96441e-05
10.42 6.51323e-07
10.44 -1.20653e-05
10.46 1.36602e-05
10.48 3.64609e-05
10.5 2.37272e-05
10.52 9.09431e-07
10.54 2.16377e-06
10.56 1.07018e-05
10.58 -7.93427e-07
10.6 -1.14269e-05
10.62 3.0409e-06
10.64 2.07956e-05
10.66 1.51029e-05
10.68 -4.95843e-06
10.7 -1.68568e-05
10.72 -1.20632e-05
10.74 1.7048e-07
10.76 8.8657e-07
10.78 -9.58481e-06
10.8 -5.63859e-06
10.82 1.63049e-05
10.84 2.627e-05
10.86 7.67024e-06
10.88 -2.09126e-05
10.9 -2.62976e-05
10.92 -1.63293e-06
10.94 1.76003e-05
10.96 4.18002e-06
10.98 -1.84724e-05
11 -1.63991e-05
11.02 1.72346e-06
11.04 4.0868e-06
11.06 -1.10435e-05
11.08 -1.60979e-05
11.1 -3.56682e-07
11.12 1.74433e-05
11.14 1.97389e-05
11.16 1.12957e-05
11.18 8.15925e-06
11.2 1.5091e-05
11.22 2.18709e-05
11.24 1.56027e-05
11.26 -4.00295e-06
11.28 -1.78328e-05
11.3 -1.12774e-05
11.32 1.95506e-06
11.34 -2.18078e-07
11.36 -1.66367e-05
11.38 -2.57277e-05
11.4 -1.21758e-05
11.42 1.19344e-05
11.44 1.66454e-05
11.46 -3.79759e-06
11.48 -1.83995e-05
11.5 -6.31976e-06
11.52 1.22123e-05
11.54 1.08805e-05
11.56 -2.30312e-06
11.58 -1.22345e-06
11.6 1.68377e-05
11.62 2.85361e-05
11.64 1.99971e-05
11.66 5.85663e-06
11.68 5.66801e-06
11.7 1.45419e-05
11.72 1.38375e-05
11.74 2.35187e-06
11.76 -6.0796e-06
11.78 -7.57644e-06
11.8 -1.07737e-05
11.82 -1.98011e-05
11.84 -2.5657e-05
11.86 -2.00334e-05
11.88 -1.08213e-05
11.9 -6.99693e-06
11.92 -1.51006e-06
11.94 9.83297e-06
11.96 1.52172e-05
11.98 7.35971e-06
12 -3.41568e-06
12.02 -3.05742e-06
12.04 7.48176e-06
12.06 1.25819e-05
12.08 4.88849e-06
12.1 -4.36875e-06
12.12 -4.78852e-06
12.14 2.74216e-06
12.16 1.20433e-05
12.18 1.3905e-05
12.2 5.30156e-06
12.22 -3.95826e-06
12.24 -6.22042e-06
12.26 -6.56088e-06
12.28 -1.16297e-05
12.3 -1.91463e-05
12.32 -2.20849e-05
12.34 -1.85225e-05
12.36 -1.32529e-05
12.38 -9.61478e-06
12.4 -5.64558e-06
12.42 2.84178e-07
12.44 5.80341e-06
12.46 7.34018e-06
12.48 5.67264e-06
12.5 6.63937e-06
12.52 1.19319e-05
12.54 1.45888e-05
12.56 1.00515e-05
12.58 5.51525e-06
12.6 9.2862e-06
12.62 1.69923e-05
12.64 1.70131e-05
12.66 5.32129e-06
12.68 -7.07674e-06
12.7 -6.97344e-06
12.72 9.13254e-07
12.74 1.01694e-06
12.76 -9.14727e-06
12.78 -1.66299e-05
12.8 -1.08741e-05
12.82 4.8239e-06
12.84 1.49903e-05
12.86 7.73123e-06
12.88 -7.37152e-06
12.9 -9.31565e-06
12.92 5.08695e-06
12.94 1.5204e-05
12.96 5.93385e-06
12.98 -8.78549e-06
13 -7.33411e-06
13.02 5.7375e-06
13.04 8.45726e-06
13.06 -2.178e-06
13.08 -6.64377e-06
13.1 3.8646e-06
13.12 1.43057e-05
13.14 1.05897e-05
13.16 -5.25346e-07
13.18 -4.4375e-06
13.2 6.82899e-07
13.22 5.87422e-06
13.24 5.62433e-06
13.26 2.76163e-06
13.28 3.3396e-07
13.3 -3.72401e-06
13.32 -8.72748e-06
13.34 -8.75539e-06
13.36 -2.05483e-06
13.38 5.49561e-06
13.4 6.25952e-06
13.42 -4.16707e-07
13.44 -4.77543e-06
13.46 -6.46348e-07
13.48 2.71681e-06
13.5 -2.92495e-06
13.52 -8.70075e-06
13.54 -4.21035e-06
13.56 3.54915e-06
13.58 1.43456e-06
13.6 -8.67778e-06
13.62 -1.23916e-05
13.64 -4.10848e-06
13.66 4.4441e-06
13.68 9.42815e-07
13.7 -9.57092e-06
13.72 -1.18289e-05
13.74 -2.26234e-06
13.76 7.32013e-06
13.78 7.63078e-06
13.8 3.25201e-06
13.82 3.09109e-06
13.84 6.89265e-06
13.86 6.47856e-06
13.88 -1.52685e-06
13.9 -8.60601e-06
13.92 -5.70977e-06
13.94 2.76295e-06
13.96 5.70345e-06
13.98 1.08556e-06
14 -2.83758e-06
14.02 1.93463e-06
14.04 1.37335e-05
14.06 2.08959e-05
14.08 1.6524e-05
14.1 7.95054e-06
14.12 1.87401e-06
14.14 -3.76381e-06
14.16 -7.20048e-06
14.18 -3.29388e-06
14.2 2.38062e-06
14.22 -2.12839e-06
14.24 -1.48567e-05
14.26 -1.92809e-05
14.28 -8.54436e-06
14.3 3.12746e-06
14.32 -1.01038e-07
14.34 -1.40535e-05
14.36 -1.98439e-05
14.38 -9.49477e-06
14.4 1.66642e-06
14.42 -3.30396e-06
14.44 -1.69864e-05
14.46 -1.76345e-05
14.48 -2.40669e-06
14.5 8.72037e-06
14.52 4.37298e-06
14.54 -3.18575e-06
14.56 1.63943e-07
14.58 8.03729e-06
14.6 5.82477e-06
14.62 -2.22125e-06
14.64 1.23869e-06
14.66 1.53813e-05
14.68 1.87889e-05
14.7 -6.06538e-07
14.72 -2.49902e-05
14.74 -2.51265e-05
14.76 -1.76126e-06
14.78 1.20024e-05
14.8 -3.92638e-06
14.82 -2.724e-05
14.84 -2.25884e-05
14.86 5.34394e-06
14.88 1.42523e-05
14.9 -1.01415e-05
14.92 -2.61208e-05
14.94 -3.08257e-06
14.96 2.49978e-05
14.98 1.49946e-05
15 -1.57263e-05
15.02 -1.93199e-05
15.04 6.36269e-06
15.06 1.74172e-05
15.08 -4.15448e-06
15.1 -2.40451e-05
15.12 -1.04712e-05
15.14 1.95658e-05
15.16 2.61306e-05
15.18 3.51971e-06
15.2 -1.25203e-05
15.22 7.7488e-07
15.24 1.83435e-05
15.26 8.26687e-06
15.28 -1.75406e-05
15.3 -2.39875e-05
15.32 -6.35746e-06
15.34 6.45288e-06
15.36 -2.47438e-06
15.38 -1.47074e-05
15.4 -7.44647e-06
15.42 1.13115e-05
15.44 1.5641e-05
15.46 2.7205e-07
15.48 -1.32892e-05
15.5 -8.29169e-06
15.52 6.51608e-06
15.54 1.11253e-05
15.56 1.99745e-06
15.58 -3.11808e-06
15.6 6.78465e-06
15.62 1.72553e-05
15.64 1.06461e-05
15.66 -6.25127e-06
15.68 -1.10647e-05
15.7 2.51725e-06
15.72 1.5767e-05
15.74 1.26896e-05
15.76 1.93101e-06
15.78 6.7168e-07
15.8 9.45993e-06
15.82 1.33322e-05
15.84 3.91031e-06
15.86 -7.61414e-06
15.88 -5.85394e-06
15.9 5.78934e-06
15.92 1.04185e-05
15.94 3.75123e-06
15.96 -8.42813e-08
15.98 7.72495e-06
16 1.58941e-05
16.02 1.20791e-05
16.04 2.22963e-06
16.06 -4.22713e-07
16.08 5.81788e-06
16.1 1.0464e-05
16.12 4.96452e-06
16.14 -5.47704e-06
16.16 -7.33949e-06
16.18 3.38434e-06
16.2 1.38302e-05
16.22 1.06441e-05
16.24 -8.29829e-07
16.26 -6.25e-06
16.28 -3.16325e-06
16.3 2.09244e-06
16.32 5.76453e-06
16.34 5.54318e-06
16.36 2.99525e-07
16.38 -5.06437e-06
16.4 -4.18592e-06
16.42 1.52735e-09
16.44 -1.16022e-06
16.46 -7.99596e-06
16.48 -1.24331e-05
16.5 -1.22373e-05
16.52 -1.46657e-05
16.54 -2.214e-05
16.56 -2.47617e-05
16.58 -1.57508e-05
16.6 -5.36827e-06
16.62 -7.18202e-06
16.64 -1.75417e-05
16.66 -2.06627e-05
16.68 -5.77903e-06
16.7 2.21877e-05
16.72 4.04056e-05
16.74 3.66026e-05
16.76 3.16145e-05
16.78 4.3941e-05
16.8 5.86316e-05
16.82 5.49713e-05
16.84 3.37244e-05
16.86 3.0341e-06
16.88 -1.79506e-05
16.9 -3.38419e-06
16.92 2.38534e-05
16.94 1.22494e-05
16.96 -2.74738e-05
16.98 -3.68318e-05
17 -5.849e-06
17.02 1.45816e-05
17.04 -6.73e-06
17.06 -3.80424e-05
17.08 -3.58341e-05
17.1 -1.10462e-05
17.12 -1.18208e-05
17.14 -4.47771e-05
17.16 -5.87637e-05
17.18 -2.5285e-05
17.2 7.62898e-06
17.22 -1.25026e-05
17.24 -5.10771e-05
17.26 -4.10799e-05
17.28 2.76524e-06
17.3 1.15903e-05
17.32 -2.19435e-05
17.34 -3.49313e-05
17.36 4.986e-06
17.38 5.09723e-05
17.4 4.91448e-05
17.42 1.89791e-05
17.44 2.02817e-05
17.46 5.72683e-05
17.48 7.05304e-05
17.5 3.35971e-05
17.52 -3.37696e-07
17.54 1.59454e-05
17.56 4.21334e-05
17.58 1.83587e-05
17.6 -3.06535e-05
17.62 -3.92189e-05
17.64 -7.96001e-06
17.66 5.15266e-06
17.68 -2.18253e-05
17.7 -4.75656e-05
17.72 -3.75647e-05
17.74 -1.49803e-05
17.76 -1.71919e-05
17.78 -3.66696e-05
17.8 -3.89337e-05
17.82 -1.82996e-05
17.84 3.22636e-07
17.86 1.50562e-06
17.88 -6.18023e-06
17.9 -6.50591e-06
17.92 4.51724e-06
17.94 1.57027e-05
17.96 1.88458e-05
17.98 1.94499e-05
18 2.31837e-05
18.02 2.51798e-05
18.04 2.06069e-05
18.06 1.4573e-05
18.08 1.06548e-05
18.1 1.34781e-06
18.12 -1.33177e-05
18.14 -1.77607e-05
18.16 -7.96232e-06
18.18 -1.31391e-06
18.2 -1.03879e-05
18.22 -2.72165e-05
18.24 -3.76665e-05
18.26 -3.96928e-05
18.28 -4.07753e-05
18.3 -4.22577e-05
18.32 -3.2778e-05
18.34 -1.64457e-06
18.36 3.26428e-05
18.38 3.63272e-05
18.4 1.89036e-05
18.42 2.26076e-05
18.44 5.25706e-05
18.46 7.17467e-05
18.48 5.0854e-05
18.5 2.61915e-06
18.52 -2.07231e-05
18.54 8.49103e-06
18.56 4.09682e-05
18.58 2.07681e-05
18.6 -2.74826e-05
18.62 -4.00524e-05
18.64 -8.3304e-06
18.66 1.36249e-05
18.68 -9.89294e-06
18.7 -4.60323e-05
18.72 -4.55373e-05
18.74 -1.67452e-05
18.76 -1.05397e-05
18.78 -4.11441e-05
18.8 -5.71243e-05
18.82 -1.23032e-05
18.84 4.96823e-05
18.86 5.09374e-05
18.88 9.46034e-06
18.9 8.07993e-06
18.92 5.61624e-05
18.94 8.3717e-05
18.96 5.50503e-05
18.98 1.57714e-05
19 1.52165e-05
19.02 3.59461e-05
19.04 3.3138e-05
19.06 6.26241e-07
19.08 -2.63873e-05
19.1 -1.82424e-05
19.12 6.3861e-06
19.14 3.14594e-06
19.16 -2.90829e-05
19.18 -4.2858e-05
19.2 -2.06979e-05
19.22 -6.55704e-06
19.24 -3.20209e-05
19.26 -5.89884e-05
19.28 -3.85797e-05
19.3 4.36115e-06
19.32 9.69414e-06
19.34 -2.18432e-05
19.36 -3.70721e-05
19.38 -1.38237e-05
19.4 1.20995e-05
19.42 4.94812e-06
19.44 -1.56311e-05
19.46 -5.18608e-06
19.48 3.20781e-05
19.5 4.59895e-05
19.52 1.84632e-05
19.54 -8.24072e-06
19.56 4.78647e-06
19.58 3.50211e-05
19.6 3.02149e-05
19.62 -9.02941e-06
19.64 -1.95827e-05
19.66 2.05494e-05
19.68 4.27261e-05
19.7 -5.44131e-07
19.72 -5.13047e-05
19.74 -3.70475e-05
19.76 1.76614e-05
19.78 3.07283e-05
19.8 -1.79156e-05
19.82 -5.79917e-05
19.84 -3.15609e-05
19.86 2.23023e-05
19.88 3.24198e-05
19.9 -2.0127e-07
19.92 -1.59824e-05
19.94 1.24248e-05
19.96 4.25354e-05
19.98 2.67324e-05
20 -1.17249e-05
20.02 -1.34948e-05
20.04 2.35927e-05
20.06 4.33624e-05
20.08 1.41579e-05
20.1 -3.39716e-05
20.12 -5.07909e-05
20.14 -2.50465e-05
20.16 8.75407e-06
20.18 1.84256e-05
20.2 4.96048e-07
20.22 -2.4762e-05
20.24 -2.78816e-05
20.26 -4.455e-06
20.28 1.07907e-05
20.3 -7.91638e-06
20.32 -2.81139e-05
20.34 -9.12514e-06
20.36 2.08066e-05
20.38 1.47912e-05
20.4 -8.02664e-06
20.42 -1.32389e-06
20.44 3.12512e-05
20.46 4.66351e-05
20.48 2.7118e-05
20.5 -1.88968e-06
20.52 -9.28863e-06
20.54 1.49773e-06
20.56 -1.31359e-07
20.58 -6.98653e-06
20.6 1.02055e-05
20.62 1.95541e-05
20.64 -1.62192e-05
20.66 -5.50638e-05
20.68 -5.01986e-05
20.7 -1.36437e-05
20.72 2.0285e-05
20.74 1.71655e-05
20.76 -2.25101e-05
20.78 -3.95396e-05
20.8 -4.21502e-06
20.82 2.3776e-05
20.84 -4.8229e-06
20.86 -4.06639e-05
20.88 -1.35071e-05
20.9 4.88185e-05
20.92 5.96626e-05
20.94 1.27567e-05
20.96 -1.18172e-05
20.98 2.55253e-05
21 6.23178e-05
21.02 2.69093e-05
21.04 -3.81418e-05
21.06 -3.38252e-05
21.08 3.27303e-05
21.1 5.69695e-05
21.12 -2.09048e-06
21.14 -6.1176e-05
21.16 -3.45563e-05
21.18 3.66964e-05
21.2 4.06769e-05
21.22 -3.34382e-05
21.24 -7.74093e-05
21.26 -3.27388e-05
21.28 2.4502e-05
21.3 7.39981e-06
21.32 -4.85582e-05
21.34 -4.15184e-05
21.36 3.42846e-05
21.38 7.26123e-05
21.4 2.77239e-05
21.42 -2.02422e-05
21.44 -1.07718e-05
21.46 2.57008e-05
21.48 3.97481e-05
21.5 1.18845e-05
21.52 -2.94632e-05
21.54 -3.59279e-05
21.56 -1.38829e-05
21.58 -1.2016e-05
21.6 -3.26728e-05
21.62 -3.04565e-05
21.64 -4.8808e-08
21.66 1.19828e-05
21.68 -1.12111e-05
21.7 -2.60548e-05
21.72 2.57662e-06
21.74 3.88091e-05
21.76 2.33122e-05
21.78 -3.00074e-05
21.8 -4.35497e-05
21.82 3.94551e-06
21.84 3.76088e-05
21.86 4.00609e-06
21.88 -4.29606e-05
21.9 -2.89485e-05
21.92 2.57158e-05
21.94 4.22288e-05
21.96 3.18352e-06
21.98 -2.60819e-05
22 8.15134e-07
22.02 4.30791e-05
22.04 3.92485e-05
22.06 -2.40508e-06
22.08 -2.58699e-05
22.1 -9.54911e-06
22.12 1.19417e-05
22.14 2.73158e-06
22.16 -2.17475e-05
22.18 -2.14364e-05
22.2 3.07485e-06
22.22 1.37711e-05
22.24 -2.44358e-06
22.26 -1.72574e-05
22.28 -7.48088e-06
22.3 1.19812e-05
22.32 1.37204e-05
22.34 6.83818e-07
22.36 -1.48736e-06
22.38 1.33934e-05
22.4 2.45997e-05
22.42 1.75729e-05
22.44 4.03777e-06
22.46 3.42414e-06
22.48 1.53071e-05
22.5 1.89879e-05
22.52 3.48257e-06
22.54 -1.32367e-05
22.56 -1.02839e-05
22.58 4.3606e-06
22.6 7.27312e-06
22.62 -5.3344e-06
22.64 -1.42406e-05
22.66 -7.19242e-06
22.68 3.38563e-06
22.7 2.19173e-07
22.72 -1.2093e-05
22.74 -1.46259e-05
22.76 -4.64734e-06
22.78 1.74016e-07
22.8 -8.64992e-06
22.82 -1.59334e-05
22.84 -7.00345e-06
22.86 7.83912e-06
22.88 8.60312e-06
22.9 -3.50769e-06
22.92 -8.8386e-06
22.94 1.22878e-06
22.96 1.279e-05
22.98 1.0718e-05
23 -5.38495e-08
23.02 -4.06571e-06
23.04 1.41563e-06
23.06 4.22956e-06
23.08 -3.1272e-06
23.1 -1.16631e-05
23.12 -8.72317e-06
23.14 1.98846e-06
23.16 4.13095e-06
23.18 -5.61973e-06
23.2 -1.03804e-05
23.22 6.11409e-07
23.24 1.35886e-05
23.26 1.16225e-05
23.28 1.31279e-06
23.3 4.57298e-07
23.32 9.12153e-06
23.34 1.15847e-05
23.36 2.24965e-06
23.38 -6.97242e-06
23.4 -7.31189e-06
23.42 -5.60167e-06
23.44 -8.88845e-06
23.46 -1.11972e-05
23.48 -5.30529e-06
23.5 2.04156e-06
23.52 -3.20661e-07
23.54 -8.22172e-06
23.56 -7.39835e-06
23.58 3.94127e-06
23.6 1.17169e-05
23.62 6.68595e-06
23.64 -2.1098e-06
23.66 -1.59147e-06
23.68 6.66205e-06
23.7 1.15021e-05
23.72 7.89845e-06
23.74 1.07872e-06
23.76 -1.0761e-06
23.78 2.04422e-06
23.8 3.94217e-06
23.82 1.65848e-06
23.84 -1.05927e-06
23.86 -2.08893e-06
23.88 -3.55422e-06
23.9 -5.34454e-06
23.92 -3.63365e-06
23.94 7.05981e-07
23.96 -1.30039e-07
23.98 -7.17074e-06
24 -9.74916e-06
24.02 -5.66054e-07
24.04 1.31686e-05
24.06 1.59321e-05
24.08 4.27171e-06
24.1 -6.13207e-06
24.12 -4.01451e-06
24.14 2.92687e-06
24.16 4.46835e-06
24.18 1.00242e-06
24.2 -3.24572e-06
24.22 -5.37567e-06
24.24 -3.71338e-06
24.26 2.54723e-07
24.28 3.93947e-06
24.3 5.54294e-06
24.32 3.30559e-06
24.34 -2.88934e-06
24.36 -8.89915e-06
24.38 -8.92509e-06
24.4 -3.65424e-06
24.42 1.21874e-07
24.44 -1.77409e-08
24.46 4.6032e-08
24.48 1.69281e-06
24.5 1.18444e-06
24.52 -2.04113e-06
24.54 -3.62899e-06
24.56 -1.05288e-06
24.58 3.23158e-06
24.6 4.60721e-06
24.62 1.91597e-06
24.64 7.55332e-09
24.66 3.10122e-06
24.68 7.12445e-06
24.7 4.41888e-06
24.72 -4.02574e-06
24.74 -7.58264e-06
24.76 -1.29436e-06
24.78 6.56176e-06
24.8 7.19395e-06
24.82 2.58175e-06
24.84 1.2299e-06
24.86 5.97042e-06
24.88 9.4367e-06
24.9 5.63215e-06
24.92 4.85668e-07
24.94 2.22563e-06
24.96 7.7116e-06
24.98 8.04648e-06
25 2.63992e-06
25.02 -5.19384e-07
25.04 2.79797e-06
25.06 7.13855e-06
25.08 5.62106e-06
25.1 -1.92192e-07
25.12 -2.08538e-06
25.14 3.04585e-06
25.16 7.62723e-06
25.18 4.40942e-06
25.2 -2.34842e-06
25.22 -3.93512e-06
25.24 -2.17261e-07
25.26 1.03953e-06
25.28 -4.05059e-06
25.3 -9.97171e-06
25.32 -1.00399e-05
25.34 -4.58381e-06
25.36 9.14612e-07
25.38 1.56476e-06
25.4 -2.2361e-06
25.42 -4.68408e-06
25.44 -2.11154e-06
25.46 1.32271e-06
25.48 -1.09721e-07
25.5 -4.67055e-06
25.52 -5.24288e-06
25.54 -1.47104e-07
25.56 4.05687e-06
25.58 2.71787e-06
25.6 -1.77865e-07
25.62 1.40098e-06
25.64 6.02037e-06
25.66 6.89678e-06
25.68 2.17774e-06
25.7 -2.25976e-06
25.72 -9.13032e-07
25.74 3.14994e-06
25.76 2.19406e-06
25.78 -3.73813e-06
25.8 -6.26479e-06
25.82 -2.19496e-06
25.84 2.04557e-06
25.86 1.33805e-06
25.88 -1.60327e-06
25.9 -2.46453e-06
25.92 -1.4887e-06
25.94 -1.28654e-06
25.96 -2.21587e-06
25.98 -2.94276e-06
26 -3.44863e-06
26.02 -4.52048e-06
26.04 -5.75512e-06
26.06 -5.41701e-06
26.08 -2.66357e-06
26.1 -2.83819e-07
26.12 -2.08936e-06
26.14 -6.26558e-06
26.16 -6.66136e-06
26.18 -2.10076e-06
26.2 1.61786e-06
26.22 3.32213e-07
26.24 -2.93278e-06
26.26 -2.69206e-06
26.28 1.17059e-06
26.3 3.00659e-06
26.32 9.69045e-08
26.34 -2.88568e-06
26.36 -1.83352e-06
26.38 3.63397e-07
26.4 -6.1667e-07
26.42 -3.61758e-06
26.44 -4.38969e-06
26.46 -1.93651e-06
26.48 1.16666e-06
26.5 2.43242e-06
26.52 1.07053e-06
26.54 -1.36401e-06
26.56 -1.84636e-06
26.58 1.06675e-06
26.6 5.31586e-06
26.62 6.82234e-06
26.64 4.06116e-06
26.66 3.65483e-07
26.68 -3.7446e-08
26.7 2.62957e-06
26.72 3.7216e-06
26.74 7.87831e-07
26.76 -2.50084e-06
26.78 -2.42163e-06
26.8 -3.97412e-07
26.82 -3.14045e-09
26.84 -2.28369e-06
26.86 -4.33698e-06
26.88 -3.58092e-06
26.9 -1.89372e-06
26.92 -1.67658e-06
26.94 -1.59513e-06
26.96 2.78372e-07
26.98 2.14302e-06
27 6.86149e-07
27.02 -2.3425e-06
27.04 -1.54237e-06
27.06 2.57831e-06
27.08 3.27723e-06
27.1 -1.4256e-06
27.12 -4.71776e-06
27.14 -1.199e-06
27.16 4.23944e-06
27.18 3.34273e-06
27.2 -2.96371e-06
27.22 -5.81412e-06
27.24 -1.58122e-06
27.26 2.947e-06
27.28 1.27302e-06
27.3 -3.22255e-06
27.32 -3.19045e-06
27.34 1.77805e-06
27.36 5.10824e-06
27.38 3.14772e-06
27.4 -1.68019e-07
27.42 2.7981e-08
27.44 3.33191e-06
27.46 5.35819e-06
27.48 3.20128e-06
27.5 -6.34599e-07
27.52 -2.01327e-06
27.54 -1.45172e-06
27.56 -2.21078e-06
27.58 -4.61599e-06
27.6 -5.89611e-06
27.62 -4.80609e-06
27.64 -3.8912e-06
27.66 -5.05934e-06
27.68 -6.08254e-06
27.7 -4.37564e-06
27.72 -8.32644e-07
27.74 2.04873e-06
27.76 3.53936e-06
27.78 4.48723e-06
27.8 5.22487e-06
27.82 5.4181e-06
27.84 5.08864e-06
27.86 4.40028e-06
27.88 2.99107e-06
27.9 1.04612e-06
27.92 -2.09866e-07
27.94 -2.7178e-07
27.96 3.0054e-07
27.98 7.10978e-07
28 1.61846e-07
28.02 -7.25164e-07
28.04 -5.3296e-07
28.06 2.88425e-08
28.08 -7.04497e-07
28.1 -2.43942e-06
28.12 -2.67472e-06
28.14 -1.70109e-07
28.16 1.60703e-06
28.18 -3.33284e-07
28.2 -2.12719e-06
28.22 6.4766e-07
28.24 5.15064e-06
28.26 6.39455e-06
28.28 4.95027e-06
28.3 4.93376e-06
28.32 7.33991e-06
28.34 8.47532e-06
28.36 2.62098e-06
28.38 -9.4654e-06
28.4 -1.53901e-05
28.42 -6.31694e-06
28.44 6.85902e-06
28.46 5.52083e-06
28.48 -8.5193e-06
28.5 -1.34556e-05
28.52 -7.49808e-07
28.54 1.21675e-05
28.56 8.99098e-06
28.58 -2.65252e-06
28.6 -5.53157e-06
28.62 1.07181e-06
28.64 4.34032e-06
28.66 7.91397e-07
28.68 -6.42618e-07
28.7 4.04489e-06
28.72 7.39733e-06
28.74 2.35414e-06
28.76 -6.84152e-06
28.78 -8.82187e-06
28.8 1.01838e-07
28.82 8.48998e-06
28.84 3.97938e-06
28.86 -6.95832e-06
28.88 -7.04433e-06
28.9 4.70988e-06
28.92 1.16107e-05
28.94 5.64101e-06
28.96 -1.98011e-06
28.98 -3.54531e-07
29 4.66406e-06
29.02 2.62187e-06
29.04 -2.55388e-06
29.06 -1.28044e-07
29.08 7.06556e-06
29.1 6.51725e-06
29.12 -2.83938e-06
29.14 -8.44818e-06
29.16 -3.60797e-06
29.18 2.80734e-06
29.2 7.43335e-07
29.22 -5.81298e-06
29.24 -6.62071e-06
29.26 -1.50915e-06
29.28 1.4715e-06
29.3 -6.27532e-07
29.32 -3.33045e-06
29.34 -2.93979e-06
29.36 -6.98473e-07
29.38 8.51947e-07
29.4 1.45172e-06
29.42 1.64614e-06
29.44 1.17933e-06
29.46 2.55947e-07
29.48 8.594e-08
29.5 9.2642e-07
29.52 1.37244e-06
29.54 9.84082e-08
29.56 -2.9703e-06
29.58 -5.71478e-06
29.6 -4.80029e-06
29.62 -5.79885e-07
29.64 1.2668e-06
29.66 -2.43158e-06
29.68 -6.35962e-06
29.7 -4.75053e-06
29.72 -3.97649e-07
29.74 1.89188e-07
29.76 -3.10713e-06
29.78 -3.97101e-06
29.8 -5.35734e-08
29.82 3.22315e-06
29.84 1.99514e-06
29.86 -2.63254e-07
29.88 7.99715e-07
29.9 3.7774e-06
29.92 4.78608e-06
29.94 3.41663e-06
29.96 2.09098e-06
29.98 1.6742e-06
30 3.37663e-07
30.02 -2.76084e-06
30.04 -5.05853e-06
30.06 -4.29358e-06
30.08 -2.66608e-06
30.1 -3.22438e-06
30.12 -4.23751e-06
30.14 -2.04308e-06
30.16 2.33559e-06
30.18 4.19479e-06
30.2 2.2478e-06
30.22 1.18831e-07
30.24 7.8443e-07
30.26 3.21178e-06
30.28 4.59628e-06
30.3 4.1448e-06
30.32 3.69935e-06
30.34 4.02118e-06
30.36 3.53904e-06
30.38 1.81629e-06
30.4 2.64276e-07
30.42 -3.35794e-07
30.44 -1.31704e-06
30.46 -4.07976e-06
30.48 -6.73187e-06
30.5 -5.84289e-06
30.52 -1.5978e-06
30.54 1.38942e-06
30.56 -6.88689e-09
30.58 -2.59364e-06
30.6 -1.41589e-06
30.62 2.86898e-06
30.64 5.33777e-06
30.66 4.06469e-06
30.68 2.1337e-06
30.7 2.78206e-06
30.72 4.84215e-06
30.74 3.93088e-06
30.76 -5.00482e-07
30.78 -2.74338e-06
30.8 3.97552e-08
30.82 2.63811e-06
30.84 7.8238e-07
30.86 -2.21995e-06
30.88 -1.39278e-06
30.9 2.89004e-06
30.92 5.95869e-06
30.94 4.72135e-06
30.96 1.24191e-06
30.98 -1.02554e-09
31 1.45962e-06
31.02 1.59969e-06
31.04 -9.76209e-07
31.06 -2.76929e-06
31.08 -1.94411e-06
31.1 -1.05824e-06
31.12 -1.49124e-06
31.14 -9.98398e-07
31.16 1.44267e-06
31.18 3.09518e-06
31.2 1.79183e-06
31.22 -4.4523e-07
31.24 -2.21496e-07
31.26 2.41475e-06
31.28 3.71222e-06
31.3 1.51301e-06
31.32 -1.07495e-06
31.34 -8.5708e-08
31.36 3.14152e-06
31.38 3.65538e-06
31.4 7.70435e-07
31.42 -3.89125e-07
31.44 2.25004e-06
31.46 3.9924e-06
31.48 1.68418e-06
31.5 -1.62245e-06
31.52 -2.26949e-06
31.54 -8.21084e-07
31.56 -2.18014e-07
31.58 -1.56905e-06
31.6 -2.85705e-06
31.62 -1.97919e-06
31.64 -3.3539e-07
31.66 -9.70357e-07
31.68 -3.436e-06
31.7 -4.3514e-06
31.72 -2.73472e-06
31.74 -1.06788e-06
31.76 -1.31637e-06
31.78 -2.40022e-06
31.8 -2.13652e-06
31.82 -7.33315e-07
31.84 -3.52417e-07
31.86 -9.21565e-07
31.88 -1.19232e-07
31.9 1.95095e-06
31.92 2.44748e-06
31.94 7.01376e-07
31.96 -2.16559e-07
31.98 1.68271e-06
32 3.70819e-06
32.02 2.37731e-06
32.04 -1.17957e-06
32.06 -2.73114e-06
32.08 -1.12599e-06
32.1 3.55064e-07
32.12 -9.36001e-07
32.14 -3.52499e-06
32.16 -4.02351e-06
32.18 -1.76614e-06
32.2 8.0601e-08
32.22 -1.04007e-06
32.24 -3.3026e-06
32.26 -3.31347e-06
32.28 -1.16883e-06
32.3 -1.35111e-07
32.32 -1.816e-06
32.34 -3.97406e-06
32.36 -3.68775e-06
32.38 -1.59362e-06
32.4 -1.10133e-06
32.42 -2.93858e-06
32.44 -3.9855e-06
32.46 -2.36898e-06
32.48 -1.00378e-07
32.5 -1.51123e-07
32.52 -2.49619e-06
32.54 -3.65248e-06
32.56 -1.2805e-06
32.58 1.77016e-06
32.6 1.26823e-06
32.62 -1.54629e-06
32.64 -1.49673e-06
32.66 2.31706e-06
32.68 4.83849e-06
32.7 2.74648e-06
32.72 -7.1083e-07
32.74 -1.0108e-06
32.76 6.20386e-07
32.78 -2.08595e-07
32.8 -3.1449e-06
32.82 -3.7566e-06
32.84 -7.57099e-07
32.86 2.25198e-06
32.88 2.34371e-06
32.9 1.53985e-06
32.92 2.8232e-06
32.94 4.73658e-06
32.96 3.99573e-06
32.98 1.19858e-06
33 -2.60956e-07
33.02 4.42556e-07
33.04 9.48655e-07
33.06 -8.71213e-08
33.08 -1.19998e-06
33.1 -9.84189e-07
33.12 -4.03749e-07
33.14 -7.95112e-07
33.16 -1.36509e-06
33.18 -9.30024e-07
33.2 6.47507e-08
33.22 7.51458e-07
33.24 7.72268e-07
33.26 2.94545e-07
33.28 -2.44957e-07
33.3 -9.30743e-07
33.32 -1.57962e-06
33.34 -7.87684e-07
33.36 1.74242e-06
33.38 3.35599e-06
33.4 1.72228e-06
33.42 -1.26287e-06
33.44 -1.50341e-06
33.46 1.41641e-06
33.48 2.96588e-06
33.5 2.32582e-07
33.52 -3.169e-06
33.54 -2.67728e-06
33.56 4.17672e-07
33.58 1.90814e-06
33.6 8.15678e-07
33.62 -4.88746e-07
33.64 -3.19687e-07
33.66 1.31783e-07
33.68 -1.06393e-06
33.7 -3.08284e-06
33.72 -3.08798e-06
33.74 -1.06998e-06
33.76 -1.95772e-07
33.78 -1.05452e-06
33.8 -5.03973e-07
33.82 2.3509e-06
33.84 4.0718e-06
33.86 2.71695e-06
33.88 1.03855e-06
33.9 1.94856e-06
33.92 4.19582e-06
33.94 4.41858e-06
33.96 2.24937e-06
33.98 1.10095e-06
34 2.85222e-06
34.02 4.44589e-06
34.04 2.72579e-06
34.06 -1.84591e-07
34.08 -6.3378e-07
34.1 5.85646e-07
34.12 6.15769e-07
34.14 -8.35857e-07
34.16 -1.92488e-06
34.18 -1.38715e-06
34.2 -3.81752e-08
34.22 3.93964e-07
34.24 -5.38139e-07
34.26 -1.56773e-06
34.28 -1.29849e-06
34.3 1.53075e-07
34.32 1.10391e-06
34.34 2.86074e-07
34.36 -9.65148e-07
34.38 1.22843e-07
34.4 3.3391e-06
34.42 4.9226e-06
34.44 3.27978e-06
34.46 1.43313e-06
34.48 2.02541e-06
34.5 3.12484e-06
34.52 1.54369e-06
34.54 -1.79261e-06
34.56 -3.11622e-06
34.58 -1.28077e-06
34.6 1.00746e-06
34.62 1.33273e-06
34.64 3.53132e-07
34.66 -1.15708e-07
34.68 1.889e-07
34.7 1.01257e-07
34.72 -9.27156e-07
34.74 -2.03673e-06
34.76 -2.29848e-06
34.78 -1.67749e-06
34.8 -6.95625e-07
34.82 -8.13155e-08
34.84 1.38085e-07
34.86 8.43464e-07
34.88 1.77622e-06
34.9 1.67551e-06
34.92 1.12719e-06
34.94 1.81566e-06
34.96 3.4045e-06
34.98 3.96522e-06
35 2.56426e-06
35.02 5.04037e-07
35.04 7.88583e-09
35.06 9.97114e-07
35.08 8.09257e-07
35.1 -1.48645e-06
35.12 -3.27086e-06
35.14 -2.85237e-06
35.16 -2.29243e-06
35.18 -3.33636e-06
35.2 -4.21075e-06
35.22 -2.59872e-06
35.24 3.65544e-07
35.26 1.29793e-06
35.28 -5.57679e-07
35.3 -2.04968e-06
35.32 -4.85891e-07
35.34 2.05985e-06
35.36 1.46735e-06
35.38 -1.458e-06
35.4 -1.68923e-06
35.42 1.86187e-06
35.44 4.51413e-06
35.46 2.79935e-06
35.48 -6.24491e-07
35.5 -9.84204e-07
35.52 1.17722e-06
35.54 1.11289e-06
35.56 -1.95669e-06
35.58 -4.03639e-06
35.6 -3.37569e-06
35.62 -2.47329e-06
35.64 -3.10519e-06
35.66 -3.67968e-06
35.68 -2.51089e-06
35.7 -9.50661e-07
35.72 -8.56726e-07
35.74 -1.62445e-06
35.76 -2.10075e-06
35.78 -1.55269e-06
35.8 9.33265e-07
35.82 3.51439e-06
35.84 2.13126e-06
35.86 -1.97883e-06
35.88 -2.81525e-06
35.9 5.12953e-08
35.92 9.74189e-07
35.94 -7.95422e-07
35.96 4.92808e-07
35.98 5.08123e-06
36 5.01479e-06
36.02 -1.33775e-06
36.04 -4.48061e-06
36.06 3.2775e-07
36.08 5.48214e-06
36.1 4.44655e-06
36.12 9.90643e-07
36.14 2.67149e-07
36.16 5.37972e-07
36.18 2.16387e-08
36.2 1.35839e-06
36.22 4.11733e-06
36.24 4.04243e-06
36.26 2.97955e-07
36.28 -3.84577e-06
36.3 -5.21893e-06
36.32 -3.96741e-06
36.34 -3.22544e-06
36.36 -3.96634e-06
36.38 -3.63917e-06
36.4 -1.16674e-06
36.42 1.64855e-06
36.44 2.80966e-06
36.46 1.04588e-06
36.48 -1.94487e-06
36.5 -1.00184e-07
36.52 8.29391e-06
36.54 1.38066e-05
36.56 8.40722e-06
36.58 -4.68576e-07
36.6 -1.1467e-07
36.62 7.31334e-06
36.64 7.55245e-06
36.66 -1.91274e-06
36.68 -7.07854e-06
36.7 -2.53039e-06
36.72 -2.6565e-07
36.74 -5.53825e-06
36.76 -6.20278e-06
36.78 3.13789e-06
36.8 7.19132e-06
36.82 -3.67091e-06
36.84 -1.30929e-05
36.86 -5.26626e-06
36.88 7.23991e-06
36.9 3.24188e-06
36.92 -1.24517e-05
36.94 -1.62626e-05
36.96 -2.07884e-06
36.98 1.24496e-05
37 1.12158e-05
37.02 -1.70097e-06
37.04 -6.94141e-06
37.06 5.20223e-06
37.08 1.86256e-05
37.1 1.26945e-05
37.12 -5.13692e-06
37.14 -9.81693e-06
37.16 2.1507e-06
37.18 8.90441e-06
37.2 -1.4299e-06
37.22 -1.47251e-05
37.24 -1.55932e-05
37.26 -6.82752e-06
37.28 1.09804e-06
37.3 2.64099e-06
37.32 -1.39112e-06
37.34 -5.65512e-06
37.36 -5.68362e-06
37.38 -2.80994e-06
37.4 -1.41461e-06
37.42 -2.10127e-06
37.44 -1.44272e-06
37.46 1.52053e-06
37.48 4.14288e-06
37.5 4.48168e-06
37.52 2.97502e-06
37.54 1.72302e-06
37.56 3.44034e-06
37.58 8.0018e-06
37.6 1.00351e-05
37.62 5.39584e-06
37.64 -1.95473e-06
37.66 -4.99613e-06
37.68 -1.67219e-06
37.7 3.86935e-06
37.72 4.72986e-06
37.74 -8.18715e-07
37.76 -5.35673e-06
37.78 -2.22105e-06
37.8 3.94944e-06
37.82 2.51023e-06
37.84 -7.91132e-06
37.86 -1.48069e-05
37.88 -8.76796e-06
37.9 1.32492e-06
37.92 2.22971e-06
37.94 -3.42137e-06
37.96 -4.44721e-06
37.98 5.52706e-07
38 3.81447e-06
38.02 1.65732e-06
38.04 -1.39187e-06
38.06 -3.51028e-07
38.08 2.86312e-06
38.1 2.86477e-06
38.12 -1.97338e-07
38.14 -1.63985e-06
38.16 2.47954e-07
38.18 3.01583e-06
38.2 4.00986e-06
38.22 3.79766e-06
38.24 4.07744e-06
38.26 3.42866e-06
38.28 -2.42031e-07
38.3 -4.85017e-06
38.32 -5.86097e-06
38.34 -2.2999e-06
38.36 1.19802e-06
38.38 -7.5496e-08
38.4 -3.67606e-06
38.42 -2.85117e-06
38.44 3.11282e-06
38.46 7.38311e-06
38.48 4.87723e-06
38.5 -1.09158e-06
38.52 -3.45933e-06
38.54 -1.00939e-06
38.56 8.45747e-07
38.58 -1.55712e-06
38.6 -5.48513e-06
38.62 -6.10952e-06
38.64 -3.06159e-06
38.66 -5.77098e-07
38.68 -1.14687e-06
38.7 -2.47795e-06
38.72 -1.63767e-06
38.74 1.02639e-06
38.76 2.9661e-06
38.78 2.80555e-06
38.8 1.71327e-06
38.82 1.31593e-06
38.84 1.15792e-06
38.86 -4.20134e-07
38.88 -2.96217e-06
38.9 -3.77497e-06
38.92 -2.35348e-06
38.94 -1.59071e-06
38.96 -2.68342e-06
38.98 -2.6992e-06
39 5.23413e-07
39.02 4.40669e-06
39.04 5.37697e-06
39.06 4.29377e-06
39.08 4.91776e-06
39.1 7.81347e-06
39.12 8.80157e-06
39.14 4.59005e-06
39.16 -1.84666e-06
39.18 -4.29592e-06
39.2 -1.51549e-06
39.22 1.16144e-06
39.24 -4.50512e-07
39.26 -3.58935e-06
39.28 -3.07065e-06
39.3 6.4684e-07
39.32 2.09897e-06
39.34 -7.21808e-07
39.36 -3.61294e-06
39.38 -3.05751e-06
39.4 -8.79732e-07
39.42 -2.76677e-07
39.44 -1.33767e-06
39.46 -2.08837e-06
39.48 -1.43001e-06
39.5 2.72219e-08
39.52 1.22449e-06
39.54 1.69514e-06
39.56 1.4499e-06
39.58 8.07036e-07
39.6 6.42137e-07
39.62 2.04e-06
39.64 4.51444e-06
39.66 5.73863e-06
39.68 4.54779e-06
39.7 2.89075e-06
39.72 2.92574e-06
39.74 3.30631e-06
39.76 1.48373e-06
39.78 -1.40968e-06
39.8 -2.21971e-06
39.82 -8.98557e-07
39.84 -9.01268e-08
39.86 -1.08241e-06
39.88 -2.40437e-06
39.9 -2.19927e-06
39.92 -7.72822e-07
39.94 3.07981e-07
39.96 4.7788e-07
39.98 7.09839e-08
40 -5.10828e-07
40.02 -7.0249e-07
40.04 -2.49432e-07
40.06 2.75187e-07
40.08 -7.03553e-08
40.1 -8.95748e-07
40.12 -2.45266e-07
40.14 1.85378e-06
40.16 2.54324e-06
40.18 9.78019e-07
40.2 -3.00209e-07
40.22 6.28609e-09
40.24 3.54202e-07
40.26 -6.44914e-07
40.28 -2.27427e-06
40.3 -2.7276e-06
40.32 -1.60793e-06
40.34 -5.73016e-07
40.36 -8.74613e-07
40.38 -1.62237e-06
40.4 -1.08425e-06
40.42 1.18469e-06
40.44 3.42408e-06
40.46 3.76336e-06
40.48 2.82557e-06
40.5 2.46374e-06
40.52 2.97091e-06
40.54 2.57055e-06
40.56 1.37802e-07
40.58 -1.74372e-06
40.6 -6.21085e-08
40.62 2.725e-06
40.64 1.61979e-06
40.66 -3.38128e-06
40.68 -6.8688e-06
40.7 -5.08795e-06
40.72 -1.27553e-06
40.74 -1.21368e-06
40.76 -4.95569e-06
40.78 -7.15903e-06
40.8 -4.74522e-06
40.82 -2.92161e-07
40.84 1.97827e-06
40.86 1.41459e-06
40.88 8.27701e-07
40.9 1.36805e-06
40.92 1.45625e-06
40.94 9.59887e-07
40.96 1.33723e-06
40.98 2.47321e-06
41 3.10244e-06
41.02 2.59946e-06
41.04 1.22032e-06
41.06 2.79775e-07
41.08 6.51137e-07
41.1 1.23108e-06
41.12 8.8316e-07
41.14 -5.97838e-08
41.16 -8.29009e-07
41.18 -1.37586e-06
41.2 -2.19727e-06
41.22 -3.19939e-06
41.24 -3.48711e-06
41.26 -2.61764e-06
41.28 -1.74035e-06
41.3 -2.16728e-06
41.32 -2.88375e-06
41.34 -2.0306e-06
41.36 -1.7873e-07
41.38 6.69043e-07
41.4 1.70208e-07
41.42 2.54332e-08
41.44 1.60986e-06
41.46 3.82597e-06
41.48 4.3563e-06
41.5 2.87861e-06
41.52 1.61291e-06
41.54 2.26983e-06
41.56 3.75375e-06
41.58 3.67441e-06
41.6 1.47173e-06
41.62 -6.77831e-07
41.64 -7.08189e-07
41.66 4.90911e-07
41.68 6.06844e-07
41.7 -7.78412e-07
41.72 -2.17565e-06
41.74 -2.76352e-06
41.76 -3.05985e-06
41.78 -3.35035e-06
41.8 -3.34307e-06
41.82 -2.70006e-06
41.84 -1.1556e-06
41.86 7.75829e-07
41.88 1.81438e-06
41.9 1.64128e-06
41.92 1.63803e-06
41.94 2.78201e-06
41.96 4.02433e-06
41.98 3.89671e-06
42 2.53164e-06
42.02 1.26289e-06
42.04 7.19991e-07
42.06 1.77492e-07
42.08 -8.7024e-07
42.1 -1.45736e-06
42.12 -6.13217e-07
42.14 8.14833e-07
42.16 1.20166e-06
42.18 2.41637e-07
42.2 -7.94502e-07
42.22 -6.9583e-07
42.24 1.06936e-08
42.26 -1.54966e-07
42.28 -1.45235e-06
42.3 -2.65012e-06
42.32 -2.81295e-06
42.34 -2.2565e-06
42.36 -1.47277e-06
42.38 -7.64894e-07
42.4 -4.03236e-07
42.42 9.44769e-08
42.44 1.01621e-06
42.46 1.51161e-06
42.48 1.13532e-06
42.5 5.77248e-07
42.52 7.27328e-07
42.54 1.5976e-06
42.56 2.18087e-06
42.58 1.77096e-06
42.6 9.771e-07
42.62 9.71282e-07
42.64 1.71099e-06
42.66 1.81402e-06
42.68 8.12483e-07
42.7 9.10182e-08
42.72 7.53833e-07
42.74 1.74423e-06
42.76 1.12538e-06
42.78 -8.88176e-07
42.8 -1.60223e-06
42.82 4.06526e-08
42.84 1.08397e-06
42.86 -8.77217e-07
42.88 -3.53044e-06
42.9 -3.38836e-06
42.92 -9.6989e-07
42.94 1.18991e-07
42.96 -1.72616e-06
42.98 -3.8561e-06
43 -3.00284e-06
43.02 1.57904e-07
43.04 1.94708e-06
43.06 8.46587e-07
43.08 -7.18782e-07
43.1 -1.1131e-07
43.12 2.02921e-06
43.14 2.90395e-06
43.16 1.70525e-06
43.18 6.62897e-07
43.2 1.2473e-06
43.22 1.95722e-06
43.24 1.0775e-06
43.26 -7.04172e-07
43.28 -1.50474e-06
43.3 -1.06605e-06
43.32 -1.09552e-06
43.34 -2.42103e-06
43.36 -3.65018e-06
43.38 -3.39125e-06
43.4 -2.2172e-06
43.42 -1.38977e-06
43.44 -9.05022e-07
43.46 -9.01554e-08
43.48 1.0597e-06
43.5 1.94031e-06
43.52 2.17363e-06
43.54 1.98155e-06
43.56 1.7187e-06
43.58 1.40279e-06
43.6 7.65869e-07
43.62 -9.51115e-08
43.64 -5.27329e-07
43.66 -2.32363e-07
43.68 1.26486e-07
43.7 -3.13548e-07
43.72 -1.25132e-06
43.74 -1.36093e-06
43.76 -4.8513e-07
43.78 -2.95696e-08
43.8 -3.65243e-07
43.82 -3.75089e-07
43.84 3.14025e-07
43.86 5.5637e-07
43.88 -4.84432e-07
43.9 -1.66449e-06
43.92 -1.37494e-06
43.94 -2.26913e-07
43.96 -3.31995e-07
43.98 -1.75145e-06
44 -2.1929e-06
44.02 -7.26249e-07
44.04 7.87128e-07
44.06 5.97387e-07
44.08 -5.7053e-07
44.1 -8.78352e-07
44.12 6.47555e-08
44.14 8.2851e-07
44.16 3.05701e-07
44.18 -8.40682e-07
44.2 -1.31791e-06
44.22 -1.00495e-06
44.24 -8.55324e-07
44.26 -1.34582e-06
44.28 -1.96503e-06
44.3 -2.03395e-06
44.32 -1.45567e-06
44.34 -6.30499e-07
44.36 -1.60569e-07
44.38 -2.83458e-07
44.4 -2.02936e-07
44.42 8.03376e-07
44.44 1.9873e-06
44.46 2.33627e-06
44.48 1.87204e-06
44.5 1.03757e-06
44.52 2.18488e-07
44.54 -2.74655e-07
44.56 -5.32688e-07
44.58 -9.1248e-07
44.6 -1.46708e-06
44.62 -1.79267e-06
44.64 -1.5199e-06
44.66 -8.74261e-07
44.68 -5.39756e-07
44.7 -7.83665e-07
44.72 -8.46374e-07
44.74 -1.39227e-07
44.76 6.76792e-07
44.78 7.59124e-07
44.8 1.5489e-07
44.82 -3.68798e-07
44.84 -1.06746e-07
44.86 7.62552e-07
44.88 1.30972e-06
44.9 9.48872e-07
44.92 1.5741e-07
44.94 -8.32802e-08
44.96 3.59467e-07
44.98 5.44192e-07
45 -1.53124e-07
45.02 -1.01341e-06
45.04 -8.77105e-07
45.06 2.01218e-07
45.08 8.95352e-07
45.1 2.90518e-07
45.12 -6.56587e-07
45.14 -4.4601e-07
45.16 5.12271e-07
45.18 5.61449e-07
45.2 -5.46469e-07
45.22 -1.06399e-06
45.24 2.81135e-07
45.26 2.25153e-06
45.28 2.7203e-06
45.3 1.47714e-06
45.32 5.17514e-07
45.34 1.27702e-06
45.36 2.10049e-06
45.38 8.24466e-07
45.4 -1.46775e-06
45.42 -1.83465e-06
45.44 3.62957e-07
45.46 1.89519e-06
45.48 2.01404e-07
45.5 -2.26796e-06
45.52 -1.84021e-06
45.54 5.87171e-07
45.56 1.05581e-06
45.58 -1.13581e-06
45.6 -2.44294e-06
45.62 -7.17089e-07
45.64 1.47076e-06
45.66 6.49533e-07
45.68 -2.12725e-06
45.7 -2.65848e-06
45.72 -5.55108e-08
45.74 1.78955e-06
45.76 4.68401e-09
45.78 -2.81512e-06
45.8 -2.22692e-06
45.82 1.29713e-06
45.84 2.88808e-06
45.86 7.18122e-07
45.88 -1.26313e-06
45.9 3.86388e-07
45.92 3.40419e-06
45.94 3.63124e-06
45.96 1.12545e-06
45.98 -6.86329e-07
46 -2.92265e-07
46.02 7.32402e-07
46.04 6.44451e-07
46.06 -3.63573e-07
46.08 -8.60884e-07
46.1 -7.17876e-07
46.12 -9.1528e-07
46.14 -1.51014e-06
46.16 -1.83681e-06
46.18 -1.32778e-06
46.2 4.38496e-08
46.22 1.05106e-06
46.24 3.22479e-07
46.26 -9.67748e-07
46.28 -3.30659e-07
46.3 1.49778e-06
46.32 1.61333e-06
46.34 3.49404e-08
46.36 -6.64192e-07
46.38 5.04858e-07
46.4 1.71276e-06
46.42 1.04426e-06
46.44 -5.1455e-07
46.46 -4.91466e-07
46.48 9.15851e-07
46.5 1.12252e-06
46.52 -4.29619e-07
46.54 -1.47556e-06
46.56 -5.75974e-07
46.58 8.03384e-07
46.6 5.60252e-07
46.62 -8.77263e-07
46.64 -1.28654e-06
46.66 -1.44804e-07
46.68 6.02773e-07
46.7 -4.14326e-07
46.72 -1.71508e-06
46.74 -1.14683e-06
46.76 5.4341e-07
46.78 1.01035e-06
46.8 7.56817e-08
46.82 -3.02358e-07
46.84 8.58353e-07
46.86 1.57201e-06
46.88 -1.07549e-08
46.9 -1.96312e-06
46.92 -1.55454e-06
46.94 6.4892e-07
46.96 1.78691e-06
46.98 5.35074e-07
47 -1.17346e-06
47.02 -1.03117e-06
47.04 5.10172e-07
47.06 1.18212e-06
47.08 -2.327e-07
47.1 -2.06325e-06
47.12 -1.39078e-06
47.14 1.16212e-06
47.16 1.51836e-06
47.18 -1.27549e-06
47.2 -3.15889e-06
47.22 -1.21903e-06
47.24 1.84187e-06
47.26 1.68074e-06
47.28 -9.12706e-07
47.3 -1.17983e-06
47.32 2.04693e-06
47.34 4.67498e-06
47.36 3.74896e-06
47.38 1.35692e-06
47.4 6.97034e-07
47.42 1.12217e-06
47.44 -1.17024e-07
47.46 -2.31638e-06
47.48 -1.94642e-06
47.5 8.71572e-07
47.52 1.78949e-06
47.54 -4.73039e-07
47.56 -1.69385e-06
47.58 4.56351e-07
47.6 2.34503e-06
47.62 6.41194e-07
47.64 -2.3218e-06
47.66 -2.5503e-06
47.68 -4.71586e-07
47.7 3.34287e-07
47.72 -1.15491e-06
47.74 -1.98813e-06
47.76 -1.53913e-07
47.78 1.98128e-06
47.8 1.4286e-06
47.82 -7.30122e-07
47.84 -1.28649e-06
47.86 8.23262e-08
47.88 6.7341e-07
47.9 -7.78902e-07
47.92 -1.96757e-06
47.94 -9.30166e-07
47.96 5.4277e-07
47.98 1.07891e-07
48 -1.18466e-06
48.02 -7.7215e-07
48.04 1.18401e-06
48.06 1.78295e-06
48.08 -3.35446e-07
48.1 -2.63531e-06
48.12 -1.83253e-06
48.14 1.46215e-06
48.16 2.66557e-06
48.18 -3.72492e-07
48.2 -3.35571e-06
48.22 -1.96964e-06
48.24 1.37353e-06
48.26 1.72785e-06
48.28 -9.26301e-07
48.3 -2.07475e-06
48.32 6.95339e-07
48.34 3.70451e-06
48.36 2.48691e-06
48.38 -9.93908e-07
48.4 -1.38517e-06
48.42 1.71675e-06
48.44 3.39491e-06
48.46 1.14291e-06
48.48 -1.6267e-06
48.5 -1.28702e-06
48.52 8.3657e-07
48.54 8.70845e-07
48.56 -1.7945e-06
48.58 -3.40049e-06
48.6 -1.62762e-06
48.62 6.94989e-07
48.64 2.23021e-10
48.66 -2.33991e-06
48.68 -1.92261e-06
48.7 1.42523e-06
48.72 2.98639e-06
48.74 6.1423e-07
48.76 -1.78852e-06
48.78 -3.16007e-07
48.8 2.64573e-06
48.82 2.33794e-06
48.84 -6.70623e-07
48.86 -1.6794e-06
48.88 6.8825e-07
48.9 2.59153e-06
48.92 1.10128e-06
48.94 -1.39325e-06
48.96 -1.1293e-06
48.98 1.27911e-06
49 2.01401e-06
49.02 1.37454e-08
49.04 -1.5374e-06
49.06 -2.8974e-07
49.08 1.72748e-06
49.1 1.39144e-06
49.12 -4.47158e-07
49.14 -4.11063e-07
49.16 1.72468e-06
49.18 2.62162e-06
49.2 5.84285e-07
49.22 -1.47925e-06
49.24 -5.10476e-07
49.26 1.43671e-06
49.28 6.72758e-07
49.3 -1.87536e-06
49.32 -2.35301e-06
49.34 -9.36949e-08
49.36 1.54062e-06
49.38 2.20765e-07
49.4 -1.84622e-06
49.42 -1.23735e-06
49.44 1.23323e-06
49.46 1.85489e-06
49.48 -1.08462e-07
49.5 -1.56574e-06
49.52 -6.11876e-07
49.54 7.34407e-07
49.56 2.28633e-07
49.58 -1.18387e-06
49.6 -1.53432e-06
49.62 -9.77411e-07
49.64 -1.19079e-06
49.66 -2.56932e-06
49.68 -3.37946e-06
49.7 -2.49553e-06
49.72 -1.21811e-06
49.74 -1.04291e-06
49.76 -1.39543e-06
49.78 -8.01843e-07
49.8 4.45685e-07
49.82 5.27481e-07
49.84 -7.22751e-07
49.86 -1.07482e-06
49.88 5.99348e-07
49.9 2.17157e-06
49.92 1.35321e-06
49.94 -6.46179e-07
49.96 -1.05135e-06
49.98 1.83548e-07
50 6.80045e-07
50.02 -6.08339e-07
50.04 -1.8747e-06
50.06 -1.03974e-06
50.08 1.03306e-06
50.1 1.40288e-06
50.12 -5.7918e-07
50.14 -2.12335e-06
50.16 -1.25402e-06
50.18 5.40288e-07
50.2 8.06296e-07
50.22 -6.76219e-07
50.24 -1.84607e-06
50.26 -1.05692e-06
50.28 6.04825e-07
50.3 8.13518e-07
50.32 -3.56741e-07
50.34 -6.00064e-07
50.36 6.46335e-07
50.38 1.35174e-06
50.4 4.83e-07
50.42 -4.0471e-07
50.44 2.34296e-07
50.46 1.56969e-06
50.48 1.55044e-06
50.5 -8.62377e-08
50.52 -1.22292e-06
50.54 -3.58741e-07
50.56 1.25966e-06
50.58 1.46776e-06
50.6 3.05656e-07
50.62 -1.68535e-07
50.64 7.1934e-07
50.66 1.28654e-06
50.68 4.80781e-07
50.7 -4.11328e-07
50.72 -1.23926e-08
50.74 9.23357e-07
50.76 7.57587e-07
50.78 -4.27268e-07
50.8 -8.89984e-07
50.82 -1.68239e-07
50.84 9.67285e-09
50.86 -1.1642e-06
50.88 -2.04493e-06
50.9 -1.40465e-06
50.92 -3.72929e-07
50.94 -4.42225e-07
50.96 -1.43638e-06
50.98 -2.01283e-06
51 -1.41261e-06
51.02 -4.03653e-07
51.04 -2.87737e-07
51.06 -9.79914e-07
51.08 -1.09495e-06
51.1 -2.81241e-07
51.12 2.89179e-07
51.14 -1.58379e-07
51.16 -1.04324e-06
51.18 -1.25071e-06
51.2 -4.62804e-07
51.22 3.19237e-07
51.24 9.7014e-08
51.26 -4.35412e-07
51.28 1.74805e-07
51.3 1.74635e-06
51.32 2.72127e-06
51.34 1.88629e-06
51.36 -9.73788e-07
51.38 -4.27023e-06
51.4 -5.36915e-06
51.42 -3.25929e-06
51.44 6.36238e-07
51.46 3.60636e-06
51.48 3.26657e-06
51.5 2.93436e-07
51.52 -1.04437e-06
51.54 1.27306e-06
51.56 3.36829e-06
51.58 1.62072e-06
51.6 -1.86483e-06
51.62 -2.67034e-06
51.64 5.09788e-08
51.66 2.79557e-06
51.68 2.53979e-06
51.7 5.33812e-07
51.72 1.01431e-09
51.74 1.34661e-06
51.76 1.91392e-06
51.78 2.72446e-07
51.8 -1.88985e-06
51.82 -2.37971e-06
51.84 -1.08464e-06
51.86 3.53639e-07
51.88 4.64361e-07
51.9 -4.49494e-07
51.92 -7.99027e-07
51.94 9.70442e-08
51.96 1.1795e-06
51.98 1.26473e-06
52 6.5035e-07
52.02 3.47582e-07
52.04 4.01918e-07
52.06 5.99826e-08
52.08 -7.29172e-07
52.1 -9.70585e-07
52.12 -2.04444e-07
52.14 2.82654e-07
52.16 -4.87531e-07
52.18 -1.11246e-06
52.2 3.04246e-08
52.22 2.00078e-06
52.24 2.43671e-06
52.26 9.71482e-07
52.28 -2.34312e-07
52.3 2.75669e-07
52.32 1.27768e-06
52.34 8.08732e-07
52.36 -9.00353e-07
52.38 -1.64745e-06
52.4 -5.67024e-07
52.42 5.15466e-07
52.44 -2.43499e-09
52.46 -8.46255e-07
52.48 -9.5192e-08
52.5 1.36174e-06
52.52 1.21346e-06
52.54 -5.7451e-07
52.56 -1.6472e-06
52.58 -8.78777e-07
52.6 -1.19337e-08
52.62 -5.98113e-07
52.64 -1.70608e-06
52.66 -1.6459e-06
52.68 -5.21599e-07
52.7 1.51757e-07
52.72 -1.36861e-07
52.74 -6.18744e-07
52.76 -6.59359e-07
52.78 -4.15955e-07
52.8 -4.28816e-07
52.82 -7.37392e-07
52.84 -8.17394e-07
52.86 -5.45844e-07
52.88 -4.79818e-07
52.9 -7.15738e-07
52.92 -5.14712e-07
52.94 1.86872e-07
52.96 2.65913e-07
52.98 -5.31895e-07
53 -8.48178e-07
53.02 5.7297e-08
53.04 1.02664e-06
53.06 7.80784e-07
53.08 -4.20543e-08
53.1 1.00076e-07
53.12 1.20733e-06
53.14 1.61285e-06
53.16 7.30309e-07
53.18 1.12358e-07
53.2 5.96031e-07
53.22 1.05452e-06
53.24 5.00021e-07
53.26 -4.28779e-07
53.28 -5.98731e-07
53.3 -1.42764e-07
53.32 -1.44374e-07
53.34 -9.67365e-07
53.36 -1.54337e-06
53.38 -9.20202e-07
53.4 1.69107e-08
53.42 -5.22881e-08
53.44 -7.02374e-07
53.46 -7.15874e-07
53.48 -1.11822e-07
53.5 1.52655e-07
53.52 -1.45428e-07
53.54 -2.68004e-07
53.56 1.27375e-07
53.58 4.39004e-07
53.6 9.73278e-08
53.62 -6.00547e-07
53.64 -9.28982e-07
53.66 -6.10689e-07
53.68 -1.90786e-07
53.7 -3.33413e-07
53.72 -6.22478e-07
53.74 -2.22198e-07
53.76 5.77498e-07
53.78 8.21095e-07
53.8 3.99146e-07
53.82 2.59916e-08
53.84 2.52251e-07
53.86 8.3879e-07
53.88 8.36048e-07
53.9 -7.32234e-08
53.92 -7.11095e-07
53.94 -1.05849e-07
53.96 8.17989e-07
53.98 6.84162e-07
54 -2.61735e-07
54.02 -6.36691e-07
54.04 6.04465e-08
54.06 8.44443e-07
54.08 7.46915e-07
54.1 9.12073e-08
54.12 3.00323e-08
54.14 7.35314e-07
54.16 9.45334e-07
54.18 1.65661e-07
54.2 -6.28191e-07
54.22 -8.45503e-07
54.24 -7.84552e-07
54.26 -7.9664e-07
54.28 -9.72201e-07
54.3 -9.67339e-07
54.32 -5.5978e-07
54.34 -2.47633e-07
54.36 -4.66658e-07
54.38 -8.85482e-07
54.4 -9.03731e-07
54.42 -4.31189e-07
54.44 1.28346e-07
54.46 4.25624e-07
54.48 4.52247e-07
54.5 4.1482e-07
54.52 5.36312e-07
54.54 7.35842e-07
54.56 6.37651e-07
54.58 1.77759e-07
54.6 -1.55505e-07
54.62 1.25864e-07
54.64 6.7024e-07
54.66 6.38788e-07
54.68 -1.46368e-07
54.7 -9.91135e-07
54.72 -1.06885e-06
54.74 -5.80489e-07
54.76 -5.96924e-07
54.78 -1.26506e-06
54.8 -1.57964e-06
54.82 -1.11055e-06
54.84 -3.835e-07
54.86 4.90076e-08
54.88 1.65773e-07
54.9 4.2722e-07
54.92 8.97369e-07
54.94 1.02274e-06
54.96 7.99768e-07
54.98 8.20707e-07
55 9.68625e-07
55.02 6.60407e-07
55.04 3.18059e-08
55.06 -2.07431e-07
55.08 4.91735e-08
55.1 1.9457e-07
55.12 3.75673e-08
55.14 -1.49365e-07
55.16 -1.70737e-07
55.18 -1.70728e-08
55.2 1.97088e-07
55.22 4.27268e-07
55.24 6.29255e-07
55.26 7.11634e-07
55.28 6.42383e-07
55.3 4.45825e-07
55.32 3.34639e-07
55.34 5.42273e-07
55.36 6.35615e-07
55.38 6.23227e-08
55.4 -5.91795e-07
55.42 -4.17949e-07
55.44 1.61571e-07
55.46 1.30342e-07
55.48 -4.65847e-07
55.5 -9.39468e-07
55.52 -9.0708e-07
55.54 -5.46923e-07
55.56 -3.32594e-07
55.58 -3.23785e-07
55.6 -3.05095e-07
55.62 -1.02707e-07
55.64 1.18425e-07
55.66 -2.27754e-07
55.68 -9.401e-07
55.7 -9.04415e-07
55.72 7.23672e-08
55.74 7.48414e-07
55.76 2.54419e-07
55.78 -6.07811e-07
55.8 -4.85262e-07
55.82 5.65263e-07
55.84 1.05091e-06
55.86 3.76002e-07
55.88 6.66099e-08
55.9 1.33401e-06
55.92 2.44931e-06
55.94 4.51193e-07
55.96 -3.69392e-06
55.98 -4.96222e-06
56 -1.75231e-06
56.02 1.7086e-06
56.04 1.53929e-06
56.06 -1.15189e-06
56.08 -1.88163e-06
56.1 9.87825e-07
56.12 3.79898e-06
56.14 2.90919e-06
56.16 -4.92859e-07
56.18 -2.07364e-06
56.2 -4.2585e-07
56.22 1.08211e-06
56.24 -1.6726e-08
56.26 -1.68503e-06
56.28 -1.10759e-06
56.3 1.14713e-06
56.32 2.16879e-06
56.34 8.68176e-07
56.36 -5.22142e-07
56.38 -3.97819e-08
56.4 1.03838e-06
56.42 6.33052e-07
56.44 -5.32977e-07
56.46 -9.50079e-08
56.48 1.74969e-06
56.5 2.17331e-06
56.52 4.10123e-07
56.54 -8.32664e-07
56.56 3.03945e-07
56.58 1.92014e-06
56.6 1.14178e-06
56.62 -1.37778e-06
56.64 -2.2169e-06
56.66 -3.4038e-07
56.68 1.46584e-06
56.7 6.44132e-07
56.72 -1.48167e-06
56.74 -1.67213e-06
56.76 3.42727e-07
56.78 1.5618e-06
56.8 3.42761e-07
56.82 -1.14519e-06
56.84 -5.31016e-07
56.86 1.10369e-06
56.88 1.38508e-06
56.9 -7.03031e-08
56.92 -1.42187e-06
56.94 -1.02298e-06
56.96 -1.16853e-09
56.98 -4.75538e-07
57 -1.95513e-06
57.02 -2.12169e-06
57.04 -7.64868e-07
57.06 -1.72861e-07
57.08 -1.1297e-06
57.1 -1.44258e-06
57.12 6.01792e-08
57.14 1.17229e-06
57.16 1.03055e-07
57.18 -1.48448e-06
57.2 -1.04486e-06
57.22 8.75149e-07
57.24 1.28729e-06
57.26 -6.07826e-07
57.28 -2.03628e-06
57.3 -7.66335e-07
57.32 1.4442e-06
57.34 1.36185e-06
57.36 -7.58975e-07
57.38 -1.44329e-06
57.4 5.57773e-07
57.42 2.26381e-06
57.44 1.18451e-06
57.46 -1.05962e-06
57.48 -1.39169e-06
57.5 3.36981e-07
57.52 1.48356e-06
57.54 5.11692e-07
57.56 -1.08497e-06
57.58 -1.03764e-06
57.6 4.7164e-07
57.62 1.25776e-06
57.64 3.88629e-07
57.66 -6.91748e-07
57.68 -4.41322e-07
57.7 5.33185e-07
57.72 5.87221e-07
57.74 -3.71808e-07
57.76 -8.75047e-07
57.78 -2.51354e-07
57.8 3.97219e-07
57.82 6.01545e-08
57.84 -5.88336e-07
57.86 -4.01328e-07
57.88 3.44794e-07
57.9 4.20281e-07
57.92 -3.0913e-07
57.94 -6.1988e-07
57.96 3.8385e-08
57.98 6.08779e-07
58 1.78323e-07
58.02 -5.66184e-07
58.04 -5.34816e-07
58.06 1.3449e-07
58.08 4.42957e-07
58.1 8.3058e-09
58.12 -4.43909e-07
58.14 -2.16115e-07
58.16 3.19641e-07
58.18 3.59365e-07
58.2 -9.80016e-08
58.22 -3.06183e-07
58.24 5.07494e-08
58.26 3.90261e-07
58.28 1.78757e-07
58.3 -2.40622e-07
58.32 -2.17696e-07
58.34 1.9341e-07
58.36 3.49552e-07
58.38 3.87624e-08
58.4 -2.1864e-07
58.42 -1.60427e-08
58.44 3.19595e-07
58.46 2.70579e-07
58.48 -7.43947e-08
58.5 -1.87426e-07
58.52 8.86375e-08
58.54 3.18312e-07
58.56 1.53344e-07
58.58 -1.35907e-07
58.6 -9.86844e-08
58.62 1.9343e-07
58.64 2.80106e-07
58.66 4.35453e-08
58.68 -1.30454e-07
58.7 1.95984e-08
58.72 2.41579e-07
58.74 1.92735e-07
58.76 -3.40419e-08
58.78 -8.13613e-08
58.8 1.11473e-07
58.82 2.35659e-07
58.84 1.06876e-07
58.86 -6.34799e-08
58.88 -1.45622e-08
58.9 1.66076e-07
58.92 1.97504e-07
58.94 4.26214e-08
58.96 -5.18703e-08
58.98 5.31717e-08
59 1.86396e-07
59.02 1.45303e-07
59.04 4.06018e-09
59.06 -1.67283e-08
59.08 1.0708e-07
59.1 1.79561e-07
59.12 9.52329e-08
59.14 -7.54811e-09
59.16 2.82494e-08
59.18 1.39933e-07
59.2 1.54356e-07
59.22 5.6754e-08
59.24 2.55856e-09
59.26 7.13677e-08
59.28 1.51725e-07
59.3 1.22113e-07
59.32 3.51505e-08
59.34 2.65963e-08
59.36 1.04804e-07
59.38 1.46549e-07
59.4 9.18306e-08
59.42 3.03139e-08
59.44 5.59975e-08
59.46 1.24966e-07
59.48 1.30837e-07
59.5 6.95675e-08
59.52 3.87839e-08
59.54 8.36133e-08
59.56 1.31998e-07
59.58 1.11283e-07
59.6 5.79781e-08
59.62 5.54002e-08
59.64 1.04739e-07
59.66 1.28698e-07
59.68 9.34256e-08
59.7 5.67692e-08
59.72 7.48358e-08
59.74 1.17378e-07
59.76 1.19181e-07
59.78 8.08698e-08
59.8 6.36107e-08
59.82 9.27337e-08
59.84 1.21837e-07
59.86 1.07618e-07
59.88 7.507e-08
59.9 7.52113e-08
59.92 1.0631e-07
59.94 1.19999e-07
59.96 9.74049e-08
59.98 1.35392e-08
