0.02 4.6599e-07
0.04 1.32005e-06
0.06 1.4448e-06
0.08 6.60828e-07
0.1 1.89155e-07
0.12 7.07249e-07
0.14 1.36696e-06
0.16 1.18186e-06
0.18 5.3244e-07
0.2 5.00441e-07
0.22 1.17509e-06
0.24 1.58566e-06
0.26 1.25762e-06
0.28 9.09527e-07
0.3 1.26085e-06
0.32 1.83788e-06
0.34 1.91126e-06
0.36 1.75668e-06
0.38 1.69499e-06
0.4 8.8973e-07
0.42 -1.12567e-06
0.44 -1.0281e-06
0.46 3.12422e-06
0.48 4.93378e-06
0.5 1.78841e-07
0.52 -4.67066e-06
0.54 -3.40138e-06
0.56 -1.00272e-06
0.58 -4.92471e-06
0.6 -9.05784e-06
0.62 -4.12524e-06
0.64 1.63133e-06
0.66 -2.00389e-06
0.68 -1.2433e-05
0.7 -1.81957e-05
0.72 -4.18362e-06
0.74 1.5851e-05
0.76 1.12921e-05
0.78 -6.06608e-06
0.8 1.6531e-06
0.82 3.32519e-05
0.84 4.68241e-05
0.86 2.26836e-05
0.88 -6.15038e-06
0.9 -3.90298e-06
0.92 1.83225e-05
0.94 2.05824e-05
0.96 -1.11435e-05
0.98 -4.00104e-05
1 -2.75276e-05
1.02 9.5886e-06
1.04 1.93905e-05
1.06 -1.45351e-05
1.08 -4.86927e-05
1.1 -3.96492e-05
1.12 -1.64359e-06
1.14 1.9774e-05
1.16 1.58484e-06
1.18 -3.72038e-05
1.2 -4.04123e-05
1.22 8.82875e-06
1.24 3.69445e-05
1.26 -5.03365e-06
1.28 -5.78258e-05
1.3 -5.10682e-05
1.32 5.88317e-06
1.34 5.08107e-05
1.36 3.65309e-05
1.38 -1.53585e-05
1.4 -3.47085e-05
1.42 1.35454e-06
1.44 3.00387e-05
1.46 -1.21151e-05
1.48 -9.01689e-05
1.5 -0.000108169
1.52 -4.72901e-05
1.54 2.5765e-06
1.56 -2.702e-05
1.58 -8.32277e-05
1.6 -6.90013e-05
1.62 7.41989e-06
1.64 4.13491e-05
1.66 -7.14049e-06
1.68 -5.81293e-05
1.7 -3.72135e-05
1.72 1.55225e-05
1.74 1.04593e-05
1.76 -4.35719e-05
1.78 -5.3695e-05
1.8 -8.53321e-06
1.82 5.85584e-06
1.84 -4.35939e-05
1.86 -8.06415e-05
1.88 -2.88883e-05
1.9 5.26974e-05
1.92 3.00099e-05
1.94 -8.37513e-05
1.96 -0.000119844
1.98 -2.26896e-05
2 4.41915e-05
2.02 -4.27147e-05
2.04 -0.000161415
2.06 -0.000135233
2.08 -1.34287e-05
2.1 8.70508e-06
2.12 -9.44128e-05
2.14 -0.000142749
2.16 -4.99395e-05
2.18 5.00346e-05
2.2 2.52612e-05
2.22 -7.22951e-05
2.24 -9.71207e-05
2.26 -1.82686e-05
2.28 2.54451e-05
2.3 -5.51969e-05
2.32 -0.000143049
2.34 -0.000107097
2.36 -1.03415e-06
2.38 2.37648e-05
2.4 -7.62253e-05
2.42 -0.000161606
2.44 -0.000100739
2.46 1.91868e-05
2.48 2.65286e-05
2.5 -6.03968e-05
2.52 -7.83755e-05
2.54 6.07384e-06
2.56 6.47471e-05
2.58 4.16212e-05
2.6 3.34921e-05
2.62 0.000106433
2.64 0.000180865
2.66 0.000169766
2.68 0.000128089
2.7 0.000164152
2.72 0.00026223
2.74 0.000315252
2.76 0.000293226
2.78 0.00026441
2.8 0.000286081
2.82 0.0003413
2.84 0.000366727
2.86 0.000341713
2.88 0.000303269
2.9 0.000282323
2.92 0.00029287
2.94 0.000313491
2.96 0.000295659
2.98 0.000254275
3 0.00025621
3.02 0.000254548
3.04 0.000153708
3.06 4.35079e-05
3.08 4.25014e-05
3.1 6.86377e-05
3.12 6.54223e-07
3.14 -0.000127298
3.16 -0.000202749
3.18 -0.000204391
3.2 -0.000213817
3.22 -0.000282589
3.24 -0.000359928
3.26 -0.000371182
3.28 -0.000332672
3.3 -0.000308513
3.32 -0.00031497
3.34 -0.000313069
3.36 -0.000237251
3.38 -0.000109095
3.4 -4.82811e-05
3.42 -7.871e-05
3.44 -5.24898e-05
3.46 0.000133018
3.48 0.000318123
3.5 0.000290715
3.52 0.000145002
3.54 0.000145068
3.56 0.000303458
3.58 0.000386706
3.6 0.000302484
3.62 0.000230925
3.64 0.000271891
3.66 0.000218262
3.68 6.16883e-06
3.7 -8.1857e-05
3.72 1.92527e-05
3.74 2.58698e-05
3.76 -0.000160056
3.78 -0.000289979
3.8 -0.000197268
3.82 -7.34389e-05
3.84 -0.00013763
3.86 -0.000294879
3.88 -0.000332384
3.9 -0.000235386
3.92 -0.000183224
3.94 -0.000275966
3.96 -0.000388836
3.98 -0.000336541
4 -0.000118386
4.02 8.83503e-06
4.04 -0.000117979
4.06 -0.000251468
4.08 -0.000111703
4.1 0.000141293
4.12 0.000175359
4.14 2.09514e-05
4.16 -1.40687e-05
4.18 0.000118407
4.2 0.000120525
4.22 -0.000101184
4.24 -0.000241418
4.26 -0.000128292
4.28 9.85568e-06
4.3 -5.32929e-05
4.32 -0.000147928
4.34 2.4899e-06
4.36 0.000220813
4.38 0.000149831
4.4 -0.000111409
4.42 -0.00018434
4.44 -7.87542e-06
4.46 0.000136405
4.48 9.88573e-05
4.5 -3.38106e-05
4.52 -0.000140635
4.54 -0.000118385
4.56 -7.69262e-07
4.58 4.5292e-05
4.6 -3.88382e-05
4.62 -0.000119581
4.64 -3.67477e-05
4.66 0.000143378
4.68 0.000177142
4.7 4.45242e-05
4.72 -6.47872e-07
4.74 0.000144338
4.76 0.000274719
4.78 0.000176832
4.8 -6.26869e-05
4.82 -0.000119542
4.84 9.20892e-05
4.86 0.000240309
4.88 9.09594e-05
4.9 -0.00012264
4.92 -9.48747e-05
4.94 7.02806e-05
4.96 7.55876e-05
4.98 -9.69614e-05
5 -0.000221535
5.02 -0.000187193
5.04 -0.000126845
5.06 -0.00014913
5.08 -0.00010921
5.1 6.48245e-05
5.12 0.000139329
5.14 5.58251e-06
5.16 -0.000102538
5.18 1.15389e-06
5.2 0.000175379
5.22 0.000190612
5.24 3.1855e-05
5.26 -0.000147923
5.28 -0.000166597
5.3 6.63995e-06
5.32 0.000164186
5.34 0.000135572
5.36 8.38458e-06
5.38 -2.82499e-05
5.4 5.06271e-05
5.42 0.000101221
5.44 6.76103e-05
5.46 4.99968e-05
5.48 9.49579e-05
5.5 0.000127077
5.52 9.49458e-05
5.54 4.24692e-05
5.56 2.25466e-05
5.58 2.89686e-05
5.6 2.85435e-05
5.62 7.91705e-06
5.64 1.37747e-06
5.66 3.5599e-05
5.68 4.88937e-05
5.7 -5.94095e-07
5.72 -3.97227e-05
5.74 -1.35666e-05
5.76 2.26479e-05
5.78 -3.6802e-06
5.8 -6.57931e-05
5.82 -6.36481e-05
5.84 5.20341e-06
5.86 1.87607e-05
5.88 -6.23908e-05
5.9 -0.000130106
5.92 -8.58904e-05
5.94 4.21388e-05
5.96 0.000114431
5.98 6.72572e-05
6 2.40871e-05
6.02 7.57678e-05
6.04 0.000138939
6.06 0.00013575
6.08 8.57701e-05
6.1 3.86975e-05
6.12 5.4497e-05
6.14 0.00012724
6.16 0.000155045
6.18 5.30846e-05
6.2 -0.00011752
6.22 -0.000169144
6.24 -7.45667e-05
6.26 -4.38162e-05
6.28 -0.000167543
6.3 -0.000249057
6.32 -0.000121634
6.34 5.05062e-05
6.36 2.13693e-05
6.38 -0.0001315
6.4 -0.000149111
6.42 -2.75809e-06
6.44 9.09786e-05
6.46 5.79771e-06
6.48 -0.000137257
6.5 -0.000174701
6.52 -0.000112882
6.54 -9.3085e-05
6.56 -0.000157379
6.58 -0.000157124
6.6 -5.10896e-05
6.62 -9.52483e-06
6.64 -6.93199e-05
6.66 -5.4814e-05
6.68 7.84883e-05
6.7 0.000142609
6.72 1.11249e-05
6.74 -0.000178554
6.76 -0.000188213
6.78 -1.05831e-05
6.8 0.000104531
6.82 6.20536e-06
6.84 -0.00013391
6.86 -8.2633e-05
6.88 8.16149e-05
6.9 9.14271e-05
6.92 -8.69409e-05
6.94 -0.000200786
6.96 -8.39197e-05
6.98 0.000104012
7 0.000113721
7.02 -4.21588e-05
7.04 -0.000120993
7.06 -6.3342e-06
7.08 0.000125678
7.1 9.27601e-05
7.12 -1.86916e-05
7.14 -2.22997e-05
7.16 8.34326e-05
7.18 0.000141223
7.2 8.10375e-05
7.22 1.37771e-05
7.24 5.00506e-05
7.26 0.000118639
7.28 6.90534e-05
7.3 -5.94701e-05
7.32 -6.62381e-05
7.34 7.50608e-05
7.36 0.000153132
7.38 5.31805e-05
7.4 -6.41313e-05
7.42 -2.88298e-05
7.44 8.00926e-05
7.46 7.91307e-05
7.48 -4.30039e-05
7.5 -0.000110627
7.52 -2.74453e-05
7.54 6.16433e-05
7.56 4.94903e-06
7.58 -9.79914e-05
7.6 -5.64708e-05
7.62 9.67125e-05
7.64 0.000152409
7.66 6.45989e-05
7.68 4.66868e-07
7.7 4.65065e-05
7.72 9.46979e-05
7.74 4.77613e-05
7.76 -8.03255e-06
7.78 4.3275e-05
7.8 0.000129566
7.82 0.000112344
7.84 3.98556e-06
7.86 -7.22978e-05
7.88 -4.42863e-05
7.9 2.79163e-05
7.92 2.90402e-05
7.94 -4.11651e-05
7.96 -6.80566e-05
7.98 -1.31548e-05
8 3.29734e-05
8.02 1.22586e-05
8.04 -1.75744e-05
8.06 1.65266e-06
8.08 3.73768e-05
8.1 3.58521e-05
8.12 6.88876e-06
8.14 -3.48333e-06
8.16 1.66869e-05
8.18 4.22737e-05
8.2 5.65302e-05
8.22 5.33372e-05
8.24 3.24938e-06
8.26 -7.62188e-05
8.28 -8.01053e-05
8.3 1.24753e-05
8.32 8.05545e-05
8.34 4.71094e-05
8.36 -2.65642e-05
8.38 -3.79319e-05
8.4 2.63274e-05
8.42 7.66377e-05
8.44 3.69991e-05
8.46 -6.35438e-05
8.48 -0.000105202
8.5 -2.06594e-05
8.52 7.93854e-05
8.54 5.76347e-05
8.56 -2.95613e-05
8.58 -2.59905e-05
8.6 8.13886e-05
8.62 0.000143481
8.64 5.89388e-05
8.66 -4.96332e-05
8.68 7.24381e-07
8.7 0.000143118
8.72 0.000158347
8.74 2.49031e-05
8.76 -5.97187e-05
8.78 1.45382e-05
8.8 0.000110748
8.82 5.87108e-05
8.84 -8.65412e-05
8.86 -0.000142334
8.88 -5.30039e-05
8.9 5.87493e-05
8.92 4.34666e-05
8.94 -5.40982e-05
8.96 -6.04915e-05
8.98 2.38964e-05
9 4.91042e-05
9.02 -2.48171e-05
9.04 -8.97125e-05
9.06 -5.10467e-05
9.08 4.67068e-05
9.1 6.03516e-05
9.12 -4.69812e-05
9.14 -0.000120004
9.16 -5.52583e-05
9.18 2.03452e-05
9.2 -3.01784e-05
9.22 -0.000130053
9.24 -0.000121293
9.26 -1.02575e-05
9.28 4.68446e-05
9.3 -8.92849e-06
9.32 -5.73899e-05
9.34 -2.54227e-06
9.36 8.30144e-05
9.38 7.04851e-05
9.4 -3.32309e-05
9.42 -8.19031e-05
9.44 3.28802e-07
9.46 9.41002e-05
9.48 4.64442e-05
9.5 -9.16444e-05
9.52 -0.000120357
9.54 -1.26456e-06
9.56 6.96718e-05
9.58 -1.83994e-06
9.6 -4.47278e-05
9.62 3.94812e-05
9.64 8.40617e-05
9.66 -2.87912e-05
9.68 -0.000148015
9.7 -0.000108398
9.72 1.80078e-05
9.74 6.71627e-05
9.76 -1.6856e-05
9.78 -0.000143704
9.8 -0.000144261
9.82 -1.01861e-05
9.84 6.39718e-05
9.86 5.55253e-06
9.88 -4.30724e-05
9.9 1.57704e-05
9.92 9.18829e-05
9.94 4.92102e-05
9.96 -6.5761e-05
9.98 -6.73653e-05
10 6.74332e-05
10.02 0.000143773
10.04 5.45852e-05
10.06 -5.56267e-05
10.08 -3.32084e-05
10.1 5.10175e-05
10.12 3.92543e-05
10.14 -6.99317e-05
10.16 -0.000124104
10.18 -4.06101e-05
10.2 5.58515e-05
10.22 1.57504e-05
10.24 -9.97295e-05
10.26 -0.00011629
10.28 -1.36055e-05
10.3 5.83891e-05
10.32 1.46935e-05
10.34 -5.33039e-05
10.36 -3.20458e-05
10.38 4.5999e-05
10.4 6.15873e-05
10.42 1.34351e-06
10.44 -2.51365e-05
10.46 2.82909e-05
10.48 7.57264e-05
10.5 4.93284e-05
10.52 1.89087e-06
10.54 4.42915e-06
10.56 2.21506e-05
10.58 -1.69494e-06
10.6 -2.37534e-05
10.62 6.29488e-06
10.64 4.31488e-05
10.66 3.13178e-05
10.68 -1.03334e-05
10.7 -3.50503e-05
10.72 -2.51291e-05
10.74 2.67125e-07
10.76 1.78187e-06
10.78 -1.99416e-05
10.8 -1.17425e-05
10.82 3.38317e-05
10.84 5.45346e-05
10.86 1.59035e-05
10.88 -4.34897e-05
10.9 -5.47078e-05
10.92 -3.46889e-06
10.94 3.65211e-05
10.96 8.65863e-06
10.98 -3.84226e-05
11 -3.41423e-05
11.02 3.50872e-06
11.04 8.43949e-06
11.06 -2.29844e-05
11.08 -3.34957e-05
11.1 -8.01161e-07
11.12 3.61954e-05
11.14 4.09936e-05
11.16 2.34595e-05
11.18 1.69226e-05
11.2 3.1309e-05
11.22 4.5409e-05
11.24 3.24026e-05
11.26 -8.3507e-06
11.28 -3.71235e-05
11.3 -2.35106e-05
11.32 4.01192e-06
11.34 -4.85702e-07
11.36 -3.46222e-05
11.38 -5.35425e-05
11.4 -2.53752e-05
11.42 2.47648e-05
11.44 3.45723e-05
11.46 -7.93624e-06
11.48 -3.83094e-05
11.5 -1.31958e-05
11.52 2.5347e-05
11.54 2.25847e-05
11.56 -4.83435e-06
11.58 -2.60037e-06
11.6 3.49532e-05
11.62 5.92863e-05
11.64 4.15349e-05
11.66 1.21265e-05
11.68 1.1729e-05
11.7 3.01856e-05
11.72 2.87297e-05
11.74 4.84755e-06
11.76 -1.26907e-05
11.78 -1.58035e-05
11.8 -2.24429e-05
11.82 -4.12068e-05
11.84 -5.33871e-05
11.86 -4.1702e-05
11.88 -2.25475e-05
11.9 -1.45899e-05
11.92 -3.18301e-06
11.94 2.03922e-05
11.96 3.15839e-05
11.98 1.52549e-05
12 -7.14183e-06
12.02 -6.40113e-06
12.04 1.55027e-05
12.06 2.61066e-05
12.08 1.01195e-05
12.1 -9.12387e-06
12.12 -1.00024e-05
12.14 5.64895e-06
12.16 2.49892e-05
12.18 2.88658e-05
12.2 1.09788e-05
12.22 -8.278e-06
12.24 -1.29829e-05
12.26 -1.36864e-05
12.28 -2.42207e-05
12.3 -3.98503e-05
12.32 -4.59644e-05
12.34 -3.85577e-05
12.36 -2.75978e-05
12.38 -2.00329e-05
12.4 -1.1785e-05
12.42 5.39664e-07
12.44 1.20168e-05
12.46 1.52165e-05
12.48 1.17495e-05
12.5 1.37547e-05
12.52 2.47559e-05
12.54 3.02831e-05
12.56 2.08535e-05
12.58 1.14209e-05
12.6 1.92567e-05
12.62 3.52776e-05
12.64 3.53246e-05
12.66 1.10191e-05
12.68 -1.47588e-05
12.7 -1.45467e-05
12.72 1.85046e-06
12.74 2.06897e-06
12.76 -1.90616e-05
12.78 -3.46206e-05
12.8 -2.26565e-05
12.82 9.98082e-06
12.84 3.11192e-05
12.86 1.60282e-05
12.88 -1.5372e-05
12.9 -1.94154e-05
12.92 1.05282e-05
12.94 3.15633e-05
12.96 1.22912e-05
12.98 -1.83116e-05
13 -1.52955e-05
13.02 1.18806e-05
13.04 1.75364e-05
13.06 -4.57356e-06
13.08 -1.38593e-05
13.1 7.98621e-06
13.12 2.96943e-05
13.14 2.19707e-05
13.16 -1.13761e-06
13.18 -9.27286e-06
13.2 1.37156e-06
13.22 1.21657e-05
13.24 1.16475e-05
13.26 5.6953e-06
13.28 6.46672e-07
13.3 -7.78963e-06
13.32 -1.81904e-05
13.34 -1.82482e-05
13.36 -4.31913e-06
13.38 1.13773e-05
13.4 1.29663e-05
13.42 -9.12053e-07
13.44 -9.97397e-06
13.46 -1.39111e-06
13.48 5.60044e-06
13.5 -6.12745e-06
13.52 -1.81345e-05
13.54 -8.80001e-06
13.56 7.33066e-06
13.58 2.93505e-06
13.6 -1.80866e-05
13.62 -2.58074e-05
13.64 -8.58894e-06
13.66 9.19069e-06
13.68 1.91305e-06
13.7 -1.99428e-05
13.72 -2.46377e-05
13.74 -4.75141e-06
13.76 1.51697e-05
13.78 1.58175e-05
13.8 6.71589e-06
13.82 6.3803e-06
13.84 1.42817e-05
13.86 1.3421e-05
13.88 -3.21997e-06
13.9 -1.79369e-05
13.92 -1.19177e-05
13.94 5.69536e-06
13.96 1.181e-05
13.98 2.21179e-06
14 -5.9446e-06
14.02 3.97442e-06
14.04 2.85032e-05
14.06 4.33957e-05
14.08 3.43082e-05
14.1 1.64832e-05
14.12 3.84846e-06
14.14 -7.87181e-06
14.16 -1.5015e-05
14.18 -6.89385e-06
14.2 4.90134e-06
14.22 -4.47293e-06
14.24 -3.0933e-05
14.26 -4.01304e-05
14.28 -1.78108e-05
14.3 6.45334e-06
14.32 -2.57484e-07
14.34 -2.92621e-05
14.36 -4.13005e-05
14.38 -1.97875e-05
14.4 3.41539e-06
14.42 -6.91571e-06
14.44 -3.53591e-05
14.46 -3.67081e-05
14.48 -5.05231e-06
14.5 1.80809e-05
14.52 9.04532e-06
14.54 -6.66785e-06
14.56 2.94384e-07
14.58 1.66608e-05
14.6 1.20619e-05
14.62 -4.66319e-06
14.64 2.53007e-06
14.66 3.193e-05
14.68 3.90134e-05
14.7 -1.30724e-06
14.72 -5.19989e-05
14.74 -5.22841e-05
14.76 -3.71071e-06
14.78 2.49044e-05
14.8 -8.20868e-06
14.82 -5.66767e-05
14.84 -4.70087e-05
14.86 1.106e-05
14.88 2.95825e-05
14.9 -2.11279e-05
14.92 -5.43495e-05
14.94 -6.4582e-06
14.96 5.19191e-05
14.98 3.11271e-05
15 -3.27371e-05
15.02 -4.02106e-05
15.04 1.31775e-05
15.06 3.61602e-05
15.08 -8.68111e-06
15.1 -5.00322e-05
15.12 -2.18179e-05
15.14 4.06245e-05
15.16 5.42767e-05
15.18 7.27542e-06
15.2 -2.60723e-05
15.22 1.56185e-06
15.24 3.80846e-05
15.26 1.71407e-05
15.28 -3.6508e-05
15.3 -4.99144e-05
15.32 -1.32683e-05
15.34 1.33644e-05
15.36 -5.18904e-06
15.38 -3.06186e-05
15.4 -1.55282e-05
15.42 2.34646e-05
15.44 3.24682e-05
15.46 5.22784e-07
15.48 -2.76708e-05
15.5 -1.7287e-05
15.52 1.3495e-05
15.54 2.3082e-05
15.56 4.11048e-06
15.58 -6.52652e-06
15.6 1.40554e-05
15.62 3.58233e-05
15.64 2.20879e-05
15.66 -1.30384e-05
15.68 -2.30494e-05
15.7 5.18239e-06
15.72 3.27303e-05
15.74 2.63379e-05
15.76 3.9717e-06
15.78 1.34869e-06
15.8 1.96175e-05
15.82 2.76721e-05
15.84 8.08677e-06
15.86 -1.58754e-05
15.88 -1.222e-05
15.9 1.19867e-05
15.92 2.16148e-05
15.94 7.75505e-06
15.96 -2.22049e-07
15.98 1.60103e-05
16 3.29956e-05
16.02 2.5068e-05
16.04 4.59112e-06
16.06 -9.26304e-07
16.08 1.20462e-05
16.1 2.17076e-05
16.12 1.02767e-05
16.14 -1.14319e-05
16.16 -1.53067e-05
16.18 6.98717e-06
16.2 2.87064e-05
16.22 2.20845e-05
16.24 -1.77091e-06
16.26 -1.3042e-05
16.28 -6.62475e-06
16.3 4.30399e-06
16.32 1.19392e-05
16.34 1.14776e-05
16.36 5.74699e-07
16.38 -1.0577e-05
16.4 -8.75017e-06
16.42 -4.31562e-08
16.44 -2.45769e-06
16.46 -1.667e-05
16.48 -2.58961e-05
16.5 -2.54888e-05
16.52 -3.05358e-05
16.54 -4.60744e-05
16.56 -5.15263e-05
16.58 -3.27941e-05
16.6 -1.12081e-05
16.62 -1.49777e-05
16.64 -3.65157e-05
16.66 -4.30054e-05
16.68 -1.20629e-05
16.7 4.60797e-05
16.72 8.39554e-05
16.74 7.60505e-05
16.76 6.56802e-05
16.78 9.1305e-05
16.8 0.000121846
16.82 0.000114238
16.84 7.00677e-05
16.86 6.26307e-06
16.88 -3.73642e-05
16.9 -7.08198e-06
16.92 4.95425e-05
16.94 2.5418e-05
16.96 -5.71624e-05
16.98 -7.66168e-05
17 -1.2208e-05
17.02 3.02642e-05
17.04 -1.40395e-05
17.06 -7.91337e-05
17.08 -7.45441e-05
17.1 -2.30149e-05
17.12 -2.46256e-05
17.14 -9.31368e-05
17.16 -0.000122213
17.18 -5.26151e-05
17.2 1.58091e-05
17.22 -2.60413e-05
17.24 -0.000106232
17.26 -8.54497e-05
17.28 5.69785e-06
17.3 2.40451e-05
17.32 -4.56643e-05
17.34 -7.26639e-05
17.36 1.03174e-05
17.38 0.000105919
17.4 0.000102125
17.42 3.94163e-05
17.44 4.21212e-05
17.46 0.000119009
17.48 0.000146581
17.5 6.98041e-05
17.52 -7.43183e-07
17.54 3.31032e-05
17.56 8.75422e-05
17.58 3.81193e-05
17.6 -6.37685e-05
17.62 -8.15774e-05
17.64 -1.65998e-05
17.66 1.06585e-05
17.68 -4.54206e-05
17.7 -9.89287e-05
17.72 -7.81423e-05
17.74 -3.11971e-05
17.76 -3.57937e-05
17.78 -7.628e-05
17.8 -8.09852e-05
17.82 -3.80937e-05
17.84 6.16996e-07
17.86 3.08113e-06
17.88 -1.28901e-05
17.9 -1.35682e-05
17.92 9.34123e-06
17.94 3.25936e-05
17.96 3.91344e-05
17.98 4.03946e-05
18 4.81531e-05
18.02 5.22972e-05
18.04 4.27917e-05
18.06 3.02534e-05
18.08 2.2109e-05
18.1 2.75529e-06
18.12 -2.77369e-05
18.14 -3.69712e-05
18.16 -1.65979e-05
18.18 -2.77746e-06
18.2 -2.16453e-05
18.22 -5.66316e-05
18.24 -7.83538e-05
18.26 -8.25657e-05
18.28 -8.48187e-05
18.3 -8.79023e-05
18.32 -6.8193e-05
18.34 -3.46559e-06
18.36 6.78155e-05
18.38 7.5474e-05
18.4 3.92536e-05
18.42 4.69565e-05
18.44 0.000109247
18.46 0.000149111
18.48 0.000105677
18.5 5.40152e-06
18.52 -4.31248e-05
18.54 1.7607e-05
18.56 8.51221e-05
18.58 4.31283e-05
18.6 -5.71785e-05
18.62 -8.33114e-05
18.64 -1.73684e-05
18.66 2.82733e-05
18.68 -2.06145e-05
18.7 -9.57425e-05
18.72 -9.47169e-05
18.74 -3.48653e-05
18.76 -2.19635e-05
18.78 -8.5583e-05
18.8 -0.000118803
18.82 -2.56264e-05
18.84 0.000103235
18.86 0.000105848
18.88 1.96259e-05
18.9 1.67564e-05
18.92 0.000116712
18.94 0.000173995
18.96 0.000114403
18.98 3.27479e-05
19 3.1592e-05
19.02 7.46832e-05
19.04 6.88457e-05
19.06 1.25967e-06
19.08 -5.49754e-05
19.1 -3.81137e-05
19.12 1.31981e-05
19.14 6.61337e-06
19.16 -6.04286e-05
19.18 -8.9225e-05
19.2 -4.31865e-05
19.22 -1.36538e-05
19.24 -6.65062e-05
19.26 -0.00012266
19.28 -8.03491e-05
19.3 8.95598e-06
19.32 2.01683e-05
19.34 -4.53727e-05
19.36 -7.71402e-05
19.38 -2.8876e-05
19.4 2.50884e-05
19.42 1.03153e-05
19.44 -3.24934e-05
19.46 -1.08772e-05
19.48 6.65745e-05
19.5 9.55802e-05
19.52 3.84091e-05
19.54 -1.71627e-05
19.56 9.84532e-06
19.58 7.27214e-05
19.6 6.28082e-05
19.62 -1.87636e-05
19.64 -4.07714e-05
19.66 4.26177e-05
19.68 8.87678e-05
19.7 -1.12821e-06
19.72 -0.000106675
19.74 -7.71009e-05
19.76 3.66239e-05
19.78 6.38466e-05
19.8 -3.72444e-05
19.82 -0.000120599
19.84 -6.57039e-05
19.86 4.62884e-05
19.88 6.73786e-05
19.9 -4.25724e-07
19.92 -3.32806e-05
19.94 2.57442e-05
19.96 8.83732e-05
19.98 5.55635e-05
20 -2.43973e-05
20.02 -2.81227e-05
20.04 4.89694e-05
20.06 9.01088e-05
20.08 2.94211e-05
20.1 -7.06627e-05
20.12 -0.000105666
20.14 -5.21397e-05
20.16 1.81664e-05
20.18 3.82843e-05
20.2 9.82112e-07
20.22 -5.15499e-05
20.24 -5.80197e-05
20.26 -9.2905e-06
20.28 2.24008e-05
20.3 -1.65162e-05
20.32 -5.85135e-05
20.34 -1.90158e-05
20.36 4.32266e-05
20.38 3.07084e-05
20.4 -1.67474e-05
20.42 -2.80896e-06
20.44 6.49314e-05
20.46 9.69186e-05
20.48 5.63294e-05
20.5 -3.98612e-06
20.52 -1.936e-05
20.54 3.07612e-06
20.56 -3.1352e-07
20.58 -1.45772e-05
20.6 2.11618e-05
20.62 4.06078e-05
20.64 -3.37566e-05
20.66 -0.000114522
20.68 -0.000104418
20.7 -2.84199e-05
20.72 4.21281e-05
20.74 3.56467e-05
20.76 -4.68439e-05
20.78 -8.22544e-05
20.8 -8.81391e-06
20.82 4.93851e-05
20.84 -1.00694e-05
20.86 -8.45873e-05
20.88 -2.81335e-05
20.9 0.000101442
20.92 0.000123993
20.94 2.64792e-05
20.96 -2.46137e-05
20.98 5.30164e-05
21 0.000129509
21.02 5.59014e-05
21.04 -7.93376e-05
21.06 -7.03696e-05
21.08 6.79918e-05
21.1 0.000118389
21.12 -4.38661e-06
21.14 -0.000127225
21.16 -7.18946e-05
21.18 7.62338e-05
21.2 8.4519e-05
21.22 -6.9554e-05
21.24 -0.000160975
21.26 -6.81205e-05
21.28 5.08815e-05
21.3 1.53407e-05
21.32 -0.000100986
21.34 -8.63604e-05
21.36 7.12172e-05
21.38 0.000150903
21.4 5.75998e-05
21.42 -4.21157e-05
21.44 -2.24425e-05
21.46 5.33702e-05
21.48 8.25831e-05
21.5 2.46726e-05
21.52 -6.12887e-05
21.54 -7.47455e-05
21.56 -2.89225e-05
21.58 -2.50291e-05
21.6 -6.79619e-05
21.62 -6.33609e-05
21.64 -1.58594e-07
21.66 2.48598e-05
21.68 -2.33413e-05
21.7 -5.4202e-05
21.72 5.30187e-06
21.74 8.06216e-05
21.76 4.84211e-05
21.78 -6.24149e-05
21.8 -9.05803e-05
21.82 8.14167e-06
21.84 7.81302e-05
21.86 8.29176e-06
21.88 -8.93451e-05
21.9 -6.02322e-05
21.92 5.33986e-05
21.94 8.77393e-05
21.96 6.58552e-06
21.98 -5.42574e-05
22 1.6412e-06
22.02 8.9499e-05
22.04 8.15508e-05
22.06 -5.03132e-06
22.08 -5.38234e-05
22.1 -1.99116e-05
22.12 2.47676e-05
22.14 5.63801e-06
22.16 -4.5245e-05
22.18 -4.46119e-05
22.2 6.33188e-06
22.22 2.85759e-05
22.24 -5.11666e-06
22.26 -3.59137e-05
22.28 -1.56049e-05
22.3 2.48486e-05
22.32 2.84767e-05
22.34 1.38697e-06
22.36 -3.13456e-06
22.38 2.77862e-05
22.4 5.10862e-05
22.42 3.64943e-05
22.44 8.36008e-06
22.46 7.07102e-06
22.48 3.17652e-05
22.5 3.94256e-05
22.52 7.2036e-06
22.54 -2.75571e-05
22.56 -2.1432e-05
22.58 9.00849e-06
22.6 1.50742e-05
22.62 -1.11269e-05
22.64 -2.96489e-05
22.66 -1.50077e-05
22.68 6.98443e-06
22.7 4.13013e-07
22.72 -2.51789e-05
22.74 -3.04537e-05
22.76 -9.71706e-06
22.78 3.11152e-07
22.8 -1.80235e-05
22.82 -3.31658e-05
22.84 -1.46104e-05
22.86 1.62427e-05
22.88 1.78386e-05
22.9 -7.33188e-06
22.92 -1.84187e-05
22.94 2.50218e-06
22.96 2.65378e-05
22.98 2.22391e-05
23 -1.51819e-07
23.02 -8.49918e-06
23.04 2.89002e-06
23.06 8.74382e-06
23.08 -6.54313e-06
23.1 -2.42896e-05
23.12 -1.81851e-05
23.14 4.08123e-06
23.16 8.5415e-06
23.18 -1.17243e-05
23.2 -2.16252e-05
23.22 1.21962e-06
23.24 2.81995e-05
23.26 2.4119e-05
23.28 2.68792e-06
23.3 9.03991e-07
23.32 1.89119e-05
23.34 2.40357e-05
23.36 4.63414e-06
23.38 -1.45384e-05
23.4 -1.52498e-05
23.42 -1.16968e-05
23.44 -1.85258e-05
23.46 -2.33217e-05
23.48 -1.10748e-05
23.5 4.19432e-06
23.52 -7.16375e-07
23.54 -1.71376e-05
23.56 -1.54242e-05
23.58 8.14646e-06
23.6 2.43086e-05
23.62 1.38523e-05
23.64 -4.42944e-06
23.66 -3.35288e-06
23.68 1.38012e-05
23.7 2.38626e-05
23.72 1.63749e-05
23.74 2.19971e-06
23.76 -2.28274e-06
23.78 4.20045e-06
23.8 8.1469e-06
23.82 3.40297e-06
23.84 -2.24618e-06
23.86 -4.38994e-06
23.88 -7.43855e-06
23.9 -1.11587e-05
23.92 -7.59895e-06
23.94 1.42243e-06
23.96 -3.18459e-07
23.98 -1.49563e-05
24 -2.03145e-05
24.02 -1.22188e-06
24.04 2.73317e-05
24.06 3.30763e-05
24.08 8.83401e-06
24.1 -1.27954e-05
24.12 -8.39258e-06
24.14 6.03837e-06
24.16 9.2426e-06
24.18 2.03699e-06
24.2 -6.79425e-06
24.22 -1.12221e-05
24.24 -7.76684e-06
24.26 4.82161e-07
24.28 8.14295e-06
24.3 1.14773e-05
24.32 6.82611e-06
24.34 -6.05351e-06
24.36 -1.85483e-05
24.38 -1.86022e-05
24.4 -7.64384e-06
24.42 2.06811e-07
24.44 -8.37367e-08
24.46 4.86714e-08
24.48 3.47255e-06
24.5 2.41597e-06
24.52 -4.28996e-06
24.54 -7.59143e-06
24.56 -2.23597e-06
24.58 6.6715e-06
24.6 9.53169e-06
24.62 3.93675e-06
24.64 -3.10004e-08
24.66 6.40044e-06
24.68 1.47647e-05
24.7 9.14027e-06
24.72 -8.41565e-06
24.74 -1.58108e-05
24.76 -2.73824e-06
24.78 1.35944e-05
24.8 1.49094e-05
24.82 5.32123e-06
24.84 2.51047e-06
24.86 1.23653e-05
24.88 1.95717e-05
24.9 1.16627e-05
24.92 9.6351e-07
24.94 4.58034e-06
24.96 1.5985e-05
24.98 1.66816e-05
25 5.44214e-06
25.02 -1.12606e-06
25.04 5.76998e-06
25.06 1.47937e-05
25.08 1.16394e-05
25.1 -4.4561e-07
25.12 -4.38187e-06
25.14 6.28506e-06
25.16 1.58097e-05
25.18 9.1208e-06
25.2 -4.92827e-06
25.22 -8.22771e-06
25.24 -4.99133e-07
25.26 2.11414e-06
25.28 -8.46718e-06
25.3 -2.07772e-05
25.32 -2.09202e-05
25.34 -9.57733e-06
25.36 1.85464e-06
25.38 3.20696e-06
25.4 -4.69525e-06
25.42 -9.7853e-06
25.44 -4.43716e-06
25.46 2.70324e-06
25.48 -2.74332e-07
25.5 -9.75651e-06
25.52 -1.09469e-05
25.54 -3.52981e-07
25.56 8.38757e-06
25.58 5.60416e-06
25.6 -4.16384e-07
25.62 2.86547e-06
25.64 1.24692e-05
25.66 1.42918e-05
25.68 4.48128e-06
25.7 -4.74465e-06
25.72 -1.94525e-06
25.74 6.50168e-06
25.76 4.51488e-06
25.78 -7.81777e-06
25.8 -1.3071e-05
25.82 -4.61051e-06
25.84 4.20553e-06
25.86 2.73519e-06
25.88 -3.37941e-06
25.9 -5.17034e-06
25.92 -3.14211e-06
25.94 -2.72167e-06
25.96 -4.65321e-06
25.98 -6.16432e-06
26 -7.21647e-06
26.02 -9.44508e-06
26.04 -1.20116e-05
26.06 -1.13084e-05
26.08 -5.58419e-06
26.1 -6.3717e-07
26.12 -4.39075e-06
26.14 -1.30725e-05
26.16 -1.38953e-05
26.18 -4.41444e-06
26.2 3.31626e-06
26.22 6.43831e-07
26.24 -6.1435e-06
26.26 -5.64318e-06
26.28 2.38653e-06
26.3 6.20343e-06
26.32 1.54931e-07
26.34 -6.04543e-06
26.36 -3.85853e-06
26.38 7.08223e-07
26.4 -1.32905e-06
26.42 -7.56715e-06
26.44 -9.17237e-06
26.46 -4.07297e-06
26.48 2.37808e-06
26.5 5.0101e-06
26.52 2.17942e-06
26.54 -2.88206e-06
26.56 -3.88556e-06
26.58 2.17053e-06
26.6 1.10049e-05
26.62 1.41373e-05
26.64 8.39658e-06
26.66 7.12797e-07
26.68 -1.2484e-07
26.7 5.42026e-06
26.72 7.69071e-06
26.74 1.59119e-06
26.76 -5.24611e-06
26.78 -5.08131e-06
26.8 -8.72805e-07
26.82 -5.31584e-08
26.84 -4.79448e-06
26.86 -9.06327e-06
26.88 -7.49146e-06
26.9 -3.98379e-06
26.92 -3.53237e-06
26.94 -3.3631e-06
26.96 5.31776e-07
26.98 4.40843e-06
27 1.37989e-06
27.02 -4.91648e-06
27.04 -3.25329e-06
27.06 5.3132e-06
27.08 6.76639e-06
27.1 -3.01024e-06
27.12 -9.85463e-06
27.14 -2.53973e-06
27.16 8.76647e-06
27.18 6.90271e-06
27.2 -6.20764e-06
27.22 -1.21338e-05
27.24 -3.33456e-06
27.26 6.07931e-06
27.28 2.59991e-06
27.3 -6.74562e-06
27.32 -6.6793e-06
27.34 3.64912e-06
27.36 1.05725e-05
27.38 6.49773e-06
27.4 -3.95155e-07
27.42 1.14949e-08
27.44 6.87939e-06
27.46 1.10924e-05
27.48 6.60933e-06
27.5 -1.36524e-06
27.52 -4.23244e-06
27.54 -3.06559e-06
27.56 -4.64301e-06
27.58 -9.64257e-06
27.6 -1.23043e-05
27.62 -1.00391e-05
27.64 -8.13712e-06
27.66 -1.05648e-05
27.68 -1.26916e-05
27.7 -9.14364e-06
27.72 -1.77852e-06
27.74 4.21198e-06
27.76 7.31173e-06
27.78 9.28268e-06
27.8 1.08157e-05
27.82 1.12169e-05
27.84 1.05322e-05
27.86 9.10174e-06
27.88 6.17211e-06
27.9 2.12812e-06
27.92 -4.83273e-07
27.94 -6.11678e-07
27.96 5.78392e-07
27.98 1.43145e-06
28 2.89503e-07
28.02 -1.55447e-06
28.04 -1.15456e-06
28.06 1.34783e-08
28.08 -1.51138e-06
28.1 -5.11841e-06
28.12 -5.60747e-06
28.14 -4.00262e-07
28.16 3.29445e-06
28.18 -7.3952e-07
28.2 -4.46921e-06
28.22 1.2996e-06
28.24 1.06614e-05
28.26 1.32476e-05
28.28 1.02449e-05
28.3 1.02103e-05
28.32 1.52126e-05
28.34 1.75734e-05
28.36 5.40252e-06
28.38 -1.97247e-05
28.4 -3.20422e-05
28.42 -1.31802e-05
28.44 1.4212e-05
28.46 1.14308e-05
28.48 -1.77571e-05
28.5 -2.802e-05
28.52 -1.60658e-06
28.54 2.52485e-05
28.56 1.86469e-05
28.58 -5.55938e-06
28.6 -1.15473e-05
28.62 2.17951e-06
28.64 8.97639e-06
28.66 1.60045e-06
28.68 -1.38162e-06
28.7 8.36121e-06
28.72 1.53306e-05
28.74 4.8482e-06
28.76 -1.42681e-05
28.78 -1.83869e-05
28.8 1.63107e-07
28.82 1.76036e-05
28.84 8.22948e-06
28.86 -1.45106e-05
28.88 -1.46936e-05
28.9 9.74199e-06
28.92 2.40923e-05
28.94 1.16842e-05
28.96 -4.16227e-06
28.98 -7.86315e-07
29 9.64595e-06
29.02 5.40237e-06
29.04 -5.35409e-06
29.06 -3.10361e-07
29.08 1.46414e-05
29.1 1.34997e-05
29.12 -5.94975e-06
29.14 -1.76076e-05
29.16 -7.54665e-06
29.18 5.78729e-06
29.2 1.49655e-06
29.22 -1.21304e-05
29.24 -1.38085e-05
29.26 -3.18454e-06
29.28 3.00982e-06
29.3 -1.35234e-06
29.32 -6.96862e-06
29.34 -6.15674e-06
29.36 -1.50006e-06
29.38 1.72219e-06
29.4 2.97147e-06
29.42 3.3777e-06
29.44 2.40589e-06
29.46 4.83754e-07
29.48 1.30511e-07
29.5 1.88019e-06
29.52 2.80827e-06
29.54 1.57757e-07
29.56 -6.2235e-06
29.58 -1.19282e-05
29.6 -1.00253e-05
29.62 -1.2515e-06
29.64 2.58704e-06
29.66 -5.1012e-06
29.68 -1.32676e-05
29.7 -9.92357e-06
29.72 -8.74474e-07
29.74 3.46498e-07
29.76 -6.50554e-06
29.78 -8.30197e-06
29.8 -1.58781e-07
29.82 6.65345e-06
29.84 4.10149e-06
29.86 -5.93199e-07
29.88 1.61588e-06
29.9 7.80562e-06
29.92 9.9031e-06
29.94 7.057e-06
29.96 4.30098e-06
29.98 3.43366e-06
30 6.54773e-07
30.02 -5.78624e-06
30.04 -1.05627e-05
30.06 -8.97299e-06
30.08 -5.59014e-06
30.1 -6.75052e-06
30.12 -8.85607e-06
30.14 -4.29394e-06
30.16 4.80844e-06
30.18 8.6735e-06
30.2 4.62656e-06
30.22 2.01061e-07
30.24 1.5841e-06
30.26 6.62953e-06
30.28 9.50833e-06
30.3 8.57095e-06
30.32 7.64494e-06
30.34 8.3129e-06
30.36 7.31004e-06
30.38 3.72935e-06
30.4 5.03608e-07
30.42 -7.44373e-07
30.44 -2.7854e-06
30.46 -8.52908e-06
30.48 -1.40419e-05
30.5 -1.21934e-05
30.52 -3.36874e-06
30.54 2.84095e-06
30.56 -6.14341e-08
30.58 -5.43821e-06
30.6 -2.9897e-06
30.62 5.91738e-06
30.64 1.10495e-05
30.66 8.40375e-06
30.68 4.39008e-06
30.7 5.73749e-06
30.72 1.00194e-05
30.74 8.12499e-06
30.76 -1.08669e-06
30.78 -5.74935e-06
30.8 3.57978e-08
30.82 5.43707e-06
30.84 1.57964e-06
30.86 -4.66124e-06
30.88 -2.94179e-06
30.9 5.96106e-06
30.92 1.23405e-05
30.94 9.76909e-06
30.96 2.5361e-06
30.98 -4.85152e-08
31 2.98719e-06
31.02 3.27847e-06
31.04 -2.07587e-06
31.06 -5.80339e-06
31.08 -4.08862e-06
31.1 -2.24745e-06
31.12 -3.14718e-06
31.14 -2.12194e-06
31.16 2.95277e-06
31.18 6.38767e-06
31.2 3.67809e-06
31.22 -9.72063e-07
31.24 -5.06712e-07
31.26 4.97341e-06
31.28 7.67039e-06
31.3 3.0987e-06
31.32 -2.281e-06
31.34 -2.24549e-07
31.36 6.48408e-06
31.38 7.55224e-06
31.4 1.55514e-06
31.42 -8.55187e-07
31.44 4.63113e-06
31.46 8.25294e-06
31.48 3.45446e-06
31.5 -3.41934e-06
31.52 -4.76451e-06
31.54 -1.75394e-06
31.56 -5.00466e-07
31.58 -3.30876e-06
31.6 -5.98599e-06
31.62 -4.16124e-06
31.64 -7.44413e-07
31.66 -2.06442e-06
31.68 -7.18981e-06
31.7 -9.0928e-06
31.72 -5.7323e-06
31.74 -2.26733e-06
31.76 -2.78364e-06
31.78 -5.03649e-06
31.8 -4.48841e-06
31.82 -1.57163e-06
31.84 -7.79645e-07
31.86 -1.96226e-06
31.88 -2.94139e-07
31.9 4.00908e-06
31.92 5.04101e-06
31.94 1.41138e-06
31.96 -4.97781e-07
31.98 3.44939e-06
32 7.66173e-06
32.02 4.89745e-06
32.04 -2.49742e-06
32.06 -5.72565e-06
32.08 -2.38955e-06
32.1 6.91477e-07
32.12 -1.99086e-06
32.14 -7.37436e-06
32.16 -8.41293e-06
32.18 -3.71984e-06
32.2 1.21516e-07
32.22 -2.20749e-06
32.24 -6.91275e-06
32.26 -6.93681e-06
32.28 -2.47736e-06
32.3 -3.26575e-07
32.32 -3.82108e-06
32.34 -8.30922e-06
32.36 -7.71474e-06
32.38 -3.35998e-06
32.4 -2.33536e-06
32.42 -6.1555e-06
32.44 -8.33336e-06
32.46 -4.97268e-06
32.48 -2.55073e-07
32.5 -3.59995e-07
32.52 -5.23614e-06
32.54 -7.64093e-06
32.56 -2.70935e-06
32.58 3.63383e-06
32.6 2.59046e-06
32.62 -3.26155e-06
32.64 -3.15895e-06
32.66 4.7702e-06
32.68 1.00128e-05
32.7 5.66356e-06
32.72 -1.52463e-06
32.74 -2.1485e-06
32.76 1.24304e-06
32.78 -4.7998e-07
32.8 -6.58464e-06
32.82 -7.85688e-06
32.84 -1.62113e-06
32.86 4.63529e-06
32.88 4.82647e-06
32.9 3.15477e-06
32.92 5.82205e-06
32.94 9.80008e-06
32.96 8.26074e-06
32.98 2.44576e-06
33 -5.89232e-07
33.02 8.72819e-07
33.04 1.92531e-06
33.06 -2.27442e-07
33.08 -2.54109e-06
33.1 -2.09304e-06
33.12 -8.86526e-07
33.14 -1.69969e-06
33.16 -2.88427e-06
33.18 -1.98007e-06
33.2 8.75399e-08
33.22 1.51524e-06
33.24 1.55899e-06
33.26 5.65985e-07
33.28 -5.5601e-07
33.3 -1.98204e-06
33.32 -3.3308e-06
33.34 -1.68404e-06
33.36 3.57587e-06
33.38 6.93009e-06
33.4 3.53366e-06
33.42 -2.672e-06
33.44 -3.17196e-06
33.46 2.89791e-06
33.48 6.11902e-06
33.5 4.36816e-07
33.52 -6.63545e-06
33.54 -5.61397e-06
33.56 8.2106e-07
33.58 3.92112e-06
33.6 1.64991e-06
33.62 -1.06325e-06
33.64 -7.12305e-07
33.66 2.27273e-07
33.68 -2.25766e-06
33.7 -6.45546e-06
33.72 -6.46734e-06
33.74 -2.27193e-06
33.76 -4.53364e-07
33.78 -2.23823e-06
33.8 -1.09448e-06
33.82 4.83993e-06
33.84 8.4181e-06
33.86 5.60241e-06
33.88 2.11306e-06
33.9 4.00402e-06
33.92 8.67562e-06
33.94 9.13942e-06
33.96 4.63034e-06
33.98 2.24241e-06
34 5.88252e-06
34.02 9.19579e-06
34.04 5.62047e-06
34.06 -4.29898e-07
34.08 -1.36434e-06
34.1 1.17031e-06
34.12 1.23326e-06
34.14 -1.78402e-06
34.16 -4.04814e-06
34.18 -2.93084e-06
34.2 -1.26561e-07
34.22 7.72341e-07
34.24 -1.16504e-06
34.26 -3.30578e-06
34.28 -2.74659e-06
34.3 2.71163e-07
34.32 2.24841e-06
34.34 5.48397e-07
34.36 -2.0532e-06
34.38 2.08327e-07
34.4 6.89496e-06
34.42 1.01875e-05
34.44 6.77219e-06
34.46 2.93273e-06
34.48 4.16385e-06
34.5 6.44976e-06
34.52 3.16296e-06
34.54 -3.77316e-06
34.56 -6.52536e-06
34.58 -2.7098e-06
34.6 2.04761e-06
34.62 2.72421e-06
34.64 6.87643e-07
34.66 -2.87409e-07
34.68 3.45735e-07
34.7 1.63811e-07
34.72 -1.97397e-06
34.74 -4.28091e-06
34.76 -4.82543e-06
34.78 -3.5344e-06
34.8 -1.49283e-06
34.82 -2.15581e-07
34.84 2.40319e-07
34.86 1.70659e-06
34.88 3.64592e-06
34.9 3.4368e-06
34.92 2.29684e-06
34.94 3.72787e-06
34.96 7.03095e-06
34.98 8.19691e-06
35 5.28457e-06
35.02 1.00129e-06
35.04 -3.04418e-08
35.06 2.0261e-06
35.08 1.63576e-06
35.1 -3.13681e-06
35.12 -6.8467e-06
35.14 -5.97695e-06
35.16 -4.81283e-06
35.18 -6.98284e-06
35.2 -8.80061e-06
35.22 -5.4495e-06
35.24 7.12912e-07
35.26 2.65149e-06
35.28 -1.20591e-06
35.3 -4.30773e-06
35.32 -1.057e-06
35.34 4.23539e-06
35.36 3.00387e-06
35.38 -3.07754e-06
35.4 -3.55845e-06
35.42 3.82382e-06
35.44 9.33788e-06
35.46 5.77329e-06
35.48 -1.34466e-06
35.5 -2.09286e-06
35.52 2.40039e-06
35.54 2.26689e-06
35.56 -4.11431e-06
35.58 -8.43808e-06
35.6 -7.065e-06
35.62 -5.18902e-06
35.64 -6.5023e-06
35.66 -7.69641e-06
35.68 -5.26685e-06
35.7 -2.02354e-06
35.72 -1.82813e-06
35.74 -3.42381e-06
35.76 -4.41398e-06
35.78 -3.27492e-06
35.8 1.89308e-06
35.82 7.25945e-06
35.84 4.38448e-06
35.86 -4.16024e-06
35.88 -5.89967e-06
35.9 5.94627e-08
35.92 1.97855e-06
35.94 -1.69996e-06
35.96 9.77988e-07
35.98 1.05166e-05
36 1.03786e-05
36.02 -2.82745e-06
36.04 -9.36128e-06
36.06 6.34399e-07
36.08 1.13499e-05
36.1 9.19753e-06
36.12 2.01348e-06
36.14 5.09113e-07
36.16 1.0714e-06
36.18 -2.2189e-09
36.2 2.77739e-06
36.22 8.51354e-06
36.24 8.35759e-06
36.26 5.72501e-07
36.28 -8.04211e-06
36.3 -1.08966e-05
36.32 -8.29475e-06
36.34 -6.75255e-06
36.36 -8.29298e-06
36.38 -7.61259e-06
36.4 -2.47231e-06
36.42 3.38041e-06
36.44 5.7942e-06
36.46 2.12764e-06
36.48 -4.0897e-06
36.5 -2.54831e-07
36.52 1.71957e-05
36.54 2.86566e-05
36.56 1.74321e-05
36.58 -1.02003e-06
36.6 -2.84942e-07
36.62 1.51567e-05
36.64 1.56541e-05
36.66 -4.02262e-06
36.68 -1.47622e-05
36.7 -5.30792e-06
36.72 -5.99969e-07
36.74 -1.15605e-05
36.76 -1.29413e-05
36.78 6.47701e-06
36.8 1.49032e-05
36.82 -7.67859e-06
36.84 -2.72661e-05
36.86 -1.09953e-05
36.88 1.50039e-05
36.9 6.69251e-06
36.92 -2.59326e-05
36.94 -3.38553e-05
36.96 -4.36941e-06
36.98 2.58339e-05
37 2.32702e-05
37.02 -3.58129e-06
37.04 -1.44764e-05
37.06 1.07674e-05
37.08 3.86737e-05
37.1 2.63456e-05
37.12 -1.07237e-05
37.14 -2.04553e-05
37.16 4.42222e-06
37.18 1.84639e-05
37.2 -3.01761e-06
37.22 -3.06579e-05
37.24 -3.24659e-05
37.26 -1.42439e-05
37.28 2.23562e-06
37.3 5.44591e-06
37.32 -2.93762e-06
37.34 -1.1805e-05
37.36 -1.18647e-05
37.38 -5.88808e-06
37.4 -2.98582e-06
37.42 -4.41506e-06
37.44 -3.04807e-06
37.46 3.11309e-06
37.48 8.56724e-06
37.5 9.27225e-06
37.52 6.13805e-06
37.54 3.5338e-06
37.56 7.10521e-06
37.58 1.65901e-05
37.6 2.0817e-05
37.62 1.11704e-05
37.64 -4.11151e-06
37.66 -1.04332e-05
37.68 -3.52217e-06
37.7 7.99742e-06
37.72 9.78541e-06
37.74 -1.74913e-06
37.76 -1.11824e-05
37.78 -4.66374e-06
37.8 8.16325e-06
37.82 5.17105e-06
37.84 -1.64936e-05
37.86 -3.08288e-05
37.88 -1.82755e-05
37.9 2.70592e-06
37.92 4.58804e-06
37.94 -7.15836e-06
37.96 -9.29122e-06
37.98 1.10148e-06
38 7.88206e-06
38.02 3.39905e-06
38.04 -2.93891e-06
38.06 -7.76044e-07
38.08 5.90443e-06
38.1 5.90815e-06
38.12 -4.56227e-07
38.14 -3.45476e-06
38.16 4.68554e-07
38.18 6.22191e-06
38.2 8.28936e-06
38.22 7.84952e-06
38.24 8.43089e-06
38.26 7.08077e-06
38.28 -5.5071e-07
38.3 -1.01297e-05
38.32 -1.22306e-05
38.34 -4.82823e-06
38.36 2.44286e-06
38.38 -2.04205e-07
38.4 -7.68838e-06
38.42 -5.97342e-06
38.44 6.4242e-06
38.46 1.53015e-05
38.48 1.0093e-05
38.5 -2.3148e-06
38.52 -7.23806e-06
38.54 -2.14621e-06
38.56 1.71058e-06
38.58 -3.28347e-06
38.6 -1.14491e-05
38.62 -1.27484e-05
38.64 -6.41289e-06
38.66 -1.24703e-06
38.68 -2.4303e-06
38.7 -5.19764e-06
38.72 -3.45191e-06
38.74 2.08608e-06
38.76 6.11965e-06
38.78 5.78688e-06
38.8 3.51562e-06
38.82 2.68845e-06
38.84 2.35992e-06
38.86 -9.19751e-07
38.88 -6.20408e-06
38.9 -7.89477e-06
38.92 -4.94045e-06
38.94 -3.35425e-06
38.96 -5.62493e-06
38.98 -5.65774e-06
39 1.04096e-06
39.02 9.11379e-06
39.04 1.11319e-05
39.06 8.88079e-06
39.08 1.01775e-05
39.1 1.61966e-05
39.12 1.82509e-05
39.14 9.49639e-06
39.16 -3.88491e-06
39.18 -8.97775e-06
39.2 -3.1983e-06
39.22 2.36732e-06
39.24 -9.82805e-07
39.26 -7.50813e-06
39.28 -6.4307e-06
39.3 1.29714e-06
39.32 4.31668e-06
39.34 -1.54663e-06
39.36 -7.55738e-06
39.38 -6.40371e-06
39.4 -1.8765e-06
39.42 -6.21936e-07
39.44 -2.82701e-06
39.46 -4.3881e-06
39.48 -3.02023e-06
39.5 9.32599e-09
39.52 2.49918e-06
39.54 3.47801e-06
39.56 2.96761e-06
39.58 1.63057e-06
39.6 1.28803e-06
39.62 4.19474e-06
39.64 9.33904e-06
39.66 1.18836e-05
39.68 9.40769e-06
39.7 5.96316e-06
39.72 6.03626e-06
39.74 6.82726e-06
39.76 3.03781e-06
39.78 -2.97744e-06
39.8 -4.66121e-06
39.82 -1.91464e-06
39.84 -2.34265e-07
39.86 -2.29725e-06
39.88 -5.04529e-06
39.9 -4.61874e-06
39.92 -1.65343e-06
39.94 5.93281e-07
39.96 9.46627e-07
39.98 1.01036e-07
40 -1.10849e-06
40.02 -1.50724e-06
40.04 -5.65503e-07
40.06 5.25366e-07
40.08 -1.92774e-07
40.1 -1.90883e-06
40.12 -5.56758e-07
40.14 3.80704e-06
40.16 5.24065e-06
40.18 1.98677e-06
40.2 -6.70771e-07
40.22 -3.37927e-08
40.24 6.89543e-07
40.26 -1.38737e-06
40.28 -4.77469e-06
40.3 -5.71736e-06
40.32 -3.38979e-06
40.34 -1.23811e-06
40.36 -1.8649e-06
40.38 -3.41946e-06
40.4 -2.30095e-06
40.42 2.41598e-06
40.44 7.07178e-06
40.46 7.77741e-06
40.48 5.82775e-06
40.5 5.07524e-06
40.52 6.12956e-06
40.54 5.29749e-06
40.56 2.40084e-07
40.58 -3.67258e-06
40.6 -1.77634e-07
40.62 5.61797e-06
40.64 3.32227e-06
40.66 -7.07507e-06
40.68 -1.43276e-05
40.7 -1.06261e-05
40.72 -2.69868e-06
40.74 -2.56872e-06
40.76 -1.03491e-05
40.78 -1.49314e-05
40.8 -9.91301e-06
40.82 -6.53673e-07
40.84 4.06828e-06
40.86 2.89639e-06
40.88 1.6735e-06
40.9 2.7951e-06
40.92 2.98034e-06
40.94 1.95087e-06
40.96 2.73462e-06
40.98 5.09367e-06
41 6.40143e-06
41.02 5.35802e-06
41.04 2.4922e-06
41.06 5.35311e-07
41.08 1.30541e-06
41.1 2.51165e-06
41.12 1.79038e-06
41.14 -1.6961e-07
41.16 -1.77055e-06
41.18 -2.90853e-06
41.2 -4.61506e-06
41.22 -6.69697e-06
41.24 -7.29563e-06
41.26 -5.48961e-06
41.28 -3.66597e-06
41.3 -4.55216e-06
41.32 -6.04091e-06
41.34 -4.26822e-06
41.36 -4.19385e-07
41.38 1.34358e-06
41.4 3.07864e-07
41.42 7.03165e-09
41.44 3.29979e-06
41.46 7.90638e-06
41.48 9.00984e-06
41.5 5.93877e-06
41.52 3.30699e-06
41.54 4.6716e-06
41.56 7.75658e-06
41.58 7.59265e-06
41.6 3.01382e-06
41.62 -1.45575e-06
41.64 -1.51966e-06
41.66 9.73493e-07
41.68 1.21536e-06
41.7 -1.66445e-06
41.72 -4.57004e-06
41.74 -5.79265e-06
41.76 -6.4082e-06
41.78 -7.01152e-06
41.8 -6.99661e-06
41.82 -5.66049e-06
41.84 -2.44972e-06
41.86 1.56622e-06
41.88 3.72571e-06
41.9 3.36558e-06
41.92 3.35839e-06
41.94 5.73672e-06
41.96 8.31991e-06
41.98 8.0548e-06
42 5.21655e-06
42.02 2.57855e-06
42.04 1.45008e-06
42.06 3.22616e-07
42.08 -1.85593e-06
42.1 -3.07722e-06
42.12 -1.32201e-06
42.14 1.64775e-06
42.16 2.45207e-06
42.18 4.55453e-07
42.2 -1.69909e-06
42.22 -1.49342e-06
42.24 -2.39386e-08
42.26 -3.6856e-07
42.28 -3.06645e-06
42.3 -5.5567e-06
42.32 -5.89468e-06
42.34 -4.73752e-06
42.36 -3.10855e-06
42.38 -1.63737e-06
42.4 -8.85364e-07
42.42 1.499e-07
42.44 2.0663e-06
42.46 3.09583e-06
42.48 2.31322e-06
42.5 1.15326e-06
42.52 1.46566e-06
42.54 3.27485e-06
42.56 4.48705e-06
42.58 3.6348e-06
42.6 1.98473e-06
42.62 1.97285e-06
42.64 3.51045e-06
42.66 3.72436e-06
42.68 1.64229e-06
42.7 1.42701e-07
42.72 1.5207e-06
42.74 3.57941e-06
42.76 2.29268e-06
42.78 -1.8932e-06
42.8 -3.37746e-06
42.82 3.78782e-08
42.84 2.20664e-06
42.86 -1.87056e-06
42.88 -7.38634e-06
42.9 -7.09096e-06
42.92 -2.06326e-06
42.94 2.00396e-07
42.96 -3.63539e-06
42.98 -8.06324e-06
43 -6.28952e-06
43.02 2.81229e-07
43.04 4.00094e-06
43.06 1.71347e-06
43.08 -1.5407e-06
43.1 -2.78115e-07
43.12 4.17163e-06
43.14 5.99035e-06
43.16 3.49871e-06
43.18 1.33171e-06
43.2 2.54629e-06
43.22 4.02202e-06
43.24 2.19339e-06
43.26 -1.51034e-06
43.28 -3.17487e-06
43.3 -2.26323e-06
43.32 -2.32452e-06
43.34 -5.07986e-06
43.36 -7.63508e-06
43.38 -7.0971e-06
43.4 -4.6566e-06
43.42 -2.93623e-06
43.44 -1.92812e-06
43.46 -2.34092e-07
43.48 2.15613e-06
43.5 3.98693e-06
43.52 4.47233e-06
43.54 4.07311e-06
43.56 3.52641e-06
43.58 2.86944e-06
43.6 1.54546e-06
43.62 -2.44217e-07
43.64 -1.14284e-06
43.66 -5.29923e-07
43.68 2.1603e-07
43.7 -6.9853e-07
43.72 -2.64793e-06
43.74 -2.87598e-06
43.76 -1.05549e-06
43.78 -1.08115e-07
43.8 -8.05516e-07
43.82 -8.26261e-07
43.84 6.05734e-07
43.86 1.10955e-06
43.88 -1.05363e-06
43.9 -3.50666e-06
43.92 -2.90517e-06
43.94 -5.18935e-07
43.96 -7.3715e-07
43.98 -3.68755e-06
44 -4.60531e-06
44.02 -1.55679e-06
44.04 1.58931e-06
44.06 1.19537e-06
44.08 -1.23238e-06
44.1 -1.87272e-06
44.12 8.75247e-08
44.14 1.67552e-06
44.16 5.89099e-07
44.18 -1.7949e-06
44.2 -2.78811e-06
44.22 -2.13656e-06
44.24 -1.82375e-06
44.26 -2.84359e-06
44.28 -4.13262e-06
44.3 -4.27652e-06
44.32 -3.07296e-06
44.34 -1.35633e-06
44.36 -3.80126e-07
44.38 -6.36968e-07
44.4 -4.69407e-07
44.42 1.62401e-06
44.44 4.08578e-06
44.46 4.81023e-06
44.48 3.84429e-06
44.5 2.11009e-06
44.52 4.08296e-07
44.54 -6.17082e-07
44.56 -1.1546e-06
44.58 -1.9445e-06
44.6 -3.09662e-06
44.62 -3.77287e-06
44.64 -3.20635e-06
44.66 -1.86492e-06
44.68 -1.16935e-06
44.7 -1.67558e-06
44.72 -1.8057e-06
44.74 -3.36253e-07
44.76 1.3597e-06
44.78 1.53129e-06
44.8 2.75772e-07
44.82 -8.13071e-07
44.84 -2.68938e-07
44.86 1.53813e-06
44.88 2.67621e-06
44.9 1.92643e-06
44.92 2.80675e-07
44.94 -2.20227e-07
44.96 7.0031e-07
44.98 1.08486e-06
45 -3.6469e-07
45.02 -2.15362e-06
45.04 -1.87055e-06
45.06 3.71484e-07
45.08 1.81496e-06
45.1 5.57478e-07
45.12 -1.4119e-06
45.14 -9.74232e-07
45.16 1.01831e-06
45.18 1.12079e-06
45.2 -1.18272e-06
45.22 -2.25894e-06
45.24 5.37585e-07
45.26 4.63428e-06
45.28 5.60892e-06
45.3 3.0242e-06
45.32 1.029e-06
45.34 2.60811e-06
45.36 4.32029e-06
45.38 1.66747e-06
45.4 -3.09816e-06
45.42 -3.86102e-06
45.44 7.07832e-07
45.46 3.89345e-06
45.48 3.72082e-07
45.5 -4.76181e-06
45.52 -3.87258e-06
45.54 1.17393e-06
45.56 2.14832e-06
45.58 -2.40798e-06
45.6 -5.12559e-06
45.62 -1.53767e-06
45.64 3.01103e-06
45.66 1.30396e-06
45.68 -4.46907e-06
45.7 -5.57386e-06
45.72 -1.62401e-07
45.74 3.67395e-06
45.76 -3.64275e-08
45.78 -5.89918e-06
45.8 -4.67691e-06
45.82 2.64956e-06
45.84 5.95775e-06
45.86 1.44673e-06
45.88 -2.6727e-06
45.9 7.56146e-07
45.92 7.03028e-06
45.94 7.50284e-06
45.96 2.29342e-06
45.98 -1.47367e-06
46 -6.5464e-07
46.02 1.47621e-06
46.04 1.29392e-06
46.06 -8.02334e-07
46.08 -1.83716e-06
46.1 -1.53966e-06
46.12 -1.94911e-06
46.14 -3.18558e-06
46.16 -3.86554e-06
46.18 -2.80785e-06
46.2 4.42343e-08
46.22 2.13894e-06
46.24 6.24113e-07
46.26 -2.05896e-06
46.28 -7.34668e-07
46.3 3.06719e-06
46.32 3.30786e-06
46.34 2.6075e-08
46.36 -1.42799e-06
46.38 1.00253e-06
46.4 3.51432e-06
46.42 2.1247e-06
46.44 -1.1165e-06
46.46 -1.06887e-06
46.48 1.85718e-06
46.5 2.2873e-06
46.52 -9.39622e-07
46.54 -3.11457e-06
46.56 -1.24449e-06
46.58 1.62366e-06
46.6 1.11858e-06
46.62 -1.87038e-06
46.64 -2.72186e-06
46.66 -3.48087e-07
46.68 1.20673e-06
46.7 -9.07639e-07
46.72 -3.61239e-06
46.74 -2.4314e-06
46.76 1.08286e-06
46.78 2.05408e-06
46.8 1.10882e-07
46.82 -6.75524e-07
46.84 1.73741e-06
46.86 3.22149e-06
46.88 -6.87145e-08
46.9 -4.12787e-06
46.92 -3.27887e-06
46.94 1.30207e-06
46.96 3.66832e-06
46.98 1.066e-06
47 -2.48627e-06
47.02 -2.19076e-06
47.04 1.01374e-06
47.06 2.41104e-06
47.08 -5.30267e-07
47.1 -4.33619e-06
47.12 -2.93835e-06
47.14 2.36917e-06
47.16 3.11005e-06
47.18 -2.69826e-06
47.2 -6.61406e-06
47.22 -2.58134e-06
47.24 3.78234e-06
47.26 3.44764e-06
47.28 -1.94401e-06
47.3 -2.49959e-06
47.32 4.20859e-06
47.34 9.67246e-06
47.36 7.74754e-06
47.38 2.77446e-06
47.4 1.40232e-06
47.42 2.28617e-06
47.44 -2.89836e-07
47.46 -4.86217e-06
47.48 -4.09331e-06
47.5 1.76493e-06
47.52 3.67344e-06
47.54 -1.02991e-06
47.56 -3.56797e-06
47.58 9.01876e-07
47.6 4.82828e-06
47.62 1.28635e-06
47.64 -4.87338e-06
47.66 -5.34864e-06
47.68 -1.02739e-06
47.7 6.48084e-07
47.72 -2.44754e-06
47.74 -4.17975e-06
47.76 -3.66816e-07
47.78 4.07202e-06
47.8 2.92329e-06
47.82 -1.56432e-06
47.84 -2.72114e-06
47.86 1.24228e-07
47.88 1.35307e-06
47.9 -1.66591e-06
47.92 -4.13701e-06
47.94 -1.98056e-06
47.96 1.08141e-06
47.98 1.77487e-07
48 -2.50938e-06
48.02 -1.65181e-06
48.04 2.41464e-06
48.06 3.65973e-06
48.08 -7.44052e-07
48.1 -5.52519e-06
48.12 -3.85643e-06
48.14 2.99274e-06
48.16 5.49467e-06
48.18 -8.20906e-07
48.2 -7.0228e-06
48.22 -4.14162e-06
48.24 2.80836e-06
48.26 3.54524e-06
48.28 -1.97215e-06
48.3 -4.3598e-06
48.32 1.39864e-06
48.34 7.65452e-06
48.36 5.12362e-06
48.38 -2.11257e-06
48.4 -2.92631e-06
48.42 3.522e-06
48.44 7.01101e-06
48.46 2.32968e-06
48.48 -3.4282e-06
48.5 -2.72248e-06
48.52 1.69206e-06
48.54 1.76362e-06
48.56 -3.77709e-06
48.58 -7.11603e-06
48.6 -3.43081e-06
48.62 1.39773e-06
48.64 -4.61992e-08
48.66 -4.9109e-06
48.68 -4.04366e-06
48.7 2.91586e-06
48.72 6.16155e-06
48.74 1.23053e-06
48.76 -3.76454e-06
48.78 -7.03748e-07
48.8 5.4532e-06
48.82 4.81365e-06
48.84 -1.44047e-06
48.86 -3.53779e-06
48.88 1.38386e-06
48.9 5.34059e-06
48.92 2.24293e-06
48.94 -2.94276e-06
48.96 -2.39437e-06
48.98 2.61209e-06
49 4.14004e-06
49.02 -1.78695e-08
49.04 -3.24251e-06
49.06 -6.49166e-07
49.08 3.54423e-06
49.1 2.84595e-06
49.12 -9.75961e-07
49.14 -9.01045e-07
49.16 3.53857e-06
49.18 5.40319e-06
49.2 1.16813e-06
49.22 -3.12162e-06
49.24 -1.10792e-06
49.26 2.93979e-06
49.28 1.35172e-06
49.3 -3.94524e-06
49.32 -4.93824e-06
49.34 -2.41673e-07
49.36 3.15583e-06
49.38 4.1226e-07
49.4 -3.88461e-06
49.42 -2.61901e-06
49.44 2.51681e-06
49.46 3.80925e-06
49.48 -2.72024e-07
49.5 -3.3015e-06
49.52 -1.31883e-06
49.54 1.47975e-06
49.56 4.28488e-07
49.58 -2.5077e-06
49.6 -3.23636e-06
49.62 -2.0789e-06
49.64 -2.52255e-06
49.66 -5.38818e-06
49.68 -7.0723e-06
49.7 -5.23491e-06
49.72 -2.57946e-06
49.74 -2.2151e-06
49.76 -2.94771e-06
49.78 -1.71368e-06
49.8 8.79633e-07
49.82 1.04965e-06
49.84 -1.54922e-06
49.86 -2.28098e-06
49.88 1.19935e-06
49.9 4.46771e-06
49.92 2.76647e-06
49.94 -1.38992e-06
49.96 -2.23225e-06
49.98 3.3478e-07
50 1.36688e-06
50.02 -1.31142e-06
50.04 -3.94397e-06
50.06 -2.20826e-06
50.08 2.10078e-06
50.1 2.86967e-06
50.12 -1.2507e-06
50.14 -4.46092e-06
50.16 -2.65383e-06
50.18 1.07628e-06
50.2 1.62944e-06
50.22 -1.45239e-06
50.24 -3.8845e-06
50.26 -2.24414e-06
50.28 1.21047e-06
50.3 1.64454e-06
50.32 -7.88187e-07
50.34 -1.29415e-06
50.36 1.29685e-06
50.38 2.76338e-06
50.4 9.57508e-07
50.42 -8.87948e-07
50.44 4.40346e-07
50.46 3.21644e-06
50.48 3.17654e-06
50.5 -2.25838e-07
50.52 -2.58898e-06
50.54 -7.92614e-07
50.56 2.5719e-06
50.58 3.00473e-06
50.6 5.88894e-07
50.62 -3.97055e-07
50.64 1.44861e-06
50.66 2.62784e-06
50.68 9.52908e-07
50.7 -9.01715e-07
50.72 -7.25216e-08
50.74 1.87276e-06
50.76 1.52825e-06
50.78 -9.34855e-07
50.8 -1.89687e-06
50.82 -3.96556e-07
50.84 -2.67052e-08
50.86 -2.467e-06
50.88 -4.29795e-06
50.9 -2.96697e-06
50.92 -8.22194e-07
50.94 -9.6615e-07
50.96 -3.03276e-06
50.98 -4.2312e-06
51 -2.98359e-06
51.02 -8.8611e-07
51.04 -6.44927e-07
51.06 -2.08373e-06
51.08 -2.32298e-06
51.1 -6.31546e-07
51.12 5.54335e-07
51.14 -3.75901e-07
51.16 -2.21539e-06
51.18 -2.64689e-06
51.2 -1.00904e-06
51.22 6.16899e-07
51.24 1.55107e-07
51.26 -9.51802e-07
51.28 3.16612e-07
51.3 3.58372e-06
51.32 5.61071e-06
51.34 3.87501e-06
51.36 -2.07103e-06
51.38 -8.92447e-06
51.4 -1.12093e-05
51.42 -6.8229e-06
51.44 1.27597e-06
51.46 7.45081e-06
51.48 6.74439e-06
51.5 5.6341e-07
51.52 -2.21785e-06
51.54 2.59991e-06
51.56 6.95582e-06
51.58 3.32277e-06
51.6 -3.9235e-06
51.62 -5.59824e-06
51.64 5.91158e-08
51.66 5.76508e-06
51.68 5.23352e-06
51.7 1.06326e-06
51.72 -4.45816e-08
51.74 2.75267e-06
51.76 3.93217e-06
51.78 5.19827e-07
51.8 -3.97549e-06
51.82 -4.99413e-06
51.84 -2.30187e-06
51.86 6.88401e-07
51.88 9.18791e-07
51.9 -9.81087e-07
51.92 -1.70793e-06
51.94 1.54913e-07
51.96 2.40543e-06
51.98 2.58274e-06
52 1.30537e-06
52.02 6.75785e-07
52.04 7.88776e-07
52.06 7.80533e-08
52.08 -1.56253e-06
52.1 -2.06454e-06
52.12 -4.71855e-07
52.14 5.40894e-07
52.16 -1.06017e-06
52.18 -2.35942e-06
52.2 1.64718e-08
52.22 4.11275e-06
52.24 5.01915e-06
52.26 1.97308e-06
52.28 -5.33786e-07
52.3 5.26329e-07
52.32 2.60945e-06
52.34 1.63463e-06
52.36 -1.91842e-06
52.38 -3.47169e-06
52.4 -1.22564e-06
52.42 1.02484e-06
52.44 -5.1722e-08
52.46 -1.80596e-06
52.48 -2.44627e-07
52.5 2.78421e-06
52.52 2.47599e-06
52.54 -1.241e-06
52.56 -3.4711e-06
52.58 -1.87372e-06
52.6 -7.16542e-08
52.62 -1.29019e-06
52.64 -3.59348e-06
52.66 -3.46843e-06
52.68 -1.13123e-06
52.7 2.68641e-07
52.72 -3.31197e-07
52.74 -1.33291e-06
52.76 -1.41748e-06
52.78 -9.11597e-07
52.8 -9.38272e-07
52.82 -1.57963e-06
52.84 -1.74594e-06
52.86 -1.18155e-06
52.88 -1.04435e-06
52.9 -1.5347e-06
52.92 -1.11668e-06
52.94 3.41825e-07
52.96 5.06023e-07
52.98 -1.15258e-06
53 -1.81e-06
53.02 7.24966e-08
53.04 2.08763e-06
53.06 1.57642e-06
53.08 -1.34187e-07
53.1 1.61397e-07
53.12 2.46332e-06
53.14 3.30631e-06
53.16 1.47152e-06
53.18 1.86888e-07
53.2 1.19247e-06
53.22 2.14559e-06
53.24 9.92752e-07
53.26 -9.38162e-07
53.28 -1.29141e-06
53.3 -3.43466e-07
53.32 -3.4687e-07
53.34 -2.05787e-06
53.36 -3.25533e-06
53.38 -1.95978e-06
53.4 -1.15765e-08
53.42 -1.55458e-07
53.44 -1.50693e-06
53.46 -1.53496e-06
53.48 -2.79167e-07
53.5 2.70638e-07
53.52 -3.49079e-07
53.54 -6.03891e-07
53.56 2.18107e-07
53.58 8.65962e-07
53.6 1.55609e-07
53.62 -1.29524e-06
53.64 -1.97802e-06
53.66 -1.3163e-06
53.68 -4.43355e-07
53.7 -7.39884e-07
53.72 -1.34082e-06
53.74 -5.08641e-07
53.76 1.15389e-06
53.78 1.66029e-06
53.8 7.83071e-07
53.82 7.3149e-09
53.84 4.77713e-07
53.86 1.69709e-06
53.88 1.69138e-06
53.9 -1.98947e-07
53.92 -1.52504e-06
53.94 -2.66758e-07
53.96 1.65384e-06
53.98 1.37561e-06
54 -5.90854e-07
54.02 -1.37035e-06
54.04 7.89609e-08
54.06 1.70884e-06
54.08 1.50607e-06
54.1 1.42899e-07
54.12 1.57301e-08
54.14 1.48197e-06
54.16 1.91858e-06
54.18 2.97675e-07
54.2 -1.3527e-06
54.22 -1.80448e-06
54.24 -1.67776e-06
54.26 -1.7029e-06
54.28 -2.06789e-06
54.3 -2.05778e-06
54.32 -1.21048e-06
54.34 -5.61546e-07
54.36 -1.01688e-06
54.38 -1.88758e-06
54.4 -1.92553e-06
54.42 -9.43152e-07
54.44 2.20103e-07
54.46 8.38145e-07
54.48 8.93489e-07
54.5 8.15664e-07
54.52 1.06824e-06
54.54 1.48306e-06
54.56 1.27894e-06
54.58 3.22841e-07
54.6 -3.7001e-07
54.62 2.14941e-07
54.64 1.34668e-06
54.66 1.2813e-06
54.68 -3.51004e-07
54.7 -2.10724e-06
54.72 -2.26882e-06
54.74 -1.25354e-06
54.76 -1.28769e-06
54.78 -2.6767e-06
54.8 -3.33074e-06
54.82 -2.35555e-06
54.84 -8.44048e-07
54.86 5.51628e-08
54.88 2.97953e-07
54.9 8.41468e-07
54.92 1.81884e-06
54.94 2.07948e-06
54.96 1.61599e-06
54.98 1.65953e-06
55 1.96701e-06
55.02 1.32621e-06
55.04 1.94036e-08
55.06 -4.77926e-07
55.08 5.5528e-08
55.1 3.57764e-07
55.12 3.13595e-08
55.14 -3.57231e-07
55.16 -4.01646e-07
55.18 -8.2208e-08
55.2 3.62995e-07
55.22 8.41538e-07
55.24 1.26149e-06
55.26 1.43275e-06
55.28 1.28876e-06
55.3 8.80113e-07
55.32 6.48979e-07
55.34 1.08066e-06
55.36 1.2747e-06
55.38 8.28354e-08
55.4 -1.27705e-06
55.42 -9.15607e-07
55.44 2.89198e-07
55.46 2.24261e-07
55.48 -1.0152e-06
55.5 -1.99983e-06
55.52 -1.93249e-06
55.54 -1.18375e-06
55.56 -7.38185e-07
55.58 -7.19859e-07
55.6 -6.80979e-07
55.62 -2.60173e-07
55.64 1.99569e-07
55.66 -5.2021e-07
55.68 -2.00123e-06
55.7 -1.92699e-06
55.72 1.03776e-07
55.74 1.50924e-06
55.76 4.82176e-07
55.78 -1.31038e-06
55.8 -1.05555e-06
55.82 1.12849e-06
55.84 2.13809e-06
55.86 7.34931e-07
55.88 9.17214e-08
55.9 2.72664e-06
55.92 5.04534e-06
55.94 8.91345e-07
55.96 -7.72622e-06
55.98 -1.03631e-05
56 -3.6899e-06
56.02 3.50521e-06
56.04 3.15338e-06
56.06 -2.44131e-06
56.08 -3.95844e-06
56.1 2.00682e-06
56.12 7.85112e-06
56.14 6.00155e-06
56.16 -1.07108e-06
56.18 -4.35769e-06
56.2 -9.32257e-07
56.22 2.20282e-06
56.24 -8.13435e-08
56.26 -3.54965e-06
56.28 -2.34943e-06
56.3 2.33788e-06
56.32 4.46206e-06
56.34 1.75841e-06
56.36 -1.13205e-06
56.38 -1.29521e-07
56.4 2.11182e-06
56.42 1.26938e-06
56.44 -1.15456e-06
56.46 -2.44156e-07
56.48 3.59066e-06
56.5 4.47137e-06
56.52 8.06032e-07
56.54 -1.77896e-06
56.56 5.82637e-07
56.58 3.94456e-06
56.6 2.32914e-06
56.62 -2.90954e-06
56.64 -4.65691e-06
56.66 -7.56382e-07
56.68 3.00109e-06
56.7 1.29447e-06
56.72 -3.12652e-06
56.74 -3.52471e-06
56.76 6.64571e-07
56.78 3.20129e-06
56.8 6.67485e-07
56.82 -2.42786e-06
56.84 -1.15233e-06
56.86 2.24741e-06
56.88 2.83419e-06
56.9 -1.91921e-07
56.92 -3.00362e-06
56.94 -2.17473e-06
56.96 -4.888e-08
56.98 -1.03405e-06
57 -4.11105e-06
57.02 -4.45873e-06
57.04 -1.63764e-06
57.06 -4.0544e-07
57.08 -2.39433e-06
57.1 -3.046e-06
57.12 7.7371e-08
57.14 2.39021e-06
57.16 1.68389e-07
57.18 -3.13231e-06
57.2 -2.21952e-06
57.22 1.77187e-06
57.24 2.62967e-06
57.26 -1.30954e-06
57.28 -4.27989e-06
57.3 -1.64062e-06
57.32 2.95521e-06
57.34 2.78493e-06
57.36 -1.62392e-06
57.38 -3.04735e-06
57.4 1.1122e-06
57.42 4.65948e-06
57.44 2.41641e-06
57.46 -2.24918e-06
57.48 -2.9403e-06
57.5 6.53302e-07
57.52 3.03763e-06
57.54 1.01763e-06
57.56 -2.30216e-06
57.58 -2.20438e-06
57.6 9.33438e-07
57.62 2.56837e-06
57.64 7.61667e-07
57.66 -1.48489e-06
57.68 -9.64642e-07
57.7 1.06162e-06
57.72 1.17444e-06
57.74 -8.1942e-07
57.76 -1.86612e-06
57.78 -5.6961e-07
57.8 7.79155e-07
57.82 7.8694e-08
57.84 -1.26976e-06
57.86 -8.81355e-07
57.88 6.69893e-07
57.9 8.27218e-07
57.92 -6.89115e-07
57.94 -1.33548e-06
57.96 3.2809e-08
57.98 1.21886e-06
58 3.24244e-07
58.02 -1.22364e-06
58.04 -1.15873e-06
58.06 2.32677e-07
58.08 8.7423e-07
58.1 -2.92345e-08
58.12 -9.69549e-07
58.14 -4.96197e-07
58.16 6.1769e-07
58.18 7.00513e-07
58.2 -2.503e-07
58.22 -6.83309e-07
58.24 5.86176e-08
58.26 7.64593e-07
58.28 3.25059e-07
58.3 -5.46875e-07
58.32 -4.99401e-07
58.34 3.55249e-07
58.36 6.80027e-07
58.38 3.40016e-08
58.4 -5.01244e-07
58.42 -8.01883e-08
58.44 6.17639e-07
58.46 5.15886e-07
58.48 -2.01284e-07
58.5 -4.36404e-07
58.52 1.3745e-07
58.54 6.15025e-07
58.56 2.72172e-07
58.58 -3.29212e-07
58.6 -2.51944e-07
58.62 3.55339e-07
58.64 5.35639e-07
58.66 4.38942e-08
58.68 -3.17919e-07
58.7 -6.04815e-09
58.72 4.55474e-07
58.74 3.54022e-07
58.76 -1.1743e-07
58.78 -2.15889e-07
58.8 1.84964e-07
58.82 4.432e-07
58.84 1.75531e-07
58.86 -1.7866e-07
58.88 -7.70346e-08
58.9 2.98502e-07
58.92 3.63903e-07
58.94 4.19416e-08
58.96 -1.54532e-07
58.98 6.38112e-08
59 3.40775e-07
59.02 2.55364e-07
59.04 -3.82597e-08
59.06 -8.1492e-08
59.08 1.75881e-07
59.1 3.26572e-07
59.12 1.51277e-07
59.14 -6.23972e-08
59.16 1.20077e-08
59.18 2.44183e-07
59.2 2.74179e-07
59.22 7.12828e-08
59.24 -4.13916e-08
59.26 1.01644e-07
59.28 2.68701e-07
59.3 2.07152e-07
59.32 2.63692e-08
59.34 8.57609e-09
59.36 1.71156e-07
59.38 2.57945e-07
59.4 1.442e-07
59.42 1.6311e-08
59.44 6.96957e-08
59.46 2.13073e-07
59.48 2.25286e-07
59.5 9.79172e-08
59.52 3.39162e-08
59.54 1.27105e-07
59.56 2.27694e-07
59.58 1.84637e-07
59.6 7.38226e-08
59.62 6.84572e-08
59.64 1.71025e-07
59.66 2.20837e-07
59.68 1.47514e-07
59.7 7.13073e-08
59.72 1.0886e-07
59.74 1.97301e-07
59.76 2.01054e-07
59.78 1.21411e-07
59.8 8.55283e-08
59.82 1.46068e-07
59.84 2.06571e-07
59.86 1.77017e-07
59.88 1.09353e-07
59.9 1.09643e-07
59.92 1.74291e-07
59.94 2.02752e-07
59.96 1.55785e-07
59.98 -1.85673e-08
