0.02 4.43068e-05
0.04 0.000125527
0.06 0.000137434
0.08 6.29027e-05
0.1 1.80122e-05
0.12 6.72771e-05
0.14 0.000130062
0.16 0.000112482
0.18 5.06888e-05
0.2 4.7608e-05
0.22 0.000111781
0.24 0.000150865
0.26 0.000119662
0.28 8.652e-05
0.3 0.000119935
0.32 0.000174853
0.34 0.000181861
0.36 0.000167145
0.38 0.000161249
0.4 8.46959e-05
0.42 -0.000106892
0.44 -9.76318e-05
0.46 0.000297098
0.48 0.000469384
0.5 1.72414e-05
0.52 -0.000444129
0.54 -0.000323066
0.56 -9.47486e-05
0.58 -0.0004683
0.6 -0.000862605
0.62 -0.000393572
0.64 0.000154661
0.66 -0.000192191
0.68 -0.00118659
0.7 -0.00173875
0.72 -0.000411688
0.74 0.00149473
0.76 0.0010699
0.78 -0.000576025
0.8 0.000153938
0.82 0.00319446
0.84 0.00493979
0.86 0.00331103
0.88 0.000271997
0.9 -0.000742753
0.92 0.000965407
0.94 0.00235502
0.96 0.000299095
0.98 -0.00339948
1 -0.00390671
1.02 -0.000335868
1.04 0.0025806
1.06 0.000479316
1.08 -0.00447797
1.1 -0.00640517
1.12 -0.00303335
1.14 0.00221693
1.16 0.00322951
1.18 -0.00229202
1.2 -0.00719709
1.22 -0.00368882
1.24 0.00362183
1.26 0.0041808
1.28 -0.00334093
1.3 -0.0104224
1.32 -0.00840678
1.34 0.00277172
1.36 0.0130823
1.38 0.0121042
1.4 0.00035695
1.42 -0.0102556
1.44 -0.00927204
1.46 -0.000864508
1.48 0.0016566
1.5 -0.00698382
1.52 -0.0193506
1.54 -0.0277313
1.56 -0.0324201
1.58 -0.0361857
1.6 -0.0389697
1.62 -0.0391016
1.64 -0.0349095
1.66 -0.025948
1.68 -0.0142037
1.7 -0.00275717
1.72 0.00444536
1.74 0.00340441
1.76 -0.00457867
1.78 -0.0144895
1.8 -0.0251923
1.82 -0.0371565
1.84 -0.0499111
1.86 -0.063652
1.88 -0.0748971
1.9 -0.0783492
1.92 -0.0751655
1.94 -0.0703508
1.96 -0.065815
1.98 -0.0614053
2 -0.0590169
2.02 -0.0625784
2.04 -0.0748999
2.06 -0.095484
2.08 -0.122056
2.1 -0.152805
2.12 -0.184558
2.14 -0.21149
2.16 -0.228221
2.18 -0.230693
2.2 -0.21564
2.22 -0.183889
2.24 -0.140063
2.26 -0.0892027
2.28 -0.0389387
2.3 0.00158062
2.32 0.0232032
2.34 0.0219091
2.36 0.00204124
2.38 -0.0314113
2.4 -0.0724821
2.42 -0.119269
2.44 -0.173633
2.46 -0.227473
2.48 -0.26821
2.5 -0.291169
2.52 -0.293688
2.54 -0.271323
2.56 -0.225069
2.58 -0.157284
2.6 -0.0647023
2.62 0.0522479
2.64 0.18453
2.66 0.328314
2.68 0.488152
2.7 0.668302
2.72 0.872717
2.74 1.10828
2.76 1.38356
2.78 1.7045
2.8 2.07397
2.82 2.49557
2.84 2.97356
2.86 3.51095
2.88 4.10693
2.9 4.75589
2.92 5.45396
2.94 6.20005
2.96 6.99109
2.98 7.82424
3 8.6996
3.02 9.60995
3.04 10.5379
3.06 11.4704
3.08 12.3985
3.1 13.3081
3.12 14.1847
3.14 15.0144
3.16 15.7819
3.18 16.4709
3.2 17.0668
3.22 17.5575
3.24 17.9326
3.26 18.1843
3.28 18.3074
3.3 18.3016
3.32 18.1732
3.34 17.9335
3.36 17.6017
3.38 17.2026
3.4 16.7564
3.42 16.2794
3.44 15.7924
3.46 15.3239
3.48 14.8996
3.5 14.5333
3.52 14.2328
3.54 14.0053
3.56 13.8553
3.58 13.7858
3.6 13.8019
3.62 13.9093
3.64 14.1029
3.66 14.3531
3.68 14.6267
3.7 14.909
3.72 15.185
3.74 15.4311
3.76 15.6283
3.78 15.7669
3.8 15.8411
3.82 15.8436
3.84 15.7701
3.86 15.6218
3.88 15.3988
3.9 15.1012
3.92 14.7306
3.94 14.287
3.96 13.7695
3.98 13.1829
4 12.5448
4.02 11.8718
4.04 11.1699
4.06 10.4468
4.08 9.717
4.1 8.99372
4.12 8.28785
4.14 7.61188
4.16 6.97743
4.18 6.38591
4.2 5.82288
4.22 5.27109
4.24 4.72248
4.26 4.17112
4.28 3.61005
4.3 3.03652
4.32 2.46114
4.34 1.90715
4.36 1.38719
4.38 0.898091
4.4 0.435245
4.42 -0.0062266
4.44 -0.432594
4.46 -0.8437
4.48 -1.22804
4.5 -1.58184
4.52 -1.91935
4.54 -2.25007
4.56 -2.57168
4.58 -2.87984
4.6 -3.17233
4.62 -3.4488
4.64 -3.70219
4.66 -3.91988
4.68 -4.09495
4.7 -4.22312
4.72 -4.2969
4.74 -4.30903
4.76 -4.25601
4.78 -4.14471
4.8 -3.99393
4.82 -3.81786
4.84 -3.61974
4.86 -3.40268
4.88 -3.17254
4.9 -2.93426
4.92 -2.69383
4.94 -2.46109
4.96 -2.24444
4.98 -2.04882
5 -1.88323
5.02 -1.76135
5.04 -1.69628
5.06 -1.69146
5.08 -1.7285
5.1 -1.78191
5.12 -1.84206
5.14 -1.90683
5.16 -1.97081
5.18 -2.02749
5.2 -2.0699
5.22 -2.09005
5.24 -2.08748
5.26 -2.07902
5.28 -2.0811
5.3 -2.09212
5.32 -2.10025
5.34 -2.09344
5.36 -2.06605
5.38 -2.02052
5.4 -1.96271
5.42 -1.89763
5.44 -1.82411
5.46 -1.73636
5.48 -1.63219
5.5 -1.51369
5.52 -1.38301
5.54 -1.24301
5.56 -1.09956
5.58 -0.959636
5.6 -0.82793
5.62 -0.707665
5.64 -0.599109
5.66 -0.499604
5.68 -0.410574
5.7 -0.336284
5.72 -0.278092
5.74 -0.236783
5.76 -0.214428
5.78 -0.214066
5.8 -0.238421
5.82 -0.285915
5.84 -0.352938
5.86 -0.439155
5.88 -0.545436
5.9 -0.672087
5.92 -0.816298
5.94 -0.966965
5.96 -1.11079
5.98 -1.23794
6 -1.33885
6.02 -1.4076
6.04 -1.44308
6.06 -1.44185
6.08 -1.40242
6.1 -1.33118
6.12 -1.23284
6.14 -1.10691
6.16 -0.954658
6.18 -0.78704
6.2 -0.624497
6.22 -0.482667
6.24 -0.37095
6.26 -0.3005
6.28 -0.280595
6.3 -0.311538
6.32 -0.384025
6.34 -0.487781
6.36 -0.615971
6.38 -0.761161
6.4 -0.916222
6.42 -1.07608
6.44 -1.23557
6.46 -1.39062
6.48 -1.54294
6.5 -1.70107
6.52 -1.87395
6.54 -2.06812
6.56 -2.28556
6.58 -2.51772
6.6 -2.75563
6.62 -2.99883
6.64 -3.24309
6.66 -3.4743
6.68 -3.6792
6.7 -3.85265
6.72 -3.99793
6.74 -4.12538
6.76 -4.24356
6.78 -4.35234
6.8 -4.44636
6.82 -4.52181
6.84 -4.57657
6.86 -4.60702
6.88 -4.6111
6.9 -4.59223
6.92 -4.55816
6.94 -4.51664
6.96 -4.47031
6.98 -4.41578
7 -4.34831
7.02 -4.26739
7.04 -4.17615
7.06 -4.07679
7.08 -3.96999
7.1 -3.85469
7.12 -3.72831
7.14 -3.59025
7.16 -3.44156
7.18 -3.28211
7.2 -3.11087
7.22 -2.92699
7.24 -2.73014
7.26 -2.52301
7.28 -2.31435
7.3 -2.11282
7.32 -1.91928
7.34 -1.73024
7.36 -1.54406
7.38 -1.36133
7.4 -1.1829
7.42 -1.01062
7.44 -0.847601
7.46 -0.696724
7.48 -0.561809
7.5 -0.446127
7.52 -0.350389
7.54 -0.276357
7.56 -0.227085
7.58 -0.202052
7.6 -0.195762
7.62 -0.201158
7.64 -0.212618
7.66 -0.224088
7.68 -0.230621
7.7 -0.233249
7.72 -0.237205
7.74 -0.246679
7.76 -0.259931
7.78 -0.271097
7.8 -0.277384
7.82 -0.279436
7.84 -0.280681
7.86 -0.289079
7.88 -0.311555
7.9 -0.349367
7.92 -0.401692
7.94 -0.467172
7.96 -0.542909
7.98 -0.626361
8 -0.715539
8.02 -0.806356
8.04 -0.892985
8.06 -0.971443
8.08 -1.04033
8.1 -1.09835
8.12 -1.14381
8.14 -1.176
8.16 -1.19494
8.18 -1.19916
8.2 -1.18488
8.22 -1.15007
8.24 -1.102
8.26 -1.0531
8.28 -1.00846
8.3 -0.9663
8.32 -0.92347
8.34 -0.876887
8.36 -0.826884
8.38 -0.776553
8.4 -0.727031
8.42 -0.677181
8.44 -0.627976
8.46 -0.586508
8.48 -0.559853
8.5 -0.547274
8.52 -0.54457
8.54 -0.549022
8.56 -0.557699
8.58 -0.566715
8.6 -0.571417
8.62 -0.568058
8.64 -0.558412
8.66 -0.545444
8.68 -0.52683
8.7 -0.499794
8.72 -0.464768
8.74 -0.423959
8.76 -0.380823
8.78 -0.338877
8.8 -0.301439
8.82 -0.273215
8.84 -0.260478
8.86 -0.270879
8.88 -0.308046
8.9 -0.366955
8.92 -0.441626
8.94 -0.52692
8.96 -0.616372
8.98 -0.707822
9 -0.80169
9.02 -0.896932
9.04 -0.993402
9.06 -1.09
9.08 -1.18175
9.1 -1.26585
9.12 -1.34496
9.14 -1.42095
9.16 -1.49399
9.18 -1.56687
9.2 -1.64295
9.22 -1.72317
9.24 -1.80641
9.26 -1.8897
9.28 -1.96935
9.3 -2.04074
9.32 -2.09846
9.34 -2.13806
9.36 -2.15625
9.38 -2.15245
9.4 -2.13012
9.42 -2.09308
9.44 -2.04193
9.46 -1.97623
9.48 -1.89998
9.5 -1.82082
9.52 -1.74372
9.54 -1.67037
9.56 -1.60349
9.58 -1.54286
9.6 -1.4804
9.62 -1.41068
9.64 -1.3398
9.66 -1.27803
9.68 -1.23168
9.7 -1.20412
9.72 -1.19611
9.74 -1.20212
9.76 -1.21937
9.78 -1.25471
9.8 -1.31134
9.82 -1.38462
9.84 -1.46898
9.86 -1.55564
9.88 -1.63426
9.9 -1.69838
9.92 -1.7455
9.94 -1.77807
9.96 -1.80008
9.98 -1.81015
10 -1.80332
10.02 -1.77673
10.04 -1.73058
10.06 -1.66679
10.08 -1.59005
10.1 -1.50767
10.12 -1.42669
10.14 -1.35362
10.16 -1.29345
10.18 -1.24672
10.2 -1.21243
10.22 -1.19157
10.24 -1.18592
10.26 -1.19642
10.28 -1.22233
10.3 -1.26036
10.32 -1.30525
10.34 -1.35211
10.36 -1.39756
10.38 -1.43905
10.4 -1.47483
10.42 -1.5028
10.44 -1.51983
10.46 -1.52392
10.48 -1.51495
10.5 -1.49271
10.52 -1.45671
10.54 -1.40861
10.56 -1.35484
10.58 -1.30225
10.6 -1.25187
10.62 -1.20206
10.64 -1.1533
10.66 -1.10649
10.68 -1.06291
10.7 -1.02644
10.72 -1.00097
10.74 -0.98737
10.76 -0.985845
10.78 -0.996114
10.8 -1.01455
10.82 -1.03656
10.84 -1.05957
10.86 -1.08342
10.88 -1.11121
10.9 -1.14582
10.92 -1.18607
10.94 -1.22924
10.96 -1.27335
10.98 -1.31667
11 -1.35828
11.02 -1.39846
11.04 -1.4375
11.06 -1.47426
11.08 -1.5067
11.1 -1.53279
11.12 -1.5497
11.14 -1.55367
11.16 -1.54201
11.18 -1.5142
11.2 -1.47117
11.22 -1.41424
11.24 -1.34633
11.26 -1.27338
11.28 -1.20162
11.3 -1.1351
11.32 -1.07621
11.34 -1.02673
11.36 -0.988671
11.38 -0.964172
11.4 -0.952951
11.42 -0.951644
11.44 -0.957535
11.46 -0.970227
11.48 -0.989742
11.5 -1.0156
11.52 -1.04687
11.54 -1.08158
11.56 -1.11677
11.58 -1.14917
11.6 -1.17572
11.62 -1.19369
11.64 -1.20122
11.66 -1.19791
11.68 -1.18467
11.7 -1.16355
11.72 -1.1371
11.74 -1.10741
11.76 -1.07709
11.78 -1.05027
11.8 -1.03163
11.82 -1.0251
11.84 -1.03275
11.86 -1.05445
11.88 -1.08883
11.9 -1.1327
11.92 -1.17991
11.94 -1.22417
11.96 -1.26177
11.98 -1.2913
12 -1.31274
12.02 -1.32639
12.04 -1.33181
12.06 -1.32853
12.08 -1.31669
12.1 -1.29721
12.12 -1.27218
12.14 -1.24297
12.16 -1.20867
12.18 -1.16866
12.2 -1.12442
12.22 -1.07868
12.24 -1.03503
12.26 -0.99752
12.28 -0.969645
12.3 -0.954148
12.32 -0.953037
12.34 -0.967107
12.36 -0.995446
12.38 -1.03523
12.4 -1.08225
12.42 -1.13195
12.44 -1.18011
12.46 -1.22339
12.48 -1.25945
12.5 -1.28613
12.52 -1.30153
12.54 -1.30472
12.56 -1.29592
12.58 -1.27556
12.6 -1.24394
12.62 -1.20162
12.64 -1.15001
12.66 -1.09245
12.68 -1.03337
12.7 -0.976487
12.72 -0.924591
12.74 -0.879993
12.76 -0.844637
12.78 -0.820312
12.8 -0.807694
12.82 -0.804785
12.84 -0.808361
12.86 -0.817024
12.88 -0.831258
12.9 -0.851341
12.92 -0.876105
12.94 -0.903775
12.96 -0.933285
12.98 -0.964004
13 -0.995191
13.02 -1.02624
13.04 -1.05667
13.06 -1.0854
13.08 -1.11067
13.1 -1.13086
13.12 -1.14472
13.14 -1.15128
13.16 -1.15026
13.18 -1.14268
13.2 -1.13015
13.22 -1.11347
13.24 -1.09248
13.26 -1.06722
13.28 -1.03912
13.3 -1.01119
13.32 -0.986444
13.34 -0.966346
13.36 -0.950826
13.38 -0.938657
13.4 -0.928764
13.42 -0.921343
13.44 -0.916886
13.46 -0.915615
13.48 -0.918425
13.5 -0.92636
13.52 -0.939232
13.54 -0.955933
13.56 -0.9756
13.58 -0.997872
13.6 -1.0226
13.62 -1.04937
13.64 -1.07711
13.66 -1.10429
13.68 -1.12979
13.7 -1.15316
13.72 -1.17411
13.74 -1.1918
13.76 -1.20455
13.78 -1.21012
13.8 -1.20673
13.82 -1.1938
13.84 -1.17188
13.86 -1.14262
13.88 -1.10869
13.9 -1.07284
13.92 -1.03694
13.94 -1.00196
13.96 -0.968237
13.98 -0.93597
14 -0.905712
14.02 -0.87746
14.04 -0.849684
14.06 -0.820562
14.08 -0.789321
14.1 -0.756529
14.12 -0.725101
14.14 -0.699607
14.16 -0.683027
14.18 -0.675701
14.2 -0.677443
14.22 -0.689261
14.24 -0.712656
14.26 -0.747909
14.28 -0.79342
14.3 -0.846397
14.32 -0.904249
14.34 -0.965631
14.36 -1.02976
14.38 -1.09503
14.4 -1.15941
14.42 -1.22153
14.44 -1.28061
14.46 -1.3355
14.48 -1.38438
14.5 -1.42508
14.52 -1.45517
14.54 -1.47255
14.56 -1.47605
14.58 -1.46589
14.6 -1.44339
14.62 -1.40939
14.64 -1.36354
14.66 -1.30566
14.68 -1.23741
14.7 -1.16362
14.72 -1.09107
14.74 -1.02456
14.76 -0.965472
14.78 -0.913661
14.8 -0.869995
14.82 -0.836528
14.84 -0.813979
14.86 -0.801216
14.88 -0.797859
14.9 -0.80462
14.92 -0.820287
14.94 -0.841706
14.96 -0.866708
14.98 -0.894382
15 -0.923757
15.02 -0.953714
15.04 -0.9837
15.06 -1.01383
15.08 -1.04398
15.1 -1.07339
15.12 -1.10057
15.14 -1.12272
15.16 -1.13684
15.18 -1.14154
15.2 -1.13679
15.22 -1.12319
15.24 -1.10235
15.26 -1.07697
15.28 -1.04989
15.3 -1.02395
15.32 -1.00145
15.34 -0.98347
15.36 -0.969855
15.38 -0.959772
15.4 -0.952028
15.42 -0.945292
15.44 -0.938582
15.46 -0.931933
15.48 -0.926594
15.5 -0.924038
15.52 -0.924386
15.54 -0.926558
15.56 -0.929451
15.58 -0.931828
15.6 -0.932299
15.62 -0.930261
15.64 -0.926407
15.66 -0.92244
15.68 -0.919936
15.7 -0.919111
15.72 -0.918946
15.74 -0.917998
15.76 -0.915217
15.78 -0.91052
15.8 -0.904343
15.82 -0.897302
15.84 -0.890692
15.86 -0.88619
15.88 -0.884787
15.9 -0.886522
15.92 -0.890848
15.94 -0.896778
15.96 -0.902869
15.98 -0.907693
16 -0.910554
16.02 -0.91131
16.04 -0.910141
16.06 -0.907824
16.08 -0.905129
16.1 -0.902363
16.12 -0.900222
16.14 -0.900144
16.16 -0.903096
16.18 -0.908379
16.2 -0.914284
16.22 -0.91966
16.24 -0.924379
16.26 -0.929498
16.28 -0.936738
16.3 -0.946281
16.32 -0.956242
16.34 -0.965056
16.36 -0.972932
16.38 -0.980768
16.4 -0.988928
16.42 -0.99755
16.44 -1.00707
16.46 -1.01803
16.48 -1.03098
16.5 -1.04703
16.52 -1.06803
16.54 -1.09558
16.56 -1.12951
16.58 -1.16773
16.6 -1.20766
16.62 -1.24745
16.64 -1.28608
16.66 -1.32288
16.68 -1.3548
16.7 -1.37453
16.72 -1.37425
16.74 -1.34864
16.76 -1.29373
16.78 -1.20756
16.8 -1.09122
16.82 -0.947469
16.84 -0.781774
16.86 -0.606169
16.88 -0.433417
16.9 -0.267743
16.92 -0.110186
16.94 0.0347374
16.96 0.162645
16.98 0.271499
17 0.359956
17.02 0.427084
17.04 0.472217
17.06 0.494021
17.08 0.490823
17.1 0.46102
17.12 0.402519
17.14 0.314124
17.16 0.198622
17.18 0.0627447
17.2 -0.0876811
17.22 -0.250227
17.24 -0.421818
17.26 -0.597361
17.28 -0.773485
17.3 -0.948673
17.32 -1.12032
17.34 -1.28392
17.36 -1.43345
17.38 -1.56195
17.4 -1.66294
17.42 -1.73097
17.44 -1.76117
17.46 -1.75041
17.48 -1.69975
17.5 -1.61402
17.52 -1.49854
17.54 -1.35842
17.56 -1.20184
17.58 -1.03935
17.6 -0.879234
17.62 -0.727524
17.64 -0.590013
17.66 -0.471117
17.68 -0.373177
17.7 -0.297734
17.72 -0.246877
17.74 -0.223033
17.76 -0.227271
17.78 -0.258324
17.8 -0.313498
17.82 -0.389376
17.84 -0.480399
17.86 -0.57901
17.88 -0.678917
17.9 -0.776068
17.92 -0.866935
17.94 -0.947606
17.96 -1.01362
17.98 -1.06046
18 -1.08509
18.02 -1.08675
18.04 -1.06626
18.06 -1.0253
18.08 -0.967473
18.1 -0.899674
18.12 -0.829459
18.14 -0.76162
18.16 -0.698809
18.18 -0.643152
18.2 -0.596857
18.22 -0.563287
18.24 -0.547349
18.26 -0.554186
18.28 -0.587126
18.3 -0.646024
18.32 -0.725485
18.34 -0.813551
18.36 -0.896574
18.38 -0.965464
18.4 -1.01376
18.42 -1.03515
18.44 -1.02477
18.46 -0.979493
18.48 -0.901299
18.5 -0.800551
18.52 -0.688637
18.54 -0.570944
18.56 -0.450691
18.58 -0.332377
18.6 -0.221134
18.62 -0.122364
18.64 -0.0401172
18.66 0.0235736
18.68 0.0669866
18.7 0.0877148
18.72 0.0833658
18.74 0.0524042
18.76 -0.00592501
18.78 -0.0916741
18.8 -0.200885
18.82 -0.321935
18.84 -0.441269
18.86 -0.549777
18.88 -0.639507
18.9 -0.702591
18.92 -0.734308
18.94 -0.731995
18.96 -0.694296
18.98 -0.623143
19 -0.524926
19.02 -0.408528
19.04 -0.281632
19.06 -0.151464
19.08 -0.0261432
19.1 0.0884441
19.12 0.189311
19.14 0.273202
19.16 0.336474
19.18 0.37736
19.2 0.394748
19.22 0.385686
19.24 0.346806
19.26 0.278464
19.28 0.186046
19.3 0.0761045
19.32 -0.0456883
19.34 -0.173889
19.36 -0.30459
19.38 -0.435395
19.4 -0.563788
19.42 -0.686955
19.44 -0.801252
19.46 -0.901161
19.48 -0.980891
19.5 -1.03688
19.52 -1.06815
19.54 -1.07523
19.56 -1.05874
19.58 -1.01955
19.6 -0.961129
19.62 -0.888904
19.64 -0.804954
19.66 -0.709038
19.68 -0.605257
19.7 -0.501455
19.72 -0.404082
19.74 -0.316645
19.76 -0.240089
19.78 -0.174285
19.8 -0.121083
19.82 -0.0837108
19.84 -0.0634041
19.86 -0.0585468
19.88 -0.0648008
19.9 -0.0769646
19.92 -0.0916969
19.94 -0.106655
19.96 -0.119989
19.98 -0.131827
20 -0.143016
20.02 -0.153261
20.04 -0.161495
20.06 -0.166524
20.08 -0.169157
20.1 -0.175424
20.12 -0.193703
20.14 -0.227951
20.16 -0.27463
20.18 -0.325251
20.2 -0.374585
20.22 -0.424125
20.24 -0.475955
20.26 -0.528588
20.28 -0.58002
20.3 -0.630366
20.32 -0.678083
20.34 -0.71879
20.36 -0.750632
20.38 -0.773442
20.4 -0.784203
20.42 -0.778882
20.44 -0.754652
20.46 -0.709603
20.48 -0.643801
20.5 -0.561766
20.52 -0.470913
20.54 -0.378623
20.56 -0.291939
20.58 -0.211471
20.6 -0.132015
20.62 -0.0560436
20.64 0.0069371
20.66 0.0504539
20.68 0.0694738
20.7 0.0630132
20.72 0.0395522
20.74 0.00626942
20.76 -0.0375936
20.78 -0.0915648
20.8 -0.151811
20.82 -0.217245
20.84 -0.288564
20.86 -0.363113
20.88 -0.433553
20.9 -0.492012
20.92 -0.533632
20.94 -0.555154
20.96 -0.554197
20.98 -0.529473
21 -0.482625
21.02 -0.421159
21.04 -0.353052
21.06 -0.281175
21.08 -0.206196
21.1 -0.129891
21.12 -0.0564537
21.14 0.00856083
21.16 0.0626286
21.18 0.106568
21.2 0.139363
21.22 0.157279
21.24 0.156798
21.26 0.135864
21.28 0.0942887
21.3 0.0338085
21.32 -0.0416314
21.34 -0.124153
21.36 -0.203728
21.38 -0.273352
21.4 -0.327739
21.42 -0.363144
21.44 -0.383042
21.46 -0.39161
21.48 -0.386293
21.5 -0.367162
21.52 -0.340766
21.54 -0.313668
21.56 -0.292008
21.58 -0.281563
21.6 -0.283228
21.62 -0.292469
21.64 -0.305129
21.66 -0.320108
21.68 -0.336756
21.7 -0.352241
21.72 -0.361221
21.74 -0.359553
21.76 -0.348601
21.78 -0.333415
21.8 -0.316722
21.82 -0.298058
21.84 -0.277776
21.86 -0.257859
21.88 -0.239546
21.9 -0.222613
21.92 -0.205884
21.94 -0.187565
21.96 -0.166371
21.98 -0.141922
22 -0.113888
22.02 -0.0817484
22.04 -0.0450844
22.06 -0.00492666
22.08 0.0344961
22.1 0.0677471
22.12 0.0913836
22.14 0.103765
22.16 0.10444
22.18 0.0941928
22.2 0.0740215
22.22 0.0449813
22.24 0.00899068
22.26 -0.0318132
22.28 -0.0755806
22.3 -0.120262
22.32 -0.163469
22.34 -0.202318
22.36 -0.233903
22.38 -0.25604
22.4 -0.267105
22.42 -0.26604
22.44 -0.252944
22.46 -0.228862
22.48 -0.194949
22.5 -0.153182
22.52 -0.107192
22.54 -0.0609662
22.56 -0.017583
22.58 0.0208978
22.6 0.0532699
22.62 0.0786987
22.64 0.0963152
22.66 0.105393
22.68 0.105473
22.7 0.0962196
22.72 0.0776166
22.74 0.0503057
22.76 0.0152134
22.78 -0.0269388
22.8 -0.0751817
22.82 -0.127557
22.84 -0.181078
22.86 -0.232656
22.88 -0.279897
22.9 -0.321141
22.92 -0.355297
22.94 -0.381313
22.96 -0.397862
22.98 -0.403747
23 -0.398539
23.02 -0.382967
23.04 -0.358698
23.06 -0.327887
23.08 -0.292978
23.1 -0.256293
23.12 -0.219265
23.14 -0.182587
23.16 -0.147241
23.18 -0.114469
23.2 -0.0846875
23.22 -0.0572562
23.24 -0.0314079
23.26 -0.00668504
23.28 0.017349
23.3 0.0408254
23.32 0.0630882
23.34 0.0829903
23.36 0.0993213
23.38 0.110701
23.4 0.11506
23.42 0.109884
23.44 0.0937905
23.46 0.0676086
23.48 0.0337338
23.5 -0.00550849
23.52 -0.0486066
23.54 -0.0940653
23.56 -0.139713
23.58 -0.182874
23.6 -0.220973
23.62 -0.252177
23.64 -0.275488
23.66 -0.290529
23.68 -0.297042
23.7 -0.294259
23.72 -0.281582
23.74 -0.259771
23.76 -0.230632
23.78 -0.196158
23.8 -0.158163
23.82 -0.118058
23.84 -0.0771407
23.86 -0.0373552
23.88 -0.00110385
23.9 0.0298622
23.92 0.0551435
23.94 0.074862
23.96 0.0882342
23.98 0.0940268
24 0.091955
24.02 0.0834326
24.04 0.0714835
24.06 0.0586517
24.08 0.0455412
24.1 0.0316628
24.12 0.0159843
24.14 -0.00224634
24.16 -0.0221929
24.18 -0.0422793
24.2 -0.0622215
24.22 -0.0826064
24.24 -0.103304
24.26 -0.123222
24.28 -0.14047
24.3 -0.153153
24.32 -0.160657
24.34 -0.164082
24.36 -0.165322
24.38 -0.16558
24.4 -0.165018
24.42 -0.16313
24.44 -0.158854
24.46 -0.151034
24.48 -0.139407
24.5 -0.124822
24.52 -0.108392
24.54 -0.0910212
24.56 -0.0732939
24.58 -0.0552529
24.6 -0.036817
24.62 -0.0183278
24.64 -0.000199158
24.66 0.0174938
24.68 0.0345635
24.7 0.0499889
24.72 0.0620604
24.74 0.0695056
24.76 0.0720521
24.78 0.0702979
24.8 0.0654723
24.82 0.0586873
24.84 0.0506779
24.86 0.042143
24.88 0.0335131
24.9 0.0248415
24.92 0.0163562
24.94 0.0085172
24.96 0.00161757
24.98 -0.00420353
25 -0.00887722
25.02 -0.0124272
25.04 -0.0148654
25.06 -0.0161112
25.08 -0.0162083
25.1 -0.0155502
25.12 -0.0144793
25.14 -0.0128761
25.16 -0.0105741
25.18 -0.00778622
25.2 -0.00502453
25.22 -0.00302673
25.24 -0.00257606
25.26 -0.00435302
25.28 -0.0090683
25.3 -0.0174728
25.32 -0.0300769
25.34 -0.0464229
25.36 -0.0647625
25.38 -0.0831312
25.4 -0.100406
25.42 -0.116018
25.44 -0.129391
25.46 -0.14004
25.48 -0.147777
25.5 -0.152614
25.52 -0.1544
25.54 -0.152698
25.56 -0.147037
25.58 -0.137049
25.6 -0.122553
25.62 -0.103558
25.64 -0.0803446
25.66 -0.0536357
25.68 -0.024669
25.7 0.00497153
25.72 0.0338762
25.74 0.0609065
25.76 0.084766
25.78 0.104163
25.8 0.118239
25.82 0.126481
25.84 0.128733
25.86 0.125417
25.88 0.117164
25.9 0.104237
25.92 0.0866642
25.94 0.0647714
25.96 0.0393682
25.98 0.0113731
26 -0.0185613
26.02 -0.0499416
26.04 -0.0821896
26.06 -0.114364
26.08 -0.145006
26.1 -0.172706
26.12 -0.196803
26.14 -0.217127
26.16 -0.233327
26.18 -0.24475
26.2 -0.25063
26.22 -0.250323
26.24 -0.243587
26.26 -0.230542
26.28 -0.211463
26.3 -0.18695
26.32 -0.157977
26.34 -0.125645
26.36 -0.0912473
26.38 -0.0563168
26.4 -0.022305
26.42 0.00957211
26.44 0.0382671
26.46 0.0630076
26.48 0.083647
26.5 0.100504
26.52 0.113576
26.54 0.12235
26.56 0.126364
26.58 0.125819
26.6 0.121673
26.62 0.114994
26.64 0.106295
26.66 0.0955461
26.68 0.0826684
26.7 0.0679402
26.72 0.0517884
26.74 0.0345152
26.76 0.0164012
26.78 -0.00234569
26.8 -0.0214522
26.82 -0.0404077
26.84 -0.0587771
26.86 -0.0762257
26.88 -0.0923948
26.9 -0.106995
26.92 -0.119533
26.94 -0.129092
26.96 -0.134661
26.98 -0.135649
27 -0.132198
27.02 -0.1247
27.04 -0.113217
27.06 -0.0978674
27.08 -0.0793528
27.1 -0.0588029
27.12 -0.03724
27.14 -0.0152767
27.16 0.00663304
27.18 0.0277976
27.2 0.0472384
27.22 0.0639834
27.24 0.07736
27.26 0.0870011
27.28 0.0927641
27.3 0.0946511
27.32 0.0927564
27.34 0.0874377
27.36 0.0793673
27.38 0.0693403
27.4 0.0580037
27.42 0.045743
27.44 0.0330865
27.46 0.0208177
27.48 0.00944808
27.5 -0.000951487
27.52 -0.0106305
27.54 -0.0201183
27.56 -0.0299142
27.58 -0.0402553
27.6 -0.0511475
27.62 -0.0624502
27.64 -0.0740568
27.66 -0.0857891
27.68 -0.0971665
27.7 -0.107459
27.72 -0.115679
27.74 -0.120503
27.76 -0.120477
27.78 -0.114508
27.8 -0.102185
27.82 -0.0837136
27.84 -0.0597188
27.86 -0.0312536
27.88 0.000119758
27.9 0.032575
27.92 0.0643912
27.94 0.0940793
27.96 0.120551
27.98 0.143112
28 0.161109
28.02 0.173997
28.04 0.181479
28.06 0.183259
28.08 0.179031
28.1 0.168651
28.12 0.152465
28.14 0.131472
28.16 0.1067
28.18 0.0789968
28.2 0.0496404
28.22 0.0203091
28.24 -0.00737667
28.26 -0.0318021
28.28 -0.0513835
28.3 -0.0648764
28.32 -0.071484
28.34 -0.0709645
28.36 -0.0647973
28.38 -0.0563062
28.4 -0.0481764
28.42 -0.0407312
28.44 -0.0329285
28.46 -0.0244719
28.48 -0.0160793
28.5 -0.00817815
28.52 -0.000481176
28.54 0.00777742
28.56 0.0174691
28.58 0.0289123
28.6 0.0414046
28.62 0.0534218
28.64 0.0637253
28.66 0.0723703
28.68 0.080193
28.7 0.0876897
28.72 0.0946649
28.74 0.100168
28.76 0.102611
28.78 0.100879
28.8 0.0954197
28.82 0.0874454
28.84 0.0774202
28.86 0.0653357
28.88 0.0517767
28.9 0.0378402
28.92 0.0247422
28.94 0.0137462
28.96 0.0057742
28.98 0.000889644
29 -0.00172042
29.02 -0.00293736
29.04 -0.00262643
29.06 0.000156633
29.08 0.00580793
29.1 0.0136498
29.12 0.0224972
29.14 0.0311981
29.16 0.038838
29.18 0.044786
29.2 0.0487056
29.22 0.0505501
29.24 0.0502684
29.26 0.0476393
29.28 0.0427823
29.3 0.0363935
29.32 0.029097
29.34 0.0210552
29.36 0.0124284
29.38 0.00389388
29.4 -0.00347994
29.42 -0.00888432
29.44 -0.012084
29.46 -0.0131468
29.48 -0.012117
29.5 -0.00902347
29.52 -0.00401666
29.54 0.00245945
29.56 0.00938856
29.58 0.0155319
29.6 0.0203249
29.62 0.024011
29.64 0.0267855
29.66 0.0283643
29.68 0.0284529
29.7 0.0269754
29.72 0.0239908
29.74 0.0197081
29.76 0.0144893
29.78 0.00893527
29.8 0.00371237
29.82 -0.000664211
29.84 -0.0036392
29.86 -0.00461245
29.88 -0.00321801
29.9 0.000647185
29.92 0.00709129
29.94 0.0162089
29.96 0.0277162
29.98 0.0407592
30 0.0539667
30.02 0.0657681
30.04 0.0748897
30.06 0.0805547
30.08 0.0822435
30.1 0.0796985
30.12 0.0732798
30.14 0.0640011
30.16 0.0531533
30.18 0.0419363
30.2 0.0313076
30.22 0.0218606
30.24 0.0138824
30.26 0.00773223
30.28 0.00399089
30.3 0.00324765
30.32 0.00591247
30.34 0.0119226
30.36 0.0206701
30.38 0.0313562
30.4 0.0430862
30.42 0.0548323
30.44 0.0653506
30.46 0.073185
30.48 0.0771533
30.5 0.0768716
30.52 0.0728364
30.54 0.0659458
30.56 0.0569712
30.58 0.0465776
30.6 0.035538
30.62 0.0247902
30.64 0.0153961
30.66 0.0083404
30.68 0.00424246
30.7 0.00337052
30.72 0.00575363
30.74 0.0108786
30.76 0.0177717
30.78 0.0256915
30.8 0.0341571
30.82 0.042587
30.84 0.0505128
30.86 0.0576945
30.88 0.0639885
30.9 0.069559
30.92 0.0749284
30.94 0.0804443
30.96 0.0858964
30.98 0.0907608
31 0.0944047
31.02 0.0961022
31.04 0.0953199
31.06 0.0918717
31.08 0.0856035
31.1 0.0763599
31.12 0.0644863
31.14 0.05099
31.16 0.0370751
31.18 0.0236953
31.2 0.0114799
31.22 0.000844718
31.24 -0.00783446
31.26 -0.0140827
31.28 -0.0175311
31.3 -0.0181513
31.32 -0.0160859
31.34 -0.0114169
31.36 -0.00419752
31.38 0.00530934
31.4 0.0166902
31.42 0.0296815
31.44 0.0439384
31.46 0.0587625
31.48 0.0733913
31.5 0.0870402
31.52 0.0987256
31.54 0.107545
31.56 0.112965
31.58 0.114707
31.6 0.112663
31.62 0.106974
31.64 0.0979029
31.66 0.0856399
31.68 0.0704412
31.7 0.0527401
31.72 0.0331175
31.74 0.0123619
31.76 -0.00856254
31.78 -0.0286974
31.8 -0.0471698
31.82 -0.0632626
31.84 -0.0764465
31.86 -0.0861085
31.88 -0.0914545
31.9 -0.0918806
31.92 -0.0872407
31.94 -0.0777303
31.96 -0.0636369
31.98 -0.0452922
32 -0.0232812
32.02 0.00141318
32.04 0.027486
32.06 0.0535469
32.08 0.0783268
32.1 0.100788
32.12 0.120088
32.14 0.135424
32.16 0.146139
32.18 0.151948
32.2 0.152845
32.22 0.148901
32.24 0.140265
32.26 0.127255
32.28 0.11041
32.3 0.0904463
32.32 0.0681093
32.34 0.0440814
32.36 0.0191116
32.38 -0.00593681
32.4 -0.0302614
32.42 -0.053111
32.44 -0.0737163
32.46 -0.0913464
32.48 -0.105284
32.5 -0.114962
32.52 -0.120188
32.54 -0.120902
32.56 -0.116869
32.58 -0.10791
32.6 -0.0942262
32.62 -0.0762773
32.64 -0.0544982
32.66 -0.0293068
32.68 -0.00128598
32.7 0.028725
32.72 0.0596442
32.74 0.0902057
32.76 0.118962
32.78 0.144441
32.8 0.165556
32.82 0.181701
32.84 0.192658
32.86 0.198586
32.88 0.199934
32.9 0.197405
32.92 0.191744
32.94 0.183426
32.96 0.172678
32.98 0.159686
33 0.144622
33.02 0.127614
33.04 0.108897
33.06 0.088956
33.08 0.0684473
33.1 0.0480025
33.12 0.0281299
33.14 0.00932944
33.16 -0.00775314
33.18 -0.0224757
33.2 -0.0342922
33.22 -0.0426151
33.24 -0.0469624
33.26 -0.0471457
33.28 -0.0432837
33.3 -0.0358594
33.32 -0.0254931
33.34 -0.0124683
33.36 0.00326014
33.38 0.021552
33.4 0.041746
33.42 0.0628209
33.44 0.0838379
33.46 0.104153
33.48 0.123136
33.5 0.139955
33.52 0.153809
33.54 0.16406
33.56 0.170303
33.58 0.172582
33.6 0.17126
33.62 0.166612
33.64 0.158735
33.66 0.14765
33.68 0.133364
33.7 0.116047
33.72 0.0962724
33.74 0.074846
33.76 0.0525774
33.78 0.0305023
33.8 0.0100085
33.82 -0.00754977
33.84 -0.0212156
33.86 -0.0303399
33.88 -0.0344572
33.9 -0.0333137
33.92 -0.0268606
33.94 -0.0153161
33.96 0.000795451
33.98 0.0208212
34 0.0440562
34.02 0.0695528
34.04 0.0961219
34.06 0.122596
34.08 0.147813
34.1 0.170522
34.12 0.189716
34.14 0.204727
34.16 0.214988
34.18 0.220095
34.2 0.219949
34.22 0.214706
34.24 0.204641
34.26 0.190086
34.28 0.171571
34.3 0.149962
34.32 0.126318
34.34 0.101592
34.36 0.0766837
34.38 0.052771
34.4 0.0312317
34.42 0.0132235
34.44 -0.000429824
34.46 -0.00918923
34.48 -0.0128471
34.5 -0.0116124
34.52 -0.0060875
34.54 0.0029004
34.56 0.0144725
34.58 0.0278883
34.6 0.0427014
34.62 0.0587172
34.64 0.0757045
34.66 0.0931422
34.68 0.110268
34.7 0.126254
34.72 0.140308
34.74 0.151698
34.76 0.159787
34.78 0.164206
34.8 0.164983
34.82 0.162385
34.84 0.156842
34.86 0.149011
34.88 0.139526
34.9 0.128842
34.92 0.11752
34.94 0.106307
34.96 0.0959324
34.98 0.0869956
35 0.079792
35.02 0.0742591
35.04 0.0702604
35.06 0.0676745
35.08 0.0662085
35.1 0.0654445
35.12 0.0650428
35.14 0.0646613
35.16 0.0638471
35.18 0.0622963
35.2 0.0600832
35.22 0.0576438
35.24 0.0555972
35.26 0.0544562
35.28 0.0544624
35.3 0.0556797
35.32 0.0582231
35.34 0.0621677
35.36 0.0672859
35.38 0.0732614
35.4 0.0800072
35.42 0.0875818
35.44 0.0960262
35.46 0.105192
35.48 0.114653
35.5 0.123868
35.52 0.132173
35.54 0.138784
35.56 0.143083
35.58 0.144602
35.6 0.142811
35.62 0.137303
35.64 0.128141
35.66 0.115884
35.68 0.101323
35.7 0.0852391
35.72 0.0684532
35.74 0.0518439
35.76 0.0360171
35.78 0.0215556
35.8 0.00960461
35.82 0.00132059
35.84 -0.00304061
35.86 -0.00372924
35.88 -0.000883328
35.9 0.00515503
35.92 0.0137522
35.94 0.0247235
35.96 0.0386552
35.98 0.0558829
36 0.0754959
36.02 0.0960295
36.04 0.116528
36.06 0.136344
36.08 0.154883
36.1 0.172
36.12 0.187819
36.14 0.201819
36.16 0.212656
36.18 0.219524
36.2 0.222849
36.22 0.223174
36.24 0.220528
36.26 0.214624
36.28 0.204763
36.3 0.190212
36.32 0.170793
36.34 0.14687
36.36 0.119389
36.38 0.0898475
36.4 0.0598962
36.42 0.0313052
36.44 0.00582615
36.46 -0.0155984
36.48 -0.0327507
36.5 -0.0446553
36.52 -0.0492671
36.54 -0.045106
36.56 -0.0322685
36.58 -0.0117825
36.6 0.0151862
36.62 0.0472259
36.64 0.082231
36.66 0.118013
36.68 0.153033
36.7 0.185463
36.72 0.212764
36.74 0.233427
36.76 0.248193
36.78 0.258414
36.8 0.263736
36.82 0.262668
36.84 0.254857
36.86 0.241197
36.88 0.222408
36.9 0.198553
36.92 0.169722
36.94 0.136656
36.96 0.100943
36.98 0.0655708
37 0.0338223
37.02 0.00716515
37.04 -0.0139453
37.06 -0.0281372
37.08 -0.0338061
37.1 -0.0308628
37.12 -0.020437
37.14 -0.00393638
37.16 0.0169843
37.18 0.0405157
37.2 0.065008
37.22 0.0886107
37.24 0.108729
37.26 0.123446
37.28 0.133423
37.3 0.14064
37.32 0.145926
37.34 0.148769
37.36 0.148361
37.38 0.144312
37.4 0.136826
37.42 0.126706
37.44 0.115177
37.46 0.103456
37.48 0.0927396
37.5 0.0841795
37.52 0.0784196
37.54 0.0755885
37.56 0.076085
37.58 0.0808356
37.6 0.090286
37.62 0.103643
37.64 0.119125
37.66 0.134573
37.68 0.148535
37.7 0.16091
37.72 0.171837
37.74 0.180695
37.76 0.186678
37.78 0.189516
37.8 0.189324
37.82 0.18573
37.84 0.177443
37.86 0.163393
37.88 0.143819
37.9 0.119874
37.92 0.0933028
37.94 0.0663291
37.96 0.040752
37.98 0.017536
38 -0.00249455
38.02 -0.0183142
38.04 -0.0291098
38.06 -0.03444
38.08 -0.0341733
38.1 -0.028477
38.12 -0.0176149
38.14 -0.00208069
38.16 0.0173736
38.18 0.0401976
38.2 0.0660906
38.22 0.0948188
38.24 0.125871
38.26 0.157909
38.28 0.188821
38.3 0.21637
38.32 0.238866
38.34 0.255573
38.36 0.266438
38.38 0.271414
38.4 0.270465
38.42 0.264063
38.44 0.253288
38.46 0.239501
38.48 0.22374
38.5 0.206332
38.52 0.18718
38.54 0.166239
38.56 0.143765
38.58 0.120228
38.6 0.0960166
38.62 0.0714901
38.64 0.0472817
38.66 0.0243328
38.68 0.00374687
38.7 -0.0134543
38.72 -0.0264865
38.74 -0.034624
38.76 -0.0370815
38.78 -0.0332587
38.8 -0.0230249
38.82 -0.00681561
38.84 0.0143616
38.86 0.0389968
38.88 0.0654116
38.9 0.0921819
38.92 0.118138
38.94 0.142196
38.96 0.163549
38.98 0.181956
39 0.197677
39.02 0.211188
39.04 0.222982
39.06 0.233537
39.08 0.243315
39.1 0.25267
39.12 0.261518
39.14 0.268969
39.16 0.273495
39.18 0.273639
39.2 0.26859
39.22 0.258246
39.24 0.242967
39.26 0.223382
39.28 0.200395
39.3 0.175104
39.32 0.148598
39.34 0.121856
39.36 0.0956847
39.38 0.0706429
39.4 0.0472375
39.42 0.0262282
39.44 0.00847311
39.46 -0.00543524
39.48 -0.0151273
39.5 -0.0201829
39.52 -0.0200435
39.54 -0.0142529
39.56 -0.0027936
39.58 0.0138439
39.6 0.034949
39.62 0.0599998
39.64 0.0886713
39.66 0.120477
39.68 0.154563
39.7 0.18984
39.72 0.225117
39.74 0.258985
39.76 0.289852
39.78 0.31631
39.8 0.337267
39.82 0.351874
39.84 0.359626
39.86 0.360318
39.88 0.353921
39.9 0.340645
39.92 0.321066
39.94 0.29621
39.96 0.267437
39.98 0.236049
40 0.203122
40.02 0.16969
40.04 0.136851
40.06 0.105684
40.08 0.0770585
40.1 0.0517001
40.12 0.030513
40.14 0.0144131
40.16 0.00395171
40.18 -0.000581047
40.2 0.00092429
40.22 0.00816687
40.24 0.0204959
40.26 0.0370938
40.28 0.0569748
40.3 0.0791045
40.32 0.10256
40.34 0.126532
40.36 0.150288
40.38 0.173159
40.4 0.19462
40.42 0.214492
40.44 0.232841
40.46 0.249707
40.48 0.26501
40.5 0.278486
40.52 0.28972
40.54 0.29809
40.56 0.302745
40.58 0.30311
40.6 0.299249
40.62 0.29144
40.64 0.279755
40.66 0.263981
40.68 0.243878
40.7 0.219703
40.72 0.192293
40.74 0.162694
40.76 0.131878
40.78 0.100674
40.8 0.0700023
40.82 0.0412526
40.84 0.0161779
40.86 -0.00358979
40.88 -0.0168859
40.9 -0.0232665
40.92 -0.0228187
40.94 -0.015613
40.96 -0.00171449
40.98 0.0185031
41 0.0444197
41.02 0.0751453
41.04 0.109344
41.06 0.145515
41.08 0.18227
41.1 0.218308
41.12 0.252498
41.14 0.283829
41.16 0.311264
41.18 0.333752
41.2 0.350303
41.22 0.360125
41.24 0.362768
41.26 0.358213
41.28 0.346749
41.3 0.328856
41.32 0.305355
41.34 0.277449
41.36 0.246515
41.38 0.214012
41.4 0.181407
41.42 0.150103
41.44 0.121516
41.46 0.0970148
41.48 0.0776913
41.5 0.0642162
41.52 0.0568975
41.54 0.0558548
41.56 0.0610964
41.58 0.0723679
41.6 0.0889337
41.62 0.109664
41.64 0.133314
41.66 0.15869
41.68 0.184708
41.7 0.210345
41.72 0.234501
41.74 0.255948
41.76 0.273542
41.78 0.286501
41.8 0.294398
41.82 0.297144
41.84 0.295128
41.86 0.289127
41.88 0.279999
41.9 0.268564
41.92 0.255667
41.94 0.242189
41.96 0.228943
41.98 0.216601
42 0.205588
42.02 0.196031
42.04 0.18782
42.06 0.180706
42.08 0.174455
42.1 0.169038
42.12 0.164675
42.14 0.161704
42.16 0.160436
42.18 0.160997
42.2 0.163271
42.22 0.167034
42.24 0.172018
42.26 0.177885
42.28 0.184191
42.3 0.19039
42.32 0.195919
42.34 0.20037
42.36 0.2037
42.38 0.2061
42.4 0.207769
42.42 0.20901
42.44 0.210157
42.46 0.211385
42.48 0.212751
42.5 0.21423
42.52 0.215778
42.54 0.217437
42.56 0.219274
42.58 0.221278
42.6 0.223351
42.62 0.225394
42.64 0.22733
42.66 0.229012
42.68 0.230248
42.7 0.230916
42.72 0.231
42.74 0.23051
42.76 0.229319
42.78 0.22718
42.8 0.224014
42.82 0.219966
42.84 0.215091
42.86 0.209277
42.88 0.20245
42.9 0.194671
42.92 0.186202
42.94 0.177446
42.96 0.168732
42.98 0.160279
43 0.152415
43.02 0.145721
43.04 0.140897
43.06 0.138524
43.08 0.138908
43.1 0.142123
43.12 0.14819
43.14 0.157053
43.16 0.168515
43.18 0.18222
43.2 0.197602
43.22 0.213887
43.24 0.230235
43.26 0.24578
43.28 0.259656
43.3 0.271063
43.32 0.27927
43.34 0.283673
43.36 0.283873
43.38 0.279702
43.4 0.271295
43.42 0.259197
43.44 0.244339
43.46 0.227824
43.48 0.210766
43.5 0.194247
43.52 0.179237
43.54 0.166486
43.56 0.156473
43.58 0.149413
43.6 0.14528
43.62 0.143892
43.64 0.145044
43.66 0.148563
43.68 0.154239
43.7 0.161725
43.72 0.170568
43.74 0.18036
43.76 0.190729
43.78 0.201261
43.8 0.211654
43.82 0.221716
43.84 0.231215
43.86 0.239791
43.88 0.246959
43.9 0.25228
43.92 0.255496
43.94 0.256465
43.96 0.255044
43.98 0.251181
44 0.245052
44.02 0.237024
44.04 0.227598
44.06 0.217351
44.08 0.206818
44.1 0.196421
44.12 0.186561
44.14 0.177643
44.16 0.170016
44.18 0.163891
44.2 0.159322
44.22 0.156272
44.24 0.154692
44.26 0.154539
44.28 0.155719
44.3 0.158084
44.32 0.161544
44.34 0.166139
44.36 0.171921
44.38 0.178825
44.4 0.186778
44.42 0.195776
44.44 0.205769
44.46 0.21666
44.48 0.228221
44.5 0.239917
44.52 0.251
44.54 0.260736
44.56 0.268481
44.58 0.2737
44.6 0.275981
44.62 0.27508
44.64 0.270994
44.66 0.263971
44.68 0.254413
44.7 0.24279
44.72 0.2297
44.74 0.215844
44.76 0.201935
44.78 0.188652
44.8 0.176543
44.82 0.165989
44.84 0.157337
44.86 0.150987
44.88 0.147314
44.9 0.146528
44.92 0.148611
44.94 0.153388
44.96 0.160592
44.98 0.169845
45 0.180644
45.02 0.192414
45.04 0.204635
45.06 0.21691
45.08 0.228908
45.1 0.240231
45.12 0.250457
45.14 0.259242
45.16 0.266275
45.18 0.271263
45.2 0.27395
45.22 0.274245
45.24 0.272327
45.26 0.268608
45.28 0.263567
45.3 0.257565
45.32 0.250854
45.34 0.243709
45.36 0.23628
45.38 0.228536
45.4 0.220425
45.42 0.212043
45.44 0.203783
45.46 0.196054
45.48 0.189051
45.5 0.18292
45.52 0.177843
45.54 0.173985
45.56 0.171429
45.58 0.17022
45.6 0.170421
45.62 0.172105
45.64 0.175289
45.66 0.179797
45.68 0.185309
45.7 0.19155
45.72 0.19835
45.74 0.205526
45.76 0.212749
45.78 0.219614
45.8 0.225891
45.82 0.231565
45.84 0.236659
45.86 0.241149
45.88 0.245024
45.9 0.24831
45.92 0.251059
45.94 0.25335
45.96 0.255183
45.98 0.256308
46 0.25626
46.02 0.254731
46.04 0.251717
46.06 0.247334
46.08 0.241709
46.1 0.234862
46.12 0.226809
46.14 0.217729
46.16 0.207891
46.18 0.197709
46.2 0.187882
46.22 0.179117
46.24 0.171804
46.26 0.166203
46.28 0.162698
46.3 0.16155
46.32 0.16278
46.34 0.166365
46.36 0.172184
46.38 0.18
46.4 0.189516
46.42 0.200319
46.44 0.211929
46.46 0.223913
46.48 0.235794
46.5 0.246999
46.52 0.256997
46.54 0.265357
46.56 0.271745
46.58 0.275946
46.6 0.27782
46.62 0.277288
46.64 0.274365
46.66 0.269162
46.68 0.261852
46.7 0.252636
46.72 0.241825
46.74 0.229908
46.76 0.217444
46.78 0.205023
46.8 0.19328
46.82 0.182826
46.84 0.17421
46.86 0.167706
46.88 0.163264
46.9 0.160811
46.92 0.160339
46.94 0.16193
46.96 0.165727
46.98 0.171697
47 0.179562
47.02 0.188893
47.04 0.199273
47.06 0.210341
47.08 0.221578
47.1 0.232337
47.12 0.242251
47.14 0.251153
47.16 0.258696
47.18 0.264413
47.2 0.267966
47.22 0.26927
47.24 0.268453
47.26 0.265681
47.28 0.261192
47.3 0.255416
47.32 0.248923
47.34 0.242345
47.36 0.236309
47.38 0.231231
47.4 0.227143
47.42 0.223661
47.44 0.220183
47.46 0.216366
47.48 0.21239
47.5 0.208625
47.52 0.205252
47.54 0.202394
47.56 0.200369
47.58 0.19946
47.6 0.199653
47.62 0.200763
47.64 0.202567
47.66 0.204786
47.68 0.207113
47.7 0.209341
47.72 0.211414
47.74 0.213443
47.76 0.215633
47.78 0.218113
47.8 0.22088
47.82 0.223853
47.84 0.226856
47.86 0.229623
47.88 0.231859
47.9 0.233318
47.92 0.233928
47.94 0.233729
47.96 0.232706
47.98 0.230869
48 0.228385
48.02 0.225554
48.04 0.222704
48.06 0.220015
48.08 0.217408
48.1 0.214683
48.12 0.211867
48.14 0.209355
48.16 0.207458
48.18 0.206094
48.2 0.205111
48.22 0.204472
48.24 0.20419
48.26 0.204358
48.28 0.205084
48.3 0.206451
48.32 0.20868
48.34 0.211961
48.36 0.216205
48.38 0.221186
48.4 0.22668
48.42 0.232471
48.44 0.238329
48.46 0.243997
48.48 0.249164
48.5 0.253419
48.52 0.256374
48.54 0.257714
48.56 0.257134
48.58 0.254492
48.6 0.249878
48.62 0.243504
48.64 0.235626
48.66 0.226605
48.68 0.217075
48.7 0.207773
48.72 0.19927
48.74 0.191937
48.76 0.186079
48.78 0.182017
48.8 0.179941
48.82 0.179865
48.84 0.181747
48.86 0.185501
48.88 0.190967
48.9 0.197907
48.92 0.206009
48.94 0.214916
48.96 0.224248
48.98 0.233626
49 0.242675
49.02 0.251028
49.04 0.258368
49.06 0.264435
49.08 0.269026
49.1 0.271966
49.12 0.273217
49.14 0.272914
49.16 0.27122
49.18 0.268221
49.2 0.263893
49.22 0.258279
49.24 0.251581
49.26 0.243934
49.28 0.235399
49.3 0.226166
49.32 0.216554
49.34 0.206965
49.36 0.197854
49.38 0.189603
49.4 0.182531
49.42 0.176987
49.44 0.173277
49.46 0.171592
49.48 0.172022
49.5 0.174534
49.52 0.178929
49.54 0.184877
49.56 0.192064
49.58 0.200217
49.6 0.20893
49.62 0.217639
49.64 0.225722
49.66 0.232583
49.68 0.2378
49.7 0.241147
49.72 0.242551
49.74 0.242122
49.76 0.240157
49.78 0.237066
49.8 0.233227
49.82 0.228844
49.84 0.224056
49.86 0.219145
49.88 0.214545
49.9 0.210639
49.92 0.207621
49.94 0.205546
49.96 0.204383
49.98 0.20401
50 0.204292
50.02 0.20509
50.04 0.206275
50.06 0.207854
50.08 0.209953
50.1 0.21259
50.12 0.215589
50.14 0.2187
50.16 0.221675
50.18 0.224383
50.2 0.226826
50.22 0.228939
50.24 0.230536
50.26 0.231512
50.28 0.231911
50.3 0.231804
50.32 0.231304
50.34 0.230592
50.36 0.229795
50.38 0.228933
50.4 0.228038
50.42 0.227196
50.44 0.226516
50.46 0.226111
50.48 0.226006
50.5 0.226071
50.52 0.226136
50.54 0.226126
50.56 0.226106
50.58 0.226195
50.6 0.226488
50.62 0.22705
50.64 0.227863
50.66 0.228805
50.68 0.229758
50.7 0.230671
50.72 0.231515
50.74 0.232233
50.76 0.232728
50.78 0.232892
50.8 0.232674
50.82 0.232014
50.84 0.23074
50.86 0.228694
50.88 0.225875
50.9 0.222364
50.92 0.218284
50.94 0.213831
50.96 0.209187
50.98 0.204464
51 0.199819
51.02 0.195512
51.04 0.191806
51.06 0.188923
51.08 0.187079
51.1 0.186428
51.12 0.187041
51.14 0.188918
51.16 0.191926
51.18 0.195851
51.2 0.200546
51.22 0.205911
51.24 0.211796
51.26 0.218069
51.28 0.224708
51.3 0.231746
51.32 0.23923
51.34 0.246964
51.36 0.254096
51.38 0.259325
51.4 0.261578
51.42 0.260557
51.44 0.256995
51.46 0.252225
51.48 0.247211
51.5 0.24217
51.52 0.237167
51.54 0.232437
51.56 0.228125
51.58 0.224235
51.6 0.220639
51.62 0.21713
51.64 0.213763
51.66 0.210964
51.68 0.20925
51.7 0.208939
51.72 0.210082
51.74 0.212525
51.76 0.215989
51.78 0.220103
51.8 0.224361
51.82 0.228186
51.84 0.231225
51.86 0.233499
51.88 0.235173
51.9 0.236326
51.92 0.236968
51.94 0.237142
51.96 0.236977
51.98 0.236648
52 0.236303
52.02 0.235974
52.04 0.235539
52.06 0.234781
52.08 0.233513
52.1 0.231698
52.12 0.229453
52.14 0.22685
52.16 0.223904
52.18 0.220784
52.2 0.217863
52.22 0.215587
52.24 0.214298
52.26 0.214125
52.28 0.215016
52.3 0.216809
52.32 0.219305
52.34 0.22225
52.36 0.225315
52.38 0.228204
52.4 0.230722
52.42 0.232739
52.44 0.234183
52.46 0.235133
52.48 0.235776
52.5 0.236219
52.52 0.236427
52.54 0.236263
52.56 0.235569
52.58 0.234208
52.6 0.232069
52.62 0.229148
52.64 0.225545
52.66 0.2214
52.68 0.216903
52.7 0.212329
52.72 0.208032
52.74 0.204289
52.76 0.201217
52.78 0.19887
52.8 0.197284
52.82 0.196493
52.84 0.196541
52.86 0.197432
52.88 0.199087
52.9 0.201431
52.92 0.204496
52.94 0.208302
52.96 0.212689
52.98 0.217416
53 0.222323
53.02 0.227318
53.04 0.23231
53.06 0.237171
53.08 0.24178
53.1 0.246052
53.12 0.249924
53.14 0.253276
53.16 0.255975
53.18 0.257965
53.2 0.259146
53.22 0.259359
53.24 0.258486
53.26 0.256465
53.28 0.253271
53.3 0.248914
53.32 0.24344
53.34 0.23693
53.36 0.229561
53.38 0.221661
53.4 0.213594
53.42 0.205723
53.44 0.198448
53.46 0.192122
53.48 0.186994
53.5 0.183256
53.52 0.181102
53.54 0.180704
53.56 0.18214
53.58 0.185361
53.6 0.190201
53.62 0.196366
53.64 0.20348
53.66 0.21118
53.68 0.219149
53.7 0.227064
53.72 0.234671
53.74 0.241818
53.76 0.248366
53.78 0.254172
53.8 0.259103
53.82 0.262993
53.84 0.265698
53.86 0.267169
53.88 0.267342
53.9 0.266085
53.92 0.263355
53.94 0.259269
53.96 0.254021
53.98 0.247839
54 0.240968
54.02 0.23365
54.04 0.226167
54.06 0.218866
54.08 0.212115
54.1 0.206223
54.12 0.201465
54.14 0.198066
54.16 0.196106
54.18 0.195585
54.2 0.196425
54.22 0.198372
54.24 0.201129
54.26 0.20449
54.28 0.208273
54.3 0.212346
54.32 0.21663
54.34 0.221006
54.36 0.225311
54.38 0.229362
54.4 0.232982
54.42 0.236058
54.44 0.238592
54.46 0.240666
54.48 0.242357
54.5 0.243686
54.52 0.244662
54.54 0.24529
54.56 0.245523
54.58 0.245271
54.6 0.244458
54.62 0.243112
54.64 0.241329
54.66 0.239184
54.68 0.236672
54.7 0.233702
54.72 0.230227
54.74 0.226289
54.76 0.221938
54.78 0.217275
54.8 0.212468
54.82 0.207701
54.84 0.203246
54.86 0.199482
54.88 0.19678
54.9 0.195473
54.92 0.195785
54.94 0.197772
54.96 0.201411
54.98 0.206636
55 0.213215
55.02 0.220755
55.04 0.228821
55.06 0.236997
55.08 0.244874
55.1 0.25208
55.12 0.258342
55.14 0.26343
55.16 0.267123
55.18 0.269277
55.2 0.269859
55.22 0.268949
55.24 0.266696
55.26 0.263273
55.28 0.258855
55.3 0.253591
55.32 0.247662
55.34 0.241333
55.36 0.234826
55.38 0.228252
55.4 0.221754
55.42 0.215553
55.44 0.209853
55.46 0.204833
55.48 0.200671
55.5 0.197435
55.52 0.195132
55.54 0.193808
55.56 0.193546
55.58 0.194446
55.6 0.19655
55.62 0.199845
55.64 0.204254
55.66 0.20951
55.68 0.21527
55.7 0.2213
55.72 0.227463
55.74 0.233624
55.76 0.23959
55.78 0.245124
55.8 0.250022
55.82 0.254164
55.84 0.257452
55.86 0.259798
55.88 0.261269
55.9 0.262087
55.92 0.262334
55.94 0.261554
55.96 0.258965
55.98 0.254155
56 0.247256
56.02 0.238871
56.04 0.229832
56.06 0.22074
56.08 0.212056
56.1 0.204358
56.12 0.198279
56.14 0.194278
56.16 0.192376
56.18 0.192298
56.2 0.193728
56.22 0.196359
56.24 0.200004
56.26 0.204582
56.28 0.210001
56.3 0.216202
56.32 0.223158
56.34 0.230731
56.36 0.238667
56.38 0.24661
56.4 0.254102
56.42 0.260707
56.44 0.266176
56.46 0.270502
56.48 0.273734
56.5 0.275784
56.52 0.276499
56.54 0.275816
56.56 0.273767
56.58 0.270429
56.6 0.265797
56.62 0.259817
56.64 0.252546
56.66 0.244228
56.68 0.235277
56.7 0.226111
56.72 0.217063
56.74 0.208462
56.76 0.200677
56.78 0.194072
56.8 0.188947
56.82 0.185553
56.84 0.184057
56.86 0.184508
56.88 0.186943
56.9 0.191248
56.92 0.197078
56.94 0.204053
56.96 0.211741
56.98 0.219638
57 0.227309
57.02 0.234453
57.04 0.24081
57.06 0.246088
57.08 0.250105
57.1 0.252939
57.12 0.254754
57.14 0.255559
57.16 0.255279
57.18 0.25389
57.2 0.251488
57.22 0.248262
57.24 0.244352
57.26 0.239821
57.28 0.234764
57.3 0.229419
57.32 0.224125
57.34 0.219157
57.36 0.21471
57.38 0.211007
57.4 0.208307
57.42 0.206797
57.44 0.206564
57.46 0.20755
57.48 0.209572
57.5 0.212464
57.52 0.216139
57.54 0.220505
57.56 0.225345
57.58 0.230397
57.6 0.235455
57.62 0.240384
57.64 0.245064
57.66 0.249322
57.68 0.252956
57.7 0.255773
57.72 0.257619
57.74 0.258395
57.76 0.258055
57.78 0.256591
57.8 0.254034
57.82 0.250476
57.84 0.246098
57.86 0.241132
57.88 0.235805
57.9 0.23031
57.92 0.224845
57.94 0.219654
57.96 0.214981
57.98 0.211015
58 0.207891
58.02 0.205721
58.04 0.204568
58.06 0.204465
58.08 0.205431
58.1 0.207449
58.12 0.210445
58.14 0.2143
58.16 0.218864
58.18 0.223959
58.2 0.22939
58.22 0.234946
58.24 0.240413
58.26 0.245572
58.28 0.250214
58.3 0.254153
58.32 0.257238
58.34 0.259354
58.36 0.260422
58.38 0.260403
58.4 0.259307
58.42 0.257186
58.44 0.254132
58.46 0.250268
58.48 0.24575
58.5 0.240757
58.52 0.235492
58.54 0.230172
58.56 0.22501
58.58 0.220209
58.6 0.215964
58.62 0.212443
58.64 0.209785
58.66 0.208095
58.68 0.207439
58.7 0.207845
58.72 0.209295
58.74 0.211728
58.76 0.215043
58.78 0.219107
58.8 0.223754
58.82 0.228796
58.84 0.234027
58.86 0.239239
58.88 0.244224
58.9 0.248786
58.92 0.252747
58.94 0.255952
58.96 0.258279
58.98 0.259637
59 0.259975
59.02 0.25928
59.04 0.257581
59.06 0.254948
59.08 0.251491
59.1 0.247351
59.12 0.242698
59.14 0.237721
59.16 0.232623
59.18 0.227609
59.2 0.222882
59.22 0.21863
59.24 0.215023
59.26 0.212202
59.28 0.21028
59.3 0.209331
59.32 0.209394
59.34 0.210465
59.36 0.212499
59.38 0.215415
59.4 0.219093
59.42 0.223382
59.44 0.228109
59.46 0.233082
59.48 0.238102
59.5 0.242968
59.52 0.247487
59.54 0.251483
59.56 0.254798
59.58 0.257305
59.6 0.258907
59.62 0.259541
59.64 0.259185
59.66 0.257854
59.68 0.255602
59.7 0.252523
59.72 0.248743
59.74 0.244417
59.76 0.239722
59.78 0.234849
59.8 0.229996
59.82 0.225358
59.84 0.221121
59.86 0.217455
59.88 0.214505
59.9 0.212388
59.92 0.211187
59.94 0.210949
59.96 0.211685
59.98 0.213342
