0.02 8.62376e-06
0.04 2.44299e-05
0.06 2.67401e-05
0.08 1.22321e-05
0.1 3.50155e-06
0.12 1.30897e-05
0.14 2.53007e-05
0.16 2.18758e-05
0.18 9.85581e-06
0.2 9.26225e-06
0.22 2.17485e-05
0.24 2.93483e-05
0.26 2.3277e-05
0.28 1.68335e-05
0.3 2.33356e-05
0.32 3.40163e-05
0.34 3.53753e-05
0.36 3.2514e-05
0.38 3.13712e-05
0.4 1.64692e-05
0.42 -2.08271e-05
0.44 -1.9022e-05
0.46 5.78195e-05
0.48 9.1316e-05
0.5 3.31824e-06
0.52 -8.64381e-05
0.54 -6.29345e-05
0.56 -1.85347e-05
0.58 -9.11395e-05
0.6 -0.000167677
0.62 -7.63912e-05
0.64 3.01745e-05
0.66 -3.71454e-05
0.68 -0.000230226
0.7 -0.000336999
0.72 -7.7599e-05
0.74 0.000293334
0.76 0.000208715
0.78 -0.000112767
0.8 3.03627e-05
0.82 0.000615522
0.84 0.000867585
0.86 0.000421294
0.88 -0.000112704
0.9 -7.05731e-05
0.92 0.000341844
0.94 0.000383601
0.96 -0.000204582
0.98 -0.000739218
1 -0.000507704
1.02 0.000178764
1.04 0.000358576
1.06 -0.000269771
1.08 -0.000900673
1.1 -0.000732389
1.12 -3.037e-05
1.14 0.000363803
1.16 2.73186e-05
1.18 -0.000688282
1.2 -0.000746853
1.22 0.000162625
1.24 0.000681513
1.26 -9.42365e-05
1.28 -0.00106962
1.3 -0.000945297
1.32 0.000106117
1.34 0.00093661
1.36 0.000673815
1.38 -0.000284861
1.4 -0.000642967
1.42 2.31716e-05
1.44 0.000553529
1.46 -0.000225566
1.48 -0.00167146
1.5 -0.00201265
1.52 -0.000895369
1.54 2.82571e-05
1.56 -0.000509113
1.58 -0.00154513
1.6 -0.00129076
1.62 0.000115765
1.64 0.000749913
1.66 -0.000136506
1.68 -0.00108175
1.7 -0.000706465
1.72 0.000266431
1.74 0.00018333
1.76 -0.000809466
1.78 -0.00100463
1.8 -0.000178889
1.82 9.09203e-05
1.84 -0.000813
1.86 -0.00149776
1.88 -0.000550824
1.9 0.000954451
1.92 0.000542711
1.94 -0.00155599
1.96 -0.0022296
1.98 -0.000444242
2 0.000791664
2.02 -0.00080397
2.04 -0.00302466
2.06 -0.00259919
2.08 -0.000348925
2.1 0.00013539
2.12 -0.00174339
2.14 -0.00274669
2.16 -0.00112394
2.18 0.000835663
2.2 0.000560936
2.22 -0.0012752
2.24 -0.00196235
2.26 -0.000583727
2.28 0.000439158
2.3 -0.000868013
2.32 -0.00265777
2.34 -0.00228585
2.36 -0.000276983
2.38 0.000538576
2.4 -0.00118613
2.42 -0.0031053
2.44 -0.00222611
2.46 0.000268514
2.48 0.000752971
2.5 -0.000989402
2.52 -0.00174261
2.54 -0.000244425
2.56 0.00124271
2.58 0.00107327
2.6 0.000663533
2.62 0.00166433
2.64 0.00320953
2.66 0.00358909
2.68 0.00297987
2.7 0.00316827
2.72 0.00498933
2.74 0.00769206
2.76 0.0103184
2.78 0.0120334
2.8 0.012299
2.82 0.011541
2.84 0.0110837
2.86 0.0119049
2.88 0.0132798
2.9 0.0134713
2.92 0.0121411
2.94 0.0106063
2.96 0.00998607
2.98 0.0105105
3 0.011695
3.02 0.0113821
3.04 0.00756325
3.06 0.00240001
3.08 -0.000275973
3.1 0.00011481
3.12 0.00112997
3.14 -3.33661e-05
3.16 -0.00340226
3.18 -0.00644181
3.2 -0.00755321
3.22 -0.00736209
3.24 -0.00753448
3.26 -0.00907721
3.28 -0.0116867
3.3 -0.0138243
3.32 -0.0137653
3.34 -0.011316
3.36 -0.00750672
3.38 -0.00402739
3.4 -0.00263472
3.42 -0.00320792
3.44 -0.00284008
3.46 0.00194125
3.48 0.0100334
3.5 0.015778
3.52 0.0153196
3.54 0.0104467
3.56 0.00643347
3.58 0.00735195
3.6 0.0129631
3.62 0.0201738
3.64 0.0263968
3.66 0.0282601
3.68 0.0227486
3.7 0.0113544
3.72 -0.00261865
3.74 -0.0137139
3.76 -0.0166539
3.78 -0.0116681
3.8 -0.00401409
3.82 -0.000794981
3.84 -0.00511535
3.86 -0.0138111
3.88 -0.0216841
3.9 -0.0265458
3.92 -0.030692
3.94 -0.037764
3.96 -0.0505129
3.98 -0.0693972
4 -0.0906481
4.02 -0.109454
4.04 -0.123112
4.06 -0.128992
4.08 -0.123979
4.1 -0.106536
4.12 -0.0769206
4.14 -0.0363729
4.16 0.0121818
4.18 0.0597591
4.2 0.0990749
4.22 0.129627
4.24 0.146859
4.26 0.14143
4.28 0.113438
4.3 0.0711471
4.32 0.0203439
4.34 -0.0276833
4.36 -0.0647861
4.38 -0.0942882
4.4 -0.117028
4.42 -0.123562
4.44 -0.112238
4.46 -0.0924769
4.48 -0.0670026
4.5 -0.0301675
4.52 0.0157349
4.54 0.0610854
4.56 0.100721
