0.02 1.63922e-05
0.04 4.64378e-05
0.06 5.08322e-05
0.08 2.32556e-05
0.1 6.6576e-06
0.12 2.48832e-05
0.14 4.80979e-05
0.16 4.15893e-05
0.18 1.87383e-05
0.2 1.76075e-05
0.22 4.13434e-05
0.24 5.57923e-05
0.26 4.42511e-05
0.28 3.20002e-05
0.3 4.43602e-05
0.32 6.46658e-05
0.34 6.72511e-05
0.36 6.1811e-05
0.38 5.96367e-05
0.4 3.13116e-05
0.42 -3.95795e-05
0.44 -3.61494e-05
0.46 0.000109907
0.48 0.000173593
0.5 6.32288e-06
0.52 -0.000164306
0.54 -0.000119605
0.56 -3.51918e-05
0.58 -0.000173243
0.6 -0.000318813
0.62 -0.000145293
0.64 5.73276e-05
0.66 -7.0716e-05
0.68 -0.000437865
0.7 -0.000641054
0.72 -0.000147824
0.74 0.000557558
0.76 0.000396269
0.78 -0.000215236
0.8 5.7325e-05
0.82 0.00117158
0.84 0.00165346
0.86 0.000804048
0.88 -0.00021454
0.9 -0.000133101
0.92 0.000655765
0.94 0.000736064
0.96 -0.000386127
0.98 -0.00140766
1 -0.000967679
1.02 0.000342894
1.04 0.000687026
1.06 -0.000512284
1.08 -0.00171694
1.1 -0.00139541
1.12 -5.55494e-05
1.14 0.000693457
1.16 4.85305e-05
1.18 -0.00131355
1.2 -0.00142097
1.22 0.000311362
1.24 0.00129614
1.26 -0.000181974
1.28 -0.0020366
1.3 -0.00179711
1.32 0.000202317
1.34 0.00177644
1.36 0.00127315
1.38 -0.000546818
1.4 -0.00122294
1.42 4.30768e-05
1.44 0.00104779
1.46 -0.000433528
1.48 -0.00321945
1.5 -0.00407713
1.52 -0.00218362
1.54 -0.000244965
1.56 -0.000828292
1.58 -0.00284369
1.6 -0.00294142
1.62 -0.000434581
1.64 0.00143303
1.66 0.000301591
1.68 -0.00194163
1.7 -0.00207713
1.72 -0.000164353
1.74 0.000666341
1.76 -0.000798162
1.78 -0.00204713
1.8 -0.00135234
1.82 -0.000343871
1.84 -0.000975794
1.86 -0.00234799
1.88 -0.00167335
1.9 0.000865264
1.92 0.00114016
1.94 -0.00213963
1.96 -0.00435334
1.98 -0.00217722
2 0.000700608
2.02 -0.000758763
2.04 -0.00494878
2.06 -0.00630522
2.08 -0.00349434
2.1 -0.000811164
2.12 -0.00175322
2.14 -0.00427585
2.16 -0.00430999
2.18 -0.00132591
2.2 0.00126604
2.22 0.000246319
2.24 -0.00303364
2.26 -0.0041188
2.28 -0.00217553
2.3 -0.000914961
2.32 -0.00247269
2.34 -0.0047429
2.36 -0.00435722
2.38 -0.00143169
2.4 -0.000391881
2.42 -0.00328908
2.44 -0.00597471
2.46 -0.00436502
2.48 -0.000273283
2.5 0.00150324
2.52 -0.000301937
2.54 -0.00255084
2.56 -0.00194561
2.58 0.00163887
2.6 0.00544683
2.62 0.00715371
2.64 0.00673633
2.66 0.00608076
2.68 0.00744907
2.7 0.0119727
2.72 0.0199107
2.74 0.0340078
2.76 0.0604604
2.78 0.103202
2.8 0.161029
2.82 0.230672
2.84 0.308721
2.86 0.39256
2.88 0.47988
2.9 0.567701
2.92 0.654382
2.94 0.73964
2.96 0.82249
2.98 0.901834
3 0.977546
3.02 1.04704
3.04 1.10424
3.06 1.14466
3.08 1.16512
3.1 1.16084
3.12 1.12813
3.14 1.06517
3.16 0.970551
3.18 0.844503
3.2 0.688726
3.22 0.505201
3.24 0.295835
3.26 0.0624214
3.28 -0.189028
3.3 -0.447391
3.32 -0.706473
3.34 -0.966545
3.36 -1.22463
3.38 -1.47359
3.4 -1.70717
3.42 -1.92044
3.44 -2.1068
3.46 -2.25657
3.48 -2.3614
3.5 -2.41758
3.52 -2.42292
3.54 -2.37608
3.56 -2.27901
3.58 -2.13611
3.6 -1.95242
3.62 -1.73216
3.64 -1.48143
3.66 -1.21333
3.68 -0.941208
3.7 -0.671221
3.72 -0.409419
3.74 -0.165123
3.76 0.0541206
3.78 0.244305
3.8 0.403049
3.82 0.527534
3.84 0.615466
3.86 0.665635
3.88 0.675965
3.9 0.644621
3.92 0.57147
3.94 0.457812
3.96 0.306158
3.98 0.122105
4 -0.0838194
4.02 -0.301897
4.04 -0.527064
4.06 -0.754155
4.08 -0.976095
4.1 -1.18671
4.12 -1.37998
4.14 -1.54916
4.16 -1.68969
4.18 -1.80182
4.2 -1.89004
4.22 -1.95831
4.24 -2.00815
4.26 -2.04223
4.28 -2.06324
4.3 -2.07122
4.32 -2.06257
4.34 -2.03048
4.36 -1.97237
4.38 -1.89244
4.4 -1.79652
4.42 -1.69071
4.44 -1.58117
4.46 -1.4712
4.48 -1.35937
4.5 -1.24667
4.52 -1.14045
4.54 -1.04619
4.56 -0.964812
4.58 -0.896198
4.6 -0.840645
4.62 -0.798805
4.64 -0.768645
4.66 -0.745955
4.68 -0.728575
4.7 -0.71525
4.72 -0.703379
4.74 -0.690421
4.76 -0.674701
4.78 -0.657414
4.8 -0.643601
4.82 -0.636577
4.84 -0.635761
4.86 -0.640691
4.88 -0.65202
4.9 -0.670066
4.92 -0.695451
4.94 -0.730077
4.96 -0.775097
4.98 -0.830122
5 -0.896014
5.02 -0.975137
5.04 -1.06945
5.06 -1.17727
5.08 -1.28916
5.1 -1.39371
5.12 -1.48594
5.14 -1.56412
5.16 -1.62574
5.18 -1.66831
5.2 -1.68928
5.22 -1.68573
5.24 -1.65807
5.26 -1.61394
5.28 -1.56141
5.3 -1.50219
5.32 -1.4345
5.34 -1.35649
5.36 -1.2685
5.38 -1.17355
5.4 -1.07558
5.42 -0.97788
5.44 -0.881182
5.46 -0.784248
5.48 -0.687009
5.5 -0.590835
5.52 -0.497049
5.54 -0.40716
5.56 -0.323748
5.58 -0.249719
5.6 -0.187079
5.62 -0.137218
5.64 -0.100367
5.66 -0.0756233
5.68 -0.0635487
5.7 -0.0656647
5.72 -0.0821647
5.74 -0.112583
5.76 -0.1564
5.78 -0.212967
5.8 -0.281196
5.82 -0.358355
5.84 -0.441126
5.86 -0.527703
5.88 -0.617062
5.9 -0.708291
5.92 -0.79958
5.94 -0.886233
5.96 -0.962874
5.98 -1.02551
6 -1.07035
6.02 -1.09505
6.04 -1.09916
6.06 -1.08161
6.08 -1.04249
6.1 -0.985151
6.12 -0.912633
6.14 -0.826319
6.16 -0.728418
6.18 -0.624812
6.2 -0.524807
6.22 -0.435704
6.24 -0.362199
6.26 -0.309331
6.28 -0.281161
6.3 -0.278279
6.32 -0.297658
6.34 -0.335708
6.36 -0.389704
6.38 -0.456188
6.4 -0.531325
6.42 -0.611689
6.44 -0.693672
6.46 -0.774102
6.48 -0.852085
6.5 -0.929448
6.52 -1.00833
6.54 -1.09011
6.56 -1.17461
6.58 -1.25786
6.6 -1.3358
6.62 -1.40742
6.64 -1.47036
6.66 -1.51906
6.68 -1.54854
6.7 -1.55686
6.72 -1.54586
6.74 -1.52087
6.76 -1.48676
6.78 -1.44508
6.8 -1.39569
6.82 -1.33936
6.84 -1.27764
6.86 -1.21149
6.88 -1.14225
6.9 -1.07265
6.92 -1.00644
6.94 -0.947135
6.96 -0.896233
6.98 -0.852765
7 -0.81501
7.02 -0.782582
7.04 -0.756246
7.06 -0.736305
7.08 -0.722453
7.1 -0.713722
7.12 -0.708558
7.14 -0.70615
7.16 -0.706284
7.18 -0.708293
7.2 -0.711162
7.22 -0.713962
7.24 -0.716009
7.26 -0.717794
7.28 -0.72207
7.3 -0.731503
7.32 -0.745743
7.34 -0.762693
7.36 -0.780847
7.38 -0.799503
7.4 -0.81804
7.42 -0.836243
7.44 -0.85439
7.46 -0.8727
7.48 -0.891761
7.5 -0.911957
7.52 -0.93272
7.54 -0.953879
7.56 -0.975755
7.58 -0.99737
7.6 -1.01597
7.62 -1.02838
7.64 -1.03223
7.66 -1.02536
7.68 -1.00639
7.7 -0.976582
7.72 -0.939117
7.74 -0.897077
7.76 -0.851547
7.78 -0.802171
7.8 -0.749701
7.82 -0.69604
7.84 -0.643939
7.86 -0.597644
7.88 -0.560881
7.9 -0.535197
7.92 -0.521316
7.94 -0.519692
7.96 -0.530035
7.98 -0.551839
8 -0.584346
8.02 -0.625551
8.04 -0.672396
8.06 -0.722201
8.08 -0.773065
8.1 -0.823067
8.12 -0.870174
8.14 -0.912822
8.16 -0.949872
8.18 -0.979803
8.2 -1.00038
8.22 -1.01007
8.24 -1.0108
8.26 -1.00652
8.28 -0.998653
8.3 -0.986313
8.32 -0.968374
8.34 -0.943984
8.36 -0.913803
8.38 -0.879725
8.4 -0.843076
8.42 -0.804428
8.44 -0.765167
8.46 -0.72891
8.48 -0.699165
8.5 -0.676398
8.52 -0.659639
8.54 -0.648345
8.56 -0.641805
8.58 -0.638879
8.6 -0.638052
8.62 -0.638025
8.64 -0.639394
8.66 -0.643047
8.68 -0.647784
8.7 -0.652132
8.72 -0.655735
8.74 -0.658873
8.76 -0.662304
8.78 -0.666835
8.8 -0.673211
8.82 -0.682678
8.84 -0.697002
8.86 -0.718373
8.88 -0.747472
8.9 -0.781844
8.92 -0.818794
8.94 -0.85605
8.96 -0.890938
8.98 -0.92245
9 -0.950596
9.02 -0.974903
9.04 -0.995285
9.06 -1.01136
9.08 -1.02137
9.1 -1.02447
9.12 -1.02193
9.14 -1.01484
9.16 -1.00384
9.18 -0.990633
9.2 -0.9772
9.22 -0.964641
9.24 -0.953243
9.26 -0.942575
9.28 -0.931882
9.3 -0.920052
9.32 -0.905702
9.34 -0.88785
9.36 -0.866044
9.38 -0.840895
9.4 -0.81447
9.42 -0.788779
9.44 -0.764366
9.46 -0.741164
9.48 -0.720529
9.5 -0.705019
9.52 -0.696102
9.54 -0.693932
9.56 -0.698949
9.58 -0.710354
9.6 -0.724292
9.62 -0.737815
9.64 -0.752218
9.66 -0.770325
9.68 -0.793417
9.7 -0.821617
9.72 -0.853977
9.74 -0.887238
9.76 -0.919269
9.78 -0.951755
9.8 -0.98533
9.82 -1.01801
9.84 -1.04774
9.86 -1.07139
9.88 -1.08539
9.9 -1.08769
9.92 -1.07782
9.94 -1.05746
9.96 -1.02909
9.98 -0.993499
10 -0.950311
10.02 -0.900011
10.04 -0.844131
10.06 -0.784666
10.08 -0.724411
10.1 -0.666939
10.12 -0.615523
10.14 -0.573091
10.16 -0.541853
10.18 -0.522232
10.2 -0.513946
10.22 -0.517293
10.24 -0.532614
10.26 -0.559621
10.28 -0.597106
10.3 -0.642739
10.32 -0.693327
10.34 -0.745773
10.36 -0.797549
10.38 -0.846515
10.4 -0.890944
10.42 -0.929125
10.44 -0.959118
10.46 -0.979561
10.48 -0.989906
10.5 -0.989682
10.52 -0.978437
10.54 -0.956743
10.56 -0.927222
10.58 -0.89296
10.6 -0.855111
10.62 -0.814052
10.64 -0.771038
10.66 -0.727538
10.68 -0.685136
10.7 -0.646294
10.72 -0.613358
10.74 -0.5874
10.76 -0.5691
10.78 -0.558829
10.8 -0.555652
10.82 -0.558207
10.84 -0.565747
10.86 -0.578237
10.88 -0.59666
10.9 -0.621713
10.92 -0.652411
10.94 -0.687035
10.96 -0.724019
10.98 -0.761821
11 -0.799169
11.02 -0.83527
11.04 -0.869389
11.06 -0.900364
11.08 -0.926797
11.1 -0.947423
11.12 -0.960814
11.14 -0.965342
11.16 -0.959913
11.18 -0.944393
11.2 -0.919357
11.22 -0.885702
11.24 -0.84512
11.26 -0.800594
11.28 -0.755339
11.3 -0.711807
11.32 -0.671819
11.34 -0.636869
11.36 -0.608419
11.38 -0.587832
11.4 -0.57542
11.42 -0.570205
11.44 -0.571323
11.46 -0.578653
11.48 -0.592092
11.5 -0.611205
11.52 -0.635244
11.54 -0.662964
11.56 -0.692632
11.58 -0.722352
11.6 -0.750264
11.62 -0.774636
11.64 -0.794118
11.66 -0.807949
11.68 -0.815933
11.7 -0.818364
11.72 -0.815795
11.74 -0.80874
11.76 -0.798058
11.78 -0.785333
11.8 -0.772494
11.82 -0.761301
11.84 -0.752912
11.86 -0.747736
11.88 -0.745804
11.9 -0.746512
11.92 -0.74818
11.94 -0.749029
11.96 -0.74821
11.98 -0.745665
12 -0.741811
12.02 -0.737133
12.04 -0.731795
12.06 -0.725888
12.08 -0.71965
12.1 -0.713496
12.12 -0.708162
12.14 -0.704007
12.16 -0.700461
12.18 -0.69699
12.2 -0.693795
12.22 -0.691514
12.24 -0.691089
12.26 -0.693616
12.28 -0.699953
12.3 -0.71062
12.32 -0.725796
12.34 -0.745174
12.36 -0.767851
12.38 -0.792298
12.4 -0.816572
12.42 -0.838705
12.44 -0.856956
12.46 -0.870004
12.48 -0.87699
12.5 -0.87725
12.52 -0.870334
12.54 -0.856339
12.56 -0.835925
12.58 -0.809944
12.6 -0.779255
12.62 -0.744818
12.64 -0.707905
12.66 -0.670459
12.68 -0.634785
12.7 -0.602835
12.72 -0.57613
12.74 -0.555897
12.76 -0.543102
12.78 -0.538519
12.8 -0.542348
12.82 -0.553599
12.84 -0.570617
12.86 -0.592251
12.88 -0.617932
12.9 -0.646942
12.92 -0.677999
12.94 -0.709607
12.96 -0.740575
12.98 -0.769953
13 -0.796843
13.02 -0.820509
13.04 -0.840379
13.06 -0.855779
13.08 -0.865899
13.1 -0.870097
13.12 -0.868004
13.14 -0.859491
13.16 -0.844874
13.18 -0.825097
13.2 -0.801449
13.22 -0.774986
13.24 -0.746456
13.26 -0.716679
13.28 -0.686946
13.3 -0.659086
13.32 -0.634825
13.34 -0.615229
13.36 -0.600674
13.38 -0.590996
13.4 -0.585965
13.42 -0.585704
13.44 -0.590313
13.46 -0.59964
13.48 -0.613621
13.5 -0.632116
13.52 -0.654421
13.54 -0.67942
13.56 -0.706046
13.58 -0.733416
13.6 -0.760748
13.62 -0.787228
13.64 -0.811862
13.66 -0.833592
13.68 -0.851603
13.7 -0.865447
13.72 -0.874832
13.74 -0.879383
13.76 -0.878511
13.78 -0.871572
13.8 -0.858245
13.82 -0.838797
13.84 -0.814037
13.86 -0.785249
13.88 -0.754145
13.9 -0.722484
13.92 -0.691685
13.94 -0.662786
13.96 -0.63652
13.98 -0.613482
14 -0.594294
14.02 -0.579269
14.04 -0.568045
14.06 -0.56005
14.08 -0.555003
14.1 -0.553029
14.12 -0.555029
14.14 -0.562389
14.16 -0.575744
14.18 -0.594573
14.2 -0.618001
14.22 -0.645499
14.24 -0.676707
14.26 -0.710857
14.28 -0.74658
14.3 -0.782178
14.32 -0.816147
14.34 -0.847566
14.36 -0.875831
14.38 -0.900136
14.4 -0.919606
14.42 -0.933698
14.44 -0.942186
14.46 -0.944788
14.48 -0.941092
14.5 -0.93072
14.52 -0.913402
14.54 -0.889211
14.56 -0.858778
14.58 -0.823385
14.6 -0.784734
14.62 -0.744272
14.64 -0.702838
14.66 -0.661157
14.68 -0.620464
14.7 -0.582988
14.72 -0.551535
14.74 -0.528063
14.76 -0.513132
14.78 -0.506621
14.8 -0.508647
14.82 -0.519576
14.84 -0.539023
14.86 -0.56565
14.88 -0.598165
14.9 -0.635529
14.92 -0.675946
14.94 -0.716955
14.96 -0.756585
14.98 -0.793499
15 -0.826523
15.02 -0.854624
15.04 -0.877163
15.06 -0.893925
15.08 -0.904764
15.1 -0.909462
15.12 -0.907663
15.14 -0.898707
15.16 -0.882085
15.18 -0.858094
15.2 -0.827736
15.22 -0.792365
15.24 -0.753767
15.26 -0.714088
15.28 -0.675468
15.3 -0.639912
15.32 -0.609102
15.34 -0.584108
15.36 -0.5654
15.38 -0.553045
15.4 -0.546828
15.42 -0.54634
15.44 -0.551137
15.46 -0.560959
15.48 -0.575791
15.5 -0.595514
15.52 -0.61934
15.54 -0.645917
15.56 -0.673815
15.58 -0.701533
15.6 -0.727538
15.62 -0.750654
15.64 -0.770275
15.66 -0.786292
15.68 -0.798683
15.7 -0.807079
15.72 -0.810813
15.74 -0.809232
15.76 -0.802006
15.78 -0.789363
15.8 -0.771911
15.82 -0.750501
15.84 -0.726374
15.86 -0.701017
15.88 -0.675722
15.9 -0.651445
15.92 -0.628907
15.94 -0.608612
15.96 -0.590817
15.98 -0.575683
16 -0.563515
16.02 -0.554693
16.04 -0.549569
16.06 -0.548571
16.08 -0.55197
16.1 -0.559696
16.12 -0.571645
16.14 -0.587829
16.16 -0.607943
16.18 -0.630957
16.2 -0.655396
16.22 -0.679957
16.24 -0.703723
16.26 -0.726257
16.28 -0.747444
16.3 -0.766697
16.32 -0.782788
16.34 -0.794735
16.36 -0.802344
16.38 -0.805811
16.4 -0.805271
16.42 -0.800919
16.44 -0.793219
16.46 -0.782815
16.48 -0.770489
16.5 -0.757321
16.52 -0.744736
16.54 -0.734095
16.56 -0.726085
16.58 -0.720628
16.6 -0.717385
16.62 -0.716175
16.64 -0.717019
16.66 -0.719937
16.68 -0.723961
16.7 -0.726451
16.72 -0.724561
16.74 -0.716355
16.76 -0.700311
16.78 -0.675591
16.8 -0.642503
16.82 -0.602107
16.84 -0.556689
16.86 -0.511151
16.88 -0.470747
16.9 -0.437521
16.92 -0.412221
16.94 -0.39673
16.96 -0.392705
16.98 -0.400696
17 -0.42065
17.02 -0.451945
17.04 -0.493452
17.06 -0.543932
17.08 -0.602017
17.1 -0.666276
17.12 -0.735704
17.14 -0.809368
17.16 -0.88529
17.18 -0.96039
17.2 -1.03216
17.22 -1.09949
17.24 -1.16109
17.26 -1.21499
17.28 -1.25989
17.3 -1.29522
17.32 -1.32001
17.34 -1.33266
17.36 -1.33114
17.38 -1.31339
17.4 -1.27803
17.42 -1.22468
17.44 -1.15375
17.46 -1.06679
17.48 -0.966927
17.5 -0.858362
17.52 -0.744875
17.54 -0.629648
17.56 -0.516584
17.58 -0.410199
17.6 -0.314009
17.62 -0.230588
17.64 -0.162332
17.66 -0.111045
17.68 -0.0776809
17.7 -0.062815
17.72 -0.0670976
17.74 -0.0909679
17.76 -0.133783
17.78 -0.193493
17.8 -0.267225
17.82 -0.351747
17.84 -0.443087
17.86 -0.536679
17.88 -0.628619
17.9 -0.716059
17.92 -0.796561
17.94 -0.86775
17.96 -0.927235
17.98 -0.972769
18 -1.0028
18.02 -1.01674
18.04 -1.01468
18.06 -0.997116
18.08 -0.965521
18.1 -0.922942
18.12 -0.873036
18.14 -0.818733
18.16 -0.762372
18.18 -0.706174
18.2 -0.652373
18.22 -0.603529
18.24 -0.562627
18.26 -0.532574
18.28 -0.515517
18.3 -0.512315
18.32 -0.521826
18.34 -0.54024
18.36 -0.562757
18.38 -0.585917
18.4 -0.606985
18.42 -0.623155
18.44 -0.632128
18.46 -0.632188
18.48 -0.623416
18.5 -0.60897
18.52 -0.592482
18.54 -0.575522
18.56 -0.559026
18.58 -0.544523
18.6 -0.533833
18.62 -0.528848
18.64 -0.530862
18.66 -0.540252
18.68 -0.557065
18.7 -0.58137
18.72 -0.613011
18.74 -0.651431
18.76 -0.695882
18.78 -0.745565
18.8 -0.798405
18.82 -0.849663
18.84 -0.893998
18.86 -0.927816
18.88 -0.948074
18.9 -0.951916
18.92 -0.93792
18.94 -0.905861
18.96 -0.85642
18.98 -0.791723
19 -0.715641
19.02 -0.63299
19.04 -0.548105
19.06 -0.46504
19.08 -0.388009
19.1 -0.320187
19.12 -0.263464
19.14 -0.219627
19.16 -0.190425
19.18 -0.176746
19.2 -0.179062
19.22 -0.198237
19.24 -0.234921
19.26 -0.288074
19.28 -0.354555
19.3 -0.430598
19.32 -0.512626
19.34 -0.597105
19.36 -0.681119
19.38 -0.762437
19.4 -0.838957
19.42 -0.908654
19.44 -0.969383
19.46 -1.01849
19.48 -1.05338
19.5 -1.07246
19.52 -1.07526
19.54 -1.06209
19.56 -1.03373
19.58 -0.991367
19.6 -0.937419
19.62 -0.875194
19.64 -0.806866
19.66 -0.733778
19.68 -0.65884
19.7 -0.586239
19.72 -0.519489
19.74 -0.460833
19.76 -0.411378
19.78 -0.371659
19.8 -0.342781
19.82 -0.326208
19.84 -0.322521
19.86 -0.331044
19.88 -0.349805
19.9 -0.376222
19.92 -0.408169
19.94 -0.443716
19.96 -0.480995
19.98 -0.518816
20 -0.556257
20.02 -0.59203
20.04 -0.624656
20.06 -0.652739
20.08 -0.675763
20.1 -0.695302
20.12 -0.713974
20.14 -0.732963
20.16 -0.750877
20.18 -0.764663
20.2 -0.7726
20.22 -0.775555
20.24 -0.774702
20.26 -0.769989
20.28 -0.761295
20.3 -0.749393
20.32 -0.734534
20.34 -0.716004
20.36 -0.694102
20.38 -0.669814
20.4 -0.643103
20.42 -0.613559
20.44 -0.581127
20.46 -0.545907
20.48 -0.508492
20.5 -0.470907
20.52 -0.436081
20.54 -0.406812
20.56 -0.385687
20.58 -0.372819
20.6 -0.366084
20.62 -0.366105
20.64 -0.37595
20.66 -0.39729
20.68 -0.43091
20.7 -0.475751
20.72 -0.527059
20.74 -0.580575
20.76 -0.635134
20.78 -0.689334
20.8 -0.740777
20.82 -0.788319
20.84 -0.831686
20.86 -0.869539
20.88 -0.898956
20.9 -0.916942
20.92 -0.92174
20.94 -0.912374
20.96 -0.88852
20.98 -0.850611
21 -0.800413
21.02 -0.742012
21.04 -0.67975
21.06 -0.616087
21.08 -0.552603
21.1 -0.491165
21.12 -0.434379
21.14 -0.385179
21.16 -0.345199
21.18 -0.314663
21.2 -0.294316
21.22 -0.285756
21.24 -0.290326
21.26 -0.308599
21.28 -0.340211
21.3 -0.383846
21.32 -0.437143
21.34 -0.496091
21.36 -0.555758
21.38 -0.612293
21.4 -0.662546
21.42 -0.704067
21.44 -0.737243
21.46 -0.762889
21.48 -0.779465
21.5 -0.786498
21.52 -0.785965
21.54 -0.779967
21.56 -0.770639
21.58 -0.760202
21.6 -0.749275
21.62 -0.736657
21.64 -0.721465
21.66 -0.704096
21.68 -0.685226
21.7 -0.664796
21.72 -0.641844
21.74 -0.615838
21.76 -0.588225
21.78 -0.561714
21.8 -0.538018
21.82 -0.517524
21.84 -0.500769
21.86 -0.48874
21.88 -0.482003
21.9 -0.480443
21.92 -0.483448
21.94 -0.490024
21.96 -0.499211
21.98 -0.510255
22 -0.522318
22.02 -0.534432
22.04 -0.545645
22.06 -0.555559
22.08 -0.565003
22.1 -0.575297
22.12 -0.587065
22.14 -0.600288
22.16 -0.614541
22.18 -0.629015
22.2 -0.642958
22.22 -0.655771
22.24 -0.666707
22.26 -0.6751
22.28 -0.680524
22.3 -0.682592
22.32 -0.680886
22.34 -0.674892
22.36 -0.664185
22.38 -0.648704
22.4 -0.628687
22.42 -0.604652
22.44 -0.577561
22.46 -0.548664
22.48 -0.519133
22.5 -0.490308
22.52 -0.463995
22.54 -0.441992
22.56 -0.425633
22.58 -0.415746
22.6 -0.412718
22.62 -0.416651
22.64 -0.427485
22.66 -0.444902
22.68 -0.46829
22.7 -0.496841
22.72 -0.529561
22.74 -0.565207
22.76 -0.602483
22.78 -0.640259
22.8 -0.677428
22.82 -0.712644
22.84 -0.744305
22.86 -0.770897
22.88 -0.791274
22.9 -0.804684
22.92 -0.810699
22.94 -0.809035
22.96 -0.799481
22.98 -0.782102
23 -0.757478
23.02 -0.726787
23.04 -0.691642
23.06 -0.653866
23.08 -0.615363
23.1 -0.577927
23.12 -0.542927
23.14 -0.511336
23.16 -0.484099
23.18 -0.462122
23.2 -0.44587
23.22 -0.435279
23.24 -0.430111
23.26 -0.430116
23.28 -0.434915
23.3 -0.444073
23.32 -0.457285
23.34 -0.474271
23.36 -0.49465
23.38 -0.517995
23.4 -0.544062
23.42 -0.572736
23.44 -0.603522
23.46 -0.635215
23.48 -0.666183
23.5 -0.694991
23.52 -0.720674
23.54 -0.742428
23.56 -0.75934
23.58 -0.770433
23.6 -0.774878
23.62 -0.772245
23.64 -0.762568
23.66 -0.746301
23.68 -0.724137
23.7 -0.69674
23.72 -0.664935
23.74 -0.630064
23.76 -0.593809
23.78 -0.557827
23.8 -0.523587
23.82 -0.49227
23.84 -0.464874
23.86 -0.442493
23.88 -0.426257
23.9 -0.416922
23.92 -0.414612
23.94 -0.419114
23.96 -0.430358
23.98 -0.448231
24 -0.472067
24.02 -0.500419
24.04 -0.531163
24.06 -0.562331
24.08 -0.592697
24.1 -0.621511
24.12 -0.648328
24.14 -0.672726
24.16 -0.693839
24.18 -0.710677
24.2 -0.722876
24.22 -0.730538
24.24 -0.733635
24.26 -0.731926
24.28 -0.72502
24.3 -0.712695
24.32 -0.695367
24.34 -0.674227
24.36 -0.650865
24.38 -0.626675
24.4 -0.60267
24.42 -0.57958
24.44 -0.55785
24.46 -0.537782
24.48 -0.519876
24.5 -0.504892
24.52 -0.493537
24.54 -0.486285
24.56 -0.483346
24.58 -0.484589
24.6 -0.489688
24.62 -0.498327
24.64 -0.510081
24.66 -0.524285
24.68 -0.540229
24.7 -0.557462
24.72 -0.57576
24.74 -0.594745
24.76 -0.613702
24.78 -0.631664
24.8 -0.647532
24.82 -0.660383
24.84 -0.669584
24.86 -0.674669
24.88 -0.675428
24.9 -0.67195
24.92 -0.664422
24.94 -0.653109
24.96 -0.63848
24.98 -0.621178
25 -0.601963
25.02 -0.581679
25.04 -0.561183
25.06 -0.541271
25.08 -0.522732
25.1 -0.506398
25.12 -0.492975
25.14 -0.482878
25.16 -0.476369
25.18 -0.473716
25.2 -0.475153
25.22 -0.480846
25.24 -0.49082
25.26 -0.504912
25.28 -0.522834
25.3 -0.544208
25.32 -0.56849
25.34 -0.594737
25.36 -0.621524
25.38 -0.647378
25.4 -0.671196
25.42 -0.692156
25.44 -0.709534
25.46 -0.722743
25.48 -0.731418
25.5 -0.735381
25.52 -0.73451
25.54 -0.728711
25.56 -0.718021
25.58 -0.70266
25.6 -0.683038
25.62 -0.659742
25.64 -0.633536
25.66 -0.605399
25.68 -0.576514
25.7 -0.548179
25.72 -0.521583
25.74 -0.497746
25.76 -0.477655
25.78 -0.462198
25.8 -0.451988
25.82 -0.447397
25.84 -0.448544
25.86 -0.455197
25.88 -0.466902
25.9 -0.483207
25.92 -0.50363
25.94 -0.527484
25.96 -0.55383
25.98 -0.581651
26 -0.610017
26.02 -0.638072
26.04 -0.664977
26.06 -0.689821
26.08 -0.711581
26.1 -0.729346
26.12 -0.742584
26.14 -0.751047
26.16 -0.754529
26.18 -0.752828
26.2 -0.745836
26.22 -0.733652
26.24 -0.71667
26.26 -0.695524
26.28 -0.670977
26.3 -0.643952
26.32 -0.615521
26.34 -0.58678
26.36 -0.558852
26.38 -0.532879
26.4 -0.50989
26.42 -0.490729
26.44 -0.476075
26.46 -0.466394
26.48 -0.461812
26.5 -0.462166
26.52 -0.467286
26.54 -0.477041
26.56 -0.491127
26.58 -0.508863
26.6 -0.529188
26.62 -0.550952
26.64 -0.5732
26.66 -0.595201
26.68 -0.616303
26.7 -0.635802
26.72 -0.653041
26.74 -0.667523
26.76 -0.67888
26.78 -0.686894
26.8 -0.691441
26.82 -0.692425
26.84 -0.689895
26.86 -0.684054
26.88 -0.675212
26.9 -0.663806
26.92 -0.650279
26.94 -0.634978
26.96 -0.618248
26.98 -0.600598
27 -0.582786
27.02 -0.565596
27.04 -0.549596
27.06 -0.53526
27.08 -0.523149
27.1 -0.513853
27.12 -0.507797
27.14 -0.505129
27.16 -0.505826
27.18 -0.509839
27.2 -0.517111
27.22 -0.527479
27.24 -0.540584
27.26 -0.555883
27.28 -0.572708
27.3 -0.590322
27.32 -0.607974
27.34 -0.624871
27.36 -0.640197
27.38 -0.653196
27.4 -0.663298
27.42 -0.670157
27.44 -0.67351
27.46 -0.673131
27.48 -0.669025
27.5 -0.661497
27.52 -0.651091
27.54 -0.63856
27.56 -0.624729
27.58 -0.610374
27.6 -0.596211
27.62 -0.582889
27.64 -0.571036
27.66 -0.561189
27.68 -0.553689
27.7 -0.548685
27.72 -0.546119
27.74 -0.54569
27.76 -0.546929
27.78 -0.549374
27.8 -0.552682
27.82 -0.556607
27.84 -0.560948
27.86 -0.565572
27.88 -0.570479
27.9 -0.575734
27.92 -0.581361
27.94 -0.587315
27.96 -0.593439
27.98 -0.599471
28 -0.605193
28.02 -0.61041
28.04 -0.614908
28.06 -0.618553
28.08 -0.621304
28.1 -0.623173
28.12 -0.624117
28.14 -0.623971
28.16 -0.62267
28.18 -0.620312
28.2 -0.616907
28.22 -0.612365
28.24 -0.60665
28.26 -0.599735
28.28 -0.591602
28.3 -0.58234
28.32 -0.572179
28.34 -0.56151
28.36 -0.55129
28.38 -0.543064
28.4 -0.53802
28.42 -0.536354
28.44 -0.537636
28.46 -0.541586
28.48 -0.548186
28.5 -0.557203
28.52 -0.568049
28.54 -0.57989
28.56 -0.591811
28.58 -0.60308
28.6 -0.613354
28.62 -0.622627
28.64 -0.630838
28.66 -0.637518
28.68 -0.641994
28.7 -0.643818
28.72 -0.642903
28.74 -0.639561
28.76 -0.634452
28.78 -0.628172
28.8 -0.620842
28.82 -0.612397
28.84 -0.603131
28.86 -0.593576
28.88 -0.58408
28.9 -0.574821
28.92 -0.56592
28.94 -0.557447
28.96 -0.54955
28.98 -0.542623
29 -0.5373
29.02 -0.534149
29.04 -0.533255
29.06 -0.534298
29.08 -0.537045
29.1 -0.541547
29.12 -0.547941
29.14 -0.556258
29.16 -0.566368
29.18 -0.577981
29.2 -0.590663
29.22 -0.603864
29.24 -0.617048
29.26 -0.629779
29.28 -0.641555
29.3 -0.651736
29.32 -0.659799
29.34 -0.665489
29.36 -0.668652
29.38 -0.669049
29.4 -0.666396
29.42 -0.660611
29.44 -0.651923
29.46 -0.640759
29.48 -0.627606
29.5 -0.612996
29.52 -0.597527
29.54 -0.58191
29.56 -0.56704
29.58 -0.553855
29.6 -0.54298
29.62 -0.534668
29.64 -0.529106
29.66 -0.526565
29.68 -0.527225
29.7 -0.531084
29.72 -0.537983
29.74 -0.547606
29.76 -0.55949
29.78 -0.573005
29.8 -0.587439
29.82 -0.602099
29.84 -0.616257
29.86 -0.629178
29.88 -0.640236
29.9 -0.648945
29.92 -0.654875
29.94 -0.65767
29.96 -0.657194
29.98 -0.653614
30 -0.647397
30.02 -0.639193
30.04 -0.629645
30.06 -0.619307
30.08 -0.608717
30.1 -0.598379
30.12 -0.588616
30.14 -0.579542
30.16 -0.57118
30.18 -0.563579
30.2 -0.556848
30.22 -0.551184
30.24 -0.546838
30.26 -0.543957
30.28 -0.542522
30.3 -0.542424
30.32 -0.543522
30.34 -0.545754
30.36 -0.549162
30.38 -0.55377
30.4 -0.559561
30.42 -0.566507
30.44 -0.574616
30.46 -0.583947
30.48 -0.594448
30.5 -0.605784
30.52 -0.61732
30.54 -0.628326
30.56 -0.638187
30.58 -0.646406
30.6 -0.652535
30.62 -0.656153
30.64 -0.656886
30.66 -0.65448
30.68 -0.648906
30.7 -0.640351
30.72 -0.629167
30.74 -0.615965
30.76 -0.601566
30.78 -0.586722
30.8 -0.572089
30.82 -0.558336
30.84 -0.546051
30.86 -0.535684
30.88 -0.52758
30.9 -0.521895
30.92 -0.518571
30.94 -0.51753
30.96 -0.518811
30.98 -0.522482
31 -0.528559
31.02 -0.537015
31.04 -0.547677
31.06 -0.560191
31.08 -0.574157
31.1 -0.589164
31.12 -0.604621
31.14 -0.619721
31.16 -0.633627
31.18 -0.645652
31.2 -0.655297
31.22 -0.662216
31.24 -0.666161
31.26 -0.666926
31.28 -0.664434
31.3 -0.658824
31.32 -0.650385
31.34 -0.639462
31.36 -0.626452
31.38 -0.611872
31.4 -0.596325
31.42 -0.580364
31.44 -0.564561
31.46 -0.549591
31.48 -0.536107
31.5 -0.524714
31.52 -0.516022
31.54 -0.510537
31.56 -0.508546
31.58 -0.510155
31.6 -0.515317
31.62 -0.523798
31.64 -0.535241
31.66 -0.549244
31.68 -0.565324
31.7 -0.582895
31.72 -0.601295
31.74 -0.619782
31.76 -0.637566
31.78 -0.653888
31.8 -0.668074
31.82 -0.679562
31.84 -0.687934
31.86 -0.692816
31.88 -0.693852
31.9 -0.690846
31.92 -0.683869
31.94 -0.673209
31.96 -0.659266
31.98 -0.642523
32 -0.623608
32.02 -0.603334
32.04 -0.582651
32.06 -0.562539
32.08 -0.543909
32.1 -0.527549
32.12 -0.514114
32.14 -0.504171
32.16 -0.498154
32.18 -0.496268
32.2 -0.498518
32.22 -0.504778
32.24 -0.514797
32.26 -0.528179
32.28 -0.544372
32.3 -0.562702
32.32 -0.582445
32.34 -0.602879
32.36 -0.623256
32.38 -0.642801
32.4 -0.6608
32.42 -0.676604
32.44 -0.689623
32.46 -0.699356
32.48 -0.705385
32.5 -0.707436
32.52 -0.70547
32.54 -0.699598
32.56 -0.689978
32.58 -0.676875
32.6 -0.660763
32.62 -0.642265
32.64 -0.622026
32.66 -0.600695
32.68 -0.578978
32.7 -0.557652
32.72 -0.537541
32.74 -0.519485
32.76 -0.504322
32.78 -0.492822
32.8 -0.485525
32.82 -0.4827
32.84 -0.484372
32.86 -0.490309
32.88 -0.500051
32.9 -0.512931
32.92 -0.528191
32.94 -0.545117
32.96 -0.563068
32.98 -0.58142
33 -0.599577
33.02 -0.61701
33.04 -0.633211
33.06 -0.647658
33.08 -0.659851
33.1 -0.669387
33.12 -0.676001
33.14 -0.679521
33.16 -0.679808
33.18 -0.676816
33.2 -0.670633
33.22 -0.661422
33.24 -0.649473
33.26 -0.63525
33.28 -0.619372
33.3 -0.602601
33.32 -0.585723
33.34 -0.569356
33.36 -0.553925
33.38 -0.539844
33.4 -0.527629
33.42 -0.517832
33.44 -0.51088
33.46 -0.506994
33.48 -0.506302
33.5 -0.508909
33.52 -0.514813
33.54 -0.523857
33.56 -0.535712
33.58 -0.549811
33.6 -0.565424
33.62 -0.581843
33.64 -0.598446
33.66 -0.614687
33.68 -0.630099
33.7 -0.644241
33.72 -0.65662
33.74 -0.666762
33.76 -0.674294
33.78 -0.678859
33.8 -0.680064
33.82 -0.677623
33.84 -0.671495
33.86 -0.66185
33.88 -0.649016
33.9 -0.633467
33.92 -0.615797
33.94 -0.5967
33.96 -0.576957
33.98 -0.557345
34 -0.538589
34.02 -0.521423
34.04 -0.506576
34.06 -0.494676
34.08 -0.486253
34.1 -0.481773
34.12 -0.481517
34.14 -0.485532
34.16 -0.493711
34.18 -0.505769
34.2 -0.521198
34.22 -0.539323
34.24 -0.559388
34.26 -0.580619
34.28 -0.602201
34.3 -0.623251
34.32 -0.642893
34.34 -0.660381
34.36 -0.675084
34.38 -0.686372
34.4 -0.693642
34.42 -0.696476
34.44 -0.694685
34.46 -0.688301
34.48 -0.677606
34.5 -0.663154
34.52 -0.645736
34.54 -0.626279
34.56 -0.605758
34.58 -0.585089
34.6 -0.565045
34.62 -0.546251
34.64 -0.529272
34.66 -0.514687
34.68 -0.503071
34.7 -0.494918
34.72 -0.490604
34.74 -0.490381
34.76 -0.49435
34.78 -0.50239
34.8 -0.514111
34.82 -0.528929
34.84 -0.546122
34.86 -0.564832
34.88 -0.584194
34.9 -0.603416
34.92 -0.621701
34.94 -0.638241
34.96 -0.652311
34.98 -0.663319
35 -0.670884
35.02 -0.674861
35.04 -0.675235
35.06 -0.672098
35.08 -0.665725
35.1 -0.65655
35.12 -0.645086
35.14 -0.631935
35.16 -0.617803
35.18 -0.603386
35.2 -0.589256
35.22 -0.575841
35.24 -0.563473
35.26 -0.552466
35.28 -0.543168
35.3 -0.535907
35.32 -0.530891
35.34 -0.528241
35.36 -0.52808
35.38 -0.530449
35.4 -0.535195
35.42 -0.541999
35.44 -0.550456
35.46 -0.560153
35.48 -0.570718
35.5 -0.58179
35.52 -0.593038
35.54 -0.604187
35.56 -0.614933
35.58 -0.624966
35.6 -0.634072
35.62 -0.642077
35.64 -0.648732
35.66 -0.653718
35.68 -0.656736
35.7 -0.657598
35.72 -0.656203
35.74 -0.652521
35.76 -0.646709
35.78 -0.639001
35.8 -0.629478
35.82 -0.618254
35.84 -0.605794
35.86 -0.59275
35.88 -0.579702
35.9 -0.567254
35.92 -0.556039
35.94 -0.546433
35.96 -0.538427
35.98 -0.531997
36 -0.527478
36.02 -0.525311
36.04 -0.525654
36.06 -0.528468
36.08 -0.53361
36.1 -0.540705
36.12 -0.549218
36.14 -0.558822
36.16 -0.569468
36.18 -0.580911
36.2 -0.592459
36.22 -0.603416
36.24 -0.613335
36.26 -0.621973
36.28 -0.629339
36.3 -0.635569
36.32 -0.640705
36.34 -0.644701
36.36 -0.647397
36.38 -0.648517
36.4 -0.647797
36.42 -0.644988
36.44 -0.639898
36.46 -0.632675
36.48 -0.623764
36.5 -0.613346
36.52 -0.601211
36.54 -0.587346
36.56 -0.572274
36.58 -0.556783
36.6 -0.54161
36.62 -0.527481
36.64 -0.515275
36.66 -0.505806
36.68 -0.499562
36.7 -0.497049
36.72 -0.498951
36.74 -0.505473
36.76 -0.515876
36.78 -0.529103
36.8 -0.544654
36.82 -0.562401
36.84 -0.581785
36.86 -0.601824
36.88 -0.621672
36.9 -0.640823
36.92 -0.65887
36.94 -0.675282
36.96 -0.689327
36.98 -0.699858
37 -0.705721
37.02 -0.706529
37.04 -0.702377
37.06 -0.693143
37.08 -0.678755
37.1 -0.659818
37.12 -0.637465
37.14 -0.61296
37.16 -0.587642
37.18 -0.56286
37.2 -0.539828
37.22 -0.519747
37.24 -0.503987
37.26 -0.493552
37.28 -0.488375
37.3 -0.487781
37.32 -0.491392
37.34 -0.499185
37.36 -0.511106
37.38 -0.526819
37.4 -0.545671
37.42 -0.566715
37.44 -0.588808
37.46 -0.6108
37.48 -0.631574
37.5 -0.650075
37.52 -0.665504
37.54 -0.67734
37.56 -0.685056
37.58 -0.688031
37.6 -0.685928
37.62 -0.678992
37.64 -0.667968
37.66 -0.653883
37.68 -0.637629
37.7 -0.619713
37.72 -0.600636
37.74 -0.581244
37.76 -0.562479
37.78 -0.545085
37.8 -0.529637
37.82 -0.516847
37.84 -0.507711
37.86 -0.503076
37.88 -0.503226
37.9 -0.508011
37.92 -0.516931
37.94 -0.529166
37.96 -0.543907
37.98 -0.560521
38 -0.57831
38.02 -0.596414
38.04 -0.613991
38.06 -0.630313
38.08 -0.644763
38.1 -0.65685
38.12 -0.666136
38.14 -0.672303
38.16 -0.675177
38.18 -0.674575
38.2 -0.670317
38.22 -0.662318
38.24 -0.650724
38.26 -0.63613
38.28 -0.619544
38.3 -0.602131
38.32 -0.584935
38.34 -0.568691
38.36 -0.553899
38.38 -0.541046
38.4 -0.530587
38.42 -0.52276
38.44 -0.517551
38.46 -0.514812
38.48 -0.514462
38.5 -0.516623
38.52 -0.521496
38.54 -0.529167
38.56 -0.539515
38.58 -0.552242
38.6 -0.566987
38.62 -0.583316
38.64 -0.600626
38.66 -0.618153
38.68 -0.635051
38.7 -0.650502
38.72 -0.663803
38.74 -0.674319
38.76 -0.681452
38.78 -0.68474
38.8 -0.683953
38.82 -0.679137
38.84 -0.670621
38.86 -0.659007
38.88 -0.645044
38.9 -0.62947
38.92 -0.613004
38.94 -0.596387
38.96 -0.580293
38.98 -0.565202
39 -0.551402
39.02 -0.539075
39.04 -0.528365
39.06 -0.519372
39.08 -0.512152
39.1 -0.50674
39.12 -0.503273
39.14 -0.502124
39.16 -0.503825
39.18 -0.508802
39.2 -0.517157
39.22 -0.52866
39.24 -0.542866
39.26 -0.559191
39.28 -0.576929
39.3 -0.595294
39.32 -0.613509
39.34 -0.630861
39.36 -0.64673
39.38 -0.660635
39.4 -0.67217
39.42 -0.680895
39.44 -0.686406
39.46 -0.68847
39.48 -0.687018
39.5 -0.682052
39.52 -0.673617
39.54 -0.661881
39.56 -0.64723
39.58 -0.630269
39.6 -0.611702
39.62 -0.59216
39.64 -0.572183
39.66 -0.552343
39.68 -0.533304
39.7 -0.515769
39.72 -0.50042
39.74 -0.487955
39.76 -0.479063
39.78 -0.474289
39.8 -0.473971
39.82 -0.478252
39.84 -0.487027
39.86 -0.499951
39.88 -0.516515
39.9 -0.536066
39.92 -0.557799
39.94 -0.580762
39.96 -0.603911
39.98 -0.626284
40 -0.64707
40.02 -0.665555
40.04 -0.681084
40.06 -0.693097
40.08 -0.701205
40.1 -0.70516
40.12 -0.704745
40.14 -0.699845
40.16 -0.690604
40.18 -0.677386
40.2 -0.660728
40.22 -0.641389
40.24 -0.620279
40.26 -0.598359
40.28 -0.576608
40.3 -0.555957
40.32 -0.537212
40.34 -0.521043
40.36 -0.507989
40.38 -0.49846
40.4 -0.492706
40.42 -0.490745
40.44 -0.492401
40.46 -0.497393
40.48 -0.505377
40.5 -0.515973
40.52 -0.528772
40.54 -0.543378
40.56 -0.559437
40.58 -0.576471
40.6 -0.593785
40.62 -0.610655
40.64 -0.626521
40.66 -0.641038
40.68 -0.653988
40.7 -0.665095
40.72 -0.673992
40.74 -0.68035
40.76 -0.683973
40.78 -0.684808
40.8 -0.682853
40.82 -0.678011
40.84 -0.670133
40.86 -0.659182
40.88 -0.645362
40.9 -0.629193
40.92 -0.611417
40.94 -0.592755
40.96 -0.573859
40.98 -0.555393
41 -0.537994
41.02 -0.52227
41.04 -0.508871
41.06 -0.498387
41.08 -0.491259
41.1 -0.487797
41.12 -0.488155
41.14 -0.492347
41.16 -0.50029
41.18 -0.511805
41.2 -0.526596
41.22 -0.54422
41.24 -0.564051
41.26 -0.585292
41.28 -0.607071
41.3 -0.628544
41.32 -0.648861
41.34 -0.667172
41.36 -0.682706
41.38 -0.694801
41.4 -0.702922
41.42 -0.706677
41.44 -0.705781
41.46 -0.700089
41.48 -0.689689
41.5 -0.674956
41.52 -0.656509
41.54 -0.635122
41.56 -0.611655
41.58 -0.587048
41.6 -0.56236
41.62 -0.538694
41.64 -0.517083
41.66 -0.498405
41.68 -0.483366
41.7 -0.472517
41.72 -0.466309
41.74 -0.465114
41.76 -0.469147
41.78 -0.478336
41.8 -0.492329
41.82 -0.510504
41.84 -0.531954
41.86 -0.555561
41.88 -0.580159
41.9 -0.604624
41.92 -0.62788
41.94 -0.648931
41.96 -0.666911
41.98 -0.68113
42 -0.691116
42.02 -0.696638
42.04 -0.697684
42.06 -0.69443
42.08 -0.687193
42.1 -0.676363
42.12 -0.662373
42.14 -0.645726
42.16 -0.627021
42.18 -0.60698
42.2 -0.586431
42.22 -0.566225
42.24 -0.547176
42.26 -0.530046
42.28 -0.515537
42.3 -0.504276
42.32 -0.496775
42.34 -0.493364
42.36 -0.49411
42.38 -0.498858
42.4 -0.507302
42.42 -0.51896
42.44 -0.533212
42.46 -0.549397
42.48 -0.566819
42.5 -0.584771
42.52 -0.602536
42.54 -0.619385
42.56 -0.634623
42.58 -0.647655
42.6 -0.658007
42.62 -0.665308
42.64 -0.669296
42.66 -0.669857
42.68 -0.667022
42.7 -0.660937
42.72 -0.65185
42.74 -0.640128
42.76 -0.626306
42.78 -0.611055
42.8 -0.595055
42.82 -0.578939
42.84 -0.563386
42.86 -0.549117
42.88 -0.536795
42.9 -0.526962
42.92 -0.520006
42.94 -0.516157
42.96 -0.515561
42.98 -0.518279
43 -0.524197
43.02 -0.532965
43.04 -0.544058
43.06 -0.556871
43.08 -0.570802
43.1 -0.585253
43.12 -0.599588
43.14 -0.613165
43.16 -0.625392
43.18 -0.635758
43.2 -0.643875
43.22 -0.649504
43.24 -0.652518
43.26 -0.652906
43.28 -0.650772
43.3 -0.646326
43.32 -0.63988
43.34 -0.631823
43.36 -0.62258
43.38 -0.612592
43.4 -0.60228
43.42 -0.591989
43.44 -0.581969
43.46 -0.572435
43.48 -0.563593
43.5 -0.555635
43.52 -0.548743
43.54 -0.54311
43.56 -0.538945
43.58 -0.536457
43.6 -0.53584
43.62 -0.537236
43.64 -0.540679
43.66 -0.546072
43.68 -0.55322
43.7 -0.56187
43.72 -0.571724
43.74 -0.582399
43.76 -0.593457
43.78 -0.604452
43.8 -0.614908
43.82 -0.624335
43.84 -0.632309
43.86 -0.638524
43.88 -0.642805
43.9 -0.645057
43.92 -0.645219
43.94 -0.643298
43.96 -0.639416
43.98 -0.633773
44 -0.626595
44.02 -0.618134
44.04 -0.60867
44.06 -0.598518
44.08 -0.588044
44.1 -0.577668
44.12 -0.567807
44.14 -0.558845
44.16 -0.55113
44.18 -0.544991
44.2 -0.54073
44.22 -0.538587
44.24 -0.538704
44.26 -0.54111
44.28 -0.545744
44.3 -0.55245
44.32 -0.560951
44.34 -0.570832
44.36 -0.581601
44.38 -0.592756
44.4 -0.603771
44.42 -0.614088
44.44 -0.623184
44.46 -0.630591
44.48 -0.635952
44.5 -0.639093
44.52 -0.640014
44.54 -0.638804
44.56 -0.635626
44.58 -0.630709
44.6 -0.624343
44.62 -0.61685
44.64 -0.608553
44.66 -0.599764
44.68 -0.590797
44.7 -0.581986
44.72 -0.573639
44.74 -0.566023
44.76 -0.559378
44.78 -0.553913
44.8 -0.549826
44.82 -0.547299
44.84 -0.546445
44.86 -0.547261
44.88 -0.549656
44.9 -0.553501
44.92 -0.558653
44.94 -0.564933
44.96 -0.572109
44.98 -0.579919
45 -0.588093
45.02 -0.596351
45.04 -0.604381
45.06 -0.611832
45.08 -0.618357
45.1 -0.623679
45.12 -0.627593
45.14 -0.629938
45.16 -0.630623
45.18 -0.629644
45.2 -0.627072
45.22 -0.623015
45.24 -0.61757
45.26 -0.610838
45.28 -0.602976
45.3 -0.594246
45.32 -0.585003
45.34 -0.57562
45.36 -0.566528
45.38 -0.558213
45.4 -0.551139
45.42 -0.545668
45.44 -0.541992
45.46 -0.54022
45.48 -0.540456
45.5 -0.542734
45.52 -0.546976
45.54 -0.553015
45.56 -0.560625
45.58 -0.569512
45.6 -0.579304
45.62 -0.589572
45.64 -0.599868
45.66 -0.609794
45.68 -0.619004
45.7 -0.62715
45.72 -0.633882
45.74 -0.638904
45.76 -0.642035
45.78 -0.643201
45.8 -0.642343
45.82 -0.639412
45.84 -0.634444
45.86 -0.627579
45.88 -0.619042
45.9 -0.60912
45.92 -0.598154
45.94 -0.586524
45.96 -0.574669
45.98 -0.563131
46 -0.552527
46.02 -0.543386
46.04 -0.536091
46.06 -0.530925
46.08 -0.528106
46.1 -0.527819
46.12 -0.530169
46.14 -0.535114
46.16 -0.542485
46.18 -0.55197
46.2 -0.56307
46.22 -0.575208
46.24 -0.587871
46.26 -0.600552
46.28 -0.61268
46.3 -0.623726
46.32 -0.633262
46.34 -0.64091
46.36 -0.646365
46.38 -0.649419
46.4 -0.649949
46.42 -0.647948
46.44 -0.643519
46.46 -0.636837
46.48 -0.628184
46.5 -0.617962
46.52 -0.606633
46.54 -0.594686
46.56 -0.582619
46.58 -0.570914
46.6 -0.560034
46.62 -0.550415
46.64 -0.542434
46.66 -0.536405
46.68 -0.532573
46.7 -0.531119
46.72 -0.532123
46.74 -0.535521
46.76 -0.54114
46.78 -0.548712
46.8 -0.557868
46.82 -0.568171
46.84 -0.579139
46.86 -0.590342
46.88 -0.601434
46.9 -0.612055
46.92 -0.621819
46.94 -0.630317
46.96 -0.637139
46.98 -0.641976
47 -0.644657
47.02 -0.645117
47.04 -0.643359
47.06 -0.639435
47.08 -0.63354
47.1 -0.625996
47.12 -0.6171
47.14 -0.607141
47.16 -0.596536
47.18 -0.585788
47.2 -0.575381
47.22 -0.565718
47.24 -0.557119
47.26 -0.549873
47.28 -0.544218
47.3 -0.540284
47.32 -0.538099
47.34 -0.53761
47.36 -0.538702
47.38 -0.541265
47.4 -0.545258
47.42 -0.550718
47.44 -0.557695
47.46 -0.566081
47.48 -0.57552
47.5 -0.58555
47.52 -0.59575
47.54 -0.605711
47.56 -0.614957
47.58 -0.623046
47.6 -0.629675
47.62 -0.634651
47.64 -0.637844
47.66 -0.639208
47.68 -0.63877
47.7 -0.636588
47.72 -0.632742
47.74 -0.627317
47.76 -0.620428
47.78 -0.612279
47.8 -0.603166
47.82 -0.593451
47.84 -0.583547
47.86 -0.57391
47.88 -0.564995
47.9 -0.557214
47.92 -0.550882
47.94 -0.546222
47.96 -0.543426
47.98 -0.542615
48 -0.543786
48.02 -0.546815
48.04 -0.551501
48.06 -0.557627
48.08 -0.565012
48.1 -0.573467
48.12 -0.582677
48.14 -0.592163
48.16 -0.601464
48.18 -0.610263
48.2 -0.618286
48.22 -0.62524
48.24 -0.630857
48.26 -0.634885
48.28 -0.637124
48.3 -0.637447
48.32 -0.635737
48.34 -0.631962
48.36 -0.626261
48.38 -0.618887
48.4 -0.610151
48.42 -0.600407
48.44 -0.590054
48.46 -0.57952
48.48 -0.569262
48.5 -0.55977
48.52 -0.551503
48.54 -0.544861
48.56 -0.540197
48.58 -0.537757
48.6 -0.53764
48.62 -0.539841
48.64 -0.544271
48.66 -0.550734
48.68 -0.558863
48.7 -0.568194
48.72 -0.578269
48.74 -0.588665
48.76 -0.59895
48.78 -0.608676
48.8 -0.61744
48.82 -0.624917
48.84 -0.63083
48.86 -0.634951
48.88 -0.637121
48.9 -0.637261
48.92 -0.635379
48.94 -0.631564
48.96 -0.625982
48.98 -0.618868
49 -0.610519
49.02 -0.601284
49.04 -0.591543
49.06 -0.581686
49.08 -0.572107
49.1 -0.563192
49.12 -0.555273
49.14 -0.548596
49.16 -0.543368
49.18 -0.539788
49.2 -0.538049
49.22 -0.538269
49.24 -0.540446
49.26 -0.544543
49.28 -0.550482
49.3 -0.558076
49.32 -0.567031
49.34 -0.57697
49.36 -0.587457
49.38 -0.598055
49.4 -0.608333
49.42 -0.617847
49.44 -0.626182
49.46 -0.63299
49.48 -0.637992
49.5 -0.641001
49.52 -0.641934
49.54 -0.640813
49.56 -0.63771
49.58 -0.632747
49.6 -0.626156
49.62 -0.61829
49.64 -0.609573
49.66 -0.600468
49.68 -0.591405
49.7 -0.58276
49.72 -0.574864
49.74 -0.567972
49.76 -0.562257
49.78 -0.557822
49.8 -0.554751
49.82 -0.553146
49.84 -0.553086
49.86 -0.554538
49.88 -0.557357
49.9 -0.561354
49.92 -0.566351
49.94 -0.572167
49.96 -0.578605
49.98 -0.585465
50 -0.592522
50.02 -0.599536
50.04 -0.606257
50.06 -0.612395
50.08 -0.617632
50.1 -0.621719
50.12 -0.624519
50.14 -0.625967
50.16 -0.626052
50.18 -0.624775
50.2 -0.622146
50.22 -0.618262
50.24 -0.61332
50.26 -0.607537
50.28 -0.601121
50.3 -0.594301
50.32 -0.587316
50.34 -0.580391
50.36 -0.573771
50.38 -0.567729
50.4 -0.562507
50.42 -0.558297
50.44 -0.555241
50.46 -0.553427
50.48 -0.552925
50.5 -0.553804
50.52 -0.55609
50.54 -0.559716
50.56 -0.564508
50.58 -0.570225
50.6 -0.576598
50.62 -0.583336
50.64 -0.590162
50.66 -0.596832
50.68 -0.603103
50.7 -0.608727
50.72 -0.613473
50.74 -0.61716
50.76 -0.619665
50.78 -0.62092
50.8 -0.620893
50.82 -0.619609
50.84 -0.617196
50.86 -0.61383
50.88 -0.609682
50.9 -0.604934
50.92 -0.599788
50.94 -0.594446
50.96 -0.589124
50.98 -0.584068
51 -0.579498
51.02 -0.575569
51.04 -0.572409
51.06 -0.570118
51.08 -0.568749
51.1 -0.568327
51.12 -0.568855
51.14 -0.570298
51.16 -0.57262
51.18 -0.575758
51.2 -0.579578
51.22 -0.583889
51.24 -0.588491
51.26 -0.593155
51.28 -0.597607
51.3 -0.601556
51.32 -0.604721
51.34 -0.606941
51.36 -0.608331
51.38 -0.609217
51.4 -0.609887
51.42 -0.610394
51.44 -0.610464
51.46 -0.609653
51.48 -0.607712
51.5 -0.604716
51.52 -0.600839
51.54 -0.59623
51.56 -0.591093
51.58 -0.585703
51.6 -0.580383
51.62 -0.575483
51.64 -0.57123
51.66 -0.567692
51.68 -0.564859
51.7 -0.562754
51.72 -0.561448
51.74 -0.561032
51.76 -0.561589
51.78 -0.563182
51.8 -0.56587
51.82 -0.569692
51.84 -0.574563
51.86 -0.580232
51.88 -0.586371
51.9 -0.592675
51.92 -0.598866
51.94 -0.604666
51.96 -0.60979
51.98 -0.613969
52 -0.616984
52.02 -0.618707
52.04 -0.619119
52.06 -0.618291
52.08 -0.616338
52.1 -0.613373
52.12 -0.609501
52.14 -0.604891
52.16 -0.599764
52.18 -0.594313
52.2 -0.588669
52.22 -0.582943
52.24 -0.577276
52.26 -0.571868
52.28 -0.566961
52.3 -0.5628
52.32 -0.559597
52.34 -0.557538
52.36 -0.556782
52.38 -0.557424
52.4 -0.559463
52.42 -0.562828
52.44 -0.567377
52.46 -0.572871
52.48 -0.579002
52.5 -0.58547
52.52 -0.592017
52.54 -0.598423
52.56 -0.60449
52.58 -0.610032
52.6 -0.614889
52.62 -0.618897
52.64 -0.621906
52.66 -0.623797
52.68 -0.624486
52.7 -0.623913
52.72 -0.622038
52.74 -0.6189
52.76 -0.614642
52.78 -0.609463
52.8 -0.603596
52.82 -0.597293
52.84 -0.590807
52.86 -0.584401
52.88 -0.57835
52.9 -0.572902
52.92 -0.56823
52.94 -0.564469
52.96 -0.561772
52.98 -0.560268
53 -0.560008
53.02 -0.560962
53.04 -0.563053
53.06 -0.566166
53.08 -0.57015
53.1 -0.574805
53.12 -0.579902
53.14 -0.585223
53.16 -0.590552
53.18 -0.595653
53.2 -0.600329
53.22 -0.604431
53.24 -0.607835
53.26 -0.610438
53.28 -0.612176
53.3 -0.613023
53.32 -0.612995
53.34 -0.612145
53.36 -0.610542
53.38 -0.608239
53.4 -0.605313
53.42 -0.601868
53.44 -0.598011
53.46 -0.593875
53.48 -0.589627
53.5 -0.585441
53.52 -0.581469
53.54 -0.577839
53.56 -0.574675
53.58 -0.572102
53.6 -0.570237
53.62 -0.56919
53.64 -0.569052
53.66 -0.569854
53.68 -0.571569
53.7 -0.574128
53.72 -0.577405
53.74 -0.581215
53.76 -0.585351
53.78 -0.589605
53.8 -0.593774
53.82 -0.59768
53.84 -0.601166
53.86 -0.604071
53.88 -0.60628
53.9 -0.607752
53.92 -0.608461
53.94 -0.608377
53.96 -0.607495
53.98 -0.605843
54 -0.603495
54.02 -0.600559
54.04 -0.59716
54.06 -0.59342
54.08 -0.589463
54.1 -0.585433
54.12 -0.58148
54.14 -0.577748
54.16 -0.574408
54.18 -0.571625
54.2 -0.569547
54.22 -0.56834
54.24 -0.568133
54.26 -0.568968
54.28 -0.570828
54.3 -0.573628
54.32 -0.57722
54.34 -0.581438
54.36 -0.586104
54.38 -0.59103
54.4 -0.596022
54.42 -0.600863
54.44 -0.605311
54.46 -0.609119
54.48 -0.612073
54.5 -0.614022
54.52 -0.614864
54.54 -0.61455
54.56 -0.613101
54.58 -0.610608
54.6 -0.607204
54.62 -0.603031
54.64 -0.598245
54.66 -0.593043
54.68 -0.587672
54.7 -0.582423
54.72 -0.577572
54.74 -0.573354
54.76 -0.569981
54.78 -0.567617
54.8 -0.566366
54.82 -0.566281
54.84 -0.567334
54.86 -0.569409
54.88 -0.572337
54.9 -0.575914
54.92 -0.579928
54.94 -0.58419
54.96 -0.588504
54.98 -0.59266
55 -0.596498
55.02 -0.599907
55.04 -0.602796
55.06 -0.605084
55.08 -0.606708
55.1 -0.60763
55.12 -0.60781
55.14 -0.607238
55.16 -0.605949
55.18 -0.604
55.2 -0.601452
55.22 -0.598373
55.24 -0.594848
55.26 -0.590993
55.28 -0.586954
55.3 -0.582907
55.32 -0.579031
55.34 -0.575474
55.36 -0.572395
55.38 -0.569973
55.4 -0.568352
55.42 -0.567611
55.44 -0.567794
55.46 -0.568907
55.48 -0.570913
55.5 -0.573761
55.52 -0.577377
55.54 -0.581628
55.56 -0.586328
55.58 -0.59125
55.6 -0.596163
55.62 -0.60084
55.64 -0.605068
55.66 -0.608708
55.68 -0.611659
55.7 -0.613802
55.72 -0.615012
55.74 -0.615201
55.76 -0.61434
55.78 -0.612469
55.8 -0.60966
55.82 -0.606004
55.84 -0.60163
55.86 -0.596704
55.88 -0.59137
55.9 -0.585744
55.92 -0.580015
55.94 -0.574582
55.96 -0.569966
55.98 -0.566547
56 -0.564487
56.02 -0.56375
56.04 -0.564185
56.06 -0.565684
56.08 -0.568151
56.1 -0.571396
56.12 -0.575163
56.14 -0.579213
56.16 -0.583431
56.18 -0.58777
56.2 -0.592171
56.22 -0.596546
56.24 -0.600747
56.26 -0.604575
56.28 -0.607842
56.3 -0.610355
56.32 -0.61193
56.34 -0.612452
56.36 -0.611883
56.38 -0.610265
56.4 -0.607719
56.42 -0.604407
56.44 -0.600466
56.46 -0.595985
56.48 -0.59107
56.5 -0.585914
56.52 -0.580754
56.54 -0.575817
56.56 -0.571301
56.58 -0.567393
56.6 -0.564304
56.62 -0.56225
56.64 -0.561382
56.66 -0.561753
56.68 -0.56332
56.7 -0.565995
56.72 -0.56968
56.74 -0.574229
56.76 -0.579444
56.78 -0.585084
56.8 -0.5909
56.82 -0.596631
56.84 -0.602028
56.86 -0.606874
56.88 -0.610951
56.9 -0.6141
56.92 -0.616256
56.94 -0.617384
56.96 -0.617496
56.98 -0.616658
57 -0.61495
57.02 -0.612443
57.04 -0.609232
57.06 -0.605469
57.08 -0.601301
57.1 -0.596813
57.12 -0.592091
57.14 -0.587298
57.16 -0.582648
57.18 -0.578343
57.2 -0.574544
57.22 -0.571373
57.24 -0.568953
57.26 -0.567421
57.28 -0.566869
57.3 -0.567308
57.32 -0.568676
57.34 -0.570892
57.36 -0.573867
57.38 -0.577461
57.4 -0.581485
57.42 -0.585744
57.44 -0.590054
57.46 -0.594263
57.48 -0.59825
57.5 -0.601885
57.52 -0.605007
57.54 -0.607469
57.56 -0.609184
57.58 -0.610107
57.6 -0.610203
57.62 -0.609443
57.64 -0.607829
57.66 -0.605425
57.68 -0.602342
57.7 -0.598727
57.72 -0.594743
57.74 -0.590566
57.76 -0.586372
57.78 -0.582341
57.8 -0.57865
57.82 -0.575452
57.84 -0.572866
57.86 -0.570978
57.88 -0.569854
57.9 -0.569549
57.92 -0.570084
57.94 -0.571428
57.96 -0.573512
57.98 -0.576248
58 -0.579533
58.02 -0.583235
58.04 -0.58721
58.06 -0.5913
58.08 -0.59533
58.1 -0.59913
58.12 -0.602539
58.14 -0.605417
58.16 -0.607645
58.18 -0.609129
58.2 -0.609805
58.22 -0.609642
58.24 -0.608645
58.26 -0.606856
58.28 -0.604351
58.3 -0.601235
58.32 -0.597635
58.34 -0.593698
58.36 -0.589584
58.38 -0.585463
58.4 -0.581498
58.42 -0.57785
58.44 -0.574666
58.46 -0.572076
58.48 -0.570186
58.5 -0.569075
58.52 -0.568789
58.54 -0.569336
58.56 -0.570697
58.58 -0.572814
58.6 -0.575601
58.62 -0.578942
58.64 -0.5827
58.66 -0.586722
58.68 -0.59084
58.7 -0.594887
58.72 -0.598697
58.74 -0.602116
58.76 -0.605003
58.78 -0.607241
58.8 -0.608738
58.82 -0.609435
58.84 -0.609303
58.86 -0.608347
58.88 -0.606608
58.9 -0.604155
58.92 -0.601091
58.94 -0.59754
58.96 -0.593649
58.98 -0.589576
59 -0.58549
59.02 -0.581556
59.04 -0.577935
59.06 -0.574776
59.08 -0.572207
59.1 -0.570332
59.12 -0.569227
59.14 -0.568937
59.16 -0.569474
59.18 -0.570815
59.2 -0.572905
59.22 -0.575659
59.24 -0.578962
59.26 -0.58268
59.28 -0.586659
59.3 -0.590737
59.32 -0.594746
59.34 -0.598523
59.36 -0.601912
59.38 -0.604777
59.4 -0.607
59.42 -0.60849
59.44 -0.609188
59.46 -0.609064
59.48 -0.608124
59.5 -0.606407
59.52 -0.603983
59.54 -0.600951
59.56 -0.597436
59.58 -0.593582
59.6 -0.589548
59.62 -0.585497
59.64 -0.581597
59.66 -0.578006
59.68 -0.574871
59.7 -0.572319
59.72 -0.570454
59.74 -0.569352
59.76 -0.569057
59.78 -0.569582
59.8 -0.570904
59.82 -0.572969
59.84 -0.575692
59.86 -0.578961
59.88 -0.582642
59.9 -0.586584
59.92 -0.590625
59.94 -0.594599
59.96 -0.598344
59.98 -0.601714
