0.02 8.62376e-07
0.04 2.44294e-06
0.06 2.6738e-06
0.08 1.22296e-06
0.1 3.50062e-07
0.12 1.30886e-06
0.14 2.52976e-06
0.16 2.18721e-06
0.18 9.85362e-07
0.2 9.26137e-07
0.22 2.17467e-06
0.24 2.93448e-06
0.26 2.3274e-06
0.28 1.68321e-06
0.3 2.33339e-06
0.32 3.40127e-06
0.34 3.53706e-06
0.36 3.25099e-06
0.38 3.13682e-06
0.4 1.64658e-06
0.42 -2.08318e-06
0.44 -1.90261e-06
0.46 5.7818e-06
0.48 9.13066e-06
0.5 3.31011e-07
0.52 -8.64368e-06
0.54 -6.29464e-06
0.56 -1.85556e-06
0.58 -9.11383e-06
0.6 -1.6763e-05
0.62 -7.63454e-06
0.64 3.01892e-06
0.66 -3.70876e-06
0.68 -2.30096e-05
0.7 -3.36749e-05
0.72 -7.7432e-06
0.74 2.93343e-05
0.76 2.08963e-05
0.78 -1.12286e-05
0.8 3.05813e-06
0.82 6.15378e-05
0.84 8.66593e-05
0.86 4.19862e-05
0.88 -1.13768e-05
0.9 -7.21482e-06
0.92 3.39222e-05
0.94 3.8104e-05
0.96 -2.06144e-05
0.98 -7.40386e-05
1 -5.09346e-05
1.02 1.7752e-05
1.04 3.58834e-05
1.06 -2.69034e-05
1.08 -9.01103e-05
1.1 -7.33686e-05
1.12 -3.04047e-06
1.14 3.65842e-05
1.16 2.92253e-06
1.18 -6.88502e-05
1.2 -7.47831e-05
1.22 1.63357e-05
1.24 6.83598e-05
1.26 -9.32191e-06
1.28 -0.000107012
1.3 -9.45073e-05
1.32 1.08759e-05
1.34 9.40125e-05
1.36 6.75911e-05
1.38 -2.84273e-05
1.4 -6.42341e-05
1.42 2.49927e-06
1.44 5.55777e-05
1.46 -2.243e-05
1.48 -0.000166873
1.5 -0.000200211
1.52 -8.7565e-05
1.54 4.73685e-06
1.56 -5.00475e-05
1.58 -0.000154107
1.6 -0.000127784
1.62 1.36781e-05
1.64 7.64884e-05
1.66 -1.32715e-05
1.68 -0.000107662
1.7 -6.89447e-05
1.72 2.86808e-05
1.74 1.93149e-05
1.76 -8.07032e-05
1.78 -9.94527e-05
1.8 -1.58569e-05
1.82 1.07938e-05
1.84 -8.07271e-05
1.86 -0.000149312
1.88 -5.35391e-05
1.9 9.74665e-05
1.92 5.54869e-05
1.94 -0.000155061
1.96 -0.000221863
1.98 -4.19922e-05
2 8.18348e-05
2.02 -7.9111e-05
2.04 -0.000298916
2.06 -0.000250426
2.08 -2.4919e-05
2.1 1.60057e-05
2.12 -0.000174939
2.14 -0.000264402
2.16 -9.25475e-05
2.18 9.25195e-05
2.2 4.66037e-05
2.22 -0.000134013
2.24 -0.000179924
2.26 -3.39137e-05
2.28 4.6989e-05
2.3 -0.000102325
2.32 -0.000264945
2.34 -0.000198356
2.36 -2.01689e-06
2.38 4.38502e-05
2.4 -0.000141257
2.42 -0.000299267
2.44 -0.000186511
2.46 3.55005e-05
2.48 4.89591e-05
2.5 -0.000112056
2.52 -0.000145269
2.54 1.11777e-05
2.56 0.000119775
2.58 7.683e-05
2.6 6.17119e-05
2.62 0.000196815
2.64 0.000334743
2.66 0.000314272
2.68 0.00023706
2.7 0.00030372
2.72 0.000485274
2.74 0.00058367
2.76 0.000543218
2.78 0.000489867
2.8 0.000529712
2.82 0.000631831
2.84 0.000679193
2.86 0.000633199
2.88 0.000561932
2.9 0.000522887
2.92 0.000542422
2.94 0.000580851
2.96 0.000547951
2.98 0.000471156
3 0.000474554
3.02 0.000471598
3.04 0.000285199
3.06 8.12418e-05
3.08 7.91666e-05
3.1 0.000127462
3.12 1.81647e-06
3.14 -0.000235246
3.16 -0.000375344
3.18 -0.000378019
3.2 -0.000394763
3.22 -0.000522216
3.24 -0.000666362
3.26 -0.000687795
3.28 -0.000615924
3.3 -0.000570394
3.32 -0.000582642
3.34 -0.000580058
3.36 -0.000439864
3.38 -0.000201871
3.4 -8.88684e-05
3.42 -0.000145757
3.44 -9.7904e-05
3.46 0.000245657
3.48 0.000588987
3.5 0.000538406
3.52 0.000268104
3.54 0.000267824
3.56 0.000561375
3.58 0.000715992
3.6 0.000559848
3.62 0.000426774
3.64 0.000502758
3.66 0.000404264
3.68 1.19145e-05
3.7 -0.000151627
3.72 3.50549e-05
3.74 4.76856e-05
3.76 -0.000295841
3.78 -0.000536426
3.8 -0.000365445
3.82 -0.000136403
3.84 -0.000254698
3.86 -0.000545387
3.88 -0.000615128
3.9 -0.000436059
3.92 -0.000339401
3.94 -0.000510576
3.96 -0.000719381
3.98 -0.000622924
4 -0.00021942
4.02 1.60927e-05
4.04 -0.000218394
4.06 -0.000465396
4.08 -0.00020691
4.1 0.000261181
4.12 0.000324352
4.14 3.87847e-05
4.16 -2.60563e-05
4.18 0.000218927
4.2 0.000222799
4.22 -0.000187365
4.24 -0.00044681
4.26 -0.000237567
4.28 1.79713e-05
4.3 -9.88353e-05
4.32 -0.000273819
4.34 4.56211e-06
4.36 0.000408478
4.38 0.000277067
4.4 -0.00020629
4.42 -0.000341186
4.44 -1.47014e-05
4.46 0.000252198
4.48 0.000182751
4.5 -6.26255e-05
4.52 -0.000260301
4.54 -0.00021927
4.56 -1.69365e-06
4.58 8.36593e-05
4.6 -7.18943e-05
4.62 -0.000221369
4.64 -6.82332e-05
4.66 0.00026509
4.68 0.000327725
4.7 8.23988e-05
4.72 -1.28969e-06
4.74 0.000266911
4.76 0.000508248
4.78 0.000327212
4.8 -0.000116051
4.82 -0.000221395
4.84 0.000170189
4.86 0.000444591
4.88 0.000168317
4.9 -0.000227022
4.92 -0.000175778
4.94 0.000129821
4.96 0.000139756
4.98 -0.000179472
5 -0.000410092
5.02 -0.000346677
5.04 -0.000234988
5.06 -0.000276097
5.08 -0.000202172
5.1 0.000119799
5.12 0.000257612
5.14 1.019e-05
5.16 -0.000189791
5.18 2.06233e-06
5.2 0.000324361
5.22 0.000352543
5.24 5.88662e-05
5.26 -0.000273777
5.28 -0.000308439
5.3 1.2043e-05
5.32 0.000303663
5.34 0.00025086
5.36 1.54949e-05
5.38 -5.24357e-05
5.4 9.34632e-05
5.42 0.000187181
5.44 0.000125086
5.46 9.24526e-05
5.48 0.000175547
5.5 0.000234975
5.52 0.000175612
5.54 7.85514e-05
5.56 4.16145e-05
5.58 5.34201e-05
5.6 5.26629e-05
5.62 1.45774e-05
5.64 2.48406e-06
5.66 6.57566e-05
5.68 9.03308e-05
5.7 -1.23477e-06
5.72 -7.36327e-05
5.74 -2.5243e-05
5.76 4.17594e-05
5.78 -6.95421e-06
5.8 -0.000121883
5.82 -0.000117919
5.84 9.47701e-06
5.86 3.45665e-05
5.88 -0.00011559
5.9 -0.000240902
5.92 -0.000159106
5.94 7.78115e-05
5.96 0.00021163
5.98 0.000124375
6 4.44797e-05
6.02 0.000140079
6.04 0.00025697
6.06 0.000251105
6.08 0.00015864
6.1 7.15065e-05
6.12 0.000100709
6.14 0.000235333
6.16 0.000286825
6.18 9.8142e-05
6.2 -0.000217615
6.22 -0.000313187
6.24 -0.000138164
6.26 -8.12338e-05
6.28 -0.000310196
6.3 -0.000461068
6.32 -0.000225271
6.34 9.33043e-05
6.36 3.94085e-05
6.38 -0.000243469
6.4 -0.000276074
6.42 -5.26961e-06
6.44 0.000169051
6.46 1.21822e-05
6.48 -0.000253824
6.5 -0.000324809
6.52 -0.000209938
6.54 -0.000171533
6.56 -0.000290207
6.58 -0.000291258
6.6 -9.59603e-05
6.62 -1.80134e-05
6.64 -0.000127366
6.66 -0.000100925
6.68 0.000144377
6.7 0.000262847
6.72 2.0757e-05
6.74 -0.000329556
6.76 -0.000348302
6.78 -2.06214e-05
6.8 0.000192776
6.82 1.19466e-05
6.84 -0.000247195
6.86 -0.000153291
6.88 0.000150085
6.9 0.000168924
6.92 -0.000160323
6.94 -0.000371299
6.96 -0.000155947
6.98 0.000191721
7 0.000210514
7.02 -7.74816e-05
7.04 -0.000223947
7.06 -1.24532e-05
7.08 0.000232089
7.1 0.000171929
7.12 -3.42101e-05
7.14 -4.15457e-05
7.16 0.000153734
7.18 0.000261139
7.2 0.000150319
7.22 2.56582e-05
7.24 9.21854e-05
7.26 0.000219038
7.28 0.000127802
7.3 -0.00010975
7.32 -0.000122654
7.34 0.000138392
7.36 0.000283048
7.38 9.85687e-05
7.4 -0.000118484
7.42 -5.36019e-05
7.44 0.000147726
7.46 0.000146259
7.48 -7.93926e-05
7.5 -0.000204678
7.52 -5.11603e-05
7.54 0.000113659
7.56 9.11301e-06
7.58 -0.000181174
7.6 -0.000104592
7.62 0.00017857
7.64 0.000281754
7.66 0.000119613
7.68 9.85344e-07
7.7 8.59753e-05
7.72 0.000175059
7.74 8.82511e-05
7.76 -1.49368e-05
7.78 7.99934e-05
7.8 0.000239616
7.82 0.000207739
7.84 7.27131e-06
7.86 -0.000133867
7.88 -8.20824e-05
7.9 5.14675e-05
7.92 5.35679e-05
7.94 -7.62767e-05
7.96 -0.000126032
7.98 -2.45012e-05
8 6.08246e-05
8.02 2.25411e-05
8.04 -3.26023e-05
8.06 2.96188e-06
8.08 6.90026e-05
8.1 6.61684e-05
8.12 1.26317e-05
8.14 -6.52366e-06
8.16 3.07606e-05
8.18 7.80568e-05
8.2 0.000104459
8.22 9.8611e-05
8.24 5.92589e-06
8.26 -0.000141207
8.28 -0.00014845
8.3 2.29304e-05
8.32 0.000149001
8.34 8.71024e-05
8.36 -4.93161e-05
8.38 -7.03865e-05
8.4 4.8586e-05
8.42 0.000141749
8.44 6.83715e-05
8.46 -0.000117758
8.48 -0.000194868
8.5 -3.8368e-05
8.52 0.000146806
8.54 0.000106532
8.56 -5.48587e-05
8.58 -4.82391e-05
8.6 0.000150499
8.62 0.000265412
8.64 0.000108948
8.66 -9.19816e-05
8.68 1.21373e-06
8.7 0.000264737
8.72 0.000292932
8.74 4.59695e-05
8.76 -0.000110651
8.78 2.67682e-05
8.8 0.000204828
8.82 0.000108535
8.84 -0.000160278
8.86 -0.000263551
8.88 -9.82538e-05
8.9 0.000108567
8.92 8.03117e-05
8.94 -0.000100224
8.96 -0.000112073
8.98 4.40667e-05
9 9.07249e-05
9.02 -4.60428e-05
9.04 -0.000166142
9.06 -9.46234e-05
9.08 8.62654e-05
9.1 0.000111551
9.12 -8.70446e-05
9.14 -0.000222207
9.16 -0.000102439
9.18 3.74735e-05
9.2 -5.59759e-05
9.22 -0.000240782
9.24 -0.000224614
9.26 -1.91747e-05
9.28 8.65208e-05
9.3 -1.66347e-05
9.32 -0.000106304
9.34 -4.84809e-06
9.36 0.000153621
9.38 0.000130613
9.4 -6.15305e-05
9.42 -0.000151949
9.44 2.72062e-07
9.46 0.000174182
9.48 8.61288e-05
9.5 -0.000169737
9.52 -0.000223163
9.54 -2.6044e-06
9.56 0.000128999
9.58 -3.35804e-06
9.6 -8.30219e-05
9.62 7.27177e-05
9.64 0.000155456
9.66 -5.32004e-05
9.68 -0.000273992
9.7 -0.000200933
9.72 3.30268e-05
9.74 0.000124257
9.76 -3.11328e-05
9.78 -0.000266091
9.8 -0.000267318
9.82 -1.90786e-05
9.84 0.000118394
9.86 1.02756e-05
9.88 -7.99189e-05
9.9 2.89012e-05
9.92 0.00016992
9.94 9.10906e-05
9.96 -0.000121769
9.98 -0.000124915
10 0.000124552
10.02 0.000266007
10.04 0.000101029
10.06 -0.000103066
10.08 -6.17112e-05
10.1 9.42151e-05
10.12 7.25926e-05
10.14 -0.000129452
10.16 -0.00022984
10.18 -7.54094e-05
10.2 0.000103193
10.22 2.91015e-05
10.24 -0.000184627
10.26 -0.000215398
10.28 -2.54111e-05
10.3 0.000107919
10.32 2.71385e-05
10.34 -9.87411e-05
10.36 -5.94942e-05
10.38 8.4929e-05
10.4 0.000113863
10.42 2.42527e-06
10.44 -4.66154e-05
10.46 5.22064e-05
10.48 0.000139984
10.5 9.11678e-05
10.52 3.40246e-06
10.54 8.07774e-06
10.56 4.08402e-05
10.58 -3.28759e-06
10.6 -4.40808e-05
10.62 1.15378e-05
10.64 7.97197e-05
10.66 5.78085e-05
10.68 -1.92589e-05
10.7 -6.49831e-05
10.72 -4.6633e-05
10.74 3.43071e-07
10.76 3.14812e-06
10.78 -3.7029e-05
10.8 -2.18463e-05
10.82 6.24736e-05
10.84 0.000100772
10.86 2.92973e-05
10.88 -8.05954e-05
10.9 -0.000101367
10.92 -6.5729e-06
10.94 6.7438e-05
10.96 1.59101e-05
10.98 -7.12117e-05
11 -6.33243e-05
11.02 6.3266e-06
11.04 1.54723e-05
11.06 -4.26452e-05
11.08 -6.2103e-05
11.1 -1.63408e-06
11.12 6.68252e-05
11.14 7.5739e-05
11.16 4.33133e-05
11.18 3.11941e-05
11.2 5.77877e-05
11.22 8.38895e-05
11.24 5.98508e-05
11.26 -1.55626e-05
11.28 -6.88408e-05
11.3 -4.3672e-05
11.32 7.27823e-06
11.34 -1.01484e-06
11.36 -6.41882e-05
11.38 -9.9233e-05
11.4 -4.71221e-05
11.42 4.56886e-05
11.44 6.3866e-05
11.46 -1.48042e-05
11.48 -7.10423e-05
11.5 -2.45785e-05
11.52 4.67708e-05
11.54 4.1681e-05
11.56 -9.06721e-06
11.58 -4.95541e-06
11.6 6.45365e-05
11.62 0.000109589
11.64 7.67549e-05
11.66 2.23203e-05
11.68 2.15645e-05
11.7 5.57224e-05
11.72 5.30477e-05
11.74 8.85736e-06
11.76 -2.36149e-05
11.78 -2.93921e-05
11.8 -4.16775e-05
11.82 -7.639e-05
11.84 -9.893e-05
11.86 -7.73177e-05
11.88 -4.18765e-05
11.9 -2.71418e-05
11.92 -6.02239e-06
11.94 3.76286e-05
11.96 5.83568e-05
11.98 2.81061e-05
12 -1.33816e-05
12.02 -1.19985e-05
12.04 2.85775e-05
12.06 4.82075e-05
12.08 1.85876e-05
12.1 -1.70439e-05
12.12 -1.86477e-05
12.14 1.03433e-05
12.16 4.61265e-05
12.18 5.32744e-05
12.2 2.01688e-05
12.22 -1.54454e-05
12.24 -2.41409e-05
12.26 -2.54619e-05
12.28 -4.49777e-05
12.3 -7.38952e-05
12.32 -8.519e-05
12.34 -7.1482e-05
12.36 -5.12179e-05
12.38 -3.7227e-05
12.4 -2.195e-05
12.42 8.72631e-07
12.44 2.2109e-05
12.46 2.80207e-05
12.48 2.16059e-05
12.5 2.53266e-05
12.52 4.5689e-05
12.54 5.59106e-05
12.56 3.84547e-05
12.58 2.10031e-05
12.6 3.55115e-05
12.62 6.51593e-05
12.64 6.52392e-05
12.66 2.0256e-05
12.68 -2.74443e-05
12.7 -2.70487e-05
12.72 3.29007e-06
12.74 3.68837e-06
12.76 -3.54121e-05
12.78 -6.42002e-05
12.8 -4.20629e-05
12.82 1.83288e-05
12.84 5.74512e-05
12.86 2.95362e-05
12.88 -2.85699e-05
12.9 -3.60648e-05
12.92 1.9339e-05
12.94 5.8276e-05
12.96 2.26254e-05
12.98 -3.40109e-05
13 -2.84453e-05
13.02 2.18392e-05
13.04 3.2318e-05
13.06 -8.58494e-06
13.08 -2.57752e-05
13.1 1.46367e-05
13.12 5.48111e-05
13.14 4.05344e-05
13.16 -2.22386e-06
13.18 -1.7293e-05
13.2 2.3922e-06
13.22 2.23746e-05
13.24 2.14316e-05
13.26 1.04175e-05
13.28 1.06031e-06
13.3 -1.45598e-05
13.32 -3.37995e-05
13.34 -3.38977e-05
13.36 -8.12382e-06
13.38 2.09149e-05
13.4 2.38559e-05
13.42 -1.81754e-06
13.44 -1.85837e-05
13.46 -2.70811e-06
13.48 1.02234e-05
13.5 -1.14764e-05
13.52 -3.36895e-05
13.54 -1.64162e-05
13.56 1.34279e-05
13.58 5.29183e-06
13.6 -3.36034e-05
13.62 -4.7888e-05
13.64 -1.60303e-05
13.66 1.6866e-05
13.68 3.40233e-06
13.7 -3.7047e-05
13.72 -4.57469e-05
13.74 -8.9364e-06
13.76 2.79504e-05
13.78 2.9151e-05
13.8 1.22912e-05
13.82 1.16627e-05
13.84 2.62974e-05
13.86 2.47168e-05
13.88 -6.08566e-06
13.9 -3.33368e-05
13.92 -2.22004e-05
13.94 1.04074e-05
13.96 2.17324e-05
13.98 3.96338e-06
14 -1.11419e-05
14.02 7.21592e-06
14.04 5.26214e-05
14.06 8.01878e-05
14.08 6.33628e-05
14.1 3.03671e-05
14.12 6.98872e-06
14.14 -1.46919e-05
14.16 -2.79137e-05
14.18 -1.28978e-05
14.2 8.92612e-06
14.22 -8.41156e-06
14.24 -5.73713e-05
14.26 -7.44013e-05
14.28 -3.31081e-05
14.3 1.17994e-05
14.32 -6.05994e-07
14.34 -5.42772e-05
14.36 -7.65674e-05
14.38 -3.67677e-05
14.4 6.1769e-06
14.42 -1.29271e-05
14.44 -6.55622e-05
14.46 -6.80729e-05
14.48 -9.49818e-06
14.5 3.33232e-05
14.52 1.66149e-05
14.54 -1.2465e-05
14.56 4.08107e-07
14.58 3.06912e-05
14.6 2.21887e-05
14.62 -8.75391e-06
14.64 4.55426e-06
14.66 5.89521e-05
14.68 7.20615e-05
14.7 -2.54685e-06
14.72 -9.63602e-05
14.74 -9.69043e-05
14.76 -7.01665e-06
14.78 4.59542e-05
14.8 -1.53155e-05
14.82 -0.000105021
14.84 -8.71457e-05
14.86 2.03181e-05
14.88 5.46157e-05
14.9 -3.92176e-05
14.92 -0.000100714
14.94 -1.21055e-05
14.96 9.59348e-05
14.98 5.74802e-05
15 -6.06969e-05
15.02 -7.45459e-05
15.04 2.4233e-05
15.06 6.67759e-05
15.08 -1.6182e-05
15.1 -9.27105e-05
15.12 -4.0526e-05
15.14 7.5021e-05
15.16 0.000100313
15.18 1.33584e-05
15.2 -4.83678e-05
15.22 2.74177e-06
15.24 7.03271e-05
15.26 3.15943e-05
15.28 -6.76718e-05
15.3 -9.25026e-05
15.32 -2.47141e-05
15.34 2.4578e-05
15.36 -9.72649e-06
15.38 -5.67769e-05
15.4 -2.88744e-05
15.42 4.3266e-05
15.44 5.99449e-05
15.46 8.55042e-07
15.48 -5.13352e-05
15.5 -3.2159e-05
15.52 2.48117e-05
15.54 4.26002e-05
15.56 7.50888e-06
15.58 -1.2211e-05
15.6 2.58477e-05
15.62 6.61521e-05
15.64 4.07707e-05
15.66 -2.42378e-05
15.68 -4.28031e-05
15.7 9.42729e-06
15.72 6.04393e-05
15.74 4.86399e-05
15.76 7.23314e-06
15.78 2.34413e-06
15.8 3.61642e-05
15.82 5.11122e-05
15.84 1.48621e-05
15.86 -2.95306e-05
15.88 -2.27823e-05
15.9 2.20504e-05
15.92 3.9899e-05
15.94 1.42321e-05
15.96 -5.65827e-07
15.98 2.94754e-05
16 6.09427e-05
16.02 4.6286e-05
16.04 8.36629e-06
16.06 -1.86809e-06
16.08 2.21508e-05
16.1 4.00563e-05
16.12 1.8902e-05
16.14 -2.12962e-05
16.16 -2.84785e-05
16.18 1.27954e-05
16.2 5.30089e-05
16.22 4.07488e-05
16.24 -3.41855e-06
16.26 -2.42814e-05
16.28 -1.2391e-05
16.3 7.84277e-06
16.32 2.19634e-05
16.34 2.10984e-05
16.36 9.26093e-07
16.38 -1.97004e-05
16.4 -1.63207e-05
16.42 -2.18779e-07
16.44 -4.69075e-06
16.46 -3.09829e-05
16.48 -4.8051e-05
16.5 -4.73055e-05
16.52 -5.66554e-05
16.54 -8.54092e-05
16.56 -9.5491e-05
16.58 -6.08235e-05
16.6 -2.08826e-05
16.62 -2.78635e-05
16.64 -6.77187e-05
16.66 -7.97227e-05
16.68 -2.24604e-05
16.7 8.51343e-05
16.72 0.000155234
16.74 0.000140623
16.76 0.000121437
16.78 0.000168845
16.8 0.000225356
16.82 0.000211287
16.84 0.000129559
16.86 1.14764e-05
16.88 -6.92769e-05
16.9 -1.32453e-05
16.92 9.15449e-05
16.94 4.69061e-05
16.96 -0.000105911
16.98 -0.00014192
17 -2.27405e-05
17.02 5.58561e-05
17.04 -2.61178e-05
17.06 -0.000146572
17.08 -0.000138093
17.1 -4.27503e-05
17.12 -4.57264e-05
17.14 -0.000172496
17.16 -0.000226304
17.18 -9.75215e-05
17.2 2.90979e-05
17.22 -4.83359e-05
17.24 -0.000196722
17.26 -0.000158272
17.28 1.0384e-05
17.3 4.43444e-05
17.32 -8.46286e-05
17.34 -0.000134589
17.36 1.89489e-05
17.38 0.000195864
17.4 0.000188876
17.42 7.28502e-05
17.44 7.78357e-05
17.46 0.000220095
17.48 0.000271129
17.5 0.000129075
17.52 -1.47606e-06
17.54 6.11315e-05
17.56 0.000161855
17.58 7.04085e-05
17.6 -0.000118119
17.62 -0.000151087
17.64 -3.08787e-05
17.66 1.9556e-05
17.68 -8.41923e-05
17.7 -0.000183193
17.72 -0.00014475
17.74 -5.79062e-05
17.76 -6.64051e-05
17.78 -0.000141296
17.8 -0.000149996
17.82 -7.06484e-05
17.84 9.7133e-07
17.86 5.55692e-06
17.88 -2.39623e-05
17.9 -2.52226e-05
17.92 1.71374e-05
17.94 6.0161e-05
17.96 7.22988e-05
17.98 7.46537e-05
18 8.8991e-05
18.02 9.66309e-05
18.04 7.9047e-05
18.06 5.58736e-05
18.08 4.08077e-05
18.1 4.9658e-06
18.12 -5.15239e-05
18.14 -6.86385e-05
18.16 -3.08542e-05
18.18 -5.20018e-06
18.2 -4.02009e-05
18.22 -0.000105073
18.24 -0.000145214
18.26 -0.000152851
18.28 -0.000157012
18.3 -0.000162862
18.32 -0.000126456
18.34 -6.56356e-06
18.36 0.000125474
18.38 0.000139616
18.4 7.24552e-05
18.42 8.66803e-05
18.44 0.000202068
18.46 0.000275921
18.48 0.000195474
18.5 9.79965e-06
18.52 -7.99836e-05
18.54 3.25065e-05
18.56 0.000157467
18.58 7.96668e-05
18.6 -0.000106013
18.62 -0.000154324
18.64 -3.22292e-05
18.66 5.22102e-05
18.68 -3.83278e-05
18.7 -0.000177364
18.72 -0.000175412
18.74 -6.46275e-05
18.76 -4.07925e-05
18.78 -0.000158567
18.8 -0.000220023
18.82 -4.75375e-05
18.84 0.000190937
18.86 0.000195734
18.88 3.6165e-05
18.9 3.08942e-05
18.92 0.000215898
18.94 0.000321885
18.96 0.000211574
18.98 6.04699e-05
19 5.83644e-05
19.02 0.000138117
19.04 0.000127285
19.06 2.19013e-06
19.08 -0.000101892
19.1 -7.06983e-05
19.12 2.42784e-05
19.14 1.21228e-05
19.16 -0.000111946
19.18 -0.000165269
19.2 -8.00898e-05
19.22 -2.54172e-05
19.24 -0.000123203
19.26 -0.00022713
19.28 -0.000148855
19.3 1.64098e-05
19.32 3.71874e-05
19.34 -8.40787e-05
19.36 -0.000142886
19.38 -5.36012e-05
19.4 4.62676e-05
19.42 1.89637e-05
19.44 -6.02377e-05
19.46 -2.02565e-05
19.48 0.000123045
19.5 0.000176734
19.52 7.09733e-05
19.54 -3.1859e-05
19.56 1.80861e-05
19.58 0.000134419
19.6 0.000116098
19.62 -3.48241e-05
19.64 -7.55642e-05
19.66 7.87143e-05
19.68 0.000164119
19.7 -2.20378e-06
19.72 -0.000197518
19.74 -0.000142827
19.76 6.75957e-05
19.78 0.000118
19.8 -6.90242e-05
19.82 -0.00022329
19.84 -0.000121763
19.86 8.54689e-05
19.88 0.000124557
19.9 -8.64783e-07
19.92 -6.16997e-05
19.94 4.74618e-05
19.96 0.000163374
19.98 0.000102731
20 -4.52215e-05
20.02 -5.21807e-05
20.04 9.04338e-05
20.06 0.00016661
20.08 5.43702e-05
20.1 -0.000130858
20.12 -0.000195715
20.14 -9.66931e-05
20.16 3.34713e-05
20.18 7.07642e-05
20.2 1.71714e-06
20.22 -9.55875e-05
20.24 -0.0001076
20.26 -1.7334e-05
20.28 4.14001e-05
20.3 -3.06656e-05
20.32 -0.000108485
20.34 -3.53897e-05
20.36 7.98883e-05
20.38 5.67634e-05
20.4 -3.11196e-05
20.42 -5.38762e-06
20.44 0.000120004
20.46 0.000179277
20.48 0.000104168
20.5 -7.52187e-06
20.52 -3.60124e-05
20.54 5.54958e-06
20.56 -6.70796e-07
20.58 -2.70833e-05
20.6 3.9002e-05
20.62 7.49832e-05
20.64 -6.25913e-05
20.66 -0.000212042
20.68 -0.000193391
20.7 -5.27835e-05
20.72 7.78012e-05
20.74 6.58622e-05
20.76 -8.6785e-05
20.78 -0.000152366
20.8 -1.6493e-05
20.82 9.12393e-05
20.84 -1.87405e-05
20.86 -0.00015665
20.88 -5.22232e-05
20.9 0.000187555
20.92 0.000229334
20.94 4.89193e-05
20.96 -4.56532e-05
20.98 9.79598e-05
21 0.000239516
21.02 0.000103341
21.04 -0.000146912
21.06 -0.000130356
21.08 0.000125645
21.1 0.00021893
21.12 -8.21209e-06
21.14 -0.000235539
21.16 -0.000133218
21.18 0.000140875
21.2 0.000156271
21.22 -0.000128789
21.24 -0.000298015
21.26 -0.000126269
21.28 9.39544e-05
21.3 2.8273e-05
21.32 -0.000186945
21.34 -0.00015994
21.36 0.000131585
21.38 0.000279081
21.4 0.000106524
21.42 -7.79835e-05
21.44 -4.16742e-05
21.46 9.85457e-05
21.48 0.000152666
21.5 4.56024e-05
21.52 -0.000113487
21.54 -0.0001385
21.56 -5.37473e-05
21.58 -4.64641e-05
21.6 -0.00012584
21.62 -0.000117367
21.64 -4.92191e-07
21.66 4.58062e-05
21.68 -4.33107e-05
21.7 -0.000100379
21.72 9.68226e-06
21.74 0.000149013
21.76 8.94568e-05
21.78 -0.000115588
21.8 -0.000167723
21.82 1.48962e-05
21.84 0.000144402
21.86 1.52291e-05
21.88 -0.000165414
21.9 -0.000111589
21.92 9.86225e-05
21.94 0.000162194
21.96 1.20992e-05
21.98 -0.000100474
22 2.89705e-06
22.02 0.00016543
22.04 0.00015077
22.06 -9.38029e-06
22.08 -9.9692e-05
22.1 -3.70256e-05
22.12 4.56313e-05
22.14 1.03054e-05
22.16 -8.37971e-05
22.18 -8.26704e-05
22.2 1.15242e-05
22.22 5.26984e-05
22.24 -9.56786e-06
22.26 -6.6535e-05
22.28 -2.90227e-05
22.3 4.57857e-05
22.32 5.25455e-05
22.34 2.48741e-06
22.36 -5.88984e-06
22.38 5.12603e-05
22.4 9.43599e-05
22.42 6.74157e-05
22.44 1.53943e-05
22.46 1.2972e-05
22.48 5.86151e-05
22.5 7.28018e-05
22.52 1.32281e-05
22.54 -5.10865e-05
22.56 -3.98021e-05
22.58 1.64908e-05
22.6 2.77464e-05
22.62 -2.06889e-05
22.64 -5.49734e-05
22.66 -2.79324e-05
22.68 1.27501e-05
22.7 6.33532e-07
22.72 -4.66908e-05
22.74 -5.64796e-05
22.76 -1.81511e-05
22.78 4.12228e-07
22.8 -3.34715e-05
22.82 -6.14788e-05
22.84 -2.71776e-05
22.86 2.98887e-05
22.88 3.28662e-05
22.9 -1.36732e-05
22.92 -3.41962e-05
22.94 4.47871e-06
22.96 4.89489e-05
22.98 4.10295e-05
23 -3.81173e-07
23.02 -1.58532e-05
23.04 5.1871e-06
23.06 1.60279e-05
23.08 -1.22249e-05
23.1 -4.50599e-05
23.12 -3.37964e-05
23.14 7.38887e-06
23.16 1.56669e-05
23.18 -2.18061e-05
23.2 -4.01386e-05
23.22 2.10492e-06
23.24 5.20311e-05
23.26 4.45112e-05
23.28 4.86871e-06
23.3 1.54586e-06
23.32 3.48476e-05
23.34 4.4341e-05
23.36 8.46004e-06
23.38 -2.7023e-05
23.4 -2.83639e-05
23.42 -2.17996e-05
23.44 -3.44203e-05
23.46 -4.32788e-05
23.48 -2.06236e-05
23.5 7.61439e-06
23.52 -1.4727e-06
23.54 -3.18421e-05
23.56 -2.86634e-05
23.58 1.49402e-05
23.6 4.48374e-05
23.62 2.54994e-05
23.64 -8.31487e-06
23.66 -6.32739e-06
23.68 2.53976e-05
23.7 4.40137e-05
23.72 3.01759e-05
23.74 3.95515e-06
23.76 -4.35382e-06
23.78 7.62575e-06
23.8 1.49339e-05
23.82 6.17404e-06
23.84 -4.27667e-06
23.86 -8.26063e-06
23.88 -1.39137e-05
23.9 -2.07884e-05
23.92 -1.41861e-05
23.94 2.50583e-06
23.96 -7.30404e-07
23.98 -2.7822e-05
24 -3.77263e-05
24.02 -2.38645e-06
24.04 5.04746e-05
24.06 6.1121e-05
24.08 1.62228e-05
24.1 -2.38469e-05
24.12 -1.56846e-05
24.14 1.10641e-05
24.16 1.69982e-05
24.18 3.62666e-06
24.2 -1.27361e-05
24.22 -2.09052e-05
24.24 -1.44826e-05
24.26 7.71257e-07
24.28 1.49176e-05
24.3 2.10876e-05
24.32 1.25092e-05
24.34 -1.1313e-05
24.36 -3.44592e-05
24.38 -3.45831e-05
24.4 -1.42922e-05
24.42 2.6386e-07
24.44 -2.72002e-07
24.46 -5.05724e-08
24.48 6.27458e-06
24.5 4.33656e-06
24.52 -8.05582e-06
24.54 -1.41745e-05
24.56 -4.28419e-06
24.58 1.22036e-05
24.6 1.75195e-05
24.62 7.16878e-06
24.64 -1.95508e-07
24.66 1.16944e-05
24.68 2.71886e-05
24.7 1.6798e-05
24.72 -1.56975e-05
24.74 -2.9404e-05
24.76 -5.21598e-06
24.78 2.50461e-05
24.8 2.75083e-05
24.82 9.72544e-06
24.84 4.47151e-06
24.86 2.27237e-05
24.88 3.61151e-05
24.9 2.14885e-05
24.92 1.64132e-06
24.94 8.30637e-06
24.96 2.94442e-05
24.98 3.07726e-05
25 9.95861e-06
25.02 -2.23938e-06
25.04 1.05172e-05
25.06 2.72541e-05
25.08 2.1438e-05
25.1 -9.52552e-07
25.12 -8.26821e-06
25.14 1.14827e-05
25.16 2.91432e-05
25.18 1.67694e-05
25.2 -9.25982e-06
25.22 -1.53837e-05
25.24 -1.0618e-06
25.26 3.79917e-06
25.28 -1.57903e-05
25.3 -3.85991e-05
25.32 -3.887e-05
25.34 -1.78557e-05
25.36 3.31656e-06
25.38 5.80522e-06
25.4 -8.83841e-06
25.42 -1.82534e-05
25.44 -8.33583e-06
25.46 4.88242e-06
25.48 -6.44953e-07
25.5 -1.82034e-05
25.52 -2.03952e-05
25.54 -7.75452e-07
25.56 1.53962e-05
25.58 1.02306e-05
25.6 -9.13363e-07
25.62 5.17276e-06
25.64 2.2953e-05
25.66 2.6318e-05
25.68 8.15208e-06
25.7 -8.91848e-06
25.72 -3.72715e-06
25.74 1.19058e-05
25.76 8.2192e-06
25.78 -1.46086e-05
25.8 -2.4324e-05
25.82 -8.66035e-06
25.84 7.65121e-06
25.86 4.92296e-06
25.88 -6.39165e-06
25.9 -9.69856e-06
25.92 -5.9433e-06
25.94 -5.17153e-06
25.96 -8.75112e-06
25.98 -1.15442e-05
26 -1.34848e-05
26.02 -1.76095e-05
26.04 -2.2366e-05
26.06 -2.10673e-05
26.08 -1.04689e-05
26.1 -1.30913e-06
26.12 -8.25877e-06
26.14 -2.43313e-05
26.16 -2.58534e-05
26.18 -8.30142e-06
26.2 6.00744e-06
26.22 1.05694e-06
26.24 -1.15072e-05
26.26 -1.05779e-05
26.28 4.28624e-06
26.3 1.13487e-05
26.32 1.51132e-07
26.34 -1.1324e-05
26.36 -7.27343e-06
26.38 1.17966e-06
26.4 -2.59307e-06
26.42 -1.41399e-05
26.44 -1.71095e-05
26.46 -7.67015e-06
26.48 4.26832e-06
26.5 9.13729e-06
26.52 3.89852e-06
26.54 -5.46649e-06
26.56 -7.32267e-06
26.58 3.88367e-06
26.6 2.02317e-05
26.62 2.60298e-05
26.64 1.54077e-05
26.66 1.18769e-06
26.68 -3.64548e-07
26.7 9.89593e-06
26.72 1.4099e-05
26.74 2.813e-06
26.76 -9.84089e-06
26.78 -9.53831e-06
26.8 -1.75072e-06
26.82 -2.31607e-07
26.84 -9.00397e-06
26.86 -1.69057e-05
26.88 -1.40002e-05
26.9 -7.50878e-06
26.92 -6.67033e-06
26.94 -6.35585e-06
26.96 8.4981e-07
26.98 8.02242e-06
27 2.41976e-06
27.02 -9.22988e-06
27.04 -6.15279e-06
27.06 9.69763e-06
27.08 1.23867e-05
27.1 -5.70349e-06
27.12 -1.83691e-05
27.14 -4.83433e-06
27.16 1.60909e-05
27.18 1.26464e-05
27.2 -1.16179e-05
27.22 -2.25924e-05
27.24 -6.3103e-06
27.26 1.11188e-05
27.28 4.68589e-06
27.3 -1.26146e-05
27.32 -1.25008e-05
27.34 6.61405e-06
27.36 1.94358e-05
27.38 1.18988e-05
27.4 -8.63835e-07
27.42 -1.17948e-07
27.44 1.25947e-05
27.46 2.03991e-05
27.48 1.21036e-05
27.5 -2.66089e-06
27.52 -7.971e-06
27.54 -5.80781e-06
27.56 -8.72204e-06
27.58 -1.79763e-05
27.6 -2.29082e-05
27.62 -1.87174e-05
27.64 -1.51924e-05
27.66 -1.9682e-05
27.68 -2.36215e-05
27.7 -1.70597e-05
27.72 -3.42806e-06
27.74 7.66558e-06
27.76 1.34059e-05
27.78 1.70466e-05
27.8 1.98765e-05
27.82 2.06224e-05
27.84 1.93636e-05
27.86 1.67166e-05
27.88 1.12873e-05
27.9 3.79989e-06
27.92 -1.02752e-06
27.94 -1.26022e-06
27.96 9.38974e-07
27.98 2.51167e-06
28 3.98792e-07
28.02 -3.00795e-06
28.04 -2.26582e-06
28.06 -1.08771e-07
28.08 -2.93455e-06
28.1 -9.60721e-06
28.12 -1.05078e-05
28.14 -8.71728e-07
28.16 5.9615e-06
28.18 -1.50533e-06
28.2 -8.40417e-06
28.22 2.27494e-06
28.24 1.95984e-05
28.26 2.43812e-05
28.28 1.8825e-05
28.3 1.87647e-05
28.32 2.80232e-05
28.34 3.23893e-05
28.36 9.86323e-06
28.38 -3.66365e-05
28.4 -5.94312e-05
28.42 -2.45281e-05
28.44 2.61617e-05
28.46 2.10182e-05
28.48 -3.29904e-05
28.5 -5.19842e-05
28.52 -3.11179e-06
28.54 4.66129e-05
28.56 3.44289e-05
28.58 -1.04026e-05
28.6 -2.15444e-05
28.62 3.86456e-06
28.64 1.65021e-05
28.66 2.87176e-06
28.68 -2.69384e-06
28.7 1.52982e-05
28.72 2.82241e-05
28.74 8.87313e-06
28.76 -2.65098e-05
28.78 -3.41808e-05
28.8 1.32005e-07
28.82 3.2448e-05
28.84 1.51338e-05
28.86 -2.69731e-05
28.88 -2.73546e-05
28.9 1.78698e-05
28.92 4.44697e-05
28.94 2.15231e-05
28.96 -7.83589e-06
28.98 -1.61781e-06
29 1.77089e-05
29.02 9.89287e-06
29.04 -1.00194e-05
29.06 -7.24267e-07
29.08 2.69348e-05
29.1 2.48538e-05
29.12 -1.11152e-05
29.14 -3.27101e-05
29.16 -1.41245e-05
29.18 1.0556e-05
29.2 2.64903e-06
29.22 -2.25588e-05
29.24 -2.56916e-05
29.26 -6.05202e-06
29.28 5.42821e-06
29.3 -2.61738e-06
29.32 -1.30149e-05
29.34 -1.15394e-05
29.36 -2.92937e-06
29.38 3.0562e-06
29.4 5.38545e-06
29.42 6.12366e-06
29.44 4.30322e-06
29.46 7.4941e-07
29.48 1.17621e-07
29.5 3.36176e-06
29.52 5.06141e-06
29.54 1.4293e-07
29.56 -1.16554e-05
29.58 -2.21961e-05
29.6 -1.86785e-05
29.62 -2.45902e-06
29.64 4.64085e-06
29.66 -9.57216e-06
29.68 -2.46749e-05
29.7 -1.84964e-05
29.72 -1.76397e-06
29.74 4.99492e-07
29.76 -1.21653e-05
29.78 -1.54868e-05
29.8 -4.30295e-07
29.82 1.21685e-05
29.84 7.45512e-06
29.86 -1.22117e-06
29.88 2.86327e-06
29.9 1.43053e-05
29.92 1.81853e-05
29.94 1.29299e-05
29.96 7.83619e-06
29.98 6.22311e-06
30 1.07085e-06
30.02 -1.08461e-05
30.04 -1.96763e-05
30.06 -1.67342e-05
30.08 -1.04825e-05
30.1 -1.2634e-05
30.12 -1.65241e-05
30.14 -8.07479e-06
30.16 8.76708e-06
30.18 1.59133e-05
30.2 8.42517e-06
30.22 2.42311e-07
30.24 2.80374e-06
30.26 1.21349e-05
30.28 1.74581e-05
30.3 1.57274e-05
30.32 1.40197e-05
30.34 1.52547e-05
30.36 1.33927e-05
30.38 6.76462e-06
30.4 8.00017e-07
30.42 -1.50633e-06
30.44 -5.28738e-06
30.46 -1.59219e-05
30.48 -2.61236e-05
30.5 -2.26984e-05
30.52 -6.36613e-06
30.54 5.12205e-06
30.56 -2.51017e-07
30.58 -1.01977e-05
30.6 -5.66277e-06
30.62 1.08188e-05
30.64 2.03126e-05
30.66 1.54172e-05
30.68 7.99383e-06
30.7 1.04884e-05
30.72 1.84091e-05
30.74 1.49007e-05
30.76 -2.14444e-06
30.78 -1.07704e-05
30.8 -6.56858e-08
30.82 9.92661e-06
30.84 2.78771e-06
30.86 -8.75876e-06
30.88 -5.57521e-06
30.9 1.08983e-05
30.92 2.27023e-05
30.94 1.79457e-05
30.96 4.56317e-06
30.98 -2.20843e-07
31 5.39398e-06
31.02 5.93232e-06
31.04 -3.9748e-06
31.06 -1.08721e-05
31.08 -7.69997e-06
31.1 -4.29428e-06
31.12 -5.95887e-06
31.14 -4.05959e-06
31.16 5.33228e-06
31.18 1.16876e-05
31.2 6.67241e-06
31.22 -1.93223e-06
31.24 -1.0699e-06
31.26 9.07104e-06
31.28 1.40609e-05
31.3 5.60074e-06
31.32 -4.35378e-06
31.34 -5.47861e-07
31.36 1.1866e-05
31.38 1.38421e-05
31.4 2.74477e-06
31.42 -1.715e-06
31.44 8.4374e-06
31.46 1.51392e-05
31.48 6.25945e-06
31.5 -6.46034e-06
31.52 -8.95001e-06
31.54 -3.38001e-06
31.56 -1.06068e-06
31.58 -6.25655e-06
31.6 -1.12105e-05
31.62 -7.8346e-06
31.64 -1.51249e-06
31.66 -3.95471e-06
31.68 -1.34383e-05
31.7 -1.69603e-05
31.72 -1.07432e-05
31.74 -4.33159e-06
31.76 -5.28542e-06
31.78 -9.45298e-06
31.8 -8.43948e-06
31.82 -3.04359e-06
31.84 -1.57807e-06
31.86 -3.76466e-06
31.88 -6.76188e-07
31.9 7.28638e-06
31.92 9.19445e-06
31.94 2.47773e-06
31.96 -1.05143e-06
31.98 6.25569e-06
32 1.40464e-05
32.02 8.92548e-06
32.04 -4.75728e-06
32.06 -1.07259e-05
32.08 -4.55225e-06
32.1 1.14406e-06
32.12 -3.82203e-06
32.14 -1.37805e-05
32.16 -1.56991e-05
32.18 -7.01682e-06
32.2 8.76408e-08
32.22 -4.22157e-06
32.24 -1.29243e-05
32.26 -1.29678e-05
32.28 -4.71922e-06
32.3 -7.41604e-07
32.32 -7.20571e-06
32.34 -1.5508e-05
32.36 -1.44095e-05
32.38 -6.3547e-06
32.4 -4.45881e-06
32.42 -1.15244e-05
32.44 -1.55527e-05
32.46 -9.33628e-06
32.48 -6.08966e-07
32.5 -8.01581e-07
32.52 -9.82138e-06
32.54 -1.42716e-05
32.56 -5.14906e-06
32.58 6.59045e-06
32.6 4.66478e-06
32.62 -6.16552e-06
32.64 -5.98182e-06
32.66 8.68978e-06
32.68 1.8397e-05
32.7 1.03529e-05
32.72 -2.95234e-06
32.74 -4.11264e-06
32.76 2.16342e-06
32.78 -1.02023e-06
32.8 -1.23152e-05
32.82 -1.46737e-05
32.84 -3.13777e-06
32.86 8.44251e-06
32.88 8.80118e-06
32.9 5.70815e-06
32.92 1.06402e-05
32.94 1.8e-05
32.96 1.51545e-05
32.98 4.39657e-06
33 -1.22337e-06
33.02 1.4767e-06
33.04 3.42633e-06
33.06 -5.50873e-07
33.08 -4.83151e-06
33.1 -4.0082e-06
33.12 -1.77887e-06
33.14 -3.27977e-06
33.16 -5.46703e-06
33.18 -3.79529e-06
33.2 2.57998e-08
33.22 2.66717e-06
33.24 2.75278e-06
33.26 9.17783e-07
33.28 -1.1618e-06
33.3 -3.80472e-06
33.32 -6.29949e-06
33.34 -3.24773e-06
33.36 6.48702e-06
33.38 1.26909e-05
33.4 6.40353e-06
33.42 -5.07834e-06
33.44 -6.00088e-06
33.46 5.23101e-06
33.48 1.11892e-05
33.5 6.73239e-07
33.52 -1.24124e-05
33.54 -1.05207e-05
33.56 1.3857e-06
33.58 7.12046e-06
33.6 2.919e-06
33.62 -2.09905e-06
33.64 -1.44988e-06
33.66 2.85992e-07
33.68 -4.31369e-06
33.7 -1.208e-05
33.72 -1.21004e-05
33.74 -4.3378e-06
33.76 -9.73444e-07
33.78 -4.27621e-06
33.8 -2.15939e-06
33.82 8.82338e-06
33.84 1.54461e-05
33.86 1.02355e-05
33.88 3.77753e-06
33.9 7.27856e-06
33.92 1.5926e-05
33.94 1.67819e-05
33.96 8.43326e-06
33.98 4.01465e-06
34 1.0755e-05
34.02 1.68878e-05
34.04 1.02681e-05
34.06 -9.3121e-07
34.08 -2.65889e-06
34.1 2.03417e-06
34.12 2.15011e-06
34.14 -3.43615e-06
34.16 -7.6267e-06
34.18 -5.55701e-06
34.2 -3.66145e-07
34.22 1.29606e-06
34.24 -2.29088e-06
34.26 -6.25197e-06
34.28 -5.21541e-06
34.3 3.69398e-07
34.32 4.02701e-06
34.34 8.80246e-07
34.36 -3.93316e-06
34.38 2.53248e-07
34.4 1.26271e-05
34.42 1.87194e-05
34.44 1.23995e-05
34.46 5.29533e-06
34.48 7.57378e-06
34.5 1.1803e-05
34.52 5.71969e-06
34.54 -7.11567e-06
34.56 -1.22086e-05
34.58 -5.14863e-06
34.6 3.65641e-06
34.62 4.91094e-06
34.64 1.1407e-06
34.66 -6.67397e-07
34.68 5.0407e-07
34.7 1.70693e-07
34.72 -3.78393e-06
34.74 -8.05564e-06
34.76 -9.06606e-06
34.78 -6.67588e-06
34.8 -2.89476e-06
34.82 -5.30638e-07
34.84 3.10713e-07
34.86 3.02295e-06
34.88 6.61359e-06
34.9 6.22857e-06
34.92 4.11827e-06
34.94 6.76448e-06
34.96 1.28771e-05
34.98 1.50371e-05
35 9.64855e-06
35.02 1.72019e-06
35.04 -1.91077e-07
35.06 3.61515e-06
35.08 2.89458e-06
35.1 -5.9372e-06
35.12 -1.28047e-05
35.14 -1.11967e-05
35.16 -9.04146e-06
35.18 -1.30554e-05
35.2 -1.64197e-05
35.22 -1.02198e-05
35.24 1.18393e-06
35.26 4.77325e-06
35.28 -2.36367e-06
35.3 -8.10469e-06
35.32 -2.09056e-06
35.34 7.70365e-06
35.36 5.42619e-06
35.38 -5.82748e-06
35.4 -6.71871e-06
35.42 6.94211e-06
35.44 1.71478e-05
35.46 1.05526e-05
35.48 -2.62065e-06
35.5 -4.0071e-06
35.52 4.30761e-06
35.54 4.06182e-06
35.56 -7.752e-06
35.58 -1.57597e-05
35.6 -1.3212e-05
35.62 -9.72913e-06
35.64 -1.21613e-05
35.66 -1.43823e-05
35.68 -9.88914e-06
35.7 -3.87787e-06
35.72 -3.50919e-06
35.74 -6.46784e-06
35.76 -8.30942e-06
35.78 -6.19951e-06
35.8 3.37418e-06
35.82 1.33078e-05
35.84 7.9796e-06
35.86 -7.8387e-06
35.88 -1.1053e-05
35.9 -1.83099e-08
35.92 3.53169e-06
35.94 -3.28263e-06
35.96 1.67175e-06
35.98 1.933e-05
36 1.90788e-05
36.02 -5.36373e-06
36.04 -1.74612e-05
36.06 1.03681e-06
36.08 2.08731e-05
36.1 1.68932e-05
36.12 3.59429e-06
36.14 8.05196e-07
36.16 1.84678e-06
36.18 -1.35205e-07
36.2 5.00992e-06
36.22 1.56215e-05
36.24 1.53305e-05
36.26 9.26152e-07
36.28 -1.5015e-05
36.3 -2.03015e-05
36.32 -1.54885e-05
36.34 -1.26309e-05
36.36 -1.54785e-05
36.38 -1.42213e-05
36.4 -4.71237e-06
36.42 6.11936e-06
36.44 1.0591e-05
36.46 3.80766e-06
36.48 -7.70167e-06
36.5 -6.08091e-07
36.52 3.16881e-05
36.54 5.29029e-05
36.56 3.21323e-05
36.58 -2.01911e-06
36.6 -6.62662e-07
36.62 2.79141e-05
36.64 2.88382e-05
36.66 -7.57445e-06
36.68 -2.74536e-05
36.7 -9.96129e-06
36.72 -1.24676e-06
36.74 -2.15258e-05
36.76 -2.40806e-05
36.78 1.18517e-05
36.8 2.74448e-05
36.82 -1.43426e-05
36.84 -5.05923e-05
36.86 -2.04854e-05
36.88 2.76276e-05
36.9 1.22505e-05
36.92 -4.81201e-05
36.94 -6.27848e-05
36.96 -8.22625e-06
36.98 4.76667e-05
37 4.29314e-05
37.02 -6.75104e-06
37.04 -2.69184e-05
37.06 1.97862e-05
37.08 7.14316e-05
37.1 4.86305e-05
37.12 -1.99659e-05
37.14 -3.79884e-05
37.16 8.03775e-06
37.18 3.40313e-05
37.2 -5.70725e-06
37.22 -5.68617e-05
37.24 -6.02267e-05
37.26 -2.65103e-05
37.28 4.00243e-06
37.3 9.95662e-06
37.32 -5.56467e-06
37.34 -2.19896e-05
37.36 -2.2101e-05
37.38 -1.10271e-05
37.4 -5.64958e-06
37.42 -8.30445e-06
37.44 -5.78498e-06
37.46 5.62194e-06
37.48 1.57281e-05
37.5 1.70348e-05
37.52 1.12241e-05
37.54 6.39828e-06
37.56 1.30194e-05
37.58 3.05853e-05
37.6 3.83985e-05
37.62 2.05284e-05
37.64 -7.75151e-06
37.66 -1.94344e-05
37.68 -6.64052e-06
37.7 1.46641e-05
37.72 1.79637e-05
37.74 -3.37279e-06
37.76 -2.08176e-05
37.78 -8.75802e-06
37.8 1.49659e-05
37.82 9.42632e-06
37.84 -3.06536e-05
37.86 -5.71767e-05
37.88 -3.39574e-05
37.9 4.85978e-06
37.92 8.35055e-06
37.94 -1.33715e-05
37.96 -1.73186e-05
37.98 1.89951e-06
38 1.44422e-05
38.02 6.15757e-06
38.04 -5.56124e-06
38.06 -1.56502e-06
38.08 1.07854e-05
38.1 1.07929e-05
38.12 -9.73186e-07
38.14 -6.51803e-06
38.16 7.3331e-07
38.18 1.13728e-05
38.2 1.52044e-05
38.22 1.44003e-05
38.24 1.54755e-05
38.26 1.29673e-05
38.28 -1.15919e-06
38.3 -1.88791e-05
38.32 -2.27618e-05
38.34 -9.06802e-06
38.36 4.38085e-06
38.38 -5.15836e-07
38.4 -1.43579e-05
38.42 -1.11825e-05
38.44 1.17534e-05
38.46 2.81779e-05
38.48 1.85454e-05
38.5 -4.40993e-06
38.52 -1.35246e-05
38.54 -4.11042e-06
38.56 3.02631e-06
38.58 -6.20777e-06
38.6 -2.13157e-05
38.62 -2.3727e-05
38.64 -1.20088e-05
38.66 -2.44498e-06
38.68 -4.62719e-06
38.7 -9.7482e-06
38.72 -6.52389e-06
38.74 3.72193e-06
38.76 1.11914e-05
38.78 1.05808e-05
38.8 6.37557e-06
38.82 4.83912e-06
38.84 4.23051e-06
38.86 -1.83567e-06
38.88 -1.16139e-05
38.9 -1.47443e-05
38.92 -9.27823e-06
38.94 -6.34198e-06
38.96 -1.05428e-05
38.98 -1.06038e-05
39 1.79171e-06
39.02 1.67316e-05
39.04 2.04686e-05
39.06 1.63042e-05
39.08 1.87027e-05
39.1 2.98399e-05
39.12 3.36425e-05
39.14 1.74432e-05
39.16 -7.32036e-06
39.18 -1.67481e-05
39.2 -6.05512e-06
39.22 4.24579e-06
39.24 -1.95108e-06
39.26 -1.40263e-05
39.28 -1.20349e-05
39.3 2.26432e-06
39.32 7.85389e-06
39.34 -2.9939e-06
39.36 -1.41176e-05
39.38 -1.19856e-05
39.4 -3.60902e-06
39.42 -1.28457e-06
39.44 -5.36202e-06
39.46 -8.2526e-06
39.48 -5.72529e-06
39.5 -1.19012e-07
39.52 4.49257e-06
39.54 6.3061e-06
39.56 5.35901e-06
39.58 2.88166e-06
39.6 2.24882e-06
39.62 7.63127e-06
39.64 1.71521e-05
39.66 2.1859e-05
39.68 1.72758e-05
39.7 1.09027e-05
39.72 1.10399e-05
39.74 1.25032e-05
39.76 5.4883e-06
39.78 -5.6541e-06
39.8 -8.77758e-06
39.82 -3.6793e-06
39.84 -5.50396e-07
39.86 -4.37435e-06
39.88 -9.48118e-06
39.9 -8.69561e-06
39.92 -3.18986e-06
39.94 9.79276e-07
39.96 1.62137e-06
39.98 4.10158e-08
40 -2.1929e-06
40.02 -2.91449e-06
40.04 -1.16894e-06
40.06 8.35751e-07
40.08 -5.01795e-07
40.1 -3.66802e-06
40.12 -1.15381e-06
40.14 6.91815e-06
40.16 9.55849e-06
40.18 3.53502e-06
40.2 -1.37207e-06
40.22 -1.86931e-07
40.24 1.14404e-06
40.26 -2.70877e-06
40.28 -8.97423e-06
40.3 -1.0709e-05
40.32 -6.4006e-06
40.34 -2.42467e-06
40.36 -3.58681e-06
40.38 -6.46137e-06
40.4 -4.38963e-06
40.42 4.33824e-06
40.44 1.29523e-05
40.46 1.42589e-05
40.48 1.06533e-05
40.5 9.26114e-06
40.52 1.12102e-05
40.54 9.66903e-06
40.56 3.11088e-07
40.58 -6.92669e-06
40.6 -4.58441e-07
40.62 1.02628e-05
40.64 6.01122e-06
40.66 -1.32275e-05
40.68 -2.6646e-05
40.7 -1.97982e-05
40.72 -5.13203e-06
40.74 -4.8912e-06
40.76 -1.92882e-05
40.78 -2.77695e-05
40.8 -1.84815e-05
40.82 -1.34296e-06
40.84 7.39616e-06
40.86 5.22586e-06
40.88 2.96252e-06
40.9 5.03975e-06
40.92 5.38339e-06
40.94 3.47707e-06
40.96 4.92625e-06
40.98 9.29256e-06
41 1.17144e-05
41.02 9.78371e-06
41.04 4.47878e-06
41.06 8.55141e-07
41.08 2.28006e-06
41.1 4.51536e-06
41.12 3.1825e-06
41.14 -4.46798e-07
41.16 -3.41224e-06
41.18 -5.51744e-06
41.2 -8.6729e-06
41.22 -1.25256e-05
41.24 -1.36364e-05
41.26 -1.02954e-05
41.28 -6.91845e-06
41.3 -8.55644e-06
41.32 -1.13127e-05
41.34 -8.03447e-06
41.36 -9.11635e-07
41.38 2.35351e-06
41.4 4.38248e-07
41.42 -1.20084e-07
41.44 5.97159e-06
41.46 1.44976e-05
41.48 1.65423e-05
41.5 1.08593e-05
41.52 5.98658e-06
41.54 8.51071e-06
41.56 1.42215e-05
41.58 1.39201e-05
41.6 5.44558e-06
41.62 -2.82881e-06
41.64 -2.94827e-06
41.66 1.66809e-06
41.68 2.11808e-06
41.7 -3.21267e-06
41.72 -8.59263e-06
41.74 -1.08554e-05
41.76 -1.19924e-05
41.78 -1.31081e-05
41.8 -1.30822e-05
41.82 -1.06111e-05
41.84 -4.66821e-06
41.86 2.76581e-06
41.88 6.76259e-06
41.9 6.09478e-06
41.92 6.08071e-06
41.94 1.04831e-05
41.96 1.5265e-05
41.98 1.47743e-05
42 9.52062e-06
42.02 4.63823e-06
42.04 2.54994e-06
42.06 4.6279e-07
42.08 -3.56934e-06
42.1 -5.82855e-06
42.12 -2.57901e-06
42.14 2.91731e-06
42.16 4.40499e-06
42.18 7.08665e-07
42.2 -3.27869e-06
42.22 -2.89684e-06
42.24 -1.76769e-07
42.26 -8.15427e-07
42.28 -5.80917e-06
42.3 -1.04175e-05
42.32 -1.10422e-05
42.34 -8.90082e-06
42.36 -5.88685e-06
42.38 -3.16452e-06
42.4 -1.77213e-06
42.42 1.44644e-07
42.44 3.69101e-06
42.46 5.5954e-06
42.48 4.1469e-06
42.5 2.00102e-06
42.52 2.57965e-06
42.54 5.92726e-06
42.56 8.16999e-06
42.58 6.59312e-06
42.6 3.54019e-06
42.62 3.51819e-06
42.64 6.36293e-06
42.66 6.75847e-06
42.68 2.90592e-06
42.7 1.31217e-07
42.72 2.68102e-06
42.74 6.49034e-06
42.76 4.10915e-06
42.78 -3.63675e-06
42.8 -6.3834e-06
42.82 -6.32795e-08
42.84 3.95001e-06
42.86 -3.59528e-06
42.88 -1.38027e-05
42.9 -1.32564e-05
42.92 -3.95274e-06
42.94 2.36529e-07
42.96 -6.86094e-06
42.98 -1.5055e-05
43 -1.17738e-05
43.02 3.85223e-07
43.04 7.27011e-06
43.06 3.03875e-06
43.08 -2.98354e-06
43.1 -6.48715e-07
43.12 7.58538e-06
43.14 1.09527e-05
43.16 6.34302e-06
43.18 2.33196e-06
43.2 4.57802e-06
43.22 7.30892e-06
43.24 3.92618e-06
43.26 -2.92738e-06
43.28 -6.00882e-06
43.3 -4.32285e-06
43.32 -4.43582e-06
43.34 -9.53377e-06
43.36 -1.42628e-05
43.38 -1.32688e-05
43.4 -8.75294e-06
43.42 -5.56796e-06
43.44 -3.7012e-06
43.46 -5.64284e-07
43.48 3.86028e-06
43.5 7.24525e-06
43.52 8.14017e-06
43.54 7.40305e-06
43.56 6.39519e-06
43.58 5.17946e-06
43.6 2.72567e-06
43.62 -5.88075e-07
43.64 -2.24858e-06
43.66 -1.11167e-06
43.68 2.67556e-07
43.7 -1.42793e-06
43.72 -5.03566e-06
43.74 -5.45496e-06
43.76 -2.08463e-06
43.78 -3.33726e-07
43.8 -1.62675e-06
43.82 -1.66364e-06
43.84 9.89525e-07
43.86 1.9218e-06
43.88 -2.08437e-06
43.9 -6.62515e-06
43.92 -5.50982e-06
43.94 -1.09187e-06
43.96 -1.49695e-06
43.98 -6.95929e-06
44 -8.65761e-06
44.02 -3.0138e-06
44.04 2.80924e-06
44.06 2.07852e-06
44.08 -2.41563e-06
44.1 -3.59955e-06
44.12 2.97947e-08
44.14 2.96827e-06
44.16 9.56006e-07
44.18 -3.45495e-06
44.2 -5.29044e-06
44.22 -4.08577e-06
44.24 -3.51044e-06
44.26 -5.39826e-06
44.28 -7.78071e-06
44.3 -8.04543e-06
44.32 -5.82031e-06
44.34 -2.64585e-06
44.36 -8.38106e-07
44.38 -1.31056e-06
44.4 -1.00031e-06
44.42 2.87121e-06
44.44 7.4258e-06
44.46 8.76855e-06
44.48 6.98309e-06
44.5 3.77276e-06
44.52 6.20908e-07
44.54 -1.27695e-06
44.56 -2.2696e-06
44.58 -3.73031e-06
44.6 -5.86398e-06
44.62 -7.11722e-06
44.64 -6.06821e-06
44.66 -3.58387e-06
44.68 -2.29554e-06
44.7 -3.23319e-06
44.72 -3.47607e-06
44.74 -7.57189e-07
44.76 2.38315e-06
44.78 2.70192e-06
44.8 3.77313e-07
44.82 -1.63934e-06
44.84 -6.3201e-07
44.86 2.71385e-06
44.88 4.8204e-06
44.9 3.43146e-06
44.92 3.84847e-07
44.94 -5.41248e-07
44.96 1.16357e-06
44.98 1.87492e-06
45 -8.08957e-07
45.02 -4.11986e-06
45.04 -3.59492e-06
45.06 5.54956e-07
45.08 3.22557e-06
45.1 8.97493e-07
45.12 -2.74683e-06
45.14 -1.93587e-06
45.16 1.75176e-06
45.18 1.94055e-06
45.2 -2.32292e-06
45.22 -4.31402e-06
45.24 8.62086e-07
45.26 8.44338e-06
45.28 1.02464e-05
45.3 5.463e-06
45.32 1.77125e-06
45.34 4.69386e-06
45.36 7.86191e-06
45.38 2.95197e-06
45.4 -5.86721e-06
45.42 -7.27848e-06
45.44 1.17688e-06
45.46 7.07201e-06
45.48 5.54864e-07
45.5 -8.94611e-06
45.52 -7.30016e-06
45.54 2.03908e-06
45.56 3.84206e-06
45.58 -4.58995e-06
45.6 -9.61902e-06
45.62 -2.979e-06
45.64 5.43868e-06
45.66 2.2792e-06
45.68 -8.40421e-06
45.7 -1.04484e-05
45.72 -4.33905e-07
45.74 6.66533e-06
45.76 -2.01445e-07
45.78 -1.10508e-05
45.8 -8.78839e-06
45.82 4.76975e-06
45.84 1.08915e-05
45.86 2.54385e-06
45.88 -5.07899e-06
45.9 1.26638e-06
45.92 1.28768e-05
45.94 1.37514e-05
45.96 4.11135e-06
45.98 -2.85999e-06
46 -1.34496e-06
46.02 2.59734e-06
46.04 2.25989e-06
46.06 -1.61797e-06
46.08 -3.53202e-06
46.1 -2.98249e-06
46.12 -3.74162e-06
46.14 -6.02952e-06
46.16 -7.28651e-06
46.18 -5.32894e-06
46.2 -5.18102e-08
46.22 3.82422e-06
46.24 1.02151e-06
46.26 -3.94315e-06
46.28 -1.49268e-06
46.3 5.54235e-06
46.32 5.98773e-06
46.34 -8.4974e-08
46.36 -2.77568e-06
46.38 1.72184e-06
46.4 6.36988e-06
46.42 3.79847e-06
46.44 -2.19931e-06
46.46 -2.11121e-06
46.48 3.30333e-06
46.5 4.09917e-06
46.52 -1.87232e-06
46.54 -5.89705e-06
46.56 -2.43637e-06
46.58 2.87101e-06
46.6 1.93606e-06
46.62 -3.59483e-06
46.64 -5.17005e-06
46.66 -7.773e-07
46.68 2.09951e-06
46.7 -1.81351e-06
46.72 -6.81855e-06
46.74 -4.63269e-06
46.76 1.87055e-06
46.78 3.6675e-06
46.8 7.15686e-08
46.82 -1.38341e-06
46.84 3.08196e-06
46.86 5.82821e-06
46.88 -2.60801e-07
46.9 -7.77265e-06
46.92 -6.20134e-06
46.94 2.27609e-06
46.96 6.65499e-06
46.98 1.83925e-06
47 -4.73441e-06
47.02 -4.18757e-06
47.04 1.7425e-06
47.06 4.3283e-06
47.08 -1.11476e-06
47.1 -8.15799e-06
47.12 -5.57125e-06
47.14 4.25072e-06
47.16 5.62183e-06
47.18 -5.12693e-06
47.2 -1.23738e-05
47.22 -4.91098e-06
47.24 6.8678e-06
47.26 6.25043e-06
47.28 -3.73002e-06
47.3 -4.76205e-06
47.32 7.65316e-06
47.34 1.77691e-05
47.36 1.42081e-05
47.38 5.00133e-06
47.4 2.45933e-06
47.42 4.09669e-06
47.44 -6.67734e-07
47.46 -9.12995e-06
47.48 -7.71004e-06
47.5 3.13042e-06
47.52 6.66477e-06
47.54 -2.03737e-06
47.56 -6.73576e-06
47.58 1.5341e-06
47.6 8.80095e-06
47.62 2.2482e-06
47.64 -9.15093e-06
47.66 -1.00324e-05
47.68 -2.03649e-06
47.7 1.06574e-06
47.72 -4.66138e-06
47.74 -7.86786e-06
47.76 -8.13397e-07
47.78 7.40131e-06
47.8 5.27718e-06
47.82 -3.02701e-06
47.84 -5.16919e-06
47.86 9.533e-08
47.88 2.37019e-06
47.9 -3.21548e-06
47.92 -7.78873e-06
47.94 -3.79924e-06
47.96 1.86689e-06
47.98 1.95085e-07
48 -4.77646e-06
48.02 -3.18998e-06
48.04 4.33449e-06
48.06 6.63881e-06
48.08 -1.51007e-06
48.1 -1.0358e-05
48.12 -7.27054e-06
48.14 5.40407e-06
48.16 1.00348e-05
48.18 -1.65195e-06
48.2 -1.31295e-05
48.22 -7.79867e-06
48.24 5.06253e-06
48.26 6.42706e-06
48.28 -3.7824e-06
48.3 -8.20134e-06
48.32 2.45452e-06
48.34 1.40319e-05
48.36 9.34902e-06
48.38 -4.04201e-06
48.4 -5.54859e-06
48.42 6.38411e-06
48.44 1.28415e-05
48.46 4.17881e-06
48.48 -6.47725e-06
48.5 -5.1722e-06
48.52 2.99723e-06
48.54 3.13041e-06
48.56 -7.12279e-06
48.58 -1.33026e-05
48.6 -6.48374e-06
48.62 2.4522e-06
48.64 -2.18793e-07
48.66 -9.22082e-06
48.68 -7.61662e-06
48.7 5.26164e-06
48.72 1.12686e-05
48.74 2.14462e-06
48.76 -7.10127e-06
48.78 -1.44e-06
48.8 9.95674e-06
48.82 8.77826e-06
48.84 -2.79588e-06
48.86 -6.68207e-06
48.88 2.42412e-06
48.9 9.75026e-06
48.92 4.02087e-06
48.94 -5.57807e-06
48.96 -4.56713e-06
48.98 4.69823e-06
49 7.52969e-06
49.02 -1.6372e-07
49.04 -6.13482e-06
49.06 -1.33825e-06
49.08 6.42474e-06
49.1 5.13628e-06
49.12 -1.93742e-06
49.14 -1.80265e-06
49.16 6.41244e-06
49.18 9.86648e-06
49.2 2.03129e-06
49.22 -5.90966e-06
49.24 -2.18616e-06
49.26 5.30544e-06
49.28 2.36966e-06
49.3 -7.4325e-06
49.32 -9.273e-06
49.34 -5.83081e-07
49.36 5.70655e-06
49.38 6.31612e-07
49.4 -7.32135e-06
49.42 -4.98181e-06
49.44 4.5225e-06
49.46 6.91672e-06
49.48 -6.35006e-07
49.5 -6.24323e-06
49.52 -2.57578e-06
49.54 2.60435e-06
49.56 6.6084e-07
49.58 -4.77299e-06
49.6 -6.12337e-06
49.62 -3.98218e-06
49.64 -4.80181e-06
49.66 -1.01037e-05
49.68 -1.32215e-05
49.7 -9.82309e-06
49.72 -4.9087e-06
49.74 -4.23245e-06
49.76 -5.58724e-06
49.78 -3.3048e-06
49.8 1.4931e-06
49.82 1.80847e-06
49.84 -2.99946e-06
49.86 -4.35369e-06
49.88 2.08566e-06
49.9 8.13363e-06
49.92 4.98636e-06
49.94 -2.70455e-06
49.96 -4.26394e-06
49.98 4.85427e-07
50 2.39541e-06
50.02 -2.56012e-06
50.04 -7.43177e-06
50.06 -4.22046e-06
50.08 3.7536e-06
50.1 5.17723e-06
50.12 -2.44744e-06
50.14 -8.3888e-06
50.16 -5.04527e-06
50.18 1.85784e-06
50.2 2.88223e-06
50.22 -2.82076e-06
50.24 -7.32214e-06
50.26 -4.28696e-06
50.28 2.1064e-06
50.3 2.91025e-06
50.32 -1.5917e-06
50.34 -2.5285e-06
50.36 2.26617e-06
50.38 4.98049e-06
50.4 1.63887e-06
50.42 -1.77651e-06
50.44 6.81284e-07
50.46 5.81877e-06
50.48 5.74532e-06
50.5 -5.50991e-07
50.52 -4.92457e-06
50.54 -1.60051e-06
50.56 4.62605e-06
50.58 5.42742e-06
50.6 9.56614e-07
50.62 -8.68384e-07
50.64 2.54714e-06
50.66 4.72979e-06
50.68 1.63032e-06
50.7 -1.80212e-06
50.72 -2.67865e-07
50.74 3.33221e-06
50.76 2.69495e-06
50.78 -1.86329e-06
50.8 -3.64388e-06
50.82 -8.67521e-07
50.84 -1.82888e-07
50.86 -4.69876e-06
50.88 -8.08733e-06
50.9 -5.6245e-06
50.92 -1.65539e-06
50.94 -1.92149e-06
50.96 -5.7457e-06
50.98 -7.96377e-06
51 -5.65537e-06
51.02 -1.77376e-06
51.04 -1.32691e-06
51.06 -3.98921e-06
51.08 -4.43226e-06
51.1 -1.30255e-06
51.12 8.92168e-07
51.14 -8.28874e-07
51.16 -4.23298e-06
51.18 -5.03194e-06
51.2 -2.00112e-06
51.22 1.0082e-06
51.24 1.53922e-07
51.26 -1.89472e-06
51.28 4.52273e-07
51.3 6.49849e-06
51.32 1.02502e-05
51.34 7.03841e-06
51.36 -3.96579e-06
51.38 -1.66496e-05
51.4 -2.08788e-05
51.42 -1.27615e-05
51.44 2.22695e-06
51.46 1.36552e-05
51.48 1.23488e-05
51.5 9.10238e-07
51.52 -4.23832e-06
51.54 4.67628e-06
51.56 1.27389e-05
51.58 6.01758e-06
51.6 -7.39291e-06
51.62 -1.04946e-05
51.64 -2.58579e-08
51.66 1.05357e-05
51.68 9.55386e-06
51.7 1.83535e-06
51.72 -2.16987e-07
51.74 4.9594e-06
51.76 7.14407e-06
51.78 8.30062e-07
51.8 -7.4905e-06
51.82 -9.37725e-06
51.84 -4.39433e-06
51.86 1.14266e-06
51.88 1.57047e-06
51.9 -1.94895e-06
51.92 -3.29748e-06
51.94 1.51741e-07
51.96 4.32057e-06
51.98 4.64874e-06
52 2.28111e-06
52.02 1.11438e-06
52.04 1.32626e-06
52.06 1.36553e-08
52.08 -3.02392e-06
52.1 -3.9561e-06
52.12 -1.00857e-06
52.14 8.68599e-07
52.16 -2.09319e-06
52.18 -4.49988e-06
52.2 -1.04992e-07
52.22 7.47699e-06
52.24 9.1569e-06
52.26 3.51964e-06
52.28 -1.12211e-06
52.3 8.38786e-07
52.32 4.69574e-06
52.34 2.8934e-06
52.36 -3.68302e-06
52.38 -6.55957e-06
52.4 -2.40281e-06
52.42 1.76398e-06
52.44 -2.2769e-07
52.46 -3.47573e-06
52.48 -5.87565e-07
52.5 5.01864e-06
52.52 4.44986e-06
52.54 -2.42911e-06
52.56 -6.55778e-06
52.58 -3.60214e-06
52.6 -2.6592e-07
52.62 -2.51999e-06
52.64 -6.78331e-06
52.66 -6.55318e-06
52.68 -2.22783e-06
52.7 3.64473e-07
52.72 -7.44695e-07
52.74 -2.59998e-06
52.76 -2.75815e-06
52.78 -1.82127e-06
52.8 -1.86879e-06
52.82 -3.05555e-06
52.84 -3.36501e-06
52.86 -2.32136e-06
52.88 -2.06617e-06
52.9 -2.97227e-06
52.92 -2.19936e-06
52.94 4.98169e-07
52.96 8.02018e-07
52.98 -2.26593e-06
53 -3.48192e-06
53.02 7.56188e-10
53.04 3.72894e-06
53.06 2.78348e-06
53.08 -3.80953e-07
53.1 1.66049e-07
53.12 4.42486e-06
53.14 5.98446e-06
53.16 2.58984e-06
53.18 2.13246e-07
53.2 2.07371e-06
53.22 3.83666e-06
53.24 1.70325e-06
53.26 -1.86928e-06
53.28 -2.5227e-06
53.3 -7.69094e-07
53.32 -7.75996e-07
53.34 -3.94203e-06
53.36 -6.15738e-06
53.38 -3.75984e-06
53.4 -1.55121e-07
53.42 -4.21645e-07
53.44 -2.92219e-06
53.46 -2.97359e-06
53.48 -6.49889e-07
53.5 3.67032e-07
53.52 -7.79788e-07
53.54 -1.2508e-06
53.56 2.70607e-07
53.58 1.46912e-06
53.6 1.54156e-07
53.62 -2.53058e-06
53.64 -3.79372e-06
53.66 -2.56916e-06
53.68 -9.54097e-07
53.7 -1.503e-06
53.72 -2.61478e-06
53.74 -1.07444e-06
53.76 2.00208e-06
53.78 2.93892e-06
53.8 1.31557e-06
53.82 -1.19736e-07
53.84 7.50889e-07
53.86 3.00723e-06
53.88 2.99646e-06
53.9 -5.01662e-07
53.92 -2.95551e-06
53.94 -6.26962e-07
53.96 2.92709e-06
53.98 2.41214e-06
54 -1.22682e-06
54.02 -2.66925e-06
54.04 1.27259e-08
54.06 3.02882e-06
54.08 2.65366e-06
54.1 1.31165e-07
54.12 -1.04155e-07
54.14 2.6091e-06
54.16 3.41699e-06
54.18 4.17443e-07
54.2 -2.63663e-06
54.22 -3.47278e-06
54.24 -3.23846e-06
54.26 -3.285e-06
54.28 -3.96029e-06
54.3 -3.9415e-06
54.32 -2.37359e-06
54.34 -1.17277e-06
54.36 -2.01536e-06
54.38 -3.62657e-06
54.4 -3.69679e-06
54.42 -1.8789e-06
54.44 2.73799e-07
54.46 1.41767e-06
54.48 1.52019e-06
54.5 1.37612e-06
54.52 1.84342e-06
54.54 2.61111e-06
54.56 2.23346e-06
54.58 4.64122e-07
54.6 -8.18172e-07
54.62 2.64274e-07
54.64 2.35875e-06
54.66 2.23785e-06
54.68 -7.82939e-07
54.7 -4.03318e-06
54.72 -4.33226e-06
54.74 -2.45329e-06
54.76 -2.5164e-06
54.78 -5.08698e-06
54.8 -6.29752e-06
54.82 -4.49284e-06
54.84 -1.69549e-06
54.86 -3.12711e-08
54.88 4.18006e-07
54.9 1.42376e-06
54.92 3.23252e-06
54.94 3.71498e-06
54.96 2.85726e-06
54.98 2.93777e-06
55 3.50673e-06
55.02 2.32089e-06
55.04 -9.74565e-08
55.06 -1.01784e-06
55.08 -3.06943e-08
55.1 5.28602e-07
55.12 -7.53899e-08
55.14 -7.94471e-07
55.16 -8.76703e-07
55.18 -2.85609e-07
55.2 5.38303e-07
55.22 1.42398e-06
55.24 2.20118e-06
55.26 2.51808e-06
55.28 2.25156e-06
55.3 1.49533e-06
55.32 1.06764e-06
55.34 1.86651e-06
55.36 2.22557e-06
55.38 1.98406e-08
55.4 -2.49677e-06
55.42 -1.82785e-06
55.44 4.01773e-07
55.46 2.81563e-07
55.48 -2.01222e-06
55.5 -3.83437e-06
55.52 -3.70973e-06
55.54 -2.32414e-06
55.56 -1.49957e-06
55.58 -1.46563e-06
55.6 -1.39365e-06
55.62 -6.15009e-07
55.64 2.35693e-07
55.66 -1.0962e-06
55.68 -3.83679e-06
55.7 -3.69947e-06
55.72 5.85002e-08
55.74 2.65946e-06
55.76 7.58946e-07
55.78 -2.55829e-06
55.8 -2.08683e-06
55.82 1.95484e-06
55.84 3.8233e-06
55.86 1.22676e-06
55.88 3.64445e-08
55.9 4.91256e-06
55.92 9.20361e-06
55.94 1.5162e-06
55.96 -1.44332e-05
55.98 -1.93149e-05
56 -6.96373e-06
56.02 6.35481e-06
56.04 5.70365e-06
56.06 -4.65226e-06
56.08 -7.46062e-06
56.1 3.58079e-06
56.12 1.43981e-05
56.14 1.09741e-05
56.16 -2.11651e-06
56.18 -8.19866e-06
56.2 -1.85799e-06
56.22 3.94426e-06
56.24 -2.84164e-07
56.26 -6.70366e-06
56.28 -4.48167e-06
56.3 4.19399e-06
56.32 8.12484e-06
56.34 3.12022e-06
56.36 -2.22922e-06
56.38 -3.72966e-07
56.4 3.77559e-06
56.42 2.21592e-06
56.44 -2.27076e-06
56.46 -5.85732e-07
56.48 6.51199e-06
56.5 8.14216e-06
56.52 1.35822e-06
56.54 -3.42423e-06
56.56 9.4854e-07
56.58 7.16793e-06
56.6 4.17409e-06
56.62 -5.52042e-06
56.64 -8.75011e-06
56.66 -1.53031e-06
56.68 5.42031e-06
56.7 2.25938e-06
56.72 -5.92051e-06
56.74 -6.65429e-06
56.76 1.09838e-06
56.78 5.79007e-06
56.8 1.09968e-06
56.82 -4.62664e-06
56.84 -2.264e-06
56.86 4.0267e-06
56.88 5.11022e-06
56.9 -4.90161e-07
56.92 -5.69146e-06
56.94 -4.15639e-06
56.96 -2.23726e-07
56.98 -2.0486e-06
57 -7.74228e-06
57.02 -8.38396e-06
57.04 -3.1631e-06
57.06 -8.84228e-07
57.08 -4.56557e-06
57.1 -5.77054e-06
57.12 1.08271e-08
57.14 4.29063e-06
57.16 1.77503e-07
57.18 -5.93114e-06
57.2 -4.24071e-06
57.22 3.14662e-06
57.24 4.7333e-06
57.26 -2.55782e-06
57.28 -8.05457e-06
57.3 -3.16906e-06
57.32 5.33645e-06
57.34 5.02035e-06
57.36 -3.13951e-06
57.38 -5.77315e-06
57.4 1.92569e-06
57.42 8.49035e-06
57.44 4.33812e-06
57.46 -4.29665e-06
57.48 -5.5748e-06
57.5 1.07651e-06
57.52 5.48864e-06
57.54 1.74924e-06
57.56 -4.39467e-06
57.58 -4.21272e-06
57.6 1.59484e-06
57.62 4.61982e-06
57.64 1.27542e-06
57.66 -2.88187e-06
57.68 -1.91816e-06
57.7 1.83187e-06
57.72 2.03986e-06
57.74 -1.65053e-06
57.76 -3.58706e-06
57.78 -1.187e-06
57.8 1.30885e-06
57.82 1.18242e-08
57.84 -2.48378e-06
57.86 -1.76435e-06
57.88 1.10681e-06
57.9 1.39753e-06
57.92 -1.40918e-06
57.94 -2.60519e-06
57.96 -7.24119e-08
57.98 2.1226e-06
58 4.66507e-07
58.02 -2.39834e-06
58.04 -2.27787e-06
58.06 2.97524e-07
58.08 1.48465e-06
58.1 -1.87777e-07
58.12 -1.92799e-06
58.14 -1.0516e-06
58.16 1.01e-06
58.18 1.16299e-06
58.2 -5.96919e-07
58.22 -1.39813e-06
58.24 -2.47517e-08
58.26 1.28177e-06
58.28 4.68046e-07
58.3 -1.14573e-06
58.32 -1.05765e-06
58.34 5.24223e-07
58.36 1.12516e-06
58.38 -7.06601e-08
58.4 -1.06121e-06
58.42 -2.8175e-07
58.44 1.00978e-06
58.46 8.21295e-07
58.48 -5.06099e-07
58.5 -9.41129e-07
58.52 1.21066e-07
58.54 1.00488e-06
58.56 3.70199e-07
58.58 -7.42821e-07
58.6 -5.99684e-07
58.62 5.24308e-07
58.64 8.57901e-07
58.66 -5.22954e-08
58.68 -7.21873e-07
58.7 -1.44567e-07
58.72 7.09598e-07
58.74 5.21736e-07
58.76 -3.50852e-07
58.78 -5.33e-07
58.8 2.08952e-07
58.82 6.86846e-07
58.84 1.91373e-07
58.86 -4.64147e-07
58.88 -2.75986e-07
58.9 4.19071e-07
58.92 5.40055e-07
58.94 -5.58722e-08
58.96 -4.19466e-07
58.98 -1.53008e-08
59 4.97289e-07
59.02 3.39152e-07
59.04 -2.04296e-07
59.06 -2.84262e-07
59.08 1.92115e-07
59.1 4.7098e-07
59.12 1.46501e-07
59.14 -2.48953e-07
59.16 -1.112e-07
59.18 3.18517e-07
59.2 3.73994e-07
59.22 -1.54936e-09
59.24 -2.10061e-07
59.26 5.47026e-08
59.28 3.6388e-07
59.3 2.4993e-07
59.32 -8.46675e-08
59.34 -1.17568e-07
59.36 1.83352e-07
59.38 3.43958e-07
59.4 1.33415e-07
59.42 -1.03273e-07
59.44 -4.44153e-09
59.46 2.60924e-07
59.48 2.83502e-07
59.5 4.77557e-08
59.52 -7.06801e-08
59.54 1.01813e-07
59.56 2.87975e-07
59.58 2.08263e-07
59.6 3.16639e-09
59.62 -6.74467e-09
59.64 1.83096e-07
59.66 2.75275e-07
59.68 1.39554e-07
59.7 -1.48284e-09
59.72 6.80368e-08
59.74 2.31723e-07
59.76 2.38654e-07
59.78 9.12443e-08
59.8 2.48427e-08
59.82 1.369e-07
59.84 2.48875e-07
59.86 1.94163e-07
59.88 6.89298e-08
59.9 6.94785e-08
59.92 1.89134e-07
59.94 2.41801e-07
59.96 1.54865e-07
59.98 -1.678e-07
