0.02 4.42726e-05
0.04 0.00012543
0.06 0.000137328
0.08 6.28541e-05
0.1 1.79983e-05
0.12 6.72252e-05
0.14 0.000129961
0.16 0.000112395
0.18 5.06496e-05
0.2 4.75712e-05
0.22 0.000111695
0.24 0.000150748
0.26 0.00011957
0.28 8.64532e-05
0.3 0.000119842
0.32 0.000174718
0.34 0.000181721
0.36 0.000167016
0.38 0.000161124
0.4 8.46304e-05
0.42 -0.00010681
0.44 -9.75565e-05
0.46 0.000296869
0.48 0.000469021
0.5 1.72279e-05
0.52 -0.000443786
0.54 -0.000322817
0.56 -9.46759e-05
0.58 -0.000467939
0.6 -0.000861938
0.62 -0.000393267
0.64 0.000154542
0.66 -0.000192042
0.68 -0.00118567
0.7 -0.0017374
0.72 -0.000411359
0.74 0.00149358
0.76 0.00106908
0.78 -0.000575582
0.8 0.000153821
0.82 0.00319185
0.84 0.00493483
0.86 0.00330592
0.88 0.000269726
0.9 -0.00074163
0.92 0.000966626
0.94 0.00235313
0.96 0.000296074
0.98 -0.00339871
1 -0.00390154
1.02 -0.000331827
1.04 0.00257865
1.06 0.000474598
1.08 -0.00447684
1.1 -0.00639471
1.12 -0.0030212
1.14 0.00221841
1.16 0.00321929
1.18 -0.00229857
1.2 -0.00718768
1.22 -0.0036721
1.24 0.00362616
1.26 0.00416794
1.28 -0.00335226
1.3 -0.010413
1.32 -0.00838189
1.34 0.00278386
1.36 0.01306
1.38 0.0120574
1.4 0.000322169
1.42 -0.0102468
1.44 -0.00922902
1.46 -0.000832076
1.48 0.00164723
1.5 -0.0070159
1.52 -0.0193657
1.54 -0.0277063
1.56 -0.0323216
1.58 -0.0359358
1.6 -0.0384469
1.62 -0.0381266
1.64 -0.0332962
1.66 -0.0236878
1.68 -0.0115606
1.7 -0.000124404
1.72 0.0059992
1.74 0.00280878
1.76 -0.00673935
1.78 -0.0169373
1.8 -0.0271648
1.82 -0.0378538
1.84 -0.0488186
1.86 -0.0609103
1.88 -0.0706394
1.9 -0.0727978
1.92 -0.0689302
1.94 -0.0640351
1.96 -0.0600019
1.98 -0.0567518
2 -0.0559533
2.02 -0.0613125
2.04 -0.0754813
2.06 -0.0976894
2.08 -0.125579
2.1 -0.157357
2.12 -0.18968
2.14 -0.216618
2.16 -0.232903
2.18 -0.234575
2.2 -0.218413
2.22 -0.185393
2.24 -0.140306
2.26 -0.0882676
2.28 -0.0369997
2.3 0.00420296
2.32 0.0262779
2.34 0.0253698
2.36 0.00578482
2.38 -0.0275481
2.4 -0.068748
2.42 -0.115972
2.44 -0.171095
2.46 -0.226022
2.48 -0.268059
2.5 -0.292266
2.52 -0.295861
2.54 -0.27449
2.56 -0.229018
2.58 -0.161619
2.6 -0.069135
2.62 0.0482137
2.64 0.181078
2.66 0.325353
2.68 0.486011
2.7 0.667313
2.72 0.872929
2.74 1.10962
2.76 1.3859
2.78 1.70775
2.8 2.07805
2.82 2.50044
2.84 2.97914
2.86 3.51718
2.88 4.11377
2.9 4.76331
2.92 5.46194
2.94 6.20851
2.96 6.99996
2.98 7.83342
3 8.70903
3.02 9.61954
3.04 10.5476
3.06 11.4802
3.08 12.4083
3.1 13.318
3.12 14.1947
3.14 15.0245
3.16 15.792
3.18 16.4811
3.2 17.0771
3.22 17.568
3.24 17.9434
3.26 18.1954
3.28 18.3189
3.3 18.3135
3.32 18.1856
3.34 17.9463
3.36 17.615
3.38 17.2164
3.4 16.7706
3.42 16.2941
3.44 15.8076
3.46 15.3395
3.48 14.9156
3.5 14.5495
3.52 14.2493
3.54 14.022
3.56 13.872
3.58 13.8026
3.6 13.8187
3.62 13.9259
3.64 14.1193
3.66 14.3692
3.68 14.6425
3.7 14.9245
3.72 15.2002
3.74 15.446
3.76 15.6428
3.78 15.7811
3.8 15.855
3.82 15.8572
3.84 15.7835
3.86 15.635
3.88 15.4119
3.9 15.1143
3.92 14.7436
3.94 14.3
3.96 13.7827
3.98 13.1962
4 12.5584
4.02 11.8856
4.04 11.1839
4.06 10.4611
4.08 9.73163
4.1 9.00864
4.12 8.30305
4.14 7.62736
4.16 6.99315
4.18 6.40184
4.2 5.83902
4.22 5.28743
4.24 4.73903
4.26 4.18788
4.28 3.62704
4.3 3.05376
4.32 2.47863
4.34 1.92489
4.36 1.40516
4.38 0.91627
4.4 0.453625
4.42 0.0123457
4.44 -0.413833
4.46 -0.824754
4.48 -1.20892
4.5 -1.56256
4.52 -1.89994
4.54 -2.23059
4.56 -2.55225
4.58 -2.86052
4.6 -3.15316
4.62 -3.42983
4.64 -3.68349
4.66 -3.90154
4.68 -4.07706
4.7 -4.20575
4.72 -4.28006
4.74 -4.29274
4.76 -4.24033
4.78 -4.12963
4.8 -3.97938
4.82 -3.80377
4.84 -3.60604
4.86 -3.38931
4.88 -3.15946
4.9 -2.92145
4.92 -2.68125
4.94 -2.44872
4.96 -2.23225
4.98 -2.03678
5 -1.8713
5.02 -1.74948
5.04 -1.68443
5.06 -1.67958
5.08 -1.71654
5.1 -1.76983
5.12 -1.82986
5.14 -1.89449
5.16 -1.95831
5.18 -2.01485
5.2 -2.05713
5.22 -2.07715
5.24 -2.07449
5.26 -2.06594
5.28 -2.06795
5.3 -2.07892
5.32 -2.08704
5.34 -2.08029
5.36 -2.05302
5.38 -2.00765
5.4 -1.95007
5.42 -1.88523
5.44 -1.812
5.46 -1.72456
5.48 -1.62074
5.5 -1.5026
5.52 -1.37231
5.54 -1.23271
5.56 -1.08968
5.58 -0.950169
5.6 -0.818883
5.62 -0.699035
5.64 -0.590895
5.66 -0.491806
5.68 -0.40319
5.7 -0.32931
5.72 -0.271523
5.74 -0.230611
5.76 -0.208643
5.78 -0.208652
5.8 -0.233349
5.82 -0.281144
5.84 -0.34842
5.86 -0.434828
5.88 -0.541234
5.9 -0.667944
5.92 -0.812148
5.94 -0.962757
5.96 -1.10649
5.98 -1.23351
6 -1.33429
6.02 -1.40288
6.04 -1.43821
6.06 -1.43683
6.08 -1.39725
6.1 -1.32587
6.12 -1.2274
6.14 -1.10137
6.16 -0.949018
6.18 -0.781316
6.2 -0.618687
6.22 -0.476754
6.24 -0.364914
6.26 -0.294311
6.28 -0.274218
6.3 -0.304942
6.32 -0.377191
6.34 -0.480704
6.36 -0.608653
6.38 -0.75361
6.4 -0.908446
6.42 -1.06808
6.44 -1.22737
6.46 -1.38222
6.48 -1.53434
6.5 -1.69226
6.52 -1.86491
6.54 -2.05883
6.56 -2.27601
6.58 -2.50786
6.6 -2.74547
6.62 -2.98835
6.64 -3.23227
6.66 -3.46314
6.68 -3.66771
6.7 -3.84081
6.72 -3.98565
6.74 -4.1126
6.76 -4.2303
6.78 -4.3386
6.8 -4.43212
6.82 -4.50707
6.84 -4.56134
6.86 -4.59129
6.88 -4.59484
6.9 -4.57546
6.92 -4.54094
6.94 -4.49902
6.96 -4.45234
6.98 -4.39752
7 -4.32982
7.02 -4.24876
7.04 -4.15747
7.06 -4.05812
7.08 -3.95138
7.1 -3.8362
7.12 -3.70997
7.14 -3.5721
7.16 -3.42363
7.18 -3.26442
7.2 -3.09346
7.22 -2.90989
7.24 -2.71336
7.26 -2.50658
7.28 -2.29828
7.3 -2.09711
7.32 -1.90394
7.34 -1.71527
7.36 -1.52946
7.38 -1.34711
7.4 -1.16906
7.42 -0.997166
7.44 -0.83454
7.46 -0.68405
7.48 -0.549517
7.5 -0.434209
7.52 -0.338836
7.54 -0.265158
7.56 -0.216227
7.58 -0.191521
7.6 -0.185549
7.62 -0.191253
7.64 -0.203006
7.66 -0.214746
7.68 -0.221519
7.7 -0.224347
7.72 -0.22845
7.74 -0.238009
7.76 -0.251282
7.78 -0.262408
7.8 -0.268598
7.82 -0.2705
7.84 -0.271544
7.86 -0.279694
7.88 -0.301878
7.9 -0.339364
7.92 -0.391341
7.94 -0.456463
7.96 -0.531846
7.98 -0.614955
8 -0.703807
8.02 -0.79432
8.04 -0.880671
8.06 -0.958879
8.08 -1.02754
8.1 -1.08537
8.12 -1.13067
8.14 -1.16273
8.16 -1.18157
8.18 -1.18572
8.2 -1.17141
8.22 -1.1366
8.24 -1.08857
8.26 -1.03973
8.28 -0.995175
8.3 -0.95311
8.32 -0.910398
8.34 -0.863952
8.36 -0.814103
8.38 -0.763939
8.4 -0.714592
8.42 -0.664925
8.44 -0.615908
8.46 -0.574627
8.48 -0.548151
8.5 -0.53574
8.52 -0.533197
8.54 -0.537801
8.56 -0.546618
8.58 -0.555759
8.6 -0.560569
8.62 -0.557301
8.64 -0.547722
8.66 -0.534794
8.68 -0.516193
8.7 -0.489146
8.72 -0.454088
8.74 -0.413227
8.76 -0.370021
8.78 -0.327989
8.8 -0.29045
8.82 -0.262108
8.84 -0.249237
8.86 -0.259483
8.88 -0.296477
8.9 -0.355205
8.92 -0.429695
8.94 -0.514816
8.96 -0.604108
8.98 -0.695413
9 -0.789149
9.02 -0.884271
9.04 -0.98063
9.06 -1.07712
9.08 -1.16878
9.1 -1.2528
9.12 -1.33184
9.14 -1.40775
9.16 -1.48072
9.18 -1.55353
9.2 -1.62953
9.22 -1.70968
9.24 -1.79283
9.26 -1.87603
9.28 -1.95558
9.3 -2.02688
9.32 -2.08452
9.34 -2.12404
9.36 -2.14216
9.38 -2.13831
9.4 -2.11593
9.42 -2.07886
9.44 -2.02768
9.46 -1.96198
9.48 -1.88574
9.5 -1.80659
9.52 -1.72951
9.54 -1.65618
9.56 -1.58933
9.58 -1.52874
9.6 -1.46632
9.62 -1.39666
9.64 -1.32584
9.66 -1.26413
9.68 -1.21784
9.7 -1.19034
9.72 -1.18237
9.74 -1.18842
9.76 -1.20571
9.78 -1.24107
9.8 -1.29772
9.82 -1.37099
9.84 -1.45534
9.86 -1.54198
9.88 -1.62058
9.9 -1.68469
9.92 -1.7318
9.94 -1.76437
9.96 -1.78638
9.98 -1.79645
10 -1.78963
10.02 -1.76305
10.04 -1.71693
10.06 -1.65318
10.08 -1.57647
10.1 -1.49413
10.12 -1.41317
10.14 -1.34013
10.16 -1.27998
10.18 -1.23325
10.2 -1.19896
10.22 -1.17808
10.24 -1.17242
10.26 -1.18289
10.28 -1.20876
10.3 -1.24675
10.32 -1.29159
10.34 -1.33842
10.36 -1.38384
10.38 -1.42531
10.4 -1.46107
10.42 -1.48903
10.44 -1.50606
10.46 -1.51017
10.48 -1.50122
10.5 -1.47901
10.52 -1.44306
10.54 -1.39502
10.56 -1.3413
10.58 -1.28878
10.6 -1.23844
10.62 -1.18869
10.64 -1.13998
10.66 -1.09321
10.68 -1.04968
10.7 -1.01326
10.72 -0.987831
10.74 -0.974257
10.76 -0.972755
10.78 -0.98304
10.8 -1.00148
10.82 -1.0235
10.84 -1.04652
10.86 -1.07036
10.88 -1.09815
10.9 -1.13275
10.92 -1.17298
10.94 -1.21612
10.96 -1.26019
10.98 -1.30348
11 -1.34505
11.02 -1.38519
11.04 -1.42418
11.06 -1.4609
11.08 -1.49329
11.1 -1.51933
11.12 -1.53619
11.14 -1.54012
11.16 -1.52843
11.18 -1.50061
11.2 -1.45758
11.22 -1.40066
11.24 -1.33277
11.26 -1.25985
11.28 -1.18813
11.3 -1.12163
11.32 -1.06278
11.34 -1.01334
11.36 -0.975304
11.38 -0.950832
11.4 -0.939633
11.42 -0.938347
11.44 -0.94426
11.46 -0.956973
11.48 -0.976507
11.5 -1.00238
11.52 -1.03366
11.54 -1.06839
11.56 -1.10358
11.58 -1.13599
11.6 -1.16255
11.62 -1.18052
11.64 -1.18808
11.66 -1.18478
11.68 -1.17155
11.7 -1.15045
11.72 -1.12402
11.74 -1.09434
11.76 -1.06402
11.78 -1.0372
11.8 -1.01855
11.82 -1.01199
11.84 -1.01961
11.86 -1.04126
11.88 -1.07558
11.9 -1.11939
11.92 -1.16654
11.94 -1.21074
11.96 -1.24829
11.98 -1.27778
12 -1.29919
12.02 -1.31282
12.04 -1.31823
12.06 -1.31494
12.08 -1.30311
12.1 -1.28364
12.12 -1.25864
12.14 -1.22946
12.16 -1.1952
12.18 -1.15523
12.2 -1.11104
12.22 -1.06535
12.24 -1.02176
12.26 -0.984296
12.28 -0.956468
12.3 -0.94101
12.32 -0.939929
12.34 -0.954018
12.36 -0.982366
12.38 -1.02215
12.4 -1.06916
12.42 -1.11884
12.44 -1.16698
12.46 -1.21025
12.48 -1.24629
12.5 -1.27296
12.52 -1.28834
12.54 -1.29153
12.56 -1.28272
12.58 -1.26236
12.6 -1.23075
12.62 -1.18844
12.64 -1.13684
12.66 -1.07929
12.68 -1.02023
12.7 -0.963366
12.72 -0.911485
12.74 -0.866897
12.76 -0.831548
12.78 -0.807225
12.8 -0.794604
12.82 -0.791689
12.84 -0.795258
12.86 -0.803915
12.88 -0.818144
12.9 -0.838221
12.92 -0.862979
12.94 -0.890645
12.96 -0.920152
12.98 -0.950869
13 -0.982055
13.02 -1.0131
13.04 -1.04353
13.06 -1.07226
13.08 -1.09753
13.1 -1.11772
13.12 -1.13158
13.14 -1.13814
13.16 -1.13713
13.18 -1.12956
13.2 -1.11704
13.22 -1.10036
13.24 -1.07938
13.26 -1.05413
13.28 -1.02603
13.3 -0.998114
13.32 -0.973364
13.34 -0.953263
13.36 -0.937736
13.38 -0.925557
13.4 -0.915655
13.42 -0.908224
13.44 -0.903757
13.46 -0.902477
13.48 -0.905277
13.5 -0.913201
13.52 -0.926062
13.54 -0.942753
13.56 -0.962411
13.58 -0.984674
13.6 -1.00939
13.62 -1.03616
13.64 -1.06389
13.66 -1.09107
13.68 -1.11656
13.7 -1.13993
13.72 -1.16087
13.74 -1.17857
13.76 -1.19131
13.78 -1.19689
13.8 -1.19351
13.82 -1.18059
13.84 -1.15869
13.86 -1.12945
13.88 -1.09554
13.9 -1.05971
13.92 -1.02383
13.94 -0.988865
13.96 -0.955153
13.98 -0.922898
14 -0.892653
14.02 -0.864411
14.04 -0.836648
14.06 -0.807542
14.08 -0.77632
14.1 -0.743552
14.12 -0.712149
14.14 -0.686679
14.16 -0.67012
14.18 -0.662811
14.2 -0.664566
14.22 -0.676392
14.24 -0.699789
14.26 -0.735035
14.28 -0.780532
14.3 -0.83349
14.32 -0.891316
14.34 -0.952669
14.36 -1.01676
14.38 -1.082
14.4 -1.14634
14.42 -1.20841
14.44 -1.26745
14.46 -1.32229
14.48 -1.37113
14.5 -1.41178
14.52 -1.44183
14.54 -1.45917
14.56 -1.46264
14.58 -1.45245
14.6 -1.42993
14.62 -1.39592
14.64 -1.35007
14.66 -1.29219
14.68 -1.22396
14.7 -1.1502
14.72 -1.07767
14.74 -1.01119
14.76 -0.952133
14.78 -0.900349
14.8 -0.85671
14.82 -0.823268
14.84 -0.800742
14.86 -0.788
14.88 -0.784663
14.9 -0.791442
14.92 -0.807125
14.94 -0.828559
14.96 -0.853576
14.98 -0.881264
15 -0.910651
15.02 -0.940619
15.04 -0.970613
15.06 -1.00075
15.08 -1.03089
15.1 -1.06031
15.12 -1.08748
15.14 -1.10961
15.16 -1.12373
15.18 -1.12842
15.2 -1.12368
15.22 -1.11006
15.24 -1.08923
15.26 -1.06384
15.28 -1.03676
15.3 -1.01081
15.32 -0.988309
15.34 -0.970312
15.36 -0.956681
15.38 -0.94658
15.4 -0.938819
15.42 -0.932068
15.44 -0.925347
15.46 -0.91869
15.48 -0.913347
15.5 -0.910789
15.52 -0.911137
15.54 -0.913312
15.56 -0.916212
15.58 -0.918601
15.6 -0.919088
15.62 -0.917072
15.64 -0.913242
15.66 -0.909301
15.68 -0.906821
15.7 -0.906018
15.72 -0.905874
15.74 -0.904945
15.76 -0.902181
15.78 -0.897498
15.8 -0.891332
15.82 -0.884299
15.84 -0.877693
15.86 -0.873188
15.88 -0.871777
15.9 -0.873498
15.92 -0.877805
15.94 -0.883712
15.96 -0.889779
15.98 -0.89458
16 -0.897419
16.02 -0.898154
16.04 -0.896969
16.06 -0.894639
16.08 -0.891935
16.1 -0.889163
16.12 -0.887018
16.14 -0.88694
16.16 -0.889894
16.18 -0.89518
16.2 -0.901091
16.22 -0.906477
16.24 -0.91121
16.26 -0.916343
16.28 -0.923597
16.3 -0.933153
16.32 -0.943126
16.34 -0.951951
16.36 -0.959837
16.38 -0.967681
16.4 -0.975847
16.42 -0.98447
16.44 -0.993988
16.46 -1.00494
16.48 -1.01788
16.5 -1.03391
16.52 -1.05488
16.54 -1.08239
16.56 -1.11628
16.58 -1.15445
16.6 -1.19434
16.62 -1.23408
16.64 -1.27266
16.66 -1.3094
16.68 -1.34128
16.7 -1.36097
16.72 -1.36066
16.74 -1.33505
16.76 -1.28016
16.78 -1.19404
16.8 -1.07777
16.82 -0.934112
16.84 -0.768534
16.86 -0.593061
16.88 -0.420445
16.9 -0.254909
16.92 -0.0974929
16.94 0.0472899
16.96 0.175061
16.98 0.283782
17 0.372112
17.02 0.439119
17.04 0.484137
17.06 0.505834
17.08 0.502539
17.1 0.472654
17.12 0.414092
17.14 0.325659
17.16 0.210146
17.18 0.0742816
17.2 -0.0761131
17.22 -0.23861
17.24 -0.410136
17.26 -0.585601
17.28 -0.761639
17.3 -0.936731
17.32 -1.10827
17.34 -1.27177
17.36 -1.42119
17.38 -1.5496
17.4 -1.65051
17.42 -1.71846
17.44 -1.7486
17.46 -1.73782
17.48 -1.68714
17.5 -1.60143
17.52 -1.48598
17.54 -1.3459
17.56 -1.18939
17.58 -1.02696
17.6 -0.866908
17.62 -0.71526
17.64 -0.577805
17.66 -0.458956
17.68 -0.361054
17.7 -0.285639
17.72 -0.234799
17.74 -0.210959
17.76 -0.215187
17.78 -0.246219
17.8 -0.30136
17.82 -0.377199
17.84 -0.468176
17.86 -0.566741
17.88 -0.666604
17.9 -0.763716
17.92 -0.854549
17.94 -0.935192
17.96 -1.00119
17.98 -1.04802
18 -1.07266
18.02 -1.07434
18.04 -1.05389
18.06 -1.01296
18.08 -0.955189
18.1 -0.887443
18.12 -0.817278
18.14 -0.749484
18.16 -0.68671
18.18 -0.631084
18.2 -0.58481
18.22 -0.551251
18.24 -0.535312
18.26 -0.542129
18.28 -0.575032
18.3 -0.633874
18.32 -0.713265
18.34 -0.801256
18.36 -0.884207
18.38 -0.953038
18.4 -1.00129
18.42 -1.02265
18.44 -1.01227
18.46 -0.967017
18.48 -0.88887
18.5 -0.788188
18.52 -0.676349
18.54 -0.558736
18.56 -0.43857
18.58 -0.320343
18.6 -0.209189
18.62 -0.110504
18.64 -0.0283348
18.66 0.0352853
18.68 0.0786361
18.7 0.0993123
18.72 0.0949241
18.74 0.0639385
18.76 0.00560301
18.78 -0.0801327
18.8 -0.189312
18.82 -0.310319
18.84 -0.429609
18.86 -0.538076
18.88 -0.627775
18.9 -0.690842
18.92 -0.72256
18.94 -0.720268
18.96 -0.682609
18.98 -0.611514
19 -0.513368
19.02 -0.397049
19.04 -0.270236
19.06 -0.140149
19.08 -0.0149057
19.1 0.0996119
19.12 0.200417
19.14 0.284257
19.16 0.34749
19.18 0.388348
19.2 0.405722
19.22 0.396661
19.24 0.3578
19.26 0.289495
19.28 0.19713
19.3 0.087251
19.32 -0.034471
19.34 -0.162595
19.36 -0.293217
19.38 -0.42394
19.4 -0.552249
19.42 -0.675331
19.44 -0.789543
19.46 -0.889373
19.48 -0.969033
19.5 -1.02496
19.52 -1.05619
19.54 -1.06323
19.56 -1.04672
19.58 -1.00752
19.6 -0.949094
19.62 -0.876878
19.64 -0.792945
19.66 -0.697055
19.68 -0.593309
19.7 -0.489544
19.72 -0.392208
19.74 -0.304806
19.76 -0.228282
19.78 -0.162508
19.8 -0.109332
19.82 -0.0719817
19.84 -0.0516904
19.86 -0.046844
19.88 -0.0531073
19.9 -0.0652824
19.92 -0.0800299
19.94 -0.0950074
19.96 -0.108365
19.98 -0.120231
20 -0.131449
20.02 -0.141723
20.04 -0.149984
20.06 -0.155041
20.08 -0.157698
20.1 -0.163981
20.12 -0.182261
20.14 -0.216491
20.16 -0.263136
20.18 -0.313715
20.2 -0.363001
20.22 -0.412488
20.24 -0.46426
20.26 -0.51683
20.28 -0.568196
20.3 -0.618474
20.32 -0.666122
20.34 -0.706764
20.36 -0.738545
20.38 -0.761299
20.4 -0.772011
20.42 -0.766654
20.44 -0.742402
20.46 -0.697349
20.48 -0.631563
20.5 -0.54956
20.52 -0.458752
20.54 -0.366514
20.56 -0.279884
20.58 -0.199471
20.6 -0.120077
20.62 -0.0441728
20.64 0.0187434
20.66 0.062203
20.68 0.0811771
20.7 0.0746832
20.72 0.0511963
20.74 0.0178911
20.76 -0.0259883
20.78 -0.0799685
20.8 -0.140218
20.82 -0.205648
20.84 -0.276955
20.86 -0.351484
20.88 -0.421904
20.9 -0.480345
20.92 -0.521954
20.94 -0.543474
20.96 -0.542526
20.98 -0.517822
21 -0.471005
21.02 -0.409575
21.04 -0.341502
21.06 -0.269658
21.08 -0.19471
21.1 -0.118436
21.12 -0.0450261
21.14 0.0199667
21.16 0.0740196
21.18 0.117949
21.2 0.15074
21.22 0.16866
21.24 0.168193
21.26 0.147283
21.28 0.105744
21.3 0.0453098
21.32 -0.0300776
21.34 -0.112545
21.36 -0.192071
21.38 -0.261656
21.4 -0.316015
21.42 -0.351408
21.44 -0.371303
21.46 -0.379877
21.48 -0.374575
21.5 -0.355467
21.52 -0.329097
21.54 -0.302023
21.56 -0.280381
21.58 -0.269942
21.6 -0.271602
21.62 -0.280829
21.64 -0.293471
21.66 -0.308428
21.68 -0.325051
21.7 -0.340513
21.72 -0.349473
21.74 -0.347793
21.76 -0.336836
21.78 -0.321651
21.8 -0.304959
21.82 -0.286301
21.84 -0.266028
21.86 -0.246121
21.88 -0.22782
21.9 -0.2109
21.92 -0.194188
21.94 -0.175888
21.96 -0.154718
21.98 -0.130298
22 -0.102298
22.02 -0.0701975
22.04 -0.0335779
22.06 0.00653093
22.08 0.0459034
22.1 0.079107
22.12 0.102701
22.14 0.115048
22.16 0.115695
22.18 0.105428
22.2 0.0852443
22.22 0.0561998
22.24 0.0202124
22.26 -0.0205814
22.28 -0.0643326
22.3 -0.108992
22.32 -0.152175
22.34 -0.190997
22.36 -0.222556
22.38 -0.244669
22.4 -0.255713
22.42 -0.254633
22.44 -0.241526
22.46 -0.217439
22.48 -0.183525
22.5 -0.141763
22.52 -0.0957809
22.54 -0.0495629
22.56 -0.00618699
22.58 0.032288
22.6 0.0646562
22.62 0.0900832
22.64 0.1077
22.66 0.116781
22.68 0.116866
22.7 0.10762
22.72 0.0890275
22.74 0.0617295
22.76 0.0266521
22.78 -0.0154831
22.8 -0.0637071
22.82 -0.116062
22.84 -0.169563
22.86 -0.221122
22.88 -0.268346
22.9 -0.309577
22.92 -0.343723
22.94 -0.369732
22.96 -0.386278
22.98 -0.392164
23 -0.386963
23.02 -0.371402
23.04 -0.347147
23.06 -0.316351
23.08 -0.281458
23.1 -0.244786
23.12 -0.207771
23.14 -0.171104
23.16 -0.135767
23.18 -0.103003
23.2 -0.0732273
23.22 -0.0458017
23.24 -0.0199598
23.26 0.00475515
23.28 0.028779
23.3 0.0522426
23.32 0.0744901
23.34 0.0943753
23.36 0.110689
23.38 0.122051
23.4 0.126394
23.42 0.121207
23.44 0.105107
23.46 0.0789255
23.48 0.0450556
23.5 0.00582201
23.52 -0.0372639
23.54 -0.0827074
23.56 -0.128338
23.58 -0.17148
23.6 -0.209563
23.62 -0.240751
23.64 -0.264049
23.66 -0.27908
23.68 -0.285584
23.7 -0.282796
23.72 -0.270118
23.74 -0.24831
23.76 -0.219177
23.78 -0.18471
23.8 -0.146725
23.82 -0.106629
23.84 -0.0657234
23.86 -0.025949
23.88 0.0102924
23.9 0.0412504
23.92 0.0665255
23.94 0.0862389
23.96 0.0996075
23.98 0.105399
24 0.103328
24.02 0.0948079
24.04 0.0828604
24.06 0.0700276
24.08 0.0569138
24.1 0.0430304
24.12 0.0273467
24.14 0.00911203
24.16 -0.0108374
24.18 -0.0309261
24.2 -0.0508696
24.22 -0.0712537
24.24 -0.0919482
24.26 -0.111861
24.28 -0.129103
24.3 -0.14178
24.32 -0.149279
24.34 -0.1527
24.36 -0.153933
24.38 -0.154182
24.4 -0.153609
24.42 -0.151709
24.44 -0.147421
24.46 -0.13959
24.48 -0.127955
24.5 -0.113364
24.52 -0.0969304
24.54 -0.0795585
24.56 -0.0618321
24.58 -0.0437945
24.6 -0.0253649
24.62 -0.00688481
24.64 0.0112321
24.66 0.0289106
24.68 0.0459633
24.7 0.0613702
24.72 0.0734231
24.74 0.0808508
24.76 0.0833813
24.78 0.0816127
24.8 0.076774
24.82 0.0699769
24.84 0.0619565
24.86 0.0534119
24.88 0.044774
24.9 0.0360966
24.92 0.0276079
24.94 0.019768
24.96 0.01287
24.98 0.00705298
25 0.00238586
25.02 -0.00115516
25.04 -0.00358242
25.06 -0.00481541
25.08 -0.00489854
25.1 -0.00422536
25.12 -0.00313866
25.14 -0.00151985
25.16 0.000796971
25.18 0.00359823
25.2 0.00637163
25.22 0.00837952
25.24 0.00883877
25.26 0.00706907
25.28 0.00236003
25.3 -0.00603875
25.32 -0.0186373
25.34 -0.034978
25.36 -0.0533136
25.38 -0.0716806
25.4 -0.088957
25.42 -0.104572
25.44 -0.117951
25.46 -0.128609
25.48 -0.136355
25.5 -0.141204
25.52 -0.143001
25.54 -0.141312
25.56 -0.135664
25.58 -0.125689
25.6 -0.111207
25.62 -0.0922257
25.64 -0.0690271
25.66 -0.0423326
25.68 -0.0133797
25.7 0.0162485
25.72 0.0451427
25.74 0.0721647
25.76 0.0960183
25.78 0.115413
25.8 0.129489
25.82 0.137734
25.84 0.139993
25.86 0.136686
25.88 0.128444
25.9 0.115529
25.92 0.0979687
25.94 0.07609
25.96 0.0507014
25.98 0.0227211
26 -0.00719853
26.02 -0.0385639
26.04 -0.0707968
26.06 -0.102956
26.08 -0.133584
26.1 -0.16127
26.12 -0.185355
26.14 -0.205668
26.16 -0.221858
26.18 -0.233272
26.2 -0.239145
26.22 -0.238833
26.24 -0.232095
26.26 -0.219052
26.28 -0.199976
26.3 -0.17547
26.32 -0.146508
26.34 -0.114187
26.36 -0.0798041
26.38 -0.0448889
26.4 -0.0108929
26.42 0.0209685
26.44 0.0496481
26.46 0.0743739
26.48 0.0949992
26.5 0.111842
26.52 0.124901
26.54 0.133661
26.56 0.137663
26.58 0.137107
26.6 0.13295
26.62 0.12626
26.64 0.117551
26.66 0.106794
26.68 0.0939104
26.7 0.0791785
26.72 0.0630258
26.74 0.0457547
26.76 0.0276459
26.78 0.00890751
26.8 -0.0101873
26.82 -0.0291281
26.84 -0.0474803
26.86 -0.0649095
26.88 -0.0810574
26.9 -0.0956355
26.92 -0.10815
26.94 -0.117687
26.96 -0.123235
26.98 -0.124204
27 -0.120738
27.02 -0.113227
27.04 -0.101735
27.06 -0.0863821
27.08 -0.0678682
27.1 -0.0473233
27.12 -0.0257692
27.14 -0.00381837
27.16 0.0180757
27.18 0.0392216
27.2 0.0586418
27.22 0.075365
27.24 0.0887193
27.26 0.0983384
27.28 0.10408
27.3 0.105946
27.32 0.104033
27.34 0.0986975
27.36 0.0906126
27.38 0.0805738
27.4 0.0692282
27.42 0.0569618
27.44 0.044303
27.46 0.0320352
27.48 0.0206696
27.5 0.0102774
27.52 0.000609165
27.54 -0.00886419
27.56 -0.0186419
27.58 -0.0289613
27.6 -0.0398287
27.62 -0.0511042
27.64 -0.0626818
27.66 -0.0743841
27.68 -0.0857315
27.7 -0.0959952
27.72 -0.104189
27.74 -0.108989
27.76 -0.108947
27.78 -0.102968
27.8 -0.0906431
27.82 -0.0721776
27.84 -0.0481971
27.86 -0.0197537
27.88 0.0115916
27.9 0.0440141
27.92 0.0757943
27.94 0.105445
27.96 0.131878
27.98 0.1544
28 0.172359
28.02 0.18521
28.04 0.192659
28.06 0.194408
28.08 0.190153
28.1 0.179752
28.12 0.163551
28.14 0.14255
28.16 0.117776
28.18 0.0900777
28.2 0.0607327
28.22 0.0314181
28.24 0.00375333
28.26 -0.0206482
28.28 -0.0402043
28.3 -0.0536717
28.32 -0.0602545
28.34 -0.0597119
28.36 -0.0535228
28.38 -0.0450097
28.4 -0.036857
28.42 -0.0293886
28.44 -0.0215647
28.46 -0.0130898
28.48 -0.00468242
28.5 0.00322965
28.52 0.0109329
28.54 0.0191922
28.56 0.0288782
28.58 0.040309
28.6 0.0527831
28.62 0.0647779
28.64 0.0750562
28.66 0.0836738
28.68 0.0914671
28.7 0.0989327
28.72 0.105876
28.74 0.111348
28.76 0.113763
28.78 0.112007
28.8 0.10653
28.82 0.0985419
28.84 0.088509
28.86 0.076423
28.88 0.0628685
28.9 0.0489421
28.92 0.0358588
28.94 0.0248808
28.96 0.0169291
28.98 0.0120666
29 0.00948022
29.02 0.00828854
29.04 0.00862533
29.06 0.0114331
29.08 0.0171065
29.1 0.0249673
29.12 0.0338304
29.14 0.0425438
29.16 0.0501929
29.18 0.056147
29.2 0.0600692
29.22 0.0619129
29.24 0.0616268
29.26 0.0589903
29.28 0.054123
29.3 0.0477213
29.32 0.0404092
29.34 0.03235
29.36 0.0237049
29.38 0.0151515
29.4 0.00775836
29.42 0.00233462
29.44 -0.000883774
29.46 -0.00196387
29.48 -0.000949113
29.5 0.00213208
29.52 0.0071299
29.54 0.0136009
29.56 0.0205295
29.58 0.0266777
29.6 0.0314809
29.62 0.0351819
29.64 0.0379752
29.66 0.0395759
29.68 0.039689
29.7 0.0382375
29.72 0.0352795
29.74 0.0310228
29.76 0.0258282
29.78 0.0202953
29.8 0.0150893
29.82 0.0107244
29.84 0.00775525
29.86 0.00678139
29.88 0.00816854
29.9 0.0120199
29.92 0.0184441
29.94 0.0275362
29.96 0.0390133
29.98 0.0520228
30 0.0651956
30.02 0.0769629
30.04 0.0860529
30.06 0.0916901
30.08 0.0933562
30.1 0.0907943
30.12 0.0843653
30.14 0.0750824
30.16 0.0642361
30.18 0.0530257
30.2 0.0424079
30.22 0.0329756
30.24 0.0250155
30.26 0.0188859
30.28 0.0151667
30.3 0.0144459
30.32 0.0171323
30.34 0.0231624
30.36 0.0319276
30.38 0.0426287
30.4 0.054371
30.42 0.0661267
30.44 0.076652
30.46 0.0844914
30.48 0.0884636
30.5 0.0881845
30.52 0.0841502
30.54 0.077258
30.56 0.0682794
30.58 0.0578791
30.6 0.04683
30.62 0.03607
30.64 0.026661
30.66 0.0195879
30.68 0.0154702
30.7 0.014577
30.72 0.016938
30.74 0.0220414
30.76 0.0289149
30.78 0.0368181
30.8 0.0452708
30.82 0.0536924
30.84 0.0616148
30.86 0.0687979
30.88 0.075098
30.9 0.0806787
30.92 0.0860613
30.94 0.0915926
30.96 0.0970617
30.98 0.101944
31 0.105607
31.02 0.107324
31.04 0.106562
31.06 0.103133
31.08 0.0968838
31.1 0.0876576
31.12 0.0757994
31.14 0.0623155
31.16 0.0484089
31.18 0.035033
31.2 0.0228169
31.22 0.0121765
31.24 0.00348783
31.26 -0.00277382
31.28 -0.00623899
31.3 -0.00687889
31.32 -0.0048351
31.34 -0.00018881
31.36 0.0070076
31.38 0.0164921
31.4 0.0278521
31.42 0.0408248
31.44 0.0550655
31.46 0.0698768
31.48 0.0844964
31.5 0.0981403
31.52 0.109825
31.54 0.118648
31.56 0.124077
31.58 0.125832
31.6 0.123805
31.62 0.118137
31.64 0.109088
31.66 0.0968495
31.68 0.0816759
31.7 0.0639999
31.72 0.0444017
31.74 0.0236688
31.76 0.00276488
31.78 -0.0173525
31.8 -0.0358107
31.82 -0.0518932
31.84 -0.0650704
31.86 -0.0747298
31.88 -0.0800775
31.9 -0.0805098
31.92 -0.0758805
31.94 -0.0663846
31.96 -0.0523092
31.98 -0.0339854
32 -0.0119976
32.02 0.0126722
32.04 0.0387201
32.06 0.0647569
32.08 0.0895142
32.1 0.111955
32.12 0.131238
32.14 0.14656
32.16 0.157264
32.18 0.163066
32.2 0.16396
32.22 0.160017
32.24 0.151385
32.26 0.138382
32.28 0.121548
32.3 0.101599
32.32 0.0792778
32.34 0.055268
32.36 0.0303177
32.38 0.00528967
32.4 -0.0190142
32.42 -0.0418431
32.44 -0.0624283
32.46 -0.0800394
32.48 -0.0939594
32.5 -0.103623
32.52 -0.108836
32.54 -0.109539
32.56 -0.105499
32.58 -0.096536
32.6 -0.0828525
32.62 -0.0649076
32.64 -0.0431365
32.66 -0.017957
32.68 0.0100482
32.7 0.0400401
32.72 0.0709375
32.74 0.101475
32.76 0.130207
32.78 0.155661
32.8 0.176753
32.82 0.192875
32.84 0.203812
32.86 0.20972
32.88 0.211052
32.9 0.208508
32.92 0.202832
32.94 0.194503
32.96 0.183746
32.98 0.170748
33 0.155681
33.02 0.138674
33.04 0.119963
33.06 0.100033
33.08 0.0795379
33.1 0.0591105
33.12 0.0392581
33.14 0.0204803
33.16 0.00342199
33.18 -0.0112755
33.2 -0.0230668
33.22 -0.0313654
33.24 -0.03569
33.26 -0.0358529
33.28 -0.0319734
33.3 -0.0245348
33.32 -0.0141578
33.34 -0.00112637
33.36 0.0146039
33.38 0.0328923
33.4 0.053078
33.42 0.0741401
33.44 0.0951406
33.46 0.115436
33.48 0.134396
33.5 0.151191
33.52 0.16502
33.54 0.175247
33.56 0.181465
33.58 0.18372
33.6 0.182377
33.62 0.17771
33.64 0.169817
33.66 0.15872
33.68 0.144426
33.7 0.127107
33.72 0.107336
33.74 0.0859184
33.76 0.0636633
33.78 0.0416058
33.8 0.0211326
33.82 0.0035966
33.84 -0.0100463
33.86 -0.0191478
33.88 -0.0232433
33.9 -0.0220798
33.92 -0.0156094
33.94 -0.00405099
33.96 0.0120706
33.98 0.0321022
34 0.0553386
34.02 0.0808322
34.04 0.107394
34.06 0.133858
34.08 0.159062
34.1 0.181756
34.12 0.200933
34.14 0.215928
34.16 0.226171
34.18 0.231262
34.2 0.2311
34.22 0.225843
34.24 0.215765
34.26 0.2012
34.28 0.182677
34.3 0.161065
34.32 0.137419
34.34 0.112694
34.36 0.0877912
34.38 0.0638854
34.4 0.0423546
34.42 0.024356
34.44 0.0107126
34.46 0.00196312
34.48 -0.0016851
34.5 -0.000441103
34.52 0.00509276
34.54 0.0140895
34.56 0.0256702
34.58 0.0390944
34.6 0.0539153
34.62 0.0699377
34.64 0.0869299
34.66 0.104371
34.68 0.121498
34.7 0.137483
34.72 0.151535
34.74 0.162922
34.76 0.171008
34.78 0.175423
34.8 0.176196
34.82 0.173593
34.84 0.168044
34.86 0.160206
34.88 0.150714
34.9 0.140023
34.92 0.128694
34.94 0.117473
34.96 0.10709
34.98 0.0981453
35 0.090934
35.02 0.0853942
35.04 0.0813901
35.06 0.0788004
35.08 0.0773328
35.1 0.0765699
35.12 0.076172
35.14 0.0757973
35.16 0.0749929
35.18 0.073455
35.2 0.0712572
35.22 0.0688347
35.24 0.0668058
35.26 0.0656821
35.28 0.0657043
35.3 0.066936
35.32 0.0694912
35.34 0.0734445
35.36 0.0785679
35.38 0.084545
35.4 0.0912886
35.42 0.0988573
35.44 0.107292
35.46 0.116444
35.48 0.125889
35.5 0.135085
35.52 0.143369
35.54 0.149961
35.56 0.15424
35.58 0.155741
35.6 0.153935
35.62 0.148415
35.64 0.139247
35.66 0.126987
35.68 0.112428
35.7 0.096349
35.72 0.0795724
35.74 0.0629756
35.76 0.047164
35.78 0.0327196
35.8 0.0207869
35.82 0.012521
35.84 0.00817712
35.86 0.00750488
35.88 0.0103658
35.9 0.0164173
35.92 0.0250256
35.94 0.0360054
35.96 0.0499419
35.98 0.0671698
36 0.0867786
36.02 0.107305
36.04 0.127793
36.06 0.147595
36.08 0.166118
36.1 0.183217
36.12 0.199017
36.14 0.212995
36.16 0.223811
36.18 0.230657
36.2 0.233963
36.22 0.234268
36.24 0.231605
36.26 0.225685
36.28 0.215813
36.3 0.201255
36.32 0.181835
36.34 0.157917
36.36 0.130448
36.38 0.100923
36.4 0.0709919
36.42 0.0424241
36.44 0.0169696
36.46 -0.00442999
36.48 -0.0215571
36.5 -0.0334374
36.52 -0.0380277
36.54 -0.0338496
36.56 -0.0210003
36.58 -0.000507691
36.6 0.0264624
36.62 0.0584986
36.64 0.0934963
36.66 0.129268
36.68 0.164275
36.7 0.196691
36.72 0.223978
36.74 0.244629
36.76 0.259383
36.78 0.269591
36.8 0.2749
36.82 0.273821
36.84 0.266001
36.86 0.252333
36.88 0.233538
36.9 0.209681
36.92 0.18085
36.94 0.147789
36.96 0.112083
36.98 0.076721
37 0.0449816
37.02 0.0183324
37.04 -0.00277107
37.06 -0.0169578
37.08 -0.0226244
37.1 -0.0196818
37.12 -0.00925874
37.14 0.00723781
37.16 0.0281541
37.18 0.0516818
37.2 0.0761716
37.22 0.0997738
37.24 0.119895
37.26 0.134619
37.28 0.144607
37.3 0.151835
37.32 0.157132
37.34 0.159985
37.36 0.159589
37.38 0.15555
37.4 0.148074
37.42 0.137963
37.44 0.12644
37.46 0.114722
37.48 0.104005
37.5 0.0954394
37.52 0.08967
37.54 0.0868256
37.56 0.087305
37.58 0.0920349
37.6 0.101461
37.62 0.114792
37.64 0.130248
37.66 0.145672
37.68 0.159614
37.7 0.171972
37.72 0.182886
37.74 0.191736
37.76 0.197715
37.78 0.200554
37.8 0.200368
37.82 0.196784
37.84 0.188513
37.86 0.174485
37.88 0.154937
37.9 0.131023
37.92 0.104486
37.94 0.0775453
37.96 0.0520001
37.98 0.0288139
38 0.00881032
38.02 -0.00698628
38.04 -0.0177632
38.06 -0.0230797
38.08 -0.0228046
38.1 -0.0171053
38.12 -0.0062457
38.14 0.00928059
38.16 0.028722
38.18 0.0515285
38.2 0.0773997
38.22 0.106102
38.24 0.137124
38.26 0.169129
38.28 0.200007
38.3 0.227523
38.32 0.249989
38.34 0.266667
38.36 0.277506
38.38 0.282461
38.4 0.281493
38.42 0.275077
38.44 0.264291
38.46 0.250497
38.48 0.234733
38.5 0.217326
38.52 0.19818
38.54 0.177248
38.56 0.154789
38.58 0.131273
38.6 0.107084
38.62 0.0825852
38.64 0.0584072
38.66 0.0354907
38.68 0.0149379
38.7 -0.00223056
38.72 -0.0152312
38.74 -0.0233397
38.76 -0.0257715
38.78 -0.0219277
38.8 -0.0116784
38.82 0.00454029
38.84 0.0257206
38.86 0.0503532
38.88 0.0767603
38.9 0.103519
38.92 0.129459
38.94 0.153498
38.96 0.17483
38.98 0.193214
39 0.208911
39.02 0.222394
39.04 0.23416
39.06 0.244684
39.08 0.254429
39.1 0.263751
39.12 0.272564
39.14 0.27998
39.16 0.284473
39.18 0.284589
39.2 0.279517
39.22 0.269157
39.24 0.253867
39.26 0.234281
39.28 0.211299
39.3 0.18602
39.32 0.159533
39.34 0.132815
39.36 0.106673
39.38 0.0816651
39.4 0.0582965
39.42 0.0373262
39.44 0.0196112
39.46 0.00574301
39.48 -0.00390981
39.5 -0.00892824
39.52 -0.00875485
39.54 -0.00293496
39.56 0.00854735
39.58 0.0252006
39.6 0.0463138
39.62 0.0713644
39.64 0.100027
39.66 0.131816
39.68 0.165877
39.7 0.201122
39.72 0.236362
39.74 0.270188
39.76 0.301011
39.78 0.327423
39.8 0.348334
39.82 0.362897
39.84 0.370607
39.86 0.37126
39.88 0.364827
39.9 0.351521
39.92 0.331919
39.94 0.307047
39.96 0.278265
39.98 0.246876
40 0.213956
40.02 0.180536
40.04 0.147717
40.06 0.116576
40.08 0.0879801
40.1 0.0626556
40.12 0.0415053
40.14 0.0254435
40.16 0.0150208
40.18 0.0105264
40.2 0.0120685
40.22 0.0193452
40.24 0.0317046
40.26 0.0483282
40.28 0.0682295
40.3 0.0903737
40.32 0.113838
40.34 0.137811
40.36 0.161564
40.38 0.184425
40.4 0.20587
40.42 0.225723
40.44 0.244046
40.46 0.260882
40.48 0.276151
40.5 0.28959
40.52 0.300784
40.54 0.309114
40.56 0.313728
40.58 0.314055
40.6 0.31016
40.62 0.302319
40.64 0.290609
40.66 0.274816
40.68 0.254702
40.7 0.230527
40.72 0.203124
40.74 0.173542
40.76 0.142751
40.78 0.111578
40.8 0.0809438
40.82 0.0522359
40.84 0.0272056
40.86 0.00748283
40.88 -0.00576929
40.9 -0.0121079
40.92 -0.0116209
40.94 -0.00438018
40.96 0.00954754
40.98 0.0297871
41 0.0557175
41.02 0.0864483
41.04 0.120643
41.06 0.156804
41.08 0.193541
41.1 0.229555
41.12 0.263716
41.14 0.295014
41.16 0.322413
41.18 0.344863
41.2 0.361375
41.22 0.37116
41.24 0.373766
41.26 0.369177
41.28 0.357683
41.3 0.339763
41.32 0.316242
41.34 0.288323
41.36 0.257381
41.38 0.224877
41.4 0.192276
41.42 0.160981
41.44 0.132409
41.46 0.107924
41.48 0.0886199
41.5 0.0751658
41.52 0.0678692
41.54 0.0668491
41.56 0.0721132
41.58 0.0834061
41.6 0.0999919
41.62 0.12074
41.64 0.144406
41.66 0.169795
41.68 0.195823
41.7 0.221468
41.72 0.245628
41.74 0.267078
41.76 0.284673
41.78 0.297631
41.8 0.305526
41.82 0.308268
41.84 0.306247
41.86 0.300237
41.88 0.291101
41.9 0.279653
41.92 0.266744
41.94 0.25325
41.96 0.239987
41.98 0.227628
42 0.216598
42.02 0.207024
42.04 0.198798
42.06 0.191671
42.08 0.185411
42.1 0.179988
42.12 0.175623
42.14 0.172654
42.16 0.171391
42.18 0.171961
42.2 0.174247
42.22 0.178024
42.24 0.183024
42.26 0.188909
42.28 0.195233
42.3 0.201452
42.32 0.207
42.34 0.211469
42.36 0.214817
42.38 0.217232
42.4 0.218913
42.42 0.220161
42.44 0.221312
42.46 0.222539
42.48 0.223899
42.5 0.225368
42.52 0.226902
42.54 0.228543
42.56 0.230359
42.58 0.23234
42.6 0.234388
42.62 0.236407
42.64 0.238319
42.66 0.239977
42.68 0.241193
42.7 0.241844
42.72 0.241915
42.74 0.241416
42.76 0.240222
42.78 0.238084
42.8 0.234924
42.82 0.230888
42.84 0.226029
42.86 0.220236
42.88 0.213433
42.9 0.205681
42.92 0.197241
42.94 0.188515
42.96 0.17983
42.98 0.171404
43 0.163565
43.02 0.156893
43.04 0.152087
43.06 0.149727
43.08 0.150117
43.1 0.153333
43.12 0.159393
43.14 0.168245
43.16 0.179688
43.18 0.19337
43.2 0.208724
43.22 0.224979
43.24 0.241294
43.26 0.256805
43.28 0.270648
43.3 0.282025
43.32 0.290203
43.34 0.294582
43.36 0.294763
43.38 0.290577
43.4 0.282163
43.42 0.270064
43.44 0.255212
43.46 0.238707
43.48 0.221663
43.5 0.205163
43.52 0.190174
43.54 0.177447
43.56 0.167458
43.58 0.160423
43.6 0.156315
43.62 0.15495
43.64 0.156125
43.66 0.159664
43.68 0.165357
43.7 0.172857
43.72 0.181709
43.74 0.191507
43.76 0.201876
43.78 0.212405
43.8 0.22279
43.82 0.232839
43.84 0.242322
43.86 0.250879
43.88 0.258027
43.9 0.263325
43.92 0.266517
43.94 0.267464
43.96 0.26602
43.98 0.262138
44 0.255992
44.02 0.247951
44.04 0.238516
44.06 0.228264
44.08 0.21773
44.1 0.207336
44.12 0.197483
44.14 0.188575
44.16 0.180963
44.18 0.174855
44.2 0.170304
44.22 0.167275
44.24 0.165716
44.26 0.165586
44.28 0.166787
44.3 0.169173
44.32 0.172651
44.34 0.177262
44.36 0.183056
44.38 0.189967
44.4 0.197923
44.42 0.206919
44.44 0.216905
44.46 0.227783
44.48 0.239327
44.5 0.251002
44.52 0.262062
44.54 0.271772
44.56 0.279492
44.58 0.284685
44.6 0.286942
44.62 0.28602
44.64 0.281915
44.66 0.274877
44.68 0.26531
44.7 0.253683
44.72 0.240592
44.74 0.226741
44.76 0.212841
44.78 0.199571
44.8 0.187479
44.82 0.176943
44.84 0.168313
44.86 0.161985
44.88 0.158335
44.9 0.157571
44.92 0.159675
44.94 0.164471
44.96 0.171691
44.98 0.180958
45 0.191766
45.02 0.203542
45.04 0.215764
45.06 0.228036
45.08 0.240028
45.1 0.25134
45.12 0.261552
45.14 0.27032
45.16 0.277335
45.18 0.282302
45.2 0.284969
45.22 0.285243
45.24 0.283305
45.26 0.279566
45.28 0.274507
45.3 0.268489
45.32 0.261766
45.34 0.254611
45.36 0.247177
45.38 0.239431
45.4 0.231324
45.42 0.22295
45.44 0.214701
45.46 0.206988
45.48 0.200004
45.5 0.193893
45.52 0.18884
45.54 0.185005
45.56 0.182472
45.58 0.181286
45.6 0.181508
45.62 0.183211
45.64 0.18641
45.66 0.19093
45.68 0.196449
45.7 0.202693
45.72 0.20949
45.74 0.216659
45.76 0.223872
45.78 0.230723
45.8 0.236981
45.82 0.242634
45.84 0.247706
45.86 0.252172
45.88 0.256022
45.9 0.259284
45.92 0.262009
45.94 0.264278
45.96 0.266092
45.98 0.267201
46 0.26714
46.02 0.265604
46.04 0.262587
46.06 0.258208
46.08 0.25259
46.1 0.245757
46.12 0.237721
46.14 0.228663
46.16 0.21885
46.18 0.208695
46.2 0.198897
46.22 0.19016
46.24 0.182874
46.26 0.177299
46.28 0.173815
46.3 0.172684
46.32 0.173928
46.34 0.17752
46.36 0.183342
46.38 0.191154
46.4 0.200661
46.42 0.211451
46.44 0.223043
46.46 0.235004
46.48 0.246861
46.5 0.258038
46.52 0.268008
46.54 0.27634
46.56 0.282701
46.58 0.286876
46.6 0.288728
46.62 0.288177
46.64 0.285239
46.66 0.280026
46.68 0.27271
46.7 0.263495
46.72 0.25269
46.74 0.240784
46.76 0.228336
46.78 0.215935
46.8 0.204215
46.82 0.193786
46.84 0.185196
46.86 0.178719
46.88 0.174303
46.9 0.171875
46.92 0.171425
46.94 0.173036
46.96 0.176849
46.98 0.182831
47 0.190702
47.02 0.200035
47.04 0.210411
47.06 0.22147
47.08 0.232694
47.1 0.243436
47.12 0.25333
47.14 0.262209
47.16 0.269727
47.18 0.275418
47.2 0.278946
47.22 0.280226
47.24 0.279386
47.26 0.276594
47.28 0.272089
47.3 0.2663
47.32 0.259797
47.34 0.253214
47.36 0.247177
47.38 0.242102
47.4 0.238021
47.42 0.23455
47.44 0.231087
47.46 0.227289
47.48 0.223335
47.5 0.219594
47.52 0.216246
47.54 0.213413
47.56 0.211414
47.58 0.210527
47.6 0.21074
47.62 0.211866
47.64 0.213682
47.66 0.215909
47.68 0.218239
47.7 0.220466
47.72 0.222533
47.74 0.224552
47.76 0.226728
47.78 0.229189
47.8 0.231935
47.82 0.234883
47.84 0.237862
47.86 0.240603
47.88 0.242815
47.9 0.244251
47.92 0.244842
47.94 0.244627
47.96 0.243592
47.98 0.241748
48 0.239262
48.02 0.236435
48.04 0.233593
48.06 0.230915
48.08 0.228323
48.1 0.225618
48.12 0.222824
48.14 0.220336
48.16 0.218463
48.18 0.217124
48.2 0.216163
48.22 0.215546
48.24 0.215282
48.26 0.215465
48.28 0.216201
48.3 0.217573
48.32 0.219803
48.34 0.223079
48.36 0.227313
48.38 0.232278
48.4 0.237753
48.42 0.243522
48.44 0.249354
48.46 0.254995
48.48 0.260135
48.5 0.264363
48.52 0.267294
48.54 0.268612
48.56 0.268015
48.58 0.26536
48.6 0.260738
48.62 0.254363
48.64 0.246489
48.66 0.237478
48.68 0.227962
48.7 0.218678
48.72 0.210197
48.74 0.202888
48.76 0.197055
48.78 0.193018
48.8 0.190968
48.82 0.190915
48.84 0.192819
48.86 0.196591
48.88 0.202071
48.9 0.209021
48.92 0.217128
48.94 0.226035
48.96 0.235361
48.98 0.24473
49 0.253765
49.02 0.262101
49.04 0.269419
49.06 0.275464
49.08 0.280031
49.1 0.282946
49.12 0.284172
49.14 0.283845
49.16 0.28213
49.18 0.279112
49.2 0.274768
49.22 0.269143
49.24 0.262439
49.26 0.25479
49.28 0.24626
49.3 0.237036
49.32 0.227438
49.34 0.217868
49.36 0.208779
49.38 0.200553
49.4 0.193507
49.42 0.18799
49.44 0.184307
49.46 0.182647
49.48 0.1831
49.5 0.185631
49.52 0.190042
49.54 0.196001
49.56 0.203194
49.58 0.211348
49.6 0.220057
49.62 0.228757
49.64 0.236827
49.66 0.243672
49.68 0.24887
49.7 0.252197
49.72 0.253578
49.74 0.253127
49.76 0.25114
49.78 0.248029
49.8 0.24417
49.82 0.239769
49.84 0.234967
49.86 0.230046
49.88 0.225439
49.9 0.22153
49.92 0.218512
49.94 0.216443
49.96 0.215288
49.98 0.214928
50 0.215225
50.02 0.216041
50.04 0.217247
50.06 0.218847
50.08 0.220968
50.1 0.223625
50.12 0.226644
50.14 0.229771
50.16 0.23276
50.18 0.235479
50.2 0.237928
50.22 0.240044
50.24 0.241638
50.26 0.242609
50.28 0.242998
50.3 0.242879
50.32 0.242362
50.34 0.241632
50.36 0.240814
50.38 0.23993
50.4 0.239014
50.42 0.238151
50.44 0.237451
50.46 0.237029
50.48 0.23691
50.5 0.236965
50.52 0.237023
50.54 0.237012
50.56 0.236994
50.58 0.237091
50.6 0.237395
50.62 0.237971
50.64 0.238802
50.66 0.239764
50.68 0.240737
50.7 0.241672
50.72 0.242538
50.74 0.243276
50.76 0.243789
50.78 0.243969
50.8 0.243763
50.82 0.243112
50.84 0.241844
50.86 0.239799
50.88 0.236976
50.9 0.233459
50.92 0.229369
50.94 0.224903
50.96 0.220244
50.98 0.215504
51 0.21084
51.02 0.206514
51.04 0.202789
51.06 0.199888
51.08 0.198028
51.1 0.197362
51.12 0.197963
51.14 0.199831
51.16 0.202834
51.18 0.206758
51.2 0.211456
51.22 0.216826
51.24 0.22272
51.26 0.229006
51.28 0.235659
51.3 0.242712
51.32 0.250213
51.34 0.257963
51.36 0.265111
51.38 0.270356
51.4 0.272624
51.42 0.271619
51.44 0.268071
51.46 0.263312
51.48 0.258305
51.5 0.253267
51.52 0.248262
51.54 0.243526
51.56 0.239204
51.58 0.235301
51.6 0.231689
51.62 0.228162
51.64 0.224777
51.66 0.221958
51.68 0.220225
51.7 0.219895
51.72 0.22102
51.74 0.223448
51.76 0.226899
51.78 0.231004
51.8 0.235256
51.82 0.239081
51.84 0.242124
51.86 0.244407
51.88 0.246093
51.9 0.247263
51.92 0.247923
51.94 0.248118
51.96 0.247974
51.98 0.247666
52 0.247341
52.02 0.247031
52.04 0.246611
52.06 0.245866
52.08 0.244607
52.1 0.242798
52.12 0.240555
52.14 0.23795
52.16 0.234997
52.18 0.231868
52.2 0.228934
52.22 0.226642
52.24 0.225334
52.26 0.225141
52.28 0.226009
52.3 0.22778
52.32 0.230255
52.34 0.233181
52.36 0.23623
52.38 0.239107
52.4 0.241617
52.42 0.24363
52.44 0.245075
52.46 0.246031
52.48 0.246683
52.5 0.247139
52.52 0.247363
52.54 0.247218
52.56 0.246544
52.58 0.245206
52.6 0.243088
52.62 0.24019
52.64 0.236607
52.66 0.23248
52.68 0.227999
52.7 0.223436
52.72 0.219148
52.74 0.215409
52.76 0.212335
52.78 0.209982
52.8 0.208386
52.82 0.207582
52.84 0.207613
52.86 0.208485
52.88 0.210119
52.9 0.212442
52.92 0.215485
52.94 0.21927
52.96 0.223637
52.98 0.228347
53 0.23324
53.02 0.238225
53.04 0.24321
53.06 0.248068
53.08 0.252678
53.1 0.256954
53.12 0.260834
53.14 0.264198
53.16 0.26691
53.18 0.268916
53.2 0.270115
53.22 0.270345
53.24 0.26949
53.26 0.267487
53.28 0.26431
53.3 0.259967
53.32 0.254507
53.34 0.248008
53.36 0.240646
53.38 0.232749
53.4 0.224684
53.42 0.21681
53.44 0.209529
53.46 0.203195
53.48 0.198055
53.5 0.194302
53.52 0.192133
53.54 0.191719
53.56 0.193137
53.58 0.196341
53.6 0.201164
53.62 0.207314
53.64 0.214415
53.66 0.222106
53.68 0.230068
53.7 0.237979
53.72 0.245586
53.74 0.252737
53.76 0.259291
53.78 0.265105
53.8 0.270047
53.82 0.27395
53.84 0.276669
53.86 0.278155
53.88 0.278343
53.9 0.277101
53.92 0.274385
53.94 0.270312
53.96 0.265074
53.98 0.258901
54 0.252035
54.02 0.24472
54.04 0.237237
54.06 0.229933
54.08 0.223176
54.1 0.217276
54.12 0.212506
54.14 0.209095
54.16 0.207121
54.18 0.206585
54.2 0.20741
54.22 0.209342
54.24 0.212087
54.26 0.215437
54.28 0.219211
54.3 0.223278
54.32 0.22756
54.34 0.231936
54.36 0.236245
54.38 0.240302
54.4 0.24393
54.42 0.247017
54.44 0.249564
54.46 0.251652
54.48 0.253356
54.5 0.254699
54.52 0.255688
54.54 0.256327
54.56 0.256571
54.58 0.256326
54.6 0.255518
54.62 0.254176
54.64 0.252393
54.66 0.250245
54.68 0.247728
54.7 0.244751
54.72 0.241267
54.74 0.237318
54.76 0.232957
54.78 0.228283
54.8 0.223464
54.82 0.218687
54.84 0.214222
54.86 0.210449
54.88 0.20774
54.9 0.206427
54.92 0.206736
54.94 0.20872
54.96 0.212358
54.98 0.217584
55 0.224165
55.02 0.231709
55.04 0.239781
55.06 0.247963
55.08 0.255849
55.1 0.263064
55.12 0.269336
55.14 0.274434
55.16 0.278136
55.18 0.2803
55.2 0.280891
55.22 0.279988
55.24 0.277741
55.26 0.274322
55.28 0.269905
55.3 0.264641
55.32 0.25871
55.34 0.252376
55.36 0.245863
55.38 0.239282
55.4 0.232775
55.42 0.226565
55.44 0.220855
55.46 0.215826
55.48 0.211654
55.5 0.208411
55.52 0.206101
55.54 0.204772
55.56 0.204507
55.58 0.205404
55.6 0.207508
55.62 0.210806
55.64 0.215218
55.66 0.220479
55.68 0.226245
55.7 0.232283
55.72 0.238455
55.74 0.244625
55.76 0.2506
55.78 0.256143
55.8 0.261048
55.82 0.265197
55.84 0.26849
55.86 0.270841
55.88 0.272314
55.9 0.273132
55.92 0.273377
55.94 0.272594
55.96 0.270001
55.98 0.265186
56 0.258282
56.02 0.249892
56.04 0.240847
56.06 0.23175
56.08 0.223059
56.1 0.215356
56.12 0.20927
56.14 0.205262
56.16 0.203354
56.18 0.203271
56.2 0.204697
56.22 0.207326
56.24 0.21097
56.26 0.215548
56.28 0.220969
56.3 0.227174
56.32 0.234135
56.34 0.241713
56.36 0.249656
56.38 0.257605
56.4 0.265103
56.42 0.271715
56.44 0.27719
56.46 0.281521
56.48 0.284759
56.5 0.286812
56.52 0.28753
56.54 0.286848
56.56 0.284799
56.58 0.28146
56.6 0.276826
56.62 0.270843
56.64 0.263568
56.66 0.255246
56.68 0.24629
56.7 0.23712
56.72 0.228067
56.74 0.219462
56.76 0.211674
56.78 0.205064
56.8 0.199937
56.82 0.196541
56.84 0.195043
56.86 0.195493
56.88 0.197928
56.9 0.202232
56.92 0.208064
56.94 0.215041
56.96 0.222732
56.98 0.230633
57 0.238308
57.02 0.245458
57.04 0.251821
57.06 0.257105
57.08 0.261129
57.1 0.263969
57.12 0.265789
57.14 0.266598
57.16 0.266321
57.18 0.264934
57.2 0.262533
57.22 0.259306
57.24 0.255394
57.26 0.250859
57.28 0.245797
57.3 0.240447
57.32 0.235146
57.34 0.230172
57.36 0.225717
57.38 0.222008
57.4 0.219301
57.42 0.217785
57.44 0.217546
57.46 0.218526
57.48 0.220545
57.5 0.223434
57.52 0.227109
57.54 0.231475
57.56 0.236317
57.58 0.241373
57.6 0.246436
57.62 0.251371
57.64 0.256057
57.66 0.260322
57.68 0.263963
57.7 0.266788
57.72 0.268641
57.74 0.269424
57.76 0.269089
57.78 0.267631
57.8 0.265077
57.82 0.261521
57.84 0.257145
57.86 0.252178
57.88 0.246849
57.9 0.241351
57.92 0.235882
57.94 0.230685
57.96 0.226006
57.98 0.222033
58 0.218902
58.02 0.216724
58.04 0.215564
58.06 0.215454
58.08 0.216415
58.1 0.21843
58.12 0.221424
58.14 0.225279
58.16 0.229843
58.18 0.23494
58.2 0.240373
58.22 0.245934
58.24 0.251405
58.26 0.25657
58.28 0.261217
58.3 0.265162
58.32 0.268253
58.34 0.270375
58.36 0.271448
58.38 0.271434
58.4 0.270341
58.42 0.268223
58.44 0.26517
58.46 0.261307
58.48 0.256788
58.5 0.251793
58.52 0.246525
58.54 0.241202
58.56 0.236034
58.58 0.231228
58.6 0.226977
58.62 0.22345
58.64 0.220787
58.66 0.219091
58.68 0.21843
58.7 0.218832
58.72 0.220279
58.74 0.222709
58.76 0.226023
58.78 0.230087
58.8 0.234735
58.82 0.239778
58.84 0.245013
58.86 0.250229
58.88 0.255219
58.9 0.259787
58.92 0.263753
58.94 0.266964
58.96 0.269297
58.98 0.27066
59 0.271003
59.02 0.270312
59.04 0.268616
59.06 0.265986
59.08 0.26253
59.1 0.25839
59.12 0.253736
59.14 0.248756
59.16 0.243655
59.18 0.238637
59.2 0.233905
59.22 0.229648
59.24 0.226034
59.26 0.223208
59.28 0.22128
59.3 0.220326
59.32 0.220384
59.34 0.221451
59.36 0.223483
59.38 0.226397
59.4 0.230074
59.42 0.234364
59.44 0.239092
59.46 0.244068
59.48 0.249091
59.5 0.253961
59.52 0.258486
59.54 0.262487
59.56 0.265808
59.58 0.26832
59.6 0.269927
59.62 0.270567
59.64 0.270216
59.66 0.268888
59.68 0.266639
59.7 0.263562
59.72 0.259782
59.74 0.255456
59.76 0.250759
59.78 0.245883
59.8 0.241026
59.82 0.236384
59.84 0.232142
59.86 0.22847
59.88 0.225514
59.9 0.223391
59.92 0.222185
59.94 0.221943
59.96 0.222674
59.98 0.224328
