0.02 9.21362e-07
0.04 2.61003e-06
0.06 2.85669e-06
0.08 1.30661e-06
0.1 3.74007e-07
0.12 1.39839e-06
0.14 2.70279e-06
0.16 2.33681e-06
0.18 1.05276e-06
0.2 9.89485e-07
0.22 2.32342e-06
0.24 3.1352e-06
0.26 2.4866e-06
0.28 1.79834e-06
0.3 2.49299e-06
0.32 3.63391e-06
0.34 3.779e-06
0.36 3.47336e-06
0.38 3.35138e-06
0.4 1.75921e-06
0.42 -2.22566e-06
0.44 -2.03275e-06
0.46 6.17727e-06
0.48 9.7552e-06
0.5 3.53659e-07
0.52 -9.2349e-06
0.54 -6.72518e-06
0.56 -1.98247e-06
0.58 -9.73721e-06
0.6 -1.79096e-05
0.62 -8.15677e-06
0.64 3.2254e-06
0.66 -3.96248e-06
0.68 -2.45836e-05
0.7 -3.59784e-05
0.72 -8.27296e-06
0.74 3.13407e-05
0.76 2.23254e-05
0.78 -1.1997e-05
0.8 3.26712e-06
0.82 6.57471e-05
0.84 9.25876e-05
0.86 4.48592e-05
0.88 -1.21541e-05
0.9 -7.70701e-06
0.92 3.62446e-05
0.94 4.07125e-05
0.96 -2.20231e-05
0.98 -7.91018e-05
1 -5.44171e-05
1.02 1.89673e-05
1.04 3.83376e-05
1.06 -2.87443e-05
1.08 -9.62735e-05
1.1 -7.83857e-05
1.12 -3.24826e-06
1.14 3.90849e-05
1.16 3.12078e-06
1.18 -7.35595e-05
1.2 -7.98975e-05
1.22 1.74526e-05
1.24 7.30338e-05
1.26 -9.96054e-06
1.28 -0.000114331
1.3 -0.000100971
1.32 1.16179e-05
1.34 0.00010044
1.36 7.22121e-05
1.38 -3.03724e-05
1.4 -6.86279e-05
1.42 2.66901e-06
1.44 5.93771e-05
1.46 -2.39657e-05
1.48 -0.000178287
1.5 -0.00021391
1.52 -9.35621e-05
1.54 5.05587e-06
1.56 -5.34776e-05
1.58 -0.000164661
1.6 -0.000136539
1.62 1.46052e-05
1.64 8.17148e-05
1.66 -1.41883e-05
1.68 -0.000115039
1.7 -7.36727e-05
1.72 3.06353e-05
1.74 2.06295e-05
1.76 -8.62339e-05
1.78 -0.000106268
1.8 -1.69518e-05
1.82 1.15251e-05
1.84 -8.62567e-05
1.86 -0.000159537
1.88 -5.72134e-05
1.9 0.000104124
1.92 5.92742e-05
1.94 -0.000165678
1.96 -0.00023705
1.98 -4.48648e-05
2 8.74405e-05
2.02 -8.45319e-05
2.04 -0.000319392
2.06 -0.000267581
2.08 -2.66344e-05
2.1 1.70838e-05
2.12 -0.000186939
2.14 -0.000282523
2.16 -9.8898e-05
2.18 9.88354e-05
2.2 4.97681e-05
2.22 -0.000143214
2.24 -0.00019226
2.26 -3.62502e-05
2.28 5.01867e-05
2.3 -0.000109352
2.32 -0.0002831
2.34 -0.000211949
2.36 -2.17156e-06
2.38 4.68286e-05
2.4 -0.000150949
2.42 -0.000319767
2.44 -0.000199281
2.46 3.79271e-05
2.48 5.22862e-05
2.5 -0.000119765
2.52 -0.000155241
2.54 1.19321e-05
2.56 0.00012796
2.58 8.20542e-05
2.6 6.58907e-05
2.62 0.000210253
2.64 0.000357644
2.66 0.000335784
2.68 0.000253278
2.7 0.000324484
2.72 0.000518464
2.74 0.000623633
2.76 0.000580464
2.78 0.000523461
2.8 0.00056599
2.82 0.000675081
2.84 0.000725732
2.86 0.00067664
2.88 0.000600479
2.9 0.000558718
2.92 0.000579591
2.94 0.000620692
2.96 0.000585558
2.98 0.000503477
3 0.000507078
3.02 0.000503938
3.04 0.000304825
3.06 8.69149e-05
3.08 8.46637e-05
3.1 0.00013625
3.12 2.03718e-06
3.14 -0.000251222
3.16 -0.000400925
3.18 -0.00040382
3.2 -0.000421717
3.22 -0.000557877
3.24 -0.000711917
3.26 -0.000734895
3.28 -0.000658124
3.3 -0.000609414
3.32 -0.000622469
3.34 -0.000619765
3.36 -0.000470033
3.38 -0.000215731
3.4 -9.4938e-05
3.42 -0.00015572
3.44 -0.000104652
3.46 0.000262386
3.48 0.000629251
3.5 0.000575265
3.52 0.000286452
3.54 0.000286094
3.56 0.000599719
3.58 0.000764966
3.6 0.000598149
3.62 0.000455927
3.64 0.000537108
3.66 0.000431934
3.68 1.27716e-05
3.7 -0.000161999
3.72 3.74069e-05
3.74 5.09183e-05
3.76 -0.00031606
3.78 -0.000573103
3.8 -0.000390471
3.82 -0.000145782
3.84 -0.000272136
3.86 -0.000582677
3.88 -0.000657205
3.9 -0.000465925
3.92 -0.000362654
3.94 -0.000545504
3.96 -0.000768578
3.98 -0.000665539
4 -0.000234456
4.02 1.71499e-05
4.04 -0.000233368
4.06 -0.000497242
4.08 -0.000221073
4.1 0.000279015
4.12 0.000346499
4.14 4.14197e-05
4.16 -2.78376e-05
4.18 0.000233892
4.2 0.000238006
4.22 -0.000200214
4.24 -0.00047739
4.26 -0.000253831
4.28 1.9173e-05
4.3 -0.000105631
4.32 -0.000292574
4.34 4.86243e-06
4.36 0.000436404
4.38 0.000295993
4.4 -0.000220424
4.42 -0.00036454
4.44 -1.5726e-05
4.46 0.00026942
4.48 0.000195223
4.5 -6.69245e-05
4.52 -0.000278116
4.54 -0.000234293
4.56 -1.8467e-06
4.58 8.93767e-05
4.6 -7.67795e-05
4.62 -0.000236515
4.64 -7.29671e-05
4.66 0.000283163
4.68 0.000350147
4.7 8.80631e-05
4.72 -1.39845e-06
4.74 0.000285082
4.76 0.000542937
4.78 0.000349605
4.8 -0.000123937
4.82 -0.000236556
4.84 0.000181743
4.86 0.000474952
4.88 0.000179863
4.9 -0.000242516
4.92 -0.000187846
4.94 0.000138616
4.96 0.000149288
4.98 -0.000191712
5 -0.000438136
5.02 -0.000370459
5.04 -0.000251136
5.06 -0.000294988
5.08 -0.000215974
5.1 0.00012797
5.12 0.000275162
5.14 1.08477e-05
5.16 -0.000202753
5.18 2.2191e-06
5.2 0.00034652
5.22 0.000376625
5.24 6.28837e-05
5.26 -0.000292504
5.28 -0.000329559
5.3 1.28246e-05
5.32 0.000324406
5.34 0.000268018
5.36 1.65536e-05
5.38 -5.6049e-05
5.4 9.98182e-05
5.42 0.000199964
5.44 0.000133639
5.46 9.87651e-05
5.48 0.000187523
5.5 0.000251016
5.52 0.000187611
5.54 8.392e-05
5.56 4.44429e-05
5.58 5.70428e-05
5.6 5.6241e-05
5.62 1.55659e-05
5.64 2.64512e-06
5.66 7.01972e-05
5.68 9.64166e-05
5.7 -1.3513e-06
5.72 -7.86195e-05
5.74 -2.69405e-05
5.76 4.45527e-05
5.78 -7.51611e-06
5.8 -0.00013023
5.82 -0.000125941
5.84 1.0119e-05
5.86 3.68552e-05
5.88 -0.000123554
5.9 -0.000257367
5.92 -0.000169964
5.94 8.30969e-05
5.96 0.000226034
5.98 0.000132856
6 4.75495e-05
6.02 0.000149668
6.04 0.000274496
6.06 0.000268224
6.08 0.000169487
6.1 7.64211e-05
6.12 0.000107584
6.14 0.000251375
6.16 0.000306406
6.18 0.000104862
6.2 -0.000232489
6.22 -0.000334642
6.24 -0.000147674
6.26 -8.68206e-05
6.28 -0.000331409
6.3 -0.000492612
6.32 -0.000240724
6.34 9.96357e-05
6.36 4.20878e-05
6.38 -0.000260114
6.4 -0.000294971
6.42 -5.67802e-06
6.44 0.00018016
6.46 1.22444e-05
6.48 -0.000271318
6.5 -0.000346385
6.52 -0.000223939
6.54 -0.000183749
6.56 -0.000310635
6.58 -0.000311011
6.6 -0.000101951
6.62 -1.91992e-05
6.64 -0.000136631
6.66 -0.000108145
6.68 0.000154597
6.7 0.000281232
6.72 2.1997e-05
6.74 -0.000352582
6.76 -0.000372195
6.78 -2.16437e-05
6.8 0.000206154
6.82 1.24478e-05
6.84 -0.000264449
6.86 -0.000163658
6.88 0.000160688
6.9 0.000180478
6.92 -0.000171636
6.94 -0.000396877
6.96 -0.000166403
6.98 0.000205056
7 0.000224774
7.02 -8.30776e-05
7.04 -0.000239293
7.06 -1.30746e-05
7.08 0.000248055
7.1 0.000183479
7.12 -3.67529e-05
7.14 -4.43067e-05
7.16 0.000164443
7.18 0.000278978
7.2 0.000160383
7.22 2.73136e-05
7.24 9.86247e-05
7.26 0.000234143
7.28 0.000136443
7.3 -0.000117441
7.32 -0.000131057
7.34 0.000147993
7.36 0.000302449
7.38 0.000105174
7.4 -0.000126713
7.42 -5.72223e-05
7.44 0.000157933
7.46 0.000156232
7.48 -8.49627e-05
7.5 -0.000218739
7.52 -5.45887e-05
7.54 0.000121486
7.56 9.6588e-06
7.58 -0.00019368
7.6 -0.000111753
7.62 0.000190854
7.64 0.00030103
7.66 0.000127702
7.68 9.82237e-07
7.7 9.18804e-05
7.72 0.000187074
7.74 9.42511e-05
7.76 -1.60421e-05
7.78 8.54342e-05
7.8 0.000256042
7.82 0.000221964
7.84 7.71381e-06
7.86 -0.000143107
7.88 -8.77375e-05
7.9 5.50076e-05
7.92 5.72459e-05
7.94 -8.15383e-05
7.96 -0.000134717
7.98 -2.6196e-05
8 6.5004e-05
8.02 2.40759e-05
8.04 -3.48844e-05
8.06 3.11811e-06
8.08 7.37201e-05
8.1 7.07056e-05
8.12 1.3472e-05
8.14 -7.02078e-06
8.16 3.28346e-05
8.18 8.34e-05
8.2 0.000111603
8.22 0.000105322
8.24 6.28739e-06
8.26 -0.000151021
8.28 -0.000158859
8.3 2.44364e-05
8.32 0.000159376
8.34 9.31663e-05
8.36 -5.28454e-05
8.38 -7.53966e-05
8.4 5.19407e-05
8.42 0.00015161
8.44 7.30589e-05
8.46 -0.000125992
8.48 -0.000208314
8.5 -4.09078e-05
8.52 0.00015696
8.54 0.000113754
8.56 -5.87731e-05
8.58 -5.15771e-05
8.6 0.000160896
8.62 0.000283615
8.64 0.000116295
8.66 -9.83912e-05
8.68 1.31527e-06
8.7 0.000282918
8.72 0.00031293
8.74 4.89942e-05
8.76 -0.000118263
8.78 2.86638e-05
8.8 0.000218876
8.82 0.000115885
8.84 -0.000171336
8.86 -0.000281581
8.88 -0.000104921
8.9 0.000115983
8.92 8.57167e-05
8.94 -0.000107139
8.96 -0.000119713
8.98 4.71152e-05
9 9.68894e-05
9.02 -4.92724e-05
9.04 -0.000177534
9.06 -0.000101066
9.08 9.21703e-05
9.1 0.000119123
9.12 -9.30588e-05
9.14 -0.00023741
9.16 -0.000109426
9.18 4.0014e-05
9.2 -5.98673e-05
9.22 -0.000257291
9.24 -0.000239972
9.26 -2.04831e-05
9.28 9.23977e-05
9.3 -1.78278e-05
9.32 -0.000113593
9.34 -5.16814e-06
9.36 0.000164309
9.38 0.000139855
9.4 -6.57152e-05
9.42 -0.000162654
9.44 1.03705e-07
9.46 0.000186247
9.48 9.21864e-05
9.5 -0.000181461
9.52 -0.000238662
9.54 -2.80877e-06
9.56 0.000138088
9.58 -3.3527e-06
9.6 -8.88368e-05
9.62 7.73816e-05
9.64 0.000166055
9.66 -5.65944e-05
9.68 -0.000292631
9.7 -0.000214898
9.72 3.50601e-05
9.74 0.000132832
9.76 -3.30507e-05
9.78 -0.000284306
9.8 -0.000285842
9.82 -2.0507e-05
9.84 0.000126629
9.86 1.11173e-05
9.88 -8.54856e-05
9.9 3.06757e-05
9.92 0.00018152
9.94 9.7471e-05
9.96 -0.000130043
9.98 -0.000133607
10 0.000132926
10.02 0.000284248
10.04 0.000108066
10.06 -0.000110134
10.08 -6.6088e-05
10.1 0.000100578
10.12 7.76366e-05
10.14 -0.000138228
10.16 -0.000245633
10.18 -8.07055e-05
10.2 0.000110226
10.22 3.11761e-05
10.24 -0.000197227
10.26 -0.00023023
10.28 -2.72513e-05
10.3 0.000115315
10.32 2.90625e-05
10.34 -0.000105511
10.36 -6.36646e-05
10.38 9.06779e-05
10.4 0.000121688
10.42 2.63215e-06
10.44 -4.98841e-05
10.46 5.56276e-05
10.48 0.000149525
10.5 9.74998e-05
10.52 3.67829e-06
10.54 8.52896e-06
10.56 4.35202e-05
10.58 -3.49665e-06
10.6 -4.70152e-05
10.62 1.23139e-05
10.64 8.50603e-05
10.66 6.16967e-05
10.68 -2.05297e-05
10.7 -6.93778e-05
10.72 -4.98769e-05
10.74 2.64179e-07
10.76 3.33833e-06
10.78 -3.95088e-05
10.8 -2.33264e-05
10.82 6.66716e-05
10.84 0.000107589
10.86 3.13086e-05
10.88 -8.6064e-05
10.9 -0.00010832
10.92 -7.10418e-06
10.94 7.20436e-05
10.96 1.70995e-05
10.98 -7.60441e-05
11 -6.77661e-05
11.02 6.64436e-06
11.04 1.65526e-05
11.06 -4.54772e-05
11.08 -6.63675e-05
11.1 -1.86436e-06
11.12 7.13297e-05
11.14 8.09711e-05
11.16 4.6329e-05
11.18 3.32717e-05
11.2 6.16367e-05
11.22 8.96058e-05
11.24 6.40019e-05
11.26 -1.66128e-05
11.28 -7.36279e-05
11.3 -4.67378e-05
11.32 7.78347e-06
11.34 -1.0399e-06
11.36 -6.85985e-05
11.38 -0.000106102
11.4 -5.03942e-05
11.42 4.88365e-05
11.44 6.82575e-05
11.46 -1.58596e-05
11.48 -7.5973e-05
11.5 -2.62822e-05
11.52 4.99947e-05
11.54 4.45315e-05
11.56 -9.7418e-06
11.58 -5.3479e-06
11.6 6.89476e-05
11.62 0.000117102
11.64 8.19852e-05
11.66 2.37921e-05
11.68 2.30048e-05
11.7 5.95407e-05
11.72 5.66817e-05
11.74 9.42943e-06
11.76 -2.52793e-05
11.78 -3.14222e-05
11.8 -4.45223e-05
11.82 -8.16265e-05
11.84 -0.00010574
11.86 -8.26471e-05
11.88 -4.4751e-05
11.9 -2.89978e-05
11.92 -6.45811e-06
11.94 4.01545e-05
11.96 6.23123e-05
11.98 3.00249e-05
12 -1.42953e-05
12.02 -1.28461e-05
12.04 3.04879e-05
12.06 5.14799e-05
12.08 1.98588e-05
12.1 -1.82175e-05
12.12 -1.99573e-05
12.14 1.10123e-05
12.16 4.9266e-05
12.18 5.69169e-05
12.2 2.15314e-05
12.22 -1.65386e-05
12.24 -2.5823e-05
12.26 -2.72139e-05
12.28 -4.80617e-05
12.3 -7.89754e-05
12.32 -9.10536e-05
12.34 -7.63957e-05
12.36 -5.47302e-05
12.38 -3.97875e-05
12.4 -2.3482e-05
12.42 8.99378e-07
12.44 2.36034e-05
12.46 2.9929e-05
12.48 2.30657e-05
12.5 2.70281e-05
12.52 4.87868e-05
12.54 5.97212e-05
12.56 4.1074e-05
12.58 2.24171e-05
12.6 3.79106e-05
12.62 6.95941e-05
12.64 6.96896e-05
12.66 2.16265e-05
12.68 -2.93474e-05
12.7 -2.89268e-05
12.72 3.49588e-06
12.74 3.92689e-06
12.76 -3.78536e-05
12.78 -6.86187e-05
12.8 -4.49657e-05
12.82 1.95645e-05
12.84 6.13654e-05
12.86 3.15357e-05
12.88 -3.05492e-05
12.9 -3.85539e-05
12.92 2.06444e-05
12.94 6.22444e-05
12.96 2.4151e-05
12.98 -3.63609e-05
13 -3.04115e-05
13.02 2.33147e-05
13.04 3.45083e-05
13.06 -9.19489e-06
13.08 -2.75605e-05
13.1 1.56181e-05
13.12 5.85416e-05
13.14 4.32866e-05
13.16 -2.39789e-06
13.18 -1.84971e-05
13.2 2.53607e-06
13.22 2.38851e-05
13.24 2.28763e-05
13.26 1.11085e-05
13.28 1.11237e-06
13.3 -1.55754e-05
13.32 -3.61321e-05
13.34 -3.62386e-05
13.36 -8.70138e-06
13.38 2.23253e-05
13.4 2.54679e-05
13.42 -1.96271e-06
13.44 -1.98766e-05
13.46 -2.9145e-06
13.48 1.09027e-05
13.5 -1.22816e-05
13.52 -3.60154e-05
13.54 -1.75611e-05
13.56 1.43254e-05
13.58 5.63373e-06
13.6 -3.59506e-05
13.62 -5.12378e-05
13.64 -1.71583e-05
13.66 1.80443e-05
13.68 3.64301e-06
13.7 -3.96186e-05
13.72 -4.89115e-05
13.74 -9.55299e-06
13.76 2.98609e-05
13.78 3.11176e-05
13.8 1.30902e-05
13.82 1.24372e-05
13.84 2.80941e-05
13.86 2.63974e-05
13.88 -6.53532e-06
13.9 -3.5653e-05
13.92 -2.37346e-05
13.94 1.11143e-05
13.96 2.31998e-05
13.98 4.1996e-06
14 -1.19323e-05
14.02 7.69876e-06
14.04 5.62115e-05
14.06 8.56481e-05
14.08 6.76646e-05
14.1 3.24232e-05
14.12 7.45767e-06
14.14 -1.57139e-05
14.16 -2.98564e-05
14.18 -1.3811e-05
14.2 9.52305e-06
14.22 -8.99546e-06
14.24 -6.13183e-05
14.26 -7.95244e-05
14.28 -3.53983e-05
14.3 1.25949e-05
14.32 -6.60652e-07
14.34 -5.80162e-05
14.36 -8.18354e-05
14.38 -3.93033e-05
14.4 6.58678e-06
14.42 -1.38297e-05
14.44 -7.00747e-05
14.46 -7.27563e-05
14.48 -1.01655e-05
14.5 3.55882e-05
14.52 1.77298e-05
14.54 -1.33448e-05
14.56 4.13586e-07
14.58 3.27751e-05
14.6 2.36896e-05
14.62 -9.37655e-06
14.64 4.8403e-06
14.66 6.29646e-05
14.68 7.6975e-05
14.7 -2.74008e-06
14.72 -0.000102972
14.74 -0.00010355
14.76 -7.51528e-06
14.78 4.90736e-05
14.8 -1.63882e-05
14.82 -0.000112226
14.84 -9.31247e-05
14.86 2.16861e-05
14.88 5.83268e-05
14.9 -4.19218e-05
14.92 -0.000107621
14.94 -1.29536e-05
14.96 0.000102473
14.98 6.13882e-05
15 -6.48668e-05
15.02 -7.96616e-05
15.04 2.58688e-05
15.06 7.13187e-05
15.08 -1.73099e-05
15.1 -9.90696e-05
15.12 -4.33184e-05
15.14 8.01275e-05
15.16 0.000107151
15.18 1.42545e-05
15.2 -5.16921e-05
15.22 2.90838e-06
15.24 7.51124e-05
15.26 3.37331e-05
15.28 -7.23173e-05
15.3 -9.88475e-05
15.32 -2.64288e-05
15.34 2.62328e-05
15.36 -1.04128e-05
15.38 -6.06768e-05
15.4 -3.08688e-05
15.42 4.62002e-05
15.44 6.40208e-05
15.46 8.95554e-07
15.48 -5.48508e-05
15.5 -3.43584e-05
15.52 2.64866e-05
15.54 4.54723e-05
15.56 7.99432e-06
15.58 -1.30502e-05
15.6 2.76094e-05
15.62 7.06473e-05
15.64 4.35221e-05
15.66 -2.59143e-05
15.68 -4.57349e-05
15.7 1.00563e-05
15.72 6.45393e-05
15.74 5.19365e-05
15.76 7.7162e-06
15.78 2.49736e-06
15.8 3.86368e-05
15.82 5.46149e-05
15.84 1.5862e-05
15.86 -3.15951e-05
15.88 -2.43749e-05
15.9 2.3554e-05
15.92 4.26267e-05
15.94 1.51781e-05
15.96 -6.45876e-07
15.98 3.14685e-05
16 6.5109e-05
16.02 4.94417e-05
16.04 8.9056e-06
16.06 -2.03081e-06
16.08 2.36511e-05
16.1 4.27915e-05
16.12 2.01757e-05
16.14 -2.27876e-05
16.16 -3.04544e-05
16.18 1.36597e-05
16.2 5.66252e-05
16.22 4.35113e-05
16.24 -3.68463e-06
16.26 -2.59642e-05
16.28 -1.32496e-05
16.3 8.36319e-06
16.32 2.34377e-05
16.34 2.25134e-05
16.36 9.72537e-07
16.38 -2.10599e-05
16.4 -1.74575e-05
16.42 -2.62841e-07
16.44 -5.03633e-06
16.46 -3.31169e-05
16.48 -5.13525e-05
16.5 -5.05658e-05
16.52 -6.05595e-05
16.54 -9.1273e-05
16.56 -0.000102038
16.58 -6.50029e-05
16.6 -2.23379e-05
16.62 -2.97961e-05
16.64 -7.23702e-05
16.66 -8.51924e-05
16.68 -2.40189e-05
16.7 9.09302e-05
16.72 0.000165829
16.74 0.000150227
16.76 0.00012973
16.78 0.000180373
16.8 0.000240745
16.82 0.000225721
16.84 0.000138408
16.86 1.22455e-05
16.88 -7.40383e-05
16.9 -1.41753e-05
16.92 9.77863e-05
16.94 5.00964e-05
16.96 -0.000113175
16.98 -0.00015165
17 -2.43204e-05
17.02 5.96545e-05
17.04 -2.79239e-05
17.06 -0.000156618
17.08 -0.000147562
17.1 -4.56998e-05
17.12 -4.88768e-05
17.14 -0.000184315
17.16 -0.000241806
17.18 -0.000104217
17.2 3.10633e-05
17.22 -5.16632e-05
17.24 -0.000210197
17.26 -0.000169121
17.28 1.10676e-05
17.3 4.73539e-05
17.32 -9.04344e-05
17.34 -0.000143813
17.36 2.02205e-05
17.38 0.000209237
17.4 0.000201778
17.42 7.78206e-05
17.44 8.31414e-05
17.46 0.000235126
17.48 0.000289652
17.5 0.000137889
17.52 -1.59137e-06
17.54 6.53001e-05
17.56 0.000172917
17.58 7.52068e-05
17.6 -0.000126227
17.62 -0.000161448
17.64 -3.30083e-05
17.66 2.08775e-05
17.68 -8.9975e-05
17.7 -0.000195752
17.72 -0.000154675
17.74 -6.18851e-05
17.76 -7.09674e-05
17.78 -0.000150987
17.8 -0.000160283
17.82 -7.55027e-05
17.84 1.0191e-06
17.86 5.9158e-06
17.88 -2.56247e-05
17.9 -2.69695e-05
17.92 1.82908e-05
17.94 6.42572e-05
17.96 7.7223e-05
17.98 7.97382e-05
18 9.50581e-05
18.02 0.000103222
18.04 8.44346e-05
18.06 5.96741e-05
18.08 4.3578e-05
18.1 5.28648e-06
18.12 -5.50454e-05
18.14 -7.33152e-05
18.16 -3.29814e-05
18.18 -5.61282e-06
18.2 -4.29698e-05
18.22 -0.000112216
18.24 -0.000155133
18.26 -0.000163376
18.28 -0.000167828
18.3 -0.000174004
18.32 -0.000135069
18.34 -7.02993e-06
18.36 0.000133994
18.38 0.000149141
18.4 7.74349e-05
18.42 9.2613e-05
18.44 0.00021584
18.46 0.000294741
18.48 0.00020884
18.5 1.04905e-05
18.52 -8.54694e-05
18.54 3.4676e-05
18.56 0.000168199
18.58 8.51202e-05
18.6 -0.000113256
18.62 -0.000164911
18.64 -3.44876e-05
18.66 5.57543e-05
18.68 -4.09438e-05
18.7 -0.000189502
18.72 -0.000187453
18.74 -6.90955e-05
18.76 -4.35988e-05
18.78 -0.00016941
18.8 -0.000235091
18.82 -5.08338e-05
18.84 0.000203962
18.86 0.000209116
18.88 3.86389e-05
18.9 3.29838e-05
18.92 0.000230627
18.94 0.00034388
18.96 0.000226045
18.98 6.45996e-05
19 6.23275e-05
19.02 0.000147532
19.04 0.000135979
19.06 2.33849e-06
19.08 -0.000108885
19.1 -7.55846e-05
19.12 2.59034e-05
19.14 1.29517e-05
19.16 -0.000119601
19.18 -0.000176605
19.2 -8.56164e-05
19.22 -2.7181e-05
19.24 -0.00013163
19.26 -0.000242677
19.28 -0.000159076
19.3 1.74908e-05
19.32 3.97162e-05
19.34 -8.98296e-05
19.36 -0.000152678
19.38 -5.73091e-05
19.4 4.93988e-05
19.42 2.02525e-05
19.44 -6.43617e-05
19.46 -2.1667e-05
19.48 0.000131422
19.5 0.000188798
19.52 7.58242e-05
19.54 -3.40463e-05
19.56 1.92936e-05
19.58 0.000143578
19.6 0.000124022
19.62 -3.72099e-05
19.64 -8.07491e-05
19.66 8.40637e-05
19.68 0.000175315
19.7 -2.36461e-06
19.72 -0.000211039
19.74 -0.000152629
19.76 7.21795e-05
19.78 0.000126052
19.8 -7.37482e-05
19.82 -0.000238578
19.84 -0.000130131
19.86 9.1278e-05
19.88 0.000133064
19.9 -9.26152e-07
19.92 -6.59423e-05
19.94 5.06661e-05
19.96 0.00017452
19.98 0.000109756
20 -4.83184e-05
20.02 -5.57795e-05
20.04 9.65794e-05
20.06 0.000177987
20.08 5.80889e-05
20.1 -0.00013982
20.12 -0.000209138
20.14 -0.000103345
20.16 3.57436e-05
20.18 7.55992e-05
20.2 1.81678e-06
20.22 -0.000102136
20.24 -0.000114946
20.26 -1.85255e-05
20.28 4.41826e-05
20.3 -3.28112e-05
20.32 -0.000115912
20.34 -3.78012e-05
20.36 8.53301e-05
20.38 6.05956e-05
20.4 -3.32794e-05
20.42 -5.75296e-06
20.44 0.000128287
20.46 0.000191645
20.48 0.000111275
20.5 -8.17275e-06
20.52 -3.85463e-05
20.54 5.99544e-06
20.56 -6.54128e-07
20.58 -2.90025e-05
20.6 4.15519e-05
20.62 8.00938e-05
20.64 -6.68012e-05
20.66 -0.000226531
20.68 -0.000206714
20.7 -5.64833e-05
20.72 8.31382e-05
20.74 7.04232e-05
20.76 -9.27429e-05
20.78 -0.000162881
20.8 -1.76731e-05
20.82 9.75117e-05
20.84 -1.99935e-05
20.86 -0.000167415
20.88 -5.58769e-05
20.9 0.000200362
20.92 0.000245055
20.94 5.22703e-05
20.96 -4.88355e-05
20.98 0.000104602
21 0.000255901
21.02 0.000110436
21.04 -0.00015698
21.06 -0.000139336
21.08 0.000134197
21.1 0.000233914
21.12 -8.76064e-06
21.14 -0.000251685
21.16 -0.000142392
21.18 0.000150481
21.2 0.000166972
21.22 -0.000137597
21.24 -0.000318444
21.26 -0.000134961
21.28 0.000100363
21.3 3.02158e-05
21.32 -0.000199744
21.34 -0.000170925
21.36 0.000140543
21.38 0.000298161
21.4 0.000113817
21.42 -8.33344e-05
21.44 -4.45675e-05
21.46 0.000105252
21.48 0.000163102
21.5 4.87206e-05
21.52 -0.000121274
21.54 -0.000148014
21.56 -5.74507e-05
21.58 -4.96495e-05
21.6 -0.000134459
21.62 -0.000125428
21.64 -5.63014e-07
21.66 4.89207e-05
21.68 -4.62785e-05
21.7 -0.000107262
21.72 1.03097e-05
21.74 0.000159175
21.76 9.55656e-05
21.78 -0.000123501
21.8 -0.00017922
21.82 1.58775e-05
21.84 0.000154255
21.86 1.62652e-05
21.88 -0.000176737
21.9 -0.000119251
21.92 0.000105331
21.94 0.000173267
21.96 1.29222e-05
21.98 -0.000107359
22 3.06404e-06
22.02 0.000176713
22.04 0.000161067
22.06 -1.00273e-05
22.08 -0.000106529
22.1 -3.9593e-05
22.12 4.87219e-05
22.14 1.09974e-05
22.16 -8.95371e-05
22.18 -8.83482e-05
22.2 1.22777e-05
22.22 5.62776e-05
22.24 -1.0232e-05
22.26 -7.10981e-05
22.28 -3.10361e-05
22.3 4.88843e-05
22.32 5.61202e-05
22.34 2.64896e-06
22.36 -6.31073e-06
22.38 5.47337e-05
22.4 0.000100786
22.42 7.20153e-05
22.44 1.64386e-05
22.46 1.38365e-05
22.48 6.25928e-05
22.5 7.77594e-05
22.52 1.4123e-05
22.54 -5.45943e-05
22.56 -4.25518e-05
22.58 1.7588e-05
22.6 2.96247e-05
22.62 -2.21149e-05
22.64 -5.87518e-05
22.66 -2.98726e-05
22.68 1.35945e-05
22.7 6.60748e-07
22.72 -4.9897e-05
22.74 -6.03648e-05
22.76 -1.94223e-05
22.78 4.16273e-07
22.8 -3.57755e-05
22.82 -6.56995e-05
22.84 -2.90617e-05
22.86 3.19047e-05
22.88 3.50937e-05
22.9 -1.4622e-05
22.92 -3.65535e-05
22.94 4.75832e-06
22.96 5.22712e-05
22.98 4.38188e-05
23 -4.2134e-07
23.02 -1.69573e-05
23.04 5.51706e-06
23.06 1.71014e-05
23.08 -1.30789e-05
23.1 -4.81601e-05
23.12 -3.61311e-05
23.14 7.86926e-06
23.16 1.67175e-05
23.18 -2.33147e-05
23.2 -4.29035e-05
23.22 2.22489e-06
23.24 5.55665e-05
23.26 4.7537e-05
23.28 5.18496e-06
23.3 1.6285e-06
23.32 3.72044e-05
23.34 4.73549e-05
23.36 9.02579e-06
23.38 -2.88903e-05
23.4 -3.03312e-05
23.42 -2.33162e-05
23.44 -3.67919e-05
23.46 -4.62545e-05
23.48 -2.20566e-05
23.5 8.10814e-06
23.52 -1.59597e-06
23.54 -3.40361e-05
23.56 -3.06413e-05
23.58 1.59378e-05
23.6 4.78786e-05
23.62 2.72243e-05
23.64 -8.89869e-06
23.66 -6.77961e-06
23.68 2.71094e-05
23.7 4.70004e-05
23.72 3.22226e-05
23.74 4.20976e-06
23.76 -4.67278e-06
23.78 8.12277e-06
23.8 1.59339e-05
23.82 6.57895e-06
23.84 -4.59425e-06
23.86 -8.86061e-06
23.88 -1.48913e-05
23.9 -2.222e-05
23.92 -1.5168e-05
23.94 2.6498e-06
23.96 -8.12759e-07
23.98 -2.97446e-05
24 -4.03165e-05
24.02 -2.56724e-06
24.04 5.38965e-05
24.06 6.52732e-05
24.08 1.73178e-05
24.1 -2.54884e-05
24.12 -1.67792e-05
24.14 1.17899e-05
24.16 1.81365e-05
24.18 3.8619e-06
24.2 -1.36286e-05
24.22 -2.23743e-05
24.24 -1.55051e-05
24.26 8.15637e-07
24.28 1.59326e-05
24.3 2.25041e-05
24.32 1.33277e-05
24.34 -1.21096e-05
24.36 -3.68226e-05
24.38 -3.69619e-05
24.4 -1.53013e-05
24.42 2.49153e-07
24.44 -3.06811e-07
24.46 -6.18144e-08
24.48 6.6842e-06
24.5 4.60076e-06
24.52 -8.63369e-06
24.54 -1.51566e-05
24.56 -4.58893e-06
24.58 1.30154e-05
24.6 1.86902e-05
24.62 7.63838e-06
24.64 -2.24161e-07
24.66 1.24745e-05
24.68 2.90224e-05
24.7 1.79234e-05
24.72 -1.67882e-05
24.74 -3.14317e-05
24.76 -5.59545e-06
24.78 2.67184e-05
24.8 2.93408e-05
24.82 1.03696e-05
24.84 4.78337e-06
24.86 2.42782e-05
24.88 3.85619e-05
24.9 2.29215e-05
24.92 1.72866e-06
24.94 8.8666e-06
24.96 3.1446e-05
24.98 3.28483e-05
25 1.06077e-05
25.02 -2.41003e-06
25.04 1.1228e-05
25.06 2.90997e-05
25.08 2.28734e-05
25.1 -1.04457e-06
25.12 -8.84761e-06
25.14 1.22558e-05
25.16 3.11131e-05
25.18 1.78869e-05
25.2 -9.91489e-06
25.22 -1.64487e-05
25.24 -1.15099e-06
25.26 4.03259e-06
25.28 -1.68975e-05
25.3 -4.12577e-05
25.32 -4.15431e-05
25.34 -1.90979e-05
25.36 3.51611e-06
25.38 6.17845e-06
25.4 -9.45909e-06
25.42 -1.9518e-05
25.44 -8.92929e-06
25.46 5.18994e-06
25.48 -7.10056e-07
25.5 -1.94641e-05
25.52 -2.18088e-05
25.54 -8.5326e-07
25.56 1.6426e-05
25.58 1.09141e-05
25.6 -9.91623e-07
25.62 5.50376e-06
25.64 2.44967e-05
25.66 2.8097e-05
25.68 8.69408e-06
25.7 -9.54661e-06
25.72 -4.0064e-06
25.74 1.26985e-05
25.76 8.76784e-06
25.78 -1.56232e-05
25.8 -2.60131e-05
25.82 -9.28072e-06
25.84 8.15473e-06
25.86 5.24583e-06
25.88 -6.84766e-06
25.9 -1.03884e-05
25.92 -6.37487e-06
25.94 -5.54261e-06
25.96 -9.36436e-06
25.98 -1.23543e-05
26 -1.44333e-05
26.02 -1.88376e-05
26.04 -2.3913e-05
26.06 -2.25253e-05
26.08 -1.12079e-05
26.1 -1.42422e-06
26.12 -8.84369e-06
26.14 -2.60102e-05
26.16 -2.76404e-05
26.18 -8.89521e-06
26.2 6.39313e-06
26.22 1.11118e-06
26.24 -1.23098e-05
26.26 -1.13226e-05
26.28 4.55351e-06
26.3 1.21024e-05
26.32 1.44904e-07
26.34 -1.21159e-05
26.36 -7.79422e-06
26.38 1.23521e-06
26.4 -2.79079e-06
26.42 -1.51236e-05
26.44 -1.82993e-05
26.46 -8.2191e-06
26.48 4.53661e-06
26.5 9.74344e-06
26.52 4.14785e-06
26.54 -5.86154e-06
26.56 -7.84772e-06
26.58 4.12748e-06
26.6 2.15976e-05
26.62 2.77918e-05
26.64 1.64393e-05
26.66 1.24564e-06
26.68 -4.10183e-07
26.7 1.05539e-05
26.72 1.50431e-05
26.74 2.98318e-06
26.76 -1.0542e-05
26.78 -1.02219e-05
26.8 -1.89191e-06
26.82 -2.58616e-07
26.84 -9.63577e-06
26.86 -1.80898e-05
26.88 -1.49863e-05
26.9 -8.04014e-06
26.92 -7.13917e-06
26.94 -6.81096e-06
26.96 8.79471e-07
26.98 8.5466e-06
27 2.57002e-06
27.02 -9.87614e-06
27.04 -6.59712e-06
27.06 1.03335e-05
27.08 1.32129e-05
27.1 -6.10833e-06
27.12 -1.96436e-05
27.14 -5.19036e-06
27.16 1.71684e-05
27.18 1.34971e-05
27.2 -1.24272e-05
27.22 -2.41619e-05
27.24 -6.77002e-06
27.26 1.18566e-05
27.28 4.98863e-06
27.3 -1.34961e-05
27.32 -1.33785e-05
27.34 7.04272e-06
27.36 2.07449e-05
27.38 1.2695e-05
27.4 -9.4271e-07
27.42 -1.49103e-07
27.44 1.34336e-05
27.46 2.1775e-05
27.48 1.29132e-05
27.5 -2.86378e-06
27.52 -8.53924e-06
27.54 -6.22666e-06
27.56 -9.33768e-06
27.58 -1.92252e-05
27.6 -2.44972e-05
27.62 -2.00206e-05
27.64 -1.62524e-05
27.66 -2.10474e-05
27.68 -2.52576e-05
27.7 -1.82491e-05
27.72 -3.68473e-06
27.74 8.16788e-06
27.76 1.43e-05
27.78 1.81913e-05
27.8 2.12172e-05
27.82 2.20137e-05
27.84 2.06663e-05
27.86 1.78376e-05
27.88 1.2039e-05
27.9 4.04095e-06
27.92 -1.12031e-06
27.94 -1.37304e-06
27.96 9.80436e-07
27.98 2.66735e-06
28 4.0911e-07
28.02 -3.23721e-06
28.04 -2.44631e-06
28.06 -1.36446e-07
28.08 -3.15141e-06
28.1 -1.02837e-05
28.12 -1.12511e-05
28.14 -9.5511e-07
28.16 6.35075e-06
28.18 -1.62534e-06
28.2 -9.00035e-06
28.22 2.40608e-06
28.24 2.09172e-05
28.26 2.60312e-05
28.28 2.00943e-05
28.3 2.00258e-05
28.32 2.99164e-05
28.34 3.45846e-05
28.36 1.05202e-05
28.38 -3.91623e-05
28.4 -6.35197e-05
28.42 -2.62293e-05
28.44 2.79309e-05
28.46 2.24372e-05
28.48 -3.52673e-05
28.5 -5.55626e-05
28.52 -3.34712e-06
28.54 4.97519e-05
28.56 3.67108e-05
28.58 -1.11441e-05
28.6 -2.2993e-05
28.62 4.13597e-06
28.64 1.75791e-05
28.66 3.00828e-06
28.68 -2.88651e-06
28.7 1.63656e-05
28.72 3.01401e-05
28.74 9.42311e-06
28.76 -2.83648e-05
28.78 -3.65146e-05
28.8 1.50108e-07
28.82 3.46357e-05
28.84 1.61153e-05
28.86 -2.88425e-05
28.88 -2.92171e-05
28.9 1.9087e-05
28.92 4.74703e-05
28.94 2.29517e-05
28.96 -8.38283e-06
28.98 -1.7234e-06
29 1.88978e-05
29.02 1.05189e-05
29.04 -1.07382e-05
29.06 -7.71853e-07
29.08 2.8778e-05
29.1 2.65211e-05
29.12 -1.19212e-05
29.14 -3.49676e-05
29.16 -1.50881e-05
29.18 1.12661e-05
29.2 2.79109e-06
29.22 -2.41379e-05
29.24 -2.74581e-05
29.26 -6.46737e-06
29.28 5.77593e-06
29.3 -2.83661e-06
29.32 -1.39312e-05
29.34 -1.23331e-05
29.36 -3.1386e-06
29.38 3.23397e-06
29.4 5.71711e-06
29.42 6.52468e-06
29.44 4.5929e-06
29.46 7.83955e-07
29.48 9.15542e-08
29.5 3.56147e-06
29.52 5.39527e-06
29.54 1.44318e-07
29.56 -1.24761e-05
29.58 -2.37479e-05
29.6 -1.99801e-05
29.62 -2.63773e-06
29.64 4.94431e-06
29.66 -1.02549e-05
29.68 -2.63931e-05
29.7 -1.97799e-05
29.72 -1.89572e-06
29.74 5.15152e-07
29.76 -1.3027e-05
29.78 -1.65746e-05
29.8 -4.76446e-07
29.82 1.2989e-05
29.84 7.94429e-06
29.86 -1.33382e-06
29.88 3.03483e-06
29.9 1.52693e-05
29.92 1.94144e-05
29.94 1.37903e-05
29.96 8.34459e-06
29.98 6.62829e-06
30 1.12998e-06
30.02 -1.16061e-05
30.04 -2.10481e-05
30.06 -1.79044e-05
30.08 -1.12178e-05
30.1 -1.35136e-05
30.12 -1.76755e-05
30.14 -8.65333e-06
30.16 9.3437e-06
30.18 1.69849e-05
30.2 8.9845e-06
30.22 2.36129e-07
30.24 2.9701e-06
30.26 1.29437e-05
30.28 1.86355e-05
30.3 1.67847e-05
30.32 1.49553e-05
30.34 1.62742e-05
30.36 1.42892e-05
30.38 7.21016e-06
30.4 8.34464e-07
30.42 -1.6332e-06
30.44 -5.67156e-06
30.46 -1.70296e-05
30.48 -2.79288e-05
30.5 -2.42731e-05
30.52 -6.82555e-06
30.54 5.45108e-06
30.56 -2.86452e-07
30.58 -1.09145e-05
30.6 -6.0726e-06
30.62 1.15359e-05
30.64 2.16819e-05
30.66 1.64535e-05
30.68 8.52038e-06
30.7 1.11832e-05
30.72 1.96464e-05
30.74 1.59006e-05
30.76 -2.31002e-06
30.78 -1.15284e-05
30.8 -9.28479e-08
30.82 1.05845e-05
30.84 2.95923e-06
30.86 -9.37766e-06
30.88 -5.97845e-06
30.9 1.16215e-05
30.92 2.42348e-05
30.94 1.91541e-05
30.96 4.85499e-06
30.98 -2.57952e-07
31 5.74059e-06
31.02 6.31688e-06
31.04 -4.26649e-06
31.06 -1.16357e-05
31.08 -8.24803e-06
31.1 -4.60984e-06
31.12 -6.38719e-06
31.14 -4.35707e-06
31.16 5.67659e-06
31.18 1.24655e-05
31.2 7.10735e-06
31.22 -2.08469e-06
31.24 -1.16299e-06
31.26 9.67063e-06
31.28 1.50011e-05
31.3 5.96285e-06
31.32 -4.67166e-06
31.34 -6.05605e-07
31.36 1.26564e-05
31.38 1.47675e-05
31.4 2.91193e-06
31.42 -1.85333e-06
31.44 8.9921e-06
31.46 1.6153e-05
31.48 6.66804e-06
31.5 -6.92159e-06
31.52 -9.58349e-06
31.54 -3.63353e-06
31.56 -1.15418e-06
31.58 -6.70391e-06
31.6 -1.19973e-05
31.62 -8.39231e-06
31.64 -1.63791e-06
31.66 -4.24559e-06
31.68 -1.43771e-05
31.7 -1.81411e-05
31.72 -1.15002e-05
31.74 -4.64943e-06
31.76 -5.66699e-06
31.78 -1.01193e-05
31.8 -9.0378e-06
31.82 -3.27366e-06
31.84 -1.70706e-06
31.86 -4.04205e-06
31.88 -7.42616e-07
31.9 7.76338e-06
31.92 9.80175e-06
31.94 2.62664e-06
31.96 -1.14329e-06
31.98 6.66318e-06
32 1.49861e-05
32.02 9.5149e-06
32.04 -5.10327e-06
32.06 -1.14799e-05
32.08 -4.88438e-06
32.1 1.20116e-06
32.12 -4.10438e-06
32.14 -1.47436e-05
32.16 -1.67935e-05
32.18 -7.51786e-06
32.2 7.24025e-08
32.22 -4.53112e-06
32.24 -1.38288e-05
32.26 -1.38754e-05
32.28 -5.06318e-06
32.3 -8.12383e-07
32.32 -7.71723e-06
32.34 -1.65889e-05
32.36 -1.54178e-05
32.38 -6.81174e-06
32.4 -4.78367e-06
32.42 -1.23356e-05
32.44 -1.66447e-05
32.46 -9.9988e-06
32.48 -6.65926e-07
32.5 -8.72065e-07
32.52 -1.05169e-05
32.54 -1.52747e-05
32.56 -5.52193e-06
32.58 7.02355e-06
32.6 4.96051e-06
32.62 -6.61326e-06
32.64 -6.41154e-06
32.66 9.26834e-06
32.68 1.96365e-05
32.7 1.10366e-05
32.72 -3.1783e-06
32.74 -4.41254e-06
32.76 2.29461e-06
32.78 -1.11115e-06
32.8 -1.31823e-05
32.82 -1.56995e-05
32.84 -3.37023e-06
32.86 9.0017e-06
32.88 9.38072e-06
32.9 6.07476e-06
32.92 1.13475e-05
32.94 1.92135e-05
32.96 1.61715e-05
32.98 4.67434e-06
33 -1.33231e-06
33.02 1.55332e-06
33.04 3.64126e-06
33.06 -6.05347e-07
33.08 -5.18235e-06
33.1 -4.30668e-06
33.12 -1.92322e-06
33.14 -3.52238e-06
33.16 -5.85892e-06
33.18 -4.07681e-06
33.2 3.65909e-09
33.22 2.82856e-06
33.24 2.92308e-06
33.26 9.61204e-07
33.28 -1.26407e-06
33.3 -4.08794e-06
33.32 -6.7502e-06
33.34 -3.4882e-06
33.36 6.91011e-06
33.38 1.3536e-05
33.4 6.81969e-06
33.42 -5.44482e-06
33.44 -6.4304e-06
33.46 5.56725e-06
33.48 1.19319e-05
33.5 6.98443e-07
33.52 -1.32793e-05
33.54 -1.12583e-05
33.56 1.4587e-06
33.58 7.58355e-06
33.6 3.09743e-06
33.62 -2.26065e-06
33.64 -1.56826e-06
33.66 2.82866e-07
33.68 -4.6318e-06
33.7 -1.29263e-05
33.72 -1.29465e-05
33.74 -4.65508e-06
33.76 -1.06381e-06
33.78 -4.59103e-06
33.8 -2.32459e-06
33.82 9.40947e-06
33.84 1.64801e-05
33.86 1.09111e-05
33.88 4.01518e-06
33.9 7.75695e-06
33.92 1.69918e-05
33.94 1.79056e-05
33.96 8.99057e-06
33.98 4.27223e-06
34 1.14704e-05
34.02 1.80189e-05
34.04 1.09479e-05
34.06 -1.0133e-06
34.08 -2.85868e-06
34.1 2.15192e-06
34.12 2.27381e-06
34.14 -3.6924e-06
34.16 -8.16692e-06
34.18 -5.95654e-06
34.2 -4.13492e-07
34.22 1.362e-06
34.24 -2.46776e-06
34.26 -6.69835e-06
34.28 -5.59262e-06
34.3 3.72106e-07
34.32 4.28063e-06
34.34 9.20889e-07
34.36 -4.22188e-06
34.38 2.48542e-07
34.4 1.34683e-05
34.42 1.99795e-05
34.44 1.32288e-05
34.46 5.63727e-06
34.48 8.07122e-06
34.5 1.25916e-05
34.52 6.09171e-06
34.54 -7.62441e-06
34.56 -1.30665e-05
34.58 -5.52133e-06
34.6 3.88571e-06
34.62 5.223e-06
34.64 1.1957e-06
34.66 -7.3212e-07
34.68 5.20225e-07
34.7 1.60915e-07
34.72 -4.06611e-06
34.74 -8.62789e-06
34.76 -9.70477e-06
34.78 -7.15197e-06
34.8 -3.11507e-06
34.82 -5.89631e-07
34.84 3.11781e-07
34.86 3.21097e-06
34.88 7.04548e-06
34.9 6.63205e-06
34.92 4.37815e-06
34.94 7.20762e-06
34.96 1.37386e-05
34.98 1.60444e-05
35 1.02863e-05
35.02 1.81695e-06
35.04 -2.23484e-07
35.06 3.84245e-06
35.08 3.0708e-06
35.1 -6.36525e-06
35.12 -1.37008e-05
35.14 -1.1982e-05
35.16 -9.68065e-06
35.18 -1.39706e-05
35.2 -1.75643e-05
35.22 -1.09389e-05
35.24 1.24503e-06
35.26 5.07851e-06
35.28 -2.54712e-06
35.3 -8.67981e-06
35.32 -2.25339e-06
35.34 8.21021e-06
35.36 5.77584e-06
35.38 -6.24754e-06
35.4 -7.19868e-06
35.42 7.39702e-06
35.44 1.83001e-05
35.46 1.1253e-05
35.48 -2.82096e-06
35.5 -4.30142e-06
35.52 4.58199e-06
35.54 4.31859e-06
35.56 -8.29751e-06
35.58 -1.68472e-05
35.6 -1.4134e-05
35.62 -1.04252e-05
35.64 -1.30205e-05
35.66 -1.53806e-05
35.68 -1.05778e-05
35.7 -4.16623e-06
35.72 -3.77905e-06
35.74 -6.93189e-06
35.76 -8.88943e-06
35.78 -6.63933e-06
35.8 3.57776e-06
35.82 1.41898e-05
35.84 8.5075e-06
35.86 -8.38744e-06
35.88 -1.1829e-05
35.9 -4.76656e-08
35.92 3.74865e-06
35.94 -3.52272e-06
35.96 1.7711e-06
35.98 2.06289e-05
36 2.03566e-05
36.02 -5.75163e-06
36.04 -1.86704e-05
36.06 1.08976e-06
36.08 2.22752e-05
36.1 1.80228e-05
36.12 3.82159e-06
36.14 8.45435e-07
36.16 1.9528e-06
36.18 -1.70592e-07
36.2 5.3291e-06
36.22 1.66731e-05
36.24 1.63626e-05
36.26 9.67037e-07
36.28 -1.60671e-05
36.3 -2.17109e-05
36.32 -1.65647e-05
36.34 -1.35142e-05
36.36 -1.65614e-05
36.38 -1.52179e-05
36.4 -5.05398e-06
36.42 6.52047e-06
36.44 1.12946e-05
36.46 4.04424e-06
36.48 -8.25055e-06
36.5 -6.6811e-07
36.52 3.38371e-05
36.54 5.64997e-05
36.56 3.43074e-05
36.58 -2.17732e-06
36.6 -7.2611e-07
36.62 2.98033e-05
36.64 3.07879e-05
36.66 -8.11467e-06
36.68 -2.9351e-05
36.7 -1.06619e-05
36.72 -1.35361e-06
36.74 -2.30209e-05
36.76 -2.57488e-05
36.78 1.26432e-05
36.8 2.93024e-05
36.82 -1.53454e-05
36.84 -5.40754e-05
36.86 -2.1908e-05
36.88 2.94973e-05
36.9 1.3068e-05
36.92 -5.14329e-05
36.94 -6.71008e-05
36.96 -8.81015e-06
36.98 5.09061e-05
37 4.5847e-05
37.02 -7.23309e-06
37.04 -2.87797e-05
37.06 2.11186e-05
37.08 7.62965e-05
37.1 5.19368e-05
37.12 -2.13509e-05
37.14 -4.06073e-05
37.16 8.56543e-06
37.18 3.63375e-05
37.2 -6.11728e-06
37.22 -6.07708e-05
37.24 -6.43681e-05
37.26 -2.83467e-05
37.28 4.25467e-06
37.3 1.06181e-05
37.32 -5.96514e-06
37.34 -2.35153e-05
37.36 -2.36349e-05
37.38 -1.18022e-05
37.4 -6.05575e-06
37.42 -8.89328e-06
37.44 -6.20307e-06
37.46 5.98474e-06
37.48 1.67841e-05
37.5 1.81805e-05
37.52 1.19708e-05
37.54 6.81389e-06
37.56 1.38841e-05
37.58 3.26488e-05
37.6 4.10035e-05
37.62 2.19192e-05
37.64 -8.29839e-06
37.66 -2.07895e-05
37.68 -7.12153e-06
37.7 1.56482e-05
37.72 1.9178e-05
37.74 -3.62338e-06
37.76 -2.22679e-05
37.78 -9.38111e-06
37.8 1.59725e-05
37.82 1.00547e-05
37.84 -3.27726e-05
37.86 -6.11134e-05
37.88 -3.63024e-05
37.9 5.17459e-06
37.92 8.90299e-06
37.94 -1.43093e-05
37.96 -1.85271e-05
37.98 2.00942e-06
38 1.54126e-05
38.02 6.55866e-06
38.04 -5.96512e-06
38.06 -1.6946e-06
38.08 1.15041e-05
38.1 1.15127e-05
38.12 -1.06119e-06
38.14 -6.98722e-06
38.16 7.62218e-07
38.18 1.21322e-05
38.2 1.6225e-05
38.22 1.53632e-05
38.24 1.65114e-05
38.26 1.38341e-05
38.28 -1.25717e-06
38.3 -2.01909e-05
38.32 -2.43414e-05
38.34 -9.71042e-06
38.36 4.66066e-06
38.38 -5.70425e-07
38.4 -1.53611e-05
38.42 -1.19697e-05
38.44 1.25361e-05
38.46 3.00857e-05
38.48 1.97943e-05
38.5 -4.73271e-06
38.52 -1.44715e-05
38.54 -4.41239e-06
38.56 3.21348e-06
38.58 -6.65275e-06
38.6 -2.27952e-05
38.62 -2.53716e-05
38.64 -1.28509e-05
38.66 -2.63236e-06
38.68 -4.96443e-06
38.7 -1.04363e-05
38.72 -6.99115e-06
38.74 3.95614e-06
38.76 1.19365e-05
38.78 1.12835e-05
38.8 6.79051e-06
38.82 5.14944e-06
38.84 4.49952e-06
38.86 -1.9802e-06
38.88 -1.24263e-05
38.9 -1.57733e-05
38.92 -9.93633e-06
38.94 -6.79808e-06
38.96 -1.1283e-05
38.98 -1.13479e-05
39 1.89258e-06
39.02 1.78529e-05
39.04 2.18478e-05
39.06 1.74009e-05
39.08 1.99624e-05
39.1 3.18587e-05
39.12 3.59214e-05
39.14 1.86166e-05
39.16 -7.83972e-06
39.18 -1.79143e-05
39.2 -6.49205e-06
39.22 4.51532e-06
39.24 -2.1022e-06
39.26 -1.50046e-05
39.28 -1.2881e-05
39.3 2.39561e-06
39.32 8.37107e-06
39.34 -3.2166e-06
39.36 -1.51036e-05
39.38 -1.28288e-05
39.4 -3.8783e-06
39.42 -1.39168e-06
39.44 -5.74748e-06
39.46 -8.83844e-06
39.48 -6.13988e-06
39.5 -1.48338e-07
39.52 4.78093e-06
39.54 6.71781e-06
39.56 5.70353e-06
39.58 3.05637e-06
39.6 2.38234e-06
39.62 8.13417e-06
39.64 1.83048e-05
39.66 2.3332e-05
39.68 1.8436e-05
39.7 1.16289e-05
39.72 1.17756e-05
39.74 1.33374e-05
39.76 5.84182e-06
39.78 -6.0601e-06
39.8 -9.39479e-06
39.82 -3.95074e-06
39.84 -6.122e-07
39.86 -4.69681e-06
39.88 -1.01484e-05
39.9 -9.308e-06
39.92 -3.42947e-06
39.94 1.02318e-06
39.96 1.71251e-06
39.98 2.59691e-08
40 -2.36357e-06
40.02 -3.13737e-06
40.04 -1.27094e-06
40.06 8.74162e-07
40.08 -5.54867e-07
40.1 -3.94073e-06
40.12 -1.25586e-06
40.14 7.37053e-06
40.16 1.01937e-05
40.18 3.757e-06
40.2 -1.48833e-06
40.22 -2.22152e-07
40.24 1.20227e-06
40.26 -2.91299e-06
40.28 -9.60878e-06
40.3 -1.1464e-05
40.32 -6.86004e-06
40.34 -2.61302e-06
40.36 -3.85706e-06
40.38 -6.92566e-06
40.4 -4.7074e-06
40.42 4.61703e-06
40.44 1.38155e-05
40.46 1.521e-05
40.48 1.13616e-05
40.5 9.87725e-06
40.52 1.19574e-05
40.54 1.0307e-05
40.56 3.09491e-07
40.58 -7.41966e-06
40.6 -5.07902e-07
40.62 1.09455e-05
40.64 6.40244e-06
40.66 -1.41533e-05
40.68 -2.84904e-05
40.7 -2.11737e-05
40.72 -5.50352e-06
40.74 -5.24605e-06
40.76 -2.0629e-05
40.78 -2.96914e-05
40.8 -1.97671e-05
40.82 -1.45467e-06
40.84 7.88187e-06
40.86 5.56155e-06
40.88 3.1433e-06
40.9 5.36415e-06
40.92 5.73203e-06
40.94 3.6942e-06
40.96 5.24132e-06
40.98 9.90686e-06
41 1.24957e-05
41.02 1.0433e-05
41.04 4.76403e-06
41.06 8.93266e-07
41.08 2.41748e-06
41.1 4.8044e-06
41.12 3.37761e-06
41.14 -4.99801e-07
41.16 -3.66545e-06
41.18 -5.91365e-06
41.2 -9.28699e-06
41.22 -1.34051e-05
41.24 -1.45907e-05
41.26 -1.10191e-05
41.28 -7.41124e-06
41.3 -9.16333e-06
41.32 -1.21089e-05
41.34 -8.60488e-06
41.36 -9.93426e-07
41.38 2.49424e-06
41.4 4.4641e-07
41.42 -1.49963e-07
41.44 6.35987e-06
41.46 1.54695e-05
41.48 1.7653e-05
41.5 1.15804e-05
41.52 6.37505e-06
41.54 9.07292e-06
41.56 1.51742e-05
41.58 1.4851e-05
41.6 5.79661e-06
41.62 -3.04213e-06
41.64 -3.16855e-06
41.66 1.7618e-06
41.68 2.2403e-06
41.7 -3.45436e-06
41.72 -9.1999e-06
41.74 -1.16171e-05
41.76 -1.28341e-05
41.78 -1.40273e-05
41.8 -1.39982e-05
41.82 -1.13563e-05
41.84 -5.0075e-06
41.86 2.93314e-06
41.88 7.20317e-06
41.9 6.49138e-06
41.92 6.47718e-06
41.94 1.11795e-05
41.96 1.62872e-05
41.98 1.57636e-05
42 1.01521e-05
42.02 4.93571e-06
42.04 2.70386e-06
42.06 4.74367e-07
42.08 -3.83237e-06
42.1 -6.24645e-06
42.12 -2.77689e-06
42.14 3.09368e-06
42.16 4.68425e-06
42.18 7.37749e-07
42.2 -3.52196e-06
42.22 -3.11632e-06
42.24 -2.11538e-07
42.26 -8.92275e-07
42.28 -6.22566e-06
42.3 -1.11498e-05
42.32 -1.18195e-05
42.34 -9.5319e-06
42.36 -6.30989e-06
42.38 -3.4003e-06
42.4 -1.91394e-06
42.42 1.32452e-07
42.44 3.92195e-06
42.46 5.95824e-06
42.48 4.41083e-06
42.5 2.11671e-06
42.52 2.73415e-06
42.54 6.31177e-06
42.56 8.70907e-06
42.58 7.02387e-06
42.6 3.76084e-06
42.62 3.73723e-06
42.64 6.77769e-06
42.66 7.20087e-06
42.68 3.08398e-06
42.7 1.18585e-07
42.72 2.84352e-06
42.74 6.9147e-06
42.76 4.37019e-06
42.78 -3.9071e-06
42.8 -6.84186e-06
42.82 -8.80404e-08
42.84 4.20058e-06
42.86 -3.8618e-06
42.88 -1.47686e-05
42.9 -1.41846e-05
42.92 -4.24336e-06
42.94 2.32617e-07
42.96 -7.3518e-06
42.98 -1.61073e-05
43 -1.26003e-05
43.02 3.92157e-07
43.04 7.74746e-06
43.06 3.22486e-06
43.08 -3.20962e-06
43.1 -7.13497e-07
43.12 8.08473e-06
43.14 1.16813e-05
43.16 6.75502e-06
43.18 2.47006e-06
43.2 4.87109e-06
43.22 7.78888e-06
43.24 4.17359e-06
43.26 -3.14931e-06
43.28 -6.44067e-06
43.3 -4.63847e-06
43.32 -4.7596e-06
43.34 -1.02073e-05
43.36 -1.52598e-05
43.38 -1.4197e-05
43.4 -9.3719e-06
43.42 -5.96967e-06
43.44 -3.97576e-06
43.46 -6.25463e-07
43.48 4.10103e-06
43.5 7.71988e-06
43.52 8.67848e-06
43.54 7.88979e-06
43.56 6.81019e-06
43.58 5.51121e-06
43.6 2.89213e-06
43.62 -6.47092e-07
43.64 -2.42307e-06
43.66 -1.21031e-06
43.68 2.64216e-07
43.7 -1.54505e-06
43.72 -5.39951e-06
43.74 -5.84954e-06
43.76 -2.24956e-06
43.78 -3.77366e-07
43.8 -1.75737e-06
43.82 -1.79758e-06
43.84 1.03534e-06
43.86 2.03141e-06
43.88 -2.24716e-06
43.9 -7.09788e-06
43.92 -5.90748e-06
43.94 -1.18848e-06
43.96 -1.6206e-06
43.98 -7.45522e-06
44 -9.26979e-06
44.02 -3.2412e-06
44.04 2.98139e-06
44.06 2.20313e-06
44.08 -2.60018e-06
44.1 -3.86898e-06
44.12 8.65142e-09
44.14 3.15176e-06
44.16 1.00337e-06
44.18 -3.71257e-06
44.2 -5.67664e-06
44.22 -4.3873e-06
44.24 -3.76855e-06
44.26 -5.78592e-06
44.28 -8.33529e-06
44.3 -8.61943e-06
44.32 -6.23896e-06
44.34 -2.84481e-06
44.36 -9.15306e-07
44.38 -1.42328e-06
44.4 -1.09136e-06
44.42 3.04816e-06
44.44 7.91522e-06
44.46 9.34726e-06
44.48 7.43772e-06
44.5 4.00938e-06
44.52 6.44422e-07
44.54 -1.38368e-06
44.56 -2.44674e-06
44.58 -4.00802e-06
44.6 -6.28557e-06
44.62 -7.62305e-06
44.64 -6.50359e-06
44.66 -3.85126e-06
44.68 -2.47498e-06
44.7 -3.47527e-06
44.72 -3.73342e-06
44.74 -8.29109e-07
44.76 2.52452e-06
44.78 2.86497e-06
44.8 3.82714e-07
44.82 -1.77119e-06
44.84 -6.95924e-07
44.86 2.87773e-06
44.88 5.12883e-06
44.9 3.64607e-06
44.92 3.91144e-07
44.94 -5.99369e-07
44.96 1.22153e-06
44.98 1.98232e-06
45 -8.84374e-07
45.02 -4.42257e-06
45.04 -3.8629e-06
45.06 5.71509e-07
45.08 3.42638e-06
45.1 9.39102e-07
45.12 -2.95597e-06
45.14 -2.09021e-06
45.16 1.85075e-06
45.18 2.05355e-06
45.2 -2.50209e-06
45.22 -4.63066e-06
45.24 8.99475e-07
45.26 9.0005e-06
45.28 1.09274e-05
45.3 5.81595e-06
45.32 1.8708e-06
45.34 4.9943e-06
45.36 8.38052e-06
45.38 3.1339e-06
45.4 -6.29053e-06
45.42 -7.79839e-06
45.44 1.23723e-06
45.46 7.53647e-06
45.48 5.72082e-07
45.5 -9.58024e-06
45.52 -7.82095e-06
45.54 2.15878e-06
45.56 4.08509e-06
45.58 -4.92519e-06
45.6 -1.02989e-05
45.62 -3.20352e-06
45.64 5.79099e-06
45.66 2.41475e-06
45.68 -9.00067e-06
45.7 -1.11846e-05
45.72 -4.83943e-07
45.74 7.1014e-06
45.76 -2.36014e-07
45.78 -1.18284e-05
45.8 -9.41071e-06
45.82 5.07582e-06
45.84 1.16163e-05
45.86 2.69672e-06
45.88 -5.44787e-06
45.9 1.33224e-06
45.92 1.37375e-05
45.94 1.46715e-05
45.96 4.37135e-06
45.98 -3.07685e-06
46 -1.45752e-06
46.02 2.75473e-06
46.04 2.39369e-06
46.06 -1.7499e-06
46.08 -3.7946e-06
46.1 -3.20693e-06
46.12 -4.01798e-06
46.14 -6.4629e-06
46.16 -7.80609e-06
46.18 -5.71423e-06
46.2 -7.49819e-08
46.22 4.06663e-06
46.24 1.07059e-06
46.26 -4.23519e-06
46.28 -1.6162e-06
46.3 5.90183e-06
46.32 6.37759e-06
46.34 -1.12206e-07
46.36 -2.98763e-06
46.38 1.81887e-06
46.4 6.78603e-06
46.42 4.03799e-06
46.44 -2.37148e-06
46.46 -2.27726e-06
46.48 3.50901e-06
46.5 4.35979e-06
46.52 -2.02123e-06
46.54 -6.32218e-06
46.56 -2.62415e-06
46.58 3.04824e-06
46.6 2.04996e-06
46.62 -3.86168e-06
46.64 -5.54667e-06
46.66 -8.52021e-07
46.68 2.22429e-06
46.7 -1.95647e-06
46.72 -7.30665e-06
46.74 -4.97248e-06
46.76 1.97928e-06
46.78 3.90253e-06
46.8 5.70856e-08
46.82 -1.50275e-06
46.84 3.26921e-06
46.86 6.20863e-06
46.88 -2.95755e-07
46.9 -8.32593e-06
46.92 -6.65009e-06
46.94 2.41016e-06
46.96 7.09257e-06
46.98 1.94637e-06
47 -5.08111e-06
47.02 -4.49764e-06
47.04 1.84164e-06
47.06 4.60655e-06
47.08 -1.21123e-06
47.1 -8.73931e-06
47.12 -5.97471e-06
47.14 4.52235e-06
47.16 5.98778e-06
47.18 -5.49903e-06
47.2 -1.32433e-05
47.22 -5.26807e-06
47.24 7.31675e-06
47.26 6.6546e-06
47.28 -4.00797e-06
47.3 -5.10697e-06
47.32 8.15843e-06
47.34 1.89634e-05
47.36 1.51567e-05
47.38 5.32209e-06
47.4 2.60797e-06
47.42 4.35585e-06
47.44 -7.35851e-07
47.46 -9.77563e-06
47.48 -8.25682e-06
47.5 3.32467e-06
47.52 7.09892e-06
47.54 -2.19879e-06
47.56 -7.21698e-06
47.58 1.61959e-06
47.6 9.38251e-06
47.62 2.3801e-06
47.64 -9.79846e-06
47.66 -1.07388e-05
47.68 -2.19556e-06
47.7 1.1177e-06
47.72 -5.002e-06
47.74 -8.42708e-06
47.76 -8.8896e-07
47.78 7.88744e-06
47.8 5.61685e-06
47.82 -3.25568e-06
47.84 -5.54342e-06
47.86 8.18934e-08
47.88 2.51176e-06
47.9 -3.45688e-06
47.92 -8.34277e-06
47.94 -4.07947e-06
47.96 1.97447e-06
47.98 1.87538e-07
48 -5.12462e-06
48.02 -3.42914e-06
48.04 4.61251e-06
48.06 7.07582e-06
48.08 -1.63392e-06
48.1 -1.10907e-05
48.12 -7.79033e-06
48.14 5.75536e-06
48.16 1.0703e-05
48.18 -1.78696e-06
48.2 -1.40513e-05
48.22 -8.35303e-06
48.24 5.39064e-06
48.26 6.84705e-06
48.28 -4.06391e-06
48.3 -8.78506e-06
48.32 2.6027e-06
48.34 1.49733e-05
48.36 9.96776e-06
48.38 -4.34137e-06
48.4 -5.94977e-06
48.42 6.80164e-06
48.44 1.37006e-05
48.46 4.44303e-06
48.48 -6.94289e-06
48.5 -5.54676e-06
48.52 3.18315e-06
48.54 3.32446e-06
48.56 -7.63205e-06
48.58 -1.42346e-05
48.6 -6.94743e-06
48.62 2.60049e-06
48.64 -2.54584e-07
48.66 -9.8736e-06
48.68 -8.15891e-06
48.7 5.60169e-06
48.72 1.20195e-05
48.74 2.27009e-06
48.76 -7.60649e-06
48.78 -1.55499e-06
48.8 1.06188e-05
48.82 9.35462e-06
48.84 -3.01089e-06
48.86 -7.15806e-06
48.88 2.57276e-06
48.9 1.03963e-05
48.92 4.2717e-06
48.94 -5.98173e-06
48.96 -4.89768e-06
48.98 5.00117e-06
49 8.02248e-06
49.02 -1.98545e-07
49.04 -6.57466e-06
49.06 -1.44702e-06
49.08 6.84462e-06
49.1 5.46402e-06
49.12 -2.09305e-06
49.14 -1.9451e-06
49.16 6.83312e-06
49.18 1.05203e-05
49.2 2.14664e-06
49.22 -6.33558e-06
49.24 -2.35425e-06
49.26 5.64936e-06
49.28 2.50964e-06
49.3 -7.96392e-06
49.32 -9.9278e-06
49.34 -6.4154e-07
49.36 6.07683e-06
49.38 6.52288e-07
49.4 -7.84434e-06
49.42 -5.34232e-06
49.44 4.81282e-06
49.46 7.36883e-06
49.48 -7.00994e-07
49.5 -6.69164e-06
49.52 -2.77135e-06
49.54 2.76287e-06
49.56 6.84451e-07
49.58 -5.12168e-06
49.6 -6.56285e-06
49.62 -4.27394e-06
49.64 -5.15057e-06
49.66 -1.08167e-05
49.68 -1.41476e-05
49.7 -1.05152e-05
49.72 -5.26426e-06
49.74 -4.54239e-06
49.76 -5.99027e-06
49.78 -3.55175e-06
49.8 1.57444e-06
49.82 1.9115e-06
49.84 -3.22537e-06
49.86 -4.67236e-06
49.88 2.20744e-06
49.9 8.66922e-06
49.92 5.30673e-06
49.94 -2.91032e-06
49.96 -4.57646e-06
49.98 4.97805e-07
50 2.53852e-06
50.02 -2.75586e-06
50.04 -7.96054e-06
50.06 -4.52959e-06
50.08 3.98948e-06
50.1 5.51023e-06
50.12 -2.6357e-06
50.14 -8.98309e-06
50.16 -5.41095e-06
50.18 1.96396e-06
50.2 3.05833e-06
50.22 -3.03442e-06
50.24 -7.84349e-06
50.26 -4.60091e-06
50.28 2.22948e-06
50.3 3.08838e-06
50.32 -1.72122e-06
50.34 -2.72204e-06
50.36 2.40035e-06
50.38 5.30017e-06
50.4 1.73014e-06
50.42 -1.91864e-06
50.44 7.07209e-07
50.46 6.19588e-06
50.48 6.11736e-06
50.5 -6.09418e-07
50.52 -5.28203e-06
50.54 -1.73074e-06
50.56 4.92156e-06
50.58 5.77779e-06
50.6 1.00135e-06
50.62 -9.4845e-07
50.64 2.70055e-06
50.66 5.0324e-06
50.68 1.72103e-06
50.7 -1.94606e-06
50.72 -3.06907e-07
50.74 3.53928e-06
50.76 2.85842e-06
50.78 -2.0115e-06
50.8 -3.91382e-06
50.82 -9.47635e-07
50.84 -2.16274e-07
50.86 -5.04099e-06
50.88 -8.66121e-06
50.9 -6.02992e-06
50.92 -1.78944e-06
50.94 -2.07381e-06
50.96 -6.15951e-06
50.98 -8.5292e-06
51 -6.06294e-06
51.02 -1.91258e-06
51.04 -1.43237e-06
51.06 -4.28181e-06
51.08 -4.76156e-06
51.1 -1.41568e-06
51.12 9.36011e-07
51.14 -9.01803e-07
51.16 -4.54474e-06
51.18 -5.40177e-06
51.2 -2.1595e-06
51.22 1.06061e-06
51.24 1.46125e-07
51.26 -2.04802e-06
51.28 4.58891e-07
51.3 6.92342e-06
51.32 1.09344e-05
51.34 7.49957e-06
51.36 -4.26115e-06
51.38 -1.7811e-05
51.4 -2.23255e-05
51.42 -1.36528e-05
51.44 2.35721e-06
51.46 1.45654e-05
51.48 1.31726e-05
51.5 9.54588e-07
51.52 -4.54759e-06
51.54 4.97333e-06
51.56 1.35873e-05
51.58 6.40937e-06
51.6 -7.91692e-06
51.62 -1.12331e-05
51.64 -5.06552e-08
51.66 1.12346e-05
51.68 1.01883e-05
51.7 1.94184e-06
51.72 -2.53442e-07
51.74 5.27583e-06
51.76 7.61185e-06
51.78 8.67877e-07
51.8 -8.02281e-06
51.82 -1.00408e-05
51.84 -4.71707e-06
51.86 1.19936e-06
51.88 1.65615e-06
51.9 -2.10348e-06
51.92 -3.54309e-06
51.94 1.42049e-07
51.96 4.59493e-06
51.98 4.9451e-06
52 2.41636e-06
52.02 1.1706e-06
52.04 1.39652e-06
52.06 -6.78354e-09
52.08 -3.2521e-06
52.1 -4.24717e-06
52.12 -1.09769e-06
52.14 9.0721e-07
52.16 -2.25809e-06
52.18 -4.8293e-06
52.2 -1.32608e-07
52.22 7.96856e-06
52.24 9.76252e-06
52.26 3.73878e-06
52.28 -1.22007e-06
52.3 8.75963e-07
52.32 4.99679e-06
52.34 3.07025e-06
52.36 -3.95643e-06
52.38 -7.02907e-06
52.4 -2.58728e-06
52.42 1.8642e-06
52.44 -2.64519e-07
52.46 -3.73478e-06
52.48 -6.48326e-07
52.5 5.34171e-06
52.52 4.73349e-06
52.54 -2.61655e-06
52.56 -7.02737e-06
52.58 -3.86893e-06
52.6 -3.04477e-07
52.62 -2.71332e-06
52.64 -7.26853e-06
52.66 -7.02224e-06
52.68 -2.4006e-06
52.7 3.68411e-07
52.72 -8.17458e-07
52.74 -2.79905e-06
52.76 -2.9668e-06
52.78 -1.96589e-06
52.8 -2.01782e-06
52.82 -3.28622e-06
52.84 -3.61593e-06
52.86 -2.5001e-06
52.88 -2.22805e-06
52.9 -3.19717e-06
52.92 -2.37119e-06
52.94 5.11956e-07
52.96 8.36869e-07
52.98 -2.44184e-06
53 -3.74166e-06
53.02 -2.01882e-08
53.04 3.96385e-06
53.06 2.95355e-06
53.08 -4.28194e-07
53.1 1.5602e-07
53.12 4.70686e-06
53.14 6.37362e-06
53.16 2.74634e-06
53.18 2.06533e-07
53.2 2.19441e-06
53.22 4.07864e-06
53.24 1.79944e-06
53.26 -2.01803e-06
53.28 -2.71652e-06
53.3 -8.42592e-07
53.32 -8.4945e-07
53.34 -4.23217e-06
53.36 -6.5996e-06
53.38 -4.03816e-06
53.4 -1.86408e-07
53.42 -4.7088e-07
53.44 -3.14279e-06
53.46 -3.19811e-06
53.48 -7.15333e-07
53.5 3.7158e-07
53.52 -8.53623e-07
53.54 -1.35723e-06
53.56 2.68022e-07
53.58 1.54877e-06
53.6 1.44183e-07
53.62 -2.7243e-06
53.64 -4.07418e-06
53.66 -2.7659e-06
53.68 -1.04007e-06
53.7 -1.62636e-06
53.72 -2.8144e-06
53.74 -1.16894e-06
53.76 2.11813e-06
53.78 3.11931e-06
53.8 1.38494e-06
53.82 -1.48778e-07
53.84 7.81277e-07
53.86 3.19213e-06
53.88 3.1808e-06
53.9 -5.56672e-07
53.92 -3.17857e-06
53.94 -6.90765e-07
53.96 3.10657e-06
53.98 2.55649e-06
54 -1.33151e-06
54.02 -2.87274e-06
54.04 -7.25752e-09
54.06 3.2153e-06
54.08 2.81449e-06
54.1 1.1931e-07
54.12 -1.32178e-07
54.14 2.76677e-06
54.16 3.63003e-06
54.18 4.25264e-07
54.2 -2.83784e-06
54.22 -3.73118e-06
54.24 -3.48072e-06
54.26 -3.53039e-06
54.28 -4.25196e-06
54.3 -4.23196e-06
54.32 -2.55677e-06
54.34 -1.27372e-06
54.36 -2.17394e-06
54.38 -3.89544e-06
54.4 -3.97051e-06
54.42 -2.02821e-06
54.44 2.71802e-07
54.46 1.49387e-06
54.48 1.60333e-06
54.5 1.44941e-06
54.52 1.94876e-06
54.54 2.76898e-06
54.56 2.36544e-06
54.58 4.7503e-07
54.6 -8.94936e-07
54.62 2.61608e-07
54.64 2.49933e-06
54.66 2.37011e-06
54.68 -8.57318e-07
54.7 -4.32983e-06
54.72 -4.64933e-06
54.74 -2.64187e-06
54.76 -2.70934e-06
54.78 -5.45574e-06
54.8 -6.74903e-06
54.82 -4.8209e-06
54.84 -1.83224e-06
54.86 -5.42193e-08
54.88 4.25797e-07
54.9 1.50037e-06
54.92 3.43285e-06
54.94 3.94829e-06
54.96 3.03189e-06
54.98 3.11792e-06
55 3.72582e-06
55.02 2.45886e-06
55.04 -1.24917e-07
55.06 -1.10826e-06
55.08 -5.35734e-08
55.1 5.43988e-07
55.12 -1.01329e-07
55.14 -8.69609e-07
55.16 -9.57461e-07
55.18 -3.2592e-07
55.2 5.54348e-07
55.22 1.50059e-06
55.24 2.33094e-06
55.26 2.66953e-06
55.28 2.38479e-06
55.3 1.57683e-06
55.32 1.11987e-06
55.34 1.97339e-06
55.36 2.35702e-06
55.38 4.23296e-10
55.4 -2.68833e-06
55.42 -1.97367e-06
55.44 4.08463e-07
55.46 2.80041e-07
55.48 -2.17063e-06
55.5 -4.11742e-06
55.52 -3.98427e-06
55.54 -2.50389e-06
55.56 -1.62292e-06
55.58 -1.58666e-06
55.6 -1.50977e-06
55.62 -6.77869e-07
55.64 2.31028e-07
55.66 -1.19196e-06
55.68 -4.12001e-06
55.7 -3.97331e-06
55.72 4.171e-08
55.74 2.82058e-06
55.76 7.9008e-07
55.78 -2.75406e-06
55.8 -2.25036e-06
55.82 2.06776e-06
55.84 4.06403e-06
55.86 1.28989e-06
55.88 1.81551e-08
55.9 5.22779e-06
55.92 9.81235e-06
55.94 1.59913e-06
55.96 -1.54449e-05
55.98 -2.06637e-05
56 -7.46223e-06
56.02 6.77441e-06
56.04 6.07657e-06
56.06 -4.99513e-06
56.08 -7.99668e-06
56.1 3.80651e-06
56.12 1.53675e-05
56.14 1.17049e-05
56.16 -2.28664e-06
56.18 -8.7829e-06
56.2 -2.00267e-06
56.22 4.19713e-06
56.24 -3.25714e-07
56.26 -7.18715e-06
56.28 -4.80952e-06
56.3 4.46376e-06
56.32 8.66186e-06
56.34 3.31028e-06
56.36 -2.40854e-06
56.38 -4.23741e-07
56.4 4.01536e-06
56.42 2.35193e-06
56.44 -2.4468e-06
56.46 -6.51434e-07
56.48 6.93451e-06
56.5 8.68194e-06
56.52 1.43385e-06
56.54 -3.68075e-06
56.56 9.89198e-07
56.58 7.63745e-06
56.6 4.44197e-06
56.62 -5.91748e-06
56.64 -9.37179e-06
56.66 -1.658e-06
56.68 5.77243e-06
56.7 2.39733e-06
56.72 -6.34608e-06
56.74 -7.1341e-06
56.76 1.15096e-06
56.78 6.16824e-06
56.8 1.15701e-06
56.82 -4.96538e-06
56.84 -2.443e-06
56.86 4.28131e-06
56.88 5.44209e-06
56.9 -5.43132e-07
56.92 -6.10389e-06
56.94 -4.46371e-06
56.96 -2.58571e-07
56.98 -2.20689e-06
57 -8.29269e-06
57.02 -8.9807e-06
57.04 -3.40126e-06
57.06 -9.63588e-07
57.08 -4.89688e-06
57.1 -6.18706e-06
57.12 -1.12793e-08
57.14 4.56344e-06
57.16 1.70846e-07
57.18 -6.35688e-06
57.2 -4.5531e-06
57.22 3.33973e-06
57.24 5.03714e-06
57.26 -2.75195e-06
57.28 -8.62643e-06
57.3 -3.40816e-06
57.32 5.68429e-06
57.34 5.35182e-06
57.36 -3.37267e-06
57.38 -6.19619e-06
57.4 2.03132e-06
57.42 9.05497e-06
57.44 4.62101e-06
57.46 -4.61275e-06
57.48 -5.98399e-06
57.5 1.1277e-06
57.52 5.84967e-06
57.54 1.853e-06
57.56 -4.71973e-06
57.58 -4.5278e-06
57.6 1.68397e-06
57.62 4.92112e-06
57.64 1.34367e-06
57.66 -3.1047e-06
57.68 -2.07391e-06
57.7 1.93938e-06
57.72 2.16338e-06
57.74 -1.78499e-06
57.76 -3.85799e-06
57.78 -1.29029e-06
57.8 1.38151e-06
57.82 -5.2703e-09
57.84 -2.67689e-06
57.86 -1.90954e-06
57.88 1.16243e-06
57.9 1.4761e-06
57.92 -1.5254e-06
57.94 -2.80729e-06
57.96 -1.00357e-07
57.98 2.24898e-06
58 4.8053e-07
58.02 -2.58379e-06
58.04 -2.45744e-06
58.06 2.96399e-07
58.08 1.56789e-06
58.1 -2.1971e-07
58.12 -2.08225e-06
58.14 -1.14657e-06
58.16 1.05883e-06
58.18 1.22409e-06
58.2 -6.58043e-07
58.22 -1.51652e-06
58.24 -4.85242e-08
58.26 1.34995e-06
58.28 4.81033e-07
58.3 -1.24535e-06
58.32 -1.15262e-06
58.34 5.3895e-07
58.36 1.18293e-06
58.38 -9.5253e-08
58.4 -1.15562e-06
58.42 -3.23206e-07
58.44 1.05845e-06
58.46 8.58155e-07
58.48 -5.61235e-07
58.5 -1.02754e-06
58.52 1.07781e-07
58.54 1.05368e-06
58.56 3.75822e-07
58.58 -8.14742e-07
58.6 -6.62641e-07
58.62 5.39202e-07
58.64 8.96796e-07
58.66 -7.60625e-08
58.68 -7.92715e-07
58.7 -1.76036e-07
58.72 7.37719e-07
58.74 5.3756e-07
58.76 -3.9559e-07
58.78 -5.91083e-07
58.8 2.02061e-07
58.82 7.13659e-07
58.84 1.84312e-07
58.86 -5.16988e-07
58.88 -3.16371e-07
58.9 4.26932e-07
58.92 5.56876e-07
58.94 -8.01791e-08
58.96 -4.69438e-07
58.98 -3.7622e-08
59 5.10774e-07
59.02 3.42131e-07
59.04 -2.39054e-07
59.06 -3.25018e-07
59.08 1.84246e-07
59.1 4.82808e-07
59.12 1.36115e-07
59.14 -2.86978e-07
59.16 -1.40034e-07
59.18 3.19529e-07
59.2 3.79208e-07
59.22 -2.22728e-08
59.24 -2.45532e-07
59.26 3.73679e-08
59.28 3.68158e-07
59.3 2.46586e-07
59.32 -1.1126e-07
59.34 -1.46725e-07
59.36 1.74984e-07
59.38 3.46956e-07
59.4 1.2198e-07
59.42 -1.31265e-07
59.44 -2.58006e-08
59.46 2.58006e-07
59.48 2.8237e-07
59.5 3.03297e-08
59.52 -9.65038e-08
59.54 8.78194e-08
59.56 2.87006e-07
59.58 2.01935e-07
59.6 -1.74224e-08
59.62 -2.81967e-08
59.64 1.74767e-07
59.66 2.73482e-07
59.68 1.28447e-07
59.7 -2.24655e-08
59.72 5.17408e-08
59.74 2.26808e-07
59.76 2.34355e-07
59.78 7.67505e-08
59.8 5.6266e-09
59.82 1.25378e-07
59.84 2.45192e-07
59.86 1.86787e-07
59.88 5.28407e-08
59.9 5.33179e-08
59.92 1.8125e-07
59.94 2.37659e-07
59.96 1.44751e-07
59.98 -2.00127e-07
