0.02 4.87001e-05
0.04 0.000137975
0.06 0.000151069
0.08 6.91477e-05
0.1 1.98013e-05
0.12 7.39515e-05
0.14 0.000142968
0.16 0.000123648
0.18 5.57219e-05
0.2 5.23314e-05
0.22 0.00012287
0.24 0.000165835
0.26 0.000131537
0.28 9.51035e-05
0.3 0.000131833
0.32 0.000192203
0.34 0.000199909
0.36 0.000183732
0.38 0.000177247
0.4 9.3105e-05
0.42 -0.000117476
0.44 -0.000107299
0.46 0.000326562
0.48 0.000515956
0.5 1.89772e-05
0.52 -0.000488171
0.54 -0.000355063
0.56 -0.000104081
0.58 -0.000514744
0.6 -0.000948291
0.62 -0.000432746
0.64 0.000169944
0.66 -0.000211429
0.68 -0.00130473
0.7 -0.00191212
0.72 -0.000454122
0.74 0.0016415
0.76 0.00117568
0.78 -0.000632893
0.8 0.000168806
0.82 0.00353775
0.84 0.00561937
0.86 0.00404818
0.88 0.000626227
0.9 -0.000900014
0.92 0.000743288
0.94 0.00257048
0.96 0.000749897
0.98 -0.00341356
1 -0.004612
1.02 -0.00103104
1.04 0.00273015
1.06 0.00120745
1.08 -0.00445026
1.1 -0.00780306
1.12 -0.00489216
1.14 0.00178184
1.16 0.00465663
1.18 -0.00103872
1.2 -0.00823283
1.22 -0.00626389
1.24 0.00250173
1.26 0.00589774
1.28 -0.00109733
1.3 -0.0107407
1.32 -0.0113931
1.34 0.000287338
1.36 0.0141372
1.38 0.0170855
1.4 0.00656485
1.42 -0.00785565
1.44 -0.0136431
1.46 -0.00878004
1.48 -0.0033576
1.5 -0.00629766
1.52 -0.0149957
1.54 -0.0217226
1.56 -0.0237259
1.58 -0.0219097
1.6 -0.0165494
1.62 -0.00837334
1.64 -5.02933e-05
1.66 0.00477303
1.68 0.0035533
1.7 -0.00288849
1.72 -0.0110657
1.74 -0.0176778
1.76 -0.0192376
1.78 -0.0135781
1.8 -0.00454662
1.82 0.000235658
1.84 -0.00397584
1.86 -0.0148459
1.88 -0.0226
1.9 -0.0187841
1.92 -0.00711268
1.94 0.000931799
1.96 -0.00089074
1.98 -0.0104547
2 -0.0231247
2.02 -0.0387996
2.04 -0.0623456
2.06 -0.0962384
2.08 -0.137926
2.1 -0.183856
2.12 -0.229663
2.14 -0.268696
2.16 -0.294939
2.18 -0.303985
2.2 -0.292446
2.22 -0.261105
2.24 -0.214364
2.26 -0.157246
2.28 -0.0981112
2.3 -0.0473038
2.32 -0.0116975
2.34 0.0047412
2.36 0.00192111
2.38 -0.0169332
2.4 -0.0514629
2.42 -0.102404
2.44 -0.164944
2.46 -0.229902
2.48 -0.287952
2.5 -0.330131
2.52 -0.349014
2.54 -0.341434
2.56 -0.307525
2.58 -0.246145
2.6 -0.153383
2.62 -0.0271827
