0.02 4.83981e-05
0.04 0.00013712
0.06 0.000150131
0.08 6.87184e-05
0.1 1.96783e-05
0.12 7.34927e-05
0.14 0.000142081
0.16 0.00012288
0.18 5.53759e-05
0.2 5.20067e-05
0.22 0.000122108
0.24 0.000164806
0.26 0.000130721
0.28 9.45134e-05
0.3 0.000131015
0.32 0.00019101
0.34 0.000198668
0.36 0.000182591
0.38 0.000176147
0.4 9.25269e-05
0.42 -0.000116748
0.44 -0.000106635
0.46 0.000324537
0.48 0.000512754
0.5 1.88578e-05
0.52 -0.000485143
0.54 -0.000352864
0.56 -0.00010344
0.58 -0.000511551
0.6 -0.0009424
0.62 -0.000430052
0.64 0.000168894
0.66 -0.000210105
0.68 -0.0012966
0.7 -0.00190019
0.72 -0.000451188
0.74 0.00163143
0.76 0.00116842
0.78 -0.000628993
0.8 0.000167787
0.82 0.00351364
0.84 0.00557069
0.86 0.00399415
0.88 0.000598922
0.9 -0.000889358
0.92 0.000761352
0.94 0.00255792
0.96 0.00071687
0.98 -0.00341716
1 -0.00456497
1.02 -0.000979261
1.04 0.00272482
1.06 0.00115604
1.08 -0.00445976
1.1 -0.00771067
1.12 -0.00475558
1.14 0.00182622
1.16 0.00456024
1.18 -0.0011546
1.2 -0.00820654
1.22 -0.00610249
1.24 0.00260529
1.26 0.00580835
1.28 -0.00128754
1.3 -0.010835
1.32 -0.0112932
1.34 0.000479123
1.36 0.0142351
1.38 0.0169966
1.4 0.00633703
1.42 -0.00802553
1.44 -0.0135647
1.46 -0.00848244
1.48 -0.00307037
1.5 -0.00621938
1.52 -0.0151115
1.54 -0.0219432
1.56 -0.0240897
1.58 -0.0224851
1.6 -0.0172655
1.62 -0.00900636
1.64 -0.000334245
1.66 0.004935
1.68 0.00398075
1.7 -0.00256558
1.72 -0.011154
1.74 -0.0182926
1.76 -0.0202566
1.78 -0.014636
1.8 -0.00518991
1.82 0.000324576
1.84 -0.0032472
1.86 -0.0140201
1.88 -0.0223809
1.9 -0.0196059
1.92 -0.00870719
1.94 -0.000651034
1.96 -0.0016909
1.98 -0.0101462
2 -0.0220946
2.02 -0.0374177
2.04 -0.0603968
2.06 -0.0935387
2.08 -0.134667
2.1 -0.18027
2.12 -0.22589
2.14 -0.264898
2.16 -0.291275
2.18 -0.300524
2.2 -0.289204
2.22 -0.258126
2.24 -0.211696
2.26 -0.154878
2.28 -0.0959997
2.3 -0.0453939
2.32 -0.00989795
2.34 0.00626567
2.36 0.0028754
2.38 -0.0166943
2.4 -0.0515985
2.42 -0.102369
2.44 -0.164646
2.46 -0.229181
2.48 -0.286354
2.5 -0.327507
2.52 -0.345501
2.54 -0.337068
2.56 -0.302389
2.58 -0.240599
2.6 -0.147898
2.62 -0.0221684
