0.02 1.24107e-06
0.04 3.5157e-06
0.06 3.84795e-06
0.08 1.76001e-06
0.1 5.03789e-07
0.12 1.88362e-06
0.14 3.64066e-06
0.16 3.14769e-06
0.18 1.41807e-06
0.2 1.33283e-06
0.22 3.12963e-06
0.24 4.22311e-06
0.26 3.34944e-06
0.28 2.42236e-06
0.3 3.35805e-06
0.32 4.89487e-06
0.34 5.09031e-06
0.36 4.67861e-06
0.38 4.51429e-06
0.4 2.36966e-06
0.42 -2.99792e-06
0.44 -2.73807e-06
0.46 8.32074e-06
0.48 1.31402e-05
0.5 4.76423e-07
0.52 -1.24393e-05
0.54 -9.05869e-06
0.56 -2.67024e-06
0.58 -1.31159e-05
0.6 -2.41243e-05
0.62 -1.09874e-05
0.64 4.3445e-06
0.66 -5.33777e-06
0.68 -3.31146e-05
0.7 -4.84641e-05
0.72 -1.11446e-05
0.74 4.22156e-05
0.76 3.00707e-05
0.78 -1.61628e-05
0.8 4.39945e-06
0.82 8.85616e-05
0.84 0.00012472
0.86 6.04333e-05
0.88 -1.63652e-05
0.9 -1.03718e-05
0.92 4.88373e-05
0.94 5.4855e-05
0.96 -2.96556e-05
0.98 -0.000106542
1 -7.32891e-05
1.02 2.55568e-05
1.04 5.1639e-05
1.06 -3.87232e-05
1.08 -0.000129677
1.1 -0.000105576
1.12 -4.37411e-06
1.14 5.2635e-05
1.16 4.19165e-06
1.18 -9.90833e-05
1.2 -0.000107615
1.22 2.35048e-05
1.24 9.83633e-05
1.26 -1.34241e-05
1.28 -0.000154
1.3 -0.000136006
1.32 1.56354e-05
1.34 0.000135269
1.36 9.7253e-05
1.38 -4.09163e-05
1.4 -9.2443e-05
1.42 3.5862e-06
1.44 7.99656e-05
1.46 -3.22923e-05
1.48 -0.000240155
1.5 -0.00028817
1.52 -0.000126084
1.54 6.77391e-06
1.56 -7.20836e-05
1.58 -0.000221893
1.6 -0.000184019
1.62 1.96105e-05
1.64 0.00011003
1.66 -1.91764e-05
1.68 -0.000155055
1.7 -9.93251e-05
1.72 4.12117e-05
1.74 2.77403e-05
1.76 -0.000116233
1.78 -0.000143238
1.8 -2.29101e-05
1.82 1.54733e-05
1.84 -0.000116245
1.86 -0.000214979
1.88 -7.71557e-05
1.9 0.000140187
1.92 7.9783e-05
1.94 -0.000223243
1.96 -0.000319391
1.98 -6.04361e-05
2 0.00011784
2.02 -0.000113935
2.04 -0.000430442
2.06 -0.000360614
2.08 -3.59575e-05
2.1 2.28884e-05
2.12 -0.000252053
2.14 -0.000380815
2.16 -0.000133363
2.18 0.000133039
2.2 6.68672e-05
2.22 -0.00019316
2.24 -0.000259186
2.26 -4.89518e-05
2.28 6.74804e-05
2.3 -0.0001475
2.32 -0.000381575
2.34 -0.000285676
2.36 -3.04911e-06
2.38 6.2923e-05
2.4 -0.000203547
2.42 -0.000430941
2.44 -0.000268522
2.46 5.10725e-05
2.48 7.02694e-05
2.5 -0.000161644
2.52 -0.000209362
2.54 1.59978e-05
2.56 0.000172301
2.58 0.000110302
2.6 8.84499e-05
2.62 0.000283034
2.64 0.000481773
2.66 0.000452409
2.68 0.000341187
2.7 0.00043701
2.72 0.000698348
2.74 0.000840322
2.76 0.000782539
2.78 0.000705737
2.8 0.000762719
2.82 0.000909571
2.84 0.000978153
2.86 0.000912382
2.88 0.00080966
2.9 0.000753072
2.92 0.000781198
2.94 0.000836876
2.96 0.000789676
2.98 0.000678871
3 0.000683503
3.02 0.000679407
3.04 0.000411465
3.06 0.000117927
3.08 0.000114645
3.1 0.000184039
3.12 3.44933e-06
3.14 -0.00033739
3.16 -0.000539072
3.18 -0.000543498
3.2 -0.000567979
3.22 -0.000751199
3.24 -0.0009586
3.26 -0.000990083
3.28 -0.000887094
3.3 -0.000821166
3.32 -0.000838318
3.34 -0.000834835
3.36 -0.000633618
3.38 -0.000291124
3.4 -0.000128
3.42 -0.000209649
3.44 -0.000141157
3.46 0.000352905
3.48 0.000847271
3.5 0.000775044
3.52 0.000386071
3.54 0.000385153
3.56 0.00080737
3.58 0.00103026
3.6 0.000805774
3.62 0.000614
3.64 0.000723275
3.66 0.000581856
3.68 1.74204e-05
3.7 -0.000218154
3.72 5.01808e-05
3.74 6.837e-05
3.76 -0.000425734
3.78 -0.000771906
3.8 -0.000526101
3.82 -0.000196657
3.84 -0.000366742
3.86 -0.000784855
3.88 -0.000885276
3.9 -0.000627804
3.92 -0.000488745
3.94 -0.000734902
3.96 -0.00103528
3.98 -0.000896497
4 -0.000315946
4.02 2.2764e-05
4.04 -0.000314689
4.06 -0.000669901
4.08 -0.000297799
4.1 0.000375644
4.12 0.000466405
4.14 5.56139e-05
4.16 -3.74648e-05
4.18 0.000315041
4.2 0.000320369
4.22 -0.000269985
4.24 -0.000643216
4.26 -0.00034199
4.28 2.5661e-05
4.3 -0.000142558
4.32 -0.000394318
4.34 6.45795e-06
4.36 0.000587767
4.38 0.000398547
4.4 -0.000297098
4.42 -0.000491181
4.44 -2.13201e-05
4.46 0.000362723
4.48 0.000262764
4.5 -9.0271e-05
4.52 -0.000374704
4.54 -0.000315767
4.56 -2.75453e-06
4.58 0.000120157
4.6 -0.000103546
4.62 -0.000318675
4.64 -9.84586e-05
4.66 0.000381175
4.68 0.000471469
4.7 0.000118568
4.72 -1.93657e-06
4.74 0.000383939
4.76 0.000731314
4.78 0.000470844
4.8 -0.000167124
4.82 -0.000318845
4.84 0.000244663
4.86 0.000639687
4.88 0.000242195
4.9 -0.000326816
4.92 -0.000253219
4.94 0.000186525
4.96 0.000200941
4.98 -0.000258351
5 -0.000590334
5.02 -0.000499257
5.04 -0.000338525
5.06 -0.000397519
5.08 -0.000291061
5.1 0.00017217
5.12 0.000370425
5.14 1.44916e-05
5.16 -0.00027316
5.18 2.86987e-06
5.2 0.000466517
5.22 0.000507078
5.24 8.46258e-05
5.26 -0.000394011
5.28 -0.000444064
5.3 1.69718e-05
5.32 0.000436758
5.34 0.000361014
5.36 2.23082e-05
5.38 -7.5674e-05
5.4 0.000134177
5.42 0.000269194
5.44 0.000179998
5.46 0.000132972
5.48 0.000252375
5.5 0.000337884
5.52 0.000252614
5.54 0.000113018
5.56 5.97505e-05
5.58 7.66152e-05
5.6 7.55754e-05
5.62 2.09037e-05
5.64 3.51162e-06
5.66 9.44467e-05
5.68 0.000129742
5.7 -1.96425e-06
5.72 -0.000106093
5.74 -3.6506e-05
5.76 5.9853e-05
5.78 -1.02213e-05
5.8 -0.000175542
5.82 -0.000169841
5.84 1.34157e-05
5.86 4.94998e-05
5.88 -0.00016652
5.9 -0.000346823
5.92 -0.000229177
5.94 0.000111708
5.96 0.000304348
5.98 0.000178901
6 6.39332e-05
6.02 0.000201405
6.04 0.000369573
6.06 0.000361211
6.08 0.00022823
6.1 0.000102799
6.12 0.000144728
6.14 0.000338461
6.16 0.000412652
6.18 0.00014115
6.2 -0.000313331
6.22 -0.000450963
6.24 -0.0001991
6.26 -0.000117107
6.28 -0.00044658
6.3 -0.000663755
6.32 -0.000324461
6.34 0.000134027
6.36 5.65329e-05
6.38 -0.000350501
6.4 -0.000397467
6.42 -7.83856e-06
6.44 0.000242958
6.46 1.72386e-05
6.48 -0.000365402
6.5 -0.000467493
6.52 -0.000302354
6.54 -0.000247233
6.56 -0.000417927
6.58 -0.000419264
6.6 -0.00013822
6.62 -2.62137e-05
6.64 -0.000183645
6.66 -0.000145461
6.68 0.000207671
6.7 0.000378126
6.72 2.9652e-05
6.74 -0.000474474
6.76 -0.000501402
6.78 -2.98569e-05
6.8 0.000277179
6.82 1.69495e-05
6.84 -0.000355883
6.86 -0.0002207
6.88 0.00021578
6.9 0.000242811
6.92 -0.000230922
6.94 -0.000534455
6.96 -0.000224612
6.98 0.000275606
7 0.000302696
7.02 -0.000111599
7.04 -0.000322364
7.06 -1.81618e-05
7.08 0.00033368
7.1 0.00024723
7.12 -4.92608e-05
7.14 -5.98643e-05
7.16 0.000220981
7.18 0.000375529
7.2 0.000216218
7.22 3.6908e-05
7.24 0.000132533
7.26 0.000314957
7.28 0.000183708
7.3 -0.000158013
7.32 -0.000176592
7.34 0.000198929
7.36 0.000407068
7.38 0.00014172
7.4 -0.000170551
7.42 -7.72787e-05
7.44 0.000212296
7.46 0.000210212
7.48 -0.000114344
7.5 -0.000294607
7.52 -7.38545e-05
7.54 0.000163221
7.56 1.28892e-05
7.58 -0.0002608
7.6 -0.000150648
7.62 0.000256689
7.64 0.000405196
7.66 0.000172049
7.68 1.41101e-06
7.7 0.00012344
7.72 0.000251382
7.74 0.000126731
7.76 -2.13416e-05
7.78 0.000115195
7.8 0.000344482
7.82 0.000298505
7.84 1.03706e-05
7.86 -0.000192857
7.88 -0.000118896
7.9 7.34791e-05
7.92 7.72847e-05
7.94 -0.000109412
7.96 -0.000181685
7.98 -3.60118e-05
8 8.72193e-05
8.02 3.27266e-05
8.04 -4.67709e-05
8.06 3.7944e-06
8.08 9.8704e-05
8.1 9.51481e-05
8.12 1.84477e-05
8.14 -9.46099e-06
8.16 4.37255e-05
8.18 0.00011191
8.2 0.000150399
8.22 0.000142086
8.24 8.28311e-06
8.26 -0.000203898
8.28 -0.000214206
8.3 3.30362e-05
8.32 0.000214714
8.34 0.000125184
8.36 -7.15563e-05
8.38 -0.000101645
8.4 7.00502e-05
8.42 0.000204117
8.44 9.8074e-05
8.46 -0.00016997
8.48 -0.000280621
8.5 -5.51131e-05
8.52 0.00021119
8.54 0.000152897
8.56 -7.93063e-05
8.58 -6.94419e-05
8.6 0.000216639
8.62 0.00038174
8.64 0.000156404
8.66 -0.000132567
8.68 1.78052e-06
8.7 0.000380932
8.72 0.00042127
8.74 6.58481e-05
8.76 -0.000159333
8.78 3.85293e-05
8.8 0.000294613
8.82 0.000155874
8.84 -0.000230889
8.86 -0.000379348
8.88 -0.000141512
8.9 0.000155944
8.92 0.000115261
8.94 -0.000144357
8.96 -0.000161308
8.98 6.32479e-05
9 0.000130247
9.02 -6.64999e-05
9.04 -0.000239183
9.06 -0.00013628
9.08 0.000123884
9.1 0.00016024
9.12 -0.000125418
9.14 -0.000319855
9.16 -0.000147614
9.18 5.36109e-05
9.2 -8.0811e-05
9.22 -0.000346622
9.24 -0.000323365
9.26 -2.78629e-05
9.28 0.000124189
9.3 -2.41298e-05
9.32 -0.000153045
9.34 -7.10366e-06
9.36 0.000221079
9.38 0.000188209
9.4 -8.85673e-05
9.42 -0.000219174
9.44 -8.41252e-08
9.46 0.000250624
9.48 0.00012406
9.5 -0.000244452
9.52 -0.000321605
9.54 -4.05863e-06
9.56 0.000185827
9.58 -4.48155e-06
9.6 -0.000119682
9.62 0.000103969
9.64 0.000223368
9.66 -7.6332e-05
9.68 -0.000394167
9.7 -0.000289634
9.72 4.68796e-05
9.74 0.000178681
9.76 -4.45261e-05
9.78 -0.000382974
9.8 -0.000385292
9.82 -2.7982e-05
9.84 0.000170408
9.86 1.49911e-05
9.88 -0.000115219
9.9 4.10591e-05
9.92 0.000244247
9.94 0.000131216
9.96 -0.000175165
9.98 -0.000180115
10 0.000178759
10.02 0.000382686
10.04 0.000145554
10.06 -0.000148371
10.08 -8.92287e-05
10.1 0.000135178
10.12 0.00010441
10.14 -0.000186202
10.16 -0.000330947
10.18 -0.000108985
10.2 0.000148175
10.22 4.18765e-05
10.24 -0.000265661
10.26 -0.000310239
10.28 -3.70071e-05
10.3 0.000155063
10.32 3.90691e-05
10.34 -0.000142133
10.36 -8.5909e-05
10.38 0.000121852
10.4 0.000163702
10.42 3.50626e-06
10.44 -6.72605e-05
10.46 7.46791e-05
10.48 0.000201137
10.5 0.00013124
10.52 4.95936e-06
10.54 1.13588e-05
10.56 5.83365e-05
10.58 -4.93478e-06
10.6 -6.3386e-05
10.62 1.65433e-05
10.64 0.000114387
10.66 8.28473e-05
10.68 -2.78035e-05
10.7 -9.34972e-05
10.72 -6.72949e-05
10.74 1.16142e-07
10.76 4.26619e-06
10.78 -5.33233e-05
10.8 -3.1482e-05
10.82 8.96469e-05
10.84 0.000144686
10.86 4.20025e-05
10.88 -0.000115997
10.9 -0.000146001
10.92 -9.77826e-06
10.94 9.69237e-05
10.96 2.31117e-05
10.98 -0.000102455
11 -9.15917e-05
11.02 8.60636e-06
11.04 2.22076e-05
11.06 -6.12039e-05
11.08 -8.95231e-05
11.1 -2.84702e-06
11.12 9.58109e-05
11.14 0.000109019
11.16 6.24083e-05
11.18 4.46461e-05
11.2 8.27319e-05
11.22 0.000120518
11.24 8.61897e-05
11.26 -2.24338e-05
11.28 -9.9404e-05
11.3 -6.32312e-05
11.32 1.03444e-05
11.34 -1.43564e-06
11.36 -9.25137e-05
11.38 -0.000143166
11.4 -6.81178e-05
11.42 6.56726e-05
11.44 9.18838e-05
11.46 -2.15105e-05
11.48 -0.000102572
11.5 -3.55974e-05
11.52 6.72464e-05
11.54 5.98945e-05
11.56 -1.32937e-05
11.58 -7.4151e-06
11.6 9.27175e-05
11.62 0.000157647
11.64 0.000110324
11.66 3.18715e-05
11.68 3.08026e-05
11.7 8.00761e-05
11.72 7.62583e-05
11.74 1.25679e-05
11.76 -3.42736e-05
11.78 -4.25707e-05
11.8 -6.01143e-05
11.82 -0.000110015
11.84 -0.000142564
11.86 -0.000111562
11.88 -6.04975e-05
11.9 -3.9174e-05
11.92 -8.78734e-06
11.94 5.4042e-05
11.96 8.39463e-05
11.98 4.03291e-05
12 -1.95385e-05
12.02 -1.75385e-05
12.04 4.10059e-05
12.06 6.93118e-05
12.08 2.65709e-05
12.1 -2.48071e-05
12.12 -2.70524e-05
12.14 1.47868e-05
12.16 6.62766e-05
12.18 7.64537e-05
12.2 2.87702e-05
12.22 -2.23982e-05
12.24 -3.48407e-05
12.26 -3.67958e-05
12.28 -6.49745e-05
12.3 -0.000106583
12.32 -0.000122753
12.34 -0.000102998
12.36 -7.3903e-05
12.38 -5.38241e-05
12.4 -3.1799e-05
12.42 1.11421e-06
12.44 3.16804e-05
12.46 4.01382e-05
12.48 3.08799e-05
12.5 3.62673e-05
12.52 6.56102e-05
12.54 8.03081e-05
12.56 5.51466e-05
12.58 3.00265e-05
12.6 5.09422e-05
12.62 9.36296e-05
12.64 9.37199e-05
12.66 2.89525e-05
12.68 -3.96851e-05
12.7 -3.90857e-05
12.72 4.57372e-06
12.74 5.11725e-06
12.76 -5.11618e-05
12.78 -9.25708e-05
12.8 -6.07003e-05
12.82 2.61948e-05
12.84 8.24844e-05
12.86 4.23292e-05
12.88 -4.12703e-05
12.9 -5.20673e-05
12.92 2.7637e-05
12.94 8.36741e-05
12.96 3.23983e-05
12.98 -4.90974e-05
13 -4.11139e-05
13.02 3.12243e-05
13.04 4.63179e-05
13.06 -1.25122e-05
13.08 -3.72507e-05
13.1 2.08756e-05
13.12 7.86822e-05
13.14 5.81641e-05
13.16 -3.34897e-06
13.18 -2.50544e-05
13.2 3.24396e-06
13.22 3.20047e-05
13.24 3.06788e-05
13.26 1.48388e-05
13.28 1.3485e-06
13.3 -2.11518e-05
13.32 -4.88296e-05
13.34 -4.89502e-05
13.36 -1.1859e-05
13.38 2.99358e-05
13.4 3.41821e-05
13.42 -2.78328e-06
13.44 -2.69442e-05
13.46 -4.09366e-06
13.48 1.45484e-05
13.5 -1.66712e-05
13.52 -4.86668e-05
13.54 -2.38298e-05
13.56 1.91366e-05
13.58 7.45573e-06
13.6 -4.85414e-05
13.62 -6.91451e-05
13.64 -2.32798e-05
13.66 2.41226e-05
13.68 4.75603e-06
13.7 -5.34863e-05
13.72 -6.60217e-05
13.74 -1.30438e-05
13.76 4.0083e-05
13.78 4.18439e-05
13.8 1.75248e-05
13.82 1.65493e-05
13.84 3.76339e-05
13.86 3.5436e-05
13.88 -8.88212e-06
13.9 -4.81686e-05
13.92 -3.21842e-05
13.94 1.47858e-05
13.96 3.11429e-05
13.98 5.5586e-06
14 -1.62398e-05
14.02 1.0166e-05
14.04 7.55621e-05
14.06 0.000115272
14.08 9.10295e-05
14.1 4.34983e-05
14.12 9.86197e-06
14.14 -2.13179e-05
14.16 -4.03612e-05
14.18 -1.87605e-05
14.2 1.2668e-05
14.22 -1.22663e-05
14.24 -8.27396e-05
14.26 -0.000107275
14.28 -4.7848e-05
14.3 1.68046e-05
14.32 -1.03583e-06
14.34 -7.82875e-05
14.36 -0.000110385
14.38 -5.31099e-05
14.4 8.70815e-06
14.42 -1.87742e-05
14.44 -9.453e-05
14.46 -9.81601e-05
14.48 -1.38631e-05
14.5 4.77794e-05
14.52 2.37427e-05
14.54 -1.81128e-05
14.56 4.05533e-07
14.58 4.39916e-05
14.6 3.17663e-05
14.62 -1.27664e-05
14.64 6.37263e-06
14.66 8.46534e-05
14.68 0.000103532
14.7 -3.82778e-06
14.72 -0.000138843
14.74 -0.000139645
14.76 -1.02969e-05
14.78 6.61066e-05
14.8 -2.19137e-05
14.82 -0.000151261
14.84 -0.000125872
14.86 2.8872e-05
14.88 7.85911e-05
14.9 -5.63684e-05
14.92 -0.000145179
14.94 -1.78684e-05
14.96 0.000137815
14.98 8.27581e-05
15 -8.73659e-05
15.02 -0.000107586
15.04 3.44877e-05
15.06 9.59545e-05
15.08 -2.32516e-05
15.1 -0.000133545
15.12 -5.8688e-05
15.14 0.000107642
15.16 0.000144295
15.18 1.92334e-05
15.2 -6.97979e-05
15.22 3.59669e-06
15.24 0.000100974
15.26 4.54284e-05
15.28 -9.74473e-05
15.3 -0.000133379
15.32 -3.58978e-05
15.34 3.5189e-05
15.36 -1.40447e-05
15.38 -8.18347e-05
15.4 -4.18383e-05
15.42 6.19855e-05
15.44 8.61435e-05
15.46 1.1732e-06
15.48 -7.4036e-05
15.5 -4.65418e-05
15.52 3.54774e-05
15.54 6.11808e-05
15.56 1.07005e-05
15.58 -1.77653e-05
15.6 3.69513e-05
15.62 9.50146e-05
15.64 5.8565e-05
15.66 -3.50134e-05
15.68 -6.18179e-05
15.7 1.33282e-05
15.72 8.68171e-05
15.74 6.98915e-05
15.76 1.02555e-05
15.78 3.14468e-06
15.8 5.18222e-05
15.82 7.34087e-05
15.84 2.12694e-05
15.86 -4.26734e-05
15.88 -3.30149e-05
15.9 3.15294e-05
15.92 5.7277e-05
15.94 2.03459e-05
15.96 -1.00311e-06
15.98 4.22007e-05
16 8.75238e-05
16.02 6.64769e-05
16.04 1.18913e-05
16.06 -2.89401e-06
16.08 3.16552e-05
16.1 5.74748e-05
16.12 2.70732e-05
16.14 -3.08068e-05
16.16 -4.11974e-05
16.18 1.82038e-05
16.2 7.61313e-05
16.22 5.85111e-05
16.24 -5.09205e-06
16.26 -3.51591e-05
16.28 -1.8032e-05
16.3 1.11319e-05
16.32 3.14593e-05
16.34 3.01776e-05
16.36 1.12728e-06
16.38 -2.85282e-05
16.4 -2.36341e-05
16.42 -4.80449e-07
16.44 -6.95432e-06
16.46 -4.47892e-05
16.48 -6.93175e-05
16.5 -6.82368e-05
16.52 -8.17234e-05
16.54 -0.000123127
16.56 -0.000137621
16.58 -8.77032e-05
16.6 -3.0225e-05
16.62 -4.02996e-05
16.64 -9.76678e-05
16.66 -0.000114922
16.68 -3.2494e-05
16.7 0.000122336
16.72 0.000223209
16.74 0.000202211
16.76 0.000174628
16.78 0.000242841
16.8 0.000324138
16.82 0.000303898
16.84 0.000186311
16.86 1.6384e-05
16.88 -9.9855e-05
16.9 -1.92505e-05
16.92 0.000131542
16.94 6.73211e-05
16.96 -0.000152569
16.98 -0.000204403
17 -3.29382e-05
17.02 8.01591e-05
17.04 -3.77696e-05
17.06 -0.000211088
17.08 -0.000198919
17.1 -6.17582e-05
17.12 -6.60314e-05
17.14 -0.000248418
17.16 -0.000325849
17.18 -0.000140559
17.2 4.16378e-05
17.22 -6.9762e-05
17.24 -0.000283264
17.26 -0.000227952
17.28 1.47072e-05
17.3 6.35905e-05
17.32 -0.000121942
17.34 -0.000193826
17.36 2.70707e-05
17.38 0.000281651
17.4 0.000271664
17.42 0.000104745
17.44 0.00011188
17.46 0.00031654
17.48 0.000389994
17.5 0.00018563
17.52 -2.23077e-06
17.54 8.7802e-05
17.56 0.0002327
17.58 0.000101138
17.6 -0.000170102
17.62 -0.00021757
17.64 -4.46725e-05
17.66 2.78825e-05
17.68 -0.000121345
17.7 -0.000263763
17.72 -0.000208496
17.74 -8.35981e-05
17.76 -9.58131e-05
17.78 -0.000203508
17.8 -0.000216009
17.82 -0.000101886
17.84 1.13623e-06
17.86 7.79365e-06
17.88 -3.45996e-05
17.9 -3.64262e-05
17.92 2.44472e-05
17.94 8.63429e-05
17.96 0.000103888
17.98 0.000107332
18 0.000127917
18.02 0.000138842
18.04 0.000113552
18.06 8.02743e-05
18.08 5.86092e-05
18.1 6.96885e-06
18.12 -7.43855e-05
18.14 -9.90024e-05
18.16 -4.45604e-05
18.18 -7.62019e-06
18.2 -5.80201e-05
18.22 -0.000151403
18.24 -0.000209184
18.26 -0.000220179
18.28 -0.000226158
18.3 -0.000234572
18.32 -0.000182183
18.34 -9.6489e-06
18.36 0.000180772
18.38 0.000201493
18.4 0.000104261
18.42 0.00012395
18.44 0.000290228
18.46 0.000397344
18.48 0.000281724
18.5 1.38066e-05
18.52 -0.000115875
18.54 4.64502e-05
18.56 0.000226926
18.58 0.00011484
18.6 -0.000153025
18.62 -0.000222727
18.64 -4.65053e-05
18.66 7.53886e-05
18.68 -5.52244e-05
18.7 -0.0002558
18.72 -0.000252911
18.74 -9.29977e-05
18.76 -5.8569e-05
18.78 -0.000228455
18.8 -0.000317183
18.82 -6.87006e-05
18.84 0.000274869
18.86 0.000281708
18.88 5.17169e-05
18.9 4.40528e-05
18.92 0.000310598
18.94 0.000463339
18.96 0.000304399
18.98 8.66665e-05
19 8.37005e-05
19.02 0.000198762
19.04 0.000183235
19.06 2.96513e-06
19.08 -0.000147004
19.1 -0.000101998
19.12 3.48909e-05
19.14 1.73823e-05
19.16 -0.000161356
19.18 -0.000238168
19.2 -0.000115453
19.22 -3.66528e-05
19.24 -0.000177455
19.26 -0.000327167
19.28 -0.000214509
19.3 2.34645e-05
19.32 5.34259e-05
19.34 -0.000121175
19.36 -0.000205902
19.38 -7.73792e-05
19.4 6.64468e-05
19.42 2.71727e-05
19.44 -8.68804e-05
19.46 -2.93877e-05
19.48 0.000176881
19.5 0.000254214
19.52 0.000102015
19.54 -4.60296e-05
19.56 2.58169e-05
19.58 0.000193269
19.6 0.000166949
19.62 -5.02551e-05
19.64 -0.000108944
19.66 0.000113059
19.68 0.000236024
19.7 -3.28798e-06
19.72 -0.000284425
19.74 -0.000205809
19.76 9.70225e-05
19.78 0.000169666
19.8 -9.94286e-05
19.82 -0.000321524
19.84 -0.000175523
19.86 0.000122741
19.88 0.000179125
19.9 -1.32321e-06
19.92 -8.89639e-05
19.94 6.80492e-05
19.96 0.000234914
19.98 0.000147746
20 -6.51794e-05
20.02 -7.53019e-05
20.04 0.000129888
20.06 0.000239604
20.08 7.81652e-05
20.1 -0.000188447
20.12 -0.000281905
20.14 -0.000139431
20.16 4.798e-05
20.18 0.000101728
20.2 2.33146e-06
20.22 -0.000137748
20.24 -0.000155022
20.26 -2.51087e-05
20.28 5.93882e-05
20.3 -4.43423e-05
20.32 -0.000156315
20.34 -5.10963e-05
20.36 0.000114794
20.38 8.14926e-05
20.4 -4.49679e-05
20.42 -7.90771e-06
20.44 0.000172534
20.46 0.000257808
20.48 0.000149733
20.5 -1.09639e-05
20.52 -5.19726e-05
20.54 7.78851e-06
20.56 -1.18134e-06
20.58 -3.91507e-05
20.6 5.59911e-05
20.62 0.000107754
20.64 -9.02786e-05
20.66 -0.000305379
20.68 -0.000278525
20.7 -7.61536e-05
20.72 0.000111768
20.74 9.45843e-05
20.76 -0.000125061
20.78 -0.000219428
20.8 -2.39294e-05
20.82 0.000131079
20.84 -2.717e-05
20.86 -0.000225597
20.88 -7.53233e-05
20.9 0.0002697
20.92 0.000329831
20.94 7.02606e-05
20.96 -6.58087e-05
20.98 0.00014082
21 0.000344487
21.02 0.000148538
21.04 -0.000211549
21.06 -0.000187737
21.08 0.000180589
21.1 0.000314822
21.12 -1.1964e-05
21.14 -0.000339077
21.16 -0.000191926
21.18 0.00020244
21.2 0.000224672
21.22 -0.00018543
21.24 -0.000429003
21.26 -0.000181999
21.28 0.00013489
21.3 4.05115e-05
21.32 -0.000269083
21.34 -0.000230299
21.36 0.000189059
21.38 0.000401339
21.4 0.000153218
21.42 -0.000112225
21.44 -6.01412e-05
21.46 0.000141475
21.48 0.000219445
21.5 6.55829e-05
21.52 -0.000163349
21.54 -0.000199553
21.56 -7.7706e-05
21.58 -6.70896e-05
21.6 -0.000181156
21.62 -0.00016902
21.64 -1.00238e-06
21.66 6.56212e-05
21.68 -6.24484e-05
21.7 -0.000144503
21.72 1.37471e-05
21.74 0.000214147
21.76 0.000128534
21.78 -0.000166401
21.8 -0.000241472
21.82 2.1166e-05
21.84 0.000207521
21.86 2.17895e-05
21.88 -0.000238087
21.9 -0.000160751
21.92 0.000141606
21.94 0.000233149
21.96 1.73411e-05
21.98 -0.000144628
22 3.96671e-06
22.02 0.000237755
22.04 0.00021677
22.06 -1.35349e-05
22.08 -0.000143549
22.1 -5.35609e-05
22.12 6.53438e-05
22.14 1.46719e-05
22.16 -0.000120627
22.18 -0.000119109
22.2 1.62758e-05
22.22 7.55581e-05
22.24 -1.3868e-05
22.26 -9.58027e-05
22.28 -4.19727e-05
22.3 6.55736e-05
22.32 7.54037e-05
22.34 3.5184e-06
22.36 -8.56956e-06
22.38 7.35161e-05
22.4 0.000135511
22.42 9.68782e-05
22.44 2.21049e-05
22.46 1.85252e-05
22.48 8.40863e-05
22.5 0.000104537
22.52 1.89346e-05
22.54 -7.35987e-05
22.56 -5.74796e-05
22.58 2.34484e-05
22.6 3.97231e-05
22.62 -2.98659e-05
22.64 -7.92314e-05
22.66 -4.04376e-05
22.68 1.80814e-05
22.7 7.47306e-07
22.72 -6.72921e-05
22.74 -8.14529e-05
22.76 -2.63814e-05
22.78 3.68076e-07
22.8 -4.82967e-05
22.82 -8.85933e-05
22.84 -3.93188e-05
22.86 4.27587e-05
22.88 4.71101e-05
22.9 -1.9788e-05
22.92 -4.93539e-05
22.94 6.21809e-06
22.96 7.02108e-05
22.98 5.88945e-05
23 -6.58437e-07
23.02 -2.29814e-05
23.04 7.23277e-06
23.06 2.28571e-05
23.08 -1.77335e-05
23.1 -6.4983e-05
23.12 -4.88383e-05
23.14 1.04e-05
23.16 2.23623e-05
23.18 -3.15121e-05
23.2 -5.79198e-05
23.22 2.81332e-06
23.24 7.4664e-05
23.26 6.3902e-05
23.28 6.87961e-06
23.3 2.05252e-06
23.32 4.99395e-05
23.34 6.36326e-05
23.36 1.2036e-05
23.38 -3.90501e-05
23.4 -4.10308e-05
23.42 -3.1585e-05
23.44 -4.96999e-05
23.46 -6.24287e-05
23.48 -2.98615e-05
23.5 1.07424e-05
23.52 -2.3141e-06
23.54 -4.59757e-05
23.56 -4.14023e-05
23.58 2.13047e-05
23.6 6.43157e-05
23.62 3.65256e-05
23.64 -1.2105e-05
23.66 -9.26929e-06
23.68 3.63437e-05
23.7 6.314e-05
23.72 4.32707e-05
23.74 5.55073e-06
23.76 -6.44524e-06
23.78 1.07614e-05
23.8 2.13007e-05
23.82 8.73552e-06
23.84 -6.3075e-06
23.86 -1.2081e-05
23.88 -2.0231e-05
23.9 -3.00946e-05
23.92 -2.05674e-05
23.94 3.43707e-06
23.96 -1.25095e-06
23.98 -4.02348e-05
24 -5.44595e-05
24.02 -3.594e-06
24.04 7.24172e-05
24.06 8.76924e-05
24.08 2.31578e-05
24.1 -3.44094e-05
24.12 -2.26984e-05
24.14 1.56848e-05
24.16 2.42098e-05
24.18 5.06615e-06
24.2 -1.84361e-05
24.22 -3.02718e-05
24.24 -2.10965e-05
24.26 9.06089e-07
24.28 2.13497e-05
24.3 3.02203e-05
24.32 1.77927e-05
24.34 -1.65171e-05
24.36 -4.9764e-05
24.38 -4.98947e-05
24.4 -2.07327e-05
24.42 1.54609e-07
24.44 -6.04866e-07
24.46 -2.22238e-07
24.48 8.89766e-06
24.5 6.05617e-06
24.52 -1.18162e-05
24.54 -2.05894e-05
24.56 -6.30674e-06
24.58 1.74071e-05
24.6 2.50039e-05
24.62 1.01037e-05
24.64 -4.43865e-07
24.66 1.66923e-05
24.68 3.89544e-05
24.7 2.39634e-05
24.72 -2.27838e-05
24.74 -4.24684e-05
24.76 -7.66071e-06
24.78 3.58249e-05
24.8 3.93327e-05
24.82 1.38137e-05
24.84 6.3307e-06
24.86 3.2562e-05
24.88 5.17463e-05
24.9 3.06941e-05
24.92 2.21279e-06
24.94 1.18443e-05
24.96 4.22056e-05
24.98 4.40531e-05
25 1.4125e-05
25.02 -3.35869e-06
25.04 1.50051e-05
25.06 3.90273e-05
25.08 3.06255e-05
25.1 -1.55011e-06
25.12 -1.20303e-05
25.14 1.63693e-05
25.16 4.17315e-05
25.18 2.39247e-05
25.2 -1.34844e-05
25.22 -2.2278e-05
25.24 -1.70713e-06
25.26 5.25386e-06
25.28 -2.29147e-05
25.3 -5.57003e-05
25.32 -5.60987e-05
25.34 -2.58969e-05
25.36 4.56416e-06
25.38 8.18085e-06
25.4 -1.28675e-05
25.42 -2.64384e-05
25.44 -1.21994e-05
25.46 6.82898e-06
25.48 -1.0915e-06
25.5 -2.63503e-05
25.52 -2.95329e-05
25.54 -1.31907e-06
25.56 2.19724e-05
25.58 1.45668e-05
25.6 -1.47551e-06
25.62 7.25476e-06
25.64 3.28346e-05
25.66 3.77011e-05
25.68 1.15765e-05
25.7 -1.3028e-05
25.72 -5.6005e-06
25.74 1.69355e-05
25.76 1.16979e-05
25.78 -2.11613e-05
25.8 -3.52107e-05
25.82 -1.26919e-05
25.84 1.08355e-05
25.86 6.95365e-06
25.88 -9.35877e-06
25.9 -1.41712e-05
25.92 -8.76217e-06
25.94 -7.59963e-06
25.96 -1.27326e-05
25.98 -1.67927e-05
26 -1.96213e-05
26.02 -2.55359e-05
26.04 -3.23393e-05
26.06 -3.04732e-05
26.08 -1.52613e-05
26.1 -2.09378e-06
26.12 -1.20627e-05
26.14 -3.51652e-05
26.16 -3.73752e-05
26.18 -1.21499e-05
26.2 8.44663e-06
26.22 1.3563e-06
26.24 -1.67132e-05
26.26 -1.54023e-05
26.28 5.96636e-06
26.3 1.61453e-05
26.32 5.8479e-08
26.34 -1.6458e-05
26.36 -1.06556e-05
26.38 1.50013e-06
26.4 -3.90826e-06
26.42 -2.05076e-05
26.44 -2.4794e-05
26.46 -1.12322e-05
26.48 5.95105e-06
26.5 1.29804e-05
26.52 5.44914e-06
26.54 -8.04548e-06
26.56 -1.07314e-05
26.58 5.40632e-06
26.6 2.89515e-05
26.62 3.72944e-05
26.64 2.19909e-05
26.66 1.52097e-06
26.68 -7.00053e-07
26.7 1.40755e-05
26.72 2.01161e-05
26.74 3.86186e-06
26.76 -1.43467e-05
26.78 -1.38992e-05
26.8 -2.68894e-06
26.82 -5.13115e-07
26.84 -1.31446e-05
26.86 -2.45097e-05
26.88 -2.03197e-05
26.9 -1.09805e-05
26.92 -9.78315e-06
26.94 -9.33137e-06
26.96 1.04736e-06
26.98 1.13745e-05
27 3.30563e-06
27.02 -1.34667e-05
27.04 -9.03556e-06
27.06 1.37828e-05
27.08 1.76536e-05
27.1 -8.38757e-06
27.12 -2.66194e-05
27.14 -7.13586e-06
27.16 2.30031e-05
27.18 1.80601e-05
27.2 -1.68935e-05
27.22 -3.27251e-05
27.24 -9.27821e-06
27.26 1.58736e-05
27.28 6.64324e-06
27.3 -1.83325e-05
27.32 -1.82412e-05
27.34 9.30965e-06
27.36 2.78478e-05
27.38 1.69992e-05
27.4 -1.44815e-06
27.42 -4.07051e-07
27.44 1.79486e-05
27.46 2.92361e-05
27.48 1.72659e-05
27.5 -4.04782e-06
27.52 -1.1688e-05
27.54 -8.5137e-06
27.56 -1.26837e-05
27.58 -2.60494e-05
27.6 -3.31912e-05
27.62 -2.7135e-05
27.64 -2.20104e-05
27.66 -2.84734e-05
27.68 -3.4192e-05
27.7 -2.47675e-05
27.72 -5.11172e-06
27.74 1.08845e-05
27.76 1.91235e-05
27.78 2.43292e-05
27.8 2.84103e-05
27.82 2.95194e-05
27.84 2.77149e-05
27.86 2.38753e-05
27.88 1.60425e-05
27.9 5.28728e-06
27.92 -1.63412e-06
27.94 -1.97787e-06
27.96 1.15876e-06
27.98 3.41836e-06
28 4.02503e-07
28.02 -4.48624e-06
28.04 -3.43551e-06
28.06 -3.51641e-07
28.08 -4.41081e-06
28.1 -1.39914e-05
28.12 -1.52853e-05
28.14 -1.43739e-06
28.16 8.38657e-06
28.18 -2.34527e-06
28.2 -1.22586e-05
28.22 3.10389e-06
28.24 2.80183e-05
28.26 3.49007e-05
28.28 2.69202e-05
28.3 2.68412e-05
28.32 4.01541e-05
28.34 4.64262e-05
28.36 1.40135e-05
28.38 -5.2893e-05
28.4 -8.5701e-05
28.42 -3.54893e-05
28.44 3.74535e-05
28.46 3.00684e-05
28.48 -4.76376e-05
28.5 -7.49815e-05
28.52 -4.67311e-06
28.54 6.68669e-05
28.56 4.93425e-05
28.58 -1.51302e-05
28.6 -3.11459e-05
28.62 5.38298e-06
28.64 2.35366e-05
28.66 3.94188e-06
28.68 -4.02788e-06
28.7 2.18622e-05
28.72 4.0427e-05
28.74 1.2566e-05
28.76 -3.83248e-05
28.78 -4.93424e-05
28.8 1.76192e-08
28.82 4.64926e-05
28.84 2.15805e-05
28.86 -3.89791e-05
28.88 -3.95165e-05
28.9 2.55358e-05
28.92 6.37957e-05
28.94 3.07945e-05
28.96 -1.14283e-05
28.98 -2.48864e-06
29 2.52872e-05
29.02 1.40283e-05
29.04 -1.45921e-05
29.06 -1.18725e-06
29.08 3.85954e-05
29.1 3.55654e-05
29.12 -1.61912e-05
29.14 -4.72354e-05
29.16 -2.0484e-05
29.18 1.50035e-05
29.2 3.60784e-06
29.22 -3.26557e-05
29.24 -3.71478e-05
29.26 -8.88062e-06
29.28 7.64323e-06
29.3 -3.93267e-06
29.32 -1.89057e-05
29.34 -1.6794e-05
29.36 -4.39994e-06
29.38 4.22601e-06
29.4 7.58076e-06
29.42 8.63354e-06
29.44 6.00723e-06
29.46 8.99057e-07
29.48 -1.47213e-09
29.5 4.66513e-06
29.52 7.10212e-06
29.54 2.1971e-08
29.56 -1.69497e-05
29.58 -3.21152e-05
29.6 -2.70599e-05
29.62 -3.72508e-06
29.64 6.49512e-06
29.66 -1.39506e-05
29.68 -3.56831e-05
29.7 -2.67991e-05
29.72 -2.72514e-06
29.74 5.38756e-07
29.76 -1.7677e-05
29.78 -2.24595e-05
29.8 -8.02588e-07
29.82 1.73269e-05
29.84 1.05537e-05
29.86 -1.92664e-06
29.88 3.94506e-06
29.9 2.04034e-05
29.92 2.59897e-05
29.94 1.84357e-05
29.96 1.1107e-05
29.98 8.77777e-06
30 1.3577e-06
30.02 -1.57879e-05
30.04 -2.84901e-05
30.06 -2.4259e-05
30.08 -1.52691e-05
30.1 -1.83657e-05
30.12 -2.39578e-05
30.14 -1.17952e-05
30.16 1.24379e-05
30.18 2.2719e-05
30.2 1.19472e-05
30.22 1.76375e-07
30.24 3.8604e-06
30.26 1.72828e-05
30.28 2.49432e-05
30.3 2.24591e-05
30.32 2.00048e-05
30.34 2.17775e-05
30.36 1.90927e-05
30.38 9.55637e-06
30.4 9.77886e-07
30.42 -2.34177e-06
30.44 -7.78913e-06
30.46 -2.30959e-05
30.48 -3.77739e-05
30.5 -3.28428e-05
30.52 -9.34174e-06
30.54 7.18888e-06
30.56 -5.39847e-07
30.58 -1.48495e-05
30.6 -8.32431e-06
30.62 1.53897e-05
30.64 2.9052e-05
30.66 2.20124e-05
30.68 1.13322e-05
30.7 1.49185e-05
30.72 2.63129e-05
30.74 2.12656e-05
30.76 -3.25961e-06
30.78 -1.56737e-05
30.8 -2.73511e-07
30.82 1.41044e-05
30.84 3.83414e-06
30.86 -1.27794e-05
30.88 -8.19947e-06
30.9 1.55043e-05
30.92 3.24924e-05
30.94 2.56517e-05
30.96 6.39444e-06
30.98 -4.94576e-07
31 7.58099e-06
31.02 8.35706e-06
31.04 -5.89535e-06
31.06 -1.58205e-05
31.08 -1.12598e-05
31.1 -6.36153e-06
31.12 -8.75426e-06
31.14 -6.01671e-06
31.16 7.49867e-06
31.18 1.66406e-05
31.2 9.42193e-06
31.22 -2.95759e-06
31.24 -1.71401e-06
31.26 1.28776e-05
31.28 2.00555e-05
31.3 7.88139e-06
31.32 -6.44129e-06
31.34 -9.6395e-07
31.36 1.68982e-05
31.38 1.97411e-05
31.4 3.77295e-06
31.42 -2.64366e-06
31.44 1.19654e-05
31.46 2.16084e-05
31.48 8.83022e-06
31.5 -9.47339e-06
31.52 -1.30567e-05
31.54 -5.04249e-06
31.56 -1.70504e-06
31.58 -9.18186e-06
31.6 -1.63109e-05
31.62 -1.14528e-05
31.64 -2.35466e-06
31.66 -5.86932e-06
31.68 -1.95169e-05
31.7 -2.45859e-05
31.72 -1.564e-05
31.74 -6.41327e-06
31.76 -7.78518e-06
31.78 -1.37814e-05
31.8 -1.23222e-05
31.82 -4.55777e-06
31.84 -2.44975e-06
31.86 -5.59591e-06
31.88 -1.14994e-06
31.9 1.03091e-05
31.92 1.30541e-05
31.94 3.38735e-06
31.96 -1.691e-06
31.98 8.8257e-06
32 2.00376e-05
32.02 1.26674e-05
32.04 -7.02374e-06
32.06 -1.56128e-05
32.08 -6.72834e-06
32.1 1.46869e-06
32.12 -5.67836e-06
32.14 -2.00095e-05
32.16 -2.27708e-05
32.18 -1.02768e-05
32.2 -5.2269e-08
32.22 -6.2524e-06
32.24 -1.87764e-05
32.26 -1.88404e-05
32.28 -6.97082e-06
32.3 -1.24389e-06
32.32 -1.05437e-05
32.34 -2.24947e-05
32.36 -2.0919e-05
32.38 -9.32714e-06
32.4 -6.59355e-06
32.42 -1.67588e-05
32.44 -2.25596e-05
32.46 -1.36182e-05
32.48 -1.05745e-06
32.5 -1.32941e-06
32.52 -1.43081e-05
32.54 -2.07168e-05
32.56 -7.59209e-06
32.58 9.30187e-06
32.6 6.53256e-06
32.62 -9.04876e-06
32.64 -8.78241e-06
32.66 1.23281e-05
32.68 2.6295e-05
32.7 1.47214e-05
32.72 -4.42232e-06
32.74 -6.09322e-06
32.76 2.9337e-06
32.78 -1.64948e-06
32.8 -1.79002e-05
32.82 -2.12918e-05
32.84 -4.69301e-06
32.86 1.19719e-05
32.88 1.24919e-05
32.9 8.04029e-06
32.92 1.51332e-05
32.94 2.57237e-05
32.96 2.16335e-05
32.98 6.15496e-06
33 -1.9354e-06
33.02 1.94559e-06
33.04 4.75044e-06
33.06 -9.69648e-07
33.08 -7.12763e-06
33.1 -5.94515e-06
33.12 -2.74014e-06
33.14 -4.8993e-06
33.16 -8.04365e-06
33.18 -5.63713e-06
33.2 -1.40987e-07
33.22 3.65843e-06
33.24 3.78355e-06
33.26 1.14532e-06
33.28 -1.84818e-06
33.3 -5.65437e-06
33.32 -9.24513e-06
33.34 -4.85091e-06
33.36 9.16031e-06
33.38 1.80872e-05
33.4 9.03654e-06
33.42 -7.48714e-06
33.44 -8.8126e-06
33.46 7.35222e-06
33.48 1.59251e-05
33.5 7.89564e-07
33.52 -1.804e-05
33.54 -1.53145e-05
33.56 1.81764e-06
33.58 1.00659e-05
33.6 4.02051e-06
33.62 -3.19605e-06
33.64 -2.26056e-06
33.66 2.3341e-07
33.68 -6.38905e-06
33.7 -1.75631e-05
33.72 -1.7589e-05
33.74 -6.4187e-06
33.76 -1.58133e-06
33.78 -6.33422e-06
33.8 -3.28216e-06
33.82 1.25248e-05
33.84 2.20506e-05
33.86 1.45491e-05
33.88 5.25887e-06
33.9 1.02984e-05
33.92 2.27385e-05
33.94 2.39706e-05
33.96 1.1962e-05
33.98 5.60518e-06
34 1.53005e-05
34.02 2.41222e-05
34.04 1.45987e-05
34.06 -1.51319e-06
34.08 -4.00074e-06
34.1 2.74693e-06
34.12 2.91228e-06
34.14 -5.12169e-06
34.16 -1.11488e-05
34.18 -8.17369e-06
34.2 -7.08197e-07
34.22 1.68505e-06
34.24 -3.47205e-06
34.26 -9.17152e-06
34.28 -7.68396e-06
34.3 3.50562e-07
34.32 5.61705e-06
34.34 1.09218e-06
34.36 -5.83588e-06
34.38 1.85001e-07
34.4 1.79918e-05
34.42 2.67632e-05
34.44 1.76711e-05
34.46 7.44521e-06
34.48 1.07202e-05
34.5 1.68063e-05
34.52 8.05504e-06
34.54 -1.04151e-05
34.56 -1.77473e-05
34.58 -7.58994e-06
34.6 5.08065e-06
34.62 6.88719e-06
34.64 1.46524e-06
34.66 -1.1349e-06
34.68 5.48112e-07
34.7 6.53164e-08
34.72 -5.62448e-06
34.74 -1.17686e-05
34.76 -1.32228e-05
34.78 -9.78625e-06
34.8 -4.34605e-06
34.82 -9.4125e-07
34.84 2.71919e-07
34.86 4.17384e-06
34.88 9.3385e-06
34.9 8.78453e-06
34.92 5.75017e-06
34.94 9.55939e-06
34.96 1.83543e-05
34.98 2.14615e-05
35 1.37083e-05
35.02 2.30024e-06
35.04 -4.51106e-07
35.06 5.02461e-06
35.08 3.98758e-06
35.1 -8.72128e-06
35.12 -1.86042e-05
35.14 -1.62915e-05
35.16 -1.31913e-05
35.18 -1.89677e-05
35.2 -2.3808e-05
35.22 -1.48853e-05
35.24 1.52511e-06
35.26 6.69019e-06
35.28 -3.57909e-06
35.3 -1.18397e-05
35.32 -3.18534e-06
35.34 1.09083e-05
35.36 7.63046e-06
35.38 -8.56376e-06
35.4 -9.84558e-06
35.42 9.81358e-06
35.44 2.45004e-05
35.46 1.50092e-05
35.48 -3.94782e-06
35.5 -5.94308e-06
35.52 6.02134e-06
35.54 5.66669e-06
35.56 -1.13256e-05
35.58 -2.28419e-05
35.6 -1.91893e-05
35.62 -1.41948e-05
35.64 -1.76896e-05
35.66 -2.0867e-05
35.68 -1.43979e-05
35.7 -5.76331e-06
35.72 -5.2417e-06
35.74 -9.48625e-06
35.76 -1.21219e-05
35.78 -9.09258e-06
35.8 4.67139e-06
35.82 1.89694e-05
35.84 1.13124e-05
35.86 -1.14511e-05
35.88 -1.60868e-05
35.9 -2.1163e-07
35.92 4.90455e-06
35.94 -4.89445e-06
35.96 2.23177e-06
35.98 2.76355e-05
36 2.72745e-05
36.02 -7.892e-06
36.04 -2.52987e-05
36.06 1.31423e-06
36.08 2.98541e-05
36.1 2.41311e-05
36.12 5.00214e-06
36.14 9.87703e-07
36.16 2.47594e-06
36.18 -3.80165e-07
36.2 7.03308e-06
36.22 2.23117e-05
36.24 2.18883e-05
36.26 1.15051e-06
36.28 -2.17874e-05
36.3 -2.9387e-05
36.32 -2.24639e-05
36.34 -1.83626e-05
36.36 -2.24623e-05
36.38 -2.06437e-05
36.4 -6.95351e-06
36.42 8.63261e-06
36.44 1.50648e-05
36.46 5.30057e-06
36.48 -1.12626e-05
36.5 -1.05148e-06
36.52 4.54279e-05
36.54 7.59588e-05
36.56 4.6069e-05
36.58 -3.07773e-06
36.6 -1.12813e-06
36.62 3.99917e-05
36.64 4.13216e-05
36.66 -1.10755e-05
36.68 -3.96846e-05
36.7 -1.45174e-05
36.72 -1.97848e-06
36.74 -3.11605e-05
36.76 -3.48351e-05
36.78 1.68792e-05
36.8 3.93236e-05
36.82 -2.0816e-05
36.84 -7.29931e-05
36.86 -2.967e-05
36.88 3.95768e-05
36.9 1.74559e-05
36.92 -6.9422e-05
36.94 -9.05353e-05
36.96 -1.20294e-05
36.98 6.84178e-05
37 6.16238e-05
37.02 -9.87593e-06
37.04 -3.8922e-05
37.06 2.82806e-05
37.08 0.000102625
37.1 6.98326e-05
37.12 -2.88945e-05
37.14 -5.48596e-05
37.16 1.13685e-05
37.18 4.88006e-05
37.2 -8.36844e-06
37.22 -8.20019e-05
37.24 -8.68736e-05
37.26 -3.83528e-05
37.28 5.58452e-06
37.3 1.41674e-05
37.32 -8.1834e-06
37.34 -3.18382e-05
37.36 -3.19936e-05
37.38 -1.60395e-05
37.4 -8.29792e-06
37.42 -1.21333e-05
37.44 -8.51475e-06
37.46 7.91247e-06
37.48 2.2468e-05
37.5 2.43435e-05
37.52 1.59688e-05
37.54 9.0234e-06
37.56 1.85703e-05
37.58 4.38615e-05
37.6 5.50885e-05
37.62 2.93502e-05
37.64 -1.13409e-05
37.66 -2.81329e-05
37.68 -9.72139e-06
37.7 2.09181e-05
37.72 2.56593e-05
37.74 -5.03024e-06
37.76 -3.01224e-05
37.78 -1.27771e-05
37.8 2.13473e-05
37.82 1.33771e-05
37.84 -4.42843e-05
37.86 -8.24512e-05
37.88 -4.90565e-05
37.9 6.79303e-06
37.92 1.18327e-05
37.94 -1.94048e-05
37.96 -2.50896e-05
37.98 2.54502e-06
38 2.05914e-05
38.02 8.68814e-06
38.04 -8.1647e-06
38.06 -2.42669e-06
38.08 1.53302e-05
38.1 1.53462e-05
38.12 -1.56889e-06
38.14 -9.54632e-06
38.16 8.74035e-07
38.18 1.61773e-05
38.2 2.17023e-05
38.22 2.05582e-05
38.24 2.2101e-05
38.26 1.84772e-05
38.28 -1.85425e-06
38.3 -2.73434e-05
38.32 -3.29263e-05
38.34 -1.32294e-05
38.36 6.11841e-06
38.38 -9.20528e-07
38.4 -2.08321e-05
38.42 -1.62669e-05
38.44 1.67298e-05
38.46 4.03675e-05
38.48 2.65177e-05
38.5 -6.51254e-06
38.52 -1.96399e-05
38.54 -6.10242e-06
38.56 4.17264e-06
38.58 -9.1046e-06
38.6 -3.08462e-05
38.62 -3.43284e-05
38.64 -1.7471e-05
38.66 -3.69917e-06
38.68 -6.82899e-06
38.7 -1.42004e-05
38.72 -9.57064e-06
38.74 5.17102e-06
38.76 1.59289e-05
38.78 1.50572e-05
38.8 9.00094e-06
38.82 6.78129e-06
38.84 5.90548e-06
38.86 -2.81448e-06
38.88 -1.68813e-05
38.9 -2.13961e-05
38.92 -1.35405e-05
38.94 -9.31042e-06
38.96 -1.53439e-05
38.98 -1.54305e-05
39 2.39787e-06
39.02 2.38934e-05
39.04 2.92797e-05
39.06 2.32954e-05
39.08 2.67434e-05
39.1 4.27616e-05
39.12 4.82343e-05
39.14 2.49309e-05
39.16 -1.07032e-05
39.18 -2.42793e-05
39.2 -8.89991e-06
39.22 5.92789e-06
39.24 -2.97986e-06
39.26 -2.03564e-05
39.28 -1.75e-05
39.3 3.07245e-06
39.32 1.11232e-05
39.34 -4.47947e-06
39.36 -2.04903e-05
39.38 -1.74313e-05
39.4 -5.37868e-06
39.42 -2.02644e-06
39.44 -7.8889e-06
39.46 -1.20521e-05
39.48 -8.42105e-06
39.5 -3.52072e-07
39.52 6.2916e-06
39.54 8.90379e-06
39.56 7.53423e-06
39.58 3.96367e-06
39.6 3.05684e-06
39.62 1.08111e-05
39.64 2.45136e-05
39.66 3.12795e-05
39.68 2.46794e-05
39.7 1.55136e-05
39.72 1.57177e-05
39.74 1.78211e-05
39.76 7.71847e-06
39.78 -8.31429e-06
39.8 -1.28009e-05
39.82 -5.46689e-06
39.84 -9.76271e-07
39.86 -6.48234e-06
39.88 -1.38206e-05
39.9 -1.26821e-05
39.92 -4.76604e-06
39.94 1.22344e-06
39.96 2.15019e-06
39.98 -1.13153e-07
40 -3.32589e-06
40.02 -4.37371e-06
40.04 -1.86762e-06
40.06 1.02359e-06
40.08 -8.93095e-07
40.1 -5.452e-06
40.12 -1.8424e-06
40.14 9.77265e-06
40.16 1.358e-05
40.18 4.91597e-06
40.2 -2.15118e-06
40.22 -4.52032e-07
40.24 1.46562e-06
40.26 -4.07208e-06
40.28 -1.3088e-05
40.3 -1.5591e-05
40.32 -9.39432e-06
40.34 -3.67178e-06
40.36 -5.34211e-06
40.38 -9.47489e-06
40.4 -6.49162e-06
40.42 6.06576e-06
40.44 1.84594e-05
40.46 2.03419e-05
40.48 1.51571e-05
40.5 1.31535e-05
40.52 1.59547e-05
40.54 1.37355e-05
40.56 2.71069e-07
40.58 -1.01429e-05
40.6 -8.36502e-07
40.62 1.45896e-05
40.64 8.47175e-06
40.66 -1.92122e-05
40.68 -3.85236e-05
40.7 -2.86736e-05
40.72 -7.56937e-06
40.74 -7.21823e-06
40.76 -2.79363e-05
40.78 -4.01485e-05
40.8 -2.67827e-05
40.82 -2.1106e-06
40.84 1.04682e-05
40.86 7.33946e-06
40.88 4.08139e-06
40.9 7.07691e-06
40.92 7.57477e-06
40.94 4.82704e-06
40.96 6.90764e-06
40.98 1.31933e-05
41 1.66842e-05
41.02 1.39066e-05
41.04 6.26731e-06
41.06 1.05127e-06
41.08 3.10618e-06
41.1 6.324e-06
41.12 4.40157e-06
41.14 -8.23983e-07
41.16 -5.08874e-06
41.18 -8.11482e-06
41.2 -1.26572e-05
41.22 -1.82059e-05
41.24 -1.98057e-05
41.26 -1.49945e-05
41.28 -1.0132e-05
41.3 -1.24915e-05
41.32 -1.64616e-05
41.34 -1.17427e-05
41.36 -1.48821e-06
41.38 3.21167e-06
41.4 4.52707e-07
41.42 -3.52561e-07
41.44 8.41582e-06
41.46 2.06882e-05
41.48 2.36309e-05
41.5 1.54505e-05
41.52 8.43732e-06
41.54 1.20711e-05
41.56 2.02906e-05
41.58 1.98562e-05
41.6 7.65948e-06
41.62 -4.24755e-06
41.64 -4.41841e-06
41.66 2.22349e-06
41.68 2.86889e-06
41.7 -4.80212e-06
41.72 -1.25424e-05
41.74 -1.57988e-05
41.76 -1.74375e-05
41.78 -1.90444e-05
41.8 -1.90057e-05
41.82 -1.54476e-05
41.84 -6.89565e-06
41.86 3.80357e-06
41.88 9.55799e-06
41.9 8.59543e-06
41.92 8.57105e-06
41.94 1.49064e-05
41.96 2.17922e-05
41.98 2.10887e-05
42 1.35255e-05
42.02 6.49562e-06
42.04 3.49171e-06
42.06 4.9108e-07
42.08 -5.31259e-06
42.1 -8.56684e-06
42.12 -3.89092e-06
42.14 4.02037e-06
42.16 6.16211e-06
42.18 8.42502e-07
42.2 -4.89618e-06
42.22 -4.34669e-06
42.24 -4.31835e-07
42.26 -1.35079e-06
42.28 -8.53767e-06
42.3 -1.51698e-05
42.32 -1.60691e-05
42.34 -1.29875e-05
42.36 -8.65002e-06
42.38 -4.73108e-06
42.4 -2.72607e-06
42.42 3.1989e-08
42.44 5.13429e-06
42.46 7.87404e-06
42.48 5.78998e-06
42.5 2.70287e-06
42.52 3.53571e-06
42.54 8.35243e-06
42.56 1.15794e-05
42.58 9.31065e-06
42.6 4.9179e-06
42.62 4.88608e-06
42.64 8.97917e-06
42.66 9.5482e-06
42.68 4.00455e-06
42.7 1.17496e-08
42.72 3.68074e-06
42.74 9.1624e-06
42.76 5.73591e-06
42.78 -5.41086e-06
42.8 -9.36374e-06
42.82 -2.68753e-07
42.84 5.50682e-06
42.86 -5.3515e-06
42.88 -2.00412e-05
42.9 -1.92557e-05
42.92 -5.86771e-06
42.94 1.61616e-07
42.96 -1.0051e-05
42.98 -2.18431e-05
43 -1.71227e-05
43.02 3.74633e-07
43.04 1.02841e-05
43.06 4.19689e-06
43.08 -4.46986e-06
43.1 -1.11174e-06
43.12 1.07372e-05
43.14 1.55848e-05
43.16 8.95255e-06
43.18 3.17925e-06
43.2 6.40969e-06
43.22 1.03398e-05
43.24 5.47332e-06
43.26 -4.38906e-06
43.28 -8.82494e-06
43.3 -6.39988e-06
43.32 -6.56181e-06
43.34 -1.38969e-05
43.36 -2.07031e-05
43.38 -1.92749e-05
43.4 -1.27768e-05
43.42 -8.19151e-06
43.44 -5.50296e-06
43.46 -9.87284e-07
43.48 5.37961e-06
43.5 1.02484e-05
43.52 1.15352e-05
43.54 1.04765e-05
43.56 9.02797e-06
43.58 7.27727e-06
43.6 3.74364e-06
43.62 -1.02521e-06
43.64 -3.41274e-06
43.66 -1.77576e-06
43.68 2.07455e-07
43.7 -2.23405e-06
43.72 -7.42509e-06
43.74 -8.02676e-06
43.76 -3.17655e-06
43.78 -6.58497e-07
43.8 -2.51994e-06
43.82 -2.57168e-06
43.84 1.24771e-06
43.86 2.5886e-06
43.88 -3.1786e-06
43.9 -9.71364e-06
43.92 -8.1065e-06
43.94 -1.74308e-06
43.96 -2.32389e-06
43.98 -1.0193e-05
44 -1.26446e-05
44.02 -4.51783e-06
44.04 3.87145e-06
44.06 2.81925e-06
44.08 -3.65732e-06
44.1 -5.36436e-06
44.12 -1.34322e-07
44.14 4.10047e-06
44.16 1.20061e-06
44.18 -5.15453e-06
44.2 -7.79542e-06
44.22 -6.05476e-06
44.24 -5.2244e-06
44.26 -7.94673e-06
44.28 -1.13799e-05
44.3 -1.17578e-05
44.32 -8.54992e-06
44.34 -3.98195e-06
44.36 -1.3851e-06
44.38 -2.0664e-06
44.4 -1.61679e-06
44.42 3.95712e-06
44.44 1.05099e-05
44.46 1.24395e-05
44.48 9.87055e-06
44.5 5.25336e-06
44.52 7.18132e-07
44.54 -2.0159e-06
44.56 -3.44647e-06
44.58 -5.54659e-06
44.6 -8.61432e-06
44.62 -1.04186e-05
44.64 -8.9119e-06
44.66 -5.33725e-06
44.68 -3.48184e-06
44.7 -4.8306e-06
44.72 -5.18002e-06
44.74 -1.26717e-06
44.76 3.25206e-06
44.78 3.71075e-06
44.8 3.65455e-07
44.82 -2.53667e-06
44.84 -1.08705e-06
44.86 3.72795e-06
44.88 6.75955e-06
44.9 4.76083e-06
44.92 3.76422e-07
44.94 -9.56495e-07
44.96 1.49681e-06
44.98 2.52066e-06
45 -1.34158e-06
45.02 -6.10643e-06
45.04 -5.35119e-06
45.06 6.20933e-07
45.08 4.46446e-06
45.1 1.11422e-06
45.12 -4.1305e-06
45.14 -2.96362e-06
45.16 2.34332e-06
45.18 2.61519e-06
45.2 -3.52053e-06
45.22 -6.38624e-06
45.24 1.06293e-06
45.26 1.19738e-05
45.28 1.45688e-05
45.3 7.68457e-06
45.32 2.37121e-06
45.34 6.57727e-06
45.36 1.1137e-05
45.38 4.071e-06
45.4 -8.62139e-06
45.42 -1.06526e-05
45.44 1.5165e-06
45.46 1.00009e-05
45.48 6.21118e-07
45.5 -1.30538e-05
45.52 -1.06854e-05
45.54 2.75716e-06
45.56 5.35338e-06
45.58 -6.78257e-06
45.6 -1.40219e-05
45.62 -4.46547e-06
45.64 7.65064e-06
45.66 3.10386e-06
45.68 -1.22728e-05
45.7 -1.52158e-05
45.72 -8.02136e-07
45.74 9.41667e-06
45.76 -4.66392e-07
45.78 -1.60826e-05
45.8 -1.2827e-05
45.82 6.68886e-06
45.84 1.55018e-05
45.86 3.48423e-06
45.88 -7.49219e-06
45.9 1.6408e-06
45.92 1.83568e-05
45.94 1.96179e-05
45.96 5.73929e-06
45.98 -4.29844e-06
46 -2.11531e-06
46.02 3.56412e-06
46.04 3.07838e-06
46.06 -2.50795e-06
46.08 -5.26478e-06
46.1 -4.46969e-06
46.12 -5.55826e-06
46.14 -8.85315e-06
46.16 -1.06668e-05
46.18 -7.84934e-06
46.2 -2.50664e-07
46.22 5.32886e-06
46.24 1.29229e-06
46.26 -5.855e-06
46.28 -2.32664e-06
46.3 7.80076e-06
46.32 8.44135e-06
46.34 -3.01103e-07
46.36 -4.17435e-06
46.38 2.30063e-06
46.4 8.99172e-06
46.42 5.28967e-06
46.44 -3.34436e-06
46.46 -3.21724e-06
46.48 4.57738e-06
46.5 5.72343e-06
46.52 -2.87224e-06
46.54 -8.66586e-06
46.56 -3.68434e-06
46.58 3.95556e-06
46.6 2.60978e-06
46.62 -5.35175e-06
46.64 -7.61925e-06
46.66 -1.29603e-06
46.68 2.84521e-06
46.7 -2.78702e-06
46.72 -9.99136e-06
46.74 -6.84537e-06
46.76 2.51512e-06
46.78 5.10153e-06
46.8 -7.47415e-08
46.82 -2.16934e-06
46.84 4.25787e-06
46.86 8.21096e-06
46.88 -5.5252e-07
46.9 -1.13641e-05
46.92 -9.10271e-06
46.94 3.09846e-06
46.96 9.40058e-06
46.98 2.46924e-06
47 -6.99176e-06
47.02 -6.20423e-06
47.04 2.33076e-06
47.06 6.05191e-06
47.08 -1.78221e-06
47.1 -1.19185e-05
47.12 -8.19514e-06
47.14 5.94047e-06
47.16 7.91318e-06
47.18 -7.55641e-06
47.2 -1.79854e-05
47.22 -7.24469e-06
47.24 9.70791e-06
47.26 8.8197e-06
47.28 -5.54572e-06
47.3 -7.03276e-06
47.32 1.08356e-05
47.34 2.53963e-05
47.36 2.02721e-05
47.38 7.02068e-06
47.4 3.3609e-06
47.42 5.71759e-06
47.44 -1.13768e-06
47.46 -1.33157e-05
47.48 -1.12736e-05
47.5 4.32615e-06
47.52 9.4134e-06
47.54 -3.10867e-06
47.56 -9.87048e-06
47.58 2.02978e-06
47.6 1.24876e-05
47.62 3.05803e-06
47.64 -1.33499e-05
47.66 -1.46219e-05
47.68 -3.10985e-06
47.7 1.3619e-06
47.72 -6.88192e-06
47.74 -1.15041e-05
47.76 -1.35308e-06
47.78 1.04756e-05
47.8 7.42247e-06
47.82 -4.53312e-06
47.84 -7.62147e-06
47.86 -4.30355e-08
47.88 3.23679e-06
47.9 -4.80113e-06
47.92 -1.1388e-05
47.94 -5.6493e-06
47.96 2.50895e-06
47.98 1.07071e-07
48 -7.04967e-06
48.02 -4.77119e-06
48.04 6.06118e-06
48.06 9.38498e-06
48.08 -2.34621e-06
48.1 -1.50903e-05
48.12 -1.06478e-05
48.14 7.60212e-06
48.16 1.42711e-05
48.18 -2.55462e-06
48.2 -1.90798e-05
48.22 -1.14045e-05
48.24 7.11267e-06
48.26 9.07657e-06
48.28 -5.62345e-06
48.3 -1.1986e-05
48.32 3.35525e-06
48.34 2.00225e-05
48.36 1.32796e-05
48.38 -5.99852e-06
48.4 -8.16635e-06
48.42 9.01224e-06
48.44 1.83073e-05
48.46 5.83612e-06
48.48 -9.50336e-06
48.5 -7.62261e-06
48.52 4.13914e-06
48.54 4.33043e-06
48.56 -1.043e-05
48.58 -1.93255e-05
48.6 -9.50883e-06
48.62 3.35449e-06
48.64 -4.91276e-07
48.66 -1.34502e-05
48.68 -1.11412e-05
48.7 7.39584e-06
48.72 1.60418e-05
48.74 2.90853e-06
48.76 -1.03967e-05
48.78 -2.24483e-06
48.8 1.4155e-05
48.82 1.24524e-05
48.84 -4.20543e-06
48.86 -9.79248e-06
48.88 3.31593e-06
48.9 1.38554e-05
48.92 5.60495e-06
48.94 -8.20794e-06
48.96 -6.74768e-06
48.98 6.58754e-06
49 1.06578e-05
49.02 -4.17125e-07
49.04 -9.00689e-06
49.06 -2.09915e-06
49.08 9.07117e-06
49.1 7.21133e-06
49.12 -2.96946e-06
49.14 -2.77065e-06
49.16 9.05472e-06
49.18 1.40222e-05
49.2 2.7422e-06
49.22 -8.68571e-06
49.24 -3.32343e-06
49.26 7.46047e-06
49.28 3.23364e-06
49.3 -1.08761e-05
49.32 -1.35245e-05
49.34 -1.01524e-06
49.36 8.03779e-06
49.38 7.31482e-07
49.4 -1.07166e-05
49.42 -7.34812e-06
49.44 6.333e-06
49.46 9.77846e-06
49.48 -1.09263e-06
49.5 -9.16498e-06
49.52 -3.88456e-06
49.54 3.57285e-06
49.56 7.74666e-07
49.58 -7.04824e-06
49.6 -8.99169e-06
49.62 -5.90754e-06
49.64 -7.08584e-06
49.66 -1.4718e-05
49.68 -1.92073e-05
49.7 -1.43162e-05
49.72 -7.24151e-06
49.74 -6.26735e-06
49.76 -8.21846e-06
49.78 -4.93516e-06
49.8 1.97162e-06
49.82 2.42829e-06
49.84 -4.49267e-06
49.86 -6.44549e-06
49.88 2.82151e-06
49.9 1.1529e-05
49.92 7.00123e-06
49.94 -4.0697e-06
49.96 -6.31646e-06
49.98 5.19921e-07
50 3.27166e-06
50.02 -3.85991e-06
50.04 -1.08733e-05
50.06 -6.25285e-06
50.08 5.22444e-06
50.1 7.27467e-06
50.12 -3.69913e-06
50.14 -1.22513e-05
50.16 -7.43929e-06
50.18 2.49692e-06
50.2 3.97162e-06
50.22 -4.23718e-06
50.24 -1.07163e-05
50.26 -6.34729e-06
50.28 2.85504e-06
50.3 4.01148e-06
50.32 -2.469e-06
50.34 -3.81748e-06
50.36 3.08402e-06
50.38 6.99115e-06
50.4 2.18126e-06
50.42 -2.7351e-06
50.44 8.02286e-07
50.46 8.19702e-06
50.48 8.09156e-06
50.5 -9.70652e-07
50.52 -7.26547e-06
50.54 -2.48109e-06
50.56 6.48061e-06
50.58 7.63367e-06
50.6 1.19873e-06
50.62 -1.42837e-06
50.64 3.48733e-06
50.66 6.62971e-06
50.68 2.16969e-06
50.7 -2.77165e-06
50.72 -5.65102e-07
50.74 4.61735e-06
50.76 3.70254e-06
50.78 -2.85776e-06
50.8 -5.42259e-06
50.82 -1.42767e-06
50.84 -4.40494e-07
50.86 -6.93801e-06
50.88 -1.18158e-05
50.9 -8.27319e-06
50.92 -2.56076e-06
50.94 -2.94201e-06
50.96 -8.44521e-06
50.98 -1.16387e-05
51 -8.31752e-06
51.02 -2.73035e-06
51.04 -2.08618e-06
51.06 -5.91813e-06
51.08 -6.55696e-06
51.1 -2.05286e-06
51.12 1.10675e-06
51.14 -1.36957e-06
51.16 -6.26935e-06
51.18 -7.41994e-06
51.2 -3.05777e-06
51.22 1.27394e-06
51.24 4.45059e-08
51.26 -2.90461e-06
51.28 4.72676e-07
51.3 9.1746e-06
51.32 1.45745e-05
51.34 9.95204e-06
51.36 -5.88506e-06
51.38 -2.41387e-05
51.4 -3.02256e-05
51.42 -1.85451e-05
51.44 3.02489e-06
51.46 1.94732e-05
51.48 1.75957e-05
51.5 1.13481e-06
51.52 -6.27609e-06
51.54 6.55176e-06
51.56 1.81546e-05
51.58 8.48268e-06
51.6 -1.08161e-05
51.62 -1.52805e-05
51.64 -2.15273e-07
51.66 1.4985e-05
51.68 1.35728e-05
51.7 2.46443e-06
51.72 -4.90186e-07
51.74 6.95902e-06
51.76 1.01038e-05
51.78 1.01762e-06
51.8 -1.09587e-05
51.82 -1.3676e-05
51.84 -6.50241e-06
51.86 1.46799e-06
51.88 2.08126e-06
51.9 -2.98482e-06
51.92 -4.92287e-06
51.94 4.32e-08
51.96 6.04113e-06
51.98 6.51071e-06
52 3.10372e-06
52.02 1.42731e-06
52.04 1.73306e-06
52.06 -1.58089e-07
52.08 -4.53123e-06
52.1 -5.87148e-06
52.12 -1.62753e-06
52.14 1.07366e-06
52.16 -3.19081e-06
52.18 -6.65494e-06
52.2 -3.28485e-07
52.22 1.05842e-05
52.24 1.30009e-05
52.26 4.88656e-06
52.28 -1.79351e-06
52.3 1.03011e-06
52.32 6.58151e-06
52.34 3.98651e-06
52.36 -5.47899e-06
52.38 -9.61812e-06
52.4 -3.63459e-06
52.42 2.36201e-06
52.44 -5.05636e-07
52.46 -5.18066e-06
52.48 -1.02321e-06
52.5 7.04589e-06
52.52 6.22687e-06
52.54 -3.67399e-06
52.56 -9.61575e-06
52.58 -5.36113e-06
52.6 -5.59357e-07
52.62 -3.80409e-06
52.64 -9.94041e-06
52.66 -9.60883e-06
52.68 -3.38313e-06
52.7 3.4701e-07
52.72 -1.25057e-06
52.74 -3.92012e-06
52.76 -4.14603e-06
52.78 -2.79744e-06
52.8 -2.8673e-06
52.82 -4.57611e-06
52.84 -5.02046e-06
52.86 -3.51726e-06
52.88 -3.15052e-06
52.9 -4.45598e-06
52.92 -3.34368e-06
52.94 5.39826e-07
52.96 9.7773e-07
52.98 -3.43849e-06
53 -5.18949e-06
53.02 -1.76934e-07
53.04 5.1896e-06
53.06 3.82898e-06
53.08 -7.26127e-07
53.1 6.0595e-08
53.12 6.19037e-06
53.14 8.43563e-06
53.16 3.54992e-06
53.18 1.28779e-07
53.2 2.80663e-06
53.22 5.34494e-06
53.24 2.27445e-06
53.26 -2.86828e-06
53.28 -3.80909e-06
53.3 -1.28436e-06
53.32 -1.29334e-06
53.34 -5.85022e-06
53.36 -9.03953e-06
53.38 -5.58911e-06
53.4 -4.00367e-07
53.42 -7.83545e-07
53.44 -4.38302e-06
53.46 -4.45773e-06
53.48 -1.11312e-06
53.5 3.51253e-07
53.52 -1.29925e-06
53.54 -1.97796e-06
53.56 2.11244e-07
53.58 1.93674e-06
53.6 4.49133e-08
53.62 -3.81916e-06
53.64 -5.63768e-06
53.66 -3.87532e-06
53.68 -1.55036e-06
53.7 -2.34008e-06
53.72 -3.94061e-06
53.74 -1.72431e-06
53.76 2.70351e-06
53.78 4.05231e-06
53.8 1.71606e-06
53.82 -3.50056e-07
53.84 9.02686e-07
53.86 4.15027e-06
53.88 4.13513e-06
53.9 -8.99338e-07
53.92 -4.43118e-06
53.94 -1.0801e-06
53.96 4.03504e-06
53.98 3.29414e-06
54 -1.94308e-06
54.02 -4.0192e-06
54.04 -1.59374e-07
54.06 4.1815e-06
54.08 3.64163e-06
54.1 1.11518e-08
54.12 -3.2765e-07
54.14 3.57726e-06
54.16 4.74015e-06
54.18 4.23331e-07
54.2 -3.97212e-06
54.22 -5.17548e-06
54.24 -4.83806e-06
54.26 -4.90492e-06
54.28 -5.87689e-06
54.3 -5.85002e-06
54.32 -3.59354e-06
54.34 -1.86523e-06
54.36 -3.0778e-06
54.38 -5.3967e-06
54.4 -5.49785e-06
54.42 -2.88155e-06
54.44 2.16581e-07
54.46 1.8627e-06
54.48 2.01011e-06
54.5 1.80278e-06
54.52 2.47542e-06
54.54 3.58027e-06
54.56 3.0367e-06
54.58 4.9031e-07
54.6 -1.35502e-06
54.62 2.02846e-07
54.64 3.21705e-06
54.66 3.04297e-06
54.68 -1.30435e-06
54.7 -5.98178e-06
54.72 -6.41217e-06
54.74 -3.70815e-06
54.76 -3.79904e-06
54.78 -7.49839e-06
54.8 -9.24043e-06
54.82 -6.64325e-06
54.84 -2.61754e-06
54.86 -2.22601e-07
54.88 4.23939e-07
54.9 1.87141e-06
54.92 4.47451e-06
54.94 5.16881e-06
54.96 3.93439e-06
54.98 4.05026e-06
55 4.86911e-06
55.02 3.16256e-06
55.04 -3.17769e-07
55.06 -1.64236e-06
55.08 -2.21737e-07
55.1 5.83202e-07
55.12 -2.86003e-07
55.14 -1.32088e-06
55.16 -1.43925e-06
55.18 -5.88576e-07
55.2 5.97169e-07
55.22 1.87176e-06
55.24 2.99022e-06
55.26 3.44627e-06
55.28 3.06275e-06
55.3 1.97446e-06
55.32 1.35894e-06
55.34 2.50859e-06
55.36 3.02533e-06
55.38 -1.48968e-07
55.4 -3.77068e-06
55.42 -2.80806e-06
55.44 4.0062e-07
55.46 2.27644e-07
55.48 -3.07335e-06
55.5 -5.69566e-06
55.52 -5.51635e-06
55.54 -3.52232e-06
55.56 -2.33524e-06
55.58 -2.28601e-06
55.6 -2.18306e-06
55.62 -1.06331e-06
55.64 1.6121e-07
55.66 -1.75466e-06
55.68 -5.69859e-06
55.7 -5.50174e-06
55.72 -9.40036e-08
55.74 3.64964e-06
55.76 9.15223e-07
55.78 -3.8589e-06
55.8 -3.18112e-06
55.82 2.63522e-06
55.84 5.3248e-06
55.86 1.58845e-06
55.88 -1.24976e-07
55.9 6.89182e-06
55.92 1.30673e-05
55.94 2.00455e-06
55.96 -2.09494e-05
55.98 -2.79765e-05
56 -1.02013e-05
56.02 8.97126e-06
56.04 8.03813e-06
56.06 -6.87142e-06
56.08 -1.09207e-05
56.1 4.97222e-06
56.12 2.05483e-05
56.14 1.56216e-05
56.16 -3.225e-06
56.18 -1.19819e-05
56.2 -2.85186e-06
56.22 5.50402e-06
56.24 -5.83749e-07
56.26 -9.82873e-06
56.28 -6.63135e-06
56.3 5.85996e-06
56.32 1.15198e-05
56.34 4.31304e-06
56.36 -3.39143e-06
56.38 -7.18863e-07
56.4 5.25881e-06
56.42 3.01695e-06
56.44 -3.44571e-06
56.46 -1.02571e-06
56.48 9.19207e-06
56.5 1.15441e-05
56.52 1.78056e-06
56.54 -5.10773e-06
56.56 1.18356e-06
56.58 1.01392e-05
56.6 5.83468e-06
56.62 -8.12068e-06
56.64 -1.27743e-05
56.66 -2.38268e-06
56.68 7.62614e-06
56.7 3.07809e-06
56.72 -8.69912e-06
56.74 -9.75824e-06
56.76 1.40263e-06
56.78 8.15916e-06
56.8 1.40734e-06
56.82 -6.83904e-06
56.84 -3.43975e-06
56.86 5.61844e-06
56.88 7.18092e-06
56.9 -8.8212e-07
56.92 -8.37185e-06
56.94 -6.1614e-06
56.96 -4.97174e-07
56.98 -3.12263e-06
57 -1.13206e-05
57.02 -1.22465e-05
57.04 -4.73023e-06
57.06 -1.44689e-06
57.08 -6.74602e-06
57.1 -8.48426e-06
57.12 -1.64738e-07
57.14 5.99804e-06
57.16 8.08419e-08
57.18 -8.71273e-06
57.2 -6.28301e-06
57.22 4.34931e-06
57.24 6.63607e-06
57.26 -3.85626e-06
57.28 -1.17698e-05
57.3 -4.74049e-06
57.32 7.5022e-06
57.34 7.04952e-06
57.36 -4.69467e-06
57.38 -8.4874e-06
57.4 2.59215e-06
57.42 1.20419e-05
57.44 6.06735e-06
57.46 -6.36102e-06
57.48 -8.20209e-06
57.5 1.37101e-06
57.52 7.72258e-06
57.54 2.34101e-06
57.56 -6.50272e-06
57.58 -6.24157e-06
57.6 2.11767e-06
57.62 6.47226e-06
57.64 1.65847e-06
57.66 -4.32589e-06
57.68 -2.93891e-06
57.7 2.45926e-06
57.72 2.75912e-06
57.74 -2.5529e-06
57.76 -5.34077e-06
57.78 -1.8862e-06
57.8 1.70681e-06
57.82 -1.59845e-07
57.84 -3.75243e-06
57.86 -2.71748e-06
57.88 1.41532e-06
57.9 1.83444e-06
57.92 -2.20523e-06
57.94 -3.92733e-06
57.96 -2.82301e-07
57.98 2.87745e-06
58 4.94458e-07
58.02 -3.62907e-06
58.04 -3.4563e-06
58.06 2.50365e-07
58.08 1.95949e-06
58.1 -4.47346e-07
58.12 -2.9524e-06
58.14 -1.69143e-06
58.16 1.27597e-06
58.18 1.49662e-06
58.2 -1.03639e-06
58.22 -2.18998e-06
58.24 -2.13504e-07
58.26 1.66727e-06
58.28 4.96428e-07
58.3 -1.8264e-06
58.32 -1.70001e-06
58.34 5.76723e-07
58.36 1.44198e-06
58.38 -2.78969e-07
58.4 -1.70491e-06
58.42 -5.83328e-07
58.44 1.27566e-06
58.46 1.00469e-06
58.48 -9.05765e-07
58.5 -1.53217e-06
58.52 -3.51996e-09
58.54 1.26873e-06
58.56 3.55461e-07
58.58 -1.24656e-06
58.6 -1.0408e-06
58.62 5.76909e-07
58.64 1.05726e-06
58.66 -2.52644e-07
58.68 -1.21651e-06
58.7 -3.85785e-07
58.72 8.43665e-07
58.74 5.7348e-07
58.76 -6.82395e-07
58.78 -9.44737e-07
58.8 1.23041e-07
58.82 8.10991e-07
58.84 9.80136e-08
58.86 -8.4552e-07
58.88 -5.74866e-07
58.9 4.255e-07
58.92 5.99783e-07
58.94 -2.5784e-07
58.96 -7.81269e-07
58.98 -1.99694e-07
59 5.38118e-07
59.02 3.1066e-07
59.04 -4.71502e-07
59.06 -5.86725e-07
59.08 9.88469e-08
59.1 5.00306e-07
59.12 3.33914e-08
59.14 -5.35823e-07
59.16 -3.37672e-07
59.18 2.80804e-07
59.2 3.60755e-07
59.22 -1.79707e-07
59.24 -4.79889e-07
59.26 -9.89e-08
59.28 3.46129e-07
59.3 1.82212e-07
59.32 -2.99363e-07
59.34 -3.46799e-07
59.36 8.62707e-08
59.38 3.17489e-07
59.4 1.45185e-08
59.42 -3.26172e-07
59.44 -1.83996e-07
59.46 1.97938e-07
59.48 2.30499e-07
59.5 -1.08778e-07
59.52 -2.79289e-07
59.54 -3.1071e-08
59.56 2.36894e-07
59.58 1.2222e-07
59.6 -1.72972e-07
59.62 -1.87289e-07
59.64 8.59243e-08
59.66 2.18633e-07
59.68 2.3329e-08
59.7 -1.79683e-07
59.72 -7.96683e-08
59.74 1.55923e-07
59.76 1.65939e-07
59.78 -4.62089e-08
59.8 -1.41811e-07
59.82 1.94433e-08
59.84 1.80623e-07
59.86 1.0191e-07
59.88 -7.83374e-08
59.9 -7.758e-08
59.92 9.4626e-08
59.94 1.70452e-07
59.96 4.53489e-08
59.98 -4.19034e-07
