0.02 8.0575e-07
0.04 2.28253e-06
0.06 2.49823e-06
0.08 1.14266e-06
0.1 3.27075e-07
0.12 1.22292e-06
0.14 2.36364e-06
0.16 2.04358e-06
0.18 9.20658e-07
0.2 8.65323e-07
0.22 2.03187e-06
0.24 2.74179e-06
0.26 2.17457e-06
0.28 1.57268e-06
0.3 2.18017e-06
0.32 3.17793e-06
0.34 3.3048e-06
0.36 3.03752e-06
0.38 2.93084e-06
0.4 1.53846e-06
0.42 -1.94639e-06
0.44 -1.77768e-06
0.46 5.40215e-06
0.48 8.5311e-06
0.5 3.0927e-07
0.52 -8.0761e-06
0.54 -5.88132e-06
0.56 -1.73374e-06
0.58 -8.51538e-06
0.6 -1.56622e-05
0.62 -7.1332e-06
0.64 2.8207e-06
0.66 -3.46519e-06
0.68 -2.14986e-05
0.7 -3.14635e-05
0.72 -7.23464e-06
0.74 2.74081e-05
0.76 1.95244e-05
0.78 -1.0491e-05
0.8 2.85748e-06
0.82 5.7497e-05
0.84 8.09683e-05
0.86 3.92283e-05
0.88 -1.06304e-05
0.9 -6.74216e-06
0.92 3.16929e-05
0.94 3.56002e-05
0.96 -1.92619e-05
0.98 -6.91777e-05
1 -4.75912e-05
1.02 1.65854e-05
1.04 3.35274e-05
1.06 -2.51363e-05
1.08 -8.41936e-05
1.1 -6.85519e-05
1.12 -2.84098e-06
1.14 3.41833e-05
1.16 2.73201e-06
1.18 -6.43293e-05
1.2 -6.98733e-05
1.22 1.52635e-05
1.24 6.38725e-05
1.26 -8.70894e-06
1.28 -9.99853e-05
1.3 -8.83018e-05
1.32 1.01633e-05
1.34 8.78419e-05
1.36 6.31547e-05
1.38 -2.65601e-05
1.4 -6.00161e-05
1.42 2.33617e-06
1.44 5.193e-05
1.46 -2.0956e-05
1.48 -0.000155915
1.5 -0.00018706
1.52 -8.18087e-05
1.54 4.42999e-06
1.56 -4.67555e-05
1.58 -0.000143977
1.6 -0.000119382
1.62 1.27871e-05
1.64 7.14704e-05
1.66 -1.23925e-05
1.68 -0.000100581
1.7 -6.44074e-05
1.72 2.68037e-05
1.74 1.80521e-05
1.76 -7.5395e-05
1.78 -9.29113e-05
1.8 -1.48069e-05
1.82 1.00908e-05
1.84 -7.54195e-05
1.86 -0.000139498
1.88 -5.00132e-05
1.9 9.10742e-05
1.92 5.18502e-05
1.94 -0.00014487
1.96 -0.000207285
1.98 -3.92345e-05
2 7.64543e-05
2.02 -7.39081e-05
2.04 -0.000279262
2.06 -0.000233961
2.08 -2.32736e-05
2.1 1.49688e-05
2.12 -0.000163423
2.14 -0.000247011
2.16 -8.64535e-05
2.18 8.64547e-05
2.2 4.3563e-05
2.22 -0.000125184
2.24 -0.000168084
2.26 -3.16727e-05
2.28 4.39171e-05
2.3 -9.55828e-05
2.32 -0.000247519
2.34 -0.00018531
2.36 -1.87049e-06
2.38 4.09884e-05
2.4 -0.000131956
2.42 -0.000279591
2.44 -0.000174253
2.46 3.31707e-05
2.48 4.57625e-05
2.5 -0.00010466
2.52 -0.000135701
2.54 1.04522e-05
2.56 0.000111917
2.58 7.1811e-05
2.6 5.76953e-05
2.62 0.000183911
2.64 0.000312759
2.66 0.000293623
2.68 0.000221492
2.7 0.000283785
2.72 0.000453411
2.74 0.000545311
2.76 0.000507473
2.78 0.000457628
2.8 0.000494892
2.82 0.000590315
2.84 0.000634526
2.86 0.000591512
2.88 0.000524941
2.9 0.000488497
2.92 0.000506748
2.94 0.000542618
2.96 0.000511864
2.98 0.000440139
3 0.000443339
3.02 0.000440561
3.04 0.000266373
3.06 7.58099e-05
3.08 7.38994e-05
3.1 0.000119033
3.12 1.61624e-06
3.14 -0.000219765
3.16 -0.000350533
3.18 -0.000353201
3.2 -0.000369092
3.22 -0.000488104
3.24 -0.000622485
3.26 -0.000642404
3.28 -0.000575474
3.3 -0.000533128
3.32 -0.000544435
3.34 -0.000541776
3.36 -0.000410812
3.38 -0.000188685
3.4 -8.31811e-05
3.42 -0.000136144
3.44 -9.12798e-05
3.46 0.000229609
3.48 0.000550198
3.5 0.000502952
3.52 0.000250585
3.54 0.00025039
3.56 0.00052452
3.58 0.00066886
3.6 0.000523068
3.62 0.000398891
3.64 0.000469835
3.66 0.000377628
3.68 1.10129e-05
3.7 -0.000141634
3.72 3.28857e-05
3.74 4.45868e-05
3.76 -0.000276512
3.78 -0.000501258
3.8 -0.000341362
3.82 -0.000127339
3.84 -0.000237988
3.86 -0.000509661
3.88 -0.000574738
3.9 -0.000407326
3.92 -0.00031705
3.94 -0.000477095
3.96 -0.000672201
3.98 -0.000581992
4 -0.000204933
4.02 1.50726e-05
4.04 -0.000204077
4.06 -0.000434849
4.08 -0.000193277
4.1 0.000244095
4.12 0.000303066
4.14 3.62077e-05
4.16 -2.43462e-05
4.18 0.000204602
4.2 0.000208213
4.22 -0.000175066
4.24 -0.000417485
4.26 -0.000221939
4.28 1.68483e-05
4.3 -9.23174e-05
4.32 -0.000255852
4.34 4.25869e-06
4.36 0.000381693
4.38 0.000258916
4.4 -0.000192738
4.42 -0.000318797
4.44 -1.37195e-05
4.46 0.000235686
4.48 0.000170784
4.5 -5.85207e-05
4.52 -0.000243217
4.54 -0.000204841
4.56 -1.53133e-06
4.58 7.81947e-05
4.6 -6.7171e-05
4.62 -0.000206828
4.64 -6.37256e-05
4.66 0.000247718
4.68 0.000306221
4.7 7.69856e-05
4.72 -1.19802e-06
4.74 0.000249376
4.76 0.000474834
4.78 0.00030572
4.8 -0.000108374
4.82 -0.000206806
4.84 0.000159009
4.86 0.00041537
4.88 0.000157279
4.9 -0.000212062
4.92 -0.000164203
4.94 0.000121288
4.96 0.000130572
4.98 -0.000167657
5 -0.000383116
5.02 -0.000323891
5.04 -0.000219561
5.06 -0.000257957
5.08 -0.000188857
5.1 0.000111972
5.12 0.000240705
5.14 9.5123e-06
5.16 -0.000177317
5.18 1.96365e-06
5.2 0.000303094
5.22 0.000329399
5.24 5.49974e-05
5.26 -0.000255784
5.28 -0.000288151
5.3 1.12793e-05
5.32 0.000283728
5.34 0.000234386
5.36 1.44948e-05
5.38 -4.89628e-05
5.4 8.73449e-05
5.42 0.000174894
5.44 0.000116879
5.46 8.64051e-05
5.48 0.000164046
5.5 0.000219558
5.52 0.000164084
5.54 7.34065e-05
5.56 3.89062e-05
5.58 4.99329e-05
5.6 4.92133e-05
5.62 1.3627e-05
5.64 2.33835e-06
5.66 6.13974e-05
5.68 8.42958e-05
5.7 -1.16579e-06
5.72 -6.86766e-05
5.74 -2.34932e-05
5.76 3.89707e-05
5.78 -6.5775e-06
5.8 -0.000113844
5.82 -0.000110059
5.84 8.89796e-06
5.86 3.22326e-05
5.88 -0.000108041
5.9 -0.000225014
5.92 -0.000148561
5.94 7.2707e-05
5.96 0.000197672
5.98 0.000116201
6 4.16366e-05
6.02 0.000130942
6.04 0.000240073
6.06 0.000234571
6.08 0.000148248
6.1 6.68861e-05
6.12 9.41265e-05
6.14 0.000219845
6.16 0.00026797
6.18 9.17442e-05
6.2 -0.000203263
6.22 -0.000292614
6.24 -0.000129118
6.26 -7.58888e-05
6.28 -0.000289768
6.3 -0.000430747
6.32 -0.000210484
6.34 8.71635e-05
6.36 3.685e-05
6.38 -0.00022743
6.4 -0.000257925
6.42 -4.9352e-06
6.44 0.000157437
6.46 1.0462e-05
6.48 -0.000237291
6.5 -0.000302641
6.52 -0.000195643
6.54 -0.000160808
6.56 -0.000271824
6.58 -0.000271884
6.6 -8.88943e-05
6.62 -1.67081e-05
6.64 -0.000119634
6.66 -9.46491e-05
6.68 0.000135369
6.7 0.000246143
6.72 1.9213e-05
6.74 -0.000308489
6.76 -0.000325479
6.78 -1.87251e-05
6.8 0.00018042
6.82 1.08125e-05
6.84 -0.000231369
6.86 -0.000143046
6.88 0.000140712
6.9 0.000157896
6.92 -0.000150194
6.94 -0.000347119
6.96 -0.000145391
6.98 0.000179484
7 0.000196572
7.02 -7.27473e-05
7.04 -0.000209254
7.06 -1.12835e-05
7.08 0.000217038
7.1 0.000160418
7.12 -3.22102e-05
7.14 -3.86907e-05
7.16 0.000143948
7.18 0.000244027
7.2 0.000140199
7.22 2.38572e-05
7.24 8.63388e-05
7.26 0.000204874
7.28 0.000119331
7.3 -0.000102759
7.32 -0.000114594
7.34 0.000129534
7.36 0.000264576
7.38 9.19544e-05
7.4 -0.000110849
7.42 -4.99871e-05
7.44 0.000138227
7.46 0.000136677
7.48 -7.43336e-05
7.5 -0.000191299
7.52 -4.76557e-05
7.54 0.000106342
7.56 8.46799e-06
7.58 -0.000169409
7.6 -9.77109e-05
7.62 0.000167
7.64 0.000263332
7.66 0.000111671
7.68 8.32224e-07
7.7 8.03381e-05
7.72 0.000163589
7.74 8.24542e-05
7.76 -1.39553e-05
7.78 7.47664e-05
7.8 0.000223916
7.82 0.000194112
7.84 6.79061e-06
7.86 -0.000125068
7.88 -7.6662e-05
7.9 4.81192e-05
7.92 5.00616e-05
7.94 -7.12668e-05
7.96 -0.00011774
7.98 -2.286e-05
8 5.68557e-05
8.02 2.10677e-05
8.04 -3.04569e-05
8.06 2.78802e-06
8.08 6.45012e-05
8.1 6.18419e-05
8.12 1.18071e-05
8.14 -6.08583e-06
8.16 2.87648e-05
8.18 7.29573e-05
8.2 9.76126e-05
8.22 9.21412e-05
8.24 5.55107e-06
8.26 -0.000131912
8.28 -0.000138683
8.3 2.14365e-05
8.32 0.00013923
8.34 8.14014e-05
8.36 -4.6058e-05
8.38 -6.57489e-05
8.4 4.54091e-05
8.42 0.000132457
8.44 6.39001e-05
8.46 -0.000110009
8.48 -0.000182056
8.5 -3.58309e-05
8.52 0.000137187
8.54 9.95556e-05
8.56 -5.1243e-05
8.58 -4.50589e-05
8.6 0.000140635
8.62 0.000248005
8.64 0.000101809
8.66 -8.5932e-05
8.68 1.14765e-06
8.7 0.000247355
8.72 0.00027368
8.74 4.29561e-05
8.76 -0.000103344
8.78 2.50465e-05
8.8 0.000191379
8.82 0.000101399
8.84 -0.000149735
8.86 -0.000246203
8.88 -9.17739e-05
8.9 0.000101439
8.92 7.50399e-05
8.94 -9.36185e-05
8.96 -0.00010468
8.98 4.11903e-05
9 8.47682e-05
9.02 -4.30104e-05
9.04 -0.000155203
9.06 -8.83789e-05
9.08 8.06142e-05
9.1 0.00010423
9.12 -8.13147e-05
9.14 -0.000207586
9.16 -9.56855e-05
9.18 3.50247e-05
9.2 -5.2293e-05
9.22 -0.000224952
9.24 -0.000209835
9.26 -1.7892e-05
9.28 8.0851e-05
9.3 -1.55317e-05
9.32 -9.9303e-05
9.34 -4.50497e-06
9.36 0.000143768
9.38 0.000122449
9.4 -5.74062e-05
9.42 -0.0001423
9.44 6.29726e-08
9.46 0.000162961
9.48 8.0718e-05
9.5 -0.000158683
9.52 -0.00020875
9.54 -2.42304e-06
9.56 0.0001208
9.58 -2.98384e-06
9.6 -7.77261e-05
9.62 6.7758e-05
9.64 0.00014534
9.66 -4.94714e-05
9.68 -0.00025596
9.7 -0.000187913
9.72 3.07755e-05
9.74 0.000116253
9.76 -2.89201e-05
9.78 -0.000248666
9.8 -0.000249913
9.82 -1.78161e-05
9.84 0.000110791
9.86 9.69172e-06
9.88 -7.47666e-05
9.9 2.69026e-05
9.92 0.000158833
9.94 8.52573e-05
9.96 -0.000113753
9.98 -0.000116818
10 0.000116335
10.02 0.000248646
10.04 9.4498e-05
10.06 -9.63305e-05
10.08 -5.77452e-05
10.1 8.8048e-05
10.12 6.79406e-05
10.14 -0.000120897
10.16 -0.000214806
10.18 -7.05063e-05
10.2 9.64786e-05
10.22 2.72894e-05
10.24 -0.000172494
10.26 -0.000201317
10.28 -2.37508e-05
10.3 0.000100915
10.32 2.54261e-05
10.34 -9.22795e-05
10.36 -5.56371e-05
10.38 7.93782e-05
10.4 0.00010647
10.42 2.30188e-06
10.44 -4.36093e-05
10.46 4.87215e-05
10.48 0.000130836
10.5 8.52771e-05
10.52 3.20315e-06
10.54 7.49005e-06
10.56 3.81332e-05
10.58 -3.00497e-06
10.6 -4.1109e-05
10.62 1.07758e-05
10.64 7.44361e-05
10.66 5.40205e-05
10.68 -1.79207e-05
10.7 -6.06673e-05
10.72 -4.3593e-05
10.74 2.91797e-07
10.76 2.97584e-06
10.78 -3.45318e-05
10.8 -2.03923e-05
10.82 5.83434e-05
10.84 9.41504e-05
10.86 2.74224e-05
10.88 -7.52536e-05
10.9 -9.47102e-05
10.92 -6.16134e-06
10.94 6.30189e-05
10.96 1.49024e-05
10.98 -6.65071e-05
11 -5.91634e-05
11.02 5.91186e-06
11.04 1.44799e-05
11.06 -3.98099e-05
11.08 -5.80064e-05
11.1 -1.52568e-06
11.12 6.24622e-05
11.14 7.08238e-05
11.16 4.05031e-05
11.18 2.91302e-05
11.2 5.39795e-05
11.22 7.84143e-05
11.24 5.59721e-05
11.26 -1.45255e-05
11.28 -6.43369e-05
11.3 -4.07996e-05
11.32 6.84394e-06
11.34 -9.08126e-07
11.36 -5.99716e-05
11.38 -9.27278e-05
11.4 -4.40078e-05
11.42 4.27337e-05
11.44 5.96987e-05
11.46 -1.38378e-05
11.48 -6.63789e-05
11.5 -2.29338e-05
11.52 4.37402e-05
11.54 3.89583e-05
11.56 -8.47852e-06
11.58 -4.62115e-06
11.6 6.0336e-05
11.62 0.000102428
11.64 7.17204e-05
11.66 2.08482e-05
11.68 2.01647e-05
11.7 5.21004e-05
11.72 4.95889e-05
11.74 8.27567e-06
11.76 -2.20631e-05
11.78 -2.7437e-05
11.8 -3.89057e-05
11.82 -7.13565e-05
11.84 -9.24328e-05
11.86 -7.22299e-05
11.88 -3.90964e-05
11.9 -2.53299e-05
11.92 -5.61576e-06
11.94 3.51658e-05
11.96 5.45497e-05
11.98 2.62906e-05
12 -1.24886e-05
12.02 -1.12076e-05
12.04 2.67142e-05
12.06 4.507e-05
12.08 1.73917e-05
12.1 -1.59156e-05
12.12 -1.74172e-05
12.14 9.68341e-06
12.16 4.31253e-05
12.18 4.97948e-05
12.2 1.88514e-05
12.22 -1.44207e-05
12.24 -2.25327e-05
12.26 -2.37645e-05
12.28 -4.20093e-05
12.3 -6.90343e-05
12.32 -7.958e-05
12.34 -6.67629e-05
12.36 -4.78324e-05
12.38 -3.47701e-05
12.4 -2.04975e-05
12.42 8.35125e-07
12.44 2.06831e-05
12.46 2.6201e-05
12.48 2.01975e-05
12.5 2.36742e-05
12.52 4.27088e-05
12.54 5.22628e-05
12.56 3.59458e-05
12.58 1.96337e-05
12.6 3.31934e-05
12.62 6.09022e-05
12.64 6.09763e-05
12.66 1.89396e-05
12.68 -2.56312e-05
12.7 -2.52556e-05
12.72 3.09645e-06
12.74 3.46538e-06
12.76 -3.30742e-05
12.78 -5.99716e-05
12.8 -3.92811e-05
12.82 1.71476e-05
12.84 5.36955e-05
12.86 2.7608e-05
12.88 -2.668e-05
12.9 -3.36761e-05
12.92 1.80902e-05
12.94 5.44642e-05
12.96 2.11512e-05
12.98 -3.17617e-05
13 -2.65564e-05
13.02 2.04249e-05
13.04 3.02101e-05
13.06 -8.00831e-06
13.08 -2.40651e-05
13.1 1.36964e-05
13.12 5.12294e-05
13.14 3.78855e-05
13.16 -2.0639e-06
13.18 -1.61385e-05
13.2 2.25532e-06
13.22 2.09216e-05
13.24 2.00376e-05
13.26 9.74913e-06
13.28 1.01007e-06
13.3 -1.3588e-05
13.32 -3.15703e-05
13.34 -3.16582e-05
13.36 -7.56796e-06
13.38 1.95639e-05
13.4 2.23035e-05
13.42 -1.68782e-06
13.44 -1.73468e-05
13.46 -2.5076e-06
13.48 9.57156e-06
13.5 -1.07104e-05
13.52 -3.14646e-05
13.54 -1.53188e-05
13.56 1.25683e-05
13.58 4.96118e-06
13.6 -3.1385e-05
13.62 -4.47286e-05
13.64 -1.49567e-05
13.66 1.57794e-05
13.68 3.19392e-06
13.7 -3.45901e-05
13.72 -4.27042e-05
13.74 -8.32437e-06
13.76 2.6115e-05
13.78 2.72388e-05
13.8 1.15102e-05
13.82 1.09312e-05
13.84 2.45858e-05
13.86 2.30933e-05
13.88 -5.67543e-06
13.9 -3.11175e-05
13.92 -2.07142e-05
13.94 9.73347e-06
13.96 2.03084e-05
13.98 3.72085e-06
14 -1.03803e-05
14.02 6.76351e-06
14.04 4.91722e-05
14.06 7.49297e-05
14.08 5.92241e-05
14.1 2.84e-05
14.12 6.54515e-06
14.14 -1.37214e-05
14.16 -2.60679e-05
14.18 -1.20253e-05
14.2 8.36435e-06
14.22 -7.84715e-06
14.24 -5.3596e-05
14.26 -6.94976e-05
14.28 -3.09077e-05
14.3 1.1045e-05
14.32 -5.56219e-07
14.34 -5.07023e-05
14.36 -7.15187e-05
14.38 -3.43284e-05
14.4 5.78854e-06
14.42 -1.20682e-05
14.44 -6.12431e-05
14.46 -6.35803e-05
14.48 -8.85193e-06
14.5 3.11494e-05
14.52 1.55348e-05
14.54 -1.163e-05
14.56 4.03264e-07
14.58 2.8695e-05
14.6 2.07445e-05
14.62 -8.16642e-06
14.64 4.27368e-06
14.66 5.51023e-05
14.68 6.73464e-05
14.7 -2.36741e-06
14.72 -9.00149e-05
14.74 -9.05144e-05
14.76 -6.53359e-06
14.78 4.29474e-05
14.8 -1.43e-05
14.82 -9.81048e-05
14.84 -8.13973e-05
14.86 1.90028e-05
14.88 5.10393e-05
14.9 -3.66304e-05
14.92 -9.40789e-05
14.94 -1.12863e-05
14.96 8.96516e-05
14.98 5.3716e-05
15 -5.66973e-05
15.02 -6.96296e-05
15.04 2.26635e-05
15.06 6.24055e-05
15.08 -1.51086e-05
15.1 -8.66059e-05
15.12 -3.78416e-05
15.14 7.01154e-05
15.16 9.37392e-05
15.18 1.24923e-05
15.2 -4.51744e-05
15.22 2.58343e-06
15.24 6.57272e-05
15.26 2.95323e-05
15.28 -6.32149e-05
15.3 -8.64093e-05
15.32 -2.30695e-05
15.34 2.29818e-05
15.36 -9.07451e-06
15.38 -5.30336e-05
15.4 -2.69586e-05
15.42 4.04453e-05
15.44 5.60244e-05
15.46 8.11677e-07
15.48 -4.79436e-05
15.5 -3.00182e-05
15.52 2.32036e-05
15.54 3.98103e-05
15.56 7.02437e-06
15.58 -1.13873e-05
15.6 2.41767e-05
15.62 6.18239e-05
15.64 3.81004e-05
15.66 -2.26331e-05
15.68 -3.99682e-05
15.7 8.83173e-06
15.72 5.64831e-05
15.74 4.54542e-05
15.76 6.7747e-06
15.78 2.21422e-06
15.8 3.38128e-05
15.82 4.77737e-05
15.84 1.38987e-05
15.86 -2.75779e-05
15.88 -2.12671e-05
15.9 2.06234e-05
15.92 3.72955e-05
15.94 1.33101e-05
15.96 -5.13625e-07
15.98 2.75597e-05
16 5.69603e-05
16.02 4.32613e-05
16.04 7.82973e-06
16.06 -1.72895e-06
16.08 2.07162e-05
16.1 3.74442e-05
16.12 1.7675e-05
16.14 -1.98837e-05
16.16 -2.65905e-05
16.18 1.1975e-05
16.2 4.95449e-05
16.22 3.80865e-05
16.24 -3.17922e-06
16.26 -2.26684e-05
16.28 -1.15581e-05
16.3 7.34403e-06
16.32 2.05355e-05
16.34 1.97291e-05
16.36 8.83853e-07
16.38 -1.8389e-05
16.4 -1.52336e-05
16.42 -1.89125e-07
16.44 -4.36516e-06
16.46 -2.89299e-05
16.48 -4.48788e-05
16.5 -4.41834e-05
16.52 -5.29183e-05
16.54 -7.97823e-05
16.56 -8.92019e-05
16.58 -5.68123e-05
16.6 -1.9495e-05
16.62 -2.60162e-05
16.64 -6.3253e-05
16.66 -7.44693e-05
16.68 -2.09687e-05
16.7 7.95609e-05
16.72 0.000145058
16.74 0.000131404
16.76 0.000113477
16.78 0.000157773
16.8 0.000210574
16.82 0.000197429
16.84 0.000121066
16.86 1.07367e-05
16.88 -6.47128e-05
16.9 -1.23585e-05
16.92 8.55522e-05
16.94 4.38437e-05
16.96 -9.89413e-05
16.98 -0.000132586
17 -2.12283e-05
17.02 5.2209e-05
17.04 -2.43851e-05
17.06 -0.000136933
17.08 -0.000129008
17.1 -3.99221e-05
17.12 -4.27031e-05
17.14 -0.000161152
17.16 -0.000211428
17.18 -9.10987e-05
17.2 2.72086e-05
17.22 -4.51432e-05
17.24 -0.000183789
17.26 -0.000147863
17.28 9.72334e-06
17.3 4.14532e-05
17.32 -7.90566e-05
17.34 -0.000125738
17.36 1.77229e-05
17.38 0.000183023
17.4 0.000176489
17.42 6.80771e-05
17.44 7.27382e-05
17.46 0.000205662
17.48 0.000253343
17.5 0.000120612
17.52 -1.36787e-06
17.54 5.71322e-05
17.56 0.000151245
17.58 6.58024e-05
17.6 -0.000110349
17.62 -0.000141151
17.64 -2.88316e-05
17.66 1.82931e-05
17.68 -7.86461e-05
17.7 -0.000171149
17.72 -0.000135228
17.74 -5.40823e-05
17.76 -6.20236e-05
17.78 -0.000132
17.8 -0.000140131
17.82 -6.59903e-05
17.84 9.29133e-07
17.86 5.21087e-06
17.88 -2.23749e-05
17.9 -2.35526e-05
17.92 1.60304e-05
17.94 5.62305e-05
17.96 6.75674e-05
17.98 6.97644e-05
18 8.31623e-05
18.02 9.03045e-05
18.04 7.38748e-05
18.06 5.22193e-05
18.08 3.81414e-05
18.1 4.65591e-06
18.12 -4.81327e-05
18.14 -6.41334e-05
18.16 -2.88157e-05
18.18 -4.8252e-06
18.2 -3.75309e-05
18.22 -9.81633e-05
18.24 -0.000135675
18.26 -0.000142795
18.28 -0.000146669
18.3 -0.000152145
18.32 -0.000118145
18.34 -6.12363e-06
18.36 0.000117246
18.38 0.000130451
18.4 6.7706e-05
18.42 8.10145e-05
18.44 0.000188827
18.46 0.000257814
18.48 0.00018264
18.5 9.1697e-06
18.52 -7.47055e-05
18.54 3.03933e-05
18.56 0.000147136
18.58 7.44435e-05
18.6 -9.90327e-05
18.62 -0.000144165
18.64 -3.00932e-05
18.66 4.87932e-05
18.68 -3.57978e-05
18.7 -0.000165696
18.72 -0.00016387
18.74 -6.03656e-05
18.76 -3.81008e-05
18.78 -0.000148138
18.8 -0.000205552
18.82 -4.43942e-05
18.84 0.000178415
18.86 0.000182894
18.88 3.38059e-05
18.9 2.88841e-05
18.92 0.000201738
18.94 0.000300761
18.96 0.000197693
18.98 5.65149e-05
19 5.45491e-05
19.02 0.000129062
19.04 0.000118939
19.06 2.05933e-06
19.08 -9.5148e-05
19.1 -6.59702e-05
19.12 2.27145e-05
19.14 1.1285e-05
19.16 -0.000104616
19.18 -0.00015436
19.2 -7.47607e-05
19.22 -2.37436e-05
19.24 -0.000115148
19.26 -0.000212207
19.28 -0.000139016
19.3 1.53802e-05
19.32 3.47326e-05
19.34 -7.8582e-05
19.36 -0.000133475
19.38 -5.00201e-05
19.4 4.32561e-05
19.42 1.76989e-05
19.44 -5.629e-05
19.46 -1.88863e-05
19.48 0.000115015
19.5 0.000165138
19.52 6.62941e-05
19.54 -2.97596e-05
19.56 1.69433e-05
19.58 0.000125629
19.6 0.000108472
19.62 -3.25485e-05
19.64 -7.05803e-05
19.66 7.35906e-05
19.68 0.000153365
19.7 -2.06732e-06
19.72 -0.000184559
19.74 -0.000133435
19.76 6.31955e-05
19.78 0.000110283
19.8 -6.44893e-05
19.82 -0.000208629
19.84 -0.000113743
19.86 7.98966e-05
19.88 0.000116399
19.9 -8.11397e-07
19.92 -5.76438e-05
19.94 4.43757e-05
19.96 0.000152679
19.98 9.59951e-05
20 -4.22554e-05
20.02 -4.87402e-05
20.04 8.45296e-05
20.06 0.000155695
20.08 5.08029e-05
20.1 -0.000122264
20.12 -0.000182841
20.14 -9.03082e-05
20.16 3.12949e-05
20.18 6.61203e-05
20.2 1.61102e-06
20.22 -8.92775e-05
20.24 -0.000100489
20.26 -1.61776e-05
20.28 3.86733e-05
20.3 -2.86462e-05
20.32 -0.000101325
20.34 -3.30295e-05
20.36 7.46504e-05
20.38 5.30315e-05
20.4 -2.90605e-05
20.42 -4.99815e-06
20.44 0.000112167
20.46 0.000167538
20.48 9.73345e-05
20.5 -7.03305e-06
20.52 -3.36315e-05
20.54 5.22195e-06
20.56 -6.00902e-07
20.58 -2.5303e-05
20.6 3.64428e-05
20.62 7.00832e-05
20.64 -5.84479e-05
20.66 -0.0001981
20.68 -0.000180687
20.7 -4.93041e-05
20.72 7.27225e-05
20.74 6.1565e-05
20.76 -8.10775e-05
20.78 -0.000142357
20.8 -1.53902e-05
20.82 8.52802e-05
20.84 -1.74882e-05
20.86 -0.000146358
20.88 -4.8785e-05
20.9 0.000175265
20.92 0.000214303
20.94 4.57193e-05
20.96 -4.26532e-05
20.98 9.15402e-05
21 0.000223815
21.02 9.65777e-05
21.04 -0.000137258
21.06 -0.00012179
21.08 0.000117417
21.1 0.000204583
21.12 -7.65694e-06
21.14 -0.000220067
21.16 -0.000124456
21.18 0.000131654
21.2 0.000146036
21.22 -0.000120324
21.24 -0.00027844
21.26 -0.000117954
21.28 8.78179e-05
21.3 2.64362e-05
21.32 -0.000174667
21.34 -0.000149429
21.36 0.000122973
21.38 0.000260786
21.4 9.95389e-05
21.42 -7.28641e-05
21.44 -3.8924e-05
21.46 9.21074e-05
21.48 0.000142668
21.5 4.26132e-05
21.52 -0.000106033
21.54 -0.000129385
21.56 -5.01842e-05
21.58 -4.33912e-05
21.6 -0.000117572
21.62 -0.000109651
21.64 -4.33034e-07
21.66 4.28279e-05
21.68 -4.04535e-05
21.7 -9.37838e-05
21.72 9.06194e-06
21.74 0.000139256
21.76 8.36042e-05
21.78 -0.000107992
21.8 -0.000156702
21.82 1.39413e-05
21.84 0.000134948
21.86 1.42435e-05
21.88 -0.000154548
21.9 -0.000104248
21.92 9.21751e-05
21.94 0.000151569
21.96 1.13138e-05
21.98 -9.38731e-05
22 2.72434e-06
22.02 0.000154599
22.04 0.000140895
22.06 -8.758e-06
22.08 -9.31429e-05
22.1 -3.45731e-05
22.12 4.26677e-05
22.14 9.64887e-06
22.16 -7.82913e-05
22.18 -7.72339e-05
22.2 1.07942e-05
22.22 4.92678e-05
22.24 -8.92658e-06
22.26 -6.21628e-05
22.28 -2.71017e-05
22.3 4.28087e-05
22.32 4.91192e-05
22.34 2.3319e-06
22.36 -5.49826e-06
22.38 4.79131e-05
22.4 8.81924e-05
22.42 6.30083e-05
22.44 1.43894e-05
22.46 1.2129e-05
22.48 5.47886e-05
22.5 6.80469e-05
22.52 1.23736e-05
22.54 -4.77256e-05
22.56 -3.71743e-05
22.58 1.54338e-05
22.6 2.59478e-05
22.62 -1.93192e-05
22.64 -5.13551e-05
22.66 -2.60791e-05
22.68 1.1939e-05
22.7 6.10952e-07
22.72 -4.36157e-05
22.74 -5.27592e-05
22.76 -1.69369e-05
22.78 4.09544e-07
22.8 -3.12583e-05
22.82 -5.74324e-05
22.84 -2.53774e-05
22.86 2.79499e-05
22.88 3.07293e-05
22.9 -1.27631e-05
22.92 -3.194e-05
22.94 4.20339e-06
22.96 4.57579e-05
22.98 3.83528e-05
23 -3.45526e-07
23.02 -1.4798e-05
23.04 4.86917e-06
23.06 1.49975e-05
23.08 -1.14086e-05
23.1 -4.20904e-05
23.12 -3.15595e-05
23.14 6.92714e-06
23.16 1.46572e-05
23.18 -2.03626e-05
23.2 -3.74902e-05
23.22 1.98688e-06
23.24 4.86365e-05
23.26 4.1604e-05
23.28 4.55992e-06
23.3 1.45931e-06
23.32 3.25843e-05
23.34 4.14562e-05
23.36 7.91941e-06
23.38 -2.52425e-05
23.4 -2.64876e-05
23.42 -2.03424e-05
23.44 -3.21365e-05
23.46 -4.04252e-05
23.48 -1.92606e-05
23.5 7.13294e-06
23.52 -1.35061e-06
23.54 -2.97323e-05
23.56 -2.67714e-05
23.58 1.39714e-05
23.6 4.19147e-05
23.62 2.38478e-05
23.64 -7.75435e-06
23.66 -5.90202e-06
23.68 2.37458e-05
23.7 4.11463e-05
23.72 2.82142e-05
23.74 3.70753e-06
23.76 -4.05792e-06
23.78 7.14081e-06
23.8 1.39752e-05
23.82 5.78845e-06
23.84 -3.98261e-06
23.86 -7.70583e-06
23.88 -1.29818e-05
23.9 -1.94017e-05
23.92 -1.32369e-05
23.94 2.35411e-06
23.96 -6.68031e-07
23.98 -2.59756e-05
24 -3.52288e-05
24.02 -2.21374e-06
24.04 4.71691e-05
24.06 5.71153e-05
24.08 1.51753e-05
24.1 -2.22557e-05
24.12 -1.46356e-05
24.14 1.03475e-05
24.16 1.58939e-05
24.18 3.40959e-06
24.2 -1.18766e-05
24.22 -1.95169e-05
24.24 -1.35212e-05
24.26 7.36051e-07
24.28 1.39604e-05
24.3 1.97232e-05
24.32 1.17008e-05
24.34 -1.05585e-05
24.36 -3.21783e-05
24.38 -3.22898e-05
24.4 -1.33355e-05
24.42 2.5898e-07
24.44 -2.40313e-07
24.46 -2.75928e-08
24.48 5.88332e-06
24.5 4.06758e-06
24.52 -7.51421e-06
24.54 -1.32278e-05
24.56 -3.9825e-06
24.58 1.14218e-05
24.6 1.63843e-05
24.62 6.71173e-06
24.64 -1.65826e-07
24.66 1.09461e-05
24.68 2.54211e-05
24.7 1.57094e-05
24.72 -1.46522e-05
24.74 -2.74552e-05
24.76 -4.85396e-06
24.78 2.34005e-05
24.8 2.56832e-05
24.82 9.09636e-06
24.84 4.225e-06
24.86 2.12748e-05
24.88 3.37532e-05
24.9 2.00696e-05
24.92 1.54617e-06
24.94 7.79755e-06
24.96 2.75379e-05
24.98 2.87538e-05
25 9.30523e-06
25.02 -2.06869e-06
25.04 9.8613e-06
25.06 2.54823e-05
25.08 2.00306e-05
25.1 -8.81411e-07
25.12 -7.69699e-06
25.14 1.07576e-05
25.16 2.72404e-05
25.18 1.5671e-05
25.2 -8.63563e-06
25.22 -1.4344e-05
25.24 -9.69325e-07
25.26 3.55714e-06
25.28 -1.47462e-05
25.3 -3.60429e-05
25.32 -3.62894e-05
25.34 -1.66657e-05
25.36 3.10563e-06
25.38 5.43622e-06
25.4 -8.23383e-06
25.42 -1.70305e-05
25.44 -7.77533e-06
25.46 4.57017e-06
25.48 -5.85889e-07
25.5 -1.69834e-05
25.52 -1.90358e-05
25.54 -7.13532e-07
25.56 1.43964e-05
25.58 9.57859e-06
25.6 -8.30146e-07
25.62 4.84977e-06
25.64 2.14565e-05
25.66 2.4604e-05
25.68 7.638e-06
25.7 -8.31193e-06
25.72 -3.46818e-06
25.74 1.11358e-05
25.76 7.69651e-06
25.78 -1.36279e-05
25.8 -2.27082e-05
25.82 -8.07838e-06
25.84 7.1626e-06
25.86 4.61863e-06
25.88 -5.95144e-06
25.9 -9.04537e-06
25.92 -5.53991e-06
25.94 -4.81629e-06
25.96 -8.15614e-06
25.98 -1.07659e-05
26 -1.2584e-05
26.02 -1.64402e-05
26.04 -2.08806e-05
26.06 -1.96634e-05
26.08 -9.76288e-06
26.1 -1.20883e-06
26.12 -7.70132e-06
26.14 -2.27138e-05
26.16 -2.41354e-05
26.18 -7.74072e-06
26.2 5.62615e-06
26.22 1.00408e-06
26.24 -1.07315e-05
26.26 -9.8649e-06
26.28 4.01924e-06
26.3 1.06178e-05
26.32 1.59139e-07
26.34 -1.05609e-05
26.36 -6.77893e-06
26.38 1.11646e-06
26.4 -2.40716e-06
26.42 -1.31927e-05
26.44 -1.59674e-05
26.46 -7.15056e-06
26.48 4.00279e-06
26.5 8.5541e-06
26.52 3.66123e-06
26.54 -5.08997e-06
26.56 -6.82654e-06
26.58 3.64402e-06
26.6 1.89207e-05
26.62 2.43389e-05
26.64 1.44125e-05
26.66 1.12479e-06
26.68 -3.24636e-07
26.7 9.26392e-06
26.72 1.3191e-05
26.74 2.64451e-06
26.76 -9.17919e-06
26.78 -8.89522e-06
26.8 -1.61775e-06
26.82 -1.99307e-07
26.84 -8.39734e-06
26.86 -1.57798e-05
26.88 -1.30631e-05
26.9 -6.99747e-06
26.92 -6.2157e-06
26.94 -5.92298e-06
26.96 8.10569e-07
26.98 7.5139e-06
27 2.27893e-06
27.02 -8.60773e-06
27.04 -5.73349e-06
27.06 9.07766e-06
27.08 1.15915e-05
27.1 -5.31164e-06
27.12 -1.71472e-05
27.14 -4.50097e-06
27.16 1.50677e-05
27.18 1.18635e-05
27.2 -1.08331e-05
27.22 -2.11189e-05
27.24 -5.89515e-06
27.26 1.04222e-05
27.28 4.41465e-06
27.3 -1.17843e-05
27.32 -1.16974e-05
27.34 6.19271e-06
27.36 1.82069e-05
27.38 1.11507e-05
27.4 -8.12061e-07
27.42 -1.1806e-07
27.44 1.17943e-05
27.46 1.91035e-05
27.48 1.13278e-05
27.5 -2.49391e-06
27.52 -7.44336e-06
27.54 -5.39211e-06
27.56 -8.11339e-06
27.58 -1.67873e-05
27.6 -2.14084e-05
27.62 -1.74726e-05
27.64 -1.41585e-05
27.66 -1.83633e-05
27.68 -2.20676e-05
27.7 -1.59373e-05
27.72 -3.17908e-06
27.74 7.19605e-06
27.76 1.25433e-05
27.78 1.59286e-05
27.8 1.85805e-05
27.82 1.92961e-05
27.84 1.81205e-05
27.86 1.56301e-05
27.88 1.05495e-05
27.9 3.56652e-06
27.92 -9.34528e-07
27.94 -1.16127e-06
27.96 8.84055e-07
27.98 2.35987e-06
28 3.972e-07
28.02 -2.78695e-06
28.04 -2.10473e-06
28.06 -9.30142e-08
28.08 -2.72438e-06
28.1 -8.95167e-06
28.12 -9.79831e-06
28.14 -8.03937e-07
28.16 5.58216e-06
28.18 -1.38511e-06
28.2 -7.82897e-06
28.22 2.14079e-06
28.24 1.83214e-05
28.26 2.27955e-05
28.28 1.76112e-05
28.3 1.7553e-05
28.32 2.61959e-05
28.34 3.02739e-05
28.36 9.2335e-06
28.38 -3.42089e-05
28.4 -5.55107e-05
28.42 -2.29045e-05
28.44 2.44586e-05
28.46 1.9658e-05
28.48 -3.08042e-05
28.5 -4.85555e-05
28.52 -2.89396e-06
28.54 4.35539e-05
28.56 3.21599e-05
28.58 -9.70705e-06
28.6 -2.00913e-05
28.62 3.64076e-06
28.64 1.54206e-05
28.66 2.68141e-06
28.68 -2.49433e-06
28.7 1.43302e-05
28.72 2.63904e-05
28.74 8.28981e-06
28.76 -2.47625e-05
28.78 -3.19076e-05
28.8 1.54911e-07
28.82 3.03266e-05
28.84 1.41359e-05
28.86 -2.51886e-05
28.88 -2.55235e-05
28.9 1.6724e-05
28.92 4.15539e-05
28.94 2.01108e-05
28.96 -7.29989e-06
28.98 -1.47837e-06
29 1.65622e-05
29.02 9.23994e-06
29.04 -9.35422e-06
29.06 -6.45238e-07
29.08 2.5198e-05
29.1 2.32311e-05
29.12 -1.0386e-05
29.14 -3.0546e-05
29.16 -1.31639e-05
29.18 9.88734e-06
29.2 2.48014e-06
29.22 -2.10721e-05
29.24 -2.39807e-05
29.26 -5.62367e-06
29.28 5.088e-06
29.3 -2.44207e-06
29.32 -1.21482e-05
29.34 -1.07538e-05
29.36 -2.71089e-06
29.38 2.86584e-06
29.4 5.03688e-06
29.42 5.7393e-06
29.44 4.04878e-06
29.46 7.20868e-07
29.48 1.17722e-07
29.5 3.15036e-06
29.52 4.75104e-06
29.54 1.59458e-07
29.56 -1.08743e-05
29.58 -2.07307e-05
29.6 -1.74379e-05
29.62 -2.27335e-06
29.64 4.35756e-06
29.66 -8.93333e-06
29.68 -2.30454e-05
29.7 -1.72619e-05
29.72 -1.62274e-06
29.74 4.84415e-07
29.76 -1.13573e-05
29.78 -1.44572e-05
29.8 -3.79823e-07
29.82 1.13923e-05
29.84 6.97984e-06
29.86 -1.13101e-06
29.88 2.69146e-06
29.9 1.33888e-05
29.92 1.7011e-05
29.94 1.20931e-05
29.96 7.33352e-06
29.98 5.83324e-06
30 1.02256e-06
30.02 -1.01174e-05
30.04 -1.83732e-05
30.06 -1.56208e-05
30.08 -9.77282e-06
30.1 -1.17833e-05
30.12 -1.54245e-05
30.14 -7.53253e-06
30.16 8.20851e-06
30.18 1.48898e-05
30.2 7.89035e-06
30.22 2.39398e-07
30.24 2.63295e-06
30.26 1.13565e-05
30.28 1.63323e-05
30.3 1.47114e-05
30.32 1.31122e-05
30.34 1.42682e-05
30.36 1.25326e-05
30.38 6.33968e-06
30.4 7.62744e-07
30.42 -1.39369e-06
30.44 -4.92332e-06
30.46 -1.48568e-05
30.48 -2.43901e-05
30.5 -2.11931e-05
30.52 -5.93301e-06
30.54 4.80388e-06
30.56 -2.15398e-07
30.58 -9.51158e-06
30.6 -5.27646e-06
30.62 1.01245e-05
30.64 1.89974e-05
30.66 1.4423e-05
30.68 7.48439e-06
30.7 9.81451e-06
30.72 1.72172e-05
30.74 1.39408e-05
30.76 -1.9865e-06
30.78 -1.0048e-05
30.8 -4.56613e-08
30.82 9.29257e-06
30.84 2.62284e-06
30.86 -8.16891e-06
30.88 -5.19701e-06
30.9 1.01986e-05
30.92 2.12323e-05
30.94 1.67864e-05
30.96 4.2774e-06
30.98 -1.93129e-07
31 5.05716e-06
31.02 5.56233e-06
31.04 -3.69666e-06
31.06 -1.01438e-05
31.08 -7.17892e-06
31.1 -3.99379e-06
31.12 -5.5488e-06
31.14 -3.77705e-06
31.16 4.99667e-06
31.18 1.09367e-05
31.2 6.25303e-06
31.22 -1.78758e-06
31.24 -9.84336e-07
31.26 8.4906e-06
31.28 1.31551e-05
31.3 5.25145e-06
31.32 -4.05107e-06
31.34 -4.96694e-07
31.36 1.11029e-05
31.38 1.29511e-05
31.4 2.58241e-06
31.42 -1.58636e-06
31.44 7.89858e-06
31.46 1.41618e-05
31.48 5.86656e-06
31.5 -6.01876e-06
31.52 -8.3466e-06
31.54 -3.1423e-06
31.56 -9.73711e-07
31.58 -5.82779e-06
31.6 -1.04576e-05
31.62 -7.3044e-06
31.64 -1.39677e-06
31.66 -3.67742e-06
31.68 -1.25385e-05
31.7 -1.58303e-05
31.72 -1.00217e-05
31.74 -4.03013e-06
31.76 -4.92075e-06
31.78 -8.81538e-06
31.8 -7.86931e-06
31.82 -2.82738e-06
31.84 -1.45711e-06
31.86 -3.50004e-06
31.88 -6.15254e-07
31.9 6.82535e-06
31.92 8.60991e-06
31.94 2.33286e-06
31.96 -9.67466e-07
31.98 5.85992e-06
32 1.31418e-05
32.02 8.35816e-06
32.04 -4.42825e-06
32.06 -1.00068e-05
32.08 -4.2373e-06
32.1 1.08724e-06
32.12 -3.55293e-06
32.14 -1.28597e-05
32.16 -1.4653e-05
32.18 -6.53906e-06
32.2 1.00311e-07
32.22 -3.92702e-06
32.24 -1.20602e-05
32.26 -1.21005e-05
32.28 -4.39175e-06
32.3 -6.74149e-07
32.32 -6.71479e-06
32.34 -1.4474e-05
32.36 -1.34478e-05
32.38 -5.92003e-06
32.4 -4.14764e-06
32.42 -1.07507e-05
32.44 -1.45161e-05
32.46 -8.70709e-06
32.48 -5.51096e-07
32.5 -7.31002e-07
32.52 -9.16021e-06
32.54 -1.3319e-05
32.56 -4.79416e-06
32.58 6.17341e-06
32.6 4.37151e-06
32.62 -5.74559e-06
32.64 -5.56944e-06
32.66 8.13872e-06
32.68 1.72043e-05
32.7 9.68658e-06
32.72 -2.74183e-06
32.74 -3.82286e-06
32.76 2.03949e-06
32.78 -9.38658e-07
32.8 -1.1492e-05
32.82 -1.36922e-05
32.84 -2.91235e-06
32.86 7.90495e-06
32.88 8.2376e-06
32.9 5.34902e-06
32.92 9.96014e-06
32.94 1.68366e-05
32.96 1.41751e-05
32.98 4.12245e-06
33 -1.12481e-06
33.02 1.40124e-06
33.04 3.21943e-06
33.06 -5.01834e-07
33.08 -4.50036e-06
33.1 -3.72581e-06
33.12 -1.64157e-06
33.14 -3.04832e-06
33.16 -5.09503e-06
33.18 -3.53024e-06
33.2 4.40285e-08
33.22 2.51102e-06
33.24 2.58679e-06
33.26 8.71371e-07
33.28 -1.06811e-06
33.3 -3.53513e-06
33.32 -5.86839e-06
33.34 -3.02021e-06
33.36 6.07612e-06
33.38 1.1876e-05
33.4 6.00204e-06
33.42 -4.7287e-06
33.44 -5.59246e-06
33.46 4.90377e-06
33.48 1.04732e-05
33.5 6.47102e-07
33.52 -1.15808e-05
33.54 -9.81297e-06
33.56 1.31234e-06
33.58 6.66998e-06
33.6 2.74346e-06
33.62 -1.94499e-06
33.64 -1.33753e-06
33.66 2.84648e-07
33.68 -4.01373e-06
33.7 -1.12707e-05
33.72 -1.12893e-05
33.74 -4.03561e-06
33.76 -8.92218e-07
33.78 -3.97791e-06
33.8 -1.99962e-06
33.82 8.26106e-06
33.84 1.44475e-05
33.86 9.57941e-06
33.88 3.54681e-06
33.9 6.81631e-06
33.92 1.48931e-05
33.94 1.5695e-05
33.96 7.89913e-06
33.98 3.7705e-06
34 1.0064e-05
34.02 1.57924e-05
34.04 9.61065e-06
34.06 -8.5035e-07
34.08 -2.46627e-06
34.1 1.9153e-06
34.12 2.02371e-06
34.14 -3.19266e-06
34.16 -7.10681e-06
34.18 -5.17539e-06
34.2 -3.27505e-07
34.22 1.22685e-06
34.24 -2.12201e-06
34.26 -5.82315e-06
34.28 -4.85709e-06
34.3 3.60112e-07
34.32 3.77944e-06
34.34 8.40942e-07
34.36 -3.65748e-06
34.38 2.5205e-07
34.4 1.18148e-05
34.42 1.75098e-05
34.44 1.16037e-05
34.46 4.96225e-06
34.48 7.09266e-06
34.5 1.10493e-05
34.52 5.36424e-06
34.54 -6.63462e-06
34.56 -1.13946e-05
34.58 -4.79284e-06
34.6 3.4359e-06
34.62 4.6031e-06
34.64 1.07821e-06
34.66 -6.06608e-07
34.68 4.92005e-07
34.7 1.78047e-07
34.72 -3.52186e-06
34.74 -7.51292e-06
34.76 -8.45227e-06
34.78 -6.21717e-06
34.8 -2.68794e-06
34.82 -4.82338e-07
34.84 3.05727e-07
34.86 2.84387e-06
34.88 6.19866e-06
34.9 5.83502e-06
34.92 3.86165e-06
34.94 6.33848e-06
34.96 1.20537e-05
34.98 1.4068e-05
35 9.02728e-06
35.02 1.62055e-06
35.04 -1.5908e-07
35.06 3.39892e-06
35.08 2.72065e-06
35.1 -5.53494e-06
35.12 -1.19483e-05
35.14 -1.0441e-05
35.16 -8.42817e-06
35.18 -1.21836e-05
35.2 -1.53281e-05
35.22 -9.53124e-06
35.24 1.12663e-06
35.26 4.47755e-06
35.28 -2.19467e-06
35.3 -7.55788e-06
35.32 -1.93466e-06
35.34 7.21734e-06
35.36 5.08609e-06
35.38 -5.43088e-06
35.4 -6.26143e-06
35.42 6.50535e-06
35.44 1.60401e-05
35.46 9.87479e-06
35.48 -2.43398e-06
35.5 -3.72667e-06
35.52 4.04377e-06
35.54 3.81233e-06
35.56 -7.22277e-06
35.58 -1.46994e-05
35.6 -1.23245e-05
35.62 -9.08028e-06
35.64 -1.13516e-05
35.66 -1.3417e-05
35.68 -9.2158e-06
35.7 -3.60706e-06
35.72 -3.26883e-06
35.74 -6.02805e-06
35.76 -7.74047e-06
35.78 -5.77101e-06
35.8 3.16524e-06
35.82 1.24446e-05
35.84 7.47369e-06
35.86 -7.30104e-06
35.88 -1.03091e-05
35.9 -5.50732e-09
35.92 3.31307e-06
35.94 -3.04697e-06
35.96 1.58343e-06
35.98 1.80763e-05
36 1.78379e-05
36.02 -4.99594e-06
36.04 -1.62939e-05
36.06 9.88283e-07
36.08 1.95168e-05
36.1 1.57973e-05
36.12 3.37577e-06
36.14 7.72526e-07
36.16 1.74313e-06
36.18 -1.12261e-07
36.2 4.69583e-06
36.22 1.46142e-05
36.24 1.43431e-05
36.26 8.81425e-07
36.28 -1.4015e-05
36.3 -1.89522e-05
36.32 -1.44522e-05
36.34 -1.17829e-05
36.36 -1.44466e-05
36.38 -1.32727e-05
36.4 -4.38557e-06
36.42 5.7383e-06
36.44 9.91594e-06
36.46 3.57302e-06
36.48 -7.18318e-06
36.5 -5.51808e-07
36.52 2.96277e-05
36.54 4.94475e-05
36.56 3.00362e-05
36.58 -1.87309e-06
36.6 -6.01352e-07
36.62 2.61013e-05
36.64 2.69618e-05
36.66 -7.06348e-06
36.68 -2.56357e-05
36.7 -9.28792e-06
36.72 -1.14532e-06
36.74 -2.00993e-05
36.76 -2.24906e-05
36.78 1.10891e-05
36.8 2.56664e-05
36.82 -1.33802e-05
36.84 -4.7258e-05
36.86 -1.91286e-05
36.88 2.58328e-05
36.9 1.14691e-05
36.92 -4.49435e-05
36.94 -5.8651e-05
36.96 -7.67135e-06
36.98 4.45585e-05
37 4.01336e-05
37.02 -6.29404e-06
37.04 -2.51397e-05
37.06 1.85042e-05
37.08 6.6763e-05
37.1 4.54551e-05
37.12 -1.86431e-05
37.14 -3.54807e-05
37.16 7.53001e-06
37.18 3.1818e-05
37.2 -5.317e-06
37.22 -5.31159e-05
37.24 -5.62553e-05
37.26 -2.47478e-05
37.28 3.75935e-06
37.3 9.31676e-06
37.32 -5.18628e-06
37.34 -2.05278e-05
37.36 -2.06288e-05
37.38 -1.02854e-05
37.4 -5.26517e-06
37.42 -7.74586e-06
37.44 -5.38859e-06
37.46 5.27219e-06
37.48 1.47136e-05
37.5 1.59311e-05
37.52 1.05015e-05
37.54 5.99559e-06
37.56 1.21793e-05
37.58 2.85861e-05
37.6 3.58902e-05
37.62 1.92026e-05
37.64 -7.22035e-06
37.66 -1.81444e-05
37.68 -6.19392e-06
37.7 1.37182e-05
37.72 1.68069e-05
37.74 -3.13224e-06
37.76 -1.94385e-05
37.78 -8.17023e-06
37.8 1.40027e-05
37.82 8.82919e-06
37.84 -2.86244e-05
37.86 -5.34102e-05
37.88 -3.17119e-05
37.9 4.56211e-06
37.92 7.82246e-06
37.94 -1.24794e-05
37.96 -1.61689e-05
37.98 1.79238e-06
38 1.3515e-05
38.02 5.77103e-06
38.04 -5.1829e-06
38.06 -1.44801e-06
38.08 1.00962e-05
38.1 1.01042e-05
38.12 -8.93245e-07
38.14 -6.07663e-06
38.16 7.01171e-07
38.18 1.06456e-05
38.2 1.42246e-05
38.22 1.34696e-05
38.24 1.44735e-05
38.26 1.21331e-05
38.28 -1.06372e-06
38.3 -1.76222e-05
38.32 -2.12526e-05
38.34 -8.45699e-06
38.36 4.11164e-06
38.38 -4.63215e-07
38.4 -1.33991e-05
38.42 -1.04335e-05
38.44 1.09983e-05
38.46 2.63463e-05
38.48 1.73452e-05
38.5 -4.10527e-06
38.52 -1.26214e-05
38.54 -3.82292e-06
38.56 2.84774e-06
38.58 -5.78055e-06
38.6 -1.99004e-05
38.62 -2.21552e-05
38.64 -1.12034e-05
38.66 -2.26464e-06
38.68 -4.30485e-06
38.7 -9.09287e-06
38.72 -6.08083e-06
38.74 3.4949e-06
38.76 1.04755e-05
38.78 9.90317e-06
38.8 5.97171e-06
38.82 4.53687e-06
38.84 3.97076e-06
38.86 -1.69544e-06
38.88 -1.08328e-05
38.9 -1.37607e-05
38.92 -8.65436e-06
38.94 -5.90831e-06
38.96 -9.83145e-06
38.98 -9.89001e-06
39 1.68909e-06
39.02 1.56484e-05
39.04 1.91423e-05
39.06 1.52519e-05
39.08 1.74909e-05
39.1 2.78955e-05
39.12 3.14496e-05
39.14 1.63158e-05
39.16 -6.82216e-06
39.18 -1.56325e-05
39.2 -5.6418e-06
39.22 3.98428e-06
39.24 -1.80491e-06
39.26 -1.30884e-05
39.28 -1.1229e-05
39.3 2.13196e-06
39.32 7.3559e-06
39.34 -2.77968e-06
39.36 -1.31743e-05
39.38 -1.11828e-05
39.4 -3.35512e-06
39.42 -1.18292e-06
39.44 -4.99377e-06
39.46 -7.69492e-06
39.48 -5.33239e-06
39.5 -9.3398e-08
39.52 4.21462e-06
39.54 5.90796e-06
39.56 5.02327e-06
39.58 2.70972e-06
39.6 2.11871e-06
39.62 7.1468e-06
39.64 1.60418e-05
39.66 2.04401e-05
39.68 1.61586e-05
39.7 1.02039e-05
39.72 1.03313e-05
39.74 1.16982e-05
39.76 5.14463e-06
39.78 -5.25625e-06
39.8 -8.16694e-06
39.82 -3.4182e-06
39.84 -5.13578e-07
39.86 -4.0807e-06
39.88 -8.83154e-06
39.9 -8.09379e-06
39.92 -2.96724e-06
39.94 9.17928e-07
39.96 1.53036e-06
39.98 6.78214e-08
40 -2.02552e-06
40.02 -2.71542e-06
40.04 -1.08543e-06
40.06 8.01884e-07
40.08 -4.40921e-07
40.1 -3.40962e-06
40.12 -1.07136e-06
40.14 6.47566e-06
40.16 8.95492e-06
40.18 3.32739e-06
40.2 -1.26873e-06
40.22 -1.6664e-07
40.24 1.08523e-06
40.26 -2.50617e-06
40.28 -8.36437e-06
40.3 -9.99484e-06
40.32 -5.9695e-06
40.34 -2.24829e-06
40.36 -3.33238e-06
40.38 -6.02099e-06
40.4 -4.08686e-06
40.42 4.06981e-06
40.44 1.21205e-05
40.46 1.33404e-05
40.48 9.96914e-06
40.5 8.66807e-06
40.52 1.04913e-05
40.54 9.0526e-06
40.56 3.07577e-07
40.58 -6.45669e-06
40.6 -4.12424e-07
40.62 9.60674e-06
40.64 5.63452e-06
40.66 -1.23427e-05
40.68 -2.48808e-05
40.7 -1.84812e-05
40.72 -4.77667e-06
40.74 -4.55254e-06
40.76 -1.8006e-05
40.78 -2.59302e-05
40.8 -1.72502e-05
40.82 -1.23639e-06
40.84 6.92557e-06
40.86 4.89482e-06
40.88 2.78353e-06
40.9 4.72946e-06
40.92 5.04944e-06
40.94 3.26309e-06
40.96 4.61591e-06
40.98 8.69988e-06
41 1.09656e-05
41.02 9.15886e-06
41.04 4.19831e-06
41.06 8.14794e-07
41.08 2.15118e-06
41.1 4.23861e-06
41.12 2.98767e-06
41.14 -4.04581e-07
41.16 -3.17061e-06
41.18 -5.1344e-06
41.2 -8.08569e-06
41.22 -1.16896e-05
41.24 -1.27263e-05
41.26 -9.60037e-06
41.28 -6.44431e-06
41.3 -7.97848e-06
41.32 -1.05561e-05
41.34 -7.49064e-06
41.36 -8.32263e-07
41.38 2.21748e-06
41.4 4.24478e-07
41.42 -9.77486e-08
41.44 5.59693e-06
41.46 1.35648e-05
41.48 1.54732e-05
41.5 1.01608e-05
41.52 5.6089e-06
41.54 7.97005e-06
41.56 1.33062e-05
41.58 1.30221e-05
41.6 5.10272e-06
41.62 -2.62595e-06
41.64 -2.73491e-06
41.66 1.5766e-06
41.68 1.99349e-06
41.7 -2.98709e-06
41.72 -8.01042e-06
41.74 -1.01233e-05
41.76 -1.11882e-05
41.78 -1.22328e-05
41.8 -1.22073e-05
41.82 -9.89569e-06
41.84 -4.34318e-06
41.86 2.60119e-06
41.88 6.33546e-06
41.9 5.71176e-06
41.92 5.69821e-06
41.94 9.81114e-06
41.96 1.42792e-05
41.98 1.38211e-05
42 8.9124e-06
42.02 4.35021e-06
42.04 2.39957e-06
42.06 4.50783e-07
42.08 -3.31617e-06
42.1 -5.42848e-06
42.12 -2.39419e-06
42.14 2.74086e-06
42.16 4.13224e-06
42.18 6.80081e-07
42.2 -3.04586e-06
42.22 -2.69063e-06
42.24 -1.49432e-07
42.26 -7.44827e-07
42.28 -5.40985e-06
42.3 -9.71641e-06
42.32 -1.03013e-05
42.34 -8.30008e-06
42.36 -5.48284e-06
42.38 -2.93912e-06
42.4 -1.63874e-06
42.42 1.51964e-07
42.44 3.46544e-06
42.46 5.24471e-06
42.48 3.89134e-06
42.5 1.88642e-06
42.52 2.42708e-06
42.54 5.55482e-06
42.56 7.65024e-06
42.58 6.17693e-06
42.6 3.32451e-06
42.62 3.30396e-06
42.64 5.96188e-06
42.66 6.33144e-06
42.68 2.73188e-06
42.7 1.39403e-07
42.72 2.52174e-06
42.74 6.08087e-06
42.76 3.85608e-06
42.78 -3.38113e-06
42.8 -5.94743e-06
42.82 -4.23985e-08
42.84 3.70732e-06
42.86 -3.34244e-06
42.88 -1.28796e-05
42.9 -1.23691e-05
42.92 -3.67634e-06
42.94 2.37986e-07
42.96 -6.39359e-06
42.98 -1.405e-05
43 -1.09841e-05
43.02 3.77092e-07
43.04 6.80997e-06
43.06 2.85586e-06
43.08 -2.77134e-06
43.1 -5.89421e-07
43.12 7.10449e-06
43.14 1.02505e-05
43.16 5.94296e-06
43.18 2.19522e-06
43.2 4.29425e-06
43.22 6.84606e-06
43.24 3.68519e-06
43.26 -2.71891e-06
43.28 -5.59813e-06
43.3 -4.02213e-06
43.32 -4.12714e-06
43.34 -8.8908e-06
43.36 -1.33099e-05
43.38 -1.2381e-05
43.4 -8.16094e-06
43.42 -5.185e-06
43.44 -3.44146e-06
43.46 -5.13018e-07
43.48 3.61961e-06
43.5 6.786e-06
43.52 7.62604e-06
43.54 6.93546e-06
43.56 5.98937e-06
43.58 4.85334e-06
43.6 2.56473e-06
43.62 -5.29549e-07
43.64 -2.08401e-06
43.66 -1.02478e-06
43.68 2.65412e-07
43.7 -1.31529e-06
43.72 -4.68607e-06
43.74 -5.08106e-06
43.76 -1.93344e-06
43.78 -2.95105e-07
43.8 -1.50089e-06
43.82 -1.5366e-06
43.84 9.39635e-07
43.86 1.8107e-06
43.88 -1.92986e-06
43.9 -6.17142e-06
43.92 -5.13124e-06
43.94 -1.00519e-06
43.96 -1.38264e-06
43.98 -6.48418e-06
44 -8.07105e-06
44.02 -2.79983e-06
44.04 2.64019e-06
44.06 1.95911e-06
44.08 -2.23876e-06
44.1 -3.34609e-06
44.12 4.3378e-08
44.14 2.7893e-06
44.16 9.10802e-07
44.18 -3.21019e-06
44.2 -4.92655e-06
44.22 -3.80188e-06
44.24 -3.2634e-06
44.26 -5.02603e-06
44.28 -7.25238e-06
44.3 -7.50099e-06
44.32 -5.42219e-06
44.34 -2.45317e-06
44.36 -7.61857e-07
44.38 -1.20699e-06
44.4 -9.21739e-07
44.42 2.69711e-06
44.44 6.95761e-06
44.46 8.21283e-06
44.48 6.54022e-06
44.5 3.53823e-06
44.52 5.96401e-07
44.54 -1.17322e-06
44.56 -2.10201e-06
44.58 -3.47074e-06
44.6 -5.46473e-06
44.62 -6.63219e-06
44.64 -5.65017e-06
44.66 -3.33142e-06
44.68 -2.13125e-06
44.7 -3.00697e-06
44.72 -3.22975e-06
44.74 -6.87506e-07
44.76 2.24357e-06
44.78 2.53835e-06
44.8 3.67942e-07
44.82 -1.51278e-06
44.84 -5.71552e-07
44.86 2.55134e-06
44.88 4.51815e-06
44.9 3.22286e-06
44.92 3.78658e-07
44.94 -4.87912e-07
44.96 1.10221e-06
44.98 1.76689e-06
45 -7.38172e-07
45.02 -3.83061e-06
45.04 -3.3421e-06
45.06 5.33463e-07
45.08 3.02978e-06
45.1 8.56713e-07
45.12 -2.5488e-06
45.14 -1.79347e-06
45.16 1.65185e-06
45.18 1.8306e-06
45.2 -2.15177e-06
45.22 -4.01385e-06
45.24 8.20591e-07
45.26 7.90492e-06
45.28 9.59154e-06
45.3 5.12228e-06
45.32 1.6711e-06
45.34 4.40099e-06
45.36 7.3624e-06
45.38 2.7762e-06
45.4 -5.46458e-06
45.42 -6.78474e-06
45.44 1.11539e-06
45.46 6.625e-06
45.48 5.3659e-07
45.5 -8.34177e-06
45.52 -6.80525e-06
45.54 1.92135e-06
45.56 3.60746e-06
45.58 -4.2708e-06
45.6 -8.97104e-06
45.62 -2.7677e-06
45.64 5.09824e-06
45.66 2.14729e-06
45.68 -7.83509e-06
45.7 -9.74622e-06
45.72 -3.89372e-07
45.74 6.24475e-06
45.76 -1.70622e-07
45.78 -1.03083e-05
45.8 -8.19524e-06
45.82 4.47301e-06
45.84 1.01937e-05
45.86 2.39413e-06
45.88 -4.72901e-06
45.9 1.19936e-06
45.92 1.20481e-05
45.94 1.28657e-05
45.96 3.85834e-06
45.98 -2.65589e-06
46 -1.24025e-06
46.02 2.44384e-06
46.04 2.12874e-06
46.06 -1.49502e-06
46.08 -3.28379e-06
46.1 -2.77001e-06
46.12 -3.47878e-06
46.14 -5.61654e-06
46.16 -6.7915e-06
46.18 -4.9626e-06
46.2 -3.1727e-08
46.22 3.58996e-06
46.24 9.71257e-07
46.26 -3.66751e-06
46.28 -1.37796e-06
46.3 5.19521e-06
46.32 5.6114e-06
46.34 -6.26045e-08
46.36 -2.5767e-06
46.38 1.62552e-06
46.4 5.96841e-06
46.42 3.56587e-06
46.44 -2.03812e-06
46.46 -1.95585e-06
46.48 3.10318e-06
46.5 3.84681e-06
46.52 -1.73258e-06
46.54 -5.49308e-06
46.56 -2.25965e-06
46.58 2.69925e-06
46.6 1.82573e-06
46.62 -3.34198e-06
46.64 -4.81381e-06
46.66 -7.09523e-07
46.68 1.97842e-06
46.7 -1.67763e-06
46.72 -6.35403e-06
46.74 -4.31173e-06
46.76 1.76447e-06
46.78 3.44346e-06
46.8 8.36713e-08
46.82 -1.27567e-06
46.84 2.89656e-06
46.86 5.4623e-06
46.88 -2.27076e-07
46.9 -7.24558e-06
46.92 -5.77723e-06
46.94 2.14356e-06
46.96 6.23473e-06
46.98 1.7351e-06
47 -4.40676e-06
47.02 -3.89569e-06
47.04 1.64491e-06
47.06 4.06076e-06
47.08 -1.0249e-06
47.1 -7.60548e-06
47.12 -5.18853e-06
47.14 3.98839e-06
47.16 5.26936e-06
47.18 -4.77354e-06
47.2 -1.15444e-05
47.22 -4.57164e-06
47.24 6.43383e-06
47.26 5.85715e-06
47.28 -3.46825e-06
47.3 -4.43292e-06
47.32 7.16719e-06
47.34 1.66193e-05
47.36 1.32921e-05
47.38 4.68946e-06
47.4 2.31426e-06
47.42 3.84454e-06
47.44 -6.06688e-07
47.46 -8.51437e-06
47.48 -7.18887e-06
47.5 2.94114e-06
47.52 6.2455e-06
47.54 -1.88565e-06
47.56 -6.27764e-06
47.58 1.44862e-06
47.6 8.24002e-06
47.62 2.11884e-06
47.64 -8.53282e-06
47.66 -9.35805e-06
47.68 -1.8869e-06
47.7 1.01392e-06
47.72 -4.33613e-06
47.74 -7.33439e-06
47.76 -7.45456e-07
47.78 6.93105e-06
47.8 4.94908e-06
47.82 -2.80982e-06
47.84 -4.81383e-06
47.86 1.03933e-07
47.88 2.2313e-06
47.9 -2.9859e-06
47.92 -7.25993e-06
47.94 -3.53436e-06
47.96 1.75994e-06
47.98 1.99841e-07
48 -4.44465e-06
48.02 -2.96389e-06
48.04 4.06528e-06
48.06 6.21921e-06
48.08 -1.39303e-06
48.1 -9.66019e-06
48.12 -6.77698e-06
48.14 5.06492e-06
48.16 9.39281e-06
48.18 -1.5256e-06
48.2 -1.22503e-05
48.22 -7.27066e-06
48.24 4.74627e-06
48.26 6.02242e-06
48.28 -3.51639e-06
48.3 -7.64619e-06
48.32 2.30922e-06
48.34 1.3127e-05
48.36 8.75258e-06
48.38 -3.75933e-06
48.4 -5.16797e-06
48.42 5.98096e-06
48.44 1.20151e-05
48.46 3.92184e-06
48.48 -6.03497e-06
48.5 -4.81633e-06
48.52 2.81679e-06
48.54 2.94196e-06
48.56 -6.63779e-06
48.58 -1.24124e-05
48.6 -6.04166e-06
48.62 2.3079e-06
48.64 -1.87208e-07
48.66 -8.59831e-06
48.68 -7.10001e-06
48.7 4.93259e-06
48.72 1.05456e-05
48.74 2.02095e-06
48.76 -6.61617e-06
48.78 -1.3253e-06
48.8 9.32019e-06
48.82 8.2156e-06
48.84 -2.59728e-06
48.86 -6.22449e-06
48.88 2.28418e-06
48.9 9.12588e-06
48.92 3.77091e-06
48.94 -5.19531e-06
48.96 -4.24806e-06
48.98 4.40779e-06
49 7.05033e-06
49.02 -1.38105e-07
49.04 -5.714e-06
49.06 -1.23074e-06
49.08 6.01989e-06
49.1 4.81321e-06
49.12 -1.79476e-06
49.14 -1.66567e-06
49.16 6.01017e-06
49.18 9.2345e-06
49.2 1.9124e-06
49.22 -5.50778e-06
49.24 -2.02898e-06
49.26 4.97389e-06
49.28 2.23384e-06
49.3 -6.92646e-06
49.32 -8.6496e-06
49.34 -5.30123e-07
49.36 5.34983e-06
49.38 6.09386e-07
49.4 -6.8239e-06
49.42 -4.64025e-06
49.44 4.24201e-06
49.46 6.48228e-06
49.48 -5.74683e-07
49.5 -5.81847e-06
49.52 -2.39243e-06
49.54 2.45084e-06
49.56 6.36919e-07
49.58 -4.44235e-06
49.6 -5.70684e-06
49.62 -3.70535e-06
49.64 -4.46816e-06
49.66 -9.42153e-06
49.68 -1.23371e-05
49.7 -9.16331e-06
49.72 -4.56981e-06
49.74 -3.93586e-06
49.76 -5.20287e-06
49.78 -3.07296e-06
49.8 1.41112e-06
49.82 1.7094e-06
49.84 -2.78337e-06
49.86 -4.05277e-06
49.88 1.96255e-06
49.9 7.61672e-06
49.92 4.67861e-06
49.94 -2.50934e-06
49.96 -3.96954e-06
49.98 4.68541e-07
50 2.25635e-06
50.02 -2.37287e-06
50.04 -6.92707e-06
50.06 -3.92851e-06
50.08 3.5232e-06
50.1 4.85557e-06
50.12 -2.26865e-06
50.14 -7.82205e-06
50.16 -4.69878e-06
50.18 1.75276e-06
50.2 2.71127e-06
50.22 -2.61824e-06
50.24 -6.82578e-06
50.26 -3.98969e-06
50.28 1.98555e-06
50.3 2.73714e-06
50.32 -1.47054e-06
50.34 -2.34689e-06
50.36 2.13376e-06
50.38 4.67118e-06
50.4 1.54879e-06
50.42 -1.64366e-06
50.44 6.52374e-07
50.46 5.45359e-06
50.48 5.38577e-06
50.5 -4.97767e-07
50.52 -4.5852e-06
50.54 -1.47922e-06
50.56 4.33954e-06
50.58 5.08855e-06
50.6 9.10441e-07
50.62 -7.95333e-07
50.64 2.39647e-06
50.66 4.43659e-06
50.68 1.54048e-06
50.7 -1.66739e-06
50.72 -2.34074e-07
50.74 3.1303e-06
50.76 2.53535e-06
50.78 -1.72403e-06
50.8 -3.38833e-06
50.82 -7.94117e-07
50.84 -1.53795e-07
50.86 -4.37301e-06
50.88 -7.53961e-06
50.9 -5.23885e-06
50.92 -1.53e-06
50.94 -1.77819e-06
50.96 -5.35148e-06
50.98 -7.42434e-06
51 -5.2675e-06
51.02 -1.64035e-06
51.04 -1.22273e-06
51.06 -3.71058e-06
51.08 -4.12477e-06
51.1 -1.20029e-06
51.12 8.5064e-07
51.14 -7.5751e-07
51.16 -3.93845e-06
51.18 -4.68498e-06
51.2 -1.85287e-06
51.22 9.59027e-07
51.24 1.60623e-07
51.26 -1.75376e-06
51.28 4.39223e-07
51.3 6.0887e-06
51.32 9.59407e-06
51.34 6.59291e-06
51.36 -3.68885e-06
51.38 -1.55396e-05
51.4 -1.94907e-05
51.42 -1.19065e-05
51.44 2.09756e-06
51.46 1.27752e-05
51.48 1.15546e-05
51.5 8.67236e-07
51.52 -3.94267e-06
51.54 4.38702e-06
51.56 1.19193e-05
51.58 5.6383e-06
51.6 -6.89128e-06
51.62 -9.78813e-06
51.64 -6.58204e-09
51.66 9.86045e-06
51.68 8.94241e-06
51.7 1.73141e-06
51.72 -1.8527e-07
51.74 4.65099e-06
51.76 6.69127e-06
51.78 7.91712e-07
51.8 -6.98169e-06
51.82 -8.74405e-06
51.84 -4.08887e-06
51.86 1.08262e-06
51.88 1.4815e-06
51.9 -1.80422e-06
51.92 -3.06172e-06
51.94 1.59621e-07
51.96 4.0518e-06
51.98 4.35848e-06
52 2.14906e-06
52.02 1.06005e-06
52.04 1.25592e-06
52.06 2.75801e-08
52.08 -2.80939e-06
52.1 -3.67808e-06
52.12 -9.24197e-07
52.14 8.27536e-07
52.16 -1.9406e-06
52.18 -4.18757e-06
52.2 -7.97811e-08
52.22 7.00339e-06
52.24 8.5712e-06
52.26 3.30421e-06
52.28 -1.03099e-06
52.3 8.01778e-07
52.32 4.4041e-06
52.34 2.71894e-06
52.36 -3.42487e-06
52.38 -6.1111e-06
52.4 -2.22743e-06
52.42 1.66435e-06
52.44 -1.96989e-07
52.46 -3.23063e-06
52.48 -5.31209e-07
52.5 4.70621e-06
52.52 4.17365e-06
52.54 -2.25348e-06
52.56 -6.10994e-06
52.58 -3.34805e-06
52.6 -2.31796e-07
52.62 -2.33854e-06
52.64 -6.32135e-06
52.66 -6.10545e-06
52.68 -2.06427e-06
52.7 3.57343e-07
52.72 -6.78893e-07
52.74 -2.41226e-06
52.76 -2.5603e-06
52.78 -1.68513e-06
52.8 -1.72937e-06
52.82 -2.83796e-06
52.84 -3.12714e-06
52.86 -2.15227e-06
52.88 -1.91398e-06
52.9 -2.76045e-06
52.92 -2.03802e-06
52.94 4.8241e-07
52.96 7.66066e-07
52.98 -2.10056e-06
53 -3.23654e-06
53.02 1.76533e-08
53.04 3.50096e-06
53.06 2.61736e-06
53.08 -3.39312e-07
53.1 1.71965e-07
53.12 4.15124e-06
53.14 5.60829e-06
53.16 2.43641e-06
53.18 2.15943e-07
53.2 1.95441e-06
53.22 3.60161e-06
53.24 1.60813e-06
53.26 -1.72989e-06
53.28 -2.34029e-06
53.3 -7.0171e-07
53.32 -7.08214e-07
53.34 -3.66649e-06
53.36 -5.73638e-06
53.38 -3.49615e-06
53.4 -1.28075e-07
53.42 -3.77181e-07
53.44 -2.71362e-06
53.46 -2.7616e-06
53.48 -5.90383e-07
53.5 3.59764e-07
53.52 -7.1184e-07
53.54 -1.15196e-06
53.56 2.6961e-07
53.58 1.38948e-06
53.6 1.60834e-07
53.62 -2.34769e-06
53.64 -3.52788e-06
53.66 -2.38366e-06
53.68 -8.74621e-07
53.7 -1.38754e-06
53.72 -2.42636e-06
53.74 -9.8714e-07
53.76 1.88743e-06
53.78 2.76275e-06
53.8 1.24593e-06
53.82 -9.51438e-08
53.84 7.18356e-07
53.86 2.82658e-06
53.88 2.81649e-06
53.9 -4.51981e-07
53.92 -2.74469e-06
53.94 -5.69004e-07
53.96 2.75169e-06
53.98 2.27052e-06
54 -1.12953e-06
54.02 -2.47722e-06
54.04 2.86891e-08
54.06 2.84715e-06
54.08 2.49694e-06
54.1 1.39433e-07
54.12 -8.12151e-08
54.14 2.45416e-06
54.16 3.20986e-06
54.18 4.0736e-07
54.2 -2.44693e-06
54.22 -3.22857e-06
54.24 -3.00911e-06
54.26 -3.05199e-06
54.28 -3.68318e-06
54.3 -3.66629e-06
54.32 -2.20139e-06
54.34 -1.0788e-06
54.36 -1.86591e-06
54.38 -3.37193e-06
54.4 -3.4378e-06
54.42 -1.73872e-06
54.44 2.73093e-07
54.46 1.34153e-06
54.48 1.43675e-06
54.5 1.30219e-06
54.52 1.73937e-06
54.54 2.45683e-06
54.56 2.10354e-06
54.58 4.50023e-07
54.6 -7.47811e-07
54.62 2.64029e-07
54.64 2.22094e-06
54.66 2.1075e-06
54.68 -7.15115e-07
54.7 -3.75157e-06
54.72 -4.03068e-06
54.74 -2.27529e-06
54.76 -2.33465e-06
54.78 -4.73641e-06
54.8 -5.86709e-06
54.82 -4.18078e-06
54.84 -1.5674e-06
54.86 -1.2709e-08
54.88 4.07237e-07
54.9 1.34725e-06
54.92 3.03721e-06
54.94 3.48769e-06
54.96 2.68619e-06
54.98 2.76166e-06
55 3.29344e-06
55.02 2.18533e-06
55.04 -7.44527e-08
55.06 -9.34369e-07
55.08 -1.18092e-08
55.1 5.10834e-07
55.12 -5.36866e-08
55.14 -7.25697e-07
55.16 -8.02416e-07
55.18 -2.49949e-07
55.2 5.19834e-07
55.22 1.34717e-06
55.24 2.07328e-06
55.26 2.36952e-06
55.28 2.12062e-06
55.3 1.41395e-06
55.32 1.0142e-06
55.34 1.76064e-06
55.36 2.09627e-06
55.38 3.54121e-08
55.4 -2.31606e-06
55.42 -1.69116e-06
55.44 3.92137e-07
55.46 2.79932e-07
55.48 -1.86325e-06
55.5 -3.56587e-06
55.52 -3.44945e-06
55.54 -2.15473e-06
55.56 -1.38425e-06
55.58 -1.3526e-06
55.6 -1.28543e-06
55.62 -5.57896e-07
55.64 2.37034e-07
55.66 -1.00738e-06
55.68 -3.5681e-06
55.7 -3.43984e-06
55.72 7.14202e-08
55.74 2.50166e-06
55.76 7.25917e-07
55.78 -2.37357e-06
55.8 -1.93307e-06
55.82 1.84326e-06
55.84 3.58907e-06
55.86 1.16299e-06
55.88 5.07771e-08
55.9 4.60673e-06
55.92 8.61607e-06
55.94 1.43346e-06
55.96 -1.34673e-05
55.98 -1.80273e-05
56 -6.48909e-06
56.02 5.95228e-06
56.04 5.34462e-06
56.06 -4.32863e-06
56.08 -6.95218e-06
56.1 3.36186e-06
56.12 1.34675e-05
56.14 1.027e-05
56.16 -1.95915e-06
56.18 -7.64259e-06
56.2 -1.72035e-06
56.22 3.70065e-06
56.24 -2.4826e-07
56.26 -6.24521e-06
56.28 -4.17042e-06
56.3 3.93405e-06
56.32 7.60737e-06
56.34 2.93304e-06
56.36 -2.06499e-06
56.38 -3.32107e-07
56.4 3.54326e-06
56.42 2.08706e-06
56.44 -2.10383e-06
56.46 -5.29937e-07
56.48 6.10042e-06
56.5 7.62343e-06
56.52 1.28614e-06
56.54 -3.18129e-06
56.56 9.0372e-07
56.58 6.71315e-06
56.6 3.91572e-06
56.62 -5.14078e-06
56.64 -8.15761e-06
56.66 -1.41292e-06
56.68 5.08012e-06
56.7 2.12721e-06
56.72 -5.51424e-06
56.74 -6.19972e-06
56.76 1.04268e-06
56.78 5.42565e-06
56.8 1.04414e-06
56.82 -4.30517e-06
56.84 -2.0981e-06
56.86 3.77842e-06
56.88 4.79073e-06
56.9 -4.40907e-07
56.92 -5.30018e-06
56.94 -3.86663e-06
56.96 -1.92985e-07
56.98 -1.89767e-06
57 -7.2166e-06
57.02 -7.81609e-06
57.04 -2.93886e-06
57.06 -8.10034e-07
57.08 -4.24906e-06
57.1 -5.37427e-06
57.12 2.71727e-08
57.14 4.02522e-06
57.16 1.82158e-07
57.18 -5.52469e-06
57.2 -3.94496e-06
57.22 2.95678e-06
57.24 4.43878e-06
57.26 -2.3733e-06
57.28 -7.50853e-06
57.3 -2.94384e-06
57.32 5.00261e-06
57.34 4.70704e-06
57.36 -2.91657e-06
57.38 -5.3769e-06
57.4 1.81615e-06
57.42 7.94926e-06
57.44 4.06975e-06
57.46 -3.99753e-06
57.48 -5.19161e-06
57.5 1.02253e-06
57.52 5.14462e-06
57.54 1.65104e-06
57.56 -4.08901e-06
57.58 -3.9191e-06
57.6 1.50669e-06
57.62 4.33294e-06
57.64 1.2085e-06
57.66 -2.67556e-06
57.68 -1.77536e-06
57.7 1.7281e-06
57.72 1.92251e-06
57.74 -1.52522e-06
57.76 -3.33451e-06
57.78 -1.09234e-06
57.8 1.23944e-06
57.82 2.77658e-08
57.84 -2.30371e-06
57.86 -1.63159e-06
57.88 1.05078e-06
57.9 1.32235e-06
57.92 -1.29983e-06
57.94 -2.41716e-06
57.96 -5.08464e-08
57.98 1.99983e-06
58 4.52543e-07
58.02 -2.22398e-06
58.04 -2.11139e-06
58.06 2.94714e-07
58.08 1.40378e-06
58.1 -1.58695e-07
58.12 -1.78449e-06
58.14 -9.65701e-07
58.16 9.60361e-07
58.18 1.10329e-06
58.2 -5.40912e-07
58.22 -1.28943e-06
58.24 -6.34071e-09
58.26 1.21427e-06
58.28 4.54029e-07
58.3 -1.05366e-06
58.32 -9.71347e-07
58.34 5.06541e-07
58.36 1.06796e-06
58.38 -4.92562e-08
58.4 -9.74675e-07
58.42 -2.46435e-07
58.44 9.6019e-07
58.46 7.84075e-07
58.48 -4.56068e-07
58.5 -8.62487e-07
58.52 1.29894e-07
58.54 9.55608e-07
58.56 3.62631e-07
58.58 -6.77226e-07
58.6 -5.43485e-07
58.62 5.0663e-07
58.64 8.18285e-07
58.66 -3.20918e-08
58.68 -6.5765e-07
58.7 -1.18278e-07
58.72 6.79739e-07
58.74 5.04211e-07
58.76 -3.11023e-07
58.78 -4.81185e-07
58.8 2.12005e-07
58.82 6.58478e-07
58.84 1.95561e-07
58.86 -4.16868e-07
58.88 -2.41062e-07
58.9 4.0831e-07
58.92 5.21332e-07
58.94 -3.54312e-08
58.96 -3.75118e-07
58.98 2.48981e-09
59 4.81384e-07
59.02 3.33632e-07
59.04 -1.74096e-07
59.06 -2.48797e-07
59.08 1.96272e-07
59.1 4.56801e-07
59.12 1.53644e-07
59.14 -2.15815e-07
59.16 -8.71087e-08
59.18 3.14364e-07
59.2 3.66188e-07
59.22 1.53257e-08
59.24 -1.79475e-07
59.26 6.78905e-08
59.28 3.56743e-07
59.3 2.50277e-07
59.32 -6.2327e-08
59.34 -9.30598e-08
59.36 1.88084e-07
59.38 3.3813e-07
59.4 1.41421e-07
59.42 -7.97072e-08
59.44 1.26329e-08
59.46 2.60556e-07
59.48 2.81646e-07
59.5 6.13935e-08
59.52 -4.92542e-08
59.54 1.11904e-07
59.56 2.85828e-07
59.58 2.11352e-07
59.6 1.97366e-08
59.62 1.04805e-08
59.64 1.87845e-07
59.66 2.73962e-07
59.68 1.4716e-07
59.7 1.53808e-08
59.72 8.03219e-08
59.74 2.3327e-07
59.76 2.3977e-07
59.78 1.0204e-07
59.8 3.99764e-08
59.82 1.44666e-07
59.84 2.49305e-07
59.86 1.98202e-07
59.88 8.11831e-08
59.9 8.16769e-08
59.92 1.93476e-07
59.94 2.42702e-07
59.96 1.61482e-07
59.98 -1.4001e-07
