0.02 6.25252e-08
0.04 1.77121e-07
0.06 1.93858e-07
0.08 8.86672e-08
0.1 2.538e-08
0.12 9.48963e-08
0.14 1.83414e-07
0.16 1.58577e-07
0.18 7.14404e-08
0.2 6.71475e-08
0.22 1.5767e-07
0.24 2.12758e-07
0.26 1.68742e-07
0.28 1.22037e-07
0.3 1.69177e-07
0.32 2.46601e-07
0.34 2.56446e-07
0.36 2.35705e-07
0.38 2.27428e-07
0.4 1.1938e-07
0.42 -1.51041e-07
0.44 -1.37949e-07
0.46 4.19199e-07
0.48 6.61997e-07
0.5 2.39934e-08
0.52 -6.26695e-07
0.54 -4.56392e-07
0.56 -1.3455e-07
0.58 -6.60783e-07
0.6 -1.21534e-06
0.62 -5.53496e-07
0.64 2.18893e-07
0.66 -2.68855e-07
0.68 -1.66818e-06
0.7 -2.44136e-06
0.72 -5.61284e-07
0.74 2.12684e-06
0.76 1.51524e-06
0.78 -8.13745e-07
0.8 2.21894e-07
0.82 4.4616e-06
0.84 6.28236e-06
0.86 3.04309e-06
0.88 -8.25633e-07
0.9 -5.24295e-07
0.92 2.45743e-06
0.94 2.76068e-06
0.96 -1.4958e-06
0.98 -5.36893e-06
1 -3.69423e-06
1.02 1.28605e-06
1.04 2.60186e-06
1.06 -1.94995e-06
1.08 -6.53361e-06
1.1 -5.32059e-06
1.12 -2.20629e-07
1.14 2.65399e-06
1.16 2.13423e-07
1.18 -4.99194e-06
1.2 -5.42278e-06
1.22 1.18484e-06
1.24 4.95791e-06
1.26 -6.74915e-07
1.28 -7.75909e-06
1.3 -6.85229e-06
1.32 7.90238e-07
1.34 6.81908e-06
1.36 4.90268e-06
1.38 -2.06042e-06
1.4 -4.65699e-06
1.42 1.82285e-07
1.44 4.03147e-06
1.46 -1.62484e-06
1.48 -1.20984e-05
1.5 -1.45117e-05
1.52 -6.34172e-06
1.54 3.4802e-07
1.56 -3.62223e-06
1.58 -1.11611e-05
1.6 -9.25189e-06
1.62 9.99488e-07
1.64 5.55059e-06
1.66 -9.53789e-07
1.68 -7.79324e-06
1.7 -4.98761e-06
1.72 2.08608e-06
1.74 1.40647e-06
1.76 -5.84125e-06
1.78 -7.19847e-06
1.8 -1.1402e-06
1.82 7.88867e-07
1.84 -5.84552e-06
1.86 -1.08147e-05
1.88 -3.87041e-06
1.9 7.07493e-06
1.92 4.03036e-06
1.94 -1.12324e-05
1.96 -1.60746e-05
1.98 -3.04433e-06
2 5.92549e-06
2.02 -5.72678e-06
2.04 -2.16438e-05
2.06 -1.81334e-05
2.08 -1.79703e-06
2.1 1.17556e-06
2.12 -1.2652e-05
2.14 -1.91367e-05
2.16 -6.69126e-06
2.18 6.71893e-06
2.2 3.40016e-06
2.22 -9.68372e-06
2.24 -1.30171e-05
2.26 -2.44351e-06
2.28 3.42132e-06
2.3 -7.39312e-06
2.32 -1.91779e-05
2.34 -1.43581e-05
2.36 -1.3143e-07
2.38 3.198e-06
2.4 -1.02134e-05
2.42 -2.16693e-05
2.44 -1.3511e-05
2.46 2.57457e-06
2.48 3.56939e-06
2.5 -8.0825e-06
2.52 -1.04991e-05
2.54 8.19486e-07
2.56 8.69077e-06
2.58 5.5992e-06
2.6 4.51432e-06
2.62 1.42925e-05
2.64 2.42655e-05
2.66 2.27713e-05
2.68 1.71858e-05
2.7 2.20307e-05
2.72 3.51866e-05
2.74 4.22807e-05
2.76 3.93028e-05
2.78 3.54384e-05
2.8 3.83652e-05
2.82 4.57792e-05
2.84 4.91683e-05
2.86 4.57908e-05
2.88 4.06416e-05
2.9 3.78515e-05
2.92 3.9265e-05
2.94 4.20122e-05
2.96 3.96128e-05
2.98 3.40755e-05
3 3.43479e-05
3.02 3.4116e-05
3.04 2.05697e-05
3.06 5.78507e-06
3.08 5.66553e-06
3.1 9.17742e-06
3.12 4.32123e-08
3.14 -1.71072e-05
3.16 -2.71993e-05
3.18 -2.74447e-05
3.2 -2.87568e-05
3.22 -3.79709e-05
3.24 -4.82766e-05
3.26 -4.97443e-05
3.28 -4.46189e-05
3.3 -4.14348e-05
3.32 -4.22805e-05
3.34 -4.19599e-05
3.36 -3.17786e-05
3.38 -1.46407e-05
3.4 -6.51294e-06
3.42 -1.05556e-05
3.44 -6.99039e-06
3.46 1.78829e-05
3.48 4.26672e-05
3.5 3.89825e-05
3.52 1.94764e-05
3.54 1.95113e-05
3.56 4.07324e-05
3.58 5.18647e-05
3.6 4.05861e-05
3.62 3.10293e-05
3.64 3.65114e-05
3.66 2.92615e-05
3.68 7.94515e-07
3.7 -1.09698e-05
3.72 2.62544e-06
3.74 3.48261e-06
3.76 -2.15037e-05
3.78 -3.89238e-05
3.8 -2.64416e-05
3.82 -9.82022e-06
3.84 -1.847e-05
3.86 -3.95907e-05
3.88 -4.45977e-05
3.9 -3.1552e-05
3.92 -2.45637e-05
3.94 -3.70408e-05
3.96 -5.21892e-05
3.98 -4.51484e-05
4 -1.58621e-05
4.02 1.20205e-06
4.04 -1.58264e-05
4.06 -3.37382e-05
4.08 -1.49732e-05
4.1 1.89787e-05
4.12 2.35406e-05
4.14 2.81275e-06
4.16 -1.88219e-06
4.18 1.59038e-05
4.2 1.61888e-05
4.22 -1.35687e-05
4.24 -3.2389e-05
4.26 -1.72026e-05
4.28 1.34078e-06
4.3 -7.13656e-06
4.32 -1.98431e-05
4.34 3.3964e-07
4.36 2.96413e-05
4.38 2.01197e-05
4.4 -1.49389e-05
4.42 -2.47291e-05
4.44 -1.04706e-06
4.46 1.83185e-05
4.48 1.32786e-05
4.5 -4.52976e-06
4.52 -1.88645e-05
4.54 -1.58721e-05
4.56 -8.63536e-08
4.58 6.0845e-06
4.6 -5.21437e-06
4.62 -1.60392e-05
4.64 -4.90874e-06
4.66 1.92584e-05
4.68 2.37727e-05
4.7 5.97261e-06
4.72 -7.60618e-08
4.74 1.93871e-05
4.76 3.6873e-05
4.78 2.37275e-05
4.8 -8.40705e-06
4.82 -1.60232e-05
4.84 1.23755e-05
4.86 3.22523e-05
4.88 1.22055e-05
4.9 -1.64476e-05
4.92 -1.27119e-05
4.94 9.44672e-06
4.96 1.01486e-05
4.98 -1.30068e-05
5 -2.97131e-05
5.02 -2.50979e-05
5.04 -1.70056e-05
5.06 -2.00044e-05
5.08 -1.46472e-05
5.1 8.71284e-06
5.12 1.87118e-05
5.14 7.58277e-07
5.16 -1.37546e-05
5.18 1.63494e-07
5.2 2.3548e-05
5.22 2.55901e-05
5.24 4.28074e-06
5.26 -1.98431e-05
5.28 -2.23417e-05
5.3 9.07787e-07
5.32 2.20422e-05
5.34 1.81956e-05
5.36 1.13119e-06
5.38 -3.77711e-06
5.4 6.80838e-06
5.42 1.35912e-05
5.44 9.07717e-06
5.46 6.71734e-06
5.48 1.27555e-05
5.5 1.70641e-05
5.52 1.27474e-05
5.54 5.70482e-06
5.56 3.03612e-06
5.58 3.901e-06
5.6 3.84115e-06
5.62 1.06939e-06
5.64 1.92776e-07
5.66 4.78297e-06
5.68 6.56289e-06
5.7 -7.18439e-08
5.72 -5.31296e-06
5.74 -1.80453e-06
5.76 3.04587e-06
5.78 -4.8944e-07
5.8 -8.81649e-06
5.82 -8.52305e-06
5.84 7.11104e-07
5.86 2.52303e-06
5.88 -8.36493e-06
5.9 -1.74435e-05
5.92 -1.15082e-05
5.94 5.66483e-06
5.96 1.53597e-05
5.98 9.03252e-06
6 3.24573e-06
6.02 1.01801e-05
6.04 1.86509e-05
6.06 1.82208e-05
6.08 1.15185e-05
6.1 5.20625e-06
6.12 7.3241e-06
6.14 1.70802e-05
6.16 2.08111e-05
6.18 7.13451e-06
6.2 -1.5755e-05
6.22 -2.26846e-05
6.24 -9.9967e-06
6.26 -5.86878e-06
6.28 -2.2467e-05
6.3 -3.34047e-05
6.32 -1.63106e-05
6.34 6.78592e-06
6.36 2.87869e-06
6.38 -1.76319e-05
6.4 -1.99965e-05
6.42 -3.6067e-07
6.44 1.22177e-05
6.46 7.89993e-07
6.48 -1.84054e-05
6.5 -2.34312e-05
6.52 -1.5136e-05
6.54 -1.24777e-05
6.56 -2.1104e-05
6.58 -2.10715e-05
6.6 -6.84515e-06
6.62 -1.26708e-06
6.64 -9.28875e-06
6.66 -7.34272e-06
6.68 1.05419e-05
6.7 1.91445e-05
6.72 1.50279e-06
6.74 -2.3947e-05
6.76 -2.52427e-05
6.78 -1.40887e-06
6.8 1.40366e-05
6.82 8.43381e-07
6.84 -1.79573e-05
6.86 -1.10772e-05
6.88 1.0962e-05
6.9 1.22789e-05
6.92 -1.1655e-05
6.94 -2.69308e-05
6.96 -1.12488e-05
6.98 1.39682e-05
7 1.52699e-05
7.02 -5.64741e-06
7.04 -1.62248e-05
7.06 -8.38108e-07
7.08 1.68754e-05
7.1 1.24567e-05
7.12 -2.49931e-06
7.14 -2.98246e-06
7.16 1.12066e-05
7.18 1.89606e-05
7.2 1.08828e-05
7.22 1.85721e-06
7.24 6.72597e-06
7.26 1.59304e-05
7.28 9.27613e-06
7.3 -7.97051e-06
7.32 -8.8781e-06
7.34 1.00831e-05
7.36 2.05586e-05
7.38 7.14528e-06
7.4 -8.59625e-06
7.42 -3.85795e-06
7.44 1.0759e-05
7.46 1.06292e-05
7.48 -5.76097e-06
7.5 -1.48346e-05
7.52 -3.67098e-06
7.54 8.2841e-06
7.56 6.75092e-07
7.58 -1.31396e-05
7.6 -7.56779e-06
7.62 1.29889e-05
7.64 2.04625e-05
7.66 8.67728e-06
7.68 7.03926e-08
7.7 6.24921e-06
7.72 1.27174e-05
7.74 6.41998e-06
7.76 -1.06763e-06
7.78 5.81575e-06
7.8 1.73949e-05
7.82 1.50853e-05
7.84 5.45595e-07
7.86 -9.69113e-06
7.88 -5.93251e-06
7.9 3.75708e-06
7.92 3.90851e-06
7.94 -5.51289e-06
7.96 -9.12219e-06
7.98 -1.75465e-06
8 4.43614e-06
8.02 1.65631e-06
8.04 -2.34829e-06
8.06 2.31102e-07
8.08 5.02588e-06
8.1 4.82226e-06
8.12 9.35092e-07
8.14 -4.57917e-07
8.16 2.24882e-06
8.18 5.68337e-06
8.2 7.59647e-06
8.22 7.1668e-06
8.24 4.45419e-07
8.26 -1.02166e-05
8.28 -1.07367e-05
8.3 1.6854e-06
8.32 1.08186e-05
8.34 6.33031e-06
8.36 -3.55404e-06
8.38 -5.07805e-06
8.4 3.54384e-06
8.42 1.02929e-05
8.44 4.97386e-06
8.46 -8.51562e-06
8.48 -1.41041e-05
8.5 -2.76058e-06
8.52 1.06621e-05
8.54 7.74322e-06
8.56 -3.95604e-06
8.58 -3.47637e-06
8.6 1.09315e-05
8.62 1.92622e-05
8.64 7.91799e-06
8.66 -6.64963e-06
8.68 1.08006e-07
8.7 1.92135e-05
8.72 2.12556e-05
8.74 3.35079e-06
8.76 -8.00171e-06
8.78 1.96233e-06
8.8 1.48701e-05
8.82 7.88683e-06
8.84 -1.16019e-05
8.86 -1.90863e-05
8.88 -7.09984e-06
8.9 7.89367e-06
8.92 5.84195e-06
8.94 -7.2488e-06
8.96 -8.10549e-06
8.98 3.21788e-06
9 6.59916e-06
9.02 -3.32029e-06
9.04 -1.20269e-05
9.06 -6.83748e-06
9.08 6.27867e-06
9.1 8.10795e-06
9.12 -6.2944e-06
9.14 -1.6091e-05
9.16 -7.40216e-06
9.18 2.74154e-06
9.2 -4.0393e-06
9.22 -1.74404e-05
9.24 -1.62633e-05
9.26 -1.36382e-06
9.28 6.29686e-06
9.3 -1.18834e-06
9.32 -7.69073e-06
9.34 -3.29865e-07
9.36 1.11506e-05
9.38 9.46811e-06
9.4 -4.44967e-06
9.42 -1.09796e-05
9.44 5.59445e-08
9.46 1.26376e-05
9.48 6.24101e-06
9.5 -1.22878e-05
9.52 -1.61381e-05
9.54 -1.56835e-07
9.56 9.35125e-06
9.58 -2.53651e-07
9.6 -5.99497e-06
9.62 5.32278e-06
9.64 1.12997e-05
9.66 -3.86222e-06
9.68 -1.98627e-05
9.7 -1.45298e-05
9.72 2.44159e-06
9.74 9.02515e-06
9.76 -2.26364e-06
9.78 -1.92789e-05
9.8 -1.93369e-05
9.82 -1.34445e-06
9.84 8.59114e-06
9.86 7.43839e-07
9.88 -5.77088e-06
9.9 2.13655e-06
9.92 1.23452e-05
9.94 6.60652e-06
9.96 -8.82191e-06
9.98 -9.02564e-06
10 9.06806e-06
10.02 1.9303e-05
10.04 7.32597e-06
10.06 -7.45854e-06
10.08 -4.43959e-06
10.1 6.86344e-06
10.12 5.27568e-06
10.14 -9.38054e-06
10.16 -1.66427e-05
10.18 -5.43118e-06
10.2 7.50949e-06
10.22 2.11969e-06
10.24 -1.33772e-05
10.26 -1.55915e-05
10.28 -1.80807e-06
10.3 7.84714e-06
10.32 1.97691e-06
10.34 -7.14573e-06
10.36 -4.28617e-06
10.38 6.18795e-06
10.4 8.27372e-06
10.42 1.85594e-07
10.44 -3.36168e-06
10.46 3.81498e-06
10.48 1.01754e-05
10.5 6.62294e-06
10.52 2.57537e-07
10.54 6.07666e-07
10.56 2.98985e-06
10.58 -2.16721e-07
10.6 -3.18336e-06
10.62 8.52255e-07
10.64 5.80522e-06
10.66 4.21752e-06
10.68 -1.37874e-06
10.7 -4.69807e-06
10.72 -3.36081e-06
10.74 5.20938e-08
10.76 2.51889e-07
10.78 -2.6694e-06
10.8 -1.56879e-06
10.82 4.55252e-06
10.84 7.3325e-06
10.86 2.14401e-06
10.88 -5.82939e-06
10.9 -7.33149e-06
10.92 -4.51017e-07
10.94 4.91415e-06
10.96 1.17034e-06
10.98 -5.14877e-06
11 -4.57028e-06
11.02 4.85311e-07
11.04 1.14457e-06
11.06 -3.07633e-06
11.08 -4.48638e-06
11.1 -9.51472e-08
11.12 4.86952e-06
11.14 5.50898e-06
11.16 3.15475e-06
11.18 2.28148e-06
11.2 4.21484e-06
11.22 6.10444e-06
11.24 4.35548e-06
11.26 -1.11215e-06
11.28 -4.96892e-06
11.3 -3.14107e-06
11.32 5.48814e-07
11.34 -5.72093e-08
11.36 -4.6359e-06
11.38 -7.17144e-06
11.4 -3.39213e-06
11.42 3.33257e-06
11.44 4.64726e-06
11.46 -1.05434e-06
11.48 -5.12762e-06
11.5 -1.75891e-06
11.52 3.41031e-06
11.54 3.0395e-06
11.56 -6.37517e-07
11.58 -3.36792e-07
11.6 4.70066e-06
11.62 7.96404e-06
11.64 5.58273e-06
11.66 1.63843e-06
11.68 1.58528e-06
11.7 4.06027e-06
11.72 3.86414e-06
11.74 6.60726e-07
11.76 -1.69133e-06
11.78 -2.10936e-06
11.8 -3.00128e-06
11.82 -5.51898e-06
11.84 -7.15223e-06
11.86 -5.58385e-06
11.88 -3.01452e-06
11.9 -1.94758e-06
11.92 -4.16633e-07
11.94 2.74752e-06
11.96 4.24905e-06
11.98 2.05697e-06
12 -9.48553e-07
12.02 -8.48271e-07
12.04 2.09154e-06
12.06 3.51385e-06
12.08 1.3677e-06
12.1 -1.2143e-06
12.12 -1.33117e-06
12.14 7.69334e-07
12.16 3.36357e-06
12.18 3.88292e-06
12.2 1.48328e-06
12.22 -1.09963e-06
12.24 -1.73085e-06
12.26 -1.82598e-06
12.28 -3.23978e-06
12.3 -5.33631e-06
12.32 -6.15604e-06
12.34 -5.16251e-06
12.36 -3.69265e-06
12.38 -2.67764e-06
12.4 -1.5703e-06
12.42 8.36932e-08
12.44 1.62308e-06
12.46 2.05173e-06
12.48 1.58673e-06
12.5 1.85648e-06
12.52 3.33271e-06
12.54 4.0737e-06
12.56 2.80808e-06
12.58 1.54285e-06
12.6 2.59477e-06
12.62 4.74425e-06
12.64 4.74997e-06
12.66 1.48866e-06
12.68 -1.96963e-06
12.7 -1.94084e-06
12.72 2.59041e-07
12.74 2.87952e-07
12.76 -2.54725e-06
12.78 -4.63446e-06
12.8 -3.02893e-06
12.82 1.34993e-06
12.84 4.1858e-06
12.86 2.16093e-06
12.88 -2.05193e-06
12.9 -2.59424e-06
12.92 1.42332e-06
12.94 4.24543e-06
12.96 1.65954e-06
12.98 -2.44638e-06
13 -2.0415e-06
13.02 1.60483e-06
13.04 2.36348e-06
13.06 -6.03243e-07
13.08 -1.84896e-06
13.1 1.08237e-06
13.12 3.9949e-06
13.14 2.95828e-06
13.16 -1.42272e-07
13.18 -1.23351e-06
13.2 1.94874e-07
13.22 1.64296e-06
13.24 1.57318e-06
13.26 7.74624e-07
13.28 9.74928e-08
13.3 -1.03443e-06
13.32 -2.43016e-06
13.34 -2.43798e-06
13.36 -5.68865e-07
13.38 1.53735e-06
13.4 1.75043e-06
13.42 -1.11927e-07
13.44 -1.3278e-06
13.46 -1.75956e-07
13.48 7.62219e-07
13.5 -8.1156e-07
13.52 -2.42274e-06
13.54 -1.17014e-06
13.56 9.94388e-07
13.58 4.04532e-07
13.6 -2.41633e-06
13.62 -3.4523e-06
13.64 -1.1417e-06
13.66 1.24406e-06
13.68 2.67351e-07
13.7 -2.6655e-06
13.72 -3.29535e-06
13.74 -6.267e-07
13.76 2.04634e-06
13.78 2.13292e-06
13.8 9.11399e-07
13.82 8.66539e-07
13.84 1.92705e-06
13.86 1.81155e-06
13.88 -4.2161e-07
13.9 -2.39635e-06
13.92 -1.58837e-06
13.94 7.75127e-07
13.96 1.59532e-06
13.98 3.07081e-07
14 -7.8726e-07
14.02 5.44018e-07
14.04 3.8353e-06
14.06 5.83317e-06
14.08 4.61355e-06
14.1 2.22206e-06
14.12 5.27111e-07
14.14 -1.04555e-06
14.16 -2.00426e-06
14.18 -9.14517e-07
14.2 6.68438e-07
14.22 -5.89321e-07
14.24 -4.1399e-06
14.26 -5.37405e-06
14.28 -2.37907e-06
14.3 8.76795e-07
14.32 -2.38229e-08
14.34 -3.91589e-06
14.36 -5.53109e-06
14.38 -2.64415e-06
14.4 4.69266e-07
14.42 -9.17285e-07
14.44 -4.73402e-06
14.46 -4.91477e-06
14.48 -6.66925e-07
14.5 2.43692e-06
14.52 1.22413e-06
14.54 -8.84403e-07
14.56 5.00474e-08
14.58 2.24638e-06
14.6 1.62917e-06
14.62 -6.15334e-07
14.64 3.49795e-07
14.66 4.29492e-06
14.68 5.24548e-06
14.7 -1.64876e-07
14.72 -6.96665e-06
14.74 -7.00458e-06
14.76 -4.86868e-07
14.78 3.35241e-06
14.8 -1.09096e-06
14.82 -7.59422e-06
14.84 -6.29657e-06
14.86 1.49513e-06
14.88 3.97998e-06
14.9 -2.82472e-06
14.92 -7.28202e-06
14.94 -8.55421e-07
14.96 6.97752e-06
14.98 4.18701e-06
15 -4.38264e-06
15.02 -5.38496e-06
15.04 1.77932e-06
15.06 4.86291e-06
15.08 -1.15466e-06
15.1 -6.7031e-06
15.12 -2.91649e-06
15.14 5.46234e-06
15.16 7.2934e-06
15.18 9.85955e-07
15.2 -3.48831e-06
15.22 2.20579e-07
15.24 5.12134e-06
15.26 2.3103e-06
15.28 -4.88875e-06
15.3 -6.68694e-06
15.32 -1.76888e-06
15.34 1.8045e-06
15.36 -6.85969e-07
15.38 -4.09841e-06
15.4 -2.07281e-06
15.42 3.15984e-06
15.44 4.3674e-06
15.46 8.00626e-08
15.48 -3.70279e-06
15.5 -2.30852e-06
15.52 1.82216e-06
15.54 3.10772e-06
15.56 5.6134e-07
15.58 -8.65546e-07
15.6 1.897e-06
15.62 4.81778e-06
15.64 2.97395e-06
15.66 -1.73961e-06
15.68 -3.08215e-06
15.7 7.06669e-07
15.72 4.40258e-06
15.74 3.54391e-06
15.76 5.4283e-07
15.78 1.91731e-07
15.8 2.64328e-06
15.82 3.72331e-06
15.84 1.09495e-06
15.86 -2.1197e-06
15.88 -1.62852e-06
15.9 1.61938e-06
15.92 2.91053e-06
15.94 1.05059e-06
15.96 -1.92284e-08
15.98 2.15928e-06
16 4.43803e-06
16.02 3.37369e-06
16.04 6.26149e-07
16.06 -1.13592e-07
16.08 1.62731e-06
16.1 2.92328e-06
16.12 1.38908e-06
16.14 -1.52356e-06
16.16 -2.04296e-06
16.18 9.48483e-07
16.2 3.86223e-06
16.22 2.97336e-06
16.24 -2.27213e-07
16.26 -1.73902e-06
16.28 -8.77954e-07
16.3 5.88001e-07
16.32 1.61224e-06
16.34 1.55055e-06
16.36 8.79412e-08
16.38 -1.40832e-06
16.4 -1.16335e-06
16.42 4.70785e-09
16.44 -3.19288e-07
16.46 -2.22606e-06
16.48 -3.46384e-06
16.5 -3.40926e-06
16.52 -4.08662e-06
16.54 -6.1715e-06
16.56 -6.90279e-06
16.58 -4.38928e-06
16.6 -1.49314e-06
16.62 -1.99905e-06
16.64 -4.88881e-06
16.66 -5.7594e-06
16.68 -1.60769e-06
16.7 6.19354e-06
16.72 1.12754e-05
16.74 1.02145e-05
16.76 8.82302e-06
16.78 1.22615e-05
16.8 1.63594e-05
16.82 1.53384e-05
16.84 9.41155e-06
16.86 8.50575e-07
16.88 -5.003e-06
16.9 -9.39671e-07
16.92 6.65824e-06
16.94 3.4213e-06
16.96 -7.65948e-06
16.98 -1.02699e-05
17 -1.62715e-06
17.02 4.07198e-06
17.04 -1.87294e-06
17.06 -1.06076e-05
17.08 -9.99149e-06
17.1 -3.07679e-06
17.12 -3.29288e-06
17.14 -1.24861e-05
17.16 -1.63877e-05
17.18 -7.04876e-06
17.2 2.1326e-06
17.22 -3.48315e-06
17.24 -1.42436e-05
17.26 -1.14548e-05
17.28 7.75866e-07
17.3 3.23758e-06
17.32 -6.11681e-06
17.34 -9.73981e-06
17.36 1.39522e-06
17.38 1.42231e-05
17.4 1.37131e-05
17.42 5.29825e-06
17.44 5.66171e-06
17.46 1.59793e-05
17.48 1.96787e-05
17.5 9.376e-06
17.52 -9.00945e-08
17.54 4.45219e-06
17.56 1.17574e-05
17.58 5.12547e-06
17.6 -8.5465e-06
17.62 -1.09357e-05
17.64 -2.21597e-06
17.66 1.44185e-06
17.68 -6.08373e-06
17.7 -1.32641e-05
17.72 -1.04742e-05
17.74 -4.17416e-06
17.76 -4.79111e-06
17.78 -1.02245e-05
17.8 -1.08562e-05
17.82 -5.10019e-06
17.84 9.45448e-08
17.86 4.24401e-07
17.88 -1.71977e-06
17.9 -1.8106e-06
17.92 1.26449e-06
17.94 4.3847e-06
17.96 5.26127e-06
17.98 5.42964e-06
18 6.47129e-06
18.02 7.02827e-06
18.04 5.75264e-06
18.06 4.06933e-06
18.08 2.97631e-06
18.1 3.80285e-07
18.12 -3.71052e-06
18.14 -4.94993e-06
18.16 -2.21679e-06
18.18 -3.622e-07
18.2 -2.89327e-06
18.22 -7.58755e-06
18.24 -1.05026e-05
18.26 -1.10679e-05
18.28 -1.13698e-05
18.3 -1.17832e-05
18.32 -9.13893e-06
18.34 -4.54405e-07
18.36 9.11e-06
18.38 1.01378e-05
18.4 5.27741e-06
18.42 6.31053e-06
18.44 1.46687e-05
18.46 2.00179e-05
18.48 1.41899e-05
18.5 7.34806e-07
18.52 -5.77647e-06
18.54 2.37285e-06
18.56 1.14324e-05
18.58 5.79754e-06
18.6 -7.66199e-06
18.62 -1.11683e-05
18.64 -2.31928e-06
18.66 3.80515e-06
18.68 -2.75526e-06
18.7 -1.28364e-05
18.72 -1.26982e-05
18.74 -4.66647e-06
18.76 -2.93548e-06
18.78 -1.14727e-05
18.8 -1.59304e-05
18.82 -3.42754e-06
18.84 1.38633e-05
18.86 1.42132e-05
18.88 2.64307e-06
18.9 2.25801e-06
18.92 1.56707e-05
18.94 2.3357e-05
18.96 1.53603e-05
18.98 4.40348e-06
19 4.24878e-06
19.02 1.00314e-05
19.04 9.24808e-06
19.06 1.78845e-07
19.08 -7.35656e-06
19.1 -5.08435e-06
19.12 1.78594e-06
19.14 8.82041e-07
19.16 -8.10842e-06
19.18 -1.1951e-05
19.2 -5.76916e-06
19.22 -1.82443e-06
19.24 -8.92771e-06
19.26 -1.64504e-05
19.28 -1.07574e-05
19.3 1.22109e-06
19.32 2.70872e-06
19.34 -6.08887e-06
19.36 -1.0337e-05
19.38 -3.85168e-06
19.4 3.37975e-06
19.42 1.38472e-06
19.44 -4.35615e-06
19.46 -1.44252e-06
19.48 8.95258e-06
19.5 1.28332e-05
19.52 5.15453e-06
19.54 -2.29472e-06
19.56 1.33938e-06
19.58 9.77358e-06
19.6 8.43286e-06
19.62 -2.51459e-06
19.64 -5.45847e-06
19.66 5.7366e-06
19.68 1.19229e-05
19.7 -1.4747e-07
19.72 -1.43072e-05
19.74 -1.03299e-05
19.76 4.93124e-06
19.78 8.57609e-06
19.8 -4.9934e-06
19.82 -1.61725e-05
19.84 -8.79928e-06
19.86 6.2259e-06
19.88 9.0478e-06
19.9 -5.21879e-08
19.92 -4.45412e-06
19.94 3.47046e-06
19.96 1.18697e-05
19.98 7.46109e-06
20 -3.2667e-06
20.02 -3.76003e-06
20.04 6.58578e-06
20.06 1.21003e-05
20.08 3.95331e-06
20.1 -9.47228e-06
20.12 -1.41635e-05
20.14 -6.98188e-06
20.16 2.4464e-06
20.18 5.14382e-06
20.2 1.42453e-07
20.22 -6.90283e-06
20.24 -7.77288e-06
20.26 -1.23835e-06
20.28 3.01414e-06
20.3 -2.204e-06
20.32 -7.83775e-06
20.34 -2.54089e-06
20.36 5.80822e-06
20.38 4.1301e-06
20.4 -2.23472e-06
20.42 -3.6483e-07
20.44 8.72187e-06
20.46 1.3013e-05
20.48 7.56862e-06
20.5 -5.22852e-07
20.52 -2.5866e-06
20.54 4.2222e-07
20.56 -3.23658e-08
20.58 -1.94466e-06
20.6 2.85112e-06
20.62 5.45897e-06
20.64 -4.51995e-06
20.66 -1.53556e-05
20.68 -1.39983e-05
20.7 -3.80135e-06
20.72 5.66293e-06
20.74 4.79257e-06
20.76 -6.27496e-06
20.78 -1.10252e-05
20.8 -1.17125e-06
20.82 6.63675e-06
20.84 -1.34105e-06
20.86 -1.13389e-05
20.88 -3.76339e-06
20.9 1.36224e-05
20.92 1.66471e-05
20.94 3.56256e-06
20.96 -3.29229e-06
20.98 7.12458e-06
21 1.73879e-05
21.02 7.51057e-06
21.04 -1.06355e-05
21.06 -9.43121e-06
21.08 9.13462e-06
21.1 1.58961e-05
21.12 -5.78981e-07
21.14 -1.70608e-05
21.16 -9.63491e-06
21.18 1.02412e-05
21.2 1.13511e-05
21.22 -9.32354e-06
21.24 -2.1589e-05
21.26 -9.12766e-06
21.28 6.83959e-06
21.3 2.06844e-06
21.32 -1.35413e-05
21.34 -1.15773e-05
21.36 9.56842e-06
21.38 2.02597e-05
21.4 7.73747e-06
21.42 -5.6428e-06
21.44 -3.00042e-06
21.46 7.17408e-06
21.48 1.10922e-05
21.5 3.31901e-06
21.52 -8.21485e-06
21.54 -1.00174e-05
21.56 -3.86768e-06
21.58 -3.3474e-06
21.6 -9.11009e-06
21.62 -8.49161e-06
21.64 -8.87232e-09
21.66 3.34732e-06
21.68 -3.12316e-06
21.7 -7.26403e-06
21.72 7.23096e-07
21.74 1.08304e-05
21.76 6.50731e-06
21.78 -8.36656e-06
21.8 -1.2144e-05
21.82 1.10523e-06
21.84 1.04956e-05
21.86 1.12166e-06
21.88 -1.19799e-05
21.9 -8.07085e-06
21.92 7.17817e-06
21.94 1.17842e-05
21.96 8.92021e-07
21.98 -7.27163e-06
22 2.31789e-07
22.02 1.20216e-05
22.04 1.09527e-05
22.06 -6.67034e-07
22.08 -7.21231e-06
22.1 -2.65902e-06
22.12 3.3359e-06
22.14 7.66206e-07
22.16 -6.06255e-06
22.18 -5.97542e-06
22.2 8.62493e-07
22.22 3.84605e-06
22.24 -6.77578e-07
22.26 -4.80998e-06
22.28 -2.08232e-06
22.3 3.34691e-06
22.32 3.8317e-06
22.34 1.94686e-07
22.36 -4.10843e-07
22.38 3.74061e-06
22.4 6.86669e-06
22.42 4.90613e-06
22.44 1.13027e-06
22.46 9.59382e-07
22.48 4.27449e-06
22.5 5.30112e-06
22.52 9.75553e-07
22.54 -3.6883e-06
22.56 -2.86426e-06
22.58 1.22104e-06
22.6 2.03324e-06
22.62 -1.48395e-06
22.64 -3.96824e-06
22.66 -2.00178e-06
22.68 9.49027e-07
22.7 6.54304e-08
22.72 -3.36924e-06
22.74 -4.07559e-06
22.76 -1.29178e-06
22.78 5.30721e-08
22.8 -2.40867e-06
22.82 -4.44047e-06
22.84 -1.94921e-06
22.86 2.19129e-06
22.88 2.40423e-06
22.9 -9.7434e-07
22.92 -2.46133e-06
22.94 3.47238e-07
22.96 3.57226e-06
22.98 2.99403e-06
23 -1.09275e-08
23.02 -1.12984e-06
23.04 3.99411e-07
23.06 1.18429e-06
23.08 -8.68119e-07
23.1 -3.24923e-06
23.12 -2.4289e-06
23.14 5.59219e-07
23.16 1.15669e-06
23.18 -1.56346e-06
23.2 -2.89135e-06
23.22 1.75019e-07
23.24 3.79499e-06
23.26 3.24631e-06
23.28 3.70333e-07
23.3 1.31862e-07
23.32 2.5489e-06
23.34 3.23592e-06
23.36 6.3173e-07
23.38 -1.94075e-06
23.4 -2.03525e-06
23.42 -1.55807e-06
23.44 -2.47504e-06
23.46 -3.11922e-06
23.48 -1.47563e-06
23.5 5.73925e-07
23.52 -8.4995e-08
23.54 -2.28914e-06
23.56 -2.05954e-06
23.58 1.10375e-06
23.6 3.27285e-06
23.62 1.86939e-06
23.64 -5.84307e-07
23.66 -4.39698e-07
23.68 1.86276e-06
23.7 3.21293e-06
23.72 2.20755e-06
23.74 3.05102e-07
23.76 -2.95892e-07
23.78 5.74653e-07
23.8 1.10407e-06
23.82 4.66903e-07
23.84 -2.9125e-07
23.86 -5.78361e-07
23.88 -9.87007e-07
23.9 -1.48647e-06
23.92 -1.00933e-06
23.94 2.01206e-07
23.96 -3.1898e-08
23.98 -1.99585e-06
24 -2.71517e-06
24.02 -1.53625e-07
24.04 3.67768e-06
24.06 4.4486e-06
24.08 1.19593e-06
24.1 -1.70626e-06
24.12 -1.11556e-06
24.14 8.20816e-07
24.16 1.25084e-06
24.18 2.83945e-07
24.2 -9.01134e-07
24.22 -1.49522e-06
24.24 -1.03143e-06
24.26 7.54515e-08
24.28 1.1032e-06
24.3 1.55044e-06
24.32 9.26407e-07
24.34 -8.01582e-07
24.36 -2.47803e-06
24.38 -2.48532e-06
24.4 -1.01504e-06
24.42 3.83571e-08
24.44 -5.68732e-10
24.46 1.71687e-08
24.48 4.7649e-07
24.5 3.34711e-07
24.52 -5.65003e-07
24.54 -1.00793e-06
24.56 -2.89381e-07
24.58 9.05742e-07
24.6 1.2895e-06
24.62 5.38811e-07
24.64 6.44043e-09
24.66 8.69382e-07
24.68 1.99166e-06
24.7 1.23697e-06
24.72 -1.11863e-06
24.74 -2.11083e-06
24.76 -3.56731e-07
24.78 1.83473e-06
24.8 2.01108e-06
24.82 7.24489e-07
24.84 3.4738e-07
24.86 1.66975e-06
24.88 2.63668e-06
24.9 1.57541e-06
24.92 1.39786e-07
24.94 6.25137e-07
24.96 2.15545e-06
24.98 2.24888e-06
25 7.40723e-07
25.02 -1.40575e-07
25.04 7.848e-07
25.06 1.99562e-06
25.08 1.57232e-06
25.1 -4.92934e-08
25.12 -5.77402e-07
25.14 8.53963e-07
25.16 2.13194e-06
25.18 1.23432e-06
25.2 -6.5078e-07
25.22 -1.09337e-06
25.24 -5.62523e-08
25.26 2.94328e-07
25.28 -1.12558e-06
25.3 -2.77726e-06
25.32 -2.79626e-06
25.34 -1.27427e-06
25.36 2.59477e-07
25.38 4.40798e-07
25.4 -6.19442e-07
25.42 -1.30227e-06
25.44 -5.84646e-07
25.46 3.73307e-07
25.48 -2.6294e-08
25.5 -1.29852e-06
25.52 -1.45814e-06
25.54 -3.66758e-08
25.56 1.13598e-06
25.58 7.62448e-07
25.6 -4.53e-08
25.62 3.95144e-07
25.64 1.68371e-06
25.66 1.92815e-06
25.68 6.11775e-07
25.7 -6.2603e-07
25.72 -2.50337e-07
25.74 8.83014e-07
25.76 6.1635e-07
25.78 -1.03843e-06
25.8 -1.74321e-06
25.82 -6.07916e-07
25.84 5.74961e-07
25.86 3.77565e-07
25.88 -4.42922e-07
25.9 -6.83146e-07
25.92 -4.10911e-07
25.94 -3.54528e-07
25.96 -6.13791e-07
25.98 -8.16559e-07
26 -9.57645e-07
26.02 -1.25662e-06
26.04 -1.60103e-06
26.06 -1.50674e-06
26.08 -7.38664e-07
26.1 -7.48185e-08
26.12 -5.7847e-07
26.14 -1.74343e-06
26.16 -1.85384e-06
26.18 -5.8166e-07
26.2 4.55651e-07
26.22 9.70099e-08
26.24 -8.13776e-07
26.26 -7.46625e-07
26.28 3.30878e-07
26.3 8.43032e-07
26.32 3.13573e-08
26.34 -8.00644e-07
26.36 -5.07129e-07
26.38 1.05725e-07
26.4 -1.67669e-07
26.42 -1.00479e-06
26.44 -1.22018e-06
26.46 -5.3584e-07
26.48 3.29794e-07
26.5 6.82852e-07
26.52 3.02927e-07
26.54 -3.76172e-07
26.56 -5.10692e-07
26.58 3.01922e-07
26.6 1.48717e-06
26.62 1.90737e-06
26.64 1.13716e-06
26.66 1.06295e-07
26.68 -6.10316e-09
26.7 7.37829e-07
26.72 1.04244e-06
26.74 2.24096e-07
26.76 -6.93256e-07
26.78 -6.71173e-07
26.8 -1.06535e-07
26.82 3.4537e-09
26.84 -6.32687e-07
26.86 -1.20545e-06
26.88 -9.94555e-07
26.9 -5.23915e-07
26.92 -4.63338e-07
26.94 -4.40611e-07
26.96 8.19907e-08
26.98 6.02119e-07
27 1.95722e-07
27.02 -6.49105e-07
27.04 -4.25904e-07
27.06 7.23552e-07
27.08 9.18505e-07
27.1 -3.93345e-07
27.12 -1.31168e-06
27.14 -3.30112e-07
27.16 1.18693e-06
27.18 9.36774e-07
27.2 -8.22408e-07
27.22 -1.61751e-06
27.24 -4.36724e-07
27.26 8.26412e-07
27.28 3.59433e-07
27.3 -8.94617e-07
27.32 -8.85643e-07
27.34 5.00338e-07
27.36 1.42928e-06
27.38 8.8236e-07
27.4 -4.25723e-08
27.42 1.21355e-08
27.44 9.33788e-07
27.46 1.499e-06
27.48 8.9729e-07
27.5 -1.7272e-07
27.52 -5.57253e-07
27.54 -4.00586e-07
27.56 -6.12351e-07
27.58 -1.28331e-06
27.6 -1.64038e-06
27.62 -1.33628e-06
27.64 -1.08108e-06
27.66 -1.40696e-06
27.68 -1.6924e-06
27.7 -1.21623e-06
27.72 -2.279e-07
27.74 5.75841e-07
27.76 9.91612e-07
27.78 1.256e-06
27.8 1.46179e-06
27.82 1.51571e-06
27.84 1.4238e-06
27.86 1.23176e-06
27.88 8.38661e-07
27.9 2.96144e-07
27.92 -5.41995e-08
27.94 -7.1483e-08
27.96 8.81533e-08
27.98 2.02653e-07
28 4.94879e-08
28.02 -1.97944e-07
28.04 -1.44343e-07
28.06 1.23677e-08
28.08 -1.92184e-07
28.1 -6.76128e-07
28.12 -7.41767e-07
28.14 -4.31237e-08
28.16 4.52602e-07
28.18 -8.86364e-08
28.2 -5.89036e-07
28.22 1.84998e-07
28.24 1.44108e-06
28.26 1.78806e-06
28.28 1.38519e-06
28.3 1.38059e-06
28.32 2.05178e-06
28.34 2.36848e-06
28.36 7.35433e-07
28.38 -2.63602e-06
28.4 -4.28867e-06
28.42 -1.75773e-06
28.44 1.91767e-06
28.46 1.54435e-06
28.48 -2.37214e-06
28.5 -3.74909e-06
28.52 -2.04785e-07
28.54 3.39847e-06
28.56 2.51234e-06
28.58 -7.35639e-07
28.6 -1.53872e-06
28.62 3.03352e-07
28.64 1.2151e-06
28.66 2.25063e-07
28.68 -1.74984e-07
28.7 1.13263e-06
28.72 2.06784e-06
28.74 6.61026e-07
28.76 -1.90413e-06
28.78 -2.45654e-06
28.8 3.27734e-08
28.82 2.37264e-06
28.84 1.11435e-06
28.86 -1.93674e-06
28.88 -1.96068e-06
28.9 1.3182e-06
28.92 3.24313e-06
28.94 1.57782e-06
28.96 -5.48084e-07
28.98 -9.45547e-08
29 1.30519e-06
29.02 7.35278e-07
29.04 -7.08204e-07
29.06 -3.10547e-08
29.08 1.97552e-06
29.1 1.8221e-06
29.12 -7.8805e-07
29.14 -2.35223e-06
29.16 -1.00175e-06
29.18 7.87559e-07
29.2 2.11422e-07
29.22 -1.61741e-06
29.24 -1.84235e-06
29.26 -4.16357e-07
29.28 4.14795e-07
29.3 -1.70978e-07
29.32 -9.24785e-07
29.34 -8.15509e-07
29.36 -1.9032e-07
29.38 2.41872e-07
29.4 4.0907e-07
29.42 4.63527e-07
29.44 3.33505e-07
29.46 7.58023e-08
29.48 2.81452e-08
29.5 2.62615e-07
29.52 3.87259e-07
29.54 3.19478e-08
29.56 -8.2424e-07
29.58 -1.58995e-06
29.6 -1.33474e-06
29.62 -1.57286e-07
29.64 3.57816e-07
29.66 -6.74025e-07
29.68 -1.76979e-06
29.7 -1.32079e-06
29.72 -1.06448e-07
29.74 5.71433e-08
29.76 -8.62522e-07
29.78 -1.10346e-06
29.8 -1.05266e-08
29.82 9.03543e-07
29.84 5.60841e-07
29.86 -6.92341e-08
29.88 2.27378e-07
29.9 1.05813e-06
29.92 1.33946e-06
29.94 9.57313e-07
29.96 5.87499e-07
29.98 4.71364e-07
30 9.86184e-08
30.02 -7.65783e-07
30.04 -1.40682e-06
30.06 -1.19339e-06
30.08 -7.39292e-07
30.1 -8.95019e-07
30.12 -1.17773e-06
30.14 -5.65652e-07
30.16 6.55839e-07
30.18 1.17453e-06
30.2 6.31376e-07
30.22 3.74147e-08
30.24 2.23064e-07
30.26 9.00234e-07
30.28 1.2865e-06
30.3 1.16054e-06
30.32 1.03621e-06
30.34 1.12597e-06
30.36 9.91547e-07
30.38 5.11029e-07
30.4 7.80509e-08
30.42 -8.9388e-08
30.44 -3.63078e-07
30.46 -1.13367e-06
30.48 -1.87346e-06
30.5 -1.62553e-06
30.52 -4.41403e-07
30.54 3.9191e-07
30.56 2.45279e-09
30.58 -7.19143e-07
30.6 -3.90659e-07
30.62 8.046e-07
30.64 1.49331e-06
30.66 1.13819e-06
30.68 5.99505e-07
30.7 7.80338e-07
30.72 1.35503e-06
30.74 1.10086e-06
30.76 -1.35267e-07
30.78 -7.60948e-07
30.8 1.54033e-08
30.82 7.4024e-07
30.84 2.22596e-07
30.86 -6.14923e-07
30.88 -3.84206e-07
30.9 8.10498e-07
30.92 1.66651e-06
30.94 1.32134e-06
30.96 3.5073e-07
30.98 4.01912e-09
31 4.11496e-07
31.02 4.50586e-07
31.04 -2.67978e-07
31.06 -7.68175e-07
31.08 -5.3798e-07
31.1 -2.90841e-07
31.12 -4.11625e-07
31.14 -2.74174e-07
31.16 4.06744e-07
31.18 8.67724e-07
31.2 5.0417e-07
31.22 -1.19865e-07
31.24 -5.74688e-08
31.26 6.77914e-07
31.28 1.03985e-06
31.3 4.26388e-07
31.32 -2.95533e-07
31.34 -1.95904e-08
31.36 8.80652e-07
31.38 1.024e-06
31.4 2.19241e-07
31.42 -1.0423e-07
31.44 6.31964e-07
31.46 1.11801e-06
31.48 4.74136e-07
31.5 -4.48254e-07
31.52 -6.28748e-07
31.54 -2.24704e-07
31.56 -5.64676e-08
31.58 -4.33346e-07
31.6 -7.92643e-07
31.62 -5.47763e-07
31.64 -8.92134e-08
31.66 -2.66332e-07
31.68 -9.5413e-07
31.7 -1.20949e-06
31.72 -7.58506e-07
31.74 -2.93533e-07
31.76 -3.62856e-07
31.78 -6.65202e-07
31.8 -5.91647e-07
31.82 -2.00215e-07
31.84 -9.3959e-08
31.86 -2.5273e-07
31.88 -2.89312e-08
31.9 5.48541e-07
31.92 6.8705e-07
31.94 1.99979e-07
31.96 -5.60815e-08
31.98 4.73715e-07
32 1.03872e-06
32.02 6.67474e-07
32.04 -3.24712e-07
32.06 -7.57517e-07
32.08 -3.09756e-07
32.1 1.03385e-07
32.12 -2.56761e-07
32.14 -9.78959e-07
32.16 -1.11801e-06
32.18 -4.88315e-07
32.2 2.68247e-08
32.22 -2.85794e-07
32.24 -9.16926e-07
32.26 -9.19947e-07
32.28 -3.21695e-07
32.3 -3.3351e-08
32.32 -5.02242e-07
32.34 -1.10423e-06
32.36 -1.02434e-06
32.38 -4.40188e-07
32.4 -3.02876e-07
32.42 -8.15382e-07
32.44 -1.10741e-06
32.46 -6.56478e-07
32.48 -2.36568e-08
32.5 -3.78252e-08
32.52 -6.91985e-07
32.54 -1.01452e-06
32.56 -3.52846e-07
32.58 4.98126e-07
32.6 3.58097e-07
32.62 -4.27016e-07
32.64 -4.13179e-07
32.66 6.50684e-07
32.68 1.35402e-06
32.7 7.70439e-07
32.72 -1.93974e-07
32.74 -2.77627e-07
32.76 1.77405e-07
32.78 -5.38486e-08
32.8 -8.72946e-07
32.82 -1.04357e-06
32.84 -2.06844e-07
32.86 6.32537e-07
32.88 6.58102e-07
32.9 4.33848e-07
32.92 7.91845e-07
32.94 1.3256e-06
32.96 1.11894e-06
32.98 3.38657e-07
33 -6.84831e-08
33.02 1.2778e-07
33.04 2.68973e-07
33.06 -1.99629e-08
33.08 -3.30412e-07
33.1 -2.70218e-07
33.12 -1.08285e-07
33.14 -2.17446e-07
33.16 -3.76454e-07
33.18 -2.5511e-07
33.2 2.23883e-08
33.22 2.1396e-07
33.24 2.19763e-07
33.26 8.64862e-08
33.28 -6.40117e-08
33.3 -2.55296e-07
33.32 -4.36287e-07
33.34 -2.15385e-07
33.36 4.90368e-07
33.38 9.40467e-07
33.4 4.84757e-07
33.42 -3.4794e-07
33.44 -4.15042e-07
33.46 3.99429e-07
33.48 8.31651e-07
33.5 6.92085e-08
33.52 -8.79652e-07
33.54 -7.42486e-07
33.56 1.20845e-07
33.58 5.36605e-07
33.6 2.31859e-07
33.62 -1.3201e-07
33.64 -8.48459e-08
33.66 4.10976e-08
33.68 -2.92447e-07
33.7 -8.5562e-07
33.72 -8.57052e-07
33.74 -2.94128e-07
33.76 -5.0272e-08
33.78 -2.89825e-07
33.8 -1.36255e-07
33.82 6.6011e-07
33.84 1.14015e-06
33.86 7.62215e-07
33.88 2.94022e-07
33.9 5.47869e-07
33.92 1.17474e-06
33.94 1.23688e-06
33.96 6.3178e-07
33.98 3.11429e-07
34 7.99944e-07
34.02 1.2445e-06
34.04 7.64681e-07
34.06 -4.71657e-08
34.08 -1.72465e-07
34.1 1.67697e-07
34.12 1.76102e-07
34.14 -2.28829e-07
34.16 -5.3261e-07
34.18 -3.82608e-07
34.2 -6.31164e-09
34.22 1.14229e-07
34.24 -1.45784e-07
34.26 -4.32984e-07
34.28 -3.57875e-07
34.3 4.70383e-08
34.32 3.12265e-07
34.34 8.41245e-08
34.36 -2.64898e-07
34.38 3.86013e-08
34.4 9.35768e-07
34.42 1.37747e-06
34.44 9.19204e-07
34.46 4.0409e-07
34.48 5.69315e-07
34.5 8.75995e-07
34.52 4.34931e-07
34.54 -4.95724e-07
34.56 -8.6493e-07
34.58 -3.52923e-07
34.6 2.85372e-07
34.62 3.76088e-07
34.64 1.02824e-07
34.66 -2.79474e-08
34.68 5.70346e-08
34.7 3.25824e-08
34.72 -2.54304e-07
34.74 -5.63815e-07
34.76 -6.36816e-07
34.78 -4.63585e-07
34.8 -1.89708e-07
34.82 -1.83583e-08
34.84 4.28469e-08
34.86 2.39619e-07
34.88 4.99808e-07
34.9 4.71705e-07
34.92 3.18749e-07
34.94 5.10803e-07
34.96 9.54012e-07
34.98 1.11042e-06
35 7.19615e-07
35.02 1.44923e-07
35.04 6.53122e-09
35.06 2.82477e-07
35.08 2.30071e-07
35.1 -4.10315e-07
35.12 -9.08066e-07
35.14 -7.9132e-07
35.16 -6.35126e-07
35.18 -9.26333e-07
35.2 -1.17025e-06
35.22 -7.2057e-07
35.24 1.0631e-07
35.26 3.66391e-07
35.28 -1.51239e-07
35.3 -5.67427e-07
35.32 -1.31201e-07
35.34 5.78933e-07
35.36 4.13645e-07
35.38 -4.02385e-07
35.4 -4.66883e-07
35.42 5.23702e-07
35.44 1.26354e-06
35.46 7.8519e-07
35.48 -1.69886e-07
35.5 -2.70211e-07
35.52 3.32728e-07
35.54 3.14773e-07
35.56 -5.41497e-07
35.58 -1.12162e-06
35.6 -9.37293e-07
35.62 -6.85562e-07
35.64 -8.61847e-07
35.66 -1.02212e-06
35.68 -6.96075e-07
35.7 -2.60833e-07
35.72 -2.34633e-07
35.74 -4.48805e-07
35.76 -5.81674e-07
35.78 -4.28779e-07
35.8 2.64683e-07
35.82 9.84666e-07
35.84 5.98823e-07
35.86 -5.47675e-07
35.88 -7.80966e-07
35.9 1.86624e-08
35.92 2.76082e-07
35.94 -2.17569e-07
35.96 1.41788e-07
35.98 1.42174e-06
36 1.4032e-06
36.02 -3.68846e-07
36.04 -1.24554e-06
36.06 9.57678e-08
36.08 1.53358e-06
36.1 1.24467e-06
36.12 2.80638e-07
36.14 7.88367e-08
36.16 1.54411e-07
36.18 1.03818e-08
36.2 3.83241e-07
36.22 1.15283e-06
36.24 1.13195e-06
36.26 8.74544e-08
36.28 -1.06843e-06
36.3 -1.45148e-06
36.32 -1.10236e-06
36.34 -8.95377e-07
36.36 -1.10205e-06
36.38 -1.0108e-06
36.4 -3.21129e-07
36.42 4.642e-07
36.44 7.88093e-07
36.46 2.96072e-07
36.48 -5.38202e-07
36.5 -2.36209e-08
36.52 2.31791e-06
36.54 3.85566e-06
36.56 2.34947e-06
36.58 -1.26414e-07
36.6 -2.76597e-08
36.62 2.0444e-06
36.64 2.11108e-06
36.66 -5.29252e-07
36.68 -1.97023e-06
36.7 -7.01484e-07
36.72 -6.97284e-08
36.74 -1.54055e-06
36.76 -1.72594e-06
36.78 8.79635e-07
36.8 2.01035e-06
36.82 -1.01965e-06
36.84 -3.6479e-06
36.86 -1.46467e-06
36.88 2.02392e-06
36.9 9.08668e-07
36.92 -3.46907e-06
36.94 -4.53211e-06
36.96 -5.7552e-07
36.98 3.47719e-06
37 3.13297e-06
37.02 -4.70221e-07
37.04 -1.93201e-06
37.06 1.45552e-06
37.08 5.19995e-06
37.1 3.54538e-06
37.12 -1.4287e-06
37.14 -2.73409e-06
37.16 6.04355e-07
37.18 2.48824e-06
37.2 -3.9461e-07
37.22 -4.10327e-06
37.24 -4.34528e-06
37.26 -1.90006e-06
37.28 3.10645e-07
37.3 7.40941e-07
37.32 -3.83766e-07
37.34 -1.57308e-06
37.36 -1.58102e-06
37.38 -7.79508e-07
37.4 -3.90345e-07
37.42 -5.81819e-07
37.44 -3.98032e-07
37.46 4.28533e-07
37.48 1.15993e-06
37.5 1.25441e-06
37.52 8.34208e-07
37.54 4.85027e-07
37.56 9.64019e-07
37.58 2.23635e-06
37.6 2.80355e-06
37.62 1.50951e-06
37.64 -5.40894e-07
37.66 -1.38933e-06
37.68 -4.62161e-07
37.7 1.08368e-06
37.72 1.32375e-06
37.74 -2.24033e-07
37.76 -1.48994e-06
37.78 -6.15243e-07
37.8 1.10605e-06
37.82 7.04587e-07
37.84 -2.20252e-06
37.86 -4.12605e-06
37.88 -2.44144e-06
37.9 3.73987e-07
37.92 6.26332e-07
37.94 -9.501e-07
37.96 -1.23625e-06
37.98 1.58542e-07
38 1.06842e-06
38.02 4.66622e-07
38.04 -3.83989e-07
38.06 -9.3603e-08
38.08 8.03041e-07
38.1 8.03488e-07
38.12 -5.07492e-08
38.14 -4.53149e-07
38.16 7.35083e-08
38.18 8.45636e-07
38.2 1.12288e-06
38.22 1.06363e-06
38.24 1.14169e-06
38.26 9.6077e-07
38.28 -6.31478e-08
38.3 -1.34862e-06
38.32 -1.6306e-06
38.34 -6.37214e-07
38.36 3.38559e-07
38.38 -1.67075e-08
38.4 -1.02112e-06
38.42 -7.91024e-07
38.44 8.72666e-07
38.46 2.06387e-06
38.48 1.36481e-06
38.5 -3.00214e-07
38.52 -9.60657e-07
38.54 -2.7719e-07
38.56 2.4029e-07
38.58 -4.30043e-07
38.6 -1.52577e-06
38.62 -1.69989e-06
38.64 -8.49637e-07
38.66 -1.56626e-07
38.68 -3.15611e-07
38.7 -6.86904e-07
38.72 -4.52458e-07
38.74 2.90685e-07
38.76 8.31713e-07
38.78 7.86887e-07
38.8 4.82223e-07
38.82 3.71436e-07
38.84 3.27358e-07
38.86 -1.12885e-07
38.88 -8.21994e-07
38.9 -1.04868e-06
38.92 -6.52122e-07
38.94 -4.39377e-07
38.96 -7.44227e-07
38.98 -7.4862e-07
39 1.50361e-07
39.02 1.2336e-06
39.04 1.50421e-06
39.06 1.20202e-06
39.08 1.37611e-06
39.1 2.1839e-06
39.12 2.45952e-06
39.14 1.28468e-06
39.16 -5.10828e-07
39.18 -1.194e-06
39.2 -4.18369e-07
39.22 3.28331e-07
39.24 -1.21364e-07
39.26 -9.96931e-07
39.28 -8.52197e-07
39.3 1.84803e-07
39.32 5.89834e-07
39.34 -1.9705e-07
39.36 -1.0035e-06
39.38 -8.48519e-07
39.4 -2.41033e-07
39.42 -7.28551e-08
39.44 -3.68837e-07
39.46 -5.78214e-07
39.48 -3.94535e-07
39.5 1.19437e-08
39.52 3.45881e-07
39.54 4.77161e-07
39.56 4.0878e-07
39.58 2.29475e-07
39.6 1.83457e-07
39.62 5.7336e-07
39.64 1.26361e-06
39.66 1.60511e-06
39.68 1.27293e-06
39.7 8.10688e-07
39.72 8.20435e-07
39.74 9.26607e-07
39.76 4.18222e-07
39.78 -3.88892e-07
39.8 -6.14863e-07
39.82 -2.46324e-07
39.84 -2.07971e-08
39.86 -2.97591e-07
39.88 -6.66366e-07
39.9 -6.09159e-07
39.92 -2.11241e-07
39.94 9.02578e-08
39.96 1.37641e-07
39.98 2.41204e-08
40 -1.38173e-07
40.02 -1.9162e-07
40.04 -6.52339e-08
40.06 8.10936e-08
40.08 -1.53065e-08
40.1 -2.4554e-07
40.12 -6.40756e-08
40.14 5.21446e-07
40.16 7.13754e-07
40.18 2.77134e-07
40.2 -7.94143e-08
40.22 6.0935e-09
40.24 1.0314e-07
40.26 -1.75571e-07
40.28 -6.30076e-07
40.3 -7.56517e-07
40.32 -4.44184e-07
40.34 -1.55506e-07
40.36 -2.39645e-07
40.38 -4.48223e-07
40.4 -2.98106e-07
40.42 3.34807e-07
40.44 9.59465e-07
40.46 1.05409e-06
40.48 7.92508e-07
40.5 6.9159e-07
40.52 8.33064e-07
40.54 7.21371e-07
40.56 4.27562e-08
40.58 -4.82078e-07
40.6 -1.29827e-08
40.62 7.64471e-07
40.64 4.56159e-07
40.66 -9.3888e-07
40.68 -1.9117e-06
40.7 -1.41491e-06
40.72 -3.51453e-07
40.74 -3.3422e-07
40.76 -1.37805e-06
40.78 -1.99265e-06
40.8 -1.31931e-06
40.82 -7.71547e-08
40.84 5.56161e-07
40.86 3.9892e-07
40.88 2.35216e-07
40.9 3.85948e-07
40.92 4.10547e-07
40.94 2.72083e-07
40.96 3.77344e-07
40.98 6.94226e-07
41 8.6975e-07
41.02 7.29439e-07
41.04 3.44729e-07
41.06 8.23703e-08
41.08 1.85965e-07
41.1 3.47738e-07
41.12 2.50682e-07
41.14 -1.23509e-08
41.16 -2.26919e-07
41.18 -3.79456e-07
41.2 -6.08586e-07
41.22 -8.88127e-07
41.24 -9.68386e-07
41.26 -7.25847e-07
41.28 -4.81128e-07
41.3 -6.00219e-07
41.32 -8.00078e-07
41.34 -5.62094e-07
41.36 -4.5518e-08
41.38 1.90963e-07
41.4 5.18073e-08
41.42 1.14208e-08
41.44 4.53398e-07
41.46 1.07158e-06
41.48 1.2195e-06
41.5 8.073e-07
41.52 4.54243e-07
41.54 6.37495e-07
41.56 1.05143e-06
41.58 1.02929e-06
41.6 4.14855e-07
41.62 -1.84752e-07
41.64 -1.93213e-07
41.66 1.41273e-07
41.68 1.73607e-07
41.7 -2.12809e-07
41.72 -6.0256e-07
41.74 -7.66537e-07
41.76 -8.49199e-07
41.78 -9.30239e-07
41.8 -9.28209e-07
41.82 -7.48836e-07
41.84 -3.1801e-07
41.86 2.20753e-07
41.88 5.10444e-07
41.9 4.62154e-07
41.92 4.61252e-07
41.94 7.80368e-07
41.96 1.12691e-06
41.98 1.0913e-06
42 7.10515e-07
42.02 3.56606e-07
42.04 2.05172e-07
42.06 5.38392e-08
42.08 -2.38428e-07
42.1 -4.02197e-07
42.12 -1.66716e-07
42.14 2.31634e-07
42.16 3.39526e-07
42.18 7.17266e-08
42.2 -2.17294e-07
42.22 -1.89761e-07
42.24 7.31903e-09
42.26 -3.89006e-08
42.28 -4.00803e-07
42.3 -7.34911e-07
42.32 -7.80322e-07
42.34 -6.25106e-07
42.36 -4.06497e-07
42.38 -2.09036e-07
42.4 -1.08143e-07
42.42 3.0697e-08
42.44 2.87801e-07
42.46 4.25981e-07
42.48 3.21018e-07
42.5 1.65357e-07
42.52 2.07224e-07
42.54 4.49974e-07
42.56 6.12668e-07
42.58 4.98332e-07
42.6 2.76895e-07
42.62 2.7527e-07
42.64 4.816e-07
42.66 5.10338e-07
42.68 2.3097e-07
42.7 2.97246e-08
42.72 2.14611e-07
42.74 4.90876e-07
42.76 3.18248e-07
42.78 -2.43423e-07
42.8 -4.42602e-07
42.82 1.56732e-08
42.84 3.06698e-07
42.86 -2.40368e-07
42.88 -9.80471e-07
42.9 -9.4083e-07
42.92 -2.66208e-07
42.94 3.75254e-08
42.96 -4.77179e-07
42.98 -1.07132e-06
43 -8.33294e-07
43.02 4.83886e-08
43.04 5.47466e-07
43.06 2.40476e-07
43.08 -1.96178e-07
43.1 -2.67155e-08
43.12 5.70381e-07
43.14 8.14378e-07
43.16 4.79996e-07
43.18 1.89237e-07
43.2 3.52264e-07
43.22 5.50296e-07
43.24 3.0489e-07
43.26 -1.92106e-07
43.28 -4.15414e-07
43.3 -2.93031e-07
43.32 -3.01252e-07
43.34 -6.71013e-07
43.36 -1.01388e-06
43.38 -9.41639e-07
43.4 -6.14135e-07
43.42 -3.83335e-07
43.44 -2.48125e-07
43.46 -2.08165e-08
43.48 2.9994e-07
43.5 5.45579e-07
43.52 6.1065e-07
43.54 5.57068e-07
43.56 4.8376e-07
43.58 3.95644e-07
43.6 2.17967e-07
43.62 -2.22108e-08
43.64 -1.42771e-07
43.66 -6.04785e-08
43.68 3.96225e-08
43.7 -8.31352e-08
43.72 -3.4473e-07
43.74 -3.75295e-07
43.76 -1.30984e-07
43.78 -3.91176e-09
43.8 -9.7558e-08
43.82 -1.00306e-07
43.84 9.19299e-08
43.86 1.59536e-07
43.88 -1.30799e-07
43.9 -4.59978e-07
43.92 -3.79205e-07
43.94 -5.8958e-08
43.96 -8.82723e-08
43.98 -4.84233e-07
44 -6.07375e-07
44.02 -1.98249e-07
44.04 2.23907e-07
44.06 1.70973e-07
44.08 -1.54824e-07
44.1 -2.40688e-07
44.12 2.23995e-08
44.14 2.35448e-07
44.16 8.96038e-08
44.18 -2.30182e-07
44.2 -3.63297e-07
44.22 -2.75988e-07
44.24 -2.34253e-07
44.26 -3.71084e-07
44.28 -5.43813e-07
44.3 -5.63029e-07
44.32 -4.01713e-07
44.34 -1.71541e-07
44.36 -4.04623e-08
44.38 -7.47404e-08
44.4 -5.2274e-08
44.42 2.28434e-07
44.44 5.58682e-07
44.46 6.56022e-07
44.48 5.26528e-07
44.5 2.93761e-07
44.52 6.52783e-08
44.54 -7.2287e-08
44.56 -1.44264e-07
44.58 -2.502e-07
44.6 -4.049e-07
44.62 -4.95725e-07
44.64 -4.19642e-07
44.66 -2.39541e-07
44.68 -1.46227e-07
44.7 -2.14265e-07
44.72 -2.31761e-07
44.74 -3.45062e-08
44.76 1.93121e-07
44.78 2.16088e-07
44.8 4.75365e-08
44.82 -9.85454e-08
44.84 -2.54455e-08
44.86 2.17044e-07
44.88 3.69673e-07
44.9 2.69014e-07
44.92 4.82376e-08
44.94 -1.88997e-08
44.96 1.04606e-07
44.98 1.56133e-07
45 -3.8384e-08
45.02 -2.78359e-07
45.04 -2.40333e-07
45.06 6.04637e-08
45.08 2.54088e-07
45.1 8.53678e-08
45.12 -1.78824e-07
45.14 -1.20081e-07
45.16 1.47231e-07
45.18 1.60946e-07
45.2 -1.48107e-07
45.22 -2.92467e-07
45.24 8.2756e-08
45.26 6.32391e-07
45.28 7.63147e-07
45.3 4.1637e-07
45.32 1.48689e-07
45.34 3.60552e-07
45.36 5.90254e-07
45.38 2.34307e-07
45.4 -4.05099e-07
45.42 -5.07437e-07
45.44 1.05584e-07
45.46 5.3299e-07
45.48 6.05049e-08
45.5 -6.28316e-07
45.52 -5.08985e-07
45.54 1.68131e-07
45.56 2.98849e-07
45.58 -3.12509e-07
45.6 -6.77124e-07
45.62 -1.95689e-07
45.64 4.14607e-07
45.66 1.85514e-07
45.68 -5.89071e-07
45.7 -7.37247e-07
45.72 -1.11411e-08
45.74 5.03531e-07
45.76 5.62974e-09
45.78 -7.8095e-07
45.8 -6.16856e-07
45.82 3.66178e-07
45.84 8.0996e-07
45.86 2.04634e-07
45.88 -3.4803e-07
45.9 1.12118e-07
45.92 9.53934e-07
45.94 1.01725e-06
45.96 3.18255e-07
45.98 -1.87127e-07
46 -7.71853e-08
46.02 2.08645e-07
46.04 1.84095e-07
46.06 -9.71e-08
46.08 -2.35812e-07
46.1 -1.95906e-07
46.12 -2.50975e-07
46.14 -4.16924e-07
46.16 -5.08049e-07
46.18 -3.66044e-07
46.2 1.65759e-08
46.22 2.97524e-07
46.24 9.42753e-08
46.26 -2.65627e-07
46.28 -8.78988e-08
46.3 4.22141e-07
46.32 4.54362e-07
46.34 1.40666e-08
46.36 -1.80947e-07
46.38 1.45168e-07
46.4 4.82105e-07
46.42 2.95616e-07
46.44 -1.39211e-07
46.46 -1.3276e-07
46.48 2.59816e-07
46.5 3.17459e-07
46.52 -1.15519e-07
46.54 -4.07277e-07
46.56 -1.56327e-07
46.58 2.28443e-07
46.6 1.60611e-07
46.62 -2.40389e-07
46.64 -3.5455e-07
46.66 -3.60518e-08
46.68 1.7248e-07
46.7 -1.11249e-07
46.72 -4.74093e-07
46.74 -3.1557e-07
46.76 1.55926e-07
46.78 2.86167e-07
46.8 2.54324e-08
46.82 -8.00178e-08
46.84 2.43772e-07
46.86 4.42848e-07
46.88 1.32737e-09
46.9 -5.43286e-07
46.92 -4.29304e-07
46.94 1.85358e-07
46.96 5.02792e-07
46.98 1.53579e-07
47 -3.23015e-07
47.02 -2.83308e-07
47.04 1.46656e-07
47.06 3.34085e-07
47.08 -6.0591e-08
47.1 -5.71214e-07
47.12 -3.83614e-07
47.14 3.28516e-07
47.16 4.27874e-07
47.18 -3.51477e-07
47.2 -8.76835e-07
47.22 -3.35698e-07
47.24 5.18129e-07
47.26 4.73163e-07
47.28 -2.50283e-07
47.3 -3.24783e-07
47.32 5.7533e-07
47.34 1.30841e-06
47.36 1.05007e-06
47.38 3.82821e-07
47.4 1.98768e-07
47.42 3.17367e-07
47.44 -2.83172e-08
47.46 -6.41834e-07
47.48 -5.38619e-07
47.5 2.47473e-07
47.52 5.03517e-07
47.54 -1.27634e-07
47.56 -4.6818e-07
47.58 1.31635e-07
47.6 6.58487e-07
47.62 1.83189e-07
47.64 -6.43347e-07
47.66 -7.07075e-07
47.68 -1.27199e-07
47.7 9.75969e-08
47.72 -3.17833e-07
47.74 -5.50268e-07
47.76 -3.86017e-08
47.78 5.5702e-07
47.8 4.0284e-07
47.82 -1.99349e-07
47.84 -3.54545e-07
47.86 2.73047e-08
47.88 1.92192e-07
47.9 -2.12943e-07
47.92 -5.4453e-07
47.94 -2.55137e-07
47.96 1.5575e-07
47.98 3.4437e-08
48 -3.26136e-07
48.02 -2.1107e-07
48.04 3.34611e-07
48.06 5.01694e-07
48.08 -8.92396e-08
48.1 -7.30794e-07
48.12 -5.06849e-07
48.14 4.1221e-07
48.16 7.47895e-07
48.18 -9.95845e-08
48.2 -9.31748e-07
48.22 -5.45086e-07
48.24 3.87496e-07
48.26 4.86316e-07
48.28 -2.54076e-07
48.3 -5.74427e-07
48.32 1.98308e-07
48.34 1.03771e-06
48.36 6.98035e-07
48.38 -2.72941e-07
48.4 -3.82059e-07
48.42 4.83236e-07
48.44 9.5134e-07
48.46 3.23123e-07
48.48 -4.49453e-07
48.5 -3.54671e-07
48.52 2.37713e-07
48.54 2.47255e-07
48.56 -4.96259e-07
48.58 -9.44233e-07
48.6 -4.49667e-07
48.62 1.98218e-07
48.64 4.3885e-09
48.66 -6.484e-07
48.68 -5.31979e-07
48.7 4.01917e-07
48.72 8.37389e-07
48.74 1.75652e-07
48.76 -4.94596e-07
48.78 -8.38146e-08
48.8 7.42373e-07
48.82 6.56499e-07
48.84 -1.8276e-07
48.86 -4.64151e-07
48.88 1.96331e-07
48.9 7.27253e-07
48.92 3.11524e-07
48.94 -3.84338e-07
48.96 -3.10691e-07
48.98 3.61159e-07
49 5.66151e-07
49.02 8.14968e-09
49.04 -4.24545e-07
49.06 -7.64856e-08
49.08 4.8623e-07
49.1 3.92474e-07
49.12 -1.20424e-07
49.14 -1.10349e-07
49.16 4.8544e-07
49.18 7.35645e-07
49.2 1.67309e-07
49.22 -4.08325e-07
49.24 -1.3807e-07
49.26 4.05118e-07
49.28 1.92011e-07
49.3 -5.18808e-07
49.32 -6.52053e-07
49.34 -2.17979e-08
49.36 4.34106e-07
49.38 6.59162e-08
49.4 -5.10688e-07
49.42 -3.40835e-07
49.44 3.48356e-07
49.46 5.21766e-07
49.48 -2.59325e-08
49.5 -4.32449e-07
49.52 -1.66351e-07
49.54 2.09214e-07
49.56 6.81194e-08
49.58 -3.2592e-07
49.6 -4.2368e-07
49.62 -2.68306e-07
49.64 -3.27814e-07
49.66 -7.1237e-07
49.68 -9.38374e-07
49.7 -6.91794e-07
49.72 -3.3544e-07
49.74 -2.86567e-07
49.76 -3.84921e-07
49.78 -2.19351e-07
49.8 1.2866e-07
49.82 1.51487e-07
49.84 -1.97275e-07
49.86 -2.955e-07
49.88 1.7151e-07
49.9 6.10093e-07
49.92 3.81815e-07
49.94 -1.75925e-07
49.96 -2.88951e-07
49.98 5.55323e-08
50 1.94039e-07
50.02 -1.6536e-07
50.04 -5.18618e-07
50.06 -2.85705e-07
50.08 2.92508e-07
50.1 3.9567e-07
50.12 -1.57233e-07
50.14 -5.8798e-07
50.16 -3.4547e-07
50.18 1.55056e-07
50.2 2.2925e-07
50.22 -1.84307e-07
50.24 -5.10632e-07
50.26 -2.90485e-07
50.28 1.73058e-07
50.3 2.31259e-07
50.32 -9.51925e-08
50.34 -1.63059e-07
50.36 1.84634e-07
50.38 3.81402e-07
50.4 1.39055e-07
50.42 -1.08572e-07
50.44 6.96886e-08
50.46 4.422e-07
50.48 4.36823e-07
50.5 -1.97345e-08
50.52 -3.36805e-07
50.54 -9.57326e-08
50.56 3.55719e-07
50.58 4.13759e-07
50.6 8.95822e-08
50.62 -4.26858e-08
50.64 2.04997e-07
50.66 3.63214e-07
50.68 1.38439e-07
50.7 -1.10417e-07
50.72 8.73899e-10
50.74 2.61908e-07
50.76 2.15661e-07
50.78 -1.14861e-07
50.8 -2.43934e-07
50.82 -4.25943e-08
50.84 7.03763e-09
50.86 -3.2042e-07
50.88 -5.66103e-07
50.9 -3.8749e-07
50.92 -9.96861e-08
50.94 -1.19019e-07
50.96 -3.96345e-07
50.98 -5.57146e-07
51 -3.89706e-07
51.02 -1.08257e-07
51.04 -7.59282e-08
51.06 -2.69017e-07
51.08 -3.01104e-07
51.1 -7.4115e-08
51.12 8.50039e-08
51.14 -3.98488e-08
51.16 -2.86683e-07
51.18 -3.44551e-07
51.2 -1.2476e-07
51.22 9.33874e-08
51.24 3.13904e-08
51.26 -1.17132e-07
51.28 5.3092e-08
51.3 4.91477e-07
51.32 7.63423e-07
51.34 5.305e-07
51.36 -2.67312e-07
51.38 -1.18683e-06
51.4 -1.49336e-06
51.42 -9.04825e-07
51.44 1.81809e-07
51.46 1.01031e-06
51.48 9.15527e-07
51.5 8.61821e-08
51.52 -2.86994e-07
51.54 3.59445e-07
51.56 9.43902e-07
51.58 4.56421e-07
51.6 -5.15862e-07
51.62 -7.40552e-07
51.64 1.85566e-08
51.66 7.84151e-07
51.68 7.12793e-07
51.7 1.53229e-07
51.72 4.61136e-09
51.74 3.79967e-07
51.76 5.38217e-07
51.78 8.03258e-08
51.8 -5.22843e-07
51.82 -6.5948e-07
51.84 -2.98217e-07
51.86 1.02983e-07
51.88 1.33861e-07
51.9 -1.21059e-07
51.92 -2.18554e-07
51.94 3.14072e-08
51.96 3.3335e-07
51.98 3.5712e-07
52 1.8574e-07
52.02 1.0129e-07
52.04 1.16449e-07
52.06 2.10616e-08
52.08 -1.99075e-07
52.1 -2.66411e-07
52.12 -5.26925e-08
52.14 8.318e-08
52.16 -1.31668e-07
52.18 -3.05991e-07
52.2 1.28208e-08
52.22 5.62449e-07
52.24 6.84043e-07
52.26 2.75316e-07
52.28 -6.10336e-08
52.3 8.12314e-08
52.32 3.6074e-07
52.34 2.29923e-07
52.36 -2.46826e-07
52.38 -4.55222e-07
52.4 -1.53832e-07
52.42 1.48125e-07
52.44 3.65008e-09
52.46 -2.31735e-07
52.48 -2.22231e-08
52.5 3.84191e-07
52.52 3.42824e-07
52.54 -1.55932e-07
52.56 -4.55155e-07
52.58 -2.40796e-07
52.6 1.01139e-09
52.62 -1.6251e-07
52.64 -4.71581e-07
52.66 -4.54788e-07
52.68 -1.41159e-07
52.7 4.66717e-08
52.72 -3.38483e-08
52.74 -1.68274e-07
52.76 -1.79596e-07
52.78 -1.11691e-07
52.8 -1.15281e-07
52.82 -2.01367e-07
52.84 -2.23684e-07
52.86 -1.47927e-07
52.88 -1.29505e-07
52.9 -1.9532e-07
52.92 -1.39251e-07
52.94 5.64566e-08
52.96 7.85115e-08
52.98 -1.44035e-07
53 -2.32267e-07
53.02 2.03099e-08
53.04 2.90709e-07
53.06 2.22132e-07
53.08 -7.39918e-09
53.1 3.22435e-08
53.12 3.4111e-07
53.14 4.54234e-07
53.16 2.0805e-07
53.18 3.56703e-08
53.2 1.70589e-07
53.22 2.98485e-07
53.24 1.43813e-07
53.26 -1.15275e-07
53.28 -1.62686e-07
53.3 -3.54937e-08
53.32 -3.59393e-08
53.34 -2.65511e-07
53.36 -4.26187e-07
53.38 -2.52357e-07
53.4 9.05122e-09
53.42 -1.02514e-08
53.44 -1.91595e-07
53.46 -1.95363e-07
53.48 -2.68613e-08
53.5 4.69165e-08
53.52 -3.62345e-08
53.54 -7.04299e-08
53.56 3.98602e-08
53.58 1.26791e-07
53.6 3.14827e-08
53.62 -1.6319e-07
53.64 -2.54807e-07
53.66 -1.66018e-07
53.68 -4.88851e-08
53.7 -8.86714e-08
53.72 -1.69309e-07
53.74 -5.76523e-08
53.76 1.65423e-07
53.78 2.33375e-07
53.8 1.15672e-07
53.82 1.15789e-08
53.84 7.46946e-08
53.86 2.38311e-07
53.88 2.37546e-07
53.9 -1.60961e-08
53.92 -1.9403e-07
53.94 -2.51947e-08
53.96 2.3251e-07
53.98 1.95177e-07
54 -6.86822e-08
54.02 -1.73274e-07
54.04 2.11942e-08
54.06 2.39889e-07
54.08 2.1268e-07
54.1 2.97697e-08
54.12 1.27072e-08
54.14 2.09448e-07
54.16 2.68031e-07
54.18 5.05396e-08
54.2 -1.70904e-07
54.22 -2.31519e-07
54.24 -2.14513e-07
54.26 -2.17887e-07
54.28 -2.66863e-07
54.3 -2.65507e-07
54.32 -1.51815e-07
54.34 -6.47413e-08
54.36 -1.25841e-07
54.38 -2.42674e-07
54.4 -2.47762e-07
54.42 -1.15944e-07
54.44 4.01359e-08
54.46 1.23057e-07
54.48 1.30481e-07
54.5 1.20044e-07
54.52 1.53937e-07
54.54 2.09593e-07
54.56 1.822e-07
54.58 5.39137e-08
54.6 -3.90458e-08
54.62 3.94434e-08
54.64 1.91293e-07
54.66 1.82517e-07
54.68 -3.64998e-08
54.7 -2.72142e-07
54.72 -2.93819e-07
54.74 -1.57593e-07
54.76 -1.6218e-07
54.78 -3.48553e-07
54.8 -4.36303e-07
54.82 -3.05448e-07
54.84 -1.02643e-07
54.86 1.80018e-08
54.88 5.05737e-08
54.9 1.23504e-07
54.92 2.54649e-07
54.94 2.8962e-07
54.96 2.27423e-07
54.98 2.33265e-07
55 2.74526e-07
55.02 1.88549e-07
55.04 1.32014e-08
55.06 -5.35315e-08
55.08 1.80493e-08
55.1 5.86071e-08
55.12 1.48097e-08
55.14 -3.7335e-08
55.16 -4.32954e-08
55.18 -4.29947e-10
55.2 5.93086e-08
55.22 1.23515e-07
55.24 1.79859e-07
55.26 2.02839e-07
55.28 1.83523e-07
55.3 1.28692e-07
55.32 9.76765e-08
55.34 1.55596e-07
55.36 1.81635e-07
55.38 2.1716e-08
55.4 -1.60749e-07
55.42 -1.12255e-07
55.44 4.94019e-08
55.46 4.06909e-08
55.48 -1.25616e-07
55.5 -2.57732e-07
55.52 -2.48695e-07
55.54 -1.48229e-07
55.56 -8.84433e-08
55.58 -8.5988e-08
55.6 -8.07746e-08
55.62 -2.43174e-08
55.64 3.7367e-08
55.66 -5.92006e-08
55.68 -2.57909e-07
55.7 -2.47952e-07
55.72 2.45208e-08
55.74 2.13101e-07
55.76 7.52989e-08
55.78 -1.65219e-07
55.8 -1.31031e-07
55.82 1.62013e-07
55.84 2.97481e-07
55.86 1.09213e-07
55.88 2.29086e-08
55.9 3.76451e-07
55.92 6.87561e-07
55.94 1.30188e-07
55.96 -1.02608e-06
55.98 -1.37987e-06
56 -4.84457e-07
56.02 4.80953e-07
56.04 4.33712e-07
56.06 -3.16999e-07
56.08 -5.20549e-07
56.1 2.79892e-07
56.12 1.06405e-06
56.14 8.15832e-07
56.16 -1.33168e-07
56.18 -5.74104e-07
56.2 -1.14441e-07
56.22 3.06192e-07
56.24 -3.44484e-10
56.26 -4.65716e-07
56.28 -3.04623e-07
56.3 3.24336e-07
56.32 6.09314e-07
56.34 2.46491e-07
56.36 -1.41331e-07
56.38 -6.75897e-09
56.4 2.93997e-07
56.42 1.80918e-07
56.44 -1.44355e-07
56.46 -2.21768e-08
56.48 4.92413e-07
56.5 6.10579e-07
56.52 1.18726e-07
56.54 -2.27952e-07
56.56 8.91153e-08
56.58 5.3996e-07
56.6 3.2283e-07
56.62 -3.80008e-07
56.64 -6.14074e-07
56.66 -9.06081e-08
56.68 4.13237e-07
56.7 1.84009e-07
56.72 -4.08989e-07
56.74 -4.62109e-07
56.76 9.99458e-08
56.78 4.4e-07
56.8 9.99352e-08
56.82 -3.1513e-07
56.84 -1.43793e-07
56.86 3.12216e-07
56.88 3.90701e-07
56.9 -1.52912e-08
56.92 -3.92306e-07
56.94 -2.81019e-07
56.96 4.01973e-09
56.98 -1.28318e-07
57 -5.41058e-07
57.02 -5.87512e-07
57.04 -2.09013e-07
57.06 -4.38769e-08
57.08 -3.10799e-07
57.1 -3.98083e-07
57.12 2.11198e-08
57.14 3.3135e-07
57.16 3.3081e-08
57.18 -4.09768e-07
57.2 -2.87137e-07
57.22 2.4846e-07
57.24 3.63428e-07
57.26 -1.65223e-07
57.28 -5.63692e-07
57.3 -2.09434e-07
57.32 4.072e-07
57.34 3.8422e-07
57.36 -2.07393e-07
57.38 -3.9828e-07
57.4 1.59927e-07
57.42 6.35825e-07
57.44 3.34743e-07
57.46 -2.91262e-07
57.48 -3.8388e-07
57.5 9.83436e-08
57.52 4.18174e-07
57.54 1.47057e-07
57.56 -2.9833e-07
57.58 -2.85112e-07
57.6 1.35909e-07
57.62 3.55185e-07
57.64 1.12726e-07
57.66 -1.88641e-07
57.68 -1.18768e-07
57.7 1.53075e-07
57.72 1.68135e-07
57.74 -9.93955e-08
57.76 -2.39765e-07
57.78 -6.57732e-08
57.8 1.15143e-07
57.82 2.11058e-08
57.84 -1.59794e-07
57.86 -1.07617e-07
57.88 1.00521e-07
57.9 1.21572e-07
57.92 -8.19075e-08
57.94 -1.68589e-07
57.96 1.50432e-08
57.98 1.74156e-07
58 5.40728e-08
58.02 -1.53612e-07
58.04 -1.44856e-07
58.06 4.18537e-08
58.08 1.27898e-07
58.1 6.64408e-09
58.12 -1.19502e-07
58.14 -5.59524e-08
58.16 9.35007e-08
58.18 1.04577e-07
58.2 -2.30113e-08
58.22 -8.10814e-08
58.24 1.84909e-08
58.26 1.13198e-07
58.28 5.41939e-08
58.3 -6.27947e-08
58.32 -5.63957e-08
58.34 5.82865e-08
58.36 1.0184e-07
58.38 1.51412e-08
58.4 -5.66616e-08
58.42 -1.42934e-10
58.44 9.34851e-08
58.46 7.98092e-08
58.48 -1.64243e-08
58.5 -4.7953e-08
58.52 2.90585e-08
58.54 9.31262e-08
58.56 4.71053e-08
58.58 -3.35828e-08
58.6 -2.31971e-08
58.62 5.82907e-08
58.64 8.24677e-08
58.66 1.64763e-08
58.68 -3.20609e-08
58.7 9.79885e-09
58.72 7.17212e-08
58.74 5.80944e-08
58.76 -5.16678e-09
58.78 -1.83655e-08
58.8 3.54277e-08
58.82 7.00692e-08
58.84 3.41433e-08
58.86 -1.33782e-08
58.88 2.68884e-10
58.9 5.06594e-08
58.92 5.94252e-08
58.94 1.62192e-08
58.96 -1.01367e-08
58.98 1.91684e-08
59 5.63282e-08
59.02 4.4859e-08
59.04 5.45997e-09
59.06 -3.33108e-10
59.08 3.42052e-08
59.1 5.44193e-08
59.12 3.0892e-08
59.14 2.22395e-09
59.16 1.22144e-08
59.18 4.33681e-08
59.2 4.73867e-08
59.22 2.01591e-08
59.24 5.045e-09
59.26 2.42423e-08
59.28 4.66557e-08
59.3 3.83917e-08
59.32 1.41341e-08
59.34 1.17515e-08
59.36 3.35688e-08
59.38 4.52104e-08
59.4 2.99445e-08
59.42 1.27862e-08
59.44 1.99536e-08
59.46 3.9192e-08
59.48 4.08268e-08
59.5 2.37347e-08
59.52 1.515e-08
59.54 2.76569e-08
59.56 4.11524e-08
59.58 3.53717e-08
59.6 2.05027e-08
59.62 1.97859e-08
59.64 3.35496e-08
59.66 4.0231e-08
59.68 3.03904e-08
59.7 2.01663e-08
59.72 2.52077e-08
59.74 3.70745e-08
59.76 3.75757e-08
59.78 2.68883e-08
59.8 2.20754e-08
59.82 3.02003e-08
59.84 3.83176e-08
59.86 3.435e-08
59.88 2.5271e-08
59.9 2.53118e-08
59.92 3.3987e-08
59.94 3.78043e-08
59.96 3.1501e-08
59.98 8.10763e-09
