0.01 5.84603e-07
0.02 1.06033e-06
0.03 -1.35299e-06
0.04 -8.07805e-06
0.05 -1.72311e-05
0.06 -2.53738e-05
0.07 -3.09608e-05
0.08 -3.67169e-05
0.09 -4.72732e-05
0.1 -6.21724e-05
0.11 -7.13508e-05
0.12 -6.06609e-05
0.13 -2.45886e-05
0.14 2.64209e-05
0.15 7.17612e-05
0.16 9.36076e-05
0.17 8.56864e-05
0.18 5.32788e-05
0.19 8.74149e-06
0.2 -3.17893e-05
0.21 -5.17535e-05
0.22 -4.17388e-05
0.23 -7.43235e-06
0.24 3.13587e-05
0.25 5.26489e-05
0.26 4.60873e-05
0.27 1.81246e-05
0.28 -1.33216e-05
0.29 -2.96895e-05
0.3 -2.27499e-05
0.31 -9.8518e-07
0.32 1.37886e-05
0.33 8.94261e-07
0.34 -4.15486e-05
0.35 -8.98707e-05
0.36 -0.000107798
0.37 -7.22133e-05
0.38 8.05781e-06
0.39 9.63625e-05
0.4 0.000152276
0.41 0.000156074
0.42 0.000116189
0.43 5.90452e-05
0.44 1.27375e-05
0.45 -5.65642e-06
0.46 3.62839e-06
0.47 2.32124e-05
0.48 2.67004e-05
0.49 -5.3851e-06
0.5 -6.94332e-05
0.51 -0.000135641
0.52 -0.000164692
0.53 -0.000133943
0.54 -5.2994e-05
0.55 4.24636e-05
0.56 0.000111554
0.57 0.000128497
0.58 9.25922e-05
0.59 2.6462e-05
0.6 -3.56286e-05
0.61 -6.4682e-05
0.62 -5.09427e-05
0.63 -7.74556e-06
0.64 3.61428e-05
0.65 6.05301e-05
0.66 5.22461e-05
0.67 4.50811e-06
0.68 -6.08831e-05
0.69 -0.00010114
0.7 -8.45659e-05
0.71 -1.3577e-05
0.72 7.48966e-05
0.73 0.000132468
0.74 0.000130249
0.75 7.5466e-05
0.76 2.39321e-06
0.77 -5.28414e-05
0.78 -7.28165e-05
0.79 -6.24436e-05
0.8 -3.90758e-05
0.81 -1.9149e-05
0.82 -9.3688e-06
0.83 -6.23592e-06
0.84 -1.81845e-06
0.85 9.96404e-06
0.86 2.96097e-05
0.87 5.06164e-05
0.88 6.1779e-05
0.89 5.47318e-05
0.9 3.10045e-05
0.91 2.05671e-07
0.92 -2.85965e-05
0.93 -5.1488e-05
0.94 -6.60784e-05
0.95 -6.74313e-05
0.96 -5.11497e-05
0.97 -1.97722e-05
0.98 1.64322e-05
0.99 4.51794e-05
1 5.77005e-05
1.01 5.05571e-05
1.02 2.57014e-05
1.03 -9.47822e-06
1.04 -4.24238e-05
1.05 -5.7937e-05
1.06 -4.53434e-05
1.07 -7.85416e-06
1.08 3.45299e-05
1.09 5.52666e-05
1.1 4.01424e-05
1.11 -7.24446e-08
1.12 -3.53435e-05
1.13 -3.76462e-05
1.14 -1.59827e-06
1.15 5.11871e-05
1.16 8.64777e-05
1.17 8.00584e-05
1.18 3.42397e-05
1.19 -2.26122e-05
1.2 -5.48495e-05
1.21 -4.46799e-05
1.22 -5.17311e-06
1.23 2.91581e-05
1.24 2.74233e-05
1.25 -1.553e-05
1.26 -7.53844e-05
1.27 -0.000114093
1.28 -0.000103317
1.29 -4.06148e-05
1.3 5.00091e-05
1.31 0.000130889
1.32 0.000167805
1.33 0.000143894
1.34 6.74772e-05
1.35 -2.85637e-05
1.36 -9.93671e-05
1.37 -0.000111522
1.38 -6.51888e-05
1.39 3.30197e-06
1.4 4.49159e-05
1.41 3.21038e-05
1.42 -2.16742e-05
1.43 -7.14384e-05
1.44 -7.29025e-05
1.45 -1.5506e-05
1.46 6.78488e-05
1.47 0.000122681
1.48 0.000111059
1.49 3.85944e-05
1.5 -4.89145e-05
1.51 -9.65716e-05
1.52 -7.68491e-05
1.53 -5.86666e-06
1.54 7.01456e-05
1.55 0.000105554
1.56 8.09238e-05
1.57 9.60853e-06
1.58 -7.36155e-05
1.59 -0.000131163
1.6 -0.000137814
1.61 -8.82852e-05
1.62 1.45419e-06
1.63 9.75192e-05
1.64 0.000158167
1.65 0.000152407
1.66 7.96847e-05
1.67 -2.47389e-05
1.68 -0.000107526
1.69 -0.000128442
1.7 -8.30413e-05
1.71 -2.78352e-06
1.72 6.44745e-05
1.73 8.17041e-05
1.74 4.41912e-05
1.75 -1.68563e-05
1.76 -5.33135e-05
1.77 -3.23489e-05
1.78 3.85355e-05
1.79 0.000111996
1.8 0.000130539
1.81 6.79999e-05
1.82 -4.78937e-05
1.83 -0.000151548
1.84 -0.000182815
1.85 -0.000124659
1.86 -1.05602e-05
1.87 9.8199e-05
1.88 0.000147486
1.89 0.000117147
1.9 2.82532e-05
1.91 -6.93039e-05
1.92 -0.000122421
1.93 -0.000102927
1.94 -2.35699e-05
1.95 6.94526e-05
1.96 0.000124698
1.97 0.000116359
1.98 5.70207e-05
1.99 -1.38038e-05
2 -5.40692e-05
2.01 -4.21563e-05
2.02 1.06019e-05
2.03 6.4444e-05
2.04 7.4445e-05
2.05 2.10376e-05
2.06 -7.39736e-05
2.07 -0.000159859
2.08 -0.000189192
2.09 -0.000145456
2.1 -4.83083e-05
2.11 6.13106e-05
2.12 0.000140957
2.13 0.000160162
2.14 0.000109283
2.15 7.90445e-06
2.16 -9.4483e-05
2.17 -0.000138105
2.18 -8.96984e-05
2.19 2.89773e-05
2.2 0.000147779
2.21 0.000190801
2.22 0.000126106
2.23 -1.17506e-05
2.24 -0.000140954
2.25 -0.000181693
2.26 -0.000106885
2.27 3.62137e-05
2.28 0.000150556
2.29 0.000150241
2.3 2.09398e-05
2.31 -0.000163047
2.32 -0.000282096
2.33 -0.000249245
2.34 -6.99469e-05
2.35 0.000157868
2.36 0.000303328
2.37 0.000282315
2.38 0.00010748
2.39 -0.000120027
2.4 -0.000270439
2.41 -0.000260815
2.42 -0.000101099
2.43 0.000115286
2.44 0.000267616
2.45 0.000276069
2.46 0.000143609
2.47 -5.0458e-05
2.48 -0.000199608
2.49 -0.000231068
2.5 -0.000142362
2.51 4.45041e-06
2.52 0.000122827
2.53 0.000151193
2.54 8.48603e-05
2.55 -2.60561e-05
2.56 -0.000110891
2.57 -0.000122526
2.58 -6.12125e-05
2.59 3.43334e-05
2.6 0.000113947
2.61 0.000139378
2.62 9.6518e-05
2.63 3.98092e-07
2.64 -0.000106785
2.65 -0.000170677
2.66 -0.000152761
2.67 -5.55139e-05
2.68 7.46888e-05
2.69 0.000170253
2.7 0.000177908
2.71 8.9195e-05
2.72 -5.11979e-05
2.73 -0.000168026
2.74 -0.000199026
2.75 -0.000131949
2.76 -1.02509e-05
2.77 9.35939e-05
2.78 0.000117775
2.79 4.47849e-05
2.8 -8.37849e-05
2.81 -0.000183053
2.82 -0.00017237
2.83 -3.02127e-05
2.84 0.000183125
2.85 0.000355956
2.86 0.000389802
2.87 0.00025603
2.88 1.26976e-05
2.89 -0.000224967
2.9 -0.000344298
2.91 -0.000294984
2.92 -0.000117133
2.93 8.10502e-05
2.94 0.000185532
2.95 0.000140896
2.96 -2.05092e-05
2.97 -0.000197574
2.98 -0.000275648
2.99 -0.000191546
3 2.55552e-05
3.01 0.000264791
3.02 0.000395409
3.03 0.00034411
3.04 0.000138878
3.05 -0.000108166
3.06 -0.000265931
3.07 -0.000257415
3.08 -0.000101207
3.09 0.000100123
3.1 0.000220524
3.11 0.000186133
3.12 1.81525e-05
3.13 -0.000184618
3.14 -0.000308666
3.15 -0.000290546
3.16 -0.000146831
3.17 4.06142e-05
3.18 0.000171989
3.19 0.000185442
3.2 9.14321e-05
3.21 -3.63878e-05
3.22 -0.000108602
3.23 -7.39926e-05
3.24 5.26496e-05
3.25 0.00020049
3.26 0.000282253
3.27 0.000243325
3.28 9.28357e-05
3.29 -0.000102925
3.3 -0.000258136
3.31 -0.000309038
3.32 -0.000239331
3.33 -8.71597e-05
3.34 6.73769e-05
3.35 0.000140086
3.36 9.51427e-05
3.37 -2.47455e-05
3.38 -0.000122202
3.39 -0.00011224
3.4 1.6689e-05
3.41 0.000192828
3.42 0.000308253
3.43 0.000289293
3.44 0.000143138
3.45 -4.85422e-05
3.46 -0.000183021
3.47 -0.000200424
3.48 -0.00011612
3.49 -3.28387e-06
3.5 5.89206e-05
3.51 3.58993e-05
3.52 -4.43606e-05
3.53 -0.000114647
3.54 -0.0001166
3.55 -4.11652e-05
3.56 6.59593e-05
3.57 0.000136261
3.58 0.000123723
3.59 3.32101e-05
3.6 -8.28259e-05
3.61 -0.000153985
3.62 -0.000131942
3.63 -2.14547e-05
3.64 0.000117366
3.65 0.00020275
3.66 0.000181797
3.67 6.2761e-05
3.68 -9.23673e-05
3.69 -0.000206129
3.7 -0.000226945
3.71 -0.000151231
3.72 -2.15007e-05
3.73 9.41541e-05
3.74 0.000134506
3.75 7.88582e-05
3.76 -3.59228e-05
3.77 -0.00013108
3.78 -0.000131659
3.79 -1.61915e-05
3.8 0.000162257
3.81 0.000301223
3.82 0.000310004
3.83 0.000170553
3.84 -4.40722e-05
3.85 -0.000211357
3.86 -0.000236236
3.87 -0.000111362
3.88 7.84906e-05
3.89 0.000207699
3.9 0.000184585
3.91 8.88767e-06
3.92 -0.000221719
3.93 -0.000367068
3.94 -0.000332348
3.95 -0.000130043
3.96 0.000126239
3.97 0.000290116
3.98 0.000268156
3.99 7.28491e-05
4 -0.000184281
4.01 -0.000354007
4.02 -0.000333157
4.03 -0.000125231
4.04 0.000158922
4.05 0.000362628
4.06 0.000371775
4.07 0.000180576
4.08 -0.000101791
4.09 -0.000309942
4.1 -0.000317041
4.11 -0.000111455
4.12 0.000193256
4.13 0.000424001
4.14 0.000449768
4.15 0.000256822
4.16 -4.60328e-05
4.17 -0.000293069
4.18 -0.000358499
4.19 -0.000227672
4.2 -1.0152e-06
4.21 0.000172487
4.22 0.000190275
4.23 5.72455e-05
4.24 -0.000125961
4.25 -0.000234858
4.26 -0.000202187
4.27 -5.75514e-05
4.28 9.60999e-05
4.29 0.000153317
4.3 7.85504e-05
4.31 -6.99905e-05
4.32 -0.000182537
4.33 -0.000174027
4.34 -3.86917e-05
4.35 0.000151721
4.36 0.000296585
4.37 0.000323645
4.38 0.000222059
4.39 4.11593e-05
4.4 -0.000138645
4.41 -0.000246973
4.42 -0.000254548
4.43 -0.000177467
4.44 -5.70856e-05
4.45 6.48807e-05
4.46 0.000159382
4.47 0.00021005
4.48 0.000207431
4.49 0.000145916
4.5 3.00373e-05
4.51 -0.000113404
4.52 -0.000233314
4.53 -0.000274939
4.54 -0.000214913
4.55 -8.39509e-05
4.56 4.55729e-05
4.57 0.000102893
4.58 6.39336e-05
4.59 -3.18499e-05
4.6 -0.000105836
4.61 -9.49464e-05
4.62 -1.57978e-06
4.63 0.000102444
4.64 0.00012874
4.65 4.41755e-05
4.66 -9.67833e-05
4.67 -0.000187234
4.68 -0.000145095
4.69 2.3931e-05
4.7 0.000222915
4.71 0.000323327
4.72 0.000248712
4.73 2.76636e-05
4.74 -0.000219133
4.75 -0.000350821
4.76 -0.000291895
4.77 -7.659e-05
4.78 0.000175737
4.79 0.000335909
4.8 0.000340553
4.81 0.000221291
4.82 7.26077e-05
4.83 -1.76116e-05
4.84 -2.66436e-05
4.85 -3.00882e-06
4.86 -1.69904e-05
4.87 -9.6731e-05
4.88 -0.000201206
4.89 -0.000249372
4.9 -0.000181925
4.91 -1.04527e-05
4.92 0.000181622
4.93 0.00028844
4.94 0.000247149
4.95 7.4879e-05
4.96 -0.000142993
4.97 -0.000300439
4.98 -0.000325589
4.99 -0.000216485
5 -3.99303e-05
5.01 0.000109433
5.02 0.000166491
5.03 0.000129733
5.04 4.96488e-05
5.05 -1.39019e-05
5.06 -3.02732e-05
5.07 -8.72245e-06
5.08 1.79005e-05
5.09 2.0579e-05
5.1 -5.72803e-06
5.11 -4.09801e-05
5.12 -5.5695e-05
5.13 -3.0859e-05
5.14 2.97703e-05
5.15 0.000101194
5.16 0.000151611
5.17 0.000160662
5.18 0.000129302
5.19 7.58557e-05
5.2 2.23411e-05
5.21 -2.0008e-05
5.22 -5.54507e-05
5.23 -9.22404e-05
5.24 -0.000124124
5.25 -0.000127912
5.26 -8.74516e-05
5.27 -2.12476e-05
5.28 2.09196e-05
5.29 -1.68948e-06
5.3 -7.79403e-05
5.31 -0.000143729
5.32 -0.000131934
5.33 -3.26415e-05
5.34 9.23311e-05
5.35 0.000157514
5.36 0.000124502
5.37 3.44218e-05
5.38 -2.65969e-05
5.39 -1.84287e-09
5.4 9.68395e-05
5.41 0.000185305
5.42 0.000186741
5.43 8.0688e-05
5.44 -7.99166e-05
5.45 -0.000203227
5.46 -0.000218103
5.47 -0.000120082
5.48 2.63439e-05
5.49 0.000130444
5.5 0.000133185
5.51 4.11602e-05
5.52 -8.35366e-05
5.53 -0.000165806
5.54 -0.000161589
5.55 -7.86093e-05
5.56 3.18468e-05
5.57 0.000105007
5.58 0.000101772
5.59 3.67407e-05
5.6 -2.68365e-05
5.61 -1.92393e-05
5.62 8.1359e-05
5.63 0.000222018
5.64 0.000302152
5.65 0.000243827
5.66 5.5795e-05
5.67 -0.000161431
5.68 -0.0002786
5.69 -0.000224389
5.7 -3.52079e-05
5.71 0.000163802
5.72 0.000234941
5.73 0.000116391
5.74 -0.000133017
5.75 -0.000365695
5.76 -0.00043586
5.77 -0.00029075
5.78 -6.95506e-06
5.79 0.000249872
5.8 0.000322499
5.81 0.000163017
5.82 -0.000127438
5.83 -0.000353817
5.84 -0.000348558
5.85 -8.31221e-05
5.86 0.000303603
5.87 0.000584184
5.88 0.000584512
5.89 0.000296047
5.9 -0.000117609
5.91 -0.000422414
5.92 -0.000453736
5.93 -0.000209175
5.94 0.000149322
5.95 0.000382382
5.96 0.000311075
5.97 -6.58088e-05
5.98 -0.000551826
5.99 -0.00085726
6 -0.000770884
6.01 -0.000294851
6.02 0.000341648
6.03 0.000807409
6.04 0.000865634
6.05 0.000518952
6.06 8.03426e-06
6.07 -0.000338795
6.08 -0.00030762
6.09 7.13253e-05
6.1 0.000541362
6.11 0.000774771
6.12 0.000572454
6.13 -9.69847e-06
6.14 -0.000683255
6.15 -0.00109289
6.16 -0.00103308
6.17 -0.000579706
6.18 -4.28725e-05
6.19 0.000235726
6.2 0.000107183
6.21 -0.000289579
6.22 -0.000620351
6.23 -0.000570322
6.24 -4.77355e-05
6.25 0.000743878
6.26 0.00140827
6.27 0.00157898
6.28 0.00113446
6.29 0.000283605
6.3 -0.000539366
6.31 -0.000922384
6.32 -0.000713571
6.33 -0.000102235
6.34 0.000502966
6.35 0.000720042
6.36 0.00041415
6.37 -0.000234995
6.38 -0.000852231
6.39 -0.00109537
6.4 -0.000852151
6.41 -0.000289911
6.42 0.000264595
6.43 0.000527889
6.44 0.000411444
6.45 4.24614e-05
6.46 -0.000330405
6.47 -0.000472964
6.48 -0.000275954
6.49 0.000193838
6.5 0.000717659
6.51 0.00102537
6.52 0.000937182
6.53 0.000472361
6.54 -0.000147642
6.55 -0.00061684
6.56 -0.000718958
6.57 -0.00045174
6.58 -2.2122e-05
6.59 0.000283512
6.6 0.000268897
6.61 -6.40726e-05
6.62 -0.000521178
6.63 -0.000822537
6.64 -0.000753301
6.65 -0.000286713
6.66 0.000383615
6.67 0.000931714
6.68 0.00107585
6.69 0.000748642
6.7 0.000149154
6.71 -0.00037148
6.72 -0.000525128
6.73 -0.000261241
6.74 0.00021108
6.75 0.000560483
6.76 0.000538516
6.77 0.000127273
6.78 -0.000455798
6.79 -0.00089298
6.8 -0.000951637
6.81 -0.000606601
6.82 -3.90323e-05
6.83 0.000470683
6.84 0.00068982
6.85 0.000548235
6.86 0.000170852
6.87 -0.000189578
6.88 -0.000293112
6.89 -5.58363e-05
6.9 0.000388607
6.91 0.000755859
6.92 0.000778316
6.93 0.000377125
6.94 -0.000271426
6.95 -0.000826522
6.96 -0.000982248
6.97 -0.000654241
6.98 -3.58822e-05
6.99 0.000513681
7 0.000682912
7.01 0.000393223
7.02 -0.000157077
7.03 -0.000618647
7.04 -0.000707711
7.05 -0.000373914
7.06 0.000183295
7.07 0.000645967
7.08 0.00076373
7.09 0.000489336
7.1 1.85621e-06
7.11 -0.000391875
7.12 -0.000434748
7.13 -8.38965e-05
7.14 0.000444264
7.15 0.000794537
7.16 0.000691834
7.17 0.000119033
7.18 -0.000658423
7.19 -0.00123443
7.2 -0.00128574
7.21 -0.000751384
7.22 0.000122671
7.23 0.000903246
7.24 0.00120057
7.25 0.000883276
7.26 0.000154181
7.27 -0.00056154
7.28 -0.000856254
7.29 -0.000572674
7.3 0.000102337
7.31 0.000741943
7.32 0.000932229
7.33 0.00053006
7.34 -0.000236528
7.35 -0.000900466
7.36 -0.00104554
7.37 -0.000571063
7.38 0.00023931
7.39 0.000891445
7.4 0.000989121
7.41 0.000482254
7.42 -0.000302425
7.43 -0.000869005
7.44 -0.000864702
7.45 -0.000294243
7.46 0.000496156
7.47 0.00104046
7.48 0.00102831
7.49 0.000469946
7.5 -0.000325988
7.51 -0.000928756
7.52 -0.00101683
7.53 -0.000552616
7.54 0.000187686
7.55 0.000760441
7.56 0.000812867
7.57 0.000303726
7.58 -0.000460943
7.59 -0.00101143
7.6 -0.00100396
7.61 -0.000434512
7.62 0.000354229
7.63 0.000879678
7.64 0.000816215
7.65 0.000198557
7.66 -0.000597809
7.67 -0.00108722
7.68 -0.0009665
7.69 -0.000286088
7.7 0.000594515
7.71 0.00122137
7.72 0.00129388
7.73 0.000811801
7.74 5.95418e-05
7.75 -0.000552672
7.76 -0.000709707
7.77 -0.000362238
7.78 0.000248384
7.79 0.000732673
7.8 0.00078167
7.81 0.000343102
7.82 -0.000353899
7.83 -0.000929764
7.84 -0.00106654
7.85 -0.000689852
7.86 -1.72445e-05
7.87 0.000569697
7.88 0.000750856
7.89 0.000455409
7.9 -0.000102734
7.91 -0.000565339
7.92 -0.00064556
7.93 -0.000288251
7.94 0.000304072
7.95 0.000787739
7.96 0.000874521
7.97 0.000500928
7.98 -0.000129066
7.99 -0.000660624
8 -0.000800144
8.01 -0.000493999
8.02 3.84628e-05
8.03 0.000441524
8.04 0.000448394
8.05 5.62809e-05
8.06 -0.000463312
8.07 -0.000734756
8.08 -0.000524726
8.09 9.70188e-05
8.1 0.000790852
8.11 0.00115278
8.12 0.000960991
8.13 0.000314219
8.14 -0.000419447
8.15 -0.000818084
8.16 -0.000663647
8.17 -8.32949e-05
8.18 0.000524301
8.19 0.000740757
8.2 0.000397445
8.21 -0.000313032
8.22 -0.000953521
8.23 -0.00111156
8.24 -0.000654651
8.25 0.000184107
8.26 0.000941926
8.27 0.00120013
8.28 0.000831772
8.29 7.71793e-05
8.3 -0.000599466
8.31 -0.000789991
8.32 -0.000389675
8.33 0.000339802
8.34 0.00093011
8.35 0.000989635
8.36 0.000438736
8.37 -0.000440714
8.38 -0.00116677
8.39 -0.00133468
8.4 -0.000851718
8.41 2.94609e-06
8.42 0.0007377
8.43 0.000938125
8.44 0.000509316
8.45 -0.000272967
8.46 -0.00092718
8.47 -0.00104524
8.48 -0.000526293
8.49 0.000363807
8.5 0.00114208
8.51 0.00138509
8.52 0.000974345
8.53 0.000164717
8.54 -0.000568423
8.55 -0.000813226
8.56 -0.000463755
8.57 0.000224112
8.58 0.00079342
8.59 0.000866243
8.6 0.000375272
8.61 -0.000396257
8.62 -0.000995067
8.63 -0.00108287
8.64 -0.000638028
8.65 5.18458e-05
8.66 0.000585505
8.67 0.000693408
8.68 0.000381029
8.69 -0.000100592
8.7 -0.000420714
8.71 -0.000365668
8.72 4.19343e-05
8.73 0.000561951
8.74 0.000880926
8.75 0.00079817
8.76 0.000343585
8.77 -0.000241098
8.78 -0.000644454
8.79 -0.000667219
8.8 -0.000336669
8.81 0.00011664
8.82 0.000405266
8.83 0.000359011
8.84 1.71448e-05
8.85 -0.000410478
8.86 -0.000675226
8.87 -0.000627903
8.88 -0.000288931
8.89 0.000172849
8.9 0.000528622
8.91 0.000603465
8.92 0.000368877
8.93 -3.38488e-05
8.94 -0.000364379
8.95 -0.000419036
8.96 -0.000154302
8.97 0.000278854
8.98 0.000616145
8.99 0.000632792
9 0.000279704
9.01 -0.000278604
9.02 -0.000752538
9.03 -0.000893759
9.04 -0.000638686
9.05 -0.000142199
9.06 0.000314911
9.07 0.000485771
9.08 0.000292575
9.09 -0.000134523
9.1 -0.00053103
9.11 -0.000642558
9.12 -0.000367174
9.13 0.000178224
9.14 0.000712781
9.15 0.000948278
9.16 0.000757816
9.17 0.000250971
9.18 -0.000292061
9.19 -0.000584464
9.2 -0.000492922
9.21 -0.000101431
9.22 0.000349334
9.23 0.000603388
9.24 0.000528667
9.25 0.000178986
9.26 -0.000250219
9.27 -0.000538533
9.28 -0.000556255
9.29 -0.000318704
9.3 3.4246e-05
9.31 0.000310428
9.32 0.000359532
9.33 0.000157272
9.34 -0.000165502
9.35 -0.000385299
9.36 -0.000322338
9.37 3.00457e-05
9.38 0.000477506
9.39 0.000733142
9.4 0.000599391
9.41 0.000101222
9.42 -0.000519595
9.43 -0.00094189
9.44 -0.000943939
9.45 -0.000521804
9.46 0.000107309
9.47 0.000612589
9.48 0.000719247
9.49 0.000361474
9.5 -0.000265835
9.51 -0.000800209
9.52 -0.000911503
9.53 -0.000499384
9.54 0.000231924
9.55 0.000879055
9.56 0.00107425
9.57 0.000711686
9.58 2.17741e-05
9.59 -0.000565609
9.6 -0.000686673
9.61 -0.000276949
9.62 0.000380283
9.63 0.000835776
9.64 0.000764832
9.65 0.000173599
9.66 -0.000603792
9.67 -0.00110533
9.68 -0.00101515
9.69 -0.00035635
9.7 0.000509071
9.71 0.00108393
9.72 0.00103223
9.73 0.000388415
9.74 -0.000458717
9.75 -0.00100472
9.76 -0.000938693
9.77 -0.000326218
9.78 0.00044381
9.79 0.000906114
9.8 0.000801246
9.81 0.000222751
9.82 -0.000453233
9.83 -0.000807814
9.84 -0.000638323
9.85 -7.56274e-05
9.86 0.000509094
9.87 0.000742338
9.88 0.000477824
9.89 -0.000120291
9.9 -0.000681032
9.91 -0.000848391
9.92 -0.000493736
9.93 0.000200162
9.94 0.000838499
9.95 0.00104924
9.96 0.00071309
9.97 3.8599e-05
9.98 -0.00057163
9.99 -0.000775125
10 -0.000492974
10.01 6.31043e-05
10.02 0.000537758
10.03 0.000648147
10.04 0.000343055
10.05 -0.00017753
10.06 -0.000589267
10.07 -0.000642372
10.08 -0.000312376
10.09 0.000191148
10.1 0.000560815
10.11 0.000579929
10.12 0.000244911
10.13 -0.000242485
10.14 -0.000597064
10.15 -0.000611434
10.16 -0.000267502
10.17 0.000258393
10.18 0.000692677
10.19 0.00080693
10.2 0.000533802
10.21 3.1997e-06
10.22 -0.000522718
10.23 -0.00078917
10.24 -0.000689864
10.25 -0.000323631
10.26 7.31028e-05
10.27 0.000274085
10.28 0.000195138
10.29 -6.92252e-05
10.3 -0.000318391
10.31 -0.000373845
10.32 -0.000181142
10.33 0.000170663
10.34 0.000509789
10.35 0.00067397
10.36 0.000584229
10.37 0.000277459
10.38 -0.000106574
10.39 -0.000383517
10.4 -0.000413853
10.41 -0.00018418
10.42 0.0001706
10.43 0.000432358
10.44 0.000426739
10.45 0.000137307
10.46 -0.000272882
10.47 -0.00055754
10.48 -0.000543555
10.49 -0.000242834
10.5 0.000156639
10.51 0.000412809
10.52 0.000379774
10.53 8.93993e-05
10.54 -0.000277399
10.55 -0.00050061
10.56 -0.000444571
10.57 -0.000130608
10.58 0.00027595
10.59 0.00055731
10.6 0.000563441
10.61 0.000294272
10.62 -9.83734e-05
10.63 -0.000388761
10.64 -0.000399017
10.65 -0.000105285
10.66 0.000333846
10.67 0.000657416
10.68 0.000656736
10.69 0.000309863
10.7 -0.000197897
10.71 -0.000583805
10.72 -0.000632935
10.73 -0.000316984
10.74 0.000191386
10.75 0.000607794
10.76 0.000687355
10.77 0.000368132
10.78 -0.000175257
10.79 -0.000617414
10.8 -0.000671869
10.81 -0.000270882
10.82 0.000380655
10.83 0.000915401
10.84 0.00101398
10.85 0.0005934
10.86 -0.000136019
10.87 -0.000783957
10.88 -0.00100338
10.89 -0.00069306
10.9 -5.55023e-05
10.91 0.000528618
10.92 0.000733503
10.93 0.000481614
10.94 -2.32429e-05
10.95 -0.000436086
10.96 -0.000486639
10.97 -0.00013604
10.98 0.000411117
10.99 0.000835277
11 0.000890868
11.01 0.000547525
11.02 4.48417e-06
11.03 -0.000429784
11.04 -0.00052114
11.05 -0.000247355
11.06 0.000193236
11.07 0.000507593
11.08 0.000489328
11.09 0.000143111
11.1 -0.000322185
11.11 -0.000624262
11.12 -0.000580664
11.13 -0.000219844
11.14 0.00023698
11.15 0.000512613
11.16 0.00044503
11.17 8.81438e-05
11.18 -0.000318281
11.19 -0.000494025
11.2 -0.000295617
11.21 0.00018343
11.22 0.000657901
11.23 0.000820131
11.24 0.000532781
11.25 -7.28981e-05
11.26 -0.000661366
11.27 -0.000891658
11.28 -0.000633033
11.29 -5.73827e-05
11.3 0.00046089
11.31 0.000581872
11.32 0.000223404
11.33 -0.000378035
11.34 -0.00081696
11.35 -0.000786747
11.36 -0.000286934
11.37 0.000373689
11.38 0.000784792
11.39 0.000710338
11.4 0.000239505
11.41 -0.000287327
11.42 -0.000517153
11.43 -0.000318567
11.44 0.000144508
11.45 0.000538273
11.46 0.000585952
11.47 0.000240577
11.48 -0.000298851
11.49 -0.00072144
11.5 -0.000795278
11.51 -0.000500492
11.52 -3.18326e-05
11.53 0.000325272
11.54 0.00036773
11.55 9.07072e-05
11.56 -0.000321415
11.57 -0.000615705
11.58 -0.000621906
11.59 -0.000343373
11.6 5.72781e-05
11.61 0.000360604
11.62 0.000419215
11.63 0.000239053
11.64 -3.52695e-05
11.65 -0.000219347
11.66 -0.000204393
11.67 -1.81853e-05
11.68 0.000197221
11.69 0.000274587
11.7 0.000131432
11.71 -0.000163707
11.72 -0.000422582
11.73 -0.000460082
11.74 -0.000227565
11.75 0.000143694
11.76 0.000423556
11.77 0.00043084
11.78 0.000149415
11.79 -0.000258488
11.8 -0.000548632
11.81 -0.000543023
11.82 -0.000240825
11.83 0.000177072
11.84 0.000457004
11.85 0.000431603
11.86 0.000129704
11.87 -0.000236954
11.88 -0.000407978
11.89 -0.000245691
11.9 0.000169549
11.91 0.000585051
11.92 0.000733946
11.93 0.000503924
11.94 9.85364e-06
11.95 -0.000474045
11.96 -0.000678673
11.97 -0.000500942
11.98 -6.3451e-05
11.99 0.000361958
12 0.000516014
12.01 0.000303567
12.02 -0.000147147
12.03 -0.000553242
12.04 -0.000643773
12.05 -0.000328308
12.06 0.000241774
12.07 0.000760857
12.08 0.000946613
12.09 0.000697214
12.1 0.000142792
12.11 -0.000427929
12.12 -0.000720848
12.13 -0.000591207
12.14 -0.000124706
12.15 0.000400323
12.16 0.000662423
12.17 0.000485911
12.18 -4.18955e-05
12.19 -0.000608102
12.2 -0.000856563
12.21 -0.0006083
12.22 1.79669e-05
12.23 0.000666397
12.24 0.000955669
12.25 0.000714093
12.26 9.1831e-05
12.27 -0.000520896
12.28 -0.000722978
12.29 -0.000346499
12.3 0.00042663
12.31 0.00115203
12.32 0.00137879
12.33 0.000932815
12.34 4.82506e-05
12.35 -0.000757661
12.36 -0.00100573
12.37 -0.00056435
12.38 0.000264576
12.39 0.000941611
12.4 0.00103212
12.41 0.000471462
12.42 -0.000404587
12.43 -0.00107001
12.44 -0.00112537
12.45 -0.000534739
12.46 0.000352174
12.47 0.00100797
12.48 0.00104552
12.49 0.000451775
12.5 -0.00040871
12.51 -0.00101911
12.52 -0.00101827
12.53 -0.000404918
12.54 0.000470279
12.55 0.00110889
12.56 0.00114727
12.57 0.000562998
12.58 -0.000308729
12.59 -0.000963349
12.6 -0.00102016
12.61 -0.000452841
12.62 0.000386991
12.63 0.000979325
12.64 0.000954227
12.65 0.000318915
12.66 -0.000549835
12.67 -0.00114157
12.68 -0.0011246
12.69 -0.000536861
12.7 0.000257863
12.71 0.000805073
12.72 0.000827082
12.73 0.000363753
12.74 -0.000276701
12.75 -0.000707906
12.76 -0.000682348
12.77 -0.000221921
12.78 0.000401598
12.79 0.000823784
12.8 0.000794782
12.81 0.000319644
12.82 -0.000345169
12.83 -0.000835425
12.84 -0.000883625
12.85 -0.000470772
12.86 0.000162582
12.87 0.000655353
12.88 0.000734662
12.89 0.000372624
12.9 -0.000199391
12.91 -0.000628505
12.92 -0.000649953
12.93 -0.00024333
12.94 0.000358078
12.95 0.000808375
12.96 0.000851448
12.97 0.00046281
12.98 -0.000145596
12.99 -0.000649925
13 -0.000792061
13.01 -0.000515687
13.02 6.82647e-06
13.03 0.000471856
13.04 0.000617485
13.05 0.00037684
13.06 -7.90989e-05
13.07 -0.000440843
13.08 -0.000447586
13.09 -4.97529e-05
13.1 0.000554218
13.11 0.00103242
13.12 0.00111691
13.13 0.000765316
13.14 0.000189505
13.15 -0.000269766
13.16 -0.000348591
13.17 -1.72103e-05
13.18 0.000509741
13.19 0.000905357
13.2 0.000920979
13.21 0.000527496
13.22 -6.98116e-05
13.23 -0.000548434
13.24 -0.000654129
13.25 -0.000348713
13.26 0.000171812
13.27 0.00060227
13.28 0.000715798
13.29 0.000492662
13.3 0.000112794
13.31 -0.000170656
13.32 -0.000185704
13.33 6.9364e-05
13.34 0.000437755
13.35 0.000694917
13.36 0.000673219
13.37 0.00036308
13.38 -7.15848e-05
13.39 -0.000388454
13.4 -0.000419516
13.41 -0.000175529
13.42 0.000171428
13.43 0.000406521
13.44 0.000401692
13.45 0.000178226
13.46 -0.000116795
13.47 -0.000297959
13.48 -0.000251113
13.49 -5.73841e-06
13.5 0.00028223
13.51 0.000433506
13.52 0.000363513
13.53 0.000129105
13.54 -0.000123344
13.55 -0.000255707
13.56 -0.000209144
13.57 -2.06808e-05
13.58 0.000201933
13.59 0.000331578
13.6 0.000287576
13.61 8.70708e-05
13.62 -0.000157367
13.63 -0.000303011
13.64 -0.000265176
13.65 -6.98269e-05
13.66 0.000162229
13.67 0.000287734
13.68 0.000223951
13.69 -5.92164e-06
13.7 -0.000286122
13.71 -0.000469063
13.72 -0.00045221
13.73 -0.000234143
13.74 8.02769e-05
13.75 0.00033175
13.76 0.000389415
13.77 0.000219303
13.78 -9.84982e-05
13.79 -0.000410218
13.8 -0.000562134
13.81 -0.000471897
13.82 -0.000170925
13.83 0.000196804
13.84 0.000429344
13.85 0.00036917
13.86 8.60827e-06
13.87 -0.00047962
13.88 -0.000831954
13.89 -0.000857422
13.9 -0.000560576
13.91 -0.000134209
13.92 0.000168397
13.93 0.000187945
13.94 -5.71219e-05
13.95 -0.000393147
13.96 -0.000592699
13.97 -0.000500298
13.98 -0.00012118
13.99 0.000378684
14 0.000768438
14.01 0.000884565
14.02 0.000711883
14.03 0.000370448
14.04 3.7948e-05
14.05 -0.000136174
14.06 -9.44331e-05
14.07 0.000100239
14.08 0.000291693
14.09 0.000318894
14.1 0.000123579
14.11 -0.000196123
14.12 -0.000436617
14.13 -0.000424812
14.14 -0.000147033
14.15 0.000231317
14.16 0.000478443
14.17 0.000458004
14.18 0.000219196
14.19 -4.34338e-05
14.2 -0.000121723
14.21 7.07214e-05
14.22 0.000437411
14.23 0.000751042
14.24 0.000798078
14.25 0.000527049
14.26 9.07133e-05
14.27 -0.0002576
14.28 -0.000336301
14.29 -0.00014417
14.3 0.000165375
14.31 0.000403165
14.32 0.000458193
14.33 0.000338848
14.34 0.000141002
14.35 -1.74152e-05
14.36 -5.71589e-05
14.37 2.75688e-05
14.38 0.000170553
14.39 0.000272228
14.4 0.000258646
14.41 0.000127487
14.42 -4.73621e-05
14.43 -0.00015632
14.44 -0.000117662
14.45 7.07694e-05
14.46 0.00032136
14.47 0.000496697
14.48 0.000482725
14.49 0.000257581
14.5 -8.62839e-05
14.51 -0.000387315
14.52 -0.000505369
14.53 -0.00040183
14.54 -0.000156531
14.55 9.01918e-05
14.56 0.000230037
14.57 0.000248679
14.58 0.00021538
14.59 0.000214379
14.6 0.000275125
14.61 0.000354589
14.62 0.000378863
14.63 0.000303969
14.64 0.000148418
14.65 -1.97581e-05
14.66 -0.000125952
14.67 -0.000133948
14.68 -6.59397e-05
14.69 1.88717e-05
14.7 7.24372e-05
14.71 8.80212e-05
14.72 8.4057e-05
14.73 6.82437e-05
14.74 3.21392e-05
14.75 -1.72873e-05
14.76 -3.74222e-05
14.77 1.91754e-05
14.78 0.000147389
14.79 0.000270786
14.8 0.000292642
14.81 0.000177052
14.82 -1.09601e-05
14.83 -0.000144252
14.84 -0.000127674
14.85 2.21056e-05
14.86 0.00017792
14.87 0.000192828
14.88 1.82038e-05
14.89 -0.000241057
14.9 -0.000388896
14.91 -0.000286358
14.92 2.58602e-05
14.93 0.000338168
14.94 0.000422577
14.95 0.000209586
14.96 -0.000155172
14.97 -0.000426384
14.98 -0.00045006
14.99 -0.000270075
15 -7.23803e-05
15.01 -2.82858e-05
15.02 -0.000166436
15.03 -0.000359828
15.04 -0.000422626
15.05 -0.000246033
15.06 0.000115697
15.07 0.000467874
15.08 0.000598231
15.09 0.000422765
15.1 5.1129e-05
15.11 -0.000280391
15.12 -0.000360122
15.13 -0.00012835
15.14 0.000296949
15.15 0.000695749
15.16 0.000868015
15.17 0.000737912
15.18 0.000390171
15.19 1.73506e-05
15.2 -0.000192852
15.21 -0.000159676
15.22 5.37325e-05
15.23 0.000280026
15.24 0.000342281
15.25 0.000158663
15.26 -0.000198347
15.27 -0.000534134
15.28 -0.00065187
15.29 -0.000487055
15.3 -0.000159915
15.31 9.5916e-05
15.32 8.11024e-05
15.33 -0.000241115
15.34 -0.000712818
15.35 -0.00106437
15.36 -0.001071
15.37 -0.000697418
15.38 -0.000136789
15.39 0.00029764
15.4 0.000374175
15.41 0.000106841
15.42 -0.000242451
15.43 -0.000343814
15.44 -3.95666e-05
15.45 0.000536609
15.46 0.00105359
15.47 0.00121503
15.48 0.000957535
15.49 0.000481961
15.5 0.000106792
15.51 4.91362e-05
15.52 0.000283985
15.53 0.000578572
15.54 0.000674542
15.55 0.000477309
15.56 0.00010829
15.57 -0.000204913
15.58 -0.000294321
15.59 -0.000141756
15.6 0.000147597
15.61 0.000427554
15.62 0.000576654
15.63 0.000531216
15.64 0.000306729
15.65 9.54602e-06
15.66 -0.00019177
15.67 -0.000153225
15.68 0.000135785
15.69 0.000503692
15.7 0.000673472
15.71 0.000441946
15.72 -0.00015466
15.73 -0.000820715
15.74 -0.00116995
15.75 -0.000987036
15.76 -0.000395358
15.77 0.000210622
15.78 0.000439869
15.79 0.000186902
15.8 -0.000298891
15.81 -0.000613299
15.82 -0.000505338
15.83 -5.26344e-05
15.84 0.000414699
15.85 0.00056129
15.86 0.000274665
15.87 -0.000272894
15.88 -0.000747212
15.89 -0.000866103
15.9 -0.000570693
15.91 -5.37927e-05
15.92 0.000368517
15.93 0.000457382
15.94 0.000192534
15.95 -0.000232055
15.96 -0.000539763
15.97 -0.000531536
15.98 -0.00018375
15.99 0.000344722
16 0.000785373
16.01 0.000891378
16.02 0.000583111
16.03 2.8381e-05
16.04 -0.000422436
16.05 -0.000442811
16.06 4.03368e-05
16.07 0.000764924
16.08 0.00128531
16.09 0.00126006
16.1 0.00066841
16.11 -0.000189237
16.12 -0.000884214
16.13 -0.00110099
16.14 -0.000791442
16.15 -0.000188883
16.16 0.000308896
16.17 0.000344528
16.18 -0.000188609
16.19 -0.00104711
16.2 -0.00173742
16.21 -0.00179532
16.22 -0.00108592
16.23 7.366e-05
16.24 0.00107608
16.25 0.00137774
16.26 0.000814057
16.27 -0.000298937
16.28 -0.00131818
16.29 -0.0016121
16.3 -0.000933956
16.31 0.000373875
16.32 0.00152032
16.33 0.00173616
16.34 0.000796913
16.35 -0.00077176
16.36 -0.00199685
16.37 -0.00209032
16.38 -0.000966358
16.39 0.000704755
16.4 0.00191931
16.41 0.00195441
16.42 0.000797468
16.43 -0.000846919
16.44 -0.00196519
16.45 -0.00183393
16.46 -0.000471094
16.47 0.0013441
16.48 0.00252782
16.49 0.00235005
16.5 0.00088303
16.51 -0.00104379
16.52 -0.00234471
16.53 -0.00231205
16.54 -0.0010033
16.55 0.000821744
16.56 0.00214344
16.57 0.0022475
16.58 0.00111229
16.59 -0.000592024
16.6 -0.00189368
16.61 -0.00207722
16.62 -0.00108304
16.63 0.000484005
16.64 0.00172691
16.65 0.00197411
16.66 0.00114039
16.67 -0.00025766
16.68 -0.00141224
16.69 -0.00167693
16.7 -0.000922409
16.71 0.000389561
16.72 0.00145667
16.73 0.001586
16.74 0.000606733
16.75 -0.000990075
16.76 -0.00229393
16.77 -0.00249831
16.78 -0.00141277
16.79 0.000378542
16.8 0.00184703
16.81 0.00214844
16.82 0.00114889
16.83 -0.000500993
16.84 -0.00177674
16.85 -0.00189111
16.86 -0.000734003
16.87 0.00109033
16.88 0.00261608
16.89 0.0030578
16.9 0.00218577
16.91 0.000451126
16.92 -0.00123727
16.93 -0.0020336
16.94 -0.00160617
16.95 -0.000300765
16.96 0.00106813
16.97 0.00169664
16.98 0.00125181
16.99 5.21233e-05
17 -0.00112985
17.01 -0.00153332
17.02 -0.000868939
17.03 0.000516657
17.04 0.00186795
17.05 0.00246537
17.06 0.00200887
17.07 0.000754818
17.08 -0.000630459
17.09 -0.00141663
17.1 -0.00120573
17.11 -0.000173364
17.12 0.0010232
17.13 0.00163049
17.14 0.00123873
17.15 1.93942e-05
17.16 -0.00136643
17.17 -0.00214008
17.18 -0.00186021
17.19 -0.000698257
17.2 0.000647404
17.21 0.00136669
17.22 0.00103371
17.23 -0.000125295
17.24 -0.00136388
17.25 -0.00188316
17.26 -0.00133636
17.27 -3.29327e-05
17.28 0.00127381
17.29 0.00183635
17.3 0.00131946
17.31 -3.047e-05
17.32 -0.001517
17.33 -0.00236514
17.34 -0.00214985
17.35 -0.00103923
17.36 0.00030203
17.37 0.00110374
17.38 0.000937072
17.39 -4.79196e-05
17.4 -0.00121732
17.41 -0.00182945
17.42 -0.00147641
17.43 -0.000320507
17.44 0.00101856
17.45 0.00183348
17.46 0.00171827
17.47 0.000770211
17.48 -0.000482447
17.49 -0.00136961
17.5 -0.00143739
17.51 -0.000688717
17.52 0.000433269
17.53 0.00129998
17.54 0.00142758
17.55 0.000712584
17.56 -0.000516158
17.57 -0.00164082
17.58 -0.00205542
17.59 -0.00150255
17.6 -0.000254111
17.61 0.00101195
17.62 0.00159943
17.63 0.00121443
17.64 0.00014802
17.65 -0.000905769
17.66 -0.0012843
17.67 -0.000761144
17.68 0.000338449
17.69 0.0013632
17.7 0.0017255
17.71 0.00122196
17.72 0.000131665
17.73 -0.000944609
17.74 -0.00141768
17.75 -0.00103538
17.76 -1.58429e-05
17.77 0.00108575
17.78 0.00167882
17.79 0.0014364
17.8 0.00045627
17.81 -0.000786118
17.82 -0.00167143
17.83 -0.00175464
17.84 -0.00100933
17.85 0.000143186
17.86 0.00105808
17.87 0.00122495
17.88 0.000556061
17.89 -0.000554544
17.9 -0.00144399
17.91 -0.00156316
17.92 -0.000807255
17.93 0.000416489
17.94 0.00142536
17.95 0.00164483
17.96 0.000922529
17.97 -0.000377293
17.98 -0.00154487
17.99 -0.00190981
18 -0.00125227
18.01 2.80716e-05
18.02 0.00113963
18.03 0.00139196
18.04 0.000629984
18.05 -0.000662649
18.06 -0.00165571
18.07 -0.00168399
18.08 -0.000654705
18.09 0.000904187
18.1 0.00215681
18.11 0.00242477
18.12 0.00155905
18.13 3.35142e-05
18.14 -0.00130085
18.15 -0.00169396
18.16 -0.000944631
18.17 0.000469768
18.18 0.00168333
18.19 0.00197068
18.2 0.00119147
18.21 -0.000119676
18.22 -0.00108491
18.23 -0.00104525
18.24 1.09144e-05
18.25 0.00145281
18.26 0.00241884
18.27 0.0023457
18.28 0.00130164
18.29 -6.64207e-05
18.3 -0.000933377
18.31 -0.000799829
18.32 0.000209913
18.33 0.00144982
18.34 0.00216559
18.35 0.00193309
18.36 0.00086941
18.37 -0.000468561
18.38 -0.00140057
18.39 -0.00148644
18.4 -0.000763489
18.41 0.00027511
18.42 0.000963593
18.43 0.000852877
18.44 -1.83928e-05
18.45 -0.00113412
18.46 -0.00180747
18.47 -0.0016035
18.48 -0.000603172
18.49 0.000653467
18.5 0.00148679
18.51 0.0014513
18.52 0.000563002
18.53 -0.000718353
18.54 -0.00173186
18.55 -0.00196945
18.56 -0.0013582
18.57 -0.000303346
18.58 0.000539262
18.59 0.000639396
18.6 -0.000105566
18.61 -0.0013
18.62 -0.00225144
18.63 -0.00237063
18.64 -0.00154689
18.65 -0.000250163
18.66 0.000738522
18.67 0.000807176
18.68 -0.000104636
18.69 -0.00144692
18.7 -0.00237348
18.71 -0.00225269
18.72 -0.00105268
18.73 0.000633058
18.74 0.00191976
18.75 0.00212059
18.76 0.00113451
18.77 -0.00046797
18.78 -0.00173502
18.79 -0.00188764
18.8 -0.000814954
18.81 0.000839111
18.82 0.00206217
18.83 0.0020714
18.84 0.000770911
18.85 -0.00117223
18.86 -0.00267851
18.87 -0.00287486
18.88 -0.00160659
18.89 0.00046922
18.9 0.00223414
18.91 0.00271381
18.92 0.00162096
18.93 -0.000463846
18.94 -0.00237955
18.95 -0.00301059
18.96 -0.00192866
18.97 0.000336048
18.98 0.00256664
18.99 0.00353224
19 0.00268457
19.01 0.000534608
19.02 -0.00162789
19.03 -0.00252361
19.04 -0.00161156
19.05 0.000627594
19.06 0.00298475
19.07 0.00421544
19.08 0.00362951
19.09 0.00143509
19.1 -0.00129834
19.11 -0.00316088
19.12 -0.00318589
19.13 -0.00145763
19.14 0.000923899
19.15 0.00252831
19.16 0.00244589
19.17 0.000783627
19.18 -0.00142551
19.19 -0.0028236
19.2 -0.00252663
19.21 -0.000650938
19.22 0.00178315
19.23 0.00345052
19.24 0.00342363
19.25 0.00165605
19.26 -0.000967414
19.27 -0.003046
19.28 -0.00341298
19.29 -0.00183488
19.3 0.000851822
19.31 0.0032404
19.32 0.00409248
19.33 0.00292848
19.34 0.000255109
19.35 -0.00264233
19.36 -0.00434192
19.37 -0.00401912
19.38 -0.00187611
19.39 0.000963014
19.4 0.00305195
19.41 0.00336405
19.42 0.00179177
19.43 -0.000850456
19.44 -0.00326624
19.45 -0.00430382
19.46 -0.00348246
19.47 -0.00119305
19.48 0.00150035
19.49 0.00334138
19.5 0.00345204
19.51 0.0017764
19.52 -0.000845309
19.53 -0.00304562
19.54 -0.00361116
19.55 -0.0021555
19.56 0.000627604
19.57 0.00330672
19.58 0.00449271
19.59 0.00354483
19.6 0.000956256
19.61 -0.00191419
19.62 -0.00365031
19.63 -0.00347939
19.64 -0.0015856
19.65 0.00104789
19.66 0.0031513
19.67 0.00375143
19.68 0.0026062
19.69 0.000317325
19.7 -0.00196258
19.71 -0.00310462
19.72 -0.00258131
19.73 -0.000735059
19.74 0.00144166
19.75 0.00284302
19.76 0.00278388
19.77 0.00131533
19.78 -0.000810013
19.79 -0.00249987
19.8 -0.00288439
19.81 -0.001809
19.82 7.09026e-05
19.83 0.00168765
19.84 0.00216711
19.85 0.0012798
19.86 -0.0004657
19.87 -0.00210449
19.88 -0.00274384
19.89 -0.00205683
19.9 -0.000440711
19.91 0.00124194
19.92 0.00213453
19.93 0.00181067
19.94 0.000480369
19.95 -0.00113117
19.96 -0.00216597
19.97 -0.00207937
19.98 -0.000921152
19.99 0.000713536
20 0.00199641
20.01 0.00226405
20.02 0.00135122
20.03 -0.000295543
20.04 -0.0018015
20.05 -0.00231179
20.06 -0.00149154
20.07 0.000254361
20.08 0.00201138
20.09 0.00287493
20.1 0.00243432
20.11 0.00095812
20.12 -0.000807778
20.13 -0.00204771
20.14 -0.00225019
20.15 -0.00139925
20.16 7.04744e-05
20.17 0.00150167
20.18 0.00228192
20.19 0.00207201
20.2 0.000969329
20.21 -0.000504141
20.22 -0.00162612
20.23 -0.00184017
20.24 -0.00107005
20.25 0.000250613
20.26 0.00144447
20.27 0.00194807
20.28 0.00156061
20.29 0.000498573
20.3 -0.000737542
20.31 -0.00158296
20.32 -0.0016336
20.33 -0.000822057
20.34 0.00054171
20.35 0.00188298
20.36 0.00259745
20.37 0.00233698
20.38 0.00119954
20.39 -0.000305687
20.4 -0.00148795
20.41 -0.0018019
20.42 -0.00113608
20.43 0.000109263
20.44 0.00122735
20.45 0.00157143
20.46 0.000892845
20.47 -0.00051364
20.48 -0.00193301
20.49 -0.00259486
20.5 -0.00210448
20.51 -0.000674887
20.52 0.000992882
20.53 0.00208406
20.54 0.0020811
20.55 0.00102223
20.56 -0.000528771
20.57 -0.00176457
20.58 -0.00203232
20.59 -0.00116082
20.6 0.000471198
20.61 0.00212314
20.62 0.00301078
20.63 0.00265015
20.64 0.00112465
20.65 -0.000872659
20.66 -0.00230869
20.67 -0.00235602
20.68 -0.00094095
20.69 0.00112752
20.7 0.00258499
20.71 0.00245368
20.72 0.000657209
20.73 -0.0018927
20.74 -0.00379617
20.75 -0.0039671
20.76 -0.00226691
20.77 0.000421558
20.78 0.0027036
20.79 0.00341922
20.8 0.00222522
20.81 -0.000234206
20.82 -0.00264452
20.83 -0.0037075
20.84 -0.00286712
20.85 -0.000642034
20.86 0.00169503
20.87 0.00287096
20.88 0.00230477
20.89 0.00036813
20.9 -0.00187354
20.91 -0.00322573
20.92 -0.00294815
20.93 -0.00113071
20.94 0.00132909
20.95 0.00316612
20.96 0.00342582
20.97 0.00203843
20.98 -0.000110529
20.99 -0.00172114
21 -0.00187682
21.01 -0.000565614
21.02 0.00139718
21.03 0.00290227
21.04 0.0031418
21.05 0.00197836
21.06 -3.2359e-05
21.07 -0.00192732
21.08 -0.00278431
21.09 -0.00216255
21.1 -0.000346434
21.11 0.00177883
21.12 0.00315846
21.13 0.00309765
21.14 0.0016486
21.15 -0.000408311
21.16 -0.00199777
21.17 -0.00234734
21.18 -0.00138686
21.19 0.000296829
21.2 0.00184105
21.21 0.00251902
21.22 0.0020126
21.23 0.000538178
21.24 -0.00121098
21.25 -0.00234984
21.26 -0.00226372
21.27 -0.000996273
21.28 0.000757424
21.29 0.00205406
21.3 0.00221207
21.31 0.00114403
21.32 -0.000629918
21.33 -0.00223192
21.34 -0.00284768
21.35 -0.00216399
21.36 -0.000565674
21.37 0.0010698
21.38 0.00185936
21.39 0.00139767
21.4 -2.81583e-05
21.41 -0.0016281
21.42 -0.00257111
21.43 -0.00241995
21.44 -0.00129958
21.45 0.000243433
21.46 0.00153631
21.47 0.00204298
21.48 0.00154711
21.49 0.000273869
21.5 -0.00113037
21.51 -0.0018579
21.52 -0.00140479
21.53 3.86093e-05
21.54 0.00164783
21.55 0.00246734
21.56 0.00199318
21.57 0.000455134
21.58 -0.00136841
21.59 -0.00260508
21.6 -0.00271085
21.61 -0.00168983
21.62 -6.26324e-05
21.63 0.00139607
21.64 0.00201489
21.65 0.00152855
21.66 0.00022132
21.67 -0.00118612
21.68 -0.00187486
21.69 -0.00134964
21.7 0.000267354
21.71 0.00227043
21.72 0.00371612
21.73 0.00389472
21.74 0.00270331
21.75 0.000723635
21.76 -0.00105794
21.77 -0.00174549
21.78 -0.00100809
21.79 0.000731699
21.8 0.00252837
21.81 0.00342254
21.82 0.00294459
21.83 0.00135248
21.84 -0.00052216
21.85 -0.00170472
21.86 -0.00158563
21.87 -0.00026801
21.88 0.00148842
21.89 0.00268655
21.9 0.00262931
21.91 0.00130662
21.92 -0.000599238
21.93 -0.00207167
21.94 -0.00229271
21.95 -0.00108472
21.96 0.00100147
21.97 0.00296256
21.98 0.00381652
21.99 0.00308933
22 0.00110471
22.01 -0.00111796
22.02 -0.00236534
22.03 -0.00191958
22.04 -2.74119e-05
22.05 0.00223375
22.06 0.00359059
22.07 0.00328971
22.08 0.0015179
22.09 -0.000711898
22.1 -0.00212041
22.11 -0.00187712
22.12 -9.64633e-05
22.13 0.00222474
22.14 0.00376825
22.15 0.00362246
22.16 0.00181635
22.17 -0.000670642
22.18 -0.00244221
22.19 -0.00249404
22.2 -0.000827333
22.21 0.00158257
22.22 0.00340915
22.23 0.00373259
22.24 0.00248382
22.25 0.00037108
22.26 -0.00156518
22.27 -0.0024362
22.28 -0.00184061
22.29 -2.86195e-05
22.3 0.00217466
22.31 0.0036993
22.32 0.00373713
22.33 0.00221189
22.34 -0.000127275
22.35 -0.00210287
22.36 -0.00274553
22.37 -0.00178735
22.38 0.000241031
22.39 0.00232122
22.4 0.00343613
22.41 0.00302321
22.42 0.00126868
22.43 -0.000921832
22.44 -0.00232558
22.45 -0.00205558
22.46 -0.000129646
22.47 0.00247209
22.48 0.00431244
22.49 0.0042835
22.5 0.00227963
22.51 -0.000679573
22.52 -0.00298725
22.53 -0.00337411
22.54 -0.00165598
22.55 0.00122268
22.56 0.00380062
22.57 0.00489183
22.58 0.0040404
22.59 0.00169502
22.6 -0.000982082
22.61 -0.00267018
22.62 -0.00251674
22.63 -0.00062483
22.64 0.00198235
22.65 0.00394737
22.66 0.00429312
22.67 0.00287873
22.68 0.000404238
22.69 -0.00195863
22.7 -0.00308028
22.71 -0.00235842
22.72 -2.36525e-05
22.73 0.00292655
22.74 0.00512399
22.75 0.00545555
22.76 0.00362854
22.77 0.000350878
22.78 -0.00291737
22.79 -0.00463789
22.8 -0.00398715
22.81 -0.00133927
22.82 0.00195938
22.83 0.00433557
22.84 0.00469409
22.85 0.00286792
22.86 -0.000313044
22.87 -0.00335346
22.88 -0.00473725
22.89 -0.00367014
22.9 -0.000529986
22.91 0.00326495
22.92 0.00586585
22.93 0.00585312
22.94 0.00299448
22.95 -0.00150365
22.96 -0.00539751
22.97 -0.00667507
22.98 -0.00473354
22.99 -0.000555673
23 0.00388832
23.01 0.0066735
23.02 0.00681478
23.03 0.00448478
23.04 0.000681996
23.05 -0.00323038
23.06 -0.00587388
23.07 -0.00617941
23.08 -0.00382036
23.09 0.000451083
23.1 0.00495044
23.11 0.00774382
23.12 0.00746345
23.13 0.00398212
23.14 -0.00141667
23.15 -0.00643641
23.16 -0.00891557
23.17 -0.00791096
23.18 -0.00391583
23.19 0.0014507
23.2 0.00602971
23.21 0.00796821
23.22 0.00650906
23.23 0.00228682
23.24 -0.00298749
23.25 -0.0071632
23.26 -0.00845379
23.27 -0.00621116
23.28 -0.00129392
23.29 0.00427372
23.3 0.00816028
23.31 0.00874499
23.32 0.00582441
23.33 0.000636089
23.34 -0.00472773
23.35 -0.00816175
23.36 -0.00833573
23.37 -0.0052469
23.38 -0.000270397
23.39 0.0045122
23.4 0.00722919
23.41 0.00684314
23.42 0.00346465
23.43 -0.00175517
23.44 -0.00696551
23.45 -0.0102453
23.46 -0.0103353
23.47 -0.00708285
23.48 -0.00159086
23.49 0.00417929
23.5 0.0081711
23.51 0.00899219
23.52 0.00651834
23.53 0.0019628
23.54 -0.00277322
23.55 -0.00590324
23.56 -0.00633776
23.57 -0.0040119
23.58 0.00014565
23.59 0.00463487
23.6 0.00793717
23.61 0.00896792
23.62 0.0073967
23.63 0.00371164
23.64 -0.00104222
23.65 -0.00550281
23.66 -0.00820427
23.67 -0.00798242
23.68 -0.00455429
23.69 0.00114839
23.7 0.00712267
23.71 0.0111344
23.72 0.0116718
23.73 0.00841259
23.74 0.00239109
23.75 -0.00432606
23.76 -0.00930055
23.77 -0.010549
23.78 -0.00739648
23.79 -0.000905156
23.8 0.00659577
23.81 0.0124672
23.82 0.0148086
23.83 0.0130818
23.84 0.00805852
23.85 0.00144474
23.86 -0.00470142
23.87 -0.00852443
23.88 -0.00887424
23.89 -0.00577297
23.9 -0.000506298
23.91 0.00503461
23.92 0.00912801
23.93 0.0105314
23.94 0.00875487
23.95 0.00435306
23.96 -0.00131041
23.97 -0.00637005
23.98 -0.00898024
23.99 -0.00814274
24 -0.00419908
24.01 0.00137548
24.02 0.00668373
24.03 0.0101176
24.04 0.0106802
24.05 0.00816041
24.06 0.00329186
24.07 -0.00252889
24.08 -0.00752846
24.09 -0.00993706
24.1 -0.00869125
24.11 -0.00400273
24.12 0.00272997
24.13 0.00948907
24.14 0.0142576
24.15 0.0155109
24.16 0.0126768
24.17 0.00646341
24.18 -0.00141064
24.19 -0.00848829
24.2 -0.0123274
24.21 -0.0114616
24.22 -0.00604656
24.23 0.00217894
24.24 0.0105871
24.25 0.0166356
24.26 0.0186692
24.27 0.0161248
24.28 0.00967392
24.29 0.00109035
24.3 -0.00719471
24.31 -0.0127885
24.32 -0.0142209
24.33 -0.0113625
24.34 -0.00535522
24.35 0.00196852
24.36 0.00878521
24.37 0.0137295
24.38 0.0158772
24.39 0.0148246
24.4 0.0110178
24.41 0.00545927
24.42 -0.000711713
24.43 -0.00615852
24.44 -0.00947676
24.45 -0.00966116
24.46 -0.00658371
24.47 -0.00122152
24.48 0.00481105
24.49 0.009992
24.5 0.0131384
24.51 0.0133855
24.52 0.0104479
24.53 0.00482292
24.54 -0.00237721
24.55 -0.00935664
24.56 -0.0139335
24.57 -0.014376
24.58 -0.0102646
24.59 -0.00283884
24.6 0.00574281
24.61 0.0134384
24.62 0.0186943
24.63 0.0203314
24.64 0.0177796
24.65 0.0114377
24.66 0.00259318
24.67 -0.00662994
24.68 -0.0135902
24.69 -0.0161427
24.7 -0.0135176
24.71 -0.00660955
24.72 0.00247827
24.73 0.0112466
24.74 0.0176745
24.75 0.0204732
24.76 0.0190794
24.77 0.0140017
24.78 0.00648205
24.79 -0.00205898
24.8 -0.00986495
24.81 -0.0150318
24.82 -0.016104
24.83 -0.012644
24.84 -0.00558994
24.85 0.00322591
24.86 0.0118629
24.87 0.018791
24.88 0.0228453
24.89 0.0232441
24.9 0.0199567
24.91 0.0134771
24.92 0.00476072
24.93 -0.00455202
24.94 -0.0122647
24.95 -0.0165083
24.96 -0.016412
24.97 -0.0121239
24.98 -0.00490051
24.99 0.00345147
25 0.0112448
25.01 0.0173074
25.02 0.0207042
25.03 0.0204793
25.04 0.0165359
25.05 0.00978996
25.06 0.00157462
25.07 -0.00629814
25.08 -0.0118405
25.09 -0.0136623
25.1 -0.0113923
25.11 -0.0058686
25.12 0.00119671
25.13 0.00785123
25.14 0.0126063
25.15 0.0145139
25.16 0.0129377
25.17 0.00814242
25.18 0.00134332
25.19 -0.00575091
25.2 -0.0114484
25.21 -0.0144513
25.22 -0.0138688
25.23 -0.0097047
25.24 -0.00303892
25.25 0.00457857
25.26 0.0118641
25.27 0.0179887
25.28 0.0220519
25.29 0.0232472
25.3 0.0214571
25.31 0.0169392
25.32 0.0101505
25.33 0.00205648
25.34 -0.00591115
25.35 -0.0122207
25.36 -0.0156255
25.37 -0.0153158
25.38 -0.0112957
25.39 -0.0047185
25.4 0.00268897
25.41 0.00936478
25.42 0.0143464
25.43 0.0170119
25.44 0.0168785
25.45 0.0141393
25.46 0.00942949
25.47 0.00330445
25.48 -0.00352356
25.49 -0.00982263
25.5 -0.0141333
25.51 -0.0153295
25.52 -0.0129818
25.53 -0.00765526
25.54 -0.000737716
25.55 0.00613553
25.56 0.0117685
25.57 0.0154479
25.58 0.0164938
25.59 0.0146908
25.6 0.0107179
25.61 0.005641
25.62 0.000551463
25.63 -0.00355053
25.64 -0.00599403
25.65 -0.00657452
25.66 -0.00549102
25.67 -0.00325128
25.68 -0.000543552
25.69 0.00207458
25.7 0.00433149
25.71 0.00608595
25.72 0.00712326
25.73 0.00723726
25.74 0.00644945
25.75 0.00498018
25.76 0.00318414
25.77 0.00150821
25.78 0.000305867
25.79 -0.00024036
25.8 -5.49557e-05
25.81 0.000883942
25.82 0.00252209
25.83 0.00470333
25.84 0.00711879
25.85 0.00929752
25.86 0.0108067
25.87 0.0114468
25.88 0.0113144
25.89 0.0107862
25.9 0.0103251
25.91 0.0102201
25.92 0.0104975
25.93 0.0109368
25.94 0.0111112
25.95 0.0105084
25.96 0.00869599
25.97 0.00548533
25.98 0.00104936
25.99 -0.00399376
26 -0.00868239
26.01 -0.0120082
26.02 -0.0131713
26.03 -0.011915
26.04 -0.00868665
26.05 -0.00433601
26.06 0.000215597
26.07 0.00422662
26.08 0.00731255
26.09 0.0093137
26.1 0.0101177
26.11 0.00978783
26.12 0.00863362
26.13 0.00702402
26.14 0.00529459
26.15 0.00368326
26.16 0.00216246
26.17 0.000433158
26.18 -0.00187059
26.19 -0.00484217
26.2 -0.0081421
26.21 -0.0110921
26.22 -0.0128608
26.23 -0.0127467
26.24 -0.0104333
26.25 -0.00618672
26.26 -0.000945801
26.27 0.00398704
26.28 0.00754153
26.29 0.00914393
26.3 0.0085832
26.31 0.00612018
26.32 0.00256251
26.33 -0.00122623
26.34 -0.00454631
26.35 -0.00684183
26.36 -0.00772503
26.37 -0.00701927
26.38 -0.00496679
26.39 -0.00212325
26.4 0.000940951
26.41 0.00377694
26.42 0.00604145
26.43 0.00741537
26.44 0.00768527
26.45 0.00682674
26.46 0.00493534
26.47 0.00223283
26.48 -0.000972829
26.49 -0.00421223
26.5 -0.00687571
26.51 -0.00841033
26.52 -0.00846116
26.53 -0.00707479
26.54 -0.0046841
26.55 -0.00189324
26.56 0.000727552
26.57 0.0027941
26.58 0.00411118
26.59 0.00456495
26.6 0.00405536
26.61 0.00259048
26.62 0.000329594
26.63 -0.0024085
26.64 -0.00512173
26.65 -0.00721839
26.66 -0.00816476
26.67 -0.00769398
26.68 -0.00593009
26.69 -0.00332161
26.7 -0.000567562
26.71 0.00159765
26.72 0.00260997
26.73 0.00210201
26.74 -0.000130854
26.75 -0.00394289
26.76 -0.00868173
26.77 -0.0132819
26.78 -0.0164771
26.79 -0.0172296
26.8 -0.0151006
26.81 -0.0103428
26.82 -0.00390947
26.83 0.00286659
26.84 0.00873376
26.85 0.0128715
26.86 0.0147644
26.87 0.0140773
26.88 0.0110752
26.89 0.00652166
26.9 0.00122931
26.91 -0.00390893
26.92 -0.00792566
26.93 -0.0100284
26.94 -0.00979917
26.95 -0.00738154
26.96 -0.0035185
26.97 0.000740239
26.98 0.00439448
26.99 0.00678091
27 0.00755683
27.01 0.00658722
27.02 0.00410105
27.03 0.000564533
27.04 -0.00346408
27.05 -0.00733032
27.06 -0.0103257
27.07 -0.0117664
27.08 -0.0113631
27.09 -0.00938589
27.1 -0.0063969
27.11 -0.0031058
27.12 -0.000174712
27.13 0.00204036
27.14 0.003475
27.15 0.00410749
27.16 0.0038042
27.17 0.00253344
27.18 0.000473427
27.19 -0.00204506
27.2 -0.00451468
27.21 -0.00631569
27.22 -0.00689462
27.23 -0.0060549
27.24 -0.00410443
27.25 -0.00167561
27.26 0.000542772
27.27 0.00198953
27.28 0.0022727
27.29 0.00116979
27.3 -0.00132717
27.31 -0.00483492
27.32 -0.00860232
27.33 -0.0117653
27.34 -0.0135667
27.35 -0.013567
27.36 -0.0117237
27.37 -0.00838443
27.38 -0.00429844
27.39 -0.000416248
27.4 0.00249787
27.41 0.00410623
27.42 0.00439444
27.43 0.00349635
27.44 0.00177669
27.45 -0.000263201
27.46 -0.0021535
27.47 -0.0034985
27.48 -0.00400951
27.49 -0.0035098
27.5 -0.00206205
27.51 6.13117e-05
27.52 0.00254637
27.53 0.00510222
27.54 0.00740366
27.55 0.00903066
27.56 0.00967279
27.57 0.00928802
27.58 0.00800481
27.59 0.00610553
27.6 0.00398797
27.61 0.00195368
27.62 8.45146e-05
27.63 -0.00168356
27.64 -0.00334597
27.65 -0.00471866
27.66 -0.00552156
27.67 -0.00553072
27.68 -0.00472816
27.69 -0.00333975
27.7 -0.00174982
27.71 -0.000332493
27.72 0.000714577
27.73 0.00136261
27.74 0.00163149
27.75 0.00154291
27.76 0.00114711
27.77 0.000537819
27.78 -0.000169719
27.79 -0.000890575
27.8 -0.00159834
27.81 -0.00230076
27.82 -0.00301335
27.83 -0.00371235
27.84 -0.00428255
27.85 -0.0045396
27.86 -0.0043248
27.87 -0.00362633
27.88 -0.00264641
27.89 -0.00175315
27.9 -0.00134812
27.91 -0.00172734
27.92 -0.00296487
27.93 -0.0048571
27.94 -0.00694372
27.95 -0.00859166
27.96 -0.00915574
27.97 -0.00818233
27.98 -0.00558086
27.99 -0.00170842
28 0.00277971
28.01 0.00713347
28.02 0.0105676
28.03 0.0121961
28.04 0.0112707
28.05 0.00770191
28.06 0.00209353
28.07 -0.00440099
28.08 -0.0102923
28.09 -0.0141336
28.1 -0.0147607
28.11 -0.0117449
28.12 -0.0057441
28.13 0.00183513
28.14 0.00932089
28.15 0.0153339
28.16 0.0188213
28.17 0.0189739
28.18 0.0158446
28.19 0.0102443
28.2 0.00312083
28.21 -0.00438658
28.22 -0.0108262
28.23 -0.0148166
28.24 -0.0154422
28.25 -0.0125327
28.26 -0.00687399
28.27 8.91051e-05
28.28 0.00682835
28.29 0.0123527
28.3 0.0161353
28.31 0.0176118
28.32 0.0165318
28.33 0.0131711
28.34 0.00791644
28.35 0.00134243
28.36 -0.00556045
28.37 -0.0115472
28.38 -0.0154578
28.39 -0.0164366
28.4 -0.0142188
28.41 -0.00940621
28.42 -0.00320285
28.43 0.00305414
28.44 0.00824365
28.45 0.0115744
28.46 0.012372
28.47 0.0102541
28.48 0.00557808
28.49 -0.000755896
28.5 -0.00735185
28.51 -0.0125755
28.52 -0.0150129
28.53 -0.0137238
28.54 -0.00886387
28.55 -0.00171574
28.56 0.00592251
28.57 0.0125843
28.58 0.0173548
28.59 0.0193316
28.6 0.0180096
28.61 0.0137506
28.62 0.00729922
28.63 -0.000365979
28.64 -0.00773764
28.65 -0.0131477
28.66 -0.0153558
28.67 -0.0138492
28.68 -0.00920433
28.69 -0.00298954
28.7 0.00298022
28.71 0.00739078
28.72 0.00965046
28.73 0.00952346
28.74 0.00710896
28.75 0.0031253
28.76 -0.00142954
28.77 -0.00546812
28.78 -0.00794993
28.79 -0.0081665
28.8 -0.00596477
28.81 -0.00208052
28.82 0.00228922
28.83 0.00615899
28.84 0.00904838
28.85 0.0107612
28.86 0.0110746
28.87 0.00998753
28.88 0.00770806
28.89 0.00450616
28.9 0.000937894
28.91 -0.00228708
28.92 -0.00461137
28.93 -0.00579125
28.94 -0.00585638
28.95 -0.00495692
28.96 -0.00339896
28.97 -0.00158084
28.98 0.000160074
28.99 0.00163475
29 0.00279551
29.01 0.00365325
29.02 0.00423653
29.03 0.0045176
29.04 0.00442376
29.05 0.00402262
29.06 0.00357639
29.07 0.00338799
29.08 0.00364979
29.09 0.00436476
29.1 0.00537355
29.11 0.00647301
29.12 0.00748603
29.13 0.00826063
29.14 0.00867095
29.15 0.00859939
29.16 0.00789504
29.17 0.00638099
29.18 0.00394074
29.19 0.000616917
29.2 -0.00324343
29.21 -0.00696019
29.22 -0.00971628
29.23 -0.0108027
29.24 -0.00993121
29.25 -0.00740467
29.26 -0.00396411
29.27 -0.000589132
29.28 0.00184073
29.29 0.00283332
29.3 0.0022888
29.31 0.000389329
29.32 -0.00240301
29.33 -0.00533506
29.34 -0.00754698
29.35 -0.00837445
29.36 -0.0076525
29.37 -0.00576656
29.38 -0.0033878
29.39 -0.0011965
29.4 0.000388065
29.41 0.00131627
29.42 0.001746
29.43 0.00186281
29.44 0.00178401
29.45 0.00153455
29.46 0.00105603
29.47 0.00022382
29.48 -0.00110354
29.49 -0.0029533
29.5 -0.00515169
29.51 -0.00734549
29.52 -0.00904261
29.53 -0.00969187
29.54 -0.0088467
29.55 -0.00639118
29.56 -0.00268726
29.57 0.00160893
29.58 0.00582158
29.59 0.00945007
29.6 0.0120971
29.61 0.0133796
29.62 0.0131774
29.63 0.011672
29.64 0.00922139
29.65 0.00644825
29.66 0.00411089
29.67 0.00276003
29.68 0.00261765
29.69 0.00355081
29.7 0.00508433
29.71 0.00666215
29.72 0.00786996
29.73 0.00844425
29.74 0.00828425
29.75 0.00742007
29.76 0.00592588
29.77 0.00390732
29.78 0.00146158
29.79 -0.00141449
29.8 -0.00463911
29.81 -0.00785846
29.82 -0.0104867
29.83 -0.0118771
29.84 -0.0115938
29.85 -0.0095613
29.86 -0.00612491
29.87 -0.00205654
29.88 0.00179149
29.89 0.00481646
29.9 0.00670213
29.91 0.00723243
29.92 0.00624979
29.93 0.00392837
29.94 0.000751402
29.95 -0.00261182
29.96 -0.00539407
29.97 -0.00692595
29.98 -0.00680807
29.99 -0.00514852
30 -0.00254197
30.01 0.000263971
30.02 0.00258992
30.03 0.00386194
30.04 0.00362201
30.05 0.00173549
30.06 -0.00142497
30.07 -0.00488649
30.08 -0.00737679
30.09 -0.0079124
30.1 -0.00618289
30.11 -0.00272936
30.12 0.00142919
30.13 0.00533009
30.14 0.00837439
30.15 0.0102118
30.16 0.0105164
30.17 0.00923406
30.18 0.00661957
30.19 0.00302897
30.2 -0.00106302
30.21 -0.00490105
30.22 -0.00760585
30.23 -0.00850447
30.24 -0.00728988
30.25 -0.00421018
30.26 5.78345e-07
30.27 0.00446558
30.28 0.00852656
30.29 0.0117139
30.3 0.0134819
30.31 0.0134661
30.32 0.0116858
30.33 0.00831234
30.34 0.00373369
30.35 -0.00143914
30.36 -0.0063013
30.37 -0.00983526
30.38 -0.0112819
30.39 -0.0102688
30.4 -0.00712952
30.41 -0.00282482
30.42 0.0015857
30.43 0.00526169
30.44 0.00761337
30.45 0.00815762
30.46 0.00670686
30.47 0.0036736
30.48 -0.000184274
30.49 -0.0039456
30.5 -0.00670469
30.51 -0.00784261
30.52 -0.00711356
30.53 -0.00478069
30.54 -0.00145522
30.55 0.00227577
30.56 0.00596043
30.57 0.00910967
30.58 0.011022
30.59 0.0110889
30.6 0.00917694
30.61 0.00555403
30.62 0.0008002
30.63 -0.00414061
30.64 -0.00810046
30.65 -0.00999691
30.66 -0.00912158
30.67 -0.00551305
30.68 -9.3717e-05
30.69 0.00574706
30.7 0.0108707
30.71 0.0145715
30.72 0.0162127
30.73 0.0154265
30.74 0.0124209
30.75 0.00768203
30.76 0.00192107
30.77 -0.00382023
30.78 -0.00833398
30.79 -0.0106349
30.8 -0.0102542
30.81 -0.0073686
30.82 -0.00287561
30.83 0.00205455
30.84 0.00644485
30.85 0.0096667
30.86 0.0112328
30.87 0.0106915
30.88 0.00808139
30.89 0.00394695
30.9 -0.00101197
30.91 -0.00585926
30.92 -0.00950555
30.93 -0.011029
30.94 -0.00999556
30.95 -0.00674095
30.96 -0.00221153
30.97 0.00247798
30.98 0.0064206
30.99 0.00905039
31 0.00998745
31.01 0.00908348
31.02 0.00657874
31.03 0.00289499
31.04 -0.00153304
31.05 -0.00602439
31.06 -0.0096175
31.07 -0.011318
31.08 -0.0104365
31.09 -0.00698937
31.1 -0.0017465
31.11 0.00410569
31.12 0.00949314
31.13 0.0136811
31.14 0.0160357
31.15 0.0161563
31.16 0.0141522
31.17 0.0103658
31.18 0.00520783
31.19 -0.000810626
31.2 -0.00685816
31.21 -0.0118608
31.22 -0.0147719
31.23 -0.0147025
31.24 -0.0114754
31.25 -0.00583532
31.26 0.00100168
31.27 0.00774891
31.28 0.013402
31.29 0.0171308
31.3 0.0181797
31.31 0.0163839
31.32 0.0122418
31.33 0.00657345
31.34 0.000436471
31.35 -0.00497653
31.36 -0.00868713
31.37 -0.0101727
31.38 -0.00928778
31.39 -0.00633517
31.4 -0.00212041
31.41 0.00244832
31.42 0.00668372
31.43 0.0100832
31.44 0.012067
31.45 0.012095
31.46 0.0101329
31.47 0.00657368
31.48 0.0020127
31.49 -0.00276646
31.5 -0.0068063
31.51 -0.00919812
31.52 -0.00935923
31.53 -0.00721781
31.54 -0.0033851
31.55 0.00110618
31.56 0.00522341
31.57 0.00826602
31.58 0.00982893
31.59 0.00961625
31.6 0.00771322
31.61 0.00458247
31.62 0.000721144
31.63 -0.00330582
31.64 -0.00677703
31.65 -0.00893951
31.66 -0.00920501
31.67 -0.00741035
31.68 -0.00394521
31.69 0.000386155
31.7 0.00463171
31.71 0.00802187
31.72 0.0100137
31.73 0.0101964
31.74 0.00852988
31.75 0.00541226
31.76 0.0014329
31.77 -0.00269024
31.78 -0.00609225
31.79 -0.00793851
31.8 -0.00767879
31.81 -0.0053022
31.82 -0.00141529
31.83 0.00307166
31.84 0.00732823
31.85 0.0106785
31.86 0.0124195
31.87 0.0120015
31.88 0.00944793
31.89 0.00526958
31.9 0.000211293
31.91 -0.00475046
31.92 -0.00860806
31.93 -0.010605
31.94 -0.0103306
31.95 -0.00787759
31.96 -0.00385613
31.97 0.000888322
31.98 0.00551325
31.99 0.00937183
32 0.0119571
32.01 0.0128529
32.02 0.0120472
32.03 0.00991345
32.04 0.00687891
32.05 0.00338698
32.06 -0.00018554
32.07 -0.00345261
32.08 -0.00589306
32.09 -0.00699583
32.1 -0.00642438
32.11 -0.00428696
32.12 -0.00114789
32.13 0.00236651
32.14 0.00585992
32.15 0.0090601
32.16 0.0115117
32.17 0.0126677
32.18 0.0121709
32.19 0.00989943
32.2 0.00612164
32.21 0.00159602
32.22 -0.00267961
32.23 -0.00576075
32.24 -0.00700821
32.25 -0.00623763
32.26 -0.00383085
32.27 -0.000652034
32.28 0.00247153
32.29 0.00513232
32.3 0.00722702
32.31 0.00858891
32.32 0.00894575
32.33 0.00815709
32.34 0.00622451
32.35 0.00335822
32.36 4.80694e-05
32.37 -0.00302306
32.38 -0.00517984
32.39 -0.00596029
32.4 -0.00518605
32.41 -0.00309093
32.42 -0.000250734
32.43 0.00274732
32.44 0.00552003
32.45 0.00779096
32.46 0.00917916
32.47 0.00937108
32.48 0.00834575
32.49 0.00625966
32.5 0.00343393
32.51 0.000346159
32.52 -0.00247165
32.53 -0.00449492
32.54 -0.00527808
32.55 -0.004537
32.56 -0.00237195
32.57 0.000719183
32.58 0.00400491
32.59 0.00674143
32.6 0.00832128
32.61 0.00833598
32.62 0.00687946
32.63 0.00454815
32.64 0.00199165
32.65 -0.000332603
32.66 -0.00212115
32.67 -0.00311606
32.68 -0.00310241
32.69 -0.00202209
32.7 -2.23305e-05
32.71 0.00262039
32.72 0.00557194
32.73 0.00842624
32.74 0.0106387
32.75 0.0115864
32.76 0.0107477
32.77 0.00786305
32.78 0.00312479
32.79 -0.00276071
32.8 -0.00857934
32.81 -0.012961
32.82 -0.0148127
32.83 -0.0135901
32.84 -0.00961529
32.85 -0.00392514
32.86 0.00223448
32.87 0.00779025
32.88 0.0120419
32.89 0.0144573
32.9 0.0146534
32.91 0.012738
32.92 0.00918366
32.93 0.00461684
32.94 -0.000165978
32.95 -0.00420488
32.96 -0.0066321
32.97 -0.00696044
32.98 -0.00515408
32.99 -0.00178984
33 0.0022076
33.01 0.00600865
33.02 0.0090838
33.03 0.0110596
33.04 0.0114837
33.05 0.0100648
33.06 0.00679754
33.07 0.00191867
33.08 -0.00383092
33.09 -0.00911087
33.1 -0.0124051
33.11 -0.0125585
33.12 -0.00924642
33.13 -0.00319799
33.14 0.00421243
33.15 0.0116614
33.16 0.0182224
33.17 0.0229683
33.18 0.0249093
33.19 0.0236583
33.2 0.0193298
33.21 0.0121736
33.22 0.00298098
33.23 -0.00667433
33.24 -0.0148043
33.25 -0.019874
33.26 -0.0210738
33.27 -0.0180467
33.28 -0.0112468
33.29 -0.00204369
33.3 0.00773284
33.31 0.0165654
33.32 0.02345
33.33 0.0273101
33.34 0.027428
33.35 0.0241156
33.36 0.0180082
33.37 0.00969315
33.38 0.00015368
33.39 -0.0090707
33.4 -0.0163629
33.41 -0.0205227
33.42 -0.0205411
33.43 -0.0160187
33.44 -0.00797222
33.45 0.0018607
33.46 0.0115257
33.47 0.0197264
33.48 0.0259215
33.49 0.0290709
33.5 0.0287161
33.51 0.0258044
33.52 0.0209902
33.53 0.0143571
33.54 0.00665476
33.55 -0.00107988
33.56 -0.00762592
33.57 -0.0119845
33.58 -0.013765
33.59 -0.0123858
33.6 -0.00789486
33.61 -0.00153808
33.62 0.00522614
33.63 0.0113348
33.64 0.0165574
33.65 0.0208462
33.66 0.0233996
33.67 0.0236685
33.68 0.0219495
33.69 0.0184114
33.7 0.0131429
33.71 0.00676013
33.72 -0.000169266
33.73 -0.00695078
33.74 -0.012779
33.75 -0.017017
33.76 -0.0186899
33.77 -0.0172256
33.78 -0.0131823
33.79 -0.00741615
33.8 -0.000734295
33.81 0.00595137
33.82 0.0119971
33.83 0.0172248
33.84 0.0215186
33.85 0.0245149
33.86 0.0258723
33.87 0.0254576
33.88 0.0231664
33.89 0.0190073
33.9 0.0133183
33.91 0.00661247
33.92 -0.000629979
33.93 -0.00758304
33.94 -0.0132661
33.95 -0.0169035
33.96 -0.01769
33.97 -0.0152143
33.98 -0.00992341
33.99 -0.00266113
34 0.0055015
34.01 0.0137146
34.02 0.0216339
34.03 0.0286229
34.04 0.0338894
34.05 0.0375445
34.06 0.0403465
34.07 0.0425581
34.08 0.0437912
34.09 0.0437014
34.1 0.0421761
34.11 0.0389962
34.12 0.0339269
34.13 0.0271555
34.14 0.0192335
34.15 0.0106143
34.16 0.00155876
34.17 -0.00714792
34.18 -0.0144124
34.19 -0.0195615
34.2 -0.0221104
34.21 -0.0215561
34.22 -0.0179091
34.23 -0.0118748
34.24 -0.00430663
34.25 0.00380795
34.26 0.0116846
34.27 0.0192646
34.28 0.0265278
34.29 0.0328171
34.3 0.0374495
34.31 0.0403803
34.32 0.0417162
34.33 0.0411753
34.34 0.0385396
34.35 0.03407
34.36 0.0280375
34.37 0.0203538
34.38 0.0110604
34.39 0.000606263
34.4 -0.00995035
34.41 -0.0192911
34.42 -0.0268396
34.43 -0.0327095
34.44 -0.0369225
34.45 -0.0394365
34.46 -0.0405046
34.47 -0.040465
34.48 -0.0394135
34.49 -0.0373184
34.5 -0.0343714
34.51 -0.0309549
34.52 -0.0272718
34.53 -0.0232183
34.54 -0.0186904
34.55 -0.0138441
34.56 -0.00886651
34.57 -0.00373707
34.58 0.00152303
34.59 0.00666276
34.6 0.0115619
34.61 0.0162348
34.62 0.0205016
34.63 0.0239703
34.64 0.0262552
34.65 0.0272398
34.66 0.027007
34.67 0.0255334
34.68 0.0226042
34.69 0.0180673
34.7 0.0121088
34.71 0.00513515
34.72 -0.00244806
34.73 -0.00972956
34.74 -0.0162497
34.75 -0.0223968
34.76 -0.028252
34.77 -0.0334122
34.78 -0.0370626
34.79 -0.0387297
34.8 -0.0389124
34.81 -0.0382323
34.82 -0.0366713
34.83 -0.0335877
34.84 -0.0286015
34.85 -0.0221006
34.86 -0.0145574
34.87 -0.0061119
34.88 0.0031499
34.89 0.0123814
34.9 0.0212972
34.91 0.0306791
34.92 0.0408228
34.93 0.0513856
34.94 0.0614189
34.95 0.0692287
34.96 0.0738978
34.97 0.0759438
34.98 0.0760482
34.99 0.0743899
35 0.0705176
35.01 0.0637951
35.02 0.0546661
35.03 0.0442926
35.04 0.0333211
35.05 0.0219133
35.06 0.00990393
35.07 -0.00244026
35.08 -0.0142538
35.09 -0.0251013
35.1 -0.0350079
35.11 -0.0439388
35.12 -0.0515133
35.13 -0.0570429
35.14 -0.0602639
35.15 -0.0615878
35.16 -0.0614718
35.17 -0.0599212
35.18 -0.0565482
35.19 -0.0512564
35.2 -0.044532
35.21 -0.0369004
35.22 -0.0285737
35.23 -0.0194543
35.24 -0.00964496
35.25 0.000273503
35.26 0.00957141
35.27 0.0175999
35.28 0.0242877
35.29 0.0299908
35.3 0.0348316
35.31 0.0386214
35.32 0.0409074
35.33 0.0414307
35.34 0.040652
35.35 0.0393417
35.36 0.0379384
35.37 0.0363202
35.38 0.0341411
35.39 0.0314509
35.4 0.0286041
35.41 0.0257916
35.42 0.0228457
35.43 0.0193049
35.44 0.014908
35.45 0.00967388
35.46 0.00356254
35.47 -0.00349645
35.48 -0.0110267
35.49 -0.0184929
35.5 -0.0259676
35.51 -0.0335209
35.52 -0.04086
35.53 -0.0474038
35.54 -0.0524906
35.55 -0.056084
35.56 -0.0587136
35.57 -0.0605773
35.58 -0.0611253
35.59 -0.059399
35.6 -0.0549389
35.61 -0.048106
35.62 -0.0394865
35.63 -0.029469
35.64 -0.0181085
35.65 -0.0055292
35.66 0.0075692
35.67 0.0201593
35.68 0.0318465
35.69 0.0427675
35.7 0.0527905
35.71 0.0614691
35.72 0.0681629
35.73 0.0724957
35.74 0.0747627
35.75 0.0753997
35.76 0.0743555
35.77 0.0710795
35.78 0.0651067
35.79 0.0566786
35.8 0.0464971
35.81 0.0351283
35.82 0.0228317
35.83 0.00971449
35.84 -0.00357816
35.85 -0.0156219
35.86 -0.0258691
35.87 -0.0349032
35.88 -0.0431253
35.89 -0.0505514
35.9 -0.0566676
35.91 -0.0607909
35.92 -0.0631003
35.93 -0.0642329
35.94 -0.0642982
35.95 -0.0626925
35.96 -0.0586148
35.97 -0.0520735
35.98 -0.0438255
35.99 -0.0344414
36 -0.0240286
36.01 -0.0122739
36.02 0.000851679
36.03 0.0142891
36.04 0.0272103
36.05 0.039662
36.06 0.0515961
36.07 0.062619
36.08 0.0720472
36.09 0.0793142
36.1 0.0845038
36.11 0.08793
36.12 0.0894233
36.13 0.0882162
36.14 0.083508
36.15 0.075208
36.16 0.0639194
36.17 0.0503777
36.18 0.0351168
36.19 0.0184705
36.2 0.00107195
36.21 -0.0154294
36.22 -0.0298487
36.23 -0.0423118
36.24 -0.0529208
36.25 -0.0613981
36.26 -0.0672623
36.27 -0.0697926
36.28 -0.0691195
36.29 -0.0665887
36.3 -0.0634342
36.31 -0.0599648
36.32 -0.0554861
36.33 -0.0492978
36.34 -0.0417082
36.35 -0.0332971
36.36 -0.0241949
36.37 -0.0143394
36.38 -0.00330587
36.39 0.00847972
36.4 0.0201676
36.41 0.0318698
36.42 0.0437763
36.43 0.0554862
36.44 0.0660368
36.45 0.0744351
36.46 0.0803607
36.47 0.0838963
36.48 0.0849138
36.49 0.0829461
36.5 0.0776206
36.51 0.0692847
36.52 0.0589037
36.53 0.0473703
36.54 0.0350979
36.55 0.0221619
36.56 0.00900579
36.57 -0.00354227
36.58 -0.0141488
36.59 -0.0221847
36.6 -0.0282352
36.61 -0.0327711
36.62 -0.0359853
36.63 -0.0379635
36.64 -0.0383374
36.65 -0.0372339
36.66 -0.0358098
36.67 -0.0351029
36.68 -0.0354548
36.69 -0.0364828
36.7 -0.0375623
36.71 -0.0389367
36.72 -0.0413432
36.73 -0.0449156
36.74 -0.048901
36.75 -0.0520884
36.76 -0.0538364
36.77 -0.0541814
36.78 -0.0531153
36.79 -0.0503595
36.8 -0.0455194
36.81 -0.0387456
36.82 -0.0309032
36.83 -0.0227732
36.84 -0.0146802
36.85 -0.00652604
36.86 0.00161699
36.87 0.00935386
36.88 0.0165563
36.89 0.0232874
36.9 0.029457
36.91 0.0347769
36.92 0.0389602
36.93 0.0420052
36.94 0.0441186
36.95 0.0453704
36.96 0.04553
36.97 0.0442376
36.98 0.0413656
36.99 0.0371563
37 0.0320113
37.01 0.0262134
37.02 0.019847
37.03 0.0129942
37.04 0.00579607
37.05 -0.00164608
37.06 -0.0087509
37.07 -0.0150334
37.08 -0.0205976
37.09 -0.0254671
37.1 -0.0295049
37.11 -0.0324348
37.12 -0.0337554
37.13 -0.033388
37.14 -0.0317909
37.15 -0.0292761
37.16 -0.0257813
37.17 -0.0208786
37.18 -0.014199
37.19 -0.00596155
37.2 0.00336912
37.21 0.0133044
37.22 0.0230987
37.23 0.0324256
37.24 0.0415061
37.25 0.0503181
37.26 0.0583692
37.27 0.0648283
37.28 0.0691094
37.29 0.0713503
37.3 0.0719537
37.31 0.0709846
37.32 0.0680746
37.33 0.0629014
37.34 0.0557485
37.35 0.0472661
37.36 0.0379095
37.37 0.0277226
37.38 0.0165117
37.39 0.00437304
37.4 -0.00824755
37.41 -0.0206016
37.42 -0.0324848
37.43 -0.0443211
37.44 -0.0560666
37.45 -0.0669563
37.46 -0.0756705
37.47 -0.0812528
37.48 -0.0839006
37.49 -0.0842909
37.5 -0.0827519
37.51 -0.0790776
37.52 -0.0732171
37.53 -0.0658994
37.54 -0.0579801
37.55 -0.0497272
37.56 -0.0408079
37.57 -0.0310252
37.58 -0.0208875
37.59 -0.0109448
37.6 -0.00121177
37.61 0.00823998
37.62 0.0169257
37.63 0.0252039
37.64 0.0341589
37.65 0.0442689
37.66 0.055355
37.67 0.0664276
37.68 0.0758733
37.69 0.0831695
37.7 0.0890111
37.71 0.0937744
37.72 0.096908
37.73 0.0970896
37.74 0.0934076
37.75 0.0864213
37.76 0.0773106
37.77 0.066763
37.78 0.0546358
37.79 0.0403624
37.8 0.0241192
37.81 0.00662303
37.82 -0.0117509
37.83 -0.0296827
37.84 -0.0459282
37.85 -0.0608117
37.86 -0.0746864
37.87 -0.0871353
37.88 -0.0969329
37.89 -0.102414
37.9 -0.103156
37.91 -0.10013
37.92 -0.0942493
37.93 -0.085764
37.94 -0.0743519
37.95 -0.0603236
37.96 -0.0451351
37.97 -0.0300415
37.98 -0.0154536
37.99 -0.00126916
38 0.0115281
38.01 0.022054
38.02 0.0306991
38.03 0.0375889
38.04 0.0424948
38.05 0.0454481
38.06 0.0464936
38.07 0.0443676
38.08 0.039081
38.09 0.0328719
38.1 0.0271228
38.11 0.0220794
38.12 0.0177492
38.13 0.0139811
