0.01 6.42599e-07
0.02 1.16552e-06
0.03 -1.48722e-06
0.04 -8.87944e-06
0.05 -1.89406e-05
0.06 -2.78911e-05
0.07 -3.40326e-05
0.08 -4.036e-05
0.09 -5.19638e-05
0.1 -6.83416e-05
0.11 -7.84313e-05
0.12 -6.66815e-05
0.13 -2.70308e-05
0.14 2.90393e-05
0.15 7.88782e-05
0.16 0.000102893
0.17 9.41883e-05
0.18 5.85675e-05
0.19 9.61235e-06
0.2 -3.49403e-05
0.21 -5.68869e-05
0.22 -4.58803e-05
0.23 -8.1711e-06
0.24 3.44691e-05
0.25 5.78732e-05
0.26 5.06624e-05
0.27 1.99262e-05
0.28 -1.46405e-05
0.29 -3.26339e-05
0.3 -2.50076e-05
0.31 -1.08425e-06
0.32 1.5156e-05
0.33 9.84174e-07
0.34 -4.56676e-05
0.35 -9.8783e-05
0.36 -0.00011849
0.37 -7.93778e-05
0.38 8.85413e-06
0.39 0.000105918
0.4 0.000167379
0.41 0.000171558
0.42 0.000127721
0.43 6.4912e-05
0.44 1.40102e-05
0.45 -6.21126e-06
0.46 3.99071e-06
0.47 2.55147e-05
0.48 2.93487e-05
0.49 -5.91724e-06
0.5 -7.63155e-05
0.51 -0.000149089
0.52 -0.000181022
0.53 -0.000147229
0.54 -5.82565e-05
0.55 4.66657e-05
0.56 0.00012261
0.57 0.000141237
0.58 0.000101778
0.59 2.90922e-05
0.6 -3.91572e-05
0.61 -7.1097e-05
0.62 -5.60015e-05
0.63 -8.52443e-06
0.64 3.9717e-05
0.65 6.65276e-05
0.66 5.74286e-05
0.67 4.9602e-06
0.68 -6.69172e-05
0.69 -0.000111172
0.7 -9.29601e-05
0.71 -1.49342e-05
0.72 8.23154e-05
0.73 0.000145602
0.74 0.00014317
0.75 8.29575e-05
0.76 2.63661e-06
0.77 -5.80814e-05
0.78 -8.00448e-05
0.79 -6.86485e-05
0.8 -4.29638e-05
0.81 -2.10564e-05
0.82 -1.02995e-05
0.83 -6.85031e-06
0.84 -1.99329e-06
0.85 1.09545e-05
0.86 3.25428e-05
0.87 5.56282e-05
0.88 6.7897e-05
0.89 6.01542e-05
0.9 3.40793e-05
0.91 2.30234e-07
0.92 -3.14159e-05
0.93 -5.65592e-05
0.94 -7.25948e-05
0.95 -7.4104e-05
0.96 -5.62405e-05
0.97 -2.17753e-05
0.98 1.80185e-05
0.99 4.96393e-05
1 6.34354e-05
1.01 5.56081e-05
1.02 2.82889e-05
1.03 -1.0402e-05
1.04 -4.66483e-05
1.05 -6.37248e-05
1.06 -4.98843e-05
1.07 -8.65514e-06
1.08 3.79653e-05
1.09 6.07832e-05
1.1 4.41611e-05
1.11 -6.35884e-08
1.12 -3.88658e-05
1.13 -4.14225e-05
1.14 -1.8017e-06
1.15 5.62416e-05
1.16 9.50665e-05
1.17 8.8036e-05
1.18 3.76752e-05
1.19 -2.48375e-05
1.2 -6.03057e-05
1.21 -4.91525e-05
1.22 -5.7298e-06
1.23 3.20275e-05
1.24 3.01527e-05
1.25 -1.70369e-05
1.26 -8.28258e-05
1.27 -0.000125395
1.28 -0.000113581
1.29 -4.46828e-05
1.3 5.4928e-05
1.31 0.000143851
1.32 0.000184461
1.33 0.000158201
1.34 7.42073e-05
1.35 -3.13799e-05
1.36 -0.000109237
1.37 -0.00012262
1.38 -7.16938e-05
1.39 3.60959e-06
1.4 4.93805e-05
1.41 3.53199e-05
1.42 -2.37897e-05
1.43 -7.85084e-05
1.44 -8.01458e-05
1.45 -1.70776e-05
1.46 7.45431e-05
1.47 0.000134832
1.48 0.000122085
1.49 4.24534e-05
1.5 -5.37334e-05
1.51 -0.000106135
1.52 -8.44834e-05
1.53 -6.48088e-06
1.54 7.70687e-05
1.55 0.000116006
1.56 8.89595e-05
1.57 1.05909e-05
1.58 -8.08858e-05
1.59 -0.000144158
1.6 -0.000151496
1.61 -9.70749e-05
1.62 1.56345e-06
1.63 0.000107175
1.64 0.000173865
1.65 0.000167555
1.66 8.7622e-05
1.67 -2.71766e-05
1.68 -0.000118202
1.69 -0.000141214
1.7 -9.13137e-05
1.71 -3.07873e-06
1.72 7.0877e-05
1.73 8.98364e-05
1.74 4.86061e-05
1.75 -1.85123e-05
1.76 -5.8611e-05
1.77 -3.55869e-05
1.78 4.23256e-05
1.79 0.000123088
1.8 0.000143495
1.81 7.47717e-05
1.82 -5.26151e-05
1.83 -0.000166567
1.84 -0.000200959
1.85 -0.000137053
1.86 -1.16377e-05
1.87 0.000107924
1.88 0.000162121
1.89 0.000128788
1.9 3.10774e-05
1.91 -7.61704e-05
1.92 -0.000134577
1.93 -0.000113165
1.94 -2.59373e-05
1.95 7.63256e-05
1.96 0.000137071
1.97 0.00012792
1.98 6.2698e-05
1.99 -1.51643e-05
2 -5.94433e-05
2.01 -4.63639e-05
2.02 1.16254e-05
2.03 7.08202e-05
2.04 8.18322e-05
2.05 2.31416e-05
2.06 -8.12924e-05
2.07 -0.000175709
2.08 -0.000207971
2.09 -0.00015991
2.1 -5.31261e-05
2.11 6.73787e-05
2.12 0.000154943
2.13 0.000176065
2.14 0.00012014
2.15 8.69276e-06
2.16 -0.000103868
2.17 -0.00015183
2.18 -9.86216e-05
2.19 3.18375e-05
2.2 0.00016244
2.21 0.000209742
2.22 0.00013863
2.23 -1.29141e-05
2.24 -0.000154949
2.25 -0.000199738
2.26 -0.000117507
2.27 3.97998e-05
2.28 0.0001655
2.29 0.000165162
2.3 2.30308e-05
2.31 -0.000179219
2.32 -0.000310093
2.33 -0.000273994
2.34 -7.69149e-05
2.35 0.000173499
2.36 0.000333392
2.37 0.000310304
2.38 0.000118142
2.39 -0.000131916
2.4 -0.000297243
2.41 -0.000286672
2.42 -0.00011113
2.43 0.000126704
2.44 0.000294139
2.45 0.000303439
2.46 0.000157857
2.47 -5.54438e-05
2.48 -0.000219384
2.49 -0.000253974
2.5 -0.000156488
2.51 4.87076e-06
2.52 0.000134984
2.53 0.000166174
2.54 9.3281e-05
2.55 -2.86201e-05
2.56 -0.000121865
2.57 -0.000134664
2.58 -6.72879e-05
2.59 3.7718e-05
2.6 0.000125224
2.61 0.000153187
2.62 0.000106096
2.63 4.58869e-07
2.64 -0.000117342
2.65 -0.000187563
2.66 -0.000167883
2.67 -6.10215e-05
2.68 8.20651e-05
2.69 0.000187096
2.7 0.000195525
2.71 9.80437e-05
2.72 -5.62441e-05
2.73 -0.000184649
2.74 -0.000218739
2.75 -0.000145041
2.76 -1.13017e-05
2.77 0.000102832
2.78 0.000129425
2.79 4.92276e-05
2.8 -9.20641e-05
2.81 -0.000201167
2.82 -0.000189438
2.83 -3.32109e-05
2.84 0.000201258
2.85 0.000391222
2.86 0.000428445
2.87 0.000281441
2.88 1.4005e-05
2.89 -0.000247218
2.9 -0.000378395
2.91 -0.000324218
2.92 -0.000128762
2.93 8.90515e-05
2.94 0.000203894
2.95 0.000154855
2.96 -2.25239e-05
2.97 -0.000217124
2.98 -0.00030294
2.99 -0.000210519
3 2.80796e-05
3.01 0.00029102
3.02 0.000434593
3.03 0.00037823
3.04 0.000152674
3.05 -0.000118849
3.06 -0.00029226
3.07 -0.000282921
3.08 -0.000111252
3.09 0.000110021
3.1 0.000242361
3.11 0.00020458
3.12 1.99726e-05
3.13 -0.000202883
3.14 -0.000339232
3.15 -0.000319337
3.16 -0.000161403
3.17 4.46055e-05
3.18 0.000189008
3.19 0.00020382
3.2 0.000100523
3.21 -3.99452e-05
3.22 -0.000119318
3.23 -8.12996e-05
3.24 5.78665e-05
3.25 0.000220342
3.26 0.000310211
3.27 0.000267447
3.28 0.000102068
3.29 -0.000113082
3.3 -0.000283686
3.31 -0.000339664
3.32 -0.000263084
3.33 -9.58479e-05
3.34 7.40151e-05
3.35 0.000153963
3.36 0.000104603
3.37 -2.71458e-05
3.38 -0.000134266
3.39 -0.000123341
3.4 1.83373e-05
3.41 0.000211917
3.42 0.000338789
3.43 0.000317974
3.44 0.000157362
3.45 -5.33014e-05
3.46 -0.000201117
3.47 -0.000220275
3.48 -0.00012765
3.49 -3.65251e-06
3.5 6.47186e-05
3.51 3.94404e-05
3.52 -4.87392e-05
3.53 -0.000125965
3.54 -0.000128107
3.55 -4.52155e-05
3.56 7.24943e-05
3.57 0.000149737
3.58 0.000135952
3.59 3.64865e-05
3.6 -9.10192e-05
3.61 -0.000169206
3.62 -0.000144973
3.63 -2.35518e-05
3.64 0.000128999
3.65 0.000222822
3.66 0.000199789
3.67 6.89714e-05
3.68 -0.000101505
3.69 -0.000226521
3.7 -0.000249402
3.71 -0.000166205
3.72 -2.36468e-05
3.73 0.000103451
3.74 0.000147805
3.75 8.66663e-05
3.76 -3.94595e-05
3.77 -0.000144027
3.78 -0.000144663
3.79 -1.77693e-05
3.8 0.000178341
3.81 0.000331064
3.82 0.000340716
3.83 0.000187461
3.84 -4.84149e-05
3.85 -0.000232266
3.86 -0.000259616
3.87 -0.000122385
3.88 8.62607e-05
3.89 0.000228259
3.9 0.000202854
3.91 9.75918e-06
3.92 -0.000243683
3.93 -0.000403424
3.94 -0.000365264
3.95 -0.000142922
3.96 0.000138739
3.97 0.00031884
3.98 0.000294703
3.99 8.00555e-05
4 -0.000202537
4.01 -0.000389069
4.02 -0.000366154
4.03 -0.000137636
4.04 0.000174658
4.05 0.000398542
4.06 0.000408602
4.07 0.000198474
4.08 -0.000111858
4.09 -0.000340629
4.1 -0.000348439
4.11 -0.000122497
4.12 0.000212395
4.13 0.000466002
4.14 0.000494337
4.15 0.000282289
4.16 -5.05702e-05
4.17 -0.000322086
4.18 -0.000394004
4.19 -0.00025022
4.2 -1.11366e-06
4.21 0.000189742
4.22 0.000209608
4.23 6.35241e-05
4.24 -0.000138056
4.25 -0.000258177
4.26 -0.00022266
4.27 -6.38167e-05
4.28 0.000105271
4.29 0.000168576
4.3 8.67822e-05
4.31 -7.6354e-05
4.32 -0.000200254
4.33 -0.000191305
4.34 -4.29277e-05
4.35 0.000166235
4.36 0.000325656
4.37 0.000355799
4.38 0.000244514
4.39 4.58073e-05
4.4 -0.000152014
4.41 -0.000271481
4.42 -0.000280183
4.43 -0.000195594
4.44 -6.30956e-05
4.45 7.13546e-05
4.46 0.000175599
4.47 0.000231433
4.48 0.000228385
4.49 0.000160392
4.5 3.26562e-05
4.51 -0.000125152
4.52 -0.000256794
4.53 -0.000302182
4.54 -0.000235848
4.55 -9.17593e-05
4.56 5.04527e-05
4.57 0.0001131
4.58 6.993e-05
4.59 -3.54864e-05
4.6 -0.000116654
4.61 -0.000104332
4.62 -1.36381e-06
4.63 0.00011323
4.64 0.000142209
4.65 4.89963e-05
4.66 -0.000106449
4.67 -0.000206323
4.68 -0.000160141
4.69 2.59068e-05
4.7 0.000245124
4.71 0.000355941
4.72 0.000274061
4.73 3.08369e-05
4.74 -0.000240926
4.75 -0.000386115
4.76 -0.000321481
4.77 -8.45778e-05
4.78 0.000193254
4.79 0.000369745
4.8 0.000374987
4.81 0.000243663
4.82 7.97688e-05
4.83 -1.98219e-05
4.84 -2.98865e-05
4.85 -3.68291e-06
4.86 -1.86008e-05
4.87 -0.00010584
4.88 -0.000220545
4.89 -0.000273709
4.9 -0.000200013
4.91 -1.19363e-05
4.92 0.00019906
4.93 0.000316692
4.94 0.00027174
4.95 8.27809e-05
4.96 -0.000156573
4.97 -0.00032985
4.98 -0.000357924
4.99 -0.000238393
5 -4.44556e-05
5.01 0.000119931
5.02 0.000183072
5.03 0.000143059
5.04 5.51621e-05
5.05 -1.48938e-05
5.06 -3.33033e-05
5.07 -9.99907e-06
5.08 1.91335e-05
5.09 2.22736e-05
5.1 -6.23723e-06
5.11 -4.46087e-05
5.12 -6.06537e-05
5.13 -3.35456e-05
5.14 3.27e-05
5.15 0.000110839
5.16 0.00016613
5.17 0.000176267
5.18 0.000142188
5.19 8.38037e-05
5.2 2.51058e-05
5.21 -2.16288e-05
5.22 -6.0972e-05
5.23 -0.000101771
5.24 -0.000136943
5.25 -0.000140927
5.26 -9.60758e-05
5.27 -2.29512e-05
5.28 2.35228e-05
5.29 -1.50476e-06
5.3 -8.56893e-05
5.31 -0.00015835
5.32 -0.000145508
5.33 -3.61934e-05
5.34 0.000101539
5.35 0.000173528
5.36 0.000137363
5.37 3.81799e-05
5.38 -2.92462e-05
5.39 -3.46778e-07
5.4 0.000105982
5.41 0.000203386
5.42 0.000205311
5.43 8.9066e-05
5.44 -8.73528e-05
5.45 -0.000223055
5.46 -0.000239749
5.47 -0.000132328
5.48 2.85063e-05
5.49 0.000143089
5.5 0.000146439
5.51 4.56042e-05
5.52 -9.13462e-05
5.53 -0.00018193
5.54 -0.000177625
5.55 -8.67284e-05
5.56 3.45694e-05
5.57 0.000115137
5.58 0.000111905
5.59 4.0734e-05
5.6 -2.90351e-05
5.61 -2.08298e-05
5.62 8.94288e-05
5.63 0.000243736
5.64 0.000331707
5.65 0.00026774
5.66 6.1368e-05
5.67 -0.000177108
5.68 -0.000305789
5.69 -0.000246342
5.7 -3.87044e-05
5.71 0.000179752
5.72 0.000257838
5.73 0.000127669
5.74 -0.000146176
5.75 -0.000401645
5.76 -0.000478664
5.77 -0.000319294
5.78 -7.64251e-06
5.79 0.000274367
5.8 0.000354071
5.81 0.000178885
5.82 -0.000140094
5.83 -0.000388638
5.84 -0.000382733
5.85 -9.10824e-05
5.86 0.00033372
5.87 0.00064185
5.88 0.000642102
5.89 0.000325147
5.9 -0.000129265
5.91 -0.00046402
5.92 -0.000498314
5.93 -0.00022957
5.94 0.00016425
5.95 0.000420154
5.96 0.000341618
5.97 -7.26007e-05
5.98 -0.000606603
5.99 -0.000942105
6 -0.000847113
6.01 -0.000324051
6.02 0.000375253
6.03 0.000886937
6.04 0.000950916
6.05 0.000570098
6.06 8.87903e-06
6.07 -0.000372054
6.08 -0.000337733
6.09 7.85884e-05
6.1 0.000594908
6.11 0.000851206
6.12 0.000628789
6.13 -1.08912e-05
6.14 -0.000750929
6.15 -0.00120096
6.16 -0.00113525
6.17 -0.000637239
6.18 -4.76288e-05
6.19 0.000258267
6.2 0.000116977
6.21 -0.000318782
6.22 -0.000681863
6.23 -0.000626528
6.24 -5.21189e-05
6.25 0.000817656
6.26 0.00154747
6.27 0.00173493
6.28 0.00124665
6.29 0.000312075
6.3 -0.000591817
6.31 -0.00101248
6.32 -0.000783213
6.33 -0.000111964
6.34 0.000552498
6.35 0.00079076
6.36 0.000454824
6.37 -0.000257939
6.38 -0.000935623
6.39 -0.00120257
6.4 -0.000935547
6.41 -0.000318266
6.42 0.000290492
6.43 0.000579565
6.44 0.000451862
6.45 4.70376e-05
6.46 -0.000362036
6.47 -0.000518401
6.48 -0.000302163
6.49 0.000213449
6.5 0.000788455
6.51 0.0011264
6.52 0.00102983
6.53 0.000519711
6.54 -0.000161014
6.55 -0.000676481
6.56 -0.000789146
6.57 -0.000496292
6.58 -2.48712e-05
6.59 0.000310796
6.6 0.000295146
6.61 -6.99726e-05
6.62 -0.000571594
6.63 -0.00090257
6.64 -0.000826902
6.65 -0.000314921
6.66 0.000421079
6.67 0.00102329
6.68 0.00118221
6.69 0.000823499
6.7 0.000165401
6.71 -0.000406612
6.72 -0.000575991
6.73 -0.00028691
6.74 0.000231355
6.75 0.000615122
6.76 0.000591474
6.77 0.00014044
6.78 -0.00049955
6.79 -0.000979815
6.8 -0.00104483
6.81 -0.000666604
6.82 -4.367e-05
6.83 0.000516319
6.84 0.000757732
6.85 0.000603171
6.86 0.000189336
6.87 -0.00020652
6.88 -0.00032085
6.89 -6.11154e-05
6.9 0.00042641
6.91 0.000829756
6.92 0.000854982
6.93 0.000415091
6.94 -0.000296788
6.95 -0.000906631
6.96 -0.00107838
6.97 -0.000718973
6.98 -4.03039e-05
6.99 0.000563448
7 0.000750045
7.01 0.00043278
7.02 -0.000171037
7.03 -0.000678046
7.04 -0.000776538
7.05 -0.000410816
7.06 0.000200583
7.07 0.000708814
7.08 0.00083888
7.09 0.000538483
7.1 3.74549e-06
7.11 -0.000428723
7.12 -0.000476513
7.13 -9.2102e-05
7.14 0.000487362
7.15 0.000872091
7.16 0.000759891
7.17 0.000131536
7.18 -0.000721942
7.19 -0.00135482
7.2 -0.00141199
7.21 -0.000825959
7.22 0.000133719
7.23 0.000991454
7.24 0.00131895
7.25 0.000971433
7.26 0.0001711
7.27 -0.000615324
7.28 -0.000939959
7.29 -0.000629544
7.3 0.000111267
7.31 0.000813988
7.32 0.00102386
7.33 0.000583142
7.34 -0.000258304
7.35 -0.000987782
7.36 -0.00114801
7.37 -0.000627857
7.38 0.000261688
7.39 0.000978205
7.4 0.00108638
7.41 0.000530679
7.42 -0.000330595
7.43 -0.000953081
7.44 -0.000949199
7.45 -0.000323653
7.46 0.000543876
7.47 0.00114189
7.48 0.00112944
7.49 0.000517248
7.5 -0.000356329
7.51 -0.00101862
7.52 -0.00111638
7.53 -0.000607755
7.54 0.000204641
7.55 0.000833951
7.56 0.000892573
7.57 0.000334596
7.58 -0.000504564
7.59 -0.00110941
7.6 -0.00110223
7.61 -0.000478012
7.62 0.000387581
7.63 0.000964917
7.64 0.000896241
7.65 0.000219082
7.66 -0.000654859
7.67 -0.00119259
7.68 -0.00106103
7.69 -0.000314948
7.7 0.000651679
7.71 0.00134075
7.72 0.00142172
7.73 0.000893553
7.74 6.78359e-05
7.75 -0.000605177
7.76 -0.000779062
7.77 -0.000398888
7.78 0.000271071
7.79 0.000803424
7.8 0.000858563
7.81 0.000378278
7.82 -0.000386616
7.83 -0.00101964
7.84 -0.00117129
7.85 -0.00075907
7.86 -2.10159e-05
7.87 0.000624247
7.88 0.000824839
7.89 0.000501998
7.9 -0.000110296
7.91 -0.00061899
7.92 -0.000708677
7.93 -0.000317858
7.94 0.000331994
7.95 0.00086384
7.96 0.000960757
7.97 0.000552064
7.98 -0.000139179
7.99 -0.000723669
8 -0.000878576
8.01 -0.000544053
8.02 3.99562e-05
8.03 0.000483194
8.04 0.000492297
8.05 6.32881e-05
8.06 -0.000506568
8.07 -0.00080513
8.08 -0.000575819
8.09 0.000105597
8.1 0.000866989
8.11 0.00126506
8.12 0.00105584
8.13 0.000346938
8.14 -0.000458236
8.15 -0.000896662
8.16 -0.000728545
8.17 -9.27049e-05
8.18 0.000573855
8.19 0.00081202
8.2 0.00043631
8.21 -0.000342536
8.22 -0.00104525
8.23 -0.00121925
8.24 -0.000718709
8.25 0.000201138
8.26 0.00103286
8.27 0.00131701
8.28 0.000913872
8.29 8.6567e-05
8.3 -0.000655922
8.31 -0.000865693
8.32 -0.000427455
8.33 0.000372196
8.34 0.00101977
8.35 0.00108558
8.36 0.000481852
8.37 -0.000482649
8.38 -0.00127948
8.39 -0.00146448
8.4 -0.000935409
8.41 1.97013e-06
8.42 0.000808411
8.43 0.00102906
8.44 0.00055942
8.45 -0.000298407
8.46 -0.00101632
8.47 -0.00114649
8.48 -0.000577814
8.49 0.00039862
8.5 0.00125314
8.51 0.0015208
8.52 0.00107097
8.53 0.000182847
8.54 -0.000622108
8.55 -0.000891739
8.56 -0.000509312
8.57 0.000244904
8.58 0.000869743
8.59 0.00095036
8.6 0.00041243
8.61 -0.000433742
8.62 -0.00109104
8.63 -0.00118817
8.64 -0.00070099
8.65 5.54109e-05
8.66 0.000641113
8.67 0.000760381
8.68 0.000418843
8.69 -0.000108631
8.7 -0.000459625
8.71 -0.000399797
8.72 4.63991e-05
8.73 0.000616093
8.74 0.00096587
8.75 0.000875624
8.76 0.000377793
8.77 -0.000262999
8.78 -0.000705555
8.79 -0.000731338
8.8 -0.000369882
8.81 0.000126495
8.82 0.000442954
8.83 0.000392886
8.84 1.89991e-05
8.85 -0.000449158
8.86 -0.000739406
8.87 -0.000688193
8.88 -0.000317486
8.89 0.000188235
8.9 0.000578562
8.91 0.000661661
8.92 0.000405715
8.93 -3.50918e-05
8.94 -0.000397683
8.95 -0.000458608
8.96 -0.000169529
8.97 0.000304736
8.98 0.000674775
8.99 0.000693933
9 0.000307739
9.01 -0.000304104
9.02 -0.000824363
9.03 -0.000980483
9.04 -0.000702053
9.05 -0.000158174
9.06 0.000343589
9.07 0.00053228
9.08 0.000321875
9.09 -0.000145703
9.1 -0.000580833
9.11 -0.000704313
9.12 -0.000403574
9.13 0.000194045
9.14 0.000780937
9.15 0.00104071
9.16 0.00083335
9.17 0.000278125
9.18 -0.000318074
9.19 -0.000640397
9.2 -0.000541784
9.21 -0.000113395
9.22 0.000381347
9.23 0.000661498
9.24 0.000581379
9.25 0.000198969
9.26 -0.000272049
9.27 -0.000589843
9.28 -0.000611343
9.29 -0.000352205
9.3 3.49732e-05
9.31 0.000339415
9.32 0.000395399
9.33 0.000175053
9.34 -0.000178942
9.35 -0.000421388
9.36 -0.000354173
9.37 3.11952e-05
9.38 0.000522244
9.39 0.000804085
9.4 0.000659063
9.41 0.000113454
9.42 -0.000568139
9.43 -0.00103317
9.44 -0.00103744
9.45 -0.000575452
9.46 0.00011523
9.47 0.000671467
9.48 0.000790743
9.49 0.000399532
9.5 -0.000289134
9.51 -0.00087734
9.52 -0.00100172
9.53 -0.000550806
9.54 0.000252148
9.55 0.000964288
9.56 0.00118092
9.57 0.00078452
9.58 2.71124e-05
9.59 -0.000619618
9.6 -0.000755307
9.61 -0.000307302
9.62 0.000414542
9.63 0.000916748
9.64 0.000841527
9.65 0.000194028
9.66 -0.000659857
9.67 -0.00121266
9.68 -0.00111631
9.69 -0.000394594
9.7 0.000556002
9.71 0.00118938
9.72 0.00113536
9.73 0.000430178
9.74 -0.000500255
9.75 -0.00110189
9.76 -0.00103215
9.77 -0.000361476
9.78 0.000484148
9.79 0.000993758
9.8 0.000881342
9.81 0.000248064
9.82 -0.000494137
9.83 -0.000885312
9.84 -0.000701871
9.85 -8.59941e-05
9.86 0.00055585
9.87 0.000813626
9.88 0.000525733
9.89 -0.000129055
9.9 -0.000744525
9.91 -0.000929888
9.92 -0.000542923
9.93 0.000217153
9.94 0.000917937
9.95 0.00115101
9.96 0.000784414
9.97 4.56773e-05
9.98 -0.000624202
9.99 -0.000849299
10 -0.000542063
10.01 6.6479e-05
10.02 0.000587308
10.03 0.000710064
10.04 0.000377613
10.05 -0.000191924
10.06 -0.00064361
10.07 -0.00070341
10.08 -0.00034358
10.09 0.00020722
10.1 0.00061268
10.11 0.000635124
10.12 0.000269768
10.13 -0.000263323
10.14 -0.000652218
10.15 -0.000669455
10.16 -0.00029429
10.17 0.000281139
10.18 0.000757666
10.19 0.000884708
10.2 0.000587375
10.21 6.76321e-06
10.22 -0.000570826
10.23 -0.000865786
10.24 -0.000759759
10.25 -0.000359378
10.26 7.67346e-05
10.27 0.000299863
10.28 0.000216191
10.29 -7.22019e-05
10.3 -0.000346077
10.31 -0.000409207
10.32 -0.000200462
10.33 0.000184069
10.34 0.000556829
10.35 0.000739459
10.36 0.000643877
10.37 0.000308846
10.38 -0.00011326
10.39 -0.000419805
10.4 -0.000456195
10.41 -0.000205922
10.42 0.000183994
10.43 0.000473808
10.44 0.000470647
10.45 0.000154687
10.46 -0.000296107
10.47 -0.000611056
10.48 -0.000598681
10.49 -0.000270321
10.5 0.00016866
10.51 0.000452258
10.52 0.000418923
10.53 0.000101945
10.54 -0.000301089
10.55 -0.000548422
10.56 -0.000489778
10.57 -0.000146876
10.58 0.000299832
10.59 0.000611049
10.6 0.000620728
10.61 0.000327074
10.62 -0.000104313
10.63 -0.000425419
10.64 -0.000439608
10.65 -0.000118956
10.66 0.000363505
10.67 0.000721053
10.68 0.000723204
10.69 0.00034412
10.7 -0.000213793
10.71 -0.000639853
10.72 -0.000696712
10.73 -0.000351597
10.74 0.000206966
10.75 0.000666519
10.76 0.000756818
10.77 0.000408123
10.78 -0.000188899
10.79 -0.000676723
10.8 -0.000739417
10.81 -0.000300865
10.82 0.000415001
10.83 0.00100457
10.84 0.00111577
10.85 0.000655714
10.86 -0.000145716
10.87 -0.000859684
10.88 -0.00110372
10.89 -0.000764914
10.9 -6.45149e-05
10.91 0.000579248
10.92 0.000807271
10.93 0.000532708
10.94 -2.1749e-05
10.95 -0.000477168
10.96 -0.000535519
10.97 -0.000152461
10.98 0.000448462
10.99 0.000916291
11 0.00098017
11.01 0.000605104
11.02 8.73657e-06
11.03 -0.000470457
11.04 -0.00057417
11.05 -0.000275779
11.06 0.000208334
11.07 0.000556153
11.08 0.000539485
11.09 0.000161477
11.1 -0.000349761
11.11 -0.000684042
11.12 -0.000639507
11.13 -0.000245456
11.14 0.000256433
11.15 0.000561606
11.16 0.000490686
11.17 0.000100969
11.18 -0.000345486
11.19 -0.00054082
11.2 -0.000326068
11.21 0.00019793
11.22 0.000719167
11.23 0.000899637
11.24 0.000587111
11.25 -7.60891e-05
11.26 -0.000722639
11.27 -0.00097793
11.28 -0.000696989
11.29 -6.68027e-05
11.3 0.000502569
11.31 0.000637675
11.32 0.000246971
11.33 -0.000411544
11.34 -0.000893673
11.35 -0.000862576
11.36 -0.000316502
11.37 0.000407072
11.38 0.00085863
11.39 0.000778919
11.4 0.000264713
11.41 -0.000311793
11.42 -0.000564094
11.43 -0.000347939
11.44 0.000157743
11.45 0.000588002
11.46 0.000640112
11.47 0.000262605
11.48 -0.000327042
11.49 -0.000789038
11.5 -0.000869945
11.51 -0.000548056
11.52 -3.61713e-05
11.53 0.000353876
11.54 0.000400299
11.55 9.79268e-05
11.56 -0.000351826
11.57 -0.000672851
11.58 -0.000679442
11.59 -0.000375403
11.6 6.17797e-05
11.61 0.000392785
11.62 0.000457016
11.63 0.000261104
11.64 -3.72509e-05
11.65 -0.000237219
11.66 -0.000220603
11.67 -1.8027e-05
11.68 0.000215691
11.69 0.000298552
11.7 0.000141087
11.71 -0.000181364
11.72 -0.000463051
11.73 -0.00050219
11.74 -0.000246521
11.75 0.000159627
11.76 0.000464443
11.77 0.000470431
11.78 0.000161032
11.79 -0.000285416
11.8 -0.000601595
11.81 -0.000593476
11.82 -0.00026128
11.83 0.000196166
11.84 0.000501174
11.85 0.000471371
11.86 0.000139545
11.87 -0.000261586
11.88 -0.000446935
11.89 -0.000266726
11.9 0.000189652
11.91 0.0006445
11.92 0.000805602
11.93 0.000551017
11.94 8.01439e-06
11.95 -0.000522094
11.96 -0.000744619
11.97 -0.000547625
11.98 -6.67999e-05
11.99 0.000399098
12 0.000566107
12.01 0.000331021
12.02 -0.000164293
12.03 -0.000608975
12.04 -0.000706229
12.05 -0.000357977
12.06 0.000268525
12.07 0.000837449
12.08 0.00103946
12.09 0.000763922
12.1 0.000154674
12.11 -0.000471027
12.12 -0.000790893
12.13 -0.000647072
12.14 -0.000134538
12.15 0.00044092
12.16 0.000726953
12.17 0.000531681
12.18 -4.81861e-05
12.19 -0.000668916
12.2 -0.00094003
12.21 -0.000665973
12.22 2.20854e-05
12.23 0.000733225
12.24 0.00104928
12.25 0.000782662
12.26 9.90597e-05
12.27 -0.000572834
12.28 -0.000793094
12.29 -0.000378265
12.3 0.000471107
12.31 0.00126686
12.32 0.00151434
12.33 0.00102322
12.34 5.14051e-05
12.35 -0.000832858
12.36 -0.00110382
12.37 -0.000617842
12.38 0.000292722
12.39 0.00103531
12.4 0.00113315
12.41 0.00051617
12.42 -0.000446156
12.43 -0.00117603
12.44 -0.00123534
12.45 -0.0005855
12.46 0.000388843
12.47 0.00110838
12.48 0.0011483
12.49 0.00049498
12.5 -0.000450464
12.51 -0.00112021
12.52 -0.00111801
12.53 -0.000443242
12.54 0.000518322
12.55 0.00121911
12.56 0.00126013
12.57 0.000617436
12.58 -0.000340269
12.59 -0.00105869
12.6 -0.00112007
12.61 -0.000496099
12.62 0.000426505
12.63 0.00107649
12.64 0.00104792
12.65 0.000349308
12.66 -0.000605035
12.67 -0.0012544
12.68 -0.00123486
12.69 -0.000588647
12.7 0.000284273
12.71 0.000884723
12.72 0.00090812
12.73 0.000398753
12.74 -0.000304555
12.75 -0.000777519
12.76 -0.000748694
12.77 -0.000242582
12.78 0.000442079
12.79 0.000905156
12.8 0.000872617
12.81 0.000350407
12.82 -0.000379612
12.83 -0.000917539
12.84 -0.000969936
12.85 -0.000516265
12.86 0.000179143
12.87 0.000719861
12.88 0.000806515
12.89 0.000408763
12.9 -0.000219197
12.91 -0.000689965
12.92 -0.000713071
12.93 -0.00026636
12.94 0.000393891
12.95 0.000887972
12.96 0.000934905
12.97 0.000508018
12.98 -0.000159907
12.99 -0.000713404
13 -0.000869287
13.01 -0.000565862
13.02 7.62018e-06
13.03 0.000517954
13.04 0.000677755
13.05 0.000413666
13.06 -8.66383e-05
13.07 -0.000483484
13.08 -0.000490666
13.09 -5.38264e-05
13.1 0.000609188
13.11 0.00113408
13.12 0.00122677
13.13 0.000840811
13.14 0.000208773
13.15 -0.000295303
13.16 -0.000381788
13.17 -1.80839e-05
13.18 0.000560144
13.19 0.000994132
13.2 0.00101114
13.21 0.000579289
13.22 -7.61714e-05
13.23 -0.000601399
13.24 -0.000717466
13.25 -0.000382471
13.26 0.000188569
13.27 0.000660871
13.28 0.000785591
13.29 0.000541081
13.3 0.000124669
13.31 -0.000186044
13.32 -0.000202521
13.33 7.70779e-05
13.34 0.000480866
13.35 0.000762699
13.36 0.000738811
13.37 0.000398689
13.38 -7.79566e-05
13.39 -0.000425444
13.4 -0.000459591
13.41 -0.000192218
13.42 0.00018801
13.43 0.000445625
13.44 0.000440344
13.45 0.000195546
13.46 -0.000127591
13.47 -0.000325944
13.48 -0.0002745
13.49 -5.63497e-06
13.5 0.000309784
13.51 0.000475362
13.52 0.00039852
13.53 0.000141679
13.54 -0.000134751
13.55 -0.000279571
13.56 -0.000228504
13.57 -2.21798e-05
13.58 0.000221441
13.59 0.000363257
13.6 0.00031501
13.61 9.54791e-05
13.62 -0.000172108
13.63 -0.000331517
13.64 -0.000290068
13.65 -7.6215e-05
13.66 0.000177764
13.67 0.000315049
13.68 0.000245092
13.69 -6.70008e-06
13.7 -0.000313626
13.71 -0.000514102
13.72 -0.000495769
13.73 -0.000256939
13.74 8.76364e-05
13.75 0.000363469
13.76 0.000427071
13.77 0.000240974
13.78 -0.000107314
13.79 -0.000449383
13.8 -0.000616608
13.81 -0.000518331
13.82 -0.000188552
13.83 0.000215082
13.84 0.000470932
13.85 0.000405718
13.86 1.04635e-05
13.87 -0.000525679
13.88 -0.000913352
13.89 -0.000942358
13.9 -0.000617074
13.91 -0.000148828
13.92 0.000184206
13.93 0.000206694
13.94 -6.16615e-05
13.95 -0.000430572
13.96 -0.000650314
13.97 -0.000549748
13.98 -0.000134045
13.99 0.000414957
14 0.000843773
14.01 0.000972456
14.02 0.000783719
14.03 0.000408902
14.04 4.30419e-05
14.05 -0.000149365
14.06 -0.000104551
14.07 0.000108912
14.08 0.000319679
14.09 0.000350554
14.1 0.000136921
14.11 -0.000213975
14.12 -0.000478646
14.13 -0.000466649
14.14 -0.000162384
14.15 0.000252964
14.16 0.000524924
14.17 0.000503451
14.18 0.000242047
14.19 -4.60811e-05
14.2 -0.000132446
14.21 7.8094e-05
14.22 0.000480069
14.23 0.000824275
14.24 0.000876309
14.25 0.000579397
14.26 0.000100858
14.27 -0.000281475
14.28 -0.000368319
14.29 -0.000158149
14.3 0.00018099
14.31 0.000441821
14.32 0.000502651
14.33 0.000372499
14.34 0.000156142
14.35 -1.74432e-05
14.36 -6.14683e-05
14.37 3.06363e-05
14.38 0.000186691
14.39 0.000297905
14.4 0.000283313
14.41 0.000140161
14.42 -5.09351e-05
14.43 -0.000170167
14.44 -0.000128017
14.45 7.80915e-05
14.46 0.000352457
14.47 0.000544675
14.48 0.00052968
14.49 0.000283219
14.5 -9.36831e-05
14.51 -0.000424083
14.52 -0.000554236
14.53 -0.00044147
14.54 -0.000172923
14.55 9.77778e-05
14.56 0.000251881
14.57 0.000273423
14.58 0.000237923
14.59 0.000237335
14.6 0.000303737
14.61 0.000390057
14.62 0.000415662
14.63 0.000332839
14.64 0.000162219
14.65 -2.1632e-05
14.66 -0.000137307
14.67 -0.00014562
14.68 -7.1242e-05
14.69 2.09802e-05
14.7 7.88217e-05
14.71 9.54865e-05
14.72 9.15039e-05
14.73 7.51111e-05
14.74 3.64466e-05
14.75 -1.74247e-05
14.76 -3.99239e-05
14.77 2.13169e-05
14.78 0.000161245
14.79 0.000296434
14.8 0.000320825
14.81 0.000194732
14.82 -1.09393e-05
14.83 -0.000157013
14.84 -0.000139158
14.85 2.45197e-05
14.86 0.000194804
14.87 0.000210757
14.88 1.91771e-05
14.89 -0.00026483
14.9 -0.000426324
14.91 -0.000313184
14.92 2.95942e-05
14.93 0.000371885
14.94 0.000463684
14.95 0.000229172
14.96 -0.000171347
14.97 -0.000468489
14.98 -0.000493574
14.99 -0.000295384
15 -7.85126e-05
15.01 -3.10076e-05
15.02 -0.000183789
15.03 -0.000396716
15.04 -0.000465318
15.05 -0.000270261
15.06 0.000128266
15.07 0.000515736
15.08 0.000658646
15.09 0.000464892
15.1 5.55243e-05
15.11 -0.000309225
15.12 -0.000396503
15.13 -0.000140904
15.14 0.000327393
15.15 0.000766078
15.16 0.000955111
15.17 0.000811337
15.18 0.000428343
15.19 1.82335e-05
15.2 -0.00021253
15.21 -0.000175377
15.22 5.98832e-05
15.23 0.000308917
15.24 0.000377093
15.25 0.000174615
15.26 -0.000218468
15.27 -0.00058786
15.28 -0.000717058
15.29 -0.000535301
15.3 -0.000175091
15.31 0.000106399
15.32 8.99076e-05
15.33 -0.00026483
15.34 -0.000783909
15.35 -0.00117062
15.36 -0.00117776
15.37 -0.000766603
15.38 -0.000149799
15.39 0.000328009
15.4 0.000411996
15.41 0.00011769
15.42 -0.000266738
15.43 -0.000378401
15.44 -4.38424e-05
15.45 0.000589912
15.46 0.00115866
15.47 0.0013364
15.48 0.0010533
15.49 0.000530184
15.5 0.000117341
15.51 5.36908e-05
15.52 0.0003119
15.53 0.000636072
15.54 0.000742009
15.55 0.00052548
15.56 0.000119791
15.57 -0.000224837
15.58 -0.000323573
15.59 -0.000156198
15.6 0.000161846
15.61 0.000469885
15.62 0.000634242
15.63 0.000584653
15.64 0.00033794
15.65 1.09815e-05
15.66 -0.000210813
15.67 -0.000168902
15.68 0.000148671
15.69 0.000553407
15.7 0.000740618
15.71 0.000486631
15.72 -0.000169029
15.73 -0.000901493
15.74 -0.00128601
15.75 -0.00108552
15.76 -0.000435339
15.77 0.00023106
15.78 0.000483686
15.79 0.000206246
15.8 -0.000327481
15.81 -0.000673342
15.82 -0.000555316
15.83 -5.8357e-05
15.84 0.000455053
15.85 0.000616448
15.86 0.00030206
15.87 -0.000299126
15.88 -0.0008202
15.89 -0.00095118
15.9 -0.000627182
15.91 -5.97213e-05
15.92 0.000404178
15.93 0.000502157
15.94 0.000211781
15.95 -0.000254165
15.96 -0.000592074
15.97 -0.000583346
15.98 -0.000201831
15.99 0.000378289
16 0.000862344
16.01 0.000979224
16.02 0.000641201
16.03 3.22427e-05
16.04 -0.000463313
16.05 -0.0004867
16.06 4.32924e-05
16.07 0.000839402
16.08 0.00141201
16.09 0.00138545
16.1 0.000736229
16.11 -0.000206123
16.12 -0.000970648
16.13 -0.0012102
16.14 -0.000871153
16.15 -0.000209263
16.16 0.000338465
16.17 0.00037889
16.18 -0.000205905
16.19 -0.00114909
16.2 -0.00190847
16.21 -0.00197373
16.22 -0.00119445
16.23 8.18458e-05
16.24 0.00118531
16.25 0.00151679
16.26 0.000895521
16.27 -0.000330186
16.28 -0.00145234
16.29 -0.00177597
16.3 -0.00102965
16.31 0.000409995
16.32 0.00167249
16.33 0.00191108
16.34 0.000880511
16.35 -0.000841507
16.36 -0.00218921
16.37 -0.00229884
16.38 -0.00107374
16.39 0.000756689
16.4 0.00209506
16.41 0.00214638
16.42 0.000890251
16.43 -0.00090926
16.44 -0.00214565
16.45 -0.00202173
16.46 -0.000544904
16.47 0.00144346
16.48 0.00276167
16.49 0.0026041
16.5 0.00102929
16.51 -0.00107926
16.52 -0.002541
16.53 -0.00256554
16.54 -0.00118313
16.55 0.000808846
16.56 0.00230687
16.57 0.00250651
16.58 0.00133538
16.59 -0.00052024
16.6 -0.00201104
16.61 -0.00232162
16.62 -0.00132424
16.63 0.000375557
16.64 0.00181201
16.65 0.0022126
16.66 0.00141084
16.67 -9.48728e-05
16.68 -0.00144092
16.69 -0.0018782
16.7 -0.0011815
16.71 0.000220975
16.72 0.00147558
16.73 0.00177858
16.74 0.000849965
16.75 -0.00086078
16.76 -0.00238569
16.77 -0.00279029
16.78 -0.00176397
16.79 0.000149174
16.8 0.0018594
16.81 0.00239255
16.82 0.0014874
16.83 -0.000256945
16.84 -0.00176278
16.85 -0.00211282
16.86 -0.00105775
16.87 0.000870124
16.88 0.0026641
16.89 0.00338739
16.9 0.00265697
16.91 0.000856313
16.92 -0.00108556
16.93 -0.00220927
16.94 -0.00201515
16.95 -0.000722959
16.96 0.000861033
16.97 0.00181825
16.98 0.00163954
16.99 0.000498057
17 -0.000869
17.01 -0.00159853
17.02 -0.00121206
17.03 0.000107776
17.04 0.0016542
17.05 0.00261561
17.06 0.00249923
17.07 0.00136768
17.08 -0.000198854
17.09 -0.0013878
17.1 -0.00158382
17.11 -0.00073412
17.12 0.000605631
17.13 0.00159931
17.14 0.00161836
17.15 0.000596792
17.16 -0.000930673
17.17 -0.00211909
17.18 -0.0022954
17.19 -0.00136861
17.2 9.64537e-05
17.21 0.001222
17.22 0.00135816
17.23 0.000471518
17.24 -0.000846638
17.25 -0.00175434
17.26 -0.00168083
17.27 -0.000659807
17.28 0.000721163
17.29 0.00167764
17.3 0.0016552
17.31 0.000614983
17.32 -0.000941065
17.33 -0.00221941
17.34 -0.00256034
17.35 -0.00181563
17.36 -0.000439473
17.37 0.000781227
17.38 0.00118718
17.39 0.00061225
17.4 -0.000542008
17.41 -0.00154556
17.42 -0.00176401
17.43 -0.00102467
17.44 0.000297995
17.45 0.00151534
17.46 0.00200653
17.47 0.00153323
17.48 0.000350463
17.49 -0.000926802
17.5 -0.00163773
17.51 -0.00142327
17.52 -0.00042132
17.53 0.00081027
17.54 0.00158629
17.55 0.0014388
17.56 0.000366942
17.57 -0.00111923
17.58 -0.00222259
17.59 -0.00229316
17.6 -0.00123881
17.61 0.000378726
17.62 0.0016698
17.63 0.00195464
17.64 0.00115703
17.65 -0.00018069
17.66 -0.00124018
17.67 -0.00140919
17.68 -0.000618927
17.69 0.000653662
17.7 0.00168293
17.71 0.00189472
17.72 0.00116573
17.73 -0.000117398
17.74 -0.00126187
17.75 -0.00163893
17.76 -0.00103042
17.77 0.00024522
17.78 0.00150241
17.79 0.00204645
17.8 0.00153231
17.81 0.000159263
17.82 -0.00140019
17.83 -0.00233226
17.84 -0.0021295
17.85 -0.000900903
17.86 0.000667412
17.87 0.00169875
17.88 0.00162446
17.89 0.000505094
17.9 -0.00099842
17.91 -0.00199369
17.92 -0.00187402
17.93 -0.000680096
17.94 0.000924107
17.95 0.00203154
17.96 0.00199318
17.97 0.00078428
17.98 -0.000951135
17.99 -0.00223322
18 -0.00232139
18.01 -0.0011887
18.02 0.000451576
18.03 0.00160417
18.04 0.00160978
18.05 0.000524083
18.06 -0.000941174
18.07 -0.00185218
18.08 -0.00160411
18.09 -0.000271475
18.1 0.00144514
18.11 0.00261583
18.12 0.00259051
18.13 0.00136755
18.14 -0.000388585
18.15 -0.00170505
18.16 -0.00185931
18.17 -0.000815268
18.18 0.000766004
18.19 0.00194958
18.2 0.00209717
18.21 0.0012318
18.22 -1.51875e-05
18.23 -0.00083238
18.24 -0.000721307
18.25 0.000229441
18.26 0.00143621
18.27 0.00220397
18.28 0.0021335
18.29 0.00132662
18.3 0.000290036
18.31 -0.000388862
18.32 -0.000379945
18.33 0.000231723
18.34 0.00104218
18.35 0.00157503
18.36 0.00151533
18.37 0.000846347
18.38 -0.000147502
18.39 -0.00100947
18.4 -0.0013419
18.41 -0.00103843
18.42 -0.000355641
18.43 0.000244936
18.44 0.000392066
18.45 2.61631e-05
18.46 -0.000596756
18.47 -0.00106864
18.48 -0.00106877
18.49 -0.000554212
18.5 0.000217411
18.51 0.000834056
18.52 0.000944242
18.53 0.000437839
18.54 -0.000479754
18.55 -0.00136933
18.56 -0.00178888
18.57 -0.00155287
18.58 -0.000849869
18.59 -0.000141154
18.6 0.000108577
18.61 -0.000281197
18.62 -0.00107892
18.63 -0.00177717
18.64 -0.00192403
18.65 -0.00142591
18.66 -0.000609575
18.67 -1.35269e-06
18.68 2.32565e-05
18.69 -0.000523509
18.7 -0.00124788
18.71 -0.00161937
18.72 -0.00130455
18.73 -0.000373688
18.74 0.000729665
18.75 0.00142889
18.76 0.00134283
18.77 0.000531123
18.78 -0.000509742
18.79 -0.00113416
18.8 -0.000956691
18.81 -0.000106407
18.82 0.000851596
18.83 0.001275
18.84 0.000828897
18.85 -0.00031815
18.86 -0.00155577
18.87 -0.00215686
18.88 -0.00171118
18.89 -0.000393476
18.9 0.00111222
18.91 0.00198323
18.92 0.00171098
18.93 0.000403743
18.94 -0.00122719
18.95 -0.00222633
18.96 -0.00193929
18.97 -0.000431313
18.98 0.00151396
18.99 0.00283447
19 0.00280607
19.01 0.0014758
19.02 -0.000358958
19.03 -0.00160721
19.04 -0.00151339
19.05 -9.34158e-05
19.06 0.00189126
19.07 0.00335057
19.08 0.0034263
19.09 0.00195883
19.1 -0.000374284
19.11 -0.00236175
19.12 -0.00293811
19.13 -0.00187136
19.14 7.14529e-05
19.15 0.00163658
19.16 0.00188537
19.17 0.000748504
19.18 -0.000977613
19.19 -0.0021491
19.2 -0.00197901
19.21 -0.00050549
19.22 0.00145109
19.23 0.00277259
19.24 0.00266921
19.25 0.00113
19.26 -0.00104053
19.27 -0.00263914
19.28 -0.00273942
19.29 -0.00124308
19.3 0.00105416
19.31 0.00291524
19.32 0.00332962
19.33 0.00202855
19.34 -0.000383785
19.35 -0.00271103
19.36 -0.00379379
19.37 -0.00309874
19.38 -0.0010201
19.39 0.00130212
19.4 0.00263139
19.41 0.00230526
19.42 0.000561373
19.43 -0.00164934
19.44 -0.0032126
19.45 -0.00340485
19.46 -0.00219065
19.47 -0.00017956
19.48 0.00168398
19.49 0.00254219
19.5 0.00200978
19.51 0.000378282
19.52 -0.00149491
19.53 -0.00259041
19.54 -0.00224671
19.55 -0.000549163
19.56 0.00165592
19.57 0.003188
19.58 0.0032015
19.59 0.00169613
19.6 -0.000487646
19.61 -0.0021848
19.62 -0.00257459
19.63 -0.00158727
19.64 0.000145263
19.65 0.00169032
19.66 0.00229912
19.67 0.00174539
19.68 0.000398732
19.69 -0.000991872
19.7 -0.00169562
19.71 -0.00138125
19.72 -0.000287508
19.73 0.000928111
19.74 0.00157341
19.75 0.00130592
19.76 0.000300883
19.77 -0.00087756
19.78 -0.00158954
19.79 -0.00144999
19.8 -0.000544191
19.81 0.000593306
19.82 0.00125838
19.83 0.000990859
19.84 -0.000120351
19.85 -0.00146364
19.86 -0.00225273
19.87 -0.00198931
19.88 -0.000776709
19.89 0.00072221
19.9 0.00166443
19.91 0.00151644
19.92 0.000365977
19.93 -0.00113277
19.94 -0.00212681
19.95 -0.00203505
19.96 -0.000879611
19.97 0.000721968
19.98 0.00190291
19.99 0.00203204
20 0.00105516
20.01 -0.000503012
20.02 -0.00183206
20.03 -0.0022364
20.04 -0.00146882
20.05 0.000131736
20.06 0.00177399
20.07 0.00259679
20.08 0.0021421
20.09 0.000654277
20.1 -0.00102575
20.11 -0.00194727
20.12 -0.00162568
20.13 -0.00033769
20.14 0.00107496
20.15 0.00175527
20.16 0.00135937
20.17 0.000224928
20.18 -0.000906813
20.19 -0.00137257
20.2 -0.000944703
20.21 9.73714e-05
20.22 0.00115538
20.23 0.00163132
20.24 0.00123815
20.25 0.000168419
20.26 -0.000989484
20.27 -0.00156722
20.28 -0.00120559
20.29 -9.37698e-05
20.3 0.00111742
20.31 0.00170072
20.32 0.00131123
20.33 0.000222264
20.34 -0.000845099
20.35 -0.00118235
20.36 -0.000532683
20.37 0.000756042
20.38 0.00193416
20.39 0.00228353
20.4 0.00153889
20.41 5.24629e-05
20.42 -0.00140945
20.43 -0.00210767
20.44 -0.00174315
20.45 -0.000614282
20.46 0.000574265
20.47 0.00112423
20.48 0.000736311
20.49 -0.000334901
20.5 -0.00144575
20.51 -0.00193723
20.52 -0.00150128
20.53 -0.000344217
20.54 0.000935307
20.55 0.00167377
20.56 0.00149944
20.57 0.000533899
20.58 -0.000672923
20.59 -0.00142441
20.6 -0.00123356
20.61 -0.000106215
20.62 0.0013978
20.63 0.00241427
20.64 0.00227327
20.65 0.000969471
20.66 -0.000762348
20.67 -0.00188214
20.68 -0.0017235
20.69 -0.000458688
20.7 0.000995061
20.71 0.00158428
20.72 0.000827973
20.73 -0.000867482
20.74 -0.00248417
20.75 -0.00303756
20.76 -0.00216846
20.77 -0.000340131
20.78 0.00144461
20.79 0.00221253
20.8 0.00156015
20.81 -0.00011414
20.82 -0.00183516
20.83 -0.00261211
20.84 -0.0020192
20.85 -0.000457555
20.86 0.00109769
20.87 0.00171394
20.88 0.00106968
20.89 -0.000396813
20.9 -0.00180709
20.91 -0.00235275
20.92 -0.00169619
20.93 -0.000128034
20.94 0.00155229
20.95 0.00242439
20.96 0.00198889
20.97 0.000550672
20.98 -0.000913469
20.99 -0.00139079
21 -0.000524509
21.01 0.00114812
21.02 0.00256693
21.03 0.00283893
21.04 0.0017707
21.05 -6.61167e-05
21.06 -0.00171314
21.07 -0.00235492
21.08 -0.00170676
21.09 -0.000124431
21.1 0.00158507
21.11 0.00255507
21.12 0.00228861
21.13 0.000939302
21.14 -0.000735384
21.15 -0.00177912
21.16 -0.00160373
21.17 -0.000363451
21.18 0.0011494
21.19 0.0020247
21.2 0.00179461
21.21 0.000654089
21.22 -0.00074776
21.23 -0.00170301
21.24 -0.00176499
21.25 -0.00091828
21.26 0.000406778
21.27 0.00150135
21.28 0.00173397
21.29 0.000933878
21.3 -0.000484493
21.31 -0.00176408
21.32 -0.00224128
21.33 -0.00169738
21.34 -0.000451573
21.35 0.000815175
21.36 0.0013997
21.37 0.000940159
21.38 -0.000362263
21.39 -0.001809
21.4 -0.00256887
21.41 -0.00217361
21.42 -0.000836984
21.43 0.00066036
21.44 0.0014664
21.45 0.00119539
21.46 0.000136526
21.47 -0.00100254
21.48 -0.00157081
21.49 -0.00130339
21.5 -0.000356298
21.51 0.000852413
21.52 0.00181093
21.53 0.00205891
21.54 0.00138201
21.55 4.83095e-06
21.56 -0.00142285
21.57 -0.00215195
21.58 -0.0018057
21.59 -0.0006486
21.6 0.000587324
21.61 0.00117824
21.62 0.000834508
21.63 -0.000175518
21.64 -0.00123054
21.65 -0.00171869
21.66 -0.00134923
21.67 -0.000272388
21.68 0.00103308
21.69 0.00201534
21.7 0.00231139
21.71 0.00190281
21.72 0.00109938
21.73 0.000365478
21.74 8.1017e-05
21.75 0.00036586
21.76 0.0010366
21.77 0.00170974
21.78 0.00199944
21.79 0.00171072
21.8 0.000948814
21.81 8.44787e-05
21.82 -0.000437442
21.83 -0.000335012
21.84 0.000355008
21.85 0.00127888
21.86 0.0019374
21.87 0.00193924
21.88 0.00120629
21.89 3.28604e-05
21.9 -0.00104239
21.91 -0.00149285
21.92 -0.00107331
21.93 2.92985e-05
21.94 0.00127726
21.95 0.0020693
21.96 0.00206423
21.97 0.00134239
21.98 0.000319294
21.99 -0.000492639
22 -0.000716347
22.01 -0.000235161
22.02 0.000769167
22.03 0.00183575
22.04 0.00238073
22.05 0.00200575
22.06 0.000787135
22.07 -0.000684316
22.08 -0.00158452
22.09 -0.00131354
22.1 0.00012757
22.11 0.00206672
22.12 0.00347013
22.13 0.00350076
22.14 0.00200862
22.15 -0.00032717
22.16 -0.00229568
22.17 -0.00277552
22.18 -0.00138415
22.19 0.00121491
22.2 0.00358944
22.21 0.00438169
22.22 0.00313884
22.23 0.000554938
22.24 -0.00192362
22.25 -0.0029285
22.26 -0.00197922
22.27 0.000289453
22.28 0.00262803
22.29 0.00391189
22.3 0.0036186
22.31 0.00196179
22.32 -0.000247599
22.33 -0.00193454
22.34 -0.00225197
22.35 -0.0010636
22.36 0.000943948
22.37 0.00265862
22.38 0.00317824
22.39 0.00227894
22.4 0.000472862
22.41 -0.0013079
22.42 -0.00216864
22.43 -0.00164874
22.44 7.21046e-05
22.45 0.00226299
22.46 0.00394524
22.47 0.00428524
22.48 0.0029923
22.49 0.000541604
22.5 -0.00193609
22.51 -0.00314365
22.52 -0.00234701
22.53 9.2289e-05
22.54 0.0028707
22.55 0.00450761
22.56 0.00418479
22.57 0.00219783
22.58 -0.000294649
22.59 -0.00197819
22.6 -0.00203758
22.61 -0.000510834
22.62 0.00178091
22.63 0.00364592
22.64 0.00408858
22.65 0.00283618
22.66 0.000525117
22.67 -0.00163131
22.68 -0.00252241
22.69 -0.00176007
22.7 0.0001593
22.71 0.00225738
22.72 0.00364179
22.73 0.00383886
22.74 0.00286386
22.75 0.00113739
22.76 -0.000670494
22.77 -0.00184366
22.78 -0.0019204
22.79 -0.000969834
22.8 0.000427269
22.81 0.00151893
22.82 0.00178358
22.83 0.00115212
22.84 -1.28371e-05
22.85 -0.00112089
22.86 -0.00164456
22.87 -0.0013674
22.88 -0.000444789
22.89 0.000750315
22.9 0.0018135
22.91 0.00237407
22.92 0.00212148
22.93 0.000940166
22.94 -0.000873466
22.95 -0.00252627
22.96 -0.00304795
22.97 -0.00194432
22.98 0.000333206
22.99 0.00258271
23 0.00359886
23.01 0.00292524
23.02 0.00110537
23.03 -0.000753587
23.04 -0.0017437
23.05 -0.00166097
23.06 -0.00091737
23.07 -3.9219e-05
23.08 0.000733718
23.09 0.00138309
23.1 0.00181171
23.11 0.00174715
23.12 0.000946075
23.13 -0.000494143
23.14 -0.00199697
23.15 -0.00276351
23.16 -0.00229936
23.17 -0.00078745
23.18 0.000990755
23.19 0.00210145
23.2 0.00195754
23.21 0.000616821
23.22 -0.001237
23.23 -0.00261959
23.24 -0.00275562
23.25 -0.00150107
23.26 0.000592641
23.27 0.0025743
23.28 0.00351418
23.29 0.00288508
23.3 0.000846813
23.31 -0.00170323
23.32 -0.00347007
23.33 -0.00345401
23.34 -0.00159443
23.35 0.0011412
23.36 0.00330179
23.37 0.0037276
23.38 0.00212227
23.39 -0.000797169
23.4 -0.00358828
23.41 -0.0048572
23.42 -0.00402415
23.43 -0.00167276
23.44 0.000779199
23.45 0.00197588
23.46 0.00139294
23.47 -0.000462479
23.48 -0.00243223
23.49 -0.00338434
23.5 -0.00277608
23.51 -0.00084136
23.52 0.00160938
23.53 0.00357618
23.54 0.00426454
23.55 0.00340318
23.56 0.00138742
23.57 -0.000851191
23.58 -0.00222687
23.59 -0.00200269
23.6 -0.000184657
23.61 0.00243754
23.62 0.00459853
23.63 0.00511716
23.64 0.00345141
23.65 5.24732e-05
23.66 -0.00359141
23.67 -0.00553843
23.68 -0.00447871
23.69 -0.000613358
23.7 0.00428345
23.71 0.00789292
23.72 0.00859556
23.73 0.00601789
23.74 0.00110283
23.75 -0.0040999
23.76 -0.00725402
23.77 -0.00683338
23.78 -0.0028522
23.79 0.00313835
23.8 0.00871235
23.81 0.0117282
23.82 0.0111205
23.83 0.00713557
23.84 0.00131162
23.85 -0.00407392
23.86 -0.00689932
23.87 -0.00611829
23.88 -0.00228977
23.89 0.00284077
23.9 0.00727096
23.91 0.00941244
23.92 0.00845627
23.93 0.00461469
23.94 -0.000921804
23.95 -0.00611318
23.96 -0.00881957
23.97 -0.00790979
23.98 -0.00373491
23.99 0.00211518
24 0.00750165
24.01 0.0105434
24.02 0.0101831
24.03 0.0064956
24.04 0.00070967
24.05 -0.00517922
24.06 -0.00907154
24.07 -0.00956904
24.08 -0.00656817
24.09 -0.00127331
24.1 0.00450148
24.11 0.00910277
24.12 0.011338
24.13 0.0106285
24.14 0.00719378
24.15 0.00201798
24.16 -0.00341845
24.17 -0.007413
24.18 -0.00852309
24.19 -0.00624873
24.2 -0.00138008
24.21 0.00444
24.22 0.00943548
24.23 0.0121252
24.24 0.0115943
24.25 0.00780824
24.26 0.00171388
24.27 -0.00492841
24.28 -0.00984025
24.29 -0.0110864
24.3 -0.00808576
24.31 -0.00198794
24.32 0.00486461
24.33 0.00998108
24.34 0.011601
24.35 0.00924607
24.36 0.00387585
24.37 -0.00257219
24.38 -0.00777204
24.39 -0.0097115
24.4 -0.00753486
24.41 -0.0020261
24.42 0.00477672
24.43 0.0104699
24.44 0.0131639
24.45 0.0120945
24.46 0.00773993
24.47 0.00155831
24.48 -0.00452483
24.49 -0.00862676
24.5 -0.00943409
24.51 -0.0067907
24.52 -0.00192651
24.53 0.0031633
24.54 0.0066586
24.55 0.00750374
24.56 0.00564802
24.57 0.0020053
24.58 -0.00200601
24.59 -0.00492198
24.6 -0.00562265
24.61 -0.00377779
24.62 -6.17597e-05
24.63 0.00415231
24.64 0.0073114
24.65 0.00816282
24.66 0.00630421
24.67 0.00247211
24.68 -0.00183239
24.69 -0.00493191
24.7 -0.00560329
24.71 -0.0036504
24.72 3.07698e-06
24.73 0.00387382
24.74 0.00659712
24.75 0.00731437
24.76 0.00590571
24.77 0.0029794
24.78 -0.000512468
24.79 -0.00358013
24.8 -0.0053434
24.81 -0.00524427
24.82 -0.00328157
24.83 -8.26446e-05
24.84 0.00340999
24.85 0.00630624
24.86 0.00791224
24.87 0.00787189
24.88 0.00627242
24.89 0.00351659
24.9 0.000164692
24.91 -0.00306517
24.92 -0.00525993
24.93 -0.00555809
24.94 -0.00369336
24.95 -0.000335852
24.96 0.00326156
24.97 0.00588802
24.98 0.0067477
24.99 0.00566656
25 0.0031085
25.01 -0.000117486
25.02 -0.00314912
25.03 -0.00520198
25.04 -0.00568831
25.05 -0.00438355
25.06 -0.00153871
25.07 0.00225703
25.08 0.00618361
25.09 0.00919719
25.1 0.010256
25.11 0.00876336
25.12 0.00486839
25.13 -0.000613923
25.14 -0.00634238
25.15 -0.0107116
25.16 -0.0124134
25.17 -0.0109002
25.18 -0.00654934
25.19 -0.000601949
25.2 0.00527931
25.21 0.00951744
25.22 0.0109371
25.23 0.00918308
25.24 0.00498255
25.25 -0.000155895
25.26 -0.00448662
25.27 -0.00652993
25.28 -0.0055181
25.29 -0.00176499
25.3 0.00346541
25.31 0.00841173
25.32 0.0113217
25.33 0.0110446
25.34 0.00748973
25.35 0.0017092
25.36 -0.00452467
25.37 -0.00927145
25.38 -0.0109698
25.39 -0.00904177
25.4 -0.0042307
25.41 0.00177687
25.42 0.00705818
25.43 0.0100788
25.44 0.0100714
25.45 0.00718443
25.46 0.00238453
25.47 -0.00300788
25.48 -0.00759849
25.49 -0.010057
25.5 -0.00952357
25.51 -0.00609923
25.52 -0.000948219
25.53 0.00426735
25.54 0.0080453
25.55 0.0093273
25.56 0.0077168
25.57 0.00368283
25.58 -0.00161133
25.59 -0.00647547
25.6 -0.00904229
25.61 -0.00802834
25.62 -0.0034636
25.63 0.00324991
25.64 0.00984843
25.65 0.0140197
25.66 0.0142102
25.67 0.0101531
25.68 0.00303381
25.69 -0.00494169
25.7 -0.0111845
25.71 -0.0135973
25.72 -0.0114115
25.73 -0.00543782
25.74 0.00241214
25.75 0.00984466
25.76 0.0148787
25.77 0.0163333
25.78 0.0140015
25.79 0.00868475
25.8 0.00193135
25.81 -0.0044006
25.82 -0.00849419
25.83 -0.00903691
25.84 -0.00582374
25.85 2.22886e-05
25.86 0.00666548
25.87 0.0123956
25.88 0.0159646
25.89 0.0167537
25.9 0.0149663
25.91 0.0113954
25.92 0.00704482
25.93 0.00293831
25.94 -0.000219658
25.95 -0.00221507
25.96 -0.00315798
25.97 -0.00330735
25.98 -0.00298735
25.99 -0.00251461
26 -0.00210864
26.01 -0.00191437
26.02 -0.00204491
26.03 -0.0025367
26.04 -0.00329835
26.05 -0.0040648
26.06 -0.0044327
26.07 -0.00403391
26.08 -0.00272797
26.09 -0.000687379
26.1 0.00178815
26.11 0.00437345
26.12 0.00665474
26.13 0.00819621
26.14 0.00865624
26.15 0.00782263
26.16 0.00560577
26.17 0.00209087
26.18 -0.00244659
26.19 -0.00733543
26.2 -0.0114495
26.21 -0.013595
26.22 -0.0129798
26.23 -0.00956388
26.24 -0.00413424
26.25 0.00198678
26.26 0.00725375
26.27 0.0102093
26.28 0.0098594
26.29 0.00611448
26.3 2.71044e-05
26.31 -0.00643832
26.32 -0.0110571
26.33 -0.0121457
26.34 -0.00925674
26.35 -0.00348008
26.36 0.00319077
26.37 0.00877675
26.38 0.0118175
26.39 0.0115448
26.4 0.00807676
26.41 0.00248273
26.42 -0.00363658
26.43 -0.0085503
26.44 -0.0107608
26.45 -0.00954323
26.46 -0.00536991
26.47 0.000261987
26.48 0.00557197
26.49 0.00912976
26.5 0.00998115
26.51 0.00778903
26.52 0.00310815
26.53 -0.00284795
26.54 -0.00847856
26.55 -0.0120878
26.56 -0.0124457
26.57 -0.00933567
26.58 -0.00374568
26.59 0.00261813
26.6 0.00797663
26.61 0.0108829
26.62 0.0104821
26.63 0.00682939
26.64 0.000958589
26.65 -0.00549109
26.66 -0.0107062
26.67 -0.013095
26.68 -0.0118245
26.69 -0.00732307
26.7 -0.00119595
26.71 0.0045209
26.72 0.00807993
26.73 0.0083045
26.74 0.00483856
26.75 -0.0017197
26.76 -0.00968086
26.77 -0.0167928
26.78 -0.0214592
26.79 -0.0231713
26.8 -0.0219777
26.81 -0.0179689
26.82 -0.0115385
26.83 -0.00375744
26.84 0.00392971
26.85 0.0100644
26.86 0.0134667
26.87 0.0134284
26.88 0.0100161
26.89 0.0043471
26.9 -0.00201526
26.91 -0.0076877
26.92 -0.0118269
26.93 -0.0139386
26.94 -0.0135905
26.95 -0.0109525
26.96 -0.00677707
26.97 -0.00191285
26.98 0.00269408
26.99 0.00601231
27 0.00724631
27.01 0.00615009
27.02 0.00308096
27.03 -0.00125859
27.04 -0.00605545
27.05 -0.0105929
27.06 -0.0142378
27.07 -0.0163554
27.08 -0.0166395
27.09 -0.0152242
27.1 -0.0124234
27.11 -0.00870761
27.12 -0.00465538
27.13 -0.00074291
27.14 0.00261854
27.15 0.00495223
27.16 0.00576592
27.17 0.00477448
27.18 0.00218334
27.19 -0.00141125
27.2 -0.00523294
27.21 -0.00853381
27.22 -0.0106792
27.23 -0.0111689
27.24 -0.0099633
27.25 -0.00750104
27.26 -0.00440667
27.27 -0.00146072
27.28 0.000577159
27.29 0.00120872
27.3 0.000259658
27.31 -0.00216997
27.32 -0.0057544
27.33 -0.00998946
27.34 -0.0141814
27.35 -0.0175033
27.36 -0.0192551
27.37 -0.018995
27.38 -0.0166106
27.39 -0.0124664
27.4 -0.00731523
27.41 -0.00203845
27.42 0.00256467
27.43 0.00585994
27.44 0.00743536
27.45 0.00715487
27.46 0.00523689
27.47 0.00228179
27.48 -0.000990553
27.49 -0.00393599
27.5 -0.00603866
27.51 -0.00687904
27.52 -0.00616416
27.53 -0.00398598
27.54 -0.000783347
27.55 0.00285229
27.56 0.0062485
27.57 0.00871628
27.58 0.00968208
27.59 0.00897216
27.6 0.00685591
27.61 0.00380098
27.62 0.000331216
27.63 -0.00311952
27.64 -0.00626589
27.65 -0.00884221
27.66 -0.0104584
27.67 -0.0107414
27.68 -0.00964001
27.69 -0.00740765
27.7 -0.00447674
27.71 -0.00141096
27.72 0.00131546
27.73 0.00335919
27.74 0.00442012
27.75 0.00429964
27.76 0.00304308
27.77 0.00103189
27.78 -0.00124363
27.79 -0.00339655
27.8 -0.00517918
27.81 -0.00644382
27.82 -0.00712318
27.83 -0.00727671
27.84 -0.00697261
27.85 -0.00620098
27.86 -0.00501052
27.87 -0.00357804
27.88 -0.0021866
27.89 -0.00120978
27.9 -0.00101215
27.91 -0.00184576
27.92 -0.00375662
27.93 -0.00652337
27.94 -0.00964905
27.95 -0.0124153
27.96 -0.0140444
27.97 -0.0138811
27.98 -0.0115658
27.99 -0.00719476
28 -0.00136411
28.01 0.00481857
28.02 0.0099
28.03 0.0124194
28.04 0.0113098
28.05 0.00652962
28.06 -0.000776869
28.07 -0.00874817
28.08 -0.0157023
28.09 -0.0203892
28.1 -0.0216052
28.11 -0.018781
28.12 -0.0124191
28.13 -0.00362794
28.14 0.00586597
28.15 0.0138298
28.16 0.018435
28.17 0.0188111
28.18 0.0150933
28.19 0.00830519
28.2 -3.46382e-05
28.21 -0.00820708
28.22 -0.0148533
28.23 -0.0191246
28.24 -0.0202342
28.25 -0.0178942
28.26 -0.0127087
28.27 -0.00564803
28.28 0.00220139
28.29 0.00951796
28.3 0.015061
28.31 0.0178858
28.32 0.0173927
28.33 0.0136539
28.34 0.00737329
28.35 -0.000435279
28.36 -0.00847746
28.37 -0.0155516
28.38 -0.0207175
28.39 -0.0230574
28.4 -0.022111
28.41 -0.0181631
28.42 -0.0118672
28.43 -0.00423841
28.44 0.0033684
28.45 0.00945989
28.46 0.0127862
28.47 0.0126011
28.48 0.00877617
28.49 0.00223445
28.5 -0.00532498
28.51 -0.0121752
28.52 -0.0170423
28.53 -0.0189465
28.54 -0.0171601
28.55 -0.01194
28.56 -0.00446818
28.57 0.00369857
28.58 0.0109649
28.59 0.0160058
28.6 0.0177444
28.61 0.0156872
28.62 0.0103661
28.63 0.00299685
28.64 -0.00485362
28.65 -0.0116756
28.66 -0.0164243
28.67 -0.0183438
28.68 -0.0171806
28.69 -0.0135684
28.7 -0.0085772
28.71 -0.00328883
28.72 0.00136025
28.73 0.00465018
28.74 0.00619809
28.75 0.00602575
28.76 0.00443633
28.77 0.00207976
28.78 -0.000256125
28.79 -0.00200155
28.8 -0.00291849
28.81 -0.00306229
28.82 -0.00266297
28.83 -0.00201485
28.84 -0.00124307
28.85 -0.000229677
28.86 0.00115198
28.87 0.00276496
28.88 0.00421922
28.89 0.00516189
28.9 0.00544856
28.91 0.00510139
28.92 0.00417878
28.93 0.00266321
28.94 0.000528879
28.95 -0.00211577
28.96 -0.00493545
28.97 -0.00744024
28.98 -0.00912207
28.99 -0.009565
29 -0.00856102
29.01 -0.00611865
29.02 -0.00250995
29.03 0.00172085
29.04 0.00582795
29.05 0.00912255
29.06 0.0111585
29.07 0.0117082
29.08 0.0108306
29.09 0.00880351
29.1 0.00601043
29.11 0.00302604
29.12 0.000500147
29.13 -0.00111151
29.14 -0.00161765
29.15 -0.00104354
29.16 0.000370541
29.17 0.00213723
29.18 0.00355758
29.19 0.00396093
29.2 0.00302449
29.21 0.000866738
29.22 -0.00213274
29.23 -0.00549609
29.24 -0.00871911
29.25 -0.0112722
29.26 -0.0127146
29.27 -0.0129277
29.28 -0.0120719
29.29 -0.0104175
29.3 -0.00830997
29.31 -0.00607172
29.32 -0.00390766
29.33 -0.00196474
29.34 -0.000351151
29.35 0.000838793
29.36 0.00142588
29.37 0.00115319
29.38 -0.000163443
29.39 -0.0024527
29.4 -0.00528303
29.41 -0.00796037
29.42 -0.00973004
29.43 -0.0100051
29.44 -0.00860004
29.45 -0.00578517
29.46 -0.0021936
29.47 0.0013855
29.48 0.00414109
29.49 0.00535877
29.5 0.00455503
29.51 0.001645
29.52 -0.00292176
29.53 -0.00817483
29.54 -0.012916
29.55 -0.0159714
29.56 -0.0163859
29.57 -0.0138523
29.58 -0.0087765
29.59 -0.00196387
29.6 0.00545155
29.61 0.0122182
29.62 0.0172337
29.63 0.0195661
29.64 0.0188137
29.65 0.0154547
29.66 0.0105156
29.67 0.00519215
29.68 0.000609409
29.69 -0.00253352
29.7 -0.00410222
29.71 -0.00428514
29.72 -0.00323398
29.73 -0.00112262
29.74 0.00173932
29.75 0.00485785
29.76 0.00758395
29.77 0.00924152
29.78 0.00918622
29.79 0.00703537
29.8 0.00285314
29.81 -0.00290222
29.82 -0.00942996
29.83 -0.0157515
29.84 -0.0206883
29.85 -0.0230097
29.86 -0.0220916
29.87 -0.0180655
29.88 -0.0115527
29.89 -0.00369191
29.9 0.00407588
29.91 0.0103702
29.92 0.0141533
29.93 0.0147568
29.94 0.0119976
29.95 0.00665196
29.96 0.00012324
29.97 -0.00612223
29.98 -0.011105
29.99 -0.0143401
30 -0.0152592
30.01 -0.0137169
30.02 -0.0103929
30.03 -0.00618751
30.04 -0.00209957
30.05 0.00098102
30.06 0.00267532
30.07 0.00317974
30.08 0.00303693
30.09 0.00269933
30.1 0.00239464
30.11 0.00212535
30.12 0.00170842
30.13 0.00105088
30.14 0.000238354
30.15 -0.000586453
30.16 -0.00129356
30.17 -0.00180712
30.18 -0.0021106
30.19 -0.00222883
30.2 -0.00217619
30.21 -0.00193489
30.22 -0.00150405
30.23 -0.000896923
30.24 -0.000112487
30.25 0.000856201
30.26 0.00197587
30.27 0.00313859
30.28 0.0041775
30.29 0.00491328
30.3 0.00521854
30.31 0.00503085
30.32 0.00431837
30.33 0.00309081
30.34 0.00143695
30.35 -0.000508319
30.36 -0.00256107
30.37 -0.00446487
30.38 -0.00594402
30.39 -0.00678191
30.4 -0.0069028
30.41 -0.00637124
30.42 -0.00533219
30.43 -0.00403578
30.44 -0.0028413
30.45 -0.0020846
30.46 -0.0019285
30.47 -0.00228662
30.48 -0.00282767
30.49 -0.00313461
30.5 -0.00294581
30.51 -0.00227306
30.52 -0.00134169
30.53 -0.000381919
30.54 0.000564232
30.55 0.00160195
30.56 0.00275945
30.57 0.00382256
30.58 0.00438888
30.59 0.00409334
30.6 0.00281453
30.61 0.000722224
30.62 -0.00183811
30.63 -0.00440049
30.64 -0.00639529
30.65 -0.00721107
30.66 -0.00638865
30.67 -0.00392212
30.68 -0.000257405
30.69 0.00384512
30.7 0.00754988
30.71 0.0101381
30.72 0.011024
30.73 0.00999723
30.74 0.00731779
30.75 0.00348857
30.76 -0.000838235
30.77 -0.00485933
30.78 -0.00784611
30.79 -0.00931606
30.8 -0.00903351
30.81 -0.0071649
30.82 -0.00426072
30.83 -0.000937205
30.84 0.00226874
30.85 0.00485939
30.86 0.00634413
30.87 0.00631291
30.88 0.0046908
30.89 0.00185533
30.9 -0.0015956
30.91 -0.00501704
30.92 -0.00782192
30.93 -0.00949913
30.94 -0.00967561
30.95 -0.00837208
30.96 -0.00595862
30.97 -0.00294997
30.98 8.07247e-05
30.99 0.00261663
31 0.00431032
31.01 0.00498086
31.02 0.00453079
31.03 0.00299054
31.04 0.000564123
31.05 -0.00242676
31.06 -0.00554573
31.07 -0.00822045
31.08 -0.00973444
31.09 -0.00948647
31.1 -0.00737805
31.11 -0.00378885
31.12 0.0006686
31.13 0.00522402
31.14 0.00912142
31.15 0.0117284
31.16 0.012532
31.17 0.0113216
31.18 0.00819699
31.19 0.00345279
31.2 -0.00240667
31.21 -0.00854932
31.22 -0.0140011
31.23 -0.0177718
31.24 -0.0188861
31.25 -0.0168969
31.26 -0.0120841
31.27 -0.00517979
31.28 0.00271639
31.29 0.0101265
31.3 0.0156448
31.31 0.0182601
31.32 0.0174444
31.33 0.0135354
31.34 0.00760199
31.35 0.000864593
31.36 -0.00550387
31.37 -0.0106194
31.38 -0.013962
31.39 -0.0150666
31.4 -0.0136468
31.41 -0.00990191
31.42 -0.00442598
31.43 0.00189928
31.44 0.00787532
31.45 0.0123094
31.46 0.0142927
31.47 0.0133348
31.48 0.00969255
31.49 0.00426344
31.5 -0.00185932
31.51 -0.00756043
31.52 -0.0119155
31.53 -0.0141997
31.54 -0.0139268
31.55 -0.0112732
31.56 -0.00696519
31.57 -0.0018551
31.58 0.00317774
31.59 0.0072979
31.6 0.00984495
31.61 0.0103694
31.62 0.00874039
31.63 0.00528617
31.64 0.000676953
31.65 -0.00422013
31.66 -0.00855934
31.67 -0.0116314
31.68 -0.0127536
31.69 -0.0115977
31.7 -0.00851228
31.71 -0.00421742
31.72 0.000488
31.73 0.00476037
31.74 0.00786966
31.75 0.00930439
31.76 0.00881309
31.77 0.00659473
31.78 0.00327328
31.79 -0.000397308
31.8 -0.00369461
31.81 -0.00604758
31.82 -0.00706979
31.83 -0.00654233
31.84 -0.00460866
31.85 -0.00181165
31.86 0.0011832
31.87 0.00375743
31.88 0.00542035
31.89 0.00587898
31.9 0.00511036
31.91 0.00338904
31.92 0.00107724
31.93 -0.00156566
31.94 -0.0042968
31.95 -0.0067412
31.96 -0.00836894
31.97 -0.00870489
31.98 -0.00758394
31.99 -0.00516033
32 -0.001826
32.01 0.00195489
32.02 0.00572203
32.03 0.0090041
32.04 0.0112611
32.05 0.0119032
32.06 0.0105771
32.07 0.00736493
32.08 0.00282916
32.09 -0.00218204
32.1 -0.00674692
32.11 -0.0100931
32.12 -0.0116485
32.13 -0.0109624
32.14 -0.00799056
32.15 -0.00319201
32.16 0.00264323
32.17 0.00843157
32.18 0.0129674
32.19 0.0151315
32.2 0.014289
32.21 0.0107499
32.22 0.00553396
32.23 -0.000143147
32.24 -0.0051476
32.25 -0.0087578
32.26 -0.0107027
32.27 -0.010867
32.28 -0.00929401
32.29 -0.00625063
32.3 -0.00210671
32.31 0.00262243
32.32 0.0071625
32.33 0.0105892
32.34 0.0120454
32.35 0.0110912
32.36 0.0079932
32.37 0.00355071
32.38 -0.00129183
32.39 -0.00564028
32.4 -0.00883666
32.41 -0.0104342
32.42 -0.0101031
32.43 -0.00787669
32.44 -0.00418059
32.45 0.000404077
32.46 0.00511923
32.47 0.00912135
32.48 0.011633
32.49 0.0120545
32.5 0.0102865
32.51 0.00676616
32.52 0.00222882
32.53 -0.00245955
32.54 -0.00641581
32.55 -0.00892669
32.56 -0.00951372
32.57 -0.00800937
32.58 -0.00484418
32.59 -0.000933683
32.6 0.00274811
32.61 0.00553575
32.62 0.007159
32.63 0.00755956
32.64 0.0068989
32.65 0.0055028
32.66 0.00363192
32.67 0.00157739
32.68 -0.000276481
32.69 -0.00158197
32.7 -0.00209172
32.71 -0.00168744
32.72 -0.000368095
32.73 0.00174339
32.74 0.00425909
32.75 0.00647026
32.76 0.00752064
32.77 0.00673029
32.78 0.00394927
32.79 -0.000383746
32.8 -0.00537049
32.81 -0.0100631
32.82 -0.0137141
32.83 -0.0156127
32.84 -0.0153178
32.85 -0.0129051
32.86 -0.00872979
32.87 -0.00339577
32.88 0.0022989
32.89 0.00746238
32.9 0.0113087
32.91 0.0132658
32.92 0.0129428
32.93 0.010467
32.94 0.00652003
32.95 0.00197903
32.96 -0.00228604
32.97 -0.0055291
32.98 -0.00729576
32.99 -0.0074514
33 -0.00610443
33.01 -0.00360827
33.02 -0.000418155
33.03 0.00298018
33.04 0.00600793
33.05 0.0079427
33.06 0.00800486
33.07 0.00583973
33.08 0.00186595
33.09 -0.00290294
33.1 -0.00727927
33.11 -0.0102766
33.12 -0.0111179
33.13 -0.00935776
33.14 -0.0052325
33.15 0.000604909
33.16 0.00721046
33.17 0.0134805
33.18 0.0182182
33.19 0.0200498
33.2 0.0181621
33.21 0.0127055
33.22 0.00448653
33.23 -0.00504258
33.24 -0.0140178
33.25 -0.0208151
33.26 -0.0241488
33.27 -0.0231114
33.28 -0.017729
33.29 -0.00898166
33.3 0.00163406
33.31 0.012101
33.32 0.0205522
33.33 0.0259462
33.34 0.0278015
33.35 0.0262205
33.36 0.0217257
33.37 0.0147668
33.38 0.00604989
33.39 -0.00331589
33.4 -0.0117991
33.41 -0.0180751
33.42 -0.0213307
33.43 -0.0206384
33.44 -0.0157704
33.45 -0.00789183
33.46 0.00139048
33.47 0.0103957
33.48 0.0180317
33.49 0.0238748
33.5 0.0271414
33.51 0.0274166
33.52 0.0252384
33.53 0.0209557
33.54 0.0147093
33.55 0.0073541
33.56 9.36072e-06
33.57 -0.00613984
33.58 -0.0102482
33.59 -0.0120828
33.6 -0.0112743
33.61 -0.00790822
33.62 -0.00299456
33.63 0.00244466
33.64 0.00766047
33.65 0.012349
33.66 0.0163387
33.67 0.0188828
33.68 0.0194538
33.69 0.0182875
33.7 0.0155255
33.71 0.0111387
33.72 0.00551463
33.73 -0.000849221
33.74 -0.00719024
33.75 -0.0126876
33.76 -0.0167722
33.77 -0.0185988
33.78 -0.0176622
33.79 -0.0144076
33.8 -0.00942473
33.81 -0.00318837
33.82 0.00365974
33.83 0.0104103
33.84 0.0166646
33.85 0.0221799
33.86 0.0262985
33.87 0.0283087
33.88 0.0280044
33.89 0.0253631
33.9 0.0204051
33.91 0.0135546
33.92 0.00551767
33.93 -0.00291528
33.94 -0.0107138
33.95 -0.0169262
33.96 -0.0207014
33.97 -0.0210742
33.98 -0.0177073
33.99 -0.0111823
34 -0.00234349
34.01 0.00758304
34.02 0.0174736
34.03 0.026808
34.04 0.034938
34.05 0.0414314
34.06 0.0468895
34.07 0.0521356
34.08 0.057034
34.09 0.0607181
34.1 0.0626279
34.11 0.0627651
34.12 0.061108
34.13 0.0573783
34.14 0.0515342
34.15 0.0440459
34.16 0.0354115
34.17 0.025717
34.18 0.0149682
34.19 0.0035442
34.2 -0.00770868
34.21 -0.017639
34.22 -0.0257388
