0.01 6.26747e-07
0.02 1.13677e-06
0.03 -1.45053e-06
0.04 -8.66039e-06
0.05 -1.84733e-05
0.06 -2.7203e-05
0.07 -3.3193e-05
0.08 -3.93642e-05
0.09 -5.06817e-05
0.1 -6.66554e-05
0.11 -7.64959e-05
0.12 -6.50358e-05
0.13 -2.63632e-05
0.14 2.83237e-05
0.15 7.6933e-05
0.16 0.000100355
0.17 9.18644e-05
0.18 5.71219e-05
0.19 9.37425e-06
0.2 -3.40791e-05
0.21 -5.54838e-05
0.22 -4.47483e-05
0.23 -7.96915e-06
0.24 3.36189e-05
0.25 5.64452e-05
0.26 4.94118e-05
0.27 1.94337e-05
0.28 -1.428e-05
0.29 -3.18291e-05
0.3 -2.43905e-05
0.31 -1.05715e-06
0.32 1.47822e-05
0.33 9.59577e-07
0.34 -4.45418e-05
0.35 -9.6347e-05
0.36 -0.000115568
0.37 -7.74195e-05
0.38 8.63652e-06
0.39 0.000103306
0.4 0.000163251
0.41 0.000167326
0.42 0.000124569
0.43 6.33082e-05
0.44 1.36621e-05
0.45 -6.05972e-06
0.46 3.89163e-06
0.47 2.48854e-05
0.48 2.86249e-05
0.49 -5.77183e-06
0.5 -7.44345e-05
0.51 -0.000145413
0.52 -0.000176559
0.53 -0.000143597
0.54 -5.6818e-05
0.55 4.55173e-05
0.56 0.000119588
0.57 0.000137755
0.58 9.92669e-05
0.59 2.83732e-05
0.6 -3.81928e-05
0.61 -6.93436e-05
0.62 -5.46186e-05
0.63 -8.31135e-06
0.64 3.87402e-05
0.65 6.48884e-05
0.66 5.6012e-05
0.67 4.83653e-06
0.68 -6.5268e-05
0.69 -0.00010843
0.7 -9.06656e-05
0.71 -1.45631e-05
0.72 8.02878e-05
0.73 0.000142012
0.74 0.000139638
0.75 8.09097e-05
0.76 2.56996e-06
0.77 -5.66492e-05
0.78 -7.8069e-05
0.79 -6.69523e-05
0.8 -4.19009e-05
0.81 -2.05349e-05
0.82 -1.00451e-05
0.83 -6.68246e-06
0.84 -1.94561e-06
0.85 1.06837e-05
0.86 3.17412e-05
0.87 5.42584e-05
0.88 6.6225e-05
0.89 5.86722e-05
0.9 3.32389e-05
0.91 2.23439e-07
0.92 -3.06481e-05
0.93 -5.51808e-05
0.94 -7.08232e-05
0.95 -7.22858e-05
0.96 -5.48476e-05
0.97 -2.12201e-05
0.98 1.75943e-05
0.99 4.8426e-05
1 6.18666e-05
1.01 5.422e-05
1.02 2.75725e-05
1.03 -1.0155e-05
1.04 -4.54922e-05
1.05 -6.21354e-05
1.06 -4.8634e-05
1.07 -8.43069e-06
1.08 3.70251e-05
1.09 5.92681e-05
1.1 4.30538e-05
1.11 -7.1334e-08
1.12 -3.7901e-05
1.13 -4.03809e-05
1.14 -1.73456e-06
1.15 5.4867e-05
1.16 9.27174e-05
1.17 8.58464e-05
1.18 3.67249e-05
1.19 -2.42361e-05
1.2 -5.88128e-05
1.21 -4.7921e-05
1.22 -5.56651e-06
1.23 3.125e-05
1.24 2.94052e-05
1.25 -1.66337e-05
1.26 -8.08026e-05
1.27 -0.000122312
1.28 -0.000110774
1.29 -4.35622e-05
1.3 5.35942e-05
1.31 0.000140315
1.32 0.000179907
1.33 0.000154282
1.34 7.23573e-05
1.35 -3.06165e-05
1.36 -0.000106538
1.37 -0.000119578
1.38 -6.99055e-05
1.39 3.53185e-06
1.4 4.81589e-05
1.41 3.44328e-05
1.42 -2.32215e-05
1.43 -7.65821e-05
1.44 -7.81647e-05
1.45 -1.66401e-05
1.46 7.27233e-05
1.47 0.000131517
1.48 0.00011907
1.49 4.13909e-05
1.5 -5.24259e-05
1.51 -0.000103527
1.52 -8.23955e-05
1.53 -6.30537e-06
1.54 7.5186e-05
1.55 0.000113155
1.56 8.6762e-05
1.57 1.03149e-05
1.58 -7.8908e-05
1.59 -0.000140612
1.6 -0.000147755
1.61 -9.46651e-05
1.62 1.54283e-06
1.63 0.000104541
1.64 0.000169573
1.65 0.000163407
1.66 8.54434e-05
1.67 -2.65159e-05
1.68 -0.000115283
1.69 -0.000137716
1.7 -8.90436e-05
1.71 -2.99245e-06
1.72 6.9126e-05
1.73 8.76067e-05
1.74 4.73906e-05
1.75 -1.80651e-05
1.76 -5.7162e-05
1.77 -3.46951e-05
1.78 4.12983e-05
1.79 0.000120062
1.8 0.000139952
1.81 7.29141e-05
1.82 -5.1333e-05
1.83 -0.000162467
1.84 -0.000195999
1.85 -0.000133659
1.86 -1.13349e-05
1.87 0.000105271
1.88 0.00015812
1.89 0.0001256
1.9 3.02975e-05
1.91 -7.42986e-05
1.92 -0.000131254
1.93 -0.00011036
1.94 -2.52823e-05
1.95 7.44521e-05
1.96 0.000133689
1.97 0.000124754
1.98 6.11385e-05
1.99 -1.47973e-05
2 -5.79735e-05
2.01 -4.52078e-05
2.02 1.13533e-05
2.03 6.90823e-05
2.04 7.98124e-05
2.05 2.25608e-05
2.06 -7.92994e-05
2.07 -0.000171382
2.08 -0.000202837
2.09 -0.000155953
2.1 -5.18019e-05
2.11 6.57248e-05
2.12 0.00015112
2.13 0.000171713
2.14 0.000117165
2.15 8.47281e-06
2.16 -0.000101302
2.17 -0.000148073
2.18 -9.61754e-05
2.19 3.10603e-05
2.2 0.000158432
2.21 0.00020456
2.22 0.0001352
2.23 -1.26004e-05
2.24 -0.000151123
2.25 -0.000194801
2.26 -0.000114597
2.27 3.88239e-05
2.28 0.000161414
2.29 0.000161078
2.3 2.24527e-05
2.31 -0.000174803
2.32 -0.00030244
2.33 -0.000267224
2.34 -7.50036e-05
2.35 0.000169231
2.36 0.000325175
2.37 0.000302649
2.38 0.000115222
2.39 -0.000128671
2.4 -0.000289917
2.41 -0.0002796
2.42 -0.000108382
2.43 0.000123587
2.44 0.00028689
2.45 0.000295954
2.46 0.000153956
2.47 -5.40853e-05
2.48 -0.000213979
2.49 -0.000247709
2.5 -0.000152621
2.51 4.76011e-06
2.52 0.000131662
2.53 0.000162075
2.54 9.09736e-05
2.55 -2.79234e-05
2.56 -0.000118866
2.57 -0.000131343
2.58 -6.56217e-05
2.59 3.6797e-05
2.6 0.000122142
2.61 0.000149409
2.62 0.000103472
2.63 4.38188e-07
2.64 -0.000114464
2.65 -0.000182964
2.66 -0.00016377
2.67 -5.95274e-05
2.68 8.00525e-05
2.69 0.000182508
2.7 0.000190729
2.71 9.56361e-05
2.72 -5.48683e-05
2.73 -0.000180121
2.74 -0.000213369
2.75 -0.000141473
2.76 -1.1011e-05
2.77 0.000100322
2.78 0.00012626
2.79 4.8024e-05
2.8 -8.98045e-05
2.81 -0.000196231
2.82 -0.000184791
2.83 -3.24019e-05
2.84 0.000196305
2.85 0.000381598
2.86 0.000417901
2.87 0.000274506
2.88 1.36442e-05
2.89 -0.000241151
2.9 -0.000369093
2.91 -0.000316238
2.92 -0.000125581
2.93 8.68789e-05
2.94 0.000198893
2.95 0.00015105
2.96 -2.19761e-05
2.97 -0.000211795
2.98 -0.000295498
2.99 -0.000205344
3 2.73923e-05
3.01 0.000283864
3.02 0.0004239
3.03 0.000368914
3.04 0.0001489
3.05 -0.000115943
3.06 -0.00028508
3.07 -0.000275959
3.08 -0.000108504
3.09 0.000107328
3.1 0.000236408
3.11 0.000199547
3.12 1.94725e-05
3.13 -0.000197904
3.14 -0.000330893
3.15 -0.000311478
3.16 -0.000157418
3.17 4.35275e-05
3.18 0.000184372
3.19 0.000198806
3.2 9.80358e-05
3.21 -3.89858e-05
3.22 -0.000116405
3.23 -7.93119e-05
3.24 5.64427e-05
3.25 0.000214928
3.26 0.000302585
3.27 0.000260863
3.28 9.9542e-05
3.29 -0.000110318
3.3 -0.000276718
3.31 -0.000331302
3.32 -0.000256589
3.33 -9.34609e-05
3.34 7.22156e-05
3.35 0.000150179
3.36 0.000102015
3.37 -2.65019e-05
3.38 -0.000130983
3.39 -0.000120316
3.4 1.78887e-05
3.41 0.000206711
3.42 0.000330457
3.43 0.000310143
3.44 0.000153472
3.45 -5.20123e-05
3.46 -0.000196185
3.47 -0.000214858
3.48 -0.000124496
3.49 -3.5404e-06
3.5 6.31478e-05
3.51 3.84809e-05
3.52 -4.75445e-05
3.53 -0.000122883
3.54 -0.000124976
3.55 -4.41169e-05
3.56 7.07099e-05
3.57 0.000146065
3.58 0.000132623
3.59 3.5599e-05
3.6 -8.87818e-05
3.61 -0.000165056
3.62 -0.000141425
3.63 -2.29867e-05
3.64 0.000125821
3.65 0.000217346
3.66 0.000194884
3.67 6.72816e-05
3.68 -9.90093e-05
3.69 -0.000220958
3.7 -0.000243276
3.71 -0.00016212
3.72 -2.30584e-05
3.73 0.00010092
3.74 0.000144182
3.75 8.45395e-05
3.76 -3.84948e-05
3.77 -0.000140498
3.78 -0.000141121
3.79 -1.73456e-05
3.8 0.000173947
3.81 0.000322917
3.82 0.000332334
3.83 0.000182847
3.84 -4.72299e-05
3.85 -0.000226561
3.86 -0.000253238
3.87 -0.000119379
3.88 8.41386e-05
3.89 0.000222649
3.9 0.000197872
3.91 9.52787e-06
3.92 -0.000237682
3.93 -0.000393496
3.94 -0.000356279
3.95 -0.000139409
3.96 0.000135324
3.97 0.000310998
3.98 0.000287459
3.99 7.80926e-05
4 -0.000197549
4.01 -0.000379495
4.02 -0.000357146
4.03 -0.000134252
4.04 0.000170359
4.05 0.000388735
4.06 0.000398547
4.07 0.000193588
4.08 -0.000109108
4.09 -0.00033225
4.1 -0.000339868
4.11 -0.000119485
4.12 0.000207166
4.13 0.000454531
4.14 0.000482165
4.15 0.000275334
4.16 -4.93318e-05
4.17 -0.000314163
4.18 -0.00038431
4.19 -0.000244063
4.2 -1.08547e-06
4.21 0.000185001
4.22 0.00020424
4.23 6.16965e-05
4.24 -0.000134823
4.25 -0.000251796
4.26 -0.000216982
4.27 -6.19954e-05
4.28 0.000102836
4.29 0.000164398
4.3 8.44511e-05
4.31 -7.47221e-05
4.32 -0.000195482
4.33 -0.000186576
4.34 -4.1691e-05
4.35 0.000162373
4.36 0.000317779
4.37 0.000347004
4.38 0.000238298
4.39 4.44332e-05
4.4 -0.000148429
4.41 -0.000264777
4.42 -0.0002731
4.43 -0.000190538
4.44 -6.13856e-05
4.45 6.95794e-05
4.46 0.000171092
4.47 0.000225488
4.48 0.000222591
4.49 0.00015644
4.5 3.2013e-05
4.51 -0.000121843
4.52 -0.000250311
4.53 -0.00029474
4.54 -0.000230197
4.55 -8.97211e-05
4.56 4.90544e-05
4.57 0.000110314
4.58 6.83607e-05
4.59 -3.43987e-05
4.6 -0.000113634
4.61 -0.000101771
4.62 -1.49179e-06
4.63 0.000110117
4.64 0.000138256
4.65 4.74221e-05
4.66 -0.000103899
4.67 -0.000200981
4.68 -0.000155762
4.69 2.56181e-05
4.7 0.000239144
4.71 0.000346904
4.72 0.00026687
4.73 2.97219e-05
4.74 -0.000235059
4.75 -0.000376349
4.76 -0.000313138
4.77 -8.21518e-05
4.78 0.000188554
4.79 0.00036038
4.8 0.000365323
4.81 0.000237309
4.82 7.77241e-05
4.83 -1.91042e-05
4.84 -2.87537e-05
4.85 -3.26451e-06
4.86 -1.80751e-05
4.87 -0.000103462
4.88 -0.000215501
4.89 -0.000267288
4.9 -0.000195154
4.91 -1.1422e-05
4.92 0.000194531
4.93 0.000309196
4.94 0.000265101
4.95 8.05141e-05
4.96 -0.000153094
4.97 -0.000322033
4.98 -0.000349168
4.99 -0.000232301
5 -4.29905e-05
5.01 0.00011728
5.02 0.000178621
5.03 0.000139314
5.04 5.34306e-05
5.05 -1.48376e-05
5.06 -3.25555e-05
5.07 -9.55063e-06
5.08 1.90161e-05
5.09 2.20209e-05
5.1 -6.01933e-06
5.11 -4.37148e-05
5.12 -5.95143e-05
5.13 -3.30186e-05
5.14 3.1821e-05
5.15 0.000108298
5.16 0.000162373
5.17 0.000172205
5.18 0.000138742
5.19 8.15375e-05
5.2 2.41422e-05
5.21 -2.13859e-05
5.22 -5.95389e-05
5.23 -9.90746e-05
5.24 -0.000133236
5.25 -0.000137174
5.26 -9.36441e-05
5.27 -2.25751e-05
5.28 2.26112e-05
5.29 -1.74835e-06
5.3 -8.36452e-05
5.31 -0.000154267
5.32 -0.000141602
5.33 -3.50336e-05
5.34 9.90945e-05
5.35 0.000169066
5.36 0.000133655
5.37 3.69665e-05
5.38 -2.8594e-05
5.39 -1.69586e-07
5.4 0.000103671
5.41 0.000198626
5.42 0.000200306
5.43 8.66943e-05
5.44 -8.55052e-05
5.45 -0.000217815
5.46 -0.000233902
5.47 -0.000128901
5.48 2.80962e-05
5.49 0.000139809
5.5 0.000142885
5.51 4.43113e-05
5.52 -8.93896e-05
5.53 -0.000177696
5.54 -0.00017331
5.55 -8.44333e-05
5.56 3.39993e-05
5.57 0.000112538
5.58 0.000109202
5.59 3.95677e-05
5.6 -2.86055e-05
5.61 -2.05625e-05
5.62 8.71569e-05
5.63 0.000237872
5.64 0.000323796
5.65 0.000261368
5.66 5.99092e-05
5.67 -0.000172894
5.68 -0.000298523
5.69 -0.000240503
5.7 -3.78129e-05
5.71 0.000175462
5.72 0.000251741
5.73 0.000124744
5.74 -0.000142516
5.75 -0.000391887
5.76 -0.000467123
5.77 -0.000311648
5.78 -7.51736e-06
5.79 0.000267737
5.8 0.000345596
5.81 0.0001747
5.82 -0.000136574
5.83 -0.000379186
5.84 -0.000373544
5.85 -8.9057e-05
5.86 0.000325428
5.87 0.000626151
5.88 0.00062651
5.89 0.000317339
5.9 -0.00012602
5.91 -0.00045271
5.92 -0.000486276
5.93 -0.000224141
5.94 0.000160109
5.95 0.000409888
5.96 0.000333412
5.97 -7.06026e-05
5.98 -0.000591572
5.99 -0.000918972
6 -0.000826415
6.01 -0.000316205
6.02 0.000366016
6.03 0.000865263
6.04 0.000927747
6.05 0.000556256
6.06 8.7031e-06
6.07 -0.000363138
6.08 -0.000329974
6.09 7.60523e-05
6.1 0.000579965
6.11 0.000830428
6.12 0.000613856
6.13 -1.00228e-05
6.14 -0.000732127
6.15 -0.00117153
6.16 -0.00110778
6.17 -0.000622041
6.18 -4.6622e-05
6.19 0.000252218
6.2 0.000114752
6.21 -0.000310273
6.22 -0.000664753
6.23 -0.000611267
6.24 -5.13555e-05
6.25 0.000796981
6.26 0.00150914
6.27 0.00169241
6.28 0.00121641
6.29 0.000304787
6.3 -0.00057721
6.31 -0.000987967
6.32 -0.000764608
6.33 -0.000109802
6.34 0.000538683
6.35 0.000771531
6.36 0.000444118
6.37 -0.000251192
6.38 -0.000912571
6.39 -0.00117338
6.4 -0.000913167
6.41 -0.000310996
6.42 0.000283145
6.43 0.000565535
6.44 0.00044121
6.45 4.62456e-05
6.46 -0.000353139
6.47 -0.000506088
6.48 -0.0002954
6.49 0.000207626
6.5 0.000768846
6.51 0.00109887
6.52 0.00100488
6.53 0.000507208
6.54 -0.00015712
6.55 -0.000660282
6.56 -0.000770347
6.57 -0.000484558
6.58 -2.43655e-05
6.59 0.000303429
6.6 0.000288338
6.61 -6.79363e-05
6.62 -0.000557584
6.63 -0.000880794
6.64 -0.000807155
6.65 -0.000307638
6.66 0.000410603
6.67 0.000998347
6.68 0.00115349
6.69 0.000803443
6.7 0.000161178
6.71 -0.000397109
6.72 -0.000562448
6.73 -0.000280305
6.74 0.000225587
6.75 0.000600272
6.76 0.00057734
6.77 0.000137232
6.78 -0.000487382
6.79 -0.000956176
6.8 -0.0010197
6.81 -0.000650598
6.82 -4.26188e-05
6.83 0.000503929
6.84 0.000739498
6.85 0.000588532
6.86 0.000184484
6.87 -0.000201984
6.88 -0.000313605
6.89 -6.00553e-05
6.9 0.000415868
6.91 0.000809638
6.92 0.000834344
6.93 0.000405076
6.94 -0.000289664
6.95 -0.000884827
6.96 -0.00105243
6.97 -0.000701646
6.98 -3.92945e-05
6.99 0.000549925
7 0.000732002
7.01 0.000422316
7.02 -0.000167038
7.03 -0.000661902
7.04 -0.000758039
7.05 -0.000401084
7.06 0.000195666
7.07 0.000691714
7.08 0.000818634
7.09 0.000525384
7.1 3.40334e-06
7.11 -0.000418668
7.12 -0.00046519
7.13 -8.99384e-05
7.14 0.000475558
7.15 0.000850934
7.16 0.000741366
7.17 0.000128182
7.18 -0.000704571
7.19 -0.00132197
7.2 -0.00137757
7.21 -0.000805648
7.22 0.000130682
7.23 0.000967388
7.24 0.00128667
7.25 0.0009474
7.26 0.000166483
7.27 -0.000600677
7.28 -0.000917166
7.29 -0.00061407
7.3 0.000108812
7.31 0.000794344
7.32 0.000998894
7.33 0.000568694
7.34 -0.000252347
7.35 -0.000963971
7.36 -0.00112009
7.37 -0.000612399
7.38 0.000255562
7.39 0.000954541
7.4 0.00105987
7.41 0.000517499
7.42 -0.000322895
7.43 -0.000930159
7.44 -0.000926186
7.45 -0.000315675
7.46 0.000530829
7.47 0.00111422
7.48 0.00110188
7.49 0.00050437
7.5 -0.000348042
7.51 -0.000994118
7.52 -0.00108925
7.53 -0.000592739
7.54 0.000200008
7.55 0.000813914
7.56 0.000870862
7.57 0.000326206
7.58 -0.000492651
7.59 -0.0010827
7.6 -0.00107545
7.61 -0.000466174
7.62 0.000378471
7.63 0.000941676
7.64 0.000874441
7.65 0.000213515
7.66 -0.00063928
7.67 -0.00116385
7.68 -0.00103527
7.69 -0.000307106
7.7 0.000635974
7.71 0.00130792
7.72 0.00138653
7.73 0.000871048
7.74 6.55905e-05
7.75 -0.00059064
7.76 -0.000759868
7.77 -0.000388722
7.78 0.000264843
7.79 0.000783899
7.8 0.000837307
7.81 0.000368509
7.82 -0.000377656
7.83 -0.000994898
7.84 -0.00114243
7.85 -0.000740004
7.86 -2.00054e-05
7.87 0.000609181
7.88 0.000804446
7.89 0.000489185
7.9 -0.000108174
7.91 -0.000604171
7.92 -0.000691264
7.93 -0.000309693
7.94 0.000324303
7.95 0.000842883
7.96 0.000937022
7.97 0.000538007
7.98 -0.000136366
7.99 -0.000706292
8 -0.000856984
8.01 -0.000530299
8.02 3.94964e-05
8.03 0.000471658
8.04 0.000480139
8.05 6.12937e-05
8.06 -0.000494702
8.07 -0.000785758
8.08 -0.000561705
8.09 0.000103325
8.1 0.000846132
8.11 0.00123423
8.12 0.00102976
8.13 0.000337913
8.14 -0.000447599
8.15 -0.000875057
8.16 -0.000710663
8.17 -9.00584e-05
8.18 0.000560272
8.19 0.000792413
8.2 0.000425541
8.21 -0.000334552
8.22 -0.00102015
8.23 -0.00118969
8.24 -0.000701061
8.25 0.000196559
8.26 0.00100797
8.27 0.00128494
8.28 0.000891287
8.29 8.39169e-05
8.3 -0.000640469
8.31 -0.00084489
8.32 -0.000416996
8.33 0.000363418
8.34 0.000995236
8.35 0.00105924
8.36 0.000469928
8.37 -0.000471271
8.38 -0.00124865
8.39 -0.00142889
8.4 -0.000912403
8.41 2.31502e-06
8.42 0.000789038
8.43 0.00100403
8.44 0.000545505
8.45 -0.000291588
8.46 -0.00099193
8.47 -0.00111864
8.48 -0.000563516
8.49 0.000389161
8.5 0.00122253
8.51 0.00148326
8.52 0.00104417
8.53 0.000177791
8.54 -0.000607197
8.55 -0.000869845
8.56 -0.000496485
8.57 0.00023932
8.58 0.000848649
8.59 0.000926942
8.6 0.000401903
8.61 -0.000423598
8.62 -0.00106458
8.63 -0.00115898
8.64 -0.000683415
8.65 5.45391e-05
8.66 0.000625696
8.67 0.000741667
8.68 0.000408147
8.69 -0.000106538
8.7 -0.00044878
8.71 -0.00039007
8.72 4.55321e-05
8.73 0.000601397
8.74 0.000942446
8.75 0.00085406
8.76 0.000368092
8.77 -0.000257119
8.78 -0.000688656
8.79 -0.000713429
8.8 -0.000360459
8.81 0.000123907
8.82 0.00043246
8.83 0.000383251
8.84 1.81526e-05
8.85 -0.000438693
8.86 -0.000721682
8.87 -0.000671352
8.88 -0.000309351
8.89 0.000184137
8.9 0.000564735
8.91 0.000645399
8.92 0.00039532
8.93 -3.48605e-05
8.94 -0.000388411
8.95 -0.000447445
8.96 -0.000165048
8.97 0.000297768
8.98 0.000658584
8.99 0.000676881
9 0.000299761
9.01 -0.000297242
9.02 -0.000804571
9.03 -0.000956446
9.04 -0.000684422
9.05 -0.000153699
9.06 0.000335596
9.07 0.000519244
9.08 0.000313562
9.09 -0.000142755
9.1 -0.000567071
9.11 -0.000687116
9.12 -0.000393325
9.13 0.000189828
9.14 0.000762163
9.15 0.00101514
9.16 0.000812408
9.17 0.000270593
9.18 -0.000310827
9.19 -0.000624807
9.2 -0.00052814
9.21 -0.000110017
9.22 0.000372464
9.23 0.000645319
9.24 0.000566688
9.25 0.000193398
9.26 -0.000265955
9.27 -0.000575532
9.28 -0.000596008
9.29 -0.000342942
9.3 3.46505e-05
9.31 0.000331212
9.32 0.000385324
9.33 0.000170088
9.34 -0.000175148
9.35 -0.00041125
9.36 -0.000345206
9.37 3.09845e-05
9.38 0.000509899
9.39 0.000784428
9.4 0.000642493
9.41 0.000110007
9.42 -0.000554759
9.43 -0.00100796
9.44 -0.00101163
9.45 -0.000560685
9.46 0.000112958
9.47 0.000655122
9.48 0.000770951
9.49 0.000389027
9.5 -0.000282665
9.51 -0.000856013
9.52 -0.00097682
9.53 -0.000536648
9.54 0.000246523
9.55 0.000940753
9.56 0.00115153
9.57 0.000764509
9.58 2.57443e-05
9.59 -0.00060438
9.6 -0.000735608
9.61 -0.000298025
9.62 0.000405627
9.63 0.000894276
9.64 0.00081964
9.65 0.000187479
9.66 -0.000644979
9.67 -0.001183
9.68 -0.00108775
9.69 -0.000383191
9.7 0.000543616
9.71 0.00116024
9.72 0.00110628
9.73 0.000417828
9.74 -0.000489341
9.75 -0.00107502
9.76 -0.00100574
9.77 -0.00035092
9.78 0.000473558
9.79 0.000969506
9.8 0.000858599
9.81 0.000240241
9.82 -0.00048339
9.83 -0.000863844
9.84 -0.000683669
9.85 -8.22716e-05
9.86 0.000543499
9.87 0.000793863
9.88 0.000511822
9.89 -0.000127534
9.9 -0.000727595
9.91 -0.000907343
9.92 -0.000528678
9.93 0.000213369
9.94 0.000896643
9.95 0.00112293
9.96 0.000764132
9.97 4.28935e-05
9.98 -0.000610249
9.99 -0.000828772
10 -0.000527876
10.01 6.63905e-05
10.02 0.000574176
10.03 0.000692894
10.04 0.000367412
10.05 -0.000188811
10.06 -0.000629164
10.07 -0.000686487
10.08 -0.00033431
10.09 0.000203635
10.1 0.000598907
10.11 0.000619804
10.12 0.000262245
10.13 -0.000258423
10.14 -0.000637542
10.15 -0.00065337
10.16 -0.000286254
10.17 0.000275704
10.18 0.000740296
10.19 0.000863228
10.2 0.000572029
10.21 5.0181e-06
10.22 -0.000557805
10.23 -0.000843878
10.24 -0.000739029
10.25 -0.000348276
10.26 7.60062e-05
10.27 0.000291871
10.28 0.000208843
10.29 -7.26969e-05
10.3 -0.000338774
10.31 -0.000398617
10.32 -0.000193618
10.33 0.000181691
10.34 0.000544234
10.35 0.000720653
10.36 0.000626037
10.37 0.000298999
10.38 -0.000111697
10.39 -0.000409003
10.4 -0.000443116
10.41 -0.000198734
10.42 0.000180596
10.43 0.000461614
10.44 0.000457168
10.45 0.000148711
10.46 -0.000290022
10.47 -0.000595585
10.48 -0.000582165
10.49 -0.000261603
10.5 0.000165636
10.51 0.000440651
10.52 0.000406801
10.53 9.73302e-05
10.54 -0.000294876
10.55 -0.000534548
10.56 -0.000476028
10.57 -0.000141264
10.58 0.000293565
10.59 0.000595573
10.6 0.000603702
10.61 0.000316961
10.62 -0.000102951
10.63 -0.000414632
10.64 -0.000427173
10.65 -0.000114092
10.66 0.000355658
10.67 0.000702909
10.68 0.000703721
10.69 0.000333641
10.7 -0.000209725
10.71 -0.000623821
10.72 -0.000678002
10.73 -0.000341043
10.74 0.000202982
10.75 0.000649771
10.76 0.000736578
10.77 0.000396116
10.78 -0.000185445
10.79 -0.000659834
10.8 -0.000719726
10.81 -0.000291612
10.82 0.000405887
10.83 0.000979538
10.84 0.00108674
10.85 0.00063764
10.86 -0.00014334
10.87 -0.000838341
10.88 -0.00107512
10.89 -0.000744249
10.9 -6.1777e-05
10.91 0.000564781
10.92 0.000785953
10.93 0.000517736
10.94 -2.24306e-05
10.95 -0.000465331
10.96 -0.000521036
10.97 -0.000146995
10.98 0.000438519
10.99 0.000893551
11 0.000954659
11.01 0.000588403
11.02 7.30883e-06
11.03 -0.000458774
11.04 -0.000558634
11.05 -0.000267111
11.06 0.000204442
11.07 0.00054232
11.08 0.000524754
11.09 0.000155572
11.1 -0.000342458
11.11 -0.000667156
11.12 -0.000622422
11.13 -0.000237585
11.14 0.000251349
11.15 0.000547682
11.16 0.000477225
11.17 9.66067e-05
11.18 -0.000338284
11.19 -0.00052751
11.2 -0.000316783
11.21 0.000194808
11.22 0.000702652
11.23 0.000877397
11.24 0.000571314
11.25 -7.6047e-05
11.26 -0.000706123
11.27 -0.000953853
11.28 -0.000678579
11.29 -6.34105e-05
11.3 0.000491409
11.31 0.000621939
11.32 0.000239619
11.33 -0.000403189
11.34 -0.000872936
11.35 -0.000841378
11.36 -0.000307526
11.37 0.000398739
11.38 0.000838678
11.39 0.000759712
11.4 0.000256944
11.41 -0.000305887
11.42 -0.000551493
11.43 -0.000339461
11.44 0.000154987
11.45 0.000575177
11.46 0.000625535
11.47 0.000256143
11.48 -0.000320184
11.49 -0.000771318
11.5 -0.000849762
11.51 -0.000534623
11.52 -3.41526e-05
11.53 0.000346802
11.54 0.000391621
11.55 9.55305e-05
11.56 -0.000344331
11.57 -0.000657964
11.58 -0.000663937
11.59 -0.000366234
11.6 6.13523e-05
11.61 0.00038471
11.62 0.000446903
11.63 0.000254671
11.64 -3.74988e-05
11.65 -0.000233044
11.66 -0.00021639
11.67 -1.76739e-05
11.68 0.000211272
11.69 0.000292285
11.7 0.000138148
11.71 -0.000177241
11.72 -0.000452682
11.73 -0.00049096
11.74 -0.000241047
11.75 0.000155962
11.76 0.000453948
11.77 0.000459884
11.78 0.000157569
11.79 -0.000278734
11.8 -0.000587789
11.81 -0.000579958
11.82 -0.000255408
11.83 0.000191613
11.84 0.000489759
11.85 0.000460769
11.86 0.000136579
11.87 -0.000255508
11.88 -0.000436935
11.89 -0.000261241
11.9 0.000184427
11.91 0.000628892
11.92 0.000786652
11.93 0.000538404
11.94 8.25108e-06
11.95 -0.000509868
11.96 -0.000728011
11.97 -0.000536106
11.98 -6.62252e-05
11.99 0.000389696
12 0.000553808
12.01 0.000324736
12.02 -0.000159271
12.03 -0.000594476
12.04 -0.000690525
12.05 -0.000351065
12.06 0.000260881
12.07 0.000817233
12.08 0.00101543
12.09 0.000746863
12.1 0.000151751
12.11 -0.000459954
12.12 -0.000773066
12.13 -0.000632958
12.14 -0.000132172
12.15 0.000430516
12.16 0.000710608
12.17 0.000520306
12.18 -4.61502e-05
12.19 -0.000652973
12.2 -0.000918486
12.21 -0.000651324
12.22 2.06476e-05
12.23 0.000715622
12.24 0.00102493
12.25 0.000765006
12.26 9.73848e-05
12.27 -0.000559291
12.28 -0.000775148
12.29 -0.000370652
12.3 0.000458652
12.31 0.00123611
12.32 0.00147849
12.33 0.000999558
12.34 5.08332e-05
12.35 -0.000812935
12.36 -0.00107818
12.37 -0.000604253
12.38 0.000284742
12.39 0.00101032
12.4 0.00110669
12.41 0.000504961
12.42 -0.000434513
12.43 -0.00114766
12.44 -0.00120641
12.45 -0.000572619
12.46 0.000378462
12.47 0.0010813
12.48 0.00112103
12.49 0.000483965
12.5 -0.000438743
12.51 -0.00109293
12.52 -0.00109155
12.53 -0.000433546
12.54 0.000504888
12.55 0.00118933
12.56 0.00123007
12.57 0.000603319
12.58 -0.000331355
12.59 -0.00103297
12.6 -0.00109353
12.61 -0.000485025
12.62 0.000415417
12.63 0.00105027
12.64 0.00102307
12.65 0.000341735
12.66 -0.000589667
12.67 -0.00122389
12.68 -0.00120547
12.69 -0.000575212
12.7 0.00027678
12.71 0.00086328
12.72 0.000886702
12.73 0.000389892
12.74 -0.000296675
12.75 -0.000758815
12.76 -0.000731279
12.77 -0.000237627
12.78 0.000430752
12.79 0.000883232
12.8 0.000852047
12.81 0.000342677
12.82 -0.000369942
12.83 -0.000895408
12.84 -0.000947038
12.85 -0.000504497
12.86 0.000174366
12.87 0.000702536
12.88 0.000787555
12.89 0.000399537
12.9 -0.000213539
12.91 -0.000673468
12.92 -0.000696487
12.93 -0.000260707
12.94 0.000383861
12.95 0.000866512
12.96 0.000912748
12.97 0.000496289
12.98 -0.000155761
12.99 -0.000696345
13 -0.000848822
13.01 -0.000552764
13.02 7.17269e-06
13.03 0.000505653
13.04 0.00066195
13.05 0.000404251
13.06 -8.43238e-05
13.07 -0.000472117
13.08 -0.000479548
13.09 -5.33531e-05
13.1 0.000593913
13.11 0.00110657
13.12 0.00119738
13.13 0.000820801
13.14 0.00020375
13.15 -0.000288602
13.16 -0.000373348
13.17 -1.84626e-05
13.18 0.000545924
13.19 0.000969558
13.2 0.000986393
13.21 0.000565295
13.22 -7.41042e-05
13.23 -0.000586621
13.24 -0.000700056
13.25 -0.000373403
13.26 0.000183667
13.27 0.000644558
13.28 0.000766417
13.29 0.000528
13.3 0.000121736
13.31 -0.000181551
13.32 -0.000197831
13.33 7.48164e-05
13.34 0.000468774
13.35 0.000743888
13.36 0.000720788
13.37 0.000389103
13.38 -7.59158e-05
13.39 -0.000415058
13.4 -0.000448546
13.41 -0.000187801
13.42 0.000183184
13.43 0.000434666
13.44 0.000429688
13.45 0.000190951
13.46 -0.000124355
13.47 -0.000318031
13.48 -0.000268019
13.49 -5.80015e-06
13.5 0.00030202
13.51 0.000463799
13.52 0.000389034
13.53 0.000138479
13.54 -0.000131383
13.55 -0.00027293
13.56 -0.000223295
13.57 -2.20025e-05
13.58 0.000215924
13.59 0.000354657
13.6 0.00030781
13.61 9.35409e-05
13.62 -0.000167868
13.63 -0.000323786
13.64 -0.000283557
13.65 -7.48229e-05
13.66 0.00017331
13.67 0.000307641
13.68 0.000239601
13.69 -6.14089e-06
13.7 -0.000305915
13.71 -0.000501877
13.72 -0.000484179
13.73 -0.000251069
13.74 8.54303e-05
13.75 0.000354883
13.76 0.000417088
13.77 0.000235404
13.78 -0.000104715
13.79 -0.000438761
13.8 -0.000602023
13.81 -0.000505986
13.82 -0.00018392
13.83 0.000210168
13.84 0.000459864
13.85 0.000396069
13.86 1.01385e-05
13.87 -0.000513224
13.88 -0.000891552
13.89 -0.000919668
13.9 -0.000601927
13.91 -0.000144726
13.92 0.000180327
13.93 0.000202087
13.94 -6.01296e-05
13.95 -0.000420446
13.96 -0.000635
13.97 -0.00053674
13.98 -0.000130815
13.99 0.000405143
14 0.000823607
14.01 0.000948931
14.02 0.000764362
14.03 0.000398289
14.04 4.12287e-05
14.05 -0.000146252
14.06 -0.000102063
14.07 0.000106638
14.08 0.000312441
14.09 0.000342383
14.1 0.000133546
14.11 -0.000209191
14.12 -0.000467562
14.13 -0.000455689
14.14 -0.000158456
14.15 0.00024714
14.16 0.000512615
14.17 0.000491495
14.18 0.000236063
14.19 -4.54501e-05
14.2 -0.000129906
14.21 7.56201e-05
14.22 0.00046815
14.23 0.000804346
14.24 0.000855306
14.25 0.000565536
14.26 9.83371e-05
14.27 -0.000275038
14.28 -0.000359943
14.29 -0.000154769
14.3 0.000176473
14.31 0.000431341
14.32 0.000490867
14.33 0.000363733
14.34 0.000152247
14.35 -1.75215e-05
14.36 -6.06526e-05
14.37 2.93729e-05
14.38 0.000182039
14.39 0.000290968
14.4 0.000276922
14.41 0.000137111
14.42 -4.97238e-05
14.43 -0.000166463
14.44 -0.000125532
14.45 7.56826e-05
14.46 0.000343725
14.47 0.000531638
14.48 0.000517182
14.49 0.000276609
14.5 -9.14351e-05
14.51 -0.00041411
14.52 -0.000541211
14.53 -0.000431026
14.54 -0.000168664
14.55 9.57797e-05
14.56 0.000246236
14.57 0.000267043
14.58 0.000231978
14.59 0.000230986
14.6 0.000295596
14.61 0.000379984
14.62 0.000405388
14.63 0.000325018
14.64 0.000158759
14.65 -2.07505e-05
14.66 -0.000133993
14.67 -0.0001425
14.68 -7.00996e-05
14.69 2.00408e-05
14.7 7.68692e-05
14.71 9.35131e-05
14.72 8.97683e-05
14.73 7.35894e-05
14.74 3.54724e-05
14.75 -1.74534e-05
14.76 -3.95352e-05
14.77 2.03811e-05
14.78 0.000157256
14.79 0.000289486
14.8 0.000313409
14.81 0.000190242
14.82 -1.07481e-05
14.83 -0.000153587
14.84 -0.000136302
14.85 2.35228e-05
14.86 0.000189995
14.87 0.000205915
14.88 1.91871e-05
14.89 -0.000257996
14.9 -0.000415884
14.91 -0.000305886
14.92 2.83171e-05
14.93 0.000362341
14.94 0.000452238
14.95 0.000223846
14.96 -0.00016668
14.97 -0.000456661
14.98 -0.000481474
14.99 -0.000288492
15 -7.70773e-05
15.01 -3.05765e-05
15.02 -0.000179248
15.03 -0.000386607
15.04 -0.000453411
15.05 -0.00026333
15.06 0.00012503
15.07 0.000502629
15.08 0.0006419
15.09 0.000453073
15.1 5.41242e-05
15.11 -0.000301323
15.12 -0.000386333
15.13 -0.000137176
15.14 0.000319266
15.15 0.000746835
15.16 0.000931083
15.17 0.000790974
15.18 0.000417714
15.19 1.80072e-05
15.2 -0.000206857
15.21 -0.000170567
15.22 5.86818e-05
15.23 0.000301181
15.24 0.000367329
15.25 0.000169745
15.26 -0.000213442
15.27 -0.000573336
15.28 -0.000698998
15.29 -0.000521613
15.3 -0.000170477
15.31 0.000103694
15.32 8.72656e-05
15.33 -0.000258839
15.34 -0.000764935
15.35 -0.00114174
15.36 -0.00114834
15.37 -0.000747209
15.38 -0.00014579
15.39 0.000319867
15.4 0.000401434
15.41 0.000114252
15.42 -0.000260545
15.43 -0.000369106
15.44 -4.2456e-05
15.45 0.000575806
15.46 0.00113038
15.47 0.00130338
15.48 0.00102691
15.49 0.000516544
15.5 0.000114024
15.51 5.22881e-05
15.52 0.000304476
15.53 0.000620801
15.54 0.000723989
15.55 0.000512463
15.56 0.000116441
15.57 -0.000219833
15.58 -0.000315996
15.59 -0.000152402
15.6 0.000158152
15.61 0.000458748
15.62 0.000618912
15.63 0.000570195
15.64 0.00032921
15.65 1.01618e-05
15.66 -0.000205932
15.67 -0.000164532
15.68 0.000145631
15.69 0.000540413
15.7 0.000722624
15.71 0.000474332
15.72 -0.000165578
15.73 -0.00088
15.74 -0.00125464
15.75 -0.00105852
15.76 -0.000423942
15.77 0.000226053
15.78 0.00047206
15.79 0.00020088
15.8 -0.000320127
15.81 -0.0006575
15.82 -0.000542001
15.83 -5.67159e-05
15.84 0.000444475
15.85 0.000601931
15.86 0.000294913
15.87 -0.000292032
15.88 -0.000800694
15.89 -0.000928476
15.9 -0.000612076
15.91 -5.80259e-05
15.92 0.000394868
15.93 0.00049046
15.94 0.00020685
15.95 -0.000248195
15.96 -0.000578205
15.97 -0.000569717
15.98 -0.000197213
15.99 0.000369185
16 0.000841727
16.01 0.000955735
16.02 0.000625639
16.03 3.11145e-05
16.04 -0.000452618
16.05 -0.000475395
16.06 4.1952e-05
16.07 0.000818979
16.08 0.00137781
16.09 0.00135185
16.1 0.000718207
16.11 -0.000201447
16.12 -0.000947449
16.13 -0.00118101
16.14 -0.000849872
16.15 -0.000203751
16.16 0.000330803
16.17 0.000370148
16.18 -0.000200678
16.19 -0.00112116
16.2 -0.00186213
16.21 -0.00192555
16.22 -0.00116513
16.23 7.97572e-05
16.24 0.00115601
16.25 0.00147943
16.26 0.000873602
16.27 -0.000321788
16.28 -0.00141618
16.29 -0.00173166
16.3 -0.00100356
16.31 0.000400568
16.32 0.00163161
16.33 0.00186383
16.34 0.000858252
16.35 -0.000821396
16.36 -0.0021354
16.37 -0.0022409
16.38 -0.00104392
16.39 0.000742442
16.4 0.00204649
16.41 0.00209302
16.42 0.000863897
16.43 -0.000892868
16.44 -0.00209608
16.45 -0.00196905
16.46 -0.000522716
16.47 0.0014179
16.48 0.00269774
16.49 0.00253251
16.5 0.000985718
16.51 -0.00107278
16.52 -0.00248822
16.53 -0.00249385
16.54 -0.00112895
16.55 0.000817725
16.56 0.00226487
16.57 0.00243386
16.58 0.00126868
16.59 -0.000546355
16.6 -0.00198217
16.61 -0.00225203
16.62 -0.00125013
16.63 0.000414781
16.64 0.00179442
16.65 0.00214576
16.66 0.00132856
16.67 -0.000149901
16.68 -0.00143962
16.69 -0.00182139
16.7 -0.00110076
16.71 0.000280158
16.72 0.00147963
16.73 0.001726
16.74 0.000774115
16.75 -0.00090964
16.76 -0.00237007
16.77 -0.00270945
16.78 -0.0016559
16.79 0.000229125
16.8 0.00186925
16.81 0.00232744
16.82 0.00138351
16.83 -0.000342189
16.84 -0.00178219
16.85 -0.00205573
16.86 -0.000958085
16.87 0.000950233
16.88 0.00266828
16.89 0.00329969
16.9 0.0025079
16.91 0.000708093
16.92 -0.00116263
16.93 -0.00217473
16.94 -0.00188645
16.95 -0.000569237
16.96 0.00095632
16.97 0.0018027
16.98 0.00152011
16.99 0.000338301
17 -0.000981896
17.01 -0.00160247
17.02 -0.00110747
17.03 0.000258021
17.04 0.00175871
17.05 0.00260302
17.06 0.00235966
17.07 0.00116257
17.08 -0.000367184
17.09 -0.00143184
17.1 -0.00148204
17.11 -0.000546316
17.12 0.000771787
17.13 0.00164895
17.14 0.0015219
17.15 0.000407711
17.16 -0.00110261
17.17 -0.00216923
17.18 -0.0021866
17.19 -0.00115483
17.2 0.000302569
17.21 0.00131283
17.22 0.00128856
17.23 0.000284351
17.24 -0.00104182
17.25 -0.00184249
17.26 -0.00160819
17.27 -0.000465725
17.28 0.00092727
17.29 0.00177844
17.3 0.00159139
17.31 0.000420892
17.32 -0.00115237
17.33 -0.00231874
17.34 -0.00247878
17.35 -0.00158673
17.36 -0.000181705
17.37 0.000932009
17.38 0.00115419
17.39 0.000419808
17.4 -0.000779834
17.41 -0.0016876
17.42 -0.00172402
17.43 -0.000822277
17.44 0.000549129
17.45 0.0016717
17.46 0.00197412
17.47 0.00132151
17.48 7.0253e-05
17.49 -0.00112143
17.5 -0.00163597
17.51 -0.0012241
17.52 -0.000136928
17.53 0.00101866
17.54 0.00159983
17.55 0.00124759
17.56 7.77111e-05
17.57 -0.00133911
17.58 -0.00223987
17.59 -0.00208905
17.6 -0.00092276
17.61 0.000632471
17.62 0.00172089
17.63 0.00177294
17.64 0.000839227
17.65 -0.000461972
17.66 -0.0013307
17.67 -0.00126117
17.68 -0.000320307
17.69 0.000930024
17.7 0.0017771
17.71 0.00174747
17.72 0.000852302
17.73 -0.000426674
17.74 -0.001395
17.75 -0.00152057
17.76 -0.000728292
17.77 0.000558929
17.78 0.00164841
17.79 0.00193711
17.8 0.00122203
17.81 -0.000183156
17.82 -0.00158202
17.83 -0.00224502
17.84 -0.00181556
17.85 -0.000532789
17.86 0.000886076
17.87 0.00164811
17.88 0.00133356
17.89 0.000136188
17.9 -0.00123681
17.91 -0.00196373
17.92 -0.00159036
17.93 -0.00030359
17.94 0.00117943
17.95 0.00201978
17.96 0.00171705
17.97 0.000394925
17.98 -0.00123435
17.99 -0.00224603
18 -0.00205201
18.01 -0.000786426
18.02 0.00076398
18.03 0.00165661
18.04 0.00137667
18.05 0.000137433
18.06 -0.00126226
18.07 -0.00192415
18.08 -0.00138663
18.09 0.000107366
18.1 0.00176352
18.11 0.00268465
18.12 0.00235883
18.13 0.000952567
18.14 -0.000761832
18.15 -0.00182923
18.16 -0.00166664
18.17 -0.000418466
18.18 0.00114007
18.19 0.0020884
18.2 0.00191818
18.21 0.000826992
18.22 -0.000430133
18.23 -0.00102837
18.24 -0.000588161
18.25 0.000611547
18.26 0.00184466
18.27 0.0023989
18.28 0.0019916
18.29 0.000911628
18.3 -0.000183092
18.31 -0.000670238
18.32 -0.000323214
18.33 0.000582231
18.34 0.00147699
18.35 0.00183978
18.36 0.00145221
18.37 0.000482658
18.38 -0.00061097
18.39 -0.00130969
18.4 -0.00130557
18.41 -0.000683296
18.42 0.000119684
18.43 0.000580313
18.44 0.00041193
18.45 -0.000270022
18.46 -0.00102765
18.47 -0.00137373
18.48 -0.0010662
18.49 -0.000243707
18.5 0.000657878
18.51 0.00115353
18.52 0.000963195
18.53 0.000147878
18.54 -0.000908175
18.55 -0.0016822
18.56 -0.00179701
18.57 -0.00124134
18.58 -0.000385989
18.59 0.000222134
18.6 0.000181121
18.61 -0.00052033
18.62 -0.00147454
18.63 -0.00208656
18.64 -0.0019556
18.65 -0.00114891
18.66 -0.000170166
18.67 0.000362687
18.68 0.00012033
18.69 -0.0007291
18.7 -0.00161976
18.71 -0.00193085
18.72 -0.00136872
18.73 -0.000150328
18.74 0.00111398
18.75 0.00175606
18.76 0.00142689
18.77 0.000322921
18.78 -0.000892764
18.79 -0.0014739
18.8 -0.00106071
18.81 8.12952e-05
18.82 0.00122855
18.83 0.00163815
18.84 0.000980323
18.85 -0.000456426
18.86 -0.00189369
18.87 -0.00248961
18.88 -0.00183948
18.89 -0.000239933
18.9 0.00146047
18.91 0.00232729
18.92 0.00185468
18.93 0.000266125
18.94 -0.00156371
18.95 -0.00256331
18.96 -0.00207981
18.97 -0.000295988
18.98 0.00184248
18.99 0.00316098
19 0.00293462
19.01 0.00132176
19.02 -0.000717475
19.03 -0.00197234
19.04 -0.00168355
19.05 1.81599e-05
19.06 0.0022065
19.07 0.00368315
19.08 0.00360073
19.09 0.00190199
19.1 -0.000611515
19.11 -0.00263594
19.12 -0.00308531
19.13 -0.00180418
19.14 0.000316994
19.15 0.00193824
19.16 0.00210555
19.17 0.000795516
19.18 -0.00111329
19.19 -0.00239155
19.2 -0.00220226
19.21 -0.000596269
19.22 0.00153968
19.23 0.00300399
19.24 0.00294228
19.25 0.00132235
19.26 -0.0010192
19.27 -0.00279981
19.28 -0.00300045
19.29 -0.0014687
19.3 0.000984561
19.31 0.00304903
19.32 0.003618
19.33 0.00234413
19.34 -0.000189617
19.35 -0.00273374
19.36 -0.00402655
19.37 -0.0034371
19.38 -0.00130442
19.39 0.00122076
19.4 0.00281377
19.41 0.0026801
19.42 0.000949671
19.43 -0.00144767
19.44 -0.00331205
19.45 -0.00376726
19.46 -0.00263775
19.47 -0.000481709
19.48 0.00169069
19.49 0.00286878
19.5 0.00250115
19.51 0.000786689
19.52 -0.00138419
19.53 -0.0028462
19.54 -0.00275139
19.55 -0.00105294
19.56 0.00141391
19.57 0.00334656
19.58 0.00369673
19.59 0.00228578
19.6 -0.000102279
19.61 -0.00220886
19.62 -0.00301
19.63 -0.00221848
19.64 -0.00035459
19.65 0.00159231
19.66 0.00267353
19.67 0.00241472
19.68 0.00102019
19.69 -0.000748495
19.7 -0.00196898
19.71 -0.00203795
19.72 -0.000986787
19.73 0.000559863
19.74 0.00174508
19.75 0.00194274
19.76 0.00107444
19.77 -0.000378314
19.78 -0.00163664
19.79 -0.00202733
19.8 -0.00135131
19.81 -1.74217e-05
19.82 0.00117447
19.83 0.00149377
19.84 0.000714844
19.85 -0.000738297
19.86 -0.00203028
19.87 -0.00239912
19.88 -0.00160823
19.89 -9.00842e-05
19.9 0.00131326
19.91 0.00183392
19.92 0.00119934
19.93 -0.000223158
19.94 -0.00163126
19.95 -0.00222958
19.96 -0.00167051
19.97 -0.00024775
19.98 0.00127971
19.99 0.00210941
20 0.00181178
20.01 0.000539083
20.02 -0.00106121
20.03 -0.00215788
20.04 -0.00213646
20.05 -0.000933811
20.06 0.000883775
20.07 0.00237755
20.08 0.00273644
20.09 0.0017607
20.1 6.06029e-06
20.11 -0.0015467
20.12 -0.00208297
20.13 -0.00141724
20.14 -4.90201e-05
20.15 0.00120046
20.16 0.00168974
20.17 0.00127342
20.18 0.000297522
20.19 -0.00065726
20.2 -0.00110102
20.21 -0.000849147
20.22 -7.39222e-05
20.23 0.000799444
20.24 0.0012825
20.25 0.00108032
20.26 0.000301829
20.27 -0.00058753
20.28 -0.00106308
20.29 -0.000867381
20.3 -0.000155434
20.31 0.000622747
20.32 0.00102377
20.33 0.000889274
20.34 0.000416495
20.35 -8.15356e-06
20.36 -8.06262e-05
20.37 0.000245138
20.38 0.000750677
20.39 0.00109007
20.4 0.00100287
20.41 0.000474323
20.42 -0.000256258
20.43 -0.000848804
20.44 -0.00106396
20.45 -0.000882647
20.46 -0.000492337
20.47 -0.000157921
20.48 -6.30386e-05
20.49 -0.000221005
20.5 -0.000488641
20.51 -0.000663811
20.52 -0.000606681
20.53 -0.000313105
20.54 9.00583e-05
20.55 0.000424071
20.56 0.000544321
20.57 0.000404815
20.58 9.80101e-05
20.59 -0.000171983
20.6 -0.00018337
20.61 0.000167523
20.62 0.000750285
20.63 0.00121402
20.64 0.00119718
20.65 0.000621928
20.66 -0.000184598
20.67 -0.000697603
20.68 -0.000587714
20.69 4.79835e-06
20.7 0.000551008
20.71 0.000509941
20.72 -0.000259809
20.73 -0.00136332
20.74 -0.00212532
20.75 -0.00203599
20.76 -0.00108292
20.77 0.000240076
20.78 0.00122369
20.79 0.00134204
20.8 0.000545607
20.81 -0.000708192
20.82 -0.00169688
20.83 -0.00183679
20.84 -0.00104524
20.85 0.000183153
20.86 0.00107344
20.87 0.00106723
20.88 0.000182119
20.89 -0.00102878
20.9 -0.00184725
20.91 -0.00179694
20.92 -0.000863332
20.93 0.00052521
20.94 0.00168472
20.95 0.00199139
20.96 0.00125813
20.97 -5.91006e-05
20.98 -0.00107338
20.99 -0.00103666
21 0.000126897
21.01 0.0017336
21.02 0.00278182
21.03 0.00259824
21.04 0.00123898
21.05 -0.000587273
21.06 -0.00195295
21.07 -0.00220534
21.08 -0.00126997
21.09 0.000354585
21.1 0.00185647
21.11 0.00249562
21.12 0.00196206
21.13 0.000549042
21.14 -0.000970702
21.15 -0.0017455
21.16 -0.00134176
21.17 -3.27465e-05
21.18 0.00136795
21.19 0.00203054
21.2 0.00161239
21.21 0.000405023
21.22 -0.000922245
21.23 -0.00171703
21.24 -0.001626
21.25 -0.000715755
21.26 0.000556871
21.27 0.00152604
21.28 0.00164171
21.29 0.000799426
21.3 -0.000574491
21.31 -0.00176298
21.32 -0.00216178
21.33 -0.00159646
21.34 -0.000392734
21.35 0.000802881
21.36 0.00133991
21.37 0.000889637
21.38 -0.000357757
21.39 -0.00174772
21.4 -0.00249262
21.41 -0.00213858
21.42 -0.000874049
21.43 0.000572145
21.44 0.00139172
21.45 0.00119927
21.46 0.000234915
21.47 -0.000859508
21.48 -0.00146884
21.49 -0.00130959
21.5 -0.00047726
21.51 0.00067888
21.52 0.00168595
21.53 0.00206713
21.54 0.00154033
21.55 0.000244054
21.56 -0.00122804
21.57 -0.00211518
21.58 -0.00196094
21.59 -0.000922791
21.6 0.000343299
21.61 0.0011108
21.62 0.00100031
21.63 0.000150543
21.64 -0.000914141
21.65 -0.00158796
21.66 -0.00148528
21.67 -0.000611629
21.68 0.000671104
21.69 0.00183425
21.7 0.0024246
21.71 0.00226522
21.72 0.00152549
21.73 0.000626835
21.74 3.13805e-05
21.75 1.93467e-05
21.76 0.000576531
21.77 0.00139613
21.78 0.00201503
21.79 0.00205964
21.8 0.00145329
21.81 0.000476158
21.82 -0.000366743
21.83 -0.000623001
21.84 -0.000144488
21.85 0.00083152
21.86 0.0017893
21.87 0.00218451
21.88 0.0017284
21.89 0.000560605
21.9 -0.000792206
21.91 -0.00166192
21.92 -0.00158231
21.93 -0.000557451
21.94 0.000925023
21.95 0.00215033
21.96 0.0025514
21.97 0.00198862
21.98 0.000784771
21.99 -0.000464272
22 -0.00115578
22.01 -0.000921011
22.02 0.000194325
22.03 0.00167829
22.04 0.00273536
22.05 0.0027005
22.06 0.00146649
22.07 -0.000377492
22.08 -0.00182071
22.09 -0.00198266
22.1 -0.000636521
22.11 0.00160683
22.12 0.00357241
22.13 0.00413265
22.14 0.00286998
22.15 0.0003497
22.16 -0.00214568
22.17 -0.00324447
22.18 -0.00224362
22.19 0.000409462
22.2 0.00329073
22.21 0.00481685
22.22 0.00412219
22.23 0.00158145
22.24 -0.00138636
22.25 -0.00317662
22.26 -0.00290389
22.27 -0.000835686
22.28 0.0018962
22.29 0.00398347
22.3 0.00451431
22.31 0.00328658
22.32 0.000876508
22.33 -0.00157322
22.34 -0.00285029
22.35 -0.00231758
22.36 -0.00031744
22.37 0.00204609
22.38 0.00356083
22.39 0.00351371
22.4 0.00197825
22.41 -0.000282697
22.42 -0.00215961
22.43 -0.00267055
22.44 -0.00144629
22.45 0.001042
22.46 0.00366684
22.47 0.00514736
22.48 0.00462813
22.49 0.00218488
22.5 -0.00108775
22.51 -0.00353104
22.52 -0.00378034
22.53 -0.00163607
22.54 0.00176696
22.55 0.00466361
22.56 0.00568874
22.57 0.00452105
22.58 0.00186394
22.59 -0.00100105
22.6 -0.00273939
22.61 -0.00252146
22.62 -0.000486102
22.63 0.0023157
22.64 0.00447918
22.65 0.00493438
22.66 0.00346648
22.67 0.000795961
22.68 -0.00180529
22.69 -0.0031172
22.7 -0.00254103
22.71 -0.000362424
22.72 0.0024787
22.73 0.00483028
22.74 0.00569871
22.75 0.00460575
22.76 0.00186798
22.77 -0.00142479
22.78 -0.00379901
22.79 -0.0041321
22.8 -0.0023355
22.81 0.000604163
22.82 0.00323852
22.83 0.00437261
22.84 0.00352344
22.85 0.0010884
22.86 -0.00181451
22.87 -0.00380081
22.88 -0.00385284
22.89 -0.00184247
22.9 0.00139125
22.91 0.00441535
22.92 0.00576973
22.93 0.00459217
22.94 0.00114555
22.95 -0.00305792
22.96 -0.00591568
22.97 -0.00590985
22.98 -0.00296754
22.99 0.0014936
23 0.00533128
23.01 0.00689739
23.02 0.00579165
23.03 0.00273341
23.04 -0.00101017
23.05 -0.00410345
23.06 -0.00547417
23.07 -0.0045967
23.08 -0.00169286
23.09 0.00225146
23.1 0.00572225
23.11 0.00718035
23.12 0.00575362
23.13 0.00177008
23.14 -0.00321225
23.15 -0.00699832
23.16 -0.00790544
23.17 -0.00559949
23.18 -0.00113019
23.19 0.00359121
23.2 0.00658848
23.21 0.0066027
23.22 0.00362998
23.23 -0.00108153
23.24 -0.00552082
23.25 -0.00772585
23.26 -0.00663462
23.27 -0.00258629
23.28 0.00278348
23.29 0.00717224
23.3 0.0086878
23.31 0.00670808
23.32 0.00203828
23.33 -0.00343259
23.34 -0.00742959
23.35 -0.00825277
23.36 -0.00560363
23.37 -0.000724057
23.38 0.00428505
23.39 0.00738901
23.4 0.00733919
23.41 0.00412587
23.42 -0.00108551
23.43 -0.00637606
23.44 -0.00984025
23.45 -0.0103295
23.46 -0.00769283
23.47 -0.00280243
23.48 0.00269961
23.49 0.0069169
23.5 0.00834791
23.51 0.00654272
23.52 0.00238917
23.53 -0.00230513
23.54 -0.00560408
23.55 -0.00621097
23.56 -0.00396379
23.57 0.000176852
23.58 0.00461619
23.59 0.00776256
23.6 0.00856023
23.61 0.00684928
23.62 0.00336656
23.63 -0.000695485
23.64 -0.00418611
23.65 -0.00622978
23.66 -0.00625626
23.67 -0.00410131
23.68 -0.000216144
23.69 0.00430545
23.7 0.00793724
23.71 0.00919505
23.72 0.00733385
23.73 0.00283161
23.74 -0.00276359
23.75 -0.00738718
23.76 -0.00918741
23.77 -0.00726984
23.78 -0.00214686
23.79 0.00443232
23.8 0.0100754
23.81 0.0127996
23.82 0.0117779
23.83 0.00741382
23.84 0.00126394
23.85 -0.00447966
23.86 -0.00781974
23.87 -0.00767693
23.88 -0.0043123
23.89 0.000851661
23.9 0.0059288
23.91 0.00924506
23.92 0.00968785
23.93 0.00699585
23.94 0.0019761
23.95 -0.00372404
23.96 -0.00808551
23.97 -0.00939712
23.98 -0.00705778
23.99 -0.00195967
24 0.00401715
24.01 0.00886374
24.02 0.0110219
24.03 0.00976806
24.04 0.00547294
24.05 -0.000528052
24.06 -0.00629396
24.07 -0.00985388
24.08 -0.00990621
24.09 -0.00638947
24.1 -0.000559268
24.11 0.00574786
24.12 0.0108397
24.13 0.0133542
24.14 0.0124256
24.15 0.00816227
24.16 0.00175883
24.17 -0.00489323
24.18 -0.00963083
24.19 -0.0106998
24.2 -0.00758476
24.21 -0.00134434
24.22 0.0059876
24.23 0.0122413
24.24 0.0156484
24.25 0.0151206
24.26 0.0105308
24.27 0.00295903
24.28 -0.00540967
24.29 -0.0117507
24.3 -0.0138433
24.31 -0.0111533
24.32 -0.00488466
24.33 0.0027275
24.34 0.0093308
24.35 0.0131578
24.36 0.013313
24.37 0.00992089
24.38 0.00418176
24.39 -0.00211202
24.4 -0.00706881
24.41 -0.00917709
24.42 -0.00785096
24.43 -0.00368831
24.44 0.00191494
24.45 0.00734331
24.46 0.0111802
24.47 0.0124248
24.48 0.0106688
24.49 0.00635534
24.5 0.000634868
24.51 -0.00504522
24.52 -0.00928894
24.53 -0.0110513
24.54 -0.00994758
24.55 -0.00639703
24.56 -0.00141651
24.57 0.0038148
24.58 0.00819893
24.59 0.0107641
24.6 0.0109058
24.61 0.00868141
24.62 0.00476162
24.63 0.000114576
24.64 -0.00427225
24.65 -0.00746701
24.66 -0.00862125
24.67 -0.00721756
24.68 -0.00342015
24.69 0.00193066
24.7 0.00750141
24.71 0.0117393
24.72 0.0132624
24.73 0.0113605
24.74 0.0064088
24.75 -0.000236876
24.76 -0.00660879
24.77 -0.010697
24.78 -0.0111592
24.79 -0.00790263
24.8 -0.0021853
24.81 0.00411636
24.82 0.00930888
24.83 0.0121465
24.84 0.0119531
24.85 0.00891088
24.86 0.00408605
24.87 -0.00105637
24.88 -0.00507184
24.89 -0.00690744
24.9 -0.00625954
24.91 -0.00363362
24.92 -1.72055e-05
24.93 0.00362724
24.94 0.0065378
24.95 0.0080037
24.96 0.0074727
24.97 0.00496133
24.98 0.00118173
24.99 -0.00276085
25 -0.00569916
25.01 -0.00673621
25.02 -0.00563892
25.03 -0.00297341
25.04 0.000267884
25.05 0.003225
25.06 0.00542114
25.07 0.00666209
25.08 0.00691468
25.09 0.00624933
25.1 0.00476352
25.11 0.00262094
25.12 7.16721e-05
25.13 -0.00261102
25.14 -0.00510289
25.15 -0.00699159
25.16 -0.00784861
25.17 -0.00736295
25.18 -0.00546449
25.19 -0.00245828
25.2 0.00103598
25.21 0.00424501
25.22 0.00641931
25.23 0.00706194
25.24 0.00612793
25.25 0.00408644
25.26 0.00171342
25.27 -0.000237937
25.28 -0.00123383
25.29 -0.00102541
25.3 0.000306283
25.31 0.0023202
25.32 0.00428373
25.33 0.00541693
25.34 0.00521724
25.35 0.00365826
25.36 0.00115935
25.37 -0.00166672
25.38 -0.00411927
25.39 -0.00549037
25.4 -0.00535827
25.41 -0.00380965
25.42 -0.00139227
25.43 0.00125168
25.44 0.00361503
25.45 0.00525307
25.46 0.00573428
25.47 0.00475407
25.48 0.00234603
25.49 -0.00105517
25.5 -0.0045676
25.51 -0.00704687
25.52 -0.00759241
25.53 -0.00596648
25.54 -0.00269451
25.55 0.00126233
25.56 0.00483522
25.57 0.00703287
25.58 0.00719261
25.59 0.00532428
25.6 0.00224867
25.61 -0.000823454
25.62 -0.00279524
25.63 -0.00303081
25.64 -0.00161181
25.65 0.000771096
25.66 0.00317052
25.67 0.00470666
25.68 0.00484755
25.69 0.0035854
25.7 0.00141088
25.71 -0.0009982
25.72 -0.00298301
25.73 -0.00397371
25.74 -0.00364224
25.75 -0.00202778
25.76 0.00052136
25.77 0.00347174
25.78 0.00617157
25.79 0.00794512
25.8 0.00830757
25.81 0.00720075
25.82 0.00501806
25.83 0.00245899
25.84 0.000260071
25.85 -0.00109932
25.86 -0.00140908
25.87 -0.00059101
25.88 0.00141642
25.89 0.00454517
25.9 0.00834065
25.91 0.0119462
25.92 0.0143475
25.93 0.0146802
25.94 0.012494
25.95 0.00793201
25.96 0.00175515
25.97 -0.00482592
25.98 -0.0103101
25.99 -0.0132003
26 -0.0125961
26.01 -0.00872743
26.02 -0.00296721
26.03 0.00280674
26.04 0.00690881
26.05 0.00825677
26.06 0.0066193
26.07 0.00271394
26.08 -0.00212615
26.09 -0.00629888
26.1 -0.0083006
26.11 -0.00725611
26.12 -0.0032944
26.13 0.00256862
26.14 0.00874306
26.15 0.0134255
26.16 0.015
26.17 0.0124852
26.18 0.00602396
26.19 -0.00311543
26.2 -0.0126505
26.21 -0.0202807
26.22 -0.0248852
26.23 -0.0263797
26.24 -0.0249396
26.25 -0.0206014
26.26 -0.0137483
26.27 -0.00557097
26.28 0.00240134
26.29 0.00860488
26.3 0.0118418
26.31 0.0116304
26.32 0.0082204
26.33 0.00281762
26.34 -0.00307898
26.35 -0.00834865
26.36 -0.0125482
26.37 -0.0155101
26.38 -0.0166229
26.39 -0.0155677
26.4 -0.0127001
26.41 -0.00832475
26.42 -0.00288703
26.43 0.00280498
26.44 0.00767466
26.45 0.0106576
26.46 0.0110625
26.47 0.00862605
26.48 0.00385248
26.49 -0.00216177
26.5 -0.00821247
26.51 -0.013539
26.52 -0.0177318
26.53 -0.0200847
26.54 -0.0201408
26.55 -0.0181045
26.56 -0.0142168
26.57 -0.00883647
26.58 -0.0027835
26.59 0.00295081
26.6 0.00736372
26.61 0.00956993
26.62 0.00899755
26.63 0.00566355
26.64 0.000404019
26.65 -0.00551291
26.66 -0.0110348
26.67 -0.0156002
26.68 -0.0186735
26.69 -0.0195927
26.7 -0.0182819
26.71 -0.0152657
26.72 -0.0111695
26.73 -0.00686505
26.74 -0.00340395
26.75 -0.0015154
26.76 -0.00156721
26.77 -0.00363636
26.78 -0.00733797
26.79 -0.0118884
26.8 -0.0163199
26.81 -0.0196156
26.82 -0.0209458
26.83 -0.0198968
26.84 -0.0164999
26.85 -0.0111907
26.86 -0.00472776
26.87 0.00203336
26.88 0.00803668
26.89 0.012168
26.9 0.0135833
26.91 0.0118654
26.92 0.00740714
26.93 0.0013318
26.94 -0.00497652
26.95 -0.0105542
26.96 -0.015014
26.97 -0.0178575
26.98 -0.0186256
26.99 -0.0174523
27 -0.0146361
27.01 -0.0104151
27.02 -0.00539803
27.03 -0.000393351
27.04 0.00373781
27.05 0.00617927
27.06 0.00638171
27.07 0.00409659
27.08 -0.000353599
27.09 -0.00616494
27.1 -0.0123704
27.11 -0.0180734
27.12 -0.0223807
27.13 -0.0242822
27.14 -0.0232105
27.15 -0.0193346
27.16 -0.0132165
27.17 -0.00578379
27.18 0.00180939
27.19 0.00818214
27.2 0.0120677
27.21 0.0127402
27.22 0.0100033
27.23 0.00459347
27.24 -0.0021477
27.25 -0.00885726
27.26 -0.0147844
27.27 -0.0196663
27.28 -0.0228158
27.29 -0.0237773
27.3 -0.022833
27.31 -0.0201659
27.32 -0.0160283
27.33 -0.0112861
27.34 -0.00679889
27.35 -0.00310021
27.36 -0.00064344
27.37 0.00033705
27.38 -0.000110851
27.39 -0.00186462
27.4 -0.00462818
27.41 -0.00783381
27.42 -0.0108754
27.43 -0.0131403
27.44 -0.0139829
27.45 -0.0130169
27.46 -0.0102709
27.47 -0.00606777
27.48 -0.000974024
27.49 0.00416902
27.5 0.00841448
27.51 0.0109587
27.52 0.0112521
27.53 0.0092296
27.54 0.00546739
27.55 0.000931124
27.56 -0.00336363
27.57 -0.00669004
27.58 -0.00864875
27.59 -0.00887726
27.6 -0.00721397
27.61 -0.00403909
27.62 -5.64942e-05
27.63 0.0037928
27.64 0.00648674
27.65 0.00727262
27.66 0.00582364
27.67 0.00251567
27.68 -0.0018261
27.69 -0.00634676
27.7 -0.0104854
27.71 -0.0138465
27.72 -0.0157565
27.73 -0.0157395
27.74 -0.013878
27.75 -0.0103877
27.76 -0.00566179
27.77 -0.000397095
27.78 0.00450606
27.79 0.00812891
27.8 0.00972267
27.81 0.00873374
27.82 0.00515981
27.83 -0.000250849
27.84 -0.00626614
27.85 -0.0118351
27.86 -0.0163778
27.87 -0.0192297
27.88 -0.0197899
27.89 -0.0181893
27.9 -0.0149664
27.91 -0.0106888
27.92 -0.00621246
27.93 -0.00244503
27.94 0.000103683
27.95 0.0013038
27.96 0.00129039
27.97 0.000395112
27.98 -0.000933195
27.99 -0.00220242
28 -0.00297111
28.01 -0.00307941
28.02 -0.00274581
28.03 -0.00238688
28.04 -0.00246815
28.05 -0.00330607
28.06 -0.00483113
28.07 -0.00666188
28.08 -0.00833081
28.09 -0.00937147
28.1 -0.00938786
28.11 -0.00815161
28.12 -0.00564516
28.13 -0.00213209
28.14 0.00180436
28.15 0.00525984
28.16 0.00729885
28.17 0.00737109
28.18 0.00550991
28.19 0.00234396
28.2 -0.00130384
28.21 -0.00477509
28.22 -0.00772468
28.23 -0.00994347
28.24 -0.0110797
28.25 -0.0109381
28.26 -0.00964397
28.27 -0.00734608
28.28 -0.00425095
28.29 -0.000706466
28.3 0.00286182
28.31 0.00595783
28.32 0.00803544
28.33 0.00853063
28.34 0.00710519
28.35 0.00389923
28.36 -0.000573877
28.37 -0.00559625
28.38 -0.0105727
28.39 -0.0150616
28.4 -0.0184226
28.41 -0.0200482
28.42 -0.019689
28.43 -0.017281
28.44 -0.0130343
28.45 -0.00769135
28.46 -0.00226018
28.47 0.00228403
28.48 0.00514436
28.49 0.00589294
28.5 0.00455286
28.51 0.00170524
28.52 -0.00174216
28.53 -0.00490201
28.54 -0.00717966
28.55 -0.00827945
28.56 -0.00799303
28.57 -0.00642603
28.58 -0.00405432
28.59 -0.00131794
28.6 0.00143783
28.61 0.00377431
28.62 0.00518654
28.63 0.00531495
28.64 0.00417332
28.65 0.00213949
28.66 -0.000294423
28.67 -0.00277537
28.68 -0.00519467
28.69 -0.00758126
28.7 -0.00989897
28.71 -0.0119829
28.72 -0.0135753
28.73 -0.0143398
28.74 -0.0139503
28.75 -0.0122202
28.76 -0.0091226
28.77 -0.00479995
28.78 0.000432164
28.79 0.00583263
28.8 0.0102894
28.81 0.0126571
28.82 0.012034
28.83 0.00837675
28.84 0.00272977
28.85 -0.00330209
28.86 -0.00840979
28.87 -0.0120291
28.88 -0.0138139
28.89 -0.013387
28.9 -0.0108094
28.91 -0.00650152
28.92 -0.00103407
28.93 0.00452835
28.94 0.00875853
28.95 0.0104889
28.96 0.00920708
28.97 0.00527672
28.98 -0.000230369
28.99 -0.00595977
29 -0.0108773
29.01 -0.0143614
29.02 -0.015717
29.03 -0.0145274
29.04 -0.0111153
29.05 -0.00599748
29.06 0.000398193
29.07 0.00722223
29.08 0.013167
29.09 0.0170145
29.1 0.0180446
29.11 0.0162164
29.12 0.0120485
29.13 0.00642473
29.14 0.000525405
29.15 -0.00447854
29.16 -0.00798042
29.17 -0.0100525
29.18 -0.010893
29.19 -0.0106107
29.2 -0.00952541
29.21 -0.00798312
29.22 -0.00612052
29.23 -0.0041916
29.24 -0.00258655
29.25 -0.00154324
29.26 -0.0012412
29.27 -0.00189456
29.28 -0.00356923
29.29 -0.00613368
29.3 -0.00926418
29.31 -0.0123826
29.32 -0.0147955
29.33 -0.0159162
29.34 -0.0153664
29.35 -0.0131079
29.36 -0.00955495
29.37 -0.00544672
29.38 -0.00157594
29.39 0.00145262
29.4 0.0033156
29.41 0.00395606
29.42 0.00351318
29.43 0.0022796
29.44 0.000650814
29.45 -0.00108077
29.46 -0.00280906
29.47 -0.00454608
29.48 -0.00631084
29.49 -0.00806411
29.5 -0.00980134
29.51 -0.0115175
29.52 -0.0130242
29.53 -0.0139481
29.54 -0.0138622
29.55 -0.0124114
29.56 -0.0094857
29.57 -0.00532433
29.58 -0.000378131
29.59 0.00469984
29.6 0.00920808
29.61 0.0125334
29.62 0.0140491
29.63 0.0134657
29.64 0.0111306
29.65 0.00776658
29.66 0.00429426
29.67 0.00167009
29.68 0.000444701
29.69 0.00060467
29.7 0.00180617
29.71 0.00353152
29.72 0.00524429
29.73 0.00655311
29.74 0.00719198
29.75 0.00699561
29.76 0.00594041
29.77 0.00410429
29.78 0.00160433
29.79 -0.0014967
29.8 -0.00515752
29.81 -0.00928783
29.82 -0.0136
29.83 -0.0174653
29.84 -0.0201768
29.85 -0.0212069
29.86 -0.020207
29.87 -0.0171464
29.88 -0.0124193
29.89 -0.00665803
29.9 -0.000575393
29.91 0.00491162
29.92 0.00887719
29.93 0.0106772
29.94 0.00997191
29.95 0.00701289
29.96 0.00271089
29.97 -0.00191805
29.98 -0.00613946
29.99 -0.0096137
30 -0.0120968
30.01 -0.0132244
30.02 -0.0130019
30.03 -0.0118782
30.04 -0.0102742
30.05 -0.00853549
30.06 -0.0068818
30.07 -0.00512764
30.08 -0.00292038
30.09 -0.000131255
30.1 0.00297185
30.11 0.00578696
30.12 0.00764966
30.13 0.0080242
30.14 0.00674815
30.15 0.00419151
30.16 0.0009891
30.17 -0.00227253
30.18 -0.0052082
30.19 -0.00758354
30.2 -0.00908334
30.21 -0.00940265
30.22 -0.00849308
30.23 -0.00646473
30.24 -0.00351223
30.25 3.96139e-05
30.26 0.00369369
30.27 0.00689507
30.28 0.0091564
30.29 0.0100306
30.3 0.00930996
30.31 0.00719426
30.32 0.00408636
30.33 0.000458298
30.34 -0.00319256
30.35 -0.00646385
30.36 -0.00907747
30.37 -0.0107371
30.38 -0.0111646
30.39 -0.0103679
30.4 -0.00860833
30.41 -0.00618955
30.42 -0.00350455
30.43 -0.00103139
30.44 0.000819744
30.45 0.00174852
30.46 0.00162283
30.47 0.000593726
30.48 -0.000946757
30.49 -0.00252354
30.5 -0.00375884
30.51 -0.0044831
30.52 -0.00468282
30.53 -0.00439781
30.54 -0.00363297
30.55 -0.00233054
30.56 -0.00048606
30.57 0.00168468
30.58 0.00369395
30.59 0.00495328
30.6 0.005022
30.61 0.00378868
30.62 0.00153953
30.63 -0.00121969
30.64 -0.00390131
30.65 -0.00594215
30.66 -0.00686093
30.67 -0.00629895
30.68 -0.00430242
30.69 -0.00133808
30.7 0.00199896
30.71 0.00513999
30.72 0.00757527
30.73 0.00881578
30.74 0.008524
30.75 0.00674041
30.76 0.00383889
30.77 0.000411014
30.78 -0.00287654
30.79 -0.00552791
30.8 -0.00732342
30.81 -0.00817368
30.82 -0.00804176
30.83 -0.00703918
30.84 -0.00537388
30.85 -0.0032815
30.86 -0.00110553
30.87 0.000786019
30.88 0.00210487
30.89 0.00268358
30.9 0.00250457
30.91 0.0016838
30.92 0.000449096
30.93 -0.000977443
30.94 -0.00244115
30.95 -0.00383604
30.96 -0.00507055
30.97 -0.0060314
30.98 -0.00663778
30.99 -0.0068416
31 -0.0065601
31.01 -0.00574313
31.02 -0.00448544
31.03 -0.00302273
31.04 -0.00167443
31.05 -0.000743102
31.06 -0.000354049
31.07 -0.00039868
31.08 -0.000619725
31.09 -0.000734469
31.1 -0.000553474
31.11 -3.10308e-05
31.12 0.000778204
31.13 0.00176932
31.14 0.00282447
31.15 0.00382548
31.16 0.0046268
31.17 0.00502214
31.18 0.00473004
31.19 0.00347375
31.2 0.00116172
31.21 -0.00204376
31.22 -0.00574086
31.23 -0.0093982
31.24 -0.0123751
31.25 -0.0139559
31.26 -0.0136905
31.27 -0.011535
31.28 -0.00771083
31.29 -0.00275315
31.3 0.0025508
31.31 0.00732997
31.32 0.0108754
31.33 0.0127096
31.34 0.0125071
31.35 0.0103225
31.36 0.00658109
31.37 0.0018185
31.38 -0.00332002
31.39 -0.00813551
31.4 -0.012028
31.41 -0.0143767
31.42 -0.0146121
31.43 -0.0126567
31.44 -0.00894765
31.45 -0.00411875
31.46 0.00113533
31.47 0.00596486
31.48 0.00955304
31.49 0.0113061
31.5 0.0108316
31.51 0.00822351
31.52 0.00414289
31.53 -0.000573794
31.54 -0.00513351
31.55 -0.00902682
31.56 -0.011984
31.57 -0.0136244
31.58 -0.0136604
31.59 -0.0121328
31.6 -0.00920507
31.61 -0.00520167
31.62 -0.000724884
31.63 0.00344601
31.64 0.0065884
31.65 0.00820817
31.66 0.00801619
31.67 0.00608806
31.68 0.00299969
31.69 -0.000550813
31.7 -0.00399468
31.71 -0.00701759
31.72 -0.00945227
31.73 -0.010939
31.74 -0.0111702
31.75 -0.010152
31.76 -0.00796483
31.77 -0.004772
31.78 -0.00095794
31.79 0.00296856
31.8 0.00648443
31.81 0.00910349
31.82 0.0103462
31.83 0.00988959
31.84 0.00781042
31.85 0.00446416
31.86 0.000317849
31.87 -0.0040513
31.88 -0.00808666
31.89 -0.0113162
31.9 -0.0132053
31.91 -0.013314
31.92 -0.0116661
31.93 -0.00867018
31.94 -0.00485332
31.95 -0.000789879
31.96 0.00295867
31.97 0.00593605
31.98 0.00779899
31.99 0.00825106
32 0.00719211
32.01 0.00496725
32.02 0.00224577
32.03 -0.000283407
32.04 -0.00216474
32.05 -0.00327269
32.06 -0.00369763
32.07 -0.00360267
32.08 -0.00310663
32.09 -0.00228298
32.1 -0.00121418
32.11 2.20022e-05
32.12 0.00135229
32.13 0.00269008
32.14 0.00396011
32.15 0.00508359
32.16 0.00590894
32.17 0.00618833
32.18 0.00564691
32.19 0.00416689
32.2 0.0019743
32.21 -0.00042319
32.22 -0.00244652
32.23 -0.00367202
32.24 -0.00394598
32.25 -0.00334054
32.26 -0.00216543
32.27 -0.000849993
32.28 0.00034659
32.29 0.00141316
32.3 0.00243529
32.31 0.00340176
32.32 0.00412326
32.33 0.00432533
32.34 0.00380469
32.35 0.00257727
32.36 0.000932447
32.37 -0.000737582
32.38 -0.0021269
32.39 -0.00306738
32.4 -0.00349527
32.41 -0.00339722
32.42 -0.00281384
32.43 -0.00181969
32.44 -0.000465401
32.45 0.0011825
32.46 0.00292575
32.47 0.00442929
32.48 0.00534273
32.49 0.00543827
32.5 0.00469224
32.51 0.00327508
32.52 0.00150287
32.53 -0.000264589
32.54 -0.00172305
32.55 -0.00263981
32.56 -0.00285547
32.57 -0.00234302
32.58 -0.00130029
32.59 -0.000114993
32.6 0.000824257
32.61 0.0013151
32.62 0.00143902
32.63 0.00148473
32.64 0.00172536
32.65 0.00223698
32.66 0.00288368
32.67 0.00345964
32.68 0.0038433
32.69 0.00402959
32.7 0.00407279
32.71 0.0040391
32.72 0.00399096
32.73 0.00396062
32.74 0.00388479
32.75 0.00354487
32.76 0.00261569
32.77 0.000846435
32.78 -0.00179788
32.79 -0.00506418
32.8 -0.00850036
32.81 -0.0115578
32.82 -0.013676
32.83 -0.014515
32.84 -0.0139848
32.85 -0.012086
32.86 -0.00896735
32.87 -0.0049951
32.88 -0.000601248
32.89 0.00369523
32.9 0.00734097
32.91 0.00984618
32.92 0.0107429
32.93 0.00986163
32.94 0.00752783
32.95 0.00432914
32.96 0.00097264
32.97 -0.00190766
32.98 -0.00395013
32.99 -0.00509364
33 -0.00540824
33.01 -0.00489038
33.02 -0.00358335
33.03 -0.00168045
33.04 0.000535432
33.05 0.00259447
33.06 0.00385273
33.07 0.00376946
33.08 0.00224667
33.09 -0.000254318
33.1 -0.00292781
33.11 -0.00502685
33.12 -0.00608952
33.13 -0.0058022
33.14 -0.00399881
33.15 -0.000799794
33.16 0.00339493
33.17 0.00792189
33.18 0.0118968
33.19 0.0142511
33.2 0.0140158
33.21 0.0108624
33.22 0.00523951
33.23 -0.00185966
33.24 -0.00911804
33.25 -0.0154202
33.26 -0.0198551
33.27 -0.0213921
33.28 -0.0195103
33.29 -0.0145459
33.3 -0.00720553
33.31 0.0015097
33.32 0.00999353
33.33 0.0165472
33.34 0.0200149
33.35 0.0196989
33.36 0.0156351
33.37 0.0087569
33.38 0.000365149
33.39 -0.00796046
33.4 -0.0149092
33.41 -0.0197477
33.42 -0.0215857
33.43 -0.0197453
33.44 -0.0145553
33.45 -0.00690816
33.46 0.00202539
33.47 0.0106027
33.48 0.0172509
33.49 0.0208685
33.5 0.0208108
33.51 0.0172864
33.52 0.0112457
33.53 0.00376623
33.54 -0.00394346
33.55 -0.0106038
33.56 -0.0152913
33.57 -0.0172887
33.58 -0.0159999
33.59 -0.0115513
33.6 -0.00485373
33.61 0.00284494
33.62 0.0102003
33.63 0.0161268
33.64 0.0197375
33.65 0.0202325
33.66 0.0174699
33.67 0.0120264
33.68 0.00476907
33.69 -0.0031423
33.7 -0.0103783
33.71 -0.0160816
33.72 -0.0198427
33.73 -0.0212091
33.74 -0.0200031
33.75 -0.0165472
33.76 -0.0112771
33.77 -0.00483382
33.78 0.00185484
33.79 0.00766746
33.8 0.0117522
33.81 0.0137641
33.82 0.0135122
33.83 0.0112544
33.84 0.00784417
33.85 0.00407244
33.86 0.000509666
33.87 -0.00241479
33.88 -0.00444026
33.89 -0.00548165
33.9 -0.00562247
33.91 -0.00496705
33.92 -0.00369545
33.93 -0.00214799
33.94 -0.000607448
33.95 0.000812502
33.96 0.00209036
33.97 0.00320592
33.98 0.00412906
33.99 0.00491409
34 0.00567129
34.01 0.00644528
34.02 0.00720814
34.03 0.00790002
34.04 0.0084595
34.05 0.00888136
34.06 0.00921248
34.07 0.00944657
34.08 0.00944413
34.09 0.00894423
34.1 0.00764978
34.11 0.00539986
34.12 0.00235347
34.13 -0.0010583
34.14 -0.00427087
34.15 -0.00684764
34.16 -0.00856088
34.17 -0.00919619
34.18 -0.00867153
34.19 -0.00715867
34.2 -0.0048902
34.21 -0.00215441
34.22 0.000716829
34.23 0.00341793
34.24 0.00572305
34.25 0.00745083
34.26 0.00832037
34.27 0.00810554
34.28 0.00683299
34.29 0.00469272
34.3 0.00199476
34.31 -0.000896012
34.32 -0.00360203
34.33 -0.00581203
34.34 -0.00733087
34.35 -0.00798838
34.36 -0.0077948
34.37 -0.00705263
34.38 -0.00607158
34.39 -0.00502548
34.4 -0.00407158
34.41 -0.00330827
34.42 -0.00271383
34.43 -0.00224101
34.44 -0.00180982
34.45 -0.00129495
34.46 -0.000672611
34.47 -7.77581e-05
34.48 0.000266532
34.49 0.000134726
34.5 -0.00061602
34.51 -0.00196523
34.52 -0.00373614
34.53 -0.00565765
34.54 -0.00737884
34.55 -0.00852623
34.56 -0.0087829
34.57 -0.00791456
34.58 -0.005864
34.59 -0.00287669
34.6 0.000592291
34.61 0.00394163
34.62 0.00657203
34.63 0.0080069
34.64 0.00785378
34.65 0.00602785
34.66 0.0028466
34.67 -0.00126318
34.68 -0.00583245
34.69 -0.0104282
34.7 -0.0145615
34.71 -0.0174642
34.72 -0.0184812
34.73 -0.0173717
34.74 -0.0141149
34.75 -0.00898938
34.76 -0.0027023
34.77 0.00379523
34.78 0.00957886
34.79 0.0139227
34.8 0.016112
34.81 0.0155458
34.82 0.0123548
34.83 0.0073623
34.84 0.00158024
34.85 -0.00389958
34.86 -0.00813306
34.87 -0.0105608
34.88 -0.0107853
34.89 -0.00856745
34.9 -0.00416192
34.91 0.00180632
34.92 0.00835457
34.93 0.0143424
34.94 0.0186095
34.95 0.0198477
34.96 0.0173445
34.97 0.01146
34.98 0.00315677
34.99 -0.00604037
35 -0.0144894
35.01 -0.0210856
35.02 -0.0248586
35.03 -0.024995
35.04 -0.0215669
35.05 -0.0153004
35.06 -0.0069869
35.07 0.00245325
35.08 0.0116597
35.09 0.019277
35.1 0.0244475
35.11 0.0265837
35.12 0.0255529
35.13 0.0218006
35.14 0.0158274
35.15 0.00820486
35.16 -0.000238949
35.17 -0.00827838
35.18 -0.014855
35.19 -0.0196103
35.2 -0.022064
35.21 -0.021495
35.22 -0.0180149
35.23 -0.0124769
35.24 -0.00565644
35.25 0.00158288
35.26 0.00809897
35.27 0.0130602
35.28 0.0160672
35.29 0.0167543
35.3 0.0149818
35.31 0.0111074
35.32 0.00568577
35.33 -0.000628431
35.34 -0.00674541
35.35 -0.0115322
35.36 -0.0142568
35.37 -0.0143805
35.38 -0.0117836
35.39 -0.00706213
35.4 -0.00104608
35.41 0.00532975
35.42 0.0112905
35.43 0.0162994
35.44 0.0193981
35.45 0.0196123
35.46 0.0167832
35.47 0.0112394
35.48 0.00344849
35.49 -0.00554763
35.5 -0.0142667
35.51 -0.0215518
35.52 -0.0264975
35.53 -0.028236
35.54 -0.0266529
35.55 -0.0225019
35.56 -0.016464
35.57 -0.00898051
35.58 -0.000660242
35.59 0.00762853
35.6 0.0151863
35.61 0.0217859
35.62 0.0269412
35.63 0.0296729
35.64 0.0297098
35.65 0.0276702
35.66 0.0238733
35.67 0.0182591
35.68 0.0112509
35.69 0.0035414
35.7 -0.00424678
35.71 -0.0114761
35.72 -0.0176746
35.73 -0.0221807
35.74 -0.0239814
35.75 -0.0227747
35.76 -0.0192224
35.77 -0.0139321
35.78 -0.00739515
35.79 -0.000434978
35.8 0.00607301
35.81 0.0114878
35.82 0.0156954
35.83 0.0189056
35.84 0.020988
35.85 0.0217735
35.86 0.0214927
35.87 0.0202237
35.88 0.0176457
35.89 0.0136685
35.9 0.00858333
35.91 0.00260751
35.92 -0.00380184
35.93 -0.00991869
35.94 -0.0151705
35.95 -0.018868
35.96 -0.0202054
35.97 -0.0189043
35.98 -0.0152763
35.99 -0.00970219
36 -0.00262959
36.01 0.00509361
36.02 0.0125927
36.03 0.0194901
36.04 0.025437
36.05 0.02959
36.06 0.0312825
36.07 0.0306611
36.08 0.0281309
36.09 0.023862
36.1 0.0181681
36.11 0.0115943
36.12 0.00439933
36.13 -0.00323966
36.14 -0.0109515
36.15 -0.0184616
36.16 -0.0252653
36.17 -0.0303302
36.18 -0.0330317
