0.01 6.42019e-07
0.02 1.16447e-06
0.03 -1.48588e-06
0.04 -8.87143e-06
0.05 -1.89235e-05
0.06 -2.78659e-05
0.07 -3.40019e-05
0.08 -4.03235e-05
0.09 -5.19169e-05
0.1 -6.828e-05
0.11 -7.83604e-05
0.12 -6.66213e-05
0.13 -2.70064e-05
0.14 2.90131e-05
0.15 7.88071e-05
0.16 0.0001028
0.17 9.41033e-05
0.18 5.85146e-05
0.19 9.60364e-06
0.2 -3.49088e-05
0.21 -5.68355e-05
0.22 -4.58389e-05
0.23 -8.16371e-06
0.24 3.4438e-05
0.25 5.7821e-05
0.26 5.06167e-05
0.27 1.99082e-05
0.28 -1.46273e-05
0.29 -3.26045e-05
0.3 -2.4985e-05
0.31 -1.08326e-06
0.32 1.51423e-05
0.33 9.83274e-07
0.34 -4.56264e-05
0.35 -9.86938e-05
0.36 -0.000118383
0.37 -7.93061e-05
0.38 8.84617e-06
0.39 0.000105822
0.4 0.000167228
0.41 0.000171403
0.42 0.000127606
0.43 6.48533e-05
0.44 1.39975e-05
0.45 -6.20572e-06
0.46 3.98709e-06
0.47 2.54917e-05
0.48 2.93222e-05
0.49 -5.91192e-06
0.5 -7.62467e-05
0.51 -0.000148954
0.52 -0.000180859
0.53 -0.000147096
0.54 -5.82039e-05
0.55 4.66237e-05
0.56 0.000122499
0.57 0.00014111
0.58 0.000101686
0.59 2.90659e-05
0.6 -3.91219e-05
0.61 -7.10329e-05
0.62 -5.59509e-05
0.63 -8.51663e-06
0.64 3.96812e-05
0.65 6.64677e-05
0.66 5.73767e-05
0.67 4.95567e-06
0.68 -6.68568e-05
0.69 -0.000111071
0.7 -9.28762e-05
0.71 -1.49207e-05
0.72 8.22412e-05
0.73 0.00014547
0.74 0.000143041
0.75 8.28826e-05
0.76 2.63417e-06
0.77 -5.8029e-05
0.78 -7.99725e-05
0.79 -6.85864e-05
0.8 -4.29249e-05
0.81 -2.10373e-05
0.82 -1.02902e-05
0.83 -6.84417e-06
0.84 -1.99155e-06
0.85 1.09446e-05
0.86 3.25135e-05
0.87 5.5578e-05
0.88 6.78359e-05
0.89 6.01e-05
0.9 3.40485e-05
0.91 2.29984e-07
0.92 -3.13882e-05
0.93 -5.65099e-05
0.94 -7.25313e-05
0.95 -7.40383e-05
0.96 -5.61894e-05
0.97 -2.17539e-05
0.98 1.80043e-05
0.99 4.95957e-05
1 6.33779e-05
1.01 5.55563e-05
1.02 2.82614e-05
1.03 -1.03938e-05
1.04 -4.66058e-05
1.05 -6.36657e-05
1.06 -4.98373e-05
1.07 -8.64616e-06
1.08 3.79307e-05
1.09 6.07268e-05
1.1 4.41194e-05
1.11 -6.46207e-08
1.12 -3.88294e-05
1.13 -4.13805e-05
1.14 -1.79439e-06
1.15 5.61942e-05
1.16 9.49799e-05
1.17 8.79521e-05
1.18 3.76356e-05
1.19 -2.48184e-05
1.2 -6.02504e-05
1.21 -4.91037e-05
1.22 -5.71915e-06
1.23 3.2002e-05
1.24 3.01247e-05
1.25 -1.70258e-05
1.26 -8.27563e-05
1.27 -0.000125285
1.28 -0.000113478
1.29 -4.46382e-05
1.3 5.48837e-05
1.31 0.000143725
1.32 0.000184294
1.33 0.000158055
1.34 7.41352e-05
1.35 -3.13547e-05
1.36 -0.000109137
1.37 -0.000122505
1.38 -7.16241e-05
1.39 3.60943e-06
1.4 4.93353e-05
1.41 3.52841e-05
1.42 -2.37732e-05
1.43 -7.84405e-05
1.44 -8.00729e-05
1.45 -1.70582e-05
1.46 7.44807e-05
1.47 0.000134714
1.48 0.000121974
1.49 4.24113e-05
1.5 -5.36897e-05
1.51 -0.000106042
1.52 -8.44066e-05
1.53 -6.47126e-06
1.54 7.70038e-05
1.55 0.000115904
1.56 8.88787e-05
1.57 1.05777e-05
1.58 -8.08174e-05
1.59 -0.000144031
1.6 -0.000151358
1.61 -9.69837e-05
1.62 1.56659e-06
1.63 0.000107081
1.64 0.000173707
1.65 0.0001674
1.66 8.75385e-05
1.67 -2.71548e-05
1.68 -0.000118095
1.69 -0.000141083
1.7 -9.12269e-05
1.71 -3.07322e-06
1.72 7.08125e-05
1.73 8.97519e-05
1.74 4.85579e-05
1.75 -1.84982e-05
1.76 -5.85576e-05
1.77 -3.55514e-05
1.78 4.22917e-05
1.79 0.00012298
1.8 0.000143365
1.81 7.47009e-05
1.82 -5.25718e-05
1.83 -0.000166419
1.84 -0.000200777
1.85 -0.000136926
1.86 -1.16231e-05
1.87 0.000107829
1.88 0.000161974
1.89 0.000128669
1.9 3.10454e-05
1.91 -7.61041e-05
1.92 -0.000134455
1.93 -0.00011306
1.94 -2.591e-05
1.95 7.62592e-05
1.96 0.000136947
1.97 0.000127802
1.98 6.26377e-05
1.99 -1.51529e-05
2 -5.93892e-05
2.01 -4.63191e-05
2.02 1.16187e-05
2.03 7.07587e-05
2.04 8.1758e-05
2.05 2.31179e-05
2.06 -8.12227e-05
2.07 -0.000175553
2.08 -0.000207783
2.09 -0.000159763
2.1 -5.30745e-05
2.11 6.73201e-05
2.12 0.000154803
2.13 0.000175904
2.14 0.000120028
2.15 8.68274e-06
2.16 -0.000103774
2.17 -0.00015169
2.18 -9.85291e-05
2.19 3.1811e-05
2.2 0.000162294
2.21 0.00020955
2.22 0.000138501
2.23 -1.29046e-05
2.24 -0.000154809
2.25 -0.000199556
2.26 -0.000117397
2.27 3.9766e-05
2.28 0.00016535
2.29 0.00016501
2.3 2.30068e-05
2.31 -0.00017906
2.32 -0.000309812
2.33 -0.000273744
2.34 -7.68422e-05
2.35 0.000173344
2.36 0.000333091
2.37 0.000310022
2.38 0.000118033
2.39 -0.000131799
2.4 -0.000296975
2.41 -0.000286411
2.42 -0.000111027
2.43 0.000126592
2.44 0.000293874
2.45 0.000303164
2.46 0.000157712
2.47 -5.53959e-05
2.48 -0.000219186
2.49 -0.000253743
2.5 -0.000156344
2.51 4.86842e-06
2.52 0.000134863
2.53 0.000166022
2.54 9.3194e-05
2.55 -2.85963e-05
2.56 -0.000121755
2.57 -0.000134541
2.58 -6.72245e-05
2.59 3.76859e-05
2.6 0.000125111
2.61 0.000153047
2.62 0.000105997
2.63 4.56496e-07
2.64 -0.000117236
2.65 -0.000187392
2.66 -0.000167729
2.67 -6.09644e-05
2.68 8.19912e-05
2.69 0.000186925
2.7 0.000195346
2.71 9.79533e-05
2.72 -5.61934e-05
2.73 -0.000184481
2.74 -0.000218539
2.75 -0.000144908
2.76 -1.12914e-05
2.77 0.000102737
2.78 0.000129306
2.79 4.91813e-05
2.8 -9.19812e-05
2.81 -0.000200984
2.82 -0.000189264
2.83 -3.31791e-05
2.84 0.000201077
2.85 0.000390867
2.86 0.000428056
2.87 0.000281185
2.88 1.39921e-05
2.89 -0.000246994
2.9 -0.000378051
2.91 -0.000323924
2.92 -0.000128646
2.93 8.89696e-05
2.94 0.000203708
2.95 0.000154714
2.96 -2.25036e-05
2.97 -0.000216927
2.98 -0.000302665
2.99 -0.000210328
3 2.80543e-05
3.01 0.000290755
3.02 0.000434199
3.03 0.000377887
3.04 0.000152536
3.05 -0.000118741
3.06 -0.000291994
3.07 -0.000282664
3.08 -0.000111151
3.09 0.00010992
3.1 0.00024214
3.11 0.000204394
3.12 1.99545e-05
3.13 -0.000202699
3.14 -0.000338924
3.15 -0.000319048
3.16 -0.000161258
3.17 4.45639e-05
3.18 0.000188835
3.19 0.000203634
3.2 0.000100432
3.21 -3.9908e-05
3.22 -0.000119208
3.23 -8.1225e-05
3.24 5.78142e-05
3.25 0.000220142
3.26 0.000309929
3.27 0.000267204
3.28 0.000101976
3.29 -0.000112978
3.3 -0.000283428
3.31 -0.000339356
3.32 -0.000262846
3.33 -9.57625e-05
3.34 7.39466e-05
3.35 0.000153823
3.36 0.000104508
3.37 -2.71203e-05
3.38 -0.000134143
3.39 -0.000123229
3.4 1.83207e-05
3.41 0.000211725
3.42 0.000338482
3.43 0.000317686
3.44 0.00015722
3.45 -5.32523e-05
3.46 -0.000200934
3.47 -0.000220075
3.48 -0.000127534
3.49 -3.65024e-06
3.5 6.46587e-05
3.51 3.94037e-05
3.52 -4.86954e-05
3.53 -0.000125851
3.54 -0.00012799
3.55 -4.51737e-05
3.56 7.24289e-05
3.57 0.000149601
3.58 0.000135827
3.59 3.64524e-05
3.6 -9.09372e-05
3.61 -0.000169052
3.62 -0.000144841
3.63 -2.35295e-05
3.64 0.000128882
3.65 0.00022262
3.66 0.000199607
3.67 6.89081e-05
3.68 -0.000101413
3.69 -0.000226316
3.7 -0.000249175
3.71 -0.000166054
3.72 -2.36254e-05
3.73 0.000103357
3.74 0.00014767
3.75 8.6587e-05
3.76 -3.94242e-05
3.77 -0.000143896
3.78 -0.000144531
3.79 -1.77523e-05
3.8 0.00017818
3.81 0.000330764
3.82 0.000340407
3.83 0.000187291
3.84 -4.83715e-05
3.85 -0.000232056
3.86 -0.000259381
3.87 -0.000122273
3.88 8.6183e-05
3.89 0.000228053
3.9 0.00020267
3.91 9.74933e-06
3.92 -0.000243464
3.93 -0.000403059
3.94 -0.000364933
3.95 -0.000142792
3.96 0.000138614
3.97 0.000318552
3.98 0.000294436
3.99 7.99823e-05
4 -0.000202354
4.01 -0.000388717
4.02 -0.000365822
4.03 -0.000137511
4.04 0.000174501
4.05 0.000398182
4.06 0.000408232
4.07 0.000198294
4.08 -0.000111757
4.09 -0.000340321
4.1 -0.000348124
4.11 -0.000122386
4.12 0.000212204
4.13 0.000465581
4.14 0.000493889
4.15 0.000282033
4.16 -5.05249e-05
4.17 -0.000321795
4.18 -0.000393647
4.19 -0.000249993
4.2 -1.11267e-06
4.21 0.00018957
4.22 0.000209418
4.23 6.34658e-05
4.24 -0.000137932
4.25 -0.000257943
4.26 -0.000222459
4.27 -6.37585e-05
4.28 0.000105176
4.29 0.000168423
4.3 8.67028e-05
4.31 -7.62861e-05
4.32 -0.000200074
4.33 -0.000191132
4.34 -4.28882e-05
4.35 0.000166086
4.36 0.000325362
4.37 0.000355477
4.38 0.000244292
4.39 4.5765e-05
4.4 -0.000151878
4.41 -0.000271236
4.42 -0.000279929
4.43 -0.000195417
4.44 -6.30386e-05
4.45 7.12896e-05
4.46 0.00017544
4.47 0.000231223
4.48 0.000228179
4.49 0.000160247
4.5 3.26274e-05
4.51 -0.000125038
4.52 -0.000256562
4.53 -0.000301909
4.54 -0.000235636
4.55 -9.16774e-05
4.56 5.04067e-05
4.57 0.000112998
4.58 6.98674e-05
4.59 -3.54538e-05
4.6 -0.000116548
4.61 -0.000104238
4.62 -1.3635e-06
4.63 0.000113125
4.64 0.000142073
4.65 4.89441e-05
4.66 -0.000106357
4.67 -0.000206135
4.68 -0.00015999
4.69 2.58909e-05
4.7 0.000244907
4.71 0.000355618
4.72 0.000273807
4.73 3.08013e-05
4.74 -0.000240713
4.75 -0.000385765
4.76 -0.000321185
4.77 -8.44942e-05
4.78 0.000193083
4.79 0.000369409
4.8 0.000374642
4.81 0.000243436
4.82 7.96925e-05
4.83 -1.98028e-05
4.84 -2.98536e-05
4.85 -3.6726e-06
4.86 -1.85802e-05
4.87 -0.000105746
4.88 -0.000220352
4.89 -0.000273469
4.9 -0.000199837
4.91 -1.19243e-05
4.92 0.000198886
4.93 0.000316413
4.94 0.000271498
4.95 8.27046e-05
4.96 -0.000156437
4.97 -0.000329559
4.98 -0.000357605
4.99 -0.000238177
5 -4.44099e-05
5.01 0.00011983
5.02 0.000182911
5.03 0.000142928
5.04 5.51065e-05
5.05 -1.48872e-05
5.06 -3.32771e-05
5.07 -9.98896e-06
5.08 1.91216e-05
5.09 2.22598e-05
5.1 -6.22807e-06
5.11 -4.45698e-05
5.12 -6.06045e-05
5.13 -3.35218e-05
5.14 3.26667e-05
5.15 0.00011074
5.16 0.000165985
5.17 0.000176114
5.18 0.000142063
5.19 8.37267e-05
5.2 2.50778e-05
5.21 -2.16156e-05
5.22 -6.09207e-05
5.23 -0.000101678
5.24 -0.000136814
5.25 -0.000140794
5.26 -9.59858e-05
5.27 -2.29318e-05
5.28 2.34964e-05
5.29 -1.50951e-06
5.3 -8.56155e-05
5.31 -0.000158206
5.32 -0.000145372
5.33 -3.6155e-05
5.34 0.00010145
5.35 0.000173371
5.36 0.000137234
5.37 3.81395e-05
5.38 -2.92233e-05
5.39 -3.45659e-07
5.4 0.000105891
5.41 0.000203208
5.42 0.000205129
5.43 8.89845e-05
5.44 -8.72788e-05
5.45 -0.00022286
5.46 -0.000239536
5.47 -0.000132208
5.48 2.8485e-05
5.49 0.000142965
5.5 0.00014631
5.51 4.5562e-05
5.52 -9.12684e-05
5.53 -0.000181771
5.54 -0.000177468
5.55 -8.66494e-05
5.56 3.45424e-05
5.57 0.000115038
5.58 0.000111807
5.59 4.06962e-05
5.6 -2.90133e-05
5.61 -2.08164e-05
5.62 8.93449e-05
5.63 0.000243517
5.64 0.000331412
5.65 0.000267503
5.66 6.13154e-05
5.67 -0.000176949
5.68 -0.000305518
5.69 -0.000246125
5.7 -3.86725e-05
5.71 0.00017959
5.72 0.000257609
5.73 0.000127558
5.74 -0.000146041
5.75 -0.000401283
5.76 -0.000478236
5.77 -0.000319011
5.78 -7.63864e-06
5.79 0.00027412
5.8 0.000353756
5.81 0.000178729
5.82 -0.000139964
5.83 -0.000388288
5.84 -0.000382391
5.85 -9.1005e-05
5.86 0.000333416
5.87 0.000641271
5.88 0.000641527
5.89 0.000324858
5.9 -0.000129146
5.91 -0.000463602
5.92 -0.000497868
5.93 -0.000229368
5.94 0.000164098
5.95 0.000419774
5.96 0.000341313
5.97 -7.25308e-05
5.98 -0.000606052
5.99 -0.000941255
6 -0.00084635
6.01 -0.000323761
6.02 0.000374914
6.03 0.00088614
6.04 0.000950063
6.05 0.000569589
6.06 8.87315e-06
6.07 -0.000371669
6.08 -0.000337288
6.09 7.86928e-05
6.1 0.000594479
6.11 0.000850416
6.12 0.000628084
6.13 -1.10531e-05
6.14 -0.000750357
6.15 -0.00119985
6.16 -0.00113409
6.17 -0.000636493
6.18 -4.74765e-05
6.19 0.00025802
6.2 0.000116745
6.21 -0.000318657
6.22 -0.00068135
6.23 -0.000625944
6.24 -5.19431e-05
6.25 0.000817083
6.26 0.00154618
6.27 0.00173335
6.28 0.0012454
6.29 0.000311628
6.3 -0.000591394
6.31 -0.00101156
6.32 -0.00078239
6.33 -0.000111708
6.34 0.000552101
6.35 0.000790034
6.36 0.000454293
6.37 -0.000257867
6.38 -0.000934887
6.39 -0.00120148
6.4 -0.000934592
6.41 -0.000317829
6.42 0.000290329
6.43 0.000579032
6.44 0.000451339
6.45 4.68403e-05
6.46 -0.000361815
6.47 -0.000517932
6.48 -0.000301785
6.49 0.0002134
6.5 0.00078784
6.51 0.00112537
6.52 0.00102879
6.53 0.000519091
6.54 -0.000160973
6.55 -0.00067587
6.56 -0.000788333
6.57 -0.000495704
6.58 -2.47532e-05
6.59 0.000310509
6.6 0.000294774
6.61 -7.00546e-05
6.62 -0.00057118
6.63 -0.000901757
6.64 -0.000826059
6.65 -0.000314502
6.66 0.000420792
6.67 0.00102236
6.68 0.00118104
6.69 0.000822615
6.7 0.000165151
6.71 -0.000406249
6.72 -0.00057538
6.73 -0.000286521
6.74 0.000231238
6.75 0.000614563
6.76 0.000590844
6.77 0.000140178
6.78 -0.000499197
6.79 -0.000978936
6.8 -0.00104379
6.81 -0.000665876
6.82 -4.35411e-05
6.83 0.000515852
6.84 0.000756956
6.85 0.000602495
6.86 0.000189069
6.87 -0.000206341
6.88 -0.000320478
6.89 -6.09395e-05
6.9 0.000426112
6.91 0.000829007
6.92 0.000854122
6.93 0.000414589
6.94 -0.000296614
6.95 -0.000905821
6.96 -0.00107733
6.97 -0.000718207
6.98 -4.01821e-05
6.99 0.000562942
7 0.000749284
7.01 0.000432267
7.02 -0.000170975
7.03 -0.000677445
7.04 -0.000775763
7.05 -0.000410333
7.06 0.000200485
7.07 0.000708178
7.08 0.000838043
7.09 0.000537879
7.1 3.65168e-06
7.11 -0.000428333
7.12 -0.000475968
7.13 -9.1855e-05
7.14 0.000487037
7.15 0.000871301
7.16 0.000759085
7.17 0.000131248
7.18 -0.000721412
7.19 -0.0013536
7.2 -0.00141061
7.21 -0.000825054
7.22 0.000133714
7.23 0.000990561
7.24 0.00131765
7.25 0.000970396
7.26 0.000170829
7.27 -0.000614775
7.28 -0.000939005
7.29 -0.000628822
7.3 0.00011128
7.31 0.000813258
7.32 0.00102283
7.33 0.000582461
7.34 -0.000258185
7.35 -0.000986899
7.36 -0.00114687
7.37 -0.00062714
7.38 0.000261563
7.39 0.00097733
7.4 0.0010853
7.41 0.00053005
7.42 -0.000330409
7.43 -0.000952232
7.44 -0.000948246
7.45 -0.000323215
7.46 0.000543495
7.47 0.00114087
7.48 0.00112833
7.49 0.000516636
7.5 -0.000356119
7.51 -0.00101771
7.52 -0.00111528
7.53 -0.000607065
7.54 0.000204565
7.55 0.000833211
7.56 0.000891677
7.57 0.000334153
7.58 -0.000504218
7.59 -0.00110843
7.6 -0.00110115
7.61 -0.000477443
7.62 0.000387339
7.63 0.000964061
7.64 0.000895345
7.65 0.000218748
7.66 -0.000654376
7.67 -0.00119153
7.68 -0.00105999
7.69 -0.00031453
7.7 0.000651072
7.71 0.00133919
7.72 0.00141991
7.73 0.000892341
7.74 6.77253e-05
7.75 -0.000604299
7.76 -0.000777845
7.77 -0.000398133
7.78 0.000270874
7.79 0.000802374
7.8 0.000857282
7.81 0.000377545
7.82 -0.000386318
7.83 -0.0010184
7.84 -0.00116974
7.85 -0.000758002
7.86 -2.09467e-05
7.87 0.000623372
7.88 0.000823604
7.89 0.000501162
7.9 -0.000110252
7.91 -0.00061813
7.92 -0.000707558
7.93 -0.000317195
7.94 0.000331749
7.95 0.000862765
7.96 0.000959419
7.97 0.000551194
7.98 -0.00013911
7.99 -0.000722729
8 -0.000877323
8.01 -0.000543198
8.02 3.99765e-05
8.03 0.000482476
8.04 0.0004914
8.05 6.28711e-05
8.06 -0.00050617
8.07 -0.00080413
8.08 -0.000574857
8.09 0.000105854
8.1 0.000866264
8.11 0.00126364
8.12 0.00105445
8.13 0.000346275
8.14 -0.000457883
8.15 -0.000895592
8.16 -0.000727461
8.17 -9.22789e-05
8.18 0.000573396
8.19 0.000811032
8.2 0.000435497
8.21 -0.000342566
8.22 -0.00104437
8.23 -0.0012179
8.24 -0.000717649
8.25 0.000201289
8.26 0.00103198
8.27 0.00131557
8.28 0.000912642
8.29 8.61589e-05
8.3 -0.000655394
8.31 -0.000864675
8.32 -0.000426674
8.33 0.000372183
8.34 0.00101891
8.35 0.00108436
8.36 0.000481027
8.37 -0.000482534
8.38 -0.00127839
8.39 -0.00146293
8.4 -0.000934183
8.41 2.28219e-06
8.42 0.000807749
8.43 0.00102793
8.44 0.000558556
8.45 -0.000298437
8.46 -0.00101547
8.47 -0.00114525
8.48 -0.000576938
8.49 0.000398557
8.5 0.00125207
8.51 0.00151922
8.52 0.00106966
8.53 0.00018239
8.54 -0.000621613
8.55 -0.000890738
8.56 -0.00050851
8.57 0.000244972
8.58 0.000869026
8.59 0.000949313
8.6 0.000411724
8.61 -0.000433634
8.62 -0.00109012
8.63 -0.00118691
8.64 -0.000700026
8.65 5.56423e-05
8.66 0.000640604
8.67 0.000759514
8.68 0.000418142
8.69 -0.000108809
8.7 -0.000459278
8.71 -0.000399258
8.72 4.66759e-05
8.73 0.00061581
8.74 0.000965067
8.75 0.000874661
8.76 0.00037714
8.77 -0.00026303
8.78 -0.000704985
8.79 -0.000730507
8.8 -0.00036924
8.81 0.000126646
8.82 0.000442624
8.83 0.000392367
8.84 1.86812e-05
8.85 -0.000448993
8.86 -0.00073875
8.87 -0.000687339
8.88 -0.00031686
8.89 0.000188314
8.9 0.000578054
8.91 0.000660838
8.92 0.000405017
8.93 -3.53038e-05
8.94 -0.000397338
8.95 -0.000457971
8.96 -0.000169048
8.97 0.000304703
8.98 0.000674182
8.99 0.00069309
9 0.000307141
9.01 -0.000304066
9.02 -0.000823634
9.03 -0.000979385
9.04 -0.000701102
9.05 -0.000157795
9.06 0.000343298
9.07 0.000531594
9.08 0.000321276
9.09 -0.000145802
9.1 -0.000580326
9.11 -0.000703474
9.12 -0.000402904
9.13 0.000194099
9.14 0.000780253
9.15 0.00103958
9.16 0.0008323
9.17 0.000277649
9.18 -0.000317808
9.19 -0.000639625
9.2 -0.000541001
9.21 -0.00011307
9.22 0.000381026
9.23 0.000660713
9.24 0.000580568
9.25 0.000198572
9.26 -0.000271826
9.27 -0.000589127
9.28 -0.000610508
9.29 -0.000351671
9.3 3.4967e-05
9.31 0.000338931
9.32 0.000394767
9.33 0.000174684
9.34 -0.000178805
9.35 -0.000420832
9.36 -0.000353581
9.37 3.13765e-05
9.38 0.000521799
9.39 0.00080319
9.4 0.000658203
9.41 0.000113147
9.42 -0.000567652
9.43 -0.00103207
9.44 -0.00103624
9.45 -0.000574728
9.46 0.000115154
9.47 0.0006707
9.48 0.000789774
9.49 0.000398972
9.5 -0.000288901
9.51 -0.000876389
9.52 -0.00100057
9.53 -0.00055011
9.54 0.000251951
9.55 0.000963265
9.56 0.00117961
9.57 0.000783618
9.58 2.70576e-05
9.59 -0.000618909
9.6 -0.000754383
9.61 -0.00030683
9.62 0.000414202
9.63 0.000915777
9.64 0.000840531
9.65 0.000193663
9.66 -0.000659295
9.67 -0.00121142
9.68 -0.00111507
9.69 -0.000394049
9.7 0.000555536
9.71 0.00118817
9.72 0.00113411
9.73 0.000429605
9.74 -0.000499839
9.75 -0.00110076
9.76 -0.001031
9.77 -0.000360965
9.78 0.00048375
9.79 0.000992734
9.8 0.00088033
9.81 0.000247661
9.82 -0.000493729
9.83 -0.000884388
9.84 -0.000701023
9.85 -8.57375e-05
9.86 0.000555389
9.87 0.000812772
9.88 0.000525051
9.89 -0.000129113
9.9 -0.000743892
9.91 -0.00092893
9.92 -0.000542226
9.93 0.000217132
9.94 0.00091715
9.95 0.00114986
9.96 0.000783505
9.97 4.54652e-05
9.98 -0.000623679
9.99 -0.000848421
10 -0.000541375
10.01 6.65891e-05
10.02 0.000586821
10.03 0.000709316
10.04 0.000377079
10.05 -0.000191916
10.06 -0.00064307
10.07 -0.000702668
10.08 -0.000343078
10.09 0.000207199
10.1 0.000612171
10.11 0.000634449
10.12 0.000269337
10.13 -0.000263247
10.14 -0.000651671
10.15 -0.000668749
10.16 -0.000293839
10.17 0.000281047
10.18 0.000757026
10.19 0.000883812
10.2 0.000586664
10.21 6.59907e-06
10.22 -0.00057023
10.23 -0.000864555
10.24 -0.000758454
10.25 -0.000358627
10.26 7.66534e-05
10.27 0.000299153
10.28 0.000215391
10.29 -7.25544e-05
10.3 -0.000345753
10.31 -0.000408406
10.32 -0.000199685
10.33 0.000184316
10.34 0.000556318
10.35 0.000738371
10.36 0.000642712
10.37 0.000308161
10.38 -0.00011315
10.39 -0.000419014
10.4 -0.000455209
10.41 -0.000205336
10.42 0.000183824
10.43 0.000472978
10.44 0.000469661
10.45 0.000154154
10.46 -0.000295836
10.47 -0.00061011
10.48 -0.000597588
10.49 -0.000269689
10.5 0.000168507
10.51 0.000451466
10.52 0.000418005
10.53 0.000101472
10.54 -0.000300817
10.55 -0.000547549
10.56 -0.000488804
10.57 -0.000146367
10.58 0.000299565
10.59 0.00061013
10.6 0.000619647
10.61 0.00032641
10.62 -0.000104222
10.63 -0.000424674
10.64 -0.000438699
10.65 -0.000118484
10.66 0.000363184
10.67 0.000720052
10.68 0.00072205
10.69 0.000343452
10.7 -0.000213607
10.71 -0.00063893
10.72 -0.00069559
10.73 -0.000350926
10.74 0.00020679
10.75 0.000665582
10.76 0.000755653
10.77 0.000407409
10.78 -0.000188738
10.79 -0.000675783
10.8 -0.000738275
10.81 -0.000300251
10.82 0.00041464
10.83 0.00100335
10.84 0.0011143
10.85 0.000654787
10.86 -0.000145598
10.87 -0.000858595
10.88 -0.00110227
10.89 -0.000763891
10.9 -6.4439e-05
10.91 0.000578421
10.92 0.000806098
10.93 0.000531902
10.94 -2.17461e-05
10.95 -0.00047644
10.96 -0.000534602
10.97 -0.000152007
10.98 0.000448074
10.99 0.000915174
11 0.000978862
11.01 0.000604249
11.02 8.71217e-06
11.03 -0.000469749
11.04 -0.000573235
11.05 -0.000275223
11.06 0.000208166
11.07 0.000555375
11.08 0.000538591
11.09 0.00016103
11.1 -0.000349464
11.11 -0.000683153
11.12 -0.000638528
11.13 -0.000244936
11.14 0.000256224
11.15 0.000560837
11.16 0.000489851
11.17 0.000100586
11.18 -0.000345196
11.19 -0.000540073
11.2 -0.000325388
11.21 0.00019804
11.22 0.000718543
11.23 0.000898574
11.24 0.000586203
11.25 -7.63037e-05
11.26 -0.00072201
11.27 -0.0009768
11.28 -0.000695986
11.29 -6.64609e-05
11.3 0.000502143
11.31 0.00063686
11.32 0.000246384
11.33 -0.000411447
11.34 -0.000892893
11.35 -0.000861561
11.36 -0.000315857
11.37 0.000406978
11.38 0.000857884
11.39 0.000777987
11.4 0.000264122
11.41 -0.00031178
11.42 -0.000563613
11.43 -0.000347399
11.44 0.000157948
11.45 0.000587737
11.46 0.000639565
11.47 0.000262149
11.48 -0.000327087
11.49 -0.000788586
11.5 -0.000869189
11.51 -0.000547344
11.52 -3.58026e-05
11.53 0.000353815
11.54 0.00039997
11.55 9.76277e-05
11.56 -0.000351836
11.57 -0.000672496
11.58 -0.000678859
11.59 -0.000374856
11.6 6.20484e-05
11.61 0.000392681
11.62 0.000456636
11.63 0.000260666
11.64 -3.75342e-05
11.65 -0.00023725
11.66 -0.000220435
11.67 -1.78105e-05
11.68 0.000215826
11.69 0.000298574
11.7 0.000141053
11.71 -0.000181358
11.72 -0.000462947
11.73 -0.000502022
11.74 -0.000246388
11.75 0.00015964
11.76 0.000464333
11.77 0.000470288
11.78 0.000160977
11.79 -0.00028531
11.8 -0.000601354
11.81 -0.000593216
11.82 -0.000261131
11.83 0.00019614
11.84 0.000501021
11.85 0.000471217
11.86 0.000139507
11.87 -0.000261496
11.88 -0.000446823
11.89 -0.000266751
11.9 0.000189396
11.91 0.000644063
11.92 0.000805163
11.93 0.000550781
11.94 8.09148e-06
11.95 -0.000521797
11.96 -0.000744323
11.97 -0.000547505
11.98 -6.6893e-05
11.99 0.000398894
12 0.000565969
12.01 0.000331092
12.02 -0.000163992
12.03 -0.000608576
12.04 -0.000705955
12.05 -0.000358015
12.06 0.000268134
12.07 0.000836842
12.08 0.00103888
12.09 0.000763589
12.1 0.000154682
12.11 -0.000470747
12.12 -0.00079053
12.13 -0.000646836
12.14 -0.000134559
12.15 0.000440667
12.16 0.000726643
12.17 0.000531545
12.18 -4.80003e-05
12.19 -0.000668452
12.2 -0.000939519
12.21 -0.000665708
12.22 2.19278e-05
12.23 0.000732701
12.24 0.00104866
12.25 0.000782283
12.26 9.91043e-05
12.27 -0.000572452
12.28 -0.000792701
12.29 -0.000378244
12.3 0.000470552
12.31 0.00126585
12.32 0.00151329
12.33 0.00102261
12.34 5.14872e-05
12.35 -0.000832238
12.36 -0.00110313
12.37 -0.000617593
12.38 0.000292333
12.39 0.00103451
12.4 0.00113244
12.41 0.000516008
12.42 -0.00044563
12.43 -0.0011751
12.44 -0.00123452
12.45 -0.000585268
12.46 0.000388373
12.47 0.00110751
12.48 0.00114756
12.49 0.000494825
12.5 -0.00044994
12.51 -0.00111932
12.52 -0.00111729
12.53 -0.000443126
12.54 0.000517741
12.55 0.00121813
12.56 0.00125927
12.57 0.000617158
12.58 -0.00033985
12.59 -0.00105785
12.6 -0.00111934
12.61 -0.000495924
12.62 0.000426013
12.63 0.00107564
12.64 0.00104725
12.65 0.000349262
12.66 -0.000604383
12.67 -0.00125338
12.68 -0.00123402
12.69 -0.000588378
12.7 0.000283915
12.71 0.000884041
12.72 0.000907566
12.73 0.000398651
12.74 -0.000304179
12.75 -0.000776931
12.76 -0.000748277
12.77 -0.000242614
12.78 0.000441583
12.79 0.000904453
12.8 0.000872085
12.81 0.000350339
12.82 -0.000379173
12.83 -0.000916821
12.84 -0.00096931
12.85 -0.000516041
12.86 0.000178889
12.87 0.000719322
12.88 0.000806034
12.89 0.000408632
12.9 -0.000218907
12.91 -0.000689449
12.92 -0.000712668
12.93 -0.000266352
12.94 0.000393448
12.95 0.000887277
12.96 0.000934299
12.97 0.000507789
12.98 -0.000159675
12.99 -0.000712864
13 -0.000868734
13.01 -0.000565574
13.02 7.52921e-06
13.03 0.000517573
13.04 0.000677326
13.05 0.000413454
13.06 -8.65118e-05
13.07 -0.00048314
13.08 -0.000490401
13.09 -5.39352e-05
13.1 0.000608593
13.11 0.00113315
13.12 0.00122584
13.13 0.000840208
13.14 0.00020863
13.15 -0.000295126
13.16 -0.000381614
13.17 -1.82194e-05
13.18 0.000559573
13.19 0.000993262
13.2 0.00101032
13.21 0.000578868
13.22 -7.60488e-05
13.23 -0.000600882
13.24 -0.000716907
13.25 -0.000382224
13.26 0.000188348
13.27 0.000660302
13.28 0.000784971
13.29 0.00054069
13.3 0.000124607
13.31 -0.000185902
13.32 -0.000202424
13.33 7.69134e-05
13.34 0.000480383
13.35 0.000762037
13.36 0.00073823
13.37 0.000398423
13.38 -7.78378e-05
13.39 -0.000425085
13.4 -0.000459259
13.41 -0.000192135
13.42 0.000187794
13.43 0.000445249
13.44 0.000440029
13.45 0.00019546
13.46 -0.00012743
13.47 -0.000325674
13.48 -0.000274332
13.49 -5.71685e-06
13.5 0.000309454
13.51 0.000474939
13.52 0.000398215
13.53 0.000141623
13.54 -0.000134583
13.55 -0.000279323
13.56 -0.00022835
13.57 -2.22283e-05
13.58 0.000221276
13.59 0.000363163
13.6 0.000315063
13.61 9.56355e-05
13.62 -0.000171945
13.63 -0.000331447
13.64 -0.000290135
13.65 -7.63827e-05
13.66 0.000177598
13.67 0.000314991
13.68 0.000245196
13.69 -6.45978e-06
13.7 -0.000313327
13.71 -0.000513835
13.72 -0.00049561
13.73 -0.000256918
13.74 8.75473e-05
13.75 0.000363336
13.76 0.00042697
13.77 0.000240965
13.78 -0.000107205
13.79 -0.000449167
13.8 -0.000616329
13.81 -0.000518066
13.82 -0.000188392
13.83 0.000215076
13.84 0.000470782
13.85 0.000405554
13.86 1.04657e-05
13.87 -0.000525426
13.88 -0.000912907
13.89 -0.000941842
13.9 -0.000616611
13.91 -0.000148493
13.92 0.000184416
13.93 0.000206839
13.94 -6.15106e-05
13.95 -0.000430377
13.96 -0.000650093
13.97 -0.000549576
13.98 -0.000134016
13.99 0.000414774
14 0.000843374
14.01 0.000971898
14.02 0.000783103
14.03 0.000408345
14.04 4.26487e-05
14.05 -0.000149544
14.06 -0.000104546
14.07 0.000108998
14.08 0.00031974
14.09 0.000350548
14.1 0.000136888
14.11 -0.00021396
14.12 -0.000478555
14.13 -0.000466531
14.14 -0.000162325
14.15 0.000252913
14.16 0.000524786
14.17 0.000503296
14.18 0.000241917
14.19 -4.62115e-05
14.2 -0.000132656
14.21 7.77314e-05
14.22 0.000479551
14.23 0.0008237
14.24 0.000875842
14.25 0.000579162
14.26 0.000100852
14.27 -0.000281387
14.28 -0.000368303
14.29 -0.000158287
14.3 0.000180744
14.31 0.000441586
14.32 0.00050251
14.33 0.000372441
14.34 0.000156084
14.35 -1.75862e-05
14.36 -6.17178e-05
14.37 3.03368e-05
14.38 0.000186441
14.39 0.000297791
14.4 0.000283354
14.41 0.000140301
14.42 -5.0808e-05
14.43 -0.000170163
14.44 -0.000128192
14.45 7.7761e-05
14.46 0.00035206
14.47 0.000544331
14.48 0.000529488
14.49 0.00028322
14.5 -9.35199e-05
14.51 -0.000423843
14.52 -0.000554015
14.53 -0.000441322
14.54 -0.000172842
14.55 9.78321e-05
14.56 0.000251929
14.57 0.000273424
14.58 0.000237784
14.59 0.000236983
14.6 0.000303194
14.61 0.000389463
14.62 0.000415213
14.63 0.000332674
14.64 0.000162338
14.65 -2.13734e-05
14.66 -0.00013711
14.67 -0.000145624
14.68 -7.14403e-05
14.69 2.07257e-05
14.7 7.86797e-05
14.71 9.55342e-05
14.72 9.16808e-05
14.73 7.52765e-05
14.74 3.64856e-05
14.75 -1.75382e-05
14.76 -4.01406e-05
14.77 2.10702e-05
14.78 0.00016103
14.79 0.000296294
14.8 0.000320785
14.81 0.000194781
14.82 -1.08593e-05
14.83 -0.000156995
14.84 -0.000139275
14.85 2.42787e-05
14.86 0.000194561
14.87 0.000210689
14.88 1.93995e-05
14.89 -0.000264535
14.9 -0.000426331
14.91 -0.000313592
14.92 2.89843e-05
14.93 0.000371411
14.94 0.000463644
14.95 0.000229635
14.96 -0.000170624
14.97 -0.000467928
14.98 -0.000493497
14.99 -0.000295772
15 -7.8998e-05
15.01 -3.11133e-05
15.02 -0.00018326
15.03 -0.000395713
15.04 -0.000464349
15.05 -0.000269882
15.06 0.000127797
15.07 0.00051464
15.08 0.000657514
15.09 0.00046434
15.1 5.5821e-05
15.11 -0.000308326
15.12 -0.000395616
15.13 -0.000140645
15.14 0.00032676
15.15 0.000764781
15.16 0.000953731
15.17 0.000810475
15.18 0.000428287
15.19 1.88114e-05
15.2 -0.00021177
15.21 -0.00017492
15.22 5.97182e-05
15.23 0.000308186
15.24 0.000376226
15.25 0.000174165
15.26 -0.000218162
15.27 -0.000586885
15.28 -0.000715892
15.29 -0.000534527
15.3 -0.000175037
15.31 0.00010587
15.32 8.93202e-05
15.33 -0.000264875
15.34 -0.000783099
15.35 -0.00116914
15.36 -0.00117619
15.37 -0.000765629
15.38 -0.000149759
15.39 0.000327299
15.4 0.000411136
15.41 0.000117309
15.42 -0.000266402
15.43 -0.000377652
15.44 -4.33228e-05
15.45 0.000589652
15.46 0.00115752
15.47 0.0013348
15.48 0.00105188
15.49 0.000529437
15.5 0.000117323
15.51 5.40321e-05
15.52 0.00031208
15.53 0.000635762
15.54 0.000741253
15.55 0.000524623
15.56 0.00011923
15.57 -0.000224894
15.58 -0.000323197
15.59 -0.000155682
15.6 0.000162147
15.61 0.000469719
15.62 0.000633591
15.63 0.000583758
15.64 0.000337197
15.65 1.07187e-05
15.66 -0.00021047
15.67 -0.000168175
15.68 0.000149233
15.69 0.00055332
15.7 0.000739841
15.71 0.00048563
15.72 -0.00016956
15.73 -0.000901085
15.74 -0.00128474
15.75 -0.00108399
15.76 -0.000434272
15.77 0.000231254
15.78 0.000483149
15.79 0.000205521
15.8 -0.000327845
15.81 -0.000673128
15.82 -0.000554715
15.83 -5.77732e-05
15.84 0.000455293
15.85 0.000616282
15.86 0.000301694
15.87 -0.000299375
15.88 -0.000820097
15.89 -0.000950704
15.9 -0.000626522
15.91 -5.91558e-05
15.92 0.000404442
15.93 0.000502082
15.94 0.000211502
15.95 -0.000254436
15.96 -0.000592154
15.97 -0.00058319
15.98 -0.000201561
15.99 0.000378439
16 0.000862171
16.01 0.000978707
16.02 0.000640538
16.03 3.17322e-05
16.04 -0.000463535
16.05 -0.000486751
16.06 4.31735e-05
16.07 0.000839017
16.08 0.00141134
16.09 0.00138468
16.1 0.00073564
16.11 -0.000206302
16.12 -0.00097036
16.13 -0.00120957
16.14 -0.000870439
16.15 -0.000208713
16.16 0.00033874
16.17 0.000379009
16.18 -0.000205644
16.19 -0.00114841
16.2 -0.00190731
16.21 -0.00197239
16.22 -0.00119343
16.23 8.2132e-05
16.24 0.00118481
16.25 0.00151587
16.26 0.000894773
16.27 -0.000330247
16.28 -0.00145159
16.29 -0.0017748
16.3 -0.00102877
16.31 0.000409993
16.32 0.00167155
16.33 0.00190978
16.34 0.000879756
16.35 -0.000841115
16.36 -0.00218779
16.37 -0.00229712
16.38 -0.00107261
16.39 0.000756622
16.4 0.00209388
16.41 0.00214483
16.42 0.000889263
16.43 -0.000909093
16.44 -0.00214443
16.45 -0.00202022
16.46 -0.000544097
16.47 0.00144293
16.48 0.00275991
16.49 0.00260191
16.5 0.00102774
16.51 -0.00107939
16.52 -0.00253963
16.53 -0.00256336
16.54 -0.00118125
16.55 0.000809475
16.56 0.00230587
16.57 0.00250434
16.58 0.00133313
16.59 -0.000521402
16.6 -0.00201046
16.61 -0.00231957
16.62 -0.00132176
16.63 0.000377147
16.64 0.00181182
16.65 0.00221067
16.66 0.00140814
16.67 -9.69484e-05
16.68 -0.00144126
16.69 -0.00187662
16.7 -0.00117887
16.71 0.000223167
16.72 0.0014761
16.73 0.00177717
16.74 0.00084758
16.75 -0.000862524
16.76 -0.00238545
16.77 -0.00278787
16.78 -0.00176046
16.79 0.000151966
16.8 0.00185999
16.81 0.00239063
16.82 0.00148406
16.83 -0.000259867
16.84 -0.00176369
16.85 -0.00211123
16.86 -0.00105464
16.87 0.000872781
16.88 0.00266441
16.89 0.00338466
16.9 0.00265196
16.91 0.000850991
16.92 -0.00108869
16.93 -0.00220857
16.94 -0.00201096
16.95 -0.000717526
16.96 0.000864765
16.97 0.00181824
16.98 0.00163577
16.99 0.00049252
17 -0.000873285
17.01 -0.00159922
17.02 -0.00120887
17.03 0.000112849
17.04 0.001658
17.05 0.00261555
17.06 0.00249477
17.07 0.00136072
17.08 -0.000204913
17.09 -0.0013899
17.1 -0.00158093
17.11 -0.000727969
17.12 0.000611521
17.13 0.0016016
17.14 0.00161573
17.15 0.000590706
17.16 -0.000936667
17.17 -0.00212135
17.18 -0.00229236
17.19 -0.0013617
17.2 0.000103549
17.21 0.00122551
17.22 0.00135631
17.23 0.000465484
17.24 -0.000853317
17.25 -0.00175774
17.26 -0.00167891
17.27 -0.000653597
17.28 0.000728176
17.29 0.00168149
17.3 0.00165365
17.31 0.000608875
17.32 -0.000948162
17.33 -0.00222315
17.34 -0.00255817
17.35 -0.00180834
17.36 -0.000430779
17.37 0.000786782
17.38 0.00118678
17.39 0.000606355
17.4 -0.000549883
17.41 -0.00155074
17.42 -0.00176337
17.43 -0.00101847
17.44 0.000306301
17.45 0.00152106
17.46 0.00200626
17.47 0.00152684
17.48 0.000341248
17.49 -0.000933793
17.5 -0.00163854
17.51 -0.00141736
17.52 -0.000412023
17.53 0.000817703
17.54 0.00158765
17.55 0.00143326
17.56 0.000357598
17.57 -0.00112696
17.58 -0.00222403
17.59 -0.00228718
17.6 -0.00122858
17.61 0.000387602
17.62 0.00167244
17.63 0.00194953
17.64 0.00114687
17.65 -0.000190516
17.66 -0.00124444
17.67 -0.00140566
17.68 -0.000609737
17.69 0.0006632
17.7 0.00168732
17.71 0.0018913
17.72 0.00115616
17.73 -0.000128076
17.74 -0.0012679
17.75 -0.00163696
17.76 -0.00102158
17.77 0.000255932
17.78 0.00150896
17.79 0.00204501
17.8 0.00152346
17.81 0.00014782
17.82 -0.00140774
17.83 -0.00233144
17.84 -0.00212052
17.85 -0.000888645
17.86 0.000676194
17.87 0.00169926
17.88 0.00161646
17.89 0.000493051
17.9 -0.00100769
17.91 -0.00199485
17.92 -0.00186632
17.93 -0.000667897
17.94 0.000933884
17.95 0.00203335
17.96 0.00198589
17.97 0.000771868
17.98 -0.000961674
17.99 -0.00223578
18 -0.00231436
18.01 -0.00117594
18.02 0.00046305
18.03 0.00160814
18.04 0.00160419
18.05 0.000512128
18.06 -0.000952712
18.07 -0.00185671
18.08 -0.00159909
18.09 -0.000259912
18.1 0.00145647
18.11 0.00262022
18.12 0.0025851
18.13 0.00135493
18.14 -0.000401608
18.15 -0.00171126
18.16 -0.00185529
18.17 -0.000803409
18.18 0.000778931
18.19 0.00195626
18.2 0.00209372
18.21 0.00121987
18.22 -2.93419e-05
18.23 -0.000841408
18.24 -0.000720764
18.25 0.000238722
18.26 0.00144855
18.27 0.00221202
18.28 0.00213226
18.29 0.00131623
18.3 0.000275728
18.31 -0.000399654
18.32 -0.000381666
18.33 0.000239601
18.34 0.00105483
18.35 0.00158501
18.36 0.00151672
18.37 0.000838098
18.38 -0.000161031
18.39 -0.0010208
18.4 -0.00134456
18.41 -0.00103078
18.42 -0.000341866
18.43 0.000257207
18.44 0.000396154
18.45 2.00654e-05
18.46 -0.000609624
18.47 -0.00108119
18.48 -0.00107383
18.49 -0.00054881
18.5 0.000230175
18.51 0.000846929
18.52 0.000950019
18.53 0.00043338
18.54 -0.000491782
18.55 -0.00138187
18.56 -0.00179443
18.57 -0.00154788
18.58 -0.000836807
18.59 -0.000127045
18.6 0.000116178
18.61 -0.000283602
18.62 -0.00108895
18.63 -0.00178837
18.64 -0.00192946
18.65 -0.00142199
18.66 -0.000598084
18.67 1.16322e-05
18.68 3.09598e-05
18.69 -0.000524783
18.7 -0.00125683
18.71 -0.00163041
18.72 -0.00131106
18.73 -0.000371799
18.74 0.000738901
18.75 0.00144022
18.76 0.00134983
18.77 0.000529809
18.78 -0.000518619
18.79 -0.00114555
18.8 -0.000964146
18.81 -0.000105776
18.82 0.000859834
18.83 0.00128613
18.84 0.000836747
18.85 -0.000317748
18.86 -0.00156267
18.87 -0.00216672
18.88 -0.00171805
18.89 -0.000393278
18.9 0.0011194
18.91 0.00199325
18.92 0.00171813
18.93 0.000404015
18.94 -0.00123379
18.95 -0.00223582
18.96 -0.00194611
18.97 -0.000431594
18.98 0.00152018
18.99 0.00284333
19 0.00281216
19.01 0.00147528
19.02 -0.000366129
19.03 -0.00161719
19.04 -0.00152077
19.05 -9.43311e-05
19.06 0.0018968
19.07 0.00335876
19.08 0.0034325
19.09 0.0019603
19.1 -0.00037783
19.11 -0.00236814
19.12 -0.00294353
19.13 -0.00187264
19.14 7.49983e-05
19.15 0.00164327
19.16 0.00189223
19.17 0.000752518
19.18 -0.000978274
19.19 -0.00215414
19.2 -0.00198597
19.21 -0.000510882
19.22 0.00145008
19.23 0.00277673
19.24 0.00267678
19.25 0.00113743
19.26 -0.00103704
19.27 -0.00264161
19.28 -0.0027468
19.29 -0.0012516
19.3 0.00104904
19.31 0.00291651
19.32 0.0033371
19.33 0.0020388
19.34 -0.000375885
19.35 -0.00270962
19.36 -0.00379978
19.37 -0.00310945
19.38 -0.00103039
19.39 0.00129774
19.4 0.00263581
19.41 0.00231676
19.42 0.00057426
19.43 -0.00164187
19.44 -0.00321472
19.45 -0.0034157
19.46 -0.00220464
19.47 -0.000189279
19.48 0.0016839
19.49 0.00255215
19.5 0.00202482
19.51 0.000390587
19.52 -0.00149195
19.53 -0.00259865
19.54 -0.00226219
19.55 -0.000564074
19.56 0.00164936
19.57 0.00319348
19.58 0.00321649
19.59 0.00171289
19.6 -0.00047814
19.61 -0.00218797
19.62 -0.00258919
19.63 -0.00160587
19.64 0.00013224
19.65 0.00168963
19.66 0.00231129
19.67 0.0017641
19.68 0.000413932
19.69 -0.000988537
19.7 -0.00170625
19.71 -0.00140046
19.72 -0.000305203
19.73 0.000921453
19.74 0.00158159
19.75 0.00132474
19.76 0.000320246
19.77 -0.000868185
19.78 -0.00159539
19.79 -0.00146814
19.8 -0.00056506
19.81 0.000580987
19.82 0.00126153
19.83 0.00100812
19.84 -9.77128e-05
19.85 -0.00144727
19.86 -0.00225141
19.87 -0.00200398
19.88 -0.000799653
19.89 0.000703474
19.9 0.00166042
19.91 0.00152978
19.92 0.000389695
19.93 -0.00111152
19.94 -0.00211972
19.95 -0.00204624
19.96 -0.000903312
19.97 0.000698592
19.98 0.00189285
19.99 0.00204118
20 0.00107855
20.01 -0.000478368
20.02 -0.00181976
20.03 -0.00224335
20.04 -0.00149157
20.05 0.000104812
20.06 0.00175684
20.07 0.00259878
20.08 0.00216247
20.09 0.000682081
20.1 -0.00100576
20.11 -0.0019463
20.12 -0.0016447
20.13 -0.000366693
20.14 0.00105178
20.15 0.00175092
20.16 0.0013766
20.17 0.0002544
20.18 -0.000881362
20.19 -0.00136529
20.2 -0.000959836
20.21 6.74077e-05
20.22 0.00112629
20.23 0.00161902
20.24 0.00124962
20.25 0.000197458
20.26 -0.000958853
20.27 -0.00155189
20.28 -0.00121418
20.29 -0.000121796
20.3 0.0010853
20.31 0.00168242
20.32 0.00131712
20.33 0.000249196
20.34 -0.000812063
20.35 -0.0011616
20.36 -0.000535925
20.37 0.000730402
20.38 0.00190032
20.39 0.0022604
20.4 0.00153951
20.41 7.65647e-05
20.42 -0.00137523
20.43 -0.00208227
20.44 -0.00174063
20.45 -0.000636053
20.46 0.000540373
20.47 0.00109731
20.48 0.000731615
20.49 -0.000314531
20.5 -0.00141143
20.51 -0.00190784
20.52 -0.00149299
20.53 -0.000361604
20.54 0.000901938
20.55 0.0016431
20.56 0.00148868
20.57 0.000549122
20.58 -0.000640135
20.59 -0.0013922
20.6 -0.00121982
20.61 -0.000118729
20.62 0.00136581
20.63 0.00238062
20.64 0.0022569
20.65 0.000979678
20.66 -0.000731173
20.67 -0.00184739
20.68 -0.00170462
20.69 -0.000466288
20.7 0.00096535
20.71 0.00154945
20.72 0.000807965
20.73 -0.000861216
20.74 -0.00245507
20.75 -0.00300185
20.76 -0.00214593
20.77 -0.000343163
20.78 0.00141806
20.79 0.00217777
20.8 0.00153703
20.81 -0.000112532
20.82 -0.00180978
20.83 -0.00257723
20.84 -0.00199428
20.85 -0.000456313
20.86 0.00107494
20.87 0.00168044
20.88 0.00104458
20.89 -0.000399389
20.9 -0.00178588
20.91 -0.00231972
20.92 -0.00166974
20.93 -0.000122791
20.94 0.00153364
20.95 0.00239263
20.96 0.00196212
20.97 0.000543956
20.98 -0.00089668
20.99 -0.00136037
21 -0.000497846
21.01 0.00115605
21.02 0.00255194
21.03 0.00280983
21.04 0.00174409
21.05 -7.53913e-05
21.06 -0.00170023
21.07 -0.0023274
21.08 -0.00168016
21.09 -0.000113505
21.1 0.00157447
21.11 0.00252923
21.12 0.00226232
21.13 0.000927398
21.14 -0.000726406
21.15 -0.00175464
21.16 -0.00157771
21.17 -0.000350513
21.18 0.00114223
21.19 0.00200182
21.2 0.0017692
21.21 0.000640485
21.22 -0.000742112
21.23 -0.00168152
21.24 -0.00173976
21.25 -0.000903345
21.26 0.000403229
21.27 0.00148155
21.28 0.00170932
21.29 0.000918433
21.3 -0.000482038
21.31 -0.0017452
21.32 -0.00221659
21.33 -0.0016806
21.34 -0.000451913
21.35 0.00079816
21.36 0.00137588
21.37 0.000923233
21.38 -0.000362596
21.39 -0.00179249
21.4 -0.00254475
21.41 -0.00215532
21.42 -0.000834656
21.43 0.000645701
21.44 0.00144338
21.45 0.0011773
21.46 0.00013364
21.47 -0.000988689
21.48 -0.00154811
21.49 -0.00128453
21.5 -0.000351732
21.51 0.000840212
21.52 0.00178884
21.53 0.00203933
21.54 0.00137601
21.55 1.58645e-05
21.56 -0.00140087
21.57 -0.00213129
21.58 -0.00179791
21.59 -0.000658041
21.6 0.000566032
21.61 0.00115728
21.62 0.000825911
21.63 -0.000166673
21.64 -0.00120897
21.65 -0.00169634
21.66 -0.00133851
21.67 -0.000279297
21.68 0.00101235
21.69 0.00199231
21.7 0.00229888
21.71 0.00190768
21.72 0.00111873
21.73 0.000388261
21.74 9.42309e-05
21.75 0.000361254
21.76 0.00101565
21.77 0.00168365
21.78 0.00198261
21.79 0.00171241
21.8 0.000968
21.81 0.000110377
21.82 -0.000416225
21.83 -0.000325825
21.84 0.000348471
21.85 0.00125997
21.86 0.00191652
21.87 0.001928
21.88 0.00121098
21.89 5.08711e-05
21.9 -0.00102107
21.91 -0.00148011
21.92 -0.00107636
21.93 1.17939e-05
21.94 0.00125469
21.95 0.00205413
21.96 0.00206495
21.97 0.00135848
21.98 0.000341555
21.99 -0.000476799
22 -0.000715954
22.01 -0.000250798
22.02 0.000745749
22.03 0.00181723
22.04 0.00237729
22.05 0.00201939
22.06 0.000810498
22.07 -0.000664057
22.08 -0.00157867
22.09 -0.00132578
22.1 0.000102935
22.11 0.0020422
22.12 0.00345895
22.13 0.00350931
22.14 0.00203262
22.15 -0.000300002
22.16 -0.00227948
22.17 -0.00277935
22.18 -0.00140665
22.19 0.00118551
22.2 0.00356931
22.21 0.00438111
22.22 0.00315664
22.23 0.000580931
22.24 -0.00190363
22.25 -0.00292597
22.26 -0.00199634
22.27 0.000260589
22.28 0.0026012
22.29 0.00390006
22.3 0.00362706
22.31 0.00198532
22.32 -0.000221202
22.33 -0.00191877
22.34 -0.00225556
22.35 -0.00108523
22.36 0.000915279
22.37 0.00263741
22.38 0.00317493
22.39 0.00229467
22.4 0.000499007
22.41 -0.00128552
22.42 -0.0021625
22.43 -0.00166271
22.44 4.50625e-05
22.45 0.00223665
22.46 0.00393243
22.47 0.00429151
22.48 0.00301348
22.49 0.000566145
22.5 -0.00192143
22.51 -0.00314727
22.52 -0.00236775
22.53 6.4925e-05
22.54 0.00285072
22.55 0.00450479
22.56 0.00420094
22.57 0.00222548
22.58 -0.000269278
22.59 -0.00196815
22.6 -0.00204866
22.61 -0.000537809
22.62 0.00175162
22.63 0.0036286
22.64 0.00409108
22.65 0.00285626
22.66 0.000551744
22.67 -0.00161266
22.68 -0.00252237
22.69 -0.00177937
22.7 0.000130348
22.71 0.00223328
22.72 0.00363405
22.73 0.00385024
22.74 0.00288688
22.75 0.00115871
22.76 -0.000662728
22.77 -0.00185392
22.78 -0.00194356
22.79 -0.000993766
22.8 0.000415075
22.81 0.00152462
22.82 0.00180395
22.83 0.00117646
22.84 3.05321e-06
22.85 -0.00112145
22.86 -0.00166125
22.87 -0.00139144
22.88 -0.000463447
22.89 0.000746718
22.9 0.00182637
22.91 0.00239611
22.92 0.00214075
22.93 0.000946496
22.94 -0.000883194
22.95 -0.00254669
22.96 -0.00306836
22.97 -0.00195438
22.98 0.000338337
22.99 0.00260007
23 0.00361915
23.01 0.00293758
23.02 0.0011029
23.03 -0.000770038
23.04 -0.00176584
23.05 -0.00167736
23.06 -0.00091945
23.07 -2.60202e-05
23.08 0.000755585
23.09 0.00140271
23.1 0.00181873
23.11 0.00173743
23.12 0.000924296
23.13 -0.000516592
23.14 -0.00200808
23.15 -0.00275758
23.16 -0.00228017
23.17 -0.000765894
23.18 0.00100296
23.19 0.00209791
23.2 0.00194006
23.21 0.000594295
23.22 -0.00125293
23.23 -0.00262074
23.24 -0.00274198
23.25 -0.00148069
23.26 0.000608436
23.27 0.00257695
23.28 0.00350186
23.29 0.0028635
23.3 0.000826603
23.31 -0.0017119
23.32 -0.00346313
23.33 -0.00343604
23.34 -0.001576
23.35 0.00114974
23.36 0.00329572
23.37 0.00370974
23.38 0.00210146
23.39 -0.000810254
23.4 -0.00358691
23.41 -0.00484144
23.42 -0.00399942
23.43 -0.00164837
23.44 0.000792914
23.45 0.00197302
23.46 0.00137574
23.47 -0.000484725
23.48 -0.00244743
23.49 -0.00338329
23.5 -0.00275751
23.51 -0.00081333
23.52 0.00163314
23.53 0.00358337
23.54 0.00425091
23.55 0.00337493
23.56 0.00135827
23.57 -0.000866721
23.58 -0.00222068
23.59 -0.00197733
23.6 -0.000152668
23.61 0.00245961
23.62 0.00459874
23.63 0.00509328
23.64 0.00341158
23.65 1.33207e-05
23.66 -0.00361095
23.67 -0.00552755
23.68 -0.00444173
23.69 -0.00056801
23.7 0.00431349
23.71 0.00789107
23.72 0.00855929
23.73 0.00595657
23.74 0.00103587
23.75 -0.00414599
23.76 -0.00725902
23.77 -0.00679378
23.78 -0.00278358
23.79 0.00320619
23.8 0.00874795
23.81 0.0117125
23.82 0.0110522
23.83 0.00703104
23.84 0.00120213
23.85 -0.00414975
23.86 -0.00691187
23.87 -0.00606222
23.88 -0.00218912
23.89 0.00294495
23.9 0.00734037
23.91 0.00942186
23.92 0.00840126
23.93 0.00451383
23.94 -0.00103734
23.95 -0.00620528
23.96 -0.00885542
23.97 -0.00788091
23.98 -0.00365969
23.99 0.00220408
24 0.00757137
24.01 0.0105684
24.02 0.0101518
24.03 0.00641583
24.04 0.000605861
24.05 -0.00527301
24.06 -0.00912385
24.07 -0.00956254
24.08 -0.00650637
24.09 -0.00118207
24.1 0.00458538
24.11 0.00914791
24.12 0.0113266
24.13 0.0105601
24.14 0.00708797
24.15 0.00190825
24.16 -0.0034949
24.17 -0.007429
24.18 -0.00847423
24.19 -0.00615629
24.2 -0.00128285
24.21 0.00450263
24.22 0.00943924
24.23 0.0120632
24.24 0.0114721
24.25 0.00764934
24.26 0.00156061
24.27 -0.0050268
24.28 -0.00984933
24.29 -0.0109979
24.3 -0.0079185
24.31 -0.00179159
24.32 0.00502221
24.33 0.0100416
24.34 0.0115345
24.35 0.0090618
24.36 0.00362555
24.37 -0.00280276
24.38 -0.00789309
24.39 -0.00966519
24.4 -0.00732184
24.41 -0.00171531
24.42 0.00507301
24.43 0.0106449
24.44 0.0131538
24.45 0.0118949
24.46 0.00740892
24.47 0.0011957
24.48 -0.00480024
24.49 -0.00871057
24.5 -0.00928011
24.51 -0.00643918
24.52 -0.00149855
24.53 0.00351692
24.54 0.00682315
24.55 0.0074275
24.56 0.00535009
24.57 0.00157912
24.58 -0.00240934
24.59 -0.00514959
24.6 -0.00558232
24.61 -0.00347424
24.62 0.00042537
24.63 0.00469158
24.64 0.00774085
24.65 0.00834576
24.66 0.00617903
24.67 0.00207781
24.68 -0.00235363
24.69 -0.00538271
24.7 -0.00580758
24.71 -0.0035217
24.72 0.000447846
24.73 0.00451741
24.74 0.00724455
24.75 0.00776097
24.76 0.00600749
24.77 0.00270463
24.78 -0.0010912
24.79 -0.00428844
24.8 -0.00592635
24.81 -0.0054729
24.82 -0.00306181
24.83 0.000543615
24.84 0.00428192
24.85 0.00716521
24.86 0.0084867
24.87 0.00797544
24.88 0.00587155
24.89 0.00273943
24.9 -0.000788461
24.91 -0.00393823
24.92 -0.00575521
24.93 -0.00548078
24.94 -0.00306441
24.95 0.00066666
24.96 0.00436634
24.97 0.00676977
24.98 0.00712969
24.99 0.00542527
25 0.00232364
25.01 -0.00122506
25.02 -0.00425349
25.03 -0.00591746
25.04 -0.00573624
25.05 -0.00373765
25.06 -0.000435504
25.07 0.00343441
25.08 0.00706273
25.09 0.00950468
25.1 0.00988507
25.11 0.0078288
25.12 0.0036622
25.13 -0.00174585
25.14 -0.00706793
25.15 -0.0107754
25.16 -0.0117338
25.17 -0.00962315
25.18 -0.00503355
25.19 0.000720909
25.2 0.00604244
25.21 0.00950292
25.22 0.0101502
25.23 0.00786713
25.24 0.00355251
25.25 -0.0012899
25.26 -0.00500764
25.27 -0.0062407
25.28 -0.00445798
25.29 -0.000258288
25.3 0.00492558
25.31 0.0093649
25.32 0.0114746
25.33 0.0103436
25.34 0.00616023
25.35 0.000164321
25.36 -0.00578021
25.37 -0.00976085
25.38 -0.010427
25.39 -0.00755738
25.4 -0.00226705
25.41 0.00356365
25.42 0.00810411
25.43 0.0100683
25.44 0.00899873
25.45 0.00539286
25.46 0.000436357
25.47 -0.00448423
25.48 -0.00806934
25.49 -0.00927769
25.5 -0.00767648
25.51 -0.00377923
25.52 0.0011357
25.53 0.00554721
25.54 0.00817471
25.55 0.00826646
25.56 0.00579573
25.57 0.00151477
25.58 -0.00329439
25.59 -0.00706075
25.6 -0.00825866
25.61 -0.00606969
25.62 -0.000980326
25.63 0.00539689
25.64 0.0109668
25.65 0.0137518
25.66 0.0125712
25.67 0.00757612
25.68 0.000223831
25.69 -0.00714442
25.7 -0.0120237
25.71 -0.0126601
25.72 -0.00881768
25.73 -0.00193588
25.74 0.00567364
25.75 0.0118087
25.76 0.0148906
25.77 0.014172
25.78 0.0100007
25.79 0.00377042
25.8 -0.00267301
25.81 -0.00742552
25.82 -0.00892768
25.83 -0.00660039
25.84 -0.00124434
25.85 0.00537093
25.86 0.0112891
25.87 0.0149094
25.88 0.0154297
25.89 0.0131125
25.9 0.00906299
25.91 0.00470049
25.92 0.00130049
25.93 -0.000425045
25.94 -0.00048112
25.95 0.000617014
25.96 0.00204764
25.97 0.0029221
25.98 0.00262331
25.99 0.00103528
26 -0.00152083
26.01 -0.00436302
26.02 -0.00661287
26.03 -0.00757479
26.04 -0.00699184
26.05 -0.00507112
26.06 -0.00235901
26.07 0.000502394
26.08 0.00298652
26.09 0.00472592
26.1 0.00550593
26.11 0.00534016
26.12 0.00451148
26.13 0.00344917
26.14 0.00254216
26.15 0.00196646
26.16 0.00156616
26.17 0.000914557
26.18 -0.000499339
26.19 -0.00290421
26.2 -0.00593455
26.21 -0.00871409
26.22 -0.0102069
26.23 -0.00962925
26.24 -0.00680656
26.25 -0.0023874
26.26 0.00238391
26.27 0.00607639
26.28 0.00746513
26.29 0.00599141
26.3 0.00211283
26.31 -0.00283889
26.32 -0.00706576
26.33 -0.00893933
26.34 -0.00774533
26.35 -0.00400391
26.36 0.000870878
26.37 0.00527048
26.38 0.00795332
26.39 0.00823463
26.4 0.00608607
26.41 0.0022209
26.42 -0.00220945
26.43 -0.00589725
26.44 -0.00765064
26.45 -0.00687095
26.46 -0.00389232
26.47 0.000151407
26.48 0.00391255
26.49 0.00631336
26.5 0.00665539
26.51 0.00474963
26.52 0.0010856
26.53 -0.00334631
26.54 -0.00729025
26.55 -0.0094808
26.56 -0.00910577
26.57 -0.00621598
26.58 -0.00175865
26.59 0.00289497
26.6 0.00643205
26.61 0.00782966
26.62 0.00661007
26.63 0.00309544
26.64 -0.00175994
26.65 -0.00656148
26.66 -0.00977459
26.67 -0.0102927
26.68 -0.00790172
26.69 -0.00345634
26.7 0.00150832
26.71 0.00536603
26.72 0.00681523
26.73 0.00516247
26.74 0.000584298
26.75 -0.00581604
26.76 -0.0122123
26.77 -0.016799
26.78 -0.0185782
26.79 -0.0173068
26.8 -0.0131813
26.81 -0.00695928
26.82 3.05576e-05
26.83 0.00622822
26.84 0.0102632
26.85 0.0112091
26.86 0.008833
26.87 0.00393141
26.88 -0.00200533
26.89 -0.00733755
26.9 -0.0107049
26.91 -0.0112609
26.92 -0.00885437
26.93 -0.00428726
26.94 0.00111628
26.95 0.0059649
26.96 0.00899885
26.97 0.00929368
26.98 0.00656756
26.99 0.00150773
27 -0.0045106
27.01 -0.00998816
27.02 -0.013615
27.03 -0.0144415
27.04 -0.012283
27.05 -0.00790165
27.06 -0.00260332
27.07 0.00223734
27.08 0.00537699
27.09 0.00591399
27.1 0.00364386
27.11 -0.000806479
27.12 -0.00612978
27.13 -0.0107601
27.14 -0.0133194
27.15 -0.0129895
27.16 -0.00987074
27.17 -0.00490208
27.18 0.000613354
27.19 0.00535263
27.2 0.00823552
27.21 0.00862445
27.22 0.00648958
27.23 0.00249061
27.24 -0.0023717
27.25 -0.00706835
27.26 -0.0106742
27.27 -0.0124776
27.28 -0.0121913
27.29 -0.0101347
27.3 -0.00701337
27.31 -0.00371241
27.32 -0.00116899
27.33 -6.49188e-05
27.34 -0.000679919
27.35 -0.00288132
27.36 -0.00606115
27.37 -0.00927451
27.38 -0.0115454
27.39 -0.0121622
27.4 -0.0108905
27.41 -0.00798693
27.42 -0.00408643
27.43 2.9238e-05
27.44 0.00364372
27.45 0.00616796
27.46 0.00714173
27.47 0.00635574
27.48 0.00407024
27.49 0.000981266
27.5 -0.00209501
27.51 -0.00441712
27.52 -0.00538074
27.53 -0.00467519
27.54 -0.00247969
27.55 0.000665302
27.56 0.00403999
27.57 0.00686193
27.58 0.00845654
27.59 0.0084407
27.6 0.0068763
27.61 0.0041622
27.62 0.00083965
27.63 -0.00259693
27.64 -0.00569362
27.65 -0.00792552
27.66 -0.00878612
27.67 -0.00802209
27.68 -0.00583204
27.69 -0.00282867
27.7 0.000225751
27.71 0.0026595
27.72 0.00399567
27.73 0.00400033
27.74 0.00274844
27.75 0.000637182
27.76 -0.00180485
27.77 -0.00402134
27.78 -0.00545407
27.79 -0.00570528
27.8 -0.00475353
27.81 -0.00302651
27.82 -0.00119598
27.83 0.000152615
27.84 0.000716563
27.85 0.000464693
27.86 -0.000455112
27.87 -0.00182206
27.88 -0.00338951
27.89 -0.00490232
27.9 -0.00614985
27.91 -0.00701105
27.92 -0.0074552
27.93 -0.00750011
27.94 -0.00716296
27.95 -0.00642787
27.96 -0.00524804
27.97 -0.00359924
27.98 -0.00154136
27.99 0.000828707
28 0.00328051
28.01 0.00528809
28.02 0.00612049
28.03 0.00515379
28.04 0.00224531
28.05 -0.00216882
28.06 -0.00710068
28.07 -0.0112257
28.08 -0.0132745
28.09 -0.012455
28.1 -0.0087934
28.11 -0.00306455
28.12 0.00351867
28.13 0.0094455
28.14 0.0131081
28.15 0.0132656
28.16 0.00964807
28.17 0.00324847
28.18 -0.00409588
28.19 -0.0104127
28.2 -0.014145
28.21 -0.0143845
28.22 -0.0111265
28.23 -0.00538786
28.24 0.00129768
28.25 0.00727359
28.26 0.0110501
28.27 0.0116459
28.28 0.00893841
28.29 0.00388409
28.3 -0.00196434
28.31 -0.00702561
28.32 -0.0100527
28.33 -0.0103335
28.34 -0.00791931
28.35 -0.00378503
28.36 0.000699312
28.37 0.00427552
28.38 0.00598082
28.39 0.00528482
28.4 0.00230393
28.41 -0.00222521
28.42 -0.0070878
28.43 -0.0109323
28.44 -0.0127241
28.45 -0.0120097
28.46 -0.00915353
28.47 -0.00514159
28.48 -0.00108445
28.49 0.0021757
28.5 0.00414978
28.51 0.00463282
28.52 0.00376037
28.53 0.00202561
28.54 8.17315e-05
28.55 -0.00155728
28.56 -0.00261762
28.57 -0.00299832
28.58 -0.00273489
28.59 -0.0019949
28.6 -0.00101805
28.61 -1.59111e-05
28.62 0.000864892
28.63 0.00151216
28.64 0.00184039
28.65 0.00182481
28.66 0.00148828
28.67 0.000839735
28.68 -0.000215685
28.69 -0.00184669
28.7 -0.00404992
28.71 -0.00648286
28.72 -0.00853971
28.73 -0.00957028
28.74 -0.00911265
28.75 -0.00704031
28.76 -0.00361518
28.77 0.000637209
28.78 0.00498627
28.79 0.00853635
28.8 0.010363
28.81 0.00977239
28.82 0.00669635
28.83 0.00185309
28.84 -0.00347493
28.85 -0.00782675
28.86 -0.00998476
28.87 -0.00933803
28.88 -0.00612834
28.89 -0.00130981
28.9 0.00393731
28.91 0.00846231
28.92 0.011114
28.93 0.0109168
28.94 0.00760879
28.95 0.00193959
28.96 -0.00462148
28.97 -0.0104335
28.98 -0.0140719
28.99 -0.014519
29 -0.0115058
29.01 -0.0056933
29.02 0.00161966
29.03 0.00868094
29.04 0.0136734
29.05 0.0153137
29.06 0.0133195
29.07 0.00855731
29.08 0.00256592
29.09 -0.00308107
29.1 -0.00707641
29.11 -0.00850267
29.12 -0.00698583
29.13 -0.00290466
29.14 0.00273616
29.15 0.00849844
29.16 0.0127403
29.17 0.0140032
29.18 0.0115004
29.19 0.00559056
29.2 -0.00237234
29.21 -0.0104368
29.22 -0.0166277
29.23 -0.0194107
29.24 -0.0180566
29.25 -0.013057
29.26 -0.00587176
29.27 0.00163908
29.28 0.00751377
29.29 0.010159
29.3 0.00885883
29.31 0.00406455
29.32 -0.00280414
29.33 -0.00976855
29.34 -0.0149092
29.35 -0.0168845
29.36 -0.0151965
29.37 -0.0104993
29.38 -0.00428604
29.39 0.00186299
29.4 0.00661269
29.41 0.00901744
29.42 0.00868559
29.43 0.00592308
29.44 0.00167441
29.45 -0.00293509
29.46 -0.0069659
29.47 -0.00971819
29.48 -0.0107228
29.49 -0.00994099
29.5 -0.00788219
29.51 -0.00531371
29.52 -0.00297481
29.53 -0.001347
29.54 -0.000480618
29.55 -0.000133768
29.56 -1.85007e-05
29.57 8.57434e-05
29.58 0.00032923
29.59 0.000832882
29.6 0.0016703
29.61 0.00278555
29.62 0.00397921
29.63 0.00500882
29.64 0.0057309
29.65 0.00616698
29.66 0.00644736
29.67 0.00667802
29.68 0.00680367
29.69 0.00659162
29.7 0.00578742
29.71 0.00432769
29.72 0.00245556
29.73 0.000632549
29.74 -0.000729341
29.75 -0.0014316
29.76 -0.00145994
29.77 -0.00098095
29.78 -0.000353134
29.79 -5.35809e-05
29.8 -0.000562146
29.81 -0.00217747
29.82 -0.00478111
29.83 -0.00778282
29.84 -0.0103108
29.85 -0.011525
29.86 -0.0109288
29.87 -0.00854401
29.88 -0.00490056
29.89 -0.000841372
29.9 0.00277864
29.91 0.0052272
29.92 0.00592845
29.93 0.00467017
29.94 0.00186889
29.95 -0.00161686
29.96 -0.00481427
29.97 -0.00690202
29.98 -0.00740074
29.99 -0.00625697
30 -0.0039148
30.01 -0.00113708
30.02 0.00128497
30.03 0.00261151
30.04 0.00226056
30.05 0.00013528
30.06 -0.0031847
30.07 -0.00654005
30.08 -0.00857893
30.09 -0.00834536
30.1 -0.00573895
30.11 -0.00155405
30.12 0.00298099
30.13 0.00667316
30.14 0.008604
30.15 0.00830471
30.16 0.00591674
30.17 0.00214581
30.18 -0.0021021
30.19 -0.00593346
30.2 -0.0085163
30.21 -0.00918709
30.22 -0.00770149
30.23 -0.00442643
30.24 -0.000132846
30.25 0.00425608
30.26 0.00779759
30.27 0.0096552
30.28 0.00934072
30.29 0.00699873
30.3 0.00333694
30.31 -0.000712243
30.32 -0.00427313
30.33 -0.00668956
30.34 -0.00756104
30.35 -0.00678864
30.36 -0.00466259
30.37 -0.00178413
30.38 0.00117667
30.39 0.00354823
30.4 0.00469602
30.41 0.00424319
30.42 0.00226871
30.43 -0.000802829
30.44 -0.00437231
30.45 -0.00774178
30.46 -0.0101379
30.47 -0.0108047
30.48 -0.00931772
30.49 -0.0057976
30.5 -0.000940376
30.51 0.00411635
30.52 0.00808845
30.53 0.00990859
30.54 0.00912486
30.55 0.00613476
30.56 0.00195635
30.57 -0.00235805
30.58 -0.00602
30.59 -0.00845173
30.6 -0.00922583
30.61 -0.00820357
30.62 -0.00567338
30.63 -0.00221543
30.64 0.00158069
30.65 0.00514352
30.66 0.00785917
30.67 0.00916314
30.68 0.00870108
30.69 0.00649931
30.7 0.00303112
30.71 -0.00091877
30.72 -0.00444577
30.73 -0.00675016
30.74 -0.00731909
30.75 -0.00604579
30.76 -0.0033144
30.77 0.000221131
30.78 0.00382646
30.79 0.00670591
30.8 0.00807179
30.81 0.00738672
30.82 0.00471747
30.83 0.000749841
30.84 -0.00355077
30.85 -0.00725147
30.86 -0.00957362
30.87 -0.00999665
30.88 -0.00847508
30.89 -0.00544044
30.9 -0.00160373
30.91 0.00226335
30.92 0.0053861
30.93 0.00703734
30.94 0.00676556
30.95 0.00460536
30.96 0.00110144
30.97 -0.00295498
30.98 -0.00673655
30.99 -0.00941503
31 -0.0102642
31.01 -0.00896879
31.02 -0.00585892
31.03 -0.00179704
31.04 0.00216823
31.05 0.00505244
31.06 0.00614421
31.07 0.00527094
31.08 0.00291568
31.09 -3.09726e-05
31.1 -0.00270813
31.11 -0.00451835
31.12 -0.00510223
31.13 -0.00431144
31.14 -0.00231107
31.15 0.000523634
31.16 0.00365865
31.17 0.00633298
31.18 0.00765212
31.19 0.00689078
31.2 0.00391493
31.21 -0.000732359
31.22 -0.00598226
31.23 -0.0105314
31.24 -0.0131165
31.25 -0.012822
31.26 -0.00954668
31.27 -0.00404303
31.28 0.00244556
31.29 0.00838562
31.3 0.0122587
31.31 0.0130283
31.32 0.0105649
31.33 0.00576294
31.34 9.55955e-05
31.35 -0.00499069
31.36 -0.00848106
31.37 -0.00982525
31.38 -0.00888958
31.39 -0.00606761
31.4 -0.00211883
31.41 0.00216973
31.42 0.0059941
31.43 0.00846792
31.44 0.00883793
31.45 0.00688452
31.46 0.00310846
31.47 -0.00153284
31.48 -0.00591058
31.49 -0.00896788
31.5 -0.00992183
31.51 -0.00847242
31.52 -0.00500814
31.53 -0.000430323
31.54 0.00413708
31.55 0.007548
31.56 0.00883278
31.57 0.00752104
31.58 0.0039762
31.59 -0.000800429
31.6 -0.00557303
31.61 -0.00921352
31.62 -0.0108673
31.63 -0.0101014
31.64 -0.00720074
31.65 -0.00301037
31.66 0.00153399
31.67 0.00552766
31.68 0.00810694
31.69 0.0086108
31.7 0.00683934
31.71 0.00320646
31.72 -0.0014569
31.73 -0.00609889
31.74 -0.00963533
31.75 -0.011147
31.76 -0.0101307
31.77 -0.00678506
31.78 -0.00190336
31.79 0.00345749
31.8 0.00815359
31.81 0.0110879
31.82 0.0114856
31.83 0.00924173
31.84 0.00496201
31.85 -0.000334787
31.86 -0.00552813
31.87 -0.00961327
31.88 -0.0117332
31.89 -0.011291
31.9 -0.0083052
31.91 -0.00350875
31.92 0.00194104
31.93 0.00667288
31.94 0.00940133
31.95 0.00935698
31.96 0.00661152
31.97 0.00210226
31.98 -0.00286327
31.99 -0.00706979
32 -0.00954299
32.01 -0.00958103
32.02 -0.00698101
32.03 -0.00228492
32.04 0.00341289
32.05 0.00870349
32.06 0.0120834
32.07 0.0123998
32.08 0.00944962
32.09 0.0041117
32.1 -0.0021851
32.11 -0.00789247
32.12 -0.011647
32.13 -0.012437
32.14 -0.00984822
32.15 -0.00442586
32.16 0.00254354
32.17 0.00930649
32.18 0.0139762
32.19 0.0150892
32.2 0.0122133
32.21 0.00629383
32.22 -0.000837939
32.23 -0.00720425
32.24 -0.011295
32.25 -0.0122831
32.26 -0.0101009
32.27 -0.00560796
32.28 -0.000105576
32.29 0.00518815
32.3 0.00927482
32.31 0.0113191
32.32 0.0107367
32.33 0.0075876
32.34 0.00261586
32.35 -0.00302344
32.36 -0.00798399
32.37 -0.0109976
32.38 -0.0111898
32.39 -0.00845804
32.4 -0.00359277
32.41 0.00215083
32.42 0.007403
32.43 0.010915
32.44 0.0118183
32.45 0.00988849
32.46 0.00570767
32.47 0.000408541
32.48 -0.00473095
32.49 -0.00858465
32.5 -0.0102865
32.51 -0.00937017
32.52 -0.00606893
32.53 -0.00124244
32.54 0.00399785
32.55 0.00853724
32.56 0.011349
32.57 0.0116507
32.58 0.0092251
32.59 0.00451394
32.6 -0.00155558
32.61 -0.0076239
32.62 -0.0121197
32.63 -0.0136395
32.64 -0.0114705
32.65 -0.00609379
32.66 0.00109662
32.67 0.00828026
32.68 0.0137008
32.69 0.016068
32.7 0.0148239
32.71 0.010449
32.72 0.00423166
32.73 -0.00228261
32.74 -0.00763823
32.75 -0.0108135
32.76 -0.0114186
32.77 -0.00971902
32.78 -0.0065128
32.79 -0.00276241
32.8 0.000730262
32.81 0.00333876
32.82 0.00455503
32.83 0.00409551
32.84 0.00209493
32.85 -0.000925622
32.86 -0.00419184
32.87 -0.0068369
32.88 -0.00809494
32.89 -0.00748434
32.9 -0.00504027
32.91 -0.00130977
32.92 0.0029252
32.93 0.00681638
32.94 0.00951918
32.95 0.0103874
32.96 0.00925837
32.97 0.00648938
32.98 0.00275853
32.99 -0.00119184
33 -0.00463649
33.01 -0.00688854
33.02 -0.00740487
33.03 -0.0059868
33.04 -0.0030623
33.05 0.00042858
33.06 0.00337265
33.07 0.00483715
33.08 0.00440363
33.09 0.0023554
33.1 -0.000452125
33.11 -0.00299634
33.12 -0.00445087
33.13 -0.00434597
33.14 -0.00257004
33.15 0.000667955
33.16 0.00478997
33.17 0.00885788
33.18 0.0117303
33.19 0.0123466
33.2 0.0101406
33.21 0.00532627
33.22 -0.00116256
33.23 -0.00785745
33.24 -0.0131565
33.25 -0.0156601
33.26 -0.0144733
33.27 -0.00969474
33.28 -0.00241643
33.29 0.00566801
33.3 0.0126625
33.31 0.0168653
33.32 0.0171367
33.33 0.0133531
33.34 0.00648401
33.35 -0.00186763
33.36 -0.00978099
33.37 -0.0154478
33.38 -0.0175117
33.39 -0.0153513
33.4 -0.00949963
33.41 -0.00138733
33.42 0.00718607
33.43 0.0144799
33.44 0.0190812
33.45 0.0200614
33.46 0.0172384
33.47 0.0111024
33.48 0.00273849
33.49 -0.00609936
33.5 -0.013299
33.51 -0.0170523
33.52 -0.0163341
33.53 -0.0112802
33.54 -0.00330714
33.55 0.00558017
33.56 0.0136376
33.57 0.019669
33.58 0.0228403
33.59 0.022745
33.6 0.0196088
33.61 0.0139267
33.62 0.00642345
33.63 -0.00177429
33.64 -0.00904336
33.65 -0.0138116
33.66 -0.0151482
33.67 -0.0127298
33.68 -0.00718741
33.69 2.12794e-05
33.7 0.00722041
33.71 0.0131449
33.72 0.0169073
33.73 0.017546
33.74 0.0147365
33.75 0.0091782
33.76 0.00187945
33.77 -0.00589687
33.78 -0.0126126
33.79 -0.0168345
33.8 -0.017473
33.81 -0.0141999
33.82 -0.00763535
33.83 0.000968071
33.84 0.0100548
33.85 0.0182771
33.86 0.0245104
33.87 0.027776
33.88 0.0279451
33.89 0.025536
33.9 0.0207632
33.91 0.0138639
33.92 0.00563667
33.93 -0.00293959
33.94 -0.0106215
33.95 -0.0160696
33.96 -0.0182235
33.97 -0.0163502
33.98 -0.0106981
33.99 -0.00253147
34 0.00659707
34.01 0.0156821
34.02 0.0243139
34.03 0.0316651
34.04 0.0369587
34.05 0.0407437
34.06 0.0440671
34.07 0.0469763
34.08 0.0488404
34.09 0.0494405
34.1 0.0488372
34.11 0.0466495
34.12 0.0423682
34.13 0.0361681
34.14 0.0286964
34.15 0.0202841
34.16 0.0110124
34.17 0.00120172
34.18 -0.00824947
34.19 -0.0160079
34.2 -0.0212837
34.21 -0.0241045
34.22 -0.0245312
34.23 -0.0224
34.24 -0.0178078
34.25 -0.0112849
34.26 -0.0035015
34.27 0.0046779
34.28 0.0125979
34.29 0.0202636
34.3 0.0276869
34.31 0.0342561
34.32 0.0392648
34.33 0.0426655
34.34 0.0447054
34.35 0.0451421
34.36 0.0434191
34.37 0.0394098
34.38 0.0334306
34.39 0.0256711
34.4 0.0161589
34.41 0.0052835
34.42 -0.00600613
34.43 -0.0163107
34.44 -0.0247938
