0.01 5.87309e-07
0.02 1.06524e-06
0.03 -1.35926e-06
0.04 -8.11544e-06
0.05 -1.73109e-05
0.06 -2.54912e-05
0.07 -3.11042e-05
0.08 -3.68869e-05
0.09 -4.74921e-05
0.1 -6.24603e-05
0.11 -7.16813e-05
0.12 -6.09419e-05
0.13 -2.47025e-05
0.14 2.65431e-05
0.15 7.20934e-05
0.16 9.40409e-05
0.17 8.60831e-05
0.18 5.35256e-05
0.19 8.78212e-06
0.2 -3.19364e-05
0.21 -5.19931e-05
0.22 -4.19321e-05
0.23 -7.46682e-06
0.24 3.15038e-05
0.25 5.28927e-05
0.26 4.63008e-05
0.27 1.82086e-05
0.28 -1.33832e-05
0.29 -2.98269e-05
0.3 -2.28553e-05
0.31 -9.89798e-07
0.32 1.38524e-05
0.33 8.98452e-07
0.34 -4.17408e-05
0.35 -9.02866e-05
0.36 -0.000108297
0.37 -7.25476e-05
0.38 8.09498e-06
0.39 9.68085e-05
0.4 0.000152981
0.41 0.000156797
0.42 0.000116727
0.43 5.9319e-05
0.44 1.27968e-05
0.45 -5.68234e-06
0.46 3.64529e-06
0.47 2.33198e-05
0.48 2.6824e-05
0.49 -5.40994e-06
0.5 -6.97544e-05
0.51 -0.000136269
0.52 -0.000165454
0.53 -0.000134563
0.54 -5.32396e-05
0.55 4.26597e-05
0.56 0.00011207
0.57 0.000129091
0.58 9.30208e-05
0.59 2.65847e-05
0.6 -3.57933e-05
0.61 -6.49814e-05
0.62 -5.11787e-05
0.63 -7.78187e-06
0.64 3.63097e-05
0.65 6.081e-05
0.66 5.24879e-05
0.67 4.52919e-06
0.68 -6.11647e-05
0.69 -0.000101608
0.7 -8.49576e-05
0.71 -1.36403e-05
0.72 7.52428e-05
0.73 0.000133081
0.74 0.000130852
0.75 7.58156e-05
0.76 2.40454e-06
0.77 -5.30859e-05
0.78 -7.31538e-05
0.79 -6.27332e-05
0.8 -3.92572e-05
0.81 -1.92379e-05
0.82 -9.41222e-06
0.83 -6.26461e-06
0.84 -1.82664e-06
0.85 1.00103e-05
0.86 2.97466e-05
0.87 5.08503e-05
0.88 6.20646e-05
0.89 5.49849e-05
0.9 3.1148e-05
0.91 2.06799e-07
0.92 -2.87209e-05
0.93 -5.1704e-05
0.94 -6.63568e-05
0.95 -6.77269e-05
0.96 -5.13906e-05
0.97 -1.98859e-05
0.98 1.6481e-05
0.99 4.53721e-05
1 5.79714e-05
1.01 5.08127e-05
1.02 2.5847e-05
1.03 -9.5061e-06
1.04 -4.26241e-05
1.05 -5.82266e-05
1.06 -4.55797e-05
1.07 -7.90651e-06
1.08 3.46933e-05
1.09 5.55432e-05
1.1 4.03539e-05
1.11 -5.72929e-08
1.12 -3.55121e-05
1.13 -3.78447e-05
1.14 -1.63563e-06
1.15 5.14058e-05
1.16 8.6882e-05
1.17 8.04525e-05
1.18 3.44273e-05
1.19 -2.26991e-05
1.2 -5.51075e-05
1.21 -4.491e-05
1.22 -5.22594e-06
1.23 2.92754e-05
1.24 2.75539e-05
1.25 -1.55794e-05
1.26 -7.57053e-05
1.27 -0.000114604
1.28 -0.000103799
1.29 -4.08252e-05
1.3 5.02127e-05
1.31 0.000131478
1.32 0.000168585
1.33 0.000144582
1.34 6.78167e-05
1.35 -2.86793e-05
1.36 -9.98306e-05
1.37 -0.000112059
1.38 -6.55173e-05
1.39 3.30078e-06
1.4 4.5127e-05
1.41 3.22733e-05
1.42 -2.17484e-05
1.43 -7.1753e-05
1.44 -7.32432e-05
1.45 -1.55984e-05
1.46 6.81372e-05
1.47 0.000123233
1.48 0.000111576
1.49 3.87931e-05
1.5 -4.91157e-05
1.51 -9.70031e-05
1.52 -7.72079e-05
1.53 -5.91357e-06
1.54 7.04455e-05
1.55 0.000106027
1.56 8.13013e-05
1.57 9.67228e-06
1.58 -7.3932e-05
1.59 -0.000131755
1.6 -0.000138455
1.61 -8.87129e-05
1.62 1.43696e-06
1.63 9.79557e-05
1.64 0.000158902
1.65 0.000153131
1.66 8.00771e-05
1.67 -2.48388e-05
1.68 -0.000108026
1.69 -0.000129055
1.7 -8.34489e-05
1.71 -2.81091e-06
1.72 6.47755e-05
1.73 8.21001e-05
1.74 4.44184e-05
1.75 -1.69201e-05
1.76 -5.35628e-05
1.77 -3.25162e-05
1.78 3.86917e-05
1.79 0.000112501
1.8 0.000131145
1.81 6.83318e-05
1.82 -4.80937e-05
1.83 -0.000152236
1.84 -0.000183663
1.85 -0.000125253
1.86 -1.06305e-05
1.87 9.86401e-05
1.88 0.000148171
1.89 0.000117706
1.9 2.84047e-05
1.91 -6.96118e-05
1.92 -0.00012299
1.93 -0.00010342
1.94 -2.36997e-05
1.95 6.9761e-05
1.96 0.000125277
1.97 0.000116913
1.98 5.73046e-05
1.99 -1.38552e-05
2 -5.43216e-05
2.01 -4.2367e-05
2.02 1.06311e-05
2.03 6.47297e-05
2.04 7.47914e-05
2.05 2.11499e-05
2.06 -7.42969e-05
2.07 -0.000160587
2.08 -0.00019007
2.09 -0.000146144
2.1 -4.85511e-05
2.11 6.15822e-05
2.12 0.000141612
2.13 0.000160918
2.14 0.000109808
2.15 7.95264e-06
2.16 -9.49224e-05
2.17 -0.000138759
2.18 -9.01321e-05
2.19 2.90996e-05
2.2 0.000148465
2.21 0.000191698
2.22 0.000126707
2.23 -1.17938e-05
2.24 -0.000141608
2.25 -0.000182548
2.26 -0.000107398
2.27 3.63702e-05
2.28 0.000151255
2.29 0.00015095
2.3 2.10538e-05
2.31 -0.000163791
2.32 -0.000283404
2.33 -0.000250412
2.34 -7.02881e-05
2.35 0.000158587
2.36 0.000304732
2.37 0.000283633
2.38 0.000107993
2.39 -0.000120571
2.4 -0.000271691
2.41 -0.000262033
2.42 -0.000101583
2.43 0.000115809
2.44 0.000268855
2.45 0.000277358
2.46 0.000144289
2.47 -5.06807e-05
2.48 -0.000200532
2.49 -0.000232148
2.5 -0.000143037
2.51 4.46028e-06
2.52 0.000123395
2.53 0.000151903
2.54 8.52679e-05
2.55 -2.61661e-05
2.56 -0.000111405
2.57 -0.000123104
2.58 -6.15105e-05
2.59 3.4482e-05
2.6 0.000114475
2.61 0.000140033
2.62 9.69791e-05
2.63 4.10185e-07
2.64 -0.000107274
2.65 -0.000171461
2.66 -0.000153463
2.67 -5.5769e-05
2.68 7.50316e-05
2.69 0.000171035
2.7 0.000178726
2.71 8.96059e-05
2.72 -5.1432e-05
2.73 -0.000168798
2.74 -0.000199942
2.75 -0.000132558
2.76 -1.03013e-05
2.77 9.40211e-05
2.78 0.000118314
2.79 4.49903e-05
2.8 -8.41699e-05
2.81 -0.000183895
2.82 -0.000173162
2.83 -3.03507e-05
2.84 0.00018397
2.85 0.000357598
2.86 0.000391602
2.87 0.000257214
2.88 1.27598e-05
2.89 -0.000226002
2.9 -0.000345886
2.91 -0.000296346
2.92 -0.000117677
2.93 8.142e-05
2.94 0.000186385
2.95 0.000141546
2.96 -2.0602e-05
2.97 -0.000198483
2.98 -0.000276918
2.99 -0.000192429
3 2.56718e-05
3.01 0.000266012
3.02 0.000397234
3.03 0.000345701
3.04 0.000139523
3.05 -0.000108661
3.06 -0.000267156
3.07 -0.000258604
3.08 -0.000101677
3.09 0.000100581
3.1 0.00022154
3.11 0.000186992
3.12 1.82386e-05
3.13 -0.000185467
3.14 -0.000310089
3.15 -0.000291888
3.16 -0.000147512
3.17 4.07973e-05
3.18 0.00017278
3.19 0.000186298
3.2 9.18574e-05
3.21 -3.65508e-05
3.22 -0.000109099
3.23 -7.43321e-05
3.24 5.28919e-05
3.25 0.000201413
3.26 0.000283554
3.27 0.000244449
3.28 9.32675e-05
3.29 -0.000103396
3.3 -0.000259325
3.31 -0.000310466
3.32 -0.000240441
3.33 -8.7568e-05
3.34 6.76837e-05
3.35 0.000140732
3.36 9.55851e-05
3.37 -2.48548e-05
3.38 -0.000122762
3.39 -0.000112757
3.4 1.67649e-05
3.41 0.000193716
3.42 0.000309675
3.43 0.00029063
3.44 0.000143803
3.45 -4.87617e-05
3.46 -0.000183862
3.47 -0.000201349
3.48 -0.000116659
3.49 -3.30367e-06
3.5 5.91884e-05
3.51 3.60633e-05
3.52 -4.45641e-05
3.53 -0.000115173
3.54 -0.000117134
3.55 -4.13529e-05
3.56 6.62634e-05
3.57 0.000136887
3.58 0.000124291
3.59 3.33617e-05
3.6 -8.32075e-05
3.61 -0.000154693
3.62 -0.000132548
3.63 -2.15513e-05
3.64 0.000117908
3.65 0.000203684
3.66 0.000182634
3.67 6.30495e-05
3.68 -9.2793e-05
3.69 -0.000207078
3.7 -0.00022799
3.71 -0.000151928
3.72 -2.16016e-05
3.73 9.45857e-05
3.74 0.000135124
3.75 7.92213e-05
3.76 -3.60872e-05
3.77 -0.000131682
3.78 -0.000132264
3.79 -1.6264e-05
3.8 0.000163007
3.81 0.000302614
3.82 0.000311435
3.83 0.000171341
3.84 -4.42742e-05
3.85 -0.00021233
3.86 -0.000237325
3.87 -0.000111876
3.88 7.88525e-05
3.89 0.000208656
3.9 0.000185435
3.91 8.92715e-06
3.92 -0.000222744
3.93 -0.000368763
3.94 -0.000333882
3.95 -0.000130643
3.96 0.000126822
3.97 0.000291454
3.98 0.000269393
3.99 7.31843e-05
4 -0.000185133
4.01 -0.000355642
4.02 -0.000334695
4.03 -0.000125809
4.04 0.000159656
4.05 0.000364302
4.06 0.000373491
4.07 0.00018141
4.08 -0.00010226
4.09 -0.000311373
4.1 -0.000318504
4.11 -0.000111969
4.12 0.000194149
4.13 0.000425959
4.14 0.000451845
4.15 0.000258009
4.16 -4.62441e-05
4.17 -0.000294421
4.18 -0.000360154
4.19 -0.000228723
4.2 -1.02036e-06
4.21 0.000173235
4.22 0.000191018
4.23 5.73413e-05
4.24 -0.000126645
4.25 -0.000235919
4.26 -0.000202986
4.27 -5.76503e-05
4.28 9.66451e-05
4.29 0.000154002
4.3 7.87809e-05
4.31 -7.04775e-05
4.32 -0.000183479
4.33 -0.000174808
4.34 -3.87389e-05
4.35 0.000152584
4.36 0.000298055
4.37 0.000325121
4.38 0.000222959
4.39 4.11931e-05
4.4 -0.00013938
4.41 -0.000248092
4.42 -0.0002556
4.43 -0.000178133
4.44 -5.72563e-05
4.45 6.51593e-05
4.46 0.000159997
4.47 0.000210871
4.48 0.000208301
4.49 0.000146614
4.5 3.02985e-05
4.51 -0.000113779
4.52 -0.000234304
4.53 -0.000276233
4.54 -0.000216026
4.55 -8.44855e-05
4.56 4.5696e-05
4.57 0.000103391
4.58 6.4347e-05
4.59 -3.18527e-05
4.6 -0.000106238
4.61 -9.54052e-05
4.62 -1.70072e-06
4.63 0.000102782
4.64 0.000129262
4.65 4.44139e-05
4.66 -9.71101e-05
4.67 -0.000187963
4.68 -0.000145693
4.69 2.40101e-05
4.7 0.00022383
4.71 0.00032469
4.72 0.000249792
4.73 2.78241e-05
4.74 -0.000220031
4.75 -0.000352313
4.76 -0.000293175
4.77 -7.69748e-05
4.78 0.000176438
4.79 0.000337335
4.8 0.00034206
4.81 0.000222346
4.82 7.30565e-05
4.83 -1.75647e-05
4.84 -2.66972e-05
4.85 -3.05138e-06
4.86 -1.7178e-05
4.87 -9.73035e-05
4.88 -0.000202205
4.89 -0.000250497
4.9 -0.000182659
4.91 -1.03773e-05
4.92 0.00018253
4.93 0.000289748
4.94 0.000248188
4.95 7.51057e-05
4.96 -0.00014372
4.97 -0.000301802
4.98 -0.000326992
4.99 -0.000217368
5 -4.00501e-05
5.01 0.000109913
5.02 0.000167161
5.03 0.000130218
5.04 4.9816e-05
5.05 -1.39394e-05
5.06 -3.03131e-05
5.07 -8.64774e-06
5.08 1.80465e-05
5.09 2.06496e-05
5.1 -5.85148e-06
5.11 -4.12814e-05
5.12 -5.60135e-05
5.13 -3.09763e-05
5.14 3.00046e-05
5.15 0.000101774
5.16 0.000152374
5.17 0.000161382
5.18 0.000129808
5.19 7.60995e-05
5.2 2.23859e-05
5.21 -2.00763e-05
5.22 -5.56147e-05
5.23 -9.25604e-05
5.24 -0.00012464
5.25 -0.000128527
5.26 -8.79461e-05
5.27 -2.14496e-05
5.28 2.09597e-05
5.29 -1.67423e-06
5.3 -7.82119e-05
5.31 -0.000144291
5.32 -0.000132488
5.33 -3.28137e-05
5.34 9.26724e-05
5.35 0.000158143
5.36 0.000125024
5.37 3.46032e-05
5.38 -2.66341e-05
5.39 9.77899e-08
5.4 9.73452e-05
5.41 0.000186148
5.42 0.000187529
5.43 8.09688e-05
5.44 -8.03406e-05
5.45 -0.000204152
5.46 -0.000219036
5.47 -0.000120546
5.48 2.65204e-05
5.49 0.000131034
5.5 0.000133728
5.51 4.12615e-05
5.52 -8.39755e-05
5.53 -0.000166558
5.54 -0.000162263
5.55 -7.88842e-05
5.56 3.20469e-05
5.57 0.00010548
5.58 0.000102172
5.59 3.68248e-05
5.6 -2.70111e-05
5.61 -1.93136e-05
5.62 8.18068e-05
5.63 0.000223132
5.64 0.000303602
5.65 0.000244943
5.66 5.59852e-05
5.67 -0.000162261
5.68 -0.000279938
5.69 -0.000225414
5.7 -3.53027e-05
5.71 0.000164643
5.72 0.000236077
5.73 0.000116918
5.74 -0.000133698
5.75 -0.000367468
5.76 -0.000437925
5.77 -0.000292083
5.78 -6.92159e-06
5.79 0.000251108
5.8 0.000324038
5.81 0.000163758
5.82 -0.000128093
5.83 -0.000355534
5.84 -0.000350218
5.85 -8.34946e-05
5.86 0.000305072
5.87 0.000586965
5.88 0.000587263
5.89 0.000297405
5.9 -0.000118215
5.91 -0.000424444
5.92 -0.000455879
5.93 -0.000210128
5.94 0.000150079
5.95 0.00038423
5.96 0.000312562
5.97 -6.61248e-05
5.98 -0.000554441
5.99 -0.000861304
6 -0.000774501
6.01 -0.000296214
6.02 0.000343275
6.03 0.000811204
6.04 0.000869674
6.05 0.00052134
6.06 8.01588e-06
6.07 -0.000340299
6.08 -0.000308709
6.09 7.21306e-05
6.1 0.000544203
6.11 0.000778358
6.12 0.000574771
6.13 -1.02122e-05
6.14 -0.000686749
6.15 -0.00109795
6.16 -0.00103754
6.17 -0.000581938
6.18 -4.27604e-05
6.19 0.0002368
6.2 0.000107341
6.21 -0.000291384
6.22 -0.000623548
6.23 -0.000572966
6.24 -4.76451e-05
6.25 0.000747757
6.26 0.00141509
6.27 0.00158628
6.28 0.0011394
6.29 0.000284503
6.3 -0.000542135
6.31 -0.000926616
6.32 -0.000716541
6.33 -0.000102269
6.34 0.000505591
6.35 0.000723367
6.36 0.000415771
6.37 -0.000236481
6.38 -0.000856435
6.39 -0.0011004
6.4 -0.000855774
6.41 -0.000290828
6.42 0.000266108
6.43 0.000530327
6.44 0.000413064
6.45 4.22735e-05
6.46 -0.000332184
6.47 -0.000475115
6.48 -0.000276919
6.49 0.000195144
6.5 0.000721258
6.51 0.00103011
6.52 0.00094125
6.53 0.000474183
6.54 -0.00014856
6.55 -0.000619654
6.56 -0.000721987
6.57 -0.000453441
6.58 -2.1964e-05
6.59 0.000284814
6.6 0.000269878
6.61 -6.4721e-05
6.62 -0.000523815
6.63 -0.000826304
6.64 -0.000756499
6.65 -0.000287666
6.66 0.00038564
6.67 0.000936016
6.68 0.00108058
6.69 0.000751775
6.7 0.000149637
6.71 -0.000373152
6.72 -0.000527275
6.73 -0.000262089
6.74 0.000212295
6.75 0.000563063
6.76 0.000540763
6.77 0.000127541
6.78 -0.000458106
6.79 -0.000897065
6.8 -0.000955769
6.81 -0.000609064
6.82 -3.89887e-05
6.83 0.000472844
6.84 0.000692775
6.85 0.000550464
6.86 0.000171455
6.87 -0.000190403
6.88 -0.0002942
6.89 -5.57579e-05
6.9 0.000390623
6.91 0.000759339
6.92 0.000781688
6.93 0.000378575
6.94 -0.00027286
6.95 -0.000830295
6.96 -0.000986536
6.97 -0.000656949
6.98 -3.58447e-05
6.99 0.000516036
7 0.000685849
7.01 0.000394759
7.02 -0.000157972
7.03 -0.000621454
7.04 -0.000710733
7.05 -0.000375335
7.06 0.000184337
7.07 0.000648933
7.08 0.000767049
7.09 0.000491331
7.1 1.70892e-06
7.11 -0.000393611
7.12 -0.00043646
7.13 -8.39194e-05
7.14 0.000446547
7.15 0.00079818
7.16 0.000694775
7.17 0.00011926
7.18 -0.000661657
7.19 -0.00124008
7.2 -0.00129141
7.21 -0.000754515
7.22 0.000123454
7.23 0.000907393
7.24 0.00120587
7.25 0.00088705
7.26 0.000154711
7.27 -0.000564078
7.28 -0.000859942
7.29 -0.000574992
7.3 0.000103013
7.31 0.000745337
7.32 0.000936295
7.33 0.00053221
7.34 -0.000237796
7.35 -0.00090457
7.36 -0.00105012
7.37 -0.000573389
7.38 0.000240606
7.39 0.000895527
7.4 0.000993459
7.41 0.000484198
7.42 -0.000303984
7.43 -0.00087296
7.44 -0.000868445
7.45 -0.000295302
7.46 0.000498627
7.47 0.00104523
7.48 0.00103284
7.49 0.000471848
7.5 -0.000327642
7.51 -0.000932981
7.52 -0.00102128
7.53 -0.000554886
7.54 0.000188716
7.55 0.000763908
7.56 0.000816403
7.57 0.000304873
7.58 -0.00046321
7.59 -0.00101604
7.6 -0.00100836
7.61 -0.00043625
7.62 0.000356017
7.63 0.000883692
7.64 0.000819774
7.65 0.000199231
7.66 -0.000600696
7.67 -0.00109217
7.68 -0.000970735
7.69 -0.000287152
7.7 0.000597402
7.71 0.00122697
7.72 0.00129965
7.73 0.000815329
7.74 5.97131e-05
7.75 -0.000555141
7.76 -0.000712756
7.77 -0.000363664
7.78 0.000249658
7.79 0.000735998
7.8 0.000785078
7.81 0.000344467
7.82 -0.000355635
7.83 -0.000933979
7.84 -0.00107125
7.85 -0.000692808
7.86 -1.72106e-05
7.87 0.000572139
7.88 0.000753768
7.89 0.000456859
7.9 -0.000103569
7.91 -0.000567804
7.92 -0.000647972
7.93 -0.000288918
7.94 0.000305854
7.95 0.000791258
7.96 0.000878027
7.97 0.000502617
7.98 -0.000130006
7.99 -0.000663533
8 -0.000803292
8.01 -0.000495646
8.02 3.89971e-05
8.03 0.000443441
8.04 0.000449942
8.05 5.5931e-05
8.06 -0.000465787
8.07 -0.000738011
8.08 -0.000526616
8.09 9.80872e-05
8.1 0.000794858
8.11 0.001158
8.12 0.000964937
8.13 0.000315093
8.14 -0.0004217
8.15 -0.000821726
8.16 -0.000666201
8.17 -8.30892e-05
8.18 0.000527053
8.19 0.000744063
8.2 0.000398797
8.21 -0.000315038
8.22 -0.000958231
8.23 -0.00111656
8.24 -0.000657185
8.25 0.000185525
8.26 0.000946596
8.27 0.00120556
8.28 0.000835159
8.29 7.70091e-05
8.3 -0.000602517
8.31 -0.000793507
8.32 -0.000391001
8.33 0.000341914
8.34 0.000934707
8.35 0.0009941
8.36 0.000440322
8.37 -0.000443258
8.38 -0.00117243
8.39 -0.00134072
8.4 -0.000855202
8.41 3.48047e-06
8.42 0.000741217
8.43 0.000941832
8.44 0.000510588
8.45 -0.000275123
8.46 -0.000931648
8.47 -0.00104944
8.48 -0.000527652
8.49 0.000366379
8.5 0.00114755
8.51 0.00139089
8.52 0.000977817
8.53 0.000164629
8.54 -0.000571218
8.55 -0.000816371
8.56 -0.000464864
8.57 0.000226
8.58 0.000797267
8.59 0.000869661
8.6 0.000376008
8.61 -0.00039891
8.62 -0.000999829
8.63 -0.00108729
8.64 -0.000639987
8.65 5.28998e-05
8.66 0.00058838
8.67 0.00069605
8.68 0.000381834
8.69 -0.000101839
8.7 -0.000422808
8.71 -0.000366788
8.72 4.30837e-05
8.73 0.000565334
8.74 0.000885164
8.75 0.000801322
8.76 0.000344257
8.77 -0.000242963
8.78 -0.000647577
8.79 -0.000669758
8.8 -0.000337312
8.81 0.000117928
8.82 0.000407293
8.83 0.000360149
8.84 1.63418e-05
8.85 -0.000413166
8.86 -0.000678684
8.87 -0.00063053
8.88 -0.000289541
8.89 0.000174399
8.9 0.000531409
8.91 0.000605998
8.92 0.000369887
8.93 -3.47246e-05
8.94 -0.000366383
8.95 -0.000420706
8.96 -0.000154319
8.97 0.000280865
8.98 0.000619324
8.99 0.000635473
9 0.000280331
9.01 -0.000280584
9.02 -0.000756326
9.03 -0.000897639
9.04 -0.000640975
9.05 -0.00014217
9.06 0.000316679
9.07 0.000487779
9.08 0.000293288
9.09 -0.000135806
9.1 -0.000533778
9.11 -0.000645282
9.12 -0.000368231
9.13 0.00017971
9.14 0.000716379
9.15 0.000952438
9.16 0.000760711
9.17 0.000251503
9.18 -0.000293686
9.19 -0.000586926
9.2 -0.000494585
9.21 -0.000101267
9.22 0.000351233
9.23 0.000605955
9.24 0.000530522
9.25 0.000179209
9.26 -0.000251638
9.27 -0.000540788
9.28 -0.000558233
9.29 -0.000319571
9.3 3.46734e-05
9.31 0.000311645
9.32 0.000360625
9.33 0.000157417
9.34 -0.000166517
9.35 -0.000386852
9.36 -0.000323255
9.37 3.07707e-05
9.38 0.000479976
9.39 0.000736326
9.4 0.000601619
9.41 0.000101133
9.42 -0.000522238
9.43 -0.000946027
9.44 -0.000947756
9.45 -0.00052366
9.46 0.00010805
9.47 0.000615218
9.48 0.000722048
9.49 0.000362614
9.5 -0.000267289
9.51 -0.000803694
9.52 -0.000915189
9.53 -0.000501159
9.54 0.000233229
9.55 0.000882921
9.56 0.00107872
9.57 0.000714471
9.58 2.16669e-05
9.59 -0.000568005
9.6 -0.000689322
9.61 -0.0002777
9.62 0.000382271
9.63 0.000839443
9.64 0.000767868
9.65 0.000173898
9.66 -0.000606792
9.67 -0.00111023
9.68 -0.00101934
9.69 -0.000357492
9.7 0.00051164
9.71 0.00108875
9.72 0.00103652
9.73 0.000389732
9.74 -0.000461029
9.75 -0.00100915
9.76 -0.000942544
9.77 -0.000327244
9.78 0.00044606
9.79 0.000910108
9.8 0.000804483
9.81 0.000223323
9.82 -0.000455505
9.83 -0.000811338
9.84 -0.000640799
9.85 -7.55126e-05
9.86 0.000511633
9.87 0.000745575
9.88 0.000479579
9.89 -0.000121289
9.9 -0.000684348
9.91 -0.000852108
9.92 -0.00049556
9.93 0.000201532
9.94 0.000842553
9.95 0.00105391
9.96 0.000715956
9.97 3.83612e-05
9.98 -0.000574426
9.99 -0.000778506
10 -0.000494812
10.01 6.38193e-05
10.02 0.000540407
10.03 0.000650959
10.04 0.000344224
10.05 -0.000178749
10.06 -0.000592135
10.07 -0.000645146
10.08 -0.000313398
10.09 0.000192437
10.1 0.000563562
10.11 0.000582431
10.12 0.000245644
10.13 -0.000243986
10.14 -0.00059996
10.15 -0.000614072
10.16 -0.000268334
10.17 0.000259974
10.18 0.000696027
10.19 0.000810491
10.2 0.000535891
10.21 2.85513e-06
10.22 -0.00052544
10.23 -0.00079315
10.24 -0.00069331
10.25 -0.000325155
10.26 7.3657e-05
10.27 0.000275687
10.28 0.000196301
10.29 -6.95053e-05
10.3 -0.000320061
10.31 -0.000375887
10.32 -0.000182222
10.33 0.000171426
10.34 0.000512354
10.35 0.000677411
10.36 0.000587188
10.37 0.000278789
10.38 -0.00010725
10.39 -0.000385589
10.4 -0.000416002
10.41 -0.000185064
10.42 0.000171581
10.43 0.000434663
10.44 0.000428958
10.45 0.000137989
10.46 -0.000274316
10.47 -0.000560403
10.48 -0.000546296
10.49 -0.000243991
10.5 0.000157543
10.51 0.000415008
10.52 0.000381766
10.53 8.98617e-05
10.54 -0.000278842
10.55 -0.000503194
10.56 -0.000446844
10.57 -0.000131247
10.58 0.000277394
10.59 0.000560164
10.6 0.000566274
10.61 0.000295685
10.62 -9.89751e-05
10.63 -0.000390812
10.64 -0.000401069
10.65 -0.000105808
10.66 0.000335548
10.67 0.00066072
10.68 0.000659993
10.69 0.00031135
10.7 -0.000198948
10.71 -0.000586746
10.72 -0.000636062
10.73 -0.000318491
10.74 0.000192416
10.75 0.000610853
10.76 0.000690745
10.77 0.000369891
10.78 -0.000176192
10.79 -0.000620496
10.8 -0.000675168
10.81 -0.000272177
10.82 0.00038255
10.83 0.00091987
10.84 0.00101887
10.85 0.000596205
10.86 -0.000136759
10.87 -0.000787794
10.88 -0.0010082
10.89 -0.000696314
10.9 -5.5641e-05
10.91 0.000531279
10.92 0.000737086
10.93 0.000483901
10.94 -2.34503e-05
10.95 -0.000438297
10.96 -0.00048906
10.97 -0.000136712
10.98 0.000413131
10.99 0.000839346
11 0.000895173
11.01 0.000550119
11.02 4.4157e-06
11.03 -0.000431921
11.04 -0.000523623
11.05 -0.000248431
11.06 0.0001943
11.07 0.000510116
11.08 0.000491675
11.09 0.000143723
11.1 -0.000323825
11.11 -0.000627306
11.12 -0.000583418
11.13 -0.000220799
11.14 0.000238234
11.15 0.000515149
11.16 0.000447169
11.17 8.85062e-05
11.18 -0.000319891
11.19 -0.000496455
11.2 -0.000297048
11.21 0.000184337
11.22 0.000661094
11.23 0.000824083
11.24 0.000535325
11.25 -7.32742e-05
11.26 -0.000664554
11.27 -0.000895922
11.28 -0.000636027
11.29 -5.75998e-05
11.3 0.000463158
11.31 0.00058471
11.32 0.000224513
11.33 -0.000379818
11.34 -0.000820858
11.35 -0.000790516
11.36 -0.000288324
11.37 0.000375461
11.38 0.00078855
11.39 0.000713765
11.4 0.000240691
11.41 -0.000288679
11.42 -0.00051965
11.43 -0.000320161
11.44 0.000145115
11.45 0.0005408
11.46 0.000588779
11.47 0.000241824
11.48 -0.000300157
11.49 -0.000724797
11.5 -0.000799058
11.51 -0.000502927
11.52 -3.20458e-05
11.53 0.000326805
11.54 0.00036954
11.55 9.12555e-05
11.56 -0.000322823
11.57 -0.000618567
11.58 -0.000624875
11.59 -0.000345076
11.6 5.7477e-05
11.61 0.000362296
11.62 0.000421258
11.63 0.000240286
11.64 -3.53511e-05
11.65 -0.000220368
11.66 -0.000205423
11.67 -1.8379e-05
11.68 0.000198025
11.69 0.000275754
11.7 0.000131985
11.71 -0.000164435
11.72 -0.000424437
11.73 -0.000462095
11.74 -0.00022855
11.75 0.000144344
11.76 0.000425431
11.77 0.000432734
11.78 0.000150055
11.79 -0.000259653
11.8 -0.000551072
11.81 -0.000545424
11.82 -0.000241876
11.83 0.000177873
11.84 0.000459033
11.85 0.000433504
11.86 0.000130257
11.87 -0.000238016
11.88 -0.000409766
11.89 -0.000246717
11.9 0.000170395
11.91 0.000587739
11.92 0.000737259
11.93 0.000506164
11.94 9.85771e-06
11.95 -0.00047625
11.96 -0.000681857
11.97 -0.000503332
11.98 -6.37988e-05
11.99 0.00036363
12 0.000518456
12.01 0.000305055
12.02 -0.00014776
12.03 -0.000555783
12.04 -0.000646791
12.05 -0.000329896
12.06 0.000242838
12.07 0.000764373
12.08 0.000951046
12.09 0.000700525
12.1 0.000143526
12.11 -0.000429884
12.12 -0.000724216
12.13 -0.00059401
12.14 -0.000125342
12.15 0.000402161
12.16 0.000665531
12.17 0.000488239
12.18 -4.20154e-05
12.19 -0.000610885
12.2 -0.000860553
12.21 -0.000611179
12.22 1.79884e-05
12.23 0.000669458
12.24 0.000960119
12.25 0.000717463
12.26 9.23267e-05
12.27 -0.000523266
12.28 -0.000726331
12.29 -0.000348149
12.3 0.000428549
12.31 0.00115733
12.32 0.0013852
12.33 0.000937197
12.34 4.85497e-05
12.35 -0.000761119
12.36 -0.00101039
12.37 -0.000567008
12.38 0.00026574
12.39 0.000945933
12.4 0.00103691
12.41 0.000473706
12.42 -0.000406381
12.43 -0.00107491
12.44 -0.00113058
12.45 -0.000537262
12.46 0.000353737
12.47 0.00101259
12.48 0.00105037
12.49 0.00045393
12.5 -0.000410516
12.51 -0.00102377
12.52 -0.00102298
12.53 -0.000406843
12.54 0.000472381
12.55 0.00111397
12.56 0.00115258
12.57 0.000565672
12.58 -0.000310065
12.59 -0.000967739
12.6 -0.00102488
12.61 -0.00045499
12.62 0.000388702
12.63 0.000983802
12.64 0.00095865
12.65 0.00032046
12.66 -0.000552282
12.67 -0.00114678
12.68 -0.0011298
12.69 -0.000539403
12.7 0.000258969
12.71 0.000808735
12.72 0.000830912
12.73 0.000365508
12.74 -0.000277877
12.75 -0.000711102
12.76 -0.000685492
12.77 -0.000223004
12.78 0.000403365
12.79 0.000827529
12.8 0.000798461
12.81 0.000321196
12.82 -0.000346658
12.83 -0.000839207
12.84 -0.000887699
12.85 -0.000473009
12.86 0.000163239
12.87 0.000658314
12.88 0.000738059
12.89 0.000374422
12.9 -0.000200202
12.91 -0.000631324
12.92 -0.000652942
12.93 -0.000244514
12.94 0.000359638
12.95 0.000812042
12.96 0.000855386
12.97 0.000465027
12.98 -0.000146156
12.99 -0.000652841
13 -0.000795707
13.01 -0.000518134
13.02 6.75718e-06
13.03 0.000473987
13.04 0.000620413
13.05 0.000378754
13.06 -7.9291e-05
13.07 -0.000442801
13.08 -0.00044971
13.09 -5.01344e-05
13.1 0.000556626
13.11 0.00103714
13.12 0.00112215
13.13 0.000769026
13.14 0.000190558
13.15 -0.000270927
13.16 -0.000350249
13.17 -1.74353e-05
13.18 0.000511833
13.19 0.000909157
13.2 0.000924904
13.21 0.000529855
13.22 -6.99098e-05
13.23 -0.00055057
13.24 -0.000656808
13.25 -0.000350231
13.26 0.0001724
13.27 0.000604675
13.28 0.000718782
13.29 0.000494865
13.3 0.000113537
13.31 -0.000171051
13.32 -0.000186222
13.33 6.97793e-05
13.34 0.000439581
13.35 0.000697763
13.36 0.000676018
13.37 0.000364686
13.38 -7.17012e-05
13.39 -0.00038987
13.4 -0.000421129
13.41 -0.000176253
13.42 0.000172024
13.43 0.000408041
13.44 0.000403242
13.45 0.000178979
13.46 -0.000117126
13.47 -0.000298967
13.48 -0.000251956
13.49 -5.67915e-06
13.5 0.000283352
13.51 0.000435182
13.52 0.000364921
13.53 0.000129649
13.54 -0.000123714
13.55 -0.00025655
13.56 -0.000209827
13.57 -2.07085e-05
13.58 0.000202694
13.59 0.000332818
13.6 0.000288673
13.61 8.74412e-05
13.62 -0.000157904
13.63 -0.000304108
13.64 -0.000266158
13.65 -7.01034e-05
13.66 0.000162807
13.67 0.000288779
13.68 0.00022476
13.69 -5.98016e-06
13.7 -0.000287267
13.71 -0.000470954
13.72 -0.000454087
13.73 -0.000235196
13.74 8.04817e-05
13.75 0.000333024
13.76 0.000391019
13.77 0.000220303
13.78 -9.87745e-05
13.79 -0.000411844
13.8 -0.000564526
13.81 -0.000474052
13.82 -0.00017188
13.83 0.000197459
13.84 0.000431137
13.85 0.000370864
13.86 8.82393e-06
13.87 -0.00048167
13.88 -0.000835879
13.89 -0.000861711
13.9 -0.000563546
13.91 -0.000135037
13.92 0.00016926
13.93 0.00018914
13.94 -5.70071e-05
13.95 -0.00039475
13.96 -0.00059551
13.97 -0.00050292
13.98 -0.000122102
13.99 0.000380236
14 0.000772073
14.01 0.000888974
14.02 0.000715549
14.03 0.00037238
14.04 3.80683e-05
14.05 -0.000137092
14.06 -9.52151e-05
14.07 0.000100507
14.08 0.000293113
14.09 0.000320668
14.1 0.000124506
14.11 -0.000196822
14.12 -0.00043869
14.13 -0.000427055
14.14 -0.000148048
14.15 0.000232194
14.16 0.000480722
14.17 0.000460409
14.18 0.000220555
14.19 -4.34275e-05
14.2 -0.00012233
14.21 7.07856e-05
14.22 0.000439114
14.23 0.000754331
14.24 0.000801832
14.25 0.000529766
14.26 9.14687e-05
14.27 -0.000258588
14.28 -0.000337897
14.29 -0.000145091
14.3 0.000165826
14.31 0.000404845
14.32 0.000460367
14.33 0.000340681
14.34 0.00014198
14.35 -1.72946e-05
14.36 -5.74579e-05
14.37 2.74533e-05
14.38 0.000171039
14.39 0.000273305
14.4 0.000259891
14.41 0.000128332
14.42 -4.72668e-05
14.43 -0.000156848
14.44 -0.000118238
14.45 7.08627e-05
14.46 0.000322554
14.47 0.000498818
14.48 0.000485006
14.49 0.00025902
14.5 -8.6377e-05
14.51 -0.000388916
14.52 -0.000507738
14.53 -0.000403918
14.54 -0.000157544
14.55 9.04327e-05
14.56 0.000231142
14.57 0.000250068
14.58 0.000216675
14.59 0.000215561
14.6 0.000276375
14.61 0.000356014
14.62 0.000380341
14.63 0.000305206
14.64 0.000149144
14.65 -1.96213e-05
14.66 -0.000126248
14.67 -0.000134387
14.68 -6.62695e-05
14.69 1.87487e-05
14.7 7.25048e-05
14.71 8.82644e-05
14.72 8.44845e-05
14.73 6.87808e-05
14.74 3.25658e-05
14.75 -1.71908e-05
14.76 -3.76176e-05
14.77 1.90624e-05
14.78 0.000147813
14.79 0.000271881
14.8 0.000294034
14.81 0.000178085
14.82 -1.07415e-05
14.83 -0.000144748
14.84 -0.000128284
14.85 2.20141e-05
14.86 0.000178494
14.87 0.000193565
14.88 1.83208e-05
14.89 -0.000241968
14.9 -0.000390436
14.91 -0.000287516
14.92 2.59618e-05
14.93 0.000339546
14.94 0.000424293
14.95 0.000210407
14.96 -0.000155856
14.97 -0.000428158
14.98 -0.000451891
14.99 -0.000271165
15 -7.27351e-05
15.01 -2.85999e-05
15.02 -0.000167441
15.03 -0.000361639
15.04 -0.000424551
15.05 -0.00024698
15.06 0.000116476
15.07 0.000470196
15.08 0.000600985
15.09 0.00042455
15.1 5.11446e-05
15.11 -0.000281825
15.12 -0.000361757
15.13 -0.000128759
15.14 0.000298555
15.15 0.000699117
15.16 0.000872017
15.17 0.000741165
15.18 0.000391768
15.19 1.73054e-05
15.2 -0.000193736
15.21 -0.00016031
15.22 5.41108e-05
15.23 0.000281405
15.24 0.000343858
15.25 0.000159311
15.26 -0.000199377
15.27 -0.000536672
15.28 -0.000654867
15.29 -0.000489211
15.3 -0.000160535
15.31 9.64358e-05
15.32 8.14687e-05
15.33 -0.000242315
15.34 -0.000716223
15.35 -0.00106936
15.36 -0.00107594
15.37 -0.000700554
15.38 -0.00013731
15.39 0.000299088
15.4 0.000375897
15.41 0.000107257
15.42 -0.000243669
15.43 -0.000345459
15.44 -3.97252e-05
15.45 0.000539184
15.46 0.00105858
15.47 0.00122072
15.48 0.000961963
15.49 0.000484124
15.5 0.000107201
15.51 4.93181e-05
15.52 0.000285326
15.53 0.00058134
15.54 0.000677771
15.55 0.000479586
15.56 0.000108788
15.57 -0.000205927
15.58 -0.000295766
15.59 -0.000142459
15.6 0.0001483
15.61 0.000429612
15.62 0.00057942
15.63 0.000533738
15.64 0.000308148
15.65 9.5314e-06
15.66 -0.000192727
15.67 -0.00015396
15.68 0.000136455
15.69 0.000506111
15.7 0.000676677
15.71 0.000444033
15.72 -0.000155399
15.73 -0.000824583
15.74 -0.00117544
15.75 -0.000991635
15.76 -0.000397157
15.77 0.000211672
15.78 0.000441984
15.79 0.000187808
15.8 -0.000300291
15.81 -0.000616196
15.82 -0.000507739
15.83 -5.29044e-05
15.84 0.000416647
15.85 0.000563957
15.86 0.000276011
15.87 -0.000274116
15.88 -0.000750682
15.89 -0.000870166
15.9 -0.000573396
15.91 -5.40719e-05
15.92 0.000370244
15.93 0.000459562
15.94 0.000193497
15.95 -0.000233085
15.96 -0.000542266
15.97 -0.000534043
15.98 -0.000184658
15.99 0.000346286
16 0.000789026
16.01 0.000895565
16.02 0.000585885
16.03 2.85628e-05
16.04 -0.000424403
16.05 -0.000444944
16.06 4.04137e-05
16.07 0.000768398
16.08 0.00129128
16.09 0.00126599
16.1 0.000671633
16.11 -0.000190025
16.12 -0.000888305
16.13 -0.00110617
16.14 -0.000795219
16.15 -0.000189834
16.16 0.000310333
16.17 0.000346212
16.18 -0.000189359
16.19 -0.00105187
16.2 -0.00174546
16.21 -0.00180372
16.22 -0.00109108
16.23 7.3897e-05
16.24 0.00108103
16.25 0.00138417
16.26 0.00081792
16.27 -0.000300251
16.28 -0.00132429
16.29 -0.00161966
16.3 -0.000938423
16.31 0.000375483
16.32 0.00152731
16.33 0.00174425
16.34 0.000800706
16.35 -0.00077526
16.36 -0.00200611
16.37 -0.00210018
16.38 -0.000971245
16.39 0.000707513
16.4 0.00192786
16.41 0.00196351
16.42 0.000801625
16.43 -0.000850227
16.44 -0.00197396
16.45 -0.00184273
16.46 -0.000474165
16.47 0.00134932
16.48 0.00253912
16.49 0.00236183
16.5 0.000889319
16.51 -0.00104615
16.52 -0.0023543
16.53 -0.00232369
16.54 -0.00101085
16.55 0.000822243
16.56 0.00215178
16.57 0.00225944
16.58 0.00112168
16.59 -0.000590033
16.6 -0.00190003
16.61 -0.00208837
16.62 -0.00109291
16.63 0.000480766
16.64 0.00173211
16.65 0.00198512
16.66 0.00115154
16.67 -0.000252137
16.68 -0.00141509
16.69 -0.00168633
16.7 -0.000932875
16.71 0.000384118
16.72 0.00145942
16.73 0.00159521
16.74 0.000616485
16.75 -0.000986555
16.76 -0.00230012
16.77 -0.00251199
16.78 -0.00142713
16.79 0.000370982
16.8 0.0018502
16.81 0.00216038
16.82 0.0011628
16.83 -0.000492923
16.84 -0.00177897
16.85 -0.00190218
16.86 -0.000747129
16.87 0.00108368
16.88 0.00262153
16.89 0.00307476
16.9 0.0022073
16.91 0.000467391
16.92 -0.00123385
16.93 -0.00204435
16.94 -0.00162509
16.95 -0.0003175
16.96 0.00106271
16.97 0.00170556
16.98 0.00127033
16.99 7.01977e-05
17 -0.00112213
17.01 -0.00154
17.02 -0.000885571
17.03 0.000500534
17.04 0.00186311
17.05 0.00247698
17.06 0.00203323
17.07 0.000780819
17.08 -0.000615734
17.09 -0.00142056
17.1 -0.00122543
17.11 -0.000197054
17.12 0.00100951
17.13 0.00163508
17.14 0.00125939
17.15 4.44399e-05
17.16 -0.00135189
17.17 -0.00214549
17.18 -0.0018837
17.19 -0.000727509
17.2 0.000628079
17.21 0.00136739
17.22 0.0010533
17.23 -9.84379e-05
17.24 -0.00134554
17.25 -0.00188438
17.26 -0.00135687
17.27 -6.11242e-05
17.28 0.00125421
17.29 0.00183702
17.3 0.00134067
17.31 -5.42848e-07
17.32 -0.00149607
17.33 -0.00236667
17.34 -0.00217481
17.35 -0.0010752
17.36 0.000273731
17.37 0.00109753
17.38 0.000955213
17.39 -1.66783e-05
17.4 -0.00119176
17.41 -0.00182517
17.42 -0.00149662
17.43 -0.000353924
17.44 0.000991196
17.45 0.00182849
17.46 0.00173982
17.47 0.000807537
17.48 -0.000449629
17.49 -0.00135979
17.5 -0.00145626
17.51 -0.000725594
17.52 0.00039938
17.53 0.00128851
17.54 0.00144553
17.55 0.000750227
17.56 -0.000480499
17.57 -0.00162862
17.58 -0.00207509
17.59 -0.00154405
17.6 -0.000294509
17.61 0.000995254
17.62 0.00161587
17.63 0.00125505
17.64 0.000190454
17.65 -0.000884956
17.66 -0.00129632
17.67 -0.000798365
17.68 0.000297972
17.69 0.00134322
17.7 0.0017384
17.71 0.00126169
17.72 0.000176804
17.73 -0.000919106
17.74 -0.0014262
17.75 -0.00107291
17.76 -6.05726e-05
17.77 0.00105996
17.78 0.00168761
17.79 0.00147602
17.8 0.000505306
17.81 -0.000755264
17.82 -0.00167691
17.83 -0.00179421
17.84 -0.00106121
17.85 0.000107462
17.86 0.00105772
17.87 0.00125968
17.88 0.000606075
17.89 -0.000518007
17.9 -0.00144234
17.91 -0.00159774
17.92 -0.000858359
17.93 0.000378083
17.94 0.00142173
17.95 0.00167863
17.96 0.000975292
17.97 -0.000335424
17.98 -0.00153828
17.99 -0.00194284
18 -0.00130642
18.01 -1.66024e-05
18.02 0.00112944
18.03 0.00142146
18.04 0.000681941
18.05 -0.000618376
18.06 -0.00164499
18.07 -0.00171311
18.08 -0.000706569
18.09 0.000860073
18.1 0.00214693
18.11 0.00245674
18.12 0.00161698
18.13 8.64902e-05
18.14 -0.00128162
18.15 -0.00171857
18.16 -0.000998187
18.17 0.000418481
18.18 0.00166399
18.19 0.00199497
18.2 0.00124667
18.21 -6.33112e-05
18.22 -0.00105758
18.23 -0.00106066
18.24 -3.62779e-05
18.25 0.00140306
18.26 0.00239718
18.27 0.00236698
18.28 0.00135647
18.29 -6.53783e-06
18.3 -0.000905738
18.31 -0.00082613
18.32 0.000143691
18.33 0.00138305
18.34 0.00213801
18.35 0.00196239
18.36 0.000940897
18.37 -0.000394386
18.38 -0.00136576
18.39 -0.0015109
18.4 -0.000833214
18.41 0.000199414
18.42 0.000923874
18.43 0.000870442
18.44 4.52105e-05
18.45 -0.00106222
18.46 -0.00176993
18.47 -0.00162289
18.48 -0.000668799
18.49 0.000578939
18.5 0.00144572
18.51 0.00146721
18.52 0.000626897
18.53 -0.000643526
18.54 -0.00169011
18.55 -0.00198606
18.56 -0.00142495
18.57 -0.00038326
18.58 0.00049047
18.59 0.000647748
18.6 -4.70767e-05
18.61 -0.00122749
18.62 -0.00220942
18.63 -0.00238582
18.64 -0.00161265
18.65 -0.000330498
18.66 0.000687633
18.67 0.000812382
18.68 -4.88069e-05
18.69 -0.001375
18.7 -0.00232927
18.71 -0.00226358
18.72 -0.00111347
18.73 0.000556696
18.74 0.00187136
18.75 0.00212821
18.76 0.00119439
18.77 -0.000389957
18.78 -0.00168373
18.79 -0.00189233
18.8 -0.000872246
18.81 0.000762716
18.82 0.00201074
18.83 0.00207456
18.84 0.000826849
18.85 -0.0010964
18.86 -0.00262797
18.87 -0.0028797
18.88 -0.00166425
18.89 0.000391471
18.9 0.00218061
18.91 0.00271564
18.92 0.00167801
18.93 -0.000383686
18.94 -0.0023222
18.95 -0.00300893
18.96 -0.00198331
18.97 0.00025598
18.98 0.00250648
18.99 0.00354535
19 0.00279663
19.01 0.000701941
19.02 -0.0014938
19.03 -0.00249579
19.04 -0.00170304
19.05 0.000470506
19.06 0.00285247
19.07 0.00418092
19.08 0.00371367
19.09 0.00159867
19.1 -0.00114231
19.11 -0.00309942
19.12 -0.00325481
19.13 -0.00162221
19.14 0.000748664
19.15 0.00243014
19.16 0.00246949
19.17 0.000910317
19.18 -0.00126885
19.19 -0.00272824
19.2 -0.00255115
19.21 -0.000785827
19.22 0.00160834
19.23 0.00332465
19.24 0.00340683
19.25 0.00175098
19.26 -0.000817066
19.27 -0.00292826
19.28 -0.00340014
19.29 -0.00193864
19.3 0.000686544
19.31 0.00309933
19.32 0.00404491
19.33 0.00299323
19.34 0.000393369
19.35 -0.00250699
19.36 -0.00427989
19.37 -0.00406066
19.38 -0.00199852
19.39 0.000824851
19.4 0.00296838
19.41 0.00337349
19.42 0.00188374
19.43 -0.000727276
19.44 -0.003175
19.45 -0.00428631
19.46 -0.00350642
19.47 -0.00119088
19.48 0.00154728
19.49 0.00340644
19.5 0.00349684
19.51 0.00177347
19.52 -0.000895719
19.53 -0.00311506
19.54 -0.0036587
19.55 -0.0021509
19.56 0.000685573
19.57 0.00338775
19.58 0.00455806
19.59 0.00362859
19.6 0.00111031
19.61 -0.00173178
19.62 -0.00352942
19.63 -0.00347736
19.64 -0.00169715
19.65 0.000885717
19.66 0.00302705
19.67 0.00373692
19.68 0.00271912
19.69 0.000508098
19.7 -0.00178739
19.71 -0.00303149
19.72 -0.00264245
19.73 -0.000892734
19.74 0.00127346
19.75 0.00275544
19.76 0.0028287
19.77 0.00147695
19.78 -0.00061051
19.79 -0.00236326
19.8 -0.00287739
19.81 -0.00192906
19.82 -0.000108327
19.83 0.00154546
19.84 0.00213841
19.85 0.00138342
19.86 -0.000277846
19.87 -0.00192442
19.88 -0.00266086
19.89 -0.00210945
19.9 -0.000596735
19.91 0.00106688
19.92 0.00203381
19.93 0.0018404
19.94 0.000629843
19.95 -0.0009363
19.96 -0.00202448
19.97 -0.00206104
19.98 -0.00103059
19.99 0.000536917
20 0.0018469
20.01 0.00222317
20.02 0.00144553
20.03 -0.000106174
20.04 -0.00160609
20.05 -0.00220618
20.06 -0.00152571
20.07 9.93316e-05
20.08 0.00181458
20.09 0.00274149
20.1 0.00244027
20.11 0.00110761
20.12 -0.000587616
20.13 -0.00186866
20.14 -0.00220207
20.15 -0.00150263
20.16 -0.000126791
20.17 0.00131577
20.18 0.00220748
20.19 0.00215361
20.2 0.00117183
20.21 -0.000278961
20.22 -0.00148967
20.23 -0.00185861
20.24 -0.0012287
20.25 3.29973e-05
20.26 0.00127554
20.27 0.00191568
20.28 0.00168686
20.29 0.000724338
20.3 -0.000524977
20.31 -0.00149127
20.32 -0.00170668
20.33 -0.00101676
20.34 0.000329784
20.35 0.0017658
20.36 0.00264101
20.37 0.00252769
20.38 0.00144866
20.39 -0.000114174
20.4 -0.00144055
20.41 -0.00191543
20.42 -0.00134593
20.43 -8.55492e-05
20.44 0.00114811
20.45 0.00165027
20.46 0.00109291
20.47 -0.000292104
20.48 -0.00180202
20.49 -0.00261902
20.5 -0.00226621
20.51 -0.000884729
20.52 0.000847384
20.53 0.00208107
20.54 0.00222736
20.55 0.00124929
20.56 -0.000332301
20.57 -0.00169599
20.58 -0.00212226
20.59 -0.00135661
20.6 0.000272845
20.61 0.00202438
20.62 0.00306766
20.63 0.00284303
20.64 0.00136379
20.65 -0.00070451
20.66 -0.00229431
20.67 -0.00249673
20.68 -0.00115638
20.69 0.000954135
20.7 0.00254675
20.71 0.00257509
20.72 0.000880745
20.73 -0.00167978
20.74 -0.0037017
20.75 -0.00403485
20.76 -0.00245468
20.77 0.00021074
20.78 0.00257418
20.79 0.00344052
20.8 0.00239397
20.81 2.93256e-06
20.82 -0.00245528
20.83 -0.00365886
20.84 -0.0029778
20.85 -0.000848147
20.86 0.00150435
20.87 0.00279749
20.88 0.00239146
20.89 0.000575773
20.9 -0.00164887
20.91 -0.00309748
20.92 -0.00297779
20.93 -0.00129632
20.94 0.00111855
20.95 0.00302408
20.96 0.00343264
20.97 0.00219955
20.98 0.000130249
20.99 -0.00151846
21 -0.00181116
21.01 -0.000664458
21.02 0.00119074
21.03 0.00270033
21.04 0.00305574
21.05 0.00206062
21.06 0.000182228
21.07 -0.00168767
21.08 -0.00264063
21.09 -0.00218455
21.1 -0.000516778
21.11 0.00155374
21.12 0.00300052
21.13 0.00309592
21.14 0.00181248
21.15 -0.000150702
21.16 -0.00176655
21.17 -0.00225501
21.18 -0.00147621
21.19 7.14269e-05
21.2 0.00159189
21.21 0.00237607
21.22 0.00205526
21.23 0.000749946
21.24 -0.000936556
21.25 -0.0021531
21.26 -0.00224299
21.27 -0.00115675
21.28 0.000502957
21.29 0.00183929
21.3 0.002151
21.31 0.00127213
21.32 -0.000376863
21.33 -0.00198439
21.34 -0.00273191
21.35 -0.00223567
21.36 -0.000782323
21.37 0.00082374
21.38 0.00171233
21.39 0.00142739
21.4 0.00016559
21.41 -0.0013689
21.42 -0.00237943
21.43 -0.00239235
21.44 -0.0014455
21.45 -5.4246e-07
21.46 0.00131629
21.47 0.00196103
21.48 0.00165018
21.49 0.000513696
21.5 -0.000874646
21.51 -0.00171614
21.52 -0.00144588
21.53 -0.000158052
21.54 0.00140236
21.55 0.00230395
21.56 0.00200084
21.57 0.000634521
21.58 -0.00110756
21.59 -0.00239658
21.6 -0.00266007
21.61 -0.00181822
21.62 -0.00029809
21.63 0.00117923
21.64 0.00193141
21.65 0.00162541
21.66 0.000453138
21.67 -0.000936087
21.68 -0.00173346
21.69 -0.00138548
21.7 7.43569e-05
21.71 0.00201985
21.72 0.00354316
21.73 0.00389978
21.74 0.00289635
21.75 0.0010166
21.76 -0.000808642
21.77 -0.00166341
21.78 -0.00112923
21.79 0.000475886
21.8 0.00227475
21.81 0.0033087
21.82 0.00303857
21.83 0.00161558
21.84 -0.00021379
21.85 -0.00149887
21.86 -0.00158122
21.87 -0.000460681
21.88 0.00120419
21.89 0.00246222
21.9 0.0025861
21.91 0.00147301
21.92 -0.000302999
21.93 -0.00179367
21.94 -0.00217255
21.95 -0.00117892
21.96 0.000747389
21.97 0.00268533
21.98 0.00366692
21.99 0.00315434
22 0.00136016
22.01 -0.000798366
22.02 -0.00214341
22.03 -0.00190476
22.04 -0.000219992
22.05 0.00194022
22.06 0.00335419
22.07 0.00324018
22.08 0.00168895
22.09 -0.000402366
22.1 -0.00182802
22.11 -0.0017482
22.12 -0.00019109
22.13 0.00196266
22.14 0.00348164
22.15 0.0034677
22.16 0.00188136
22.17 -0.000413119
22.18 -0.00212068
22.19 -0.00227048
22.2 -0.00081197
22.21 0.00138762
22.22 0.00311103
22.23 0.00349328
22.24 0.00243552
22.25 0.00054591
22.26 -0.00125369
22.27 -0.0021471
22.28 -0.0017202
22.29 -0.00013378
22.3 0.00190492
22.31 0.00341203
22.32 0.00358974
22.33 0.00228969
22.34 0.000143072
22.35 -0.00177512
22.36 -0.00252657
22.37 -0.00178577
22.38 2.71242e-05
22.39 0.00200347
22.4 0.00318305
22.41 0.00297283
22.42 0.00145437
22.43 -0.000591936
22.44 -0.00202013
22.45 -0.00192845
22.46 -0.000239541
22.47 0.00219006
22.48 0.00401277
22.49 0.00413091
22.5 0.00236251
22.51 -0.00039433
22.52 -0.00263873
22.53 -0.00313679
22.54 -0.00164651
22.55 0.00100557
22.56 0.00347571
22.57 0.00461978
22.58 0.00393847
22.59 0.00179119
22.6 -0.000753932
22.61 -0.00243291
22.62 -0.00239161
22.63 -0.000673458
22.64 0.00178025
22.65 0.00367039
22.66 0.00403918
22.67 0.00273066
22.68 0.000404535
22.69 -0.00182442
22.7 -0.00288413
22.71 -0.00220082
22.72 1.57627e-05
22.73 0.00281925
22.74 0.0048927
22.75 0.00516283
22.76 0.00336105
22.77 0.000198466
22.78 -0.00289669
22.79 -0.00445113
22.8 -0.00370705
22.81 -0.00108376
22.82 0.00206609
22.83 0.00421693
22.84 0.00436262
22.85 0.0024359
22.86 -0.000672671
22.87 -0.0034763
22.88 -0.00454775
22.89 -0.00324009
22.9 -6.05858e-05
22.91 0.00353393
22.92 0.00578674
22.93 0.00542761
22.94 0.00237567
22.95 -0.00203542
22.96 -0.00558904
22.97 -0.00642929
22.98 -0.00413157
22.99 0.000155732
23 0.00438881
23.01 0.00674274
23.02 0.00641198
23.03 0.00375543
23.04 -7.07697e-05
23.05 -0.00366581
23.06 -0.00577028
23.07 -0.00554731
23.08 -0.00291358
23.09 0.00126687
23.1 0.0053554
23.11 0.00756885
23.12 0.00672287
23.13 0.00290048
23.14 -0.00240784
23.15 -0.00687546
23.16 -0.0085539
23.17 -0.00683344
23.18 -0.00251269
23.19 0.00262579
23.2 0.00649019
23.21 0.00749536
23.22 0.0052332
23.23 0.000663901
23.24 -0.00431123
23.25 -0.0076153
23.26 -0.00778909
23.27 -0.00463517
23.28 0.000610132
23.29 0.00574831
23.3 0.00860873
23.31 0.00795604
23.32 0.00404046
23.33 -0.00153303
23.34 -0.00648225
23.35 -0.0087686
23.36 -0.00750319
23.37 -0.00330482
23.38 0.00205556
23.39 0.00639348
23.4 0.00797191
23.41 0.00616449
23.42 0.00163297
23.43 -0.00400195
23.44 -0.00871417
23.45 -0.0108367
23.46 -0.00964282
23.47 -0.00548828
23.48 0.000247259
23.49 0.00556479
23.5 0.00858477
23.51 0.00824371
23.52 0.00483685
23.53 -3.99505e-05
23.54 -0.00434389
23.55 -0.00648048
23.56 -0.00576002
23.57 -0.00254841
23.58 0.00195848
23.59 0.00616579
23.6 0.00861365
23.61 0.00851149
23.62 0.00596171
23.63 0.00182983
23.64 -0.00267492
23.65 -0.00631325
23.66 -0.00794871
23.67 -0.00682515
23.68 -0.00300343
23.69 0.00245961
23.7 0.00768759
23.71 0.0107086
23.72 0.0102682
23.73 0.00633448
23.74 0.000224035
23.75 -0.00588712
23.76 -0.00975007
23.77 -0.00979048
23.78 -0.00576632
23.79 0.00101332
23.8 0.00814056
23.81 0.0131505
23.82 0.0144732
23.83 0.0118105
23.84 0.00617588
23.85 -0.000553881
23.86 -0.00624362
23.87 -0.00910518
23.88 -0.00830027
23.89 -0.00428025
23.9 0.00142774
23.91 0.00686469
23.92 0.0103104
23.93 0.0106705
23.94 0.00775124
23.95 0.00247264
23.96 -0.00344473
23.97 -0.00799495
23.98 -0.00951085
23.99 -0.00739947
24 -0.00249705
24.01 0.00341656
24.02 0.00842892
24.03 0.0110324
24.04 0.0104303
24.05 0.00676958
24.06 0.00114352
24.07 -0.0047559
24.08 -0.00906095
24.09 -0.0102264
24.1 -0.0076491
24.11 -0.00206075
24.12 0.004839
24.13 0.0110727
24.14 0.0148186
24.15 0.014798
24.16 0.0108084
24.17 0.00393003
24.18 -0.00383469
24.19 -0.00998001
24.2 -0.0123474
24.21 -0.0100675
24.22 -0.003861
24.23 0.00433937
24.24 0.0120447
24.25 0.0169729
24.26 0.0176566
24.27 0.0137669
24.28 0.00632708
24.29 -0.00259436
24.3 -0.0103025
24.31 -0.0144774
24.32 -0.0140758
24.33 -0.00950501
24.34 -0.00248285
24.35 0.0048613
24.36 0.0108302
24.37 0.0142875
24.38 0.0145608
24.39 0.011715
24.4 0.00669674
24.41 0.00083781
24.42 -0.00453764
24.43 -0.00822403
24.44 -0.00928865
24.45 -0.00739465
24.46 -0.00309113
24.47 0.00242753
24.48 0.00774142
24.49 0.0115212
24.5 0.0127362
24.51 0.0109145
24.52 0.00636112
24.53 -1.92076e-05
24.54 -0.00681232
24.55 -0.0122277
24.56 -0.0145218
24.57 -0.0126666
24.58 -0.006993
24.59 0.000951616
24.6 0.00910726
24.61 0.0155957
24.62 0.0189444
24.63 0.0182191
24.64 0.013437
24.65 0.00555473
24.66 -0.00372363
24.67 -0.0119332
24.68 -0.0165656
24.69 -0.0160484
24.7 -0.0104072
24.71 -0.00143149
24.72 0.00817778
24.73 0.0159528
24.74 0.020287
24.75 0.0204125
24.76 0.0164587
24.77 0.00952545
24.78 0.00114464
24.79 -0.00696999
24.8 -0.0131015
24.81 -0.0158478
24.82 -0.0143821
24.83 -0.00900921
24.84 -0.00118569
24.85 0.00715073
24.86 0.0144514
24.87 0.019675
24.88 0.0218246
24.89 0.0203463
24.9 0.0154602
24.91 0.00786437
24.92 -0.00120617
24.93 -0.0097049
24.94 -0.0154266
24.95 -0.0169392
24.96 -0.013936
24.97 -0.00740145
24.98 0.000848305
24.99 0.00890965
25 0.0154137
25.01 0.0193572
25.02 0.019739
25.03 0.0162813
25.04 0.00968901
25.05 0.00122426
25.06 -0.00719765
25.07 -0.013308
25.08 -0.0153176
25.09 -0.012558
25.1 -0.00588673
25.11 0.00272494
25.12 0.0109852
25.13 0.0170267
25.14 0.0194681
25.15 0.0173537
25.16 0.0109126
25.17 0.00156782
25.18 -0.00841572
25.19 -0.0165096
25.2 -0.0209231
25.21 -0.0207711
25.22 -0.0161497
25.23 -0.00817266
25.24 0.00159094
25.25 0.0113837
25.26 0.0196926
25.27 0.0255469
25.28 0.0284797
25.29 0.0288531
25.3 0.0273321
25.31 0.0239622
25.32 0.0186778
25.33 0.0119503
25.34 0.00434429
25.35 -0.0034492
25.36 -0.0104017
25.37 -0.015513
25.38 -0.017881
25.39 -0.0169115
25.4 -0.0128669
25.41 -0.00672573
25.42 0.000341347
25.43 0.00719302
25.44 0.0132112
25.45 0.0182347
25.46 0.0217771
25.47 0.0231711
25.48 0.0221397
25.49 0.0186809
25.5 0.0130084
25.51 0.00580773
25.52 -0.00203251
25.53 -0.00932946
25.54 -0.0149078
25.55 -0.0179503
25.56 -0.0176806
25.57 -0.0140281
25.58 -0.00803978
25.59 -0.000909905
25.6 0.00636368
25.61 0.0133528
25.62 0.0200929
25.63 0.0259642
25.64 0.0299927
25.65 0.0317987
25.66 0.0311907
25.67 0.0278132
25.68 0.0218634
25.69 0.0141768
25.7 0.00547332
25.71 -0.00342431
25.72 -0.0112538
25.73 -0.0168395
25.74 -0.0192481
25.75 -0.0178015
25.76 -0.0126399
25.77 -0.0048105
25.78 0.00417295
25.79 0.013064
25.8 0.0215131
25.81 0.0293005
25.82 0.0355361
25.83 0.0397533
25.84 0.0425622
25.85 0.0444525
25.86 0.0450968
25.87 0.0442241
25.88 0.0423382
25.89 0.040133
25.9 0.0378473
25.91 0.0356245
25.92 0.0338117
25.93 0.0324552
25.94 0.031057
25.95 0.0290999
25.96 0.026323
25.97 0.022414
25.98 0.0170119
25.99 0.0101478
26 0.00219664
26.01 -0.00614991
26.02 -0.0138946
26.03 -0.0202837
26.04 -0.025037
26.05 -0.0279512
26.06 -0.0289746
26.07 -0.0284129
