0.01 4.39612e-07
0.02 7.97351e-07
0.03 -1.01743e-06
0.04 -6.07456e-06
0.05 -1.29575e-05
0.06 -1.90805e-05
0.07 -2.32816e-05
0.08 -2.76096e-05
0.09 -3.55472e-05
0.1 -4.67504e-05
0.11 -5.36514e-05
0.12 -4.56117e-05
0.13 -1.84853e-05
0.14 1.98729e-05
0.15 5.39671e-05
0.16 7.03928e-05
0.17 6.44326e-05
0.18 4.00596e-05
0.19 6.56723e-06
0.2 -2.39098e-05
0.21 -3.89194e-05
0.22 -3.13855e-05
0.23 -5.5866e-06
0.24 2.35822e-05
0.25 3.9589e-05
0.26 3.46519e-05
0.27 1.36233e-05
0.28 -1.00223e-05
0.29 -2.23277e-05
0.3 -1.71064e-05
0.31 -7.38571e-07
0.32 1.03697e-05
0.33 6.70402e-07
0.34 -3.12488e-05
0.35 -6.75873e-05
0.36 -8.10663e-05
0.37 -5.43024e-05
0.38 6.06459e-06
0.39 7.2471e-05
0.4 0.000114516
0.41 0.000117364
0.42 8.73621e-05
0.43 4.43856e-05
0.44 9.56286e-06
0.45 -4.26432e-06
0.46 2.72445e-06
0.47 1.74561e-05
0.48 2.00793e-05
0.49 -4.05313e-06
0.5 -5.22229e-05
0.51 -0.000102015
0.52 -0.000123858
0.53 -0.000100726
0.54 -3.9842e-05
0.55 3.19499e-05
0.56 8.39065e-05
0.57 9.664e-05
0.58 6.96286e-05
0.59 1.98904e-05
0.6 -2.68023e-05
0.61 -4.8643e-05
0.62 -3.82996e-05
0.63 -5.80678e-06
0.64 2.71983e-05
0.65 4.55302e-05
0.66 3.92894e-05
0.67 3.3819e-06
0.68 -4.5793e-05
0.69 -7.60588e-05
0.7 -6.3584e-05
0.71 -1.01922e-05
0.72 5.63404e-05
0.73 9.96263e-05
0.74 9.79466e-05
0.75 5.67413e-05
0.76 1.78973e-06
0.77 -3.97393e-05
0.78 -5.47492e-05
0.79 -4.69396e-05
0.8 -2.93653e-05
0.81 -1.43868e-05
0.82 -7.04313e-06
0.83 -4.69642e-06
0.84 -1.37669e-06
0.85 7.48965e-06
0.86 2.22735e-05
0.87 3.80791e-05
0.88 4.64753e-05
0.89 4.11698e-05
0.9 2.33168e-05
0.91 1.47748e-07
0.92 -2.15053e-05
0.93 -3.86989e-05
0.94 -4.9655e-05
0.95 -5.06742e-05
0.96 -3.84491e-05
0.97 -1.48777e-05
0.98 1.2332e-05
0.99 3.39513e-05
1 4.33849e-05
1.01 3.80365e-05
1.02 1.93606e-05
1.03 -7.09577e-06
1.04 -3.18879e-05
1.05 -4.35764e-05
1.06 -3.4121e-05
1.07 -5.92786e-06
1.08 2.59615e-05
1.09 4.15776e-05
1.1 3.02189e-05
1.11 -2.39001e-08
1.12 -2.65641e-05
1.13 -2.83177e-05
1.14 -1.22437e-06
1.15 3.84712e-05
1.16 6.50258e-05
1.17 6.02201e-05
1.18 2.5779e-05
1.19 -1.69745e-05
1.2 -4.12328e-05
1.21 -3.36064e-05
1.22 -3.91139e-06
1.23 2.1907e-05
1.24 2.06184e-05
1.25 -1.16613e-05
1.26 -5.66576e-05
1.27 -8.57679e-05
1.28 -7.768e-05
1.29 -3.05487e-05
1.3 3.7586e-05
1.31 9.8408e-05
1.32 0.000126183
1.33 0.000108222
1.34 5.0771e-05
1.35 -2.1453e-05
1.36 -7.4713e-05
1.37 -8.38739e-05
1.38 -4.90452e-05
1.39 2.46167e-06
1.4 3.37713e-05
1.41 2.41573e-05
1.42 -1.62705e-05
1.43 -5.36952e-05
1.44 -5.48124e-05
1.45 -1.16712e-05
1.46 5.09982e-05
1.47 9.22339e-05
1.48 8.35101e-05
1.49 2.90373e-05
1.5 -3.67562e-05
1.51 -7.25962e-05
1.52 -5.77805e-05
1.53 -4.42172e-06
1.54 5.27268e-05
1.55 7.93558e-05
1.56 6.08492e-05
1.57 7.2396e-06
1.58 -5.53324e-05
1.59 -9.86093e-05
1.6 -0.000103625
1.61 -6.63983e-05
1.62 1.07345e-06
1.63 7.33151e-05
1.64 0.000118935
1.65 0.000114621
1.66 5.99454e-05
1.67 -1.85818e-05
1.68 -8.08496e-05
1.69 -9.65951e-05
1.7 -6.24645e-05
1.71 -2.10952e-06
1.72 4.84808e-05
1.73 6.14535e-05
1.74 3.32541e-05
1.75 -1.26552e-05
1.76 -4.00837e-05
1.77 -2.43346e-05
1.78 2.896e-05
1.79 8.42038e-05
1.8 9.81601e-05
1.81 5.11476e-05
1.82 -3.59934e-05
1.83 -0.000113942
1.84 -0.000137467
1.85 -9.37515e-05
1.86 -7.96186e-06
1.87 7.38272e-05
1.88 0.000110909
1.89 8.81153e-05
1.9 2.12802e-05
1.91 -5.20852e-05
1.92 -9.20462e-05
1.93 -7.74076e-05
1.94 -1.77437e-05
1.95 5.2212e-05
1.96 9.37729e-05
1.97 8.75218e-05
1.98 4.29116e-05
1.99 -1.03516e-05
2 -4.06473e-05
2.01 -3.17085e-05
2.02 7.95415e-06
2.03 4.84467e-05
2.04 5.59838e-05
2.05 1.58412e-05
2.06 -5.55952e-05
2.07 -0.000120184
2.08 -0.000142257
2.09 -0.000109389
2.1 -3.63484e-05
2.11 4.60871e-05
2.12 0.000105999
2.13 0.000120465
2.14 8.22178e-05
2.15 5.97846e-06
2.16 -7.10342e-05
2.17 -0.00010386
2.18 -6.7472e-05
2.19 2.17744e-05
2.2 0.00011113
2.21 0.000143504
2.22 9.48686e-05
2.23 -8.79963e-06
2.24 -0.000105979
2.25 -0.000136641
2.26 -8.04056e-05
2.27 2.72035e-05
2.28 0.000113207
2.29 0.000112997
2.3 1.57821e-05
2.31 -0.000122574
2.32 -0.000212117
2.33 -0.000187435
2.34 -5.26076e-05
2.35 0.000118729
2.36 0.000228149
2.37 0.000212369
2.38 8.088e-05
2.39 -9.02498e-05
2.4 -0.000203411
2.41 -0.000196199
2.42 -7.60788e-05
2.43 8.66883e-05
2.44 0.00020129
2.45 0.000207671
2.46 0.000108044
2.47 -3.79395e-05
2.48 -0.000150149
2.49 -0.000173829
2.5 -0.000107105
2.51 3.34503e-06
2.52 9.24123e-05
2.53 0.000113765
2.54 6.38639e-05
2.55 -1.95922e-05
2.56 -8.34362e-05
2.57 -9.2206e-05
2.58 -4.60791e-05
2.59 2.58182e-05
2.6 8.57347e-05
2.61 0.000104878
2.62 7.26278e-05
2.63 2.99333e-07
2.64 -8.03488e-05
2.65 -0.000128414
2.66 -0.000114922
2.67 -4.17449e-05
2.68 5.62138e-05
2.69 0.000128096
2.7 0.000133832
2.71 6.70728e-05
2.72 -3.85483e-05
2.73 -0.000126421
2.74 -0.000149711
2.75 -9.92221e-05
2.76 -7.65887e-06
2.77 7.045e-05
2.78 8.8613e-05
2.79 3.36774e-05
2.8 -6.30528e-05
2.81 -0.00013772
2.82 -0.000129666
2.83 -2.27177e-05
2.84 0.000137756
2.85 0.000267741
2.86 0.000293165
2.87 0.000192511
2.88 9.47531e-06
2.89 -0.000169273
2.9 -0.000259001
2.91 -0.000221875
2.92 -8.80754e-05
2.93 6.10031e-05
2.94 0.000139583
2.95 0.000105984
2.96 -1.54478e-05
2.97 -0.000148646
2.98 -0.000207366
2.99 -0.000144088
3 1.92263e-05
3.01 0.000199175
3.02 0.000297405
3.03 0.000258797
3.04 0.000104413
3.05 -8.14064e-05
3.06 -0.000200058
3.07 -0.000193627
3.08 -7.61081e-05
3.09 7.53359e-05
3.1 0.00016589
3.11 0.00014
3.12 1.36276e-05
3.13 -0.000138901
3.14 -0.000232197
3.15 -0.000218541
3.16 -0.000110414
3.17 3.05909e-05
3.18 0.000129396
3.19 0.000139481
3.2 6.87305e-05
3.21 -2.74376e-05
3.22 -8.17545e-05
3.23 -5.56978e-05
3.24 3.95923e-05
3.25 0.000150815
3.26 0.000212311
3.27 0.000183006
3.28 6.97831e-05
3.29 -7.74745e-05
3.3 -0.000194202
3.31 -0.000232446
3.32 -0.000179968
3.33 -6.54879e-05
3.34 5.07329e-05
3.35 0.000105376
3.36 7.15192e-05
3.37 -1.86861e-05
3.38 -9.19847e-05
3.39 -8.44601e-05
3.4 1.25525e-05
3.41 0.000145057
3.42 0.000231866
3.43 0.000217574
3.44 0.000107607
3.45 -3.65836e-05
3.46 -0.00013772
3.47 -0.000150771
3.48 -8.73145e-05
3.49 -2.41226e-06
3.5 4.43756e-05
3.51 2.70286e-05
3.52 -3.33868e-05
3.53 -8.62926e-05
3.54 -8.77721e-05
3.55 -3.10111e-05
3.56 4.96053e-05
3.57 0.000102521
3.58 9.31027e-05
3.59 2.50031e-05
3.6 -6.23142e-05
3.61 -0.000115874
3.62 -9.93069e-05
3.63 -1.61859e-05
3.64 8.82647e-05
3.65 0.00015252
3.66 0.000136772
3.67 4.72212e-05
3.68 -6.94927e-05
3.69 -0.000155086
3.7 -0.000170746
3.71 -0.000113771
3.72 -1.61564e-05
3.73 7.08606e-05
3.74 0.00010121
3.75 5.93249e-05
3.76 -2.70492e-05
3.77 -9.86524e-05
3.78 -9.90928e-05
3.79 -1.22235e-05
3.8 0.000122027
3.81 0.000226573
3.82 0.000233179
3.83 0.000128274
3.84 -3.31811e-05
3.85 -0.00015902
3.86 -0.000177731
3.87 -8.37859e-05
3.88 5.90407e-05
3.89 0.000156246
3.9 0.000138865
3.91 6.70067e-06
3.92 -0.000166773
3.93 -0.000276114
3.94 -0.000250005
3.95 -9.78284e-05
3.96 9.49597e-05
3.97 0.000218243
3.98 0.000201732
3.99 5.48177e-05
4 -0.000138609
4.01 -0.00026629
4.02 -0.000250611
4.03 -9.42042e-05
4.04 0.000119544
4.05 0.000272775
4.06 0.000279651
4.07 0.000135821
4.08 -7.65854e-05
4.09 -0.000233159
4.1 -0.000238492
4.11 -8.38403e-05
4.12 0.000145369
4.13 0.000318931
4.14 0.000338294
4.15 0.000193148
4.16 -3.46508e-05
4.17 -0.000220462
4.18 -0.000269679
4.19 -0.000171274
4.2 -7.83331e-07
4.21 0.000129765
4.22 0.000143216
4.23 4.31764e-05
4.24 -9.46883e-05
4.25 -0.000176709
4.26 -0.00015223
4.27 -4.34605e-05
4.28 7.21787e-05
4.29 0.000115334
4.3 5.91966e-05
4.31 -5.25111e-05
4.32 -0.000137239
4.33 -0.000130965
4.34 -2.92779e-05
4.35 0.000113917
4.36 0.000222946
4.37 0.000243415
4.38 0.000167102
4.39 3.10591e-05
4.4 -0.000104242
4.41 -0.000185821
4.42 -0.000191592
4.43 -0.000133615
4.44 -4.2999e-05
4.45 4.88341e-05
4.46 0.00011997
4.47 0.000158057
4.48 0.000155996
4.49 0.000109621
4.5 2.24104e-05
4.51 -8.54414e-05
4.52 -0.000175521
4.53 -0.000206706
4.54 -0.000161494
4.55 -6.30236e-05
4.56 3.42874e-05
4.57 7.72767e-05
4.58 4.79058e-05
4.59 -2.41132e-05
4.6 -7.96634e-05
4.61 -7.13617e-05
4.62 -1.0774e-06
4.63 7.71221e-05
4.64 9.67796e-05
4.65 3.30645e-05
4.66 -7.29844e-05
4.67 -0.000140949
4.68 -0.000109137
4.69 1.80906e-05
4.7 0.000167773
4.71 0.000243229
4.72 0.000186995
4.73 2.06468e-05
4.74 -0.00016499
4.75 -0.000263965
4.76 -0.000219529
4.77 -5.74976e-05
4.78 0.0001323
4.79 0.000252695
4.8 0.000256061
4.81 0.000166251
4.82 5.43906e-05
4.83 -1.34028e-05
4.84 -2.00707e-05
4.85 -2.17176e-06
4.86 -1.26308e-05
4.87 -7.2642e-05
4.88 -0.000151327
4.89 -0.000187669
4.9 -0.000137003
4.91 -8.01154e-06
4.92 0.000136544
4.93 0.00021699
4.94 0.000185989
4.95 5.63958e-05
4.96 -0.000107559
4.97 -0.000226074
4.98 -0.000245032
4.99 -0.000162936
5 -3.00509e-05
5.01 8.23835e-05
5.02 0.000125335
5.03 9.76412e-05
5.04 3.73e-05
5.05 -1.06047e-05
5.06 -2.29602e-05
5.07 -6.70189e-06
5.08 1.34362e-05
5.09 1.55647e-05
5.1 -4.1739e-06
5.11 -3.07343e-05
5.12 -4.19153e-05
5.13 -2.3351e-05
5.14 2.21982e-05
5.15 7.59579e-05
5.16 0.000113983
5.17 0.000120898
5.18 9.7358e-05
5.19 5.71176e-05
5.2 1.67648e-05
5.21 -1.51881e-05
5.22 -4.18811e-05
5.23 -6.9497e-05
5.24 -9.33632e-05
5.25 -9.61054e-05
5.26 -6.5639e-05
5.27 -1.59027e-05
5.28 1.56984e-05
5.29 -1.40784e-06
5.3 -5.87877e-05
5.31 -0.000108213
5.32 -9.92374e-05
5.33 -2.44676e-05
5.34 6.95501e-05
5.35 0.00011852
5.36 9.35905e-05
5.37 2.57484e-05
5.38 -2.01775e-05
5.39 -1.33374e-07
5.4 7.2794e-05
5.41 0.000139421
5.42 0.00014054
5.43 6.07453e-05
5.44 -6.01295e-05
5.45 -0.000152957
5.46 -0.000164181
5.47 -9.04246e-05
5.48 1.97874e-05
5.49 9.81667e-05
5.5 0.000100264
5.51 3.10156e-05
5.52 -6.28555e-05
5.53 -0.000124817
5.54 -0.000121679
5.55 -5.92326e-05
5.56 2.39289e-05
5.57 7.90381e-05
5.58 7.66372e-05
5.59 2.76872e-05
5.6 -2.02212e-05
5.61 -1.46005e-05
5.62 6.10167e-05
5.63 0.000166837
5.64 0.000227193
5.65 0.000183423
5.66 4.20551e-05
5.67 -0.000121342
5.68 -0.000209545
5.69 -0.000168864
5.7 -2.66288e-05
5.71 0.000123071
5.72 0.000176659
5.73 8.75924e-05
5.74 -9.99362e-05
5.75 -0.000274954
5.76 -0.000327805
5.77 -0.000218769
5.78 -5.38586e-06
5.79 0.00018781
5.8 0.00024255
5.81 0.000122732
5.82 -9.56561e-05
5.83 -0.000265957
5.84 -0.000262122
5.85 -6.26223e-05
5.86 0.000228163
5.87 0.00043922
5.88 0.000439562
5.89 0.000222721
5.9 -8.83144e-05
5.91 -0.000317597
5.92 -0.000341298
5.93 -0.00015755
5.94 0.000111947
5.95 0.000287265
5.96 0.000233827
5.97 -4.93867e-05
5.98 -0.000414766
5.99 -0.000644443
6 -0.000579489
6.01 -0.00022147
6.02 0.000257267
6.03 0.000607602
6.04 0.00065135
6.05 0.000390495
6.06 6.11128e-06
6.07 -0.00025427
6.08 -0.000229796
6.09 5.56466e-05
6.1 0.000408448
6.11 0.000582557
6.12 0.000429078
6.13 -9.18011e-06
6.14 -0.000515036
6.15 -0.000821659
6.16 -0.00077527
6.17 -0.000433651
6.18 -3.0346e-05
6.19 0.00017794
6.2 7.99314e-05
6.21 -0.000219143
6.22 -0.000467552
6.23 -0.00042875
6.24 -3.44264e-05
6.25 0.000561581
6.26 0.00106087
6.27 0.00118782
6.28 0.000851688
6.29 0.000210594
6.3 -0.000408363
6.31 -0.000695304
6.32 -0.000536595
6.33 -7.55552e-05
6.34 0.000379745
6.35 0.000541924
6.36 0.000310175
6.37 -0.000179361
6.38 -0.000643742
6.39 -0.000825484
6.4 -0.000640874
6.41 -0.00021677
6.42 0.000200412
6.43 0.000397407
6.44 0.000308198
6.45 2.93896e-05
6.46 -0.000251259
6.47 -0.000357484
6.48 -0.000207679
6.49 0.000146969
6.5 0.000541148
6.51 0.000771534
6.52 0.000703506
6.53 0.000352551
6.54 -0.000113981
6.55 -0.000465802
6.56 -0.000540831
6.57 -0.000338389
6.58 -1.49596e-05
6.59 0.000213903
6.6 0.000201174
6.61 -5.07248e-05
6.62 -0.000394862
6.63 -0.000620527
6.64 -0.000566709
6.65 -0.000214316
6.66 0.000290175
6.67 0.00070138
6.68 0.000807959
6.69 0.000560295
6.7 0.00010901
6.71 -0.000281584
6.72 -0.000395334
6.73 -0.000195241
6.74 0.000160509
6.75 0.000422405
6.76 0.000404099
6.77 9.31636e-05
6.78 -0.000345901
6.79 -0.000673812
6.8 -0.000716102
6.81 -0.000454901
6.82 -2.74528e-05
6.83 0.000355034
6.84 0.000518016
6.85 0.000409769
6.86 0.000125255
6.87 -0.000145048
6.88 -0.000221134
6.89 -4.09158e-05
6.9 0.000294074
6.91 0.000569544
6.92 0.000584654
6.93 0.000281147
6.94 -0.000207348
6.95 -0.000624072
6.96 -0.000739363
6.97 -0.000490834
6.98 -2.49959e-05
6.99 0.000387602
7 0.000513064
7.01 0.000293315
7.02 -0.000121419
7.03 -0.000467898
7.04 -0.000533069
7.05 -0.000280115
7.06 0.000139845
7.07 0.00048716
7.08 0.000573888
7.09 0.000365563
7.1 -1.99853e-06
7.11 -0.000297423
7.12 -0.00032771
7.13 -6.182e-05
7.14 0.000336275
7.15 0.000598926
7.16 0.000519696
7.17 8.68719e-05
7.18 -0.000498722
7.19 -0.000931126
7.2 -0.000967592
7.21 -0.000563579
7.22 9.46318e-05
7.23 0.000680892
7.24 0.000902559
7.25 0.000661948
7.26 0.000112741
7.27 -0.000424806
7.28 -0.000644523
7.29 -0.000429196
7.3 7.94641e-05
7.31 0.000559848
7.32 0.000701011
7.33 0.000396438
7.34 -0.00018114
7.35 -0.000679825
7.36 -0.00078694
7.37 -0.000427912
7.38 0.000182648
7.39 0.000672459
7.4 0.000743873
7.41 0.000360411
7.42 -0.000230882
7.43 -0.000656358
7.44 -0.000651037
7.45 -0.00021968
7.46 0.000375973
7.47 0.000784698
7.48 0.000773414
7.49 0.000351058
7.5 -0.000248823
7.51 -0.000701511
7.52 -0.000765519
7.53 -0.000413878
7.54 0.000144228
7.55 0.000574351
7.56 0.000611513
7.57 0.000226024
7.58 -0.000350445
7.59 -0.000763822
7.6 -0.000755895
7.61 -0.000324996
7.62 0.000269628
7.63 0.000664175
7.64 0.000614091
7.65 0.000146853
7.66 -0.000453564
7.67 -0.00082101
7.68 -0.000727813
7.69 -0.000213301
7.7 0.00045052
7.71 0.000921324
7.72 0.000973346
7.73 0.000607873
7.74 4.04965e-05
7.75 -0.000419334
7.76 -0.000534946
7.77 -0.000270653
7.78 0.000190317
7.79 0.000554023
7.8 0.00058839
7.81 0.000255561
7.82 -0.000270386
7.83 -0.000702953
7.84 -0.000803291
7.85 -0.000516944
7.86 -9.29965e-06
7.87 0.000431219
7.88 0.000564188
7.89 0.000338611
7.9 -8.24676e-05
7.91 -0.00042887
7.92 -0.000485738
7.93 -0.000213624
7.94 0.000233189
7.95 0.000595451
7.96 0.000657249
7.97 0.000372861
7.98 -0.000102316
7.99 -0.000500612
8 -0.000602058
8.01 -0.000368351
8.02 3.3528e-05
8.03 0.000335226
8.04 0.000336929
8.05 3.85671e-05
8.06 -0.000353651
8.07 -0.000556393
8.08 -0.000395006
8.09 7.60354e-05
8.1 0.000599275
8.11 0.000870022
8.12 0.000722299
8.13 0.000232412
8.14 -0.000320795
8.15 -0.00061915
8.16 -0.000499482
8.17 -5.94695e-05
8.18 0.000398999
8.19 0.000560383
8.2 0.000298676
8.21 -0.00023922
8.22 -0.000722432
8.23 -0.000839851
8.24 -0.00049268
8.25 0.000141685
8.26 0.000713089
8.27 0.000905755
8.28 0.000625106
8.29 5.40017e-05
8.3 -0.000456371
8.31 -0.000598156
8.32 -0.000293447
8.33 0.000258833
8.34 0.00070431
8.35 0.000747553
8.36 0.000329575
8.37 -0.000335475
8.38 -0.000882987
8.39 -0.00100766
8.4 -0.000640846
8.41 5.33775e-06
8.42 0.000559153
8.43 0.000708185
8.44 0.000382187
8.45 -0.000209321
8.46 -0.00070231
8.47 -0.000789275
8.48 -0.000395446
8.49 0.000277156
8.5 0.000863404
8.51 0.00104426
8.52 0.000731709
8.53 0.000119577
8.54 -0.000432754
8.55 -0.000614965
8.56 -0.000348454
8.57 0.000172204
8.58 0.000601387
8.59 0.000654254
8.6 0.000281307
8.61 -0.000302264
8.62 -0.0007536
8.63 -0.000817682
8.64 -0.000479374
8.65 4.28063e-05
8.66 0.000445126
8.67 0.000524279
8.68 0.000285549
8.69 -8.00385e-05
8.7 -0.00032177
8.71 -0.000278378
8.72 3.19538e-05
8.73 0.000426383
8.74 0.000667195
8.75 0.000602926
8.76 0.00025727
8.77 -0.000185756
8.78 -0.000489988
8.79 -0.000505027
8.8 -0.000252612
8.81 9.16253e-05
8.82 0.000309567
8.83 0.000272698
8.84 1.17804e-05
8.85 -0.000313059
8.86 -0.0005129
8.87 -0.000475167
8.88 -0.000216519
8.89 0.000133883
8.9 0.000402121
8.91 0.000456233
8.92 0.000276066
8.93 -2.99253e-05
8.94 -0.000279171
8.95 -0.000318102
8.96 -0.000115276
8.97 0.000213581
8.98 0.000467896
8.99 0.000478239
9 0.000208982
9.01 -0.000213968
9.02 -0.000571012
9.03 -0.000675007
9.04 -0.000479434
9.05 -0.000102966
9.06 0.000241443
9.07 0.000367753
9.08 0.000218714
9.09 -0.000105612
9.1 -0.000404481
9.11 -0.000486182
9.12 -0.000275342
9.13 0.000137932
9.14 0.000540595
9.15 0.000715493
9.16 0.000568484
9.17 0.000184185
9.18 -0.000224871
9.19 -0.000442586
9.2 -0.000369954
9.21 -7.23467e-05
9.22 0.000267387
9.23 0.000456306
9.24 0.000396331
9.25 0.000130138
9.26 -0.000193428
9.27 -0.000408147
9.28 -0.000417696
9.29 -0.000235803
9.3 3.04579e-05
9.31 0.000236093
9.32 0.000269271
9.33 0.000113918
9.34 -0.000129675
9.35 -0.00029295
9.36 -0.000241893
9.37 2.63382e-05
9.38 0.000363698
9.39 0.000553925
9.4 0.000449635
9.41 7.17787e-05
9.42 -0.000395956
9.43 -0.000711525
9.44 -0.000709333
9.45 -0.000388608
9.46 8.53989e-05
9.47 0.000463391
9.48 0.000539869
9.49 0.000267518
9.5 -0.000205179
9.51 -0.000605083
9.52 -0.00068504
9.53 -0.000371782
9.54 0.000179171
9.55 0.000663891
9.56 0.000806922
9.57 0.000530862
9.58 1.09692e-05
9.59 -0.00042827
9.6 -0.000514439
9.61 -0.000202456
9.62 0.000292096
9.63 0.000631216
9.64 0.000572713
9.65 0.000124212
9.66 -0.000460766
9.67 -0.000834563
9.68 -0.000761581
9.69 -0.000262201
9.7 0.000389062
9.71 0.000818047
9.72 0.000773974
9.73 0.000285774
9.74 -0.000351836
9.75 -0.00075917
9.76 -0.00070431
9.77 -0.000239596
9.78 0.000340127
9.79 0.000684578
9.8 0.0006005
9.81 0.000161274
9.82 -0.00034781
9.83 -0.000611313
9.84 -0.000478644
9.85 -5.12538e-05
9.86 0.000389273
9.87 0.000561589
9.88 0.000357483
9.89 -9.65701e-05
9.9 -0.000519096
9.91 -0.000641874
9.92 -0.000369984
9.93 0.000156086
9.94 0.000636946
9.95 0.000792323
9.96 0.000534329
9.97 2.28476e-05
9.98 -0.000436896
9.99 -0.000586864
10 -0.000369484
10.01 5.30008e-05
10.02 0.000410841
10.03 0.00049081
10.04 0.00025619
10.05 -0.000139584
10.06 -0.000450098
10.07 -0.000486994
10.08 -0.000233668
10.09 0.000149249
10.1 0.000428109
10.11 0.00043945
10.12 0.000182374
10.13 -0.000188383
10.14 -0.000455879
10.15 -0.000463659
10.16 -0.000199907
10.17 0.000199768
10.18 0.000527178
10.19 0.000610065
10.2 0.000399568
10.21 -3.62929e-06
10.22 -0.000399737
10.23 -0.000596701
10.24 -0.000516773
10.25 -0.00023745
10.26 6.12112e-05
10.27 0.000208898
10.28 0.000144324
10.29 -5.83997e-05
10.3 -0.00024613
10.31 -0.000284433
10.32 -0.000134377
10.33 0.000134058
10.34 0.00038943
10.35 0.000509519
10.36 0.000436919
10.37 0.000202368
10.38 -8.67939e-05
10.39 -0.00029173
10.4 -0.000309464
10.41 -0.000132882
10.42 0.000134326
10.43 0.000327907
10.44 0.000318657
10.45 9.71504e-05
10.46 -0.000211762
10.47 -0.00042262
10.48 -0.000407119
10.49 -0.000177119
10.5 0.000123779
10.51 0.000313273
10.52 0.000283486
10.53 6.12657e-05
10.54 -0.000215103
10.55 -0.000379872
10.56 -0.000332829
10.57 -9.28742e-05
10.58 0.00021343
10.59 0.000421981
10.6 0.000421723
10.61 0.000215455
10.62 -8.04117e-05
10.63 -0.0002958
10.64 -0.000298697
10.65 -7.39803e-05
10.66 0.000256869
10.67 0.000497259
10.68 0.000491971
10.69 0.000227291
10.7 -0.000155207
10.71 -0.000442525
10.72 -0.000474711
10.73 -0.000233264
10.74 0.000149739
10.75 0.000460041
10.76 0.000515138
10.77 0.000271218
10.78 -0.000138164
10.79 -0.000467877
10.8 -0.000504119
10.81 -0.0001987
10.82 0.00029205
10.83 0.000691429
10.84 0.000760855
10.85 0.000440671
10.86 -0.0001087
10.87 -0.00059324
10.88 -0.000753536
10.89 -0.000516207
10.9 -3.58357e-05
10.91 0.0004008
10.92 0.00055023
10.93 0.00035682
10.94 -2.38677e-05
10.95 -0.000331814
10.96 -0.000365235
10.97 -9.75921e-05
10.98 0.000314938
10.99 0.000631434
11 0.000668664
11.01 0.000406464
11.02 -3.00845e-06
11.03 -0.000326981
11.04 -0.000390813
11.05 -0.000180786
11.06 0.000151456
11.07 0.000385031
11.08 0.000366386
11.09 0.000101901
11.1 -0.000248955
11.11 -0.000473345
11.12 -0.00043568
11.13 -0.000160206
11.14 0.000184318
11.15 0.000388873
11.16 0.000333203
11.17 6.06812e-05
11.18 -0.000245984
11.19 -0.000375476
11.2 -0.000221467
11.21 0.00014291
11.22 0.000500754
11.23 0.000620089
11.24 0.000399208
11.25 -6.0376e-05
11.26 -0.000503923
11.27 -0.000674419
11.28 -0.000475124
11.29 -3.81192e-05
11.3 0.000352658
11.31 0.000440992
11.32 0.000166636
11.33 -0.000289781
11.34 -0.000620913
11.35 -0.000595553
11.36 -0.00021491
11.37 0.000286
11.38 0.000596184
11.39 0.000537523
11.4 0.000178651
11.41 -0.000221649
11.42 -0.0003955
11.43 -0.000243482
11.44 0.000109551
11.45 0.000409752
11.46 0.00044658
11.47 0.000184171
11.48 -0.000226226
11.49 -0.000548016
11.5 -0.000604441
11.51 -0.000380049
11.52 -2.29077e-05
11.53 0.000249585
11.54 0.00028239
11.55 7.13606e-05
11.56 -0.000243247
11.57 -0.000468465
11.58 -0.000473961
11.59 -0.000261797
11.6 4.41291e-05
11.61 0.000276063
11.62 0.000320915
11.63 0.000182721
11.64 -2.816e-05
11.65 -0.000170355
11.66 -0.000159852
11.67 -1.71309e-05
11.68 0.000149256
11.69 0.000210895
11.7 0.000103868
11.71 -0.000120559
11.72 -0.00031934
11.73 -0.000350846
11.74 -0.000176575
11.75 0.000105066
11.76 0.000319543
11.77 0.000328227
11.78 0.000117124
11.79 -0.00019205
11.8 -0.000414171
11.81 -0.000413059
11.82 -0.000186271
11.83 0.000130409
11.84 0.000344769
11.85 0.000328665
11.86 0.00010203
11.87 -0.000176114
11.88 -0.000308501
11.89 -0.000189365
11.9 0.000122558
11.91 0.000437399
11.92 0.000553031
11.93 0.000382839
11.94 1.15913e-05
11.95 -0.000355132
11.96 -0.000513486
11.97 -0.000382837
11.98 -5.33722e-05
11.99 0.000270175
12 0.000390661
12.01 0.000233794
12.02 -0.000105674
12.03 -0.000414655
12.04 -0.000487245
12.05 -0.000252793
12.06 0.000176463
12.07 0.000570324
12.08 0.000714365
12.09 0.000529452
12.1 0.000111923
12.11 -0.000320723
12.12 -0.000545246
12.13 -0.00045026
12.14 -9.87506e-05
12.15 0.000299541
12.16 0.000500807
12.17 0.000370463
12.18 -2.72197e-05
12.19 -0.000456444
12.2 -0.000647322
12.21 -0.00046289
12.22 8.87727e-06
12.23 0.000499864
12.24 0.000721286
12.25 0.000541735
12.26 7.29151e-05
12.27 -0.000391194
12.28 -0.000546959
12.29 -0.000265847
12.3 0.000316507
12.31 0.000865312
12.32 0.00103949
12.33 0.000705953
12.34 3.97391e-05
12.35 -0.000569576
12.36 -0.000759676
12.37 -0.000429449
12.38 0.000195057
12.39 0.00070746
12.4 0.000778935
12.41 0.000358868
12.42 -0.000301119
12.43 -0.000804711
12.44 -0.000849587
12.45 -0.000406827
12.46 0.000261378
12.47 0.000757642
12.48 0.000788967
12.49 0.000343715
12.5 -0.000304663
12.51 -0.000766712
12.52 -0.000769005
12.53 -0.000308849
12.54 0.00035068
12.55 0.000833877
12.56 0.000865468
12.57 0.000426996
12.58 -0.000229982
12.59 -0.00072514
12.6 -0.000770441
12.61 -0.000344572
12.62 0.000288468
12.63 0.000736715
12.64 0.000720277
12.65 0.000243142
12.66 -0.000411698
12.67 -0.000859425
12.68 -0.000848939
12.69 -0.000407415
12.7 0.000191824
12.71 0.000606004
12.72 0.000624677
12.73 0.000276573
12.74 -0.000206699
12.75 -0.000533584
12.76 -0.000516376
12.77 -0.000170356
12.78 0.000300212
12.79 0.000620254
12.8 0.000600337
12.81 0.000243145
12.82 -0.000258511
12.83 -0.00062968
12.84 -0.000667691
12.85 -0.000357223
12.86 0.000120807
12.87 0.000493808
12.88 0.000555105
12.89 0.000282759
12.9 -0.00014917
12.91 -0.000474248
12.92 -0.000491941
12.93 -0.000185992
12.94 0.000268051
12.95 0.000608998
12.96 0.000642855
12.97 0.000350349
12.98 -0.000108975
12.99 -0.000490496
13 -0.000598745
13.01 -0.00039057
13.02 4.1942e-06
13.03 0.000356119
13.04 0.00046691
13.05 0.000285526
13.06 -5.91959e-05
13.07 -0.000333411
13.08 -0.00033969
13.09 -4.00536e-05
13.1 0.000415982
13.11 0.000777714
13.12 0.000842359
13.13 0.000577413
13.14 0.00014253
13.15 -0.000204942
13.16 -0.000265294
13.17 -1.54918e-05
13.18 0.0003819
13.19 0.000679996
13.2 0.000692189
13.21 0.000396749
13.22 -5.22234e-05
13.23 -0.000412295
13.24 -0.000492144
13.25 -0.000262826
13.26 0.000128472
13.27 0.000452316
13.28 0.000537985
13.29 0.000370451
13.3 8.48669e-05
13.31 -0.000128444
13.32 -0.000140042
13.33 5.15501e-05
13.34 0.000328548
13.35 0.000522087
13.36 0.000506006
13.37 0.000272958
13.38 -5.38963e-05
13.39 -0.000292315
13.4 -0.000315843
13.41 -0.000132462
13.42 0.00012848
13.43 0.000305398
13.44 0.000301894
13.45 0.000133891
13.46 -8.80294e-05
13.47 -0.000224387
13.48 -0.000189247
13.49 -4.72071e-06
13.5 0.000211973
13.51 0.000325936
13.52 0.000273383
13.53 9.69899e-05
13.54 -9.31014e-05
13.55 -0.000192859
13.56 -0.000157889
13.57 -1.60008e-05
13.58 0.000151633
13.59 0.000249252
13.6 0.000216144
13.61 6.52306e-05
13.62 -0.000118756
13.63 -0.000228376
13.64 -0.000199873
13.65 -5.27972e-05
13.66 0.000121903
13.67 0.000216373
13.68 0.000168329
13.69 -4.74253e-06
13.7 -0.000215662
13.71 -0.000353305
13.72 -0.00034051
13.73 -0.000176276
13.74 6.03963e-05
13.75 0.000249565
13.76 0.000292764
13.77 0.000164539
13.78 -7.47059e-05
13.79 -0.000309173
13.8 -0.00042321
13.81 -0.000354998
13.82 -0.000128371
13.83 0.000148231
13.84 0.000322885
13.85 0.000277235
13.86 5.7341e-06
13.87 -0.000361429
13.88 -0.000625985
13.89 -0.000644608
13.9 -0.000421072
13.91 -0.000100533
13.92 0.000126599
13.93 0.000140768
13.94 -4.38731e-05
13.95 -0.000296531
13.96 -0.000446186
13.97 -0.000376149
13.98 -9.06796e-05
13.99 0.000285199
14 0.000577869
14.01 0.000664576
14.02 0.000534247
14.03 0.000277439
14.04 2.77944e-05
14.05 -0.000102542
14.06 -7.06726e-05
14.07 7.58295e-05
14.08 0.000219485
14.09 0.000239374
14.1 9.20128e-05
14.11 -0.000148523
14.12 -0.000329052
14.13 -0.000319584
14.14 -0.000110173
14.15 0.000174495
14.16 0.00036001
14.17 0.00034401
14.18 0.000163849
14.19 -3.38382e-05
14.2 -9.23966e-05
14.21 5.29663e-05
14.22 0.000329308
14.23 0.000565334
14.24 0.000600351
14.25 0.000395865
14.26 6.71453e-05
14.27 -0.000194963
14.28 -0.000253785
14.29 -0.000108587
14.3 0.000124851
14.31 0.00030388
14.32 0.000344883
14.33 0.000254385
14.34 0.000104923
14.35 -1.44263e-05
14.36 -4.39384e-05
14.37 2.05364e-05
14.38 0.000128761
14.39 0.000205448
14.4 0.000194857
14.41 9.5467e-05
14.42 -3.67148e-05
14.43 -0.000118871
14.44 -8.94091e-05
14.45 5.30622e-05
14.46 0.000242197
14.47 0.000374243
14.48 0.000363313
14.49 0.000193216
14.5 -6.60624e-05
14.51 -0.000292613
14.52 -0.000380923
14.53 -0.000302218
14.54 -0.000117027
14.55 6.86978e-05
14.56 0.000173394
14.57 0.000186547
14.58 0.000160738
14.59 0.000159761
14.6 0.000205887
14.61 0.00026649
14.62 0.000285491
14.63 0.000229385
14.64 0.000111972
14.65 -1.53265e-05
14.66 -9.59102e-05
14.67 -0.000102109
14.68 -5.05024e-05
14.69 1.41121e-05
14.7 5.51103e-05
14.71 6.70061e-05
14.72 6.35599e-05
14.73 5.08375e-05
14.74 2.2978e-05
14.75 -1.43657e-05
14.76 -2.90499e-05
14.77 1.43297e-05
14.78 0.000111445
14.79 0.000204409
14.8 0.000220383
14.81 0.000132641
14.82 -9.43935e-06
14.83 -0.00010984
14.84 -9.69073e-05
14.85 1.65528e-05
14.86 0.000134427
14.87 0.000145799
14.88 1.4014e-05
14.89 -0.00018182
14.9 -0.000293771
14.91 -0.000216836
14.92 1.85081e-05
14.93 0.00025431
14.94 0.000318547
14.95 0.000158504
14.96 -0.000116371
14.97 -0.000321249
14.98 -0.000339764
14.99 -0.000204489
15 -5.52226e-05
15.01 -2.11417e-05
15.02 -0.000124325
15.03 -0.000269676
15.04 -0.000317488
15.05 -0.000185599
15.06 8.57254e-05
15.07 0.000350463
15.08 0.000449013
15.09 0.000317885
15.1 3.90542e-05
15.11 -0.000210166
15.12 -0.000270623
15.13 -9.70923e-05
15.14 0.000222162
15.15 0.000521995
15.16 0.000651981
15.17 0.000554813
15.18 0.000293816
15.19 1.34991e-05
15.2 -0.00014494
15.21 -0.000120495
15.22 3.96055e-05
15.23 0.000209705
15.24 0.000256783
15.25 0.000119143
15.26 -0.00014897
15.27 -0.000401397
15.28 -0.000490147
15.29 -0.000366577
15.3 -0.00012088
15.31 7.14371e-05
15.32 6.04988e-05
15.33 -0.000181478
15.34 -0.000535926
15.35 -0.000800208
15.36 -0.000805325
15.37 -0.000524659
15.38 -0.00010332
15.39 0.000223287
15.4 0.000280948
15.41 8.01075e-05
15.42 -0.000182406
15.43 -0.0002586
15.44 -2.99036e-05
15.45 0.000403217
15.46 0.00079183
15.47 0.000913135
15.48 0.000719496
15.49 0.000361958
15.5 7.99591e-05
15.51 3.66879e-05
15.52 0.000213289
15.53 0.000434727
15.54 0.000506775
15.55 0.000358376
15.56 8.08805e-05
15.57 -0.000154559
15.58 -0.000221643
15.59 -0.000106748
15.6 0.000110947
15.61 0.00032144
15.62 0.000433392
15.63 0.000399004
15.64 0.000230049
15.65 6.58486e-06
15.66 -0.000144576
15.67 -0.000115242
15.68 0.000102319
15.69 0.00037892
15.7 0.000506257
15.71 0.000331732
15.72 -0.000117168
15.73 -0.000617959
15.74 -0.000880173
15.75 -0.000742093
15.76 -0.000296816
15.77 0.000158836
15.78 0.000330805
15.79 0.000139976
15.8 -0.000225778
15.81 -0.000462222
15.82 -0.000380591
15.83 -3.95114e-05
15.84 0.000312397
15.85 0.000422638
15.86 0.000206605
15.87 -0.000205866
15.88 -0.000563042
15.89 -0.0006524
15.9 -0.000429684
15.91 -4.02245e-05
15.92 0.000277853
15.93 0.000344615
15.94 0.000144831
15.95 -0.000175282
15.96 -0.000407208
15.97 -0.000400927
15.98 -0.000138724
15.99 0.000259534
16 0.000591409
16.01 0.000670956
16.02 0.000438388
16.03 2.0341e-05
16.04 -0.000318611
16.05 -0.000332673
16.06 3.18537e-05
16.07 0.000576867
16.08 0.000967154
16.09 0.00094654
16.1 0.000500367
16.11 -0.000144744
16.12 -0.000666306
16.13 -0.000827598
16.14 -0.000593418
16.15 -0.000140023
16.16 0.000233305
16.17 0.000258396
16.18 -0.000143962
16.19 -0.000789876
16.2 -0.00130798
16.21 -0.00134952
16.22 -0.000814298
16.23 5.81446e-05
16.24 0.000811117
16.25 0.00103641
16.26 0.000611119
16.27 -0.000226209
16.28 -0.000991696
16.29 -0.00121094
16.3 -0.00069944
16.31 0.000284376
16.32 0.00114535
16.33 0.00130565
16.34 0.000597911
16.35 -0.000581604
16.36 -0.00150148
16.37 -0.00156944
16.38 -0.000719739
16.39 0.000541527
16.4 0.00145447
16.41 0.00147425
16.42 0.000593478
16.43 -0.000652128
16.44 -0.00149278
16.45 -0.0013832
16.46 -0.000343398
16.47 0.00103108
16.48 0.00191558
16.49 0.0017599
16.5 0.000630835
16.51 -0.000829236
16.52 -0.00179255
16.53 -0.00173161
16.54 -0.000709537
16.55 0.000676635
16.56 0.0016451
16.57 0.00166801
16.58 0.000761086
16.59 -0.000535315
16.6 -0.00147506
16.61 -0.00153896
16.62 -0.000725102
16.63 0.000469914
16.64 0.00135613
16.65 0.00145178
16.66 0.00074459
16.67 -0.000326178
16.68 -0.00113631
16.69 -0.00123031
16.7 -0.000571836
16.71 0.000436409
16.72 0.00117403
16.73 0.00115397
16.74 0.000316218
16.75 -0.000906558
16.76 -0.00181147
16.77 -0.00183296
16.78 -0.000900326
16.79 0.000478505
16.8 0.00150167
16.81 0.00157389
16.82 0.000683696
16.83 -0.000594151
16.84 -0.00146039
16.85 -0.00137241
16.86 -0.000349143
16.87 0.00106008
16.88 0.00209925
16.89 0.00222728
16.9 0.00139047
16.91 4.32248e-05
16.92 -0.00110131
16.93 -0.00147298
16.94 -0.000949955
16.95 8.86304e-05
16.96 0.00098909
16.97 0.00120963
16.98 0.000639855
16.99 -0.000338409
17 -0.00108838
17.01 -0.00111108
17.02 -0.00035112
17.03 0.000774815
17.04 0.00163802
17.05 0.00177178
17.06 0.0011272
17.07 7.82374e-05
17.08 -0.000798114
17.09 -0.0010368
17.1 -0.000539465
17.11 0.000363785
17.12 0.00109879
17.13 0.00118479
17.14 0.000523662
17.15 -0.000537063
17.16 -0.00140539
17.17 -0.00158912
17.18 -0.00098584
17.19 4.5414e-05
17.2 0.000882754
17.21 0.00100983
17.22 0.000341052
17.23 -0.000705472
17.24 -0.00145689
17.25 -0.00141184
17.26 -0.000563061
17.27 0.000599798
17.28 0.00139655
17.29 0.00136173
17.3 0.000504519
17.31 -0.000710124
17.32 -0.00163024
17.33 -0.0017804
17.34 -0.00112284
17.35 -7.37136e-05
17.36 0.000738684
17.37 0.000842522
17.38 0.000200118
17.39 -0.000772395
17.4 -0.00145593
17.41 -0.00140217
17.42 -0.000603502
17.43 0.000505999
17.44 0.00131499
17.45 0.00139639
17.46 0.00074611
17.47 -0.000233701
17.48 -0.000980786
17.49 -0.00109527
17.5 -0.000554415
17.51 0.000294727
17.52 0.000950614
17.53 0.00104428
17.54 0.000529299
17.55 -0.000318277
17.56 -0.00106392
17.57 -0.00133882
17.58 -0.00101591
17.59 -0.000270073
17.6 0.000502049
17.61 0.000883215
17.62 0.000672485
17.63 2.1422e-05
17.64 -0.000639807
17.65 -0.000864036
17.66 -0.000477029
17.67 0.000302675
17.68 0.00100515
17.69 0.00120803
17.7 0.000791102
17.71 -1.89018e-06
17.72 -0.00071637
17.73 -0.000953984
17.74 -0.000598513
17.75 0.000127653
17.76 0.000806389
17.77 0.00106842
17.78 0.000789994
17.79 0.000139402
17.8 -0.000536645
17.81 -0.000908541
17.82 -0.000830264
17.83 -0.000396139
17.84 0.000126956
17.85 0.00044549
17.86 0.000389266
17.87 -1.98495e-06
17.88 -0.000498571
17.89 -0.000804092
17.9 -0.00072198
17.91 -0.000272725
17.92 0.000310922
17.93 0.00071408
17.94 0.000718118
17.95 0.000319615
17.96 -0.000273133
17.97 -0.000751617
17.98 -0.000863455
17.99 -0.000545126
18 2.66401e-05
18.01 0.000508403
18.02 0.000580524
18.03 0.00015776
18.04 -0.000525327
18.05 -0.00103606
18.06 -0.00101144
18.07 -0.000396873
18.08 0.000508224
18.09 0.00122783
18.1 0.00138639
18.11 0.000916333
18.12 9.12062e-05
18.13 -0.000624167
18.14 -0.000828949
18.15 -0.000415568
18.16 0.000357982
18.17 0.00101058
18.18 0.00112351
18.19 0.000605191
18.2 -0.000227753
18.21 -0.000823572
18.22 -0.000740115
18.23 5.11812e-05
18.24 0.0011171
18.25 0.00182097
18.26 0.0017245
18.27 0.000873175
18.28 -0.000218637
18.29 -0.000876941
18.3 -0.000686104
18.31 0.000243219
18.32 0.00133502
18.33 0.00190565
18.34 0.00158943
18.35 0.000558662
18.36 -0.000598162
18.37 -0.00124484
18.38 -0.00107061
18.39 -0.000251792
18.4 0.000669296
18.41 0.00110324
18.42 0.000750242
18.43 -0.000224065
18.44 -0.00127074
18.45 -0.00176916
18.46 -0.00139955
18.47 -0.000346375
18.48 0.000804868
18.49 0.00141469
18.5 0.0011617
18.51 0.00021665
18.52 -0.000873879
18.53 -0.00151167
18.54 -0.00138371
18.55 -0.000624824
18.56 0.000274389
18.57 0.000755801
18.58 0.000511232
18.59 -0.000348686
18.6 -0.00135954
18.61 -0.00196007
18.62 -0.00180186
18.63 -0.000951728
18.64 0.000125235
18.65 0.000810527
18.66 0.000684816
18.67 -0.000210705
18.68 -0.00137027
18.69 -0.00210034
18.7 -0.00192522
18.71 -0.00087924
18.72 0.000503332
18.73 0.00149463
18.74 0.00158232
18.75 0.000751142
18.76 -0.000506437
18.77 -0.00145273
18.78 -0.00151317
18.79 -0.000618492
18.8 0.000727735
18.81 0.00172568
18.82 0.00174886
18.83 0.00072103
18.84 -0.000827378
18.85 -0.00205241
18.86 -0.00227048
18.87 -0.00133701
18.88 0.000249015
18.89 0.00161091
18.9 0.00200044
18.91 0.00121317
18.92 -0.000304943
18.93 -0.00170212
18.94 -0.00218657
18.95 -0.00146122
18.96 0.000106135
18.97 0.00167403
18.98 0.0023856
18.99 0.00184736
19 0.000382491
19.01 -0.00113106
19.02 -0.00177729
19.03 -0.00114571
19.04 0.000424863
19.05 0.00205088
19.06 0.00282348
19.07 0.00231071
19.08 0.000783995
19.09 -0.00094758
19.1 -0.00197852
19.11 -0.0017835
19.12 -0.000523095
19.13 0.00101211
19.14 0.00184312
19.15 0.00139553
19.16 -0.000116342
19.17 -0.00177807
19.18 -0.0025232
19.19 -0.00179801
19.2 5.76222e-05
19.21 0.00200176
19.22 0.00292724
19.23 0.00227806
19.24 0.000385763
19.25 -0.00169494
19.26 -0.00280362
19.27 -0.00231524
19.28 -0.00050038
19.29 0.00162148
19.3 0.00287818
19.31 0.00259785
19.32 0.000961319
19.33 -0.00112875
19.34 -0.00256746
19.35 -0.00264553
19.36 -0.00140849
19.37 0.000396972
19.38 0.00174481
19.39 0.00189436
19.4 0.000800096
19.41 -0.00086992
19.42 -0.00213355
19.43 -0.00228424
19.44 -0.00130515
19.45 0.000157569
19.46 0.00123058
19.47 0.00135076
19.48 0.000561731
19.49 -0.00057802
19.5 -0.00136873
19.51 -0.00137304
19.52 -0.000623347
19.53 0.000450533
19.54 0.00128878
19.55 0.00149516
19.56 0.00101559
19.57 0.000143653
19.58 -0.000631585
19.59 -0.000875699
19.6 -0.000452926
19.61 0.000370007
19.62 0.00105881
19.63 0.00113784
19.64 0.000509824
19.65 -0.000454857
19.66 -0.0011451
19.67 -0.00110508
19.68 -0.000327057
19.69 0.000746426
19.7 0.00149013
19.71 0.0014569
19.72 0.000631804
19.73 -0.000551901
19.74 -0.00144226
19.75 -0.00153284
19.76 -0.000765257
19.77 0.00042466
19.78 0.00135995
19.79 0.00151631
19.8 0.000810226
19.81 -0.000378546
19.82 -0.00143124
19.83 -0.00181991
19.84 -0.00137339
19.85 -0.00035235
19.86 0.000698772
19.87 0.00123692
19.88 0.000994658
19.89 0.000115865
19.9 -0.000915658
19.91 -0.00153008
19.92 -0.00138399
19.93 -0.000554024
19.94 0.000509487
19.95 0.00123484
19.96 0.00123915
19.97 0.000536249
19.98 -0.000466768
19.99 -0.00119191
20 -0.00122438
20.01 -0.000563563
20.02 0.00038084
20.03 0.00105585
20.04 0.00110743
20.05 0.000570694
20.06 -0.00018848
20.07 -0.000715319
20.08 -0.000723716
20.09 -0.000225147
20.1 0.000505688
20.11 0.0010787
20.12 0.00116753
20.13 0.000664426
20.14 -0.000233278
20.15 -0.00107421
20.16 -0.00136771
20.17 -0.000876701
20.18 0.000192623
20.19 0.00126415
20.2 0.00171903
20.21 0.00127696
20.22 0.000176364
20.23 -0.000968616
20.24 -0.00153006
20.25 -0.00121537
20.26 -0.000211265
20.27 0.000935169
20.28 0.00160945
20.29 0.00144401
20.3 0.0005109
20.31 -0.000701765
20.32 -0.00152597
20.33 -0.00146229
20.34 -0.000472092
20.35 0.00096406
20.36 0.0020839
20.37 0.00226317
20.38 0.00137809
20.39 -0.000110981
20.4 -0.00140908
20.41 -0.00182687
20.42 -0.00116883
20.43 0.000147043
20.44 0.00132007
20.45 0.00162506
20.46 0.000836685
20.47 -0.000627068
20.48 -0.00193413
20.49 -0.0023176
20.5 -0.00152761
20.51 1.46331e-05
20.52 0.00145865
20.53 0.00201338
20.54 0.00139525
20.55 -1.39332e-05
20.56 -0.00139032
20.57 -0.00194123
20.58 -0.00134928
20.59 6.62283e-05
20.6 0.00155188
20.61 0.00233776
20.62 0.00202527
20.63 0.000772137
20.64 -0.000783865
20.65 -0.0018211
20.66 -0.0017458
20.67 -0.000545413
20.68 0.00113288
20.69 0.00228269
20.7 0.00210546
20.71 0.000534421
20.72 -0.0016414
20.73 -0.00319783
20.74 -0.00321164
20.75 -0.00162603
20.76 0.000701516
20.77 0.00247262
20.78 0.00268993
20.79 0.00124105
20.8 -0.00103768
20.81 -0.00284105
20.82 -0.00312704
20.83 -0.00170769
20.84 0.000620292
20.85 0.0024972
20.86 0.00278513
20.87 0.00127437
20.88 -0.00116329
20.89 -0.00309894
20.9 -0.00340251
20.91 -0.00189313
20.92 0.000601761
20.93 0.00272964
20.94 0.00333478
20.95 0.0020988
20.96 -0.000272696
20.97 -0.00241391
20.98 -0.00302101
20.99 -0.0016234
21 0.00106405
21.01 0.00350913
21.02 0.00431675
21.03 0.00305017
21.04 0.0003849
21.05 -0.0022804
21.06 -0.00355087
21.07 -0.00277129
21.08 -0.00041713
21.09 0.0022084
21.1 0.00375216
21.11 0.00346853
21.12 0.0015368
21.13 -0.00103328
21.14 -0.0028751
21.15 -0.0029721
21.16 -0.00126636
21.17 0.00127705
21.18 0.00323275
21.19 0.00352971
21.2 0.00203095
21.21 -0.000439655
21.22 -0.00256587
21.23 -0.00324292
21.24 -0.00215821
21.25 7.24451e-05
21.26 0.00227087
21.27 0.00330197
21.28 0.00261967
21.29 0.000554452
21.3 -0.00182512
21.31 -0.00326274
21.32 -0.00300764
21.33 -0.00123603
21.34 0.00107356
21.35 0.00269453
21.36 0.00277729
21.37 0.00125681
21.38 -0.00110531
21.39 -0.00306286
21.4 -0.00352904
21.41 -0.00221862
21.42 0.000143048
21.43 0.00224948
21.44 0.00297843
21.45 0.00199938
21.46 -7.86841e-05
21.47 -0.00207182
21.48 -0.00289118
21.49 -0.00212786
21.5 -0.00021565
21.51 0.00188193
21.52 0.00316982
21.53 0.00303241
21.54 0.00149339
21.55 -0.000750247
21.56 -0.00258568
21.57 -0.00304188
21.58 -0.00188812
21.59 0.000184511
21.6 0.00199226
21.61 0.00255955
21.62 0.00162333
21.63 -0.000273888
21.64 -0.00208224
21.65 -0.0028016
21.66 -0.00202717
21.67 -0.000156334
21.68 0.00187755
21.69 0.00312273
21.7 0.0030619
21.71 0.00183234
21.72 0.000132734
21.73 -0.00113638
21.74 -0.00132617
21.75 -0.000371947
21.76 0.00119575
21.77 0.00255069
21.78 0.00298541
21.79 0.00225543
21.8 0.000706009
21.81 -0.000890064
21.82 -0.00171033
21.83 -0.00131776
21.84 7.87881e-05
21.85 0.00174697
21.86 0.00282541
21.87 0.00274144
21.88 0.00149006
21.89 -0.000357469
21.9 -0.00190165
21.91 -0.00235056
21.92 -0.00146232
21.93 0.000302492
21.94 0.00204454
21.95 0.00291345
21.96 0.00252967
21.97 0.00114984
21.98 -0.000499661
21.99 -0.00159083
22 -0.00158564
22.01 -0.000491974
22.02 0.0011578
22.03 0.0025592
22.04 0.00299022
22.05 0.00216422
22.06 0.000421855
22.07 -0.00137832
22.08 -0.00226565
22.09 -0.00168944
22.1 0.000128484
22.11 0.00229444
22.12 0.00370322
22.13 0.00358189
22.14 0.00189938
22.15 -0.000570334
22.16 -0.00256853
22.17 -0.00298148
22.18 -0.00150351
22.19 0.00112528
22.2 0.00349784
22.21 0.00430547
22.22 0.00307293
22.23 0.00045387
22.24 -0.00211133
22.25 -0.00321449
22.26 -0.00230212
22.27 3.65159e-05
22.28 0.00251285
22.29 0.00389379
22.3 0.00356334
22.31 0.00173987
22.32 -0.000659484
22.33 -0.00242365
22.34 -0.00263693
22.35 -0.00121025
22.36 0.00104628
22.37 0.00289688
22.38 0.00337025
22.39 0.0022562
22.4 0.000168708
22.41 -0.00180016
22.42 -0.00263045
22.43 -0.00187681
22.44 0.000112469
22.45 0.00239466
22.46 0.0038878
22.47 0.00384601
22.48 0.00221603
22.49 -0.00028889
22.5 -0.00245073
22.51 -0.00311794
22.52 -0.00187263
22.53 0.000655792
22.54 0.00311563
22.55 0.00419848
22.56 0.00337095
22.57 0.0011524
22.58 -0.00121814
22.59 -0.00247907
22.6 -0.00200589
22.61 -0.000108641
22.62 0.00218656
22.63 0.00367778
22.64 0.00356869
22.65 0.00188776
22.66 -0.000498953
22.67 -0.00232321
22.68 -0.00261807
22.69 -0.00128564
22.7 0.000895933
22.71 0.00279515
22.72 0.00355121
22.73 0.00293403
22.74 0.00134506
22.75 -0.000449122
22.76 -0.00165475
22.77 -0.00177755
22.78 -0.000864523
22.79 0.000515652
22.8 0.00158523
22.81 0.00177745
22.82 0.00102375
22.83 -0.000243271
22.84 -0.00133376
22.85 -0.00167201
22.86 -0.00111558
22.87 -1.59566e-05
22.88 0.00103744
22.89 0.00158105
22.9 0.00148542
22.91 0.000919667
22.92 0.000158993
22.93 -0.000579913
22.94 -0.00112451
22.95 -0.00128219
22.96 -0.000905259
22.97 -5.32887e-05
22.98 0.000924379
22.99 0.00152342
23 0.00140205
23.01 0.000661534
23.02 -0.000182408
23.03 -0.000573272
23.04 -0.000347453
23.05 0.000151378
23.06 0.000413729
23.07 0.000230105
23.08 -0.000151605
23.09 -0.000282725
23.1 5.90009e-05
23.11 0.000663269
23.12 0.00103359
23.13 0.000764534
23.14 -0.000123663
23.15 -0.00116324
23.16 -0.0017385
23.17 -0.00148769
23.18 -0.000534569
23.19 0.0005978
23.2 0.00129668
23.21 0.00118664
23.22 0.000322028
23.23 -0.000835289
23.24 -0.001643
23.25 -0.00161281
23.26 -0.000680108
23.27 0.000749764
23.28 0.0019799
23.29 0.00233587
23.3 0.00152387
23.31 -0.000138657
23.32 -0.00180462
23.33 -0.00253956
23.34 -0.00189483
23.35 -0.000208805
23.36 0.00159747
23.37 0.0025419
23.38 0.00208058
23.39 0.000386161
23.4 -0.0017038
23.41 -0.00309962
23.42 -0.00308489
23.43 -0.00176547
23.44 6.98613e-06
23.45 0.00120932
23.46 0.00126567
23.47 0.000298215
23.48 -0.001032
23.49 -0.00192422
23.5 -0.00185515
23.51 -0.000811629
23.52 0.000756675
23.53 0.00218119
23.54 0.00285843
23.55 0.00249215
23.56 0.00124248
23.57 -0.000305836
23.58 -0.001371
23.59 -0.00135402
23.6 -0.000192116
23.61 0.00158366
23.62 0.0030871
23.63 0.00345472
23.64 0.00226912
23.65 -0.000119124
23.66 -0.00257849
23.67 -0.00368521
23.68 -0.00258842
23.69 0.00033935
23.7 0.00361533
23.71 0.0055099
23.72 0.00494741
23.73 0.00205998
23.74 -0.00179531
23.75 -0.00467424
23.76 -0.00507993
23.77 -0.00274111
23.78 0.00131051
23.79 0.00523413
23.8 0.0073107
23.81 0.00662335
23.82 0.00338126
23.83 -0.00105083
23.84 -0.00458754
23.85 -0.00540871
23.86 -0.00309592
23.87 0.00112074
23.88 0.00517757
23.89 0.0072268
23.9 0.00634584
23.91 0.00286673
23.92 -0.00178182
23.93 -0.00559486
23.94 -0.00692128
23.95 -0.00526072
23.96 -0.0013723
23.97 0.00312255
23.98 0.006396
23.99 0.00711142
24 0.00496567
24.01 0.000842922
24.02 -0.00354335
24.03 -0.00634326
24.04 -0.00635876
24.05 -0.00362089
24.06 0.000606553
24.07 0.00444683
24.08 0.00626566
24.09 0.00534973
24.1 0.00222081
24.11 -0.00161083
24.12 -0.00431983
24.13 -0.0046139
24.14 -0.00239773
24.15 0.0012189
24.16 0.00451845
24.17 0.00598809
24.18 0.00498379
24.19 0.00198881
24.2 -0.00164527
24.21 -0.0042577
24.22 -0.0045818
24.23 -0.00239114
24.24 0.00134228
24.25 0.00486731
24.26 0.00644925
24.27 0.00522215
24.28 0.0016738
24.29 -0.00257041
24.3 -0.0055343
24.31 -0.00587666
24.32 -0.00356797
24.33 0.000169639
24.34 0.00361418
24.35 0.00536965
24.36 0.00483337
24.37 0.00236648
24.38 -0.000883737
24.39 -0.00342
24.4 -0.00403302
24.41 -0.00243148
24.42 0.000611968
24.43 0.00368634
24.44 0.00542904
24.45 0.00511819
24.46 0.0029436
24.47 -0.000138173
24.48 -0.00284637
24.49 -0.00408933
24.5 -0.00340493
24.51 -0.0012033
24.52 0.00141082
24.53 0.00315369
24.54 0.00316081
24.55 0.00142664
24.56 -0.00119554
24.57 -0.00338521
24.58 -0.00398395
24.59 -0.00259373
24.6 0.000239126
24.61 0.00334826
24.62 0.00545352
24.63 0.00560061
24.64 0.00354524
24.65 -4.06742e-05
24.66 -0.00371998
24.67 -0.00582064
24.68 -0.0052084
24.69 -0.00195214
24.7 0.00263077
24.71 0.00656258
24.72 0.00811376
24.73 0.0065556
24.74 0.00243299
24.75 -0.00261886
24.76 -0.00642629
24.77 -0.00723276
24.78 -0.00466783
24.79 2.7582e-05
24.8 0.00475582
24.81 0.00758638
24.82 0.00744674
24.83 0.00447948
24.84 -2.46773e-05
24.85 -0.00413537
24.86 -0.00604251
24.87 -0.00484497
24.88 -0.00104945
24.89 0.00365163
24.9 0.00716448
24.91 0.00789821
24.92 0.00549442
24.93 0.000999543
24.94 -0.00365036
24.95 -0.00649993
24.96 -0.0064146
24.97 -0.00354688
24.98 0.000824246
24.99 0.00492875
25 0.00719819
25.01 0.00675643
25.02 0.00371279
25.03 -0.000855613
25.04 -0.00516917
25.05 -0.00735197
25.06 -0.00629878
25.07 -0.00225327
25.08 0.00327817
25.09 0.00812691
25.1 0.0104481
25.11 0.00940298
25.12 0.00524478
25.13 -0.000806123
25.14 -0.00672901
25.15 -0.0105302
25.16 -0.0111136
25.17 -0.00840374
25.18 -0.00330992
25.19 0.00255104
25.2 0.00735386
25.21 0.00957216
25.22 0.00849402
25.23 0.00457236
25.24 -0.000705578
25.25 -0.00536648
25.26 -0.00766696
25.27 -0.00670541
25.28 -0.00277713
25.29 0.00276174
25.3 0.00795606
25.31 0.0109009
25.32 0.0104126
25.33 0.00651619
25.34 0.000511441
25.35 -0.00555766
25.36 -0.00963547
25.37 -0.0103038
25.38 -0.00733257
25.39 -0.0018757
25.4 0.0040736
25.41 0.00849446
25.42 0.00992741
25.43 0.00793224
25.44 0.00331053
25.45 -0.00227171
25.46 -0.00690151
25.47 -0.00905632
25.48 -0.00813014
25.49 -0.0045983
25.5 0.00020429
25.51 0.00464811
25.52 0.00735411
25.53 0.00749068
25.54 0.00503644
25.55 0.000889383
25.56 -0.00352109
25.57 -0.00675372
25.58 -0.00772468
25.59 -0.00603334
25.6 -0.00215164
25.61 0.00279989
25.62 0.0073938
25.63 0.0101883
25.64 0.0101367
25.65 0.00704204
25.66 0.00175786
25.67 -0.00408975
25.68 -0.00858956
25.69 -0.0101283
25.7 -0.00805701
25.71 -0.00308393
25.72 0.00304575
25.73 0.00825385
25.74 0.0108136
25.75 0.00988171
25.76 0.00585745
25.77 0.000279194
25.78 -0.00484383
25.79 -0.00774589
25.8 -0.0074099
25.81 -0.00394061
25.82 0.00148747
25.83 0.00704574
25.84 0.0108598
25.85 0.011637
25.86 0.0091091
25.87 0.00421099
25.88 -0.00127584
25.89 -0.00528972
25.9 -0.00620043
25.91 -0.00354318
25.92 0.00179037
25.93 0.00787603
25.94 0.0124422
25.95 0.0137688
25.96 0.0112167
25.97 0.00530997
25.98 -0.00243005
25.99 -0.00965789
26 -0.0140732
26.01 -0.0144236
26.02 -0.0107679
26.03 -0.00444306
26.04 0.00249815
26.05 0.00802236
26.06 0.0106362
26.07 0.00972875
26.08 0.0057642
26.09 0.000173546
26.1 -0.00518254
26.11 -0.00860552
26.12 -0.00893959
26.13 -0.00594433
26.14 -0.000559943
26.15 0.00547075
26.16 0.0102164
26.17 0.0119668
26.18 0.00975544
26.19 0.00390172
26.2 -0.00408439
26.21 -0.0119226
26.22 -0.0173421
26.23 -0.0188948
26.24 -0.0161686
26.25 -0.00980117
26.26 -0.00141237
26.27 0.00673487
26.28 0.0123363
26.29 0.0137411
26.3 0.0105718
26.31 0.00399401
26.32 -0.00384504
26.33 -0.0106865
26.34 -0.0147994
26.35 -0.0152009
26.36 -0.011844
26.37 -0.00578928
26.38 0.00132837
26.39 0.00773117
26.4 0.0117785
26.41 0.0123422
26.42 0.00924362
26.43 0.00352675
26.44 -0.0030859
26.45 -0.00889592
26.46 -0.0125754
26.47 -0.0132427
26.48 -0.0107352
26.49 -0.00586296
26.5 6.29085e-06
26.51 0.00536487
26.52 0.00880989
26.53 0.0093395
26.54 0.00674278
26.55 0.00184044
26.56 -0.00391564
26.57 -0.00902584
26.58 -0.0122279
26.59 -0.0126422
26.6 -0.0101394
26.61 -0.00551021
26.62 -3.84764e-05
26.63 0.00489567
26.64 0.00804677
26.65 0.00854291
26.66 0.0062104
26.67 0.00178288
26.68 -0.00345862
26.69 -0.00820235
26.7 -0.011371
26.71 -0.0122515
26.72 -0.0107598
26.73 -0.0075539
26.74 -0.00371217
26.75 -0.000381104
26.76 0.00154576
26.77 0.00163173
26.78 -6.66489e-05
26.79 -0.00301955
26.8 -0.00633178
26.81 -0.00894856
26.82 -0.009951
26.83 -0.00890659
26.84 -0.00603031
26.85 -0.00206392
26.86 0.00206743
26.87 0.0054475
26.88 0.00728218
26.89 0.00713962
26.9 0.00513137
26.91 0.00189528
26.92 -0.00173672
26.93 -0.00497816
26.94 -0.00714556
26.95 -0.0077466
26.96 -0.00666754
26.97 -0.00431227
26.98 -0.00143396
26.99 0.00122349
27 0.00306515
27.01 0.00366625
27.02 0.00289777
27.03 0.000998986
27.04 -0.00161326
27.05 -0.00444307
27.06 -0.00690276
27.07 -0.00842978
27.08 -0.00868294
27.09 -0.00768738
27.1 -0.00576789
27.11 -0.00340778
27.12 -0.00111103
27.13 0.000789323
27.14 0.00209176
27.15 0.00258825
27.16 0.00213892
27.17 0.000830193
27.18 -0.00107153
27.19 -0.00316863
27.2 -0.00493259
27.21 -0.00583559
27.22 -0.0055591
27.23 -0.00416872
27.24 -0.00209842
27.25 6.49411e-05
27.26 0.00175289
27.27 0.00246105
27.28 0.00186024
27.29 -4.48385e-05
27.3 -0.00291538
27.31 -0.00614227
27.32 -0.00895663
27.33 -0.0106566
27.34 -0.010837
27.35 -0.00947621
27.36 -0.00689883
27.37 -0.00372202
27.38 -0.00069637
27.39 0.0015569
27.4 0.00263313
27.41 0.00235736
27.42 0.000908455
27.43 -0.00124193
27.44 -0.0034557
27.45 -0.00504518
27.46 -0.00549105
27.47 -0.00461431
27.48 -0.0026408
27.49 -4.71414e-05
27.5 0.00262115
27.51 0.00479059
27.52 0.00592867
27.53 0.00572302
27.54 0.00425021
27.55 0.00195574
27.56 -0.000543186
27.57 -0.00264943
27.58 -0.00385891
27.59 -0.00382799
27.6 -0.00253334
27.61 -0.000337405
27.62 0.00211989
27.63 0.00405113
27.64 0.00473436
27.65 0.0038247
27.66 0.00155237
27.67 -0.00148358
27.68 -0.00456022
27.69 -0.00695573
27.7 -0.00807558
27.71 -0.00759804
27.72 -0.00562993
27.73 -0.00266215
27.74 0.000651984
27.75 0.00358286
27.76 0.00541083
27.77 0.0056565
27.78 0.00428531
27.79 0.00173906
27.8 -0.00134754
27.81 -0.00436163
27.82 -0.00673863
27.83 -0.00798738
27.84 -0.00780355
27.85 -0.00622553
27.86 -0.00362617
27.87 -0.000626237
27.88 0.00206104
27.89 0.00374307
27.9 0.00386675
27.91 0.0022576
27.92 -0.000808301
27.93 -0.00467558
27.94 -0.00842277
27.95 -0.0110234
27.96 -0.0116003
27.97 -0.00977127
27.98 -0.00579792
27.99 -0.000491504
28 0.00496316
28.01 0.00920692
28.02 0.0109496
28.03 0.00940258
28.04 0.00475252
28.05 -0.00188371
28.06 -0.0087822
28.07 -0.0141193
28.08 -0.0163908
28.09 -0.0147865
28.1 -0.00963249
28.11 -0.00221639
28.12 0.00567794
28.13 0.0120857
28.14 0.0152772
28.15 0.0142819
28.16 0.00931849
28.17 0.00178384
28.18 -0.00623238
28.19 -0.0126535
28.2 -0.0158982
28.21 -0.0151276
28.22 -0.0106116
28.23 -0.0036999
28.24 0.00377131
28.25 0.00995731
28.26 0.0133148
28.27 0.0129395
28.28 0.00898091
28.29 0.00270208
28.3 -0.00407626
28.31 -0.00959547
28.32 -0.0125149
28.33 -0.0121005
28.34 -0.00856092
28.35 -0.00310802
28.36 0.00264304
28.37 0.00717918
28.38 0.00930972
28.39 0.00838633
28.4 0.00461714
28.41 -0.000966821
28.42 -0.00684781
28.43 -0.0115068
28.44 -0.0137616
28.45 -0.012995
28.46 -0.00954315
28.47 -0.00452514
28.48 0.000759765
28.49 0.00513357
28.5 0.00768433
28.51 0.00791758
28.52 0.0059404
28.53 0.00250185
28.54 -0.00137885
28.55 -0.00473931
28.56 -0.00682611
28.57 -0.00719156
28.58 -0.00580966
28.59 -0.0031505
28.6 7.17248e-05
28.61 0.0031309
28.62 0.00534235
28.63 0.00615323
28.64 0.00535088
28.65 0.00322051
28.66 0.000374515
28.67 -0.00258288
28.68 -0.00517625
28.69 -0.00700889
28.7 -0.00779859
28.71 -0.00747413
28.72 -0.00616269
28.73 -0.00414641
28.74 -0.0018456
28.75 0.000367279
28.76 0.00226619
28.77 0.00367297
28.78 0.00441979
28.79 0.00441072
28.8 0.00366794
28.81 0.00229856
28.82 0.000492255
28.83 -0.00149226
28.84 -0.00325593
28.85 -0.00427027
28.86 -0.00414291
28.87 -0.00287167
28.88 -0.000844948
28.89 0.00145494
28.9 0.00359579
28.91 0.00512982
28.92 0.00561474
28.93 0.00475754
28.94 0.0025961
28.95 -0.000470779
28.96 -0.0037773
28.97 -0.00654166
28.98 -0.00804376
28.99 -0.00782451
29 -0.00586414
29.01 -0.00257604
29.02 0.00138107
29.03 0.00514444
29.04 0.0077694
29.05 0.00858145
29.06 0.0074754
29.07 0.00495313
29.08 0.0018537
29.09 -0.00102678
29.1 -0.00308624
29.11 -0.00389953
29.12 -0.00327195
29.13 -0.00134983
29.14 0.00146044
29.15 0.00451069
29.16 0.00691825
29.17 0.00780696
29.18 0.00664131
29.19 0.00350675
29.2 -0.000935556
29.21 -0.0056526
29.22 -0.00951676
29.23 -0.0115554
29.24 -0.0112031
29.25 -0.00860665
29.26 -0.00456276
29.27 -0.00020485
29.28 0.00331749
29.29 0.00511256
29.3 0.00473494
29.31 0.00236169
29.32 -0.00129688
29.33 -0.00520117
29.34 -0.00825423
29.35 -0.00961867
29.36 -0.00895215
29.37 -0.00657703
29.38 -0.00330355
29.39 -1.21011e-05
29.4 0.00261919
29.41 0.00415899
29.42 0.00440648
29.43 0.00344512
29.44 0.0016488
29.45 -0.00052264
29.46 -0.00268819
29.47 -0.00452025
29.48 -0.00572626
29.49 -0.00614712
29.5 -0.00585577
29.51 -0.00508977
29.52 -0.00410719
29.53 -0.0030913
29.54 -0.00210902
29.55 -0.00116345
29.56 -0.000245955
29.57 0.000667145
29.58 0.00157086
29.59 0.00237936
29.6 0.00297495
29.61 0.00328202
29.62 0.00328953
29.63 0.0030633
29.64 0.00276327
29.65 0.00262297
29.66 0.00285482
29.67 0.00351627
29.68 0.00442548
29.69 0.0051944
29.7 0.00539279
29.71 0.00476661
29.72 0.00338034
29.73 0.00159789
29.74 -0.000123631
29.75 -0.00145641
29.76 -0.00223367
29.77 -0.00241285
29.78 -0.00212888
29.79 -0.00171705
29.8 -0.00158216
29.81 -0.0020167
29.82 -0.00306515
29.83 -0.00448098
29.84 -0.00581385
29.85 -0.00658129
29.86 -0.00645021
29.87 -0.00536235
29.88 -0.00354855
29.89 -0.00143444
29.9 0.000564951
29.91 0.00210758
29.92 0.00287031
29.93 0.00265307
29.94 0.00155795
29.95 -3.11101e-05
29.96 -0.00166718
29.97 -0.00297104
29.98 -0.00366755
29.99 -0.0036407
30 -0.00298
30.01 -0.00196745
30.02 -0.00100925
30.03 -0.00052224
30.04 -0.000807995
30.05 -0.00191091
30.06 -0.00347891
30.07 -0.00481821
30.08 -0.00519471
30.09 -0.00421078
30.1 -0.00203107
30.11 0.000772663
30.12 0.00345017
30.13 0.00526168
30.14 0.00570812
30.15 0.00469735
30.16 0.00257271
30.17 -9.03627e-05
30.18 -0.00272386
30.19 -0.00481516
30.2 -0.00588982
30.21 -0.00563838
30.22 -0.00410617
30.23 -0.00168538
30.24 0.00111937
30.25 0.00376557
30.26 0.00566408
30.27 0.00633782
30.28 0.00562641
30.29 0.00377097
30.3 0.00131801
30.31 -0.00115306
30.32 -0.00317781
30.33 -0.00440592
30.34 -0.00464614
30.35 -0.00392375
30.36 -0.00249528
30.37 -0.000753554
30.38 0.000928987
30.39 0.00220507
30.4 0.00273636
30.41 0.00233446
30.42 0.00108157
30.43 -0.000787504
30.44 -0.00297732
30.45 -0.00508106
30.46 -0.00658814
30.47 -0.00700754
30.48 -0.00605478
30.49 -0.00379483
30.5 -0.000682706
30.51 0.00257469
30.52 0.00518223
30.53 0.00644093
30.54 0.00603512
30.55 0.00420115
30.56 0.00157781
30.57 -0.0011958
30.58 -0.00365253
30.59 -0.00540968
30.6 -0.006144
30.61 -0.00570314
30.62 -0.00421446
30.63 -0.00202867
30.64 0.000476509
30.65 0.00295582
30.66 0.00501977
30.67 0.00624331
30.68 0.00629045
30.69 0.00507442
30.7 0.0028418
30.71 0.000124655
30.72 -0.00246214
30.73 -0.00436915
30.74 -0.00517455
30.75 -0.00469887
30.76 -0.00309903
30.77 -0.000789574
30.78 0.00176196
30.79 0.0040457
30.8 0.00546612
30.81 0.00553036
30.82 0.0041263
30.83 0.00161224
30.84 -0.00141788
30.85 -0.0043153
30.86 -0.00644745
30.87 -0.00732186
30.88 -0.00673542
30.89 -0.00486378
30.9 -0.00217816
30.91 0.000765904
30.92 0.0033896
30.93 0.00510074
30.94 0.00544555
30.95 0.00429662
30.96 0.00194068
30.97 -0.0010994
30.98 -0.00419577
30.99 -0.00664976
31 -0.00780812
31.01 -0.00728824
31.02 -0.00521902
31.03 -0.00221068
31.04 0.000951451
31.05 0.00350446
31.06 0.00483475
31.07 0.00467592
31.08 0.003233
31.09 0.00109709
31.1 -0.00110201
31.11 -0.00289346
31.12 -0.00391954
31.13 -0.00393318
31.14 -0.00289502
31.15 -0.00102443
31.16 0.00132567
31.17 0.00365408
31.18 0.0052627
31.19 0.00547447
31.2 0.00397965
31.21 0.00104154
31.22 -0.00265742
31.23 -0.00622157
31.24 -0.00868543
31.25 -0.00925392
31.26 -0.00763078
31.27 -0.00418294
31.28 0.000262087
31.29 0.00464963
31.3 0.00790805
31.31 0.00919897
31.32 0.00821311
31.33 0.00536397
31.34 0.00156891
31.35 -0.00222098
31.36 -0.00524548
31.37 -0.00695235
31.38 -0.00705181
31.39 -0.00560712
31.4 -0.00302009
31.41 0.00015637
31.42 0.00330822
31.43 0.00574149
31.44 0.00678064
31.45 0.0060461
31.46 0.00370786
31.47 0.000421646
31.48 -0.00298555
31.49 -0.00573104
31.5 -0.00714806
31.51 -0.00683388
31.52 -0.00486361
31.53 -0.00179267
31.54 0.0016221
31.55 0.00456308
31.56 0.00623115
31.57 0.00610266
31.58 0.00419575
31.59 0.00109518
31.6 -0.00237657
31.61 -0.00541799
31.62 -0.00732564
31.63 -0.00762147
31.64 -0.00625956
31.65 -0.00366497
31.66 -0.000493698
31.67 0.00261028
31.68 0.00504181
31.69 0.00622096
31.7 0.00577469
31.71 0.0037649
31.72 0.000696406
31.73 -0.00271673
31.74 -0.00571412
31.75 -0.00755354
31.76 -0.00768803
31.77 -0.00601488
31.78 -0.00293807
31.79 0.000871584
31.8 0.0046097
31.81 0.00741353
31.82 0.00856036
31.83 0.00771641
31.84 0.00510191
31.85 0.00137605
31.86 -0.00267241
31.87 -0.00624943
31.88 -0.00856373
31.89 -0.00898205
31.9 -0.0073139
31.91 -0.00397797
31.92 0.000160989
31.93 0.00404987
31.94 0.00669344
31.95 0.00739359
31.96 0.0059913
31.97 0.0029944
31.98 -0.00071317
31.99 -0.00420468
32 -0.00666086
32.01 -0.00742581
32.02 -0.00616064
32.03 -0.00310625
32.04 0.00103637
32.05 0.00525031
32.06 0.00835655
32.07 0.00936959
32.08 0.00791542
32.09 0.00443655
32.1 -8.05948e-05
32.11 -0.00449369
32.12 -0.00776422
32.13 -0.00904786
32.14 -0.00786812
32.15 -0.00444091
32.16 0.000400744
32.17 0.0054252
32.18 0.00926207
32.19 0.010758
32.2 0.00939851
32.21 0.00565455
32.22 0.000745013
32.23 -0.00394627
32.24 -0.00730367
32.25 -0.00862751
32.26 -0.00771724
32.27 -0.00499957
32.28 -0.0013135
32.29 0.00251374
32.3 0.00577611
32.31 0.00779513
32.32 0.00801529
32.33 0.00629164
32.34 0.00301788
32.35 -0.00103047
32.36 -0.00487187
32.37 -0.00752471
32.38 -0.00824897
32.39 -0.00680774
32.4 -0.00363776
32.41 0.000406563
32.42 0.00435479
32.43 0.00729037
32.44 0.00849621
32.45 0.00764762
32.46 0.00501034
32.47 0.00132657
32.48 -0.00252569
32.49 -0.00570201
32.5 -0.00745512
32.51 -0.00731224
32.52 -0.00530093
32.53 -0.00196614
32.54 0.00193066
32.55 0.00556843
32.56 0.00810148
32.57 0.00883304
32.58 0.00745717
32.59 0.00420121
32.6 -0.0002386
32.61 -0.00483457
32.62 -0.00841753
32.63 -0.00991138
32.64 -0.00870871
32.65 -0.00506849
32.66 1.54974e-05
32.67 0.005237
32.68 0.0093415
32.69 0.011332
32.7 0.0106869
32.71 0.00765945
32.72 0.00317339
32.73 -0.00161696
32.74 -0.00562131
32.75 -0.00803888
32.76 -0.00852196
32.77 -0.00723201
32.78 -0.00476131
32.79 -0.00186345
32.8 0.000833389
32.81 0.00284515
32.82 0.00375883
32.83 0.00334452
32.84 0.00172923
32.85 -0.000655884
32.86 -0.0032164
32.87 -0.00529052
32.88 -0.00627411
32.89 -0.00579707
32.9 -0.0039073
32.91 -0.00104791
32.92 0.00218127
32.93 0.0051251
32.94 0.00710514
32.95 0.00762071
32.96 0.00657936
32.97 0.00430786
32.98 0.00139768
32.99 -0.00155799
33 -0.00403192
33.01 -0.00551289
33.02 -0.00561292
33.03 -0.00426446
33.04 -0.00187787
33.05 0.00082733
33.06 0.00304443
33.07 0.00406682
33.08 0.00357155
33.09 0.00181817
33.1 -0.000505085
33.11 -0.00262113
33.12 -0.00389103
33.13 -0.00391251
33.14 -0.00257716
33.15 -9.06027e-05
33.16 0.00307685
33.17 0.00621776
33.18 0.00845605
33.19 0.00897198
33.2 0.00734297
33.21 0.00377159
33.22 -0.00100462
33.23 -0.0058943
33.24 -0.00970494
33.25 -0.0113897
33.26 -0.0103323
33.27 -0.00668239
33.28 -0.0013094
33.29 0.0045217
33.3 0.00942187
33.31 0.0120976
33.32 0.0117075
33.33 0.00829611
33.34 0.00280358
33.35 -0.00337035
33.36 -0.00875319
33.37 -0.0120678
33.38 -0.0124558
33.39 -0.00978087
33.4 -0.00476112
33.41 0.00141994
33.42 0.0073899
33.43 0.0117828
33.44 0.0134966
33.45 0.0120015
33.46 0.00763095
33.47 0.00145536
33.48 -0.00506155
33.49 -0.0103692
33.5 -0.0130858
33.51 -0.0123445
33.52 -0.00827052
33.53 -0.00201524
33.54 0.00476792
33.55 0.0104512
33.56 0.0137142
33.57 0.0137805
33.58 0.0107419
33.59 0.00552737
33.6 -0.000516062
33.61 -0.00599787
33.62 -0.00974509
33.63 -0.0109009
33.64 -0.00912777
33.65 -0.00491905
33.66 0.000591283
33.67 0.00598737
33.68 0.00991436
33.69 0.0113568
33.7 0.00987612
33.71 0.00584838
33.72 0.000281079
33.73 -0.00553942
33.74 -0.0103127
33.75 -0.0128717
33.76 -0.0124558
33.77 -0.00917154
33.78 -0.00397248
33.79 0.00182911
33.8 0.00686589
33.81 0.00997524
33.82 0.0104975
33.83 0.00849117
33.84 0.00474076
33.85 0.000409245
33.86 -0.00341496
33.87 -0.00594507
33.88 -0.00670205
33.89 -0.005589
33.9 -0.00302463
33.91 0.000244375
33.92 0.00338537
33.93 0.00560702
33.94 0.00630702
33.95 0.00528219
33.96 0.00289442
33.97 -0.000110979
33.98 -0.002915
33.99 -0.00477509
34 -0.00510356
34.01 -0.00366598
34.02 -0.000761015
34.03 0.00295067
34.04 0.00665843
34.05 0.00950763
34.06 0.0107844
34.07 0.0101584
34.08 0.00776828
34.09 0.00410975
34.1 -9.84005e-05
34.11 -0.00407321
34.12 -0.00707631
34.13 -0.00844368
34.14 -0.00775615
34.15 -0.00516049
34.16 -0.00140203
34.17 0.00254572
34.18 0.00575432
34.19 0.00743391
34.2 0.00710974
34.21 0.00486764
34.22 0.00137418
34.23 -0.0024311
34.24 -0.0055919
34.25 -0.00728487
34.26 -0.00702343
34.27 -0.00489095
34.28 -0.00153437
34.29 0.00219142
34.3 0.00542719
34.31 0.00735491
34.32 0.0074067
34.33 0.00555433
34.34 0.00234094
34.35 -0.00146969
34.36 -0.00511909
34.37 -0.00789861
34.38 -0.00921143
34.39 -0.00873776
34.4 -0.00661799
34.41 -0.0033939
34.42 0.000207202
34.43 0.00344646
34.44 0.00568384
34.45 0.00645806
34.46 0.00559003
34.47 0.00328146
34.48 4.01685e-05
34.49 -0.00349499
34.5 -0.00663175
34.51 -0.00864879
34.52 -0.00897571
34.53 -0.007492
34.54 -0.00457894
34.55 -0.000936963
34.56 0.00268672
34.57 0.00561468
34.58 0.00723574
34.59 0.00714262
34.6 0.0053248
34.61 0.00222146
34.62 -0.00148912
34.63 -0.00503315
34.64 -0.00763156
34.65 -0.0086695
34.66 -0.00790901
34.67 -0.0056559
34.68 -0.00263247
34.69 0.00035618
34.7 0.00264555
34.71 0.00379012
34.72 0.00362641
34.73 0.00233539
34.74 0.000384082
34.75 -0.00170526
34.76 -0.00344943
34.77 -0.00439997
34.78 -0.00426614
34.79 -0.00308303
34.8 -0.00122097
34.81 0.000867823
34.82 0.00279057
34.83 0.00419281
34.84 0.00481481
34.85 0.00458874
34.86 0.00367068
34.87 0.00239111
34.88 0.00118383
34.89 0.000453881
34.9 0.000432056
34.91 0.00115394
34.92 0.00241773
34.93 0.00376685
34.94 0.0046167
34.95 0.00444791
34.96 0.00303461
34.97 0.00057981
34.98 -0.00240683
34.99 -0.005233
35 -0.00711515
35.01 -0.00741411
35.02 -0.00593953
35.03 -0.00307702
35.04 0.000435819
35.05 0.00376065
35.06 0.00613606
35.07 0.0070493
35.08 0.00637694
35.09 0.00442513
35.1 0.00175519
35.11 -0.00106843
35.12 -0.00351806
35.13 -0.00506787
35.14 -0.00532319
35.15 -0.00423605
35.16 -0.00219364
35.17 0.000206339
35.18 0.0024003
35.19 0.00391968
35.2 0.00442784
35.21 0.00381161
35.22 0.0022472
35.23 9.58718e-05
35.24 -0.00226781
35.25 -0.00445687
35.26 -0.00602857
35.27 -0.00659805
35.28 -0.00600854
35.29 -0.00439267
35.3 -0.0021514
35.31 0.000194571
35.32 0.00217409
35.33 0.00344587
35.34 0.00387817
35.35 0.00359296
35.36 0.00289374
35.37 0.00208743
35.38 0.00137169
35.39 0.000858391
35.4 0.000605437
35.41 0.000624946
35.42 0.000853779
35.43 0.00109683
35.44 0.00106381
35.45 0.000510841
35.46 -0.000673149
35.47 -0.00240743
35.48 -0.0043572
35.49 -0.00600164
35.5 -0.0068049
35.51 -0.00639493
35.52 -0.00473268
35.53 -0.00221418
35.54 0.00049129
35.55 0.00267919
35.56 0.00380036
35.57 0.00365621
35.58 0.00250356
35.59 0.00096452
35.6 -0.00032279
35.61 -0.000993087
35.62 -0.00097556
35.63 -0.000400384
35.64 0.000519341
35.65 0.00155619
35.66 0.00246165
35.67 0.00297274
35.68 0.00287277
35.69 0.00207428
35.7 0.000682331
35.71 -0.0010499
35.72 -0.00273688
35.73 -0.00389598
35.74 -0.00415093
35.75 -0.00344296
35.76 -0.00207609
35.77 -0.000530546
35.78 0.000794852
35.79 0.00165731
35.8 0.00190824
35.81 0.0015349
35.82 0.000739976
35.83 -0.000141483
35.84 -0.00078372
35.85 -0.00095065
35.86 -0.000561552
35.87 0.000273146
35.88 0.00128079
35.89 0.00209282
35.9 0.0023497
35.91 0.00185332
35.92 0.000673019
35.93 -0.00092194
35.94 -0.00252557
35.95 -0.00364245
35.96 -0.00386636
35.97 -0.00307342
35.98 -0.00146971
35.99 0.000611738
36 0.0028209
36.01 0.00472868
36.02 0.0058625
36.03 0.00585888
36.04 0.00462562
36.05 0.00240372
36.06 -0.000306042
36.07 -0.00288701
36.08 -0.00471806
36.09 -0.00528907
36.1 -0.00440026
36.11 -0.00235287
36.12 0.000168814
36.13 0.0023528
36.14 0.00345349
36.15 0.00301294
36.16 0.00109118
36.17 -0.00178562
36.18 -0.004757
36.19 -0.00683217
36.2 -0.00723714
36.21 -0.00566531
36.22 -0.00238187
36.23 0.00200641
36.24 0.00666999
36.25 0.0105484
36.26 0.0125225
36.27 0.0117599
36.28 0.0081082
36.29 0.00221057
36.3 -0.00469164
36.31 -0.0110425
36.32 -0.01527
36.33 -0.016124
36.34 -0.0131486
36.35 -0.00695734
36.36 0.00104309
36.37 0.0089489
36.38 0.0147937
36.39 0.0171266
36.4 0.0154312
36.41 0.0103348
36.42 0.00328853
36.43 -0.00400944
36.44 -0.00998201
36.45 -0.0134115
36.46 -0.0136268
36.47 -0.0107534
36.48 -0.00576192
36.49 -5.39711e-05
36.5 0.00502418
36.51 0.00848229
36.52 0.00973308
36.53 0.00865405
36.54 0.00573262
36.55 0.00189819
36.56 -0.0018353
36.57 -0.00450609
36.58 -0.00532549
36.59 -0.00396589
36.6 -0.000787095
36.61 0.0033386
36.62 0.00730464
36.63 0.00993894
36.64 0.0102491
36.65 0.00777354
36.66 0.00282532
36.67 -0.00363804
36.68 -0.0102411
36.69 -0.0154851
36.7 -0.0180884
36.71 -0.0174006
36.72 -0.0136972
36.73 -0.00794633
36.74 -0.0014668
36.75 0.00446238
36.76 0.00888347
36.77 0.0111547
36.78 0.0109578
36.79 0.00843569
36.8 0.00422172
36.81 -0.000808299
36.82 -0.00567511
36.83 -0.00938557
36.84 -0.0110765
36.85 -0.0102762
36.86 -0.00722515
36.87 -0.00276661
36.88 0.00207895
36.89 0.00629497
36.9 0.00894365
36.91 0.00937002
36.92 0.00748361
36.93 0.00386877
36.94 -0.000503825
36.95 -0.00460779
36.96 -0.00758535
36.97 -0.00885083
36.98 -0.00816024
36.99 -0.00572685
37 -0.0021196
37.01 0.00198186
37.02 0.00578009
37.03 0.00834699
37.04 0.00889791
37.05 0.00719565
37.06 0.00373515
37.07 -0.00050523
37.08 -0.00440402
37.09 -0.00698045
37.1 -0.00759055
37.11 -0.00608347
37.12 -0.00293221
37.13 0.00105014
37.14 0.00498061
37.15 0.00802168
37.16 0.00951691
37.17 0.00917076
37.18 0.00721567
37.19 0.00424746
37.2 0.00100082
37.21 -0.00187167
37.22 -0.0038604
37.23 -0.00458789
37.24 -0.00394094
37.25 -0.00216601
37.26 0.000232236
37.27 0.0026682
37.28 0.00457051
37.29 0.00546381
37.3 0.00509597
37.31 0.00356773
37.32 0.00129406
37.33 -0.00124364
37.34 -0.00356825
37.35 -0.0051616
37.36 -0.00558588
37.37 -0.0047065
37.38 -0.00282487
37.39 -0.000555753
37.4 0.00146141
37.41 0.00270994
37.42 0.00285099
37.43 0.0018652
37.44 8.64448e-05
37.45 -0.00194974
37.46 -0.00361209
37.47 -0.00431333
37.48 -0.00376401
37.49 -0.0021766
37.5 -0.00016827
37.51 0.0015673
37.52 0.00248542
37.53 0.00229421
37.54 0.00102796
37.55 -0.00105655
37.56 -0.00354556
37.57 -0.00586574
37.58 -0.0073927
37.59 -0.00760161
37.6 -0.00623477
37.61 -0.00339322
37.62 0.000553419
37.63 0.00501775
37.64 0.0092187
37.65 0.0122585
37.66 0.013334
37.67 0.0120727
37.68 0.00866424
37.69 0.00384151
37.7 -0.00136062
37.71 -0.00585455
37.72 -0.008768
37.73 -0.00962703
37.74 -0.00837175
37.75 -0.00542973
37.76 -0.00154465
37.77 0.00252598
37.78 0.00600986
37.79 0.00804274
37.8 0.00789689
37.81 0.00542077
37.82 0.00118776
37.83 -0.00375586
37.84 -0.0081782
37.85 -0.0108646
37.86 -0.0108904
37.87 -0.00804503
37.88 -0.00297376
37.89 0.00319692
37.9 0.00917407
37.91 0.0136305
37.92 0.0153705
37.93 0.0137075
37.94 0.00879222
37.95 0.00156577
37.96 -0.00643777
37.97 -0.0134044
37.98 -0.0176072
37.99 -0.0178313
38 -0.0139848
38.01 -0.00728107
38.02 0.000304869
38.03 0.00670949
38.04 0.0103677
38.05 0.0104894
38.06 0.0072354
38.07 0.00185342
38.08 -0.00385059
38.09 -0.00820294
38.1 -0.0100102
38.11 -0.0087134
38.12 -0.00465496
38.13 0.00100325
38.14 0.00667061
38.15 0.0107956
38.16 0.0121638
38.17 0.0100754
38.18 0.00475199
38.19 -0.00277532
38.2 -0.0108776
38.21 -0.0171039
38.22 -0.0189779
38.23 -0.0155039
38.24 -0.00765971
38.25 0.00239902
38.26 0.0120463
38.27 0.0190727
38.28 0.0221771
38.29 0.0206524
38.3 0.0145794
38.31 0.00488977
38.32 -0.0066785
38.33 -0.0177045
38.34 -0.0263578
38.35 -0.0321721
38.36 -0.0354434
38.37 -0.0365275
38.38 -0.0354361
38.39 -0.0319061
38.4 -0.0259054
38.41 -0.0178364
38.42 -0.00825115
38.43 0.00218142
38.44 0.0121542
38.45 0.020399
38.46 0.0265131
38.47 0.0304504
38.48 0.0320288
38.49 0.0314349
38.5 0.0293633
38.51 0.0261658
38.52 0.0215406
38.53 0.0154065
38.54 0.00837132
38.55 0.00117075
38.56 -0.00534655
38.57 -0.0104707
38.58 -0.014259
38.59 -0.0170387
38.6 -0.0185905
38.61 -0.0183668
38.62 -0.0164633
38.63 -0.0135309
38.64 -0.00991398
38.65 -0.00550914
38.66 -0.000523582
38.67 0.00447742
38.68 0.00903206
38.69 0.0128677
38.7 0.0160604
38.71 0.0188452
38.72 0.0211376
38.73 0.0225523
38.74 0.0227924
38.75 0.0217221
38.76 0.0191718
38.77 0.0150146
38.78 0.0094658
38.79 0.00304982
38.8 -0.00353333
38.81 -0.00956826
38.82 -0.0149894
38.83 -0.0201912
38.84 -0.0250125
38.85 -0.0287341
38.86 -0.0310698
38.87 -0.0323208
38.88 -0.0324795
38.89 -0.0310451
38.9 -0.0278994
38.91 -0.0235941
38.92 -0.0186279
38.93 -0.013089
38.94 -0.00723761
38.95 -0.00164637
38.96 0.00326944
38.97 0.00708493
38.98 0.0096662
38.99 0.0113114
39 0.01217
39.01 0.0120681
39.02 0.0109643
39.03 0.00930349
39.04 0.00763183
39.05 0.00614963
39.06 0.00478236
39.07 0.00369403
39.08 0.00320996
39.09 0.00339565
39.1 0.00406408
39.11 0.00491181
39.12 0.00597599
39.13 0.00751561
39.14 0.00941769
39.15 0.0111641
39.16 0.012409
39.17 0.0132169
39.18 0.0136176
39.19 0.0132767
39.2 0.0119599
39.21 0.00981441
39.22 0.00694161
39.23 0.00314955
39.24 -0.00157421
39.25 -0.00690185
39.26 -0.0124658
39.27 -0.0178363
39.28 -0.0224919
39.29 -0.0260434
39.3 -0.0283786
39.31 -0.0295116
39.32 -0.0293661
39.33 -0.0277974
39.34 -0.0247558
39.35 -0.0203229
39.36 -0.0146382
39.37 -0.00791434
39.38 -0.000488353
39.39 0.00683007
39.4 0.013487
39.41 0.0196975
39.42 0.0255683
39.43 0.0306391
39.44 0.0344785
39.45 0.0373154
39.46 0.0396338
39.47 0.0414649
39.48 0.042427
39.49 0.0422984
39.5 0.041276
39.51 0.0396132
39.52 0.0372321
39.53 0.0338414
39.54 0.0293658
39.55 0.0240584
39.56 0.0182214
39.57 0.0119992
39.58 0.00552054
39.59 -0.000985037
39.6 -0.00699449
39.61 -0.0122933
39.62 -0.0172309
39.63 -0.0219475
39.64 -0.0260276
39.65 -0.0288215
39.66 -0.0301788
39.67 -0.0305181
39.68 -0.0300808
39.69 -0.0286359
39.7 -0.0260788
39.71 -0.0228194
39.72 -0.0192806
39.73 -0.0154091
39.74 -0.0109089
39.75 -0.00585585
39.76 -0.000587169
39.77 0.00467971
39.78 0.00950021
39.79 0.0135679
39.8 0.0169612
39.81 0.019593
39.82 0.0210507
39.83 0.0208506
39.84 0.0190436
39.85 0.0162767
39.86 0.0131798
39.87 0.00997972
39.88 0.00653568
39.89 0.00285035
39.9 -0.000910677
39.91 -0.00477119
39.92 -0.00871563
39.93 -0.0123874
39.94 -0.0156108
39.95 -0.0185727
39.96 -0.0212738
39.97 -0.0232666
39.98 -0.024065
39.99 -0.0237249
40 -0.0225853
40.01 -0.0207086
40.02 -0.0179557
40.03 -0.0144347
40.04 -0.0105272
40.05 -0.00655055
40.06 -0.00259518
40.07 0.00114563
40.08 0.00439128
40.09 0.00701615
40.1 0.00893746
40.11 0.0100876
40.12 0.0104931
40.13 0.0102602
40.14 0.00949778
40.15 0.00828252
40.16 0.00671617
40.17 0.00497162
40.18 0.00321623
40.19 0.00148079
40.2 -0.000340996
40.21 -0.0023842
40.22 -0.00474275
40.23 -0.00743417
40.24 -0.0103454
40.25 -0.0132183
40.26 -0.0157327
40.27 -0.0176139
40.28 -0.0186505
40.29 -0.0186342
40.3 -0.0173424
40.31 -0.0146219
40.32 -0.0104914
40.33 -0.00515634
40.34 0.00105898
40.35 0.0074617
40.36 0.0136489
40.37 0.019796
40.38 0.0258555
40.39 0.0312808
40.4 0.0354403
40.41 0.0382207
40.42 0.0398954
40.43 0.0404416
40.44 0.0393615
40.45 0.0362511
40.46 0.0313153
40.47 0.0251064
40.48 0.0180237
40.49 0.010216
40.5 0.00201017
40.51 -0.0057722
40.52 -0.0123623
40.53 -0.0177502
40.54 -0.0222391
40.55 -0.0257639
40.56 -0.0278156
40.57 -0.0279936
40.58 -0.0266406
40.59 -0.0244832
40.6 -0.0219313
40.61 -0.0189765
40.62 -0.0157793
40.63 -0.0128201
40.64 -0.0103661
40.65 -0.0082455
40.66 -0.00605346
40.67 -0.00368496
40.68 -0.00128272
40.69 0.0011765
40.7 0.00379453
40.71 0.0063017
40.72 0.00836655
40.73 0.0102182
40.74 0.0122575
40.75 0.0145952
40.76 0.0169569
40.77 0.0189309
40.78 0.0204677
40.79 0.0217419
40.8 0.0227183
40.81 0.0231304
40.82 0.0228809
40.83 0.0223314
40.84 0.0218296
40.85 0.0211625
40.86 0.0197342
40.87 0.0171284
40.88 0.0132672
40.89 0.00819074
40.9 0.00198542
40.91 -0.00475593
40.92 -0.0113762
40.93 -0.0176351
40.94 -0.0232193
40.95 -0.0275146
40.96 -0.0296955
40.97 -0.0294151
40.98 -0.0271661
40.99 -0.023607
41 -0.0190331
41.01 -0.0135092
41.02 -0.00751788
41.03 -0.001724
41.04 0.0037134
41.05 0.00852901
41.06 0.0124824
41.07 0.0160779
41.08 0.0198744
41.09 0.0238507
41.1 0.0274395
41.11 0.0300819
41.12 0.0318667
41.13 0.0331408
41.14 0.0337824
41.15 0.0331643
41.16 0.0308585
41.17 0.0270654
41.18 0.0221601
41.19 0.0162283
41.2 0.00911578
41.21 0.000998896
41.22 -0.00737434
41.23 -0.0151428
41.24 -0.0219268
41.25 -0.0276718
41.26 -0.0320933
41.27 -0.0345827
41.28 -0.0347827
