0.01 5.62371e-07
0.02 1.02001e-06
0.03 -1.30154e-06
0.04 -7.77084e-06
0.05 -1.65758e-05
0.06 -2.44088e-05
0.07 -2.97833e-05
0.08 -3.53204e-05
0.09 -4.54751e-05
0.1 -5.98076e-05
0.11 -6.86368e-05
0.12 -5.83532e-05
0.13 -2.36525e-05
0.14 2.54171e-05
0.15 6.9033e-05
0.16 9.00481e-05
0.17 8.24274e-05
0.18 5.12517e-05
0.19 8.40784e-06
0.2 -3.05813e-05
0.21 -4.97857e-05
0.22 -4.01512e-05
0.23 -7.14923e-06
0.24 3.01663e-05
0.25 5.06463e-05
0.26 4.43337e-05
0.27 1.74341e-05
0.28 -1.28159e-05
0.29 -2.85608e-05
0.3 -2.18845e-05
0.31 -9.47267e-07
0.32 1.32644e-05
0.33 8.5985e-07
0.34 -3.99695e-05
0.35 -8.64542e-05
0.36 -0.000103699
0.37 -6.94669e-05
0.38 7.75241e-06
0.39 9.26995e-05
0.4 0.000146486
0.41 0.000150139
0.42 0.000111768
0.43 5.67968e-05
0.44 1.225e-05
0.45 -5.44343e-06
0.46 3.48961e-06
0.47 2.23298e-05
0.48 2.56852e-05
0.49 -5.18101e-06
0.5 -6.67948e-05
0.51 -0.000130486
0.52 -0.000158431
0.53 -0.00012885
0.54 -5.0977e-05
0.55 4.08523e-05
0.56 0.000107316
0.57 0.000123613
0.58 8.90711e-05
0.59 2.54539e-05
0.6 -3.42757e-05
0.61 -6.22228e-05
0.62 -4.90037e-05
0.63 -7.44751e-06
0.64 3.47722e-05
0.65 5.82306e-05
0.66 5.02594e-05
0.67 4.33506e-06
0.68 -5.85697e-05
0.69 -9.72943e-05
0.7 -8.13483e-05
0.71 -1.30572e-05
0.72 7.20522e-05
0.73 0.000127433
0.74 0.000125296
0.75 7.25945e-05
0.76 2.30021e-06
0.77 -5.08326e-05
0.78 -7.00459e-05
0.79 -6.00656e-05
0.8 -3.7586e-05
0.81 -1.84182e-05
0.82 -9.0121e-06
0.83 -6.00018e-06
0.84 -1.75114e-06
0.85 9.58447e-06
0.86 2.84851e-05
0.87 4.86947e-05
0.88 5.94333e-05
0.89 5.26528e-05
0.9 2.98258e-05
0.91 1.96469e-07
0.92 -2.75007e-05
0.93 -4.95016e-05
0.94 -6.35281e-05
0.95 -6.48417e-05
0.96 -4.92056e-05
0.97 -1.90462e-05
0.98 1.57724e-05
0.99 4.34384e-05
1 5.55091e-05
1.01 4.86617e-05
1.02 2.47601e-05
1.03 -9.09347e-06
1.04 -4.08115e-05
1.05 -5.57586e-05
1.06 -4.36526e-05
1.07 -7.57752e-06
1.08 3.32195e-05
1.09 5.31911e-05
1.1 3.86506e-05
1.11 -4.61991e-08
1.12 -3.40003e-05
1.13 -3.62384e-05
1.14 -1.56981e-06
1.15 4.92192e-05
1.16 8.31917e-05
1.17 7.70391e-05
1.18 3.29711e-05
1.19 -2.17295e-05
1.2 -5.27644e-05
1.21 -4.30037e-05
1.22 -5.00745e-06
1.23 2.80287e-05
1.24 2.63829e-05
1.25 -1.49151e-05
1.26 -7.24853e-05
1.27 -0.000109733
1.28 -9.93889e-05
1.29 -3.90922e-05
1.3 4.80774e-05
1.31 0.000125892
1.32 0.000161426
1.33 0.000138445
1.34 6.49423e-05
1.35 -2.74564e-05
1.36 -9.55893e-05
1.37 -0.000107302
1.38 -6.27394e-05
1.39 3.15665e-06
1.4 4.32096e-05
1.41 3.09054e-05
1.42 -2.08199e-05
1.43 -6.87014e-05
1.44 -7.0131e-05
1.45 -1.49375e-05
1.46 6.524e-05
1.47 0.000117997
1.48 0.000106837
1.49 3.71482e-05
1.5 -4.70255e-05
1.51 -9.28795e-05
1.52 -7.39274e-05
1.53 -5.66378e-06
1.54 6.74506e-05
1.55 0.000101521
1.56 7.7848e-05
1.57 9.26379e-06
1.58 -7.07883e-05
1.59 -0.000126156
1.6 -0.000132574
1.61 -8.49472e-05
1.62 1.37264e-06
1.63 9.37931e-05
1.64 0.000152153
1.65 0.00014663
1.66 7.66809e-05
1.67 -2.37801e-05
1.68 -0.000103437
1.69 -0.000123576
1.7 -7.99085e-05
1.71 -2.69446e-06
1.72 6.20242e-05
1.73 7.86161e-05
1.74 4.25363e-05
1.75 -1.61979e-05
1.76 -5.12867e-05
1.77 -3.11366e-05
1.78 3.70458e-05
1.79 0.000107721
1.8 0.000125576
1.81 6.54323e-05
1.82 -4.60477e-05
1.83 -0.000145768
1.84 -0.000175863
1.85 -0.000119936
1.86 -1.01826e-05
1.87 9.44485e-05
1.88 0.00014188
1.89 0.000112712
1.9 2.72051e-05
1.91 -6.66499e-05
1.92 -0.000117765
1.93 -9.90296e-05
1.94 -2.26966e-05
1.95 6.67961e-05
1.96 0.000119958
1.97 0.000111953
1.98 5.48776e-05
1.99 -1.32612e-05
2 -5.20124e-05
2.01 -4.0569e-05
2.02 1.01766e-05
2.03 6.19786e-05
2.04 7.16161e-05
2.05 2.02558e-05
2.06 -7.1136e-05
2.07 -0.000153763
2.08 -0.000181996
2.09 -0.00013994
2.1 -4.64932e-05
2.11 5.89641e-05
2.12 0.000135599
2.13 0.00015409
2.14 0.000105153
2.15 7.62187e-06
2.16 -9.08883e-05
2.17 -0.000132868
2.18 -8.63084e-05
2.19 2.78611e-05
2.2 0.000142161
2.21 0.000183563
2.22 0.000121335
2.23 -1.12856e-05
2.24 -0.000135592
2.25 -0.000174799
2.26 -0.000102843
2.27 3.48202e-05
2.28 0.00014483
2.29 0.000144544
2.3 2.01667e-05
2.31 -0.000156829
2.32 -0.000271367
2.33 -0.00023978
2.34 -6.73045e-05
2.35 0.000151857
2.36 0.000291804
2.37 0.000271605
2.38 0.000103419
2.39 -0.00011545
2.4 -0.000260164
2.41 -0.000250922
2.42 -9.72801e-05
2.43 0.000110891
2.44 0.00025745
2.45 0.000265596
2.46 0.000138173
2.47 -4.85286e-05
2.48 -0.000192027
2.49 -0.000222306
2.5 -0.000136973
2.51 4.27138e-06
2.52 0.000118167
2.53 0.000145468
2.54 8.16574e-05
2.55 -2.50556e-05
2.56 -0.000106685
2.57 -0.000117891
2.58 -5.89083e-05
2.59 3.30186e-05
2.6 0.000109625
2.61 0.000134101
2.62 9.28707e-05
2.63 3.91899e-07
2.64 -0.000102744
2.65 -0.000164236
2.66 -0.000147007
2.67 -5.3431e-05
2.68 7.18634e-05
2.69 0.000163827
2.7 0.000171197
2.71 8.58307e-05
2.72 -4.92656e-05
2.73 -0.000161684
2.74 -0.000191511
2.75 -0.000126959
2.76 -9.84626e-06
2.77 9.00824e-05
2.78 0.000113349
2.79 4.31087e-05
2.8 -8.06129e-05
2.81 -0.000176139
2.82 -0.000165866
2.83 -2.90899e-05
2.84 0.000176175
2.85 0.000342465
2.86 0.000375028
2.87 0.000246316
2.88 1.21958e-05
2.89 -0.000216464
2.9 -0.000331264
2.91 -0.000283801
2.92 -0.000112673
2.93 7.80104e-05
2.94 0.000178529
2.95 0.00013557
2.96 -1.97388e-05
2.97 -0.000190106
2.98 -0.000265221
2.99 -0.000184295
3 2.45896e-05
3.01 0.000254763
3.02 0.000380423
3.03 0.000331054
3.04 0.000133588
3.05 -0.000104096
3.06 -0.000255872
3.07 -0.000247661
3.08 -9.73541e-05
3.09 9.63536e-05
3.1 0.000212187
3.11 0.000179084
3.12 1.74535e-05
3.13 -0.00017764
3.14 -0.000296981
3.15 -0.000279531
3.16 -0.000141243
3.17 3.91081e-05
3.18 0.000165497
3.19 0.000178419
3.2 8.79461e-05
3.21 -3.50468e-05
3.22 -0.000104525
3.23 -7.12122e-05
3.24 5.06513e-05
3.25 0.000192903
3.26 0.000271566
3.27 0.000234099
3.28 8.92959e-05
3.29 -9.90528e-05
3.3 -0.000248371
3.31 -0.000297318
3.32 -0.000230225
3.33 -8.38077e-05
3.34 6.48616e-05
3.35 0.000134787
3.36 9.15158e-05
3.37 -2.38459e-05
3.38 -0.000117606
3.39 -0.000108004
3.4 1.60583e-05
3.41 0.000185531
3.42 0.000296576
3.43 0.000278318
3.44 0.000137685
3.45 -4.67372e-05
3.46 -0.000176111
3.47 -0.000192834
3.48 -0.0001117
3.49 -3.12299e-06
3.5 5.6725e-05
3.51 3.45606e-05
3.52 -4.26824e-05
3.53 -0.000110327
3.54 -0.000112215
3.55 -3.96303e-05
3.56 6.34549e-05
3.57 0.000131113
3.58 0.000119061
3.59 3.19723e-05
3.6 -7.96851e-05
3.61 -0.000148168
3.62 -0.000126972
3.63 -2.06681e-05
3.64 0.000112907
3.65 0.000195073
3.66 0.000174925
3.67 6.0398e-05
3.68 -8.88642e-05
3.69 -0.000198328
3.7 -0.00021836
3.71 -0.000145507
3.72 -2.06779e-05
3.73 9.06071e-05
3.74 0.000129431
3.75 7.58822e-05
3.76 -3.45665e-05
3.77 -0.000126133
3.78 -0.000126697
3.79 -1.56029e-05
3.8 0.000156092
3.81 0.000289801
3.82 0.000298254
3.83 0.000164089
3.84 -4.24066e-05
3.85 -0.000203356
3.86 -0.000227296
3.87 -0.000107153
3.88 7.55116e-05
3.89 0.000199833
3.9 0.000177603
3.91 8.56984e-06
3.92 -0.000213299
3.93 -0.000353146
3.94 -0.000319752
3.95 -0.000125122
3.96 0.000121447
3.97 0.000279118
3.98 0.000258
3.99 7.0102e-05
4 -0.000177282
4.01 -0.00034058
4.02 -0.000320529
4.03 -0.000120491
4.04 0.000152888
4.05 0.000348873
4.06 0.000357677
4.07 0.000173731
4.08 -9.79305e-05
4.09 -0.000298192
4.1 -0.000305025
4.11 -0.000107237
4.12 0.000185918
4.13 0.000407913
4.14 0.000432702
4.15 0.000247074
4.16 -4.42917e-05
4.17 -0.000281958
4.18 -0.000344908
4.19 -0.000219041
4.2 -9.77717e-07
4.21 0.000165863
4.22 0.00018282
4.23 5.47736e-05
4.24 -0.000121371
4.25 -0.00022592
4.26 -0.000194294
4.27 -5.50843e-05
4.28 9.26318e-05
4.29 0.00014747
4.3 7.53518e-05
4.31 -6.76136e-05
4.32 -0.00017579
4.33 -0.000167405
4.34 -3.70241e-05
4.35 0.00014622
4.36 0.000285487
4.37 0.000311322
4.38 0.00021341
4.39 3.93178e-05
4.4 -0.000133562
4.41 -0.000237578
4.42 -0.000244679
4.43 -0.000170458
4.44 -5.47381e-05
4.45 6.24012e-05
4.46 0.000153125
4.47 0.000201795
4.48 0.000199358
4.49 0.000140366
4.5 2.90742e-05
4.51 -0.000108842
4.52 -0.000224271
4.53 -0.000264494
4.54 -0.000206927
4.55 -8.10135e-05
4.56 4.36621e-05
4.57 9.89795e-05
4.58 6.16742e-05
4.59 -3.03996e-05
4.6 -0.000101648
4.61 -9.13462e-05
4.62 -1.6993e-06
4.63 9.82806e-05
4.64 0.00012361
4.65 4.24159e-05
4.66 -9.2986e-05
4.67 -0.000179874
4.68 -0.000139358
4.69 2.30884e-05
4.7 0.000214313
4.71 0.000310785
4.72 0.000239026
4.73 2.65325e-05
4.74 -0.00021069
4.75 -0.00033725
4.76 -0.000280583
4.77 -7.36102e-05
4.78 0.000168936
4.79 0.0003229
4.8 0.000327383
4.81 0.000212797
4.82 6.99492e-05
4.83 -1.67234e-05
4.84 -2.5428e-05
4.85 -2.8294e-06
4.86 -1.64564e-05
4.87 -9.32781e-05
4.88 -0.000193765
4.89 -0.000239964
4.9 -0.000174907
4.91 -9.84434e-06
4.92 0.000174911
4.93 0.000277535
4.94 0.000237642
4.95 7.18127e-05
4.96 -0.00013776
4.97 -0.000289088
4.98 -0.000313113
4.99 -0.000208049
5 -3.82212e-05
5.01 0.000105334
5.02 0.000160057
5.03 0.000124589
5.04 4.75619e-05
5.05 -1.34479e-05
5.06 -2.90337e-05
5.07 -8.1958e-06
5.08 1.74035e-05
5.09 1.98587e-05
5.1 -5.60788e-06
5.11 -3.96243e-05
5.12 -5.37687e-05
5.13 -2.97581e-05
5.14 2.87225e-05
5.15 9.75334e-05
5.16 0.000146022
5.17 0.000154612
5.18 0.000124291
5.19 7.27752e-05
5.2 2.13057e-05
5.21 -1.93183e-05
5.22 -5.32616e-05
5.23 -8.85521e-05
5.24 -0.000119233
5.25 -0.000122989
5.26 -8.42155e-05
5.27 -2.06275e-05
5.28 1.9945e-05
5.29 -1.69451e-06
5.3 -7.48997e-05
5.31 -0.000138089
5.32 -0.000126752
5.33 -3.13428e-05
5.34 8.8734e-05
5.35 0.000151343
5.36 0.000119594
5.37 3.30446e-05
5.38 -2.55134e-05
5.39 1.63755e-07
5.4 9.33152e-05
5.41 0.000178314
5.42 0.000179557
5.43 7.74453e-05
5.44 -7.7045e-05
5.45 -0.000195565
5.46 -0.00020974
5.47 -0.000115356
5.48 2.54959e-05
5.49 0.000125538
5.5 0.000128042
5.51 3.94266e-05
5.52 -8.05226e-05
5.53 -0.000159567
5.54 -0.000155379
5.55 -7.54658e-05
5.56 3.07848e-05
5.57 0.000101068
5.58 9.78263e-05
5.59 3.51809e-05
5.6 -2.59741e-05
5.61 -1.85727e-05
5.62 7.83267e-05
5.63 0.000213723
5.64 0.000290805
5.65 0.000234607
5.66 5.36005e-05
5.67 -0.00015545
5.68 -0.000268159
5.69 -0.000215918
5.7 -3.38089e-05
5.71 0.000157717
5.72 0.000226146
5.73 0.000112016
5.74 -0.000128029
5.75 -0.000351941
5.76 -0.000419434
5.77 -0.000279756
5.78 -6.63471e-06
5.79 0.000240511
5.8 0.000310379
5.81 0.000156882
5.82 -0.000122643
5.83 -0.000340497
5.84 -0.00033544
5.85 -8.00202e-05
5.86 0.000292113
5.87 0.000562106
5.88 0.00056242
5.89 0.000284843
5.9 -0.000113194
5.91 -0.00040649
5.92 -0.00043663
5.93 -0.000201304
5.94 0.000143657
5.95 0.000367933
5.96 0.000299355
5.97 -6.32521e-05
5.98 -0.00053088
5.99 -0.000824765
6 -0.000741654
6.01 -0.000283622
6.02 0.000328802
6.03 0.000776933
6.04 0.000832918
6.05 0.000499298
6.06 7.66444e-06
6.07 -0.000325997
6.08 -0.000295864
6.09 6.88254e-05
6.1 0.000521024
6.11 0.000745454
6.12 0.000550647
6.13 -9.52238e-06
6.14 -0.000657501
6.15 -0.00105145
6.16 -0.000993718
6.17 -0.000557388
6.18 -4.08844e-05
6.19 0.000227048
6.2 0.000103205
6.21 -0.000278667
6.22 -0.000596955
6.23 -0.000548762
6.24 -4.58589e-05
6.25 0.000715851
6.26 0.00135507
6.27 0.00151917
6.28 0.00109126
6.29 0.000272458
6.3 -0.000519386
6.31 -0.000887784
6.32 -0.000686649
6.33 -9.82431e-05
6.34 0.000484133
6.35 0.0006929
6.36 0.000398369
6.37 -0.000226421
6.38 -0.000820379
6.39 -0.0010542
6.4 -0.000819964
6.41 -0.00027879
6.42 0.000254814
6.43 0.000508047
6.44 0.000395768
6.45 4.04955e-05
6.46 -0.000318386
6.47 -0.000455477
6.48 -0.000265693
6.49 0.000186561
6.5 0.000690658
6.51 0.000986611
6.52 0.000901497
6.53 0.000454015
6.54 -0.000142609
6.55 -0.000593904
6.56 -0.000691846
6.57 -0.000434436
6.58 -2.09465e-05
6.59 0.00027301
6.6 0.000258663
6.61 -6.2e-05
6.62 -0.000501937
6.63 -0.000791783
6.64 -0.000724887
6.65 -0.000275685
6.66 0.000369367
6.67 0.000896565
6.68 0.00103491
6.69 0.000719774
6.7 0.000142857
6.71 -0.000357927
6.72 -0.000505429
6.73 -0.000251192
6.74 0.000203412
6.75 0.000539488
6.76 0.000518052
6.77 0.000122057
6.78 -0.000439089
6.79 -0.000859605
6.8 -0.00091572
6.81 -0.000583404
6.82 -3.7163e-05
6.83 0.000453132
6.84 0.000663625
6.85 0.000527015
6.86 0.000163712
6.87 -0.000182988
6.88 -0.000282281
6.89 -5.36177e-05
6.9 0.000374204
6.91 0.000727472
6.92 0.000748769
6.93 0.000362418
6.94 -0.00026175
6.95 -0.000795717
6.96 -0.000945205
6.97 -0.000629245
6.98 -3.41121e-05
6.99 0.000494537
7 0.000657019
7.01 0.000377912
7.02 -0.000151764
7.03 -0.000595774
7.04 -0.000681135
7.05 -0.000359591
7.06 0.000176736
7.07 0.000621806
7.08 0.000734768
7.09 0.00047036
7.1 1.10413e-06
7.11 -0.000377598
7.12 -0.000418422
7.13 -8.04229e-05
7.14 0.000427901
7.15 0.000764714
7.16 0.00066547
7.17 0.000113957
7.18 -0.000634188
7.19 -0.00118815
7.2 -0.00123704
7.21 -0.000722488
7.22 0.00011858
7.23 0.000869336
7.24 0.00115492
7.25 0.000849208
7.26 0.000147586
7.27 -0.000540796
7.28 -0.000823872
7.29 -0.000550578
7.3 9.90435e-05
7.31 0.00071422
7.32 0.000896834
7.33 0.000509447
7.34 -0.000228279
7.35 -0.000866863
7.36 -0.00100598
7.37 -0.000549013
7.38 0.000230845
7.39 0.000858075
7.4 0.000951579
7.41 0.000463442
7.42 -0.000291709
7.43 -0.000836638
7.44 -0.00083203
7.45 -0.000282705
7.46 0.00047796
7.47 0.00100146
7.48 0.000989294
7.49 0.000451581
7.5 -0.000314422
7.51 -0.000894161
7.52 -0.000978385
7.53 -0.000531232
7.54 0.000181268
7.55 0.000732136
7.56 0.000782063
7.57 0.000291675
7.58 -0.000444273
7.59 -0.000973723
7.6 -0.000966015
7.61 -0.000417605
7.62 0.00034151
7.63 0.00084687
7.64 0.000785295
7.65 0.000190487
7.66 -0.000575975
7.67 -0.00104666
7.68 -0.00093
7.69 -0.000274807
7.7 0.0005727
7.71 0.00117561
7.72 0.0012448
7.73 0.000780381
7.74 5.63234e-05
7.75 -0.00053251
7.76 -0.000683023
7.77 -0.00034808
7.78 0.000239748
7.79 0.000705537
7.8 0.000752121
7.81 0.000329537
7.82 -0.000341389
7.83 -0.00089527
7.84 -0.00102629
7.85 -0.000663221
7.86 -1.57516e-05
7.87 0.000548565
7.88 0.000721861
7.89 0.00043678
7.9 -0.000100279
7.91 -0.000544629
7.92 -0.000620716
7.93 -0.000276125
7.94 0.000293825
7.95 0.000758447
7.96 0.000840851
7.97 0.000480591
7.98 -0.000125609
7.99 -0.000636312
8 -0.000769452
8.01 -0.000474068
8.02 3.83221e-05
8.03 0.000425427
8.04 0.000430966
8.05 5.28827e-05
8.06 -0.000447133
8.07 -0.000707634
8.08 -0.000504532
8.09 9.44495e-05
8.1 0.000762082
8.11 0.00110963
8.12 0.000924063
8.13 0.000301002
8.14 -0.000404954
8.15 -0.000787816
8.16 -0.000638185
8.17 -7.90043e-05
8.18 0.000505693
8.19 0.000713314
8.2 0.000381994
8.21 -0.000302368
8.22 -0.000918712
8.23 -0.00107014
8.24 -0.000629535
8.25 0.000178229
8.26 0.000907436
8.27 0.0011552
8.28 0.000799778
8.29 7.29739e-05
8.3 -0.000578151
8.31 -0.000760823
8.32 -0.000374654
8.33 0.000328002
8.34 0.000896082
8.35 0.000952734
8.36 0.000421706
8.37 -0.000425216
8.38 -0.00112388
8.39 -0.00128478
8.4 -0.000819122
8.41 3.91153e-06
8.42 0.000710867
8.43 0.000902987
8.44 0.000489425
8.45 -0.000263896
8.46 -0.000893283
8.47 -0.00100613
8.48 -0.000505859
8.49 0.000351182
8.5 0.00109991
8.51 0.00133295
8.52 0.000936746
8.53 0.000157109
8.54 -0.000548209
8.55 -0.000782984
8.56 -0.000445721
8.57 0.000216804
8.58 0.000764534
8.59 0.000833872
8.6 0.000360489
8.61 -0.000382516
8.62 -0.000958623
8.63 -0.00104237
8.64 -0.000613351
8.65 5.1105e-05
8.66 0.000564537
8.67 0.000667612
8.68 0.000366021
8.69 -9.81032e-05
8.7 -0.00040612
8.71 -0.000352446
8.72 4.07413e-05
8.73 0.000541793
8.74 0.000848697
8.75 0.000768365
8.76 0.000329988
8.77 -0.000233264
8.78 -0.000621336
8.79 -0.000642508
8.8 -0.000323446
8.81 0.000113427
8.82 0.000391132
8.83 0.000345912
8.84 1.59709e-05
8.85 -0.000396202
8.86 -0.000650962
8.87 -0.000604727
8.88 -0.000277555
8.89 0.000167494
8.9 0.000509823
8.91 0.000581108
8.92 0.000354353
8.93 -3.38852e-05
8.94 -0.00035193
8.95 -0.000403802
8.96 -0.000148055
8.97 0.000269451
8.98 0.000593999
8.99 0.000609309
9 0.000268575
9.01 -0.000269317
9.02 -0.000725307
9.03 -0.000860454
9.04 -0.000614007
9.05 -0.000135586
9.06 0.000304225
9.07 0.000467893
9.08 0.000280977
9.09 -0.0001307
9.1 -0.000512221
9.11 -0.00061882
9.12 -0.000352846
9.13 0.000172626
9.14 0.000686946
9.15 0.000912799
9.16 0.000728515
9.17 0.000240128
9.18 -0.00028235
9.19 -0.000562954
9.2 -0.000473831
9.21 -9.64019e-05
9.22 0.000337332
9.23 0.000581058
9.24 0.000508124
9.25 0.00017091
9.26 -0.000242095
9.27 -0.00051879
9.28 -0.000534789
9.29 -0.00030544
9.3 3.42202e-05
9.31 0.000299258
9.32 0.000345456
9.33 0.000150057
9.34 -0.000160581
9.35 -0.00037139
9.36 -0.000309797
9.37 3.00114e-05
9.38 0.000460597
9.39 0.000705887
9.4 0.0005762
9.41 9.61527e-05
9.42 -0.000501201
9.43 -0.00090682
9.44 -0.000907767
9.45 -0.000500853
9.46 0.000104494
9.47 0.000589951
9.48 0.000691532
9.49 0.000346525
9.5 -0.0002571
9.51 -0.000770556
9.52 -0.000876598
9.53 -0.000479305
9.54 0.000224376
9.55 0.000846309
9.56 0.00103307
9.57 0.000683427
9.58 1.95524e-05
9.59 -0.000544838
9.6 -0.000660132
9.61 -0.000265067
9.62 0.000367273
9.63 0.000804669
9.64 0.000735222
9.65 0.000165546
9.66 -0.000582398
9.67 -0.0010641
9.68 -0.000976145
9.69 -0.00034146
9.7 0.000491185
9.71 0.00104343
9.72 0.000992489
9.73 0.000372202
9.74 -0.000442871
9.75 -0.000967368
9.76 -0.000902646
9.77 -0.000312489
9.78 0.000428432
9.79 0.000872429
9.8 0.00077034
9.81 0.000212858
9.82 -0.000437612
9.83 -0.000777996
9.84 -0.000613745
9.85 -7.14523e-05
9.86 0.00049124
9.87 0.000714914
9.88 0.000459259
9.89 -0.00011711
9.9 -0.000656741
9.91 -0.000817037
9.92 -0.000474671
9.93 0.000193835
9.94 0.000808107
9.95 0.00101013
9.96 0.000685564
9.97 3.57269e-05
9.98 -0.000551509
9.99 -0.000746573
10 -0.000473954
10.01 6.19819e-05
10.02 0.000518809
10.03 0.000624311
10.04 0.000329627
10.05 -0.000172159
10.06 -0.000568459
10.07 -0.000618858
10.08 -0.000300223
10.09 0.000185145
10.1 0.00054097
10.11 0.000558672
10.12 0.000235214
10.13 -0.000234631
10.14 -0.000575938
10.15 -0.000589079
10.16 -0.000257052
10.17 0.000249819
10.18 0.000667794
10.19 0.00077702
10.2 0.000513109
10.21 1.71418e-06
10.22 -0.000504196
10.23 -0.000759438
10.24 -0.000662592
10.25 -0.000309609
10.26 7.16873e-05
10.27 0.000263859
10.28 0.00018661
10.29 -6.83814e-05
10.3 -0.000307738
10.31 -0.000359934
10.32 -0.000173272
10.33 0.000165831
10.34 0.000491733
10.35 0.000648535
10.36 0.000560927
10.37 0.000265147
10.38 -0.000103967
10.39 -0.00036926
10.4 -0.000397174
10.41 -0.000175554
10.42 0.000165437
10.43 0.000416144
10.44 0.000409484
10.45 0.000130377
10.46 -0.000263932
10.47 -0.000536687
10.48 -0.00052199
10.49 -0.000232018
10.5 0.000151998
10.51 0.000397368
10.52 0.000364357
10.53 8.43344e-05
10.54 -0.000268266
10.55 -0.00048195
10.56 -0.000426822
10.57 -0.000124105
10.58 0.000266758
10.59 0.000536398
10.6 0.000541085
10.61 0.000281455
10.62 -9.604e-05
10.63 -0.000374383
10.64 -0.000383049
10.65 -9.97891e-05
10.66 0.000322437
10.67 0.000632717
10.68 0.000630874
10.69 0.00029649
10.7 -0.00019177
10.71 -0.000562036
10.72 -0.000608114
10.73 -0.000303469
10.74 0.000185395
10.75 0.000585017
10.76 0.000660377
10.77 0.000352579
10.78 -0.000169989
10.79 -0.000594397
10.8 -0.000645613
10.81 -0.000259155
10.82 0.000367464
10.83 0.000880955
10.84 0.000974616
10.85 0.000569304
10.86 -0.000132253
10.87 -0.000754646
10.88 -0.00096456
10.89 -0.000665297
10.9 -5.20848e-05
10.91 0.000508942
10.92 0.000704889
10.93 0.000461826
10.94 -2.37607e-05
10.95 -0.000420054
10.96 -0.000467551
10.97 -0.000129528
10.98 0.000396764
10.99 0.000803959
11 0.000856309
11.01 0.000525261
11.02 2.91451e-06
11.03 -0.000414047
11.04 -0.000500864
11.05 -0.000236742
11.06 0.000187106
11.07 0.00048878
11.08 0.000470167
11.09 0.000136367
11.1 -0.000311257
11.11 -0.000601132
11.12 -0.000558155
11.13 -0.000210303
11.14 0.000229184
11.15 0.000493632
11.16 0.00042759
11.17 8.35172e-05
11.18 -0.000307498
11.19 -0.00047587
11.2 -0.000283986
11.21 0.000177603
11.22 0.000634082
11.23 0.000789458
11.24 0.000512014
11.25 -7.13892e-05
11.26 -0.000637529
11.27 -0.000858375
11.28 -0.000608561
11.29 -5.40408e-05
11.3 0.00044458
11.31 0.000560283
11.32 0.000214426
11.33 -0.000364909
11.34 -0.000787208
11.35 -0.000757467
11.36 -0.00027564
11.37 0.000360627
11.38 0.00075616
11.39 0.000683855
11.4 0.000229901
11.41 -0.000277665
11.42 -0.000498814
11.43 -0.000307098
11.44 0.000139392
11.45 0.000518948
11.46 0.000564867
11.47 0.000231945
11.48 -0.000287983
11.49 -0.00069525
11.5 -0.000766322
11.51 -0.000482061
11.52 -3.02175e-05
11.53 0.000314046
11.54 0.000354929
11.55 8.77582e-05
11.56 -0.000309694
11.57 -0.000593526
11.58 -0.000599523
11.59 -0.000330902
11.6 5.55037e-05
11.61 0.000348012
11.62 0.000404418
11.63 0.000230428
11.64 -3.44433e-05
11.65 -0.000212227
11.66 -0.000197861
11.67 -1.80607e-05
11.68 0.000190052
11.69 0.000265039
11.7 0.000127294
11.71 -0.000157188
11.72 -0.000406984
11.73 -0.00044357
11.74 -0.000219855
11.75 0.000137847
11.76 0.000407816
11.77 0.000415316
11.78 0.000144545
11.79 -0.000248402
11.8 -0.000528246
11.81 -0.000523326
11.82 -0.000232561
11.83 0.000169999
11.84 0.000440003
11.85 0.000416024
11.86 0.000125533
11.87 -0.000227733
11.88 -0.000392958
11.89 -0.000237281
11.9 0.00016225
11.91 0.000562496
11.92 0.000706409
11.93 0.000485552
11.94 1.01821e-05
11.95 -0.000456058
11.96 -0.000653955
11.97 -0.000483522
11.98 -6.22755e-05
11.99 0.000348041
12 0.000497375
12.01 0.000293525
12.02 -0.000140449
12.03 -0.000532172
12.04 -0.000620367
12.05 -0.000317394
12.06 0.000231408
12.07 0.000731799
12.08 0.000911562
12.09 0.000672113
12.1 0.000138371
12.11 -0.000411678
12.12 -0.000694505
12.13 -0.000570235
12.14 -0.000121055
12.15 0.000385036
12.16 0.000638196
12.17 0.000468817
12.18 -3.9348e-05
12.19 -0.000585039
12.2 -0.000825048
12.21 -0.00058662
12.22 1.62646e-05
12.23 0.000641029
12.24 0.000920258
12.25 0.000688231
12.26 8.91944e-05
12.27 -0.000501207
12.28 -0.000696539
12.29 -0.000334716
12.3 0.000409462
12.31 0.00110824
12.32 0.00132728
12.33 0.00089857
12.34 4.71849e-05
12.35 -0.000729032
12.36 -0.000968549
12.37 -0.000544226
12.38 0.00025366
12.39 0.000905897
12.4 0.000993808
12.41 0.00045472
12.42 -0.000388502
12.43 -0.00102955
12.44 -0.00108361
12.45 -0.000515656
12.46 0.000338023
12.47 0.000969781
12.48 0.00100668
12.49 0.000435698
12.5 -0.000392564
12.51 -0.000980635
12.52 -0.000980559
12.53 -0.000390691
12.54 0.000451732
12.55 0.00106692
12.56 0.00110453
12.57 0.000542608
12.58 -0.000296484
12.59 -0.000927051
12.6 -0.000982366
12.61 -0.000436714
12.62 0.000371702
12.63 0.000942332
12.64 0.000918818
12.65 0.000307733
12.66 -0.000528509
12.67 -0.00109854
12.68 -0.00108282
12.69 -0.000517458
12.7 0.000247583
12.71 0.000774769
12.72 0.0007965
12.73 0.000350797
12.74 -0.000265847
12.75 -0.000681422
12.76 -0.000657369
12.77 -0.000214438
12.78 0.000385916
12.79 0.0007928
12.8 0.000765407
12.81 0.000308302
12.82 -0.000331781
12.83 -0.000804128
12.84 -0.000850973
12.85 -0.000453761
12.86 0.000156061
12.87 0.000630812
12.88 0.000707558
12.89 0.000359211
12.9 -0.000191608
12.91 -0.000605106
12.92 -0.00062617
12.93 -0.000234919
12.94 0.000344173
12.95 0.000778034
12.96 0.000819878
12.97 0.000445912
12.98 -0.000139914
12.99 -0.000625735
13 -0.000762852
13.01 -0.000496863
13.02 6.33994e-06
13.03 0.000454345
13.04 0.000594806
13.05 0.000363173
13.06 -7.59906e-05
13.07 -0.00042463
13.08 -0.000431469
13.09 -4.86163e-05
13.1 0.000532945
13.11 0.0009936
13.12 0.0010752
13.13 0.000736816
13.14 0.000182343
13.15 -0.00026009
13.16 -0.000336239
13.17 -1.72852e-05
13.18 0.000489493
13.19 0.000869373
13.2 0.000884213
13.21 0.000506485
13.22 -6.68118e-05
13.23 -0.000526188
13.24 -0.000627665
13.25 -0.000334617
13.26 0.000164855
13.27 0.000577914
13.28 0.000686914
13.29 0.000472984
13.3 0.000108783
13.31 -0.00016288
13.32 -0.000177146
13.33 6.7527e-05
13.34 0.00042072
13.35 0.000667113
13.36 0.000646022
13.37 0.00034835
13.38 -6.86236e-05
13.39 -0.000372467
13.4 -0.000402118
13.41 -0.000168051
13.42 0.000164581
13.43 0.000389774
13.44 0.000384893
13.45 0.000170541
13.46 -0.000112159
13.47 -0.00028549
13.48 -0.000240183
13.49 -4.73221e-06
13.5 0.000271248
13.51 0.000415912
13.52 0.000348358
13.53 0.000123382
13.54 -0.000118518
13.55 -0.000245021
13.56 -0.000200001
13.57 -1.92003e-05
13.58 0.000194016
13.59 0.000317902
13.6 0.000275336
13.61 8.29433e-05
13.62 -0.000151276
13.63 -0.000290563
13.64 -0.000253924
13.65 -6.64717e-05
13.66 0.00015586
13.67 0.000275787
13.68 0.000214183
13.69 -6.49802e-06
13.7 -0.000275169
13.71 -0.000450365
13.72 -0.000433903
13.73 -0.000224554
13.74 7.70642e-05
13.75 0.0003182
13.76 0.000373416
13.77 0.000210176
13.78 -9.47183e-05
13.79 -0.000393823
13.8 -0.000539699
13.81 -0.000453274
13.82 -0.000164545
13.83 0.000188456
13.84 0.00041189
13.85 0.000354366
13.86 8.28234e-06
13.87 -0.000460823
13.88 -0.000799806
13.89 -0.00082476
13.9 -0.000539706
13.91 -0.000129813
13.92 0.00016142
13.93 0.000180666
13.94 -5.45981e-05
13.95 -0.0003776
13.96 -0.000569697
13.97 -0.000481235
13.98 -0.000117003
13.99 0.000363615
14 0.000738671
14.01 0.000850783
14.02 0.000685106
14.03 0.000356874
14.04 3.68936e-05
14.05 -0.000131001
14.06 -9.12749e-05
14.07 9.57904e-05
14.08 0.000280101
14.09 0.00030666
14.1 0.000119189
14.11 -0.000188158
14.12 -0.000419638
14.13 -0.000408659
14.14 -0.000141842
14.15 0.000221932
14.16 0.000459787
14.17 0.000440484
14.18 0.000211135
14.19 -4.13318e-05
14.2 -0.000116767
14.21 6.80132e-05
14.22 0.000420393
14.23 0.000721921
14.24 0.000767279
14.25 0.000506887
14.26 8.74997e-05
14.27 -0.000247395
14.28 -0.000323209
14.29 -0.000138695
14.3 0.000158745
14.31 0.000387331
14.32 0.000440363
14.33 0.000325851
14.34 0.000135849
14.35 -1.63866e-05
14.36 -5.47123e-05
14.37 2.65089e-05
14.38 0.000163748
14.39 0.000261404
14.4 0.000248427
14.41 0.000122532
14.42 -4.5368e-05
14.43 -0.000150031
14.44 -0.000112925
14.45 6.80763e-05
14.46 0.000308845
14.47 0.00047736
14.48 0.00046399
14.49 0.00024766
14.5 -8.28442e-05
14.51 -0.000372273
14.52 -0.000485895
14.53 -0.000386526
14.54 -0.000150824
14.55 8.63671e-05
14.56 0.000220948
14.57 0.000239101
14.58 0.000207322
14.59 0.000206498
14.6 0.000264878
14.61 0.000341104
14.62 0.000364205
14.63 0.000292021
14.64 0.000142438
14.65 -1.91315e-05
14.66 -0.00012104
14.67 -0.00012859
14.68 -6.32119e-05
14.69 1.81719e-05
14.7 6.94586e-05
14.71 8.4309e-05
14.72 8.05359e-05
14.73 6.55202e-05
14.74 3.10251e-05
14.75 -1.63833e-05
14.76 -3.57912e-05
14.77 1.84625e-05
14.78 0.000141569
14.79 0.000260137
14.8 0.000281197
14.81 0.000170186
14.82 -1.04513e-05
14.83 -0.000138541
14.84 -0.000122627
14.85 2.12802e-05
14.86 0.000170955
14.87 0.000185167
14.88 1.72139e-05
14.89 -0.000232098
14.9 -0.000374254
14.91 -0.00027554
14.92 2.48939e-05
14.93 0.000325375
14.94 0.000406552
14.95 0.000201576
14.96 -0.000149406
14.97 -0.000410354
14.98 -0.0004331
14.99 -0.000259866
15 -6.95882e-05
15.01 -2.71195e-05
15.02 -0.000160044
15.03 -0.000346172
15.04 -0.000406681
15.05 -0.000236854
15.06 0.000111148
15.07 0.000450016
15.08 0.000575502
15.09 0.000406743
15.1 4.92032e-05
15.11 -0.000269796
15.12 -0.000346577
15.13 -0.000123643
15.14 0.000285531
15.15 0.000669254
15.16 0.00083504
15.17 0.000709892
15.18 0.000375315
15.19 1.6581e-05
15.2 -0.000185657
15.21 -0.000153668
15.22 5.17252e-05
15.23 0.00026946
15.24 0.000329311
15.25 0.000152578
15.26 -0.000190958
15.27 -0.00051402
15.28 -0.000627234
15.29 -0.000468577
15.3 -0.000153769
15.31 9.23806e-05
15.32 7.80849e-05
15.33 -0.000231994
15.34 -0.000685874
15.35 -0.0010241
15.36 -0.00103042
15.37 -0.000670918
15.38 -0.000131493
15.39 0.000286458
15.4 0.00036002
15.41 0.000102715
15.42 -0.000233427
15.43 -0.000330988
15.44 -3.82475e-05
15.45 0.000516158
15.46 0.00101361
15.47 0.00116895
15.48 0.000921162
15.49 0.000463522
15.5 0.000102485
15.51 4.69837e-05
15.52 0.00027298
15.53 0.000556514
15.54 0.000648967
15.55 0.000459272
15.56 0.000104209
15.57 -0.00019723
15.58 -0.000283361
15.59 -0.000136616
15.6 0.000141832
15.61 0.000411297
15.62 0.000554843
15.63 0.00051114
15.64 0.000295085
15.65 9.04761e-06
15.66 -0.000184611
15.67 -0.000147319
15.68 0.000130895
15.69 0.000484811
15.7 0.000647937
15.71 0.000424937
15.72 -0.000149179
15.73 -0.000789901
15.74 -0.00112565
15.75 -0.000949389
15.76 -0.000379998
15.77 0.000202942
15.78 0.000423261
15.79 0.000179604
15.8 -0.000287949
15.81 -0.000590416
15.82 -0.000486347
15.83 -5.0541e-05
15.84 0.000399259
15.85 0.000540289
15.86 0.000264343
15.87 -0.000262722
15.88 -0.000719241
15.89 -0.000833614
15.9 -0.000549203
15.91 -5.16247e-05
15.92 0.000354864
15.93 0.000440349
15.94 0.000185329
15.95 -0.000223459
15.96 -0.000519708
15.97 -0.000511788
15.98 -0.000176975
15.99 0.000331749
16 0.000755879
16.01 0.00085783
16.02 0.000561018
16.03 2.70282e-05
16.04 -0.000406842
16.05 -0.000426346
16.06 3.87301e-05
16.07 0.00073607
16.08 0.0012368
16.09 0.00121237
16.1 0.000642906
16.11 -0.000182436
16.12 -0.000851101
16.13 -0.00105947
16.14 -0.000761357
16.15 -0.000181384
16.16 0.000297588
16.17 0.000331708
16.18 -0.000181505
16.19 -0.00100769
16.2 -0.00167187
16.21 -0.00172735
16.22 -0.00104457
16.23 7.11671e-05
16.24 0.00103557
16.25 0.00132569
16.26 0.000783243
16.27 -0.000287641
16.28 -0.00126821
16.29 -0.00155083
16.3 -0.000898222
16.31 0.000360099
16.32 0.00146298
16.33 0.00167044
16.34 0.000766668
16.35 -0.000742484
16.36 -0.00192097
16.37 -0.00201045
16.38 -0.000928267
16.39 0.00068005
16.4 0.00184817
16.41 0.00188058
16.42 0.000765799
16.43 -0.0008171
16.44 -0.00189197
16.45 -0.00176302
16.46 -0.000449165
16.47 0.00129785
16.48 0.00243349
16.49 0.00225564
16.5 0.000837481
16.51 -0.0010176
16.52 -0.00226242
16.53 -0.00221849
16.54 -0.00094793
16.55 0.000810188
16.56 0.00207107
16.57 0.00215183
16.58 0.00104277
16.59 -0.000599759
16.6 -0.00183688
16.61 -0.00198768
16.62 -0.00100966
16.63 0.000501658
16.64 0.00167921
16.65 0.00188577
16.66 0.00105716
16.67 -0.000292951
16.68 -0.00138256
16.69 -0.00160088
16.7 -0.000844411
16.71 0.000424049
16.72 0.0014275
16.73 0.00151145
16.74 0.000535001
16.75 -0.00100806
16.76 -0.00223589
16.77 -0.00238683
16.78 -0.00130349
16.79 0.000428742
16.8 0.00181264
16.81 0.00205057
16.82 0.00104356
16.83 -0.000554582
16.84 -0.00174941
16.85 -0.0018005
16.86 -0.000636109
16.87 0.00113069
16.88 0.00256108
16.89 0.00291726
16.9 0.00201456
16.91 0.000324465
16.92 -0.00126145
16.93 -0.00194683
16.94 -0.00145743
16.95 -0.000171873
16.96 0.00110667
16.97 0.00162336
16.98 0.00110613
16.99 -8.62424e-05
17 -0.00118477
17.01 -0.00147664
17.02 -0.000738479
17.03 0.000637858
17.04 0.00189736
17.05 0.00236657
17.06 0.00181483
17.07 0.000554624
17.08 -0.000737486
17.09 -0.00137774
17.1 -0.00104871
17.11 7.25052e-06
17.12 0.00111998
17.13 0.00158414
17.14 0.00107248
17.15 -0.000172159
17.16 -0.00146909
17.17 -0.00208621
17.18 -0.00167104
17.19 -0.000473621
17.2 0.000786896
17.21 0.00134857
17.22 0.000874357
17.23 -0.000328996
17.24 -0.00148923
17.25 -0.00185319
17.26 -0.0011653
17.27 0.000182412
17.28 0.00140923
17.29 0.00181032
17.3 0.00114163
17.31 -0.000260676
17.32 -0.00166316
17.33 -0.00233194
17.34 -0.0019417
17.35 -0.000760772
17.36 0.000505711
17.37 0.00112915
17.38 0.000779702
17.39 -0.000290096
17.4 -0.00139755
17.41 -0.00183647
17.42 -0.00130058
17.43 -6.0634e-05
17.44 0.0012119
17.45 0.00184337
17.46 0.00152828
17.47 0.000476995
17.48 -0.000718974
17.49 -0.00141628
17.5 -0.00126717
17.51 -0.000398917
17.52 0.000676551
17.53 0.00135602
17.54 0.00126033
17.55 0.000414069
17.56 -0.000772868
17.57 -0.00169974
17.58 -0.00187163
17.59 -0.00117202
17.6 4.00394e-05
17.61 0.00110486
17.62 0.00143851
17.63 0.000888616
17.64 -0.000162427
17.65 -0.00102972
17.66 -0.00115676
17.67 -0.000461754
17.68 0.000632075
17.69 0.0014769
17.7 0.00158572
17.71 0.000898191
17.72 -0.000200792
17.73 -0.00110157
17.74 -0.00131133
17.75 -0.000728167
17.76 0.000314539
17.77 0.00124711
17.78 0.00157168
17.79 0.00111183
17.8 9.10499e-05
17.81 -0.000985523
17.82 -0.00158672
17.83 -0.00142758
17.84 -0.00062087
17.85 0.000377499
17.86 0.00101063
17.87 0.000926047
17.88 0.000177629
17.89 -0.000793415
17.9 -0.00140232
17.91 -0.00126208
17.92 -0.000419274
17.93 0.00066818
17.94 0.00139458
17.95 0.00134418
17.96 0.00051817
17.97 -0.000655323
17.98 -0.0015338
17.99 -0.00161187
18 -0.000835447
18.01 0.000329261
18.02 0.00115921
18.03 0.00112428
18.04 0.00023221
18.05 -0.000958208
18.06 -0.00167538
18.07 -0.00141577
18.08 -0.000256459
18.09 0.00119676
18.1 0.00216478
18.11 0.0021271
18.12 0.00110755
18.13 -0.000329854
18.14 -0.00137969
18.15 -0.00145099
18.16 -0.000526245
18.17 0.000818321
18.18 0.00175834
18.19 0.00172322
18.2 0.000754349
18.21 -0.000506495
18.22 -0.00121148
18.23 -0.00085366
18.24 0.000394573
18.25 0.00179234
18.26 0.00250158
18.27 0.00210335
18.28 0.000850553
18.29 -0.000489786
18.3 -0.00110563
18.31 -0.000639771
18.32 0.000593878
18.33 0.00182219
18.34 0.00229692
18.35 0.00173061
18.36 0.000432397
18.37 -0.000900368
18.38 -0.00158288
18.39 -0.00131465
18.4 -0.000335631
18.41 0.000716872
18.42 0.00117315
18.43 0.000718914
18.44 -0.000409349
18.45 -0.00154616
18.46 -0.00199226
18.47 -0.00144628
18.48 -0.00019012
18.49 0.00108693
18.5 0.00169217
18.51 0.00130849
18.52 0.000151078
18.53 -0.00116102
18.54 -0.00194281
18.55 -0.00181661
18.56 -0.000918507
18.57 0.000182428
18.58 0.000810292
18.59 0.000562201
18.6 -0.000465467
18.61 -0.00171314
18.62 -0.00245642
18.63 -0.00222571
18.64 -0.00111572
18.65 0.00023433
18.66 0.0010142
18.67 0.000734226
18.68 -0.000464894
18.69 -0.00186778
18.7 -0.00259614
18.71 -0.00213055
18.72 -0.00064164
18.73 0.00109949
18.74 0.00217037
18.75 0.00200451
18.76 0.000709233
18.77 -0.000965347
18.78 -0.0020262
18.79 -0.00181781
18.8 -0.000439457
18.81 0.00129298
18.82 0.00232641
18.83 0.00198849
18.84 0.000385646
18.85 -0.00163635
18.86 -0.00295671
18.87 -0.00281294
18.88 -0.0012423
18.89 0.000926062
18.9 0.00251806
18.91 0.00265387
18.92 0.00124188
18.93 -0.000950571
18.94 -0.00269903
18.95 -0.00298727
18.96 -0.00158401
18.97 0.000799151
18.98 0.0028742
18.99 0.00349134
19 0.00233647
19.01 0.000113874
19.02 -0.00187947
19.03 -0.00247854
19.04 -0.00131083
19.05 0.000998656
19.06 0.00320129
19.07 0.00410081
19.08 0.0031449
19.09 0.000761362
19.1 -0.00182427
19.11 -0.00325717
19.12 -0.00279353
19.13 -0.00078086
19.14 0.00152287
19.15 0.00273245
19.16 0.00214767
19.17 0.000139386
19.18 -0.00206862
19.19 -0.00311576
19.2 -0.00231689
19.21 -7.11225e-05
19.22 0.00240105
19.23 0.00375641
19.24 0.00323105
19.25 0.00104562
19.26 -0.00167533
19.27 -0.00346455
19.28 -0.00332087
19.29 -0.00130001
19.3 0.00152671
19.31 0.00368035
19.32 0.00403908
19.33 0.00238214
19.34 -0.00051591
19.35 -0.00323402
19.36 -0.00444106
19.37 -0.00355462
19.38 -0.00105897
19.39 0.00171806
19.4 0.00334659
19.41 0.00303418
19.42 0.00099947
19.43 -0.00169424
19.44 -0.00372114
19.45 -0.00413614
19.46 -0.00278608
19.47 -0.000336543
19.48 0.00206505
19.49 0.0033086
19.5 0.0028213
19.51 0.000861297
19.52 -0.0015755
19.53 -0.00321883
19.54 -0.00315458
19.55 -0.00133042
19.56 0.00136942
19.57 0.00355668
19.58 0.004081
19.59 0.00267876
19.6 0.000108369
19.61 -0.00230935
19.62 -0.00341022
19.63 -0.00274983
19.64 -0.000762449
19.65 0.00152308
19.66 0.0030029
19.67 0.0030022
19.68 0.00158176
19.69 -0.000505615
19.7 -0.00219537
19.71 -0.00265185
19.72 -0.00169961
19.73 0.00010174
19.74 0.00178446
19.75 0.00248582
19.76 0.00186904
19.77 0.000276239
19.78 -0.00145871
19.79 -0.00243636
19.8 -0.00215934
19.81 -0.000817077
19.82 0.000812463
19.83 0.00179769
19.84 0.00157572
19.85 0.000273398
19.86 -0.00137541
19.87 -0.00245062
19.88 -0.00235786
19.89 -0.00115503
19.9 0.000503756
19.91 0.00173888
19.92 0.0019105
19.93 0.000954515
19.94 -0.000593143
19.95 -0.00188769
19.96 -0.00222777
19.97 -0.00143042
19.98 8.49941e-05
19.99 0.0015387
20 0.00218929
20.01 0.00169149
20.02 0.000278942
20.03 -0.00132988
20.04 -0.00227319
20.05 -0.00199294
20.06 -0.000571352
20.07 0.00127806
20.08 0.00258486
20.09 0.00266067
20.1 0.00149339
20.11 -0.000267431
20.12 -0.00171333
20.13 -0.00218138
20.14 -0.00155801
20.15 -0.000255922
20.16 0.00106575
20.17 0.00182573
20.18 0.00173919
20.19 0.000903818
20.2 -0.000259283
20.21 -0.00118652
20.22 -0.00142755
20.23 -0.000882469
20.24 0.000134155
20.25 0.00107533
20.26 0.00146042
20.27 0.0011263
20.28 0.000296152
20.29 -0.000579396
20.3 -0.00108753
20.31 -0.00103771
20.32 -0.00049246
20.33 0.000305091
20.34 0.00105137
20.35 0.00148399
20.36 0.00145489
20.37 0.000991916
20.38 0.000300824
20.39 -0.000321197
20.4 -0.000627468
20.41 -0.000529691
20.42 -0.000129618
20.43 0.000324715
20.44 0.000542998
20.45 0.000334636
20.46 -0.000267368
20.47 -0.00100138
20.48 -0.00149876
20.49 -0.00147289
20.5 -0.000889478
20.51 -6.04014e-06
20.52 0.000775784
20.53 0.00109818
20.54 0.000816666
20.55 0.000103218
20.56 -0.000654277
20.57 -0.00105633
20.58 -0.000879585
20.59 -0.000181458
20.6 0.000748059
20.61 0.00152329
20.62 0.00179914
20.63 0.00139924
20.64 0.000433475
20.65 -0.000677947
20.66 -0.00135227
20.67 -0.00115992
20.68 -0.000150333
20.69 0.00108367
20.7 0.00170883
20.71 0.00117425
20.72 -0.000386806
20.73 -0.00217532
20.74 -0.00318052
20.75 -0.00278733
20.76 -0.0011513
20.77 0.000888875
20.78 0.00227257
20.79 0.00228284
20.8 0.000930974
20.81 -0.00104934
20.82 -0.00258214
20.83 -0.002822
20.84 -0.001641
20.85 0.000277794
20.86 0.00182918
20.87 0.00213429
20.88 0.00105055
20.89 -0.000784129
20.9 -0.00234997
20.91 -0.00279654
20.92 -0.00185596
20.93 3.63776e-05
20.94 0.00194369
20.95 0.00287656
20.96 0.00233359
20.97 0.000657685
20.98 -0.00111224
20.99 -0.00186931
21 -0.00113599
21.01 0.000649786
21.02 0.0024315
21.03 0.00317863
21.04 0.00246154
21.05 0.000642013
21.06 -0.00137187
21.07 -0.0026029
21.08 -0.00246613
21.09 -0.00103854
21.1 0.000983964
21.11 0.002609
21.12 0.00301962
21.13 0.00200795
21.14 0.000123938
21.15 -0.00160976
21.16 -0.00227599
21.17 -0.00158294
21.18 -1.77278e-06
21.19 0.00156628
21.2 0.00231811
21.21 0.0019237
21.22 0.00061521
21.23 -0.000971136
21.24 -0.0020742
21.25 -0.0021365
21.26 -0.00110521
21.27 0.000491384
21.28 0.00179513
21.29 0.00208755
21.3 0.00119726
21.31 -0.000423805
21.32 -0.00195828
21.33 -0.00263995
21.34 -0.00213465
21.35 -0.000717022
21.36 0.000858159
21.37 0.00173492
21.38 0.00141526
21.39 6.31976e-05
21.4 -0.00157266
21.41 -0.00259233
21.42 -0.00246439
21.43 -0.00130975
21.44 0.00023004
21.45 0.00139996
21.46 0.00171495
21.47 0.00112928
21.48 -1.28079e-05
21.49 -0.00114983
21.5 -0.00170271
21.51 -0.0013041
21.52 -4.06153e-05
21.53 0.00148302
21.54 0.00240605
21.55 0.0021178
21.56 0.000684565
21.57 -0.00116278
21.58 -0.00247706
21.59 -0.00264154
21.6 -0.00166878
21.61 -0.00012388
21.62 0.00121323
21.63 0.00172268
21.64 0.00120946
21.65 -1.34572e-05
21.66 -0.00128085
21.67 -0.00189157
21.68 -0.00143962
21.69 -2.88751e-05
21.7 0.0017555
21.71 0.00311263
21.72 0.0034115
21.73 0.0025207
21.74 0.000894328
21.75 -0.000651219
21.76 -0.00134121
21.77 -0.000833534
21.78 0.000592168
21.79 0.00216047
21.8 0.00300409
21.81 0.00264185
21.82 0.0012506
21.83 -0.000436678
21.84 -0.0015268
21.85 -0.00143887
21.86 -0.000222967
21.87 0.00145581
21.88 0.00265547
21.89 0.00265554
21.9 0.00137321
21.91 -0.000564912
21.92 -0.00214553
21.93 -0.00251008
21.94 -0.00142117
21.95 0.000618818
21.96 0.00262707
21.97 0.00362245
21.98 0.00310411
21.99 0.00130777
22 -0.000880238
22.01 -0.00232069
22.02 -0.00219696
22.03 -0.000507693
22.04 0.00186163
22.05 0.0035893
22.06 0.00366079
22.07 0.00197948
22.08 -0.000548927
22.09 -0.00250519
22.1 -0.00274203
22.11 -0.00104444
22.12 0.00172028
22.13 0.00404359
22.14 0.00458609
22.15 0.00297041
22.16 2.05277e-05
22.17 -0.00268413
22.18 -0.00364363
22.19 -0.00228916
22.2 0.000651743
22.21 0.0035667
22.22 0.00489987
22.23 0.00396065
22.24 0.00130376
22.25 -0.00162391
22.26 -0.00335745
22.27 -0.00311287
22.28 -0.00107167
22.29 0.00178362
22.3 0.00413331
22.31 0.00486675
22.32 0.00359174
22.33 0.000885971
22.34 -0.00193454
22.35 -0.00346942
22.36 -0.00298161
22.37 -0.000792426
22.38 0.00195265
22.39 0.00391178
22.4 0.00415932
22.41 0.00257872
22.42 -7.05379e-05
22.43 -0.00245192
22.44 -0.00326259
22.45 -0.00193916
22.46 0.000960024
22.47 0.00398859
22.48 0.0055696
22.49 0.00477045
22.5 0.00186271
22.51 -0.00171012
22.52 -0.00407808
22.53 -0.00397113
22.54 -0.00146748
22.55 0.00211229
22.56 0.00503645
22.57 0.00604922
22.58 0.00483264
22.59 0.00199898
22.6 -0.00119422
22.61 -0.00327273
22.62 -0.00320888
22.63 -0.00105994
22.64 0.00204695
22.65 0.00457898
22.66 0.00536227
22.67 0.00406865
22.68 0.00129118
22.69 -0.00173972
22.7 -0.00362303
22.71 -0.00338365
22.72 -0.00100633
22.73 0.00250901
22.74 0.00558749
22.75 0.00678724
22.76 0.00545531
22.77 0.00202948
22.78 -0.00208538
22.79 -0.00504865
22.8 -0.00551876
22.81 -0.00336247
22.82 0.000348021
22.83 0.00392897
22.84 0.00584261
22.85 0.00526507
22.86 0.00241302
22.87 -0.00151292
22.88 -0.00472953
22.89 -0.00560979
22.9 -0.00355998
22.91 0.000553625
22.92 0.00479642
22.93 0.00708791
22.94 0.00613486
22.95 0.00221749
22.96 -0.00280595
22.97 -0.00644485
22.98 -0.00694933
22.99 -0.00419593
23 0.00046084
23.01 0.00502294
23.02 0.0077677
23.03 0.00777315
23.04 0.00504488
23.05 0.000453728
23.06 -0.00440981
23.07 -0.00760124
23.08 -0.00758569
23.09 -0.00409594
23.1 0.00156413
23.11 0.00698802
23.12 0.00985063
23.13 0.00895001
23.14 0.00455248
23.15 -0.00174904
23.16 -0.00744798
23.17 -0.0102836
23.18 -0.00931363
23.19 -0.00504232
23.2 0.000883163
23.21 0.00627006
23.22 0.00919734
23.23 0.00865119
23.24 0.00487212
23.25 -0.000701618
23.26 -0.00592973
23.27 -0.00877867
23.28 -0.00813431
23.29 -0.00430313
23.3 0.00113981
23.31 0.00606594
23.32 0.0086745
23.33 0.00810633
23.34 0.00464925
23.35 -0.000404374
23.36 -0.00523777
23.37 -0.00816711
23.38 -0.0082153
23.39 -0.00547051
23.4 -0.00108592
23.41 0.00327085
23.42 0.00604319
23.43 0.00616839
23.44 0.00344676
23.45 -0.00128008
23.46 -0.00625625
23.47 -0.00943858
23.48 -0.00943025
23.49 -0.00612085
23.5 -0.000745971
23.51 0.00477513
23.52 0.00867325
23.53 0.00981062
23.54 0.00795937
23.55 0.00387666
23.56 -0.00102571
23.57 -0.00509899
23.58 -0.00690997
23.59 -0.00574557
23.6 -0.00194791
23.61 0.00321741
23.62 0.00796821
23.63 0.0105167
23.64 0.0096282
23.65 0.00526554
23.66 -0.00117479
23.67 -0.00723426
23.68 -0.0103365
23.69 -0.00901891
23.7 -0.00369952
23.71 0.00354271
23.72 0.00987884
23.73 0.013014
23.74 0.0120062
23.75 0.00729471
23.76 0.000515898
23.77 -0.0059288
23.78 -0.00965027
23.79 -0.00917391
23.8 -0.00467013
23.81 0.00210698
23.82 0.00866971
23.83 0.0128661
23.84 0.0135226
23.85 0.0106199
23.86 0.00519004
23.87 -0.00118978
23.88 -0.00668244
23.89 -0.00953442
23.9 -0.00877584
23.91 -0.00475567
23.92 0.00094443
23.93 0.0062627
23.94 0.00950468
23.95 0.009737
23.96 0.00696738
23.97 0.00221388
23.98 -0.00292204
23.99 -0.00676499
24 -0.00801726
24.01 -0.00626513
24.02 -0.00223238
24.03 0.0026091
24.04 0.00667572
24.05 0.0087136
24.06 0.00806898
24.07 0.00488683
24.08 0.000128689
24.09 -0.00464554
24.1 -0.00768725
24.11 -0.00766729
24.12 -0.00433767
24.13 0.00125397
24.14 0.00719812
24.15 0.0114738
24.16 0.0125668
24.17 0.0099606
24.18 0.004446
24.19 -0.0022065
24.2 -0.00773739
24.21 -0.0100621
24.22 -0.00815718
24.23 -0.00262716
24.24 0.00456161
24.25 0.0108762
24.26 0.014074
24.27 0.012969
24.28 0.00788584
24.29 0.000562534
24.3 -0.0064757
24.31 -0.0108396
24.32 -0.0111673
24.33 -0.00760862
24.34 -0.0016806
24.35 0.00457877
24.36 0.00942284
24.37 0.0116573
24.38 0.0107813
24.39 0.00723129
24.4 0.0022553
24.41 -0.00263687
24.42 -0.00605665
24.43 -0.00701204
24.44 -0.00525794
24.45 -0.00145724
24.46 0.00316736
24.47 0.00728281
24.48 0.00968984
24.49 0.00959617
24.5 0.00693477
24.51 0.00241249
24.52 -0.00282059
24.53 -0.00739315
24.54 -0.00993523
24.55 -0.00953951
24.56 -0.00618781
24.57 -0.00086539
24.58 0.00489124
24.59 0.00957182
24.6 0.0119592
24.61 0.0114059
24.62 0.00810496
24.63 0.00296201
24.64 -0.00277155
24.65 -0.00760004
24.66 -0.00999087
24.67 -0.00895963
24.68 -0.00461312
24.69 0.00182466
24.7 0.00843695
24.71 0.0132232
24.72 0.014614
24.73 0.0119644
24.74 0.00593674
24.75 -0.0017471
24.76 -0.00864612
24.77 -0.0123667
24.78 -0.0115474
24.79 -0.00654544
24.8 0.000688378
24.81 0.00769511
24.82 0.0124894
24.83 0.0138575
24.84 0.0114886
24.85 0.00622955
24.86 -0.00019032
24.87 -0.00574764
24.88 -0.00872504
24.89 -0.00827598
24.9 -0.0047909
24.91 0.000269984
24.92 0.00518657
24.93 0.00867051
24.94 0.00992491
24.95 0.00859719
24.96 0.00499139
24.97 6.77616e-05
24.98 -0.00476689
24.99 -0.00798876
25 -0.00846337
25.01 -0.00600309
25.02 -0.00159184
25.03 0.00316865
25.04 0.00681001
25.05 0.00838291
25.06 0.00765058
25.07 0.0051738
25.08 0.00202249
25.09 -0.000812344
25.1 -0.00268722
25.11 -0.00329909
25.12 -0.0027425
25.13 -0.00154167
25.14 -0.000461749
25.15 -0.000151469
25.16 -0.000891882
25.17 -0.00242706
25.18 -0.00401714
25.19 -0.0048161
25.2 -0.00428959
25.21 -0.00247085
25.22 0.000111857
25.23 0.0027912
25.24 0.00499764
25.25 0.00628848
25.26 0.00643016
25.27 0.00550939
25.28 0.00390073
25.29 0.00213598
25.3 0.00070137
25.31 -0.000178734
25.32 -0.000562432
25.33 -0.0006278
25.34 -0.000533489
25.35 -0.000382586
25.36 -0.000237251
25.37 -0.000138756
25.38 -0.000117842
25.39 -0.000196145
25.4 -0.000390125
25.41 -0.000704163
25.42 -0.00108207
25.43 -0.00135527
25.44 -0.00129691
25.45 -0.000790273
25.46 2.78836e-05
25.47 0.000829473
25.48 0.00125091
25.49 0.00105721
25.5 0.000284935
25.51 -0.000829709
25.52 -0.00194863
25.53 -0.00268907
25.54 -0.00276287
25.55 -0.00210471
25.56 -0.000937857
25.57 0.000340169
25.58 0.001381
25.59 0.00201661
25.6 0.00231543
25.61 0.00253442
25.62 0.00291041
25.63 0.00343965
25.64 0.00383825
25.65 0.00370516
25.66 0.00277167
25.67 0.00108703
25.68 -0.001026
25.69 -0.00299797
25.7 -0.00411829
25.71 -0.00389097
25.72 -0.00233215
25.73 4.96979e-05
25.74 0.00257757
25.75 0.00465994
25.76 0.00584418
25.77 0.00589679
25.78 0.00489858
25.79 0.00320656
25.8 0.00135312
25.81 -0.000122536
25.82 -0.000840063
25.83 -0.000610292
25.84 0.000559764
25.85 0.00238622
25.86 0.00434235
25.87 0.00590284
25.88 0.00680283
25.89 0.00711137
25.9 0.00707303
25.91 0.00689713
25.92 0.00665004
25.93 0.00623852
25.94 0.0054638
25.95 0.00411782
25.96 0.00210266
25.97 -0.000511078
25.98 -0.00336053
25.99 -0.00575479
26 -0.00694974
26.01 -0.00654246
26.02 -0.00472238
26.03 -0.00220718
26.04 0.000102342
26.05 0.0015587
26.06 0.00194832
26.07 0.00141512
26.08 0.000344143
26.09 -0.000797557
26.1 -0.00154253
26.11 -0.00147976
26.12 -0.000425039
26.13 0.00153063
26.14 0.00398017
26.15 0.00616057
26.16 0.00714255
26.17 0.00617142
26.18 0.00300642
26.19 -0.00196012
26.2 -0.00759511
26.21 -0.0122082
26.22 -0.0142349
26.23 -0.012848
26.24 -0.00825191
26.25 -0.00170093
26.26 0.00493581
26.27 0.00973454
26.28 0.0111615
26.29 0.00864302
26.3 0.00298172
26.31 -0.00394441
26.32 -0.00980678
26.33 -0.0125693
26.34 -0.011266
26.35 -0.0064211
26.36 0.000202177
26.37 0.00645109
26.38 0.0105638
26.39 0.0114438
26.4 0.00886782
26.41 0.00369661
26.42 -0.00250209
26.43 -0.00790283
26.44 -0.0108395
26.45 -0.0103621
26.46 -0.00667447
26.47 -0.0011354
26.48 0.00442798
26.49 0.00841605
26.5 0.00969092
26.51 0.00779744
26.52 0.00325101
26.53 -0.00268559
26.54 -0.00833097
26.55 -0.0119519
26.56 -0.0123265
26.57 -0.00924584
26.58 -0.0036969
26.59 0.00261019
26.6 0.00784941
26.61 0.0104988
26.62 0.00971561
26.63 0.00569324
26.64 -0.000370345
26.65 -0.00668366
26.66 -0.0113814
26.67 -0.012997
26.68 -0.0109537
26.69 -0.00595377
26.7 0.000281589
26.71 0.0057303
26.72 0.00868094
26.73 0.0080602
26.74 0.00378819
26.75 -0.0031528
26.76 -0.0108433
26.77 -0.0170903
26.78 -0.0204763
26.79 -0.0205387
26.8 -0.0173961
26.81 -0.0115708
26.82 -0.00411569
26.83 0.00350172
26.84 0.00961879
26.85 0.0127643
26.86 0.0120965
26.87 0.00782878
26.88 0.001422
26.89 -0.00515954
26.9 -0.0103436
26.91 -0.0131902
26.92 -0.0131595
26.93 -0.0102654
26.94 -0.00536058
26.95 0.000334899
26.96 0.00551267
26.97 0.00887537
26.98 0.00942392
26.99 0.00683342
27 0.00184707
27.01 -0.00408975
27.02 -0.00957186
27.03 -0.0135827
27.04 -0.0153542
27.05 -0.0144907
27.06 -0.0113601
27.07 -0.00683411
27.08 -0.00198849
27.09 0.00207132
27.1 0.00441306
27.11 0.00453078
27.12 0.00259083
27.13 -0.000686989
27.14 -0.00436974
27.15 -0.00760333
27.16 -0.00971339
27.17 -0.0102623
27.18 -0.00917777
27.19 -0.006723
27.2 -0.00338317
27.21 0.000246537
27.22 0.00348596
27.23 0.00561975
27.24 0.00606162
27.25 0.00455828
27.26 0.00139241
27.27 -0.00279701
27.28 -0.00730084
27.29 -0.0114209
27.3 -0.014401
27.31 -0.0155712
27.32 -0.0147328
27.33 -0.0121784
27.34 -0.00853363
27.35 -0.00467342
27.36 -0.00142383
27.37 0.000711852
27.38 0.00151655
27.39 0.000960791
27.4 -0.00080018
27.41 -0.00337979
27.42 -0.00613793
27.43 -0.0082841
27.44 -0.00910208
27.45 -0.00819203
27.46 -0.00562106
27.47 -0.00191172
27.48 0.00217628
27.49 0.00578079
27.5 0.00806907
27.51 0.00848544
27.52 0.00697266
27.53 0.00403041
27.54 0.000504682
27.55 -0.00276003
27.56 -0.00512151
27.57 -0.00611356
27.58 -0.00544336
27.59 -0.00318008
27.6 0.000230389
27.61 0.00398886
27.62 0.0070264
27.63 0.00828829
27.64 0.0071206
27.65 0.00368594
27.66 -0.00114156
27.67 -0.00618295
27.68 -0.0103824
27.69 -0.012918
27.7 -0.0131775
27.71 -0.0111033
27.72 -0.00718897
27.73 -0.00220965
27.74 0.00286741
27.75 0.00693163
27.76 0.00898348
27.77 0.0085089
27.78 0.00569194
27.79 0.00137598
27.8 -0.00334638
27.81 -0.00757783
27.82 -0.0107044
27.83 -0.0122148
27.84 -0.011779
27.85 -0.00949899
27.86 -0.00583026
27.87 -0.00150877
27.88 0.00253015
27.89 0.00529624
27.9 0.00596215
27.91 0.00417603
27.92 0.000255116
27.93 -0.00494257
27.94 -0.0103227
27.95 -0.0147042
27.96 -0.0168993
27.97 -0.0160741
27.98 -0.0121204
27.99 -0.00565066
28 0.00218258
28.01 0.00960527
28.02 0.0146091
28.03 0.0156616
28.04 0.0121583
28.05 0.00482544
28.06 -0.00447797
28.07 -0.0134608
28.08 -0.0201707
28.09 -0.0232184
28.1 -0.0218112
28.11 -0.0161609
28.12 -0.0073491
28.13 0.00299452
28.14 0.0126125
28.15 0.0193962
28.16 0.022215
28.17 0.0208114
28.18 0.0156939
28.19 0.0079688
28.2 -0.00100673
28.21 -0.00962696
28.22 -0.0164727
28.23 -0.0205244
28.24 -0.0209184
28.25 -0.017534
28.26 -0.0112284
28.27 -0.00321065
28.28 0.00513354
28.29 0.0124771
28.3 0.0178709
28.31 0.0205371
28.32 0.0199818
28.33 0.0163293
28.34 0.010119
28.35 0.00215801
28.36 -0.00631499
28.37 -0.0139271
28.38 -0.0196221
28.39 -0.0224999
28.4 -0.0219081
28.41 -0.0179964
28.42 -0.0115681
28.43 -0.00371963
28.44 0.00416539
28.45 0.0106298
28.46 0.0145618
28.47 0.0152318
28.48 0.0123653
28.49 0.00657389
28.5 -0.000871129
28.51 -0.00830877
28.52 -0.0142542
28.53 -0.0176719
28.54 -0.0176016
28.55 -0.0138567
28.56 -0.00742468
28.57 0.000326037
28.58 0.0079329
28.59 0.0141406
28.6 0.0179999
28.61 0.0186891
28.62 0.0160671
28.63 0.0107636
28.64 0.00370182
28.65 -0.00391937
28.66 -0.0106984
28.67 -0.01554
28.68 -0.0178043
28.69 -0.0172474
28.7 -0.0142624
28.71 -0.00971307
28.72 -0.00450356
28.73 0.000537874
28.74 0.00468937
28.75 0.00753909
28.76 0.0089827
28.77 0.00902026
28.78 0.00785988
28.79 0.00593092
28.8 0.00358706
28.81 0.0010567
28.82 -0.00151417
28.83 -0.00391256
28.84 -0.00574662
28.85 -0.00654654
28.86 -0.00595196
28.87 -0.00402567
28.88 -0.00125279
28.89 0.0018317
28.9 0.00485417
28.91 0.00750555
28.92 0.0093072
28.93 0.00969011
28.94 0.00833563
28.95 0.00529983
28.96 0.00102801
28.97 -0.0036971
28.98 -0.00801621
28.99 -0.0112021
29 -0.0125709
29.01 -0.0116049
29.02 -0.00836829
29.03 -0.00350827
29.04 0.0020803
29.05 0.0075275
29.06 0.0122083
29.07 0.0155929
29.08 0.0171486
29.09 0.0166569
29.1 0.0142422
29.11 0.0102612
29.12 0.00543462
29.13 0.000678109
29.14 -0.00318208
29.15 -0.00564527
29.16 -0.00659299
29.17 -0.00609861
29.18 -0.00456357
29.19 -0.00271423
29.2 -0.00112664
29.21 -7.00296e-05
29.22 0.000342206
29.23 7.53231e-05
29.24 -0.000855287
29.25 -0.00240265
29.26 -0.00441546
29.27 -0.00661317
29.28 -0.0087106
29.29 -0.0104311
29.3 -0.011445
29.31 -0.0114513
29.32 -0.0102819
29.33 -0.00794689
29.34 -0.00471773
29.35 -0.00114421
29.36 0.002093
29.37 0.00437092
29.38 0.00524795
29.39 0.00450656
29.4 0.00230229
29.41 -0.000845033
29.42 -0.00417457
29.43 -0.00693156
29.44 -0.00857474
29.45 -0.00874197
29.46 -0.00744399
29.47 -0.00516729
29.48 -0.00257227
29.49 -0.000314379
29.5 0.00104425
29.51 0.00114784
29.52 -9.20077e-05
29.53 -0.00240502
29.54 -0.00514933
29.55 -0.00752309
29.56 -0.00880166
29.57 -0.00851718
29.58 -0.00660331
29.59 -0.00334303
29.6 0.000828657
29.61 0.00534961
29.62 0.00962777
29.63 0.0130964
29.64 0.0152175
29.65 0.0157897
29.66 0.0150001
29.67 0.0131306
29.68 0.0105
29.69 0.00744925
29.7 0.00423675
29.71 0.00113516
29.72 -0.00153722
29.73 -0.00344885
29.74 -0.00433174
29.75 -0.00407078
29.76 -0.00275361
29.77 -0.000757114
29.78 0.00135787
29.79 0.00297444
29.8 0.00352132
29.81 0.00259954
29.82 0.000102886
29.83 -0.00364259
29.84 -0.00791515
29.85 -0.0118091
29.86 -0.014415
29.87 -0.01506
29.88 -0.013544
29.89 -0.010109
29.9 -0.00534578
29.91 -0.000115509
29.92 0.00459737
29.93 0.00805353
29.94 0.00989728
29.95 0.00993407
29.96 0.00826715
29.97 0.00537658
29.98 0.00176613
29.99 -0.00213628
30 -0.0058486
30.01 -0.00887853
30.02 -0.0108195
30.03 -0.011508
30.04 -0.0111042
30.05 -0.00985103
30.06 -0.00785888
30.07 -0.00515969
30.08 -0.00181634
30.09 0.00198827
30.1 0.00583573
30.11 0.00909349
30.12 0.0110312
30.13 0.0111054
30.14 0.00929592
30.15 0.0060185
30.16 0.00188429
30.17 -0.00243833
30.18 -0.00627975
30.19 -0.00907341
30.2 -0.0103661
30.21 -0.00983362
30.22 -0.00754405
30.23 -0.00396218
30.24 0.000323235
30.25 0.00466853
30.26 0.00848215
30.27 0.0112482
30.28 0.0124798
30.29 0.0119776
30.3 0.00991403
30.31 0.00663559
30.32 0.00264911
30.33 -0.00150919
30.34 -0.00530773
30.35 -0.00827113
30.36 -0.0100011
30.37 -0.0101131
30.38 -0.00858807
30.39 -0.00587807
30.4 -0.00257704
30.41 0.000730115
30.42 0.00348681
30.43 0.00522909
30.44 0.00561395
30.45 0.00446893
30.46 0.0019631
30.47 -0.00140865
30.48 -0.00488121
30.49 -0.0076312
30.5 -0.00902808
30.51 -0.00872224
30.52 -0.00684836
30.53 -0.00392045
30.54 -0.0004346
30.55 0.00321294
30.56 0.00663037
30.57 0.00931128
30.58 0.0106118
30.59 0.010062
30.6 0.00763096
30.61 0.00368201
30.62 -0.00115552
30.63 -0.00597369
30.64 -0.00980063
30.65 -0.0117847
30.66 -0.0112425
30.67 -0.00809899
30.68 -0.00305625
30.69 0.00278694
30.7 0.00834157
30.71 0.0127794
30.72 0.0153788
30.73 0.0155705
30.74 0.0133428
30.75 0.00911964
30.76 0.00355326
30.77 -0.00245913
30.78 -0.00779278
30.79 -0.0114947
30.8 -0.0130267
30.81 -0.0121371
30.82 -0.00909289
30.83 -0.00467479
30.84 0.000267702
30.85 0.004907
30.86 0.00851247
30.87 0.0104823
30.88 0.0103473
30.89 0.00812679
30.9 0.00435668
30.91 -0.000255223
30.92 -0.00488401
30.93 -0.0087352
30.94 -0.011191
30.95 -0.0117793
30.96 -0.0104208
30.97 -0.00752864
30.98 -0.00373974
30.99 0.000272285
31 0.0038722
31.01 0.00658779
31.02 0.00807822
31.03 0.00802433
31.04 0.00630706
31.05 0.00317449
31.06 -0.000873733
31.07 -0.00507543
31.08 -0.00854987
31.09 -0.0105024
31.1 -0.0103366
31.11 -0.00801988
31.12 -0.00411168
31.13 0.000657308
31.14 0.00554353
31.15 0.00990104
31.16 0.0131292
31.17 0.0145539
31.18 0.0137283
31.19 0.0105682
31.2 0.00528449
31.21 -0.00151965
31.22 -0.00866051
31.23 -0.0147855
31.24 -0.0187224
31.25 -0.0194251
31.26 -0.0165198
31.27 -0.0105907
31.28 -0.00273191
31.29 0.00559377
31.3 0.0129241
31.31 0.0182198
31.32 0.020681
31.33 0.0199204
31.34 0.0162786
31.35 0.010472
31.36 0.00335745
31.37 -0.00403396
31.38 -0.0105675
31.39 -0.0152905
31.4 -0.0174192
31.41 -0.0163069
31.42 -0.0120388
31.43 -0.00555294
31.44 0.00185744
31.45 0.00882477
31.46 0.0142531
31.47 0.0173009
31.48 0.0173306
31.49 0.0144015
31.5 0.00918432
31.51 0.00255588
31.52 -0.00435452
31.53 -0.0102976
31.54 -0.014327
31.55 -0.0158415
31.56 -0.0145817
31.57 -0.0108963
31.58 -0.00561376
31.59 0.000329529
31.6 0.0059548
31.61 0.0104367
31.62 0.0131376
31.63 0.0134848
31.64 0.0113348
31.65 0.00712639
31.66 0.00161293
31.67 -0.0041823
31.68 -0.00916602
31.69 -0.0125116
31.7 -0.0136479
31.71 -0.0123809
31.72 -0.00909889
31.73 -0.00453622
31.74 0.00051256
31.75 0.00523799
31.76 0.00898471
31.77 0.0112835
31.78 0.011779
31.79 0.0104669
31.8 0.00772991
31.81 0.00409875
31.82 0.000198283
31.83 -0.00330474
31.84 -0.00590205
31.85 -0.00734745
31.86 -0.00755303
31.87 -0.00659318
31.88 -0.00478043
31.89 -0.00248027
31.9 3.10452e-05
31.91 0.0024867
31.92 0.00453564
31.93 0.00576268
31.94 0.00584427
31.95 0.00473156
31.96 0.0027014
31.97 0.000211141
31.98 -0.00226992
31.99 -0.00433465
32 -0.00563208
32.01 -0.00582648
32.02 -0.00471277
32.03 -0.00237983
32.04 0.000850425
32.05 0.00442018
32.06 0.00761755
32.07 0.00974983
32.08 0.0103066
32.09 0.00918699
32.1 0.00666515
32.11 0.00319746
32.12 -0.000643932
32.13 -0.00414552
32.14 -0.00659877
32.15 -0.00747106
32.16 -0.00648545
32.17 -0.00387846
32.18 -0.000377908
32.19 0.00316159
32.2 0.00614493
32.21 0.00830811
32.22 0.00944974
32.23 0.00947984
32.24 0.00851147
32.25 0.00661805
32.26 0.00386877
32.27 0.000535938
32.28 -0.00289332
32.29 -0.00581675
32.3 -0.00765453
32.31 -0.00791913
32.32 -0.00646825
32.33 -0.00374873
32.34 -0.000467624
32.35 0.0027593
32.36 0.00553811
32.37 0.00761303
32.38 0.00867321
32.39 0.00853364
32.4 0.0072533
32.41 0.00499143
32.42 0.00209416
32.43 -0.000944652
32.44 -0.0035934
32.45 -0.00541284
32.46 -0.00614124
32.47 -0.00562265
32.48 -0.00397002
32.49 -0.00159241
32.5 0.00109386
32.51 0.00375436
32.52 0.00606764
32.53 0.00767666
32.54 0.00830855
32.55 0.00795098
32.56 0.00675692
32.57 0.00491487
32.58 0.00264415
32.59 9.09142e-05
32.6 -0.00262465
32.61 -0.00521987
32.62 -0.00717194
32.63 -0.00781679
32.64 -0.00674878
32.65 -0.00411443
32.66 -0.000446509
32.67 0.00357275
32.68 0.00734903
32.69 0.0104237
32.7 0.012322
32.71 0.0127349
32.72 0.0116934
32.73 0.00940316
32.74 0.00618051
32.75 0.00242153
32.76 -0.00161025
32.77 -0.00568939
32.78 -0.00946404
32.79 -0.0123682
32.8 -0.0137065
32.81 -0.0131211
32.82 -0.0107438
32.83 -0.00700686
32.84 -0.00263178
32.85 0.00162191
32.86 0.0051634
32.87 0.00763253
32.88 0.00882238
32.89 0.00857184
32.9 0.00703176
32.91 0.00465746
32.92 0.00191436
32.93 -0.000758416
32.94 -0.00290756
32.95 -0.00412782
32.96 -0.00416733
32.97 -0.00300312
32.98 -0.000895325
32.99 0.0017005
33 0.0042726
33.01 0.00637584
33.02 0.00768419
33.03 0.00798023
33.04 0.00717429
33.05 0.00523507
33.06 0.00218134
33.07 -0.00180468
33.08 -0.0061504
33.09 -0.00994934
33.1 -0.0122082
33.11 -0.0120891
33.12 -0.0093532
33.13 -0.00445549
33.14 0.00181508
33.15 0.00851286
33.16 0.0147442
33.17 0.0195869
33.18 0.0219784
33.19 0.0212185
33.2 0.017203
33.21 0.0102674
33.22 0.00135355
33.23 -0.0079056
33.24 -0.0157987
33.25 -0.0210712
33.26 -0.0226869
33.27 -0.0200158
33.28 -0.0134879
33.29 -0.00435323
33.3 0.00563984
33.31 0.0147382
33.32 0.0216722
33.33 0.0253884
33.34 0.0252968
33.35 0.0217349
33.36 0.0153817
33.37 0.00694489
33.38 -0.0025602
33.39 -0.0115115
33.4 -0.0183231
33.41 -0.0219547
33.42 -0.0214855
33.43 -0.0167011
33.44 -0.00861804
33.45 0.00123768
33.46 0.0110875
33.47 0.0195026
33.48 0.0255496
33.49 0.0281968
33.5 0.0272625
33.51 0.0236965
33.52 0.0181511
33.53 0.0109574
33.54 0.0029758
33.55 -0.00461055
33.56 -0.0105641
33.57 -0.0140557
33.58 -0.014688
33.59 -0.0120735
33.6 -0.00663651
33.61 0.000331631
33.62 0.00730555
33.63 0.0133085
33.64 0.0182554
33.65 0.0218311
33.66 0.0232644
33.67 0.0223685
33.68 0.0194446
33.69 0.014662
33.7 0.00846013
33.71 0.0016001
33.72 -0.00507431
33.73 -0.0108469
33.74 -0.0152792
33.75 -0.0177261
33.76 -0.0174725
33.77 -0.0145841
33.78 -0.0097731
33.79 -0.00381094
33.8 0.00248242
33.81 0.00832701
33.82 0.0133588
33.83 0.0174719
33.84 0.0203956
33.85 0.0218729
33.86 0.0218609
33.87 0.0202933
33.88 0.0171189
33.89 0.0125824
33.9 0.00711578
33.91 0.0011342
33.92 -0.00474101
33.93 -0.00977975
33.94 -0.0134175
33.95 -0.0150597
33.96 -0.0142229
33.97 -0.0109892
33.98 -0.00586331
33.99 0.000541015
34 0.00747255
34.01 0.0143513
34.02 0.0207757
34.03 0.0260513
34.04 0.0295469
34.05 0.0312961
34.06 0.0316259
34.07 0.030607
34.08 0.0281975
34.09 0.0244459
34.1 0.0193551
34.11 0.0129486
34.12 0.00556865
34.13 -0.00215848
34.14 -0.00919553
34.15 -0.0145794
34.16 -0.0177667
34.17 -0.0181433
34.18 -0.0154819
34.19 -0.0104925
34.2 -0.00415925
34.21 0.00255803
34.22 0.00893613
34.23 0.0147421
34.24 0.0196425
34.25 0.023088
34.26 0.024884
34.27 0.0250338
34.28 0.0233456
34.29 0.0198198
34.3 0.0148813
34.31 0.00894406
34.32 0.00235133
34.33 -0.00422362
34.34 -0.00986946
34.35 -0.0139494
34.36 -0.0160967
34.37 -0.0160209
34.38 -0.0138386
34.39 -0.0101401
34.4 -0.00554815
34.41 -0.000669239
34.42 0.00384924
34.43 0.00762196
34.44 0.0106367
34.45 0.012888
34.46 0.0141435
34.47 0.0141927
34.48 0.0129598
34.49 0.0103559
34.5 0.0064155
34.51 0.00146218
34.52 -0.0038834
34.53 -0.0088682
34.54 -0.0128748
34.55 -0.0152752
34.56 -0.0153717
34.57 -0.01294
34.58 -0.00839652
34.59 -0.002438
34.6 0.00398259
34.61 0.00999371
34.62 0.0151644
34.63 0.0190616
34.64 0.0210976
34.65 0.0210129
34.66 0.0188811
34.67 0.01474
34.68 0.00874642
34.69 0.00138105
34.7 -0.00646895
34.71 -0.0136972
34.72 -0.0193034
34.73 -0.0222361
34.74 -0.0216176
34.75 -0.0174825
34.76 -0.0106396
34.77 -0.00208781
34.78 0.00686237
34.79 0.0151165
34.8 0.0222672
34.81 0.027811
34.82 0.0310146
34.83 0.031741
34.84 0.0304031
34.85 0.0272511
34.86 0.0224975
34.87 0.0167392
34.88 0.010656
34.89 0.00472555
34.9 -0.000582352
34.91 -0.0046273
34.92 -0.00693357
34.93 -0.00746127
34.94 -0.00639531
34.95 -0.00417842
34.96 -0.00158905
34.97 0.000692102
34.98 0.00232266
34.99 0.00332219
35 0.00393543
35.01 0.00424076
35.02 0.00424867
35.03 0.00410759
35.04 0.00385396
35.05 0.00333217
35.06 0.00262044
35.07 0.00202526
35.08 0.00169103
35.09 0.00169633
35.1 0.00208561
35.11 0.00271476
35.12 0.00345404
35.13 0.00427618
35.14 0.0050796
35.15 0.00574033
35.16 0.0061532
35.17 0.00613842
35.18 0.0055674
35.19 0.00451932
35.2 0.00316292
35.21 0.00161502
35.22 -5.90263e-05
35.23 -0.00181215
35.24 -0.00357109
35.25 -0.00523313
35.26 -0.00664773
35.27 -0.00760408
35.28 -0.00792722
35.29 -0.00753587
35.3 -0.00644014
35.31 -0.00479283
35.32 -0.00287193
35.33 -0.000894646
35.34 0.00113669
35.35 0.00341157
35.36 0.00610997
35.37 0.00917256
35.38 0.0122943
35.39 0.0151116
35.4 0.0173304
35.41 0.0187233
35.42 0.0190894
35.43 0.0182135
35.44 0.0158644
35.45 0.011898
35.46 0.00639516
35.47 -0.000372665
35.48 -0.0075901
35.49 -0.0142119
35.5 -0.0193976
35.51 -0.0220685
35.52 -0.0213348
35.53 -0.0173707
35.54 -0.0111019
35.55 -0.0036196
35.56 0.00387495
35.57 0.0104712
35.58 0.0160444
35.59 0.0207893
35.6 0.0245511
35.61 0.027067
35.62 0.0282697
35.63 0.0279754
35.64 0.0258774
35.65 0.0220351
35.66 0.016857
35.67 0.010681
35.68 0.00381922
35.69 -0.00323778
35.7 -0.00969217
35.71 -0.0147638
35.72 -0.0178078
35.73 -0.0180433
35.74 -0.0151479
35.75 -0.00981798
35.76 -0.00320113
35.77 0.0034727
35.78 0.00936202
35.79 0.0142502
35.8 0.0178358
35.81 0.0196702
35.82 0.0197822
35.83 0.0185435
35.84 0.0162054
35.85 0.013081
35.86 0.00964882
35.87 0.00614573
35.88 0.0025366
35.89 -0.00119985
35.9 -0.00484155
35.91 -0.00803883
35.92 -0.010469
35.93 -0.0116709
35.94 -0.011199
35.95 -0.00898415
35.96 -0.00529811
35.97 -0.000620349
35.98 0.00438052
35.99 0.00922585
36 0.0138182
36.01 0.0179803
36.02 0.0212862
36.03 0.0234082
36.04 0.0241548
36.05 0.0232764
36.06 0.0206704
36.07 0.0166203
36.08 0.0115917
36.09 0.006037
36.1 0.000415394
36.11 -0.00468295
36.12 -0.00881589
36.13 -0.0119332
36.14 -0.0139637
36.15 -0.0146801
36.16 -0.0140528
36.17 -0.0121644
36.18 -0.00897832
36.19 -0.00464208
36.2 0.000423407
36.21 0.00565435
36.22 0.0108202
36.23 0.0161406
36.24 0.0215047
36.25 0.0263759
36.26 0.0303404
36.27 0.0329266
36.28 0.0332699
36.29 0.0306606
36.3 0.025081
36.31 0.0169058
36.32 0.00666965
36.33 -0.00451611
36.34 -0.0148061
36.35 -0.0226514
36.36 -0.0274654
36.37 -0.0289246
36.38 -0.0268812
36.39 -0.0217841
36.4 -0.0142499
36.41 -0.00479062
36.42 0.00575236
36.43 0.0162614
36.44 0.025962
36.45 0.0342698
36.46 0.0403481
36.47 0.0436503
36.48 0.044392
36.49 0.0429671
36.5 0.0393645
36.51 0.0335344
36.52 0.0260412
36.53 0.0178271
36.54 0.00947334
36.55 0.00116157
36.56 -0.00638499
36.57 -0.0121888
36.58 -0.0158303
36.59 -0.017118
36.6 -0.0158027
36.61 -0.0119307
36.62 -0.00618154
36.63 0.000505645
36.64 0.00702441
36.65 0.0124433
36.66 0.0164751
36.67 0.0190105
36.68 0.0196036
36.69 0.0176902
36.7 0.0132529
36.71 0.00665583
36.72 -0.00189781
36.73 -0.0114904
36.74 -0.0209722
