0.01 5.90982e-07
0.02 1.0719e-06
0.03 -1.36776e-06
0.04 -8.1662e-06
0.05 -1.74192e-05
0.06 -2.56507e-05
0.07 -3.12987e-05
0.08 -3.71176e-05
0.09 -4.77891e-05
0.1 -6.2851e-05
0.11 -7.21297e-05
0.12 -6.13232e-05
0.13 -2.48572e-05
0.14 2.6709e-05
0.15 7.25441e-05
0.16 9.4629e-05
0.17 8.66216e-05
0.18 5.38606e-05
0.19 8.83725e-06
0.2 -3.2136e-05
0.21 -5.23182e-05
0.22 -4.21943e-05
0.23 -7.5136e-06
0.24 3.17008e-05
0.25 5.32236e-05
0.26 4.65905e-05
0.27 1.83227e-05
0.28 -1.34667e-05
0.29 -3.00134e-05
0.3 -2.29983e-05
0.31 -9.96066e-07
0.32 1.3939e-05
0.33 9.04141e-07
0.34 -4.20017e-05
0.35 -9.08511e-05
0.36 -0.000108974
0.37 -7.30014e-05
0.38 8.14543e-06
0.39 9.74136e-05
0.4 0.000153937
0.41 0.000157777
0.42 0.000117457
0.43 5.96905e-05
0.44 1.28774e-05
0.45 -5.71751e-06
0.46 3.66822e-06
0.47 2.34656e-05
0.48 2.69918e-05
0.49 -5.44365e-06
0.5 -7.01903e-05
0.51 -0.00013712
0.52 -0.000166488
0.53 -0.000135404
0.54 -5.35728e-05
0.55 4.29259e-05
0.56 0.00011277
0.57 0.000129898
0.58 9.36026e-05
0.59 2.67512e-05
0.6 -3.60168e-05
0.61 -6.53877e-05
0.62 -5.14991e-05
0.63 -7.83114e-06
0.64 3.65361e-05
0.65 6.11899e-05
0.66 5.28161e-05
0.67 4.55779e-06
0.68 -6.15469e-05
0.69 -0.000102243
0.7 -8.54892e-05
0.71 -1.37262e-05
0.72 7.57128e-05
0.73 0.000133912
0.74 0.00013167
0.75 7.629e-05
0.76 2.41992e-06
0.77 -5.34178e-05
0.78 -7.36116e-05
0.79 -6.31261e-05
0.8 -3.95034e-05
0.81 -1.93587e-05
0.82 -9.47116e-06
0.83 -6.30354e-06
0.84 -1.83774e-06
0.85 1.0073e-05
0.86 2.99324e-05
0.87 5.11677e-05
0.88 6.24521e-05
0.89 5.53283e-05
0.9 3.13428e-05
0.91 2.08333e-07
0.92 -2.89082e-05
0.93 -5.20503e-05
0.94 -6.68008e-05
0.95 -6.81686e-05
0.96 -5.17088e-05
0.97 -1.9988e-05
0.98 1.66122e-05
0.99 4.56734e-05
1 5.83306e-05
1.01 5.11083e-05
1.02 2.59806e-05
1.03 -9.58308e-06
1.04 -4.28877e-05
1.05 -5.85693e-05
1.06 -4.58376e-05
1.07 -7.93904e-06
1.08 3.49071e-05
1.09 5.58692e-05
1.1 4.05793e-05
1.11 -7.46001e-08
1.12 -3.57311e-05
1.13 -3.80598e-05
1.14 -1.61849e-06
1.15 5.17444e-05
1.16 8.74222e-05
1.17 8.09342e-05
1.18 3.46155e-05
1.19 -2.28582e-05
1.2 -5.54494e-05
1.21 -4.51702e-05
1.22 -5.23226e-06
1.23 2.9475e-05
1.24 2.77232e-05
1.25 -1.56974e-05
1.26 -7.62049e-05
1.27 -0.000115338
1.28 -0.000104446
1.29 -4.10606e-05
1.3 5.05522e-05
1.31 0.000132316
1.32 0.000169637
1.33 0.000145466
1.34 6.82156e-05
1.35 -2.88746e-05
1.36 -0.000100453
1.37 -0.000112741
1.38 -6.59024e-05
1.39 3.33699e-06
1.4 4.54067e-05
1.41 3.24561e-05
1.42 -2.19088e-05
1.43 -7.22172e-05
1.44 -7.3699e-05
1.45 -1.56774e-05
1.46 6.8587e-05
1.47 0.000124019
1.48 0.000112272
1.49 3.90175e-05
1.5 -4.94464e-05
1.51 -9.76247e-05
1.52 -7.76886e-05
1.53 -5.9328e-06
1.54 7.09089e-05
1.55 0.000106705
1.56 8.18075e-05
1.57 9.71521e-06
1.58 -7.4417e-05
1.59 -0.000132593
1.6 -0.000139319
1.61 -8.92507e-05
1.62 1.46794e-06
1.63 9.85824e-05
1.64 0.000159893
1.65 0.000154072
1.66 8.05561e-05
1.67 -2.50081e-05
1.68 -0.0001087
1.69 -0.000129846
1.7 -8.39496e-05
1.71 -2.81494e-06
1.72 6.51786e-05
1.73 8.25974e-05
1.74 4.46752e-05
1.75 -1.70394e-05
1.76 -5.3896e-05
1.77 -3.27038e-05
1.78 3.8954e-05
1.79 0.000113217
1.8 0.000131964
1.81 6.87436e-05
1.82 -4.84146e-05
1.83 -0.000153201
1.84 -0.00018481
1.85 -0.000126022
1.86 -1.06772e-05
1.87 9.92697e-05
1.88 0.000149096
1.89 0.000118427
1.9 2.85624e-05
1.91 -7.00601e-05
1.92 -0.000123758
1.93 -0.000104052
1.94 -2.38288e-05
1.95 7.02096e-05
1.96 0.000126059
1.97 0.000117629
1.98 5.76438e-05
1.99 -1.39543e-05
2 -5.46602e-05
2.01 -4.2618e-05
2.02 1.07159e-05
2.03 6.51463e-05
2.04 7.52575e-05
2.05 2.1268e-05
2.06 -7.478e-05
2.07 -0.000161603
2.08 -0.000191257
2.09 -0.000147045
2.1 -4.88369e-05
2.11 6.1979e-05
2.12 0.000142496
2.13 0.000161911
2.14 0.000110476
2.15 7.99038e-06
2.16 -9.55152e-05
2.17 -0.000139614
2.18 -9.06786e-05
2.19 2.92927e-05
2.2 0.000149392
2.21 0.000192884
2.22 0.000127482
2.23 -1.18793e-05
2.24 -0.000142493
2.25 -0.000183677
2.26 -0.000108052
2.27 3.66089e-05
2.28 0.0001522
2.29 0.000151882
2.3 2.11686e-05
2.31 -0.000164826
2.32 -0.000285176
2.33 -0.000251967
2.34 -7.07121e-05
2.35 0.000159589
2.36 0.000306635
2.37 0.000285393
2.38 0.000108652
2.39 -0.000121335
2.4 -0.000273387
2.41 -0.000263658
2.42 -0.000102201
2.43 0.000116543
2.44 0.000270534
2.45 0.000279079
2.46 0.000145175
2.47 -5.10073e-05
2.48 -0.000201783
2.49 -0.000233587
2.5 -0.000143915
2.51 4.49751e-06
2.52 0.000124164
2.53 0.00015284
2.54 8.57856e-05
2.55 -2.6339e-05
2.56 -0.000112099
2.57 -0.000123861
2.58 -6.18799e-05
2.59 3.47066e-05
2.6 0.000115188
2.61 0.000140896
2.62 9.75706e-05
2.63 4.03943e-07
2.64 -0.000107948
2.65 -0.000172537
2.66 -0.000154428
2.67 -5.61213e-05
2.68 7.5501e-05
2.69 0.000172108
2.7 0.000179849
2.71 9.01699e-05
2.72 -5.17537e-05
2.73 -0.000169857
2.74 -0.000201197
2.75 -0.000133391
2.76 -1.03657e-05
2.77 9.46126e-05
2.78 0.000119059
2.79 4.52751e-05
2.8 -8.46963e-05
2.81 -0.000185048
2.82 -0.00017425
2.83 -3.0544e-05
2.84 0.00018512
2.85 0.000359837
2.86 0.000394056
2.87 0.000258827
2.88 1.28406e-05
2.89 -0.000227417
2.9 -0.000348052
2.91 -0.000298201
2.92 -0.000118412
2.93 8.19327e-05
2.94 0.000187554
2.95 0.000142433
2.96 -2.07315e-05
2.97 -0.000199727
2.98 -0.000278653
2.99 -0.000193634
3 2.58334e-05
3.01 0.000267679
3.02 0.000399722
3.03 0.000347865
3.04 0.000140395
3.05 -0.000109344
3.06 -0.00026883
3.07 -0.000260223
3.08 -0.000102311
3.09 0.000101214
3.1 0.000222929
3.11 0.000188163
3.12 1.83522e-05
3.13 -0.000186629
3.14 -0.000312031
3.15 -0.000293715
3.16 -0.000148433
3.17 4.10554e-05
3.18 0.000173863
3.19 0.000187465
3.2 9.24315e-05
3.21 -3.67814e-05
3.22 -0.000109783
3.23 -7.47979e-05
3.24 5.32239e-05
3.25 0.000202676
3.26 0.000285331
3.27 0.00024598
3.28 9.38506e-05
3.29 -0.000104044
3.3 -0.000260949
3.31 -0.000312408
3.32 -0.000241944
3.33 -8.81133e-05
3.34 6.81096e-05
3.35 0.000141614
3.36 9.61828e-05
3.37 -2.50117e-05
3.38 -0.000123532
3.39 -0.000113463
3.4 1.68707e-05
3.41 0.000194929
3.42 0.000311615
3.43 0.000292449
3.44 0.000144702
3.45 -4.90678e-05
3.46 -0.000185014
3.47 -0.000202609
3.48 -0.000117388
3.49 -3.32241e-06
3.5 5.95608e-05
3.51 3.62902e-05
3.52 -4.48428e-05
3.53 -0.000115894
3.54 -0.000117868
3.55 -4.16121e-05
3.56 6.66786e-05
3.57 0.000137745
3.58 0.00012507
3.59 3.35718e-05
3.6 -8.37277e-05
3.61 -0.000155661
3.62 -0.000133378
3.63 -2.16867e-05
3.64 0.000118646
3.65 0.00020496
3.66 0.000183778
3.67 6.34453e-05
3.68 -9.3373e-05
3.69 -0.000208374
3.7 -0.000229417
3.71 -0.000152879
3.72 -2.17363e-05
3.73 9.51786e-05
3.74 0.000135971
3.75 7.97182e-05
3.76 -3.63124e-05
3.77 -0.000132506
3.78 -0.000133092
3.79 -1.63663e-05
3.8 0.000164027
3.81 0.000304508
3.82 0.000313385
3.83 0.000172414
3.84 -4.45505e-05
3.85 -0.000213659
3.86 -0.00023881
3.87 -0.000112576
3.88 7.93457e-05
3.89 0.000209962
3.9 0.000186596
3.91 8.98457e-06
3.92 -0.000224136
3.93 -0.000371069
3.94 -0.000335971
3.95 -0.000131461
3.96 0.000127615
3.97 0.000293277
3.98 0.000271078
3.99 7.36429e-05
4 -0.00018629
4.01 -0.000357866
4.02 -0.000336789
4.03 -0.000126596
4.04 0.000160653
4.05 0.00036658
4.06 0.000375828
4.07 0.000182546
4.08 -0.000102899
4.09 -0.00031332
4.1 -0.000320497
4.11 -0.000112671
4.12 0.000195362
4.13 0.000428623
4.14 0.000454672
4.15 0.000259624
4.16 -4.65325e-05
4.17 -0.000296263
4.18 -0.000362407
4.19 -0.000230153
4.2 -1.0257e-06
4.21 0.000174281
4.22 0.000192103
4.23 5.75622e-05
4.24 -0.000127521
4.25 -0.000237376
4.26 -0.000204146
4.27 -5.78738e-05
4.28 9.7334e-05
4.29 0.000154949
4.3 7.91675e-05
4.31 -7.10509e-05
4.32 -0.000184708
4.33 -0.000175883
4.34 -3.88753e-05
4.35 0.000153671
4.36 0.000300001
4.37 0.000327139
4.38 0.000224252
4.39 4.13232e-05
4.4 -0.00014033
4.41 -0.000249627
4.42 -0.000257096
4.43 -0.00017912
4.44 -5.75357e-05
4.45 6.55522e-05
4.46 0.000160899
4.47 0.000212067
4.48 0.000209528
4.49 0.000147547
4.5 3.05861e-05
4.51 -0.000114368
4.52 -0.000235693
4.53 -0.000277974
4.54 -0.000217472
4.55 -8.51325e-05
4.56 4.59086e-05
4.57 0.000104052
4.58 6.48437e-05
4.59 -3.19335e-05
4.6 -0.000106829
4.61 -9.60144e-05
4.62 -1.8018e-06
4.63 0.000103283
4.64 0.000129922
4.65 4.46096e-05
4.66 -9.76855e-05
4.67 -0.000189012
4.68 -0.000146456
4.69 2.42429e-05
4.7 0.0002252
4.71 0.000326599
4.72 0.000251211
4.73 2.79189e-05
4.74 -0.000221376
4.75 -0.000354394
4.76 -0.000294866
4.77 -7.73764e-05
4.78 0.000177513
4.79 0.000339327
4.8 0.000344062
4.81 0.00022366
4.82 7.35429e-05
4.83 -1.75567e-05
4.84 -2.67267e-05
4.85 -2.9931e-06
4.86 -1.73121e-05
4.87 -9.80257e-05
4.88 -0.000203603
4.89 -0.000252138
4.9 -0.000183773
4.91 -1.0329e-05
4.92 0.000183804
4.93 0.000291635
4.94 0.000249715
4.95 7.54664e-05
4.96 -0.000144746
4.97 -0.000303761
4.98 -0.00032901
4.99 -0.000218619
5 -4.01732e-05
5.01 0.000110673
5.02 0.000168182
5.03 0.000130928
5.04 5.00045e-05
5.05 -1.40956e-05
5.06 -3.04772e-05
5.07 -8.59714e-06
5.08 1.82822e-05
5.09 2.08485e-05
5.1 -5.91085e-06
5.11 -4.16403e-05
5.12 -5.64824e-05
5.13 -3.12368e-05
5.14 3.02163e-05
5.15 0.000102511
5.16 0.000153446
5.17 0.000162459
5.18 0.000130598
5.19 7.64788e-05
5.2 2.24117e-05
5.21 -2.02664e-05
5.22 -5.59396e-05
5.23 -9.30426e-05
5.24 -0.000125305
5.25 -0.000129265
5.26 -8.85165e-05
5.27 -2.16767e-05
5.28 2.09806e-05
5.29 -1.74715e-06
5.3 -7.86794e-05
5.31 -0.0001451
5.32 -0.000133206
5.33 -3.29556e-05
5.34 9.32328e-05
5.35 0.000159043
5.36 0.000125699
5.37 3.47593e-05
5.38 -2.67799e-05
5.39 1.88027e-07
5.4 9.80585e-05
5.41 0.000187369
5.42 0.000188677
5.43 8.13858e-05
5.44 -8.09445e-05
5.45 -0.000205482
5.46 -0.00022038
5.47 -0.00012121
5.48 2.67877e-05
5.49 0.000131908
5.5 0.000134542
5.51 4.14337e-05
5.52 -8.45982e-05
5.53 -0.000167652
5.54 -0.000163254
5.55 -7.92914e-05
5.56 3.2345e-05
5.57 0.000106192
5.58 0.000102789
5.59 3.69727e-05
5.6 -2.72739e-05
5.61 -1.94843e-05
5.62 8.23417e-05
5.63 0.00022461
5.64 0.000305595
5.65 0.000246526
5.66 5.63148e-05
5.67 -0.000163355
5.68 -0.00028178
5.69 -0.000226872
5.7 -3.55016e-05
5.71 0.000165752
5.72 0.000237644
5.73 0.000117699
5.74 -0.000134554
5.75 -0.000369842
5.76 -0.00044075
5.77 -0.000293956
5.78 -6.94393e-06
5.79 0.000252754
5.8 0.00032615
5.81 0.000164827
5.82 -0.000128916
5.83 -0.000357833
5.84 -0.000352493
5.85 -8.40623e-05
5.86 0.000306999
5.87 0.000590708
5.88 0.000591019
5.89 0.00029931
5.9 -0.000118973
5.91 -0.000427168
5.92 -0.000458809
5.93 -0.000211481
5.94 0.000151044
5.95 0.00038671
5.96 0.000314601
5.97 -6.64949e-05
5.98 -0.000557929
5.99 -0.000866764
6 -0.000779431
6.01 -0.000298122
6.02 0.000345423
6.03 0.000816327
6.04 0.000875177
6.05 0.000524637
6.06 8.05106e-06
6.07 -0.000342541
6.08 -0.000310867
6.09 7.23448e-05
6.1 0.000547497
6.11 0.000783306
6.12 0.000578586
6.13 -1.0046e-05
6.14 -0.00069094
6.15 -0.0011049
6.16 -0.00104426
6.17 -0.00058582
6.18 -4.31551e-05
6.19 0.000238333
6.2 0.000108203
6.21 -0.000292998
6.22 -0.00062735
6.23 -0.000576627
6.24 -4.81578e-05
6.25 0.0007522
6.26 0.00142381
6.27 0.00159626
6.28 0.00114674
6.29 0.000286531
6.3 -0.000545369
6.31 -0.000932422
6.32 -0.000721181
6.33 -0.000103109
6.34 0.00050864
6.35 0.000727942
6.36 0.000418569
6.37 -0.000237717
6.38 -0.000861632
6.39 -0.00110728
6.4 -0.000861277
6.41 -0.00029284
6.42 0.000267662
6.43 0.000533692
6.44 0.000415837
6.45 4.27727e-05
6.46 -0.000334105
6.47 -0.000478085
6.48 -0.000278792
6.49 0.000196178
6.5 0.000725658
6.51 0.0010366
6.52 0.000947323
6.53 0.000477383
6.54 -0.000149328
6.55 -0.000623521
6.56 -0.000726636
6.57 -0.000456463
6.58 -2.22187e-05
6.59 0.000286626
6.6 0.000271738
6.61 -6.49005e-05
6.62 -0.000526931
6.63 -0.000831458
6.64 -0.000761357
6.65 -0.000289646
6.66 0.000387935
6.67 0.000941898
6.68 0.0010875
6.69 0.000756703
6.7 0.000150739
6.71 -0.00037546
6.72 -0.000530687
6.73 -0.000263901
6.74 0.000213504
6.75 0.000566602
6.76 0.000544301
6.77 0.000128555
6.78 -0.000460806
6.79 -0.000902644
6.8 -0.000961854
6.81 -0.000613044
6.82 -3.93547e-05
6.83 0.00047581
6.84 0.000697253
6.85 0.000554117
6.86 0.000172694
6.87 -0.000191553
6.88 -0.000296134
6.89 -5.62661e-05
6.9 0.000392947
6.91 0.000764091
6.92 0.000786714
6.93 0.000381147
6.94 -0.0002744
6.95 -0.000835443
6.96 -0.000992794
6.97 -0.000661215
6.98 -3.61921e-05
6.99 0.000519258
7 0.000690265
7.01 0.000397425
7.02 -0.000158792
7.03 -0.000625288
7.04 -0.000715257
7.05 -0.000377833
7.06 0.000185367
7.07 0.00065298
7.08 0.000771966
7.09 0.000494599
7.1 1.8894e-06
7.11 -0.000396021
7.12 -0.000439284
7.13 -8.462e-05
7.14 0.000449198
7.15 0.00080316
7.16 0.000699257
7.17 0.000120226
7.18 -0.000665606
7.19 -0.00124777
7.2 -0.00129957
7.21 -0.000759412
7.22 0.000124078
7.23 0.000913044
7.24 0.00121353
7.25 0.0008928
7.26 0.000155853
7.27 -0.000567552
7.28 -0.000865409
7.29 -0.000578761
7.3 0.000103506
7.31 0.000749963
7.32 0.000942258
7.33 0.000535733
7.34 -0.000239107
7.35 -0.000910165
7.36 -0.00105677
7.37 -0.000577147
7.38 0.000241953
7.39 0.000901083
7.4 0.000999772
7.41 0.00048742
7.42 -0.000305703
7.43 -0.000878348
7.44 -0.000873951
7.45 -0.00029732
7.46 0.000501583
7.47 0.00105171
7.48 0.00103939
7.49 0.000474993
7.5 -0.000329502
7.51 -0.000938734
7.52 -0.00102773
7.53 -0.000558528
7.54 0.000189726
7.55 0.000768621
7.56 0.000821594
7.57 0.000306971
7.58 -0.000465913
7.59 -0.0010223
7.6 -0.00101472
7.61 -0.000439148
7.62 0.000358069
7.63 0.000889147
7.64 0.00082498
7.65 0.000200669
7.66 -0.000604253
7.67 -0.0010989
7.68 -0.000976861
7.69 -0.000289118
7.7 0.000600957
7.71 0.00123456
7.72 0.00130786
7.73 0.000820621
7.74 6.0295e-05
7.75 -0.000558502
7.76 -0.000717254
7.77 -0.000366101
7.78 0.000251036
7.79 0.00074051
7.8 0.000790049
7.81 0.000346806
7.82 -0.000357652
7.83 -0.000939705
7.84 -0.00107798
7.85 -0.000697303
7.86 -1.75055e-05
7.87 0.000575833
7.88 0.000759151
7.89 0.000460662
7.9 -0.000103541
7.91 -0.000571333
7.92 -0.000652657
7.93 -0.000291633
7.94 0.00030712
7.95 0.000796202
7.96 0.000884159
7.97 0.000506676
7.98 -0.000130156
7.99 -0.000667649
8 -0.000808921
8.01 -0.000499625
8.02 3.86063e-05
8.03 0.000446197
8.04 0.000453367
8.05 5.71663e-05
8.06 -0.000468051
8.07 -0.000742584
8.08 -0.000530487
8.09 9.78506e-05
8.1 0.00079921
8.11 0.00116522
8.12 0.000971563
8.13 0.000317927
8.14 -0.000423698
8.15 -0.000826813
8.16 -0.000670922
8.17 -8.44361e-05
8.18 0.000529738
8.19 0.000748681
8.2 0.000401854
8.21 -0.000316173
8.22 -0.000963597
8.23 -0.00112349
8.24 -0.000661828
8.25 0.00018588
8.26 0.000951916
8.27 0.00121306
8.28 0.00084093
8.29 7.83098e-05
8.3 -0.000605665
8.31 -0.0007984
8.32 -0.000393957
8.33 0.00034327
8.34 0.000939962
8.35 0.00100027
8.36 0.000443601
8.37 -0.000445234
8.38 -0.00117916
8.39 -0.00134903
8.4 -0.000861044
8.41 2.7462e-06
8.42 0.000745345
8.43 0.000947853
8.44 0.000514507
8.45 -0.000275943
8.46 -0.00093692
8.47 -0.00105611
8.48 -0.000531648
8.49 0.000367799
8.5 0.0011542
8.51 0.00139971
8.52 0.000984638
8.53 0.000166542
8.54 -0.000574237
8.55 -0.000821565
8.56 -0.000468439
8.57 0.000226565
8.58 0.000801724
8.59 0.000875203
8.6 0.000379036
8.61 -0.000400547
8.62 -0.00100554
8.63 -0.00109417
8.64 -0.000644637
8.65 5.24012e-05
8.66 0.000591538
8.67 0.000700495
8.68 0.000384875
8.69 -0.00010164
8.7 -0.000424915
8.71 -0.000369149
8.72 4.27312e-05
8.73 0.000568066
8.74 0.000890191
8.75 0.00080642
8.76 0.000347045
8.77 -0.000243668
8.78 -0.000651101
8.79 -0.000674009
8.8 -0.000340026
8.81 0.000117881
8.82 0.000409339
8.83 0.000362479
8.84 1.70559e-05
8.85 -0.000414857
8.86 -0.000682126
8.87 -0.000634169
8.88 -0.000291716
8.89 0.00017468
8.9 0.000533958
8.91 0.000609506
8.92 0.000372578
8.93 -3.4125e-05
8.94 -0.000367891
8.95 -0.000423038
8.96 -0.000155633
8.97 0.000281838
8.98 0.000622445
8.99 0.000639171
9 0.000282448
9.01 -0.000281546
9.02 -0.000760295
9.03 -0.000902962
9.04 -0.000645323
9.05 -0.000143822
9.06 0.000317925
9.07 0.000490556
9.08 0.00029547
9.09 -0.000135887
9.1 -0.000536373
9.11 -0.000649028
9.12 -0.000370857
9.13 0.000180096
9.14 0.000720146
9.15 0.000958128
9.16 0.000765807
9.17 0.000253825
9.18 -0.000294796
9.19 -0.000590308
9.2 -0.000497987
9.21 -0.000102617
9.22 0.000352731
9.23 0.000609476
9.24 0.00053416
9.25 0.000181054
9.26 -0.000252502
9.27 -0.000543881
9.28 -0.000562016
9.29 -0.000322263
9.3 3.4209e-05
9.31 0.000313326
9.32 0.000363184
9.33 0.000159101
9.34 -0.000166868
9.35 -0.000388986
9.36 -0.000325553
9.37 3.02955e-05
9.38 0.000482317
9.39 0.000740667
9.4 0.000605671
9.41 0.000102443
9.42 -0.00052483
9.43 -0.00095166
9.44 -0.000953947
9.45 -0.000527584
9.46 0.000108077
9.47 0.000618799
9.48 0.000726838
9.49 0.000365538
9.5 -0.0002683
9.51 -0.000808435
9.52 -0.000921161
9.53 -0.000504921
9.54 0.000234053
9.55 0.000888176
9.56 0.00108572
9.57 0.000719578
9.58 2.24522e-05
9.59 -0.00057132
9.6 -0.000694014
9.61 -0.00028023
9.62 0.000383926
9.63 0.000844448
9.64 0.000773062
9.65 0.000175787
9.66 -0.000609839
9.67 -0.00111691
9.68 -0.00102607
9.69 -0.000360499
9.7 0.000514116
9.71 0.00109531
9.72 0.00104337
9.73 0.000392949
9.74 -0.000463175
9.75 -0.00101519
9.76 -0.00094878
9.77 -0.000330039
9.78 0.000448138
9.79 0.000915544
9.8 0.000809866
9.81 0.000225476
9.82 -0.000457629
9.83 -0.000816134
9.84 -0.000645129
9.85 -7.671e-05
9.86 0.000514135
9.87 0.000749979
9.88 0.000482911
9.89 -0.000121314
9.9 -0.000687919
9.91 -0.000857161
9.92 -0.000498968
9.93 0.000202088
9.94 0.000847141
9.95 0.00106024
9.96 0.000720758
9.97 3.93174e-05
9.98 -0.000577322
9.99 -0.000783098
10 -0.000498201
10.01 6.35335e-05
10.02 0.000543119
10.03 0.000654774
10.04 0.000346685
10.05 -0.000179173
10.06 -0.000595159
10.07 -0.000648908
10.08 -0.000315642
10.09 0.000192974
10.1 0.000566436
10.11 0.000585823
10.12 0.000247479
10.13 -0.000244837
10.14 -0.000603051
10.15 -0.000617645
10.16 -0.000270287
10.17 0.000260953
10.18 0.000699747
10.19 0.000815316
10.2 0.000539533
10.21 3.53153e-06
10.22 -0.000527763
10.23 -0.00079694
10.24 -0.000696781
10.25 -0.000327129
10.26 7.33486e-05
10.27 0.000276274
10.28 0.000196695
10.29 -6.99816e-05
10.3 -0.000321289
10.31 -0.000377103
10.32 -0.000182524
10.33 0.000172559
10.34 0.000514819
10.35 0.000680553
10.36 0.000590058
10.37 0.000280494
10.38 -0.000107173
10.39 -0.000386903
10.4 -0.000417794
10.41 -0.000186163
10.42 0.000171939
10.43 0.000436322
10.44 0.000430864
10.45 0.000138814
10.46 -0.000275309
10.47 -0.000562846
10.48 -0.000548928
10.49 -0.00024546
10.5 0.000157836
10.51 0.000416578
10.52 0.000383401
10.53 9.03865e-05
10.54 -0.000279886
10.55 -0.000505313
10.56 -0.000448879
10.57 -0.000132012
10.58 0.00027846
10.59 0.000562675
10.6 0.000569088
10.61 0.000297499
10.62 -9.89163e-05
10.63 -0.000392261
10.64 -0.000402841
10.65 -0.000106415
10.66 0.000337
10.67 0.000663892
10.68 0.000663417
10.69 0.000313263
10.7 -0.000199535
10.71 -0.00058945
10.72 -0.000639327
10.73 -0.00032043
10.74 0.000192992
10.75 0.000613743
10.76 0.000694383
10.77 0.000372173
10.78 -0.000176656
10.79 -0.00062344
10.8 -0.000678699
10.81 -0.000273829
10.82 0.000384333
10.83 0.000924721
10.84 0.00102458
10.85 0.000599906
10.86 -0.000136992
10.87 -0.000791811
10.88 -0.00101384
10.89 -0.000700623
10.9 -5.65849e-05
10.91 0.00053372
10.92 0.00074105
10.93 0.000486897
10.94 -2.29923e-05
10.95 -0.000440151
10.96 -0.000491462
10.97 -0.000137517
10.98 0.00041514
10.99 0.000843742
11 0.000900146
11.01 0.000553532
11.02 5.0317e-06
11.03 -0.000433812
11.04 -0.00052641
11.05 -0.000250124
11.06 0.000194842
11.07 0.000512502
11.08 0.00049429
11.09 0.000144778
11.1 -0.000325168
11.11 -0.000630417
11.12 -0.000586594
11.13 -0.000222315
11.14 0.00023907
11.15 0.000517589
11.16 0.000449519
11.17 8.92114e-05
11.18 -0.000321228
11.19 -0.00049877
11.2 -0.000298445
11.21 0.000185361
11.22 0.000664596
11.23 0.000828481
11.24 0.000538242
11.25 -7.35827e-05
11.26 -0.000668067
11.27 -0.000900762
11.28 -0.000639564
11.29 -5.80914e-05
11.3 0.000465436
11.31 0.000587632
11.32 0.0002255
11.33 -0.000382046
11.34 -0.000825365
11.35 -0.000794719
11.36 -0.0002897
11.37 0.000377679
11.38 0.000792881
11.39 0.000717519
11.4 0.000241798
11.41 -0.000290334
11.42 -0.000522287
11.43 -0.000321445
11.44 0.000146433
11.45 0.000544053
11.46 0.00059188
11.47 0.000242652
11.48 -0.000302415
11.49 -0.000729183
11.5 -0.000803466
11.51 -0.000505384
11.52 -3.18565e-05
11.53 0.000328719
11.54 0.000371287
11.55 9.11666e-05
11.56 -0.000325207
11.57 -0.000622289
11.58 -0.000628212
11.59 -0.000346569
11.6 5.82109e-05
11.61 0.000364436
11.62 0.00042335
11.63 0.000241156
11.64 -3.59191e-05
11.65 -0.000221603
11.66 -0.000206156
11.67 -1.78541e-05
11.68 0.000199636
11.69 0.000277395
11.7 0.000132335
11.71 -0.000166043
11.72 -0.000427431
11.73 -0.000464885
11.74 -0.000229497
11.75 0.000145832
11.76 0.000428444
11.77 0.000435362
11.78 0.000150541
11.79 -0.00026183
11.8 -0.000554843
11.81 -0.000548739
11.82 -0.000242928
11.83 0.000179544
11.84 0.000462239
11.85 0.00043614
11.86 0.000130641
11.87 -0.00024003
11.88 -0.000412636
11.89 -0.000248167
11.9 0.000171901
11.91 0.000591948
11.92 0.000742191
11.93 0.000509261
11.94 9.51139e-06
11.95 -0.000480034
11.96 -0.000687294
11.97 -0.000507487
11.98 -6.44493e-05
11.99 0.000366553
12 0.000522866
12.01 0.000307971
12.02 -0.000148414
12.03 -0.000559872
12.04 -0.00065196
12.05 -0.000332932
12.06 0.000244105
12.07 0.000769769
12.08 0.000958116
12.09 0.000705885
12.1 0.000144698
12.11 -0.000433147
12.12 -0.00072982
12.13 -0.000598664
12.14 -0.00012638
12.15 0.000405253
12.16 0.000670763
12.17 0.000492233
12.18 -4.20057e-05
12.19 -0.000615247
12.2 -0.000866963
12.21 -0.000615909
12.22 1.78455e-05
12.23 0.000674189
12.24 0.00096715
12.25 0.000722865
12.26 9.31826e-05
12.27 -0.000527044
12.28 -0.000731855
12.29 -0.000351202
12.3 0.000430972
12.31 0.00116508
12.32 0.00139484
12.33 0.000943944
12.34 4.91361e-05
12.35 -0.000766349
12.36 -0.00101764
12.37 -0.0005714
12.38 0.00026714
12.39 0.000952323
12.4 0.00104433
12.41 0.000477523
12.42 -0.000408638
12.43 -0.00108207
12.44 -0.00113855
12.45 -0.000541446
12.46 0.000355681
12.47 0.00101937
12.48 0.00105784
12.49 0.000457601
12.5 -0.000412793
12.51 -0.00103058
12.52 -0.00103023
12.53 -0.000410189
12.54 0.00047506
12.55 0.00112135
12.56 0.00116065
12.57 0.00057002
12.58 -0.000311706
12.59 -0.000974168
12.6 -0.00103211
12.61 -0.000458616
12.62 0.000390852
12.63 0.000990336
12.64 0.000965469
12.65 0.000323254
12.66 -0.000555432
12.67 -0.0011543
12.68 -0.00113765
12.69 -0.000543537
12.7 0.000260299
12.71 0.000814145
12.72 0.000836897
12.73 0.000368563
12.74 -0.000279306
12.75 -0.000715869
12.76 -0.000690531
12.77 -0.000225137
12.78 0.000405597
12.79 0.000833032
12.8 0.00080421
12.81 0.000323952
12.82 -0.000348514
12.83 -0.00084475
12.84 -0.000893971
12.85 -0.000476686
12.86 0.000163966
12.87 0.000662733
12.88 0.000743399
12.89 0.00037749
12.9 -0.000201141
12.91 -0.000635545
12.92 -0.000657714
12.93 -0.00024674
12.94 0.000361594
12.95 0.000817402
12.96 0.00086143
12.97 0.000468642
12.98 -0.000146756
12.99 -0.000657175
13 -0.000801343
13.01 -0.000522051
13.02 6.50433e-06
13.03 0.00047721
13.04 0.000624955
13.05 0.000381805
13.06 -7.94747e-05
13.07 -0.000445801
13.08 -0.00045315
13.09 -5.10997e-05
13.1 0.000559816
13.11 0.00104386
13.12 0.0011298
13.13 0.0007745
13.14 0.000192063
13.15 -0.00027283
13.16 -0.000353037
13.17 -1.81729e-05
13.18 0.00051436
13.19 0.000913959
13.2 0.000929918
13.21 0.000532969
13.22 -6.98571e-05
13.23 -0.000553119
13.24 -0.000660136
13.25 -0.000352206
13.26 0.000173014
13.27 0.000607595
13.28 0.00072253
13.29 0.000497768
13.3 0.000114724
13.31 -0.000171252
13.32 -0.000186629
13.33 7.0428e-05
13.34 0.000441884
13.35 0.000701295
13.36 0.000679523
13.37 0.000366781
13.38 -7.16887e-05
13.39 -0.000391468
13.4 -0.000423031
13.41 -0.000177152
13.42 0.000172667
13.43 0.000409787
13.44 0.000405064
13.45 0.000179918
13.46 -0.000117412
13.47 -0.000300024
13.48 -0.000252824
13.49 -5.51766e-06
13.5 0.000284668
13.51 0.000437017
13.52 0.000366393
13.53 0.000130205
13.54 -0.000124038
13.55 -0.000257262
13.56 -0.000210323
13.57 -2.05665e-05
13.58 0.000203535
13.59 0.000334027
13.6 0.000289676
13.61 8.77288e-05
13.62 -0.000158456
13.63 -0.000305133
13.64 -0.000267015
13.65 -7.02672e-05
13.66 0.000163416
13.67 0.000289743
13.68 0.000225391
13.69 -6.26863e-06
13.7 -0.000288645
13.71 -0.000473059
13.72 -0.000456153
13.73 -0.000236406
13.74 8.05911e-05
13.75 0.000334298
13.76 0.000392722
13.77 0.000221442
13.78 -9.89857e-05
13.79 -0.000413606
13.8 -0.000567308
13.81 -0.000476764
13.82 -0.000173337
13.83 0.000197911
13.84 0.000433114
13.85 0.000372952
13.86 9.27274e-06
13.87 -0.000483869
13.88 -0.000840312
13.89 -0.00086677
13.9 -0.000567389
13.91 -0.000136653
13.92 0.000169551
13.93 0.000190011
13.94 -5.70365e-05
13.95 -0.000396444
13.96 -0.000598463
13.97 -0.000505741
13.98 -0.000123169
13.99 0.000381869
14 0.00077616
14.01 0.000894233
14.02 0.000720344
14.03 0.000375465
14.04 3.90613e-05
14.05 -0.000137627
14.06 -9.60975e-05
14.07 0.000100418
14.08 0.000294226
14.09 0.000322376
14.1 0.000125585
14.11 -0.000197328
14.12 -0.000440706
14.13 -0.000429413
14.14 -0.00014925
14.15 0.000232952
14.16 0.00048303
14.17 0.000462999
14.18 0.000222225
14.19 -4.29958e-05
14.2 -0.000122387
14.21 7.1535e-05
14.22 0.000441596
14.23 0.00075838
14.24 0.000806174
14.25 0.000532801
14.26 9.23232e-05
14.27 -0.000259524
14.28 -0.000339325
14.29 -0.000145702
14.3 0.000166607
14.31 0.000406727
14.32 0.000462592
14.33 0.000342541
14.34 0.000143141
14.35 -1.67438e-05
14.36 -5.71527e-05
14.37 2.79141e-05
14.38 0.000171863
14.39 0.000274389
14.4 0.000260885
14.41 0.00012887
14.42 -4.7302e-05
14.43 -0.000157195
14.44 -0.000118337
14.45 7.15853e-05
14.46 0.000324335
14.47 0.000501336
14.48 0.000487431
14.49 0.000260387
14.5 -8.66643e-05
14.51 -0.000390735
14.52 -0.000510296
14.53 -0.000406177
14.54 -0.00015876
14.55 9.04132e-05
14.56 0.000231997
14.57 0.000251386
14.58 0.000218275
14.59 0.000217504
14.6 0.000278705
14.61 0.000358504
14.62 0.000382501
14.63 0.000306554
14.64 0.000149508
14.65 -1.99817e-05
14.66 -0.000126803
14.67 -0.000134655
14.68 -6.61052e-05
14.69 1.91198e-05
14.7 7.27479e-05
14.71 8.82744e-05
14.72 8.44637e-05
14.73 6.89803e-05
14.74 3.29945e-05
14.75 -1.67472e-05
14.76 -3.72939e-05
14.77 1.94286e-05
14.78 0.000148538
14.79 0.000273061
14.8 0.000295344
14.81 0.000178977
14.82 -1.05924e-05
14.83 -0.000145121
14.84 -0.000128546
14.85 2.23914e-05
14.86 0.000179418
14.87 0.000194274
14.88 1.79246e-05
14.89 -0.000243713
14.9 -0.000392716
14.91 -0.000288859
14.92 2.66092e-05
14.93 0.000341908
14.94 0.000426808
14.95 0.000211298
14.96 -0.000157285
14.97 -0.000431049
14.98 -0.000454563
14.99 -0.000272427
15 -7.27274e-05
15.01 -2.85524e-05
15.02 -0.000168623
15.03 -0.00036431
15.04 -0.000427644
15.05 -0.000248732
15.06 0.000117352
15.07 0.000473555
15.08 0.000605193
15.09 0.000427431
15.1 5.13436e-05
15.11 -0.000283974
15.12 -0.000364437
15.13 -0.000129765
15.14 0.000300559
15.15 0.000703887
15.16 0.000877901
15.17 0.00074602
15.18 0.00039411
15.19 1.70506e-05
15.2 -0.000195258
15.21 -0.000161259
15.22 5.48832e-05
15.23 0.000283727
15.24 0.000346377
15.25 0.000160275
15.26 -0.000201027
15.27 -0.00054056
15.28 -0.000659306
15.29 -0.000492224
15.3 -0.000161128
15.31 9.75751e-05
15.32 8.23307e-05
15.33 -0.000243859
15.34 -0.000721087
15.35 -0.00107656
15.36 -0.001083
15.37 -0.000704896
15.38 -0.00013778
15.39 0.000301469
15.4 0.000378587
15.41 0.000107904
15.42 -0.000245555
15.43 -0.0003481
15.44 -4.02871e-05
15.45 0.000542597
15.46 0.00106557
15.47 0.00122885
15.48 0.000968313
15.49 0.000487141
15.5 0.000107534
15.51 4.91711e-05
15.52 0.000286812
15.53 0.000585015
15.54 0.00068237
15.55 0.000483062
15.56 0.000109791
15.57 -0.000207224
15.58 -0.00029794
15.59 -0.000143793
15.6 0.000148931
15.61 0.000432324
15.62 0.000583381
15.63 0.000537532
15.64 0.000310391
15.65 9.59002e-06
15.66 -0.000194262
15.67 -0.00015541
15.68 0.000136941
15.69 0.000509249
15.7 0.00068124
15.71 0.000447311
15.72 -0.000155986
15.73 -0.000829688
15.74 -0.0011831
15.75 -0.000998313
15.76 -0.000400007
15.77 0.000212955
15.78 0.000445058
15.79 0.000189464
15.8 -0.000301791
15.81 -0.000619988
15.82 -0.000511198
15.83 -5.36915e-05
15.84 0.000418896
15.85 0.000567438
15.86 0.000278033
15.87 -0.000275362
15.88 -0.000755004
15.89 -0.000875543
15.9 -0.000577256
15.91 -5.48557e-05
15.92 0.000372207
15.93 0.000462385
15.94 0.000194992
15.95 -0.000234086
15.96 -0.00054529
15.97 -0.000537313
15.98 -0.000186074
15.99 0.000348019
16 0.000793615
16.01 0.000901115
16.02 0.000589827
16.03 2.9191e-05
16.04 -0.000426694
16.05 -0.000447657
16.06 4.041e-05
16.07 0.000772779
16.08 0.00129902
16.09 0.00127386
16.1 0.000676112
16.11 -0.000190767
16.12 -0.000893502
16.13 -0.00111302
16.14 -0.000800449
16.15 -0.000191446
16.16 0.000311933
16.17 0.000348322
16.18 -0.000190278
16.19 -0.00105801
16.2 -0.00175603
16.21 -0.00181494
16.22 -0.0010981
16.23 7.41063e-05
16.24 0.00108766
16.25 0.00139288
16.26 0.000823229
16.27 -0.000301918
16.28 -0.00133249
16.29 -0.00162989
16.3 -0.000944548
16.31 0.000377556
16.32 0.00153672
16.33 0.00175522
16.34 0.000805825
16.35 -0.000780169
16.36 -0.00201893
16.37 -0.0021137
16.38 -0.000977743
16.39 0.000711598
16.4 0.00193981
16.41 0.00197599
16.42 0.000807077
16.43 -0.000855127
16.44 -0.00198628
16.45 -0.00185483
16.46 -0.000478187
16.47 0.00135676
16.48 0.00255485
16.49 0.00237782
16.5 0.000897216
16.51 -0.00105034
16.52 -0.00236809
16.53 -0.00233963
16.54 -0.00102057
16.55 0.000823788
16.56 0.00216383
16.57 0.00227582
16.58 0.001134
16.59 -0.000588083
16.6 -0.00190929
16.61 -0.00210372
16.62 -0.001106
16.63 0.000476996
16.64 0.00173975
16.65 0.0020003
16.66 0.00116645
16.67 -0.000245163
16.68 -0.00141948
16.69 -0.00169934
16.7 -0.000946938
16.71 0.000377151
16.72 0.00146362
16.73 0.00160795
16.74 0.000629637
16.75 -0.000982127
16.76 -0.00230895
16.77 -0.00253085
16.78 -0.00144667
16.79 0.000360933
16.8 0.00185485
16.81 0.00217689
16.82 0.0011818
16.83 -0.000482063
16.84 -0.00178224
16.85 -0.00191748
16.86 -0.00076513
16.87 0.00107468
16.88 0.00262913
16.89 0.00309813
16.9 0.00223697
16.91 0.000489963
16.92 -0.00122886
16.93 -0.00205893
16.94 -0.00165113
16.95 -0.00034078
16.96 0.00105489
16.97 0.00171759
16.98 0.00129589
16.99 9.54569e-05
17 -0.001111
17.01 -0.00154884
17.02 -0.00090852
17.03 0.000477883
17.04 0.00185581
17.05 0.00249249
17.06 0.00206677
17.07 0.00081712
17.08 -0.000594717
17.09 -0.00142541
17.1 -0.00125254
17.11 -0.000230226
17.12 0.000989824
17.13 0.00164074
17.14 0.00128779
17.15 7.95545e-05
17.16 -0.00133087
17.17 -0.00215211
17.18 -0.00191588
17.19 -0.000768371
17.2 0.000600448
17.21 0.00136747
17.22 0.00108009
17.23 -6.08167e-05
17.24 -0.00131916
17.25 -0.0018851
17.26 -0.00138487
17.27 -0.000100578
17.28 0.00122605
17.29 0.0018369
17.3 0.00136957
17.31 4.13347e-05
17.32 -0.00146595
17.33 -0.00236753
17.34 -0.00220872
17.35 -0.0011253
17.36 0.000233432
17.37 0.00108756
17.38 0.00097952
17.39 2.68087e-05
17.4 -0.0011552
17.41 -0.00181782
17.42 -0.0015237
17.43 -0.000400366
17.44 0.00095213
17.45 0.00182005
17.46 0.00176861
17.47 0.000859298
17.48 -0.000403003
17.49 -0.00134456
17.5 -0.00148127
17.51 -0.000776693
17.52 0.00035124
17.53 0.00127089
17.54 0.00146909
17.55 0.000802281
17.56 -0.000429866
17.57 -0.00160982
17.58 -0.00210083
17.59 -0.00160128
17.6 -0.000351627
17.61 0.000970214
17.62 0.00163706
17.63 0.00131101
17.64 0.000250445
17.65 -0.000854036
17.66 -0.0013112
17.67 -0.000849534
17.68 0.000240594
17.69 0.00131314
17.7 0.00175408
17.71 0.001316
17.72 0.000240543
17.73 -0.000881291
17.74 -0.00143564
17.75 -0.00112406
17.76 -0.000123712
17.77 0.00102168
17.78 0.00169725
17.79 0.00152984
17.8 0.000574304
17.81 -0.00070987
17.82 -0.00168176
17.83 -0.00184775
17.84 -0.00113403
17.85 5.59338e-05
17.86 0.00105603
17.87 0.00130834
17.88 0.000677389
17.89 -0.000464952
17.9 -0.00143854
17.91 -0.00164593
17.92 -0.000931081
17.93 0.00032236
17.94 0.00141497
17.95 0.00172548
17.96 0.00105022
17.97 -0.000274744
17.98 -0.0015271
17.99 -0.00198835
18 -0.00138314
18.01 -8.11764e-05
18.02 0.00111315
18.03 0.00146195
18.04 0.000755611
18.05 -0.000554157
18.06 -0.00162766
18.07 -0.00175281
18.08 -0.000780001
18.09 0.000795991
18.1 0.00213049
18.11 0.0025
18.12 0.00169856
18.13 0.000162883
18.14 -0.00125197
18.15 -0.00175136
18.16 -0.00107357
18.17 0.00034435
18.18 0.00163388
18.19 0.00202693
18.2 0.00132407
18.21 1.75168e-05
18.22 -0.00101716
18.23 -0.00108129
18.24 -0.000103268
18.25 0.00133102
18.26 0.0023642
18.27 0.00239525
18.28 0.00143348
18.29 7.89033e-05
18.3 -0.000862226
18.31 -0.000853601
18.32 6.08699e-05
18.33 0.00129424
18.34 0.00209612
18.35 0.001994
18.36 0.00103078
18.37 -0.000295691
18.38 -0.00131417
18.39 -0.00153598
18.4 -0.000920701
18.41 9.84124e-05
18.42 0.000865256
18.43 0.000886248
18.44 0.000124838
18.45 -0.000966375
18.46 -0.00171483
18.47 -0.0016416
18.48 -0.000751258
18.49 0.00047955
18.5 0.00138584
18.51 0.00148108
18.52 0.000707028
18.53 -0.000543259
18.54 -0.00162857
18.55 -0.00200041
18.56 -0.0015088
18.57 -0.000490383
18.58 0.000419397
18.59 0.000650818
18.6 2.5348e-05
18.61 -0.00113076
18.62 -0.00214781
18.63 -0.00239832
18.64 -0.00169496
18.65 -0.000437834
18.66 0.000613982
18.67 0.000811151
18.68 1.96734e-05
18.69 -0.0012795
18.7 -0.00226501
18.71 -0.0022702
18.72 -0.00118871
18.73 0.000455198
18.74 0.0018014
18.75 0.0021303
18.76 0.00126842
18.77 -0.000285686
18.78 -0.00160898
18.79 -0.00188978
18.8 -0.000942327
18.81 0.000661271
18.82 0.0019365
18.83 0.00207026
18.84 0.000894934
18.85 -0.000996062
18.86 -0.00255521
18.87 -0.00287701
18.88 -0.00173208
18.89 0.000291825
18.9 0.00210534
18.91 0.00270834
18.92 0.00174403
18.93 -0.000280843
18.94 -0.00224014
18.95 -0.00299365
18.96 -0.0020421
18.97 0.000158131
18.98 0.00242682
18.99 0.00352932
19 0.00285561
19.01 0.000808025
19.02 -0.00139655
19.03 -0.00245926
19.04 -0.00174405
19.05 0.000377937
19.06 0.00276118
19.07 0.00413906
19.08 0.00374239
19.09 0.00168327
19.1 -0.00104823
19.11 -0.00304813
19.12 -0.00327425
19.13 -0.00170187
19.14 0.000649848
19.15 0.00235974
19.16 0.00245708
19.17 0.000955236
19.18 -0.00119542
19.19 -0.00266898
19.2 -0.00254015
19.21 -0.000829598
19.22 0.00153273
19.23 0.00325411
19.24 0.00337239
19.25 0.00176411
19.26 -0.000768282
19.27 -0.0028734
19.28 -0.00337185
19.29 -0.00195305
19.3 0.000638144
19.31 0.00304146
19.32 0.00400322
19.33 0.00298295
19.34 0.000414303
19.35 -0.00246877
19.36 -0.00424422
19.37 -0.00404441
19.38 -0.00200857
19.39 0.000793983
19.4 0.00292974
19.41 0.00334104
19.42 0.00186772
19.43 -0.000722689
19.44 -0.00315293
19.45 -0.00425662
19.46 -0.00348152
19.47 -0.00118105
19.48 0.00153702
19.49 0.00337817
19.5 0.00345957
19.51 0.00174069
19.52 -0.00091022
19.53 -0.00310326
19.54 -0.00362349
19.55 -0.00210641
19.56 0.0007192
19.57 0.00339255
19.58 0.00452819
19.59 0.00357549
19.6 0.00105829
19.61 -0.00175627
19.62 -0.00351135
19.63 -0.00342283
19.64 -0.00163196
19.65 0.000928816
19.66 0.00302496
19.67 0.00368794
19.68 0.0026448
19.69 0.000443919
19.7 -0.0018086
19.71 -0.00299662
19.72 -0.00256672
19.73 -0.000813498
19.74 0.00131554
19.75 0.00273716
19.76 0.00275628
19.77 0.00138396
19.78 -0.000677983
19.79 -0.00236948
19.8 -0.00281693
19.81 -0.00183179
19.82 -2.49114e-05
19.83 0.00157016
19.84 0.00208847
19.85 0.0012804
19.86 -0.000386151
19.87 -0.00198572
19.88 -0.00264306
19.89 -0.00202019
19.9 -0.000481954
19.91 0.00114697
19.92 0.00203619
19.93 0.00176113
19.94 0.000506757
19.95 -0.00104074
19.96 -0.00205492
19.97 -0.00199977
19.98 -0.000908264
19.99 0.000657513
20 0.00190359
20.01 0.00218542
20.02 0.00133013
20.03 -0.00024553
20.04 -0.00170252
20.05 -0.00220935
20.06 -0.0014314
20.07 0.000247538
20.08 0.00194609
20.09 0.00279001
20.1 0.00237939
20.11 0.000967122
20.12 -0.000734952
20.13 -0.00194445
20.14 -0.00216504
20.15 -0.00137131
20.16 3.0387e-05
20.17 0.00141718
20.18 0.00220072
20.19 0.00204113
20.2 0.00100954
20.21 -0.000410084
20.22 -0.0015234
20.23 -0.00177682
20.24 -0.00107293
20.25 0.000185958
20.26 0.00135213
20.27 0.00187798
20.28 0.00155286
20.29 0.000561079
20.3 -0.000634089
20.31 -0.00148914
20.32 -0.00159363
20.33 -0.000850965
20.34 0.000464333
20.35 0.00180245
20.36 0.00256194
20.37 0.00237248
20.38 0.00129508
20.39 -0.000190918
20.4 -0.0014044
20.41 -0.0017855
20.42 -0.00118876
20.43 1.79192e-05
20.44 0.00114412
20.45 0.00153896
20.46 0.00092792
20.47 -0.000430001
20.48 -0.00184425
20.49 -0.00254416
20.5 -0.00211279
20.51 -0.000732425
20.52 0.000919389
20.53 0.00203475
20.54 0.0020842
20.55 0.00107959
20.56 -0.000443871
20.57 -0.00169262
20.58 -0.00200484
20.59 -0.00118483
20.6 0.000414362
20.61 0.00206841
20.62 0.00299332
20.63 0.00268664
20.64 0.00120265
20.65 -0.000789052
20.66 -0.00225755
20.67 -0.00235527
20.68 -0.000981207
20.69 0.00107387
20.7 0.00254868
20.71 0.00245433
20.72 0.000693644
20.73 -0.00184033
20.74 -0.00375244
20.75 -0.00394751
20.76 -0.00227321
20.77 0.000396985
20.78 0.00267447
20.79 0.00340259
20.8 0.00223281
20.81 -0.000203673
20.82 -0.00260317
20.83 -0.00366965
20.84 -0.00284317
20.85 -0.000637481
20.86 0.00168058
20.87 0.0028459
20.88 0.0022834
20.89 0.000362937
20.9 -0.00185777
20.91 -0.00319215
20.92 -0.00290632
20.93 -0.00109442
20.94 0.00134698
20.95 0.00316134
20.96 0.0034065
20.97 0.0020208
20.98 -0.000110941
20.99 -0.00169595
21 -0.00182822
21.01 -0.000508385
21.02 0.00144128
21.03 0.00291748
21.04 0.00312787
21.05 0.00194971
21.06 -5.5857e-05
21.07 -0.00192934
21.08 -0.00275767
21.09 -0.00211334
21.1 -0.000293412
21.11 0.00181381
21.12 0.0031636
21.13 0.00307755
21.14 0.00162062
21.15 -0.000424214
21.16 -0.00198765
21.17 -0.00230878
21.18 -0.00133299
21.19 0.000343138
21.2 0.00186068
21.21 0.00250723
21.22 0.00198099
21.23 0.000507137
21.24 -0.00122237
21.25 -0.00233116
21.26 -0.00221809
21.27 -0.000941075
21.28 0.000797651
21.29 0.00206138
21.3 0.00218581
21.31 0.00110049
21.32 -0.000666419
21.33 -0.00223995
21.34 -0.00281834
21.35 -0.00210689
21.36 -0.000506598
21.37 0.00110155
21.38 0.0018477
21.39 0.00134894
21.4 -8.98314e-05
21.41 -0.00167127
21.42 -0.00257043
21.43 -0.00237119
21.44 -0.00122461
21.45 0.000309025
21.46 0.00156284
21.47 0.00202134
21.48 0.00149275
21.49 0.000217744
21.5 -0.00115653
21.51 -0.00183532
21.52 -0.00133764
21.53 0.000123845
21.54 0.00171438
21.55 0.00248636
21.56 0.00195922
21.57 0.000388818
21.58 -0.00143002
21.59 -0.00262596
21.6 -0.00267517
21.61 -0.00161198
21.62 1.90255e-05
21.63 0.00144045
21.64 0.00200148
21.65 0.00146739
21.66 0.000146286
21.67 -0.00123344
21.68 -0.00186441
21.69 -0.00127897
21.7 0.000372139
21.71 0.00236775
21.72 0.00376887
21.73 0.00388931
21.74 0.00265563
21.75 0.000669132
21.76 -0.00108177
21.77 -0.00171634
21.78 -0.000930761
21.79 0.000826291
21.8 0.00260014
21.81 0.00344414
21.82 0.00291498
21.83 0.00129606
21.84 -0.000568334
21.85 -0.00170839
21.86 -0.00153543
21.87 -0.000181587
21.88 0.00157294
21.89 0.00273205
21.9 0.00261886
21.91 0.00125113
21.92 -0.000666515
21.93 -0.00211011
21.94 -0.00227424
21.95 -0.00101026
21.96 0.00110124
21.97 0.00304475
21.98 0.00384919
21.99 0.00306616
22 0.00104623
22.01 -0.0011741
22.02 -0.00238075
22.03 -0.00187484
22.04 6.41071e-05
22.05 0.00233218
22.06 0.00365286
22.07 0.00329211
22.08 0.00146703
22.09 -0.000782135
22.1 -0.002164
22.11 -0.00185937
22.12 -1.55205e-05
22.13 0.00233598
22.14 0.00386153
22.15 0.00365913
22.16 0.00178584
22.17 -0.000745198
22.18 -0.00251302
22.19 -0.00251226
22.2 -0.000772305
22.21 0.00169035
22.22 0.00352136
22.23 0.00380052
22.24 0.00248277
22.25 0.000310766
22.26 -0.00164557
22.27 -0.00248632
22.28 -0.00182523
22.29 5.22021e-05
22.3 0.00228679
22.31 0.00379475
22.32 0.00377796
22.33 0.00218729
22.34 -0.000197906
22.35 -0.00217723
22.36 -0.00277638
22.37 -0.00174978
22.38 0.000335758
22.39 0.00243276
22.4 0.00351577
22.41 0.00303874
22.42 0.00121976
22.43 -0.00100332
22.44 -0.00238878
22.45 -0.00205585
22.46 -5.50424e-05
22.47 0.0025935
22.48 0.00442913
22.49 0.00434661
22.5 0.00226621
22.51 -0.000755006
22.52 -0.0030766
22.53 -0.0034184
22.54 -0.00161966
22.55 0.00132994
22.56 0.00393204
22.57 0.00499732
22.58 0.00408928
22.59 0.00168195
22.6 -0.00103576
22.61 -0.00272426
22.62 -0.00252996
22.63 -0.000578198
22.64 0.00207627
22.65 0.00405704
22.66 0.00438558
22.67 0.00293095
22.68 0.000407881
22.69 -0.00199362
22.7 -0.00312529
22.71 -0.00237814
22.72 3.72045e-06
22.73 0.00300136
22.74 0.00523141
22.75 0.00557234
22.76 0.00372704
22.77 0.000403609
22.78 -0.00292432
22.79 -0.00469724
22.8 -0.00407541
22.81 -0.00142089
22.82 0.00192328
22.83 0.00437161
22.84 0.00480261
22.85 0.00301621
22.86 -0.000181161
22.87 -0.00329677
22.88 -0.00478873
22.89 -0.00381094
22.9 -0.00069129
22.91 0.00317003
22.92 0.00589631
22.93 0.00601387
22.94 0.00323401
22.95 -0.00128737
22.96 -0.00531132
22.97 -0.00676894
22.98 -0.0049762
22.99 -0.000845871
23 0.0036862
23.01 0.00665766
23.02 0.00700571
23.03 0.0048313
23.04 0.00106535
23.05 -0.00296888
23.06 -0.00586134
23.07 -0.00644001
23.08 -0.00425201
23.09 2.76978e-05
23.1 0.00472102
23.11 0.00782174
23.12 0.00785064
23.13 0.00456077
23.14 -0.000862286
23.15 -0.00613975
23.16 -0.00901975
23.17 -0.00834301
23.18 -0.00443917
23.19 0.00106328
23.2 0.00592475
23.21 0.00820104
23.22 0.00702755
23.23 0.00292372
23.24 -0.00247481
23.25 -0.0069887
23.26 -0.00870294
23.27 -0.00680048
23.28 -0.00199388
23.29 0.00375467
23.3 0.00805908
23.31 0.00915739
23.32 0.00666474
23.33 0.00163903
23.34 -0.00393599
23.35 -0.00790436
23.36 -0.0087329
23.37 -0.00615642
23.38 -0.00133399
23.39 0.00373091
23.4 0.00707263
23.41 0.00743271
23.42 0.00463905
23.43 -0.000372645
23.44 -0.00585894
23.45 -0.00981238
23.46 -0.0107205
23.47 -0.00815793
23.48 -0.00297599
23.49 0.00301391
23.5 0.00770638
23.51 0.00949111
23.52 0.00791011
23.53 0.00381548
23.54 -0.00111471
23.55 -0.00504996
23.56 -0.00661898
23.57 -0.00533953
23.58 -0.00174479
23.59 0.00290304
23.6 0.00706711
23.61 0.00938195
23.62 0.00905911
23.63 0.00609517
23.64 0.00127459
23.65 -0.00403253
23.66 -0.00811708
23.67 -0.00933818
23.68 -0.00686163
23.69 -0.00130589
23.7 0.00538033
23.71 0.0106971
23.72 0.0126939
23.73 0.0106812
23.74 0.00530488
23.75 -0.0017319
23.76 -0.00798898
23.77 -0.0110578
23.78 -0.00963096
23.79 -0.00410922
23.8 0.00359051
23.81 0.0107661
23.82 0.0150726
23.83 0.0153544
23.84 0.0117628
23.85 0.00558475
23.86 -0.00136997
23.87 -0.00716212
23.88 -0.0100711
23.89 -0.00921424
23.9 -0.00498361
23.91 0.00104604
23.92 0.00681364
23.93 0.0105777
23.94 0.0112669
23.95 0.00867618
23.96 0.00367344
23.97 -0.00216908
23.98 -0.00701593
23.99 -0.00923811
24 -0.0080658
24.01 -0.00397877
24.02 0.00155058
24.03 0.00672656
24.04 0.0100522
24.05 0.0105971
24.06 0.00814486
24.07 0.0033724
24.08 -0.00238719
24.09 -0.00737474
24.1 -0.00976612
24.11 -0.00843017
24.12 -0.00358878
24.13 0.00326279
24.14 0.00998464
24.15 0.0144893
24.16 0.0152639
24.17 0.0118801
24.18 0.00532631
24.19 -0.00243673
24.2 -0.0089547
24.21 -0.0119516
24.22 -0.0102726
24.23 -0.00442818
24.24 0.00363318
24.25 0.0112439
24.26 0.0159525
24.27 0.0162261
24.28 0.0119442
24.29 0.00458422
24.3 -0.0035391
24.31 -0.0100534
24.32 -0.0131743
24.33 -0.0122103
24.34 -0.00765798
24.35 -0.00104276
24.36 0.00572654
24.37 0.0110734
24.38 0.0139082
24.39 0.0136439
24.4 0.0104961
24.41 0.00540898
24.42 -0.00039297
24.43 -0.00555257
24.44 -0.00871316
24.45 -0.00889377
24.46 -0.00596182
24.47 -0.000866646
24.48 0.00481275
24.49 0.00953853
24.5 0.0120751
24.51 0.0116119
24.52 0.00806754
24.53 0.00217868
24.54 -0.00466452
24.55 -0.0105836
24.56 -0.0136241
24.57 -0.012507
24.58 -0.00734144
24.59 0.000351018
24.6 0.00839524
24.61 0.0148139
24.62 0.0180939
24.63 0.0172779
24.64 0.0123789
24.65 0.0044562
24.66 -0.00460646
24.67 -0.0122345
24.68 -0.0159782
24.69 -0.0145635
24.7 -0.0083675
24.71 0.000715778
24.72 0.0100061
24.73 0.0170558
24.74 0.0202489
24.75 0.0189755
24.76 0.0137599
24.77 0.00596931
24.78 -0.00270644
24.79 -0.0103372
24.8 -0.0150618
24.81 -0.0155893
24.82 -0.0116844
24.83 -0.00449308
24.84 0.00403468
24.85 0.0120049
24.86 0.0180247
24.87 0.0210653
24.88 0.0204979
24.89 0.016465
24.9 0.00963468
24.91 0.00107666
24.92 -0.00744316
24.93 -0.0137587
24.94 -0.0161263
24.95 -0.0139001
24.96 -0.00785366
24.97 0.00014304
24.98 0.00799538
24.99 0.0142243
25 0.0178945
25.01 0.018212
25.02 0.0149687
25.03 0.0087747
25.04 0.000748336
25.05 -0.00737776
25.06 -0.0134428
25.07 -0.0155446
25.08 -0.0127626
25.09 -0.00578239
25.1 0.00340853
25.11 0.0123883
25.12 0.0191173
25.13 0.0220914
25.14 0.0203249
25.15 0.0139079
25.16 0.00399854
25.17 -0.00736466
25.18 -0.0174336
25.19 -0.0240651
25.2 -0.0266093
25.21 -0.025332
25.22 -0.0206394
25.23 -0.0130166
25.24 -0.00341947
25.25 0.00679489
25.26 0.0162199
25.27 0.0239072
25.28 0.0295043
25.29 0.0329764
25.3 0.0346653
25.31 0.0350052
25.32 0.0339085
25.33 0.0309782
25.34 0.0262244
25.35 0.0200614
25.36 0.0127977
25.37 0.00467054
25.38 -0.0037183
25.39 -0.011375
25.4 -0.0176519
25.41 -0.0222831
25.42 -0.0246177
25.43 -0.02398
25.44 -0.0204701
25.45 -0.0146364
25.46 -0.00698964
25.47 0.0015853
25.48 0.00974109
25.49 0.0166987
25.5 0.0224494
25.51 0.0267835
25.52 0.0291788
25.53 0.0295554
25.54 0.0282503
25.55 0.0253517
25.56 0.0207742
25.57 0.0148097
25.58 0.00799802
25.59 0.000707024
25.6 -0.00618645
25.61 -0.0116034
25.62 -0.0150171
25.63 -0.0159361
25.64 -0.0140168
25.65 -0.00986214
25.66 -0.00464158
25.67 0.000810207
25.68 0.00583779
25.69 0.0102017
25.7 0.0141457
25.71 0.0175161
25.72 0.0198558
25.73 0.0211369
25.74 0.0215742
25.75 0.021097
25.76 0.0196243
25.77 0.0175131
25.78 0.0151967
25.79 0.0127263
25.8 0.010126
25.81 0.00773793
25.82 0.00587471
25.83 0.00456731
25.84 0.00387908
25.85 0.00393525
25.86 0.00465518
25.87 0.00593432
25.88 0.00795954
25.89 0.0110529
25.9 0.0153354
25.91 0.0207076
25.92 0.02692
25.93 0.0334591
25.94 0.039549
25.95 0.044462
25.96 0.0477548
25.97 0.0491333
25.98 0.0482458
25.99 0.0447943
26 0.0388181
26.01 0.0306714
26.02 0.0206961
26.03 0.00909672
26.04 -0.00362714
26.05 -0.0161302
