0.01 5.72617e-07
0.02 1.03859e-06
0.03 -1.32525e-06
0.04 -7.91242e-06
0.05 -1.68778e-05
0.06 -2.48535e-05
0.07 -3.0326e-05
0.08 -3.5964e-05
0.09 -4.63038e-05
0.1 -6.08975e-05
0.11 -6.98876e-05
0.12 -5.94168e-05
0.13 -2.40839e-05
0.14 2.58797e-05
0.15 7.02904e-05
0.16 9.16885e-05
0.17 8.39294e-05
0.18 5.21859e-05
0.19 8.5616e-06
0.2 -3.11381e-05
0.21 -5.06926e-05
0.22 -4.08829e-05
0.23 -7.27971e-06
0.24 3.07158e-05
0.25 5.15692e-05
0.26 4.51419e-05
0.27 1.77523e-05
0.28 -1.3049e-05
0.29 -2.9081e-05
0.3 -2.22834e-05
0.31 -9.64735e-07
0.32 1.3506e-05
0.33 8.75705e-07
0.34 -4.06973e-05
0.35 -8.80287e-05
0.36 -0.000105588
0.37 -7.07326e-05
0.38 7.89317e-06
0.39 9.43877e-05
0.4 0.000149155
0.41 0.000152874
0.42 0.000113805
0.43 5.7833e-05
0.44 1.24746e-05
0.45 -5.54161e-06
0.46 3.55356e-06
0.47 2.27365e-05
0.48 2.61531e-05
0.49 -5.27507e-06
0.5 -6.80108e-05
0.51 -0.000132862
0.52 -0.000161316
0.53 -0.000131197
0.54 -5.19066e-05
0.55 4.15949e-05
0.56 0.000109269
0.57 0.000125864
0.58 9.06939e-05
0.59 2.59185e-05
0.6 -3.48993e-05
0.61 -6.33562e-05
0.62 -4.98973e-05
0.63 -7.58484e-06
0.64 3.54039e-05
0.65 5.92904e-05
0.66 5.1175e-05
0.67 4.4148e-06
0.68 -5.96359e-05
0.69 -9.90667e-05
0.7 -8.28311e-05
0.71 -1.32967e-05
0.72 7.33631e-05
0.73 0.000129753
0.74 0.000127579
0.75 7.39179e-05
0.76 2.34305e-06
0.77 -5.17584e-05
0.78 -7.13228e-05
0.79 -6.11615e-05
0.8 -3.82726e-05
0.81 -1.8755e-05
0.82 -9.17648e-06
0.83 -6.10884e-06
0.84 -1.78218e-06
0.85 9.7594e-06
0.86 2.90034e-05
0.87 4.95804e-05
0.88 6.05144e-05
0.89 5.3611e-05
0.9 3.0369e-05
0.91 2.00695e-07
0.92 -2.80003e-05
0.93 -5.04016e-05
0.94 -6.46842e-05
0.95 -6.60234e-05
0.96 -5.01041e-05
0.97 -1.93959e-05
0.98 1.60576e-05
0.99 4.42292e-05
1 5.65215e-05
1.01 4.95501e-05
1.02 2.52125e-05
1.03 -9.2594e-06
1.04 -4.15569e-05
1.05 -5.67771e-05
1.06 -4.445e-05
1.07 -7.7162e-06
1.08 3.38257e-05
1.09 5.41619e-05
1.1 3.9356e-05
1.11 -4.72732e-08
1.12 -3.46215e-05
1.13 -3.69012e-05
1.14 -1.60047e-06
1.15 5.01153e-05
1.16 8.47083e-05
1.17 7.84443e-05
1.18 3.3573e-05
1.19 -2.21257e-05
1.2 -5.37274e-05
1.21 -4.37896e-05
1.22 -5.1007e-06
1.23 2.85387e-05
1.24 2.68644e-05
1.25 -1.51853e-05
1.26 -7.38048e-05
1.27 -0.000111732
1.28 -0.000101201
1.29 -3.98068e-05
1.3 4.89514e-05
1.31 0.000128185
1.32 0.000164368
1.33 0.000140969
1.34 6.61265e-05
1.35 -2.79567e-05
1.36 -9.73322e-05
1.37 -0.000109259
1.38 -6.3884e-05
1.39 3.21381e-06
1.4 4.39977e-05
1.41 3.14699e-05
1.42 -2.11982e-05
1.43 -6.99531e-05
1.44 -7.141e-05
1.45 -1.52115e-05
1.46 6.64272e-05
1.47 0.000120146
1.48 0.000108785
1.49 3.78264e-05
1.5 -4.78812e-05
1.51 -9.45718e-05
1.52 -7.52755e-05
1.53 -5.76876e-06
1.54 6.86781e-05
1.55 0.000103371
1.56 7.9267e-05
1.57 9.43393e-06
1.58 -7.20769e-05
1.59 -0.000128454
1.6 -0.00013499
1.61 -8.64966e-05
1.62 1.39616e-06
1.63 9.55015e-05
1.64 0.000154926
1.65 0.000149303
1.66 7.80791e-05
1.67 -2.42132e-05
1.68 -0.000105323
1.69 -0.000125829
1.7 -8.13659e-05
1.71 -2.74409e-06
1.72 6.31548e-05
1.73 8.00496e-05
1.74 4.33123e-05
1.75 -1.64929e-05
1.76 -5.22221e-05
1.77 -3.17055e-05
1.78 3.77193e-05
1.79 0.000109683
1.8 0.000127864
1.81 6.66256e-05
1.82 -4.68856e-05
1.83 -0.000148424
1.84 -0.000179068
1.85 -0.000122123
1.86 -1.03692e-05
1.87 9.6169e-05
1.88 0.000144465
1.89 0.000114766
1.9 2.77005e-05
1.91 -6.78651e-05
1.92 -0.000119912
1.93 -0.000100835
1.94 -2.31112e-05
1.95 6.80127e-05
1.96 0.000122144
1.97 0.000113993
1.98 5.58772e-05
1.99 -1.35036e-05
2 -5.29613e-05
2.01 -4.13095e-05
2.02 1.03609e-05
2.03 6.31073e-05
2.04 7.29209e-05
2.05 2.0625e-05
2.06 -7.24323e-05
2.07 -0.000156565
2.08 -0.000185313
2.09 -0.000142491
2.1 -4.7341e-05
2.11 6.00382e-05
2.12 0.000138069
2.13 0.000156897
2.14 0.000107067
2.15 7.7593e-06
2.16 -9.25459e-05
2.17 -0.00013529
2.18 -8.78816e-05
2.19 2.83684e-05
2.2 0.000144751
2.21 0.000186907
2.22 0.000123544
2.23 -1.14929e-05
2.24 -0.000138064
2.25 -0.000177984
2.26 -0.000104716
2.27 3.54556e-05
2.28 0.00014747
2.29 0.000147177
2.3 2.05333e-05
2.31 -0.000159688
2.32 -0.000276312
2.33 -0.00024415
2.34 -6.85324e-05
2.35 0.000154621
2.36 0.000297116
2.37 0.000276548
2.38 0.0001053
2.39 -0.000117553
2.4 -0.0002649
2.41 -0.000255488
2.42 -9.90498e-05
2.43 0.00011291
2.44 0.000262136
2.45 0.00027043
2.46 0.000140687
2.47 -4.94116e-05
2.48 -0.000195522
2.49 -0.000226351
2.5 -0.000139466
2.51 4.34775e-06
2.52 0.000120315
2.53 0.000148114
2.54 8.31428e-05
2.55 -2.55106e-05
2.56 -0.000108624
2.57 -0.000120034
2.58 -5.99794e-05
2.59 3.36186e-05
2.6 0.000111617
2.61 0.00013654
2.62 9.45606e-05
2.63 4.00584e-07
2.64 -0.00010461
2.65 -0.000167219
2.66 -0.000149677
2.67 -5.44025e-05
2.68 7.31674e-05
2.69 0.000166803
2.7 0.000174308
2.71 8.73926e-05
2.72 -5.01579e-05
2.73 -0.000164621
2.74 -0.000194992
2.75 -0.00012927
2.76 -1.0031e-05
2.77 9.17142e-05
2.78 0.000115406
2.79 4.38922e-05
2.8 -8.20765e-05
2.81 -0.000179339
2.82 -0.00016888
2.83 -2.96181e-05
2.84 0.00017938
2.85 0.000348696
2.86 0.000381854
2.87 0.000250803
2.88 1.24255e-05
2.89 -0.000220395
2.9 -0.000337287
2.91 -0.000288965
2.92 -0.000114727
2.93 7.94238e-05
2.94 0.000181773
2.95 0.000138035
2.96 -2.00953e-05
2.97 -0.00019356
2.98 -0.000270042
2.99 -0.000187647
3 2.5036e-05
3.01 0.000259397
3.02 0.000387345
3.03 0.000337081
3.04 0.000136025
3.05 -0.000105984
3.06 -0.000260523
3.07 -0.000252166
3.08 -9.91284e-05
3.09 9.81022e-05
3.1 0.000216044
3.11 0.000182342
3.12 1.77744e-05
3.13 -0.000180867
3.14 -0.000302381
3.15 -0.000284617
3.16 -0.000143817
3.17 3.98133e-05
3.18 0.000168503
3.19 0.000181665
3.2 8.95515e-05
3.21 -3.56757e-05
3.22 -0.000106418
3.23 -7.25028e-05
3.24 5.15733e-05
3.25 0.00019641
3.26 0.000276505
3.27 0.00023836
3.28 9.09262e-05
3.29 -0.000100848
3.3 -0.000252885
3.31 -0.000302728
3.32 -0.000234421
3.33 -8.53423e-05
3.34 6.60342e-05
3.35 0.000137238
3.36 9.31863e-05
3.37 -2.42706e-05
3.38 -0.000119738
3.39 -0.000109965
3.4 1.63499e-05
3.41 0.000188903
3.42 0.000301971
3.43 0.000283384
3.44 0.000140197
3.45 -4.75788e-05
3.46 -0.000179308
3.47 -0.00019634
3.48 -0.000113736
3.49 -3.18766e-06
3.5 5.77493e-05
3.51 3.51858e-05
3.52 -4.34567e-05
3.53 -0.000112328
3.54 -0.000114248
3.55 -4.03458e-05
3.56 6.46099e-05
3.57 0.000133495
3.58 0.000121222
3.59 3.25507e-05
3.6 -8.11334e-05
3.61 -0.000150858
3.62 -0.000129274
3.63 -2.10384e-05
3.64 0.000114962
3.65 0.00019862
3.66 0.000178104
3.67 6.14946e-05
3.68 -9.04794e-05
3.69 -0.000201932
3.7 -0.000222328
3.71 -0.000148153
3.72 -2.10564e-05
3.73 9.22502e-05
3.74 0.000131781
3.75 7.72611e-05
3.76 -3.51923e-05
3.77 -0.000128421
3.78 -0.000128995
3.79 -1.58815e-05
3.8 0.000158934
3.81 0.000295073
3.82 0.00030368
3.83 0.000167075
3.84 -4.31749e-05
3.85 -0.000207051
3.86 -0.000231427
3.87 -0.0001091
3.88 7.68851e-05
3.89 0.000203466
3.9 0.000180831
3.91 8.72319e-06
3.92 -0.00021718
3.93 -0.00035957
3.94 -0.000325567
3.95 -0.000127397
3.96 0.000123656
3.97 0.000284194
3.98 0.000262691
3.99 7.13748e-05
4 -0.000180508
4.01 -0.000346776
4.02 -0.000326359
4.03 -0.000122682
4.04 0.000155669
4.05 0.00035522
4.06 0.000364184
4.07 0.000176892
4.08 -9.97102e-05
4.09 -0.000303614
4.1 -0.000310572
4.11 -0.000109188
4.12 0.000189301
4.13 0.000415334
4.14 0.000440576
4.15 0.000251573
4.16 -4.50946e-05
4.17 -0.000287086
4.18 -0.000351181
4.19 -0.000223025
4.2 -9.94606e-07
4.21 0.00016897
4.22 0.000186402
4.23 5.60903e-05
4.24 -0.000123382
4.25 -0.000230069
4.26 -0.000198076
4.27 -5.63956e-05
4.28 9.41276e-05
4.29 0.000150193
4.3 7.69673e-05
4.31 -6.85381e-05
4.32 -0.000178799
4.33 -0.000170484
4.34 -3.79313e-05
4.35 0.000148587
4.36 0.000290503
4.37 0.000317028
4.38 0.000217532
4.39 4.03313e-05
4.4 -0.000135807
4.41 -0.000241934
4.42 -0.000249361
4.43 -0.00017385
4.44 -5.5916e-05
4.45 6.35691e-05
4.46 0.000156139
4.47 0.000205759
4.48 0.000203173
4.49 0.000142899
4.5 2.939e-05
4.51 -0.0001111
4.52 -0.000228532
4.53 -0.000269284
4.54 -0.000210482
4.55 -8.22142e-05
4.56 4.4634e-05
4.57 0.00010076
4.58 6.25924e-05
4.59 -3.12185e-05
4.6 -0.000103668
4.61 -9.29831e-05
4.62 -1.52366e-06
4.63 0.000100359
4.64 0.000126096
4.65 4.32472e-05
4.66 -9.48287e-05
4.67 -0.000183416
4.68 -0.000142122
4.69 2.34564e-05
4.7 0.000218368
4.71 0.000316713
4.72 0.000243608
4.73 2.70739e-05
4.74 -0.00021467
4.75 -0.00034365
4.76 -0.000285913
4.77 -7.50036e-05
4.78 0.000172158
4.79 0.000329038
4.8 0.000333567
4.81 0.000216731
4.82 7.10892e-05
4.83 -1.72724e-05
4.84 -2.61005e-05
4.85 -2.93188e-06
4.86 -1.66192e-05
4.87 -9.47325e-05
4.88 -0.000197084
4.89 -0.00024428
4.9 -0.000178223
4.91 -1.02592e-05
4.92 0.000177895
4.93 0.000282541
4.94 0.000242103
4.95 7.33577e-05
4.96 -0.000140065
4.97 -0.0002943
4.98 -0.000318941
4.99 -0.000212066
5 -3.91136e-05
5.01 0.000107204
5.02 0.000163099
5.03 0.000127086
5.04 4.86265e-05
5.05 -1.36382e-05
5.06 -2.96801e-05
5.07 -8.56318e-06
5.08 1.75314e-05
5.09 2.01718e-05
5.1 -5.58973e-06
5.11 -4.01269e-05
5.12 -5.45572e-05
5.13 -3.02468e-05
5.14 2.91333e-05
5.15 9.91005e-05
5.16 0.0001485
5.17 0.000157382
5.18 0.000126671
5.19 7.43126e-05
5.2 2.18787e-05
5.21 -1.96178e-05
5.22 -5.43396e-05
5.23 -9.03675e-05
5.24 -0.000121581
5.25 -0.000125276
5.26 -8.56393e-05
5.27 -2.08e-05
5.28 2.04868e-05
5.29 -1.67413e-06
5.3 -7.63674e-05
5.31 -0.0001408
5.32 -0.000129231
5.33 -3.19594e-05
5.34 9.04566e-05
5.35 0.000154296
5.36 0.000121946
5.37 3.36971e-05
5.38 -2.60764e-05
5.39 -1.97358e-08
5.4 9.48541e-05
5.41 0.000181526
5.42 0.000182939
5.43 7.90504e-05
5.44 -7.82834e-05
5.45 -0.000199086
5.46 -0.000213664
5.47 -0.000117643
5.48 2.5803e-05
5.49 0.000127789
5.5 0.000130481
5.51 4.03322e-05
5.52 -8.18295e-05
5.53 -0.000162432
5.54 -0.000158308
5.55 -7.70192e-05
5.56 3.11934e-05
5.57 0.000102873
5.58 9.97103e-05
5.59 3.60024e-05
5.6 -2.62922e-05
5.61 -1.88698e-05
5.62 7.96597e-05
5.63 0.000217445
5.64 0.000295956
5.65 0.000238846
5.66 5.46749e-05
5.67 -0.000158108
5.68 -0.000272894
5.69 -0.000219812
5.7 -3.45155e-05
5.71 0.000160424
5.72 0.000230124
5.73 0.000114022
5.74 -0.000130267
5.75 -0.000358185
5.76 -0.00042693
5.77 -0.000284813
5.78 -6.84164e-06
5.79 0.000244732
5.8 0.000315892
5.81 0.0001597
5.82 -0.000124794
5.83 -0.000346544
5.84 -0.000341414
5.85 -8.14398e-05
5.86 0.000297351
5.87 0.000572191
5.88 0.000572532
5.89 0.000289997
5.9 -0.000115173
5.91 -0.000413741
5.92 -0.000444445
5.93 -0.000204922
5.94 0.000146213
5.95 0.000374505
5.96 0.000304689
5.97 -6.444e-05
5.98 -0.000540479
5.99 -0.000839655
6 -0.000755058
6.01 -0.000288787
6.02 0.000334671
6.03 0.000790896
6.04 0.000847931
6.05 0.000508347
6.06 7.88643e-06
6.07 -0.000331882
6.08 -0.000301414
6.09 6.97429e-05
6.1 0.000530199
6.11 0.000758918
6.12 0.000560827
6.13 -9.37287e-06
6.14 -0.000669174
6.15 -0.0010705
6.16 -0.00101199
6.17 -0.000567899
6.18 -4.19925e-05
6.19 0.000231002
6.2 0.000105165
6.21 -0.000283473
6.22 -0.000607548
6.23 -0.000558651
6.24 -4.68455e-05
6.25 0.00072855
6.26 0.0013794
6.27 0.00154669
6.28 0.00111129
6.29 0.000277808
6.3 -0.000528413
6.31 -0.000903687
6.32 -0.000699176
6.33 -0.000100294
6.34 0.000492633
6.35 0.000705365
6.36 0.000405757
6.37 -0.000230168
6.38 -0.000834885
6.39 -0.00107313
6.4 -0.000834913
6.41 -0.000284119
6.42 0.000259148
6.43 0.000517148
6.44 0.000403102
6.45 4.15989e-05
6.46 -0.000323757
6.47 -0.000463496
6.48 -0.000270532
6.49 0.000189719
6.5 0.000702934
6.51 0.00100443
6.52 0.000918048
6.53 0.000462659
6.54 -0.000144767
6.55 -0.000604435
6.56 -0.000704447
6.57 -0.000442599
6.58 -2.16495e-05
6.59 0.000277809
6.6 0.000263481
6.61 -6.27728e-05
6.62 -0.000510649
6.63 -0.000805918
6.64 -0.000738083
6.65 -0.000280949
6.66 0.000375778
6.67 0.000912724
6.68 0.00105387
6.69 0.000733253
6.7 0.000145909
6.71 -0.000364137
6.72 -0.000514605
6.73 -0.000255998
6.74 0.000206796
6.75 0.000549125
6.76 0.000527577
6.77 0.000124629
6.78 -0.000446645
6.79 -0.000874951
6.8 -0.000932366
6.81 -0.000594262
6.82 -3.81683e-05
6.83 0.000461184
6.84 0.000675787
6.85 0.000536957
6.86 0.000167141
6.87 -0.000185991
6.88 -0.000287364
6.89 -5.48018e-05
6.9 0.000380703
6.91 0.000740518
6.92 0.000762472
6.93 0.000369352
6.94 -0.000266076
6.95 -0.000809881
6.96 -0.000962364
6.97 -0.00064092
6.98 -3.50612e-05
6.99 0.000503325
7 0.000669035
7.01 0.000385118
7.02 -0.000154084
7.03 -0.000606284
7.04 -0.000693467
7.05 -0.000366342
7.06 0.00017963
7.07 0.000632908
7.08 0.000748195
7.09 0.000479249
7.1 1.5741e-06
7.11 -0.000384163
7.12 -0.000426072
7.13 -8.22244e-05
7.14 0.000435284
7.15 0.000778434
7.16 0.000677741
7.17 0.00011649
7.18 -0.000645204
7.19 -0.00120946
7.2 -0.00125961
7.21 -0.000735999
7.22 0.000120311
7.23 0.000884937
7.24 0.00117607
7.25 0.000865094
7.26 0.000150772
7.27 -0.000550334
7.28 -0.000838912
7.29 -0.000560948
7.3 0.000100413
7.31 0.000726971
7.32 0.000913256
7.33 0.000519125
7.34 -0.000231939
7.35 -0.000882329
7.36 -0.00102432
7.37 -0.000559354
7.38 0.000234603
7.39 0.000873429
7.4 0.000968986
7.41 0.000472283
7.42 -0.000296512
7.43 -0.000851535
7.44 -0.000847195
7.45 -0.000288194
7.46 0.000486209
7.47 0.00101941
7.48 0.00100738
7.49 0.000460209
7.5 -0.000319623
7.51 -0.000910086
7.52 -0.000996204
7.53 -0.000541253
7.54 0.000184094
7.55 0.000745158
7.56 0.000796357
7.57 0.000297387
7.58 -0.000451831
7.59 -0.000991084
7.6 -0.0009836
7.61 -0.000425556
7.62 0.000347246
7.63 0.000861968
7.64 0.000799639
7.65 0.000194357
7.66 -0.000585918
7.67 -0.00106534
7.68 -0.000946918
7.69 -0.000280158
7.7 0.000582633
7.71 0.00119668
7.72 0.00126751
7.73 0.000795006
7.74 5.79209e-05
7.75 -0.000541786
7.76 -0.000695413
7.77 -0.000354752
7.78 0.000243611
7.79 0.000718023
7.8 0.000765826
7.81 0.000335928
7.82 -0.000347044
7.83 -0.000911152
7.84 -0.00104493
7.85 -0.000675636
7.86 -1.65517e-05
7.87 0.000558315
7.88 0.000735392
7.89 0.000445606
7.9 -0.00010124
7.91 -0.000554173
7.92 -0.000632335
7.93 -0.000281954
7.94 0.000298376
7.95 0.000771942
7.96 0.000856531
7.97 0.000490195
7.98 -0.000127038
7.99 -0.000647516
8 -0.00078376
8.01 -0.000483485
8.02 3.82214e-05
8.03 0.00043284
8.04 0.000439152
8.05 5.46697e-05
8.06 -0.000454432
8.07 -0.000720132
8.08 -0.000513994
8.09 9.54126e-05
8.1 0.000775182
8.11 0.00112951
8.12 0.000941229
8.13 0.000307305
8.14 -0.000411482
8.15 -0.000801765
8.16 -0.000650069
8.17 -8.1194e-05
8.18 0.000514117
8.19 0.000725956
8.2 0.000389257
8.21 -0.000307078
8.22 -0.000934609
8.23 -0.00108923
8.24 -0.000641254
8.25 0.000180734
8.26 0.000923185
8.27 0.0011759
8.28 0.000814658
8.29 7.51073e-05
8.3 -0.000587835
8.31 -0.000774264
8.32 -0.000381714
8.33 0.000333244
8.34 0.000911623
8.35 0.000969734
8.36 0.000429684
8.37 -0.000432171
8.38 -0.00114351
8.39 -0.00130777
8.4 -0.000834276
8.41 3.2782e-06
8.42 0.000723064
8.43 0.000919077
8.44 0.000498596
8.45 -0.000267969
8.46 -0.000908758
8.47 -0.00102405
8.48 -0.000515282
8.49 0.000356894
8.5 0.0011192
8.51 0.00135688
8.52 0.000954077
8.53 0.000160717
8.54 -0.000557385
8.55 -0.000796825
8.56 -0.000454036
8.57 0.00022007
8.58 0.000777707
8.59 0.000848695
8.6 0.000367304
8.61 -0.000388752
8.62 -0.000975285
8.63 -0.00106094
8.64 -0.000624727
8.65 5.13498e-05
8.66 0.000574067
8.67 0.000679408
8.68 0.000372938
8.69 -9.91577e-05
8.7 -0.000412717
8.71 -0.00035845
8.72 4.12888e-05
8.73 0.000550991
8.74 0.000863422
8.75 0.000782011
8.76 0.000336254
8.77 -0.000236787
8.78 -0.000631867
8.79 -0.00065381
8.8 -0.000329541
8.81 0.00011482
8.82 0.000397523
8.83 0.000351862
8.84 1.6511e-05
8.85 -0.00040269
8.86 -0.000662004
8.87 -0.000615298
8.88 -0.000282782
8.89 0.000169875
8.9 0.000518348
8.91 0.000591301
8.92 0.000361029
8.93 -3.37853e-05
8.94 -0.000357533
8.95 -0.000410716
8.96 -0.000150918
8.97 0.000273702
8.98 0.000604072
8.99 0.000620025
9 0.000273686
9.01 -0.000273518
9.02 -0.000737728
9.03 -0.000875701
9.04 -0.000625364
9.05 -0.000138713
9.06 0.000309022
9.07 0.00047603
9.08 0.000286304
9.09 -0.000132386
9.1 -0.000520766
9.11 -0.000629662
9.12 -0.000359433
9.13 0.000175131
9.14 0.00069873
9.15 0.000929051
9.16 0.000742001
9.17 0.000245196
9.18 -0.000286707
9.19 -0.000572773
9.2 -0.000482613
9.21 -9.87911e-05
9.22 0.000342747
9.23 0.000591255
9.24 0.000517574
9.25 0.0001747
9.26 -0.000245726
9.27 -0.000527798
9.28 -0.000544666
9.29 -0.000311621
9.3 3.41198e-05
9.31 0.000304315
9.32 0.000351926
9.33 0.000153447
9.34 -0.000162741
9.35 -0.000377713
9.36 -0.000315562
9.37 2.99617e-05
9.38 0.000468283
9.39 0.000718363
9.4 0.000586874
9.41 9.85525e-05
9.42 -0.000509575
9.43 -0.000922901
9.44 -0.000924425
9.45 -0.000510573
9.46 0.000105689
9.47 0.000600303
9.48 0.000704291
9.49 0.000353475
9.5 -0.000261027
9.51 -0.000784144
9.52 -0.000892673
9.53 -0.00048862
9.54 0.000227757
9.55 0.000861323
9.56 0.00105203
9.57 0.000696508
9.58 2.067e-05
9.59 -0.000554347
9.6 -0.000672384
9.61 -0.00027064
9.62 0.000373152
9.63 0.000818936
9.64 0.000748886
9.65 0.000169351
9.66 -0.000592145
9.67 -0.00108304
9.68 -0.000994139
9.69 -0.000348415
9.7 0.000499316
9.71 0.00106203
9.72 0.00101082
9.73 0.000379763
9.74 -0.000450067
9.75 -0.000984518
9.76 -0.000919278
9.77 -0.000318905
9.78 0.000435412
9.79 0.00088789
9.8 0.0007846
9.81 0.000217502
9.82 -0.000444709
9.83 -0.000791678
9.84 -0.00062509
9.85 -7.34614e-05
9.86 0.000499366
9.87 0.000727493
9.88 0.000467831
9.89 -0.000118495
9.9 -0.000667838
9.91 -0.00083143
9.92 -0.000483474
9.93 0.000196669
9.94 0.000822016
9.95 0.0010281
9.96 0.000698264
9.97 3.71276e-05
9.98 -0.000560689
9.99 -0.000759677
10 -0.000482736
10.01 6.24219e-05
10.02 0.000527448
10.03 0.000635241
10.04 0.000335829
10.05 -0.000174561
10.06 -0.000577959
10.07 -0.000629642
10.08 -0.000305839
10.09 0.000187838
10.1 0.000550026
10.11 0.000568415
10.12 0.000239695
10.13 -0.00023818
10.14 -0.000585589
10.15 -0.000599331
10.16 -0.000261882
10.17 0.0002537
10.18 0.000679176
10.19 0.000790753
10.2 0.000522657
10.21 2.4654e-06
10.22 -0.000512794
10.23 -0.000773505
10.24 -0.000675687
10.25 -0.000316452
10.26 7.23251e-05
10.27 0.000268928
10.28 0.000191056
10.29 -6.83979e-05
10.3 -0.000312634
10.31 -0.000366696
10.32 -0.000177406
10.33 0.00016769
10.34 0.000500039
10.35 0.000660598
10.36 0.000572162
10.37 0.000271181
10.38 -0.000105154
10.39 -0.000376167
10.4 -0.00040535
10.41 -0.000179885
10.42 0.0001678
10.43 0.000423944
10.44 0.000417914
10.45 0.000133918
10.46 -0.000268041
10.47 -0.00054662
10.48 -0.0005324
10.49 -0.000237346
10.5 0.000154119
10.51 0.000404799
10.52 0.000371923
10.53 8.70044e-05
10.54 -0.000272459
10.55 -0.00049086
10.56 -0.000435455
10.57 -0.000127434
10.58 0.000270975
10.59 0.000546338
10.6 0.000551831
10.61 0.000287686
10.62 -9.70985e-05
10.63 -0.000381307
10.64 -0.000390845
10.65 -0.000102643
10.66 0.000327676
10.67 0.00064439
10.68 0.00064322
10.69 0.000302966
10.7 -0.000194576
10.71 -0.000572355
10.72 -0.000619974
10.73 -0.000310008
10.74 0.000188137
10.75 0.000595793
10.76 0.000673222
10.77 0.00036005
10.78 -0.000172399
10.79 -0.00060528
10.8 -0.000658119
10.81 -0.000264859
10.82 0.000373523
10.83 0.000897098
10.84 0.000993152
10.85 0.000580701
10.86 -0.00013397
10.87 -0.000768419
10.88 -0.000982841
10.89 -0.000678381
10.9 -5.36798e-05
10.91 0.000518267
10.92 0.000718458
10.93 0.000471228
10.94 -2.35038e-05
10.95 -0.000427696
10.96 -0.000476724
10.97 -0.000132807
10.98 0.000403359
10.99 0.000818639
11 0.000872603
11.01 0.000535792
11.02 3.65559e-06
11.03 -0.000421424
11.04 -0.000510228
11.05 -0.000241474
11.06 0.000190172
11.07 0.000497632
11.08 0.000479014
11.09 0.000139318
11.1 -0.000316532
11.11 -0.000611972
11.12 -0.000568547
11.13 -0.000214548
11.14 0.000233009
11.15 0.000502556
11.16 0.000435644
11.17 8.54982e-05
11.18 -0.000312698
11.19 -0.000484412
11.2 -0.000289365
11.21 0.000180435
11.22 0.000645284
11.23 0.000803764
11.24 0.000521602
11.25 -7.22302e-05
11.26 -0.000648737
11.27 -0.000873883
11.28 -0.000619858
11.29 -5.54399e-05
11.3 0.000452313
11.31 0.000570397
11.32 0.00021858
11.33 -0.000371099
11.34 -0.000801134
11.35 -0.000771125
11.36 -0.000280864
11.37 0.000366783
11.38 0.000769565
11.39 0.000696219
11.4 0.000234344
11.41 -0.000282253
11.42 -0.000507473
11.43 -0.000312543
11.44 0.000141731
11.45 0.000527985
11.46 0.000574786
11.47 0.000236077
11.48 -0.000292976
11.49 -0.00070745
11.5 -0.000779867
11.51 -0.000490708
11.52 -3.09798e-05
11.53 0.000319345
11.54 0.000361023
11.55 8.92659e-05
11.56 -0.00031508
11.57 -0.000603873
11.58 -0.000610031
11.59 -0.000336797
11.6 5.63037e-05
11.61 0.000353936
11.62 0.000411425
11.63 0.000234546
11.64 -3.48082e-05
11.65 -0.000215629
11.66 -0.000201056
11.67 -1.82605e-05
11.68 0.000193343
11.69 0.000269568
11.7 0.000129397
11.71 -0.000160045
11.72 -0.000414159
11.73 -0.000451308
11.74 -0.000223602
11.75 0.000140395
11.76 0.000415055
11.77 0.000422594
11.78 0.000146978
11.79 -0.000252908
11.8 -0.000537628
11.81 -0.000532526
11.82 -0.000236556
11.83 0.000173117
11.84 0.000447823
11.85 0.000423323
11.86 0.000127636
11.87 -0.000231846
11.88 -0.000399867
11.89 -0.000241275
11.9 0.000165434
11.91 0.000572755
11.92 0.000719085
11.93 0.000494133
11.94 1.02047e-05
11.95 -0.000464319
11.96 -0.00066563
11.97 -0.000492032
11.98 -6.32146e-05
11.99 0.000354372
12 0.000506242
12.01 0.000298624
12.02 -0.000143148
12.03 -0.000541802
12.04 -0.000631427
12.05 -0.000322888
12.06 0.000235802
12.07 0.00074511
12.08 0.00092798
12.09 0.000684134
12.1 0.000140783
12.11 -0.00041909
12.12 -0.000706907
12.13 -0.000580347
12.14 -0.000123108
12.15 0.000392002
12.16 0.000649616
12.17 0.000477131
12.18 -4.01604e-05
12.19 -0.000595591
12.2 -0.000839823
12.21 -0.000597041
12.22 1.66921e-05
12.23 0.00065264
12.24 0.000936815
12.25 0.000700561
12.26 9.07532e-05
12.27 -0.000510206
12.28 -0.000708958
12.29 -0.000340552
12.3 0.000417035
12.31 0.00112834
12.32 0.00135125
12.33 0.000914748
12.34 4.80071e-05
12.35 -0.000742153
12.36 -0.000985912
12.37 -0.000553891
12.38 0.000258363
12.39 0.000922282
12.4 0.00101168
12.41 0.000462817
12.42 -0.000395596
12.43 -0.00104813
12.44 -0.00110307
12.45 -0.000524826
12.46 0.000344229
12.47 0.000987308
12.48 0.00102479
12.49 0.000443474
12.5 -0.000399698
12.51 -0.000998298
12.52 -0.000998145
12.53 -0.000397608
12.54 0.000459976
12.55 0.00108619
12.56 0.00112443
12.57 0.000552357
12.58 -0.000301831
12.59 -0.000943712
12.6 -0.000999984
12.61 -0.000444493
12.62 0.000378456
12.63 0.000959313
12.64 0.00093533
12.65 0.000313224
12.66 -0.000538053
12.67 -0.00111831
12.68 -0.00110227
12.69 -0.000526734
12.7 0.00025204
12.71 0.00078867
12.72 0.00081078
12.73 0.000357093
12.74 -0.000270576
12.75 -0.000693565
12.76 -0.000669065
12.77 -0.000218207
12.78 0.000392873
12.79 0.000807016
12.8 0.000779122
12.81 0.000313841
12.82 -0.000337688
12.83 -0.000818491
12.84 -0.000866197
12.85 -0.000461909
12.86 0.000158806
12.87 0.000642061
12.88 0.00072022
12.89 0.000365693
12.9 -0.000194941
12.91 -0.000615831
12.92 -0.000637299
12.93 -0.000239092
12.94 0.00035033
12.95 0.000791957
12.96 0.000834591
12.97 0.000453989
12.98 -0.000142289
12.99 -0.000636826
13 -0.000776475
13.01 -0.000505823
13.02 6.32241e-06
13.03 0.00046241
13.04 0.000605566
13.05 0.000369938
13.06 -7.70726e-05
13.07 -0.000432071
13.08 -0.000439201
13.09 -4.95994e-05
13.1 0.000542403
13.11 0.00101146
13.12 0.00109472
13.13 0.000750399
13.14 0.000185982
13.15 -0.000264518
13.16 -0.000342224
13.17 -1.7693e-05
13.18 0.000498256
13.19 0.000885252
13.2 0.000900605
13.21 0.00051609
13.22 -6.77586e-05
13.23 -0.00053575
13.24 -0.000639321
13.25 -0.000341037
13.26 0.000167633
13.27 0.00058846
13.28 0.000699693
13.29 0.000481975
13.3 0.000111048
13.31 -0.0001658
13.32 -0.000180569
13.33 6.84494e-05
13.34 0.000428161
13.35 0.000679274
13.36 0.000658042
13.37 0.000355061
13.38 -6.95892e-05
13.39 -0.000379196
13.4 -0.000409633
13.41 -0.000171421
13.42 0.000167344
13.43 0.000396864
13.44 0.000392138
13.45 0.000174005
13.46 -0.000113913
13.47 -0.000290622
13.48 -0.000244734
13.49 -5.12026e-06
13.5 0.000275866
13.51 0.00042322
13.52 0.000354618
13.53 0.000125793
13.54 -0.000120345
13.55 -0.000249162
13.56 -0.000203506
13.57 -1.96605e-05
13.58 0.000197287
13.59 0.000323472
13.6 0.000280324
13.61 8.46518e-05
13.62 -0.00015371
13.63 -0.000295583
13.64 -0.000258471
13.65 -6.78283e-05
13.66 0.000158429
13.67 0.000280588
13.68 0.000218055
13.69 -6.42189e-06
13.7 -0.000279858
13.71 -0.000458287
13.72 -0.000441716
13.73 -0.000228783
13.74 7.81939e-05
13.75 0.000323762
13.76 0.000380175
13.77 0.000214193
13.78 -9.61191e-05
13.79 -0.000400711
13.8 -0.000549437
13.81 -0.000461671
13.82 -0.000167821
13.83 0.000191647
13.84 0.000419342
13.85 0.000361004
13.86 8.75851e-06
13.87 -0.000468941
13.88 -0.00081432
13.89 -0.000839978
13.9 -0.000549856
13.91 -0.000132424
13.92 0.000164337
13.93 0.00018418
13.94 -5.52416e-05
13.95 -0.000384192
13.96 -0.000580006
13.97 -0.000490178
13.98 -0.000119439
13.99 0.000369996
14 0.000752101
14.01 0.000866503
14.02 0.000697945
14.03 0.000363682
14.04 3.76617e-05
14.05 -0.000133535
14.06 -9.3222e-05
14.07 9.72965e-05
14.08 0.000285163
14.09 0.000312443
14.1 0.000121692
14.11 -0.000191297
14.12 -0.00042719
14.13 -0.000416246
14.14 -0.000144707
14.15 0.000225733
14.16 0.000468114
14.17 0.000448695
14.18 0.000215311
14.19 -4.17879e-05
14.2 -0.000118787
14.21 6.91254e-05
14.22 0.000427782
14.23 0.000734837
14.24 0.00078121
14.25 0.000516309
14.26 8.94236e-05
14.27 -0.000251604
14.28 -0.000328986
14.29 -0.000141347
14.3 0.000161364
14.31 0.000394141
14.32 0.000448326
14.33 0.000331965
14.34 0.000138649
14.35 -1.63849e-05
14.36 -5.55919e-05
14.37 2.68748e-05
14.38 0.000166466
14.39 0.000265923
14.4 0.00025289
14.41 0.000124933
14.42 -4.58786e-05
14.43 -0.000152471
14.44 -0.000114868
14.45 6.92015e-05
14.46 0.000314211
14.47 0.000485819
14.48 0.000472386
14.49 0.000252343
14.5 -8.40376e-05
14.51 -0.000378764
14.52 -0.000494637
14.53 -0.000393689
14.54 -0.00015384
14.55 8.76947e-05
14.56 0.000224906
14.57 0.000243621
14.58 0.000211412
14.59 0.000210555
14.6 0.000269826
14.61 0.000347214
14.62 0.000370589
14.63 0.000297108
14.64 0.00014497
14.65 -1.93207e-05
14.66 -0.000122943
14.67 -0.000130652
14.68 -6.42532e-05
14.69 1.8394e-05
14.7 7.04755e-05
14.71 8.56177e-05
14.72 8.19443e-05
14.73 6.68713e-05
14.74 3.18854e-05
14.75 -1.64072e-05
14.76 -3.6334e-05
14.77 1.86956e-05
14.78 0.000143909
14.79 0.000264657
14.8 0.000286264
14.81 0.000173441
14.82 -1.03526e-05
14.83 -0.000140794
14.84 -0.000124749
14.85 2.15712e-05
14.86 0.000173837
14.87 0.000188324
14.88 1.74675e-05
14.89 -0.000236098
14.9 -0.000380556
14.91 -0.000280003
14.92 2.56327e-05
14.93 0.000331166
14.94 0.000413499
14.95 0.000204753
14.96 -0.000152354
14.97 -0.000417642
14.98 -0.000440488
14.99 -0.000264068
15 -7.05902e-05
15.01 -2.77553e-05
15.02 -0.000163411
15.03 -0.000352961
15.04 -0.000414311
15.05 -0.00024099
15.06 0.000113656
15.07 0.000458732
15.08 0.000586253
15.09 0.000414034
15.1 4.96854e-05
15.11 -0.000275158
15.12 -0.000353093
15.13 -0.000125723
15.14 0.000291189
15.15 0.000681933
15.16 0.000850504
15.17 0.000722717
15.18 0.000381771
15.19 1.64737e-05
15.2 -0.000189284
15.21 -0.000156485
15.22 5.2866e-05
15.23 0.00027468
15.24 0.000335569
15.25 0.000155429
15.26 -0.000194577
15.27 -0.000523636
15.28 -0.000638866
15.29 -0.000477141
15.3 -0.000156394
15.31 9.43483e-05
15.32 7.97465e-05
15.33 -0.000236151
15.34 -0.000698496
15.35 -0.00104299
15.36 -0.00104939
15.37 -0.000683178
15.38 -0.000133735
15.39 0.000291937
15.4 0.000366805
15.41 0.000104662
15.42 -0.000237782
15.43 -0.000337221
15.44 -3.91146e-05
15.45 0.000525536
15.46 0.00103223
15.47 0.0011905
15.48 0.000938178
15.49 0.000472064
15.5 0.000104281
15.51 4.76654e-05
15.52 0.000277801
15.53 0.000566634
15.54 0.000660936
15.55 0.000467887
15.56 0.000106334
15.57 -0.000200727
15.58 -0.000288593
15.59 -0.000139284
15.6 0.000144248
15.61 0.000418744
15.62 0.000565071
15.63 0.000520683
15.64 0.000300687
15.65 9.31972e-06
15.66 -0.000188077
15.67 -0.000150306
15.68 0.000132943
15.69 0.000493485
15.7 0.00065987
15.71 0.000433034
15.72 -0.000151505
15.73 -0.000804077
15.74 -0.00114623
15.75 -0.000966994
15.76 -0.000387275
15.77 0.000206455
15.78 0.000431074
15.79 0.000183216
15.8 -0.000292799
15.81 -0.000600937
15.82 -0.000495257
15.83 -5.17517e-05
15.84 0.000406184
15.85 0.000549942
15.86 0.000269252
15.87 -0.000267171
15.88 -0.000731946
15.89 -0.000848563
15.9 -0.000559258
15.91 -5.28602e-05
15.92 0.000360973
15.93 0.000448173
15.94 0.000188796
15.95 -0.000227191
15.96 -0.000528772
15.97 -0.000520866
15.98 -0.000180242
15.99 0.0003375
16 0.000769295
16.01 0.000873266
16.02 0.000571339
16.03 2.78723e-05
16.04 -0.000413839
16.05 -0.00043386
16.06 3.93956e-05
16.07 0.000749188
16.08 0.00125898
16.09 0.00123427
16.1 0.000654731
16.11 -0.000185397
16.12 -0.000866188
16.13 -0.00107853
16.14 -0.000775293
16.15 -0.000185011
16.16 0.000302628
16.17 0.000337544
16.18 -0.000184711
16.19 -0.00102569
16.2 -0.00170192
16.21 -0.0017586
16.22 -0.00106372
16.23 7.20653e-05
16.24 0.00105396
16.25 0.00134954
16.26 0.000797526
16.27 -0.000292598
16.28 -0.00129097
16.29 -0.00157893
16.3 -0.000914755
16.31 0.00036622
16.32 0.00148915
16.33 0.0017006
16.34 0.000780674
16.35 -0.000755747
16.36 -0.00195568
16.37 -0.00204711
16.38 -0.00094584
16.39 0.000691285
16.4 0.00188077
16.41 0.00191449
16.42 0.000780402
16.43 -0.00083072
16.44 -0.00192552
16.45 -0.00179549
16.46 -0.000459125
16.47 0.00131919
16.48 0.00247681
16.49 0.00229869
16.5 0.000857687
16.51 -0.00103044
16.52 -0.00230064
16.53 -0.00226118
16.54 -0.000972479
16.55 0.000816502
16.56 0.0021048
16.57 0.00219536
16.58 0.00107351
16.59 -0.000597555
16.6 -0.00186369
16.61 -0.00202843
16.62 -0.00104205
16.63 0.000495068
16.64 0.00170193
16.65 0.00192591
16.66 0.00109385
16.67 -0.000278563
16.68 -0.00139725
16.69 -0.00163547
16.7 -0.00087864
16.71 0.000410163
16.72 0.00144206
16.73 0.00154533
16.74 0.000566177
16.75 -0.00100201
16.76 -0.00226392
16.77 -0.00243772
16.78 -0.00135177
16.79 0.000408183
16.8 0.00183008
16.81 0.00209529
16.82 0.00108986
16.83 -0.000532747
16.84 -0.00176381
16.85 -0.00184185
16.86 -0.000678695
16.87 0.00111535
16.88 0.00258851
16.89 0.00298145
16.9 0.00209065
16.91 0.000379833
16.92 -0.00125166
16.93 -0.0019857
16.94 -0.0015229
16.95 -0.000227851
16.96 0.0010908
16.97 0.0016564
16.98 0.00117018
16.99 -2.63461e-05
17 -0.00116199
17.01 -0.00150248
17.02 -0.000795566
17.03 0.00058617
17.04 0.0018868
17.05 0.00241217
17.06 0.00190113
17.07 0.000642053
17.08 -0.00069215
17.09 -0.00139656
17.1 -0.00111827
17.11 -7.09966e-05
17.12 0.0010798
17.13 0.00160686
17.14 0.00114652
17.15 -8.89419e-05
17.16 -0.00142629
17.17 -0.00211229
17.18 -0.00175535
17.19 -0.000571637
17.2 0.000727759
17.21 0.00135887
17.22 0.000945387
17.23 -0.000241023
17.24 -0.00143809
17.25 -0.00187069
17.26 -0.00124263
17.27 8.88218e-05
17.28 0.00135308
17.29 0.00182553
17.3 0.00122183
17.31 -0.000160584
17.32 -0.00160287
17.33 -0.00235132
17.34 -0.00203621
17.35 -0.000882826
17.36 0.000419597
17.37 0.00112243
17.38 0.000851622
17.39 -0.000184901
17.4 -0.00132377
17.41 -0.00184024
17.42 -0.0013822
17.43 -0.000174113
17.44 0.00113249
17.45 0.0018465
17.46 0.0016171
17.47 0.000606015
17.48 -0.000620165
17.49 -0.00140324
17.5 -0.00134742
17.51 -0.000526513
17.52 0.000574834
17.53 0.00133926
17.54 0.00134001
17.55 0.000546021
17.56 -0.000665524
17.57 -0.00168267
17.58 -0.00195964
17.59 -0.00131881
17.6 -8.41641e-05
17.61 0.00107284
17.62 0.00151679
17.63 0.00103368
17.64 -3.08407e-05
17.65 -0.000989244
17.66 -0.00123558
17.67 -0.000614276
17.68 0.000496315
17.69 0.00143856
17.7 0.00167066
17.71 0.00106249
17.72 -4.64942e-05
17.73 -0.00104245
17.74 -0.00137998
17.75 -0.000884281
17.76 0.000161281
17.77 0.00118579
17.78 0.00164066
17.79 0.00127624
17.8 0.000260665
17.81 -0.000906739
17.82 -0.00164565
17.83 -0.00159328
17.84 -0.000801145
17.85 0.000283001
17.86 0.00105337
17.87 0.00108017
17.88 0.000354246
17.89 -0.000696819
17.9 -0.00144292
17.91 -0.00141761
17.92 -0.000600401
17.93 0.000565773
17.94 0.0014306
17.95 0.00150031
17.96 0.000707449
17.97 -0.000540892
17.98 -0.00156134
17.99 -0.00176721
18 -0.00103054
18.01 0.000204386
18.02 0.00117317
18.03 0.00126654
18.04 0.000419249
18.05 -0.000835851
18.06 -0.00168974
18.07 -0.00155867
18.08 -0.000443831
18.09 0.00107596
18.1 0.00218513
18.11 0.00228452
18.12 0.00132013
18.13 -0.00017697
18.14 -0.00136924
18.15 -0.00158527
18.16 -0.000724728
18.17 0.000672157
18.18 0.00175032
18.19 0.00186077
18.2 0.000962545
18.21 -0.00034299
18.22 -0.00118178
18.23 -0.000968098
18.24 0.000209246
18.25 0.00164992
18.26 0.00249212
18.27 0.00224196
18.28 0.00106803
18.29 -0.000308943
18.3 -0.00105719
18.31 -0.000743303
18.32 0.000405784
18.33 0.00166467
18.34 0.00226785
18.35 0.00185482
18.36 0.000646373
18.37 -0.000714394
18.38 -0.0015299
18.39 -0.00142479
18.4 -0.000545711
18.41 0.000526025
18.42 0.00110793
18.43 0.000812907
18.44 -0.000215093
18.45 -0.00136937
18.46 -0.00194002
18.47 -0.00155225
18.48 -0.000395065
18.49 0.000900109
18.5 0.00163084
18.51 0.00140912
18.52 0.000357329
18.53 -0.000968413
18.54 -0.0018781
18.55 -0.00192169
18.56 -0.0011376
18.57 -3.03864e-05
18.58 0.0007223
18.59 0.00064687
18.6 -0.000263945
18.61 -0.00152137
18.62 -0.00239556
18.63 -0.00234267
18.64 -0.00135331
18.65 5.75403e-06
18.66 0.000920129
18.67 0.000822862
18.68 -0.000252352
18.69 -0.00166199
18.7 -0.00252099
18.71 -0.00223507
18.72 -0.000870605
18.73 0.000877122
18.74 0.00208426
18.75 0.00210771
18.76 0.000947032
18.77 -0.000725661
18.78 -0.00191772
18.79 -0.00189561
18.8 -0.000650671
18.81 0.00107564
18.82 0.00223155
18.83 0.00207365
18.84 0.000603578
18.85 -0.00141115
18.86 -0.00285178
18.87 -0.00288716
18.88 -0.00145407
18.89 0.000698479
18.9 0.00240736
18.91 0.00272764
18.92 0.00146258
18.93 -0.000706121
18.94 -0.0025674
18.95 -0.00303786
18.96 -0.0017833
18.97 0.000566941
18.98 0.00274566
18.99 0.00354752
19 0.00255614
19.01 0.000384545
19.02 -0.00170175
19.03 -0.00248879
19.04 -0.00149824
19.05 0.000745653
19.06 0.00303315
19.07 0.00415548
19.08 0.00347055
19.09 0.00123748
19.1 -0.0014405
19.11 -0.00317424
19.12 -0.00306231
19.13 -0.00126036
19.14 0.00109239
19.15 0.00258181
19.16 0.00235823
19.17 0.000601765
19.18 -0.00160229
19.19 -0.00289617
19.2 -0.00245405
19.21 -0.000475558
19.22 0.00196083
19.23 0.00352761
19.24 0.00334919
19.25 0.00146039
19.26 -0.00118228
19.27 -0.0031599
19.28 -0.00336595
19.29 -0.00166068
19.3 0.00105461
19.31 0.00335871
19.32 0.00405357
19.33 0.00274121
19.34 1.12219e-05
19.35 -0.00281126
19.36 -0.00433977
19.37 -0.00383362
19.38 -0.00158777
19.39 0.00121177
19.4 0.00313204
19.41 0.0032303
19.42 0.00150943
19.43 -0.00113473
19.44 -0.00340034
19.45 -0.00421219
19.46 -0.00320771
19.47 -0.000874865
19.48 0.00169703
19.49 0.00331043
19.5 0.00320183
19.51 0.00142975
19.52 -0.0011111
19.53 -0.0030929
19.54 -0.00341796
19.55 -0.00182816
19.56 0.000911504
19.57 0.00339039
19.58 0.00430836
19.59 0.00320482
19.6 0.000685462
19.61 -0.00196302
19.62 -0.00345949
19.63 -0.00315225
19.64 -0.00129422
19.65 0.00115
19.66 0.00299935
19.67 0.00339752
19.68 0.00220085
19.69 4.44836e-05
19.7 -0.00197584
19.71 -0.00285888
19.72 -0.00220957
19.73 -0.000434206
19.74 0.0015106
19.75 0.00263174
19.76 0.00238028
19.77 0.000905959
19.78 -0.00102632
19.79 -0.00241603
19.8 -0.00254795
19.81 -0.00139872
19.82 0.000347718
19.83 0.00169619
19.84 0.00189938
19.85 0.000863725
19.86 -0.000820048
19.87 -0.00221343
19.88 -0.00255156
19.89 -0.00166561
19.9 -5.59138e-05
19.91 0.00141777
19.92 0.00200262
19.93 0.00142613
19.94 2.93645e-05
19.95 -0.00142179
19.96 -0.0021483
19.97 -0.00176629
19.98 -0.000480446
19.99 0.00104767
20 0.00204217
20.01 0.0019829
20.02 0.000872396
20.03 -0.000735043
20.04 -0.00197932
20.05 -0.00214057
20.06 -0.00106817
20.07 0.00070537
20.08 0.00225145
20.09 0.00276363
20.1 0.00200458
20.11 0.000409028
20.12 -0.00120573
20.13 -0.00209361
20.14 -0.00192351
20.15 -0.000873548
20.16 0.000526213
20.17 0.00165617
20.18 0.00204508
20.19 0.00154543
20.2 0.000404987
20.21 -0.000826635
20.22 -0.00154581
20.23 -0.00140484
20.24 -0.000512919
20.25 0.000637505
20.26 0.00145862
20.27 0.00157171
20.28 0.000971103
20.29 -1.64523e-05
20.3 -0.00094082
20.31 -0.00140095
20.32 -0.00117493
20.33 -0.000331261
20.34 0.000802198
20.35 0.00176591
20.36 0.0021418
20.37 0.00175019
20.38 0.000758018
20.39 -0.000393086
20.4 -0.00118811
20.41 -0.00127889
20.42 -0.000667817
20.43 0.000274181
20.44 0.000997129
20.45 0.00105739
20.46 0.000352521
20.47 -0.000804039
20.48 -0.00182176
20.49 -0.00213954
20.5 -0.00154345
20.51 -0.000301265
20.52 0.000983011
20.53 0.00168813
20.54 0.00148853
20.55 0.000521601
20.56 -0.000690532
20.57 -0.00151037
20.58 -0.00150079
20.59 -0.000636052
20.6 0.000708881
20.61 0.00193821
20.62 0.00247599
20.63 0.00201222
20.64 0.000686802
20.65 -0.000900017
20.66 -0.00192088
20.67 -0.00176444
20.68 -0.000463355
20.69 0.00123467
20.7 0.00225636
20.71 0.00184628
20.72 7.49874e-05
20.73 -0.00215006
20.74 -0.0035932
20.75 -0.00340981
20.76 -0.00164742
20.77 0.000784093
20.78 0.00262206
20.79 0.00292226
20.8 0.00154828
20.81 -0.000761565
20.82 -0.00276331
20.83 -0.0033633
20.84 -0.00224493
20.85 -7.02545e-05
20.86 0.00191639
20.87 0.00261981
20.88 0.00169694
20.89 -0.000299519
20.9 -0.00226718
20.91 -0.00314525
20.92 -0.00243954
20.93 -0.000465577
20.94 0.00179665
20.95 0.00317995
20.96 0.00295594
20.97 0.00130098
20.98 -0.000763068
20.99 -0.00197733
21 -0.00162326
21.01 4.91881e-05
21.02 0.00203804
21.03 0.00321852
21.04 0.00294496
21.05 0.00134421
21.06 -0.000800195
21.07 -0.00244798
21.08 -0.00279431
21.09 -0.001663
21.1 0.000400481
21.11 0.00238378
21.12 0.00329372
21.13 0.00266801
21.14 0.000850606
21.15 -0.00117816
21.16 -0.00234859
21.17 -0.00210452
21.18 -0.000686137
21.19 0.00108666
21.2 0.00230729
21.21 0.00240788
21.22 0.00136288
21.23 -0.000335306
21.24 -0.00187105
21.25 -0.00245932
21.26 -0.00177084
21.27 -0.000165779
21.28 0.00148727
21.29 0.00229858
21.3 0.00183379
21.31 0.000326178
21.32 -0.0014681
21.33 -0.00265287
21.34 -0.00263184
21.35 -0.00142745
21.36 0.000309702
21.37 0.00163606
21.38 0.00182445
21.39 0.000775322
21.4 -0.000924353
21.41 -0.00234017
21.42 -0.0027295
21.43 -0.00194215
21.44 -0.000436878
21.45 0.00104429
21.46 0.0018627
21.47 0.00171852
21.48 0.000725431
21.49 -0.000637716
21.5 -0.00167468
21.51 -0.00176144
21.52 -0.000729222
21.53 0.000937301
21.54 0.00230463
21.55 0.00253399
21.56 0.00142053
21.57 -0.000479226
21.58 -0.00219438
21.59 -0.00289614
21.6 -0.00231535
21.61 -0.00081627
21.62 0.000841112
21.63 0.00187197
21.64 0.00181488
21.65 0.000745431
21.66 -0.000755018
21.67 -0.00186338
21.68 -0.00190955
21.69 -0.000735265
21.7 0.00119924
21.71 0.00302222
21.72 0.0038712
21.73 0.00333409
21.74 0.00167668
21.75 -0.000276023
21.76 -0.00154242
21.77 -0.00148332
21.78 -0.000154884
21.79 0.00171457
21.8 0.00311367
21.81 0.00328259
21.82 0.00212141
21.83 0.000243253
21.84 -0.00136206
21.85 -0.00185191
21.86 -0.000978251
21.87 0.000770091
21.88 0.00241577
21.89 0.0030113
21.9 0.00216427
21.91 0.00027435
21.92 -0.00167265
21.93 -0.00263162
21.94 -0.00205483
21.95 -0.000186472
21.96 0.00207732
21.97 0.00363895
21.98 0.0037155
21.99 0.00223098
22 -9.44352e-05
22.01 -0.00205327
22.02 -0.00256268
22.03 -0.00129269
22.04 0.00108803
22.05 0.00325445
22.06 0.00397132
22.07 0.00280751
22.08 0.000397884
22.09 -0.00190406
22.1 -0.00277491
22.11 -0.00166851
22.12 0.000854929
22.13 0.00341555
22.14 0.0045673
22.15 0.00361315
22.16 0.00101179
22.17 -0.00184716
22.18 -0.00337928
22.19 -0.0027111
22.2 -0.000224682
22.21 0.00268547
22.22 0.00445151
22.23 0.00419452
22.24 0.00214121
22.25 -0.000604214
22.26 -0.00268206
22.27 -0.00311977
22.28 -0.00174002
22.29 0.000803612
22.3 0.00331726
22.31 0.00457541
22.32 0.00386854
22.33 0.00148249
22.34 -0.00136458
22.35 -0.00321618
22.36 -0.00316171
22.37 -0.00129721
22.38 0.00138296
22.39 0.00353968
22.4 0.00412375
22.41 0.00284543
22.42 0.000329789
22.43 -0.00213027
22.44 -0.00317566
22.45 -0.002114
22.46 0.000626066
22.47 0.00365395
22.48 0.00536553
22.49 0.00476662
22.5 0.0020455
22.51 -0.00143997
22.52 -0.00385325
22.53 -0.00389047
22.54 -0.00155401
22.55 0.00190855
22.56 0.00480115
22.57 0.00586551
22.58 0.00475562
22.59 0.00204214
22.6 -0.00106035
22.61 -0.00310898
22.62 -0.00308343
22.63 -0.00102085
22.64 0.00198613
22.65 0.00443688
22.66 0.00518138
22.67 0.00390519
22.68 0.00120022
22.69 -0.00172258
22.7 -0.00350122
22.71 -0.00320629
22.72 -0.00084951
22.73 0.00257542
22.74 0.00552504
22.75 0.00660199
22.76 0.00519978
22.77 0.00179002
22.78 -0.00221043
22.79 -0.00499804
22.8 -0.00530556
22.81 -0.0030681
22.82 0.000610608
22.83 0.00405157
22.84 0.00575448
22.85 0.00497372
22.86 0.00201833
22.87 -0.00184235
22.88 -0.00482483
22.89 -0.00539354
22.9 -0.00309983
22.91 0.00108084
22.92 0.00517393
22.93 0.00715293
22.94 0.00593092
22.95 0.00193616
22.96 -0.00299242
22.97 -0.00644117
22.98 -0.00674641
22.99 -0.00385959
23 0.00082118
23.01 0.00528665
23.02 0.00784928
23.03 0.00765468
23.04 0.00478135
23.05 0.000156702
23.06 -0.00460753
23.07 -0.00760847
23.08 -0.00739006
23.09 -0.00376414
23.1 0.00190717
23.11 0.00721486
23.12 0.00988209
23.13 0.00877765
23.14 0.00423883
23.15 -0.00208213
23.16 -0.00766214
23.17 -0.0102897
23.18 -0.0091091
23.19 -0.00470827
23.2 0.00123707
23.21 0.00654112
23.22 0.00929718
23.23 0.00854154
23.24 0.00459225
23.25 -0.00107017
23.26 -0.00628044
23.27 -0.00898652
23.28 -0.00811248
23.29 -0.00405461
23.3 0.00153391
23.31 0.00647722
23.32 0.0089594
23.33 0.00816148
23.34 0.00445704
23.35 -0.000792203
23.36 -0.00570687
23.37 -0.00855069
23.38 -0.0083664
23.39 -0.00533346
23.4 -0.000719829
23.41 0.0037198
23.42 0.00640443
23.43 0.00630415
23.44 0.00329669
23.45 -0.00167493
23.46 -0.0067615
23.47 -0.00986971
23.48 -0.00962465
23.49 -0.00600544
23.5 -0.000365456
23.51 0.0052788
23.52 0.00912016
23.53 0.010047
23.54 0.00791575
23.55 0.00359544
23.56 -0.00142468
23.57 -0.00546508
23.58 -0.00709945
23.59 -0.00567439
23.6 -0.0016328
23.61 0.00366995
23.62 0.00841493
23.63 0.0108412
23.64 0.00984047
23.65 0.00544346
23.66 -0.00101623
23.67 -0.00713145
23.68 -0.0103184
23.69 -0.0090759
23.7 -0.00379216
23.71 0.00346332
23.72 0.00986906
23.73 0.0131169
23.74 0.0122201
23.75 0.00757305
23.76 0.000790614
23.77 -0.00573215
23.78 -0.00958829
23.79 -0.00925597
23.8 -0.00485119
23.81 0.00190081
23.82 0.00851419
23.83 0.0128298
23.84 0.0136471
23.85 0.0108959
23.86 0.00555636
23.87 -0.000817947
23.88 -0.00640046
23.89 -0.00943115
23.9 -0.00888611
23.91 -0.00503387
23.92 0.000578422
23.93 0.00589791
23.94 0.00924625
23.95 0.009674
23.96 0.00713035
23.97 0.00256008
23.98 -0.00250679
23.99 -0.00642859
24 -0.00788138
24.01 -0.0063781
24.02 -0.00254689
24.03 0.0022116
24.04 0.00632892
24.05 0.00853073
24.06 0.00811784
24.07 0.00515886
24.08 0.000551178
24.09 -0.00419838
24.1 -0.00736877
24.11 -0.00759018
24.12 -0.00452013
24.13 0.000867787
24.14 0.00671912
24.15 0.0110581
24.16 0.0123618
24.17 0.0100476
24.18 0.00480914
24.19 -0.00169059
24.2 -0.00725552
24.21 -0.00978631
24.22 -0.00817923
24.23 -0.00292101
24.24 0.00412025
24.25 0.010447
24.26 0.013783
24.27 0.0128682
24.28 0.00796115
24.29 0.000767923
24.3 -0.00620894
24.31 -0.0105994
24.32 -0.0110261
24.33 -0.00759188
24.34 -0.00176784
24.35 0.00443055
24.36 0.00925153
24.37 0.011488
24.38 0.0106363
24.39 0.00713129
24.4 0.00221932
24.41 -0.00259253
24.42 -0.00592709
24.43 -0.0068133
24.44 -0.00503059
24.45 -0.00125823
24.46 0.00328375
24.47 0.0072812
24.48 0.00955738
24.49 0.00934911
24.5 0.00662476
24.51 0.00211573
24.52 -0.003017
24.53 -0.00741623
24.54 -0.0097571
24.55 -0.00919679
24.56 -0.00577885
24.57 -0.0005158
24.58 0.00507586
24.59 0.00953317
24.6 0.0116907
24.61 0.0109621
24.62 0.00759894
24.63 0.00253243
24.64 -0.00299349
24.65 -0.00753049
24.66 -0.00963017
24.67 -0.00840426
24.68 -0.00403308
24.69 0.00225235
24.7 0.00859174
24.71 0.0130506
24.72 0.0141238
24.73 0.0112456
24.74 0.00514727
24.75 -0.00238995
24.76 -0.00891973
24.77 -0.0121345
24.78 -0.0109288
24.79 -0.00585906
24.8 0.00120341
24.81 0.00792645
24.82 0.0123714
24.83 0.0133651
24.84 0.010702
24.85 0.00534526
24.86 -0.000957732
24.87 -0.00619968
24.88 -0.00868571
24.89 -0.007688
24.9 -0.00380198
24.91 0.00142038
24.92 0.00623753
24.93 0.00932462
24.94 0.00994434
24.95 0.00792846
24.96 0.00380356
24.97 -0.00134641
24.98 -0.00602946
24.99 -0.00867041
25 -0.00826818
25.01 -0.00494247
25.02 1.96497e-05
25.03 0.00483573
25.04 0.0080228
25.05 0.0087464
25.06 0.00700749
25.07 0.00370033
25.08 0.000137039
25.09 -0.00255865
25.1 -0.00372923
25.11 -0.00325406
25.12 -0.00159436
25.13 0.000376136
25.14 0.00173591
25.15 0.00182574
25.16 0.000458575
25.17 -0.00198019
25.18 -0.00456516
25.19 -0.00614287
25.2 -0.00589378
25.21 -0.00375865
25.22 -0.000419937
25.23 0.00316266
25.24 0.00613442
25.25 0.00782483
25.26 0.00787662
25.27 0.00640929
25.28 0.00397353
25.29 0.00135859
25.3 -0.000750543
25.31 -0.00196239
25.32 -0.00216691
25.33 -0.00153132
25.34 -0.00042886
25.35 0.000758373
25.36 0.0017274
25.37 0.00222364
25.38 0.00209363
25.39 0.00135988
25.4 0.000191569
25.41 -0.00117475
25.42 -0.00239897
25.43 -0.00303882
25.44 -0.00273802
25.45 -0.00146859
25.46 0.000393149
25.47 0.00218931
25.48 0.00321565
25.49 0.0030258
25.5 0.00166648
25.51 -0.000410853
25.52 -0.00255362
25.53 -0.00406511
25.54 -0.00440824
25.55 -0.00342077
25.56 -0.00145103
25.57 0.000825876
25.58 0.00273283
25.59 0.00382155
25.6 0.00401581
25.61 0.00360436
25.62 0.0030274
25.63 0.00257296
25.64 0.0022499
25.65 0.00187351
25.66 0.00124152
25.67 0.000296446
25.68 -0.000860778
25.69 -0.0019435
25.7 -0.00252017
25.71 -0.00227266
25.72 -0.00122486
25.73 0.000310056
25.74 0.0019436
25.75 0.00332818
25.76 0.00419309
25.77 0.00440112
25.78 0.00398446
25.79 0.00312209
25.8 0.00210439
25.81 0.00127991
25.82 0.000951558
25.83 0.00127708
25.84 0.00218655
25.85 0.00336307
25.86 0.00439093
25.87 0.00499523
25.88 0.00519888
25.89 0.00528162
25.9 0.00555765
25.91 0.00614587
25.92 0.00687993
25.93 0.007366
25.94 0.00712899
25.95 0.00579188
25.96 0.00325335
25.97 -0.000226321
25.98 -0.00398153
25.99 -0.00702654
26 -0.00839664
26.01 -0.00761983
26.02 -0.00502242
26.03 -0.00161241
26.04 0.0014522
26.05 0.00331385
26.06 0.00358778
26.07 0.00242212
26.08 0.000411024
26.09 -0.00166182
26.1 -0.0030071
26.11 -0.00299995
26.12 -0.00144934
26.13 0.00135764
26.14 0.00470894
26.15 0.00755189
26.16 0.00875253
26.17 0.00747526
26.18 0.0035706
26.19 -0.00232134
26.2 -0.00874156
26.21 -0.0137648
26.22 -0.0158416
26.23 -0.014289
26.24 -0.00938133
26.25 -0.0023763
26.26 0.00481826
26.27 0.0101456
26.28 0.0119069
26.29 0.00942472
26.3 0.00349757
26.31 -0.00391901
26.32 -0.0103958
26.33 -0.0138027
26.34 -0.0130242
26.35 -0.00838127
26.36 -0.001535
26.37 0.00532624
26.38 0.0102884
26.39 0.0120283
26.4 0.0100747
26.41 0.00509416
26.42 -0.00138815
26.43 -0.00747085
26.44 -0.01138
26.45 -0.0119551
26.46 -0.00904532
26.47 -0.00370279
26.48 0.00235967
26.49 0.0073934
26.5 0.00995233
26.51 0.00921062
26.52 0.0053126
26.53 -0.000629401
26.54 -0.00691247
26.55 -0.0117502
26.56 -0.0136864
26.57 -0.0120138
26.58 -0.00720317
26.59 -0.000749703
26.6 0.00545247
26.61 0.0096602
26.62 0.0106254
26.63 0.00800545
26.64 0.00262564
26.65 -0.00392474
26.66 -0.00981904
26.67 -0.0133625
26.68 -0.0134335
26.69 -0.00999088
26.7 -0.00422277
26.71 0.00199917
26.72 0.00672033
26.73 0.00837089
26.74 0.00621676
26.75 0.000686703
26.76 -0.00675786
26.77 -0.0140383
26.78 -0.0191628
26.79 -0.0210381
26.8 -0.0194835
26.81 -0.0147665
26.82 -0.00766866
26.83 0.000426685
26.84 0.00769673
26.85 0.0123883
26.86 0.0133817
26.87 0.0104779
26.88 0.00467139
26.89 -0.00227432
26.9 -0.00853713
26.91 -0.0128026
26.92 -0.0142899
26.93 -0.0126483
26.94 -0.00839331
26.95 -0.0026985
26.96 0.00309924
26.97 0.00762058
26.98 0.00962861
26.99 0.00841523
27 0.00429546
27.01 -0.00154498
27.02 -0.00759011
27.03 -0.0125614
27.04 -0.0155313
27.05 -0.0158392
27.06 -0.0135316
27.07 -0.00933814
27.08 -0.0042816
27.09 0.00047327
27.1 0.00380407
27.11 0.00498564
27.12 0.0039437
27.13 0.0012104
27.14 -0.0023778
27.15 -0.00594853
27.16 -0.00874515
27.17 -0.0102136
27.18 -0.0100533
27.19 -0.00830015
27.2 -0.0053063
27.21 -0.00164748
27.22 0.00200301
27.23 0.00489006
27.24 0.00625128
27.25 0.00559116
27.26 0.00293779
27.27 -0.00121359
27.28 -0.00608432
27.29 -0.0108248
27.3 -0.01457
27.31 -0.0164847
27.32 -0.0161694
27.33 -0.013818
27.34 -0.0100233
27.35 -0.00568324
27.36 -0.00175607
27.37 0.00108306
27.38 0.00245369
27.39 0.00218742
27.4 0.000420349
27.41 -0.00241155
27.42 -0.00561899
27.43 -0.00832988
27.44 -0.00970511
27.45 -0.00920508
27.46 -0.00680156
27.47 -0.00299196
27.48 0.00145258
27.49 0.00558516
27.5 0.00842906
27.51 0.00928298
27.52 0.00795617
27.53 0.00489711
27.54 0.0010112
27.55 -0.0027347
27.56 -0.0055682
27.57 -0.00692089
27.58 -0.00641755
27.59 -0.00408274
27.6 -0.000415353
27.61 0.00370096
27.62 0.00712899
27.63 0.00872622
27.64 0.00774063
27.65 0.00427513
27.66 -0.00075644
27.67 -0.00607062
27.68 -0.0105335
27.69 -0.0132885
27.7 -0.0136819
27.71 -0.0116132
27.72 -0.00758367
27.73 -0.00240744
27.74 0.00290012
27.75 0.00716478
27.76 0.00932381
27.77 0.00882736
27.78 0.00586899
27.79 0.0013405
27.8 -0.00359673
27.81 -0.00798725
27.82 -0.011181
27.83 -0.0126467
27.84 -0.0120638
27.85 -0.00957149
27.86 -0.00567499
27.87 -0.00116295
27.88 0.00296634
27.89 0.0056805
27.9 0.00615534
27.91 0.0040828
27.92 -0.00014895
27.93 -0.00559813
27.94 -0.0111094
27.95 -0.0154622
27.96 -0.0174477
27.97 -0.016279
27.98 -0.0119318
27.99 -0.00509983
28 0.00295476
28.01 0.0103745
28.02 0.0151706
28.03 0.0158894
28.04 0.012016
28.05 0.00436472
28.06 -0.00512894
28.07 -0.014145
28.08 -0.0207758
28.09 -0.0237305
28.1 -0.0222929
28.11 -0.0166677
28.12 -0.00788305
28.13 0.00251409
28.14 0.0123111
28.15 0.0193908
28.16 0.0226171
28.17 0.021674
28.18 0.0169761
28.19 0.0095511
28.2 0.000680638
28.21 -0.00805648
28.22 -0.0152171
28.23 -0.0198665
28.24 -0.0211972
28.25 -0.0188507
28.26 -0.0134122
28.27 -0.00595569
28.28 0.00231469
28.29 0.0101098
28.3 0.0164049
28.31 0.0203845
28.32 0.0213168
28.33 0.0190068
28.34 0.0138017
28.35 0.00628928
28.36 -0.00264738
28.37 -0.0115928
28.38 -0.0191198
28.39 -0.0242271
28.4 -0.0261557
28.41 -0.0247714
28.42 -0.0206006
28.43 -0.0141938
28.44 -0.00633215
28.45 0.00178451
28.46 0.00865604
28.47 0.0131464
28.48 0.0147958
28.49 0.0132844
28.5 0.0089076
28.51 0.00285684
28.52 -0.00344353
28.53 -0.00886154
28.54 -0.0128277
28.55 -0.0148797
28.56 -0.0144796
28.57 -0.0117914
28.58 -0.00757953
28.59 -0.00246899
28.6 0.00290453
28.61 0.00773981
28.62 0.0113312
28.63 0.0131297
28.64 0.0128426
28.65 0.0105959
28.66 0.00681215
28.67 0.00201726
28.68 -0.00322506
28.69 -0.00842073
28.7 -0.0132662
28.71 -0.0173549
28.72 -0.0199904
28.73 -0.020649
28.74 -0.0191657
28.75 -0.0155013
28.76 -0.00988693
28.77 -0.00296224
28.78 0.00434852
28.79 0.0111221
28.8 0.016626
28.81 0.0199668
28.82 0.0201869
28.83 0.0171054
28.84 0.0113978
28.85 0.00409884
28.86 -0.00352645
28.87 -0.0101972
28.88 -0.0151192
28.89 -0.0178082
28.9 -0.017697
28.91 -0.0146488
28.92 -0.0093073
28.93 -0.00268016
28.94 0.00397703
28.95 0.00948393
28.96 0.0131307
28.97 0.0143987
28.98 0.0130201
28.99 0.00935598
29 0.00420047
29.01 -0.00150196
29.02 -0.00675722
29.03 -0.0108565
29.04 -0.0133257
29.05 -0.0136428
29.06 -0.0115516
29.07 -0.00726042
29.08 -0.00123578
29.09 0.00563134
29.1 0.012296
29.11 0.0179242
29.12 0.0216132
29.13 0.0226866
29.14 0.0211498
29.15 0.0173037
29.16 0.0115014
29.17 0.00439826
29.18 -0.00319357
29.19 -0.0104142
29.2 -0.0166497
29.21 -0.0213851
29.22 -0.0237104
29.23 -0.0231125
29.24 -0.0199551
29.25 -0.0147552
29.26 -0.00821
29.27 -0.001521
29.28 0.00399954
29.29 0.00747958
29.3 0.00869402
29.31 0.00768377
29.32 0.00462505
29.33 0.000156274
29.34 -0.00479961
29.35 -0.00935938
29.36 -0.0130228
29.37 -0.0156044
29.38 -0.0167881
29.39 -0.016385
29.4 -0.0145318
29.41 -0.0113185
29.42 -0.0068981
29.43 -0.00178605
29.44 0.00329665
29.45 0.00768036
29.46 0.0108558
29.47 0.012269
29.48 0.011354
29.49 0.00803651
29.5 0.00272169
29.51 -0.00386722
29.52 -0.0108519
29.53 -0.0174194
29.54 -0.0224659
29.55 -0.0246959
29.56 -0.0235023
29.57 -0.0190407
29.58 -0.0117647
29.59 -0.00258138
29.6 0.00716173
29.61 0.0161572
29.62 0.023454
29.63 0.0284546
29.64 0.0310713
29.65 0.0319599
29.66 0.0319115
29.67 0.0310968
29.68 0.0294061
29.69 0.0269549
29.7 0.023781
29.71 0.0196745
29.72 0.0147069
29.73 0.00937589
29.74 0.00408989
29.75 -0.000915065
29.76 -0.00528062
29.77 -0.00869405
29.78 -0.0110543
29.79 -0.0123446
29.8 -0.0127179
29.81 -0.0125312
29.82 -0.0120546
29.83 -0.0113388
29.84 -0.0103951
29.85 -0.00924159
29.86 -0.00784261
29.87 -0.00622925
29.88 -0.00456775
29.89 -0.00301338
29.9 -0.00165342
29.91 -0.000587672
29.92 7.56111e-05
29.93 0.00028485
29.94 9.76504e-05
29.95 -0.000316947
29.96 -0.000758192
29.97 -0.00109897
29.98 -0.00133787
29.99 -0.00155882
30 -0.00185733
30.01 -0.00232538
30.02 -0.00308588
30.03 -0.00429697
30.04 -0.00607071
30.05 -0.00831278
30.06 -0.0105952
30.07 -0.0122139
30.08 -0.0124459
30.09 -0.010865
30.1 -0.00754265
30.11 -0.00303162
30.12 0.00187374
30.13 0.00646979
30.14 0.0105054
30.15 0.0139867
30.16 0.0166356
30.17 0.0180916
30.18 0.0183257
30.19 0.0173824
30.2 0.0151707
30.21 0.011809
30.22 0.00772277
30.23 0.00327886
30.24 -0.00122547
30.25 -0.00532638
30.26 -0.00855219
30.27 -0.0105259
30.28 -0.0108748
30.29 -0.00945255
30.3 -0.00651265
30.31 -0.00250215
30.32 0.002013
30.33 0.00647213
30.34 0.0105466
30.35 0.0139498
30.36 0.0162554
30.37 0.0171897
30.38 0.0167708
30.39 0.0150082
30.4 0.0118436
30.41 0.0074442
30.42 0.00217873
30.43 -0.00342133
30.44 -0.00882519
30.45 -0.0137632
30.46 -0.0178293
30.47 -0.0201838
30.48 -0.0201721
30.49 -0.0177125
30.5 -0.0129857
30.51 -0.00647723
30.52 0.000887926
30.53 0.00796732
30.54 0.0142292
30.55 0.0198475
30.56 0.0245881
30.57 0.0277202
30.58 0.0289164
30.59 0.028181
30.6 0.0252658
30.61 0.0200739
30.62 0.0131729
30.63 0.00532309
30.64 -0.0026864
30.65 -0.009839
30.66 -0.0153009
30.67 -0.0184486
30.68 -0.0186261
30.69 -0.0157685
30.7 -0.0106591
30.71 -0.00415889
30.72 0.00289215
30.73 0.00978965
30.74 0.0162881
30.75 0.0220282
30.76 0.0262947
30.77 0.0287168
30.78 0.0294166
30.79 0.0283798
30.8 0.0254157
30.81 0.0206607
30.82 0.0145145
30.83 0.00728081
30.84 -0.000681998
30.85 -0.00844948
30.86 -0.0151044
30.87 -0.0202329
30.88 -0.023247
30.89 -0.0234589
30.9 -0.020855
30.91 -0.0159256
30.92 -0.00915136
30.93 -0.00129525
30.94 0.00639184
30.95 0.0129544
30.96 0.0182567
30.97 0.0222516
30.98 0.0243598
30.99 0.024171
31 0.0219848
31.01 0.0181836
31.02 0.0128594
31.03 0.0063116
31.04 -0.000979497
31.05 -0.00827109
31.06 -0.0147554
31.07 -0.0198661
31.08 -0.0227189
31.09 -0.0223675
31.1 -0.0187904
31.11 -0.0126958
31.12 -0.00479957
31.13 0.00392514
31.14 0.0124435
31.15 0.0203679
31.16 0.0275078
31.17 0.033171
31.18 0.0366165
31.19 0.0376946
31.2 0.0365024
31.21 0.0328714
31.22 0.0267009
31.23 0.0184812
31.24 0.00903264
31.25 -0.00101358
31.26 -0.0104915
31.27 -0.0182639
31.28 -0.0239995
31.29 -0.0272453
31.3 -0.0273589
31.31 -0.0244351
31.32 -0.0191419
31.33 -0.0118429
31.34 -0.00278964
31.35 0.0069929
31.36 0.0162717
31.37 0.0246421
31.38 0.0320356
31.39 0.0378836
31.4 0.0414835
31.41 0.0428869
31.42 0.0427251
31.43 0.0412438
31.44 0.0381188
31.45 0.0332229
31.46 0.0269757
31.47 0.0198173
31.48 0.0118492
31.49 0.00325385
31.5 -0.00520708
31.51 -0.0125414
31.52 -0.0183843
31.53 -0.022769
31.54 -0.0253291
31.55 -0.0254676
31.56 -0.0232479
31.57 -0.0193755
31.58 -0.0143379
31.59 -0.00820596
31.6 -0.00135557
31.61 0.00555034
31.62 0.0119179
31.63 0.0174452
31.64 0.0221871
31.65 0.0260413
31.66 0.0285903
31.67 0.029665
31.68 0.0295645
31.69 0.0285112
31.7 0.0263075
31.71 0.0227673
31.72 0.0181014
31.73 0.0126467
31.74 0.00652431
31.75 -0.000148544
31.76 -0.00669544
31.77 -0.0123559
31.78 -0.0168431
31.79 -0.0198808
31.8 -0.0209162
31.81 -0.0195936
31.82 -0.0161507
31.83 -0.0111096
31.84 -0.00488471
31.85 0.00192337
31.86 0.00851601
31.87 0.0144849
31.88 0.0197782
31.89 0.0242157
31.9 0.0274806
31.91 0.0294741
31.92 0.0303058
31.93 0.0299168
31.94 0.0280345
31.95 0.0246103
31.96 0.0200126
31.97 0.0146671
31.98 0.00877639
31.99 0.00253659
32 -0.00352587
32.01 -0.00869149
32.02 -0.0125721
32.03 -0.015022
32.04 -0.0157269
32.05 -0.0143929
32.06 -0.0113237
32.07 -0.00727728
32.08 -0.00279637
32.09 0.00172188
32.1 0.00605677
32.11 0.0102804
32.12 0.0143678
32.13 0.0180928
32.14 0.0213578
32.15 0.0243088
32.16 0.0270101
32.17 0.0291916
32.18 0.0304569
32.19 0.0306078
32.2 0.0296503
32.21 0.0276594
32.22 0.0248135
32.23 0.0214415
32.24 0.0178307
32.25 0.0140028
32.26 0.00980466
32.27 0.00519115
32.28 0.000294085
32.29 -0.00436023
32.3 -0.00820742
32.31 -0.0110774
32.32 -0.0128843
32.33 -0.0134069
32.34 -0.0125239
32.35 -0.0105178
32.36 -0.00779345
32.37 -0.00443915
32.38 -0.000464794
32.39 0.00385777
32.4 0.00815233
32.41 0.0121961
32.42 0.015924
32.43 0.019263
32.44 0.0220535
32.45 0.0241692
32.46 0.0255958
32.47 0.0263115
32.48 0.0262016
32.49 0.02518
32.5 0.0233152
32.51 0.0207551
32.52 0.0176003
32.53 0.0139544
32.54 0.0100422
32.55 0.00616102
32.56 0.00252305
32.57 -0.000759935
32.58 -0.00361075
32.59 -0.00609095
32.6 -0.00833764
32.61 -0.0102493
32.62 -0.0114428
32.63 -0.0115334
32.64 -0.0103248
32.65 -0.00782073
32.66 -0.00422985
32.67 9.19323e-05
32.68 0.00464392
32.69 0.00919175
32.7 0.0139401
32.71 0.0189544
32.72 0.0239
32.73 0.0284267
32.74 0.0324159
32.75 0.0356518
32.76 0.0375354
32.77 0.0374141
32.78 0.0350612
32.79 0.0306382
32.8 0.0243511
32.81 0.0164032
32.82 0.00718869
32.83 -0.00279272
32.84 -0.0124752
32.85 -0.0210643
32.86 -0.0286387
