0.01 5.239e-07
0.02 9.50229e-07
0.03 -1.21251e-06
0.04 -7.23925e-06
0.05 -1.54419e-05
0.06 -2.2739e-05
0.07 -2.77458e-05
0.08 -3.29039e-05
0.09 -4.23638e-05
0.1 -5.57156e-05
0.11 -6.39404e-05
0.12 -5.436e-05
0.13 -2.2033e-05
0.14 2.36799e-05
0.15 6.43117e-05
0.16 8.38884e-05
0.17 7.6788e-05
0.18 4.7744e-05
0.19 7.8307e-06
0.2 -2.84908e-05
0.21 -4.63804e-05
0.22 -3.74041e-05
0.23 -6.6594e-06
0.24 2.8103e-05
0.25 4.7181e-05
0.26 4.12993e-05
0.27 1.62395e-05
0.28 -1.19407e-05
0.29 -2.66075e-05
0.3 -2.03871e-05
0.31 -8.81746e-07
0.32 1.23573e-05
0.33 8.00378e-07
0.34 -3.72368e-05
0.35 -8.05418e-05
0.36 -9.66067e-05
0.37 -6.47145e-05
0.38 7.22374e-06
0.39 8.63606e-05
0.4 0.000136468
0.41 0.000139868
0.42 0.000104119
0.43 5.29065e-05
0.44 1.14071e-05
0.45 -5.07447e-06
0.46 3.24962e-06
0.47 2.08025e-05
0.48 2.39285e-05
0.49 -4.82773e-06
0.5 -6.22287e-05
0.51 -0.000121564
0.52 -0.000147597
0.53 -0.000120037
0.54 -4.7487e-05
0.55 3.80633e-05
0.56 9.99806e-05
0.57 0.00011516
0.58 8.29781e-05
0.59 2.371e-05
0.6 -3.19342e-05
0.61 -5.79673e-05
0.62 -4.56488e-05
0.63 -6.93241e-06
0.64 3.23996e-05
0.65 5.42512e-05
0.66 4.68216e-05
0.67 4.03592e-06
0.68 -5.45662e-05
0.69 -9.06396e-05
0.7 -7.57808e-05
0.71 -1.21585e-05
0.72 6.71293e-05
0.73 0.000118719
0.74 0.000116725
0.75 6.76259e-05
0.76 2.13969e-06
0.77 -4.73563e-05
0.78 -6.52517e-05
0.79 -5.59512e-05
0.8 -3.50087e-05
0.81 -1.71541e-05
0.82 -8.39494e-06
0.83 -5.59199e-06
0.84 -1.6343e-06
0.85 8.9278e-06
0.86 2.65389e-05
0.87 4.53688e-05
0.88 5.53734e-05
0.89 4.90549e-05
0.9 2.77861e-05
0.91 1.80824e-07
0.92 -2.56255e-05
0.93 -4.61256e-05
0.94 -5.91916e-05
0.95 -6.0408e-05
0.96 -4.58322e-05
0.97 -1.77301e-05
0.98 1.47056e-05
0.99 4.04719e-05
1 5.17076e-05
1.01 4.53228e-05
1.02 2.30572e-05
1.03 -8.47342e-06
1.04 -3.80126e-05
1.05 -5.19315e-05
1.06 -4.06545e-05
1.07 -7.05416e-06
1.08 3.09432e-05
1.09 4.95429e-05
1.1 3.59979e-05
1.11 -4.50211e-08
1.12 -3.16695e-05
1.13 -3.37524e-05
1.14 -1.45749e-06
1.15 4.58531e-05
1.16 7.74979e-05
1.17 7.17651e-05
1.18 3.07136e-05
1.19 -2.02411e-05
1.2 -4.91493e-05
1.21 -4.00551e-05
1.22 -4.66001e-06
1.23 2.61124e-05
1.24 2.45756e-05
1.25 -1.38984e-05
1.26 -6.75285e-05
1.27 -0.000102224
1.28 -9.25844e-05
1.29 -3.64113e-05
1.3 4.47934e-05
1.31 0.000117281
1.32 0.000150381
1.33 0.000128971
1.34 6.04979e-05
1.35 -2.55767e-05
1.36 -8.9046e-05
1.37 -9.99572e-05
1.38 -5.84444e-05
1.39 2.94072e-06
1.4 4.02511e-05
1.41 2.87878e-05
1.42 -1.93974e-05
1.43 -6.40003e-05
1.44 -6.53295e-05
1.45 -1.39109e-05
1.46 6.07802e-05
1.47 0.000109925
1.48 9.95263e-05
1.49 3.46037e-05
1.5 -4.38103e-05
1.51 -8.65246e-05
1.52 -6.88663e-05
1.53 -5.27165e-06
1.54 6.28397e-05
1.55 9.45769e-05
1.56 7.25202e-05
1.57 8.62681e-06
1.58 -6.59476e-05
1.59 -0.000117525
1.6 -0.000123501
1.61 -7.91314e-05
1.62 1.28208e-06
1.63 8.73774e-05
1.64 0.000141743
1.65 0.000136597
1.66 7.14333e-05
1.67 -2.21526e-05
1.68 -9.63578e-05
1.69 -0.000115118
1.7 -7.44387e-05
1.71 -2.50934e-06
1.72 5.77794e-05
1.73 7.32351e-05
1.74 3.96245e-05
1.75 -1.50892e-05
1.76 -4.77752e-05
1.77 -2.90024e-05
1.78 3.45148e-05
1.79 0.000100353
1.8 0.000116984
1.81 6.09534e-05
1.82 -4.28996e-05
1.83 -0.000135796
1.84 -0.000163829
1.85 -0.000111728
1.86 -9.48391e-06
1.87 8.79877e-05
1.88 0.000132174
1.89 0.000105002
1.9 2.53463e-05
1.91 -6.20865e-05
1.92 -0.000109704
1.93 -9.22512e-05
1.94 -2.11417e-05
1.95 6.22273e-05
1.96 0.000111752
1.97 0.000104295
1.98 5.11256e-05
1.99 -1.23503e-05
2 -4.84499e-05
2.01 -3.77899e-05
2.02 9.48275e-06
2.03 5.77396e-05
2.04 6.67171e-05
2.05 1.88708e-05
2.06 -6.62677e-05
2.07 -0.00014324
2.08 -0.000169542
2.09 -0.000130363
2.1 -4.33116e-05
2.11 5.493e-05
2.12 0.000126323
2.13 0.000143551
2.14 9.79637e-05
2.15 7.10632e-06
2.16 -8.46654e-05
2.17 -0.000123775
2.18 -8.0403e-05
2.19 2.5955e-05
2.2 0.000132436
2.21 0.000171008
2.22 0.000113039
2.23 -1.05069e-05
2.24 -0.00012631
2.25 -0.000162839
2.26 -9.58096e-05
2.27 3.2434e-05
2.28 0.00013492
2.29 0.000134656
2.3 1.87913e-05
2.31 -0.000146094
2.32 -0.000252798
2.33 -0.000223374
2.34 -6.2696e-05
2.35 0.000141478
2.36 0.000271858
2.37 0.000253043
2.38 9.63554e-05
2.39 -0.000107555
2.4 -0.000242381
2.41 -0.000233774
2.42 -9.06356e-05
2.43 0.000103308
2.44 0.000239853
2.45 0.000247445
2.46 0.000128731
2.47 -4.52122e-05
2.48 -0.000178906
2.49 -0.000207115
2.5 -0.000127612
2.51 3.98321e-06
2.52 0.000110098
2.53 0.000135534
2.54 7.60808e-05
2.55 -2.33455e-05
2.56 -9.94017e-05
2.57 -0.000109843
2.58 -5.48874e-05
2.59 3.07643e-05
2.6 0.000102141
2.61 0.000124945
2.62 8.65264e-05
2.63 3.60723e-07
2.64 -9.57087e-05
2.65 -0.000152955
2.66 -0.000136881
2.67 -4.97237e-05
2.68 6.69526e-05
2.69 0.000152576
2.7 0.000159418
2.71 7.9908e-05
2.72 -4.59007e-05
2.73 -0.000150581
2.74 -0.000178343
2.75 -0.000118223
2.76 -9.16658e-06
2.77 8.38784e-05
2.78 0.00010553
2.79 4.01102e-05
2.8 -7.51042e-05
2.81 -0.000164049
2.82 -0.000154456
2.83 -2.70506e-05
2.84 0.00016413
2.85 0.000318999
2.86 0.000349309
2.87 0.000229412
2.88 1.13468e-05
2.89 -0.000201629
2.9 -0.000308557
2.91 -0.000264356
2.92 -0.000104971
2.93 7.2633e-05
2.94 0.000166263
2.95 0.00012626
2.96 -1.83884e-05
2.97 -0.000177068
2.98 -0.000247032
2.99 -0.000171658
3 2.29027e-05
3.01 0.000237297
3.02 0.000354348
3.03 0.000308373
3.04 0.00012445
3.05 -9.69416e-05
3.06 -0.000238325
3.07 -0.000230692
3.08 -9.07021e-05
3.09 8.97231e-05
3.1 0.000197622
3.11 0.0001668
3.12 1.62592e-05
3.13 -0.000165458
3.14 -0.000276625
3.15 -0.000260383
3.16 -0.000131587
3.17 3.63972e-05
3.18 0.00015413
3.19 0.000166182
3.2 8.19283e-05
3.21 -3.26226e-05
3.22 -9.73376e-05
3.23 -6.63176e-05
3.24 4.71805e-05
3.25 0.000179673
3.26 0.000252945
3.27 0.000218054
3.28 8.31844e-05
3.29 -9.22529e-05
3.3 -0.000231346
3.31 -0.000276956
3.32 -0.00021448
3.33 -7.81043e-05
3.34 6.03848e-05
3.35 0.000125538
3.36 8.52523e-05
3.37 -2.2193e-05
3.38 -0.00010953
3.39 -0.000100596
3.4 1.49554e-05
3.41 0.00017281
3.42 0.00027625
3.43 0.00025925
3.44 0.000128262
3.45 -4.35212e-05
3.46 -0.000164035
3.47 -0.000179623
3.48 -0.000104061
3.49 -2.93461e-06
3.5 5.28098e-05
3.51 3.21705e-05
3.52 -3.97669e-05
3.53 -0.000102763
3.54 -0.000104512
3.55 -3.69011e-05
3.56 5.91113e-05
3.57 0.00012212
3.58 0.000110883
3.59 2.97594e-05
3.6 -7.42394e-05
3.61 -0.000138017
3.62 -0.000118261
3.63 -1.92361e-05
3.64 0.000105181
3.65 0.000181706
3.66 0.000162927
3.67 5.62404e-05
3.68 -8.27921e-05
3.69 -0.000184747
3.7 -0.000203399
3.71 -0.000135535
3.72 -1.92632e-05
3.73 8.4389e-05
3.74 0.000120547
3.75 7.06661e-05
3.76 -3.22097e-05
3.77 -0.000117493
3.78 -0.000118008
3.79 -1.45182e-05
3.8 0.000145415
3.81 0.000269957
3.82 0.000277822
3.83 0.000152838
3.84 -3.95151e-05
3.85 -0.000189436
3.86 -0.000211726
3.87 -9.98049e-05
3.88 7.03485e-05
3.89 0.000186146
3.9 0.000165426
3.91 7.95814e-06
3.92 -0.000198718
3.93 -0.00032898
3.94 -0.000297859
3.95 -0.000116544
3.96 0.000113146
3.97 0.000260016
3.98 0.000240332
3.99 6.52878e-05
4 -0.000165163
4.01 -0.000317275
4.02 -0.000298584
4.03 -0.000112229
4.04 0.000142439
4.05 0.000325002
4.06 0.000333192
4.07 0.000161826
4.08 -9.12421e-05
4.09 -0.000277789
4.1 -0.000284142
4.11 -9.98815e-05
4.12 0.000173212
4.13 0.000380005
4.14 0.000403084
4.15 0.000230151
4.16 -4.12713e-05
4.17 -0.000262664
4.18 -0.000321302
4.19 -0.000204051
4.2 -9.18518e-07
4.21 0.000154749
4.22 0.000171014
4.23 5.19108e-05
4.24 -0.000112526
4.25 -0.000210582
4.26 -0.00018171
4.27 -5.22018e-05
4.28 8.57437e-05
4.29 0.000137477
4.3 7.08728e-05
4.31 -6.21374e-05
4.32 -0.000163241
4.33 -0.000156064
4.34 -3.51717e-05
4.35 0.000135364
4.36 0.000265425
4.37 0.000290115
4.38 0.000199458
4.39 3.74454e-05
4.4 -0.000123922
4.41 -0.000221432
4.42 -0.000228595
4.43 -0.000159617
4.44 -5.15061e-05
4.45 5.82184e-05
4.46 0.000143274
4.47 0.000188778
4.48 0.000186205
4.49 0.000130661
4.5 2.64544e-05
4.51 -0.000102189
4.52 -0.000209426
4.53 -0.00024632
4.54 -0.00019217
4.55 -7.47105e-05
4.56 4.11468e-05
4.57 9.21135e-05
4.58 5.68487e-05
4.59 -2.90855e-05
4.6 -9.51771e-05
4.61 -8.50239e-05
4.62 -1.00678e-06
4.63 9.23175e-05
4.64 0.000115687
4.65 3.95199e-05
4.66 -8.71508e-05
4.67 -0.00016832
4.68 -0.000130367
4.69 2.14843e-05
4.7 0.000200149
4.71 0.000290244
4.72 0.000223189
4.73 2.47229e-05
4.74 -0.000196784
4.75 -0.000314905
4.76 -0.000261913
4.77 -6.85988e-05
4.78 0.00015786
4.79 0.000301506
4.8 0.000305485
4.81 0.000198246
4.82 6.46732e-05
4.83 -1.62822e-05
4.84 -2.41977e-05
4.85 -2.66208e-06
4.86 -1.48686e-05
4.87 -8.62257e-05
4.88 -0.000180027
4.89 -0.000223539
4.9 -0.000163412
4.91 -9.84709e-06
4.92 0.000162454
4.93 0.000258522
4.94 0.000221828
4.95 6.75445e-05
4.96 -0.000127873
4.97 -0.000269304
4.98 -0.000292146
4.99 -0.000194466
5 -3.60788e-05
5.01 9.8103e-05
5.02 0.000149534
5.03 0.000116686
5.04 4.47539e-05
5.05 -1.25209e-05
5.06 -2.74846e-05
5.07 -8.26311e-06
5.08 1.57563e-05
5.09 1.84738e-05
5.1 -4.81436e-06
5.11 -3.63157e-05
5.12 -4.96599e-05
5.13 -2.77138e-05
5.14 2.63379e-05
5.15 9.02562e-05
5.16 0.000135591
5.17 0.000144007
5.18 0.00011618
5.19 6.83713e-05
5.2 2.02631e-05
5.21 -1.79874e-05
5.22 -5.00215e-05
5.23 -8.30772e-05
5.24 -0.000111503
5.25 -0.000114604
5.26 -7.8077e-05
5.27 -1.86622e-05
5.28 1.89819e-05
5.29 -1.56783e-06
5.3 -7.01638e-05
5.31 -0.000129205
5.32 -0.000118494
5.33 -2.9228e-05
5.34 8.30262e-05
5.35 0.000141524
5.36 0.0001118
5.37 3.07948e-05
5.38 -2.41422e-05
5.39 -3.90605e-07
5.4 8.65481e-05
5.41 0.000166132
5.42 0.000167679
5.43 7.26965e-05
5.44 -7.14085e-05
5.45 -0.000182221
5.46 -0.000195808
5.47 -0.000108021
5.48 2.33744e-05
5.49 0.000116966
5.5 0.000119673
5.51 3.72575e-05
5.52 -7.46621e-05
5.53 -0.000148684
5.54 -0.00014515
5.55 -7.08396e-05
5.56 2.83151e-05
5.57 9.41676e-05
5.58 9.15084e-05
5.59 3.3282e-05
5.6 -2.38585e-05
5.61 -1.73338e-05
5.62 7.25831e-05
5.63 0.000198585
5.64 0.00027056
5.65 0.000218568
5.66 5.02916e-05
5.67 -0.000144328
5.68 -0.000249488
5.69 -0.000201176
5.7 -3.18646e-05
5.71 0.000146432
5.72 0.000210338
5.73 0.000104363
5.74 -0.000118928
5.75 -0.000327398
5.76 -0.000390427
5.77 -0.000260647
5.78 -6.53723e-06
5.79 0.000223585
5.8 0.000288837
5.81 0.000146185
5.82 -0.000113895
5.83 -0.000316732
5.84 -0.00031218
5.85 -7.45689e-05
5.86 0.00027179
5.87 0.000523201
5.88 0.000523641
5.89 0.000265375
5.9 -0.000105121
5.91 -0.000378246
5.92 -0.000406486
5.93 -0.0001876
5.94 0.000133438
5.95 0.000342261
5.96 0.000278545
5.97 -5.89076e-05
5.98 -0.000494223
5.99 -0.000767874
6 -0.000690557
6.01 -0.000264123
6.02 0.00030615
6.03 0.000723528
6.04 0.000775778
6.05 0.000465206
6.06 7.42867e-06
6.07 -0.000303124
6.08 -0.000274785
6.09 6.4857e-05
6.1 0.000485603
6.11 0.000694047
6.12 0.000512187
6.13 -9.56935e-06
6.14 -0.000612711
6.15 -0.000979077
6.16 -0.000924888
6.17 -0.000518432
6.18 -3.76831e-05
6.19 0.000211354
6.2 9.55969e-05
6.21 -0.000260143
6.22 -0.000556261
6.23 -0.000510811
6.24 -4.19233e-05
6.25 0.000667678
6.26 0.00126278
6.27 0.00141502
6.28 0.00101583
6.29 0.000252871
6.3 -0.000484553
6.31 -0.000827232
6.32 -0.000639355
6.33 -9.09995e-05
6.34 0.000451325
6.35 0.000645304
6.36 0.000370406
6.37 -0.000211872
6.38 -0.000765001
6.39 -0.000982314
6.4 -0.000763583
6.41 -0.000259222
6.42 0.000237679
6.43 0.000473105
6.44 0.000368011
6.45 3.68186e-05
6.46 -0.000297336
6.47 -0.000424575
6.48 -0.000247272
6.49 0.000174283
6.5 0.000643729
6.51 0.000918953
6.52 0.00083914
6.53 0.000422012
6.54 -0.000133644
6.55 -0.000553587
6.56 -0.00064429
6.57 -0.000404198
6.58 -1.91223e-05
6.59 0.00025426
6.6 0.000240362
6.61 -5.86635e-05
6.62 -0.000468396
6.63 -0.000737956
6.64 -0.000675097
6.65 -0.000256317
6.66 0.000344508
6.67 0.000835184
6.68 0.000963508
6.69 0.000669589
6.7 0.000132212
6.71 -0.000333874
6.72 -0.000470731
6.73 -0.000233528
6.74 0.000189938
6.75 0.000502608
6.76 0.000482084
6.77 0.000112805
6.78 -0.00040993
6.79 -0.000801267
6.8 -0.000852976
6.81 -0.000542999
6.82 -3.41326e-05
6.83 0.000422223
6.84 0.000617754
6.85 0.000490078
6.86 0.000151603
6.87 -0.000171009
6.88 -0.000262958
6.89 -4.95174e-05
6.9 0.000349083
6.91 0.000677828
6.92 0.000697112
6.93 0.000336759
6.94 -0.000244767
6.95 -0.00074185
6.96 -0.000880543
6.97 -0.000585744
6.98 -3.12476e-05
6.99 0.000460895
7 0.000611698
7.01 0.000351216
7.02 -0.00014233
7.03 -0.000555644
7.04 -0.000634598
7.05 -0.000334566
7.06 0.00016519
7.07 0.000579496
7.08 0.000684153
7.09 0.000437331
7.1 4.21903e-08
7.11 -0.000352515
7.12 -0.000390104
7.13 -7.47657e-05
7.14 0.000399035
7.15 0.000712697
7.16 0.000619828
7.17 0.000105566
7.18 -0.000591662
7.19 -0.00110762
7.2 -0.00115271
7.21 -0.00067284
7.22 0.000110945
7.23 0.000810234
7.24 0.00107588
7.25 0.000790622
7.26 0.00013674
7.27 -0.000504457
7.28 -0.000767769
7.29 -0.000512682
7.3 9.2798e-05
7.31 0.00066582
7.32 0.00083553
7.33 0.000474128
7.34 -0.000213448
7.35 -0.000808276
7.36 -0.000937439
7.37 -0.00051119
7.38 0.000215655
7.39 0.000799903
7.4 0.000886553
7.41 0.000431235
7.42 -0.000272614
7.43 -0.000780188
7.44 -0.000775418
7.45 -0.000263068
7.46 0.000445937
7.47 0.000933546
7.48 0.000921709
7.49 0.000420143
7.5 -0.000293858
7.51 -0.000833856
7.52 -0.000911788
7.53 -0.000494553
7.54 0.000169624
7.55 0.000682725
7.56 0.000728689
7.57 0.000271154
7.58 -0.000414882
7.59 -0.000908026
7.6 -0.00090028
7.61 -0.000388667
7.62 0.000318969
7.63 0.00078967
7.64 0.000731718
7.65 0.00017685
7.66 -0.00053765
7.67 -0.000976051
7.68 -0.000866755
7.69 -0.000255602
7.7 0.000534421
7.71 0.001096
7.72 0.00115981
7.73 0.000726339
7.74 5.12982e-05
7.75 -0.000497171
7.76 -0.000636749
7.77 -0.000323884
7.78 0.000224282
7.79 0.000658147
7.8 0.000700901
7.81 0.000306376
7.82 -0.00031921
7.83 -0.000835138
7.84 -0.000956533
7.85 -0.000617435
7.86 -1.36866e-05
7.87 0.000511971
7.88 0.000672755
7.89 0.000406293
7.9 -9.46252e-05
7.91 -0.000508538
7.92 -0.000578761
7.93 -0.000256848
7.94 0.000274718
7.95 0.000707515
7.96 0.000783612
7.97 0.000447088
7.98 -0.000118256
7.99 -0.00059398
8 -0.00071733
8.01 -0.000441228
8.02 3.6735e-05
8.03 0.000397318
8.04 0.000401791
8.05 4.86411e-05
8.06 -0.000417797
8.07 -0.000660435
8.08 -0.000470536
8.09 8.84037e-05
8.1 0.000710987
8.11 0.00103469
8.12 0.000861108
8.13 0.000279724
8.14 -0.000378564
8.15 -0.000735165
8.16 -0.000595033
8.17 -7.31323e-05
8.18 0.00047221
8.19 0.000665558
8.2 0.000356157
8.21 -0.000282376
8.22 -0.0008572
8.23 -0.000998176
8.24 -0.000586949
8.25 0.00016655
8.26 0.0008465
8.27 0.00107719
8.28 0.000745287
8.29 6.71973e-05
8.3 -0.000540013
8.31 -0.000710064
8.32 -0.000349497
8.33 0.000306121
8.34 0.000835974
8.35 0.000888608
8.36 0.000393073
8.37 -0.000396943
8.38 -0.00104842
8.39 -0.00119815
8.4 -0.000763528
8.41 4.16543e-06
8.42 0.000663271
8.43 0.000841988
8.44 0.000455904
8.45 -0.000246735
8.46 -0.00083345
8.47 -0.00093826
8.48 -0.000471372
8.49 0.000327901
8.5 0.00102578
8.51 0.00124253
8.52 0.000872557
8.53 0.000145375
8.54 -0.000512071
8.55 -0.000730432
8.56 -0.000415349
8.57 0.000202765
8.58 0.00071342
8.59 0.00077765
8.6 0.000335742
8.61 -0.000357351
8.62 -0.000894429
8.63 -0.000972059
8.64 -0.00057146
8.65 4.84655e-05
8.66 0.000527147
8.67 0.000622765
8.68 0.000340857
8.69 -9.24472e-05
8.7 -0.00037976
8.71 -0.000329343
8.72 3.78981e-05
8.73 0.000505597
8.74 0.000791854
8.75 0.000716584
8.76 0.00030724
8.77 -0.000218397
8.78 -0.000580257
8.79 -0.000599528
8.8 -0.000301321
8.81 0.000106586
8.82 0.000365623
8.83 0.000323038
8.84 1.46926e-05
8.85 -0.000370214
8.86 -0.000607889
8.87 -0.000564358
8.88 -0.00025857
8.89 0.000156982
8.9 0.000476233
8.91 0.00054217
8.92 0.000329921
8.93 -3.27075e-05
8.94 -0.000329331
8.95 -0.000377176
8.96 -0.000137918
8.97 0.000251972
8.98 0.000554645
8.99 0.000568424
9 0.000249991
9.01 -0.000252043
9.02 -0.000677157
9.03 -0.000802562
9.04 -0.000571955
9.05 -0.000125319
9.06 0.000284725
9.07 0.000436705
9.08 0.000261553
9.09 -0.000122918
9.1 -0.000478669
9.11 -0.000577482
9.12 -0.000328677
9.13 0.000161803
9.14 0.000641259
9.15 0.000851155
9.16 0.000678439
9.17 0.0002225
9.18 -0.000264561
9.19 -0.000525466
9.2 -0.000441394
9.21 -8.88044e-05
9.22 0.000315603
9.23 0.000542162
9.24 0.00047317
9.25 0.000158035
9.26 -0.000227074
9.27 -0.000484355
9.28 -0.000498212
9.29 -0.000283554
9.3 3.32373e-05
9.31 0.000279668
9.32 0.000321664
9.33 0.000138634
9.34 -0.000151127
9.35 -0.000347049
9.36 -0.000288636
9.37 2.89221e-05
9.38 0.000430425
9.39 0.000658465
9.4 0.000536613
9.41 8.84093e-05
9.42 -0.000468456
9.43 -0.000845859
9.44 -0.000845694
9.45 -0.000465618
9.46 9.86779e-05
9.47 0.000550451
9.48 0.000644052
9.49 0.000321661
9.5 -0.000241037
9.51 -0.000718901
9.52 -0.000816653
9.53 -0.000445538
9.54 0.000210387
9.55 0.000789313
9.56 0.000962246
9.57 0.000635503
9.58 1.66386e-05
9.59 -0.000508342
9.6 -0.000614043
9.61 -0.000244717
9.62 0.000344302
9.63 0.000750409
9.64 0.000683836
9.65 0.000151836
9.66 -0.000544906
9.67 -0.000992311
9.68 -0.000908493
9.69 -0.000315907
9.7 0.000459775
9.71 0.00097292
9.72 0.000923575
9.73 0.000344372
9.74 -0.000414976
9.75 -0.000902289
9.76 -0.000840106
9.77 -0.000288945
9.78 0.000401357
9.79 0.0008137
9.8 0.000716707
9.81 0.000195963
9.82 -0.000410106
9.83 -0.000725947
9.84 -0.000571047
9.85 -6.44392e-05
9.86 0.000459884
9.87 0.000667022
9.88 0.00042698
9.89 -0.000111384
9.9 -0.000614237
9.91 -0.000762339
9.92 -0.000441519
9.93 0.000182675
9.94 0.000755061
9.95 0.000942032
9.96 0.00063779
9.97 3.0985e-05
9.98 -0.000516224
9.99 -0.000696728
10 -0.000440886
10.01 5.98265e-05
10.02 0.000485566
10.03 0.000582644
10.04 0.000306252
10.05 -0.00016264
10.06 -0.000531991
10.07 -0.00057774
10.08 -0.000279046
10.09 0.000174543
10.1 0.000506185
10.11 0.000521479
10.12 0.000218302
10.13 -0.000220815
10.14 -0.000538929
10.15 -0.000549979
10.16 -0.000238831
10.17 0.000234768
10.18 0.000624302
10.19 0.000724866
10.2 0.000477179
10.21 -6.28675e-07
10.22 -0.000472135
10.23 -0.000708832
10.24 -0.000616821
10.25 -0.00028651
10.26 6.90082e-05
10.27 0.000246996
10.28 0.000173257
10.29 -6.57645e-05
10.3 -0.000289062
10.31 -0.000336665
10.32 -0.000161018
10.33 0.000156343
10.34 0.000460259
10.35 0.000605318
10.36 0.000521962
10.37 0.00024497
10.38 -9.92063e-05
10.39 -0.000345351
10.4 -0.000369628
10.41 -0.000161723
10.42 0.000156265
10.43 0.000388841
10.44 0.000380928
10.45 0.000119475
10.46 -0.000248191
10.47 -0.000501325
10.48 -0.000485939
10.49 -0.000214367
10.5 0.000143723
10.51 0.000371363
10.52 0.000338929
10.53 7.6629e-05
10.54 -0.000252205
10.55 -0.000450344
10.56 -0.000397321
10.57 -0.000113884
10.58 0.000250604
10.59 0.000500888
10.6 0.000503601
10.61 0.000260304
10.62 -9.17394e-05
10.63 -0.000350147
10.64 -0.000356583
10.65 -9.12789e-05
10.66 0.000302443
10.67 0.000590618
10.68 0.000587277
10.69 0.000274348
10.7 -0.000180901
10.71 -0.000524972
10.72 -0.000566282
10.73 -0.000281055
10.74 0.00017477
10.75 0.000546205
10.76 0.000614803
10.77 0.000326636
10.78 -0.000160598
10.79 -0.000555138
10.8 -0.000601253
10.81 -0.000239805
10.82 0.000344373
10.83 0.000821914
10.84 0.000907574
10.85 0.000528552
10.86 -0.000125453
10.87 -0.00070446
10.88 -0.000898418
10.89 -0.000618175
10.9 -4.64469e-05
10.91 0.000475418
10.92 0.000656388
10.93 0.000428496
10.94 -2.43692e-05
10.95 -0.000392804
10.96 -0.000435494
10.97 -0.000119139
10.98 0.000371654
10.99 0.000750256
11 0.000797474
11.01 0.000487615
11.02 4.87168e-07
11.03 -0.000387051
11.04 -0.000466059
11.05 -0.000218422
11.06 0.000176714
11.07 0.000456579
11.08 0.000437299
11.09 0.000124758
11.1 -0.000292542
11.11 -0.000561435
11.12 -0.000519473
11.13 -0.000193842
11.14 0.00021589
11.15 0.000461119
11.16 0.000397684
11.17 7.55755e-05
11.18 -0.000289016
11.19 -0.000444761
11.2 -0.000264113
11.21 0.000167467
11.22 0.000593048
11.23 0.000736692
11.24 0.000476347
11.25 -6.87056e-05
11.26 -0.00059644
11.27 -0.000801073
11.28 -0.000566467
11.29 -4.83247e-05
11.3 0.000416515
11.31 0.000523215
11.32 0.000199148
11.33 -0.000342115
11.34 -0.000735862
11.35 -0.000707073
11.36 -0.000256344
11.37 0.00033795
11.38 0.000706754
11.39 0.000638307
11.4 0.000213541
11.41 -0.000260853
11.42 -0.000467198
11.43 -0.000287508
11.44 0.000130298
11.45 0.000485423
11.46 0.00052851
11.47 0.000217275
11.48 -0.000268923
11.49 -0.000649832
11.5 -0.000716327
11.51 -0.00045042
11.52 -2.7667e-05
11.53 0.000294528
11.54 0.000332892
11.55 8.29116e-05
11.56 -0.00028916
11.57 -0.000555041
11.58 -0.000560893
11.59 -0.000309565
11.6 5.21927e-05
11.61 0.000326128
11.62 0.000378922
11.63 0.000215754
11.64 -3.2762e-05
11.65 -0.000199796
11.66 -0.000186648
11.67 -1.80779e-05
11.68 0.000177458
11.69 0.000248552
11.7 0.000120401
11.71 -0.000145566
11.72 -0.00037977
11.73 -0.000415019
11.74 -0.000206764
11.75 0.000127402
11.76 0.000380368
11.77 0.000388486
11.78 0.000136378
11.79 -0.000230612
11.8 -0.000492747
11.81 -0.000489259
11.82 -0.000218505
11.83 0.000157435
11.84 0.000410373
11.85 0.000389094
11.86 0.000118572
11.87 -0.000211443
11.88 -0.000366742
11.89 -0.000222742
11.9 0.000149379
11.91 0.000523147
11.92 0.000658553
11.93 0.00045379
11.94 1.10028e-05
11.95 -0.000424151
11.96 -0.000609666
11.97 -0.000451782
11.98 -5.94969e-05
11.99 0.00032343
12 0.00046364
12.01 0.00027459
12.02 -0.000129579
12.03 -0.000495179
12.04 -0.000578399
12.05 -0.000296969
12.06 0.000214187
12.07 0.000681004
12.08 0.000849482
12.09 0.000627185
12.1 0.000130037
12.11 -0.000383036
12.12 -0.000647502
12.13 -0.000532462
12.14 -0.000114052
12.15 0.00035808
12.16 0.000594889
12.17 0.000437789
12.18 -3.56001e-05
12.19 -0.000544622
12.2 -0.000769143
12.21 -0.000547675
12.22 1.39752e-05
12.23 0.000596658
12.24 0.000857691
12.25 0.000642145
12.26 8.40394e-05
12.27 -0.000466646
12.28 -0.000649503
12.29 -0.000313002
12.3 0.00038035
12.31 0.001032
12.32 0.0012369
12.33 0.00083803
12.34 4.47794e-05
12.35 -0.000679004
12.36 -0.000902954
12.37 -0.000508128
12.38 0.000235333
12.39 0.000843627
12.4 0.000926302
12.41 0.000424513
12.42 -0.000361203
12.43 -0.000959054
12.44 -0.00101015
12.45 -0.000481414
12.46 0.000314064
12.47 0.000903241
12.48 0.000938296
12.49 0.000406695
12.5 -0.000365125
12.51 -0.000913583
12.52 -0.000914147
12.53 -0.000364879
12.54 0.000420204
12.55 0.000993923
12.56 0.00102951
12.57 0.000506182
12.58 -0.000275831
12.59 -0.00086386
12.6 -0.000915893
12.61 -0.000407678
12.62 0.000345777
12.63 0.000877951
12.64 0.000856507
12.65 0.000287291
12.66 -0.000492109
12.67 -0.00102371
12.68 -0.00100947
12.69 -0.000482804
12.7 0.00023029
12.71 0.000721961
12.72 0.000742574
12.73 0.000327331
12.74 -0.000247534
12.75 -0.000635216
12.76 -0.000613146
12.77 -0.000200455
12.78 0.00035925
12.79 0.00073882
12.8 0.000713605
12.81 0.000287675
12.82 -0.000309055
12.83 -0.000749598
12.84 -0.000793505
12.85 -0.000423335
12.86 0.000145219
12.87 0.000587987
12.88 0.00065972
12.89 0.000335043
12.9 -0.000178555
12.91 -0.000564249
12.92 -0.000584083
12.93 -0.000219414
12.94 0.00032053
12.95 0.000725179
12.96 0.000764345
12.97 0.000415753
12.98 -0.000130473
12.99 -0.000583515
13 -0.000711408
13.01 -0.000463377
13.02 5.89012e-06
13.03 0.000423708
13.04 0.000554719
13.05 0.000338681
13.06 -7.09574e-05
13.07 -0.000396222
13.08 -0.00040274
13.09 -4.58123e-05
13.1 0.000496484
13.11 0.000926087
13.12 0.00100223
13.13 0.000686697
13.14 0.000169625
13.15 -0.000242999
13.16 -0.000314051
13.17 -1.66076e-05
13.18 0.000456002
13.19 0.000810262
13.2 0.000824146
13.21 0.000472002
13.22 -6.24954e-05
13.23 -0.000490775
13.24 -0.000585345
13.25 -0.000312062
13.26 0.000153674
13.27 0.000538798
13.28 0.000640355
13.29 0.000440756
13.3 0.000101027
13.31 -0.000152375
13.32 -0.000165675
13.33 6.25719e-05
13.34 0.000392052
13.35 0.000621906
13.36 0.000602255
13.37 0.000324628
13.38 -6.42673e-05
13.39 -0.000347631
13.4 -0.000375232
13.41 -0.00015684
13.42 0.00015349
13.43 0.000363577
13.44 0.000358996
13.45 0.000158961
13.46 -0.000104856
13.47 -0.000266623
13.48 -0.000224371
13.49 -4.67071e-06
13.5 0.000252854
13.51 0.000387844
13.52 0.000324832
13.53 0.000114929
13.54 -0.000110792
13.55 -0.000228842
13.56 -0.000186813
13.57 -1.80543e-05
13.58 0.000180909
13.59 0.000296444
13.6 0.000256665
13.61 7.71557e-05
13.62 -0.00014131
13.63 -0.000271169
13.64 -0.000236905
13.65 -6.19886e-05
13.66 0.000145408
13.67 0.000257228
13.68 0.000199699
13.69 -6.17942e-06
13.7 -0.000256743
13.71 -0.000420039
13.72 -0.00040455
13.73 -0.000209223
13.74 7.20307e-05
13.75 0.00029675
13.76 0.000348024
13.77 0.000195639
13.78 -8.86735e-05
13.79 -0.000367393
13.8 -0.000503116
13.81 -0.000422279
13.82 -0.000153016
13.83 0.000175918
13.84 0.000383892
13.85 0.000329968
13.86 7.25584e-06
13.87 -0.000429795
13.88 -0.000745305
13.89 -0.000768158
13.9 -0.000502359
13.91 -0.00012055
13.92 0.000150456
13.93 0.000167995
13.94 -5.14318e-05
13.95 -0.000352313
13.96 -0.000530973
13.97 -0.00044817
13.98 -0.000108592
13.99 0.000339129
14 0.000688232
14.01 0.000792263
14.02 0.000637627
14.03 0.000331846
14.04 3.4038e-05
14.05 -0.00012197
14.06 -8.46687e-05
14.07 8.96231e-05
14.08 0.00026107
14.09 0.000285426
14.1 0.000110487
14.11 -0.000175863
14.12 -0.000391255
14.13 -0.000380635
14.14 -0.000131768
14.15 0.000207159
14.16 0.000428492
14.17 0.000410109
14.18 0.00019613
14.19 -3.91179e-05
14.2 -0.000109147
14.21 6.33961e-05
14.22 0.000391992
14.23 0.000672942
14.24 0.000714941
14.25 0.000471953
14.26 8.09326e-05
14.27 -0.000231102
14.28 -0.000301474
14.29 -0.000129163
14.3 0.000148271
14.31 0.000361281
14.32 0.000410426
14.33 0.000303321
14.34 0.00012597
14.35 -1.59152e-05
14.36 -5.13642e-05
14.37 2.47274e-05
14.38 0.000152928
14.39 0.000243971
14.4 0.000231629
14.41 0.000113923
14.42 -4.28372e-05
14.43 -0.000140406
14.44 -0.000105584
14.45 6.34597e-05
14.46 0.000288101
14.47 0.000445145
14.48 0.000432428
14.49 0.00023047
14.5 -7.7768e-05
14.51 -0.00034745
14.52 -0.000453026
14.53 -0.000360013
14.54 -0.000140084
14.55 8.09396e-05
14.56 0.000206043
14.57 0.000222508
14.58 0.00019254
14.59 0.000191704
14.6 0.000246354
14.61 0.000317802
14.62 0.000339677
14.63 0.000272495
14.64 0.000132886
14.65 -1.80597e-05
14.66 -0.000113342
14.67 -0.000120433
14.68 -5.92624e-05
14.69 1.69822e-05
14.7 6.51012e-05
14.71 7.899e-05
14.72 7.5213e-05
14.73 6.08015e-05
14.74 2.833e-05
14.75 -1.58896e-05
14.76 -3.37129e-05
14.77 1.72457e-05
14.78 0.000132262
14.79 0.000242772
14.8 0.000262135
14.81 0.000158305
14.82 -1.03048e-05
14.83 -0.000129683
14.84 -0.000114599
14.85 1.98782e-05
14.86 0.000159642
14.87 0.000172929
14.88 1.62072e-05
14.89 -0.000216455
14.9 -0.000349197
14.91 -0.000257272
14.92 2.28654e-05
14.93 0.000303185
14.94 0.000379105
14.95 0.000188173
14.96 -0.000139063
14.97 -0.000382549
14.98 -0.000404016
14.99 -0.000242638
15 -6.5108e-05
15.01 -2.51604e-05
15.02 -0.000148717
15.03 -0.000322105
15.04 -0.000378737
15.05 -0.000220905
15.06 0.00010302
15.07 0.000418694
15.08 0.000535835
15.09 0.000378968
15.1 4.61374e-05
15.11 -0.000251031
15.12 -0.000322791
15.13 -0.000115432
15.14 0.000265524
15.15 0.000622995
15.16 0.00077765
15.17 0.000661357
15.18 0.000349872
15.19 1.56749e-05
15.2 -0.000172942
15.21 -0.000143434
15.22 4.77245e-05
15.23 0.000250598
15.24 0.00030658
15.25 0.00014222
15.26 -0.00017764
15.27 -0.000478631
15.28 -0.000584307
15.29 -0.000436761
15.3 -0.000143647
15.31 8.5697e-05
15.32 7.25787e-05
15.33 -0.000216047
15.34 -0.000638734
15.35 -0.000953849
15.36 -0.00095991
15.37 -0.000625219
15.38 -0.000122831
15.39 0.000266554
15.4 0.000335247
15.41 9.57362e-05
15.42 -0.000217308
15.43 -0.000308236
15.44 -3.56772e-05
15.45 0.000480625
15.46 0.000943945
15.47 0.00108867
15.48 0.000857959
15.49 0.000431777
15.5 9.55313e-05
15.51 4.38065e-05
15.52 0.000254223
15.53 0.000518211
15.54 0.000604247
15.55 0.000427549
15.56 9.68931e-05
15.57 -0.000183778
15.58 -0.000263916
15.59 -0.0001272
15.6 0.00013212
15.61 0.000383025
15.62 0.000516645
15.63 0.000475903
15.64 0.000274693
15.65 8.34152e-06
15.66 -0.000172036
15.67 -0.000137394
15.68 0.000121689
15.69 0.00045139
15.7 0.000603439
15.71 0.000395812
15.72 -0.000138946
15.73 -0.000735828
15.74 -0.00104866
15.75 -0.000884536
15.76 -0.00035415
15.77 0.000188914
15.78 0.000394207
15.79 0.000167266
15.8 -0.000268284
15.81 -0.000550078
15.82 -0.000453163
15.83 -4.7195e-05
15.84 0.000371832
15.85 0.000503229
15.86 0.000246174
15.87 -0.000244835
15.88 -0.000670129
15.89 -0.000776674
15.9 -0.000511703
15.91 -4.81459e-05
15.92 0.000330547
15.93 0.000410175
15.94 0.000172564
15.95 -0.000208306
15.96 -0.000484312
15.97 -0.000476912
15.98 -0.000164947
15.99 0.000309035
16 0.000704169
16.01 0.000799099
16.02 0.000522504
16.03 2.49666e-05
16.04 -0.000378951
16.05 -0.000396517
16.06 3.70588e-05
16.07 0.000686378
16.08 0.00115208
16.09 0.00112855
16.1 0.000597709
16.11 -0.000170876
16.12 -0.000793035
16.13 -0.000986349
16.14 -0.00070824
16.15 -0.000168197
16.16 0.000277272
16.17 0.000308261
16.18 -0.000170245
16.19 -0.000939685
16.2 -0.00155769
16.21 -0.00160849
16.22 -0.000971891
16.23 6.73688e-05
16.24 0.000965137
16.25 0.00123465
16.26 0.000728861
16.27 -0.000268623
16.28 -0.00118144
16.29 -0.0014439
16.3 -0.000835428
16.31 0.000336692
16.32 0.00136342
16.33 0.00155579
16.34 0.000713361
16.35 -0.000692294
16.36 -0.0017894
16.37 -0.00187168
16.38 -0.000862439
16.39 0.000636184
16.4 0.00172346
16.41 0.00175181
16.42 0.000711505
16.43 -0.000763671
16.44 -0.00176364
16.45 -0.00164068
16.46 -0.000414141
16.47 0.0012138
16.48 0.00226817
16.49 0.00209481
16.5 0.000765934
16.51 -0.000963784
16.52 -0.00211566
16.53 -0.00206027
16.54 -0.000863182
16.55 0.000777598
16.56 0.00193978
16.57 0.00199201
16.58 0.000938569
16.59 -0.000594985
16.6 -0.00172905
16.61 -0.00183819
16.62 -0.000900833
16.63 0.000511532
16.64 0.00158593
16.65 0.00173964
16.66 0.000935071
16.67 -0.000328505
16.68 -0.00131678
16.69 -0.00147485
16.7 -0.00073251
16.71 0.000456086
16.72 0.00136108
16.73 0.00138845
16.74 0.000436439
16.75 -0.00100842
16.76 -0.00211779
16.77 -0.00220128
16.78 -0.00114526
16.79 0.000477206
16.8 0.00172928
16.81 0.00188686
16.82 0.000894676
16.83 -0.000604641
16.84 -0.00167538
16.85 -0.00165021
16.86 -0.0005048
16.87 0.00115187
16.88 0.00243538
16.89 0.00268162
16.9 0.00176874
16.91 0.000181578
16.92 -0.00124009
16.93 -0.00178368
16.94 -0.00124687
16.95 -3.02288e-05
16.96 0.0011035
16.97 0.00147937
16.98 0.000902308
16.99 -0.00023635
17 -0.0011993
17.01 -0.00135386
17.02 -0.000559474
17.03 0.000754942
17.04 0.00186255
17.05 0.0021681
17.06 0.0015301
17.07 0.000313835
17.08 -0.000819824
17.09 -0.00126928
17.1 -0.000822446
17.11 0.000213376
17.12 0.00118136
17.13 0.00145966
17.14 0.000830096
17.15 -0.000389906
17.16 -0.00152605
17.17 -0.00193495
17.18 -0.0013839
17.19 -0.000202134
17.2 0.000899686
17.21 0.00125024
17.22 0.000633106
17.23 -0.000562007
17.24 -0.00156815
17.25 -0.00172487
17.26 -0.000900182
17.27 0.000433195
17.28 0.00149984
17.29 0.00168228
17.3 0.000861517
17.31 -0.000530959
17.32 -0.00175618
17.33 -0.00217472
17.34 -0.00160183
17.35 -0.000409923
17.36 0.000689364
17.37 0.00106136
17.38 0.000517142
17.39 -0.000579795
17.4 -0.00153143
17.41 -0.0017246
17.42 -0.000999528
17.43 0.000259851
17.44 0.00136531
17.45 0.00173106
17.46 0.00119788
17.47 0.000101015
17.48 -0.000935972
17.49 -0.00135417
17.5 -0.00096269
17.51 -2.72524e-05
17.52 0.000904419
17.53 0.00131051
17.54 0.000962966
17.55 3.18617e-05
17.56 -0.00101487
17.57 -0.00164787
17.58 -0.00153831
17.59 -0.000734307
17.6 0.000341751
17.61 0.00110474
17.62 0.00113873
17.63 0.000458831
17.64 -0.000480202
17.65 -0.00105982
17.66 -0.000891833
17.67 -6.62347e-05
17.68 0.000918888
17.69 0.00147782
17.7 0.00128553
17.71 0.000454241
17.72 -0.000543905
17.73 -0.0011516
17.74 -0.00104256
17.75 -0.000298832
17.76 0.000650877
17.77 0.00128639
17.78 0.0012772
17.79 0.000637547
17.8 -0.000301478
17.81 -0.00107262
17.82 -0.00131199
17.83 -0.000938773
17.84 -0.000188077
17.85 0.000514398
17.86 0.000779209
17.87 0.000464242
17.88 -0.000244318
17.89 -0.000926714
17.9 -0.00116404
17.91 -0.000785943
17.92 2.09444e-05
17.93 0.000817771
17.94 0.00116341
17.95 0.000857757
17.96 4.96956e-05
17.97 -0.000841246
17.98 -0.00133172
17.99 -0.00113483
18 -0.000353725
18.01 0.000542466
18.02 0.000987192
18.03 0.000674499
18.04 -0.000227059
18.05 -0.00115335
18.06 -0.00148799
18.07 -0.000954245
18.08 0.000206894
18.09 0.00138288
18.1 0.00194638
18.11 0.00160296
18.12 0.000551521
18.13 -0.00061916
18.14 -0.00125047
18.15 -0.00099064
18.16 -1.25705e-05
18.17 0.00107905
18.18 0.0016071
18.19 0.0012369
18.2 0.000200586
18.21 -0.0008229
18.22 -0.00112678
18.23 -0.000442467
18.24 0.000865885
18.25 0.002022
18.26 0.00232471
18.27 0.00158685
18.28 0.000256625
18.29 -0.000851689
18.3 -0.00105779
18.31 -0.000241362
18.32 0.00108284
18.33 0.00209146
18.34 0.0021621
18.35 0.0012394
18.36 -0.000158999
18.37 -0.00126908
18.38 -0.00152451
18.39 -0.000865291
18.4 0.000247319
18.41 0.00110375
18.42 0.00115104
18.43 0.000313437
18.44 -0.000946832
18.45 -0.00188504
18.46 -0.00191926
18.47 -0.000991542
18.48 0.000391773
18.49 0.00146448
18.5 0.00164633
18.51 0.000860187
18.52 -0.000444974
18.53 -0.00155711
18.54 -0.00189867
18.55 -0.00134191
18.56 -0.000269317
18.57 0.000651106
18.58 0.000850468
18.59 0.000177001
18.6 -0.00102148
18.61 -0.00208115
18.62 -0.00238611
18.63 -0.00171931
18.64 -0.000430313
18.65 0.000732582
18.66 0.00106662
18.67 0.000340617
18.68 -0.00104477
18.69 -0.00226568
18.7 -0.00255395
18.71 -0.00164455
18.72 3.15682e-05
18.73 0.00158035
18.74 0.00217735
18.75 0.00152239
18.76 4.14355e-06
18.77 -0.00149505
18.78 -0.00208241
18.79 -0.00137859
18.8 0.000230202
18.81 0.00179612
18.82 0.00236222
18.83 0.00152751
18.84 -0.000308353
18.85 -0.00215557
18.86 -0.00298333
18.87 -0.00229586
18.88 -0.000443529
18.89 0.00156016
18.9 0.00261807
18.91 0.00214981
18.92 0.00041181
18.93 -0.00163588
18.94 -0.00284939
18.95 -0.00252003
18.96 -0.000771351
18.97 0.00148277
18.98 0.0030221
18.99 0.00300918
19 0.00147661
19.01 -0.000679782
19.02 -0.0021977
19.03 -0.00217309
19.04 -0.000587423
19.05 0.00169214
19.06 0.00342135
19.07 0.00368181
19.08 0.00232798
19.09 1.22085e-05
19.1 -0.00210748
19.11 -0.00293139
19.12 -0.00202799
19.13 2.28624e-05
19.14 0.0019333
19.15 0.00252186
19.16 0.00141878
19.17 -0.000719478
19.18 -0.00257994
19.19 -0.00297918
19.2 -0.00159655
19.21 0.000834901
19.22 0.00297822
19.23 0.00364597
19.24 0.00243461
19.25 -5.13543e-05
19.26 -0.00248738
19.27 -0.0035463
19.28 -0.00261019
19.29 -0.000161967
19.3 0.00246295
19.31 0.0038642
19.32 0.00328728
19.33 0.00101229
19.34 -0.00179802
19.35 -0.0037317
19.36 -0.0038522
19.37 -0.0021653
19.38 0.000403997
19.39 0.00249927
19.4 0.00304422
19.41 0.00180716
19.42 -0.000506849
19.43 -0.00266772
19.44 -0.00358953
19.45 -0.00288072
19.46 -0.000983253
19.47 0.00112664
19.48 0.00244862
19.49 0.00241176
19.5 0.00110795
19.51 -0.000772177
19.52 -0.00225799
19.53 -0.00255415
19.54 -0.00144898
19.55 0.000548327
19.56 0.00243639
19.57 0.00323029
19.58 0.00250527
19.59 0.000655219
19.6 -0.00132391
19.61 -0.00240148
19.62 -0.00208587
19.63 -0.000664769
19.64 0.00102335
19.65 0.00208971
19.66 0.00204673
19.67 0.00100702
19.68 -0.000426166
19.69 -0.00148312
19.7 -0.00161979
19.71 -0.000804968
19.72 0.000471143
19.73 0.0014786
19.74 0.00165762
19.75 0.000923134
19.76 -0.000313706
19.77 -0.00138434
19.78 -0.00171586
19.79 -0.00113186
19.8 4.36041e-05
19.81 0.00114679
19.82 0.00152437
19.83 0.000899845
19.84 -0.000443543
19.85 -0.00178564
19.86 -0.00235884
19.87 -0.00179772
19.88 -0.000374785
19.89 0.00114278
19.9 0.00192587
19.91 0.00154546
19.92 0.000211268
19.93 -0.00134399
19.94 -0.00225847
19.95 -0.00200861
19.96 -0.000708734
19.97 0.000950769
19.98 0.0020897
19.99 0.00211571
20 0.00103034
20.01 -0.000597271
20.02 -0.0019309
20.03 -0.00227673
20.04 -0.00142709
20.05 0.000223021
20.06 0.00185584
20.07 0.00263229
20.08 0.00213493
20.09 0.000625542
20.1 -0.00106956
20.11 -0.00201628
20.12 -0.00172067
20.13 -0.000427478
20.14 0.00105325
20.15 0.00186134
20.16 0.00159074
20.17 0.000485249
20.18 -0.000766464
20.19 -0.00145686
20.2 -0.00123658
20.21 -0.000265768
20.22 0.000908585
20.23 0.00164541
20.24 0.00153176
20.25 0.0006096
20.26 -0.000626195
20.27 -0.00148298
20.28 -0.001463
20.29 -0.000572514
20.3 0.00067239
20.31 0.00155259
20.32 0.00157755
20.33 0.000782365
20.34 -0.000306809
20.35 -0.00100322
20.36 -0.00087209
20.37 1.75124e-05
20.38 0.00115033
20.39 0.00186534
20.4 0.00172162
20.41 0.000748021
20.42 -0.000574466
20.43 -0.00158257
20.44 -0.00179767
20.45 -0.00118559
20.46 -0.000155878
20.47 0.000690989
20.48 0.000903939
20.49 0.000409919
20.5 -0.000472605
20.51 -0.00122461
20.52 -0.00141031
20.53 -0.000905592
20.54 3.87359e-05
20.55 0.000954129
20.56 0.00138604
20.57 0.00111416
20.58 0.00029692
20.59 -0.000591366
20.6 -0.00100973
20.61 -0.000657158
20.62 0.000320778
20.63 0.00136682
20.64 0.00182832
20.65 0.00138806
20.66 0.000298831
20.67 -0.000777646
20.68 -0.00121793
20.69 -0.000854932
20.7 -7.39669e-05
20.71 0.000496055
20.72 0.000423393
20.73 -0.000263375
20.74 -0.00112313
20.75 -0.00160787
20.76 -0.00140596
20.77 -0.000616214
20.78 0.000326789
20.79 0.000916436
20.8 0.000853723
20.81 0.000203047
20.82 -0.000638915
20.83 -0.00117384
20.84 -0.00111008
20.85 -0.000544892
20.86 0.000113096
20.87 0.000443215
20.88 0.000284252
20.89 -0.000211357
20.9 -0.000718508
20.91 -0.000933159
20.92 -0.000703871
20.93 -9.67315e-05
20.94 0.000616645
20.95 0.00105842
20.96 0.00096796
20.97 0.000439296
20.98 -9.17128e-05
20.99 -0.000167256
21 0.000329748
21.01 0.00108452
21.02 0.00158227
21.03 0.0014653
21.04 0.000756807
21.05 -0.000182946
21.06 -0.000894343
21.07 -0.00106334
21.08 -0.000648708
21.09 0.000126204
21.1 0.000898442
21.11 0.00131669
21.12 0.00118224
21.13 0.000566428
21.14 -0.000188906
21.15 -0.000646583
21.16 -0.000546609
21.17 1.01378e-05
21.18 0.000641357
21.19 0.000948469
21.2 0.000769656
21.21 0.00024854
21.22 -0.000318027
21.23 -0.0006745
21.24 -0.000691052
21.25 -0.000372566
21.26 0.000133172
21.27 0.000569159
21.28 0.000681436
21.29 0.000372643
21.3 -0.000214546
21.31 -0.000781688
21.32 -0.00105278
21.33 -0.000913298
21.34 -0.000454976
21.35 7.06704e-05
21.36 0.00037433
21.37 0.000263148
21.38 -0.000247291
21.39 -0.000897534
21.4 -0.00130402
21.41 -0.00120069
21.42 -0.000639336
21.43 3.162e-05
21.44 0.000426389
21.45 0.000383748
21.46 3.57712e-05
21.47 -0.000336574
21.48 -0.000511897
21.49 -0.000426341
21.5 -0.000129732
21.51 0.000299261
21.52 0.000754489
21.53 0.00104856
21.54 0.000958883
21.55 0.000408806
21.56 -0.000391382
21.57 -0.00103339
21.58 -0.00118811
21.59 -0.00083393
21.6 -0.000248289
21.61 0.000205866
21.62 0.000311478
21.63 8.22553e-05
21.64 -0.000304242
21.65 -0.000612262
21.66 -0.000650652
21.67 -0.000353076
21.68 0.000206664
21.69 0.000860575
21.7 0.00140648
21.71 0.00167083
21.72 0.00157996
21.73 0.00120079
21.74 0.000718764
21.75 0.000362031
21.76 0.000300802
21.77 0.000558924
21.78 0.000984892
21.79 0.00131828
21.8 0.00133406
21.81 0.000983351
21.82 0.000435978
21.83 -9.8219e-06
21.84 -0.000102055
21.85 0.000222235
21.86 0.000794522
21.87 0.0012837
21.88 0.00136276
21.89 0.000898405
21.9 5.72611e-05
21.91 -0.000766451
21.92 -0.00113622
21.93 -0.000810039
21.94 8.9768e-05
21.95 0.00114463
21.96 0.00186944
21.97 0.00194132
21.98 0.00133721
21.99 0.000341192
22 -0.000562923
22.01 -0.000891803
22.02 -0.000409663
22.03 0.000693138
22.04 0.00182907
22.05 0.00231023
22.06 0.0017725
22.07 0.000443871
22.08 -0.000944346
22.09 -0.00155865
22.1 -0.000951736
22.11 0.000642769
22.12 0.00239383
22.13 0.00330478
22.14 0.00277238
22.15 0.000969753
22.16 -0.00118576
22.17 -0.00249372
22.18 -0.00214965
22.19 -0.00026926
22.2 0.00211813
22.21 0.00364715
22.22 0.00342764
22.23 0.00159205
22.24 -0.000797792
22.25 -0.00241076
22.26 -0.00242431
22.27 -0.00093204
22.28 0.00122177
22.29 0.00295225
22.3 0.00344439
22.31 0.00248726
22.32 0.000564016
22.33 -0.00135519
22.34 -0.00228207
22.35 -0.00174685
22.36 -8.59959e-05
22.37 0.00175744
22.38 0.00278748
22.39 0.00249171
22.4 0.00107062
22.41 -0.000719263
22.42 -0.00195464
22.43 -0.00197088
22.44 -0.000677025
22.45 0.00137592
22.46 0.00321383
22.47 0.00387952
22.48 0.00292773
22.49 0.000718087
22.5 -0.00168433
22.51 -0.00300462
22.52 -0.0024637
22.53 -0.000297958
22.54 0.00232103
22.55 0.0039646
22.56 0.00378198
22.57 0.00197872
22.58 -0.000377602
22.59 -0.00201769
22.6 -0.00212555
22.61 -0.000700706
22.62 0.00148151
22.63 0.00325628
22.64 0.00365061
22.65 0.00242013
22.66 0.000216962
22.67 -0.00177086
22.68 -0.00250169
22.69 -0.00165682
22.7 0.000240597
22.71 0.00220553
22.72 0.00334781
22.73 0.00325213
22.74 0.00206495
22.75 0.000353899
22.76 -0.0011463
22.77 -0.00182054
22.78 -0.00144292
22.79 -0.000308719
22.8 0.000918419
22.81 0.001576
22.82 0.0013517
22.83 0.000418786
22.84 -0.000698462
22.85 -0.00141932
22.86 -0.0014057
22.87 -0.000718281
22.88 0.000273438
22.89 0.00114124
22.9 0.00160157
22.91 0.00155142
22.92 0.000997108
22.93 3.29903e-05
22.94 -0.0010827
22.95 -0.00188549
22.96 -0.00187648
22.97 -0.000886519
22.98 0.00067721
22.99 0.00198613
23 0.0023077
23.01 0.00151943
23.02 0.000199105
23.03 -0.000813198
23.04 -0.00102907
23.05 -0.000596493
23.06 -4.62395e-05
23.07 0.000234863
23.08 0.000281797
23.09 0.00037177
23.1 0.000647923
23.11 0.000920996
23.12 0.000820371
23.13 0.000149021
23.14 -0.000878262
23.15 -0.00171857
23.16 -0.00185433
23.17 -0.00115386
23.18 2.29932e-05
23.19 0.00103987
23.2 0.00134558
23.21 0.000766787
23.22 -0.000398323
23.23 -0.00152275
23.24 -0.00197321
23.25 -0.0014467
23.26 -0.000129606
23.27 0.00139259
23.28 0.0023857
23.29 0.00228529
23.3 0.00101428
23.31 -0.000879113
23.32 -0.00242412
23.33 -0.00274689
23.34 -0.00161519
23.35 0.000385581
23.36 0.00217282
23.37 0.00275807
23.38 0.00176703
23.39 -0.000358561
23.4 -0.0025539
23.41 -0.00367746
23.42 -0.00317434
23.43 -0.00143172
23.44 0.000465829
23.45 0.00142796
23.46 0.00100984
23.47 -0.000393582
23.48 -0.00185682
23.49 -0.00248811
23.5 -0.00190098
23.51 -0.000351248
23.52 0.00146942
23.53 0.00278941
23.54 0.00307582
23.55 0.0022412
23.56 0.000691449
23.57 -0.000826465
23.58 -0.00154409
23.59 -0.00104669
23.6 0.000491264
23.61 0.00236057
23.62 0.00361963
23.63 0.0035008
23.64 0.00179693
23.65 -0.000907245
23.66 -0.00332687
23.67 -0.00404284
23.68 -0.00237142
23.69 0.00106905
23.7 0.0045494
23.71 0.00629113
23.72 0.00535665
23.73 0.00202475
23.74 -0.00220493
23.75 -0.00527444
23.76 -0.00563898
23.77 -0.00303504
23.78 0.00145247
23.79 0.00589166
23.8 0.00845122
23.81 0.00809319
23.82 0.00486988
23.83 4.03957e-05
23.84 -0.00426102
23.85 -0.00598186
23.86 -0.00431785
23.87 -0.00019433
23.88 0.00439802
23.89 0.00746871
23.9 0.00774913
23.91 0.00508388
23.92 0.000462515
23.93 -0.00429622
23.94 -0.00723372
23.95 -0.0071081
23.96 -0.00395623
23.97 0.000926536
23.98 0.00558256
23.99 0.00819853
24 0.00772906
24.01 0.00431593
24.02 -0.000730367
24.03 -0.00539016
24.04 -0.00773766
24.05 -0.00683726
24.06 -0.00316296
24.07 0.00168688
24.08 0.00571481
24.09 0.00737026
24.1 0.00616909
24.11 0.00283626
24.12 -0.0011011
24.13 -0.00395534
24.14 -0.00457633
24.15 -0.00287367
24.16 0.000209639
24.17 0.00326823
24.18 0.00508054
24.19 0.00501188
24.2 0.00321251
24.21 0.000550121
24.22 -0.00177987
24.23 -0.00276181
24.24 -0.00202417
24.25 -7.76752e-05
24.26 0.00199351
24.27 0.00315264
24.28 0.00291178
24.29 0.00152284
24.3 -0.00028553
24.31 -0.0017676
24.32 -0.00246918
24.33 -0.00230146
24.34 -0.00144844
24.35 -0.000244363
24.36 0.000965301
24.37 0.00189525
24.38 0.00235227
24.39 0.00231236
24.4 0.00192021
24.41 0.00136934
24.42 0.000801123
24.43 0.000309898
24.44 -1.81935e-05
24.45 -8.70682e-05
24.46 0.000178072
24.47 0.000743895
24.48 0.00138905
24.49 0.00178435
24.5 0.00168321
24.51 0.00101742
24.52 -0.000138565
24.53 -0.00157623
24.54 -0.00289611
24.55 -0.0035602
24.56 -0.00312543
24.57 -0.00153043
24.58 0.000813845
24.59 0.00315806
24.6 0.0046984
24.61 0.00490334
24.62 0.00370659
24.63 0.00148405
24.64 -0.00113849
24.65 -0.00338839
24.66 -0.00444981
24.67 -0.00376436
24.68 -0.00137263
24.69 0.00200902
24.7 0.00519052
24.71 0.00690441
24.72 0.0063222
24.73 0.00347223
24.74 -0.000699796
24.75 -0.00458054
24.76 -0.00649218
24.77 -0.00551557
24.78 -0.00203363
24.79 0.00244898
24.8 0.00604036
24.81 0.00728371
24.82 0.005737
24.83 0.00211199
24.84 -0.00206976
24.85 -0.00503738
24.86 -0.00544569
24.87 -0.00301604
24.88 0.00129239
24.89 0.00565393
24.9 0.00812202
24.91 0.00749736
24.92 0.00394352
24.93 -0.00107901
24.94 -0.0054381
24.95 -0.00729454
24.96 -0.00596767
24.97 -0.00216072
24.98 0.00251714
24.99 0.00627186
25 0.00772602
25.01 0.00633634
25.02 0.00257099
25.03 -0.0022456
25.04 -0.00628855
25.05 -0.00783884
25.06 -0.00604481
25.07 -0.00139589
25.08 0.00444454
25.09 0.00928207
25.1 0.0113662
25.11 0.00998792
25.12 0.0054747
25.13 -0.000951398
25.14 -0.00726897
25.15 -0.0114685
25.16 -0.0124383
25.17 -0.0100178
25.18 -0.00494686
25.19 0.00130315
25.2 0.00690688
25.21 0.010175
25.22 0.0100927
25.23 0.00675985
25.24 0.0014733
25.25 -0.00383216
25.26 -0.0073075
25.27 -0.00770952
25.28 -0.00482051
25.29 0.000401334
25.3 0.00615889
25.31 0.01044
25.32 0.0116559
25.33 0.00921874
25.34 0.00384605
25.35 -0.00276104
25.36 -0.00847879
25.37 -0.0114065
25.38 -0.0105381
25.39 -0.00620087
25.4 1.2597e-05
25.41 0.00595415
25.42 0.00973934
25.43 0.010231
25.44 0.00737984
25.45 0.00230143
25.46 -0.00329354
25.47 -0.00774525
25.48 -0.0098038
25.49 -0.00889772
25.5 -0.00536426
25.51 -0.000406942
25.52 0.00438851
25.53 0.00758303
25.54 0.00821008
25.55 0.006092
25.56 0.00197437
25.57 -0.00283394
25.58 -0.00684992
25.59 -0.00869672
25.6 -0.00751742
25.61 -0.00342403
25.62 0.00247612
25.63 0.00836078
25.64 0.0122241
25.65 0.0125959
25.66 0.00912442
25.67 0.0027899
25.68 -0.00445998
25.69 -0.0102913
25.7 -0.0126822
25.71 -0.0107228
25.72 -0.00508441
25.73 0.00233653
25.74 0.0091742
25.75 0.0134058
25.76 0.0138965
25.77 0.0106588
25.78 0.00487225
25.79 -0.00167027
25.8 -0.00701287
25.81 -0.0094466
25.82 -0.0080988
25.83 -0.00337749
25.84 0.00320619
25.85 0.00960255
25.86 0.0138744
25.87 0.014822
25.88 0.0123852
25.89 0.00767062
25.9 0.00242744
25.91 -0.00170839
25.92 -0.00360816
25.93 -0.00287203
25.94 -4.08565e-05
25.95 0.00364397
25.96 0.00671309
25.97 0.00787246
25.98 0.00646198
25.99 0.00275464
26 -0.0022469
26.01 -0.00708704
26.02 -0.01024
26.03 -0.010694
26.04 -0.00835584
26.05 -0.00406545
26.06 0.000845601
26.07 0.00509501
26.08 0.00773957
26.09 0.00825241
26.1 0.00667555
26.11 0.00370185
26.12 0.000394776
26.13 -0.00220855
26.14 -0.00334696
26.15 -0.00275858
26.16 -0.000907063
26.17 0.00123447
26.18 0.00260961
26.19 0.00241614
26.2 0.000396112
26.21 -0.00303872
26.22 -0.00681169
26.23 -0.00945275
26.24 -0.00972324
26.25 -0.00724868
26.26 -0.00277161
26.27 0.00221316
26.28 0.0060685
26.29 0.00756344
26.3 0.00629446
26.31 0.00284568
26.32 -0.0015461
26.33 -0.00539635
26.34 -0.00741512
26.35 -0.00699799
26.36 -0.00441782
26.37 -0.000693601
26.38 0.00295808
26.39 0.00558019
26.4 0.0065376
26.41 0.00559834
26.42 0.00309725
26.43 -0.000192367
26.44 -0.00332036
26.45 -0.00537635
26.46 -0.00574613
26.47 -0.00437291
26.48 -0.00183673
26.49 0.0009762
26.5 0.00323017
26.51 0.00427662
26.52 0.00375935
26.53 0.0017748
26.54 -0.00118742
26.55 -0.00429877
26.56 -0.00652985
26.57 -0.0070504
26.58 -0.00559593
26.59 -0.00264451
26.6 0.000818096
26.61 0.00372902
26.62 0.00524664
26.63 0.00491758
26.64 0.00282753
26.65 -0.000446633
26.66 -0.00398031
26.67 -0.00668597
26.68 -0.0076493
26.69 -0.00651676
26.7 -0.00374589
26.71 -0.00044994
26.72 0.00215406
26.73 0.00315971
26.74 0.00209517
26.75 -0.0010037
26.76 -0.00540317
26.77 -0.00972032
26.78 -0.0124074
26.79 -0.0123534
26.8 -0.00934121
26.81 -0.00416872
26.82 0.00171734
26.83 0.00672315
26.84 0.00952531
26.85 0.00937786
26.86 0.00636746
26.87 0.00150317
26.88 -0.00365631
26.89 -0.00747592
26.9 -0.00867297
26.91 -0.00681599
26.92 -0.00261392
26.93 0.00247415
26.94 0.00685805
26.95 0.00923082
26.96 0.00883478
26.97 0.00567811
26.98 0.000593318
26.99 -0.00500285
27 -0.00945233
27.01 -0.0112791
27.02 -0.00978877
27.03 -0.00551698
27.04 -2.98048e-05
27.05 0.00484807
27.06 0.00767808
27.07 0.007599
27.08 0.00452443
27.09 -0.000773099
27.1 -0.00674985
27.11 -0.011451
27.12 -0.0131688
27.13 -0.0111127
27.14 -0.00585886
27.15 0.000886846
27.16 0.00703851
27.17 0.0108261
27.18 0.0111464
27.19 0.00789136
27.2 0.0021363
27.21 -0.00430154
27.22 -0.00944471
27.23 -0.0116626
27.24 -0.0102484
27.25 -0.00581003
27.26 -4.40238e-05
27.27 0.00506504
27.28 0.00793655
27.29 0.0076398
27.3 0.00413821
27.31 -0.00167751
27.32 -0.00810557
27.33 -0.0131085
27.34 -0.0151975
27.35 -0.013866
27.36 -0.00959493
27.37 -0.00369389
27.38 0.00219377
27.39 0.00652603
27.4 0.00817181
27.41 0.00674008
27.42 0.00277911
27.43 -0.00244736
27.44 -0.00727506
27.45 -0.0100748
27.46 -0.00984108
27.47 -0.00658142
27.48 -0.00135287
27.49 0.00429045
27.5 0.0088825
27.51 0.0112603
27.52 0.0107883
27.53 0.00765258
27.54 0.0028275
27.55 -0.00235603
27.56 -0.00649966
27.57 -0.00837721
27.58 -0.00734192
27.59 -0.00366483
27.6 0.00160324
27.61 0.00693118
27.62 0.0106617
27.63 0.0114701
27.64 0.00884705
27.65 0.0034385
27.66 -0.00324926
27.67 -0.00932625
27.68 -0.0129945
27.69 -0.013112
27.7 -0.00965841
27.71 -0.00379444
27.72 0.00273621
27.73 0.00819412
27.74 0.0111526
27.75 0.0107906
27.76 0.00723872
27.77 0.00163655
27.78 -0.00434818
27.79 -0.00904308
27.8 -0.0111372
27.81 -0.0100852
27.82 -0.00640682
27.83 -0.00146612
27.84 0.00322245
27.85 0.0064699
27.86 0.00749855
27.87 0.00605981
27.88 0.00257989
27.89 -0.00207598
27.9 -0.00679307
27.91 -0.0103586
27.92 -0.0118086
27.93 -0.0107779
27.94 -0.00765332
27.95 -0.00337342
27.96 0.000996215
27.97 0.00454298
27.98 0.00662158
27.99 0.00693794
28 0.0055969
28.01 0.00305558
28.02 -0.000110127
28.03 -0.00338647
28.04 -0.00624944
28.05 -0.00807929
28.06 -0.00833271
28.07 -0.00683771
28.08 -0.00392044
28.09 -0.00032092
28.1 0.00313288
28.11 0.00575424
28.12 0.00701346
28.13 0.00662016
28.14 0.00463442
28.15 0.00148018
28.16 -0.00218103
28.17 -0.00545539
28.18 -0.00732118
28.19 -0.00707634
28.2 -0.00475397
28.21 -0.00115478
28.22 0.00260659
28.23 0.00550028
28.24 0.00672042
28.25 0.00588549
28.26 0.00324531
28.27 -0.000423837
28.28 -0.00406355
28.29 -0.00656415
28.3 -0.00705202
28.31 -0.00524634
28.32 -0.00169203
28.33 0.00252802
28.34 0.00616264
28.35 0.00802119
28.36 0.00732722
28.37 0.00410024
28.38 -0.000868635
28.39 -0.00625795
28.4 -0.0105473
28.41 -0.0124162
28.42 -0.0111732
28.43 -0.007141
28.44 -0.00158787
28.45 0.003814
28.46 0.00748943
28.47 0.00829771
28.48 0.00594565
28.49 0.0012303
28.5 -0.00431039
28.51 -0.00891768
28.52 -0.0110336
28.53 -0.00979339
28.54 -0.00545388
28.55 0.000701767
28.56 0.00686102
28.57 0.0112444
28.58 0.012519
28.59 0.0102081
28.6 0.00499858
28.61 -0.00162221
28.62 -0.00780433
28.63 -0.0117379
28.64 -0.0121668
28.65 -0.0088875
28.66 -0.00299207
28.67 0.00363313
28.68 0.00898288
28.69 0.0113591
28.7 0.0098127
28.71 0.00463927
28.72 -0.00272111
28.73 -0.0100661
28.74 -0.0150584
28.75 -0.0159753
28.76 -0.0123148
28.77 -0.00510586
28.78 0.00366014
28.79 0.0116998
28.8 0.0170458
28.81 0.0184626
28.82 0.0155613
28.83 0.00901876
28.84 0.000474379
28.85 -0.00780882
28.86 -0.0135504
28.87 -0.0151399
28.88 -0.0121375
28.89 -0.00554752
28.9 0.00274437
28.91 0.0106909
28.92 0.0164729
28.93 0.0186001
28.94 0.0162569
28.95 0.00989652
28.96 0.00104144
28.97 -0.00811936
28.98 -0.0152022
28.99 -0.0183878
29 -0.0168706
29.01 -0.0110498
29.02 -0.00242707
29.03 0.00684197
29.04 0.0146567
29.05 0.0195091
29.06 0.0206276
29.07 0.0181018
29.08 0.0127317
29.09 0.00569185
29.1 -0.00166812
29.11 -0.00779303
29.12 -0.0112573
29.13 -0.0112232
29.14 -0.00764807
29.15 -0.00154746
29.16 0.00537513
29.17 0.0114261
29.18 0.0152041
29.19 0.0156409
29.2 0.0123769
29.21 0.00611402
29.22 -0.0018205
29.23 -0.00971788
29.24 -0.0157861
29.25 -0.0185759
29.26 -0.0173563
29.27 -0.0126369
29.28 -0.00589404
29.29 0.00112719
29.3 0.00687413
29.31 0.0103226
29.32 0.0109684
29.33 0.00884083
29.34 0.00461081
29.35 -0.000757838
29.36 -0.00621461
29.37 -0.0107319
29.38 -0.0134048
29.39 -0.0135459
29.4 -0.0110719
29.41 -0.00653049
29.42 -0.000862611
29.43 0.00482269
29.44 0.00950925
29.45 0.012341
29.46 0.0126513
29.47 0.0102097
29.48 0.00538305
29.49 -0.00106517
29.5 -0.00798674
29.51 -0.0139929
29.52 -0.0176947
29.53 -0.0179514
29.54 -0.0144623
29.55 -0.00792404
29.56 0.000262799
29.57 0.00836765
29.58 0.0148928
29.59 0.0187254
29.6 0.019137
29.61 0.0161603
29.62 0.0105876
29.63 0.00366215
29.64 -0.00312965
29.65 -0.00817225
29.66 -0.010117
29.67 -0.00836619
29.68 -0.00334638
29.69 0.00361588
29.7 0.0107413
29.71 0.0163781
29.72 0.0192871
29.73 0.0187561
29.74 0.0149161
29.75 0.00863668
29.76 0.0011508
29.77 -0.00609548
29.78 -0.0117284
29.79 -0.014773
29.8 -0.0147915
29.81 -0.0120721
29.82 -0.0075794
29.83 -0.00255063
29.84 0.0019414
29.85 0.0051596
29.86 0.00667167
29.87 0.00630285
29.88 0.00419594
29.89 0.00088026
29.9 -0.00289689
29.91 -0.00634327
29.92 -0.00871571
29.93 -0.00941747
29.94 -0.00818961
29.95 -0.00525899
29.96 -0.00124676
29.97 0.00304241
29.98 0.0067881
29.99 0.0092284
30 0.00974848
30.01 0.00810945
30.02 0.00453288
30.03 -0.000503104
30.04 -0.00621517
30.05 -0.011466
30.06 -0.0148879
30.07 -0.0151998
30.08 -0.0118829
30.09 -0.00552038
30.1 0.00246819
30.11 0.010244
30.12 0.016112
30.13 0.018779
30.14 0.0175704
30.15 0.0128366
30.16 0.0057054
30.17 -0.00241187
30.18 -0.00984068
30.19 -0.0149181
30.2 -0.0164046
30.21 -0.0138435
30.22 -0.00792458
30.23 -0.000188494
30.24 0.00757349
30.25 0.0139028
30.26 0.0177309
30.27 0.0182335
30.28 0.0153328
30.29 0.00978178
30.3 0.00274385
30.31 -0.00438188
30.32 -0.0101021
30.33 -0.0131969
30.34 -0.0130362
30.35 -0.00975909
30.36 -0.00432746
30.37 0.0018895
30.38 0.00752333
30.39 0.0114639
30.4 0.0128922
30.41 0.0113707
30.42 0.00721698
30.43 0.00132334
30.44 -0.00514844
30.45 -0.0109179
30.46 -0.0147148
30.47 -0.0154269
30.48 -0.0126442
30.49 -0.00693876
30.5 0.000401448
30.51 0.00772267
30.52 0.0135068
30.53 0.0165958
30.54 0.0163247
30.55 0.0129097
30.56 0.00727455
30.57 0.000564706
30.58 -0.00597283
30.59 -0.0111051
30.6 -0.0137949
30.61 -0.013398
30.62 -0.0100098
30.63 -0.00450384
30.64 0.00192345
30.65 0.00810813
30.66 0.0130932
30.67 0.0160368
30.68 0.0162576
30.69 0.0136436
30.7 0.00867436
30.71 0.00228966
30.72 -0.00421423
30.73 -0.00942348
30.74 -0.0121754
30.75 -0.0118438
30.76 -0.00851874
30.77 -0.00309869
30.78 0.00310831
30.79 0.0088284
30.8 0.0129847
30.81 0.0146536
30.82 0.0132906
30.83 0.00916849
30.84 0.00319843
30.85 -0.00343644
30.86 -0.00939524
30.87 -0.0133948
30.88 -0.0144643
30.89 -0.0122931
30.9 -0.00745111
30.91 -0.00114459
30.92 0.00520359
30.93 0.0103686
30.94 0.0134237
30.95 0.0136821
30.96 0.0110096
30.97 0.00596573
30.98 -0.000482447
30.99 -0.0070087
31 -0.012128
31.01 -0.014562
31.02 -0.013593
31.03 -0.00953313
31.04 -0.00361813
31.05 0.00262837
31.06 0.00790106
31.07 0.011335
31.08 0.0124285
31.09 0.0111118
31.1 0.00786038
31.11 0.00343279
31.12 -0.00136819
31.13 -0.00560894
31.14 -0.00830802
31.15 -0.00873013
31.16 -0.00668466
31.17 -0.00276728
31.18 0.00190861
31.19 0.00611242
31.2 0.00879022
31.21 0.00922824
31.22 0.00721825
31.23 0.00329591
31.24 -0.00157062
31.25 -0.00623027
31.26 -0.00952124
31.27 -0.0105335
31.28 -0.00887352
31.29 -0.00500883
31.3 -9.04267e-07
31.31 0.0050305
31.32 0.009255
31.33 0.0120687
31.34 0.0129365
31.35 0.011691
31.36 0.00856097
31.37 0.00398296
31.38 -0.00139338
31.39 -0.00654851
31.4 -0.0102744
31.41 -0.0115795
31.42 -0.00997938
31.43 -0.00586388
31.44 -0.000402439
31.45 0.00501696
31.46 0.0093181
31.47 0.0117777
31.48 0.0118739
31.49 0.00960736
31.5 0.00556799
31.51 0.000595853
31.52 -0.00432515
31.53 -0.00816034
31.54 -0.010055
31.55 -0.00959132
31.56 -0.00700444
31.57 -0.00308776
31.58 0.0012164
31.59 0.005078
31.6 0.00785044
31.61 0.00903696
31.62 0.00835567
31.63 0.00593972
31.64 0.00227934
31.65 -0.00197452
31.66 -0.00596868
31.67 -0.00872314
31.68 -0.00944591
31.69 -0.0078917
31.7 -0.00454662
31.71 -0.000372344
31.72 0.00363112
31.73 0.00670739
31.74 0.00833268
31.75 0.00818514
31.76 0.00635597
31.77 0.00335742
31.78 -0.00013483
31.79 -0.0033917
31.8 -0.0056863
31.81 -0.00643334
31.82 -0.00539322
31.83 -0.00285097
31.84 0.000536812
31.85 0.00397662
31.86 0.00669875
31.87 0.00805076
31.88 0.00763202
31.89 0.00556109
31.9 0.0024084
31.91 -0.00116996
31.92 -0.00453266
31.93 -0.00705075
31.94 -0.00819093
31.95 -0.00766234
31.96 -0.00556632
31.97 -0.00236287
31.98 0.0013328
31.99 0.00486817
32 0.00763121
32.01 0.00914544
32.02 0.00919943
32.03 0.00794771
32.04 0.00575443
32.05 0.00301109
32.06 7.43404e-05
32.07 -0.00270569
32.08 -0.00488046
32.09 -0.00597419
32.1 -0.00567745
32.11 -0.00403754
32.12 -0.00147655
32.13 0.00151589
32.14 0.00455515
32.15 0.00726375
32.16 0.00916241
32.17 0.00975975
32.18 0.0087668
32.19 0.006212
32.2 0.00255035
32.21 -0.00144733
32.22 -0.00482948
32.23 -0.00670668
32.24 -0.00659363
32.25 -0.00459077
32.26 -0.00144055
32.27 0.00191491
32.28 0.00477241
32.29 0.00673252
32.3 0.00758793
32.31 0.00726031
32.32 0.00586595
32.33 0.00362134
32.34 0.000818804
32.35 -0.0021254
32.36 -0.00462541
32.37 -0.00602845
32.38 -0.00589926
32.39 -0.00423097
32.4 -0.00149982
32.41 0.00163162
32.42 0.00457289
32.43 0.00683697
32.44 0.00802673
32.45 0.00790377
32.46 0.00652174
32.47 0.00416925
32.48 0.00128866
32.49 -0.00163161
32.5 -0.00406777
32.51 -0.0054903
32.52 -0.00553878
32.53 -0.00415843
32.54 -0.00167303
32.55 0.0014309
32.56 0.00465255
32.57 0.00742671
32.58 0.00909105
32.59 0.00903567
32.6 0.00705903
32.61 0.00351668
32.62 -0.000805355
32.63 -0.00481249
32.64 -0.00741299
32.65 -0.00789274
32.66 -0.00612751
32.67 -0.00265774
32.68 0.00168475
32.69 0.00608867
32.7 0.0098326
32.71 0.0122531
32.72 0.012826
32.73 0.0114683
32.74 0.00845371
32.75 0.00419617
32.76 -0.000813691
32.77 -0.00589099
32.78 -0.0101608
32.79 -0.0127116
32.8 -0.012797
32.81 -0.0103067
32.82 -0.00591097
32.83 -0.000731215
32.84 0.00407781
32.85 0.00764828
32.86 0.00942855
32.87 0.00915361
32.88 0.00699416
32.89 0.00355892
32.9 -0.000364544
32.91 -0.00393694
32.92 -0.00635781
32.93 -0.00701455
32.94 -0.00565673
32.95 -0.00259302
32.96 0.00151105
32.97 0.00585286
32.98 0.0095834
32.99 0.0118562
33 0.0119991
33.01 0.00992462
33.02 0.00613388
33.03 0.00143998
33.04 -0.00327499
33.05 -0.00721955
33.06 -0.00978444
33.07 -0.0105771
33.08 -0.00944693
33.09 -0.00656089
33.1 -0.00239898
33.11 0.00239715
33.12 0.00711187
33.13 0.0110136
33.14 0.0134265
33.15 0.013924
33.16 0.0125385
33.17 0.00963157
33.18 0.0057206
33.19 0.00141121
33.2 -0.00276364
33.21 -0.00632657
33.22 -0.00875317
33.23 -0.00952471
33.24 -0.00839003
33.25 -0.00558008
33.26 -0.00168408
33.27 0.00262517
33.28 0.00670536
33.29 0.00990703
33.3 0.0115746
33.31 0.0112648
33.32 0.00897288
33.33 0.00510683
33.34 0.000382034
33.35 -0.00428306
33.36 -0.00794777
33.37 -0.00982414
33.38 -0.00943219
33.39 -0.00684694
33.4 -0.00273119
33.41 0.00205317
33.42 0.00671662
33.43 0.0105689
33.44 0.012929
33.45 0.0132256
33.46 0.0112778
33.47 0.00730442
33.48 0.00194636
33.49 -0.00373139
33.5 -0.00840629
33.51 -0.0108668
33.52 -0.0104135
33.53 -0.00713946
33.54 -0.00197817
33.55 0.00380544
33.56 0.00916553
33.57 0.0133421
33.58 0.0156333
33.59 0.015523
33.6 0.013
33.61 0.00845921
33.62 0.00267154
33.63 -0.00326558
33.64 -0.00808452
33.65 -0.0106852
33.66 -0.010486
33.67 -0.00757704
33.68 -0.0028018
33.69 0.00265545
33.7 0.00767136
33.71 0.0112711
33.72 0.0125895
33.73 0.0110997
33.74 0.00707088
33.75 0.00141708
33.76 -0.00463684
33.77 -0.00979521
33.78 -0.0129228
33.79 -0.013214
33.8 -0.0105565
33.81 -0.00559306
33.82 0.000659239
33.83 0.00708652
33.84 0.0126796
33.85 0.01649
33.86 0.0176755
33.87 0.0159262
33.88 0.0115374
33.89 0.00527518
33.9 -0.00176703
33.91 -0.0081862
33.92 -0.0126056
33.93 -0.0140758
33.94 -0.0122057
33.95 -0.00748817
33.96 -0.00116693
33.97 0.00532451
33.98 0.0108766
33.99 0.0147297
34 0.0162356
34.01 0.0151993
34.02 0.0120287
34.03 0.00742852
34.04 0.00241208
34.05 -0.00192039
34.06 -0.00463889
34.07 -0.00517139
34.08 -0.00350899
34.09 -0.000238559
34.1 0.00365215
34.11 0.00709601
34.12 0.0092154
34.13 0.00952862
34.14 0.00802356
34.15 0.00508059
34.16 0.00130999
34.17 -0.00261925
34.18 -0.00599337
34.19 -0.0080922
34.2 -0.0083815
34.21 -0.00677438
34.22 -0.00371689
34.23 9.20848e-05
34.24 0.00397425
34.25 0.00734566
34.26 0.00963356
34.27 0.0103058
34.28 0.00917046
34.29 0.006463
34.3 0.00270844
34.31 -0.00144665
34.32 -0.00521853
34.33 -0.00777505
34.34 -0.0085087
34.35 -0.00726069
34.36 -0.00450803
34.37 -0.00118058
34.38 0.00183782
34.39 0.00397464
34.4 0.00490492
34.41 0.00448179
34.42 0.00286483
34.43 0.000511549
34.44 -0.00201862
34.45 -0.00415654
34.46 -0.00540279
34.47 -0.00548414
34.48 -0.00452049
34.49 -0.00296443
34.5 -0.00133439
34.51 -1.42616e-05
34.52 0.000815075
34.53 0.00110584
34.54 0.000889366
34.55 0.000284017
34.56 -0.000511808
34.57 -0.00124589
34.58 -0.0016761
34.59 -0.00167127
34.6 -0.00128439
34.61 -0.000703405
34.62 -0.000133605
34.63 0.000269397
34.64 0.000400562
34.65 0.00018635
34.66 -0.000431541
34.67 -0.00148104
34.68 -0.00288301
34.69 -0.0043975
34.7 -0.00565476
34.71 -0.00625514
34.72 -0.00590344
34.73 -0.00453288
34.74 -0.00237058
34.75 0.000185035
34.76 0.00273776
34.77 0.00493394
34.78 0.00642374
34.79 0.00688023
34.8 0.00615043
34.81 0.00435726
34.82 0.00188807
34.83 -0.00071826
34.84 -0.00286731
34.85 -0.00400882
34.86 -0.00379209
34.87 -0.00218441
34.88 0.000573424
34.89 0.00405065
34.9 0.0076837
34.91 0.0108101
34.92 0.0127211
34.93 0.012866
34.94 0.0109847
34.95 0.00713356
34.96 0.00179598
34.97 -0.00412731
34.98 -0.00944849
34.99 -0.012924
35 -0.0135409
35.01 -0.0109373
35.02 -0.00572504
35.03 0.000804782
35.04 0.00715127
35.05 0.0120607
35.06 0.0146449
35.07 0.0144054
35.08 0.0115877
35.09 0.00698993
35.1 0.00153421
35.11 -0.00380712
35.12 -0.00799945
35.13 -0.0101101
35.14 -0.00960939
35.15 -0.00664842
35.16 -0.00212917
35.17 0.00273261
35.18 0.00689321
35.19 0.00962944
35.2 0.0104564
35.21 0.00919542
35.22 0.00614586
35.23 0.00191264
35.24 -0.00279972
35.25 -0.00716435
35.26 -0.0102878
35.27 -0.0114115
35.28 -0.0102196
35.29 -0.00701708
35.3 -0.00261524
35.31 0.0019967
35.32 0.00591544
35.33 0.00850147
35.34 0.0094577
35.35 0.00884916
35.36 0.00709151
35.37 0.00470699
35.38 0.0021518
35.39 -0.000192736
35.4 -0.00200984
35.41 -0.00303083
35.42 -0.00312875
35.43 -0.00245011
35.44 -0.00144421
35.45 -0.000664285
35.46 -0.000488493
35.47 -0.00106373
35.48 -0.00231478
35.49 -0.00391577
35.5 -0.00535289
35.51 -0.00606453
35.52 -0.00567169
35.53 -0.00421318
35.54 -0.00216373
35.55 -0.000164732
35.56 0.00133846
35.57 0.00224116
35.58 0.00268557
35.59 0.00293789
35.6 0.00325923
35.61 0.0037502
35.62 0.00429078
35.63 0.00462793
35.64 0.00452951
35.65 0.00391162
35.66 0.00286677
35.67 0.00157971
35.68 0.000190116
35.69 -0.00126314
35.7 -0.00269613
35.71 -0.00384579
35.72 -0.00434314
35.73 -0.00391419
35.74 -0.00257919
35.75 -0.000689423
35.76 0.00126802
35.77 0.00283435
35.78 0.00363718
35.79 0.00347121
35.8 0.00238649
35.81 0.000668812
35.82 -0.00128808
35.83 -0.00298717
35.84 -0.00385895
35.85 -0.00349028
35.86 -0.00189161
35.87 0.000523434
35.88 0.00313035
35.89 0.00526098
35.9 0.00632671
35.91 0.00593584
35.92 0.00409909
35.93 0.00126436
35.94 -0.00190176
35.95 -0.0046364
35.96 -0.00620542
35.97 -0.00613197
35.98 -0.00440561
35.99 -0.00148426
36 0.0020398
36.01 0.00562055
36.02 0.00867336
36.03 0.0105229
36.04 0.0106174
36.05 0.00882957
36.06 0.00547156
36.07 0.00123502
36.08 -0.00296436
36.09 -0.00618447
36.1 -0.00767647
36.11 -0.00713864
36.12 -0.00490619
36.13 -0.00191857
36.14 0.000771645
36.15 0.00244629
36.16 0.00281439
36.17 0.00195872
36.18 0.000276616
36.19 -0.00165975
36.2 -0.00321555
36.21 -0.00381532
36.22 -0.00310975
36.23 -0.0010417
36.24 0.00222246
36.25 0.00623542
36.26 0.0101675
36.27 0.012896
36.28 0.0133449
36.29 0.0109428
36.3 0.00585108
36.31 -0.00110244
36.32 -0.00840595
36.33 -0.0142206
36.34 -0.0168943
36.35 -0.0153819
36.36 -0.00985826
36.37 -0.00171486
36.38 0.00704296
36.39 0.0146147
36.4 0.019716
36.41 0.0213898
36.42 0.0193797
36.43 0.0142338
36.44 0.00683027
36.45 -0.00174882
36.46 -0.00995142
36.47 -0.0160964
36.48 -0.01895
36.49 -0.0179162
36.5 -0.0132911
36.51 -0.00616695
36.52 0.00204947
36.53 0.00990841
36.54 0.0161839
36.55 0.0198644
36.56 0.0202746
36.57 0.0175874
36.58 0.0126536
36.59 0.00656364
36.6 0.000518141
36.61 -0.00438816
36.62 -0.0074385
36.63 -0.00838374
36.64 -0.00737252
36.65 -0.00506139
36.66 -0.0025283
36.67 -0.000722105
36.68 -0.000182271
36.69 -0.00113269
36.7 -0.00345091
36.71 -0.00668186
36.72 -0.0101149
36.73 -0.0128134
36.74 -0.0138471
36.75 -0.0125849
36.76 -0.00887682
36.77 -0.00322545
36.78 0.00336832
36.79 0.0096926
36.8 0.0145568
36.81 0.0168606
36.82 0.015838
36.83 0.0115746
36.84 0.00493631
36.85 -0.00282208
36.86 -0.0101317
36.87 -0.0153967
36.88 -0.0173267
36.89 -0.0153071
36.9 -0.00984546
36.91 -0.00234504
36.92 0.00547385
36.93 0.0121587
36.94 0.0166861
36.95 0.0181821
36.96 0.0162102
36.97 0.0111044
36.98 0.00376867
36.99 -0.00438982
37 -0.0115288
37.01 -0.0159037
37.02 -0.0163878
37.03 -0.0128755
37.04 -0.00644961
37.05 0.00121116
37.06 0.00846347
37.07 0.0141423
37.08 0.0174565
37.09 0.0177613
37.1 0.015041
37.11 0.00992426
37.12 0.0033336
37.13 -0.0035543
37.14 -0.00931371
37.15 -0.0126166
37.16 -0.012608
37.17 -0.00910974
37.18 -0.00287688
37.19 0.00464589
37.2 0.011905
37.21 0.0175914
37.22 0.0205732
37.23 0.0200688
37.24 0.0161551
37.25 0.0096044
37.26 0.00156905
37.27 -0.00641807
37.28 -0.012729
37.29 -0.016066
37.3 -0.0156591
37.31 -0.0115716
37.32 -0.00488878
37.33 0.00276944
37.34 0.00979929
37.35 0.0149779
37.36 0.0173995
37.37 0.0164736
37.38 0.0123726
37.39 0.00586604
37.4 -0.00205351
37.41 -0.00999264
37.42 -0.0163145
37.43 -0.0195042
37.44 -0.0185718
37.45 -0.0135767
37.46 -0.00555664
37.47 0.00387994
37.48 0.0128909
37.49 0.0197606
37.5 0.023024
37.51 0.0217787
37.52 0.0161319
37.53 0.00704473
37.54 -0.00389483
37.55 -0.0144509
37.56 -0.0226735
37.57 -0.0277749
37.58 -0.0297653
37.59 -0.0289185
37.6 -0.0253966
37.61 -0.01917
37.62 -0.0104896
37.63 -7.69544e-06
37.64 0.0109541
37.65 0.0210308
37.66 0.0298715
37.67 0.0374411
37.68 0.0435687
37.69 0.0484589
37.7 0.0524346
37.71 0.0552973
37.72 0.0564068
37.73 0.0553314
37.74 0.0521334
37.75 0.0470306
37.76 0.0401207
37.77 0.0315968
37.78 0.0219577
37.79 0.01168
37.8 0.000843768
37.81 -0.00981217
37.82 -0.0195976
37.83 -0.0288443
