0.01 5.89049e-07
0.02 1.06839e-06
0.03 -1.36329e-06
0.04 -8.13949e-06
0.05 -1.73622e-05
0.06 -2.55667e-05
0.07 -3.11963e-05
0.08 -3.69962e-05
0.09 -4.76328e-05
0.1 -6.26454e-05
0.11 -7.18937e-05
0.12 -6.11225e-05
0.13 -2.47758e-05
0.14 2.66217e-05
0.15 7.23069e-05
0.16 9.43195e-05
0.17 8.63382e-05
0.18 5.36843e-05
0.19 8.80823e-06
0.2 -3.20309e-05
0.21 -5.21471e-05
0.22 -4.20563e-05
0.23 -7.48898e-06
0.24 3.15971e-05
0.25 5.30494e-05
0.26 4.64381e-05
0.27 1.82627e-05
0.28 -1.34228e-05
0.29 -2.99152e-05
0.3 -2.2923e-05
0.31 -9.92767e-07
0.32 1.38934e-05
0.33 9.01147e-07
0.34 -4.18644e-05
0.35 -9.0554e-05
0.36 -0.000108618
0.37 -7.27625e-05
0.38 8.11888e-06
0.39 9.70951e-05
0.4 0.000153434
0.41 0.000157261
0.42 0.000117073
0.43 5.9495e-05
0.44 1.2835e-05
0.45 -5.699e-06
0.46 3.65615e-06
0.47 2.33889e-05
0.48 2.69035e-05
0.49 -5.42591e-06
0.5 -6.99609e-05
0.51 -0.000136672
0.52 -0.000165944
0.53 -0.000134962
0.54 -5.33974e-05
0.55 4.27858e-05
0.56 0.000112402
0.57 0.000129474
0.58 9.32964e-05
0.59 2.66636e-05
0.6 -3.58992e-05
0.61 -6.51739e-05
0.62 -5.13305e-05
0.63 -7.80521e-06
0.64 3.64169e-05
0.65 6.09899e-05
0.66 5.26434e-05
0.67 4.54274e-06
0.68 -6.13457e-05
0.69 -0.000101909
0.7 -8.52094e-05
0.71 -1.3681e-05
0.72 7.54654e-05
0.73 0.000133475
0.74 0.00013124
0.75 7.60403e-05
0.76 2.41183e-06
0.77 -5.32431e-05
0.78 -7.33707e-05
0.79 -6.29193e-05
0.8 -3.93738e-05
0.81 -1.92951e-05
0.82 -9.44014e-06
0.83 -6.28305e-06
0.84 -1.8319e-06
0.85 1.004e-05
0.86 2.98346e-05
0.87 5.10007e-05
0.88 6.22482e-05
0.89 5.51476e-05
0.9 3.12403e-05
0.91 2.07525e-07
0.92 -2.88091e-05
0.93 -5.18666e-05
0.94 -6.65653e-05
0.95 -6.7935e-05
0.96 -5.15416e-05
0.97 -1.99357e-05
0.98 1.65413e-05
0.99 4.55137e-05
1 5.81418e-05
1.01 5.09541e-05
1.02 2.5912e-05
1.03 -9.54149e-06
1.04 -4.27492e-05
1.05 -5.83903e-05
1.06 -4.57036e-05
1.07 -7.92298e-06
1.08 3.47948e-05
1.09 5.5699e-05
1.1 4.04623e-05
1.11 -6.44491e-08
1.12 -3.56149e-05
1.13 -3.79447e-05
1.14 -1.62516e-06
1.15 5.15676e-05
1.16 8.71376e-05
1.17 8.06788e-05
1.18 3.45142e-05
1.19 -2.27759e-05
1.2 -5.52691e-05
1.21 -4.50314e-05
1.22 -5.22667e-06
1.23 2.93713e-05
1.24 2.76338e-05
1.25 -1.56371e-05
1.26 -7.59442e-05
1.27 -0.000114953
1.28 -0.000104105
1.29 -4.09349e-05
1.3 5.03757e-05
1.31 0.000131876
1.32 0.000169083
1.33 0.000144999
1.34 6.80035e-05
1.35 -2.87731e-05
1.36 -0.000100125
1.37 -0.00011238
1.38 -6.56976e-05
1.39 3.31922e-06
1.4 4.52593e-05
1.41 3.23582e-05
1.42 -2.18264e-05
1.43 -7.19742e-05
1.44 -7.34589e-05
1.45 -1.56342e-05
1.46 6.83523e-05
1.47 0.000123607
1.48 0.000111906
1.49 3.88978e-05
1.5 -4.92743e-05
1.51 -9.72988e-05
1.52 -7.74354e-05
1.53 -5.92112e-06
1.54 7.0667e-05
1.55 0.000106349
1.56 8.15408e-05
1.57 9.69109e-06
1.58 -7.41637e-05
1.59 -0.000132153
1.6 -0.000138864
1.61 -8.89662e-05
1.62 1.45352e-06
1.63 9.82537e-05
1.64 0.000159371
1.65 0.000153575
1.66 8.03021e-05
1.67 -2.49201e-05
1.68 -0.000108345
1.69 -0.000129428
1.7 -8.36842e-05
1.71 -2.81169e-06
1.72 6.49662e-05
1.73 8.23342e-05
1.74 4.45382e-05
1.75 -1.69778e-05
1.76 -5.37205e-05
1.77 -3.26037e-05
1.78 3.88177e-05
1.79 0.000112841
1.8 0.000131533
1.81 6.85255e-05
1.82 -4.82474e-05
1.83 -0.000152695
1.84 -0.000184207
1.85 -0.000125616
1.86 -1.06509e-05
1.87 9.89394e-05
1.88 0.000148609
1.89 0.000118046
1.9 2.84778e-05
1.91 -6.98252e-05
1.92 -0.000123354
1.93 -0.000103718
1.94 -2.37592e-05
1.95 6.99745e-05
1.96 0.000125647
1.97 0.000117251
1.98 5.74637e-05
1.99 -1.39031e-05
2 -5.44818e-05
2.01 -4.24847e-05
2.02 1.06729e-05
2.03 6.4928e-05
2.04 7.5012e-05
2.05 2.12046e-05
2.06 -7.45273e-05
2.07 -0.000161069
2.08 -0.000190632
2.09 -0.00014657
2.1 -4.8685e-05
2.11 6.17711e-05
2.12 0.00014203
2.13 0.000161387
2.14 0.000110123
2.15 7.96957e-06
2.16 -9.5203e-05
2.17 -0.000139163
2.18 -9.03895e-05
2.19 2.9192e-05
2.2 0.000148904
2.21 0.000192258
2.22 0.000127073
2.23 -1.18352e-05
2.24 -0.000142027
2.25 -0.000183082
2.26 -0.000107706
2.27 3.64842e-05
2.28 0.000151702
2.29 0.00015139
2.3 2.11068e-05
2.31 -0.000164282
2.32 -0.000284243
2.33 -0.000251148
2.34 -7.04876e-05
2.35 0.000159063
2.36 0.000305634
2.37 0.000284466
2.38 0.000108304
2.39 -0.000120934
2.4 -0.000272494
2.41 -0.000262802
2.42 -0.000101874
2.43 0.000116157
2.44 0.000269651
2.45 0.000278173
2.46 0.000144707
2.47 -5.08362e-05
2.48 -0.000201125
2.49 -0.000232829
2.5 -0.000143452
2.51 4.47873e-06
2.52 0.00012376
2.53 0.000152346
2.54 8.55119e-05
2.55 -2.62488e-05
2.56 -0.000111733
2.57 -0.000123462
2.58 -6.16842e-05
2.59 3.45891e-05
2.6 0.000114812
2.61 0.000140441
2.62 9.72581e-05
2.63 4.06452e-07
2.64 -0.000107608
2.65 -0.000172013
2.66 -0.000153973
2.67 -5.5968e-05
2.68 7.52609e-05
2.69 0.000171585
2.7 0.00017931
2.71 8.99046e-05
2.72 -5.15912e-05
2.73 -0.00016934
2.74 -0.000200587
2.75 -0.000132984
2.76 -1.03253e-05
2.77 9.43413e-05
2.78 0.000118717
2.79 4.51557e-05
2.8 -8.44256e-05
2.81 -0.00018448
2.82 -0.000173726
2.83 -3.04723e-05
2.84 0.000184521
2.85 0.000358697
2.86 0.000392812
2.87 0.000258008
2.88 1.27922e-05
2.89 -0.00022671
2.9 -0.000346959
2.91 -0.000297254
2.92 -0.000118019
2.93 8.16998e-05
2.94 0.000186985
2.95 0.000141995
2.96 -2.0669e-05
2.97 -0.000199108
2.98 -0.000277785
2.99 -0.000193028
3 2.57538e-05
3.01 0.000266837
3.02 0.000398457
3.03 0.000346753
3.04 0.000139931
3.05 -0.000109019
3.06 -0.000267993
3.07 -0.000259398
3.08 -0.000101972
3.09 0.000100915
3.1 0.000222241
3.11 0.000187573
3.12 1.82874e-05
3.13 -0.000186051
3.14 -0.000311051
3.15 -0.000292779
3.16 -0.000147943
3.17 4.09523e-05
3.18 0.000173334
3.19 0.000186876
3.2 9.21247e-05
3.21 -3.66921e-05
3.22 -0.000109463
3.23 -7.45781e-05
3.24 5.30537e-05
3.25 0.000202043
3.26 0.000284435
3.27 0.000245199
3.28 9.35393e-05
3.29 -0.000103734
3.3 -0.000260133
3.31 -0.00031141
3.32 -0.000241149
3.33 -8.77961e-05
3.34 6.79238e-05
3.35 0.000141174
3.36 9.58642e-05
3.37 -2.49587e-05
3.38 -0.000123165
3.39 -0.000113115
3.4 1.6819e-05
3.41 0.00019432
3.42 0.000310631
3.43 0.000291515
3.44 0.000144225
3.45 -4.89351e-05
3.46 -0.000184444
3.47 -0.000201969
3.48 -0.000117001
3.49 -3.28468e-06
3.5 5.94004e-05
3.51 3.61933e-05
3.52 -4.46997e-05
3.53 -0.000115542
3.54 -0.000117517
3.55 -4.14979e-05
3.56 6.64635e-05
3.57 0.00013732
3.58 0.000124694
3.59 3.3483e-05
3.6 -8.34572e-05
3.61 -0.000155178
3.62 -0.000132975
3.63 -2.16369e-05
3.64 0.00011826
3.65 0.000204314
3.66 0.000183209
3.67 6.32581e-05
3.68 -9.30708e-05
3.69 -0.000207717
3.7 -0.000228699
3.71 -0.0001524
3.72 -2.16625e-05
3.73 9.48913e-05
3.74 0.000135557
3.75 7.94771e-05
3.76 -3.61967e-05
3.77 -0.000132097
3.78 -0.000132687
3.79 -1.63325e-05
3.8 0.000163493
3.81 0.000303534
3.82 0.000312389
3.83 0.000171869
3.84 -4.44077e-05
3.85 -0.000212983
3.86 -0.000238059
3.87 -0.000112227
3.88 7.90887e-05
3.89 0.000209298
3.9 0.000186015
3.91 8.97344e-06
3.92 -0.000223406
3.93 -0.000369878
3.94 -0.000334901
3.95 -0.000131049
3.96 0.0001272
3.97 0.00029234
3.98 0.00027022
3.99 7.34201e-05
4 -0.000185683
4.01 -0.000356717
4.02 -0.000335715
4.03 -0.0001262
4.04 0.00016013
4.05 0.000365402
4.06 0.000374626
4.07 0.000181966
4.08 -0.000102565
4.09 -0.000312316
4.1 -0.000319475
4.11 -0.000112319
4.12 0.000194726
4.13 0.000427241
4.14 0.000453211
4.15 0.000258792
4.16 -4.63826e-05
4.17 -0.000295313
4.18 -0.000361247
4.19 -0.000229417
4.2 -1.02099e-06
4.21 0.000173811
4.22 0.000191732
4.23 5.76794e-05
4.24 -0.000126929
4.25 -0.000236657
4.26 -0.000203732
4.27 -5.79854e-05
4.28 9.6843e-05
4.29 0.000154497
4.3 7.91565e-05
4.31 -7.0524e-05
4.32 -0.000183935
4.33 -0.000175362
4.34 -3.89921e-05
4.35 0.000152878
4.36 0.000298853
4.37 0.000326121
4.38 0.000223756
4.39 4.14717e-05
4.4 -0.000139708
4.41 -0.000248862
4.42 -0.00025649
4.43 -0.000178813
4.44 -5.7509e-05
4.45 6.5387e-05
4.46 0.000160602
4.47 0.000211647
4.48 0.000209001
4.49 0.000147015
4.5 3.02604e-05
4.51 -0.000114263
4.52 -0.000235078
4.53 -0.000277018
4.54 -0.00021654
4.55 -8.45903e-05
4.56 4.59114e-05
4.57 0.000103666
4.58 6.44147e-05
4.59 -3.2089e-05
4.6 -0.000106631
4.61 -9.56565e-05
4.62 -1.58431e-06
4.63 0.000103203
4.64 0.000129656
4.65 4.44326e-05
4.66 -9.75667e-05
4.67 -0.000188646
4.68 -0.000146134
4.69 2.41927e-05
4.7 0.000224659
4.71 0.000325777
4.72 0.000250542
4.73 2.77983e-05
4.74 -0.000220845
4.75 -0.000353478
4.76 -0.000294053
4.77 -7.7096e-05
4.78 0.000177121
4.79 0.000338455
4.8 0.000343084
4.81 0.000222901
4.82 7.31166e-05
4.83 -1.77339e-05
4.84 -2.6786e-05
4.85 -2.9578e-06
4.86 -1.70745e-05
4.87 -9.74757e-05
4.88 -0.000202793
4.89 -0.000251339
4.9 -0.00018335
4.91 -1.05212e-05
4.92 0.000183061
4.93 0.000290705
4.94 0.000249072
4.95 7.54404e-05
4.96 -0.000144134
4.97 -0.000302791
4.98 -0.000328105
4.99 -0.000218121
5 -4.01789e-05
5.01 0.000110333
5.02 0.000167799
5.03 0.000130712
5.04 4.99748e-05
5.05 -1.40721e-05
5.06 -3.05424e-05
5.07 -8.779e-06
5.08 1.80897e-05
5.09 2.08012e-05
5.1 -5.73092e-06
5.11 -4.12989e-05
5.12 -5.61682e-05
5.13 -3.11558e-05
5.14 2.99591e-05
5.15 0.000101973
5.16 0.000152815
5.17 0.000161947
5.18 0.000130325
5.19 7.64263e-05
5.2 2.24635e-05
5.21 -2.02199e-05
5.22 -5.59088e-05
5.23 -9.29332e-05
5.24 -0.000125019
5.25 -0.000128824
5.26 -8.80787e-05
5.27 -2.14153e-05
5.28 2.10331e-05
5.29 -1.75988e-06
5.3 -7.85682e-05
5.31 -0.000144813
5.32 -0.000132891
5.33 -3.2831e-05
5.34 9.30702e-05
5.35 0.000158706
5.36 0.000125405
5.37 3.46284e-05
5.38 -2.68329e-05
5.39 6.16424e-09
5.4 9.76247e-05
5.41 0.00018678
5.42 0.000188208
5.43 8.13033e-05
5.44 -8.05679e-05
5.45 -0.000204835
5.46 -0.000219805
5.47 -0.000120995
5.48 2.65892e-05
5.49 0.000131499
5.5 0.000134244
5.51 4.14752e-05
5.52 -8.42135e-05
5.53 -0.000167127
5.54 -0.00016286
5.55 -7.92068e-05
5.56 3.2132e-05
5.57 0.000105867
5.58 0.000102589
5.59 3.70223e-05
5.6 -2.70802e-05
5.61 -1.94428e-05
5.62 8.19372e-05
5.63 0.000223707
5.64 0.000304491
5.65 0.00024574
5.66 5.62619e-05
5.67 -0.000162656
5.68 -0.000280757
5.69 -0.00022615
5.7 -3.55152e-05
5.71 0.000165047
5.72 0.000236767
5.73 0.000117333
5.74 -0.000133988
5.75 -0.000368474
5.76 -0.000439211
5.77 -0.000293015
5.78 -7.04591e-06
5.79 0.000251772
5.8 0.000324987
5.81 0.000164308
5.82 -0.000128371
5.83 -0.000356508
5.84 -0.000351244
5.85 -8.38056e-05
5.86 0.000305875
5.87 0.000588626
5.88 0.000588993
5.89 0.000298349
5.9 -0.000118467
5.91 -0.000425624
5.92 -0.000457218
5.93 -0.000210809
5.94 0.00015043
5.95 0.000385296
5.96 0.000313479
5.97 -6.62605e-05
5.98 -0.00055599
5.99 -0.000863783
6 -0.000776788
6.01 -0.000297156
6.02 0.000344192
6.03 0.000813527
6.04 0.000872234
6.05 0.00052294
6.06 8.13271e-06
6.07 -0.000341351
6.08 -0.000309951
6.09 7.18631e-05
6.1 0.000545463
6.11 0.000780645
6.12 0.000576796
6.13 -9.77049e-06
6.14 -0.000688438
6.15 -0.00110119
6.16 -0.00104094
6.17 -0.000584132
6.18 -4.32391e-05
6.19 0.000237468
6.2 0.000107957
6.21 -0.000291798
6.22 -0.000625062
6.23 -0.000574642
6.24 -4.80905e-05
6.25 0.000749519
6.26 0.00141894
6.27 0.00159095
6.28 0.00114308
6.29 0.0002858
6.3 -0.000543389
6.31 -0.000929309
6.32 -0.000718933
6.33 -0.000102998
6.34 0.000506762
6.35 0.000725477
6.36 0.000417287
6.37 -0.000236742
6.38 -0.000858628
6.39 -0.0011036
6.4 -0.000858567
6.41 -0.000292101
6.42 0.000266579
6.43 0.000531864
6.44 0.00041456
6.45 4.28235e-05
6.46 -0.000332833
6.47 -0.000476465
6.48 -0.000277985
6.49 0.000195326
6.5 0.000723086
6.51 0.00103313
6.52 0.000944302
6.53 0.000476001
6.54 -0.000148672
6.55 -0.000621431
6.56 -0.000724361
6.57 -0.000455169
6.58 -2.23321e-05
6.59 0.000285617
6.6 0.000270927
6.61 -6.45155e-05
6.62 -0.000525048
6.63 -0.000828691
6.64 -0.000758964
6.65 -0.000288889
6.66 0.000386488
6.67 0.000938748
6.68 0.00108402
6.69 0.000754389
6.7 0.000150393
6.71 -0.000374193
6.72 -0.000529049
6.73 -0.000263222
6.74 0.000212637
6.75 0.000564687
6.76 0.000542593
6.77 0.00012829
6.78 -0.000459159
6.79 -0.000899656
6.8 -0.000958803
6.81 -0.000611213
6.82 -3.93849e-05
6.83 0.000474197
6.84 0.000695044
6.85 0.000552454
6.86 0.000172261
6.87 -0.000190896
6.88 -0.000295261
6.89 -5.62532e-05
6.9 0.000391508
6.91 0.000761539
6.92 0.00078421
6.93 0.000380043
6.94 -0.000273378
6.95 -0.000832683
6.96 -0.000989639
6.97 -0.000659215
6.98 -3.62171e-05
6.99 0.000517512
7 0.000688076
7.01 0.000396262
7.02 -0.000158156
7.03 -0.000623221
7.04 -0.000713009
7.05 -0.000376754
7.06 0.000184625
7.07 0.000650801
7.08 0.000769508
7.09 0.00049311
7.1 1.99139e-06
7.11 -0.000394677
7.12 -0.000437848
7.13 -8.43818e-05
7.14 0.000447668
7.15 0.000800478
7.16 0.000696946
7.17 0.000119845
7.18 -0.000663395
7.19 -0.00124366
7.2 -0.00129532
7.21 -0.000756961
7.22 0.000123618
7.23 0.000910009
7.24 0.00120955
7.25 0.000889895
7.26 0.000155379
7.27 -0.000565666
7.28 -0.000862577
7.29 -0.000576899
7.3 0.000103119
7.31 0.000747469
7.32 0.000939161
7.33 0.000533996
7.34 -0.000238294
7.35 -0.000907164
7.36 -0.00105331
7.37 -0.000575286
7.38 0.000241121
7.39 0.000898102
7.4 0.000996489
7.41 0.000485837
7.42 -0.000304681
7.43 -0.000875457
7.44 -0.000871094
7.45 -0.00029637
7.46 0.000499909
7.47 0.00104824
7.48 0.00103598
7.49 0.000473446
7.5 -0.000328409
7.51 -0.000935654
7.52 -0.00102438
7.53 -0.000556719
7.54 0.00018908
7.55 0.000766086
7.56 0.000818898
7.57 0.000305971
7.58 -0.000464381
7.59 -0.00101896
7.6 -0.00101141
7.61 -0.000437727
7.62 0.000356879
7.63 0.000886223
7.64 0.000822274
7.65 0.000200012
7.66 -0.000602275
7.67 -0.00109531
7.68 -0.000973673
7.69 -0.000288183
7.7 0.00059898
7.71 0.00123051
7.72 0.00130357
7.73 0.000817932
7.74 6.00907e-05
7.75 -0.000556685
7.76 -0.000714921
7.77 -0.000364914
7.78 0.000250209
7.79 0.000738086
7.8 0.000787464
7.81 0.000345667
7.82 -0.000356492
7.83 -0.000936644
7.84 -0.00107447
7.85 -0.000695029
7.86 -1.74491e-05
7.87 0.000573952
7.88 0.000756669
7.89 0.000459149
7.9 -0.000103217
7.91 -0.000569483
7.92 -0.000650538
7.93 -0.000290686
7.94 0.000306118
7.95 0.000793604
7.96 0.000881269
7.97 0.00050501
7.98 -0.000129749
7.99 -0.000665488
8 -0.000806291
8.01 -0.000497995
8.02 3.84871e-05
8.03 0.000444748
8.04 0.000451888
8.05 5.69697e-05
8.06 -0.000466542
8.07 -0.00074018
8.08 -0.000528769
8.09 9.75277e-05
8.1 0.000796605
8.11 0.00116142
8.12 0.000968386
8.13 0.000316872
8.14 -0.000422339
8.15 -0.000824137
8.16 -0.000668744
8.17 -8.41583e-05
8.18 0.000528021
8.19 0.000746249
8.2 0.000400544
8.21 -0.000315155
8.22 -0.000960476
8.23 -0.00111984
8.24 -0.000659679
8.25 0.000185278
8.26 0.000948822
8.27 0.00120911
8.28 0.000838179
8.29 7.80307e-05
8.3 -0.000603721
8.31 -0.000795823
8.32 -0.000392684
8.33 0.000342156
8.34 0.000936912
8.35 0.000997017
8.36 0.00044215
8.37 -0.000443803
8.38 -0.00117534
8.39 -0.00134466
8.4 -0.000858241
8.41 2.74607e-06
8.42 0.000742956
8.43 0.000944848
8.44 0.000512921
8.45 -0.000275004
8.46 -0.000933903
8.47 -0.00105276
8.48 -0.000530013
8.49 0.000366552
8.5 0.00115046
8.51 0.00139523
8.52 0.000981506
8.53 0.000166024
8.54 -0.000572412
8.55 -0.000818986
8.56 -0.000467008
8.57 0.000225785
8.58 0.000799145
8.59 0.000872435
8.6 0.000377883
8.61 -0.000399213
8.62 -0.00100231
8.63 -0.0010907
8.64 -0.000642623
8.65 5.21988e-05
8.66 0.00058965
8.67 0.000698296
8.68 0.000383697
8.69 -0.00010129
8.7 -0.000423584
8.71 -0.000368045
8.72 4.25012e-05
8.73 0.00056618
8.74 0.000887326
8.75 0.000803871
8.76 0.000345984
8.77 -0.000242858
8.78 -0.000649031
8.79 -0.000671904
8.8 -0.000338997
8.81 0.000117474
8.82 0.00040805
8.83 0.00036138
8.84 1.70706e-05
8.85 -0.000413363
8.86 -0.000679586
8.87 -0.000631732
8.88 -0.00029056
8.89 0.000174031
8.9 0.000531899
8.91 0.000607146
8.92 0.000371148
8.93 -3.3951e-05
8.94 -0.000366395
8.95 -0.000421306
8.96 -0.000154928
8.97 0.000280845
8.98 0.000620112
8.99 0.000636728
9 0.000281318
9.01 -0.00028057
9.02 -0.00075753
9.03 -0.000899673
9.04 -0.000643019
9.05 -0.000143413
9.06 0.000316605
9.07 0.000488614
9.08 0.000294304
9.09 -0.000135394
9.1 -0.000534356
9.11 -0.000646586
9.12 -0.000369458
9.13 0.000179451
9.14 0.000717523
9.15 0.00095467
9.16 0.000763106
9.17 0.000253034
9.18 -0.000293585
9.19 -0.000588073
9.2 -0.000496178
9.21 -0.000102331
9.22 0.000351327
9.23 0.000607175
9.24 0.000532225
9.25 0.000180497
9.26 -0.000251444
9.27 -0.000541814
9.28 -0.000560005
9.29 -0.000321253
9.3 3.38603e-05
9.31 0.000312008
9.32 0.000361815
9.33 0.000158613
9.34 -0.000166103
9.35 -0.000387439
9.36 -0.000324323
9.37 3.01551e-05
9.38 0.000480513
9.39 0.000737964
9.4 0.000603514
9.41 0.000102134
9.42 -0.000522906
9.43 -0.000948285
9.44 -0.000950665
9.45 -0.000525893
9.46 0.000107513
9.47 0.00061651
9.48 0.000724292
9.49 0.000364364
9.5 -0.000267229
9.51 -0.000805543
9.52 -0.000917993
9.53 -0.0005033
9.54 0.000233089
9.55 0.00088502
9.56 0.00108201
9.57 0.00071724
9.58 2.25577e-05
9.59 -0.000569127
9.6 -0.000691332
9.61 -0.000279009
9.62 0.000382687
9.63 0.000841405
9.64 0.000770117
9.65 0.0001749
9.66 -0.000607876
9.67 -0.001113
9.68 -0.00102232
9.69 -0.000359022
9.7 0.000512459
9.71 0.00109146
9.72 0.00103956
9.73 0.000391357
9.74 -0.000461701
9.75 -0.00101163
9.76 -0.000945298
9.77 -0.000328668
9.78 0.000446705
9.79 0.000912304
9.8 0.000806835
9.81 0.000224439
9.82 -0.00045618
9.83 -0.000813239
9.84 -0.000642656
9.85 -7.61747e-05
9.86 0.000512492
9.87 0.000747296
9.88 0.000480965
9.89 -0.00012121
9.9 -0.000685721
9.91 -0.000854144
9.92 -0.000496986
9.93 0.000201706
9.94 0.000844413
9.95 0.00105656
9.96 0.000718044
9.97 3.89004e-05
9.98 -0.000575492
9.99 -0.000780337
10 -0.000496236
10.01 6.35988e-05
10.02 0.000541391
10.03 0.000652427
10.04 0.000345209
10.05 -0.000178868
10.06 -0.000593274
10.07 -0.000646596
10.08 -0.000314284
10.09 0.000192611
10.1 0.000564635
10.11 0.000583711
10.12 0.000246338
10.13 -0.000244312
10.14 -0.000601143
10.15 -0.000615445
10.16 -0.000269088
10.17 0.000260362
10.18 0.000697512
10.19 0.000812462
10.2 0.000537447
10.21 3.24854e-06
10.22 -0.000526245
10.23 -0.000794565
10.24 -0.000694698
10.25 -0.000326107
10.26 7.32331e-05
10.27 0.000275591
10.28 0.000196236
10.29 -6.97156e-05
10.3 -0.000320372
10.31 -0.000376097
10.32 -0.000182118
10.33 0.000171947
10.34 0.000513255
10.35 0.000678539
10.36 0.000588303
10.37 0.00027961
10.38 -0.000106954
10.39 -0.000385859
10.4 -0.000416612
10.41 -0.000185598
10.42 0.000171495
10.43 0.000435102
10.44 0.000429625
10.45 0.000138391
10.46 -0.000274537
10.47 -0.000561221
10.48 -0.000547312
10.49 -0.000244699
10.5 0.000157437
10.51 0.000415418
10.52 0.000382313
10.53 9.01199e-05
10.54 -0.000279098
10.55 -0.000503871
10.56 -0.000447585
10.57 -0.000131619
10.58 0.000277664
10.59 0.000561032
10.6 0.000567387
10.61 0.000296552
10.62 -9.87182e-05
10.63 -0.000391184
10.64 -0.000401693
10.65 -0.000106104
10.66 0.000336011
10.67 0.000661913
10.68 0.000661402
10.69 0.000312263
10.7 -0.000199006
10.71 -0.000587724
10.72 -0.000637401
10.73 -0.000319416
10.74 0.000192473
10.75 0.000611924
10.76 0.000692263
10.77 0.000370977
10.78 -0.000176201
10.79 -0.000621599
10.8 -0.000676639
10.81 -0.000272965
10.82 0.000383187
10.83 0.000921881
10.84 0.00102138
10.85 0.000597962
10.86 -0.000136667
10.87 -0.000789417
10.88 -0.00101068
10.89 -0.000698359
10.9 -5.62871e-05
10.91 0.000532159
10.92 0.000738772
10.93 0.000485323
10.94 -2.30395e-05
10.95 -0.000438905
10.96 -0.00049001
10.97 -0.000137097
10.98 0.000413892
10.99 0.000841162
11 0.000897343
11.01 0.000551737
11.02 4.89335e-06
11.03 -0.0004326
11.04 -0.000524884
11.05 -0.000249388
11.06 0.00019428
11.07 0.00051101
11.08 0.000492855
11.09 0.000144373
11.1 -0.000324191
11.11 -0.000628549
11.12 -0.000584866
11.13 -0.000221665
11.14 0.000238364
11.15 0.000516077
11.16 0.000448224
11.17 8.89844e-05
11.18 -0.000320265
11.19 -0.000497329
11.2 -0.000297654
11.21 0.00018468
11.22 0.000662497
11.23 0.000825946
11.24 0.000536651
11.25 -7.32824e-05
11.26 -0.000665968
11.27 -0.000898
11.28 -0.000637648
11.29 -5.79687e-05
11.3 0.000463991
11.31 0.000585882
11.32 0.000224925
11.33 -0.000380741
11.34 -0.000822752
11.35 -0.0007923
11.36 -0.000288922
11.37 0.000376382
11.38 0.000790365
11.39 0.000715338
11.4 0.000241161
11.41 -0.000289337
11.42 -0.000520668
11.43 -0.000320569
11.44 0.000145792
11.45 0.000542216
11.46 0.00059002
11.47 0.000242018
11.48 -0.000301279
11.49 -0.000726754
11.5 -0.000800924
11.51 -0.000503897
11.52 -3.19046e-05
11.53 0.000327592
11.54 0.000370149
11.55 9.10225e-05
11.56 -0.000324004
11.57 -0.000620215
11.58 -0.000626242
11.59 -0.000345597
11.6 5.78751e-05
11.61 0.000363196
11.62 0.000422038
11.63 0.000240514
11.64 -3.56713e-05
11.65 -0.000220843
11.66 -0.000205565
11.67 -1.79504e-05
11.68 0.000198806
11.69 0.000276332
11.7 0.000131835
11.71 -0.000165444
11.72 -0.000425891
11.73 -0.000463222
11.74 -0.00022869
11.75 0.00014529
11.76 0.000426892
11.77 0.000433787
11.78 0.000149981
11.79 -0.000260923
11.8 -0.000552894
11.81 -0.000546808
11.82 -0.000242077
11.83 0.000178898
11.84 0.000460586
11.85 0.000434569
11.86 0.000130146
11.87 -0.0002392
11.88 -0.00041116
11.89 -0.000247225
11.9 0.000171395
11.91 0.000589959
11.92 0.000739629
11.93 0.000507455
11.94 9.41152e-06
11.95 -0.000478507
11.96 -0.000685161
11.97 -0.000505993
11.98 -6.43589e-05
11.99 0.000365346
12 0.00052126
12.01 0.000307116
12.02 -0.000147822
12.03 -0.000558045
12.04 -0.000649942
12.05 -0.000332003
12.06 0.000243193
12.07 0.000767245
12.08 0.000955083
12.09 0.00070372
12.1 0.000144323
12.11 -0.00043174
12.12 -0.000727546
12.13 -0.00059686
12.14 -0.000126073
12.15 0.000403927
12.16 0.000668671
12.17 0.000490763
12.18 -4.17758e-05
12.19 -0.000613247
12.2 -0.000864239
12.21 -0.000614042
12.22 1.76875e-05
12.23 0.000671986
12.24 0.000964084
12.25 0.00072063
12.26 9.29596e-05
12.27 -0.000525337
12.28 -0.00072957
12.29 -0.000350193
12.3 0.000429471
12.31 0.00116128
12.32 0.00139038
12.33 0.00094098
12.34 4.9049e-05
12.35 -0.000763865
12.36 -0.00101443
12.37 -0.000569665
12.38 0.000266183
12.39 0.000949221
12.4 0.00104101
12.41 0.00047608
12.42 -0.000407234
12.43 -0.00107856
12.44 -0.00113493
12.45 -0.000539801
12.46 0.000354443
12.47 0.00101605
12.48 0.00105447
12.49 0.000456215
12.5 -0.000411384
12.51 -0.00102724
12.52 -0.00102697
12.53 -0.000408965
12.54 0.000473442
12.55 0.0011177
12.56 0.00115695
12.57 0.000568258
12.58 -0.000310638
12.59 -0.000971019
12.6 -0.00102883
12.61 -0.000457227
12.62 0.000389518
12.63 0.000987124
12.64 0.000962401
12.65 0.000322292
12.66 -0.000553575
12.67 -0.00115056
12.68 -0.00113403
12.69 -0.000541862
12.7 0.000259401
12.71 0.000811515
12.72 0.000834248
12.73 0.000367446
12.74 -0.00027836
12.75 -0.000713573
12.76 -0.000688372
12.77 -0.000224498
12.78 0.00040423
12.79 0.000830343
12.8 0.000801666
12.81 0.000322975
12.82 -0.000347349
12.83 -0.000842036
12.84 -0.000891144
12.85 -0.000475217
12.86 0.000163396
12.87 0.000660605
12.88 0.000741053
12.89 0.000376332
12.9 -0.000200463
12.91 -0.000633518
12.92 -0.000655659
12.93 -0.000246019
12.94 0.000360382
12.95 0.000814769
12.96 0.000858695
12.97 0.00046718
12.98 -0.000146261
12.99 -0.000655079
13 -0.000798815
13.01 -0.000520424
13.02 6.45989e-06
13.03 0.000475693
13.04 0.000622992
13.05 0.000380623
13.06 -7.92045e-05
13.07 -0.000444399
13.08 -0.00045176
13.09 -5.10098e-05
13.1 0.000557965
13.11 0.00104049
13.12 0.00112618
13.13 0.000772028
13.14 0.00019144
13.15 -0.000271997
13.16 -0.000351974
13.17 -1.81881e-05
13.18 0.000512604
13.19 0.000910852
13.2 0.00092675
13.21 0.000531161
13.22 -6.95997e-05
13.23 -0.000551208
13.24 -0.000657866
13.25 -0.000351001
13.26 0.000172411
13.27 0.000605499
13.28 0.000720047
13.29 0.000496074
13.3 0.000114372
13.31 -0.000170599
13.32 -0.000185915
13.33 7.02485e-05
13.34 0.000440404
13.35 0.000698898
13.36 0.000677185
13.37 0.000365517
13.38 -7.14348e-05
13.39 -0.000390101
13.4 -0.000421547
13.41 -0.000176521
13.42 0.000172073
13.43 0.000408351
13.44 0.00040363
13.45 0.000179267
13.46 -0.000117013
13.47 -0.000298962
13.48 -0.000251901
13.49 -5.44833e-06
13.5 0.000283693
13.51 0.000435444
13.52 0.000365023
13.53 0.000129675
13.54 -0.000123612
13.55 -0.000256293
13.56 -0.000209479
13.57 -2.04085e-05
13.58 0.000202839
13.59 0.000332799
13.6 0.000288564
13.61 8.73406e-05
13.62 -0.000157921
13.63 -0.000304015
13.64 -0.000265992
13.65 -6.99486e-05
13.66 0.000162855
13.67 0.000288667
13.68 0.000224496
13.69 -6.34721e-06
13.7 -0.000287687
13.71 -0.000471397
13.72 -0.000454516
13.73 -0.000235544
13.74 8.0305e-05
13.75 0.000333083
13.76 0.000391285
13.77 0.00022062
13.78 -9.86526e-05
13.79 -0.000412145
13.8 -0.000565313
13.81 -0.000475118
13.82 -0.000172788
13.83 0.00019715
13.84 0.000431552
13.85 0.000371637
13.86 9.24827e-06
13.87 -0.000482305
13.88 -0.00083777
13.89 -0.000864272
13.9 -0.000565804
13.91 -0.000136257
13.92 0.000169191
13.93 0.000189712
13.94 -5.6593e-05
13.95 -0.000395107
13.96 -0.000596706
13.97 -0.000504412
13.98 -0.000123028
13.99 0.000380572
14 0.000773808
14.01 0.000891617
14.02 0.000718232
14.03 0.00037427
14.04 3.87349e-05
14.05 -0.000137494
14.06 -9.60378e-05
14.07 0.000100042
14.08 0.000293445
14.09 0.000321621
14.1 0.000125413
14.11 -0.000196648
14.12 -0.000439454
14.13 -0.000428314
14.14 -0.000149007
14.15 0.000232146
14.16 0.000481626
14.17 0.000461774
14.18 0.000221727
14.19 -4.28239e-05
14.2 -0.000122173
14.21 7.10049e-05
14.22 0.000439915
14.23 0.000755856
14.24 0.000803705
14.25 0.000531334
14.26 9.22393e-05
14.27 -0.000258647
14.28 -0.000338395
14.29 -0.00014551
14.3 0.000165836
14.31 0.000405357
14.32 0.000461244
14.33 0.000341687
14.34 0.000142882
14.35 -1.66627e-05
14.36 -5.71402e-05
14.37 2.75465e-05
14.38 0.000171081
14.39 0.000273451
14.4 0.00026019
14.41 0.000128707
14.42 -4.69432e-05
14.43 -0.000156653
14.44 -0.000118116
14.45 7.1086e-05
14.46 0.000323063
14.47 0.000499657
14.48 0.000485988
14.49 0.000259783
14.5 -8.61862e-05
14.51 -0.000389431
14.52 -0.000508786
14.53 -0.000405101
14.54 -0.000158441
14.55 9.00824e-05
14.56 0.000231385
14.57 0.000250801
14.58 0.000217747
14.59 0.000216815
14.6 0.000277637
14.61 0.000357086
14.62 0.000381055
14.63 0.000305516
14.64 0.000149159
14.65 -1.9688e-05
14.66 -0.000126208
14.67 -0.000134191
14.68 -6.60363e-05
14.69 1.88228e-05
14.7 7.23226e-05
14.71 8.79507e-05
14.72 8.43205e-05
14.73 6.89733e-05
14.74 3.30592e-05
14.75 -1.66693e-05
14.76 -3.73138e-05
14.77 1.9139e-05
14.78 0.000147871
14.79 0.000272133
14.8 0.000294505
14.81 0.000178601
14.82 -1.03919e-05
14.83 -0.000144624
14.84 -0.000128262
14.85 2.21013e-05
14.86 0.000178658
14.87 0.000193605
14.88 1.79874e-05
14.89 -0.000242764
14.9 -0.000391412
14.91 -0.000288067
14.92 2.62862e-05
14.93 0.000340605
14.94 0.000425382
14.95 0.000210745
14.96 -0.000156552
14.97 -0.00042947
14.98 -0.000453058
14.99 -0.000271681
15 -7.27144e-05
15.01 -2.86348e-05
15.02 -0.000168099
15.03 -0.000362986
15.04 -0.000426034
15.05 -0.000247755
15.06 0.000116986
15.07 0.000471866
15.08 0.000602995
15.09 0.00042586
15.1 5.11444e-05
15.11 -0.000282921
15.12 -0.000363044
15.13 -0.000129183
15.14 0.000299596
15.15 0.000701453
15.16 0.000874821
15.17 0.000743412
15.18 0.000392787
15.19 1.71085e-05
15.2 -0.000194454
15.21 -0.000160651
15.22 5.46372e-05
15.23 0.000282623
15.24 0.000345058
15.25 0.00015966
15.26 -0.000200317
15.27 -0.000538631
15.28 -0.000656978
15.29 -0.000490534
15.3 -0.000160661
15.31 9.70895e-05
15.32 8.1884e-05
15.33 -0.00024315
15.34 -0.00071868
15.35 -0.00107288
15.36 -0.00107929
15.37 -0.000702511
15.38 -0.000137384
15.39 0.000300326
15.4 0.000377178
15.41 0.000107464
15.42 -0.00024471
15.43 -0.000346819
15.44 -3.99999e-05
15.45 0.000540897
15.46 0.00106203
15.47 0.00122468
15.48 0.000964978
15.49 0.000485458
15.5 0.000107217
15.51 4.91427e-05
15.52 0.000286022
15.53 0.000583173
15.54 0.000680088
15.55 0.000481335
15.56 0.000109271
15.57 -0.000206633
15.58 -0.000296933
15.59 -0.000143193
15.6 0.00014859
15.61 0.000430985
15.62 0.000581429
15.63 0.000535634
15.64 0.000309218
15.65 9.47142e-06
15.66 -0.000193623
15.67 -0.000154854
15.68 0.000136541
15.69 0.0005076
15.7 0.000678984
15.71 0.000445789
15.72 -0.000155537
15.73 -0.000827004
15.74 -0.00117921
15.75 -0.000994998
15.76 -0.000398646
15.77 0.000212281
15.78 0.00044358
15.79 0.000188787
15.8 -0.000300866
15.81 -0.000617995
15.82 -0.000509516
15.83 -5.34698e-05
15.84 0.000417577
15.85 0.000565607
15.86 0.000277103
15.87 -0.000274518
15.88 -0.000752598
15.89 -0.000872714
15.9 -0.000575357
15.91 -5.46287e-05
15.92 0.000371043
15.93 0.000460899
15.94 0.000194334
15.95 -0.000233378
15.96 -0.000543571
15.97 -0.000535593
15.98 -0.000185456
15.99 0.000346928
16 0.000791074
16.01 0.000898193
16.02 0.000587876
16.03 2.90346e-05
16.04 -0.000425354
16.05 -0.000446195
16.06 4.03327e-05
16.07 0.000770327
16.08 0.00129482
16.09 0.00126968
16.1 0.000673831
16.11 -0.000190235
16.12 -0.000890643
16.13 -0.00110938
16.14 -0.000797772
16.15 -0.000190738
16.16 0.000310968
16.17 0.000347177
16.18 -0.000189721
16.19 -0.00105464
16.2 -0.00175035
16.21 -0.001809
16.22 -0.00109451
16.23 7.37692e-05
16.24 0.00108394
16.25 0.00138819
16.26 0.00082052
16.27 -0.000300818
16.28 -0.00132794
16.29 -0.0016244
16.3 -0.000941407
16.31 0.000376247
16.32 0.00153154
16.33 0.00174935
16.34 0.000803257
16.35 -0.000777242
16.36 -0.0020118
16.37 -0.00210639
16.38 -0.000974413
16.39 0.000709126
16.4 0.00193316
16.41 0.00196923
16.42 0.000804295
16.43 -0.000852234
16.44 -0.00197943
16.45 -0.00184826
16.46 -0.00047613
16.47 0.00135256
16.48 0.00254622
16.49 0.00236923
16.5 0.000893222
16.51 -0.00104771
16.52 -0.0023604
16.53 -0.00233103
16.54 -0.00101557
16.55 0.000822613
16.56 0.00215708
16.57 0.00226696
16.58 0.00112756
16.59 -0.000588819
16.6 -0.00190405
16.61 -0.00209539
16.62 -0.00109911
16.63 0.000478744
16.64 0.00173539
16.65 0.00199205
16.66 0.00115855
16.67 -0.00024866
16.68 -0.00141687
16.69 -0.00169223
16.7 -0.000939447
16.71 0.000380689
16.72 0.00146113
16.73 0.00160097
16.74 0.000622586
16.75 -0.000984374
16.76 -0.00230405
16.77 -0.00252063
16.78 -0.0014362
16.79 0.0003662
16.8 0.00185219
16.81 0.0021679
16.82 0.00117157
16.83 -0.000487824
16.84 -0.00178035
16.85 -0.00190913
16.86 -0.00075539
16.87 0.0010795
16.88 0.00262498
16.89 0.00308552
16.9 0.00222085
16.91 0.000477357
16.92 -0.00123214
16.93 -0.00205145
16.94 -0.00163704
16.95 -0.000327779
16.96 0.00105969
16.97 0.00171148
16.98 0.00128206
16.99 8.13766e-05
17 -0.00111761
17.01 -0.00154446
17.02 -0.000896081
17.03 0.0004906
17.04 0.00186042
17.05 0.00248462
17.06 0.00204874
17.07 0.000797152
17.08 -0.00060665
17.09 -0.00142324
17.1 -0.00123794
17.11 -0.000211907
17.12 0.00100108
17.13 0.00163817
17.14 0.00127253
17.15 6.01929e-05
17.16 -0.00134288
17.17 -0.00214909
17.18 -0.00189865
17.19 -0.00074597
17.2 0.000615978
17.21 0.00136794
17.22 0.00106574
17.23 -8.14903e-05
17.24 -0.00133402
17.25 -0.00188522
17.26 -0.00136986
17.27 -7.89245e-05
17.28 0.00124186
17.29 0.00183749
17.3 0.00135411
17.31 1.83888e-05
17.32 -0.00148285
17.33 -0.00236765
17.34 -0.00219064
17.35 -0.00109801
17.36 0.000255737
17.37 0.00109346
17.38 0.000966575
17.39 3.03553e-06
17.4 -0.00117556
17.41 -0.00182239
17.42 -0.00150932
17.43 -0.000375038
17.44 0.00097383
17.45 0.00182523
17.46 0.00175337
17.47 0.000831168
17.48 -0.000428736
17.49 -0.00135339
17.5 -0.00146807
17.51 -0.000748927
17.52 0.000377791
17.53 0.00128103
17.54 0.00145672
17.55 0.000774041
17.56 -0.000457759
17.57 -0.00162065
17.58 -0.00208736
17.59 -0.00157032
17.6 -0.000320297
17.61 0.000984375
17.62 0.00162604
17.63 0.00128076
17.64 0.000217562
17.65 -0.000871389
17.66 -0.0013036
17.67 -0.000821854
17.68 0.000272121
17.69 0.00133016
17.7 0.00174621
17.71 0.00128675
17.72 0.000205653
17.73 -0.000902469
17.74 -0.00143115
17.75 -0.00109654
17.76 -8.91488e-05
17.77 0.00104313
17.78 0.00169271
17.79 0.00150096
17.8 0.000536642
17.81 -0.000735147
17.82 -0.00167984
17.83 -0.00181908
17.84 -0.00109436
17.85 8.44518e-05
17.86 0.00105753
17.87 0.00128216
17.88 0.000638407
17.89 -0.000494391
17.9 -0.00144126
17.91 -0.00162007
17.92 -0.000891378
17.93 0.00035324
17.94 0.00141933
17.95 0.00170042
17.96 0.00100937
17.97 -0.000308302
17.98 -0.00153389
17.99 -0.00196407
18 -0.00134138
18.01 -4.55423e-05
18.02 0.00112269
18.03 0.00144038
18.04 0.000715478
18.05 -0.000589652
18.06 -0.00163784
18.07 -0.00173173
18.08 -0.000740019
18.09 0.000831437
18.1 0.00214027
18.11 0.00247712
18.12 0.00165431
18.13 0.000120869
18.14 -0.00126886
18.15 -0.00173413
18.16 -0.00103265
18.17 0.000385184
18.18 0.00165109
18.19 0.00201025
18.2 0.00128215
18.21 -2.68877e-05
18.22 -0.00103993
18.23 -0.0010707
18.24 -6.69068e-05
18.25 0.00137078
18.26 0.00238309
18.27 0.00238072
18.28 0.00139198
18.29 3.2299e-05
18.3 -0.000885957
18.31 -0.000837961
18.32 0.000106903
18.33 0.0013428
18.34 0.00211818
18.35 0.00197555
18.36 0.000980845
18.37 -0.000349609
18.38 -0.00134153
18.39 -0.00152111
18.4 -0.000872074
18.41 0.000153678
18.42 0.000896492
18.43 0.000876144
18.44 7.99522e-05
18.45 -0.0010192
18.46 -0.00174422
18.47 -0.00162994
18.48 -0.000704896
18.49 0.000534284
18.5 0.00141789
18.51 0.00147213
18.52 0.000661946
18.53 -0.000598554
18.54 -0.00166167
18.55 -0.00199135
18.56 -0.00146182
18.57 -0.000431447
18.58 0.00045761
18.59 0.000647809
18.6 -1.55726e-05
18.61 -0.00118429
18.62 -0.00218118
18.63 -0.00239047
18.64 -0.00164889
18.65 -0.000378687
18.66 0.000653794
18.67 0.000810663
18.68 -1.90402e-05
18.69 -0.00133245
18.7 -0.0023
18.71 -0.00226569
18.72 -0.00114649
18.73 0.000511344
18.74 0.00183952
18.75 0.00212835
18.76 0.00122692
18.77 -0.000343369
18.78 -0.00164982
18.79 -0.00189047
18.8 -0.000903111
18.81 0.000717226
18.82 0.00197688
18.83 0.00207184
18.84 0.00085681
18.85 -0.00105148
18.86 -0.00259493
18.87 -0.002878
18.88 -0.00169455
18.89 0.000346424
18.9 0.00214628
18.91 0.00271196
18.92 0.00170771
18.93 -0.000336938
18.94 -0.00228462
18.95 -0.0030016
18.96 -0.00200973
18.97 0.000211359
18.98 0.00246948
18.99 0.00353693
19 0.00282272
19.01 0.000750495
19.02 -0.00144829
19.03 -0.0024776
19.04 -0.00172065
19.05 0.000428476
19.06 0.00281016
19.07 0.00416062
19.08 0.00372557
19.09 0.00163664
19.1 -0.00109914
19.11 -0.00307504
19.12 -0.0032624
19.13 -0.00165751
19.14 0.00070389
19.15 0.00239733
19.16 0.00246233
19.17 0.000929154
19.18 -0.00123634
19.19 -0.00270094
19.2 -0.00254466
19.21 -0.000803812
19.22 0.0015753
19.23 0.00329254
19.24 0.00338961
19.25 0.00175453
19.26 -0.000796955
19.27 -0.00290388
19.28 -0.00338592
19.29 -0.00194254
19.3 0.000667127
19.31 0.00307413
19.32 0.00402487
19.33 0.00298566
19.34 0.000399561
19.35 -0.00249163
19.36 -0.00426325
19.37 -0.00405045
19.38 -0.0019992
19.39 0.000813765
19.4 0.00295118
19.41 0.00335616
19.42 0.00187211
19.43 -0.000729138
19.44 -0.00316648
19.45 -0.00427111
19.46 -0.00349101
19.47 -0.00118196
19.48 0.00154516
19.49 0.00339283
19.5 0.00347608
19.51 0.00175352
19.52 -0.000906026
19.53 -0.00311008
19.54 -0.0036394
19.55 -0.00212524
19.56 0.000705721
19.57 0.00339168
19.58 0.00454203
19.59 0.00359873
19.6 0.00108025
19.61 -0.00174686
19.62 -0.00352058
19.63 -0.00344755
19.64 -0.00166059
19.65 0.000910597
19.66 0.00302694
19.67 0.00371036
19.68 0.00267773
19.69 0.000471605
19.7 -0.00180043
19.71 -0.0030133
19.72 -0.00260105
19.73 -0.000848663
19.74 0.00129755
19.75 0.00274634
19.76 0.00278938
19.77 0.00142563
19.78 -0.000648392
19.79 -0.00236773
19.8 -0.00284504
19.81 -0.00187616
19.82 -6.27526e-05
19.83 0.00155916
19.84 0.00211158
19.85 0.00132771
19.86 -0.000336805
19.87 -0.00195856
19.88 -0.00265251
19.89 -0.00206213
19.9 -0.000534817
19.91 0.00111096
19.92 0.00203647
19.93 0.00179886
19.94 0.00056391
19.95 -0.000993191
19.96 -0.00204225
19.97 -0.00202951
19.98 -0.000965563
19.99 0.000602058
20 0.00187858
20.01 0.00220437
20.02 0.00138451
20.03 -0.000181111
20.04 -0.00165907
20.05 -0.00220967
20.06 -0.00147664
20.07 0.00017813
20.08 0.00188534
20.09 0.00276844
20.1 0.00240871
20.11 0.00103286
20.12 -0.000666956
20.13 -0.0019105
20.14 -0.00218372
20.15 -0.00143327
20.16 -4.26632e-05
20.17 0.00137083
20.18 0.00220493
20.19 0.00209415
20.2 0.0010849
20.21 -0.000350753
20.22 -0.0015111
20.23 -0.00181863
20.24 -0.00114762
20.25 0.000115034
20.26 0.00131875
20.27 0.0018985
20.28 0.00161734
20.29 0.000637153
20.3 -0.000585345
20.31 -0.00149328
20.32 -0.0016489
20.33 -0.000928945
20.34 0.000403376
20.35 0.001789
20.36 0.00260247
20.37 0.00244651
20.38 0.00136535
20.39 -0.000159011
20.4 -0.00142589
20.41 -0.00184919
20.42 -0.00126205
20.43 -2.74073e-05
20.44 0.00115013
20.45 0.00159409
20.46 0.00100557
20.47 -0.000368339
20.48 -0.00182991
20.49 -0.00258458
20.5 -0.0021871
20.51 -0.000802032
20.52 0.00089069
20.53 0.00206221
20.54 0.00215482
20.55 0.00115859
20.56 -0.000396359
20.57 -0.00170139
20.58 -0.002066
20.59 -0.00126726
20.6 0.000351651
20.61 0.00205555
20.62 0.00303622
20.63 0.00276406
20.64 0.00127616
20.65 -0.000756556
20.66 -0.00228335
20.67 -0.0024272
20.68 -0.0010632
20.69 0.00102346
20.7 0.00255617
20.71 0.00251783
20.72 0.000783349
20.73 -0.00176885
20.74 -0.00373616
20.75 -0.00399574
20.76 -0.00236155
20.77 0.00031189
20.78 0.00263369
20.79 0.00342738
20.8 0.00231263
20.81 -0.000107023
20.82 -0.00253779
20.83 -0.00367005
20.84 -0.00291048
20.85 -0.000737003
20.86 0.0016011
20.87 0.00282875
20.88 0.00233929
20.89 0.000465003
20.9 -0.00176165
20.91 -0.00315278
20.92 -0.00294547
20.93 -0.00119246
20.94 0.00124049
20.95 0.00310127
20.96 0.00342452
20.97 0.00210886
20.98 2.76136e-06
20.99 -0.00161601
21 -0.00182584
21.01 -0.000586807
21.02 0.00132154
21.03 0.00281747
21.04 0.00309895
21.05 0.00200713
21.06 5.89044e-05
21.07 -0.0018168
21.08 -0.00270713
21.09 -0.00215245
21.1 -0.000402312
21.11 0.00169138
21.12 0.00309055
21.13 0.00309168
21.14 0.00171529
21.15 -0.00029488
21.16 -0.00188757
21.17 -0.00229022
21.18 -0.00140622
21.19 0.000213528
21.2 0.00173728
21.21 0.00245176
21.22 0.00202214
21.23 0.000624354
21.24 -0.00108972
21.25 -0.00225311
21.26 -0.00223651
21.27 -0.00104675
21.28 0.000659531
21.29 0.00196196
21.3 0.00217651
21.31 0.00118692
21.32 -0.000528723
21.33 -0.00212337
21.34 -0.00278465
21.35 -0.00217412
21.36 -0.000639111
21.37 0.000973462
21.38 0.00179083
21.39 0.00139352
21.4 3.55746e-05
21.41 -0.00152807
21.42 -0.00248414
21.43 -0.00238735
21.44 -0.00133429
21.45 0.000160036
21.46 0.00144636
21.47 0.00199518
21.48 0.00157057
21.49 0.000360295
21.5 -0.00102284
21.51 -0.0017811
21.52 -0.0013925
21.53 -1.3741e-05
21.54 0.00156282
21.55 0.00239796
21.56 0.00197974
21.57 0.000508345
21.58 -0.00127352
21.59 -0.00251499
21.6 -0.00266839
21.61 -0.00171224
21.62 -0.000134129
21.63 0.00131515
21.64 0.00196897
21.65 0.00154481
21.66 0.000294724
21.67 -0.00109068
21.68 -0.00180278
21.69 -0.00133207
21.7 0.000227319
21.71 0.00219971
21.72 0.00366067
21.73 0.00389538
21.74 0.00277233
21.75 0.000836292
21.76 -0.000951543
21.77 -0.00169284
21.78 -0.00102816
21.79 0.00065672
21.8 0.00244397
21.81 0.00338044
21.82 0.00297609
21.83 0.00145057
21.84 -0.000400839
21.85 -0.00161658
21.86 -0.00156905
21.87 -0.000324049
21.88 0.001395
21.89 0.00260962
21.9 0.00261461
21.91 0.00136756
21.92 -0.000490142
21.93 -0.00196734
21.94 -0.00224154
21.95 -0.00110594
21.96 0.000925651
21.97 0.00287833
21.98 0.00377639
21.99 0.00312415
22 0.00120545
22.01 -0.000996808
22.02 -0.00227999
22.03 -0.00190571
22.04 -8.359e-05
22.05 0.00214371
22.06 0.00352029
22.07 0.00328351
22.08 0.00158702
22.09 -0.000596848
22.1 -0.00201276
22.11 -0.00182429
22.12 -0.000116888
22.13 0.00214966
22.14 0.00368557
22.15 0.00358378
22.16 0.00184987
22.17 -0.000576298
22.18 -0.00233022
22.19 -0.00241446
22.2 -0.000812865
22.21 0.00153138
22.22 0.00332552
22.23 0.00366825
22.24 0.00248151
22.25 0.00044024
22.26 -0.00145428
22.27 -0.00233544
22.28 -0.00179569
22.29 -5.59808e-05
22.3 0.00209628
22.31 0.0036191
22.32 0.00370667
22.33 0.00225667
22.34 -2.26527e-05
22.35 -0.00198642
22.36 -0.00267105
22.37 -0.00178618
22.38 0.000172642
22.39 0.00222132
22.4 0.00336209
22.41 0.00302139
22.42 0.00134753
22.43 -0.000797751
22.44 -0.00221515
22.45 -0.00200787
22.46 -0.000159881
22.47 0.00238879
22.48 0.00422895
22.49 0.00425351
22.5 0.00232819
22.51 -0.000570966
22.52 -0.00286896
22.53 -0.00329904
22.54 -0.00165344
22.55 0.00115904
22.56 0.00371119
22.57 0.00482474
22.58 0.00402605
22.59 0.0017378
22.6 -0.000903952
22.61 -0.00259274
22.62 -0.00247245
22.63 -0.000628784
22.64 0.00193573
22.65 0.00387824
22.66 0.00422752
22.67 0.00284016
22.68 0.000406136
22.69 -0.00191779
22.7 -0.00301729
22.71 -0.00229911
22.72 8.20575e-06
22.73 0.00291806
22.74 0.00507623
22.75 0.00538298
22.76 0.00355527
22.77 0.000303979
22.78 -0.00291677
22.79 -0.00458639
22.8 -0.00390379
22.81 -0.00125971
22.82 0.00199654
22.83 0.00430633
22.84 0.00460139
22.85 0.00274406
22.86 -0.000419814
22.87 -0.00339708
22.88 -0.00469341
22.89 -0.00355435
22.9 -0.000395164
22.91 0.00335291
22.92 0.00586396
22.93 0.00575703
22.94 0.00283895
22.95 -0.00164913
22.96 -0.00546585
22.97 -0.00663672
22.98 -0.00460324
22.99 -0.000388529
23 0.00401728
23.01 0.00671028
23.02 0.00674699
23.03 0.00433864
23.04 0.000516608
23.05 -0.00334264
23.06 -0.00588082
23.07 -0.00607489
23.08 -0.00364771
23.09 0.000626741
23.1 0.00506473
23.11 0.00775234
23.12 0.00735814
23.13 0.00379703
23.14 -0.00160704
23.15 -0.00654606
23.16 -0.00889143
23.17 -0.00775848
23.18 -0.00369492
23.19 0.00165037
23.2 0.00612702
23.21 0.00792127
23.22 0.00632838
23.23 0.00203564
23.24 -0.00321141
23.25 -0.00726799
23.26 -0.00839253
23.27 -0.0060023
23.28 -0.00101824
23.29 0.00450291
23.3 0.00824383
23.31 0.00863553
23.32 0.00554494
23.33 0.000279917
23.34 -0.00502388
23.35 -0.0082762
23.36 -0.00821771
23.37 -0.00494024
23.38 0.000106376
23.39 0.00480891
23.4 0.00731658
23.41 0.00666559
23.42 0.00306981
23.43 -0.00222315
23.44 -0.00732269
23.45 -0.0103602
23.46 -0.0101729
23.47 -0.00670675
23.48 -0.00114817
23.49 0.00451071
23.5 0.00825003
23.51 0.00876777
23.52 0.00604966
23.53 0.00140485
23.54 -0.00321558
23.55 -0.00606262
23.56 -0.00615623
23.57 -0.00356107
23.58 0.000725346
23.59 0.00516262
23.6 0.00820632
23.61 0.00883945
23.62 0.00688268
23.63 0.00298377
23.64 -0.00172364
23.65 -0.0058968
23.66 -0.00817462
23.67 -0.00754857
23.68 -0.00388972
23.69 0.00179145
23.7 0.00750351
23.71 0.0111025
23.72 0.0112014
23.73 0.00761068
23.74 0.00148853
23.75 -0.00502991
23.76 -0.00955695
23.77 -0.0102608
23.78 -0.00665029
23.79 4.91399e-05
23.8 0.00741982
23.81 0.012909
23.82 0.0147807
23.83 0.0126054
23.84 0.00726967
23.85 0.000571234
23.86 -0.00538021
23.87 -0.0087465
23.88 -0.00851684
23.89 -0.00493073
23.9 0.000562301
23.91 0.00601178
23.92 0.00972856
23.93 0.010574
23.94 0.00821283
23.95 0.003384
23.96 -0.00237272
23.97 -0.0071228
23.98 -0.00911118
23.99 -0.00756031
24 -0.00309606
24.01 0.00263697
24.02 0.00774207
24.03 0.0106737
24.04 0.0105559
24.05 0.00738395
24.06 0.00209299
24.07 -0.00375436
24.08 -0.00832502
24.09 -0.00997132
24.1 -0.00790551
24.11 -0.00266856
24.12 0.0041435
24.13 0.0105433
24.14 0.0146474
24.15 0.0150796
24.16 0.0114881
24.17 0.00481986
24.18 -0.00300717
24.19 -0.0094722
24.2 -0.0123105
24.21 -0.0105106
24.22 -0.00462831
24.23 0.00351845
24.24 0.0114311
24.25 0.0167412
24.26 0.0178917
24.27 0.0144469
24.28 0.00731369
24.29 -0.00154938
24.3 -0.00950817
24.31 -0.014185
24.32 -0.014386
24.33 -0.0103312
24.34 -0.00358218
24.35 0.00380401
24.36 0.0100966
24.37 0.0140864
24.38 0.0149879
24.39 0.0126815
24.4 0.00798242
24.41 0.00216098
24.42 -0.0035097
24.43 -0.00778515
24.44 -0.00957735
24.45 -0.00833274
24.46 -0.00439119
24.47 0.00113653
24.48 0.00677562
24.49 0.0111192
24.5 0.0130408
24.51 0.0118855
24.52 0.00777285
24.53 0.0015196
24.54 -0.00550942
24.55 -0.0115078
24.56 -0.0146055
24.57 -0.0135462
24.58 -0.00839564
24.59 -0.000589489
24.6 0.00777502
24.61 0.0147586
24.62 0.0188385
24.63 0.0189766
24.64 0.0149708
24.65 0.00755825
24.66 -0.00173636
24.67 -0.0105029
24.68 -0.016108
24.69 -0.0167473
24.7 -0.0121159
24.71 -0.00371159
24.72 0.00589362
24.73 0.0141844
24.74 0.0194364
24.75 0.0207529
24.76 0.0180064
24.77 0.0119979
24.78 0.00406659
24.79 -0.00426973
24.8 -0.0113174
24.81 -0.0154663
24.82 -0.0155723
24.83 -0.0114672
24.84 -0.0042382
24.85 0.00429473
24.86 0.0123938
24.87 0.0187935
24.88 0.0224167
24.89 0.0224238
24.9 0.0187334
24.91 0.011897
24.92 0.00300715
24.93 -0.00611948
24.94 -0.0132908
24.95 -0.0167981
24.96 -0.0159497
24.97 -0.0111298
24.98 -0.00370183
24.99 0.00452053
25 0.0119471
25.01 0.0174652
25.02 0.0200773
25.03 0.0189858
25.04 0.0143196
25.05 0.00707988
25.06 -0.00126513
25.07 -0.00873667
25.08 -0.013361
25.09 -0.0139021
25.1 -0.0102454
25.11 -0.00364241
25.12 0.00387305
25.13 0.0103786
25.14 0.0145243
25.15 0.015354
25.16 0.0123666
25.17 0.00619113
25.18 -0.00171852
25.19 -0.00943195
25.2 -0.0150055
25.21 -0.0170195
25.22 -0.0147442
25.23 -0.00871365
25.24 -0.000489869
25.25 0.00810141
25.26 0.0157269
25.27 0.0214902
25.28 0.0243635
25.29 0.0238792
25.3 0.0205082
25.31 0.0148192
25.32 0.00744506
25.33 -0.00067675
25.34 -0.00818067
25.35 -0.0136166
25.36 -0.0159319
25.37 -0.0144744
25.38 -0.00957008
25.39 -0.00266164
25.4 0.00446019
25.41 0.0105269
25.42 0.0149397
25.43 0.0171152
25.44 0.0166804
25.45 0.0139813
25.46 0.00953396
25.47 0.00376521
25.48 -0.00273557
25.49 -0.00887903
25.5 -0.0132946
25.51 -0.0148941
25.52 -0.0131208
25.53 -0.0083578
25.54 -0.00188474
25.55 0.00475316
25.56 0.0104361
25.57 0.014536
25.58 0.0163966
25.59 0.0156476
25.6 0.012767
25.61 0.00863681
25.62 0.00414452
25.63 9.02396e-05
25.64 -0.00298228
25.65 -0.00483696
25.66 -0.00548839
25.67 -0.00503372
25.68 -0.00365601
25.69 -0.00172034
25.7 0.000432912
25.71 0.00261189
25.72 0.0046554
25.73 0.00631487
25.74 0.00731379
25.75 0.00756595
25.76 0.00718618
25.77 0.00635242
25.78 0.00529179
25.79 0.0042459
25.8 0.00340031
25.81 0.00291807
25.82 0.00294736
25.83 0.00354483
25.84 0.00463555
25.85 0.00601215
25.86 0.00739544
25.87 0.00860133
25.88 0.00966428
25.89 0.0107791
25.9 0.012129
25.91 0.0137229
25.92 0.0153247
25.93 0.0164979
25.94 0.01671
25.95 0.0154477
25.96 0.0123634
25.97 0.00744478
25.98 0.00108817
25.99 -0.00575791
26 -0.0117697
26.01 -0.0156913
26.02 -0.0165778
26.03 -0.0142264
26.04 -0.00939617
26.05 -0.00334584
26.06 0.00269297
26.07 0.00783861
26.08 0.0116478
26.09 0.0138349
26.1 0.0142212
26.11 0.0130031
26.12 0.0106378
26.13 0.00762935
26.14 0.00454187
26.15 0.00180003
26.16 -0.000559127
26.17 -0.00275386
26.18 -0.00496217
26.19 -0.00715918
26.2 -0.00913408
26.21 -0.0105523
26.22 -0.0109948
26.23 -0.0100896
26.24 -0.00771499
26.25 -0.00415371
26.26 -0.000113129
26.27 0.00350061
26.28 0.00595143
26.29 0.00682585
26.3 0.00601002
26.31 0.00382965
26.32 0.000979776
26.33 -0.00185242
26.34 -0.0041517
26.35 -0.00557295
26.36 -0.00591396
26.37 -0.0051655
26.38 -0.00358666
26.39 -0.0015711
26.4 0.000527898
26.41 0.00247307
26.42 0.00409051
26.43 0.00520781
26.44 0.00569472
26.45 0.00547709
26.46 0.00453063
26.47 0.00291626
26.48 0.000768343
26.49 -0.00172603
26.5 -0.004236
26.51 -0.00629768
26.52 -0.00746715
26.53 -0.00749012
26.54 -0.00641047
26.55 -0.00451276
26.56 -0.0022313
26.57 -1.74899e-05
26.58 0.00182651
26.59 0.00314298
26.6 0.00379116
26.61 0.00360131
26.62 0.00251094
26.63 0.000636871
26.64 -0.0017821
26.65 -0.0043465
26.66 -0.0065202
26.67 -0.00775857
26.68 -0.00769682
26.69 -0.00635261
26.7 -0.00413872
26.71 -0.0017677
26.72 -3.44625e-05
26.73 0.000456734
26.74 -0.000646648
26.75 -0.00335973
26.76 -0.00722198
26.77 -0.0113555
26.78 -0.0146466
26.79 -0.0160441
26.8 -0.0149133
26.81 -0.0112412
26.82 -0.00568804
26.83 0.000596715
26.84 0.00636883
26.85 0.0108067
26.86 0.0134897
26.87 0.0140482
26.88 0.0124729
26.89 0.00926978
26.9 0.00503285
26.91 0.000351875
26.92 -0.00404515
26.93 -0.00739221
26.94 -0.0090919
26.95 -0.00882734
26.96 -0.00672503
26.97 -0.00347083
26.98 -2.45217e-05
26.99 0.00281445
27 0.00464409
27.01 0.00533656
27.02 0.00481682
27.03 0.0031557
27.04 0.000559804
27.05 -0.00267761
27.06 -0.00609041
27.07 -0.00906345
27.08 -0.010949
27.09 -0.0113439
27.1 -0.0102459
27.11 -0.00789318
27.12 -0.00469829
27.13 -0.00125208
27.14 0.0018985
27.15 0.00439095
27.16 0.00596393
27.17 0.00633981
27.18 0.00535722
27.19 0.00321113
27.2 0.000309711
27.21 -0.00281938
27.22 -0.00553538
27.23 -0.0072375
27.24 -0.00752667
27.25 -0.00644025
27.26 -0.00446313
27.27 -0.0022856
27.28 -0.000634683
27.29 -6.30273e-05
27.3 -0.00080655
27.31 -0.00277316
27.32 -0.00555364
27.33 -0.00852209
27.34 -0.010993
27.35 -0.0123599
27.36 -0.0122133
27.37 -0.0104695
27.38 -0.00746063
27.39 -0.0038776
27.4 -0.000540342
27.41 0.00195356
27.42 0.00340785
27.43 0.00389888
27.44 0.00359657
27.45 0.00275466
27.46 0.00167965
27.47 0.000587063
27.48 -0.000405831
27.49 -0.00118878
27.5 -0.00160105
27.51 -0.00148412
27.52 -0.000792947
27.53 0.000420542
27.54 0.00205657
27.55 0.00393083
27.56 0.0057781
27.57 0.00734233
27.58 0.00844776
27.59 0.00900219
27.6 0.00896017
27.61 0.00826951
27.62 0.00684135
27.63 0.00460339
27.64 0.00160372
27.65 -0.00193006
27.66 -0.00546058
27.67 -0.008225
27.68 -0.00953234
27.69 -0.00902854
27.7 -0.00688648
27.71 -0.00368639
27.72 -0.000143792
27.73 0.0031272
27.74 0.00573072
27.75 0.00739974
27.76 0.007913
27.77 0.00721468
27.78 0.00550057
27.79 0.00307561
27.8 0.000205724
27.81 -0.00283657
27.82 -0.0056763
27.83 -0.00784607
27.84 -0.00886398
27.85 -0.00841661
27.86 -0.00654609
27.87 -0.00367555
27.88 -0.000529271
27.89 0.00213526
27.9 0.0037633
27.91 0.00400059
27.92 0.00264285
27.93 -0.000307712
27.94 -0.00439283
27.95 -0.00864052
27.96 -0.0118292
27.97 -0.0128267
27.98 -0.0110195
27.99 -0.00658441
28 -0.000422302
28.01 0.00613402
28.02 0.0118447
28.03 0.0156907
28.04 0.0166668
28.05 0.0142566
28.06 0.00888164
28.07 0.00152608
28.08 -0.00634154
28.09 -0.0129452
28.1 -0.0166777
28.11 -0.0163117
28.12 -0.0116744
28.13 -0.00401912
28.14 0.00461953
28.15 0.0123922
28.16 0.0181788
28.17 0.0211612
28.18 0.0207524
28.19 0.017212
28.2 0.0112992
28.21 0.00379121
28.22 -0.00425888
28.23 -0.0113253
28.24 -0.0158732
28.25 -0.016873
28.26 -0.0140288
28.27 -0.00805155
28.28 -0.000442315
28.29 0.0071385
28.3 0.0136258
28.31 0.0184946
28.32 0.021029
28.33 0.0206555
28.34 0.0174182
28.35 0.0115834
28.36 0.00370431
28.37 -0.00508788
28.38 -0.0131392
28.39 -0.0189304
28.4 -0.0216321
28.41 -0.0208563
28.42 -0.0167422
28.43 -0.0101474
28.44 -0.00235409
28.45 0.00509932
28.46 0.0108772
28.47 0.0142174
28.48 0.0146199
28.49 0.0119759
28.5 0.00698741
28.51 0.000744196
28.52 -0.00548698
28.53 -0.0105205
28.54 -0.0134999
28.55 -0.013677
28.56 -0.0109255
28.57 -0.00607263
28.58 -0.00022799
28.59 0.00553253
28.6 0.0103974
28.61 0.0138202
28.62 0.0152002
28.63 0.0142766
28.64 0.0113622
28.65 0.00694709
28.66 0.0016585
28.67 -0.00373653
28.68 -0.00854029
28.69 -0.0123049
28.7 -0.0146926
28.71 -0.0153291
28.72 -0.0141162
28.73 -0.0112883
28.74 -0.00719161
28.75 -0.00238302
28.76 0.00251666
28.77 0.00703232
28.78 0.0108904
28.79 0.0138061
28.8 0.0152517
28.81 0.0148258
28.82 0.0124605
28.83 0.00831318
28.84 0.00300179
28.85 -0.00247549
28.86 -0.00704776
28.87 -0.00996563
28.88 -0.0108799
28.89 -0.00956249
28.9 -0.00619867
28.91 -0.00149792
28.92 0.00356943
28.93 0.00810617
28.94 0.0114291
28.95 0.0128343
28.96 0.0119113
28.97 0.00894374
28.98 0.00450349
28.99 -0.000799378
29 -0.00605211
29.01 -0.0101816
29.02 -0.0122993
29.03 -0.0118877
29.04 -0.00903077
29.05 -0.00431321
29.06 0.00156659
29.07 0.00786869
29.08 0.0139197
29.09 0.0190039
29.1 0.0222145
29.11 0.0229909
29.12 0.0213381
29.13 0.0175007
29.14 0.0120343
29.15 0.00582024
29.16 -0.000388007
29.17 -0.00595007
29.18 -0.0103735
29.19 -0.0133349
29.2 -0.0144037
29.21 -0.0133895
29.22 -0.0106077
29.23 -0.0065891
29.24 -0.0020916
29.25 0.0020238
29.26 0.00502984
29.27 0.00645402
29.28 0.00604226
29.29 0.00366501
29.3 -0.000455803
29.31 -0.0055044
29.32 -0.0103595
29.33 -0.0140053
29.34 -0.0155637
29.35 -0.0145484
29.36 -0.0112669
29.37 -0.00660848
29.38 -0.00163364
29.39 0.00271406
29.4 0.00585758
29.41 0.00763325
29.42 0.00807091
29.43 0.00726554
29.44 0.00548405
29.45 0.00306464
29.46 0.000220389
29.47 -0.00287055
29.48 -0.00595409
29.49 -0.00873744
29.5 -0.0109227
29.51 -0.0122632
29.52 -0.0125821
29.53 -0.0116996
29.54 -0.00949046
29.55 -0.00606598
29.56 -0.00183256
29.57 0.0026484
29.58 0.00686724
29.59 0.0104756
29.6 0.0131271
29.61 0.0144675
29.62 0.0144121
29.63 0.0131175
29.64 0.0108707
29.65 0.00822289
29.66 0.00587375
29.67 0.00433719
29.68 0.00384166
29.69 0.00430917
29.7 0.00535233
29.71 0.00651097
29.72 0.00746438
29.73 0.00801524
29.74 0.00806741
29.75 0.00761243
29.76 0.00665228
29.77 0.00517438
29.78 0.0031619
29.79 0.000531869
29.8 -0.0027754
29.81 -0.00661261
29.82 -0.0105626
29.83 -0.0139147
29.84 -0.0158679
29.85 -0.0158859
29.86 -0.0138163
29.87 -0.00991659
29.88 -0.00488682
29.89 0.000383703
29.9 0.0050427
29.91 0.0085273
29.92 0.0105156
29.93 0.0106393
29.94 0.00886455
29.95 0.00573735
29.96 0.00191895
29.97 -0.00203056
29.98 -0.00557705
29.99 -0.00823816
30 -0.00960494
30.01 -0.00949965
30.02 -0.00815839
30.03 -0.00613145
30.04 -0.00408765
30.05 -0.00260284
30.06 -0.00186218
30.07 -0.00158764
30.08 -0.00130955
30.09 -0.000658629
30.1 0.000473874
30.11 0.00191786
30.12 0.00332942
30.13 0.00436677
30.14 0.0048484
30.15 0.00476329
30.16 0.00418279
30.17 0.00320632
30.18 0.00193918
30.19 0.000476859
30.2 -0.00107636
30.21 -0.00253579
30.22 -0.00363962
30.23 -0.00413498
30.24 -0.0038573
30.25 -0.0028017
30.26 -0.00111961
30.27 0.000993704
30.28 0.00334705
30.29 0.00571444
30.3 0.00779836
30.31 0.00925709
30.32 0.00980214
30.33 0.00923614
30.34 0.00747991
30.35 0.00467374
30.36 0.00117483
30.37 -0.00253166
30.38 -0.00593079
30.39 -0.00858327
30.4 -0.0100815
30.41 -0.0101315
30.42 -0.00879436
30.43 -0.00643117
30.44 -0.00357031
30.45 -0.000867365
30.46 0.00118088
30.47 0.00245457
30.48 0.00311823
30.49 0.00339153
30.5 0.00339276
30.51 0.00315638
30.52 0.00264567
30.53 0.00183585
30.54 0.000880387
30.55 5.20088e-05
30.56 -0.000444843
30.57 -0.000591186
30.58 -0.000557362
30.59 -0.000581694
30.6 -0.000846167
30.61 -0.00141099
30.62 -0.00217285
30.63 -0.00290722
30.64 -0.00331277
30.65 -0.0030568
30.66 -0.00194115
30.67 6.79694e-06
30.68 0.00254196
30.69 0.00525835
30.7 0.00769078
30.71 0.00937885
30.72 0.0100126
30.73 0.00952897
30.74 0.00799422
30.75 0.00557105
30.76 0.00260983
30.77 -0.000456971
30.78 -0.00316557
30.79 -0.00511074
30.8 -0.00606281
30.81 -0.00592889
30.82 -0.0048441
30.83 -0.00315122
30.84 -0.00119326
30.85 0.000737656
30.86 0.00237581
30.87 0.00346461
30.88 0.00379835
30.89 0.0033345
30.9 0.00221468
30.91 0.00066904
30.92 -0.00107874
30.93 -0.00279057
30.94 -0.00420826
30.95 -0.00511274
30.96 -0.00537909
30.97 -0.00503535
30.98 -0.00423146
30.99 -0.00314197
31 -0.00193877
31.01 -0.000778439
31.02 0.000217739
31.03 0.000919395
31.04 0.00116184
31.05 0.000820845
31.06 -9.13267e-05
31.07 -0.0013721
31.08 -0.00264413
31.09 -0.00347534
31.1 -0.00354165
31.11 -0.00276491
31.12 -0.0013278
31.13 0.000524919
31.14 0.00262953
31.15 0.00485198
31.16 0.00697231
31.17 0.00861727
31.18 0.00933344
31.19 0.00870737
31.2 0.00649255
31.21 0.00278969
31.22 -0.00194125
31.23 -0.00686599
31.24 -0.0110067
31.25 -0.0134659
31.26 -0.0134952
31.27 -0.0109244
31.28 -0.00628934
31.29 -0.000477558
31.3 0.00545736
31.31 0.010673
31.32 0.0146797
31.33 0.0170089
31.34 0.0173589
31.35 0.0157862
31.36 0.0124264
31.37 0.00751813
31.38 0.00162268
31.39 -0.00437206
31.4 -0.00948158
31.41 -0.0128862
31.42 -0.0138651
31.43 -0.0120542
31.44 -0.00793721
31.45 -0.00253312
31.46 0.00309174
31.47 0.00812257
31.48 0.0120588
31.49 0.0143675
31.5 0.0146179
31.51 0.0128692
31.52 0.00945974
31.53 0.0048478
31.54 -0.00035745
31.55 -0.00537118
31.56 -0.00947555
31.57 -0.0121746
31.58 -0.0129506
31.59 -0.0115122
31.6 -0.00817481
31.61 -0.0035957
31.62 0.00145627
31.63 0.00615525
31.64 0.00982152
31.65 0.0119315
31.66 0.0121383
31.67 0.010514
31.68 0.00747123
31.69 0.00349469
31.7 -0.000949712
31.71 -0.00527669
31.72 -0.00886001
31.73 -0.0111556
31.74 -0.011657
31.75 -0.0101757
31.76 -0.00701039
31.77 -0.00270401
31.78 0.00212039
31.79 0.00682671
31.8 0.010894
31.81 0.0138363
31.82 0.0151768
31.83 0.0147146
31.84 0.0125287
31.85 0.00880359
31.86 0.0039228
31.87 -0.00157678
31.88 -0.00690514
31.89 -0.0111718
31.9 -0.0136057
31.91 -0.0135465
31.92 -0.0109675
31.93 -0.00662331
31.94 -0.00146808
31.95 0.00360713
31.96 0.00793915
31.97 0.0111354
31.98 0.0128228
31.99 0.0127568
32 0.0110492
32.01 0.00806304
32.02 0.00437355
32.03 0.000710482
32.04 -0.00229115
32.05 -0.00429934
32.06 -0.0052919
32.07 -0.00531368
32.08 -0.0043863
32.09 -0.00272367
32.1 -0.000661672
32.11 0.00153892
32.12 0.00371323
32.13 0.00571728
32.14 0.00737304
32.15 0.00857813
32.16 0.00927761
32.17 0.00928208
32.18 0.00835595
32.19 0.00645124
32.2 0.00378083
32.21 0.000794995
32.22 -0.00192353
32.23 -0.0038247
32.24 -0.00458343
32.25 -0.00418574
32.26 -0.00291208
32.27 -0.00125429
32.28 0.000396428
32.29 0.00194251
32.3 0.00345525
32.31 0.00493024
32.32 0.00614991
32.33 0.00680267
32.34 0.00664805
32.35 0.00561584
32.36 0.00389324
32.37 0.0018605
32.38 -0.000124897
32.39 -0.00182083
32.4 -0.00305778
32.41 -0.00370269
32.42 -0.00365248
32.43 -0.00288588
32.44 -0.00150809
32.45 0.000309886
32.46 0.00237323
32.47 0.00443644
32.48 0.00619992
32.49 0.00736251
32.5 0.00772872
32.51 0.00726103
32.52 0.00604832
32.53 0.00430708
32.54 0.00237275
32.55 0.000589146
32.56 -0.000791702
32.57 -0.00165051
32.58 -0.00201816
32.59 -0.00208837
32.6 -0.00211633
32.61 -0.00219801
32.62 -0.00218401
32.63 -0.00180353
32.64 -0.000866231
32.65 0.000636024
32.66 0.00254516
32.67 0.00459256
32.68 0.00649741
32.69 0.00804007
32.7 0.00907159
32.71 0.0095097
32.72 0.00934002
32.73 0.00860866
32.74 0.00736659
32.75 0.00558565
32.76 0.00316201
32.77 -3.56142e-06
32.78 -0.00375145
32.79 -0.0075816
32.8 -0.0108194
32.81 -0.0127317
32.82 -0.0128333
32.83 -0.011139
32.84 -0.00799526
32.85 -0.00394099
32.86 0.000370608
32.87 0.00431161
32.88 0.00749667
32.89 0.0097483
32.9 0.010823
32.91 0.0105939
32.92 0.00925693
32.93 0.00709722
32.94 0.00446351
32.95 0.0018628
32.96 -0.00027113
32.97 -0.00170716
32.98 -0.00238072
32.99 -0.00234874
33 -0.00174437
33.01 -0.000779127
33.02 0.00040965
33.03 0.00178654
33.04 0.00320545
33.05 0.00428589
33.06 0.00452483
33.07 0.00359427
33.08 0.00155523
33.09 -0.0011706
33.1 -0.00387569
33.11 -0.00578905
33.12 -0.00631678
33.13 -0.00514878
33.14 -0.0023906
33.15 0.00159501
33.16 0.00631548
33.17 0.0112209
33.18 0.0156067
33.19 0.0184576
33.2 0.0189078
33.21 0.0166046
33.22 0.0116147
33.23 0.00455446
33.24 -0.00343103
33.25 -0.0108306
33.26 -0.0162592
33.27 -0.0186588
33.28 -0.0172091
33.29 -0.0120295
33.3 -0.00433396
33.31 0.0042027
33.32 0.0121051
33.33 0.0184449
33.34 0.02232
33.35 0.0228554
33.36 0.0199931
33.37 0.0142964
33.38 0.00650459
33.39 -0.0023328
33.4 -0.0105867
33.41 -0.016629
33.42 -0.0193325
33.43 -0.0178851
33.44 -0.0123675
33.45 -0.00408918
33.46 0.00500507
33.47 0.013185
33.48 0.0194426
33.49 0.0229742
33.5 0.0231185
33.51 0.0201061
33.52 0.0146967
33.53 0.00758129
33.54 -0.000303263
33.55 -0.00750508
33.56 -0.012569
33.57 -0.0146167
33.58 -0.0132012
33.59 -0.0084211
33.6 -0.00136205
33.61 0.00629566
33.62 0.0131413
33.63 0.0184113
33.64 0.0214799
33.65 0.0216943
33.66 0.0190181
33.67 0.0139329
33.68 0.00706102
33.69 -0.000651656
33.7 -0.00782585
33.71 -0.0132717
33.72 -0.0164076
33.73 -0.0168458
33.74 -0.0144641
33.75 -0.00982682
33.76 -0.00387305
33.77 0.00237759
33.78 0.00793853
33.79 0.0120849
33.8 0.0142634
33.81 0.014187
33.82 0.01217
33.83 0.00889371
33.84 0.00506456
33.85 0.00140751
33.86 -0.00152582
33.87 -0.00343926
33.88 -0.00424926
33.89 -0.00401205
33.9 -0.00285804
33.91 -0.00113568
33.92 0.00072067
33.93 0.00237894
33.94 0.00364464
33.95 0.00442336
33.96 0.00463689
33.97 0.00435811
33.98 0.00384788
33.99 0.00337993
34 0.00322599
34.01 0.00362266
34.02 0.00461405
34.03 0.00608627
34.04 0.00789344
34.05 0.00985812
34.06 0.0117728
34.07 0.0134041
34.08 0.0144232
34.09 0.0144112
34.1 0.0130037
34.11 0.0100557
34.12 0.0057814
34.13 0.000760001
34.14 -0.00413622
34.15 -0.0080741
34.16 -0.0105266
34.17 -0.0111066
34.18 -0.00967183
34.19 -0.00659502
34.2 -0.00254095
34.21 0.00179701
34.22 0.00581807
34.23 0.00911746
34.24 0.0113614
34.25 0.0122754
34.26 0.0118004
34.27 0.0100167
34.28 0.00710501
34.29 0.00347843
34.3 -0.000375485
34.31 -0.00394215
34.32 -0.00673205
34.33 -0.00835675
34.34 -0.00846404
34.35 -0.00705145
34.36 -0.00463615
34.37 -0.00190161
34.38 0.000557183
34.39 0.00235034
34.4 0.0033052
34.41 0.00336829
34.42 0.0026254
34.43 0.00130933
34.44 -0.000287644
34.45 -0.00186622
34.46 -0.00316494
34.47 -0.00403577
34.48 -0.00447552
34.49 -0.00458538
34.5 -0.00448284
34.51 -0.00423067
34.52 -0.00385164
34.53 -0.00337369
34.54 -0.00282924
34.55 -0.00222987
34.56 -0.00154659
34.57 -0.000712616
34.58 0.000342661
34.59 0.00161079
34.6 0.00292707
34.61 0.00400652
34.62 0.00456599
34.63 0.00441475
34.64 0.00349186
34.65 0.00186306
34.66 -0.000365803
34.67 -0.00302159
34.68 -0.0058205
34.69 -0.00838782
34.7 -0.010236
34.71 -0.0108965
34.72 -0.0101021
34.73 -0.00783159
34.74 -0.00436508
34.75 -0.000253055
34.76 0.00386318
34.77 0.00751477
34.78 0.010392
34.79 0.012058
34.8 0.0121215
34.81 0.0105768
34.82 0.00770111
34.83 0.00399548
34.84 0.000164001
34.85 -0.00303958
34.86 -0.00503197
34.87 -0.00550114
34.88 -0.00426547
34.89 -0.00139472
34.9 0.00272145
34.91 0.00748726
34.92 0.0122412
34.93 0.0162155
34.94 0.0184467
34.95 0.01817
34.96 0.0151288
34.97 0.00951785
34.98 0.00207203
34.99 -0.00584554
35 -0.0126858
35.01 -0.0172573
35.02 -0.01865
35.03 -0.0163911
35.04 -0.0110153
35.05 -0.00377735
35.06 0.00393632
35.07 0.0110619
35.08 0.0170135
35.09 0.0211045
35.1 0.0225395
35.11 0.0210606
35.12 0.016882
35.13 0.0105084
35.14 0.00293801
35.15 -0.00454656
35.16 -0.0107968
35.17 -0.0150687
35.18 -0.0167804
35.19 -0.0154253
35.2 -0.0112228
35.21 -0.00511754
35.22 0.00173442
35.23 0.00816626
35.24 0.0132479
35.25 0.0161826
35.26 0.0162831
35.27 0.0134959
35.28 0.00837253
35.29 0.00168367
35.3 -0.00546861
35.31 -0.0118304
35.32 -0.0163669
35.33 -0.0181383
35.34 -0.0164639
35.35 -0.0114002
35.36 -0.00372476
35.37 0.00519301
35.38 0.0138507
35.39 0.0211308
35.4 0.0260083
35.41 0.0277068
35.42 0.0263314
35.43 0.022305
35.44 0.015702
35.45 0.0068856
35.46 -0.0032716
35.47 -0.0132656
35.48 -0.0216707
35.49 -0.0279986
35.5 -0.0318927
35.51 -0.0331461
