0.01 5.97748e-07
0.02 1.08417e-06
0.03 -1.38342e-06
0.04 -8.2597e-06
0.05 -1.76186e-05
0.06 -2.59443e-05
0.07 -3.16571e-05
0.08 -3.75426e-05
0.09 -4.83364e-05
0.1 -6.35708e-05
0.11 -7.29557e-05
0.12 -6.20256e-05
0.13 -2.51421e-05
0.14 2.70145e-05
0.15 7.33745e-05
0.16 9.57124e-05
0.17 8.76135e-05
0.18 5.44775e-05
0.19 8.93883e-06
0.2 -3.25036e-05
0.21 -5.29171e-05
0.22 -4.26775e-05
0.23 -7.59978e-06
0.24 3.20637e-05
0.25 5.38331e-05
0.26 4.71243e-05
0.27 1.85329e-05
0.28 -1.36206e-05
0.29 -3.03569e-05
0.3 -2.32617e-05
0.31 -1.00761e-06
0.32 1.40985e-05
0.33 9.14623e-07
0.34 -4.24823e-05
0.35 -9.18909e-05
0.36 -0.000110222
0.37 -7.38372e-05
0.38 8.23836e-06
0.39 9.85284e-05
0.4 0.000155699
0.41 0.000159584
0.42 0.000118803
0.43 6.03749e-05
0.44 1.30258e-05
0.45 -5.78229e-06
0.46 3.71048e-06
0.47 2.37342e-05
0.48 2.73007e-05
0.49 -5.50575e-06
0.5 -7.09933e-05
0.51 -0.000138689
0.52 -0.000168393
0.53 -0.000136954
0.54 -5.41868e-05
0.55 4.34162e-05
0.56 0.00011406
0.57 0.000131385
0.58 9.46742e-05
0.59 2.70581e-05
0.6 -3.64285e-05
0.61 -6.61361e-05
0.62 -5.20893e-05
0.63 -7.92194e-06
0.64 3.69531e-05
0.65 6.18896e-05
0.66 5.34208e-05
0.67 4.6105e-06
0.68 -6.22509e-05
0.69 -0.000103414
0.7 -8.64685e-05
0.71 -1.38845e-05
0.72 7.65784e-05
0.73 0.000135445
0.74 0.000133178
0.75 7.7164e-05
0.76 2.44827e-06
0.77 -5.40292e-05
0.78 -7.44549e-05
0.79 -6.38499e-05
0.8 -3.99569e-05
0.81 -1.95812e-05
0.82 -9.57973e-06
0.83 -6.37525e-06
0.84 -1.85818e-06
0.85 1.01885e-05
0.86 3.02746e-05
0.87 5.17525e-05
0.88 6.3166e-05
0.89 5.5961e-05
0.9 3.17015e-05
0.91 2.11167e-07
0.92 -2.92271e-05
0.93 -5.2613e-05
0.94 -6.75249e-05
0.95 -6.8925e-05
0.96 -5.23074e-05
0.97 -2.02502e-05
0.98 1.67618e-05
0.99 4.6172e-05
1 5.90042e-05
1.01 5.17256e-05
1.02 2.63174e-05
1.03 -9.66945e-06
1.04 -4.3385e-05
1.05 -5.92719e-05
1.06 -4.64015e-05
1.07 -8.0535e-06
1.08 3.53122e-05
1.09 5.65397e-05
1.1 4.10817e-05
1.11 -5.28651e-08
1.12 -3.61455e-05
1.13 -3.85248e-05
1.14 -1.67292e-06
1.15 5.23151e-05
1.16 8.8428e-05
1.17 8.1889e-05
1.18 3.50465e-05
1.19 -2.30991e-05
1.2 -5.60895e-05
1.21 -4.57155e-05
1.22 -5.32679e-06
1.23 2.97914e-05
1.24 2.80452e-05
1.25 -1.58501e-05
1.26 -7.7044e-05
1.27 -0.000116638
1.28 -0.000105647
1.29 -4.15578e-05
1.3 5.10975e-05
1.31 0.000133811
1.32 0.000171583
1.33 0.000147158
1.34 6.90288e-05
1.35 -2.91857e-05
1.36 -0.000101607
1.37 -0.000114057
1.38 -6.66889e-05
1.39 3.35569e-06
1.4 4.59307e-05
1.41 3.28526e-05
1.42 -2.21285e-05
1.43 -7.30251e-05
1.44 -7.4547e-05
1.45 -1.58817e-05
1.46 6.93415e-05
1.47 0.00012542
1.48 0.000113561
1.49 3.94882e-05
1.5 -4.99825e-05
1.51 -9.87241e-05
1.52 -7.8582e-05
1.53 -6.02452e-06
1.54 7.16911e-05
1.55 0.000107908
1.56 8.27477e-05
1.57 9.84951e-06
1.58 -7.52401e-05
1.59 -0.000134093
1.6 -0.000140917
1.61 -9.02955e-05
1.62 1.45609e-06
1.63 9.96933e-05
1.64 0.000161727
1.65 0.000155858
1.66 8.15063e-05
1.67 -2.52772e-05
1.68 -0.000109948
1.69 -0.000131354
1.7 -8.49384e-05
1.71 -2.86441e-06
1.72 6.59279e-05
1.73 8.35643e-05
1.74 4.52136e-05
1.75 -1.72178e-05
1.76 -5.45163e-05
1.77 -3.30994e-05
1.78 3.93734e-05
1.79 0.000114497
1.8 0.000133477
1.81 6.95511e-05
1.82 -4.8943e-05
1.83 -0.000154939
1.84 -0.000186929
1.85 -0.000127485
1.86 -1.08249e-05
1.87 0.00010039
1.88 0.000150806
1.89 0.000119802
1.9 2.89136e-05
1.91 -7.08473e-05
1.92 -0.000125178
1.93 -0.000105263
1.94 -2.41263e-05
1.95 7.09978e-05
1.96 0.000127504
1.97 0.000118994
1.98 5.83271e-05
1.99 -1.40996e-05
2 -5.52889e-05
2.01 -4.31247e-05
2.02 1.08149e-05
2.03 6.58771e-05
2.04 7.61211e-05
2.05 2.1529e-05
2.06 -7.56137e-05
2.07 -0.00016344
2.08 -0.00019345
2.09 -0.000148746
2.1 -4.94187e-05
2.11 6.26741e-05
2.12 0.000144129
2.13 0.000163781
2.14 0.000111762
2.15 8.09497e-06
2.16 -9.66116e-05
2.17 -0.00014123
2.18 -9.17387e-05
2.19 2.96141e-05
2.2 0.000151104
2.21 0.000195108
2.22 0.000128962
2.23 -1.20028e-05
2.24 -0.000144127
2.25 -0.000185797
2.26 -0.00010931
2.27 3.70153e-05
2.28 0.000153945
2.29 0.000153636
2.3 2.14307e-05
2.31 -0.000166701
2.32 -0.000288443
2.33 -0.000254867
2.34 -7.15427e-05
2.35 0.000161401
2.36 0.000310144
2.37 0.000288672
2.38 0.000109913
2.39 -0.000122711
2.4 -0.000276516
2.41 -0.000266688
2.42 -0.000103389
2.43 0.000117864
2.44 0.00027363
2.45 0.000282286
2.46 0.000146854
2.47 -5.1578e-05
2.48 -0.000204092
2.49 -0.000236272
2.5 -0.00014558
2.51 4.53582e-06
2.52 0.000125584
2.53 0.000154601
2.54 8.67842e-05
2.55 -2.66275e-05
2.56 -0.00011338
2.57 -0.000125289
2.58 -6.26046e-05
2.59 3.50911e-05
2.6 0.000116505
2.61 0.000142519
2.62 9.87036e-05
2.63 4.21222e-07
2.64 -0.000109188
2.65 -0.000174539
2.66 -0.000156232
2.67 -5.6789e-05
2.68 7.63659e-05
2.69 0.000174104
2.7 0.000181944
2.71 9.12269e-05
2.72 -5.23467e-05
2.73 -0.000171827
2.74 -0.000203536
2.75 -0.000134943
2.76 -1.04842e-05
2.77 9.57202e-05
2.78 0.000120456
2.79 4.58173e-05
2.8 -8.56662e-05
2.81 -0.000187191
2.82 -0.000176278
2.83 -3.09172e-05
2.84 0.00018724
2.85 0.000363981
2.86 0.000398601
2.87 0.000261814
2.88 1.29894e-05
2.89 -0.000230041
2.9 -0.000352066
2.91 -0.000301634
2.92 -0.000119765
2.93 8.28937e-05
2.94 0.000189732
2.95 0.000144084
2.96 -2.09699e-05
2.97 -0.000202035
2.98 -0.000281872
2.99 -0.00019587
3 2.61312e-05
3.01 0.000270765
3.02 0.000404327
3.03 0.000351867
3.04 0.000142001
3.05 -0.000110616
3.06 -0.000271935
3.07 -0.00026322
3.08 -0.00010348
3.09 0.000102394
3.1 0.000225509
3.11 0.000190336
3.12 1.85615e-05
3.13 -0.000188785
3.14 -0.000315629
3.15 -0.000297094
3.16 -0.00015013
3.17 4.15455e-05
3.18 0.00017588
3.19 0.000189629
3.2 9.34893e-05
3.21 -3.72205e-05
3.22 -0.000111065
3.23 -7.56705e-05
3.24 5.38351e-05
3.25 0.000205015
3.26 0.000288623
3.27 0.000248814
3.28 9.49251e-05
3.29 -0.000105252
3.3 -0.00026396
3.31 -0.000316001
3.32 -0.000244712
3.33 -8.91043e-05
3.34 6.89134e-05
3.35 0.000143252
3.36 9.7284e-05
3.37 -2.5314e-05
3.38 -0.000124968
3.39 -0.000114777
3.4 1.70652e-05
3.41 0.000197178
3.42 0.000315206
3.43 0.000295814
3.44 0.000146359
3.45 -4.96445e-05
3.46 -0.000187153
3.47 -0.000204943
3.48 -0.000118731
3.49 -3.34451e-06
3.5 6.02645e-05
3.51 3.67211e-05
3.52 -4.53558e-05
3.53 -0.000117235
3.54 -0.000119238
3.55 -4.21022e-05
3.56 6.74429e-05
3.57 0.000139337
3.58 0.000126523
3.59 3.39712e-05
3.6 -8.46856e-05
3.61 -0.000157457
3.62 -0.000134924
3.63 -2.19484e-05
3.64 0.000120005
3.65 0.000207321
3.66 0.000185903
3.67 6.41864e-05
3.68 -9.44409e-05
3.69 -0.000210772
3.7 -0.000232062
3.71 -0.000154643
3.72 -2.1985e-05
3.73 9.62819e-05
3.74 0.000137547
3.75 8.06452e-05
3.76 -3.67267e-05
3.77 -0.000134035
3.78 -0.000134633
3.79 -1.65663e-05
3.8 0.000165905
3.81 0.000308007
3.82 0.000316991
3.83 0.000174402
3.84 -4.50587e-05
3.85 -0.000216116
3.86 -0.000241561
3.87 -0.000113877
3.88 8.02537e-05
3.89 0.000212378
3.9 0.00018875
3.91 9.1012e-06
3.92 -0.0002267
3.93 -0.000375328
3.94 -0.000339834
3.95 -0.000132978
3.96 0.000129074
3.97 0.000296645
3.98 0.000274198
3.99 7.44982e-05
4 -0.000188421
4.01 -0.000361973
4.02 -0.00034066
4.03 -0.000128058
4.04 0.000162491
4.05 0.000370786
4.06 0.000380146
4.07 0.000184648
4.08 -0.000104075
4.09 -0.000316916
4.1 -0.000324181
4.11 -0.000113973
4.12 0.000197596
4.13 0.000433538
4.14 0.000459892
4.15 0.000262609
4.16 -4.70631e-05
4.17 -0.000299663
4.18 -0.000366569
4.19 -0.000232797
4.2 -1.03619e-06
4.21 0.000176283
4.22 0.000194302
4.23 5.82132e-05
4.24 -0.000128991
4.25 -0.000240099
4.26 -0.000206479
4.27 -5.85249e-05
4.28 9.84616e-05
4.29 0.000156731
4.3 8.00737e-05
4.31 -7.18719e-05
4.32 -0.000186832
4.33 -0.000177901
4.34 -3.93165e-05
4.35 0.000155441
4.36 0.000303448
4.37 0.000330892
4.38 0.000226819
4.39 4.17897e-05
4.4 -0.000141945
4.41 -0.000252489
4.42 -0.000260036
4.43 -0.000181161
4.44 -5.81829e-05
4.45 6.631e-05
4.46 0.000162742
4.47 0.000214489
4.48 0.00021192
4.49 0.000149233
4.5 3.09403e-05
4.51 -0.000115667
4.52 -0.00023838
4.53 -0.000281149
4.54 -0.000219962
4.55 -8.61137e-05
4.56 4.64265e-05
4.57 0.00010524
4.58 6.559e-05
4.59 -3.2289e-05
4.6 -0.00010804
4.61 -9.71066e-05
4.62 -1.82265e-06
4.63 0.000104459
4.64 0.000131402
4.65 4.5117e-05
4.66 -9.87999e-05
4.67 -0.000191166
4.68 -0.000148122
4.69 2.45273e-05
4.7 0.000227778
4.71 0.000330332
4.72 0.00025408
4.73 2.82358e-05
4.74 -0.000223907
4.75 -0.000358441
4.76 -0.000298231
4.77 -7.82561e-05
4.78 0.000179545
4.79 0.000343206
4.8 0.000347994
4.81 0.000226219
4.82 7.43899e-05
4.83 -1.77472e-05
4.84 -2.70218e-05
4.85 -3.02124e-06
4.86 -1.75114e-05
4.87 -9.91545e-05
4.88 -0.000205941
4.89 -0.000255027
4.9 -0.000185873
4.91 -1.04374e-05
4.92 0.000185919
4.93 0.00029498
4.94 0.000252574
4.95 7.63247e-05
4.96 -0.00014641
4.97 -0.00030724
4.98 -0.000332773
4.99 -0.000221112
5 -4.06237e-05
5.01 0.000111945
5.02 0.000170107
5.03 0.000132421
5.04 5.05715e-05
5.05 -1.42581e-05
5.06 -3.08212e-05
5.07 -8.68635e-06
5.08 1.85006e-05
5.09 2.1092e-05
5.1 -5.97969e-06
5.11 -4.21223e-05
5.12 -5.71344e-05
5.13 -3.15955e-05
5.14 3.05671e-05
5.15 0.000103693
5.16 0.000155211
5.17 0.000164324
5.18 0.000132093
5.19 7.73496e-05
5.2 2.26634e-05
5.21 -2.04993e-05
5.22 -5.65754e-05
5.23 -9.40993e-05
5.24 -0.000126731
5.25 -0.000130741
5.26 -8.95309e-05
5.27 -2.19297e-05
5.28 2.12161e-05
5.29 -1.768e-06
5.3 -7.95756e-05
5.31 -0.000146753
5.32 -0.000134723
5.33 -3.33285e-05
5.34 9.42992e-05
5.35 0.000160859
5.36 0.000127134
5.37 3.51568e-05
5.38 -2.70817e-05
5.39 1.98605e-07
5.4 9.91894e-05
5.41 0.000189518
5.42 0.000190837
5.43 8.23132e-05
5.44 -8.18754e-05
5.45 -0.000207835
5.46 -0.000222899
5.47 -0.00012259
5.48 2.7102e-05
5.49 0.000133422
5.5 0.000136081
5.51 4.1904e-05
5.52 -8.55704e-05
5.53 -0.000169571
5.54 -0.000165118
5.55 -8.01917e-05
5.56 3.27224e-05
5.57 0.000107411
5.58 0.000103965
5.59 3.73924e-05
5.6 -2.75892e-05
5.61 -1.97071e-05
5.62 8.3289e-05
5.63 0.000227189
5.64 0.0003091
5.65 0.000249353
5.66 5.6959e-05
5.67 -0.000165228
5.68 -0.000285008
5.69 -0.000229469
5.7 -3.5904e-05
5.71 0.000167656
5.72 0.000240371
5.73 0.000119049
5.74 -0.000136095
5.75 -0.000374079
5.76 -0.000445799
5.77 -0.000297321
5.78 -7.01906e-06
5.79 0.000255654
5.8 0.000329887
5.81 0.000166712
5.82 -0.000130398
5.83 -0.000361936
5.84 -0.000356533
5.85 -8.50247e-05
5.86 0.000310518
5.87 0.000597476
5.88 0.000597789
5.89 0.000302738
5.9 -0.000120338
5.91 -0.000432062
5.92 -0.000464061
5.93 -0.000213893
5.94 0.000152789
5.95 0.000391155
5.96 0.000318213
5.97 -6.72555e-05
5.98 -0.000564324
5.99 -0.0008767
6 -0.000788372
6.01 -0.000301558
6.02 0.00034935
6.03 0.000825644
6.04 0.000885176
6.05 0.000530636
6.06 8.14491e-06
6.07 -0.000346552
6.08 -0.000314696
6.09 7.28278e-05
6.1 0.000553545
6.11 0.000792304
6.12 0.000585469
6.13 -9.82715e-06
6.14 -0.000698639
6.15 -0.00111759
6.16 -0.00105648
6.17 -0.000592882
6.18 -4.3902e-05
6.19 0.00024104
6.2 0.000109645
6.21 -0.000296058
6.22 -0.000634335
6.23 -0.000583257
6.24 -4.89602e-05
6.25 0.00076047
6.26 0.00143987
6.27 0.00161452
6.28 0.00116011
6.29 0.000290181
6.3 -0.000551309
6.31 -0.000943008
6.32 -0.00072959
6.33 -0.000104572
6.34 0.000514237
6.35 0.000736261
6.36 0.000423589
6.37 -0.000240077
6.38 -0.000871188
6.39 -0.00111986
6.4 -0.00087128
6.41 -0.000296465
6.42 0.000270507
6.43 0.000539785
6.44 0.000420817
6.45 4.36127e-05
6.46 -0.000337627
6.47 -0.000483454
6.48 -0.000282113
6.49 0.00019816
6.5 0.000733747
6.51 0.00104845
6.52 0.000958385
6.53 0.000483201
6.54 -0.000150727
6.55 -0.000630544
6.56 -0.000735079
6.57 -0.000461954
6.58 -2.27024e-05
6.59 0.000289869
6.6 0.000275045
6.61 -6.53053e-05
6.62 -0.000532657
6.63 -0.000840858
6.64 -0.000770188
6.65 -0.000293219
6.66 0.000392149
6.67 0.000952639
6.68 0.00110015
6.69 0.000765708
6.7 0.000152783
6.71 -0.00037962
6.72 -0.000536856
6.73 -0.000267168
6.74 0.000215718
6.75 0.000573032
6.76 0.000550706
6.77 0.000130353
6.78 -0.000465767
6.79 -0.000912834
6.8 -0.000972953
6.81 -0.000620306
6.82 -4.00413e-05
6.83 0.000481187
6.84 0.000705394
6.85 0.000560779
6.86 0.000174989
6.87 -0.000193587
6.88 -0.000299589
6.89 -5.71352e-05
6.9 0.000397216
6.91 0.000772764
6.92 0.000795869
6.93 0.00038582
6.94 -0.000277226
6.95 -0.000844844
6.96 -0.00100422
6.97 -0.000669011
6.98 -3.68431e-05
6.99 0.000525114
7 0.000698299
7.01 0.000402275
7.02 -0.000160293
7.03 -0.000632271
7.04 -0.00072349
7.05 -0.000382373
7.06 0.000187254
7.07 0.00066036
7.08 0.000780929
7.09 0.000500558
7.1 2.23282e-06
7.11 -0.000400318
7.12 -0.0004442
7.13 -8.56131e-05
7.14 0.000454217
7.15 0.000812229
7.16 0.000707234
7.17 0.000121715
7.18 -0.000673013
7.19 -0.00126184
7.2 -0.00131434
7.21 -0.000768145
7.22 0.00012536
7.23 0.000923357
7.24 0.00122738
7.25 0.000903115
7.26 0.000157831
7.27 -0.000573852
7.28 -0.000875215
7.29 -0.000585428
7.3 0.000104542
7.31 0.000758392
7.32 0.000952986
7.33 0.000541955
7.34 -0.000241645
7.35 -0.000920378
7.36 -0.00106876
7.37 -0.000583803
7.38 0.000244561
7.39 0.000911229
7.4 0.00101116
7.41 0.000493097
7.42 -0.000308989
7.43 -0.000888183
7.44 -0.000883847
7.45 -0.000300779
7.46 0.000507149
7.47 0.00106357
7.48 0.00105123
7.49 0.000480537
7.5 -0.000333043
7.51 -0.000949246
7.52 -0.00103939
7.53 -0.000564986
7.54 0.000191704
7.55 0.000777223
7.56 0.000830928
7.57 0.000310596
7.58 -0.000471005
7.59 -0.00103376
7.6 -0.00102623
7.61 -0.000444247
7.62 0.000361962
7.63 0.000899118
7.64 0.00083435
7.65 0.000203085
7.66 -0.000610914
7.67 -0.00111122
7.68 -0.000987925
7.69 -0.000292507
7.7 0.000607615
7.71 0.00124847
7.72 0.00132275
7.73 0.000830146
7.74 6.12621e-05
7.75 -0.000564616
7.76 -0.000725331
7.77 -0.000370367
7.78 0.000253682
7.79 0.000748752
7.8 0.000799004
7.81 0.000350898
7.82 -0.000361471
7.83 -0.000950181
7.84 -0.00109019
7.85 -0.000705368
7.86 -1.7945e-05
7.87 0.000582179
7.88 0.000767742
7.89 0.000466054
7.9 -0.000104445
7.91 -0.000577581
7.92 -0.000659984
7.93 -0.000295047
7.94 0.000310398
7.95 0.000805068
7.96 0.000894182
7.97 0.0005126
7.98 -0.000131358
7.99 -0.000674996
8 -0.000818036
8.01 -0.000505425
8.02 3.88016e-05
8.03 0.000451048
8.04 0.000458454
8.05 5.79431e-05
8.06 -0.000473121
8.07 -0.000750787
8.08 -0.000536415
8.09 9.88898e-05
8.1 0.000808113
8.11 0.00117831
8.12 0.000982594
8.13 0.000321703
8.14 -0.000428247
8.15 -0.000835975
8.16 -0.000678462
8.17 -8.54954e-05
8.18 0.000535542
8.19 0.000756988
8.2 0.000406356
8.21 -0.000319655
8.22 -0.000974324
8.23 -0.00113605
8.24 -0.000669271
8.25 0.000187905
8.26 0.000962548
8.27 0.00122669
8.28 0.000850476
8.29 7.93641e-05
8.3 -0.000612278
8.31 -0.000807229
8.32 -0.000398335
8.33 0.000347087
8.34 0.000950447
8.35 0.00101146
8.36 0.0004486
8.37 -0.000450167
8.38 -0.00119234
8.39 -0.00136418
8.4 -0.000870779
8.41 2.67059e-06
8.42 0.000753545
8.43 0.000958247
8.44 0.000520059
8.45 -0.000279111
8.46 -0.000947311
8.47 -0.00106771
8.48 -0.00053737
8.49 0.000372046
8.5 0.00116711
8.51 0.00141529
8.52 0.0009956
8.53 0.000168466
8.54 -0.00058046
8.55 -0.000830481
8.56 -0.00047345
8.57 0.000229177
8.58 0.00081059
8.59 0.000884777
8.6 0.000383071
8.61 -0.000405106
8.62 -0.0010167
8.63 -0.00110622
8.64 -0.000651688
8.65 5.30003e-05
8.66 0.000597992
8.67 0.000708079
8.68 0.000388997
8.69 -0.000102759
8.7 -0.000429424
8.71 -0.000372907
8.72 4.35361e-05
8.73 0.000574561
8.74 0.00090007
8.75 0.000815236
8.76 0.000350755
8.77 -0.0002464
8.78 -0.000658201
8.79 -0.000681275
8.8 -0.000343626
8.81 0.000119205
8.82 0.000413709
8.83 0.00036622
8.84 1.70016e-05
8.85 -0.000419697
8.86 -0.000690031
8.87 -0.000641548
8.88 -0.000295118
8.89 0.000176717
8.9 0.000540195
8.91 0.000616634
8.92 0.000376945
8.93 -3.45079e-05
8.94 -0.000372181
8.95 -0.000427988
8.96 -0.000157479
8.97 0.00028509
8.98 0.000629681
8.99 0.000646631
9 0.000285786
9.01 -0.00028475
9.02 -0.000769064
9.03 -0.000913401
9.04 -0.000652783
9.05 -0.000145461
9.06 0.000321654
9.07 0.000496298
9.08 0.000298955
9.09 -0.000137412
9.1 -0.00054256
9.11 -0.000656544
9.12 -0.00037517
9.13 0.000182157
9.14 0.000728466
9.15 0.000969218
9.16 0.000774684
9.17 0.00025678
9.18 -0.000298194
9.19 -0.000597135
9.2 -0.000503753
9.21 -0.000103805
9.22 0.000356823
9.23 0.000616552
9.24 0.000540374
9.25 0.000183181
9.26 -0.0002554
9.27 -0.00055016
9.28 -0.000568507
9.29 -0.000325972
9.3 3.46384e-05
9.31 0.000316995
9.32 0.000367432
9.33 0.00016098
9.34 -0.000168775
9.35 -0.00039348
9.36 -0.000329331
9.37 3.06208e-05
9.38 0.000487869
9.39 0.000749223
9.4 0.000612696
9.41 0.000103682
9.42 -0.000530821
9.43 -0.000962584
9.44 -0.000964919
9.45 -0.000533659
9.46 0.000109323
9.47 0.00062594
9.48 0.000735242
9.49 0.000369798
9.5 -0.000271335
9.51 -0.000817701
9.52 -0.000931749
9.53 -0.000510744
9.54 0.000236723
9.55 0.000898383
9.56 0.00109823
9.57 0.000727901
9.58 2.2768e-05
9.59 -0.000577798
9.6 -0.000701844
9.61 -0.000283303
9.62 0.000388406
9.63 0.000854112
9.64 0.000781836
9.65 0.00017771
9.66 -0.000616856
9.67 -0.00112965
9.68 -0.00103771
9.69 -0.000364509
9.7 0.00052006
9.71 0.00110782
9.72 0.00105524
9.73 0.000397378
9.74 -0.000468483
9.75 -0.00102674
9.76 -0.000959523
9.77 -0.000333717
9.78 0.000453298
9.79 0.000925977
9.8 0.000819054
9.81 0.000228001
9.82 -0.000462848
9.83 -0.000825382
9.84 -0.00065239
9.85 -7.74999e-05
9.86 0.000520029
9.87 0.000758499
9.88 0.000488351
9.89 -0.000122749
9.9 -0.00069576
9.91 -0.00086687
9.92 -0.00050456
9.93 0.000204475
9.94 0.000856834
9.95 0.00107231
9.96 0.000728936
9.97 3.97449e-05
9.98 -0.000583875
9.99 -0.000791948
10 -0.00050379
10.01 6.43176e-05
10.02 0.000549312
10.03 0.000662191
10.04 0.00035058
10.05 -0.000181236
10.06 -0.000601905
10.07 -0.00065622
10.08 -0.000319149
10.09 0.000195226
10.1 0.000572886
10.11 0.000592451
10.12 0.000250249
10.13 -0.000247638
10.14 -0.000609878
10.15 -0.0006246
10.16 -0.000273285
10.17 0.00026397
10.18 0.000707714
10.19 0.000824573
10.2 0.000545659
10.21 3.59001e-06
10.22 -0.0005337
10.23 -0.0008059
10.24 -0.000704615
10.25 -0.000330828
10.26 7.41195e-05
10.27 0.000279303
10.28 0.000198838
10.29 -7.07922e-05
10.3 -0.000324861
10.31 -0.000381251
10.32 -0.000184471
10.33 0.000174577
10.34 0.000520643
10.35 0.000688216
10.36 0.000596715
10.37 0.000283709
10.38 -0.000108284
10.39 -0.000391161
10.4 -0.000422439
10.41 -0.000188261
10.42 0.000173828
10.43 0.000441183
10.44 0.000435697
10.45 0.00014041
10.46 -0.00027834
10.47 -0.000569115
10.48 -0.000555078
10.49 -0.000248244
10.5 0.000159555
10.51 0.000421207
10.52 0.000387692
10.53 9.14341e-05
10.54 -0.000282962
10.55 -0.000510918
10.56 -0.000453882
10.57 -0.000133502
10.58 0.000281553
10.59 0.000568972
10.6 0.000575506
10.61 0.000300924
10.62 -9.99122e-05
10.63 -0.000396567
10.64 -0.000407318
10.65 -0.000107616
10.66 0.000340758
10.67 0.000671346
10.68 0.000670917
10.69 0.000316876
10.7 -0.000201675
10.71 -0.000596009
10.72 -0.000646513
10.73 -0.00032409
10.74 0.00019509
10.75 0.000620615
10.76 0.000702237
10.77 0.000376466
10.78 -0.000178524
10.79 -0.000630382
10.8 -0.000686336
10.81 -0.000276962
10.82 0.000388613
10.83 0.000935147
10.84 0.00103622
10.85 0.000606816
10.86 -0.000138393
10.87 -0.00080067
10.88 -0.00102531
10.89 -0.000708653
10.9 -5.73704e-05
10.91 0.000539652
10.92 0.000749429
10.93 0.000492512
10.94 -2.30803e-05
10.95 -0.00044497
10.96 -0.000496944
10.97 -0.000139095
10.98 0.000419754
10.99 0.00085322
11 0.000910348
11.01 0.000559917
11.02 5.27348e-06
11.03 -0.000438549
11.04 -0.000532278
11.05 -0.00025298
11.06 0.000196934
11.07 0.000518179
11.08 0.000499829
11.09 0.000146468
11.1 -0.000328712
11.11 -0.000637404
11.12 -0.000593153
11.13 -0.000224859
11.14 0.000241661
11.15 0.000523318
11.16 0.000454545
11.17 9.02712e-05
11.18 -0.00032472
11.19 -0.000504244
11.2 -0.000301704
11.21 0.000187481
11.22 0.000672055
11.23 0.000837772
11.24 0.000544293
11.25 -7.43765e-05
11.26 -0.000675523
11.27 -0.000910843
11.28 -0.000646743
11.29 -5.87764e-05
11.3 0.000470603
11.31 0.000594159
11.32 0.000227973
11.33 -0.000386362
11.34 -0.000834614
11.35 -0.000803584
11.36 -0.000292879
11.37 0.000381974
11.38 0.00080179
11.39 0.000725538
11.4 0.000244473
11.41 -0.000293582
11.42 -0.000528054
11.43 -0.000324891
11.44 0.000148237
11.45 0.000550241
11.46 0.000598484
11.47 0.000245241
11.48 -0.00030596
11.49 -0.000737449
11.5 -0.000812458
11.51 -0.000510952
11.52 -3.21115e-05
11.53 0.000332429
11.54 0.000375364
11.55 9.20284e-05
11.56 -0.000329001
11.57 -0.000629323
11.58 -0.000635197
11.59 -0.000350326
11.6 5.89775e-05
11.61 0.00036855
11.62 0.000428027
11.63 0.000243748
11.64 -3.63876e-05
11.65 -0.000224042
11.66 -0.000208311
11.67 -1.78565e-05
11.68 0.000202178
11.69 0.000280983
11.7 0.000134275
11.71 -0.000167744
11.72 -0.000432453
11.73 -0.000470576
11.74 -0.000232507
11.75 0.000147337
11.76 0.000433506
11.77 0.000440744
11.78 0.000152681
11.79 -0.000264623
11.8 -0.000561308
11.81 -0.000555374
11.82 -0.000246085
11.83 0.000181428
11.84 0.000467672
11.85 0.000441513
11.86 0.000132545
11.87 -0.000242566
11.88 -0.000417455
11.89 -0.000251341
11.9 0.000173503
11.91 0.000598551
11.92 0.000750818
11.93 0.000515461
11.94 1.00254e-05
11.95 -0.000485203
11.96 -0.000694934
11.97 -0.000513234
11.98 -6.53166e-05
11.99 0.000370513
12 0.000528656
12.01 0.000311468
12.02 -0.000149948
12.03 -0.000566008
12.04 -0.000659194
12.05 -0.000336682
12.06 0.000246768
12.07 0.000778344
12.08 0.000968896
12.09 0.000713949
12.1 0.000146533
12.11 -0.000437824
12.12 -0.000737941
12.13 -0.000605458
12.14 -0.000127967
12.15 0.000409644
12.16 0.00067824
12.17 0.000497843
12.18 -4.23087e-05
12.19 -0.000622004
12.2 -0.000876651
12.21 -0.000622902
12.22 1.79035e-05
12.23 0.000681656
12.24 0.000978029
12.25 0.000731133
12.26 9.44453e-05
12.27 -0.000532779
12.28 -0.000739995
12.29 -0.000355172
12.3 0.000435749
12.31 0.00117816
12.32 0.00141062
12.33 0.000954749
12.34 4.99063e-05
12.35 -0.000774811
12.36 -0.00102905
12.37 -0.000577894
12.38 0.000270029
12.39 0.000962949
12.4 0.00105608
12.41 0.000482985
12.42 -0.000413102
12.43 -0.00109414
12.44 -0.00115134
12.45 -0.00054761
12.46 0.000359567
12.47 0.00103075
12.48 0.00106974
12.49 0.000462849
12.5 -0.000417288
12.51 -0.00104205
12.52 -0.00104178
12.53 -0.000414862
12.54 0.000480298
12.55 0.00113389
12.56 0.00117374
12.57 0.000576568
12.58 -0.000315027
12.59 -0.000984981
12.6 -0.00104368
12.61 -0.000463856
12.62 0.00039511
12.63 0.00100137
12.64 0.000976319
12.65 0.000326987
12.66 -0.000561528
12.67 -0.00116716
12.68 -0.00115044
12.69 -0.000549762
12.7 0.000263045
12.71 0.000823146
12.72 0.000846273
12.73 0.000372824
12.74 -0.000282228
12.75 -0.000723705
12.76 -0.000698195
12.77 -0.000227722
12.78 0.000409999
12.79 0.000842245
12.8 0.000813215
12.81 0.000327711
12.82 -0.000352219
12.83 -0.000854057
12.84 -0.000903966
12.85 -0.000482159
12.86 0.000165591
12.87 0.000669991
12.88 0.000751708
12.89 0.000381868
12.9 -0.000203151
12.91 -0.000642453
12.92 -0.000665006
12.93 -0.000249585
12.94 0.000365477
12.95 0.00082643
12.96 0.000871095
12.97 0.00047407
12.98 -0.000148138
12.99 -0.000664328
13 -0.000810283
13.01 -0.000528055
13.02 6.31519e-06
13.03 0.000482341
13.04 0.000631916
13.05 0.000386247
13.06 -8.00794e-05
13.07 -0.000450533
13.08 -0.000458108
13.09 -5.17184e-05
13.1 0.00056596
13.11 0.00105549
13.12 0.00114255
13.13 0.000783447
13.14 0.000194574
13.15 -0.000275577
13.16 -0.000356844
13.17 -1.84122e-05
13.18 0.000520065
13.19 0.000924327
13.2 0.000940669
13.21 0.000539327
13.22 -7.03859e-05
13.23 -0.00055931
13.24 -0.000667755
13.25 -0.000356454
13.26 0.00017476
13.27 0.000614444
13.28 0.000730897
13.29 0.00050372
13.3 0.000116315
13.31 -0.000173059
13.32 -0.000188812
13.33 7.10291e-05
13.34 0.000446711
13.35 0.000709214
13.36 0.00068739
13.37 0.000371227
13.38 -7.22345e-05
13.39 -0.000395795
13.4 -0.000427918
13.41 -0.000179386
13.42 0.000174406
13.43 0.000414359
13.44 0.00040978
13.45 0.00018222
13.46 -0.000118481
13.47 -0.000303299
13.48 -0.000255756
13.49 -5.78187e-06
13.5 0.000287712
13.51 0.000441958
13.52 0.000370736
13.53 0.000131978
13.54 -0.000125194
13.55 -0.000260103
13.56 -0.000212836
13.57 -2.10432e-05
13.58 0.00020564
13.59 0.000337783
13.6 0.000293132
13.61 8.90093e-05
13.62 -0.000160007
13.63 -0.000308519
13.64 -0.00027017
13.65 -7.13071e-05
13.66 0.000165062
13.67 0.000292988
13.68 0.000228103
13.69 -6.07087e-06
13.7 -0.000291685
13.71 -0.000478352
13.72 -0.000461454
13.73 -0.000239335
13.74 8.12867e-05
13.75 0.000338037
13.76 0.00039733
13.77 0.000224235
13.78 -9.98547e-05
13.79 -0.000418212
13.8 -0.000573874
13.81 -0.000482441
13.82 -0.00017555
13.83 0.00020008
13.84 0.000438173
13.85 0.000377471
13.86 9.64296e-06
13.87 -0.000489434
13.88 -0.000850457
13.89 -0.000877485
13.9 -0.00057447
13.91 -0.000138251
13.92 0.000172032
13.93 0.000192989
13.94 -5.70846e-05
13.95 -0.000400915
13.96 -0.000605809
13.97 -0.000512286
13.98 -0.000125144
13.99 0.000386203
14 0.000785561
14.01 0.000905248
14.02 0.00072919
14.03 0.000379852
14.04 3.90545e-05
14.05 -0.000139914
14.06 -9.77367e-05
14.07 0.000101525
14.08 0.000298079
14.09 0.000326803
14.1 0.000127592
14.11 -0.000199503
14.12 -0.000446186
14.13 -0.000435015
14.14 -0.000151485
14.15 0.000235567
14.16 0.000489018
14.17 0.000469009
14.18 0.000225327
14.19 -4.3392e-05
14.2 -0.000124193
14.21 7.16999e-05
14.22 0.000446143
14.23 0.000767007
14.24 0.000815843
14.25 0.000539589
14.26 9.3928e-05
14.27 -0.000262392
14.28 -0.000343594
14.29 -0.000148002
14.3 0.000168013
14.31 0.000411316
14.32 0.000468301
14.33 0.000347123
14.34 0.000145315
14.35 -1.6824e-05
14.36 -5.81676e-05
14.37 2.76267e-05
14.38 0.000173344
14.39 0.000277457
14.4 0.000264262
14.41 0.000130981
14.42 -4.73244e-05
14.43 -0.000158881
14.44 -0.000120035
14.45 7.18188e-05
14.46 0.000327575
14.47 0.000507001
14.48 0.000493389
14.49 0.000263987
14.5 -8.71465e-05
14.51 -0.000395091
14.52 -0.000516468
14.53 -0.000411399
14.54 -0.000161047
14.55 9.1362e-05
14.56 0.000235007
14.57 0.000254859
14.58 0.000221274
14.59 0.00022012
14.6 0.00028159
14.61 0.000362066
14.62 0.000386431
14.63 0.000309981
14.64 0.000151561
14.65 -1.96358e-05
14.66 -0.000127772
14.67 -0.000136075
14.68 -6.71591e-05
14.69 1.88106e-05
14.7 7.3142e-05
14.71 8.92011e-05
14.72 8.57583e-05
14.73 7.03258e-05
14.74 3.38415e-05
14.75 -1.68175e-05
14.76 -3.80037e-05
14.77 1.91435e-05
14.78 0.000149815
14.79 0.000276106
14.8 0.000299042
14.81 0.000181564
14.82 -1.02568e-05
14.83 -0.000146666
14.84 -0.000130303
14.85 2.21387e-05
14.86 0.000181049
14.87 0.000196416
14.88 1.84454e-05
14.89 -0.00024598
14.9 -0.000396795
14.91 -0.000292096
14.92 2.66103e-05
14.93 0.000345334
14.94 0.000431318
14.95 0.000213683
14.96 -0.000158749
14.97 -0.000435465
14.98 -0.000459359
14.99 -0.000275477
15 -7.38575e-05
15.01 -2.93574e-05
15.02 -0.000170923
15.03 -0.000368519
15.04 -0.000432218
15.05 -0.00025108
15.06 0.00011909
15.07 0.000479046
15.08 0.000611842
15.09 0.000431874
15.1 5.1588e-05
15.11 -0.000287249
15.12 -0.000368292
15.13 -0.000130768
15.14 0.000304375
15.15 0.000712006
15.16 0.000887679
15.17 0.000754132
15.18 0.000398303
15.19 1.72354e-05
15.2 -0.000197261
15.21 -0.000162877
15.22 5.55696e-05
15.23 0.000286843
15.24 0.00035011
15.25 0.000161926
15.26 -0.000203346
15.27 -0.000546579
15.28 -0.000666589
15.29 -0.000497645
15.3 -0.000162926
15.31 9.85542e-05
15.32 8.3042e-05
15.33 -0.00024683
15.34 -0.000729355
15.35 -0.00108871
15.36 -0.00109515
15.37 -0.000712767
15.38 -0.000139322
15.39 0.000304779
15.4 0.000382695
15.41 0.000108973
15.42 -0.000248366
15.43 -0.000351908
15.44 -4.04882e-05
15.45 0.000549009
15.46 0.00107781
15.47 0.00124279
15.48 0.000979192
15.49 0.000492574
15.5 0.000108784
15.51 4.99196e-05
15.52 0.000290355
15.53 0.000591911
15.54 0.000690221
15.55 0.000488467
15.56 0.00011085
15.57 -0.000209734
15.58 -0.000301335
15.59 -0.000145269
15.6 0.00015087
15.61 0.000437446
15.62 0.000590082
15.63 0.00054356
15.64 0.000313759
15.65 9.57637e-06
15.66 -0.000196476
15.67 -0.000157062
15.68 0.000138682
15.69 0.000515208
15.7 0.000689062
15.71 0.00045235
15.72 -0.000157898
15.73 -0.000839271
15.74 -0.00119663
15.75 -0.00100963
15.76 -0.00040444
15.77 0.000215496
15.78 0.000450161
15.79 0.000191554
15.8 -0.000305354
15.81 -0.000627148
15.82 -0.000517022
15.83 -5.41951e-05
15.84 0.000423827
15.85 0.000574026
15.86 0.000281222
15.87 -0.000278584
15.88 -0.000763739
15.89 -0.000885619
15.9 -0.000583839
15.91 -5.53889e-05
15.92 0.000376584
15.93 0.000467757
15.94 0.000197231
15.95 -0.000236821
15.96 -0.000551606
15.97 -0.000543504
15.98 -0.000188178
15.99 0.000352088
16 0.000802804
16.01 0.000911507
16.02 0.000596598
16.03 2.94904e-05
16.04 -0.000431798
16.05 -0.000453286
16.06 4.03036e-05
16.07 0.000781337
16.08 0.00131407
16.09 0.00128899
16.1 0.000684466
16.11 -0.00019261
16.12 -0.000903844
16.13 -0.00112625
16.14 -0.000810182
16.15 -0.000193949
16.16 0.000315635
16.17 0.000352811
16.18 -0.000191869
16.19 -0.00106979
16.2 -0.00177623
16.21 -0.00183621
16.22 -0.0011113
16.23 7.45373e-05
16.24 0.00110011
16.25 0.00140921
16.26 0.000833176
16.27 -0.000305052
16.28 -0.00134784
16.29 -0.00164906
16.3 -0.000956027
16.31 0.000381402
16.32 0.00155427
16.33 0.0017757
16.34 0.000815605
16.35 -0.000788752
16.36 -0.00204215
16.37 -0.00213865
16.38 -0.000990322
16.39 0.000718249
16.4 0.0019612
16.41 0.00199896
16.42 0.000817728
16.43 -0.00086326
16.44 -0.00200831
16.45 -0.00187716
16.46 -0.000486302
16.47 0.0013695
16.48 0.00258317
16.49 0.00240774
16.5 0.000913674
16.51 -0.00105562
16.52 -0.00239198
16.53 -0.00236931
16.54 -0.00104047
16.55 0.000824115
16.56 0.00218443
16.57 0.0023063
16.58 0.00115872
16.59 -0.000581896
16.6 -0.0019247
16.61 -0.00213222
16.62 -0.0011321
16.63 0.000467443
16.64 0.00175212
16.65 0.00202844
16.66 0.0011959
16.67 -0.000229631
16.68 -0.00142572
16.69 -0.00172332
16.7 -0.00097475
16.71 0.000361642
16.72 0.00146944
16.73 0.00163141
16.74 0.000655751
16.75 -0.000971255
16.76 -0.00232325
16.77 -0.00256551
16.78 -0.00148454
16.79 0.000339589
16.8 0.00186123
16.81 0.00220702
16.82 0.00121861
16.83 -0.000459228
16.84 -0.00178606
16.85 -0.00194539
16.86 -0.000800166
16.87 0.00105509
16.88 0.00264073
16.89 0.0031408
16.9 0.00229355
16.91 0.000534632
16.92 -0.00121715
16.93 -0.0020853
16.94 -0.00170099
16.95 -0.000386904
16.96 0.00103769
16.97 0.00173898
16.98 0.00134473
16.99 0.000145413
17 -0.00108727
17.01 -0.00156393
17.02 -0.000952368
17.03 0.000432642
17.04 0.00183883
17.05 0.00251953
17.06 0.00213001
17.07 0.000887771
17.08 -0.0005519
17.09 -0.00143224
17.1 -0.00130359
17.11 -0.000295107
17.12 0.00094922
17.13 0.00164867
17.14 0.00134092
17.15 0.000148009
17.16 -0.00128746
17.17 -0.00216138
17.18 -0.00197573
17.19 -0.000847475
17.2 0.000544547
17.21 0.00136419
17.22 0.00112952
17.23 1.18331e-05
17.24 -0.00126625
17.25 -0.00188375
17.26 -0.00143699
17.27 -0.000176777
17.28 0.0011696
17.29 0.00183357
17.3 0.00142297
17.31 0.000121913
17.32 -0.00140558
17.33 -0.00236558
17.34 -0.00227106
17.35 -0.00122107
17.36 0.000153695
17.37 0.00106426
17.38 0.00102252
17.39 0.000109396
17.4 -0.00108245
17.41 -0.00179901
17.42 -0.00157154
17.43 -0.000488324
17.44 0.000874567
17.45 0.00179876
17.46 0.00181903
17.47 0.000956561
17.48 -0.000311876
17.49 -0.00131098
17.5 -0.00152472
17.51 -0.000872671
17.52 0.000257128
17.53 0.00123229
17.54 0.00150906
17.55 0.000899478
17.56 -0.00033117
17.57 -0.00156871
17.58 -0.00214445
17.59 -0.00170787
17.6 -0.000462408
17.61 0.000917182
17.62 0.00167171
17.63 0.00141478
17.64 0.000366552
17.65 -0.000789582
17.66 -0.00133347
17.67 -0.000944007
17.68 0.000129004
17.69 0.00124889
17.7 0.00177591
17.71 0.00141483
17.72 0.000363475
17.73 -0.000802364
17.74 -0.0014453
17.75 -0.00121657
17.76 -0.000245392
17.77 0.000941642
17.78 0.00170665
17.79 0.00162653
17.8 0.000706447
17.81 -0.000616422
17.82 -0.00168166
17.83 -0.0019434
17.84 -0.00127305
17.85 -4.89408e-05
17.86 0.00104367
17.87 0.00139483
17.88 0.000813651
17.89 -0.000356886
17.9 -0.00142164
17.91 -0.00173094
17.92 -0.00106969
17.93 0.000208925
17.94 0.00139118
17.95 0.00180616
17.96 0.00119166
17.97 -0.000151252
17.98 -0.00149168
17.99 -0.00206228
18 -0.0015253
18.01 -0.00021129
18.02 0.00106794
18.03 0.00152586
18.04 0.000891309
18.05 -0.000425084
18.06 -0.00158035
18.07 -0.00181484
18.08 -0.000914741
18.09 0.000667677
18.1 0.00208487
18.11 0.00256793
18.12 0.00184745
18.13 0.000313649
18.14 -0.00118142
18.15 -0.00179909
18.16 -0.00121038
18.17 0.000197537
18.18 0.00156095
18.19 0.00207074
18.2 0.00146258
18.21 0.000175869
18.22 -0.000924964
18.23 -0.00110345
18.24 -0.000221689
18.25 0.00118967
18.26 0.002286
18.27 0.00243088
18.28 0.00156966
18.29 0.000245403
18.3 -0.00074284
18.31 -0.000828062
18.32 -1.10154e-05
18.33 0.00117115
18.34 0.00199708
18.35 0.00198065
18.36 0.00111579
18.37 -0.000156795
18.38 -0.00119887
18.39 -0.00151045
18.4 -0.00100045
18.41 -4.20073e-05
18.42 0.00074672
18.43 0.00086052
18.44 0.000205662
18.45 -0.00082877
18.46 -0.00160309
18.47 -0.00162292
18.48 -0.000837966
18.49 0.000336321
18.5 0.00126748
18.51 0.00145543
18.52 0.000789395
18.53 -0.000400642
18.54 -0.00151015
18.55 -0.00197791
18.56 -0.00159907
18.57 -0.000645478
18.58 0.00028446
18.59 0.00060857
18.6 9.42241e-05
18.61 -0.000996962
18.62 -0.00203329
18.63 -0.00237581
18.64 -0.00178324
18.65 -0.000591151
18.66 0.000478171
18.67 0.000764285
18.68 8.21348e-05
18.69 -0.00115004
18.7 -0.00214937
18.71 -0.00224017
18.72 -0.00126489
18.73 0.000314724
18.74 0.00167659
18.75 0.00209361
18.76 0.00134282
18.77 -0.000140207
18.78 -0.00147383
18.79 -0.00184169
18.8 -0.00100785
18.81 0.000520975
18.82 0.00180268
18.83 0.00202012
18.84 0.000957077
18.85 -0.000859432
18.86 -0.00242676
18.87 -0.00282697
18.88 -0.00177872
18.89 0.000179886
18.9 0.00199241
18.91 0.00266105
18.92 0.00179257
18.93 -0.000161215
18.94 -0.00211466
18.95 -0.00292967
18.96 -0.0020437
18.97 0.000136328
18.98 0.00241656
18.99 0.00354136
19 0.00288854
19.01 0.0008493
19.02 -0.00136414
19.03 -0.00244641
19.04 -0.00174864
19.05 0.00036697
19.06 0.00275683
19.07 0.00415042
19.08 0.00377112
19.09 0.00172117
19.1 -0.0010171
19.11 -0.00303641
19.12 -0.00328454
19.13 -0.00172797
19.14 0.000619942
19.15 0.00233849
19.16 0.00245179
19.17 0.000965456
19.18 -0.00117723
19.19 -0.0026535
19.2 -0.00253554
19.21 -0.000837113
19.22 0.0015191
19.23 0.00324385
19.24 0.00337283
19.25 0.00177611
19.26 -0.000751174
19.27 -0.00286136
19.28 -0.0033725
19.29 -0.0019662
19.3 0.000620653
19.31 0.00303094
19.32 0.00400782
19.33 0.00300252
19.34 0.000439294
19.35 -0.00245299
19.36 -0.00424907
19.37 -0.00407207
19.38 -0.00204969
19.39 0.000757239
19.4 0.00291427
19.41 0.00335353
19.42 0.00190079
19.43 -0.000687711
19.44 -0.00313713
19.45 -0.00427248
19.46 -0.00352597
19.47 -0.00123568
19.48 0.00149802
19.49 0.00337481
19.5 0.00349445
19.51 0.00179628
19.52 -0.0008632
19.53 -0.00309039
19.54 -0.0036524
19.55 -0.00216171
19.56 0.000668249
19.57 0.00337549
19.58 0.00455851
19.59 0.00364443
19.6 0.00113755
19.61 -0.00170313
19.62 -0.00351092
19.63 -0.00347664
19.64 -0.00171383
19.65 0.000860294
19.66 0.00300644
19.67 0.00373341
19.68 0.00273718
19.69 0.000541424
19.7 -0.00175303
19.71 -0.00301095
19.72 -0.00264376
19.73 -0.000913557
19.74 0.00124422
19.75 0.00273237
19.76 0.00282322
19.77 0.0014917
19.78 -0.000583141
19.79 -0.00233688
19.8 -0.00286437
19.81 -0.00193504
19.82 -0.00013082
19.83 0.00151504
19.84 0.00211092
19.85 0.00136798
19.86 -0.000277234
19.87 -0.00191031
19.88 -0.00264128
19.89 -0.00209485
19.9 -0.000595602
19.91 0.00105206
19.92 0.00200816
19.93 0.00181468
19.94 0.000615413
19.95 -0.000932827
19.96 -0.0020046
19.97 -0.00203408
19.98 -0.00100942
19.99 0.000542271
20 0.00183435
20.01 0.00219931
20.02 0.00142193
20.03 -0.000118772
20.04 -0.0016018
20.05 -0.00218551
20.06 -0.00149589
20.07 0.000127137
20.08 0.00182999
20.09 0.0027396
20.1 0.00242499
20.11 0.00109023
20.12 -0.000594688
20.13 -0.00185941
20.14 -0.00218072
20.15 -0.00148104
20.16 -0.000116853
20.17 0.00130961
20.18 0.00219073
20.19 0.00213787
20.2 0.00116783
20.21 -0.0002669
20.22 -0.00146558
20.23 -0.0018329
20.24 -0.00121305
20.25 3.15045e-05
20.26 0.00125827
20.27 0.00189248
20.28 0.00167128
20.29 0.000726236
20.3 -0.000505339
20.31 -0.00146361
20.32 -0.00168495
20.33 -0.00101078
20.34 0.000319976
20.35 0.00174995
20.36 0.00263313
20.37 0.00253791
20.38 0.00147713
20.39 -7.6992e-05
20.4 -0.00140944
20.41 -0.00190345
20.42 -0.00135709
20.43 -0.000112735
20.44 0.0011185
20.45 0.0016309
20.46 0.00108952
20.47 -0.000282588
20.48 -0.00178889
20.49 -0.0026123
20.5 -0.00227121
20.51 -0.00089982
20.52 0.000829142
20.53 0.00206809
20.54 0.00222563
20.55 0.00125921
20.56 -0.000315587
20.57 -0.00167969
20.58 -0.00211265
20.59 -0.00135576
20.6 0.000268332
20.61 0.00202177
20.62 0.00307402
20.63 0.00286015
20.64 0.00138607
20.65 -0.000686741
20.66 -0.00228774
20.67 -0.00249999
20.68 -0.00116181
20.69 0.000953443
20.7 0.00255091
20.71 0.00257717
20.72 0.000872169
20.73 -0.00170189
20.74 -0.00373068
20.75 -0.00405775
20.76 -0.0024606
20.77 0.000223345
20.78 0.0025963
20.79 0.00345782
20.8 0.00239466
20.81 -1.5807e-05
20.82 -0.00248478
20.83 -0.00368282
20.84 -0.00298209
20.85 -0.000830546
20.86 0.00153186
20.87 0.00281599
20.88 0.00238669
20.89 0.000546634
20.9 -0.00168922
20.91 -0.0031284
20.92 -0.00298221
20.93 -0.00127009
20.94 0.00116395
20.95 0.00306692
20.96 0.00345203
20.97 0.00218747
20.98 9.77249e-05
20.99 -0.00154597
21 -0.00180849
21.01 -0.000623215
21.02 0.00125634
21.03 0.00276176
21.04 0.0030859
21.05 0.00204791
21.06 0.000136042
21.07 -0.00174147
21.08 -0.00267225
21.09 -0.0021754
21.1 -0.000469128
21.11 0.00161827
21.12 0.00305227
21.13 0.0031119
21.14 0.0017881
21.15 -0.000199864
21.16 -0.00181176
21.17 -0.00226861
21.18 -0.00144818
21.19 0.000128472
21.2 0.00165071
21.21 0.00240884
21.22 0.00204735
21.23 0.00070655
21.24 -0.000992777
21.25 -0.00219228
21.26 -0.00224326
21.27 -0.00111661
21.28 0.000563074
21.29 0.00188789
21.3 0.00216209
21.31 0.00123853
21.32 -0.000439914
21.33 -0.00204639
21.34 -0.00276232
21.35 -0.00222026
21.36 -0.000731641
21.37 0.000879656
21.38 0.00174
21.39 0.00140768
21.4 0.000104212
21.41 -0.00144327
21.42 -0.0024303
21.43 -0.00239596
21.44 -0.00140427
21.45 6.01153e-05
21.46 0.00136359
21.47 0.00197137
21.48 0.00161926
21.49 0.000457529
21.5 -0.000926825
21.51 -0.00173485
21.52 -0.00141651
21.53 -9.05445e-05
21.54 0.00147683
21.55 0.00234864
21.56 0.00199277
21.57 0.000577152
21.58 -0.00118516
21.59 -0.00245511
21.6 -0.00267142
21.61 -0.00178006
21.62 -0.000234135
21.63 0.00123286
21.64 0.00194547
21.65 0.00159169
21.66 0.000388149
21.67 -0.00099845
21.68 -0.00175813
21.69 -0.00135431
21.7 0.000154497
21.71 0.00211984
21.72 0.003624
21.73 0.00393195
21.74 0.00287474
21.75 0.000962763
21.76 -0.000856794
21.77 -0.00167054
21.78 -0.00108153
21.79 0.000563067
21.8 0.00236509
21.81 0.00336359
21.82 0.00303712
21.83 0.00156564
21.84 -0.000281015
21.85 -0.0015433
21.86 -0.00157237
21.87 -0.000395695
21.88 0.0012976
21.89 0.00254036
21.9 0.00261171
21.91 0.00143474
21.92 -0.000385411
21.93 -0.00187717
21.94 -0.00221012
21.95 -0.0011455
21.96 0.000841018
21.97 0.00279871
21.98 0.00374999
21.99 0.00317176
22 0.00130904
22.01 -0.000885264
22.02 -0.00221274
22.03 -0.0019107
22.04 -0.000150548
22.05 0.00205593
22.06 0.00346166
22.07 0.00328828
22.08 0.00165731
22.09 -0.000492159
22.1 -0.00192174
22.11 -0.00178632
22.12 -0.000142754
22.13 0.0020817
22.14 0.00361731
22.15 0.00355554
22.16 0.00188048
22.17 -0.000498389
22.18 -0.00224028
22.19 -0.00235295
22.2 -0.000805291
22.21 0.00148649
22.22 0.00325595
22.23 0.00361503
22.24 0.00247855
22.25 0.000496053
22.26 -0.00136316
22.27 -0.00225311
22.28 -0.00176215
22.29 -8.41853e-05
22.3 0.0020276
22.31 0.00355316
22.32 0.00368507
22.33 0.00229734
22.34 6.51922e-05
22.35 -0.00189223
22.36 -0.00261609
22.37 -0.00179624
22.38 0.000104735
22.39 0.00213282
22.4 0.00330247
22.41 0.00302605
22.42 0.0014184
22.43 -0.0006938
22.44 -0.00212797
22.45 -0.0019761
22.46 -0.000190637
22.47 0.00232159
22.48 0.00416903
22.49 0.0042387
22.5 0.00237124
22.51 -0.000486586
22.52 -0.00278043
22.53 -0.00324645
22.54 -0.00165872
22.55 0.00110376
22.56 0.00364037
22.57 0.00477858
22.58 0.00403065
22.59 0.00179494
22.6 -0.000819126
22.61 -0.00251919
22.62 -0.00244256
22.63 -0.000651832
22.64 0.00187603
22.65 0.00381246
22.66 0.00418575
22.67 0.00284008
22.68 0.000446719
22.69 -0.00185628
22.7 -0.00296493
22.71 -0.00228026
22.72 -1.05835e-05
22.73 0.00287816
22.74 0.00503948
22.75 0.00536948
22.76 0.00357348
22.77 0.000346453
22.78 -0.00287083
22.79 -0.00455932
22.8 -0.0039085
22.81 -0.0012938
22.82 0.00194986
22.83 0.00426882
22.84 0.00458936
22.85 0.00276125
22.86 -0.000382436
22.87 -0.003357
22.88 -0.00466848
22.89 -0.00355278
22.9 -0.000411281
22.91 0.00333355
22.92 0.00585458
22.93 0.00576255
22.94 0.00285376
22.95 -0.00163684
22.96 -0.005465
22.97 -0.0066484
22.98 -0.00462172
22.99 -0.00040488
23 0.0040105
23.01 0.00671736
23.02 0.0067711
23.03 0.0043796
23.04 0.000565172
23.05 -0.00330573
23.06 -0.00587642
23.07 -0.00611148
23.08 -0.00371195
23.09 0.000563308
23.1 0.00503291
23.11 0.00777219
23.12 0.00742972
23.13 0.00389663
23.14 -0.00152311
23.15 -0.00652036
23.16 -0.00894414
23.17 -0.00787949
23.18 -0.00384564
23.19 0.00152487
23.2 0.00607492
23.21 0.00796383
23.22 0.00645197
23.23 0.0021942
23.24 -0.0030828
23.25 -0.00722688
23.26 -0.00846342
23.27 -0.00616353
23.28 -0.00120685
23.29 0.0043663
23.3 0.00822013
23.31 0.00874507
23.32 0.00576098
23.33 0.000531582
23.34 -0.00483273
23.35 -0.00822719
23.36 -0.00833957
23.37 -0.00519325
23.38 -0.000186964
23.39 0.0045853
23.4 0.00725549
23.41 0.00680377
23.42 0.00336491
23.43 -0.00188833
23.44 -0.00709578
23.45 -0.0103471
23.46 -0.0104019
23.47 -0.0071174
23.48 -0.00159965
23.49 0.00418939
23.5 0.00819125
23.51 0.00901222
23.52 0.00653333
23.53 0.00197636
23.54 -0.00275476
23.55 -0.00587917
23.56 -0.00631532
23.57 -0.0040004
23.58 0.000144447
23.59 0.00463041
23.6 0.00794589
23.61 0.00900555
23.62 0.0074696
23.63 0.00380932
23.64 -0.000944089
23.65 -0.00543918
23.66 -0.00821206
23.67 -0.00807508
23.68 -0.00470338
23.69 0.000998547
23.7 0.0070327
23.71 0.0111484
23.72 0.0118012
23.73 0.00863199
23.74 0.00263969
23.75 -0.00413265
23.76 -0.00923877
23.77 -0.0106518
23.78 -0.00763372
23.79 -0.00118654
23.8 0.00638801
23.81 0.0124187
23.82 0.0149498
23.83 0.0134006
23.84 0.00849614
23.85 0.0019037
23.86 -0.00434672
23.87 -0.00839506
23.88 -0.00902937
23.89 -0.00617076
23.9 -0.00100745
23.91 0.00460588
23.92 0.00890967
23.93 0.0105987
23.94 0.00910735
23.95 0.00489759
23.96 -0.000716977
23.97 -0.00589434
23.98 -0.00879102
23.99 -0.00832923
24 -0.00470532
24.01 0.000684275
24.02 0.00597161
24.03 0.00958372
24.04 0.0105008
24.05 0.00840894
24.06 0.00390466
24.07 -0.00176013
24.08 -0.00689529
24.09 -0.00969675
24.1 -0.00895772
24.11 -0.00468309
24.12 0.00187871
24.13 0.00874139
24.14 0.0138575
24.15 0.01561
24.16 0.0132624
24.17 0.00737225
24.18 -0.000399822
24.19 -0.00764593
24.2 -0.0119045
24.21 -0.0115664
24.22 -0.0066086
24.23 0.00131838
24.24 0.0096339
24.25 0.015773
24.26 0.0179203
24.27 0.0154068
24.28 0.00893942
24.29 0.000382284
24.3 -0.00773514
24.31 -0.0130032
24.32 -0.0140212
24.33 -0.0107745
24.34 -0.00454063
24.35 0.00276839
24.36 0.00933296
24.37 0.0137809
24.38 0.0152111
24.39 0.0133952
24.4 0.00900154
24.41 0.00322112
24.42 -0.00267386
24.43 -0.00733566
24.44 -0.0094988
24.45 -0.00847364
24.46 -0.004539
24.47 0.00113733
24.48 0.00695818
24.49 0.0114304
24.5 0.0133933
24.51 0.0121831
24.52 0.00792685
24.53 0.00148038
24.54 -0.00570885
24.55 -0.0117027
24.56 -0.0145334
24.57 -0.0130081
24.58 -0.00738908
24.59 0.00070836
24.6 0.00910227
24.61 0.0158456
24.62 0.0194431
24.63 0.0189589
24.64 0.0143831
24.65 0.00659198
24.66 -0.00282534
24.67 -0.0113866
24.68 -0.0164654
24.69 -0.0164488
24.7 -0.0112664
24.71 -0.00253483
24.72 0.00713125
24.73 0.0152464
24.74 0.0201572
24.75 0.0210094
24.76 0.0177554
24.77 0.0113324
24.78 0.00317553
24.79 -0.00512974
24.8 -0.0119007
24.81 -0.015616
24.82 -0.0152251
24.83 -0.0107037
24.84 -0.00326452
24.85 0.00522685
24.86 0.0131085
24.87 0.0192196
24.88 0.022503
24.89 0.0221566
24.9 0.0181608
24.91 0.0111062
24.92 0.00213839
24.93 -0.00684589
24.94 -0.0136624
24.95 -0.0167058
24.96 -0.0153838
24.97 -0.0102015
24.98 -0.00263525
24.99 0.0054522
25 0.0125471
25.01 0.0176439
25.02 0.0197809
25.03 0.0182535
25.04 0.0132995
25.05 0.00594891
25.06 -0.00229649
25.07 -0.00943081
25.08 -0.0135181
25.09 -0.0134283
25.1 -0.00922149
25.11 -0.00230861
25.12 0.00518926
25.13 0.0114084
25.14 0.0150944
25.15 0.0153211
25.16 0.0117108
25.17 0.00504422
25.18 -0.0030754
25.19 -0.0106506
25.2 -0.0157746
25.21 -0.0170896
25.22 -0.0140778
25.23 -0.00750615
25.24 0.00100658
25.25 0.00968904
25.26 0.0172382
25.27 0.0226849
25.28 0.0250539
25.29 0.0242737
25.3 0.0210734
25.31 0.0158218
25.32 0.00889896
25.33 0.00117525
25.34 -0.00617013
25.35 -0.0118828
25.36 -0.0149136
25.37 -0.014503
25.38 -0.0106632
25.39 -0.00451359
25.4 0.00236397
25.41 0.0086232
25.42 0.0135415
25.43 0.0166759
25.44 0.0175362
25.45 0.0161437
25.46 0.0128996
25.47 0.00801073
25.48 0.00185243
25.49 -0.00469995
25.5 -0.0103736
25.51 -0.0139045
25.52 -0.0144144
25.53 -0.0116352
25.54 -0.00625103
25.55 0.000377207
25.56 0.00677072
25.57 0.0119786
25.58 0.0155518
25.59 0.0169586
25.6 0.0161149
25.61 0.0137115
25.62 0.0104194
25.63 0.00672066
25.64 0.00310676
25.65 -0.000222042
25.66 -0.00319926
25.67 -0.00558268
25.68 -0.00696662
25.69 -0.00692497
25.7 -0.00535921
25.71 -0.00259205
25.72 0.000832488
25.73 0.00435007
25.74 0.00753682
25.75 0.0100696
25.76 0.0116848
25.77 0.0122907
25.78 0.0119309
25.79 0.0106899
25.8 0.0087705
25.81 0.00651242
25.82 0.00429767
25.83 0.00250136
25.84 0.00140013
25.85 0.00107786
25.86 0.0015022
25.87 0.00267013
25.88 0.00465494
25.89 0.00754869
25.9 0.0113123
25.91 0.0156273
25.92 0.0198889
25.93 0.0233071
25.94 0.0250382
25.95 0.0243383
25.96 0.0207553
25.97 0.0143019
25.98 0.00554642
25.99 -0.00434311
26 -0.0135492
26.01 -0.0204525
26.02 -0.0243711
26.03 -0.0251673
26.04 -0.0230316
26.05 -0.0184401
26.06 -0.0119399
26.07 -0.00427461
26.08 0.00360627
26.09 0.0107759
26.1 0.0167356
26.11 0.0212056
26.12 0.023625
26.13 0.0237281
26.14 0.0217952
26.15 0.0179816
26.16 0.0123677
26.17 0.00532673
26.18 -0.00268988
26.19 -0.0110575
26.2 -0.0191613
26.21 -0.0263496
26.22 -0.0316423
26.23 -0.0347764
