0.01 7.00402e-07
0.02 1.27036e-06
0.03 -1.621e-06
0.04 -9.67817e-06
0.05 -2.06443e-05
0.06 -3.04001e-05
0.07 -3.70942e-05
0.08 -4.3991e-05
0.09 -5.6639e-05
0.1 -7.44905e-05
0.11 -8.54884e-05
0.12 -7.26824e-05
0.13 -2.94654e-05
0.14 3.16484e-05
0.15 8.59711e-05
0.16 0.000112148
0.17 0.000102662
0.18 6.38391e-05
0.19 1.0481e-05
0.2 -3.80802e-05
0.21 -6.2003e-05
0.22 -5.00082e-05
0.23 -8.90765e-06
0.24 3.7569e-05
0.25 6.30804e-05
0.26 5.52228e-05
0.27 2.17225e-05
0.28 -1.59544e-05
0.29 -3.55683e-05
0.3 -2.72578e-05
0.31 -1.18325e-06
0.32 1.65187e-05
0.33 1.07399e-06
0.34 -4.97724e-05
0.35 -0.000107665
0.36 -0.000129146
0.37 -8.65185e-05
0.38 9.64724e-06
0.39 0.00011544
0.4 0.000182431
0.41 0.000186991
0.42 0.000139216
0.43 7.07608e-05
0.44 1.52803e-05
0.45 -6.7631e-06
0.46 4.35224e-06
0.47 2.78092e-05
0.48 3.1988e-05
0.49 -6.44726e-06
0.5 -8.31738e-05
0.51 -0.00016249
0.52 -0.000197298
0.53 -0.00016047
0.54 -6.35023e-05
0.55 5.08518e-05
0.56 0.000133626
0.57 0.000153934
0.58 0.000110932
0.59 3.17147e-05
0.6 -4.26729e-05
0.61 -7.74903e-05
0.62 -6.10443e-05
0.63 -9.30261e-06
0.64 4.32771e-05
0.65 7.25039e-05
0.66 6.25937e-05
0.67 5.41171e-06
0.68 -7.293e-05
0.69 -0.00012117
0.7 -0.000101327
0.71 -1.62889e-05
0.72 8.97073e-05
0.73 0.000158691
0.74 0.000156047
0.75 9.0425e-05
0.76 2.8804e-06
0.77 -6.33035e-05
0.78 -8.72498e-05
0.79 -7.48345e-05
0.8 -4.68409e-05
0.81 -2.29589e-05
0.82 -1.12273e-05
0.83 -7.46183e-06
0.84 -2.16646e-06
0.85 1.19421e-05
0.86 3.54654e-05
0.87 6.06215e-05
0.88 7.39926e-05
0.89 6.55572e-05
0.9 3.71436e-05
0.91 2.55535e-07
0.92 -3.42411e-05
0.93 -6.16597e-05
0.94 -7.91481e-05
0.95 -8.07916e-05
0.96 -6.13089e-05
0.97 -2.37275e-05
0.98 1.9656e-05
0.99 5.41199e-05
1 6.91449e-05
1.01 6.05979e-05
1.02 3.08113e-05
1.03 -1.13586e-05
1.04 -5.08534e-05
1.05 -6.94508e-05
1.06 -5.43556e-05
1.07 -9.41919e-06
1.08 4.13833e-05
1.09 6.62387e-05
1.1 4.8112e-05
1.11 -8.94003e-08
1.12 -4.23699e-05
1.13 -4.51406e-05
1.14 -1.9461e-06
1.15 6.13159e-05
1.16 0.00010362
1.17 9.59415e-05
1.18 4.1041e-05
1.19 -2.70925e-05
1.2 -6.57383e-05
1.21 -5.35663e-05
1.22 -6.22846e-06
1.23 3.49229e-05
1.24 3.28669e-05
1.25 -1.85827e-05
1.26 -9.02984e-05
1.27 -0.000136694
1.28 -0.000123806
1.29 -4.86953e-05
1.3 5.98846e-05
1.31 0.000156804
1.32 0.000201055
1.33 0.000172419
1.34 8.08609e-05
1.35 -3.42212e-05
1.36 -0.000119068
1.37 -0.00013364
1.38 -7.81246e-05
1.39 3.94959e-06
1.4 5.3825e-05
1.41 3.84848e-05
1.42 -2.59503e-05
1.43 -8.55881e-05
1.44 -8.73605e-05
1.45 -1.86046e-05
1.46 8.12658e-05
1.47 0.000146975
1.48 0.00013307
1.49 4.62606e-05
1.5 -5.85863e-05
1.51 -0.000115699
1.52 -9.20881e-05
1.53 -7.05539e-06
1.54 8.40174e-05
1.55 0.000126455
1.56 9.6964e-05
1.57 1.15326e-05
1.58 -8.81801e-05
1.59 -0.000157141
1.6 -0.000165128
1.61 -0.000105799
1.62 1.71914e-06
1.63 0.000116828
1.64 0.000189506
1.65 0.000182616
1.66 9.54865e-05
1.67 -2.9636e-05
1.68 -0.000128839
1.69 -0.000153909
1.7 -9.95134e-05
1.71 -3.34411e-06
1.72 7.72539e-05
1.73 9.79071e-05
1.74 5.29616e-05
1.75 -2.01916e-05
1.76 -6.38872e-05
1.77 -3.87806e-05
1.78 4.61465e-05
1.79 0.000134171
1.8 0.000156403
1.81 8.14877e-05
1.82 -5.73638e-05
1.83 -0.000181563
1.84 -0.00021904
1.85 -0.000149374
1.86 -1.26694e-05
1.87 0.000117643
1.88 0.000176703
1.89 0.000140357
1.9 3.38493e-05
1.91 -8.30421e-05
1.92 -0.00014669
1.93 -0.000123338
1.94 -2.82563e-05
1.95 8.32017e-05
1.96 0.000149399
1.97 0.000139411
1.98 6.83153e-05
1.99 -1.65472e-05
2 -6.47971e-05
2.01 -5.05279e-05
2.02 1.26844e-05
2.03 7.72003e-05
2.04 8.9191e-05
2.05 2.52081e-05
2.06 -8.86265e-05
2.07 -0.000191533
2.08 -0.000226685
2.09 -0.000174287
2.1 -5.78899e-05
2.11 7.34511e-05
2.12 0.000168879
2.13 0.000191885
2.14 0.000130921
2.15 9.45248e-06
2.16 -0.00011322
2.17 -0.000165481
2.18 -0.000107479
2.19 3.47119e-05
2.2 0.00017705
2.21 0.000228592
2.22 0.000151074
2.23 -1.40993e-05
2.24 -0.000168896
2.25 -0.000217697
2.26 -0.000128057
2.27 4.33981e-05
2.28 0.000180391
2.29 0.000180005
2.3 2.50786e-05
2.31 -0.000195362
2.32 -0.000337995
2.33 -0.000298635
2.34 -8.38271e-05
2.35 0.000189095
2.36 0.000363347
2.37 0.000338169
2.38 0.000128733
2.39 -0.000143787
2.4 -0.000323951
2.41 -0.000312412
2.42 -0.000121092
2.43 0.000138103
2.44 0.000320566
2.45 0.000330688
2.46 0.000172022
2.47 -6.04323e-05
2.48 -0.000239086
2.49 -0.000276774
2.5 -0.000170532
2.51 5.30821e-06
2.52 0.000147093
2.53 0.000181076
2.54 0.00010164
2.55 -3.11937e-05
2.56 -0.000132794
2.57 -0.000146733
2.58 -7.331e-05
2.59 4.11088e-05
2.6 0.000136455
2.61 0.000166921
2.62 0.000115609
2.63 5.02225e-07
2.64 -0.000127864
2.65 -0.00020439
2.66 -0.000182955
2.67 -6.65134e-05
2.68 8.94129e-05
2.69 0.00020388
2.7 0.000213083
2.71 0.000106866
2.72 -6.12694e-05
2.73 -0.000201214
2.74 -0.000238385
2.75 -0.000158091
2.76 -1.23533e-05
2.77 0.000112036
2.78 0.000141037
2.79 5.36582e-05
2.8 -0.000100312
2.81 -0.000219217
2.82 -0.000206448
2.83 -3.6202e-05
2.84 0.000219327
2.85 0.000426367
2.86 0.00046696
2.87 0.000306773
2.88 1.53153e-05
2.89 -0.000269389
2.9 -0.000412372
2.91 -0.000353352
2.92 -0.000140354
2.93 9.70232e-05
2.94 0.000222192
2.95 0.000168766
2.96 -2.45293e-05
2.97 -0.000236604
2.98 -0.000330136
2.99 -0.000229428
3 3.05945e-05
3.01 0.000317157
3.02 0.000473643
3.03 0.000412236
3.04 0.000166427
3.05 -0.000129492
3.06 -0.000318495
3.07 -0.000308338
3.08 -0.000121264
3.09 0.000119882
3.1 0.000264121
3.11 0.000222965
3.12 2.17898e-05
3.13 -0.000221081
3.14 -0.000369689
3.15 -0.00034803
3.16 -0.000175929
3.17 4.8579e-05
3.18 0.000205965
3.19 0.000222135
3.2 0.000109588
3.21 -4.34835e-05
3.22 -0.000129991
3.23 -8.85783e-05
3.24 6.30648e-05
3.25 0.000240123
3.26 0.000338072
3.27 0.000291487
3.28 0.000111274
3.29 -0.000123197
3.3 -0.000309144
3.31 -0.000370185
3.32 -0.000286759
3.33 -0.000104513
3.34 8.06253e-05
3.35 0.000167793
3.36 0.000114036
3.37 -2.95297e-05
3.38 -0.00014628
3.39 -0.0001344
3.4 1.99785e-05
3.41 0.000230937
3.42 0.000369217
3.43 0.000346559
3.44 0.000171543
3.45 -5.80356e-05
3.46 -0.000219144
3.47 -0.000240054
3.48 -0.000139143
3.49 -4.02675e-06
3.5 7.04904e-05
3.51 4.29675e-05
3.52 -5.30988e-05
3.53 -0.000137237
3.54 -0.000139567
3.55 -4.92478e-05
3.56 7.90054e-05
3.57 0.000163162
3.58 0.000148133
3.59 3.97502e-05
3.6 -9.91803e-05
3.61 -0.000184366
3.62 -0.000157951
3.63 -2.56378e-05
3.64 0.00014059
3.65 0.000242821
3.66 0.000217714
3.67 7.516e-05
3.68 -0.000110606
3.69 -0.000246836
3.7 -0.000271775
3.71 -0.000181126
3.72 -2.57892e-05
3.73 0.00011271
3.74 0.000161053
3.75 9.44471e-05
3.76 -4.29785e-05
3.77 -0.00015692
3.78 -0.000157614
3.79 -1.93383e-05
3.8 0.000194368
3.81 0.000360797
3.82 0.00037132
3.83 0.000204312
3.84 -5.27365e-05
3.85 -0.000253096
3.86 -0.000282909
3.87 -0.000133368
3.88 9.40006e-05
3.89 0.000248743
3.9 0.000221057
3.91 1.06278e-05
3.92 -0.000265567
3.93 -0.000439648
3.94 -0.00039806
3.95 -0.000155757
3.96 0.00015119
3.97 0.000347458
3.98 0.000321153
3.99 8.72362e-05
4 -0.000220724
4.01 -0.000424002
4.02 -0.000399032
4.03 -0.000149999
4.04 0.000190335
4.05 0.000434325
4.06 0.000445298
4.07 0.000216311
4.08 -0.000121882
4.09 -0.000371201
4.1 -0.000379723
4.11 -0.000133502
4.12 0.000231461
4.13 0.00050785
4.14 0.000538749
4.15 0.000307672
4.16 -5.50841e-05
4.17 -0.000350994
4.18 -0.000429379
4.19 -0.000272688
4.2 -1.21501e-06
4.21 0.000206704
4.22 0.000228218
4.23 6.89702e-05
4.24 -0.000150598
4.25 -0.000281297
4.26 -0.000242412
4.27 -6.92588e-05
4.28 0.000114895
4.29 0.000183673
4.3 9.43519e-05
4.31 -8.3478e-05
4.32 -0.000218382
4.33 -0.000208411
4.34 -4.65217e-05
4.35 0.000181474
4.36 0.000355097
4.37 0.000387741
4.38 0.000266286
4.39 4.96879e-05
4.4 -0.000165793
4.41 -0.0002958
4.42 -0.000305128
4.43 -0.000212917
4.44 -6.86342e-05
4.45 7.77071e-05
4.46 0.000191176
4.47 0.00025202
4.48 0.000248832
4.49 0.000174923
4.5 3.58475e-05
4.51 -0.000136143
4.52 -0.000279758
4.53 -0.000329427
4.54 -0.000257276
4.55 -0.000100241
4.56 5.48912e-05
4.57 0.000123369
4.58 7.64648e-05
4.59 -3.84177e-05
4.6 -0.000127011
4.61 -0.000113773
4.62 -1.69025e-06
4.63 0.000123176
4.64 0.000154847
4.65 5.34258e-05
4.66 -0.000115829
4.67 -0.000224619
4.68 -0.000174357
4.69 2.82512e-05
4.7 0.000267017
4.71 0.000387737
4.72 0.000298567
4.73 3.36369e-05
4.74 -0.000262404
4.75 -0.000420589
4.76 -0.000350217
4.77 -9.21764e-05
4.78 0.00021048
4.79 0.000402783
4.8 0.000408575
4.81 0.000265611
4.82 8.71393e-05
4.83 -2.1347e-05
4.84 -3.23932e-05
4.85 -4.00291e-06
4.86 -2.04273e-05
4.87 -0.000115576
4.88 -0.000240526
4.89 -0.000298306
4.9 -0.00021782
4.91 -1.27637e-05
4.92 0.00021714
4.93 0.00034519
4.94 0.000296039
4.95 9.00242e-05
4.96 -0.000170787
4.97 -0.000359491
4.98 -0.00038994
4.99 -0.000259603
5 -4.82932e-05
5.01 0.000130724
5.02 0.000199397
5.03 0.000155732
5.04 6.00027e-05
5.05 -1.61998e-05
5.06 -3.61199e-05
5.07 -1.0669e-05
5.08 2.10111e-05
5.09 2.42809e-05
5.1 -6.93728e-06
5.11 -4.88101e-05
5.12 -6.6227e-05
5.13 -3.65308e-05
5.14 3.58138e-05
5.15 0.00012103
5.16 0.000181226
5.17 0.000192129
5.18 0.000154848
5.19 9.11634e-05
5.2 2.72532e-05
5.21 -2.35421e-05
5.22 -6.62901e-05
5.23 -0.000110712
5.24 -0.000149115
5.25 -0.0001536
5.26 -0.000104846
5.27 -2.51899e-05
5.28 2.55306e-05
5.29 -1.60941e-06
5.3 -9.32361e-05
5.31 -0.000172387
5.32 -0.000158454
5.33 -3.94435e-05
5.34 0.000110549
5.35 0.00018897
5.36 0.000149615
5.37 4.16463e-05
5.38 -3.17177e-05
5.39 -1.74255e-07
5.4 0.000115655
5.41 0.000221687
5.42 0.000223661
5.43 9.69162e-05
5.44 -9.53092e-05
5.45 -0.000243088
5.46 -0.000261161
5.47 -0.000144037
5.48 3.12021e-05
5.49 0.000155964
5.5 0.000159497
5.51 4.95533e-05
5.52 -9.96543e-05
5.53 -0.00019826
5.54 -0.000193454
5.55 -9.43439e-05
5.56 3.78035e-05
5.57 0.000125495
5.58 0.000121862
5.59 4.42528e-05
5.6 -3.17312e-05
5.61 -2.26674e-05
5.62 9.76184e-05
5.63 0.000265841
5.64 0.000361666
5.65 0.000291828
5.66 6.67861e-05
5.67 -0.000193175
5.68 -0.000333374
5.69 -0.000268467
5.7 -4.20506e-05
5.71 0.000196087
5.72 0.000281142
5.73 0.000139155
5.74 -0.000159419
5.75 -0.000437899
5.76 -0.000521793
5.77 -0.000347979
5.78 -8.1961e-06
5.79 0.000299198
5.8 0.000385995
5.81 0.000194928
5.82 -0.000152841
5.83 -0.000423758
5.84 -0.000417249
5.85 -9.92467e-05
5.86 0.000363861
5.87 0.000699723
5.88 0.000699943
5.89 0.000354376
5.9 -0.000141002
5.91 -0.000505878
5.92 -0.000543169
5.93 -0.000250105
5.94 0.000179267
5.95 0.000458207
5.96 0.000372498
5.97 -7.91499e-05
5.98 -0.000661319
5.99 -0.00102706
6 -0.000923532
6.01 -0.00035341
6.02 0.000408802
6.03 0.000966513
6.04 0.00103628
6.05 0.000621275
6.06 9.62575e-06
6.07 -0.00040588
6.08 -0.000369106
6.09 8.44006e-05
6.1 0.000647613
6.11 0.000927864
6.12 0.000686265
6.13 -1.06842e-05
6.14 -0.000817732
6.15 -0.00130915
6.16 -0.00123841
6.17 -0.00069601
6.18 -5.309e-05
6.19 0.000281103
6.2 0.000127947
6.21 -0.000346577
6.22 -0.000742543
6.23 -0.000682988
6.24 -5.77583e-05
6.25 0.00088981
6.26 0.0016855
6.27 0.00189074
6.28 0.00135933
6.29 0.000340763
6.3 -0.00064485
6.31 -0.0011039
6.32 -0.000854231
6.33 -0.00012229
6.34 0.000602603
6.35 0.00086296
6.36 0.000497139
6.37 -0.000279933
6.38 -0.00101923
6.39 -0.00131094
6.4 -0.00102029
6.41 -0.000347278
6.42 0.000316884
6.43 0.000632673
6.44 0.0004939
6.45 5.2548e-05
6.46 -0.000393921
6.47 -0.000565112
6.48 -0.000329911
6.49 0.000232143
6.5 0.000859478
6.51 0.00122868
6.52 0.00112408
6.53 0.000568144
6.54 -0.00017441
6.55 -0.000737205
6.56 -0.00086081
6.57 -0.000541809
6.58 -2.74594e-05
6.59 0.00033933
6.6 0.000323081
6.61 -7.46389e-05
6.62 -0.000621853
6.63 -0.000983527
6.64 -0.0009019
6.65 -0.000344146
6.66 0.000458506
6.67 0.00111585
6.68 0.00129005
6.69 0.000899545
6.7 0.000181912
6.71 -0.000442543
6.72 -0.000628262
6.73 -0.000313784
6.74 0.000251336
6.75 0.000670582
6.76 0.000645972
6.77 0.000155063
6.78 -0.000542702
6.79 -0.00106719
6.8 -0.0011393
6.81 -0.000727811
6.82 -4.86672e-05
6.83 0.000562688
6.84 0.000827083
6.85 0.00065948
6.86 0.000208382
6.87 -0.000224013
6.88 -0.000349934
6.89 -6.77745e-05
6.9 0.000463575
6.91 0.000904124
6.92 0.000933005
6.93 0.000454592
6.94 -0.000321255
6.95 -0.000986945
6.96 -0.00117564
6.97 -0.000785032
6.98 -4.543e-05
6.99 0.000613588
7 0.000818473
7.01 0.000473891
7.02 -0.000184014
7.03 -0.00073756
7.04 -0.000846478
7.05 -0.000449151
7.06 0.000216978
7.07 0.000771864
7.08 0.000915274
7.09 0.000589264
7.1 6.75771e-06
7.11 -0.000465592
7.12 -0.000519429
7.13 -0.00010193
7.14 0.000529299
7.15 0.000949645
7.16 0.000829185
7.17 0.000145896
7.18 -0.000783982
7.19 -0.00147489
7.2 -0.00153919
7.21 -0.000902104
7.22 0.000143653
7.23 0.00107984
7.24 0.00143883
7.25 0.00106161
7.26 0.000189442
7.27 -0.000669089
7.28 -0.00102507
7.29 -0.000688442
7.3 0.000118721
7.31 0.000885984
7.32 0.00111697
7.33 0.00063846
7.34 -0.00027831
7.35 -0.00107479
7.36 -0.00125178
7.37 -0.000686798
7.38 0.000282456
7.39 0.00106504
7.4 0.00118549
7.41 0.000581761
7.42 -0.000356806
7.43 -0.00103703
7.44 -0.00103546
7.45 -0.000355703
7.46 0.000589617
7.47 0.00124317
7.48 0.0012324
7.49 0.000567372
7.5 -0.000384463
7.51 -0.00110815
7.52 -0.00121765
7.53 -0.000665606
7.54 0.000219479
7.55 0.000907216
7.56 0.000974131
7.57 0.000368428
7.58 -0.000545779
7.59 -0.00120692
7.6 -0.0012022
7.61 -0.000524365
7.62 0.000418604
7.63 0.00104975
7.64 0.000978115
7.65 0.000242721
7.66 -0.000709297
7.67 -0.00129736
7.68 -0.00115728
7.69 -0.000346836
7.7 0.000706198
7.71 0.0014593
7.72 0.00155106
7.73 0.000978284
7.74 7.88795e-05
7.75 -0.000656778
7.76 -0.00084991
7.77 -0.000438562
7.78 0.000290967
7.79 0.000873263
7.8 0.000937012
7.81 0.000416643
7.82 -0.000416318
7.83 -0.00110838
7.84 -0.00127741
7.85 -0.000831284
7.86 -2.76218e-05
7.87 0.000676097
7.88 0.000895387
7.89 0.000545613
7.9 -0.000118575
7.91 -0.000670688
7.92 -0.000768341
7.93 -0.000344549
7.94 0.000360585
7.95 0.000938006
7.96 0.00104366
7.97 0.000600502
7.98 -0.00014974
7.99 -0.000784653
8 -0.000953656
8.01 -0.000591415
8.02 4.19459e-05
8.03 0.00052295
8.04 0.000533106
8.05 6.79274e-05
8.06 -0.000550044
8.07 -0.000873462
8.08 -0.000623833
8.09 0.000116457
8.1 0.000943279
8.11 0.00137532
8.12 0.0011478
8.13 0.000377636
8.14 -0.00049698
8.15 -0.000973191
8.16 -0.000790622
8.17 -0.000100181
8.18 0.000623347
8.19 0.00088134
8.2 0.000472607
8.21 -0.000373641
8.22 -0.00113664
8.23 -0.00132483
8.24 -0.000780138
8.25 0.000219912
8.26 0.00112384
8.27 0.00143237
8.28 0.000993883
8.29 9.45765e-05
8.3 -0.000712252
8.31 -0.000939896
8.32 -0.00046329
8.33 0.000405816
8.34 0.00110924
8.35 0.00118013
8.36 0.000523307
8.37 -0.000525601
8.38 -0.00139211
8.39 -0.0015932
8.4 -0.00101759
8.41 2.12872e-06
8.42 0.00087935
8.43 0.00111939
8.44 0.000608595
8.45 -0.000324462
8.46 -0.00110537
8.47 -0.00124698
8.48 -0.000628353
8.49 0.000433984
8.5 0.00136392
8.51 0.0016556
8.52 0.00116671
8.53 0.000200681
8.54 -0.000675328
8.55 -0.000969339
8.56 -0.000554072
8.57 0.000265907
8.58 0.00094561
8.59 0.00103373
8.6 0.0004491
8.61 -0.000471091
8.62 -0.00118629
8.63 -0.00129256
8.64 -0.000763333
8.65 5.89974e-05
8.66 0.000696211
8.67 0.000826714
8.68 0.000456351
8.69 -0.000116424
8.7 -0.000497885
8.71 -0.000433275
8.72 5.11088e-05
8.73 0.000669927
8.74 0.00105017
8.75 0.000952546
8.76 0.000411957
8.77 -0.000284394
8.78 -0.000765883
8.79 -0.000794855
8.8 -0.000402984
8.81 0.00013595
8.82 0.000480032
8.83 0.000426384
8.84 2.10086e-05
8.85 -0.00048727
8.86 -0.000803019
8.87 -0.000748248
8.88 -0.000346231
8.89 0.000203151
8.9 0.000628062
8.91 0.000719763
8.92 0.000442921
8.93 -3.56798e-05
8.94 -0.000430411
8.95 -0.000498015
8.96 -0.000185102
8.97 0.00032996
8.98 0.000732839
8.99 0.00075499
9 0.000336297
9.01 -0.000328719
9.02 -0.000895411
9.03 -0.00106694
9.04 -0.000765755
9.05 -0.000174831
9.06 0.00037169
9.07 0.000578721
9.08 0.000351732
9.09 -0.000155959
9.1 -0.000629841
9.11 -0.000765837
9.12 -0.000440422
9.13 0.000209002
9.14 0.000848331
9.15 0.00113298
9.16 0.000909471
9.17 0.000306328
9.18 -0.000343169
9.19 -0.000696075
9.2 -0.000591195
9.21 -0.000126372
9.22 0.000412493
9.23 0.000719425
9.24 0.000634758
9.25 0.000220133
9.26 -0.000292837
9.27 -0.000640832
9.28 -0.000666977
9.29 -0.000386756
9.3 3.48047e-05
9.31 0.000368223
9.32 0.000431959
9.33 0.000194055
9.34 -0.000191301
9.35 -0.000457141
9.36 -0.000386605
9.37 3.11548e-05
9.38 0.000565891
9.39 0.000874702
9.4 0.000719431
9.41 0.000127074
9.42 -0.000615357
9.43 -0.00112391
9.44 -0.00113145
9.45 -0.000630285
9.46 0.000122024
9.47 0.000729988
9.48 0.00086294
9.49 0.000439032
9.5 -0.000311019
9.51 -0.000953859
9.52 -0.00109246
9.53 -0.000603534
9.54 0.00027104
9.55 0.00104897
9.56 0.00128821
9.57 0.000858871
9.58 3.40405e-05
9.59 -0.000672354
9.6 -0.00082298
9.61 -0.000337313
9.62 0.000448312
9.63 0.000996732
9.64 0.000917415
9.65 0.000214417
9.66 -0.000715106
9.67 -0.00131876
9.68 -0.00121653
9.69 -0.000432706
9.7 0.000602366
9.71 0.0012942
9.72 0.00123836
9.73 0.000472497
9.74 -0.000540966
9.75 -0.00119864
9.76 -0.00112592
9.77 -0.000397564
9.78 0.000523643
9.79 0.0010811
9.8 0.000961951
9.81 0.000274502
9.82 -0.000533924
9.83 -0.000962349
9.84 -0.000765881
9.85 -9.74615e-05
9.86 0.000601535
9.87 0.000884553
9.88 0.000574296
9.89 -0.000136454
9.9 -0.000806698
9.91 -0.00101086
9.92 -0.000592667
9.93 0.000232834
9.94 0.000996103
9.95 0.00125237
9.96 0.000856508
9.97 5.43197e-05
9.98 -0.000675319
9.99 -0.000922988
10 -0.000591909
10.01 6.83265e-05
10.02 0.000635504
10.03 0.000771673
10.04 0.00041317
10.05 -0.000204544
10.06 -0.000696415
10.07 -0.000764025
10.08 -0.000375699
10.09 0.000221605
10.1 0.000663119
10.11 0.000690058
10.12 0.000295749
10.13 -0.000282266
10.14 -0.000705789
10.15 -0.000727105
10.16 -0.000322107
10.17 0.000302077
10.18 0.000821149
10.19 0.000962211
10.2 0.000642122
10.21 1.23117e-05
10.22 -0.000616961
10.23 -0.000941114
10.24 -0.000829591
10.25 -0.000396256
10.26 7.87776e-05
10.27 0.000324599
10.28 0.000237434
10.29 -7.38158e-05
10.3 -0.000371996
10.31 -0.000443412
10.32 -0.000219894
10.33 0.000196172
10.34 0.000602153
10.35 0.000803851
10.36 0.000703721
10.37 0.000341636
10.38 -0.000118134
10.39 -0.000454915
10.4 -0.000498659
10.41 -0.000228991
10.42 0.000195653
10.43 0.00051416
10.44 0.000514792
10.45 0.000173532
10.46 -0.000317489
10.47 -0.000663413
10.48 -0.000653975
10.49 -0.000299167
10.5 0.000178964
10.51 0.000490684
10.52 0.000458404
10.53 0.00011604
10.54 -0.00032288
10.55 -0.000595071
10.56 -0.000535208
10.57 -0.000164592
10.58 0.000321908
10.59 0.000663703
10.6 0.000678329
10.61 0.000361453
10.62 -0.000108305
10.63 -0.000460879
10.64 -0.000480439
10.65 -0.000134155
10.66 0.00039124
10.67 0.00078351
10.68 0.000789973
10.69 0.000380064
10.7 -0.000227536
10.71 -0.000694499
10.72 -0.00076063
10.73 -0.00038778
10.74 0.000220489
10.75 0.000723932
10.76 0.00082654
10.77 0.000449864
10.78 -0.00020027
10.79 -0.000734537
10.8 -0.000807098
10.81 -0.000332521
10.82 0.000447107
10.83 0.00109226
10.84 0.00121776
10.85 0.00071987
10.86 -0.000152945
10.87 -0.00093372
10.88 -0.0012041
10.89 -0.000838459
10.9 -7.58386e-05
10.91 0.000628337
10.92 0.000881223
10.93 0.000585673
10.94 -1.77387e-05
10.95 -0.000516544
10.96 -0.000584498
10.97 -0.000170732
10.98 0.000483279
10.99 0.000995584
11 0.00106961
11.01 0.000664649
11.02 1.56602e-05
11.03 -0.000509282
11.04 -0.000627214
11.05 -0.000306043
11.06 0.000220863
11.07 0.000602958
11.08 0.000589792
11.09 0.000181872
11.1 -0.000374573
11.11 -0.000741914
11.12 -0.000698379
11.13 -0.000272976
11.14 0.000273254
11.15 0.000608833
11.16 0.000536539
11.17 0.000115895
11.18 -0.00036989
11.19 -0.000585749
11.2 -0.000356678
11.21 0.000210339
11.22 0.000777653
11.23 0.000977354
11.24 0.000641764
11.25 -7.69756e-05
11.26 -0.000780938
11.27 -0.00106227
11.28 -0.00076114
11.29 -7.83847e-05
11.3 0.000541441
11.31 0.000691744
11.32 0.000270985
11.33 -0.000442623
11.34 -0.000967371
11.35 -0.00093655
11.36 -0.000346433
11.37 0.00043812
11.38 0.000929592
11.39 0.000845856
11.4 0.000290538
11.41 -0.000333736
11.42 -0.000608111
11.43 -0.000375716
11.44 0.00017032
11.45 0.000635255
11.46 0.000691515
11.47 0.000283293
11.48 -0.000354325
11.49 -0.000853988
11.5 -0.000941745
11.51 -0.000594157
11.52 -4.12365e-05
11.53 0.000380064
11.54 0.000430258
11.55 0.000103942
11.56 -0.000381287
11.57 -0.000727429
11.58 -0.000734264
11.59 -0.000406112
11.6 6.54962e-05
11.61 0.000422602
11.62 0.00049233
11.63 0.000282052
11.64 -3.82887e-05
11.65 -0.00025266
11.66 -0.000234326
11.67 -1.67699e-05
11.68 0.000232976
11.69 0.000319386
11.7 0.000147421
11.71 -0.000200537
11.72 -0.000502323
11.73 -0.000541084
11.74 -0.000262118
11.75 0.000177123
11.76 0.000504238
11.77 0.000507003
11.78 0.00016955
11.79 -0.000313668
11.8 -0.00065332
11.81 -0.000640852
11.82 -0.000278603
11.83 0.000216646
11.84 0.000544238
11.85 0.000508279
11.86 0.000146526
11.87 -0.000287378
11.88 -0.000484689
11.89 -0.000284931
11.9 0.000212531
11.91 0.000705061
11.92 0.000876125
11.93 0.000595485
11.94 3.66385e-06
11.95 -0.000571075
11.96 -0.000809411
11.97 -0.000591756
11.98 -6.76701e-05
11.99 0.000437232
12 0.000615198
12.01 0.00035616
12.02 -0.000183634
12.03 -0.000665466
12.04 -0.000767555
12.05 -0.000385297
12.06 0.000297458
12.07 0.0009148
12.08 0.00113128
12.09 0.000828489
12.1 0.000164626
12.11 -0.000514697
12.12 -0.000859822
12.13 -0.000700784
12.14 -0.000142427
12.15 0.00048214
12.16 0.000790483
12.17 0.000575516
12.18 -5.61215e-05
12.19 -0.000730071
12.2 -0.00102232
12.21 -0.000721628
12.22 2.78824e-05
12.23 0.000800455
12.24 0.00114188
12.25 0.000849527
12.26 0.000104961
12.27 -0.000624931
12.28 -0.000862139
12.29 -0.000408406
12.3 0.000516765
12.31 0.00138173
12.32 0.00164884
12.33 0.00111222
12.34 5.36945e-05
12.35 -0.000907913
12.36 -0.00120094
12.37 -0.000670172
12.38 0.000321675
12.39 0.00112923
12.4 0.00123387
12.41 0.000560349
12.42 -0.000488212
12.43 -0.00128237
12.44 -0.00134533
12.45 -0.000635964
12.46 0.000425903
12.47 0.001209
12.48 0.00125106
12.49 0.000538073
12.5 -0.000492419
12.51 -0.00122165
12.52 -0.00121811
12.53 -0.000481719
12.54 0.000566666
12.55 0.00133017
12.56 0.00137406
12.57 0.000672658
12.58 -0.000371842
12.59 -0.00115504
12.6 -0.00122143
12.61 -0.000540408
12.62 0.000466142
12.63 0.00117514
12.64 0.00114378
12.65 0.000381401
12.66 -0.000660048
12.67 -0.00136882
12.68 -0.0013476
12.69 -0.000642302
12.7 0.000310546
12.71 0.000966102
12.72 0.000991836
12.73 0.000435908
12.74 -0.000331976
12.75 -0.000848646
12.76 -0.0008176
12.77 -0.000265345
12.78 0.000482139
12.79 0.000988049
12.8 0.000953091
12.81 0.000383474
12.82 -0.000413366
12.83 -0.00100093
12.84 -0.0010587
12.85 -0.000563916
12.86 0.000195129
12.87 0.000785748
12.88 0.000880966
12.89 0.000447289
12.9 -0.000238156
12.91 -0.000752576
12.92 -0.000778644
12.93 -0.000291708
12.94 0.000428873
12.95 0.000968717
12.96 0.00102087
12.97 0.000555706
12.98 -0.000173159
12.99 -0.000777821
13 -0.000948856
13.01 -0.000618379
13.02 7.46872e-06
13.03 0.00056505
13.04 0.000740389
13.05 0.000452896
13.06 -9.30721e-05
13.07 -0.000526931
13.08 -0.00053599
13.09 -6.0288e-05
13.1 0.000662978
13.11 0.00123642
13.12 0.00133881
13.13 0.000918759
13.14 0.000229361
13.15 -0.000321428
13.16 -0.000417166
13.17 -2.1495e-05
13.18 0.000609137
13.19 0.0010835
13.2 0.0011036
13.21 0.000633805
13.22 -8.09304e-05
13.23 -0.000654793
13.24 -0.000782989
13.25 -0.000418875
13.26 0.000203775
13.27 0.000719945
13.28 0.000857649
13.29 0.000592283
13.3 0.000138253
13.31 -0.00020179
13.32 -0.000221565
13.33 8.19787e-05
13.34 0.000522205
13.35 0.000830792
13.36 0.000806644
13.37 0.000437199
13.38 -8.24277e-05
13.39 -0.000462622
13.4 -0.000501811
13.41 -0.000211733
13.42 0.000202754
13.43 0.000484979
13.44 0.000481224
13.45 0.000215813
13.46 -0.000136411
13.47 -0.000354054
13.48 -0.000300019
13.49 -8.40679e-06
13.5 0.00033546
13.51 0.000517527
13.52 0.0004359
13.53 0.000157331
13.54 -0.000144153
13.55 -0.000303649
13.56 -0.000250142
13.57 -2.66612e-05
13.58 0.000239199
13.59 0.000395716
13.6 0.000345416
13.61 0.000107345
13.62 -0.000184891
13.63 -0.000360671
13.64 -0.000317793
13.65 -8.59353e-05
13.66 0.000191435
13.67 0.000343075
13.68 0.000269133
13.69 -4.04253e-06
13.7 -0.000339104
13.71 -0.00055963
13.72 -0.000541975
13.73 -0.000282941
13.74 9.31342e-05
13.75 0.000395777
13.76 0.000467452
13.77 0.000265959
13.78 -0.000114111
13.79 -0.000488943
13.8 -0.000673591
13.81 -0.000567863
13.82 -0.000208018
13.83 0.000233865
13.84 0.000515092
13.85 0.000445459
13.86 1.43516e-05
13.87 -0.000571798
13.88 -0.000996541
13.89 -0.0010296
13.9 -0.000674979
13.91 -0.000163061
13.92 0.00020203
13.93 0.000227983
13.94 -6.45377e-05
13.95 -0.000468104
13.96 -0.000709675
13.97 -0.000601519
13.98 -0.00014843
13.99 0.000451387
14 0.000920841
14.01 0.00106266
14.02 0.000857137
14.03 0.000447303
14.04 4.64919e-05
14.05 -0.000164917
14.06 -0.000116503
14.07 0.000117287
14.08 0.000349076
14.09 0.000384543
14.1 0.000152209
14.11 -0.000231339
14.12 -0.000521883
14.13 -0.000510654
14.14 -0.000179577
14.15 0.000274175
14.16 0.000572649
14.17 0.000551143
14.18 0.000266876
14.19 -4.81502e-05
14.2 -0.000144335
14.21 8.32108e-05
14.22 0.000520669
14.23 0.000896845
14.24 0.000955685
14.25 0.000634065
14.26 0.000113166
14.27 -0.000304604
14.28 -0.000401445
14.29 -0.000174434
14.3 0.000194463
14.31 0.000479769
14.32 0.000548276
14.33 0.000408532
14.34 0.000173499
14.35 -1.6703e-05
14.36 -6.68983e-05
14.37 3.13571e-05
14.38 0.000200634
14.39 0.000322833
14.4 0.000309132
14.41 0.000155237
14.42 -5.22377e-05
14.43 -0.000183183
14.44 -0.000139447
14.45 8.30708e-05
14.46 0.000381316
14.47 0.000591842
14.48 0.000577745
14.49 0.000311272
14.5 -9.87406e-05
14.51 -0.000459912
14.52 -0.000604067
14.53 -0.000483354
14.54 -0.000191474
14.55 0.000104594
14.56 0.000274824
14.57 0.000300514
14.58 0.000262703
14.59 0.000261113
14.6 0.000331279
14.61 0.000423199
14.62 0.000450255
14.63 0.000360928
14.64 0.00017713
14.65 -2.11538e-05
14.66 -0.000146436
14.67 -0.000156474
14.68 -7.75758e-05
14.69 2.08545e-05
14.7 8.31127e-05
14.71 0.000102245
14.72 0.000100051
14.73 8.42492e-05
14.74 4.28862e-05
14.75 -1.67852e-05
14.76 -4.34297e-05
14.77 2.12776e-05
14.78 0.000173023
14.79 0.000321328
14.8 0.000350035
14.81 0.000214644
14.82 -8.75842e-06
14.83 -0.000168935
14.84 -0.000151606
14.85 2.47446e-05
14.86 0.00020958
14.87 0.000227933
14.88 2.12435e-05
14.89 -0.000286394
14.9 -0.00046188
14.91 -0.000339618
14.92 3.20313e-05
14.93 0.000403406
14.94 0.000503037
14.95 0.000248536
14.96 -0.000186045
14.97 -0.000508267
14.98 -0.000535257
14.99 -0.000320379
15 -8.5954e-05
15.01 -3.58001e-05
15.02 -0.000202677
15.03 -0.000433645
15.04 -0.000506502
15.05 -0.000292303
15.06 0.000142421
15.07 0.000563684
15.08 0.000717656
15.09 0.000505021
15.1 5.85455e-05
15.11 -0.000338001
15.12 -0.000431451
15.13 -0.000151514
15.14 0.000359136
15.15 0.000836306
15.16 0.0010408
15.17 0.000882925
15.18 0.000465348
15.19 1.92948e-05
15.2 -0.000230711
15.21 -0.000189012
15.22 6.75065e-05
15.23 0.00033785
15.24 0.000410553
15.25 0.000188691
15.26 -0.000239829
15.27 -0.000641421
15.28 -0.000780736
15.29 -0.000581535
15.3 -0.000188875
15.31 0.00011692
15.32 9.74788e-05
15.33 -0.000290214
15.34 -0.000856016
15.35 -0.00127654
15.36 -0.00128293
15.37 -0.000833801
15.38 -0.00016149
15.39 0.000358342
15.4 0.000448549
15.41 0.000126878
15.42 -0.000292069
15.43 -0.000412828
15.44 -4.69066e-05
15.45 0.000644699
15.46 0.00126459
15.47 0.00145755
15.48 0.00114794
15.49 0.000577053
15.5 0.000127064
15.51 5.83546e-05
15.52 0.000340734
15.53 0.000694751
15.54 0.000810268
15.55 0.00057366
15.56 0.000130565
15.57 -0.000245782
15.58 -0.00035355
15.59 -0.000170651
15.6 0.0001768
15.61 0.000513229
15.62 0.000692581
15.63 0.000638178
15.64 0.000368563
15.65 1.15275e-05
15.66 -0.0002305
15.67 -0.000184589
15.68 0.00016216
15.69 0.000603967
15.7 0.000808395
15.71 0.000531454
15.72 -0.000183731
15.73 -0.00098279
15.74 -0.0014024
15.75 -0.0011839
15.76 -0.000474772
15.77 0.00025224
15.78 0.000528115
15.79 0.000225844
15.8 -0.00035624
15.81 -0.000733854
15.82 -0.000605792
15.83 -6.43181e-05
15.84 0.000495585
15.85 0.000672157
15.86 0.000330152
15.87 -0.000324841
15.88 -0.000893099
15.89 -0.0010366
15.9 -0.000684198
15.91 -6.60024e-05
15.92 0.000439919
15.93 0.000547465
15.94 0.000231783
15.95 -0.000275684
15.96 -0.000644269
15.97 -0.000635562
15.98 -0.000220593
15.99 0.000411292
16 0.0009392
16.01 0.00106752
16.02 0.000700106
16.03 3.68598e-05
16.04 -0.000503818
16.05 -0.000530687
16.06 4.57374e-05
16.07 0.00091321
16.08 0.00153828
16.09 0.00151099
16.1 0.000804754
16.11 -0.000222246
16.12 -0.0010569
16.13 -0.00131995
16.14 -0.000951757
16.15 -0.000230299
16.16 0.000368075
16.17 0.000414078
16.18 -0.000221919
16.19 -0.00124992
16.2 -0.002079
16.21 -0.00215307
16.22 -0.00130379
16.23 9.21888e-05
16.24 0.00129931
16.25 0.00166046
16.26 0.000978851
16.27 -0.000363386
16.28 -0.00159167
16.29 -0.00194661
16.3 -0.00113143
16.31 0.000443215
16.32 0.00182639
16.33 0.00209141
16.34 0.000968526
16.35 -0.000912895
16.36 -0.00239023
16.37 -0.00252105
16.38 -0.00119603
16.39 0.000798721
16.4 0.00227176
16.41 0.00235169
16.42 0.00100388
16.43 -0.000954061
16.44 -0.00232386
16.45 -0.00222792
16.46 -0.000650933
16.47 0.00151428
16.48 0.00298941
16.49 0.00288445
16.5 0.00122703
16.51 -0.00106416
16.52 -0.00271777
16.53 -0.00284631
16.54 -0.00142862
16.55 0.000724034
16.56 0.00243289
16.57 0.0027879
16.58 0.0016332
16.59 -0.000360725
16.6 -0.00207944
16.61 -0.00259078
16.62 -0.00165854
16.63 0.000151062
16.64 0.00182028
16.65 0.00245867
16.66 0.00177343
16.67 0.000195716
16.68 -0.00137913
16.69 -0.00208254
16.7 -0.00154257
16.71 -9.70949e-05
16.72 0.00137904
16.73 0.00195597
16.74 0.00119005
16.75 -0.000575631
16.76 -0.00235397
16.77 -0.00306947
16.78 -0.00220212
16.79 -0.000183194
16.8 0.00182407
16.81 0.00267366
16.82 0.00193224
16.83 0.000109141
16.84 -0.00167601
16.85 -0.00235289
16.86 -0.00148496
16.87 0.000515749
16.88 0.00262242
16.89 0.00377402
16.9 0.00339825
16.91 0.00166478
16.92 -0.000596061
16.93 -0.00229699
16.94 -0.002638
16.95 -0.00154544
16.96 0.000283034
16.97 0.00179978
16.98 0.00220473
16.99 0.00136091
17 -0.000165121
17.01 -0.00143373
17.02 -0.00166687
17.03 -0.000691676
17.04 0.000988862
17.05 0.00250566
17.06 0.00307889
17.07 0.00239666
17.08 0.000777553
17.09 -0.000966039
17.1 -0.00193576
17.11 -0.00165407
17.12 -0.000363214
17.13 0.00112387
17.14 0.00190875
17.15 0.00150439
17.16 9.1721e-05
17.17 -0.00156995
17.18 -0.00255645
17.19 -0.00232238
17.2 -0.0010393
17.21 0.000515876
17.22 0.0014553
17.23 0.0013107
17.24 0.000267201
17.25 -0.00099381
17.26 -0.00171055
17.27 -0.00146956
17.28 -0.000417462
17.29 0.000845839
17.3 0.00160026
17.31 0.00137806
17.32 0.00021366
17.33 -0.00134406
17.34 -0.00249909
17.35 -0.00264999
17.36 -0.00174219
17.37 -0.000298947
17.38 0.000897267
17.39 0.00125294
17.4 0.000664533
17.41 -0.000457941
17.42 -0.00142233
17.43 -0.00163262
17.44 -0.000918763
17.45 0.000377746
17.46 0.00160013
17.47 0.0021182
17.48 0.00164363
17.49 0.000386537
17.5 -0.00102775
17.51 -0.00186291
17.52 -0.00166677
17.53 -0.000543181
17.54 0.000881112
17.55 0.0017809
17.56 0.00157629
17.57 0.000282408
17.58 -0.00143431
17.59 -0.0025918
17.6 -0.00248088
17.61 -0.00112413
17.62 0.000737479
17.63 0.00211606
17.64 0.00234974
17.65 0.0014247
17.66 -7.75704e-05
17.67 -0.00131742
17.68 -0.00163452
17.69 -0.00088564
17.7 0.000492411
17.71 0.00173361
17.72 0.00215457
17.73 0.00151011
17.74 0.000125507
17.75 -0.00125805
17.76 -0.00186628
17.77 -0.00132823
17.78 8.21926e-05
17.79 0.00158307
17.8 0.00230778
17.81 0.00177178
17.82 0.000163455
17.83 -0.00170535
17.84 -0.00281656
17.85 -0.00253699
17.86 -0.00101591
17.87 0.000894503
17.88 0.00214295
17.89 0.00207069
17.9 0.000760103
17.91 -0.00102042
17.92 -0.00223801
17.93 -0.0021782
17.94 -0.000864387
17.95 0.000955008
17.96 0.00223786
17.97 0.00223481
17.98 0.000917569
17.99 -0.000988861
18 -0.00241375
18.01 -0.00258095
18.02 -0.00147284
18.03 0.000200706
18.04 0.00148493
18.05 0.00174143
18.06 0.00095047
18.07 -0.000336631
18.08 -0.00131207
18.09 -0.00135232
18.1 -0.000378889
18.11 0.00109372
18.12 0.00225438
18.13 0.0024532
18.14 0.00156873
18.15 7.34148e-05
18.16 -0.00123551
18.17 -0.00168485
18.18 -0.00109869
18.19 0.000134628
18.2 0.0013463
18.21 0.00198768
18.22 0.00187865
18.23 0.00121926
18.24 0.000422153
18.25 -0.000108283
18.26 -0.000144539
18.27 0.000293914
18.28 0.00098795
18.29 0.0016293
18.3 0.0019367
18.31 0.00176154
18.32 0.00115485
18.33 0.000367351
18.34 -0.000240465
18.35 -0.000374359
18.36 5.01504e-06
18.37 0.000630731
18.38 0.00106937
18.39 0.000976241
18.4 0.000307707
18.41 -0.000658534
18.42 -0.00147565
18.43 -0.00176152
18.44 -0.00139542
18.45 -0.000571671
18.46 0.000297341
18.47 0.000794679
18.48 0.000712839
18.49 0.000151941
18.5 -0.000539048
18.51 -0.000955833
18.52 -0.000880455
18.53 -0.000417779
18.54 8.17857e-05
18.55 0.000257127
18.56 -5.10267e-05
18.57 -0.00073251
18.58 -0.00146248
18.59 -0.00188408
18.6 -0.00182415
18.61 -0.0013664
18.62 -0.000768219
18.63 -0.000314924
18.64 -0.000200891
18.65 -0.000471207
18.66 -0.00101067
18.67 -0.00157636
18.68 -0.00188433
18.69 -0.00173651
18.7 -0.0011327
18.71 -0.000293997
18.72 0.000439055
18.73 0.000791465
18.74 0.000678557
18.75 0.000212422
18.76 -0.00035103
18.77 -0.000698336
18.78 -0.000594109
18.79 -3.30517e-05
18.8 0.000718753
18.81 0.00123505
18.82 0.00115502
18.83 0.000407461
18.84 -0.000720483
18.85 -0.00170218
18.86 -0.00203113
18.87 -0.00150027
18.88 -0.000335836
18.89 0.000908427
18.9 0.00162844
18.91 0.00146122
18.92 0.000468958
18.93 -0.000861735
18.94 -0.00182443
18.95 -0.00184589
18.96 -0.000819849
18.97 0.000795771
18.98 0.00219784
18.99 0.00265962
19 0.00194216
19.01 0.000461854
19.02 -0.000918015
19.03 -0.00137287
19.04 -0.000598118
19.05 0.00102464
19.06 0.0026589
19.07 0.00344284
19.08 0.00289753
19.09 0.00118026
19.1 -0.000931614
19.11 -0.00238251
19.12 -0.00242946
19.13 -0.00114463
19.14 0.000589667
19.15 0.00164537
19.16 0.00137118
19.17 -1.3983e-05
19.18 -0.0015741
19.19 -0.00224992
19.2 -0.00152541
19.21 0.000257427
19.22 0.00212507
19.23 0.00303453
19.24 0.00243214
19.25 0.000566026
19.26 -0.00160288
19.27 -0.00288816
19.28 -0.00254407
19.29 -0.000718692
19.3 0.00162694
19.31 0.00326165
19.32 0.00332376
19.33 0.00173434
19.34 -0.000774869
19.35 -0.0029898
19.36 -0.00380348
19.37 -0.00285113
19.38 -0.000706519
19.39 0.00147741
19.4 0.00257724
19.41 0.00207389
19.42 0.000299059
19.43 -0.00179885
19.44 -0.00318609
19.45 -0.00324694
19.46 -0.00202178
19.47 -0.000120285
19.48 0.00159453
19.49 0.00237617
19.5 0.00189699
19.51 0.000410269
19.52 -0.00132508
19.53 -0.0023733
19.54 -0.00209266
19.55 -0.000523456
19.56 0.00157276
19.57 0.00309566
19.58 0.0032206
19.59 0.00188564
19.6 -0.000176291
19.61 -0.00188559
19.62 -0.00243213
19.63 -0.00167381
19.64 -0.000126505
19.65 0.00138489
19.66 0.00215259
19.67 0.00188078
19.68 0.000784411
19.69 -0.000536128
19.7 -0.00139795
19.71 -0.00138839
19.72 -0.000585372
19.73 0.000509185
19.74 0.00127368
19.75 0.00130726
19.76 0.000620049
19.77 -0.0004048
19.78 -0.00121596
19.79 -0.00137372
19.8 -0.000800794
19.81 0.000142827
19.82 0.00085419
19.83 0.000847821
19.84 6.33131e-05
19.85 -0.00107288
19.86 -0.00188485
19.87 -0.00185389
19.88 -0.000951466
19.89 0.000330401
19.9 0.00127153
19.91 0.00134461
19.92 0.000514184
19.93 -0.000748277
19.94 -0.00172071
19.95 -0.00182908
19.96 -0.00098169
19.97 0.000375357
19.98 0.00151711
19.99 0.00184525
20 0.00119881
20.01 -8.6741e-05
20.02 -0.00136186
20.03 -0.00196735
20.04 -0.00154386
20.05 -0.00023606
20.06 0.00133767
20.07 0.00237182
20.08 0.00230196
20.09 0.00115657
20.1 -0.000422522
20.11 -0.00154581
20.12 -0.00162061
20.13 -0.000715362
20.14 0.000527146
20.15 0.00134203
20.16 0.00131969
20.17 0.000600353
20.18 -0.000295717
20.19 -0.000831803
20.2 -0.000746611
20.21 -0.000138949
20.22 0.000627207
20.23 0.00111819
20.24 0.00104323
20.25 0.000415058
20.26 -0.000423844
20.27 -0.000977119
20.28 -0.000896317
20.29 -0.00021675
20.3 0.000641404
20.31 0.00114258
20.32 0.000992732
20.33 0.000336267
20.34 -0.000336507
20.35 -0.000522776
20.36 -4.29965e-05
20.37 0.00086253
20.38 0.00166527
20.39 0.00184616
20.4 0.00121984
20.41 5.63048e-05
20.42 -0.00107226
20.43 -0.0016178
20.44 -0.00136964
20.45 -0.000569314
20.46 0.000247175
20.47 0.000581915
20.48 0.000258953
20.49 -0.000499604
20.5 -0.00122088
20.51 -0.00145691
20.52 -0.00103404
20.53 -0.00014599
20.54 0.000762458
20.55 0.00124173
20.56 0.00107025
20.57 0.000365584
20.58 -0.000470465
20.59 -0.000944962
20.6 -0.000717579
20.61 0.000195535
20.62 0.0013645
20.63 0.00211879
20.64 0.00193042
20.65 0.000806635
20.66 -0.000630588
20.67 -0.00150509
20.68 -0.00128
20.69 -0.000168923
20.7 0.000980249
20.71 0.0012665
20.72 0.000361615
20.73 -0.0012582
20.74 -0.00261798
20.75 -0.00286564
20.76 -0.00180178
20.77 6.84488e-06
20.78 0.00157641
20.79 0.00206639
20.8 0.00123234
20.81 -0.000441098
20.82 -0.0019914
20.83 -0.00251726
20.84 -0.00172606
20.85 -0.000132383
20.86 0.00126674
20.87 0.00162839
20.88 0.000775535
20.89 -0.000742811
20.9 -0.00202522
20.91 -0.00233263
20.92 -0.0014525
20.93 0.000212293
20.94 0.00182497
20.95 0.0025172
20.96 0.00189389
20.97 0.000359807
20.98 -0.00105599
20.99 -0.00135845
21 -0.00027953
21.01 0.00152874
21.02 0.00293748
21.03 0.00306648
21.04 0.00179814
21.05 -0.000205906
21.06 -0.00191969
21.07 -0.00250522
21.08 -0.00171418
21.09 1.98402e-05
21.1 0.0018206
21.11 0.00279599
21.12 0.0024615
21.13 0.00100365
21.14 -0.000776571
21.15 -0.0018751
21.16 -0.00167531
21.17 -0.000349774
21.18 0.0012579
21.19 0.00219202
21.2 0.00196407
21.21 0.000770552
21.22 -0.000721888
21.23 -0.00177126
21.24 -0.00188837
21.25 -0.00102924
21.26 0.000372957
21.27 0.00157667
21.28 0.00189988
21.29 0.0011214
21.3 -0.000368697
21.31 -0.0017866
21.32 -0.00239885
21.33 -0.00191644
21.34 -0.000627533
21.35 0.000766096
21.36 0.00149979
21.37 0.0011327
21.38 -0.000193008
21.39 -0.00177547
21.4 -0.00270973
21.41 -0.00242796
21.42 -0.00108224
21.43 0.000538653
21.44 0.00152005
21.45 0.0013938
21.46 0.000380262
21.47 -0.000835335
21.48 -0.00156271
21.49 -0.00145472
21.5 -0.000581492
21.51 0.000690865
21.52 0.00183925
21.53 0.00231761
21.54 0.0017828
21.55 0.000359957
21.56 -0.00129808
21.57 -0.00232497
21.58 -0.00218429
21.59 -0.00103621
21.6 0.000383573
21.61 0.00125257
21.62 0.0011389
21.63 0.000192255
21.64 -0.00100019
21.65 -0.00175289
21.66 -0.00162965
21.67 -0.000642528
21.68 0.000791333
21.69 0.00207565
21.7 0.00271191
21.71 0.00251578
21.72 0.00168601
21.73 0.00069428
21.74 4.91236e-05
21.75 5.29397e-05
21.76 0.000681302
21.77 0.00158838
21.78 0.00226172
21.79 0.00229421
21.8 0.00160949
21.81 0.000523694
21.82 -0.000403393
21.83 -0.000672155
21.84 -0.000123774
21.85 0.000967762
21.86 0.00202376
21.87 0.00244396
21.88 0.00191765
21.89 0.00060918
21.9 -0.000889454
21.91 -0.00183221
21.92 -0.00170769
21.93 -0.000540736
21.94 0.00110493
21.95 0.00243157
21.96 0.00282827
21.97 0.00216718
21.98 0.000825496
21.99 -0.000532606
22 -0.00124981
22.01 -0.000939924
22.02 0.000318822
22.03 0.00194332
22.04 0.00306109
22.05 0.00296366
22.06 0.00156244
22.07 -0.000473163
22.08 -0.00202223
22.09 -0.00212608
22.1 -0.000572096
22.11 0.00192248
22.12 0.00404667
22.13 0.00463589
22.14 0.00329675
22.15 0.000590106
22.16 -0.00215569
22.17 -0.00343897
22.18 -0.00243989
22.19 0.00039623
22.2 0.00355547
22.21 0.00534016
22.22 0.00478285
22.23 0.00218708
22.24 -0.00104157
22.25 -0.00319275
22.26 -0.00319439
22.27 -0.00118032
22.28 0.00173447
22.29 0.0041733
22.3 0.00509689
22.31 0.0041296
22.32 0.00169528
22.33 -0.00110305
22.34 -0.00290657
22.35 -0.00280182
22.36 -0.000909332
22.37 0.00170831
22.38 0.00371651
22.39 0.00418439
22.4 0.00294241
22.41 0.000589448
22.42 -0.0017548
22.43 -0.00288532
22.44 -0.00209344
22.45 0.000380404
22.46 0.00342909
22.47 0.00559394
22.48 0.005736
22.49 0.00361326
22.5 8.6335e-05
22.51 -0.00312544
22.52 -0.00429652
22.53 -0.00277028
22.54 0.000621799
22.55 0.00413561
22.56 0.00614196
22.57 0.00586365
22.58 0.00359089
22.59 0.000418851
22.6 -0.00223113
22.61 -0.003139
22.62 -0.00187346
22.63 0.000903676
22.64 0.00379066
22.65 0.00539301
22.66 0.00497864
22.67 0.00277023
22.68 -0.000235834
22.69 -0.0027056
22.7 -0.00349859
22.71 -0.00218118
22.72 0.000758534
22.73 0.00413268
22.74 0.00650416
22.75 0.0067572
22.76 0.00460997
22.77 0.000799093
22.78 -0.00310452
22.79 -0.00537654
22.8 -0.00502146
22.81 -0.00228397
22.82 0.00152298
22.83 0.004702
22.84 0.00589082
22.85 0.00457082
22.86 0.00127351
22.87 -0.0025924
22.88 -0.00524064
22.89 -0.00527852
22.9 -0.00247295
22.91 0.00200977
22.92 0.00608085
22.93 0.00773132
22.94 0.00600714
22.95 0.00150617
22.96 -0.00373058
22.97 -0.00717853
22.98 -0.00722317
22.99 -0.00393713
23 0.00115397
23.01 0.00594768
23.02 0.0087414
23.03 0.00870389
23.04 0.00585402
23.05 0.000982597
23.06 -0.00437608
23.07 -0.00818359
23.08 -0.00868955
23.09 -0.00537224
23.1 0.000611234
23.11 0.00681233
23.12 0.0106672
23.13 0.0105679
23.14 0.00643092
23.15 -0.000247418
23.16 -0.0069053
23.17 -0.0110527
23.18 -0.0112942
23.19 -0.00766951
23.2 -0.001611
23.21 0.00467434
23.22 0.00906606
23.23 0.0101275
23.24 0.0075449
23.25 0.00232812
23.26 -0.00357547
23.27 -0.00798464
23.28 -0.0092695
23.29 -0.00704114
23.3 -0.00233199
23.31 0.00300733
23.32 0.00712393
23.33 0.00871131
23.34 0.00733032
23.35 0.00351361
23.36 -0.00148222
23.37 -0.00603238
23.38 -0.00864277
23.39 -0.00850218
23.4 -0.00576101
23.41 -0.00150482
23.42 0.00269647
23.43 0.00532176
23.44 0.00532472
23.45 0.00259475
23.46 -0.00190545
23.47 -0.00641376
23.48 -0.00906957
23.49 -0.00875544
23.5 -0.00552234
23.51 -0.000485358
23.52 0.00477602
23.53 0.00879611
23.54 0.0104659
23.55 0.00928437
23.56 0.00561934
23.57 0.000665846
23.58 -0.00394036
23.59 -0.00661001
23.6 -0.00628625
23.61 -0.00293782
23.62 0.00234026
23.63 0.00759729
23.64 0.0106415
23.65 0.00991694
23.66 0.00543469
23.67 -0.00103799
23.68 -0.00677717
23.69 -0.00936178
23.7 -0.00775694
23.71 -0.00273464
23.72 0.00360997
23.73 0.00880773
23.74 0.0109369
23.75 0.009304
23.76 0.00464464
23.77 -0.00123665
23.78 -0.00606875
23.79 -0.00795776
23.8 -0.00622177
23.81 -0.00169706
23.82 0.00379267
23.83 0.00832474
23.84 0.0105251
23.85 0.0098666
23.86 0.00666219
23.87 0.00191052
23.88 -0.0030083
23.89 -0.00663592
23.9 -0.00781631
23.91 -0.0062026
23.92 -0.0025153
23.93 0.00181966
23.94 0.00527635
23.95 0.00673336
23.96 0.00581901
23.97 0.00300514
23.98 -0.00064853
23.99 -0.00388783
24 -0.0056457
24.01 -0.00537166
24.02 -0.00322976
24.03 -6.10442e-05
24.04 0.00300481
24.05 0.00496283
24.06 0.00514826
24.07 0.00343248
24.08 0.000364532
24.09 -0.00298087
24.1 -0.00530682
24.11 -0.00549762
24.12 -0.00316643
24.13 0.00107698
24.14 0.00576937
24.15 0.00911316
24.16 0.00969766
24.17 0.00711446
24.18 0.00221419
24.19 -0.00326334
24.2 -0.00732496
24.21 -0.00836908
24.22 -0.00581381
24.23 -0.000460528
24.24 0.00578925
24.25 0.0106123
24.26 0.0120571
24.27 0.00936862
24.28 0.00342987
24.29 -0.00359541
24.3 -0.00910981
24.31 -0.0111257
24.32 -0.00910115
24.33 -0.00407119
24.34 0.00203783
24.35 0.00723539
24.36 0.0100229
24.37 0.00970985
24.38 0.00659949
24.39 0.00196318
24.4 -0.00251088
24.41 -0.00535344
24.42 -0.00573048
24.43 -0.00368965
24.44 -0.000100682
24.45 0.00381896
24.46 0.00692886
24.47 0.00831221
24.48 0.00747909
24.49 0.00461703
24.5 0.000574819
24.51 -0.00349296
24.52 -0.00651115
24.53 -0.00774113
24.54 -0.00696308
24.55 -0.00450175
24.56 -0.00106624
24.57 0.0025352
24.58 0.00552307
24.59 0.00718391
24.6 0.00711203
24.61 0.00543485
24.62 0.0027344
24.63 -0.000270032
24.64 -0.00295651
24.65 -0.00479595
24.66 -0.0052996
24.67 -0.00413779
24.68 -0.00139258
24.69 0.00237531
24.7 0.00617709
24.71 0.00876485
24.72 0.00906761
24.73 0.0067034
24.74 0.00225231
24.75 -0.00290782
24.76 -0.00698647
24.77 -0.00841201
24.78 -0.00660347
24.79 -0.00232189
24.8 0.00280208
24.81 0.00703099
24.82 0.00906327
24.83 0.00836237
24.84 0.00530403
24.85 0.00107118
24.86 -0.00279744
24.87 -0.00491765
24.88 -0.00452608
24.89 -0.00189777
24.9 0.00178621
24.91 0.00502391
24.92 0.00664287
24.93 0.00622719
24.94 0.00409777
24.95 0.0010175
24.96 -0.00216787
24.97 -0.00462446
24.98 -0.00555633
24.99 -0.00452319
25 -0.00179517
25.01 0.0017195
25.02 0.00478608
25.03 0.00623318
25.04 0.00544471
25.05 0.00273137
25.06 -0.000766426
25.07 -0.00351828
25.08 -0.00425277
25.09 -0.00258995
25.1 0.000808133
25.11 0.00456281
25.12 0.00710536
25.13 0.0072003
25.14 0.00438662
25.15 -0.00082994
25.16 -0.0069479
25.17 -0.0118135
25.18 -0.0135382
25.19 -0.0113045
25.2 -0.00567179
25.21 0.00167582
25.22 0.00849683
25.23 0.0127734
25.24 0.0133807
25.25 0.0103991
25.26 0.00505031
25.27 -0.000855172
25.28 -0.0054565
25.29 -0.00730585
25.3 -0.00585718
25.31 -0.00178607
25.32 0.00334659
25.33 0.00774257
25.34 0.00990166
25.35 0.00906902
25.36 0.00546755
25.37 0.000213562
25.38 -0.00510036
25.39 -0.0088919
25.4 -0.00999319
25.41 -0.00806779
25.42 -0.00381959
25.43 0.00142724
25.44 0.00625426
25.45 0.00941523
25.46 0.00997832
25.47 0.00757339
25.48 0.00269678
25.49 -0.00336137
25.5 -0.00878896
25.51 -0.0117512
25.52 -0.0111351
25.53 -0.00710048
25.54 -0.00103014
25.55 0.00516544
25.56 0.0096939
25.57 0.0111781
25.58 0.00908482
25.59 0.00416511
25.6 -0.00180326
25.61 -0.0066072
25.62 -0.00837544
25.63 -0.0063983
25.64 -0.00151101
25.65 0.00438075
25.66 0.00913872
25.67 0.0110621
25.68 0.00943922
25.69 0.0048184
25.7 -0.00127997
25.71 -0.00685479
25.72 -0.0100591
25.73 -0.00983091
25.74 -0.00623188
25.75 -0.00044236
25.76 0.0058055
25.77 0.0108456
25.78 0.0133246
25.79 0.012497
25.8 0.00866101
25.81 0.00311769
25.82 -0.00240413
25.83 -0.00620656
25.84 -0.00706883
25.85 -0.0047558
25.86 -0.000121263
25.87 0.00542443
25.88 0.0105155
25.89 0.014068
25.9 0.0155177
25.91 0.0148555
25.92 0.012385
25.93 0.00863152
25.94 0.0043039
25.95 6.34886e-05
25.96 -0.00359911
25.97 -0.00624806
25.98 -0.00746074
25.99 -0.00702915
26 -0.00518296
26.01 -0.0025868
26.02 -0.0001437
26.03 0.00136581
26.04 0.00152461
26.05 0.000324322
26.06 -0.00181045
26.07 -0.00403781
26.08 -0.00535012
26.09 -0.00501192
26.1 -0.00287862
26.11 0.000634925
26.12 0.00478176
26.13 0.00865964
26.14 0.0112942
26.15 0.0118193
26.16 0.00974903
26.17 0.00511671
26.18 -0.00152232
26.19 -0.00885976
26.2 -0.0150581
26.21 -0.0186797
26.22 -0.0191338
26.23 -0.0164458
26.24 -0.011006
26.25 -0.00377677
26.26 0.00369559
26.27 0.00954855
26.28 0.0121077
26.29 0.0105304
26.3 0.0052562
26.31 -0.00210432
26.32 -0.0092935
26.33 -0.0142944
26.34 -0.0158978
26.35 -0.0137504
26.36 -0.00857708
26.37 -0.0018964
26.38 0.00462027
26.39 0.00952276
26.4 0.011721
26.41 0.0106553
26.42 0.0066926
26.43 0.00105518
26.44 -0.00473505
26.45 -0.00939051
26.46 -0.0120016
26.47 -0.0120026
26.48 -0.00948989
26.49 -0.00526326
26.5 -0.000435414
26.51 0.00383221
26.52 0.00649542
26.53 0.00682159
26.54 0.00467034
26.55 0.00065502
26.56 -0.00413272
26.57 -0.00852636
26.58 -0.0114781
26.59 -0.0121963
26.6 -0.0104935
26.61 -0.00693135
26.62 -0.00250093
26.63 0.00177648
26.64 0.00496204
26.65 0.00628283
26.66 0.00537496
26.67 0.00249401
26.68 -0.00162642
26.69 -0.006013
26.7 -0.00973032
26.71 -0.0120959
26.72 -0.0127737
26.73 -0.0119293
26.74 -0.0101227
26.75 -0.00806151
26.76 -0.00647624
26.77 -0.00586464
26.78 -0.0062773
26.79 -0.00736684
26.8 -0.00851263
26.81 -0.0090289
26.82 -0.00844348
26.83 -0.00665373
26.84 -0.00396183
26.85 -0.000953497
26.86 0.00180431
26.87 0.003885
26.88 0.00497714
26.89 0.00494479
26.9 0.00390727
26.91 0.0021993
26.92 0.000204539
26.93 -0.00179839
26.94 -0.00357803
26.95 -0.0048597
26.96 -0.00542952
26.97 -0.00528127
26.98 -0.00462872
26.99 -0.00377805
27 -0.0029865
27.01 -0.00240143
27.02 -0.00209256
27.03 -0.00212517
27.04 -0.00257006
27.05 -0.00344095
27.06 -0.00464916
27.07 -0.00601642
27.08 -0.00732916
27.09 -0.0083872
27.1 -0.00899899
27.11 -0.00895342
27.12 -0.00805362
27.13 -0.00623751
27.14 -0.00371454
27.15 -0.000977701
27.16 0.00140009
27.17 0.0029016
27.18 0.00314808
27.19 0.00208538
27.2 5.36282e-05
27.21 -0.00238906
27.22 -0.00464189
27.23 -0.00618486
27.24 -0.00670916
27.25 -0.00621879
27.26 -0.00504338
27.27 -0.00371395
27.28 -0.0028149
27.29 -0.00280823
27.3 -0.00383884
27.31 -0.00570744
27.32 -0.00799681
27.33 -0.0102111
27.34 -0.011881
27.35 -0.0126162
27.36 -0.0121539
27.37 -0.0104662
27.38 -0.00783984
27.39 -0.00483252
27.4 -0.0021135
27.41 -0.000197424
27.42 0.000736915
27.43 0.000807253
27.44 0.000311383
27.45 -0.000401252
27.46 -0.00105369
27.47 -0.00147806
27.48 -0.00157893
27.49 -0.00130532
27.5 -0.000639528
27.51 0.000428928
27.52 0.0018411
27.53 0.00335304
27.54 0.00457922
27.55 0.00516813
27.56 0.00495507
27.57 0.00403702
27.58 0.00275126
27.59 0.00155226
27.6 0.00081559
27.61 0.000646865
27.62 0.000837184
27.63 0.000986542
27.64 0.000712288
27.65 -0.000171458
27.66 -0.00161724
27.67 -0.00336318
27.68 -0.00500471
27.69 -0.00614768
27.7 -0.0065353
27.71 -0.00607518
27.72 -0.00482012
27.73 -0.00298825
27.74 -0.000942076
27.75 0.000964161
27.76 0.00243584
27.77 0.00321779
27.78 0.00316951
27.79 0.00232909
27.8 0.000868144
27.81 -0.00107211
27.82 -0.00336712
27.83 -0.00573132
27.84 -0.00767431
27.85 -0.00865539
27.86 -0.00832494
27.87 -0.0066931
27.88 -0.00419432
27.89 -0.00159706
27.9 0.000314304
27.91 0.000977384
27.92 9.69701e-05
27.93 -0.00231722
27.94 -0.00581896
27.95 -0.00949135
27.96 -0.0121552
27.97 -0.0127584
27.98 -0.0107508
27.99 -0.00626345
28 -0.00011855
28.01 0.00625153
28.02 0.0111068
28.03 0.0128154
28.04 0.0104151
28.05 0.00426862
28.06 -0.00402993
28.07 -0.0122783
28.08 -0.0183796
28.09 -0.0207443
28.1 -0.0185659
28.11 -0.0122144
28.12 -0.00305423
28.13 0.00685604
28.14 0.0150864
28.15 0.0197236
28.16 0.0198931
28.17 0.0157428
28.18 0.00832796
28.19 -0.000701461
28.2 -0.0093601
28.21 -0.015907
28.22 -0.0191424
28.23 -0.0183323
28.24 -0.0137039
28.25 -0.00650324
28.26 0.00164736
28.27 0.00913095
28.28 0.0146702
28.29 0.0173545
28.3 0.0167018
28.31 0.0130573
28.32 0.00734394
28.33 0.000634284
28.34 -0.00591638
28.35 -0.0112681
28.36 -0.0146545
28.37 -0.015559
28.38 -0.0139094
28.39 -0.0102428
28.4 -0.00549524
28.41 -0.000720014
28.42 0.00319705
28.43 0.00571535
28.44 0.0065261
28.45 0.00541146
28.46 0.00240076
28.47 -0.00214142
28.48 -0.00738589
28.49 -0.012136
28.5 -0.0151269
28.51 -0.0153051
28.52 -0.0123375
28.53 -0.00673134
28.54 0.000473387
28.55 0.0078763
28.56 0.0140534
28.57 0.0177266
28.58 0.0179052
28.59 0.0144492
28.6 0.00812047
28.61 0.000174412
28.62 -0.0077508
28.63 -0.0140015
28.64 -0.0172661
28.65 -0.0166927
28.66 -0.0123734
28.67 -0.00550962
28.68 0.00210897
28.69 0.00858816
28.7 0.0124165
28.71 0.0126622
28.72 0.00913226
28.73 0.00272895
28.74 -0.0048788
28.75 -0.0118421
28.76 -0.0165254
28.77 -0.0175961
28.78 -0.0143767
28.79 -0.00750316
28.8 0.00140418
28.81 0.0102592
28.82 0.0171521
28.83 0.0206983
28.84 0.0200565
28.85 0.0155902
28.86 0.00862025
28.87 0.000537897
28.88 -0.00719421
28.89 -0.0130711
28.9 -0.015826
28.91 -0.0147097
28.92 -0.0100115
28.93 -0.00313993
28.94 0.00399685
28.95 0.00977211
28.96 0.0131985
28.97 0.0136886
28.98 0.0111206
28.99 0.00616093
29 -1.82632e-05
29.01 -0.00598121
29.02 -0.0104059
29.03 -0.0123985
29.04 -0.0114449
29.05 -0.00769271
29.06 -0.00190868
29.07 0.00485996
29.08 0.0115684
29.09 0.0172035
29.1 0.0206038
29.11 0.0209624
29.12 0.0183611
29.13 0.0134415
29.14 0.00715761
29.15 0.000692288
29.16 -0.00483898
29.17 -0.00877451
29.18 -0.0109338
29.19 -0.0112385
29.2 -0.00980794
29.21 -0.00715226
29.22 -0.00389842
29.23 -0.000712692
29.24 0.00179048
29.25 0.00316686
29.26 0.00312996
29.27 0.00156699
29.28 -0.00148698
29.29 -0.00566853
29.3 -0.0101643
29.31 -0.0138521
29.32 -0.0156199
29.33 -0.0147955
29.34 -0.0113616
29.35 -0.00600351
29.36 6.08436e-08
29.37 0.00515888
29.38 0.00836557
29.39 0.00909938
29.4 0.00727557
29.41 0.00344118
29.42 -0.0013935
29.43 -0.00603471
29.44 -0.00943825
29.45 -0.0109519
29.46 -0.0102573
29.47 -0.00769434
29.48 -0.00421635
29.49 -0.000867741
29.5 0.00148757
29.51 0.00227124
29.52 0.00127811
29.53 -0.00125022
29.54 -0.00455022
29.55 -0.00754389
29.56 -0.00923781
29.57 -0.00899246
29.58 -0.00670044
29.59 -0.00277399
29.6 0.00213093
29.61 0.00727914
29.62 0.0119385
29.63 0.0153815
29.64 0.0170348
29.65 0.0168387
29.66 0.0151586
29.67 0.0124861
29.68 0.00936174
29.69 0.00621373
29.7 0.00327838
29.71 0.000762982
29.72 -0.00112404
29.73 -0.00219343
29.74 -0.00230882
29.75 -0.00148629
29.76 7.50304e-05
29.77 0.00200795
29.78 0.00373595
29.79 0.00453777
29.8 0.00379182
29.81 0.00121987
29.82 -0.00298377
29.83 -0.00808665
29.84 -0.0129508
29.85 -0.0162924
29.86 -0.0170878
29.87 -0.0150218
29.88 -0.0105018
29.89 -0.00446436
29.9 0.0019072
29.91 0.00740267
29.92 0.0110672
29.93 0.0122983
29.94 0.0108505
29.95 0.00718664
29.96 0.00232095
29.97 -0.00271061
29.98 -0.00705702
29.99 -0.010055
30 -0.0111566
30.01 -0.010196
30.02 -0.0076781
30.03 -0.00452673
30.04 -0.00177171
30.05 -0.000184315
30.06 0.000108036
30.07 -0.000421921
30.08 -0.00108143
30.09 -0.00131102
30.1 -0.00090495
30.11 -3.21976e-05
30.12 0.000970359
30.13 0.00182356
30.14 0.0023908
30.15 0.00264908
30.16 0.00262372
30.17 0.00233194
30.18 0.00177697
30.19 0.000990457
30.2 5.00168e-05
30.21 -0.000936377
30.22 -0.00183261
30.23 -0.0024426
30.24 -0.00256453
30.25 -0.00209877
30.26 -0.00106633
30.27 0.000450908
30.28 0.00232173
30.29 0.004317
30.3 0.00611762
30.31 0.00736969
30.32 0.00775102
30.33 0.00704091
30.34 0.00519265
30.35 0.00241221
30.36 -0.000912456
30.37 -0.00424443
30.38 -0.00699734
30.39 -0.00868475
30.4 -0.008984
30.41 -0.00789983
30.42 -0.00577542
30.43 -0.00315828
30.44 -0.000729697
30.45 0.000935085
30.46 0.00158336
30.47 0.00130025
30.48 0.000428947
30.49 -0.000601447
30.5 -0.00146994
30.51 -0.0020393
30.52 -0.00231531
30.53 -0.00233472
30.54 -0.00203358
30.55 -0.0012826
30.56 -2.76209e-05
30.57 0.00158317
30.58 0.0031421
30.59 0.00413292
30.6 0.00416606
30.61 0.00313647
30.62 0.00125714
30.63 -0.00107781
30.64 -0.0033189
30.65 -0.00478716
30.66 -0.00488452
30.67 -0.00337963
30.68 -0.000584592
30.69 0.00281942
30.7 0.00610115
30.71 0.00865299
30.72 0.00998457
30.73 0.00980603
30.74 0.00815826
30.75 0.00531869
30.76 0.00176893
30.77 -0.00186592
30.78 -0.00488721
30.79 -0.00669378
30.8 -0.00698577
30.81 -0.00581271
30.82 -0.00361049
30.83 -0.00100081
30.84 0.001511
30.85 0.00356537
30.86 0.00481304
30.87 0.0049038
30.88 0.00372906
30.89 0.00154997
30.9 -0.0011967
30.91 -0.00398164
30.92 -0.00621555
30.93 -0.00737001
30.94 -0.00715133
30.95 -0.00567398
30.96 -0.00338462
30.97 -0.000879314
30.98 0.00131232
30.99 0.00285381
31 0.0035794
31.01 0.00345585
31.02 0.00254506
31.03 0.000965725
31.04 -0.00118474
31.05 -0.00371059
31.06 -0.00615779
31.07 -0.0078551
31.08 -0.00812723
31.09 -0.00663698
31.1 -0.00356629
31.11 0.000504806
31.12 0.00478924
31.13 0.0085506
31.14 0.0112051
31.15 0.0123069
31.16 0.0117148
31.17 0.00954912
31.18 0.00598558
31.19 0.00132235
31.2 -0.00393452
31.21 -0.00905542
31.22 -0.0131359
31.23 -0.0151841
31.24 -0.0144593
31.25 -0.0109396
31.26 -0.00528314
31.27 0.00148317
31.28 0.00811638
31.29 0.0134592
31.3 0.0165512
31.31 0.0167275
31.32 0.0140789
31.33 0.00938511
31.34 0.00367306
31.35 -0.00205425
31.36 -0.00685184
31.37 -0.0100086
31.38 -0.0111476
31.39 -0.0101075
31.4 -0.0071072
31.41 -0.0027687
31.42 0.00214185
31.43 0.00681482
31.44 0.0104349
31.45 0.0122095
31.46 0.0116476
31.47 0.00889999
31.48 0.00458593
31.49 -0.000487548
31.5 -0.00534497
31.51 -0.00901905
31.52 -0.0107522
31.53 -0.0101178
31.54 -0.00731037
31.55 -0.00315608
31.56 0.00132179
31.57 0.0052235
31.58 0.00791221
31.59 0.00896821
31.6 0.0082069
31.61 0.00586103
31.62 0.00243592
31.63 -0.00154451
31.64 -0.00547739
31.65 -0.00864749
31.66 -0.0103151
31.67 -0.00994326
31.68 -0.00752142
31.69 -0.00359801
31.7 0.000957537
31.71 0.00517485
31.72 0.00823994
31.73 0.00958861
31.74 0.008933
31.75 0.00646604
31.76 0.00280143
31.77 -0.0013197
31.78 -0.00507576
31.79 -0.00764713
31.8 -0.00838169
31.81 -0.00699209
31.82 -0.00378566
31.83 0.000525401
31.84 0.00504787
31.85 0.00889199
31.86 0.0112344
31.87 0.0113567
31.88 0.009113
31.89 0.00505093
31.9 3.10969e-05
31.91 -0.00494739
31.92 -0.00895681
31.93 -0.0113143
31.94 -0.0115855
31.95 -0.00974322
31.96 -0.00618472
31.97 -0.00157452
31.98 0.0032841
31.99 0.00760939
32 0.0107577
32.01 0.0122485
32.02 0.0119324
32.03 0.0101069
32.04 0.00725288
32.05 0.0038169
32.06 0.000189313
32.07 -0.00323003
32.08 -0.00595064
32.09 -0.00748137
32.1 -0.00744375
32.11 -0.00578392
32.12 -0.00288987
32.13 0.00071993
32.14 0.00459709
32.15 0.00832837
32.16 0.0113697
32.17 0.0130024
32.18 0.012668
32.19 0.0102144
32.2 0.00598984
32.21 0.00090381
32.22 -0.00381611
32.23 -0.00708569
32.24 -0.00828789
32.25 -0.00730538
32.26 -0.00459287
32.27 -0.00108561
32.28 0.0023449
32.29 0.00525159
32.3 0.00747581
32.31 0.00880299
32.32 0.00894913
32.33 0.00778762
32.34 0.00537276
32.35 0.00203826
32.36 -0.00161654
32.37 -0.00481927
32.38 -0.00683928
32.39 -0.00723356
32.4 -0.00591174
32.41 -0.00325212
32.42 0.000103195
32.43 0.00354321
32.44 0.00660581
32.45 0.00889147
32.46 0.00993326
32.47 0.00947115
32.48 0.00761012
32.49 0.00466435
32.5 0.00116631
32.51 -0.00225477
32.52 -0.00498984
32.53 -0.0065055
32.54 -0.00642555
32.55 -0.00463671
32.56 -0.00148228
32.57 0.00237321
32.58 0.00612174
32.59 0.00889196
32.6 0.00989182
32.61 0.00874489
32.62 0.00585285
32.63 0.00215413
32.64 -0.0014163
32.65 -0.0041571
32.66 -0.00561999
32.67 -0.00555091
32.68 -0.00393947
32.69 -0.0010966
32.7 0.00250158
32.71 0.00635411
32.72 0.00993057
32.73 0.0125927
32.74 0.0136983
32.75 0.0128006
32.76 0.0096481
32.77 0.00433449
32.78 -0.00254405
32.79 -0.00973255
32.8 -0.0156826
32.81 -0.0190441
32.82 -0.0188866
32.83 -0.0152286
32.84 -0.00902066
32.85 -0.00159783
32.86 0.00560344
32.87 0.011391
32.88 0.0149819
32.89 0.015859
32.9 0.0139572
32.91 0.00983018
32.92 0.0043928
32.93 -0.0013297
32.94 -0.00619682
32.95 -0.00917458
32.96 -0.00958811
32.97 -0.00726735
32.98 -0.00283847
32.99 0.00253991
33 0.00766605
33.01 0.0116271
33.02 0.0137893
33.03 0.0136946
33.04 0.0113212
33.05 0.00696585
33.06 0.00102367
33.07 -0.00572467
33.08 -0.0120177
33.09 -0.0163719
33.1 -0.0174026
33.11 -0.0144178
33.12 -0.00786064
33.13 0.000978629
33.14 0.0103849
33.15 0.0188451
33.16 0.0253649
33.17 0.0293947
33.18 0.0311332
33.19 0.0310097
33.2 0.0287236
33.21 0.0237953
33.22 0.0164875
33.23 0.00745656
33.24 -0.00252784
33.25 -0.0120183
33.26 -0.0193147
33.27 -0.0232588
33.28 -0.0230903
33.29 -0.0187455
33.3 -0.0111574
33.31 -0.00167406
33.32 0.00803335
33.33 0.0167964
33.34 0.024391
33.35 0.0302492
33.36 0.0334031
33.37 0.0337622
33.38 0.0319484
33.39 0.0281815
33.4 0.0224742
33.41 0.0154726
33.42 0.00814021
33.43 0.00102513
33.44 -0.00522851
33.45 -0.00993545
33.46 -0.0128851
33.47 -0.013909
33.48 -0.0128948
33.49 -0.0101508
33.5 -0.00609101
33.51 -0.000993891
33.52 0.00463258
33.53 0.0102365
33.54 0.0155994
33.55 0.0205344
33.56 0.0247456
33.57 0.0281308
33.58 0.0307761
33.59 0.0325759
33.6 0.0331797
33.61 0.03232
33.62 0.0299332
33.63 0.0260551
33.64 0.0208798
33.65 0.0148195
33.66 0.00829248
33.67 0.00156586
33.68 -0.00480089
33.69 -0.0100529
33.7 -0.0137432
33.71 -0.0155486
33.72 -0.0152331
33.73 -0.0130721
33.74 -0.00970096
33.75 -0.0055782
33.76 -0.00111972
33.77 0.00309317
33.78 0.00656214
33.79 0.00912864
33.8 0.010856
33.81 0.0117614
33.82 0.0119552
33.83 0.0118634
33.84 0.0119144
33.85 0.0121968
33.86 0.0126558
33.87 0.0132519
33.88 0.0137948
33.89 0.0139701
33.9 0.0135918
33.91 0.0126039
33.92 0.0109069
33.93 0.00843146
33.94 0.00530888
33.95 0.00179344
33.96 -0.00177175
33.97 -0.00491636
33.98 -0.00715532
33.99 -0.0080022
34 -0.0069768
34.01 -0.00398318
34.02 0.000653991
34.03 0.00626629
34.04 0.012402
34.05 0.0191985
34.06 0.0265672
34.07 0.0338145
34.08 0.0403463
34.09 0.0459949
34.1 0.0505213
34.11 0.053366
34.12 0.0540557
34.13 0.0525767
34.14 0.0491995
34.15 0.0440954
34.16 0.0373249
34.17 0.0290908
34.18 0.0197617
34.19 0.00967626
34.2 -0.000896047
34.21 -0.0109279
34.22 -0.0192705
34.23 -0.0256573
34.24 -0.0301413
34.25 -0.0325139
34.26 -0.0326577
