0.01 6.2636e-07
0.02 1.13607e-06
0.03 -1.44964e-06
0.04 -8.65505e-06
0.05 -1.84619e-05
0.06 -2.71862e-05
0.07 -3.31725e-05
0.08 -3.93399e-05
0.09 -5.06504e-05
0.1 -6.66142e-05
0.11 -7.64487e-05
0.12 -6.49957e-05
0.13 -2.63469e-05
0.14 2.83062e-05
0.15 7.68855e-05
0.16 0.000100293
0.17 9.18077e-05
0.18 5.70866e-05
0.19 9.36845e-06
0.2 -3.40581e-05
0.21 -5.54496e-05
0.22 -4.47207e-05
0.23 -7.96422e-06
0.24 3.35982e-05
0.25 5.64104e-05
0.26 4.93813e-05
0.27 1.94217e-05
0.28 -1.42712e-05
0.29 -3.18095e-05
0.3 -2.43754e-05
0.31 -1.05649e-06
0.32 1.47731e-05
0.33 9.58977e-07
0.34 -4.45143e-05
0.35 -9.62876e-05
0.36 -0.000115497
0.37 -7.73717e-05
0.38 8.63122e-06
0.39 0.000103242
0.4 0.00016315
0.41 0.000167223
0.42 0.000124492
0.43 6.32691e-05
0.44 1.36537e-05
0.45 -6.05602e-06
0.46 3.88922e-06
0.47 2.48701e-05
0.48 2.86072e-05
0.49 -5.76828e-06
0.5 -7.43886e-05
0.51 -0.000145323
0.52 -0.00017645
0.53 -0.000143509
0.54 -5.67829e-05
0.55 4.54893e-05
0.56 0.000119514
0.57 0.00013767
0.58 9.92056e-05
0.59 2.83557e-05
0.6 -3.81693e-05
0.61 -6.93009e-05
0.62 -5.45849e-05
0.63 -8.30615e-06
0.64 3.87164e-05
0.65 6.48485e-05
0.66 5.59775e-05
0.67 4.83352e-06
0.68 -6.52277e-05
0.69 -0.000108363
0.7 -9.06096e-05
0.71 -1.4554e-05
0.72 8.02383e-05
0.73 0.000141924
0.74 0.000139552
0.75 8.08598e-05
0.76 2.56834e-06
0.77 -5.66143e-05
0.78 -7.80208e-05
0.79 -6.69109e-05
0.8 -4.1875e-05
0.81 -2.05221e-05
0.82 -1.00389e-05
0.83 -6.67836e-06
0.84 -1.94445e-06
0.85 1.06771e-05
0.86 3.17216e-05
0.87 5.4225e-05
0.88 6.61842e-05
0.89 5.86361e-05
0.9 3.32184e-05
0.91 2.23274e-07
0.92 -3.06287e-05
0.93 -5.51454e-05
0.94 -7.07777e-05
0.95 -7.224e-05
0.96 -5.48139e-05
0.97 -2.12083e-05
0.98 1.75817e-05
0.99 4.8395e-05
1 6.18286e-05
1.01 5.41879e-05
1.02 2.75572e-05
1.03 -1.01476e-05
1.04 -4.54643e-05
1.05 -6.20984e-05
1.06 -4.86057e-05
1.07 -8.42657e-06
1.08 3.70024e-05
1.09 5.92329e-05
1.1 4.3029e-05
1.11 -7.01987e-08
1.12 -3.78778e-05
1.13 -4.03573e-05
1.14 -1.73513e-06
1.15 5.48321e-05
1.16 9.26604e-05
1.17 8.57947e-05
1.18 3.67039e-05
1.19 -2.42201e-05
1.2 -5.87766e-05
1.21 -4.78926e-05
1.22 -5.56466e-06
1.23 3.12297e-05
1.24 2.93872e-05
1.25 -1.66222e-05
1.26 -8.07512e-05
1.27 -0.000122236
1.28 -0.000110706
1.29 -4.35365e-05
1.3 5.35596e-05
1.31 0.000140227
1.32 0.000179796
1.33 0.000154188
1.34 7.23142e-05
1.35 -3.05966e-05
1.36 -0.000106472
1.37 -0.000119505
1.38 -6.98639e-05
1.39 3.52872e-06
1.4 4.81293e-05
1.41 3.44127e-05
1.42 -2.32057e-05
1.43 -7.65339e-05
1.44 -7.81166e-05
1.45 -1.66309e-05
1.46 7.2677e-05
1.47 0.000131435
1.48 0.000118997
1.49 4.13664e-05
1.5 -5.23922e-05
1.51 -0.000103462
1.52 -8.23448e-05
1.53 -6.30254e-06
1.54 7.51382e-05
1.55 0.000113085
1.56 8.67086e-05
1.57 1.03096e-05
1.58 -7.88579e-05
1.59 -0.000140524
1.6 -0.000147664
1.61 -9.46077e-05
1.62 1.54056e-06
1.63 0.000104476
1.64 0.000169469
1.65 0.000163307
1.66 8.53921e-05
1.67 -2.64987e-05
1.68 -0.000115212
1.69 -0.000137632
1.7 -8.899e-05
1.71 -2.99142e-06
1.72 6.90835e-05
1.73 8.75536e-05
1.74 4.73627e-05
1.75 -1.80531e-05
1.76 -5.71269e-05
1.77 -3.46746e-05
1.78 4.12716e-05
1.79 0.000119987
1.8 0.000139866
1.81 7.28701e-05
1.82 -5.13001e-05
1.83 -0.000162366
1.84 -0.000195878
1.85 -0.000133578
1.86 -1.13291e-05
1.87 0.000105205
1.88 0.000158023
1.89 0.000125524
1.9 3.028e-05
1.91 -7.42519e-05
1.92 -0.000131173
1.93 -0.000110293
1.94 -2.52678e-05
1.95 7.44054e-05
1.96 0.000133606
1.97 0.000124678
1.98 6.1102e-05
1.99 -1.47874e-05
2 -5.79378e-05
2.01 -4.51808e-05
2.02 1.13452e-05
2.03 6.9039e-05
2.04 7.97632e-05
2.05 2.25477e-05
2.06 -7.92493e-05
2.07 -0.000171275
2.08 -0.000202712
2.09 -0.000155858
2.1 -5.1771e-05
2.11 6.56835e-05
2.12 0.000151027
2.13 0.000171608
2.14 0.000117094
2.15 8.46834e-06
2.16 -0.000101239
2.17 -0.000147982
2.18 -9.61172e-05
2.19 3.10404e-05
2.2 0.000158335
2.21 0.000204434
2.22 0.000135117
2.23 -1.25919e-05
2.24 -0.00015103
2.25 -0.000194681
2.26 -0.000114527
2.27 3.87992e-05
2.28 0.000161315
2.29 0.00016098
2.3 2.24399e-05
2.31 -0.000174694
2.32 -0.000302253
2.33 -0.00026706
2.34 -7.49583e-05
2.35 0.000169126
2.36 0.000324974
2.37 0.000302464
2.38 0.000115152
2.39 -0.000128591
2.4 -0.000289738
2.41 -0.000279429
2.42 -0.000108316
2.43 0.00012351
2.44 0.000286713
2.45 0.000295772
2.46 0.000153862
2.47 -5.40514e-05
2.48 -0.000213847
2.49 -0.000247557
2.5 -0.000152528
2.51 4.75663e-06
2.52 0.000131581
2.53 0.000161976
2.54 9.09185e-05
2.55 -2.79057e-05
2.56 -0.000118793
2.57 -0.000131263
2.58 -6.55822e-05
2.59 3.67738e-05
2.6 0.000122067
2.61 0.000149317
2.62 0.000103409
2.63 4.38424e-07
2.64 -0.000114386
2.65 -0.00018283
2.66 -0.000163643
2.67 -5.94747e-05
2.68 7.99998e-05
2.69 0.000182375
2.7 0.000190586
2.71 9.55615e-05
2.72 -5.48312e-05
2.73 -0.00017999
2.74 -0.000213213
2.75 -0.000141371
2.76 -1.10073e-05
2.77 0.000100241
2.78 0.000126157
2.79 4.79792e-05
2.8 -8.97461e-05
2.81 -0.000196091
2.82 -0.000184652
2.83 -3.2367e-05
2.84 0.000196181
2.85 0.000381343
2.86 0.000417619
2.87 0.000274322
2.88 1.36384e-05
2.89 -0.000240984
2.9 -0.000368842
2.91 -0.000316028
2.92 -0.000125506
2.93 8.68072e-05
2.94 0.000198747
2.95 0.000150943
2.96 -2.19598e-05
2.97 -0.000211647
2.98 -0.000295293
2.99 -0.000205203
3 2.73727e-05
3.01 0.000283672
3.02 0.000423616
3.03 0.000368673
3.04 0.000148811
3.05 -0.000115854
3.06 -0.000284883
3.07 -0.000275776
3.08 -0.000108439
3.09 0.000107246
3.1 0.000236242
3.11 0.000199411
3.12 1.94628e-05
3.13 -0.000197766
3.14 -0.000330669
3.15 -0.000311273
3.16 -0.000157323
3.17 4.34846e-05
3.18 0.000184238
3.19 0.000198671
3.2 9.79775e-05
3.21 -3.89461e-05
3.22 -0.000116313
3.23 -7.92506e-05
3.24 5.64057e-05
3.25 0.00021478
3.26 0.000302378
3.27 0.000260689
3.28 9.94826e-05
3.29 -0.000110235
3.3 -0.000276528
3.31 -0.000331086
3.32 -0.000256433
3.33 -9.3418e-05
3.34 7.21522e-05
3.35 0.000150075
3.36 0.000101954
3.37 -2.64711e-05
3.38 -0.000130884
3.39 -0.00012023
3.4 1.78758e-05
3.41 0.000206569
3.42 0.000330235
3.43 0.00030994
3.44 0.000153379
3.45 -5.19664e-05
3.46 -0.000196046
3.47 -0.000214714
3.48 -0.000124421
3.49 -3.5518e-06
3.5 6.30914e-05
3.51 3.84461e-05
3.52 -4.75136e-05
3.53 -0.000122794
3.54 -0.000124882
3.55 -4.40789e-05
3.56 7.06646e-05
3.57 0.000145961
3.58 0.000132524
3.59 3.55663e-05
3.6 -8.87255e-05
3.61 -0.000164942
3.62 -0.000141321
3.63 -2.29621e-05
3.64 0.000125742
3.65 0.0002172
3.66 0.000194747
3.67 6.72298e-05
3.68 -9.89468e-05
3.69 -0.000220809
3.7 -0.000243111
3.71 -0.00016201
3.72 -2.30456e-05
3.73 0.000100846
3.74 0.000144078
3.75 8.44774e-05
3.76 -3.84698e-05
3.77 -0.0001404
3.78 -0.000141019
3.79 -1.73252e-05
3.8 0.000173838
3.81 0.000322706
3.82 0.000332114
3.83 0.000182724
3.84 -4.71996e-05
3.85 -0.00022641
3.86 -0.000253067
3.87 -0.000119296
3.88 8.40855e-05
3.89 0.000222501
3.9 0.000197736
3.91 9.51258e-06
3.92 -0.000237534
3.93 -0.000393243
3.94 -0.000356045
3.95 -0.000139314
3.96 0.000135239
3.97 0.000310796
3.98 0.000287267
3.99 7.80354e-05
4 -0.000197426
4.01 -0.00037925
4.02 -0.000356912
4.03 -0.00013416
4.04 0.000170253
4.05 0.000388485
4.06 0.000398288
4.07 0.00019346
4.08 -0.00010904
4.09 -0.000332036
4.1 -0.000339645
4.11 -0.000119403
4.12 0.000207037
4.13 0.000454241
4.14 0.000481855
4.15 0.000275156
4.16 -4.93006e-05
4.17 -0.00031396
4.18 -0.00038406
4.19 -0.000243904
4.2 -1.08577e-06
4.21 0.000184861
4.22 0.000204055
4.23 6.15924e-05
4.24 -0.000134775
4.25 -0.000251624
4.26 -0.000216791
4.27 -6.18925e-05
4.28 0.000102806
4.29 0.00016428
4.3 8.43422e-05
4.31 -7.47397e-05
4.32 -0.000195395
4.33 -0.000186445
4.34 -4.16098e-05
4.35 0.000162335
4.36 0.000317616
4.37 0.000346774
4.38 0.000238097
4.39 4.43443e-05
4.4 -0.00014837
4.41 -0.000264598
4.42 -0.000272878
4.43 -0.00019036
4.44 -6.1316e-05
4.45 6.95215e-05
4.46 0.000170934
4.47 0.00022529
4.48 0.000222422
4.49 0.000156357
4.5 3.20445e-05
4.51 -0.00012171
4.52 -0.000250126
4.53 -0.000294573
4.54 -0.000230106
4.55 -8.97229e-05
4.56 4.89937e-05
4.57 0.00011026
4.58 6.83678e-05
4.59 -3.43216e-05
4.6 -0.000113534
4.61 -0.000101722
4.62 -1.53939e-06
4.63 0.000110043
4.64 0.000138282
4.65 4.75813e-05
4.66 -0.00010368
4.67 -0.000200826
4.68 -0.000155776
4.69 2.54171e-05
4.7 0.000238844
4.71 0.00034666
4.72 0.000266813
4.73 2.98849e-05
4.74 -0.000234765
4.75 -0.000376087
4.76 -0.00031305
4.77 -8.22793e-05
4.78 0.000188291
4.79 0.000360127
4.8 0.000365201
4.81 0.000237337
4.82 7.78201e-05
4.83 -1.90627e-05
4.84 -2.8837e-05
4.85 -3.4341e-06
4.86 -1.82057e-05
4.87 -0.000103427
4.88 -0.00021527
4.89 -0.000266955
4.9 -0.000194895
4.91 -1.13859e-05
4.92 0.000194314
4.93 0.00030884
4.94 0.000264801
4.95 8.04353e-05
4.96 -0.000152905
4.97 -0.000321673
4.98 -0.000348819
4.99 -0.000232129
5 -4.30567e-05
5.01 0.000117048
5.02 0.000178379
5.03 0.000139199
5.04 5.34882e-05
5.05 -1.46727e-05
5.06 -3.24058e-05
5.07 -9.51668e-06
5.08 1.89155e-05
5.09 2.18542e-05
5.1 -6.14317e-06
5.11 -4.37159e-05
5.12 -5.93908e-05
5.13 -3.28483e-05
5.14 3.19265e-05
5.15 0.000108258
5.16 0.000162187
5.17 0.000171951
5.18 0.000138534
5.19 8.14597e-05
5.2 2.42105e-05
5.21 -2.12284e-05
5.22 -5.93814e-05
5.23 -9.89865e-05
5.24 -0.000133235
5.25 -0.000137231
5.26 -9.37053e-05
5.27 -2.25882e-05
5.28 2.26771e-05
5.29 -1.60827e-06
5.3 -8.3477e-05
5.31 -0.000154145
5.32 -0.000141593
5.33 -3.51485e-05
5.34 9.89185e-05
5.35 0.000168935
5.36 0.000133649
5.37 3.70774e-05
5.38 -2.84638e-05
5.39 -1.43466e-07
5.4 0.000103532
5.41 0.000198372
5.42 0.000200071
5.43 8.66148e-05
5.44 -8.53793e-05
5.45 -0.000217552
5.46 -0.000233649
5.47 -0.000128796
5.48 2.8007e-05
5.49 0.000139596
5.5 0.00014269
5.51 4.42585e-05
5.52 -8.92644e-05
5.53 -0.000177462
5.54 -0.000173098
5.55 -8.43562e-05
5.56 3.39095e-05
5.57 0.000112346
5.58 0.000109031
5.59 3.95184e-05
5.6 -2.85207e-05
5.61 -2.04306e-05
5.62 8.72045e-05
5.63 0.00023775
5.64 0.00032353
5.65 0.000261089
5.66 5.97725e-05
5.67 -0.000172812
5.68 -0.000298274
5.69 -0.00024024
5.7 -3.76917e-05
5.71 0.000175377
5.72 0.000251522
5.73 0.000124554
5.74 -0.000142525
5.75 -0.000391669
5.76 -0.000466773
5.77 -0.000311345
5.78 -7.41806e-06
5.79 0.000267596
5.8 0.000345323
5.81 0.000174484
5.82 -0.000136582
5.83 -0.000378975
5.84 -0.000373255
5.85 -8.88956e-05
5.86 0.000325318
5.87 0.000625788
5.88 0.000626066
5.89 0.000317039
5.9 -0.000126032
5.91 -0.000452454
5.92 -0.00048592
5.93 -0.000223901
5.94 0.000160098
5.95 0.000409658
5.96 0.000333151
5.97 -7.06595e-05
5.98 -0.000591294
5.99 -0.000918428
6 -0.00082585
6.01 -0.00031591
6.02 0.000365877
6.03 0.000864753
6.04 0.000927123
6.05 0.000555816
6.06 8.61321e-06
6.07 -0.000362808
6.08 -0.000329348
6.09 7.65626e-05
6.1 0.000579973
6.11 0.000829878
6.12 0.000613061
6.13 -1.05644e-05
6.14 -0.000732036
6.15 -0.00117077
6.16 -0.00110669
6.17 -0.000621118
6.18 -4.62348e-05
6.19 0.000252034
6.2 0.000114287
6.21 -0.000310608
6.22 -0.000664693
6.23 -0.00061086
6.24 -5.09347e-05
6.25 0.000797009
6.26 0.00150855
6.27 0.00169134
6.28 0.00121528
6.29 0.000304086
6.3 -0.000577201
6.31 -0.000987339
6.32 -0.000763768
6.33 -0.000109236
6.34 0.000538687
6.35 0.000771033
6.36 0.000443478
6.37 -0.000251532
6.38 -0.000912344
6.39 -0.00117264
6.4 -0.00091225
6.41 -0.000310321
6.42 0.000283298
6.43 0.000565169
6.44 0.000440586
6.45 4.57383e-05
6.46 -0.000353249
6.47 -0.000505764
6.48 -0.000294878
6.49 0.000207963
6.5 0.000768689
6.51 0.00109818
6.52 0.00100393
6.53 0.000506433
6.54 -0.000157342
6.55 -0.000659867
6.56 -0.000769546
6.57 -0.00048381
6.58 -2.40423e-05
6.59 0.000303229
6.6 0.000287837
6.61 -6.83397e-05
6.62 -0.000557548
6.63 -0.000880245
6.64 -0.000806345
6.65 -0.000307015
6.66 0.000410648
6.67 0.000997722
6.68 0.00115247
6.69 0.000802517
6.7 0.000160779
6.71 -0.000396861
6.72 -0.000561802
6.73 -0.000279716
6.74 0.000225737
6.75 0.000599895
6.76 0.000576686
6.77 0.000136733
6.78 -0.000487371
6.79 -0.000955586
6.8 -0.00101878
6.81 -0.000649795
6.82 -4.23117e-05
6.83 0.000503614
6.84 0.000738757
6.85 0.000587769
6.86 0.000184088
6.87 -0.000201862
6.88 -0.000313137
6.89 -5.96318e-05
6.9 0.000415883
6.91 0.000809137
6.92 0.000833556
6.93 0.000404441
6.94 -0.000289758
6.95 -0.000884286
6.96 -0.00105152
6.97 -0.000700841
6.98 -3.90064e-05
6.99 0.000549587
7 0.000731289
7.01 0.000421685
7.02 -0.0001672
7.03 -0.0006615
7.04 -0.00075732
7.05 -0.000400477
7.06 0.000195801
7.07 0.00069129
7.08 0.000817878
7.09 0.000524702
7.1 3.14411e-06
7.11 -0.000418436
7.12 -0.000464713
7.13 -8.95993e-05
7.14 0.000475475
7.15 0.000850422
7.16 0.000740718
7.17 0.000127819
7.18 -0.000704349
7.19 -0.00132117
7.2 -0.00137654
7.21 -0.000804876
7.22 0.000130808
7.23 0.00096681
7.24 0.0012857
7.25 0.000946545
7.26 0.000166177
7.27 -0.000600325
7.28 -0.000916425
7.29 -0.000613425
7.3 0.000108946
7.31 0.000793874
7.32 0.000998107
7.33 0.000568083
7.34 -0.000252389
7.35 -0.000963397
7.36 -0.00111923
7.37 -0.000611764
7.38 0.000255601
7.39 0.000953974
7.4 0.00105905
7.41 0.000516929
7.42 -0.000322888
7.43 -0.000929607
7.44 -0.000925455
7.45 -0.000315232
7.46 0.000530692
7.47 0.00111356
7.48 0.00110104
7.49 0.000503816
7.5 -0.000348014
7.51 -0.000993528
7.52 -0.00108843
7.53 -0.000592134
7.54 0.000200071
7.55 0.000813437
7.56 0.000870176
7.57 0.00032577
7.58 -0.00049253
7.59 -0.00108205
7.6 -0.00107464
7.61 -0.000465655
7.62 0.000378419
7.63 0.000941122
7.64 0.000873759
7.65 0.000213157
7.66 -0.000639064
7.67 -0.00116316
7.68 -0.00103449
7.69 -0.000306693
7.7 0.000635759
7.71 0.00130714
7.72 0.00138553
7.73 0.000870291
7.74 6.53758e-05
7.75 -0.000590304
7.76 -0.000759266
7.77 -0.000388267
7.78 0.000264852
7.79 0.000783444
7.8 0.000836661
7.81 0.000368071
7.82 -0.000377592
7.83 -0.000994313
7.84 -0.0011416
7.85 -0.000739339
7.86 -1.98252e-05
7.87 0.000608798
7.88 0.000803716
7.89 0.000488542
7.9 -0.000108356
7.91 -0.00060381
7.92 -0.000690608
7.93 -0.000309166
7.94 0.000324349
7.95 0.000842377
7.96 0.00093622
7.97 0.000537347
7.98 -0.000136523
7.99 -0.00070587
8 -0.000856236
8.01 -0.000529648
8.02 3.97107e-05
8.03 0.000471383
8.04 0.000479629
8.05 6.09389e-05
8.06 -0.000494631
8.07 -0.000785289
8.08 -0.000561148
8.09 0.000103573
8.1 0.000845842
8.11 0.00123348
8.12 0.00102892
8.13 0.000337398
8.14 -0.00044755
8.15 -0.000874534
8.16 -0.000710023
8.17 -8.97009e-05
8.18 0.000560152
8.19 0.000791943
8.2 0.000425082
8.21 -0.000334641
8.22 -0.00101974
8.23 -0.00118898
8.24 -0.000700435
8.25 0.000196729
8.26 0.00100757
8.27 0.00128416
8.28 0.000890548
8.29 8.35785e-05
8.3 -0.00064029
8.31 -0.000844389
8.32 -0.000416552
8.33 0.000363476
8.34 0.000994835
8.35 0.00105861
8.36 0.000469456
8.37 -0.000471258
8.38 -0.00124809
8.39 -0.00142803
8.4 -0.000911661
8.41 2.58522e-06
8.42 0.000788726
8.43 0.00100334
8.44 0.000544884
8.45 -0.000291742
8.46 -0.000991509
8.47 -0.00111789
8.48 -0.000562892
8.49 0.000389247
8.5 0.00122197
8.51 0.00148228
8.52 0.00104326
8.53 0.000177357
8.54 -0.000607009
8.55 -0.000869251
8.56 -0.000495913
8.57 0.000239488
8.58 0.000848307
8.59 0.000926312
8.6 0.000401392
8.61 -0.00042365
8.62 -0.00106411
8.63 -0.00115821
8.64 -0.000682738
8.65 5.4811e-05
8.66 0.000625487
8.67 0.000741155
8.68 0.000407642
8.69 -0.000106776
8.7 -0.00044868
8.71 -0.000389779
8.72 4.57496e-05
8.73 0.000601321
8.74 0.000942036
8.75 0.000853482
8.76 0.000367621
8.77 -0.000257254
8.78 -0.000688403
8.79 -0.000712941
8.8 -0.00036
8.81 0.000124116
8.82 0.000432361
8.83 0.000382966
8.84 1.79065e-05
8.85 -0.000438661
8.86 -0.000721275
8.87 -0.000670732
8.88 -0.000308834
8.89 0.000184278
8.9 0.000564422
8.91 0.000644797
8.92 0.000394753
8.93 -3.5093e-05
8.94 -0.000388209
8.95 -0.000446972
8.96 -0.000164631
8.97 0.000297832
8.98 0.000658213
8.99 0.000676267
9 0.000299263
9.01 -0.000297305
9.02 -0.000804113
9.03 -0.000955667
9.04 -0.000683696
9.05 -0.000153364
9.06 0.000335426
9.07 0.000518736
9.08 0.000313068
9.09 -0.000142906
9.1 -0.000566761
9.11 -0.000686512
9.12 -0.00039279
9.13 0.000189944
9.14 0.00076173
9.15 0.00101433
9.16 0.000811616
9.17 0.000270193
9.18 -0.000310676
9.19 -0.000624249
9.2 -0.000527532
9.21 -0.000109723
9.22 0.000372272
9.23 0.00064475
9.24 0.000566059
9.25 0.000193054
9.26 -0.000265832
9.27 -0.000575013
9.28 -0.000595369
9.29 -0.000342511
9.3 3.4668e-05
9.31 0.000330845
9.32 0.000384818
9.33 0.000169765
9.34 -0.000175082
9.35 -0.000410841
9.36 -0.000344732
9.37 3.11769e-05
9.38 0.000509626
9.39 0.000783794
9.4 0.000641845
9.41 0.000109732
9.42 -0.00055446
9.43 -0.00100719
9.44 -0.00101076
9.45 -0.000560138
9.46 0.000112929
9.47 0.000654576
9.48 0.000770233
9.49 0.000388586
9.5 -0.000282534
9.51 -0.000855349
9.52 -0.000975983
9.53 -0.000536123
9.54 0.000246412
9.55 0.000940037
9.56 0.00115059
9.57 0.000763843
9.58 2.56836e-05
9.59 -0.000603878
9.6 -0.000734928
9.61 -0.000297651
9.62 0.000405419
9.63 0.000893596
9.64 0.00081891
9.65 0.000187173
9.66 -0.000644627
9.67 -0.00118214
9.68 -0.00108687
9.69 -0.000382771
9.7 0.000543324
9.71 0.0011594
9.72 0.00110538
9.73 0.000417386
9.74 -0.000489087
9.75 -0.00107424
9.76 -0.00100491
9.77 -0.000350525
9.78 0.000473311
9.79 0.000968792
9.8 0.000857862
9.81 0.000239914
9.82 -0.000483139
9.83 -0.000863202
9.84 -0.000683048
9.85 -8.20477e-05
9.86 0.000543208
9.87 0.000793264
9.88 0.000511308
9.89 -0.000127629
9.9 -0.000727194
9.91 -0.00090668
9.92 -0.000528159
9.93 0.000213406
9.94 0.000896135
9.95 0.00112214
9.96 0.000763469
9.97 4.26982e-05
9.98 -0.000609921
9.99 -0.000828163
10 -0.000527365
10.01 6.65127e-05
10.02 0.000573868
10.03 0.000692368
10.04 0.000367
10.05 -0.000188858
10.06 -0.000628825
10.07 -0.000685971
10.08 -0.000333925
10.09 0.000203668
10.1 0.000598583
10.11 0.000619328
10.12 0.000261905
10.13 -0.000258422
10.14 -0.000637196
10.15 -0.000652878
10.16 -0.000285905
10.17 0.000275687
10.18 0.000739884
10.19 0.000862605
10.2 0.000571504
10.21 4.8604e-06
10.22 -0.000557462
10.23 -0.000843138
10.24 -0.000738238
10.25 -0.000347809
10.26 7.59825e-05
10.27 0.000291473
10.28 0.000208382
10.29 -7.29032e-05
10.3 -0.000338591
10.31 -0.00039816
10.32 -0.000193176
10.33 0.000181823
10.34 0.000543922
10.35 0.000719999
10.36 0.000625331
10.37 0.000298571
10.38 -0.000111655
10.39 -0.00040855
10.4 -0.000442532
10.41 -0.000198375
10.42 0.000180509
10.43 0.000461129
10.44 0.000456579
10.45 0.000148383
10.46 -0.000289872
10.47 -0.000595025
10.48 -0.000581507
10.49 -0.000261213
10.5 0.00016556
10.51 0.000440188
10.52 0.000406255
10.53 9.70417e-05
10.54 -0.000294724
10.55 -0.000534035
10.56 -0.000475447
10.57 -0.000140955
10.58 0.000293411
10.59 0.000595024
10.6 0.000603045
10.61 0.000316544
10.62 -0.000102919
10.63 -0.000414201
10.64 -0.000426634
10.65 -0.000113807
10.66 0.000355467
10.67 0.000702301
10.68 0.000703013
10.69 0.000333221
10.7 -0.000209627
10.71 -0.000623269
10.72 -0.000677318
10.73 -0.000340625
10.74 0.000202886
10.75 0.000649205
10.76 0.00073586
10.77 0.000395664
10.78 -0.000185363
10.79 -0.000659268
10.8 -0.000719026
10.81 -0.000291231
10.82 0.000405666
10.83 0.000978775
10.84 0.00108581
10.85 0.000637045
10.86 -0.000143286
10.87 -0.000837673
10.88 -0.00107421
10.89 -0.000743595
10.9 -6.17074e-05
10.91 0.000564283
10.92 0.000785225
10.93 0.000517222
10.94 -2.24512e-05
10.95 -0.000464904
10.96 -0.000520489
10.97 -0.000146728
10.98 0.000438273
10.99 0.000892858
11 0.000953846
11.01 0.000587863
11.02 7.27642e-06
11.03 -0.000458356
11.04 -0.000558073
11.05 -0.000266775
11.06 0.000204341
11.07 0.000541851
11.08 0.000524215
11.09 0.000155304
11.1 -0.000342276
11.11 -0.000666616
11.12 -0.000621829
11.13 -0.000237273
11.14 0.00025122
11.15 0.000547216
11.16 0.000476723
11.17 9.63809e-05
11.18 -0.000338105
11.19 -0.000527063
11.2 -0.000316387
11.21 0.000194848
11.22 0.000702246
11.23 0.000876734
11.24 0.000570762
11.25 -7.61615e-05
11.26 -0.000705718
11.27 -0.000953148
11.28 -0.000677967
11.29 -6.3215e-05
11.3 0.000491133
11.31 0.000621439
11.32 0.000239278
11.33 -0.000403097
11.34 -0.000872429
11.35 -0.000840748
11.36 -0.00030715
11.37 0.000398645
11.38 0.000838189
11.39 0.000759132
11.4 0.000256599
11.41 -0.000305851
11.42 -0.000551185
11.43 -0.000339146
11.44 0.000155072
11.45 0.00057497
11.46 0.000625178
11.47 0.000255878
11.48 -0.000320167
11.49 -0.00077099
11.5 -0.000849269
11.51 -0.000534191
11.52 -3.39575e-05
11.53 0.000346731
11.54 0.000391408
11.55 9.53691e-05
11.56 -0.000344292
11.57 -0.000657702
11.58 -0.000663559
11.59 -0.000365911
11.6 6.14824e-05
11.61 0.000384611
11.62 0.000446656
11.63 0.000254415
11.64 -3.76436e-05
11.65 -0.00023304
11.66 -0.000216289
11.67 -1.75705e-05
11.68 0.000211284
11.69 0.000292185
11.7 0.000138024
11.71 -0.000177266
11.72 -0.000452555
11.73 -0.000490739
11.74 -0.000240863
11.75 0.000155995
11.76 0.000453815
11.77 0.000459678
11.78 0.000157435
11.79 -0.000278692
11.8 -0.000587574
11.81 -0.00057968
11.82 -0.000255217
11.83 0.00019162
11.84 0.0004896
11.85 0.00046056
11.86 0.000136459
11.87 -0.000255476
11.88 -0.000436809
11.89 -0.000261158
11.9 0.000184345
11.91 0.000628625
11.92 0.000786304
11.93 0.000538145
11.94 8.21171e-06
11.95 -0.000509657
11.96 -0.000727647
11.97 -0.000535784
11.98 -6.61135e-05
11.99 0.000389564
12 0.000553548
12.01 0.000324542
12.02 -0.000159245
12.03 -0.000594219
12.04 -0.000690182
12.05 -0.000350858
12.06 0.000260789
12.07 0.000816833
12.08 0.00101488
12.09 0.000746409
12.1 0.000151587
12.11 -0.000459777
12.12 -0.00077267
12.13 -0.000632577
12.14 -0.000132024
12.15 0.000430352
12.16 0.000710247
12.17 0.000519991
12.18 -4.61899e-05
12.19 -0.000652674
12.2 -0.000918
12.21 -0.000650934
12.22 2.06982e-05
12.23 0.000715282
12.24 0.00102438
12.25 0.000764549
12.26 9.72636e-05
12.27 -0.000559048
12.28 -0.000774754
12.29 -0.000370441
12.3 0.000458426
12.31 0.00123545
12.32 0.00147765
12.33 0.000998956
12.34 5.0742e-05
12.35 -0.000812533
12.36 -0.0010776
12.37 -0.000603898
12.38 0.000284622
12.39 0.00100979
12.4 0.00110609
12.41 0.000504664
12.42 -0.000434303
12.43 -0.00114705
12.44 -0.00120575
12.45 -0.000572282
12.46 0.000378284
12.47 0.00108072
12.48 0.00112041
12.49 0.00048368
12.5 -0.00043853
12.51 -0.00109235
12.52 -0.00109095
12.53 -0.000433294
12.54 0.000504631
12.55 0.00118868
12.56 0.00122938
12.57 0.000602959
12.58 -0.000331207
12.59 -0.00103243
12.6 -0.00109294
12.61 -0.00048474
12.62 0.000415214
12.63 0.00104971
12.64 0.00102251
12.65 0.000341535
12.66 -0.000589359
12.67 -0.00122323
12.68 -0.0012048
12.69 -0.000574871
12.7 0.000276662
12.71 0.000862834
12.72 0.000886224
12.73 0.000389662
12.74 -0.000296547
12.75 -0.000758436
12.76 -0.0007309
12.77 -0.000237494
12.78 0.000430538
12.79 0.000882771
12.8 0.000851589
12.81 0.000342475
12.82 -0.000369768
12.83 -0.000894942
12.84 -0.000946523
12.85 -0.000504198
12.86 0.000174309
12.87 0.000702185
12.88 0.000787135
12.89 0.0003993
12.9 -0.00021346
12.91 -0.000673137
12.92 -0.000696124
12.93 -0.000260558
12.94 0.000383674
12.95 0.000866057
12.96 0.000912249
12.97 0.000495992
12.98 -0.000155716
12.99 -0.000695998
13 -0.000848364
13.01 -0.000552434
13.02 7.21658e-06
13.03 0.000505411
13.04 0.000661579
13.05 0.00040398
13.06 -8.43406e-05
13.07 -0.000471902
13.08 -0.000479293
13.09 -5.33019e-05
13.1 0.000593611
13.11 0.00110596
13.12 0.00119668
13.13 0.000820274
13.14 0.000203557
13.15 -0.000288499
13.16 -0.000373158
13.17 -1.84338e-05
13.18 0.00054565
13.19 0.000969031
13.2 0.000985821
13.21 0.000564926
13.22 -7.41238e-05
13.23 -0.000586332
13.24 -0.000699663
13.25 -0.000373156
13.26 0.000183615
13.27 0.00064423
13.28 0.000765979
13.29 0.000527655
13.3 0.000121597
13.31 -0.00018151
13.32 -0.000197747
13.33 7.47861e-05
13.34 0.000468544
13.35 0.000743497
13.36 0.000720378
13.37 0.000388844
13.38 -7.59308e-05
13.39 -0.000414871
13.4 -0.000448306
13.41 -0.000187669
13.42 0.000183129
13.43 0.000434464
13.44 0.000429457
13.45 0.000190815
13.46 -0.000124338
13.47 -0.000317902
13.48 -0.00026789
13.49 -5.78162e-06
13.5 0.000301889
13.51 0.000463572
13.52 0.000388821
13.53 0.000138372
13.54 -0.00013136
13.55 -0.000272823
13.56 -0.000223187
13.57 -2.19711e-05
13.58 0.000215844
13.59 0.000354496
13.6 0.000307646
13.61 9.34628e-05
13.62 -0.00016782
13.63 -0.000323645
13.64 -0.000283412
13.65 -7.47597e-05
13.66 0.000173255
13.67 0.000307507
13.68 0.000239478
13.69 -6.15673e-06
13.7 -0.000305775
13.71 -0.00050161
13.72 -0.00048389
13.73 -0.000250887
13.74 8.54256e-05
13.75 0.000354703
13.76 0.000416838
13.77 0.000235228
13.78 -0.0001047
13.79 -0.000438532
13.8 -0.000601661
13.81 -0.000505647
13.82 -0.00018376
13.83 0.000210077
13.84 0.000459588
13.85 0.000395796
13.86 1.00833e-05
13.87 -0.000512949
13.88 -0.000891012
13.89 -0.000919075
13.9 -0.00060151
13.91 -0.000144598
13.92 0.000180224
13.93 0.000201935
13.94 -6.01397e-05
13.95 -0.000420227
13.96 -0.000634618
13.97 -0.000536385
13.98 -0.00013069
13.99 0.000404931
14 0.000823107
14.01 0.000948319
14.02 0.000763845
14.03 0.000398003
14.04 4.11916e-05
14.05 -0.00014614
14.06 -0.000101958
14.07 0.000106608
14.08 0.000312256
14.09 0.000342147
14.1 0.00013342
14.11 -0.0002091
14.12 -0.000467285
14.13 -0.000455386
14.14 -0.000158318
14.15 0.000247023
14.16 0.000512308
14.17 0.000491168
14.18 0.000235875
14.19 -4.546e-05
14.2 -0.000129838
14.21 7.55934e-05
14.22 0.0004679
14.23 0.000803884
14.24 0.000854787
14.25 0.000565164
14.26 9.82346e-05
14.27 -0.000274906
14.28 -0.000359733
14.29 -0.000154654
14.3 0.000176402
14.31 0.000431109
14.32 0.000490573
14.33 0.000363487
14.34 0.000152112
14.35 -1.75471e-05
14.36 -6.06277e-05
14.37 2.93716e-05
14.38 0.000181962
14.39 0.00029082
14.4 0.00027676
14.41 0.000137007
14.42 -4.97306e-05
14.43 -0.000166394
14.44 -0.000125467
14.45 7.56522e-05
14.46 0.000343547
14.47 0.000531341
14.48 0.000516872
14.49 0.00027642
14.5 -9.14153e-05
14.51 -0.000413888
14.52 -0.000540889
14.53 -0.000430744
14.54 -0.000168527
14.55 9.5751e-05
14.56 0.000246093
14.57 0.00026686
14.58 0.0002318
14.59 0.00023081
14.6 0.000295401
14.61 0.000379764
14.62 0.00040517
14.63 0.000324847
14.64 0.00015867
14.65 -2.07554e-05
14.66 -0.000133945
14.67 -0.000142446
14.68 -7.00707e-05
14.69 2.00412e-05
14.7 7.6853e-05
14.71 9.3486e-05
14.72 8.97241e-05
14.73 7.35287e-05
14.74 3.54169e-05
14.75 -1.74756e-05
14.76 -3.95246e-05
14.77 2.03811e-05
14.78 0.000157189
14.79 0.000289337
14.8 0.000313227
14.81 0.000190109
14.82 -1.07747e-05
14.83 -0.000153525
14.84 -0.000136231
14.85 2.35208e-05
14.86 0.000189908
14.87 0.000205817
14.88 1.91854e-05
14.89 -0.000257852
14.9 -0.00041566
14.91 -0.000305729
14.92 2.82869e-05
14.93 0.000362129
14.94 0.000451988
14.95 0.000223735
14.96 -0.000166567
14.97 -0.000456394
14.98 -0.000481208
14.99 -0.000288344
15 -7.70416e-05
15.01 -3.05455e-05
15.02 -0.000179109
15.03 -0.000386342
15.04 -0.000453123
15.05 -0.000263182
15.06 0.000124923
15.07 0.00050229
15.08 0.000641492
15.09 0.000452804
15.1 5.4117e-05
15.11 -0.000301112
15.12 -0.000386087
15.13 -0.000137105
15.14 0.000319041
15.15 0.000746347
15.16 0.000930497
15.17 0.000790496
15.18 0.000417481
15.19 1.80193e-05
15.2 -0.000206719
15.21 -0.000170467
15.22 5.8629e-05
15.23 0.000300976
15.24 0.000367091
15.25 0.000169642
15.26 -0.000213297
15.27 -0.000572967
15.28 -0.000698559
15.29 -0.000521295
15.3 -0.000170387
15.31 0.000103612
15.32 8.72009e-05
15.33 -0.000258677
15.34 -0.000764451
15.35 -0.00114102
15.36 -0.00114763
15.37 -0.000746752
15.38 -0.000145714
15.39 0.000319653
15.4 0.000401176
15.41 0.000114182
15.42 -0.000260373
15.43 -0.000368865
15.44 -4.24227e-05
15.45 0.000575447
15.46 0.00112967
15.47 0.00130256
15.48 0.00102627
15.49 0.000516225
15.5 0.000113963
15.51 5.22678e-05
15.52 0.000304295
15.53 0.000620414
15.54 0.000723529
15.55 0.000512131
15.56 0.000116359
15.57 -0.000219697
15.58 -0.000315792
15.59 -0.000152296
15.6 0.000158062
15.61 0.000458462
15.62 0.000618518
15.63 0.000569828
15.64 0.000328996
15.65 1.01547e-05
15.66 -0.000205797
15.67 -0.000164419
15.68 0.000145549
15.69 0.000540078
15.7 0.000722167
15.71 0.000474025
15.72 -0.000165486
15.73 -0.000879459
15.74 -0.00125386
15.75 -0.00105786
15.76 -0.000423672
15.77 0.000225913
15.78 0.000471759
15.79 0.000200742
15.8 -0.00031994
15.81 -0.000657097
15.82 -0.00054166
15.83 -5.66699e-05
15.84 0.000444209
15.85 0.00060156
15.86 0.000294722
15.87 -0.000291865
15.88 -0.000800212
15.89 -0.000927906
15.9 -0.000611692
15.91 -5.79788e-05
15.92 0.000394634
15.93 0.000490158
15.94 0.000206713
15.95 -0.000248056
15.96 -0.00057786
15.97 -0.000569369
15.98 -0.000197086
15.99 0.000368969
16 0.000841217
16.01 0.000955146
16.02 0.000625244
16.03 3.10806e-05
16.04 -0.000452351
16.05 -0.000475106
16.06 4.19319e-05
16.07 0.000818485
16.08 0.00137697
16.09 0.00135102
16.1 0.000717754
16.11 -0.000201338
16.12 -0.000946878
16.13 -0.00118028
16.14 -0.000849341
16.15 -0.000203612
16.16 0.00033061
16.17 0.000369921
16.18 -0.000200563
16.19 -0.00112048
16.2 -0.00186099
16.21 -0.00192437
16.22 -0.00116439
16.23 7.97347e-05
16.24 0.00115532
16.25 0.00147852
16.26 0.000873054
16.27 -0.000321612
16.28 -0.00141532
16.29 -0.00173059
16.3 -0.00100292
16.31 0.000400362
16.32 0.00163063
16.33 0.00186268
16.34 0.000857699
16.35 -0.000820928
16.36 -0.00213411
16.37 -0.0022395
16.38 -0.0010432
16.39 0.000742094
16.4 0.00204531
16.41 0.00209174
16.42 0.000863274
16.43 -0.000892455
16.44 -0.00209488
16.45 -0.00196778
16.46 -0.0005222
16.47 0.00141726
16.48 0.00269619
16.49 0.00253078
16.5 0.000984669
16.51 -0.00107262
16.52 -0.00248695
16.53 -0.00249213
16.54 -0.00112766
16.55 0.000817914
16.56 0.00226384
16.57 0.00243211
16.58 0.0012671
16.59 -0.000546952
16.6 -0.00198145
16.61 -0.00225037
16.62 -0.00124838
16.63 0.000415675
16.64 0.00179396
16.65 0.00214415
16.66 0.00132662
16.67 -0.000151176
16.68 -0.00143957
16.69 -0.00182004
16.7 -0.00109888
16.71 0.000281509
16.72 0.00147967
16.73 0.00172474
16.74 0.000772344
16.75 -0.000910735
16.76 -0.00236963
16.77 -0.0027075
16.78 -0.00165336
16.79 0.000230957
16.8 0.00186944
16.81 0.0023259
16.82 0.00138109
16.83 -0.000344124
16.84 -0.00178256
16.85 -0.00205435
16.86 -0.000955768
16.87 0.000952021
16.88 0.00266826
16.89 0.00329877
16.9 0.00250811
16.91 0.000709726
16.92 -0.00116066
16.93 -0.00217357
16.94 -0.0018867
16.95 -0.000570611
16.96 0.000954729
16.97 0.00180192
16.98 0.00152074
16.99 0.000340074
17 -0.000979958
17.01 -0.00160149
17.02 -0.00110804
17.03 0.000256121
17.04 0.00175641
17.05 0.00260148
17.06 0.00235963
17.07 0.00116395
17.08 -0.000365306
17.09 -0.00143064
17.1 -0.00148225
17.11 -0.000547813
17.12 0.000769858
17.13 0.00164772
17.14 0.00152218
17.15 0.000409487
17.16 -0.00110018
17.17 -0.00216735
17.18 -0.00218611
17.19 -0.00115576
17.2 0.000300946
17.21 0.00131163
17.22 0.00128868
17.23 0.000285934
17.24 -0.00103952
17.25 -0.00184067
17.26 -0.00160779
17.27 -0.000466869
17.28 0.000925294
17.29 0.00177681
17.3 0.00159112
17.31 0.000422255
17.32 -0.00115
17.33 -0.00231647
17.34 -0.0024776
17.35 -0.00158696
17.36 -0.000182875
17.37 0.000930852
17.38 0.00115397
17.39 0.00042088
17.4 -0.000777894
17.41 -0.00168575
17.42 -0.00172317
17.43 -0.00082279
17.44 0.000547597
17.45 0.00167002
17.46 0.00197324
17.47 0.00132191
17.48 7.16928e-05
17.49 -0.00111978
17.5 -0.00163501
17.51 -0.00122428
17.52 -0.000138061
17.53 0.00101726
17.54 0.00159901
17.55 0.00124789
17.56 7.91033e-05
17.57 -0.00133724
17.58 -0.00223836
17.59 -0.0020885
17.6 -0.000923263
17.61 0.000631348
17.62 0.00171989
17.63 0.00177276
17.64 0.000840028
17.65 -0.000460646
17.66 -0.00132966
17.67 -0.00126105
17.68 -0.000321198
17.69 0.000928595
17.7 0.00177591
17.71 0.0017472
17.72 0.000853111
17.73 -0.000425254
17.74 -0.00139377
17.75 -0.00152018
17.76 -0.000728922
17.77 0.000557645
17.78 0.00164717
17.79 0.00193661
17.8 0.00122258
17.81 -0.000181782
17.82 -0.00158047
17.83 -0.00224399
17.84 -0.0018154
17.85 -0.000533377
17.86 0.000885228
17.87 0.00164763
17.88 0.00133388
17.89 0.000137281
17.9 -0.00123545
17.91 -0.00196277
17.92 -0.00159023
17.93 -0.000304283
17.94 0.00117834
17.95 0.00201897
17.96 0.00171706
17.97 0.00039587
17.98 -0.00123289
17.99 -0.00224475
18 -0.00205149
18.01 -0.000786782
18.02 0.000763105
18.03 0.00165591
18.04 0.00137674
18.05 0.00013843
18.06 -0.0012608
18.07 -0.001923
18.08 -0.00138641
18.09 0.000106502
18.1 0.00176197
18.11 0.00268323
18.12 0.00235828
18.13 0.000953174
18.14 -0.000760491
18.15 -0.00182799
18.16 -0.00166622
18.17 -0.000419114
18.18 0.00113873
18.19 0.00208718
18.2 0.00191782
18.21 0.000827686
18.22 -0.000428905
18.23 -0.00102752
18.24 -0.000588399
18.25 0.000610137
18.26 0.00184269
18.27 0.00239734
18.28 0.0019912
18.29 0.000912437
18.3 -0.000181775
18.31 -0.000669422
18.32 -0.0003236
18.33 0.000580659
18.34 0.00147496
18.35 0.00183831
18.36 0.00145203
18.37 0.000483802
18.38 -0.000609199
18.39 -0.00130829
18.4 -0.00130523
18.41 -0.00068406
18.42 0.000118429
18.43 0.000579558
18.44 0.000412432
18.45 -0.000268315
18.46 -0.00102554
18.47 -0.00137226
18.48 -0.00106605
18.49 -0.000244837
18.5 0.000656175
18.51 0.00115226
18.52 0.000963137
18.53 0.000149157
18.54 -0.000906153
18.55 -0.00168039
18.56 -0.00179616
18.57 -0.00124162
18.58 -0.000386911
18.59 0.000221419
18.6 0.000181353
18.61 -0.000518936
18.62 -0.00147241
18.63 -0.00208454
18.64 -0.00195444
18.65 -0.0011489
18.66 -0.00017094
18.67 0.000361937
18.68 0.000120389
18.69 -0.000727938
18.7 -0.00161786
18.71 -0.00192901
18.72 -0.00136775
18.73 -0.000150632
18.74 0.00111264
18.75 0.00175451
18.76 0.00142606
18.77 0.000323327
18.78 -0.000891352
18.79 -0.00147231
18.8 -0.00105987
18.81 8.08807e-05
18.82 0.00122713
18.83 0.00163662
18.84 0.000979696
18.85 -0.000455606
18.86 -0.00189168
18.87 -0.00248732
18.88 -0.00183798
18.89 -0.000239936
18.9 0.00145905
18.91 0.00232535
18.92 0.00185343
18.93 0.00026639
18.94 -0.00156196
18.95 -0.00256096
18.96 -0.00207809
18.97 -0.000295847
18.98 0.00184092
18.99 0.00315856
19 0.00293271
19.01 0.0013214
19.02 -0.000716198
19.03 -0.00197033
19.04 -0.00168212
19.05 1.79866e-05
19.06 0.00220458
19.07 0.00368015
19.08 0.00359763
19.09 0.00189982
19.1 -0.000611949
19.11 -0.00263449
19.12 -0.00308274
19.13 -0.00180178
19.14 0.000318112
19.15 0.00193764
19.16 0.00210359
19.17 0.000793229
19.18 -0.00111464
19.19 -0.00239112
19.2 -0.00220021
19.21 -0.000593709
19.22 0.00154121
19.23 0.00300335
19.24 0.00293939
19.25 0.00131841
19.26 -0.00102216
19.27 -0.00280007
19.28 -0.00299766
19.29 -0.00146426
19.3 0.000988202
19.31 0.00304965
19.32 0.00361479
19.33 0.00233835
19.34 -0.000195109
19.35 -0.0027359
19.36 -0.00402384
19.37 -0.0034303
19.38 -0.00129641
19.39 0.00122608
19.4 0.00281353
19.41 0.00267426
19.42 0.000941202
19.43 -0.00145421
19.44 -0.00331288
19.45 -0.00376146
19.46 -0.00262787
19.47 -0.000472588
19.48 0.00169433
19.49 0.00286485
19.5 0.00249146
19.51 0.000776224
19.52 -0.00138987
19.53 -0.00284394
19.54 -0.00274223
19.55 -0.00104167
19.56 0.00142115
19.57 0.00334555
19.58 0.0036875
19.59 0.00227251
19.6 -0.000113294
19.61 -0.00221212
19.62 -0.00300377
19.63 -0.00220594
19.64 -0.000342267
19.65 0.00159771
19.66 0.00266845
19.67 0.00240087
19.68 0.00100402
19.69 -0.000758875
19.7 -0.00196821
19.71 -0.00202646
19.72 -0.000970686
19.73 0.000571918
19.74 0.00174631
19.75 0.00193188
19.76 0.00105665
19.77 -0.000393892
19.78 -0.00164178
19.79 -0.00201927
19.8 -0.00133431
19.81 -5.09143e-07
19.82 0.00118218
19.83 0.00148786
19.84 0.000698196
19.85 -0.000756846
19.86 -0.00204069
19.87 -0.00239565
19.88 -0.0015926
19.89 -7.05734e-05
19.9 0.0013261
19.91 0.0018328
19.92 0.00118434
19.93 -0.000244656
19.94 -0.00164831
19.95 -0.00223317
19.96 -0.00165865
19.97 -0.0002268
19.98 0.00129831
19.99 0.00211511
20 0.00180076
20.01 0.000516679
20.02 -0.0010832
20.03 -0.00216765
20.04 -0.00212873
20.05 -0.000912746
20.06 0.000906638
20.07 0.00238931
20.08 0.0027298
20.09 0.00173822
20.1 -2.08598e-05
20.11 -0.00156393
20.12 -0.00208142
20.13 -0.00139781
20.14 -2.21155e-05
20.15 0.00122028
20.16 0.00169144
20.17 0.00125552
20.18 0.000269172
20.19 -0.000681049
20.2 -0.00110757
20.21 -0.000835075
20.22 -4.69317e-05
20.23 0.000825544
20.24 0.00129463
20.25 0.00107199
20.26 0.000277194
20.27 -0.00061531
20.28 -0.0010791
20.29 -0.00086316
20.3 -0.000133407
20.31 0.000654489
20.32 0.00105361
20.33 0.000902772
20.34 0.00040598
20.35 -3.72474e-05
20.36 -0.000113447
20.37 0.000223045
20.38 0.000747421
20.39 0.00110564
20.4 0.00102816
20.41 0.000495116
20.42 -0.00025142
20.43 -0.000862472
20.44 -0.00108861
20.45 -0.000904885
20.46 -0.000500123
20.47 -0.000147034
20.48 -3.88553e-05
20.49 -0.00019508
20.5 -0.000473456
20.51 -0.000666887
20.52 -0.00062611
20.53 -0.00033829
20.54 7.26737e-05
20.55 0.000424606
20.56 0.000563479
20.57 0.00043232
20.58 0.000118713
20.59 -0.000167889
20.6 -0.000195971
20.61 0.000145639
20.62 0.000730767
20.63 0.00120712
20.64 0.00120597
20.65 0.000640805
20.66 -0.000166501
20.67 -0.00069055
20.68 -0.00059589
20.69 -1.43362e-05
20.7 0.000530788
20.71 0.000498862
20.72 -0.00025602
20.73 -0.00134657
20.74 -0.00210432
20.75 -0.00202165
20.76 -0.00108256
20.77 0.000226335
20.78 0.00120294
20.79 0.00132498
20.8 0.000540955
20.81 -0.000698216
20.82 -0.00167765
20.83 -0.0018185
20.84 -0.00103749
20.85 0.000176328
20.86 0.00105564
20.87 0.0010478
20.88 0.000171257
20.89 -0.00102536
20.9 -0.00183135
20.91 -0.00177694
20.92 -0.000849783
20.93 0.000525097
20.94 0.00167074
20.95 0.0019704
20.96 0.00124066
20.97 -6.43314e-05
20.98 -0.00106406
20.99 -0.00101817
21 0.000144609
21.01 0.00174097
21.02 0.00277415
21.03 0.00257849
21.04 0.00121671
21.05 -0.000600771
21.06 -0.00195068
21.07 -0.00218855
21.08 -0.00124759
21.09 0.000370636
21.1 0.00185738
21.11 0.00248019
21.12 0.00193761
21.13 0.000527886
21.14 -0.000977706
21.15 -0.00173486
21.16 -0.00131934
21.17 -1.06556e-05
21.18 0.00137766
21.19 0.00202215
21.2 0.00158973
21.21 0.00037968
21.22 -0.000937005
21.23 -0.00171342
21.24 -0.00160596
21.25 -0.000689987
21.26 0.000574481
21.27 0.00152575
21.28 0.00162319
21.29 0.000772152
21.3 -0.000596131
21.31 -0.00176742
21.32 -0.00214659
21.33 -0.00156962
21.34 -0.000368436
21.35 0.000811697
21.36 0.00132839
21.37 0.000863749
21.38 -0.000384193
21.39 -0.00176043
21.4 -0.00248462
21.41 -0.00211399
21.42 -0.000845837
21.43 0.00058899
21.44 0.00138811
21.45 0.0011769
21.46 0.000205542
21.47 -0.000880289
21.48 -0.00146999
21.49 -0.00129055
21.5 -0.00044828
21.51 0.000702069
21.52 0.0016904
21.53 0.00204967
21.54 0.00150956
21.55 0.000215931
21.56 -0.00123865
21.57 -0.00210265
21.58 -0.00193194
21.59 -0.000892698
21.6 0.000358531
21.61 0.00110305
21.62 0.000973634
21.63 0.000119131
21.64 -0.000933493
21.65 -0.00158491
21.66 -0.00146149
21.67 -0.00057987
21.68 0.00069364
21.69 0.00183497
21.7 0.00240222
21.71 0.00223059
21.72 0.00149597
21.73 0.000617143
21.74 4.57541e-05
21.75 4.99136e-05
21.76 0.000608365
21.77 0.00141358
21.78 0.00200854
21.79 0.00203172
21.8 0.00141801
21.81 0.000451697
21.82 -0.000367855
21.83 -0.000600625
21.84 -0.00011099
21.85 0.000857736
21.86 0.0017935
21.87 0.00216357
21.88 0.00169266
21.89 0.000528551
21.9 -0.000803802
21.91 -0.00164706
21.92 -0.00154907
21.93 -0.000523685
21.94 0.00094104
21.95 0.00213949
21.96 0.00251863
21.97 0.00195042
21.98 0.00076061
21.99 -0.000462167
22 -0.00112898
22.01 -0.00088414
22.02 0.000221779
22.03 0.0016819
22.04 0.0027126
22.05 0.00266247
22.06 0.00143252
22.07 -0.000390099
22.08 -0.0018059
22.09 -0.00194874
22.1 -0.0006019
22.11 0.00162313
22.12 0.00356063
22.13 0.00409759
22.14 0.0028274
22.15 0.000318521
22.16 -0.00215108
22.17 -0.00322199
22.18 -0.00220574
22.19 0.000442728
22.2 0.00330078
22.21 0.00479496
22.22 0.00407338
22.23 0.00152391
22.24 -0.00142639
22.25 -0.00317896
22.26 -0.00286771
22.27 -0.000780702
22.28 0.00194039
22.29 0.00399227
22.3 0.00447969
22.31 0.00322172
22.32 0.000810575
22.33 -0.00160841
22.34 -0.00283713
22.35 -0.00226357
22.36 -0.000251863
22.37 0.00208799
22.38 0.00355569
22.39 0.00346104
22.4 0.00190127
22.41 -0.000348934
22.42 -0.00218443
22.43 -0.00264239
22.44 -0.00138072
22.45 0.00111005
22.46 0.0037011
22.47 0.00512787
22.48 0.00455797
22.49 0.00209057
22.5 -0.0011624
22.51 -0.00354775
22.52 -0.00373066
22.53 -0.00154709
22.54 0.00184835
22.55 0.00469499
22.56 0.00562048
22.57 0.00433063
22.58 0.00161179
22.59 -0.00119794
22.6 -0.00278086
22.61 -0.00238678
22.62 -0.000248801
22.63 0.00253076
22.64 0.00455828
22.65 0.00482443
22.66 0.00320229
22.67 0.000490111
22.68 -0.0020084
22.69 -0.00311487
22.7 -0.00233603
22.71 -6.58654e-05
22.72 0.00271049
22.73 0.00487397
22.74 0.00551632
22.75 0.00426234
22.76 0.00150757
22.77 -0.0016358
22.78 -0.00375566
22.79 -0.00385927
22.8 -0.00197287
22.81 0.000881704
22.82 0.00329808
22.83 0.0041758
22.84 0.00314787
22.85 0.000699375
22.86 -0.00202864
22.87 -0.00371688
22.88 -0.00349057
22.89 -0.00137034
22.9 0.0017427
22.91 0.00447074
22.92 0.0054869
22.93 0.00407789
22.94 0.000615548
22.95 -0.0033521
22.96 -0.00581493
22.97 -0.00542601
22.98 -0.00228711
22.99 0.00206559
23 0.00551181
23.01 0.0065596
23.02 0.00502391
23.03 0.00181677
23.04 -0.00169106
23.05 -0.00423048
23.06 -0.00497273
23.07 -0.00369025
23.08 -0.000804532
23.09 0.00270053
23.1 0.00549909
23.11 0.00631934
23.12 0.00453346
23.13 0.000630531
23.14 -0.00380504
23.15 -0.00677216
23.16 -0.00689059
23.17 -0.00410067
23.18 0.000321815
23.19 0.00439434
23.2 0.00633343
23.21 0.00529248
23.22 0.00173134
23.23 -0.00277595
23.24 -0.00620303
23.25 -0.00694126
23.26 -0.00454868
23.27 9.21283e-06
23.28 0.00478196
23.29 0.00770888
23.3 0.00746982
23.31 0.00406498
23.32 -0.00113904
23.33 -0.0058873
23.34 -0.00807952
23.35 -0.00682109
23.36 -0.00273781
23.37 0.00240117
23.38 0.00641086
23.39 0.00756127
23.4 0.00531556
23.41 0.000568399
23.42 -0.0047892
23.43 -0.00869565
23.44 -0.00981528
23.45 -0.0079437
23.46 -0.00384123
23.47 0.00110304
23.48 0.00520127
23.49 0.00696971
23.5 0.00576849
23.51 0.00218858
23.52 -0.00217052
23.53 -0.0053787
23.54 -0.00599962
23.55 -0.00373615
23.56 0.000473594
23.57 0.00489612
23.58 0.00774665
23.59 0.00795248
23.6 0.0055866
23.61 0.00177317
23.62 -0.00192948
23.63 -0.00425484
23.64 -0.00467466
23.65 -0.00343717
23.66 -0.00123848
23.67 0.0012439
23.68 0.00349151
23.69 0.00501
23.7 0.00532039
23.71 0.00414974
23.72 0.00168262
23.73 -0.00139568
23.74 -0.00406126
23.75 -0.00528249
23.76 -0.00445562
23.77 -0.0017062
23.78 0.00215581
23.79 0.00584463
23.8 0.00793595
23.81 0.00740012
23.82 0.00423467
23.83 -0.000318622
23.84 -0.00433209
23.85 -0.00610409
23.86 -0.0049133
23.87 -0.00135227
23.88 0.00301331
23.89 0.00635757
23.9 0.00729137
23.91 0.00538672
23.92 0.00132447
23.93 -0.00342386
23.94 -0.00711915
23.95 -0.00832407
23.96 -0.00647332
23.97 -0.00218433
23.98 0.00297713
23.99 0.00707007
24 0.00850671
24.01 0.00671872
24.02 0.00239168
24.03 -0.00285928
24.04 -0.00708282
24.05 -0.00868959
24.06 -0.00710102
24.07 -0.00302065
24.08 0.00193222
24.09 0.0059275
24.1 0.00763162
24.11 0.00668652
24.12 0.00375451
24.13 0.000154748
24.14 -0.00277225
24.15 -0.00415832
24.16 -0.00375408
24.17 -0.00190908
24.18 0.000634556
24.19 0.00300604
24.2 0.00445433
24.21 0.00460562
24.22 0.00359249
24.23 0.00195662
24.24 0.000327358
24.25 -0.000940194
24.26 -0.00179353
24.27 -0.00223028
24.28 -0.00214121
24.29 -0.00138577
24.3 -1.74059e-05
24.31 0.00154797
24.32 0.00260153
24.33 0.00251493
24.34 0.00119421
24.35 -0.000841275
24.36 -0.00270285
24.37 -0.00350921
24.38 -0.00276993
24.39 -0.000600159
24.4 0.00233737
24.41 0.00501055
24.42 0.00632148
24.43 0.00560863
24.44 0.00304955
24.45 -0.000364042
24.46 -0.00327812
24.47 -0.00456983
24.48 -0.00379011
24.49 -0.00134071
24.5 0.0017508
24.51 0.00421114
24.52 0.00490805
24.53 0.00331484
24.54 -0.000152472
24.55 -0.00419701
24.56 -0.00710308
24.57 -0.00744691
24.58 -0.00481172
24.59 -6.08185e-05
24.6 0.00509253
24.61 0.00880707
24.62 0.00977231
24.63 0.00759782
24.64 0.00287945
24.65 -0.00295293
24.66 -0.00789176
24.67 -0.00993536
24.68 -0.00799307
24.69 -0.00254586
24.7 0.00449764
24.71 0.0105333
24.72 0.0134559
24.73 0.0123756
24.74 0.00759023
24.75 0.000565309
24.76 -0.00631541
24.77 -0.0105497
24.78 -0.0105777
24.79 -0.0065198
24.8 -9.88546e-05
24.81 0.00635831
24.82 0.0109216
24.83 0.0123725
24.84 0.0103799
24.85 0.00571538
24.86 -3.31548e-06
24.87 -0.00484289
24.88 -0.00716845
24.89 -0.00628709
24.9 -0.00280661
24.91 0.00177533
24.92 0.00585642
24.93 0.00828078
24.94 0.00848366
24.95 0.00643429
24.96 0.00267049
24.97 -0.00180617
24.98 -0.00562747
24.99 -0.00738877
25 -0.00633503
25.01 -0.00285294
25.02 0.00172519
25.03 0.00573551
25.04 0.00782585
25.05 0.00741333
25.06 0.00487417
25.07 0.00140097
25.08 -0.00162085
25.09 -0.00317469
25.1 -0.00287791
25.11 -0.00110381
25.12 0.00125688
25.13 0.00314144
25.14 0.00359655
25.15 0.00213613
25.16 -0.00104489
25.17 -0.00492386
25.18 -0.0078886
25.19 -0.00850612
25.2 -0.00626335
25.21 -0.00185819
25.22 0.00325104
25.23 0.0075585
25.24 0.00992656
25.25 0.00981153
25.26 0.00742717
25.27 0.00367667
25.28 -0.000197545
25.29 -0.00298319
25.3 -0.00384714
25.31 -0.00266752
25.32 -0.000123223
25.33 0.00271331
25.34 0.00484582
25.35 0.00556698
25.36 0.00462001
25.37 0.00228822
25.38 -0.000767541
25.39 -0.00364411
25.4 -0.00539622
25.41 -0.00542332
25.42 -0.00373128
25.43 -0.000914195
25.44 0.00221283
25.45 0.00488054
25.46 0.00634186
25.47 0.00597938
25.48 0.00365041
25.49 -0.00010664
25.5 -0.00413092
25.51 -0.00699071
25.52 -0.00757163
25.53 -0.00560278
25.54 -0.00180772
25.55 0.00252521
25.56 0.00606098
25.57 0.00770237
25.58 0.00688867
25.59 0.00393935
25.6 3.47118e-05
25.61 -0.00323666
25.62 -0.00451461
25.63 -0.0032682
25.64 -9.72495e-05
25.65 0.00364843
25.66 0.00651472
25.67 0.00739266
25.68 0.00589965
25.69 0.00254295
25.7 -0.00155883
25.71 -0.00500019
25.72 -0.00652021
25.73 -0.00555097
25.74 -0.00245252
25.75 0.00177634
25.76 0.00591975
25.77 0.00885512
25.78 0.00978989
25.79 0.00848095
25.8 0.00538352
25.81 0.00151561
25.82 -0.00191375
25.83 -0.00380345
25.84 -0.00349952
25.85 -0.0011666
25.86 0.00237222
25.87 0.00609215
25.88 0.00909807
25.89 0.0108341
25.9 0.0111315
25.91 0.0101289
25.92 0.0081572
25.93 0.00565071
25.94 0.00304357
25.95 0.000645078
25.96 -0.00143415
25.97 -0.00311727
25.98 -0.00420251
25.99 -0.0044742
26 -0.00388945
26.01 -0.0026869
26.02 -0.0013656
26.03 -0.000510192
26.04 -0.000505621
26.05 -0.00135448
26.06 -0.00260986
26.07 -0.00353991
26.08 -0.00351408
26.09 -0.0022915
26.1 -8.65638e-05
26.11 0.00263098
26.12 0.00530737
26.13 0.00733135
26.14 0.00815103
26.15 0.00742599
26.16 0.00508039
26.17 0.00133805
26.18 -0.00325467
26.19 -0.00774231
26.2 -0.0108918
26.21 -0.0117263
26.22 -0.00995265
26.23 -0.00602201
26.24 -0.00101677
26.25 0.00373262
26.26 0.00698235
26.27 0.0077179
26.28 0.00550402
26.29 0.000875786
26.3 -0.00468375
26.31 -0.00914227
26.32 -0.0106392
26.33 -0.00837977
26.34 -0.00313988
26.35 0.0031744
26.36 0.00841459
26.37 0.010892
26.38 0.00981834
26.39 0.00555967
26.4 -0.000500077
26.41 -0.00637713
26.42 -0.0100804
26.43 -0.0102779
26.44 -0.00685424
26.45 -0.00110233
26.46 0.0049313
26.47 0.00932968
26.48 0.0107278
26.49 0.00860653
26.5 0.00356288
26.51 -0.00292043
26.52 -0.00885701
26.53 -0.0123247
26.54 -0.01216
26.55 -0.00845035
26.56 -0.00255847
26.57 0.0035929
26.58 0.00824813
26.59 0.0101222
26.6 0.00862474
26.61 0.00415298
26.62 -0.00202295
26.63 -0.0080349
26.64 -0.0119208
26.65 -0.0123437
26.66 -0.00915144
26.67 -0.00352068
26.68 0.00266149
26.69 0.00752623
26.7 0.00960828
26.71 0.00811406
26.72 0.00325148
26.73 -0.00378088
26.74 -0.0110396
26.75 -0.0166046
26.76 -0.0194466
26.77 -0.0193862
26.78 -0.0167003
26.79 -0.0119328
26.8 -0.00596466
26.81 8.80398e-05
26.82 0.00506824
26.83 0.00797263
26.84 0.00817157
26.85 0.00563957
26.86 0.00122056
26.87 -0.00370735
26.88 -0.00782432
26.89 -0.0101316
26.9 -0.00999245
26.91 -0.00736704
26.92 -0.00301795
26.93 0.00187956
26.94 0.00605791
26.95 0.00834497
26.96 0.00797973
26.97 0.00492915
26.98 -1.95457e-05
26.99 -0.00559964
27 -0.0105565
27.01 -0.0137952
27.02 -0.0144347
27.03 -0.0122849
27.04 -0.00802304
27.05 -0.00281805
27.06 0.00204275
27.07 0.00529807
27.08 0.00596447
27.09 0.00374642
27.1 -0.000802728
27.11 -0.00645222
27.12 -0.0116943
27.13 -0.015065
27.14 -0.0154816
27.15 -0.0127322
27.16 -0.00754896
27.17 -0.00126333
27.18 0.00455667
27.19 0.00846455
27.2 0.00948392
27.21 0.00741901
27.22 0.00300404
27.23 -0.00248254
27.24 -0.00771555
27.25 -0.0116408
27.26 -0.0135279
27.27 -0.0130591
27.28 -0.0106065
27.29 -0.00702733
27.3 -0.00331474
27.31 -0.000418206
27.32 0.00099028
27.33 0.000616062
27.34 -0.0015385
27.35 -0.00505234
27.36 -0.00905694
27.37 -0.0124717
27.38 -0.0143038
27.39 -0.0140032
27.4 -0.0115907
27.41 -0.00756931
27.42 -0.00280966
27.43 0.00178482
27.44 0.005405
27.45 0.00735039
27.46 0.00721849
27.47 0.00511042
27.48 0.00171858
27.49 -0.00198117
27.5 -0.00506835
27.51 -0.00681054
27.52 -0.00671911
27.53 -0.00473472
27.54 -0.00136779
27.55 0.00255087
27.56 0.00609256
27.57 0.00835859
27.58 0.00873675
27.59 0.00718674
27.6 0.00425213
27.61 0.000758489
27.62 -0.00259336
27.63 -0.00537212
27.64 -0.00727376
27.65 -0.0080384
27.66 -0.00753931
27.67 -0.00590071
27.68 -0.00351632
27.69 -0.000973262
27.7 0.00116339
27.71 0.00246667
27.72 0.00268645
27.73 0.00185051
27.74 0.000268673
27.75 -0.00165523
27.76 -0.00350511
27.77 -0.00483598
27.78 -0.00527116
27.79 -0.00466898
27.8 -0.00324599
27.81 -0.00151395
27.82 -4.61367e-05
27.83 0.000733387
27.84 0.000636122
27.85 -0.000265637
27.86 -0.00172094
27.87 -0.00340005
27.88 -0.00496087
27.89 -0.00614194
27.9 -0.00683415
27.91 -0.00707919
27.92 -0.00700567
27.93 -0.0067622
27.94 -0.00644274
27.95 -0.00601948
27.96 -0.00535629
27.97 -0.00428528
27.98 -0.0027009
27.99 -0.000620343
28 0.00177583
28.01 0.0040048
28.02 0.00528346
28.03 0.00485359
28.04 0.00243075
28.05 -0.00162849
28.06 -0.00638864
28.07 -0.0106249
28.08 -0.0131441
28.09 -0.0130743
28.1 -0.0102311
28.11 -0.00513163
28.12 0.00126393
28.13 0.00749241
28.14 0.0117812
28.15 0.0126608
28.16 0.00962972
28.17 0.0035792
28.18 -0.00362625
28.19 -0.0100093
28.2 -0.0141003
28.21 -0.0150036
28.22 -0.0125175
28.23 -0.00740533
28.24 -0.00102151
28.25 0.00508202
28.26 0.00938789
28.27 0.0107539
28.28 0.00882212
28.29 0.00434124
28.3 -0.00119471
28.31 -0.00619428
28.32 -0.00947379
28.33 -0.0103625
28.34 -0.00875228
28.35 -0.00534626
28.36 -0.00132165
28.37 0.00219491
28.38 0.00429109
28.39 0.00435529
28.4 0.00229863
28.41 -0.00136035
28.42 -0.00561681
28.43 -0.00932597
28.44 -0.0115702
28.45 -0.011833
28.46 -0.0102017
28.47 -0.00729688
28.48 -0.00390162
28.49 -0.000726178
28.5 0.00174583
28.51 0.00325126
28.52 0.00368566
28.53 0.0031561
28.54 0.00200437
28.55 0.000679503
28.56 -0.000506645
28.57 -0.00146809
28.58 -0.00219309
28.59 -0.00262829
28.6 -0.00271518
28.61 -0.0024458
28.62 -0.00188735
28.63 -0.00116297
28.64 -0.000372665
28.65 0.000435951
28.66 0.00117965
28.67 0.00162527
28.68 0.00143408
28.69 0.000334636
28.7 -0.00177411
28.71 -0.00467138
28.72 -0.0077393
28.73 -0.0101312
28.74 -0.0110597
28.75 -0.0100571
28.76 -0.00708877
28.77 -0.00258563
28.78 0.00266389
28.79 0.00754484
28.8 0.0107486
28.81 0.0111795
28.82 0.0084514
28.83 0.00324238
28.84 -0.00293454
28.85 -0.00833138
28.86 -0.0115569
28.87 -0.0118231
28.88 -0.00908701
28.89 -0.00414034
28.9 0.00185098
28.91 0.00753028
28.92 0.0113735
28.93 0.012044
28.94 0.00899085
28.95 0.00296551
28.96 -0.00430375
28.97 -0.0109416
28.98 -0.0154603
28.99 -0.016746
29 -0.0142777
29.01 -0.00854323
29.02 -0.000818739
29.03 0.00705966
29.04 0.013064
29.05 0.0157465
29.06 0.0147008
29.07 0.0105831
29.08 0.00473123
29.09 -0.00134214
29.1 -0.00623526
29.11 -0.00889106
29.12 -0.00870866
29.13 -0.00567872
29.14 -0.000538001
29.15 0.00539804
29.16 0.0105714
29.17 0.0134361
29.18 0.0128097
29.19 0.0084845
29.2 0.00146077
29.21 -0.00646455
29.22 -0.013455
29.23 -0.018048
29.24 -0.0191505
29.25 -0.0164895
29.26 -0.0108996
29.27 -0.00390862
29.28 0.00274356
29.29 0.00741006
29.3 0.0089426
29.31 0.0070585
29.32 0.00246502
29.33 -0.00344509
29.34 -0.00906888
29.35 -0.0130542
29.36 -0.0145509
29.37 -0.013332
29.38 -0.00992109
29.39 -0.0052928
29.4 -0.000459433
29.41 0.00371106
29.42 0.00655494
29.43 0.0076164
29.44 0.00673751
29.45 0.00418123
29.46 0.000551325
29.47 -0.00345689
29.48 -0.00722168
29.49 -0.0101915
29.5 -0.0118943
29.51 -0.0121115
29.52 -0.0109001
29.53 -0.00842709
29.54 -0.00499953
29.55 -0.00111351
29.56 0.00266796
29.57 0.00576731
29.58 0.00762085
29.59 0.00785831
29.6 0.00655695
29.61 0.00423706
29.62 0.00162977
29.63 -0.000551669
29.64 -0.00173958
29.65 -0.00153033
29.66 0.000300603
29.67 0.00358036
29.68 0.00755013
29.69 0.0110003
29.7 0.0126844
29.71 0.0118636
29.72 0.00861883
29.73 0.00379404
29.74 -0.00139607
29.75 -0.00574475
29.76 -0.00837203
29.77 -0.0088672
29.78 -0.00733386
29.79 -0.00453551
29.8 -0.00162311
29.81 0.000410479
29.82 0.000990389
29.83 -2.2187e-05
29.84 -0.00235343
29.85 -0.0053633
29.86 -0.008188
29.87 -0.00998882
29.88 -0.0102203
29.89 -0.0087482
29.9 -0.00584847
29.91 -0.00219667
29.92 0.00138449
29.93 0.00413909
29.94 0.00551639
29.95 0.00533188
29.96 0.00380795
29.97 0.00148413
29.98 -0.00109905
29.99 -0.00353626
30 -0.00547192
30.01 -0.00659611
30.02 -0.00680112
30.03 -0.00633285
30.04 -0.00562055
30.05 -0.00498485
30.06 -0.00446542
30.07 -0.00377801
30.08 -0.00254401
30.09 -0.000615221
30.1 0.00180298
30.11 0.00413744
30.12 0.00563088
30.13 0.0057239
30.14 0.0043562
30.15 0.00197693
30.16 -0.000773774
30.17 -0.00332189
30.18 -0.00520675
30.19 -0.00606768
30.2 -0.00570519
30.21 -0.00420586
30.22 -0.00191298
30.23 0.000754866
30.24 0.00334035
30.25 0.00533103
30.26 0.00627959
30.27 0.00598165
30.28 0.00457752
30.29 0.00249643
30.3 0.000300075
30.31 -0.001555
30.32 -0.00281275
30.33 -0.0033712
30.34 -0.00326573
30.35 -0.00265271
30.36 -0.00176696
30.37 -0.000848603
30.38 -9.61413e-05
30.39 0.000329579
30.4 0.000302512
30.41 -0.000237278
30.42 -0.00127081
30.43 -0.0026863
30.44 -0.00427818
30.45 -0.00577178
30.46 -0.00682831
30.47 -0.00707499
30.48 -0.00620172
30.49 -0.00413418
30.5 -0.0011852
30.51 0.00203308
30.52 0.00475893
30.53 0.00628376
30.54 0.00625418
30.55 0.00484183
30.56 0.00260315
30.57 0.000114538
30.58 -0.00227641
30.59 -0.00435819
30.6 -0.00586676
30.61 -0.0065071
30.62 -0.00611056
30.63 -0.00469893
30.64 -0.00244708
30.65 0.000415376
30.66 0.00356074
30.67 0.00644691
30.68 0.00836055
30.69 0.00865866
30.7 0.00711842
30.71 0.0040853
30.72 0.000342594
30.73 -0.00322029
30.74 -0.00588319
30.75 -0.00714618
30.76 -0.00673823
30.77 -0.00473274
30.78 -0.00159061
30.79 0.00201645
30.8 0.00527682
30.81 0.0073038
30.82 0.00742041
30.83 0.00550874
30.84 0.00209925
30.85 -0.0019854
30.86 -0.00591514
30.87 -0.00893883
30.88 -0.0104084
30.89 -0.00992222
30.9 -0.0075616
30.91 -0.00383999
30.92 0.00049053
30.93 0.00451478
30.94 0.00730016
30.95 0.00811267
30.96 0.00665006
30.97 0.00324053
30.98 -0.00132804
30.99 -0.00602004
31 -0.00976575
31.01 -0.011644
31.02 -0.0111018
31.03 -0.00833517
31.04 -0.00419455
31.05 0.000262985
31.06 0.00405311
31.07 0.00645041
31.08 0.00709389
31.09 0.00604652
31.1 0.00378027
31.11 0.000972208
31.12 -0.00176563
31.13 -0.0039217
31.14 -0.0050129
31.15 -0.00468302
31.16 -0.00293705
31.17 -0.000219772
31.18 0.00268917
31.19 0.00484435
31.2 0.00539563
31.21 0.00393998
31.22 0.000799609
31.23 -0.00316659
31.24 -0.00692101
31.25 -0.0094683
31.26 -0.0100174
31.27 -0.00825354
31.28 -0.0045686
31.29 0.000154879
31.3 0.00482643
31.31 0.00840127
31.32 0.0101034
31.33 0.00960316
31.34 0.00719187
31.35 0.00358207
31.36 -0.000444074
31.37 -0.00420095
31.38 -0.00711953
31.39 -0.00868072
31.4 -0.00847568
31.41 -0.00643276
31.42 -0.00294314
31.43 0.00126503
31.44 0.00521079
31.45 0.00785583
31.46 0.0084482
31.47 0.00680561
31.48 0.00344228
31.49 -0.000718395
31.5 -0.00468255
31.51 -0.00759428
31.52 -0.00880282
31.53 -0.00797124
31.54 -0.00536749
31.55 -0.00178039
31.56 0.0018804
31.57 0.00477856
31.58 0.00623422
31.59 0.00589198
31.6 0.00391016
31.61 0.000899453
31.62 -0.00241569
31.63 -0.00540521
31.64 -0.00751955
31.65 -0.00827926
31.66 -0.00744426
31.67 -0.00515284
31.68 -0.00186727
31.69 0.00176119
31.7 0.00491716
31.71 0.00674509
31.72 0.00666928
31.73 0.00466391
31.74 0.00130334
31.75 -0.00253616
31.76 -0.00596032
31.77 -0.00816553
31.78 -0.00852508
31.79 -0.00681568
31.8 -0.003404
31.81 0.000989242
31.82 0.00544413
31.83 0.00893042
31.84 0.0105026
31.85 0.00957121
31.86 0.00622648
31.87 0.00122128
31.88 -0.00429454
31.89 -0.009069
31.9 -0.0119713
31.91 -0.0122052
31.92 -0.00971366
31.93 -0.00527406
31.94 -6.95336e-05
31.95 0.00469272
31.96 0.00801748
31.97 0.00923026
31.98 0.00809801
31.99 0.00501765
32 0.000895728
32.01 -0.00318339
32.02 -0.00620931
32.03 -0.0073845
32.04 -0.00631873
32.05 -0.00334685
32.06 0.000616053
32.07 0.00445687
32.08 0.00721406
32.09 0.00822733
32.1 0.00721021
32.11 0.00448234
32.12 0.000855969
32.13 -0.00272013
32.14 -0.00536786
32.15 -0.00637484
32.16 -0.00538557
32.17 -0.00271838
32.18 0.000794722
32.19 0.00416579
32.2 0.00654483
32.21 0.00743885
32.22 0.00677647
32.23 0.00494284
32.24 0.00252748
32.25 6.78883e-06
32.26 -0.00235103
32.27 -0.00432904
32.28 -0.00559169
32.29 -0.00575409
32.3 -0.00457468
32.31 -0.00217519
32.32 0.000956838
32.33 0.00404502
32.34 0.00621515
32.35 0.00682952
32.36 0.00573978
32.37 0.003367
32.38 0.00046022
32.39 -0.00228709
32.4 -0.00438254
32.41 -0.00546308
32.42 -0.00528529
32.43 -0.00386502
32.44 -0.00151231
32.45 0.00133551
32.46 0.00412939
32.47 0.00619869
32.48 0.00695245
32.49 0.0061495
32.5 0.00401915
32.51 0.00114886
32.52 -0.00179319
32.53 -0.00418225
32.54 -0.00545706
32.55 -0.00523505
32.56 -0.00348822
32.57 -0.000635584
32.58 0.00256256
32.59 0.00516764
32.6 0.00630946
32.61 0.00556857
32.62 0.0032764
32.63 0.000351274
32.64 -0.00225275
32.65 -0.00392417
32.66 -0.0043869
32.67 -0.00358019
32.68 -0.00169306
32.69 0.000946688
32.7 0.00389714
32.71 0.00655818
32.72 0.00830415
32.73 0.00866567
32.74 0.00748727
32.75 0.00487728
32.76 0.0011394
32.77 -0.00326198
32.78 -0.00766905
32.79 -0.0112205
32.8 -0.0130215
32.81 -0.0125037
32.82 -0.00975997
32.83 -0.00548431
32.84 -0.000688962
32.85 0.00359779
32.86 0.00654615
32.87 0.0076051
32.88 0.00662378
32.89 0.0040071
32.9 0.000605265
32.91 -0.00265922
32.92 -0.0050466
32.93 -0.00601916
32.94 -0.00526112
32.95 -0.00287143
32.96 0.000680823
32.97 0.00463365
32.98 0.00800571
32.99 0.00980924
33 0.00936594
33.01 0.00672123
33.02 0.00264762
33.03 -0.00181516
33.04 -0.00573162
33.05 -0.00847176
33.06 -0.00972809
33.07 -0.00946573
33.08 -0.00786527
33.09 -0.00515269
33.1 -0.00161696
33.11 0.00233904
33.12 0.00613155
33.13 0.00902813
33.14 0.0104061
33.15 0.0100202
33.16 0.00812391
33.17 0.00530176
33.18 0.00221759
33.19 -0.000645461
33.2 -0.00307835
33.21 -0.00500066
33.22 -0.00628488
33.23 -0.00671967
33.24 -0.00617007
33.25 -0.00466473
33.26 -0.00237259
33.27 0.000452471
33.28 0.00343662
33.29 0.00603049
33.3 0.0075959
33.31 0.00762035
33.32 0.00598589
33.33 0.00304939
33.34 -0.000535777
33.35 -0.00402249
33.36 -0.00672173
33.37 -0.00807497
33.38 -0.00774941
33.39 -0.00581096
33.4 -0.00269018
33.41 0.00107515
33.42 0.00487923
33.43 0.00801781
33.44 0.00978722
33.45 0.00966697
33.46 0.00752982
33.47 0.00371109
33.48 -0.00105118
33.49 -0.00568114
33.5 -0.00901618
33.51 -0.0101172
33.52 -0.00857001
33.53 -0.0047745
33.54 0.000304646
33.55 0.00552494
33.56 0.00982808
33.57 0.0123549
33.58 0.0125385
33.59 0.0103866
33.6 0.00642569
33.61 0.00150646
33.62 -0.00336478
33.63 -0.00717892
33.64 -0.00909256
33.65 -0.00865432
33.66 -0.00599906
33.67 -0.00189305
33.68 0.00264084
33.69 0.00661691
33.7 0.00911721
33.71 0.00938402
33.72 0.00711962
33.73 0.00276962
33.74 -0.00265646
33.75 -0.00790606
33.76 -0.0117834
33.77 -0.0133488
33.78 -0.0121859
33.79 -0.00866459
33.8 -0.0036645
33.81 0.00186211
33.82 0.00695152
33.83 0.01068
33.84 0.0123344
33.85 0.0116081
33.86 0.00874825
33.87 0.00445976
33.88 -0.00030293
33.89 -0.00455968
33.9 -0.007539
33.91 -0.00875058
33.92 -0.00801538
33.93 -0.00562164
33.94 -0.00225798
33.95 0.00134605
33.96 0.00453499
33.97 0.00671354
33.98 0.00748198
33.99 0.00683313
34 0.00519443
34.01 0.00320631
34.02 0.00151533
34.03 0.000636939
34.04 0.000845529
34.05 0.00217783
34.06 0.0044027
34.07 0.00697108
34.08 0.0091026
34.09 0.00996807
34.1 0.00894988
34.11 0.00594669
34.12 0.00153655
34.13 -0.00323734
34.14 -0.00725189
34.15 -0.00960477
34.16 -0.00976818
34.17 -0.00775076
34.18 -0.00415334
34.19 0.000142754
34.2 0.00419395
34.21 0.00709768
34.22 0.00816047
34.23 0.00715114
34.24 0.00451131
34.25 0.0011181
34.26 -0.0021838
34.27 -0.00476471
34.28 -0.00615177
34.29 -0.00604745
34.3 -0.00451771
34.31 -0.00202446
34.32 0.000851017
34.33 0.00353374
34.34 0.00542324
34.35 0.00596204
34.36 0.00483172
34.37 0.00214746
34.38 -0.00162411
34.39 -0.00574219
34.4 -0.00929455
34.41 -0.011379
34.42 -0.0113491
34.43 -0.00910558
34.44 -0.00507131
34.45 -3.1786e-05
34.46 0.00492402
34.47 0.00857821
34.48 0.00985695
34.49 0.008201
34.5 0.00393584
34.51 -0.00189931
34.52 -0.00789066
34.53 -0.0126444
34.54 -0.0150148
34.55 -0.0142498
34.56 -0.0104069
34.57 -0.00430691
34.58 0.00280907
34.59 0.00936768
34.6 0.0137196
34.61 0.0145855
34.62 0.0115715
34.63 0.00543864
34.64 -0.00230124
34.65 -0.00985375
34.66 -0.0156126
34.67 -0.0183684
34.68 -0.0174852
34.69 -0.0133353
34.7 -0.00704689
34.71 -4.02612e-06
34.72 0.00633362
34.73 0.0106712
34.74 0.0120988
34.75 0.0103439
34.76 0.00601107
34.77 0.000379515
34.78 -0.00508306
34.79 -0.00918837
34.8 -0.0111487
34.81 -0.0105245
34.82 -0.00745235
34.83 -0.00264076
34.84 0.00295083
34.85 0.00823537
34.86 0.0120794
34.87 0.0135542
34.88 0.0123527
34.89 0.00896323
34.9 0.00440816
34.91 -8.83536e-05
34.92 -0.00348499
34.93 -0.00523886
34.94 -0.00533137
34.95 -0.00414428
34.96 -0.0023578
34.97 -0.000684883
34.98 0.000458306
34.99 0.000988099
35 0.00101293
35.01 0.000734387
35.02 0.000363568
35.03 1.28669e-05
35.04 -0.000324331
35.05 -0.000678365
35.06 -0.000986594
35.07 -0.00105308
35.08 -0.00065116
35.09 0.000324302
35.1 0.0017322
35.11 0.00317043
35.12 0.00416353
35.13 0.00440262
35.14 0.00383128
35.15 0.00257751
35.16 0.000861468
35.17 -0.00110328
35.18 -0.00305618
35.19 -0.00460265
35.2 -0.00532145
35.21 -0.00497409
35.22 -0.00366416
35.23 -0.00180834
35.24 7.07381e-05
35.25 0.00151101
35.26 0.00214964
35.27 0.0017944
35.28 0.000530341
35.29 -0.00135884
35.3 -0.00347626
35.31 -0.00535294
35.32 -0.00652339
35.33 -0.00658292
35.34 -0.00527079
35.35 -0.00257027
35.36 0.00125977
35.37 0.00553575
35.38 0.00919149
35.39 0.0111555
35.4 0.0107885
35.41 0.00816733
35.42 0.00394741
35.43 -0.00102616
35.44 -0.00592378
35.45 -0.0100128
35.46 -0.012631
35.47 -0.0132541
35.48 -0.011791
35.49 -0.00860758
35.5 -0.00434527
35.51 0.000233806
35.52 0.00431261
35.53 0.00706071
35.54 0.0077382
35.55 0.00596196
35.56 0.00212372
35.57 -0.00268786
35.58 -0.00705781
35.59 -0.00964034
35.6 -0.0094893
35.61 -0.00639508
35.62 -0.00116013
35.63 0.00474724
35.64 0.00977981
35.65 0.0126458
35.66 0.0125253
35.67 0.00938558
35.68 0.00403068
35.69 -0.00233012
35.7 -0.00837454
35.71 -0.0128286
35.72 -0.0145578
35.73 -0.0129052
35.74 -0.00821269
35.75 -0.00170121
35.76 0.00495197
35.77 0.0100347
35.78 0.0121912
35.79 0.0107666
35.8 0.00618085
35.81 -0.000221342
35.82 -0.00666737
35.83 -0.0115154
35.84 -0.0134925
35.85 -0.0118303
35.86 -0.00684422
35.87 0.000105416
35.88 0.00711816
35.89 0.0123166
35.9 0.0142346
35.91 0.0121154
35.92 0.00647374
35.93 -0.00109754
35.94 -0.00853202
35.95 -0.0139736
35.96 -0.0160809
35.97 -0.0141449
35.98 -0.00865439
35.99 -0.00103492
36 0.00695422
36.01 0.0135875
36.02 0.0174331
36.03 0.017521
36.04 0.013781
36.05 0.00708218
36.06 -0.00109725
36.07 -0.00887529
36.08 -0.0144325
36.09 -0.0163926
36.1 -0.0141639
36.11 -0.0084116
36.12 -0.000854071
36.13 0.00633862
36.14 0.0112191
36.15 0.0124819
36.16 0.00969057
36.17 0.00370537
36.18 -0.00364492
36.19 -0.0102767
36.2 -0.0144552
36.21 -0.0150074
36.22 -0.0114466
36.23 -0.00442218
36.24 0.00456197
36.25 0.0136178
36.26 0.0210474
36.27 0.0257478
36.28 0.0269946
36.29 0.0244482
36.3 0.018181
36.31 0.00873049
36.32 -0.00273408
36.33 -0.0139739
36.34 -0.0227997
36.35 -0.0283984
36.36 -0.0305046
36.37 -0.0289313
36.38 -0.0239936
36.39 -0.0162967
36.4 -0.00650347
36.41 0.00439556
36.42 0.0150464
36.43 0.0244584
36.44 0.0321817
36.45 0.0376745
36.46 0.0405664
36.47 0.0410998
36.48 0.0395444
36.49 0.0357004
36.5 0.0294145
36.51 0.0212511
36.52 0.0121875
36.53 0.00288318
36.54 -0.00582002
36.55 -0.013146
36.56 -0.0188564
36.57 -0.0225302
36.58 -0.0231795
36.59 -0.0201315
36.6 -0.0139205
36.61 -0.00564764
36.62 0.00373336
36.63 0.0127274
36.64 0.0204759
36.65 0.0272261
36.66 0.0328011
36.67 0.0358898
36.68 0.0351136
36.69 0.0307551
36.7 0.0238677
36.71 0.0147738
36.72 0.003013
36.73 -0.0106675
36.74 -0.0246434
