0.01 6.83196e-07
0.02 1.23916e-06
0.03 -1.58118e-06
0.04 -9.44042e-06
0.05 -2.01372e-05
0.06 -2.96532e-05
0.07 -3.61829e-05
0.08 -4.29102e-05
0.09 -5.52474e-05
0.1 -7.26602e-05
0.11 -8.33878e-05
0.12 -7.08961e-05
0.13 -2.87406e-05
0.14 3.08719e-05
0.15 8.38599e-05
0.16 0.000109393
0.17 0.00010014
0.18 6.22699e-05
0.19 1.02224e-05
0.2 -3.71456e-05
0.21 -6.04801e-05
0.22 -4.87795e-05
0.23 -8.68838e-06
0.24 3.66463e-05
0.25 6.15304e-05
0.26 5.38653e-05
0.27 2.11878e-05
0.28 -1.55633e-05
0.29 -3.46949e-05
0.3 -2.6588e-05
0.31 -1.15375e-06
0.32 1.61131e-05
0.33 1.04724e-06
0.34 -4.85506e-05
0.35 -0.000105021
0.36 -0.000125974
0.37 -8.4393e-05
0.38 9.41122e-06
0.39 0.000112606
0.4 0.000177951
0.41 0.000182397
0.42 0.000135794
0.43 6.90197e-05
0.44 1.49021e-05
0.45 -6.59896e-06
0.46 4.24459e-06
0.47 2.71263e-05
0.48 3.12024e-05
0.49 -6.28953e-06
0.5 -8.11325e-05
0.51 -0.000158501
0.52 -0.000192453
0.53 -0.000156529
0.54 -6.19408e-05
0.55 4.9606e-05
0.56 0.000130347
0.57 0.000150155
0.58 0.000108207
0.59 3.0934e-05
0.6 -4.16265e-05
0.61 -7.55873e-05
0.62 -5.95431e-05
0.63 -9.07078e-06
0.64 4.22176e-05
0.65 7.07251e-05
0.66 6.10562e-05
0.67 5.27722e-06
0.68 -7.11403e-05
0.69 -0.000118194
0.7 -9.88366e-05
0.71 -1.58855e-05
0.72 8.75072e-05
0.73 0.000154795
0.74 0.000152214
0.75 8.82021e-05
0.76 2.80771e-06
0.77 -6.17492e-05
0.78 -8.51051e-05
0.79 -7.2993e-05
0.8 -4.56866e-05
0.81 -2.23924e-05
0.82 -1.09511e-05
0.83 -7.27989e-06
0.84 -2.11503e-06
0.85 1.16481e-05
0.86 3.45955e-05
0.87 5.91353e-05
0.88 7.21784e-05
0.89 6.39491e-05
0.9 3.62315e-05
0.91 2.47917e-07
0.92 -3.34224e-05
0.93 -6.02049e-05
0.94 -7.72763e-05
0.95 -7.88489e-05
0.96 -5.97897e-05
0.97 -2.3084e-05
0.98 1.92461e-05
0.99 5.28334e-05
1 6.74352e-05
1.01 5.90515e-05
1.02 2.99845e-05
1.03 -1.11202e-05
1.04 -4.95918e-05
1.05 -6.76865e-05
1.06 -5.29501e-05
1.07 -9.14603e-06
1.08 4.03563e-05
1.09 6.45562e-05
1.1 4.68628e-05
1.11 -1.26598e-07
1.12 -4.13169e-05
1.13 -4.39744e-05
1.14 -1.82887e-06
1.15 5.98511e-05
1.16 0.000101065
1.17 9.35301e-05
1.18 3.99663e-05
1.19 -2.64661e-05
1.2 -6.41122e-05
1.21 -5.21953e-05
1.22 -6.00846e-06
1.23 3.41052e-05
1.24 3.20503e-05
1.25 -1.81785e-05
1.26 -8.81443e-05
1.27 -0.000133374
1.28 -0.000120754
1.29 -4.7446e-05
1.3 5.84782e-05
1.31 0.000152992
1.32 0.000196108
1.33 0.000168133
1.34 7.88127e-05
1.35 -3.34175e-05
1.36 -0.000116134
1.37 -0.000130307
1.38 -7.6144e-05
1.39 3.88974e-06
1.4 5.24945e-05
1.41 3.74911e-05
1.42 -2.53724e-05
1.43 -8.35214e-05
1.44 -8.52056e-05
1.45 -1.80994e-05
1.46 7.93288e-05
1.47 0.000143401
1.48 0.000129793
1.49 4.50777e-05
1.5 -5.72047e-05
1.51 -0.000112892
1.52 -8.98176e-05
1.53 -6.8357e-06
1.54 8.20108e-05
1.55 0.000123383
1.56 9.45747e-05
1.57 1.12046e-05
1.58 -8.60695e-05
1.59 -0.000153315
1.6 -0.000161064
1.61 -0.000103156
1.62 1.73231e-06
1.63 0.000113992
1.64 0.000184844
1.65 0.000178087
1.66 9.30872e-05
1.67 -2.89407e-05
1.68 -0.000125667
1.69 -0.000150086
1.7 -9.70153e-05
1.71 -3.22886e-06
1.72 7.535e-05
1.73 9.54607e-05
1.74 5.16089e-05
1.75 -1.97273e-05
1.76 -6.23111e-05
1.77 -3.77868e-05
1.78 4.50645e-05
1.79 0.000130908
1.8 0.000152556
1.81 7.94463e-05
1.82 -5.60046e-05
1.83 -0.000177134
1.84 -0.000213653
1.85 -0.000145665
1.86 -1.2309e-05
1.87 0.000114784
1.88 0.000172358
1.89 0.000136873
1.9 3.29721e-05
1.91 -8.10299e-05
1.92 -0.00014308
1.93 -0.00012027
1.94 -2.75147e-05
1.95 8.11879e-05
1.96 0.000145725
1.97 0.000135952
1.98 6.6593e-05
1.99 -1.61677e-05
2 -6.31989e-05
2.01 -4.92502e-05
2.02 1.24186e-05
2.03 7.5333e-05
2.04 8.69963e-05
2.05 2.45556e-05
2.06 -8.64919e-05
2.07 -0.000186854
2.08 -0.00022111
2.09 -0.000169971
2.1 -5.64242e-05
2.11 7.16743e-05
2.12 0.000164727
2.13 0.000187141
2.14 0.000127665
2.15 9.19626e-06
2.16 -0.000110432
2.17 -0.000161382
2.18 -0.000104796
2.19 3.38861e-05
2.2 0.000172698
2.21 0.000222947
2.22 0.000147325
2.23 -1.37756e-05
2.24 -0.000164741
2.25 -0.000212317
2.26 -0.000124872
2.27 4.23556e-05
2.28 0.000175955
2.29 0.000175554
2.3 2.44258e-05
2.31 -0.000190585
2.32 -0.000329686
2.33 -0.000291267
2.34 -8.17269e-05
2.35 0.000184481
2.36 0.000354428
2.37 0.000329844
2.38 0.000125539
2.39 -0.000140281
2.4 -0.000315999
2.41 -0.00030472
2.42 -0.000118086
2.43 0.000134737
2.44 0.000312698
2.45 0.000322547
2.46 0.000167766
2.47 -5.89742e-05
2.48 -0.000233219
2.49 -0.000269958
2.5 -0.000166313
2.51 5.20435e-06
2.52 0.000143487
2.53 0.000176611
2.54 9.9113e-05
2.55 -3.04536e-05
2.56 -0.00012954
2.57 -0.000143112
2.58 -7.14795e-05
2.59 4.0125e-05
2.6 0.00013311
2.61 0.000162806
2.62 0.00011274
2.63 4.64219e-07
2.64 -0.000124743
2.65 -0.00019939
2.66 -0.000178477
2.67 -6.48813e-05
2.68 8.72302e-05
2.69 0.000198893
2.7 0.000207864
2.71 0.000104242
2.72 -5.97779e-05
2.73 -0.000196292
2.74 -0.000232545
2.75 -0.000154209
2.76 -1.2036e-05
2.77 0.000109305
2.78 0.000137588
2.79 5.23419e-05
2.8 -9.78609e-05
2.81 -0.000213853
2.82 -0.000201393
2.83 -3.53141e-05
2.84 0.000213953
2.85 0.000415914
2.86 0.000455503
2.87 0.000299235
2.88 1.4921e-05
2.89 -0.000262798
2.9 -0.000402266
2.91 -0.000344682
2.92 -0.0001369
2.93 9.46582e-05
2.94 0.000216753
2.95 0.000164628
2.96 -2.39361e-05
2.97 -0.000230814
2.98 -0.000322048
2.99 -0.000223802
3 2.98495e-05
3.01 0.000309385
3.02 0.000462027
3.03 0.000402116
3.04 0.000162329
3.05 -0.000126331
3.06 -0.000310693
3.07 -0.000300775
3.08 -0.00011828
3.09 0.000116954
3.1 0.000257651
3.11 0.000217495
3.12 2.12454e-05
3.13 -0.000215672
3.14 -0.000360631
3.15 -0.000339492
3.16 -0.000171602
3.17 4.74035e-05
3.18 0.000200925
3.19 0.000216686
3.2 0.000106886
3.21 -4.24377e-05
3.22 -0.000126821
3.23 -8.64145e-05
3.24 6.15206e-05
3.25 0.000234242
3.26 0.000329786
3.27 0.000284334
3.28 0.00010853
3.29 -0.000120193
3.3 -0.000301573
3.31 -0.000361103
3.32 -0.000279709
3.33 -0.000101927
3.34 7.86643e-05
3.35 0.000163679
3.36 0.000111225
3.37 -2.88271e-05
3.38 -0.000142711
3.39 -0.000131111
3.4 1.94928e-05
3.41 0.000225282
3.42 0.000360167
3.43 0.000338053
3.44 0.000167319
3.45 -5.66333e-05
3.46 -0.000213784
3.47 -0.000234169
3.48 -0.000135719
3.49 -3.90881e-06
3.5 6.87787e-05
3.51 4.19199e-05
3.52 -5.18041e-05
3.53 -0.000133888
3.54 -0.000136162
3.55 -4.80501e-05
3.56 7.707e-05
3.57 0.000159173
3.58 0.000144513
3.59 3.8781e-05
3.6 -9.6754e-05
3.61 -0.00017986
3.62 -0.000154094
3.63 -2.50193e-05
3.64 0.000137143
3.65 0.000236874
3.66 0.000212384
3.67 7.332e-05
3.68 -0.0001079
3.69 -0.000240796
3.7 -0.000265121
3.71 -0.000176687
3.72 -2.51489e-05
3.73 0.00010996
3.74 0.000157116
3.75 9.21332e-05
3.76 -4.19339e-05
3.77 -0.000153088
3.78 -0.000153765
3.79 -1.88736e-05
3.8 0.0001896
3.81 0.000351952
3.82 0.000362216
3.83 0.000199298
3.84 -5.1453e-05
3.85 -0.000246902
3.86 -0.000275981
3.87 -0.000130101
3.88 9.16993e-05
3.89 0.000242651
3.9 0.000215644
3.91 1.03711e-05
3.92 -0.000259056
3.93 -0.000428872
3.94 -0.000388304
3.95 -0.000151938
3.96 0.000147486
3.97 0.000338945
3.98 0.000313286
3.99 8.51007e-05
4 -0.000215313
4.01 -0.00041361
4.02 -0.000389251
4.03 -0.000146321
4.04 0.000185671
4.05 0.00042368
4.06 0.00043438
4.07 0.000211003
4.08 -0.000118901
4.09 -0.000362107
4.1 -0.000370416
4.11 -0.000130228
4.12 0.000225788
4.13 0.000495399
4.14 0.000525534
4.15 0.000300118
4.16 -5.37432e-05
4.17 -0.000342394
4.18 -0.000418854
4.19 -0.000266002
4.2 -1.1827e-06
4.21 0.000201696
4.22 0.000222786
4.23 6.74779e-05
4.24 -0.00014679
4.25 -0.000274437
4.26 -0.000236638
4.27 -6.7766e-05
4.28 0.000111956
4.29 0.0001792
4.3 9.22018e-05
4.31 -8.12334e-05
4.32 -0.000212914
4.33 -0.000203341
4.34 -4.55535e-05
4.35 0.000176815
4.36 0.000346262
4.37 0.000378253
4.38 0.000259904
4.39 4.86523e-05
4.4 -0.000161622
4.41 -0.000288581
4.42 -0.000297801
4.43 -0.000207878
4.44 -6.7055e-05
4.45 7.58351e-05
4.46 0.000186635
4.47 0.000246007
4.48 0.000242813
4.49 0.000170578
4.5 3.48036e-05
4.51 -0.000132985
4.52 -0.00027299
4.53 -0.000321299
4.54 -0.000250806
4.55 -9.76055e-05
4.56 5.36356e-05
4.57 0.000120295
4.58 7.44293e-05
4.59 -3.76549e-05
4.6 -0.000123993
4.61 -0.000110946
4.62 -1.5051e-06
4.63 0.000120225
4.64 0.00015087
4.65 5.17433e-05
4.66 -0.000113336
4.67 -0.000219233
4.68 -0.000169915
4.69 2.79099e-05
4.7 0.000260793
4.71 0.000378332
4.72 0.000291065
4.73 3.24529e-05
4.74 -0.0002563
4.75 -0.000410387
4.76 -0.000341461
4.77 -8.95712e-05
4.78 0.000205635
4.79 0.000393007
4.8 0.000398378
4.81 0.00025874
4.82 8.46664e-05
4.83 -2.09515e-05
4.84 -3.14532e-05
4.85 -3.57702e-06
4.86 -1.96102e-05
4.87 -0.000112621
4.88 -0.000234769
4.89 -0.000291309
4.9 -0.000212789
4.91 -1.25748e-05
4.92 0.000211944
4.93 0.000337025
4.94 0.00028907
4.95 8.79243e-05
4.96 -0.000166739
4.97 -0.000350981
4.98 -0.000380671
4.99 -0.000253346
5 -4.69726e-05
5.01 0.000127818
5.02 0.000194793
5.03 0.000152015
5.04 5.83866e-05
5.05 -1.61126e-05
5.06 -3.55327e-05
5.07 -1.05248e-05
5.08 2.06232e-05
5.09 2.39786e-05
5.1 -6.48264e-06
5.11 -4.75054e-05
5.12 -6.47361e-05
5.13 -3.59326e-05
5.14 3.46443e-05
5.15 0.000117942
5.16 0.000176896
5.17 0.000187692
5.18 0.000151317
5.19 8.90257e-05
5.2 2.64529e-05
5.21 -2.32522e-05
5.22 -6.49414e-05
5.23 -0.000108103
5.24 -0.000145335
5.25 -0.000149554
5.26 -0.000102006
5.27 -2.44715e-05
5.28 2.47785e-05
5.29 -1.8474e-06
5.3 -9.12161e-05
5.31 -0.000168261
5.32 -0.00015445
5.33 -3.82129e-05
5.34 0.000108089
5.35 0.000184425
5.36 0.000145821
5.37 4.03556e-05
5.38 -3.12006e-05
5.39 -2.77117e-07
5.4 0.00011292
5.41 0.000216493
5.42 0.000218413
5.43 9.46298e-05
5.44 -9.30824e-05
5.45 -0.000237374
5.46 -0.000254999
5.47 -0.000140602
5.48 3.05376e-05
5.49 0.000152376
5.5 0.000155817
5.51 4.8427e-05
5.52 -9.7317e-05
5.53 -0.000193639
5.54 -0.000188946
5.55 -9.21264e-05
5.56 3.69731e-05
5.57 0.000122647
5.58 0.000119098
5.59 4.32536e-05
5.6 -3.10589e-05
5.61 -2.23516e-05
5.62 9.49839e-05
5.63 0.000259213
5.64 0.000352875
5.65 0.000284884
5.66 6.5366e-05
5.67 -0.000188345
5.68 -0.000325288
5.69 -0.000262104
5.7 -4.12445e-05
5.71 0.000191178
5.72 0.000274327
5.73 0.000135954
5.74 -0.000155291
5.75 -0.000427061
5.76 -0.000509075
5.77 -0.000339655
5.78 -8.21517e-06
5.79 0.00029176
5.8 0.000376609
5.81 0.000190362
5.82 -0.000148867
5.83 -0.000413259
5.84 -0.000407089
5.85 -9.70229e-05
5.86 0.000354712
5.87 0.000682451
5.88 0.000682838
5.89 0.000345877
5.9 -0.000137335
5.91 -0.000493374
5.92 -0.000529927
5.93 -0.000244192
5.94 0.000174624
5.95 0.000446834
5.96 0.000363411
5.97 -7.70063e-05
5.98 -0.000644863
5.99 -0.00100173
6 -0.000900886
6.01 -0.000344856
6.02 0.000398658
6.03 0.00094279
6.04 0.00101098
6.05 0.000606231
6.06 9.56506e-06
6.07 -0.000395663
6.08 -0.000359562
6.09 8.28697e-05
6.1 0.000632002
6.11 0.000904958
6.12 0.000668957
6.13 -1.09389e-05
6.14 -0.000797922
6.15 -0.00127686
6.16 -0.00120751
6.17 -0.000678321
6.18 -5.13798e-05
6.19 0.000274235
6.2 0.000124503
6.21 -0.000338483
6.22 -0.000724553
6.23 -0.000666103
6.24 -5.58927e-05
6.25 0.000868521
6.26 0.0016445
6.27 0.0018443
6.28 0.00132579
6.29 0.000332555
6.3 -0.000628375
6.31 -0.00107584
6.32 -0.000832518
6.33 -0.000119247
6.34 0.000587075
6.35 0.00084062
6.36 0.000483928
6.37 -0.000273432
6.38 -0.0009938
6.39 -0.00127788
6.4 -0.000994474
6.41 -0.000338603
6.42 0.000308495
6.43 0.00061607
6.44 0.000480776
6.45 5.08185e-05
6.46 -0.000383953
6.47 -0.000550442
6.48 -0.000321043
6.49 0.000226677
6.5 0.000837865
6.51 0.00119744
6.52 0.00109533
6.53 0.000553495
6.54 -0.000170082
6.55 -0.000718423
6.56 -0.000838821
6.57 -0.000528032
6.58 -2.70181e-05
6.59 0.000330148
6.6 0.000314119
6.61 -7.34855e-05
6.62 -0.000606586
6.63 -0.000958763
6.64 -0.00087894
6.65 -0.00033521
6.66 0.00044707
6.67 0.00108763
6.68 0.00125727
6.69 0.000876565
6.7 0.000177152
6.71 -0.000431297
6.72 -0.000612078
6.73 -0.000305446
6.74 0.000245246
6.75 0.000653531
6.76 0.000629105
6.77 0.000150319
6.78 -0.000529773
6.79 -0.00104067
6.8 -0.00111053
6.81 -0.000709193
6.82 -4.72535e-05
6.83 0.000548389
6.84 0.000805804
6.85 0.00064229
6.86 0.000202716
6.87 -0.000218386
6.88 -0.000340688
6.89 -6.53772e-05
6.9 0.000452514
6.91 0.000881567
6.92 0.000909158
6.93 0.000442342
6.94 -0.000314064
6.95 -0.00096268
6.96 -0.00114609
6.97 -0.00076488
6.98 -4.38075e-05
6.99 0.000598317
7 0.000797512
7.01 0.000461139
7.02 -0.000180304
7.03 -0.000719553
7.04 -0.000825095
7.05 -0.000437234
7.06 0.000212254
7.07 0.000752805
7.08 0.000891944
7.09 0.000573575
7.1 5.61653e-06
7.11 -0.00045461
7.12 -0.00050671
7.13 -9.91986e-05
7.14 0.0005166
7.15 0.000926437
7.16 0.00080857
7.17 0.000141732
7.18 -0.000765373
7.19 -0.00143905
7.2 -0.00150132
7.21 -0.000879533
7.22 0.000140577
7.23 0.00105348
7.24 0.00140316
7.25 0.00103478
7.26 0.000183957
7.27 -0.000653152
7.28 -0.000999802
7.29 -0.000670933
7.3 0.000116533
7.31 0.000864606
7.32 0.00108927
7.33 0.000621918
7.34 -0.000272496
7.35 -0.00104902
7.36 -0.00122093
7.37 -0.000669187
7.38 0.000276324
7.39 0.00103906
7.4 0.00115567
7.41 0.000566196
7.42 -0.000349216
7.43 -0.00101198
7.44 -0.0010095
7.45 -0.000345814
7.46 0.000576207
7.47 0.00121295
7.48 0.0012014
7.49 0.000551988
7.5 -0.000376419
7.51 -0.00108151
7.52 -0.00118719
7.53 -0.000647935
7.54 0.000215384
7.55 0.000885401
7.56 0.000949495
7.57 0.000357823
7.58 -0.000533921
7.59 -0.00117794
7.6 -0.0011721
7.61 -0.000510041
7.62 0.000409772
7.63 0.00102453
7.64 0.000953353
7.65 0.000235069
7.66 -0.000693583
7.67 -0.00126624
7.68 -0.00112825
7.69 -0.000336732
7.7 0.000690443
7.71 0.00142404
7.72 0.00151207
7.73 0.000952297
7.74 7.49536e-05
7.75 -0.000641568
7.76 -0.000828393
7.77 -0.000426001
7.78 0.000285679
7.79 0.000852609
7.8 0.000913192
7.81 0.000404395
7.82 -0.000408195
7.83 -0.00108216
7.84 -0.00124538
7.85 -0.000808978
7.86 -2.49524e-05
7.87 0.000661397
7.88 0.000875512
7.89 0.000533746
7.9 -0.00011568
7.91 -0.000655804
7.92 -0.000751721
7.93 -0.000337711
7.94 0.000351643
7.95 0.000916405
7.96 0.00102005
7.97 0.000587072
7.98 -0.000146281
7.99 -0.000767043
8 -0.000932386
8.01 -0.000578299
8.02 4.10371e-05
8.03 0.000511635
8.04 0.000521986
8.05 6.74596e-05
8.06 -0.000536838
8.07 -0.000853648
8.08 -0.000610543
8.09 0.000112332
8.1 0.000920294
8.11 0.00134296
8.12 0.00112129
8.13 0.000369224
8.14 -0.000485302
8.15 -0.000950925
8.16 -0.000773012
8.17 -9.86691e-05
8.18 0.000608468
8.19 0.000861193
8.2 0.000462607
8.21 -0.000363749
8.22 -0.00110934
8.23 -0.0012939
8.24 -0.000762645
8.25 0.000213723
8.26 0.00109672
8.27 0.00139854
8.28 0.000970775
8.29 9.26445e-05
8.3 -0.000695557
8.31 -0.000918352
8.32 -0.000453315
8.33 0.000395371
8.34 0.00108266
8.35 0.00115246
8.36 0.000511535
8.37 -0.000512539
8.38 -0.00135881
8.39 -0.0015555
8.4 -0.000993765
8.41 1.7791e-06
8.42 0.000858387
8.43 0.00109293
8.44 0.000594336
8.45 -0.000316616
8.46 -0.00107912
8.47 -0.00121752
8.48 -0.000613703
8.49 0.000423346
8.5 0.00133114
8.51 0.00161581
8.52 0.00113843
8.53 0.000195289
8.54 -0.000659835
8.55 -0.000946648
8.56 -0.00054098
8.57 0.000259727
8.58 0.00092334
8.59 0.00100924
8.6 0.0004383
8.61 -0.00046016
8.62 -0.00115832
8.63 -0.00126185
8.64 -0.000744906
8.65 5.80946e-05
8.66 0.000680157
8.67 0.000807263
8.68 0.000445223
8.69 -0.000114368
8.7 -0.000486914
8.71 -0.000423643
8.72 4.96446e-05
8.73 0.000654131
8.74 0.00102543
8.75 0.000929873
8.76 0.000401714
8.77 -0.000278373
8.78 -0.00074835
8.79 -0.000776207
8.8 -0.000393081
8.81 0.000133456
8.82 0.000469384
8.83 0.000416622
8.84 2.02989e-05
8.85 -0.000476301
8.86 -0.000784508
8.87 -0.000730602
8.88 -0.000337585
8.89 0.000199059
8.9 0.000613715
8.91 0.000702642
8.92 0.000431674
8.93 -3.59418e-05
8.94 -0.000421126
8.95 -0.000486503
8.96 -0.000180328
8.97 0.000322857
8.98 0.000715973
8.99 0.000736971
9 0.000327569
9.01 -0.000321884
9.02 -0.000874737
9.03 -0.00104139
9.04 -0.000746589
9.05 -0.000169408
9.06 0.000363771
9.07 0.000565051
9.08 0.000342597
9.09 -0.000153426
9.1 -0.000615748
9.11 -0.000747712
9.12 -0.000429234
9.13 0.00020504
9.14 0.000828726
9.15 0.00110563
9.16 0.000886482
9.17 0.000297309
9.18 -0.000336269
9.19 -0.000679692
9.2 -0.000576196
9.21 -0.000121916
9.22 0.000403762
9.23 0.00070234
9.24 0.000618527
9.25 0.000213165
9.26 -0.000287266
9.27 -0.000625867
9.28 -0.00065011
9.29 -0.000375834
9.3 3.54414e-05
9.31 0.000359833
9.32 0.000420737
9.33 0.000187717
9.34 -0.000188261
9.35 -0.000446728
9.36 -0.000376647
9.37 3.18156e-05
9.38 0.000553501
9.39 0.000853861
9.4 0.000701082
9.41 0.000122276
9.42 -0.000601984
9.43 -0.00109712
9.44 -0.00110311
9.45 -0.000613242
9.46 0.000120655
9.47 0.000712761
9.48 0.000841041
9.49 0.000426473
9.5 -0.00030525
9.51 -0.000931345
9.52 -0.00106508
9.53 -0.000587072
9.54 0.00026613
9.55 0.00102399
9.56 0.00125585
9.57 0.000835857
9.58 3.11247e-05
9.59 -0.00065704
9.6 -0.000802594
9.61 -0.000327684
9.62 0.000438993
9.63 0.000973249
9.64 0.00089452
9.65 0.000207556
9.66 -0.000699484
9.67 -0.00128755
9.68 -0.00118641
9.69 -0.000420593
9.7 0.000589389
9.71 0.00126342
9.72 0.00120744
9.73 0.000459075
9.74 -0.000529821
9.75 -0.00117046
9.76 -0.00109793
9.77 -0.000386115
9.78 0.000512805
9.79 0.00105567
9.8 0.000937814
9.81 0.000265824
9.82 -0.000523095
9.83 -0.000940048
9.84 -0.000746713
9.85 -9.32689e-05
9.86 0.000588914
9.87 0.000864027
9.88 0.000559667
9.89 -0.000135105
9.9 -0.000789231
9.91 -0.00098738
9.92 -0.000577716
9.93 0.000228982
9.94 0.000973824
9.95 0.00122274
9.96 0.000834783
9.97 5.07995e-05
9.98 -0.000661186
9.99 -0.000901638
10 -0.000576824
10.01 6.8698e-05
10.02 0.000622196
10.03 0.000753855
10.04 0.000402259
10.05 -0.000201786
10.06 -0.000681787
10.07 -0.000746534
10.08 -0.000365842
10.09 0.000218282
10.1 0.000649146
10.11 0.000674194
10.12 0.000287642
10.13 -0.000277655
10.14 -0.000690926
10.15 -0.000710456
10.16 -0.000313482
10.17 0.000296832
10.18 0.000803284
10.19 0.000939581
10.2 0.000625382
10.21 9.57025e-06
10.22 -0.000604196
10.23 -0.000918773
10.24 -0.000807891
10.25 -0.000383919
10.26 7.91729e-05
10.27 0.000317292
10.28 0.000230179
10.29 -7.47175e-05
10.3 -0.000365313
10.31 -0.000433321
10.32 -0.000213221
10.33 0.000193904
10.34 0.000589648
10.35 0.000784721
10.36 0.000684947
10.37 0.000330453
10.38 -0.000117755
10.39 -0.000444574
10.4 -0.000485118
10.41 -0.000220752
10.42 0.000193216
10.43 0.000502231
10.44 0.000500721
10.45 0.000166525
10.46 -0.000312155
10.47 -0.00064789
10.48 -0.000636586
10.49 -0.000289216
10.5 0.00017689
10.51 0.000479281
10.52 0.000445694
10.53 0.000110439
10.54 -0.000317436
10.55 -0.000581264
10.56 -0.000520768
10.57 -0.000157955
10.58 0.000316342
10.59 0.00064808
10.6 0.000660229
10.61 0.000349795
10.62 -0.000108198
10.63 -0.000450445
10.64 -0.000467391
10.65 -0.000128257
10.66 0.000384026
10.67 0.00076501
10.68 0.000769161
10.69 0.000367921
10.7 -0.000224571
10.71 -0.000678396
10.72 -0.000740724
10.73 -0.000375614
10.74 0.000217551
10.75 0.000706976
10.76 0.000804866
10.77 0.000435976
10.78 -0.000198057
10.79 -0.000717538
10.8 -0.000786091
10.81 -0.000321685
10.82 0.000438682
10.83 0.00106634
10.84 0.00118648
10.85 0.000699257
10.86 -0.000152051
10.87 -0.000911964
10.88 -0.00117338
10.89 -0.000815107
10.9 -7.12517e-05
10.91 0.000613985
10.92 0.000858353
10.93 0.000568411
10.94 -2.02189e-05
10.95 -0.000505167
10.96 -0.000569137
10.97 -0.000163858
10.98 0.000474156
10.99 0.000972288
11 0.00104215
11.01 0.000645397
11.02 1.22457e-05
11.03 -0.000497998
11.04 -0.000610276
11.05 -0.000295083
11.06 0.000218737
11.07 0.000589337
11.08 0.000573641
11.09 0.000173809
11.1 -0.00036884
11.11 -0.000725045
11.12 -0.000679725
11.13 -0.000262845
11.14 0.000269852
11.15 0.000595101
11.16 0.000521732
11.17 0.000109473
11.18 -0.000364276
11.19 -0.000572742
11.2 -0.000346453
11.21 0.000208571
11.22 0.000761836
11.23 0.000954522
11.24 0.000624302
11.25 -7.87208e-05
11.26 -0.000765244
11.27 -0.00103752
11.28 -0.000740904
11.29 -7.29866e-05
11.3 0.000531481
11.31 0.000675971
11.32 0.000262667
11.33 -0.000435351
11.34 -0.000947067
11.35 -0.000914872
11.36 -0.000336394
11.37 0.000430802
11.38 0.00091004
11.39 0.000826203
11.4 0.00028164
11.41 -0.000329196
11.42 -0.000596619
11.43 -0.000367748
11.44 0.000167743
11.45 0.000623115
11.46 0.000677743
11.47 0.000277351
11.48 -0.000347431
11.49 -0.000836601
11.5 -0.000921903
11.51 -0.000580667
11.52 -3.85472e-05
11.53 0.000374157
11.54 0.000422816
11.55 0.000102342
11.56 -0.000373721
11.57 -0.000713069
11.58 -0.000719414
11.59 -0.000397176
11.6 6.55491e-05
11.61 0.00041555
11.62 0.000483218
11.63 0.000275956
11.64 -3.91865e-05
11.65 -0.000249912
11.66 -0.000231656
11.67 -1.7312e-05
11.68 0.000229011
11.69 0.000315036
11.7 0.00014697
11.71 -0.000194656
11.72 -0.000491814
11.73 -0.000531348
11.74 -0.000258905
11.75 0.00017172
11.76 0.000493521
11.77 0.000497875
11.78 0.000168351
11.79 -0.000305131
11.8 -0.000639073
11.81 -0.000628499
11.82 -0.000274777
11.83 0.000210402
11.84 0.000532516
11.85 0.00049896
11.86 0.000145686
11.87 -0.000279622
11.88 -0.000474571
11.89 -0.000281172
11.9 0.000204486
11.91 0.000686924
11.92 0.000856171
11.93 0.000583781
11.94 6.06126e-06
11.95 -0.000556403
11.96 -0.000790992
11.97 -0.000579901
11.98 -6.8363e-05
11.99 0.000425804
12 0.000601405
12.01 0.000349884
12.02 -0.000177008
12.03 -0.00064863
12.04 -0.000750139
12.05 -0.000378371
12.06 0.000287971
12.07 0.000891721
12.08 0.0011047
12.09 0.000810335
12.1 0.000162383
12.11 -0.000501754
12.12 -0.000840098
12.13 -0.000685862
12.14 -0.000140799
12.15 0.000469905
12.16 0.000772318
12.17 0.000563454
12.18 -5.31352e-05
12.19 -0.000711979
12.2 -0.000998606
12.21 -0.000706061
12.22 2.55197e-05
12.23 0.000780512
12.24 0.001115
12.25 0.000830465
12.26 0.000103678
12.27 -0.000609602
12.28 -0.000842307
12.29 -0.000400274
12.3 0.000502699
12.31 0.00134767
12.32 0.00160942
12.33 0.00108639
12.34 5.32912e-05
12.35 -0.000885815
12.36 -0.0011726
12.37 -0.000655137
12.38 0.000312874
12.39 0.00110157
12.4 0.00120446
12.41 0.000547657
12.42 -0.000475673
12.43 -0.0012512
12.44 -0.00131332
12.45 -0.000621491
12.46 0.00041481
12.47 0.00117948
12.48 0.00122109
12.49 0.000525641
12.5 -0.000480047
12.51 -0.00119207
12.52 -0.00118909
12.53 -0.000470752
12.54 0.00055238
12.55 0.00129776
12.56 0.00134092
12.57 0.000656614
12.58 -0.000362722
12.59 -0.0011272
12.6 -0.00119219
12.61 -0.000527706
12.62 0.000454605
12.63 0.00114665
12.64 0.00111618
12.65 0.00037226
12.66 -0.000644081
12.67 -0.00133581
12.68 -0.00131513
12.69 -0.000626838
12.7 0.000303087
12.71 0.000942871
12.72 0.000967919
12.73 0.000425236
12.74 -0.000324283
12.75 -0.000828526
12.76 -0.00079811
12.77 -0.000258971
12.78 0.000470653
12.79 0.000964373
12.8 0.000930069
12.81 0.000373916
12.82 -0.000403862
12.83 -0.00097716
12.84 -0.00103323
12.85 -0.000550031
12.86 0.000190883
12.87 0.000767137
12.88 0.000859674
12.89 0.000436017
12.9 -0.00023312
12.91 -0.000734997
12.92 -0.000760019
12.93 -0.00028438
12.94 0.000419034
12.95 0.000945687
12.96 0.000996092
12.97 0.000541611
12.98 -0.000169901
12.99 -0.000759723
13 -0.000926012
13.01 -0.000602871
13.02 8.16559e-06
13.03 0.000552082
13.04 0.000722586
13.05 0.000441341
13.06 -9.184e-05
13.07 -0.000515092
13.08 -0.000523369
13.09 -5.85128e-05
13.1 0.000647614
13.11 0.00120699
13.12 0.00130623
13.13 0.00089556
13.14 0.000222433
13.15 -0.0003148
13.16 -0.000407465
13.17 -2.05157e-05
13.18 0.000595306
13.19 0.00105795
13.2 0.00107677
13.21 0.000617462
13.22 -8.03935e-05
13.23 -0.000640038
13.24 -0.000764223
13.25 -0.000407956
13.26 0.000200089
13.27 0.000703448
13.28 0.000836867
13.29 0.000576867
13.3 0.000133273
13.31 -0.000198263
13.32 -0.000216607
13.33 8.06611e-05
13.34 0.000510791
13.35 0.000811611
13.36 0.000787065
13.37 0.000425484
13.38 -8.20802e-05
13.39 -0.000452703
13.4 -0.000489891
13.41 -0.000205706
13.42 0.000199307
13.43 0.000474363
13.44 0.000469646
13.45 0.0002095
13.46 -0.00013478
13.47 -0.000346817
13.48 -0.000293035
13.49 -7.33117e-06
13.5 0.000328649
13.51 0.000505707
13.52 0.000424893
13.53 0.000152094
13.54 -0.000142301
13.55 -0.000297248
13.56 -0.000243849
13.57 -2.47827e-05
13.58 0.000234802
13.59 0.00038673
13.6 0.000336407
13.61 0.000103183
13.62 -0.000182025
13.63 -0.000352698
13.64 -0.000309608
13.65 -8.24452e-05
13.66 0.000188267
13.67 0.000335399
13.68 0.000262005
13.69 -5.46975e-06
13.7 -0.000332438
13.71 -0.000546726
13.72 -0.000528221
13.73 -0.000274566
13.74 9.23858e-05
13.75 0.000386771
13.76 0.000455391
13.77 0.000257836
13.78 -0.000113029
13.79 -0.000477822
13.8 -0.000656624
13.81 -0.00055247
13.82 -0.000201321
13.83 0.000228897
13.84 0.000501917
13.85 0.000432947
13.86 1.22414e-05
13.87 -0.000559017
13.88 -0.000972569
13.89 -0.00100396
13.9 -0.000657416
13.91 -0.000158052
13.92 0.000197483
13.93 0.000221939
13.94 -6.40318e-05
13.95 -0.000457724
13.96 -0.00069278
13.97 -0.000586421
13.98 -0.000143827
13.99 0.000441299
14 0.000898629
14.01 0.00103605
14.02 0.000834851
14.03 0.000434988
14.04 4.46223e-05
14.05 -0.000160633
14.06 -0.000112635
14.07 0.000115556
14.08 0.00034108
14.09 0.000374715
14.1 0.000147298
14.11 -0.000226976
14.12 -0.000509796
14.13 -0.000497865
14.14 -0.000174126
14.15 0.000268631
14.16 0.000559183
14.17 0.000537201
14.18 0.000259084
14.19 -4.83697e-05
14.2 -0.000141584
14.21 8.13987e-05
14.22 0.000508945
14.23 0.00087601
14.24 0.00093274
14.25 0.000617952
14.26 0.000109021
14.27 -0.000298569
14.28 -0.000392308
14.29 -0.000169769
14.3 0.000190906
14.31 0.00046928
14.32 0.000535359
14.33 0.000397915
14.34 0.000167805
14.35 -1.77891e-05
14.36 -6.59863e-05
14.37 3.10034e-05
14.38 0.000196977
14.39 0.00031623
14.4 0.00030209
14.41 0.000150827
14.42 -5.23904e-05
14.43 -0.000180155
14.44 -0.000136708
14.45 8.14861e-05
14.46 0.000373227
14.47 0.000578589
14.48 0.000564019
14.49 0.000302934
14.5 -9.78123e-05
14.51 -0.000450082
14.52 -0.000589844
14.53 -0.000470925
14.54 -0.000185408
14.55 0.000103363
14.56 0.000268569
14.57 0.000292452
14.58 0.000254742
14.59 0.000253191
14.6 0.000322452
14.61 0.000413264
14.62 0.000440458
14.63 0.000353316
14.64 0.000173231
14.65 -2.1294e-05
14.66 -0.000144258
14.67 -0.000154011
14.68 -7.62432e-05
14.69 2.08674e-05
14.7 8.23406e-05
14.71 0.000100958
14.72 9.80168e-05
14.73 8.15171e-05
14.74 4.04368e-05
14.75 -1.77208e-05
14.76 -4.29126e-05
14.77 2.12807e-05
14.78 0.000170018
14.79 0.000314617
14.8 0.00034181
14.81 0.000208666
14.82 -9.95992e-06
14.83 -0.000166122
14.84 -0.000148397
14.85 2.47019e-05
14.86 0.000205698
14.87 0.000223509
14.88 2.10732e-05
14.89 -0.000280094
14.9 -0.000451989
14.91 -0.000332641
14.92 3.07306e-05
14.93 0.000394085
14.94 0.000491959
14.95 0.000243583
14.96 -0.000181173
14.97 -0.000496537
14.98 -0.000523503
14.99 -0.000313756
15 -8.42487e-05
15.01 -3.42879e-05
15.02 -0.000196436
15.03 -0.000421872
15.04 -0.000493763
15.05 -0.000285846
15.06 0.000137579
15.07 0.000548617
15.08 0.000699567
15.09 0.000493093
15.1 5.81649e-05
15.11 -0.000328733
15.12 -0.000420576
15.13 -0.000148392
15.14 0.000349163
15.15 0.000814682
15.16 0.00101476
15.17 0.000861537
15.18 0.000454706
15.19 1.95578e-05
15.2 -0.000224913
15.21 -0.000185057
15.22 6.46788e-05
15.23 0.000328543
15.24 0.00040015
15.25 0.000184544
15.26 -0.000232984
15.27 -0.00062484
15.28 -0.000761371
15.29 -0.000567832
15.3 -0.000185268
15.31 0.000113142
15.32 9.47994e-05
15.33 -0.000282624
15.34 -0.000834086
15.35 -0.0012444
15.36 -0.00125122
15.37 -0.000813849
15.38 -0.000158486
15.39 0.000348687
15.4 0.000437246
15.41 0.000124151
15.42 -0.000284112
15.43 -0.000402004
15.44 -4.56015e-05
15.45 0.000628368
15.46 0.00123261
15.47 0.00142083
15.48 0.00111923
15.49 0.000562939
15.5 0.000124442
15.51 5.74926e-05
15.52 0.000332607
15.53 0.000677382
15.54 0.0007896
15.55 0.000558693
15.56 0.000126795
15.57 -0.000239736
15.58 -0.00034434
15.59 -0.000165764
15.6 0.000172882
15.61 0.000500486
15.62 0.000674886
15.63 0.00062159
15.64 0.000358821
15.65 1.11102e-05
15.66 -0.000224398
15.67 -0.000179347
15.68 0.0001587
15.69 0.000589119
15.7 0.000787926
15.71 0.000517462
15.72 -0.000180001
15.73 -0.000958868
15.74 -0.00136751
15.75 -0.00115401
15.76 -0.000462418
15.77 0.00024619
15.78 0.000514625
15.79 0.000219365
15.8 -0.00034834
15.81 -0.000716136
15.82 -0.000590532
15.83 -6.19266e-05
15.84 0.00048415
15.85 0.000655834
15.86 0.000321507
15.87 -0.000317859
15.88 -0.000872073
15.89 -0.00101146
15.9 -0.000666968
15.91 -6.34914e-05
15.92 0.000429922
15.93 0.000534233
15.94 0.00022553
15.95 -0.000269966
15.96 -0.00062941
15.97 -0.000620297
15.98 -0.000214735
15.99 0.000402123
16 0.000916955
16.01 0.00104144
16.02 0.000682188
16.03 3.47104e-05
16.04 -0.000492545
16.05 -0.000518023
16.06 4.51452e-05
16.07 0.000891839
16.08 0.00150136
16.09 0.0014739
16.1 0.000784033
16.11 -0.000218251
16.12 -0.0010321
16.13 -0.00128774
16.14 -0.000927551
16.15 -0.000223286
16.16 0.000360103
16.17 0.000404033
16.18 -0.000217396
16.19 -0.00122069
16.2 -0.00202909
16.21 -0.00210007
16.22 -0.00127097
16.23 8.97645e-05
16.24 0.00126596
16.25 0.00161783
16.26 0.000953602
16.27 -0.00035429
16.28 -0.00155078
16.29 -0.00189565
16.3 -0.00110007
16.31 0.000434807
16.32 0.00178161
16.33 0.00203766
16.34 0.000941093
16.35 -0.000893376
16.36 -0.00233149
16.37 -0.00245445
16.38 -0.00115751
16.39 0.000789005
16.4 0.00222095
16.41 0.00229009
16.42 0.000967307
16.43 -0.000944244
16.44 -0.00227283
16.45 -0.00216537
16.46 -0.000615194
16.47 0.00149813
16.48 0.00292429
16.49 0.00279915
16.5 0.00116188
16.51 -0.00107617
16.52 -0.00266933
16.53 -0.00276059
16.54 -0.00134757
16.55 0.000759103
16.56 0.00240162
16.57 0.00270303
16.58 0.00153631
16.59 -0.000419295
16.6 -0.00206677
16.61 -0.00251009
16.62 -0.00154965
16.63 0.000231931
16.64 0.00182951
16.65 0.00238829
16.66 0.00165757
16.67 9.45598e-05
16.68 -0.0014108
16.69 -0.00202582
16.7 -0.00142705
16.71 1.36735e-05
16.72 0.00142291
16.73 0.00190877
16.74 0.0010815
16.75 -0.000676882
16.76 -0.00237955
16.77 -0.00299259
16.78 -0.00205456
16.79 -3.9504e-05
16.8 0.0018866
16.81 0.00261955
16.82 0.00178983
16.83 -4.38706e-05
16.84 -0.00175496
16.85 -0.00231366
16.86 -0.00135083
16.87 0.000663671
16.88 0.00268876
16.89 0.00370345
16.9 0.0032011
16.91 0.00141804
16.92 -0.000773848
16.93 -0.00231069
16.94 -0.00247721
16.95 -0.00129506
16.96 0.000490481
16.97 0.00185555
16.98 0.00207866
16.99 0.00111777
17 -0.000398106
17.01 -0.00153301
17.02 -0.00158079
17.03 -0.000473239
17.04 0.00121088
17.05 0.00259788
17.06 0.00297493
17.07 0.00213517
17.08 0.000485341
17.09 -0.00113821
17.1 -0.00189616
17.11 -0.00142616
17.12 -7.54549e-05
17.13 0.0013114
17.14 0.00189322
17.15 0.00129442
17.16 -0.000198116
17.17 -0.00177684
17.18 -0.00255695
17.19 -0.00210633
17.2 -0.000718804
17.21 0.000771609
17.22 0.00151406
17.23 0.00114578
17.24 -2.93361e-05
17.25 -0.0012566
17.26 -0.00178975
17.27 -0.00131763
17.28 -0.000118374
17.29 0.00112619
17.3 0.00170807
17.31 0.00125487
17.32 -7.09946e-05
17.33 -0.00162561
17.34 -0.00260743
17.35 -0.0025092
17.36 -0.00141717
17.37 3.98494e-05
17.38 0.00107127
17.39 0.00117422
17.4 0.000380855
17.41 -0.000785741
17.42 -0.001606
17.43 -0.00156479
17.44 -0.000636314
17.45 0.00071686
17.46 0.00180647
17.47 0.0020728
17.48 0.00136316
17.49 1.71178e-05
17.5 -0.00128514
17.51 -0.00186286
17.52 -0.00140646
17.53 -0.00016771
17.54 0.0011629
17.55 0.00181436
17.56 0.0013439
17.57 -8.66823e-05
17.58 -0.00173031
17.59 -0.00263995
17.6 -0.00224506
17.61 -0.000730578
17.62 0.00107409
17.63 0.00221235
17.64 0.00214965
17.65 0.0010295
17.66 -0.000461471
17.67 -0.00148599
17.68 -0.00149768
17.69 -0.000523204
17.7 0.000876036
17.71 0.00192457
17.72 0.00204342
17.73 0.00115064
17.74 -0.000294158
17.75 -0.00151249
17.76 -0.00181468
17.77 -0.00100019
17.78 0.000504404
17.79 0.00186755
17.8 0.00229623
17.81 0.00146662
17.82 -0.000271746
17.83 -0.00202912
17.84 -0.00284049
17.85 -0.0022385
17.86 -0.000555987
17.87 0.00126518
17.88 0.00222451
17.89 0.00181947
17.9 0.00031179
17.91 -0.00141817
17.92 -0.00235992
17.93 -0.00195274
17.94 -0.000417677
17.95 0.00137422
17.96 0.00239896
17.97 0.00204854
17.98 0.000483938
17.99 -0.00142889
18 -0.00260882
18.01 -0.00241456
18.02 -0.00103174
18.03 0.000680958
18.04 0.00175121
18.05 0.00165403
18.06 0.000557543
18.07 -0.000818128
18.08 -0.00161285
18.09 -0.00130561
18.1 -1.73015e-05
18.11 0.00156127
18.12 0.00256274
18.13 0.00242441
18.14 0.00120845
18.15 -0.000431813
18.16 -0.00161449
18.17 -0.00172856
18.18 -0.000783384
18.19 0.000635761
18.2 0.00176028
18.21 0.00208474
18.22 0.00159509
18.23 0.000694235
18.24 -7.5379e-05
18.25 -0.000324321
18.26 2.24263e-05
18.27 0.000747297
18.28 0.00148086
18.29 0.00188476
18.3 0.0018002
18.31 0.00129018
18.32 0.000587774
18.33 -2.87607e-06
18.34 -0.000228977
18.35 -5.71276e-06
18.36 0.000520274
18.37 0.00100832
18.38 0.00109854
18.39 0.000638094
18.4 -0.000213799
18.41 -0.00107067
18.42 -0.00153788
18.43 -0.00142901
18.44 -0.000846647
18.45 -0.000107027
18.46 0.000425114
18.47 0.000519677
18.48 0.000187535
18.49 -0.000337983
18.5 -0.000723633
18.51 -0.000729974
18.52 -0.000370086
18.53 9.14784e-05
18.54 0.000314814
18.55 9.90738e-05
18.56 -0.000506656
18.57 -0.00121902
18.58 -0.00168246
18.59 -0.00169423
18.6 -0.00131606
18.61 -0.000809554
18.62 -0.000458426
18.63 -0.0004084
18.64 -0.000626984
18.65 -0.000972488
18.66 -0.00128787
18.67 -0.00145673
18.68 -0.0014189
18.69 -0.00117141
18.7 -0.000770811
18.71 -0.00032504
18.72 4.39989e-05
18.73 0.000256931
18.74 0.000295598
18.75 0.000184259
18.76 -1.34843e-05
18.77 -0.000186489
18.78 -0.000198859
18.79 2.14494e-05
18.8 0.000394796
18.81 0.000698923
18.82 0.000690337
18.83 0.000262042
18.84 -0.000470958
18.85 -0.00119625
18.86 -0.00154525
18.87 -0.00129652
18.88 -0.000517746
18.89 0.000440757
18.9 0.00112003
18.91 0.00117903
18.92 0.000560021
18.93 -0.000452408
18.94 -0.00132513
18.95 -0.00153251
18.96 -0.000863235
18.97 0.000418758
18.98 0.00168511
18.99 0.00227597
19 0.00187946
19.01 0.000738737
19.02 -0.000467866
19.03 -0.0010116
19.04 -0.000536972
19.05 0.000739763
19.06 0.00216614
19.07 0.00298683
19.08 0.0027007
19.09 0.00132869
19.1 -0.000533487
19.11 -0.0019617
19.12 -0.00221942
19.13 -0.00125527
19.14 0.000227231
19.15 0.00123504
19.16 0.00114058
19.17 6.36969e-05
19.18 -0.0012306
19.19 -0.00183252
19.2 -0.00126836
19.21 0.000208693
19.22 0.00179099
19.23 0.00258637
19.24 0.00210066
19.25 0.000521144
19.26 -0.00134259
19.27 -0.00246796
19.28 -0.00219574
19.29 -0.000633662
19.3 0.00139963
19.31 0.00283715
19.32 0.00291833
19.33 0.00155363
19.34 -0.000640759
19.35 -0.00261415
19.36 -0.00338593
19.37 -0.00256455
19.38 -0.00062243
19.39 0.00135737
19.4 0.00232795
19.41 0.00183239
19.42 0.000197478
19.43 -0.00169341
19.44 -0.00289733
19.45 -0.00288028
19.46 -0.00172264
19.47 -1.18376e-05
19.48 0.00147166
19.49 0.00209162
19.5 0.00160181
19.51 0.000261823
19.52 -0.00123993
19.53 -0.00207985
19.54 -0.00172154
19.55 -0.000254295
19.56 0.00160064
19.57 0.00286193
19.58 0.00284114
19.59 0.00155388
19.6 -0.000292583
19.61 -0.00172437
19.62 -0.00206151
19.63 -0.00126511
19.64 0.000123403
19.65 0.00135341
19.66 0.00185898
19.67 0.00147981
19.68 0.000486816
19.69 -0.000571529
19.7 -0.00114506
19.71 -0.000969727
19.72 -0.000212599
19.73 0.000638683
19.74 0.00108679
19.75 0.000905
19.76 0.00022175
19.77 -0.000578231
19.78 -0.00105791
19.79 -0.000952951
19.8 -0.000329658
19.81 0.000420154
19.82 0.000795438
19.83 0.000493466
19.84 -0.000384052
19.85 -0.00135355
19.86 -0.00181961
19.87 -0.00144782
19.88 -0.000400349
19.89 0.000743171
19.9 0.00133192
19.91 0.00102739
19.92 -1.79643e-06
19.93 -0.001171
19.94 -0.00179876
19.95 -0.00149334
19.96 -0.000393052
19.97 0.000909174
19.98 0.00171197
19.99 0.00159782
20 0.000644236
20.01 -0.00064663
20.02 -0.00161365
20.03 -0.00175173
20.04 -0.000953283
20.05 0.000427138
20.06 0.0017228
20.07 0.00227017
20.08 0.00176454
20.09 0.000469858
20.1 -0.000886599
20.11 -0.00152688
20.12 -0.0011144
20.13 1.59112e-05
20.14 0.00109556
20.15 0.00144764
20.16 0.000911863
20.17 -9.81727e-05
20.18 -0.000911282
20.19 -0.00103266
20.2 -0.00041778
20.21 0.000544559
20.22 0.00129705
20.23 0.00141713
20.24 0.000814251
20.25 -0.000215977
20.26 -0.00111227
20.27 -0.0013394
20.28 -0.000721852
20.29 0.000411257
20.3 0.00139516
20.31 0.00162609
20.32 0.000951438
20.33 -0.000205183
20.34 -0.00108426
20.35 -0.00106731
20.36 -8.58714e-05
20.37 0.00132911
20.38 0.00236362
20.39 0.00238442
20.4 0.00130315
20.41 -0.000361523
20.42 -0.00175597
20.43 -0.00217043
20.44 -0.00145898
20.45 -0.000122653
20.46 0.0010069
20.47 0.00126164
20.48 0.000506032
20.49 -0.000804176
20.5 -0.00188869
20.51 -0.00209145
20.52 -0.00125762
20.53 0.000183682
20.54 0.00147541
20.55 0.00195453
20.56 0.00139864
20.57 0.000135388
20.58 -0.00112725
20.59 -0.00165761
20.6 -0.00108149
20.61 0.000388674
20.62 0.00200888
20.63 0.00285691
20.64 0.00235605
20.65 0.000688753
20.66 -0.00121986
20.67 -0.00222669
20.68 -0.00171783
20.69 -6.80577e-05
20.7 0.00157312
20.71 0.00203781
20.72 0.000907478
20.73 -0.00120977
20.74 -0.00305332
20.75 -0.00349359
20.76 -0.00223077
20.77 3.86168e-05
20.78 0.00206153
20.79 0.00274395
20.8 0.0017379
20.81 -0.000373339
20.82 -0.00237967
20.83 -0.0031212
20.84 -0.00218546
20.85 -0.000174299
20.86 0.00167693
20.87 0.00227456
20.88 0.001314
20.89 -0.000593629
20.9 -0.00232638
20.91 -0.00288997
20.92 -0.00193189
20.93 8.72502e-05
20.94 0.00212067
20.95 0.00306582
20.96 0.00239204
20.97 0.000534127
20.98 -0.00129949
20.99 -0.00188285
21 -0.000796455
21.01 0.00129457
21.02 0.00309896
21.03 0.00351968
21.04 0.00228399
21.05 4.33732e-05
21.06 -0.00203439
21.07 -0.00289848
21.08 -0.0021429
21.09 -0.000190773
21.1 0.00194651
21.11 0.00318202
21.12 0.00288702
21.13 0.00122966
21.14 -0.000873727
21.15 -0.00223336
21.16 -0.00208318
21.17 -0.000570702
21.18 0.00134966
21.19 0.00254448
21.2 0.00238087
21.21 0.00102133
21.22 -0.000771454
21.23 -0.00208058
21.24 -0.00226522
21.25 -0.0012451
21.26 0.000447525
21.27 0.00190216
21.28 0.00229744
21.29 0.00137531
21.3 -0.000390913
21.31 -0.0020572
21.32 -0.00274295
21.33 -0.00211433
21.34 -0.000545474
21.35 0.00109784
21.36 0.00190786
21.37 0.00140214
21.38 -0.000197162
21.39 -0.00203001
21.4 -0.00304421
21.41 -0.00262387
21.42 -0.001002
21.43 0.00087102
21.44 0.00193453
21.45 0.00167173
21.46 0.000375202
21.47 -0.00111346
21.48 -0.00194761
21.49 -0.00171619
21.5 -0.000560097
21.51 0.000988879
21.52 0.00224607
21.53 0.00260197
21.54 0.00178237
21.55 7.33062e-05
21.56 -0.00170629
21.57 -0.00261182
21.58 -0.00216665
21.59 -0.000699316
21.6 0.000873731
21.61 0.00164136
21.62 0.00122422
21.63 -6.44317e-05
21.64 -0.0014476
21.65 -0.00212805
21.66 -0.00170586
21.67 -0.00036231
21.68 0.00127985
21.69 0.00250095
21.7 0.00282966
21.71 0.00224376
21.72 0.00115142
21.73 0.000166946
21.74 -0.000204838
21.75 0.000188253
21.76 0.00110135
21.77 0.00203303
21.78 0.002468
21.79 0.00213413
21.8 0.00115555
21.81 1.00171e-05
21.82 -0.000720151
21.83 -0.000644476
21.84 0.000220259
21.85 0.00143133
21.86 0.00234297
21.87 0.00243291
21.88 0.00157112
21.89 0.000107806
21.9 -0.00127248
21.91 -0.00187754
21.92 -0.00137536
21.93 -1.42384e-06
21.94 0.00155936
21.95 0.00254869
21.96 0.00253338
21.97 0.00160555
21.98 0.000286793
21.99 -0.000765679
22 -0.00105239
22.01 -0.00041868
22.02 0.000876755
22.03 0.00222499
22.04 0.00289976
22.05 0.0024325
22.06 0.000937841
22.07 -0.000857384
22.08 -0.00195369
22.09 -0.00163405
22.1 7.75795e-05
22.11 0.00236723
22.12 0.0040348
22.13 0.00413781
22.14 0.00250008
22.15 -0.000157003
22.16 -0.00248562
22.17 -0.00316957
22.18 -0.00170631
22.19 0.00120312
22.2 0.00398117
22.21 0.00510942
22.22 0.00399227
22.23 0.00123256
22.24 -0.00168466
22.25 -0.0031856
22.26 -0.00252669
22.27 -0.000202168
22.28 0.00250783
22.29 0.00433002
22.3 0.00451515
22.31 0.00303942
22.32 0.000583297
22.33 -0.00170173
22.34 -0.00267831
22.35 -0.00185924
22.36 0.000244249
22.37 0.00246217
22.38 0.00367172
22.39 0.00332926
22.4 0.001655
22.41 -0.000535129
22.42 -0.00216994
22.43 -0.00237296
22.44 -0.000924675
22.45 0.00159463
22.46 0.00406451
22.47 0.00529657
22.48 0.00452912
22.49 0.00192386
22.5 -0.00134398
22.51 -0.00358871
22.52 -0.00352247
22.53 -0.00111661
22.54 0.00234242
22.55 0.0050625
22.56 0.00574755
22.57 0.00423105
22.58 0.00140887
22.59 -0.00133158
22.6 -0.00270166
22.61 -0.00205764
22.62 0.000225642
22.63 0.00296626
22.64 0.00479974
22.65 0.0048146
22.66 0.00300114
22.67 0.000243325
22.68 -0.00212954
22.69 -0.00299077
22.7 -0.001974
22.71 0.000397414
22.72 0.00310044
22.73 0.00508132
22.74 0.00553652
22.75 0.00417277
22.76 0.0014131
22.77 -0.0016487
22.78 -0.003641
22.79 -0.00363457
22.8 -0.00172587
22.81 0.00103792
22.82 0.00329585
22.83 0.00403327
22.84 0.00295466
22.85 0.000563703
22.86 -0.00203001
22.87 -0.00356759
22.88 -0.00324242
22.89 -0.00112015
22.9 0.00190834
22.91 0.00452438
22.92 0.00545928
22.93 0.00401811
22.94 0.000554308
22.95 -0.0033947
22.96 -0.00582072
22.97 -0.00538634
22.98 -0.00220687
22.99 0.00216393
23 0.00560071
23.01 0.0066273
23.02 0.00508457
23.03 0.00189923
23.04 -0.00157968
23.05 -0.00413132
23.06 -0.00495566
23.07 -0.00379608
23.08 -0.000994502
23.09 0.00253825
23.1 0.00548589
23.11 0.00650914
23.12 0.00486728
23.13 0.000954629
23.14 -0.00366421
23.15 -0.00691659
23.16 -0.00731452
23.17 -0.00469433
23.18 -0.000246702
23.19 0.00406312
23.2 0.00636698
23.21 0.00566281
23.22 0.00226014
23.23 -0.00235097
23.24 -0.00612632
23.25 -0.00732654
23.26 -0.00529823
23.27 -0.000806038
23.28 0.00426884
23.29 0.00773325
23.3 0.0080555
23.31 0.00502979
23.32 -0.00012581
23.33 -0.00522119
23.34 -0.00805291
23.35 -0.00738651
23.36 -0.00356125
23.37 0.00170475
23.38 0.00614052
23.39 0.00785077
23.4 0.0060788
23.41 0.00150806
23.42 -0.00408156
23.43 -0.00855757
23.44 -0.0104035
23.45 -0.0091974
23.46 -0.00544036
23.47 -0.000379533
23.48 0.00430038
23.49 0.00699562
23.5 0.00675389
23.51 0.00377882
23.52 -0.000548206
23.53 -0.00429733
23.54 -0.00586597
23.55 -0.00461507
23.56 -0.00109603
23.57 0.00326219
23.58 0.00676766
23.59 0.00811364
23.6 0.00691712
23.61 0.00383234
23.62 0.000166817
23.63 -0.00282691
23.64 -0.00445665
23.65 -0.00457984
23.66 -0.00336646
23.67 -0.00112433
23.68 0.00175375
23.69 0.00462775
23.7 0.00653959
23.71 0.00656831
23.72 0.00438419
23.73 0.000577721
23.74 -0.00353803
23.75 -0.00643634
23.76 -0.00690401
23.77 -0.00453629
23.78 1.54683e-05
23.79 0.00521989
23.8 0.00917495
23.81 0.0103529
23.82 0.00823143
23.83 0.00357009
23.84 -0.00185303
23.85 -0.00592725
23.86 -0.00709745
23.87 -0.00505211
23.88 -0.000803122
23.89 0.00392099
23.9 0.00739247
23.91 0.00834202
23.92 0.00633294
23.93 0.00197336
23.94 -0.00328024
23.95 -0.00754963
23.96 -0.00915222
23.97 -0.00733562
23.98 -0.0027034
23.99 0.00306726
24 0.00790907
24.01 0.0100732
24.02 0.00874223
24.03 0.00435595
24.04 -0.00159957
24.05 -0.00704624
24.06 -0.0100161
24.07 -0.00938732
24.08 -0.0054248
24.09 0.000314796
24.1 0.00586827
24.11 0.00964273
24.12 0.0106916
24.13 0.00884065
24.14 0.00474624
24.15 -0.000346482
24.16 -0.00494636
24.17 -0.00764259
24.18 -0.00750468
24.19 -0.0045138
24.2 0.000327958
24.21 0.00545368
24.22 0.00933286
24.23 0.0108081
24.24 0.00934539
24.25 0.00523875
24.26 -0.000460817
24.27 -0.00610039
24.28 -0.0097399
24.29 -0.00983311
24.3 -0.00609458
24.31 8.49993e-05
24.32 0.00625979
24.33 0.0100707
24.34 0.0100893
24.35 0.00635422
24.36 0.000399813
24.37 -0.00544094
24.38 -0.00892026
24.39 -0.0085988
24.4 -0.00444428
24.41 0.00208259
24.42 0.00855496
24.43 0.0126418
24.44 0.0130364
24.45 0.00972097
24.46 0.00388265
24.47 -0.00257921
24.48 -0.00758527
24.49 -0.00945762
24.5 -0.00761248
24.51 -0.00291423
24.52 0.00270942
24.53 0.00709299
24.54 0.00863763
24.55 0.00685561
24.56 0.00253016
24.57 -0.00264355
24.58 -0.00663305
24.59 -0.00778808
24.6 -0.00555042
24.61 -0.000704891
24.62 0.00506303
24.63 0.00979469
24.64 0.0117296
24.65 0.0099279
24.66 0.00483387
24.67 -0.00182596
24.68 -0.00751734
24.69 -0.0098529
24.7 -0.00778357
24.71 -0.00215928
24.72 0.00479821
24.73 0.0105351
24.74 0.0130419
24.75 0.0114952
24.76 0.00651866
24.77 -0.000138839
24.78 -0.00624087
24.79 -0.00978079
24.8 -0.00961442
24.81 -0.00587735
24.82 8.03655e-06
24.83 0.00605899
24.84 0.0105438
24.85 0.0122812
24.86 0.0108803
24.87 0.00696321
24.88 0.00186786
24.89 -0.00295224
24.9 -0.00625614
24.91 -0.00718835
24.92 -0.00552193
24.93 -0.00181407
24.94 0.00278586
24.95 0.00685862
24.96 0.00903879
24.97 0.00848961
24.98 0.00535586
24.99 0.000751399
25 -0.00373799
25.01 -0.00662252
25.02 -0.00700452
25.03 -0.00493863
25.04 -0.00138044
25.05 0.002444
25.06 0.00561719
25.07 0.00760941
25.08 0.00815816
25.09 0.00723028
25.1 0.00502642
25.11 0.00196589
25.12 -0.00141293
25.13 -0.00445513
25.14 -0.00649537
25.15 -0.00713958
25.16 -0.00636183
25.17 -0.00443799
25.18 -0.00185662
25.19 0.000826112
25.2 0.00307878
25.21 0.00442233
25.22 0.00454806
25.23 0.00351556
25.24 0.00182068
25.25 0.000185179
25.26 -0.000768896
25.27 -0.000670059
25.28 0.00058129
25.29 0.00272122
25.3 0.00508324
25.31 0.00676458
25.32 0.00696722
25.33 0.00536475
25.34 0.00228113
25.35 -0.00146038
25.36 -0.00471623
25.37 -0.0063514
25.38 -0.00576869
25.39 -0.00322034
25.4 0.000295767
25.41 0.00354022
25.42 0.00552906
25.43 0.00575126
25.44 0.00429342
25.45 0.00179632
25.46 -0.000965856
25.47 -0.00333923
25.48 -0.00478791
25.49 -0.00495638
25.5 -0.00379238
25.51 -0.00165436
25.52 0.00080187
25.53 0.00287366
25.54 0.00400223
25.55 0.00389562
25.56 0.00259873
25.57 0.000463625
25.58 -0.00193072
25.59 -0.00376613
25.6 -0.00412354
25.61 -0.00245957
25.62 0.001013
25.63 0.00530015
25.64 0.00892505
25.65 0.010431
25.66 0.00896737
25.67 0.00473309
25.68 -0.00109928
25.69 -0.00661688
25.7 -0.00973733
25.71 -0.00915545
25.72 -0.00502173
25.73 0.00113132
25.74 0.00718714
25.75 0.0113339
25.76 0.0124656
25.77 0.0103646
25.78 0.00582869
25.79 0.00036501
25.8 -0.00427957
25.81 -0.00654345
25.82 -0.00556295
25.83 -0.00164433
25.84 0.00387472
25.85 0.00918482
25.86 0.012584
25.87 0.0130641
25.88 0.0107212
25.89 0.00672021
25.9 0.00274319
25.91 0.000260594
25.92 1.69729e-06
25.93 0.0018176
25.94 0.00477636
25.95 0.00742996
25.96 0.00833428
25.97 0.00664277
25.98 0.00249424
25.99 -0.0030248
26 -0.00814381
26.01 -0.011046
26.02 -0.01071
26.03 -0.00739294
26.04 -0.00248559
26.05 0.00227298
26.06 0.00552663
26.07 0.00656928
26.08 0.00538237
26.09 0.00262625
26.1 -0.000600353
26.11 -0.00306616
26.12 -0.00374453
26.13 -0.00222953
26.14 0.00107935
26.15 0.00506081
26.16 0.00815266
26.17 0.00883333
26.18 0.00623607
26.19 0.000607202
26.2 -0.00662905
26.21 -0.0132986
26.22 -0.0174643
26.23 -0.0180719
26.24 -0.0149206
26.25 -0.0086236
26.26 -0.000711499
26.27 0.0066
26.28 0.0110958
26.29 0.0113304
26.3 0.00726165
26.31 0.000435366
26.32 -0.00675748
26.33 -0.0121651
26.34 -0.0143867
26.35 -0.012912
26.36 -0.00831676
26.37 -0.0020589
26.38 0.00413567
26.39 0.00869719
26.4 0.0104415
26.41 0.00889179
26.42 0.00460669
26.43 -0.00104314
26.44 -0.00644006
26.45 -0.0102394
26.46 -0.0115549
26.47 -0.0100859
26.48 -0.00637809
26.49 -0.00158777
26.5 0.00298315
26.51 0.00611205
26.52 0.00685513
26.53 0.004903
26.54 0.000842068
26.55 -0.00414333
26.56 -0.00874222
26.57 -0.0117383
26.58 -0.012214
26.59 -0.00996025
26.6 -0.00566276
26.61 -0.000573551
26.62 0.00392618
26.63 0.00663874
26.64 0.00679725
26.65 0.00434123
26.66 2.34452e-05
26.67 -0.00491901
26.68 -0.00921919
26.69 -0.0118065
26.7 -0.0120239
26.71 -0.00998873
26.72 -0.0065848
26.73 -0.00306752
26.74 -0.000671841
26.75 -0.000243921
26.76 -0.00205943
26.77 -0.00573779
26.78 -0.0102217
26.79 -0.0140512
26.8 -0.0158438
26.81 -0.0147508
26.82 -0.0107527
26.83 -0.00472391
26.84 0.00191225
26.85 0.00748674
26.86 0.0104958
26.87 0.0101539
26.88 0.00670971
26.89 0.00142946
26.9 -0.00400113
26.91 -0.00816351
26.92 -0.0101404
26.93 -0.00952443
26.94 -0.00659606
26.95 -0.00232265
26.96 0.00207418
26.97 0.00538254
26.98 0.00655929
26.99 0.00510771
27 0.00144071
27.01 -0.00333727
27.02 -0.00792079
27.03 -0.0111601
27.04 -0.0122804
27.05 -0.0110784
27.06 -0.00804801
27.07 -0.00417185
27.08 -0.000602657
27.09 0.00167491
27.1 0.00209375
27.11 0.000651001
27.12 -0.00210943
27.13 -0.00526774
27.14 -0.00779238
27.15 -0.00887633
27.16 -0.00821567
27.17 -0.00607901
27.18 -0.00312348
27.19 -0.000100964
27.2 0.00235179
27.21 0.00376561
27.22 0.0038634
27.23 0.00264225
27.24 0.000410513
27.25 -0.00239003
27.26 -0.00529796
27.27 -0.00782301
27.28 -0.0095255
27.29 -0.0101519
27.3 -0.00968747
27.31 -0.00833105
27.32 -0.00651211
27.33 -0.00482777
27.34 -0.00382771
27.35 -0.00380784
27.36 -0.00469752
27.37 -0.00609908
27.38 -0.0074738
27.39 -0.00832848
27.4 -0.00833522
27.41 -0.00739168
27.42 -0.00560757
27.43 -0.00325274
27.44 -0.000673459
27.45 0.00179572
27.46 0.00376543
27.47 0.00478312
27.48 0.00456172
27.49 0.00320422
27.5 0.00120973
27.51 -0.000784162
27.52 -0.00224649
27.53 -0.00281856
27.54 -0.00235667
27.55 -0.000988301
27.56 0.000998091
27.57 0.00319014
27.58 0.00505982
27.59 0.00612845
27.6 0.00610839
27.61 0.00494512
27.62 0.00278434
27.63 -6.65962e-05
27.64 -0.00319616
27.65 -0.00608082
27.66 -0.00807588
27.67 -0.00861874
27.68 -0.00754055
27.69 -0.00517077
27.7 -0.00219751
27.71 0.00065285
27.72 0.00278451
27.73 0.00375436
27.74 0.00337281
27.75 0.00180718
27.76 -0.000468147
27.77 -0.00283756
27.78 -0.00468899
27.79 -0.00554362
27.8 -0.00522215
27.81 -0.00398061
27.82 -0.00240043
27.83 -0.00108956
27.84 -0.000440009
27.85 -0.000535946
27.86 -0.00124388
27.87 -0.00233367
27.88 -0.00355329
27.89 -0.00470282
27.9 -0.00566903
27.91 -0.00641292
27.92 -0.00693707
27.93 -0.00724229
27.94 -0.00727778
27.95 -0.00691724
27.96 -0.00600036
27.97 -0.00442019
27.98 -0.00221353
27.99 0.000464589
28 0.00325602
28.01 0.00548091
28.02 0.00628373
28.03 0.00500537
28.04 0.00160402
28.05 -0.00326683
28.06 -0.00842487
28.07 -0.0124333
28.08 -0.0139948
28.09 -0.0124329
28.1 -0.00798122
28.11 -0.0016324
28.12 0.00515746
28.13 0.0106786
28.14 0.013277
28.15 0.0119428
28.16 0.00689637
28.17 -0.000380177
28.18 -0.00771799
28.19 -0.0131055
28.2 -0.0151416
28.21 -0.0132815
28.22 -0.00816779
28.23 -0.00135148
28.24 0.0053054
28.25 0.0100516
28.26 0.0115733
28.27 0.00941842
28.28 0.00436353
28.29 -0.00194951
28.3 -0.00764323
28.31 -0.0111391
28.32 -0.0114611
28.33 -0.0085179
28.34 -0.0033644
28.35 0.0023001
28.36 0.00673798
28.37 0.00854896
28.38 0.00704631
28.39 0.00257151
28.4 -0.00366551
28.41 -0.00997639
28.42 -0.0146301
28.43 -0.0162734
28.44 -0.0143418
28.45 -0.00945448
28.46 -0.00318379
28.47 0.00266377
28.48 0.00655098
28.49 0.00753748
28.5 0.00556344
28.51 0.00152572
28.52 -0.00314774
28.53 -0.00701278
28.54 -0.0089265
28.55 -0.00828873
28.56 -0.00528112
28.57 -0.000874785
28.58 0.00361029
28.59 0.0069421
28.6 0.00818867
28.61 0.00695004
28.62 0.00360766
28.63 -0.000832116
28.64 -0.00512999
28.65 -0.0081745
28.66 -0.00918797
28.67 -0.00795047
28.68 -0.00506235
28.69 -0.00169249
28.7 0.0010137
28.71 0.00226432
28.72 0.00173957
28.73 -0.000334343
28.74 -0.00327718
28.75 -0.00611808
28.76 -0.00780236
28.77 -0.00753203
28.78 -0.00509365
28.79 -0.000976785
28.8 0.00376774
28.81 0.00775174
28.82 0.00960142
28.83 0.00855802
28.84 0.00497115
28.85 0.000152111
28.86 -0.0043515
28.87 -0.00739761
28.88 -0.00834633
28.89 -0.00698836
28.9 -0.00365946
28.91 0.000870747
28.92 0.0054275
28.93 0.00855008
28.94 0.00900016
28.95 0.0063731
28.96 0.00143609
28.97 -0.00431219
28.98 -0.00934129
28.99 -0.0123755
29 -0.012463
29.01 -0.00934036
29.02 -0.00373937
29.03 0.00290224
29.04 0.0088489
29.05 0.0125293
29.06 0.0130362
29.07 0.0104622
29.08 0.00583136
29.09 0.000612974
29.1 -0.00379939
29.11 -0.00636363
29.12 -0.00645298
29.13 -0.00401298
29.14 0.000348636
29.15 0.00542769
29.16 0.00965539
29.17 0.0114859
29.18 0.0099173
29.19 0.00504793
29.2 -0.00195131
29.21 -0.00925061
29.22 -0.0149679
29.23 -0.0176081
29.24 -0.0164147
29.25 -0.0118087
29.26 -0.00520394
29.27 0.0015715
29.28 0.00660662
29.29 0.0083836
29.3 0.00636526
29.31 0.00127823
29.32 -0.00521203
29.33 -0.0111446
29.34 -0.0147946
29.35 -0.0150883
29.36 -0.0119996
29.37 -0.00662404
29.38 -0.000651908
29.39 0.00428759
29.4 0.00703444
29.41 0.00707197
29.42 0.00464932
29.43 0.000765726
29.44 -0.00332819
29.45 -0.00662405
29.46 -0.00846092
29.47 -0.00853489
29.48 -0.00705209
29.49 -0.00472694
29.5 -0.00248106
29.51 -0.0011392
29.52 -0.00113445
29.53 -0.0023057
29.54 -0.00400457
29.55 -0.00538805
29.56 -0.00574074
29.57 -0.00474191
29.58 -0.00252142
29.59 0.000532663
29.6 0.00385355
29.61 0.00670855
29.62 0.0083781
29.63 0.00844927
29.64 0.00706092
29.65 0.00487605
29.66 0.0028274
29.67 0.00174169
29.68 0.0019565
29.69 0.00319073
29.7 0.00473067
29.71 0.00579126
29.72 0.00586919
29.73 0.00489703
29.74 0.00318052
29.75 0.00123135
29.76 -0.000503488
29.77 -0.00183321
29.78 -0.00279231
29.79 -0.00355328
29.8 -0.00435809
29.81 -0.00538974
29.82 -0.00661684
29.83 -0.00775936
29.84 -0.00840137
29.85 -0.0081716
29.86 -0.00693568
29.87 -0.00489232
29.88 -0.00250403
29.89 -0.00028142
29.9 0.00139376
29.91 0.00223152
29.92 0.00202281
29.93 0.000813887
29.94 -0.00105386
29.95 -0.00300831
29.96 -0.00438791
29.97 -0.00472195
29.98 -0.0039353
29.99 -0.00236212
30 -0.000549744
30.01 0.000972361
30.02 0.00170645
30.03 0.00119155
30.04 -0.000816813
30.05 -0.00405281
30.06 -0.00757953
30.07 -0.0100125
30.08 -0.0100983
30.09 -0.00736295
30.1 -0.00240981
30.11 0.00335822
30.12 0.00821808
30.13 0.0106577
30.14 0.00991302
30.15 0.00627533
30.16 0.000953083
30.17 -0.0045156
30.18 -0.00880999
30.19 -0.0109666
30.2 -0.0104275
30.21 -0.00731978
30.22 -0.00250019
30.23 0.00282899
30.24 0.00738906
30.25 0.0100119
30.26 0.00997604
30.27 0.00735495
30.28 0.00303266
30.29 -0.00172481
30.3 -0.00566674
30.31 -0.00782473
30.32 -0.00770643
30.33 -0.00547253
30.34 -0.00195037
30.35 0.00180185
30.36 0.00480876
30.37 0.00626082
30.38 0.00569093
30.39 0.00319469
30.4 -0.000593477
30.41 -0.00473248
30.42 -0.00825617
30.43 -0.0103534
30.44 -0.0105342
30.45 -0.00887047
30.46 -0.00588788
30.47 -0.00227493
30.48 0.00136667
30.49 0.00447576
30.5 0.00642008
30.51 0.00665661
30.52 0.00500238
30.53 0.00188913
30.54 -0.00176594
30.55 -0.00487618
30.56 -0.00652663
30.57 -0.00629439
30.58 -0.00441388
30.59 -0.00168554
30.6 0.00101018
30.61 0.00299377
30.62 0.0037953
30.63 0.00327582
30.64 0.00177666
30.65 9.89195e-06
30.66 -0.00131842
30.67 -0.00178429
30.68 -0.00130883
30.69 -0.000101419
30.7 0.00146569
30.71 0.00293666
30.72 0.00387644
30.73 0.00401163
30.74 0.00328033
30.75 0.00184881
30.76 9.05689e-05
30.77 -0.00156257
30.78 -0.00271948
30.79 -0.00309609
30.8 -0.00265543
30.81 -0.00166452
30.82 -0.000520675
30.83 0.000477062
30.84 0.00115652
30.85 0.00137027
30.86 0.00100182
30.87 5.73316e-05
30.88 -0.00135629
30.89 -0.00298688
30.9 -0.00438071
30.91 -0.00505492
30.92 -0.00474025
30.93 -0.00349227
30.94 -0.00166243
30.95 0.000274722
30.96 0.00183987
30.97 0.00258444
30.98 0.00223613
30.99 0.000879621
31 -0.00111533
31.01 -0.00323467
31.02 -0.00493411
31.03 -0.00581851
31.04 -0.00576532
31.05 -0.00491857
31.06 -0.00354228
31.07 -0.0018812
31.08 -8.33363e-05
31.09 0.0017516
31.1 0.00338926
31.11 0.00443624
31.12 0.00455189
31.13 0.00368527
31.14 0.00215347
31.15 0.000513547
31.16 -0.000747135
31.17 -0.00144605
31.18 -0.0016962
31.19 -0.00181057
31.2 -0.00214472
31.21 -0.00287387
31.22 -0.00387169
31.23 -0.00476686
31.24 -0.00511782
31.25 -0.0046066
31.26 -0.00317119
31.27 -0.00103976
31.28 0.00138951
31.29 0.00357556
31.3 0.00490293
31.31 0.00498468
31.32 0.00390564
31.33 0.00218354
31.34 0.00048328
31.35 -0.000748005
31.36 -0.00143224
31.37 -0.00171603
31.38 -0.00179427
31.39 -0.00179214
31.4 -0.0016885
31.41 -0.00136772
31.42 -0.000757092
31.43 8.67523e-05
31.44 0.000978215
31.45 0.00163508
31.46 0.00180704
31.47 0.00143611
31.48 0.000682331
31.49 -0.000204018
31.5 -0.00103351
31.51 -0.00167521
31.52 -0.00199223
31.53 -0.00190193
31.54 -0.00147942
31.55 -0.000945885
31.56 -0.000548744
31.57 -0.000448963
31.58 -0.000678915
31.59 -0.00115598
31.6 -0.00172219
31.61 -0.0021939
31.62 -0.00243631
31.63 -0.00242329
31.64 -0.00222589
31.65 -0.00194046
31.66 -0.00161035
31.67 -0.00121046
31.68 -0.000707653
31.69 -0.00013578
31.7 0.000376683
31.71 0.000646308
31.72 0.000527526
31.73 -5.2962e-06
31.74 -0.000861527
31.75 -0.00185028
31.76 -0.00268495
31.77 -0.00305183
31.78 -0.00273168
31.79 -0.00169882
31.8 -9.02126e-05
31.81 0.00184094
31.82 0.00368467
31.83 0.00492797
31.84 0.00513523
31.85 0.00410805
31.86 0.00196347
31.87 -0.00091989
31.88 -0.00394445
31.89 -0.0063479
31.9 -0.00739616
31.91 -0.00669965
31.92 -0.00447924
31.93 -0.00147936
31.94 0.00145087
31.95 0.00360617
31.96 0.00450613
31.97 0.00402452
31.98 0.00243975
31.99 0.000306958
32 -0.00179379
32.01 -0.00332952
32.02 -0.00378263
32.03 -0.00283007
32.04 -0.00060807
32.05 0.00226854
32.06 0.00485692
32.07 0.00620446
32.08 0.00580507
32.09 0.00378925
32.1 0.000808261
32.11 -0.00230499
32.12 -0.00478426
32.13 -0.00595352
32.14 -0.00532464
32.15 -0.0028735
32.16 0.000895685
32.17 0.0049544
32.18 0.00796135
32.19 0.00879974
32.2 0.00709953
32.21 0.00349554
32.22 -0.000722861
32.23 -0.00423812
32.24 -0.0061589
32.25 -0.00615411
32.26 -0.00446663
32.27 -0.00184745
32.28 0.000925023
32.29 0.00332324
32.3 0.00496973
32.31 0.00556641
32.32 0.00494425
32.33 0.00317748
32.34 0.000628268
32.35 -0.0021579
32.36 -0.00451436
32.37 -0.00574294
32.38 -0.00539622
32.39 -0.00353226
32.4 -0.000694278
32.41 0.00235917
32.42 0.00486083
32.43 0.0061623
32.44 0.00593245
32.45 0.00430305
32.46 0.00179747
32.47 -0.00093335
32.48 -0.00328669
32.49 -0.00474638
32.5 -0.00495048
32.51 -0.00383319
32.52 -0.00169762
32.53 0.000987802
32.54 0.00367914
32.55 0.00575491
32.56 0.00667816
32.57 0.00616424
32.58 0.00424056
32.59 0.0012177
32.6 -0.0024007
32.61 -0.00585947
32.62 -0.00814749
32.63 -0.0083321
32.64 -0.00606157
32.65 -0.00185311
32.66 0.00315681
32.67 0.00761768
32.68 0.0103073
32.69 0.010495
32.7 0.00822232
32.71 0.00429173
32.72 -5.82518e-05
32.73 -0.00363655
32.74 -0.00567327
32.75 -0.00593935
32.76 -0.00478239
32.77 -0.00300727
32.78 -0.00145235
32.79 -0.000623925
32.8 -0.000641064
32.81 -0.00138976
32.82 -0.00262831
32.83 -0.00402313
32.84 -0.00518095
32.85 -0.00571191
32.86 -0.00535609
32.87 -0.00407122
32.88 -0.00206283
32.89 0.000331823
32.9 0.00271218
32.91 0.00460189
32.92 0.00555799
32.93 0.0053597
32.94 0.00414958
32.95 0.00239191
32.96 0.000692204
32.97 -0.000480834
32.98 -0.000976132
32.99 -0.000893614
33 -0.000432113
33.01 0.000248837
33.02 0.00107916
33.03 0.00194092
33.04 0.00253701
33.05 0.0024448
33.06 0.00132389
33.07 -0.000887099
33.08 -0.00378057
33.09 -0.00645357
33.1 -0.00781617
33.11 -0.00708165
33.12 -0.00416545
33.13 0.000362811
33.14 0.00548633
33.15 0.00997731
33.16 0.0126801
33.17 0.0128119
33.18 0.010245
33.19 0.00548652
33.2 -0.000485518
33.21 -0.00644509
33.22 -0.0111865
33.23 -0.0136391
33.24 -0.0130902
33.25 -0.009566
33.26 -0.00386318
33.27 0.00278646
33.28 0.00887782
33.29 0.0128451
33.3 0.0135108
33.31 0.0105835
33.32 0.00488064
33.33 -0.00205576
33.34 -0.00845187
33.35 -0.0127487
33.36 -0.0138753
33.37 -0.0115185
33.38 -0.00639345
33.39 0.000111013
33.4 0.00639103
33.41 0.0109527
33.42 0.0127061
33.43 0.0112913
33.44 0.00729822
33.45 0.00194176
33.46 -0.00349568
33.47 -0.00792782
33.48 -0.0104613
33.49 -0.0104476
33.5 -0.00774855
33.51 -0.00292932
33.52 0.00288301
33.53 0.0081912
33.54 0.011487
33.55 0.011821
33.56 0.00923989
33.57 0.00477525
33.58 -5.87351e-05
33.59 -0.00391439
33.6 -0.00599171
33.61 -0.00601975
33.62 -0.00418658
33.63 -0.00109991
33.64 0.00246359
33.65 0.00566088
33.66 0.00759021
33.67 0.00757386
33.68 0.00555486
33.69 0.00218176
33.7 -0.00161565
33.71 -0.00501568
33.72 -0.00741297
33.73 -0.00839587
33.74 -0.00778939
33.75 -0.00576928
33.76 -0.00283605
33.77 0.00032399
33.78 0.00294292
33.79 0.00432811
33.8 0.00413503
33.81 0.00258855
33.82 0.000443661
33.83 -0.00141612
33.84 -0.00231972
33.85 -0.00192587
33.86 -0.000289436
33.87 0.0021517
33.88 0.00464017
33.89 0.00629609
33.9 0.00645751
33.91 0.00493795
33.92 0.00207264
33.93 -0.00148783
33.94 -0.00492983
33.95 -0.00738463
33.96 -0.00812091
33.97 -0.00678333
33.98 -0.00357167
33.99 0.000931326
34 0.00584176
34.01 0.0100286
34.02 0.0123912
34.03 0.0122625
34.04 0.00977607
34.05 0.00581731
34.06 0.00170602
34.07 -0.00136291
34.08 -0.00275153
34.09 -0.00245907
34.1 -0.001011
34.11 0.000872341
34.12 0.00253737
34.13 0.00350214
34.14 0.00354707
34.15 0.00272453
34.16 0.00126851
34.17 -0.000526566
34.18 -0.00234772
34.19 -0.00382265
34.2 -0.00458324
34.21 -0.00442837
34.22 -0.0033907
34.23 -0.00167184
34.24 0.000495685
34.25 0.00279171
34.26 0.00469199
34.27 0.00561522
34.28 0.0052149
34.29 0.00356816
34.3 0.00113443
34.31 -0.00151815
34.32 -0.00383681
34.33 -0.00528218
34.34 -0.00548054
34.35 -0.00444764
34.36 -0.00265881
34.37 -0.000827745
34.38 0.000450792
34.39 0.000875691
34.4 0.00040989
34.41 -0.000799918
34.42 -0.00243524
34.43 -0.00398465
34.44 -0.00486563
34.45 -0.00467332
34.46 -0.00339746
34.47 -0.00147413
34.48 0.000448855
34.49 0.00176139
34.5 0.00202927
34.51 0.00114531
34.52 -0.000669655
34.53 -0.00296975
34.54 -0.00514525
34.55 -0.00652553
34.56 -0.00656005
34.57 -0.00502817
34.58 -0.00218189
34.59 0.00135762
34.6 0.00467846
34.61 0.00674792
34.62 0.00681018
34.63 0.00472199
34.64 0.00104359
34.65 -0.00328162
34.66 -0.0072889
34.67 -0.0101292
34.68 -0.0111784
34.69 -0.0102501
34.7 -0.00766226
34.71 -0.00404794
34.72 -0.000164972
34.73 0.00323467
34.74 0.0054903
34.75 0.00613689
34.76 0.00509104
34.77 0.00277281
34.78 -7.01787e-05
34.79 -0.00271933
34.8 -0.00465215
34.81 -0.00548075
34.82 -0.00495446
34.83 -0.00310281
34.84 -0.000231402
34.85 0.00314215
34.86 0.00630263
34.87 0.00847047
34.88 0.00909911
34.89 0.00813405
34.9 0.00598665
34.91 0.00335448
34.92 0.000998529
34.93 -0.000616994
34.94 -0.001507
34.95 -0.00197584
34.96 -0.00235229
34.97 -0.00282868
34.98 -0.00337791
34.99 -0.00377407
35 -0.00372552
35.01 -0.00303513
35.02 -0.00172929
35.03 -5.6982e-05
35.04 0.00159913
35.05 0.0028096
35.06 0.00327846
35.07 0.00302626
35.08 0.00236059
35.09 0.00164507
35.1 0.0010925
35.11 0.000739302
35.12 0.000547767
35.13 0.000508715
35.14 0.000635114
35.15 0.000865728
35.16 0.00102307
35.17 0.000906886
35.18 0.000441994
35.19 -0.000278041
35.2 -0.00107905
35.21 -0.00178937
35.22 -0.00227677
35.23 -0.00250156
35.24 -0.00253745
35.25 -0.00252236
35.26 -0.00258363
35.27 -0.0027697
35.28 -0.00302016
35.29 -0.00320413
35.3 -0.00320998
35.31 -0.00301116
35.32 -0.00263872
35.33 -0.00208
35.34 -0.00121545
35.35 0.000169517
35.36 0.00216241
35.37 0.0044326
35.38 0.00628403
35.39 0.00702796
35.4 0.00634639
35.41 0.00440966
35.42 0.00172665
35.43 -0.00121223
35.44 -0.00407241
35.45 -0.00654842
35.46 -0.00828227
35.47 -0.00894852
35.48 -0.00842937
35.49 -0.00684329
35.5 -0.00447995
35.51 -0.00175478
35.52 0.000918509
35.53 0.00305102
35.54 0.00400952
35.55 0.00331972
35.56 0.00108161
35.57 -0.00201402
35.58 -0.00488511
35.59 -0.00636992
35.6 -0.00568109
35.61 -0.00278708
35.62 0.00159571
35.63 0.0061677
35.64 0.00944407
35.65 0.0103328
35.66 0.00850064
35.67 0.00447775
35.68 -0.000651614
35.69 -0.0056851
35.7 -0.00955835
35.71 -0.0113545
35.72 -0.0104489
35.73 -0.0069323
35.74 -0.00168151
35.75 0.00392148
35.76 0.00828864
35.77 0.0100131
35.78 0.00841117
35.79 0.00392886
35.8 -0.00212344
35.81 -0.00804488
35.82 -0.0121774
35.83 -0.0132103
35.84 -0.0105275
35.85 -0.0046609
35.86 0.00289741
35.87 0.0100678
35.88 0.0147573
35.89 0.0154939
35.9 0.0118712
35.91 0.00481664
35.92 -0.00381872
35.93 -0.0117997
35.94 -0.0170096
35.95 -0.0177815
35.96 -0.0135993
35.97 -0.00573459
35.98 0.00359554
35.99 0.0121296
36 0.0182107
36.01 0.0209809
36.02 0.0200569
36.03 0.0157068
36.04 0.00877567
36.05 0.00045386
36.06 -0.00761446
36.07 -0.0136215
36.08 -0.0161008
36.09 -0.0142879
36.1 -0.00858591
36.11 -0.000613731
36.12 0.00737664
36.13 0.0133915
36.14 0.0160242
36.15 0.0143807
36.16 0.00866786
36.17 0.000336548
36.18 -0.0083452
36.19 -0.015061
36.2 -0.0180656
36.21 -0.0162901
36.22 -0.00990507
36.23 -0.000351149
36.24 0.0103116
36.25 0.0202194
36.26 0.0282491
36.27 0.0337726
36.28 0.0366007
36.29 0.0368132
36.3 0.034155
36.31 0.0283054
36.32 0.0196957
36.33 0.00933643
36.34 -0.00178865
36.35 -0.0120014
36.36 -0.0195469
36.37 -0.0238364
36.38 -0.024624
36.39 -0.0217244
36.4 -0.015656
36.41 -0.00732373
36.42 0.00233835
36.43 0.0122489
36.44 0.0217965
36.45 0.0306916
36.46 0.0378739
36.47 0.0420882
36.48 0.043224
36.49 0.0419179
36.5 0.0383543
36.51 0.0323631
36.52 0.0244656
36.53 0.0158252
36.54 0.00723197
36.55 -0.000977585
36.56 -0.00810938
36.57 -0.0132465
36.58 -0.0157383
36.59 -0.0151017
36.6 -0.0112024
36.61 -0.00469609
36.62 0.00334782
36.63 0.0115796
36.64 0.0190585
36.65 0.0255589
36.66 0.0304479
36.67 0.0324816
36.68 0.0310255
36.69 0.0264895
36.7 0.0192945
36.71 0.00921834
36.72 -0.00356772
36.73 -0.0175894
