0.01 5.85569e-07
0.02 1.06208e-06
0.03 -1.35523e-06
0.04 -8.0914e-06
0.05 -1.72596e-05
0.06 -2.54157e-05
0.07 -3.1012e-05
0.08 -3.67776e-05
0.09 -4.73513e-05
0.1 -6.22753e-05
0.11 -7.14688e-05
0.12 -6.07613e-05
0.13 -2.46293e-05
0.14 2.64646e-05
0.15 7.18799e-05
0.16 9.37624e-05
0.17 8.58281e-05
0.18 5.3367e-05
0.19 8.756e-06
0.2 -3.18419e-05
0.21 -5.18391e-05
0.22 -4.18078e-05
0.23 -7.44466e-06
0.24 3.14105e-05
0.25 5.2736e-05
0.26 4.61636e-05
0.27 1.81546e-05
0.28 -1.33436e-05
0.29 -2.97386e-05
0.3 -2.27876e-05
0.31 -9.86829e-07
0.32 1.38114e-05
0.33 8.95758e-07
0.34 -4.16172e-05
0.35 -9.00192e-05
0.36 -0.000107976
0.37 -7.23327e-05
0.38 8.07109e-06
0.39 9.65218e-05
0.4 0.000152528
0.41 0.000156332
0.42 0.000116381
0.43 5.9143e-05
0.44 1.27587e-05
0.45 -5.66568e-06
0.46 3.63443e-06
0.47 2.32507e-05
0.48 2.67446e-05
0.49 -5.39397e-06
0.5 -6.9548e-05
0.51 -0.000135865
0.52 -0.000164964
0.53 -0.000134164
0.54 -5.30817e-05
0.55 4.25336e-05
0.56 0.000111738
0.57 0.000128709
0.58 9.27453e-05
0.59 2.65058e-05
0.6 -3.56875e-05
0.61 -6.47889e-05
0.62 -5.1027e-05
0.63 -7.75853e-06
0.64 3.62024e-05
0.65 6.063e-05
0.66 5.23324e-05
0.67 4.51564e-06
0.68 -6.09837e-05
0.69 -0.000101307
0.7 -8.47058e-05
0.71 -1.35996e-05
0.72 7.50203e-05
0.73 0.000132687
0.74 0.000130464
0.75 7.55909e-05
0.76 2.39725e-06
0.77 -5.29287e-05
0.78 -7.2937e-05
0.79 -6.2547e-05
0.8 -3.91406e-05
0.81 -1.91807e-05
0.82 -9.3843e-06
0.83 -6.24616e-06
0.84 -1.82138e-06
0.85 9.98055e-06
0.86 2.96586e-05
0.87 5.06999e-05
0.88 6.1881e-05
0.89 5.48222e-05
0.9 3.10558e-05
0.91 2.06073e-07
0.92 -2.86355e-05
0.93 -5.15496e-05
0.94 -6.61585e-05
0.95 -6.75251e-05
0.96 -5.12382e-05
0.97 -1.98281e-05
0.98 1.64306e-05
0.99 4.52366e-05
1 5.77997e-05
1.01 5.06634e-05
1.02 2.5772e-05
1.03 -9.47676e-06
1.04 -4.24977e-05
1.05 -5.80551e-05
1.06 -4.54461e-05
1.07 -7.88409e-06
1.08 3.45906e-05
1.09 5.53797e-05
1.1 4.02359e-05
1.11 -5.59794e-08
1.12 -3.54055e-05
1.13 -3.77298e-05
1.14 -1.62763e-06
1.15 5.12553e-05
1.16 8.66241e-05
1.17 8.02117e-05
1.18 3.43224e-05
1.19 -2.26335e-05
1.2 -5.49435e-05
1.21 -4.47743e-05
1.22 -5.20741e-06
1.23 2.91904e-05
1.24 2.74717e-05
1.25 -1.55356e-05
1.26 -7.54838e-05
1.27 -0.000114266
1.28 -0.000103491
1.29 -4.07017e-05
1.3 5.00669e-05
1.31 0.00013109
1.32 0.000168086
1.33 0.000144151
1.34 6.7613e-05
1.35 -2.85959e-05
1.36 -9.95343e-05
1.37 -0.000111725
1.38 -6.53205e-05
1.39 3.2926e-06
1.4 4.49929e-05
1.41 3.21755e-05
1.42 -2.16866e-05
1.43 -7.15419e-05
1.44 -7.30257e-05
1.45 -1.55499e-05
1.46 6.7938e-05
1.47 0.00012287
1.48 0.000111245
1.49 3.86761e-05
1.5 -4.89728e-05
1.51 -9.67172e-05
1.52 -7.69787e-05
1.53 -5.89389e-06
1.54 7.02394e-05
1.55 0.000105715
1.56 8.106e-05
1.57 9.64157e-06
1.58 -7.37155e-05
1.59 -0.000131366
1.6 -0.000138044
1.61 -8.8448e-05
1.62 1.43521e-06
1.63 9.7667e-05
1.64 0.00015843
1.65 0.000152675
1.66 7.98374e-05
1.67 -2.47666e-05
1.68 -0.000107706
1.69 -0.00012867
1.7 -8.31992e-05
1.71 -2.80114e-06
1.72 6.45832e-05
1.73 8.1855e-05
1.74 4.42845e-05
1.75 -1.68714e-05
1.76 -5.34037e-05
1.77 -3.2418e-05
1.78 3.85794e-05
1.79 0.000112169
1.8 0.000130756
1.81 6.81276e-05
1.82 -4.79534e-05
1.83 -0.000151787
1.84 -0.000183119
1.85 -0.00012488
1.86 -1.05968e-05
1.87 9.83492e-05
1.88 0.000147732
1.89 0.000117356
1.9 2.83186e-05
1.91 -6.94067e-05
1.92 -0.000122625
1.93 -0.000103112
1.94 -2.36273e-05
1.95 6.95557e-05
1.96 0.000124906
1.97 0.000116565
1.98 5.71329e-05
1.99 -1.38152e-05
2 -5.41603e-05
2.01 -4.22398e-05
2.02 1.06017e-05
2.03 6.45392e-05
2.04 7.45696e-05
2.05 2.10858e-05
2.06 -7.40786e-05
2.07 -0.000160112
2.08 -0.000189506
2.09 -0.00014571
2.1 -4.84053e-05
2.11 6.1401e-05
2.12 0.000141192
2.13 0.00016044
2.14 0.000109481
2.15 7.9282e-06
2.16 -9.46407e-05
2.17 -0.000138346
2.18 -8.98632e-05
2.19 2.90145e-05
2.2 0.000148025
2.21 0.000191129
2.22 0.000126331
2.23 -1.17597e-05
2.24 -0.000141188
2.25 -0.000182006
2.26 -0.000107078
2.27 3.62634e-05
2.28 0.000150806
2.29 0.000150502
2.3 2.09899e-05
2.31 -0.000163306
2.32 -0.000282564
2.33 -0.000249669
2.34 -7.0078e-05
2.35 0.000158119
2.36 0.00030383
2.37 0.000282792
2.38 0.000107672
2.39 -0.000120215
2.4 -0.000270887
2.41 -0.000261257
2.42 -0.00010128
2.43 0.000115467
2.44 0.00026806
2.45 0.000276536
2.46 0.00014386
2.47 -5.05318e-05
2.48 -0.000199939
2.49 -0.00023146
2.5 -0.000142612
2.51 4.4483e-06
2.52 0.00012303
2.53 0.000151453
2.54 8.50143e-05
2.55 -2.60898e-05
2.56 -0.000111075
2.57 -0.000122739
2.58 -6.13272e-05
2.59 3.4381e-05
2.6 0.000114136
2.61 0.000139618
2.62 9.66907e-05
2.63 4.07769e-07
2.64 -0.000106957
2.65 -0.000170953
2.66 -0.000153007
2.67 -5.56025e-05
2.68 7.481e-05
2.69 0.000170528
2.7 0.000178196
2.71 8.93393e-05
2.72 -5.12803e-05
2.73 -0.000168298
2.74 -0.000199349
2.75 -0.000132165
2.76 -1.02701e-05
2.77 9.37424e-05
2.78 0.000117963
2.79 4.48559e-05
2.8 -8.39212e-05
2.81 -0.00018335
2.82 -0.000172648
2.83 -3.02597e-05
2.84 0.000183425
2.85 0.000356538
2.86 0.000390441
2.87 0.000256451
2.88 1.27209e-05
2.89 -0.000225333
2.9 -0.000344861
2.91 -0.000295468
2.92 -0.000117328
2.93 8.11786e-05
2.94 0.000185832
2.95 0.000141126
2.96 -2.05413e-05
2.97 -0.000197895
2.98 -0.000276098
2.99 -0.000191859
3 2.55958e-05
3.01 0.000265224
3.02 0.000396057
3.03 0.000344676
3.04 0.000139109
3.05 -0.000108339
3.06 -0.000266365
3.07 -0.000257838
3.08 -0.000101376
3.09 0.000100283
3.1 0.000220883
3.11 0.000186437
3.12 1.81842e-05
3.13 -0.000184918
3.14 -0.00030917
3.15 -0.000291023
3.16 -0.000147075
3.17 4.06763e-05
3.18 0.000172267
3.19 0.000185746
3.2 9.15848e-05
3.21 -3.64428e-05
3.22 -0.000108776
3.23 -7.41119e-05
3.24 5.27353e-05
3.25 0.000200817
3.26 0.000282714
3.27 0.000243725
3.28 9.29907e-05
3.29 -0.00010309
3.3 -0.000258557
3.31 -0.000309546
3.32 -0.000239728
3.33 -8.73086e-05
3.34 6.7483e-05
3.35 0.000140315
3.36 9.53015e-05
3.37 -2.47815e-05
3.38 -0.000122399
3.39 -0.000112423
3.4 1.67153e-05
3.41 0.000193142
3.42 0.000308758
3.43 0.000289769
3.44 0.000143376
3.45 -4.86177e-05
3.46 -0.000183318
3.47 -0.000200753
3.48 -0.000116313
3.49 -3.29375e-06
3.5 5.9013e-05
3.51 3.59561e-05
3.52 -4.44326e-05
3.53 -0.000114832
3.54 -0.000116788
3.55 -4.12305e-05
3.56 6.60672e-05
3.57 0.000136482
3.58 0.000123923
3.59 3.32626e-05
3.6 -8.29615e-05
3.61 -0.000154235
3.62 -0.000132155
3.63 -2.14875e-05
3.64 0.000117559
3.65 0.000203081
3.66 0.000182093
3.67 6.28624e-05
3.68 -9.25187e-05
3.69 -0.000206465
3.7 -0.000227315
3.71 -0.000151478
3.72 -2.15374e-05
3.73 9.43057e-05
3.74 0.000134723
3.75 7.89863e-05
3.76 -3.59809e-05
3.77 -0.000131293
3.78 -0.000131872
3.79 -1.62158e-05
3.8 0.000162525
3.81 0.000301717
3.82 0.000310512
3.83 0.000170833
3.84 -4.41438e-05
3.85 -0.000211702
3.86 -0.000236622
3.87 -0.000111544
3.88 7.86193e-05
3.89 0.000208039
3.9 0.000184886
3.91 8.90027e-06
3.92 -0.000222085
3.93 -0.000367671
3.94 -0.000332894
3.95 -0.000130256
3.96 0.000126447
3.97 0.000290591
3.98 0.000268595
3.99 7.29674e-05
4 -0.000184585
4.01 -0.000354589
4.02 -0.000333704
4.03 -0.000125436
4.04 0.000159183
4.05 0.000363223
4.06 0.000372385
4.07 0.000180873
4.08 -0.000101958
4.09 -0.000310451
4.1 -0.000317561
4.11 -0.000111637
4.12 0.000193575
4.13 0.000424698
4.14 0.000450507
4.15 0.000257245
4.16 -4.61078e-05
4.17 -0.00029355
4.18 -0.000359088
4.19 -0.000228046
4.2 -1.0175e-06
4.21 0.000172769
4.22 0.000190586
4.23 5.73383e-05
4.24 -0.000126168
4.25 -0.000235243
4.26 -0.000202518
4.27 -5.76443e-05
4.28 9.62582e-05
4.29 0.000153567
4.3 7.86769e-05
4.31 -7.01079e-05
4.32 -0.000182838
4.33 -0.000174311
4.34 -3.87518e-05
4.35 0.000151974
4.36 0.000297075
4.37 0.000324178
4.38 0.000222423
4.39 4.12258e-05
4.4 -0.000138873
4.41 -0.000247378
4.42 -0.000254965
4.43 -0.000177758
4.44 -5.71806e-05
4.45 6.49851e-05
4.46 0.000159642
4.47 0.000210396
4.48 0.000207775
4.49 0.00014616
4.5 3.00907e-05
4.51 -0.000113589
4.52 -0.000233701
4.53 -0.000275397
4.54 -0.000215272
4.55 -8.40913e-05
4.56 4.56493e-05
4.57 0.000103066
4.58 6.40429e-05
4.59 -3.19006e-05
4.6 -0.000106012
4.61 -9.5106e-05
4.62 -1.58536e-06
4.63 0.000102612
4.64 0.000128954
4.65 4.42515e-05
4.66 -9.69399e-05
4.67 -0.000187542
4.68 -0.000145335
4.69 2.39681e-05
4.7 0.000223281
4.71 0.00032386
4.72 0.000249124
4.73 2.77123e-05
4.74 -0.000219492
4.75 -0.000351399
4.76 -0.000292378
4.77 -7.67191e-05
4.78 0.000176025
4.79 0.000336463
4.8 0.000341117
4.81 0.00022166
4.82 7.27311e-05
4.83 -1.76387e-05
4.84 -2.66879e-05
4.85 -3.01611e-06
4.86 -1.70213e-05
4.87 -9.68924e-05
4.88 -0.000201538
4.89 -0.000249782
4.9 -0.000182222
4.91 -1.0468e-05
4.92 0.000181922
4.93 0.000288915
4.94 0.000247555
4.95 7.50015e-05
4.96 -0.000143228
4.97 -0.000300933
4.98 -0.000326124
4.99 -0.000216841
5 -3.99967e-05
5.01 0.000109611
5.02 0.000166763
5.03 0.000129946
5.04 4.97317e-05
5.05 -1.39222e-05
5.06 -3.03202e-05
5.07 -8.73504e-06
5.08 1.79298e-05
5.09 2.06109e-05
5.1 -5.74004e-06
5.11 -4.10492e-05
5.12 -5.57862e-05
5.13 -3.09074e-05
5.14 2.98225e-05
5.15 0.000101363
5.16 0.000151861
5.17 0.000160926
5.18 0.000129514
5.19 7.59799e-05
5.2 2.23789e-05
5.21 -2.00386e-05
5.22 -5.55395e-05
5.23 -9.23911e-05
5.24 -0.00012433
5.25 -0.000128126
5.26 -8.75986e-05
5.27 -2.12839e-05
5.28 2.0955e-05
5.29 -1.68983e-06
5.3 -7.80664e-05
5.31 -0.000143965
5.32 -0.000132153
5.33 -3.26974e-05
5.34 9.24815e-05
5.35 0.000157773
5.36 0.000124709
5.37 3.44812e-05
5.38 -2.66381e-05
5.39 -1.66074e-10
5.4 9.69994e-05
5.41 0.00018561
5.42 0.000187048
5.43 8.08203e-05
5.44 -8.0048e-05
5.45 -0.000203561
5.46 -0.000218461
5.47 -0.000120279
5.48 2.63872e-05
5.49 0.000130658
5.5 0.000133404
5.51 4.12272e-05
5.52 -8.3674e-05
5.53 -0.000166078
5.54 -0.000161854
5.55 -7.87377e-05
5.56 3.18992e-05
5.57 0.000105179
5.58 0.000101938
5.59 3.68004e-05
5.6 -2.68801e-05
5.61 -1.92689e-05
5.62 8.14961e-05
5.63 0.000222386
5.64 0.000302651
5.65 0.000244229
5.66 5.58853e-05
5.67 -0.000161699
5.68 -0.00027906
5.69 -0.000224758
5.7 -3.52637e-05
5.71 0.000164074
5.72 0.000235329
5.73 0.000116582
5.74 -0.000133239
5.75 -0.000366301
5.76 -0.00043658
5.77 -0.000291229
5.78 -6.9642e-06
5.79 0.000250287
5.8 0.000323031
5.81 0.000163284
5.82 -0.000127651
5.83 -0.000354404
5.84 -0.000349133
5.85 -8.32576e-05
5.86 0.000304107
5.87 0.000585151
5.88 0.000585478
5.89 0.000296534
5.9 -0.000117806
5.91 -0.000423113
5.92 -0.000454485
5.93 -0.000209517
5.94 0.000149573
5.95 0.000383017
5.96 0.00031159
5.97 -6.59194e-05
5.98 -0.000552741
5.99 -0.00085868
6 -0.00077216
6.01 -0.00029534
6.02 0.00034221
6.03 0.00080874
6.04 0.000867062
6.05 0.000519807
6.06 8.04619e-06
6.07 -0.000339343
6.08 -0.000308094
6.09 7.14859e-05
6.1 0.000542282
6.11 0.000776045
6.12 0.000573365
6.13 -9.75713e-06
6.14 -0.000684411
6.15 -0.00109469
6.16 -0.00103476
6.17 -0.000580626
6.18 -4.29241e-05
6.19 0.000236103
6.2 0.00010732
6.21 -0.000290102
6.22 -0.000621403
6.23 -0.00057126
6.24 -4.77827e-05
6.25 0.000745145
6.26 0.00141062
6.27 0.00158158
6.28 0.0011363
6.29 0.000284042
6.3 -0.000540267
6.31 -0.000923888
6.32 -0.000714708
6.33 -0.000102362
6.34 0.000503818
6.35 0.000721222
6.36 0.000414804
6.37 -0.000235413
6.38 -0.000853648
6.39 -0.00109715
6.4 -0.000853518
6.41 -0.000290349
6.42 0.000265052
6.43 0.000528752
6.44 0.000412094
6.45 4.2503e-05
6.46 -0.000330958
6.47 -0.000473724
6.48 -0.000276369
6.49 0.000194198
6.5 0.000718863
6.51 0.00102706
6.52 0.000938704
6.53 0.000473116
6.54 -0.000147891
6.55 -0.000617837
6.56 -0.000720107
6.57 -0.00045245
6.58 -2.21436e-05
6.59 0.000283969
6.6 0.000269313
6.61 -6.42033e-05
6.62 -0.000522043
6.63 -0.000823875
6.64 -0.000754508
6.65 -0.000287153
6.66 0.000384263
6.67 0.000933243
6.68 0.0010776
6.69 0.000749858
6.7 0.000149401
6.71 -0.000372069
6.72 -0.000525957
6.73 -0.000261639
6.74 0.000211441
6.75 0.000561397
6.76 0.00053938
6.77 0.000127462
6.78 -0.000456551
6.79 -0.000894431
6.8 -0.000953172
6.81 -0.000607573
6.82 -3.90871e-05
6.83 0.000471447
6.84 0.000690934
6.85 0.000549121
6.86 0.000171136
6.87 -0.000189864
6.88 -0.000293558
6.89 -5.58969e-05
6.9 0.000389259
6.91 0.000757093
6.92 0.000779576
6.93 0.00037773
6.94 -0.000271871
6.95 -0.000827862
6.96 -0.000983834
6.97 -0.000655293
6.98 -3.59345e-05
6.99 0.000514514
7 0.000684015
7.01 0.000393855
7.02 -0.000157332
7.03 -0.000619642
7.04 -0.000708843
7.05 -0.000374504
7.06 0.000183603
7.07 0.000647018
7.08 0.000764967
7.09 0.000490129
7.1 1.86602e-06
7.11 -0.000392496
7.12 -0.000435436
7.13 -8.40163e-05
7.14 0.000444998
7.15 0.000795834
7.16 0.000692959
7.17 0.000119224
7.18 -0.000659498
7.19 -0.00123645
7.2 -0.00128784
7.21 -0.00075261
7.22 0.000122871
7.23 0.000904721
7.24 0.00120253
7.25 0.000884728
7.26 0.000154447
7.27 -0.000562442
7.28 -0.000857642
7.29 -0.000573606
7.3 0.000102501
7.31 0.000743149
7.32 0.000933748
7.33 0.000530928
7.34 -0.000236906
7.35 -0.000901927
7.36 -0.00104724
7.37 -0.000571994
7.38 0.000239698
7.39 0.000892897
7.4 0.000990735
7.41 0.000483045
7.42 -0.00030291
7.43 -0.000870413
7.44 -0.000866104
7.45 -0.000294718
7.46 0.000496966
7.47 0.00104216
7.48 0.00102999
7.49 0.000470718
7.5 -0.000326509
7.51 -0.00093026
7.52 -0.00101848
7.53 -0.00055352
7.54 0.000187984
7.55 0.000761673
7.56 0.000814189
7.57 0.000304226
7.58 -0.000461685
7.59 -0.00101307
7.6 -0.00100559
7.61 -0.000435223
7.62 0.0003548
7.63 0.000881105
7.64 0.000817543
7.65 0.000198885
7.66 -0.000598775
7.67 -0.00108898
7.68 -0.00096807
7.69 -0.000286554
7.7 0.000595481
7.71 0.00122337
7.72 0.00129599
7.73 0.000813144
7.74 5.96657e-05
7.75 -0.000553549
7.76 -0.000710851
7.77 -0.00036283
7.78 0.000248776
7.79 0.000733854
7.8 0.00078294
7.81 0.000343669
7.82 -0.000354458
7.83 -0.000931264
7.84 -0.00106827
7.85 -0.000690988
7.86 -1.72936e-05
7.87 0.000570606
7.88 0.000752074
7.89 0.000456162
7.9 -0.000102877
7.91 -0.000566234
7.92 -0.000646597
7.93 -0.000288723
7.94 0.000304554
7.95 0.000789009
7.96 0.000875944
7.97 0.000501759
7.98 -0.000129251
7.99 -0.000661677
8 -0.000801437
8.01 -0.000494812
8.02 3.85039e-05
8.03 0.000442219
8.04 0.000449108
8.05 5.63725e-05
8.06 -0.000464051
8.07 -0.00073593
8.08 -0.000525561
8.09 9.71862e-05
8.1 0.000792139
8.11 0.00115465
8.12 0.000962556
8.13 0.00031474
8.14 -0.000420112
8.15 -0.000819396
8.16 -0.000664713
8.17 -8.34279e-05
8.18 0.000525145
8.19 0.000741946
8.2 0.000398077
8.21 -0.000313547
8.22 -0.000955068
8.23 -0.00111336
8.24 -0.000655704
8.25 0.000184414
8.26 0.00094346
8.27 0.00120208
8.28 0.000833125
8.29 7.73122e-05
8.3 -0.000600425
8.31 -0.000791255
8.32 -0.000390291
8.33 0.000340364
8.34 0.000931622
8.35 0.000991236
8.36 0.00043944
8.37 -0.000441436
8.38 -0.00116867
8.39 -0.00133684
8.4 -0.000853099
8.41 2.95191e-06
8.42 0.000738896
8.43 0.000939642
8.44 0.000510137
8.45 -0.000273413
8.46 -0.000928683
8.47 -0.00104693
8.48 -0.000527139
8.49 0.000364407
8.5 0.00114394
8.51 0.00138735
8.52 0.000975938
8.53 0.000164998
8.54 -0.000569331
8.55 -0.000814531
8.56 -0.000464497
8.57 0.000224478
8.58 0.000794703
8.59 0.000867641
8.6 0.000375874
8.61 -0.000396903
8.62 -0.000996679
8.63 -0.00108463
8.64 -0.000639061
8.65 5.19252e-05
8.66 0.000586444
8.67 0.000694521
8.68 0.000381642
8.69 -0.000100746
8.7 -0.000421375
8.71 -0.000366234
8.72 4.20246e-05
8.73 0.000562872
8.74 0.000882353
8.75 0.000799458
8.76 0.000344139
8.77 -0.000241483
8.78 -0.000645484
8.79 -0.000668285
8.8 -0.000337207
8.81 0.000116824
8.82 0.000405906
8.83 0.000359573
8.84 1.716e-05
8.85 -0.000411142
8.86 -0.000676307
8.87 -0.000628905
8.88 -0.000289392
8.89 0.000173124
8.9 0.000529466
8.91 0.000604432
8.92 0.000369476
8.93 -3.38885e-05
8.94 -0.000364946
8.95 -0.000419693
8.96 -0.000154541
8.97 0.000279304
8.98 0.000617133
8.99 0.000633808
9 0.000280156
9.01 -0.000279048
9.02 -0.000753746
9.03 -0.000895202
9.04 -0.000639728
9.05 -0.000142447
9.06 0.0003154
9.07 0.000486543
9.08 0.000293049
9.09 -0.000134727
9.1 -0.000531871
9.11 -0.000643585
9.12 -0.000367767
9.13 0.000178505
9.14 0.000713928
9.15 0.000949816
9.16 0.000759061
9.17 0.000251406
9.18 -0.000292506
9.19 -0.000585395
9.2 -0.000493723
9.21 -0.000101613
9.22 0.000349879
9.23 0.000604354
9.24 0.000529532
9.25 0.000179301
9.26 -0.000250594
9.27 -0.000539387
9.28 -0.00055716
9.29 -0.000319246
9.3 3.42688e-05
9.31 0.000310909
9.32 0.000360117
9.33 0.000157551
9.34 -0.000165737
9.35 -0.0003859
9.36 -0.000322857
9.37 3.00808e-05
9.38 0.000478262
9.39 0.000734324
9.4 0.000600374
9.41 0.00010141
9.42 -0.000520416
9.43 -0.000943411
9.44 -0.000945486
9.45 -0.000522683
9.46 0.000107452
9.47 0.00061357
9.48 0.000720427
9.49 0.000362093
9.5 -0.000266235
9.51 -0.000801495
9.52 -0.000912996
9.53 -0.000500226
9.54 0.000232272
9.55 0.000880475
9.56 0.00107602
9.57 0.000712885
9.58 2.18519e-05
9.59 -0.000566505
9.6 -0.000687792
9.61 -0.000277423
9.62 0.000380875
9.63 0.000837123
9.64 0.000766086
9.65 0.000173907
9.66 -0.000604748
9.67 -0.00110712
9.68 -0.00101681
9.69 -0.000356956
9.7 0.000509874
9.71 0.00108569
9.72 0.00103392
9.73 0.00038908
9.74 -0.000459431
9.75 -0.00100634
9.76 -0.000940228
9.77 -0.000326776
9.78 0.000444503
9.79 0.000907574
9.8 0.000802559
9.81 0.000223143
9.82 -0.000453936
9.83 -0.000809106
9.84 -0.000639361
9.85 -7.57706e-05
9.86 0.000509894
9.87 0.000743526
9.88 0.000478601
9.89 -0.000120467
9.9 -0.000682111
9.91 -0.00084975
9.92 -0.000494535
9.93 0.000200473
9.94 0.000839843
9.95 0.00105094
9.96 0.000714258
9.97 3.86881e-05
9.98 -0.000572526
9.99 -0.000776362
10 -0.000493773
10.01 6.31884e-05
10.02 0.000538604
10.03 0.000649179
10.04 0.000343611
10.05 -0.000177797
10.06 -0.000590193
10.07 -0.00064339
10.08 -0.000312878
10.09 0.000191443
10.1 0.000561699
10.11 0.000580849
10.12 0.000245306
10.13 -0.000242859
10.14 -0.000598003
10.15 -0.000612402
10.16 -0.00026793
10.17 0.000258799
10.18 0.000693779
10.19 0.000808227
10.2 0.000534676
10.21 3.23255e-06
10.22 -0.000523533
10.23 -0.000790432
10.24 -0.000690992
10.25 -0.000324189
10.26 7.31796e-05
10.27 0.0002745
10.28 0.000195452
10.29 -6.93124e-05
10.3 -0.000318869
10.31 -0.00037442
10.32 -0.000181429
10.33 0.000170923
10.34 0.000510589
10.35 0.000675048
10.36 0.000585188
10.37 0.000277946
10.38 -0.000106702
10.39 -0.000384109
10.4 -0.000414525
10.41 -0.000184507
10.42 0.000170839
10.43 0.000433035
10.44 0.000427437
10.45 0.000137562
10.46 -0.000273285
10.47 -0.00055842
10.48 -0.000544441
10.49 -0.000243258
10.5 0.000156855
10.51 0.000413454
10.52 0.000380394
10.53 8.95743e-05
10.54 -0.00027781
10.55 -0.000501396
10.56 -0.000445293
10.57 -0.000130846
10.58 0.000276363
10.59 0.000558194
10.6 0.000564364
10.61 0.000294786
10.62 -9.84881e-05
10.63 -0.000389362
10.64 -0.000399663
10.65 -0.000105481
10.66 0.000334356
10.67 0.000658466
10.68 0.000657814
10.69 0.000310402
10.7 -0.000198176
10.71 -0.000584728
10.72 -0.000633968
10.73 -0.00031753
10.74 0.00019166
10.75 0.000608762
10.76 0.000688483
10.77 0.000368768
10.78 -0.000175499
10.79 -0.000618392
10.8 -0.000672966
10.81 -0.000271352
10.82 0.000381241
10.83 0.000916877
10.84 0.00101564
10.85 0.000594408
10.86 -0.000136194
10.87 -0.000785209
10.88 -0.00100502
10.89 -0.000694229
10.9 -5.56389e-05
10.91 0.000529452
10.92 0.000734705
10.93 0.000482436
10.94 -2.3232e-05
10.95 -0.000436763
10.96 -0.000487431
10.97 -0.000136289
10.98 0.000411751
10.99 0.000836619
11 0.000892333
11.01 0.00054846
11.02 4.54334e-06
11.03 -0.000430385
11.04 -0.000521803
11.05 -0.000247557
11.06 0.00019365
11.07 0.000508362
11.08 0.000489946
11.09 0.00014315
11.1 -0.000322805
11.11 -0.00062522
11.12 -0.000581432
11.13 -0.000220009
11.14 0.000237461
11.15 0.000513392
11.16 0.000445582
11.17 8.81002e-05
11.18 -0.00031889
11.19 -0.000494769
11.2 -0.000295921
11.21 0.000183924
11.22 0.000659074
11.23 0.000821421
11.24 0.000533486
11.25 -7.31997e-05
11.26 -0.000662538
11.27 -0.000893062
11.28 -0.000633903
11.29 -5.72961e-05
11.3 0.000461733
11.31 0.000582769
11.32 0.000223603
11.33 -0.000378834
11.34 -0.000818385
11.35 -0.000787979
11.36 -0.000287238
11.37 0.00037448
11.38 0.000786167
11.39 0.00071145
11.4 0.000239739
11.41 -0.000287966
11.42 -0.000518077
11.43 -0.000319028
11.44 0.00014491
11.45 0.000539329
11.46 0.000586993
11.47 0.000240916
11.48 -0.0002995
11.49 -0.00072279
11.5 -0.00079666
11.51 -0.000501257
11.52 -3.17303e-05
11.53 0.000325967
11.54 0.000368408
11.55 9.08007e-05
11.56 -0.000322093
11.57 -0.000616873
11.58 -0.000622998
11.59 -0.000343881
11.6 5.75209e-05
11.61 0.000361351
11.62 0.000419975
11.63 0.000239395
11.64 -3.54674e-05
11.65 -0.000219853
11.66 -0.000204792
11.67 -1.81588e-05
11.68 0.000197691
11.69 0.000275193
11.7 0.000131724
11.71 -0.000164021
11.72 -0.000423415
11.73 -0.000460988
11.74 -0.000228011
11.75 0.000143979
11.76 0.000424393
11.77 0.0004317
11.78 0.000149736
11.79 -0.000258955
11.8 -0.000549668
11.81 -0.000544061
11.82 -0.000241292
11.83 0.000177408
11.84 0.000457889
11.85 0.000432459
11.86 0.000129991
11.87 -0.000237382
11.88 -0.000408774
11.89 -0.000246231
11.9 0.000169763
11.91 0.000586059
11.92 0.000735283
11.93 0.000504894
11.94 9.94181e-06
11.95 -0.000474748
11.96 -0.000679587
11.97 -0.000501496
11.98 -6.33762e-05
11.99 0.000362539
12 0.000516666
12.01 0.000303805
12.02 -0.000147562
12.03 -0.000554135
12.04 -0.000644636
12.05 -0.000328587
12.06 0.000242347
12.07 0.000762099
12.08 0.000947985
12.09 0.000698113
12.1 0.000142864
12.11 -0.000428614
12.12 -0.000721845
12.13 -0.000591931
12.14 -0.000124747
12.15 0.000400967
12.16 0.000663331
12.17 0.00048647
12.18 -4.2122e-05
12.19 -0.000609085
12.2 -0.00085779
12.21 -0.000609061
12.22 1.8155e-05
12.23 0.000667481
12.24 0.000957071
12.25 0.000715042
12.26 9.18354e-05
12.27 -0.000521733
12.28 -0.000723992
12.29 -0.000346839
12.3 0.000427485
12.31 0.00115391
12.32 0.0013809
12.33 0.000934135
12.34 4.81903e-05
12.35 -0.000758888
12.36 -0.00100722
12.37 -0.000565059
12.38 0.000265156
12.39 0.000943147
12.4 0.00103366
12.41 0.000472027
12.42 -0.000405389
12.43 -0.00107176
12.44 -0.00112706
12.45 -0.000535408
12.46 0.000352891
12.47 0.00100961
12.48 0.00104709
12.49 0.000452317
12.5 -0.000409512
12.51 -0.00102077
12.52 -0.00101979
12.53 -0.000405382
12.54 0.000471183
12.55 0.0011107
12.56 0.00114901
12.57 0.000563734
12.58 -0.000309357
12.59 -0.000964913
12.6 -0.00102169
12.61 -0.000453394
12.62 0.000387751
12.63 0.00098092
12.64 0.000955654
12.65 0.000319256
12.66 -0.000550855
12.67 -0.00114343
12.68 -0.00112631
12.69 -0.000537562
12.7 0.000258402
12.71 0.000806378
12.72 0.000828304
12.73 0.000364176
12.74 -0.000277263
12.75 -0.000709046
12.76 -0.000683328
12.77 -0.000222108
12.78 0.000402368
12.79 0.00082512
12.8 0.000795955
12.81 0.000320002
12.82 -0.000345838
12.83 -0.000836775
12.84 -0.000884943
12.85 -0.000471379
12.86 0.000162951
12.87 0.000656409
12.88 0.00073574
12.89 0.000373077
12.9 -0.000199813
12.91 -0.000629511
12.92 -0.000650888
12.93 -0.000243568
12.94 0.000358765
12.95 0.000809684
12.96 0.000852725
12.97 0.00046342
12.98 -0.000145925
12.99 -0.000650966
13 -0.000793237
13.01 -0.000516383
13.02 6.92763e-06
13.03 0.000472619
13.04 0.000618411
13.05 0.000377354
13.06 -7.92882e-05
13.07 -0.000441545
13.08 -0.000448228
13.09 -4.97228e-05
13.1 0.000555196
13.11 0.00103411
13.12 0.00111866
13.13 0.000766477
13.14 0.000189764
13.15 -0.000270183
13.16 -0.000349071
13.17 -1.71304e-05
13.18 0.000510692
13.19 0.000906974
13.2 0.000922591
13.21 0.000528376
13.22 -7.00016e-05
13.23 -0.000549453
13.24 -0.000655293
13.25 -0.000349293
13.26 0.000172173
13.27 0.000603379
13.28 0.000717067
13.29 0.000493486
13.3 0.000112911
13.31 -0.000171043
13.32 -0.000186089
13.33 6.94747e-05
13.34 0.000438552
13.35 0.000696175
13.36 0.000674415
13.37 0.000363691
13.38 -7.17685e-05
13.39 -0.000389196
13.4 -0.000420285
13.41 -0.000175825
13.42 0.00017178
13.43 0.000407296
13.44 0.000402435
13.45 0.000178532
13.46 -0.000117049
13.47 -0.000298547
13.48 -0.0002516
13.49 -5.75391e-06
13.5 0.000282761
13.51 0.000434321
13.52 0.00036419
13.53 0.000129331
13.54 -0.000123605
13.55 -0.00025622
13.56 -0.00020956
13.57 -2.07217e-05
13.58 0.000202328
13.59 0.00033222
13.6 0.000288125
13.61 8.72269e-05
13.62 -0.000157681
13.63 -0.000303599
13.64 -0.000265682
13.65 -6.99497e-05
13.66 0.000162555
13.67 0.000288299
13.68 0.000224391
13.69 -5.9189e-06
13.7 -0.000286646
13.71 -0.00046992
13.72 -0.000453021
13.73 -0.000234538
13.74 8.04632e-05
13.75 0.000332383
13.76 0.000390126
13.77 0.000219678
13.78 -9.8708e-05
13.79 -0.000410974
13.8 -0.000563125
13.81 -0.000472685
13.82 -0.000171158
13.83 0.00019721
13.84 0.000430118
13.85 0.000369794
13.86 8.57879e-06
13.87 -0.000480463
13.88 -0.000833324
13.89 -0.000858768
13.9 -0.000561408
13.91 -0.000134366
13.92 0.000168674
13.93 0.00018819
13.94 -5.73055e-05
13.95 -0.000393855
13.96 -0.000593673
13.97 -0.000501057
13.98 -0.000121289
13.99 0.000379372
14 0.000769707
14.01 0.000885965
14.02 0.000712976
14.03 0.000371006
14.04 3.80195e-05
14.05 -0.000136331
14.06 -9.45002e-05
14.07 0.000100464
14.08 0.000292172
14.09 0.00031936
14.1 0.000123702
14.11 -0.000196501
14.12 -0.000437331
14.13 -0.000425449
14.14 -0.000147191
14.15 0.000231756
14.16 0.000479231
14.17 0.000458702
14.18 0.00021948
14.19 -4.35552e-05
14.2 -0.000121915
14.21 7.09019e-05
14.22 0.000438216
14.23 0.000752338
14.24 0.000799394
14.25 0.000527865
14.26 9.07892e-05
14.27 -0.000258072
14.28 -0.000336848
14.29 -0.000144347
14.3 0.000165726
14.31 0.000403882
14.32 0.000458947
14.33 0.000339354
14.34 0.000141165
14.35 -1.74881e-05
14.36 -5.7244e-05
14.37 2.76729e-05
14.38 0.00017091
14.39 0.000272727
14.4 0.000259069
14.41 0.000127646
14.42 -4.75081e-05
14.43 -0.000156621
14.44 -0.000117848
14.45 7.09422e-05
14.46 0.000321963
14.47 0.000497564
14.48 0.00048352
14.49 0.000257958
14.5 -8.64907e-05
14.51 -0.000387995
14.52 -0.000506196
14.53 -0.000402442
14.54 -0.000156722
14.55 9.03844e-05
14.56 0.000230413
14.57 0.000249044
14.58 0.000215676
14.59 0.000214696
14.6 0.000275589
14.61 0.000355226
14.62 0.000379554
14.63 0.000304514
14.64 0.00014866
14.65 -1.98356e-05
14.66 -0.000126219
14.67 -0.000134206
14.68 -6.60407e-05
14.69 1.89516e-05
14.7 7.2619e-05
14.71 8.82074e-05
14.72 8.41933e-05
14.73 6.83139e-05
14.74 3.21365e-05
14.75 -1.73508e-05
14.76 -3.74764e-05
14.77 1.9254e-05
14.78 0.000147692
14.79 0.000271273
14.8 0.000293124
14.81 0.000177305
14.82 -1.10315e-05
14.83 -0.000144524
14.84 -0.000127878
14.85 2.21868e-05
14.86 0.000178272
14.87 0.000193185
14.88 1.82319e-05
14.89 -0.000241494
14.9 -0.00038959
14.91 -0.000286863
14.92 2.59091e-05
14.93 0.000338769
14.94 0.000423331
14.95 0.000209969
14.96 -0.000155429
14.97 -0.000427125
14.98 -0.000450853
14.99 -0.000270554
15 -7.24954e-05
15.01 -2.82932e-05
15.02 -0.000166659
15.03 -0.000360387
15.04 -0.000423325
15.05 -0.000246475
15.06 0.000115842
15.07 0.000468617
15.08 0.000599225
15.09 0.000423503
15.1 5.12655e-05
15.11 -0.000280818
15.12 -0.000360717
15.13 -0.000128595
15.14 0.000297394
15.15 0.000696868
15.16 0.000869454
15.17 0.00073917
15.18 0.000390867
15.19 1.74163e-05
15.2 -0.000193172
15.21 -0.000159981
15.22 5.37643e-05
15.23 0.00028045
15.24 0.00034285
15.25 0.000158971
15.26 -0.000198614
15.27 -0.000534974
15.28 -0.000652947
15.29 -0.0004879
15.3 -0.000160236
15.31 9.60357e-05
15.32 8.1239e-05
15.33 -0.00024147
15.34 -0.000713937
15.35 -0.00106609
15.36 -0.00107277
15.37 -0.00069861
15.38 -0.000137071
15.39 0.000298093
15.4 0.000374795
15.41 0.00010706
15.42 -0.000242792
15.43 -0.000344339
15.44 -3.96285e-05
15.45 0.000537459
15.46 0.00105528
15.47 0.001217
15.48 0.000959121
15.49 0.000482801
15.5 0.000107029
15.51 4.92615e-05
15.52 0.000284459
15.53 0.000579494
15.54 0.000675606
15.55 0.000478063
15.56 0.000108472
15.57 -0.00020521
15.58 -0.00029475
15.59 -0.000141949
15.6 0.000147844
15.61 0.000428225
15.62 0.000577556
15.63 0.000532059
15.64 0.00030724
15.65 9.603e-06
15.66 -0.000192007
15.67 -0.000153372
15.68 0.000136094
15.69 0.00050454
15.7 0.000674524
15.71 0.000442577
15.72 -0.000154994
15.73 -0.000822081
15.74 -0.00117182
15.75 -0.000988567
15.76 -0.000395932
15.77 0.000210982
15.78 0.000440536
15.79 0.000187116
15.8 -0.000299459
15.81 -0.000614319
15.82 -0.000506109
15.83 -5.2623e-05
15.84 0.000415461
15.85 0.000562228
15.86 0.00027506
15.87 -0.000273437
15.88 -0.000748516
15.89 -0.000867541
15.9 -0.000571575
15.91 -5.37885e-05
15.92 0.000369198
15.93 0.000458147
15.94 0.000192796
15.95 -0.000232525
15.96 -0.00054072
15.97 -0.000532419
15.98 -0.000183995
15.99 0.00034538
16 0.00078674
16.01 0.000892861
16.02 0.000584023
16.03 2.83473e-05
16.04 -0.000423209
16.05 -0.000443589
16.06 4.04063e-05
16.07 0.00076624
16.08 0.00128751
16.09 0.00126219
16.1 0.000669519
16.11 -0.000189593
16.12 -0.000885739
16.13 -0.00110285
16.14 -0.000792751
16.15 -0.00018915
16.16 0.000309472
16.17 0.000345145
16.18 -0.000188916
16.19 -0.00104888
16.2 -0.00174036
16.21 -0.00179834
16.22 -0.00108772
16.23 7.38146e-05
16.24 0.00107791
16.25 0.00138005
16.26 0.000815398
16.27 -0.000299475
16.28 -0.00132042
16.29 -0.00161481
16.3 -0.000935515
16.31 0.000374517
16.32 0.00152287
16.33 0.00173907
16.34 0.000798231
16.35 -0.000773076
16.36 -0.00200022
16.37 -0.00209384
16.38 -0.000968019
16.39 0.000705866
16.4 0.00192246
16.41 0.00195768
16.42 0.000798899
16.43 -0.000848189
16.44 -0.00196839
16.45 -0.00183708
16.46 -0.000472137
16.47 0.00134606
16.48 0.00253193
16.49 0.00235428
16.5 0.00088523
16.51 -0.00104471
16.52 -0.0023482
16.53 -0.00231622
16.54 -0.00100594
16.55 0.000822016
16.56 0.0021465
16.57 0.00225178
16.58 0.00111559
16.59 -0.000591397
16.6 -0.00189602
16.61 -0.00208123
16.62 -0.00108653
16.63 0.000482925
16.64 0.00172883
16.65 0.00197807
16.66 0.00114434
16.67 -0.000255756
16.68 -0.00141332
16.69 -0.00168032
16.7 -0.000926122
16.71 0.00038768
16.72 0.00145772
16.73 0.00158932
16.74 0.0006102
16.75 -0.000988873
16.76 -0.0022962
16.77 -0.00250323
16.78 -0.00141789
16.79 0.000375896
16.8 0.00184823
16.81 0.00215275
16.82 0.00115386
16.83 -0.000498154
16.84 -0.0017776
16.85 -0.0018951
16.86 -0.000738682
16.87 0.00108801
16.88 0.0026181
16.89 0.00306391
16.9 0.00219316
16.91 0.000456022
16.92 -0.00123721
16.93 -0.00203818
16.94 -0.00161282
16.95 -0.00030585
16.96 0.00106736
16.97 0.0017006
16.98 0.00125838
16.99 5.77478e-05
17 -0.00112823
17.01 -0.00153649
17.02 -0.000874863
17.03 0.000511709
17.04 0.00186736
17.05 0.00247035
17.06 0.00201763
17.07 0.000763362
17.08 -0.000626316
17.09 -0.00141888
17.1 -0.00121286
17.11 -0.000181108
17.12 0.00101942
17.13 0.00163301
17.14 0.00124626
17.15 2.76884e-05
17.16 -0.00136231
17.17 -0.00214289
17.18 -0.00186877
17.19 -0.000708073
17.2 0.000641575
17.21 0.00136785
17.22 0.00104094
17.23 -0.000116274
17.24 -0.00135839
17.25 -0.00188453
17.26 -0.00134396
17.27 -4.24554e-05
17.28 0.00126785
17.29 0.00183755
17.3 0.00132736
17.31 -2.02569e-05
17.32 -0.00151053
17.33 -0.00236664
17.34 -0.00215911
17.35 -0.00105162
17.36 0.000292936
17.37 0.00110253
17.38 0.000944
17.39 -3.7114e-05
17.4 -0.00120912
17.41 -0.00182889
17.42 -0.00148406
17.43 -0.000332103
17.44 0.00100971
17.45 0.00183268
17.46 0.00172646
17.47 0.000783275
17.48 -0.000471597
17.49 -0.00136707
17.5 -0.00144464
17.51 -0.00070164
17.52 0.000422026
17.53 0.00129687
17.54 0.00143455
17.55 0.000725851
17.56 -0.000504232
17.57 -0.00163743
17.58 -0.00206302
17.59 -0.00151721
17.6 -0.000267743
17.61 0.00100696
17.62 0.00160591
17.63 0.00122884
17.64 0.000162425
17.65 -0.000899304
17.66 -0.00128922
17.67 -0.000774365
17.68 0.000324727
17.69 0.00135704
17.7 0.00173079
17.71 0.00123615
17.72 0.000147106
17.73 -0.000936469
17.74 -0.00142142
17.75 -0.00104881
17.76 -3.11585e-05
17.77 0.0010775
17.78 0.00168269
17.79 0.00145064
17.8 0.000473179
17.81 -0.000776046
17.82 -0.00167413
17.83 -0.00176888
17.84 -0.00102727
17.85 0.000131374
17.86 0.00105871
17.87 0.00123748
17.88 0.000573348
17.89 -0.000542444
17.9 -0.00144418
17.91 -0.00157567
17.92 -0.000824952
17.93 0.000403721
17.94 0.00142487
17.95 0.00165712
17.96 0.00094088
17.97 -0.00036326
17.98 -0.00154333
17.99 -0.00192185
18 -0.00127113
18.01 1.30302e-05
18.02 0.00113682
18.03 0.00140278
18.04 0.000648117
18.05 -0.000647721
18.06 -0.00165272
18.07 -0.00169469
18.08 -0.000672824
18.09 0.000889312
18.1 0.00215414
18.11 0.00243655
18.12 0.00157941
18.13 5.15872e-05
18.14 -0.00129486
18.15 -0.00170315
18.16 -0.000963455
18.17 0.00045229
18.18 0.00167733
18.19 0.00197982
18.2 0.00121095
18.21 -0.000100282
18.22 -0.00107588
18.23 -0.00105103
18.24 -5.60141e-06
18.25 0.00143581
18.26 0.00241186
18.27 0.00235363
18.28 0.00132095
18.29 -4.57594e-05
18.3 -0.000926491
18.31 -0.000815974
18.32 0.00017846
18.33 0.00142154
18.34 0.00215714
18.35 0.00194995
18.36 0.000902697
18.37 -0.000437372
18.38 -0.00138916
18.39 -0.00150128
18.4 -0.000796009
18.41 0.000243349
18.42 0.000950275
18.43 0.000865096
18.44 1.19571e-05
18.45 -0.00110347
18.46 -0.00179457
18.47 -0.00161607
18.48 -0.000634094
18.49 0.000621834
18.5 0.0014724
18.51 0.00146236
18.52 0.00059329
18.53 -0.000686243
18.54 -0.00171668
18.55 -0.00198034
18.56 -0.00138932
18.57 -0.000337264
18.58 0.000521442
18.59 0.000647174
18.6 -7.74328e-05
18.61 -0.00126854
18.62 -0.00223573
18.63 -0.00238056
18.64 -0.00157745
18.65 -0.000284393
18.66 0.000719519
18.67 0.000813366
18.68 -7.76884e-05
18.69 -0.00141555
18.7 -0.00235657
18.71 -0.00226063
18.72 -0.00108122
18.73 0.000600107
18.74 0.00190116
18.75 0.00212708
18.76 0.00116245
18.77 -0.000434696
18.78 -0.00171559
18.79 -0.0018931
18.8 -0.000841874
18.81 0.000806419
18.82 0.0020425
18.83 0.00207604
18.84 0.000797199
18.85 -0.00113965
18.86 -0.00265891
18.87 -0.00287999
18.88 -0.00163381
18.89 0.000435196
18.9 0.00221261
18.91 0.00271721
18.92 0.0016476
18.93 -0.000429038
18.94 -0.00235662
18.95 -0.0030129
18.96 -0.00195504
18.97 0.000300369
18.98 0.00254182
18.99 0.00355164
19 0.00276929
19.01 0.000654072
19.02 -0.00153692
19.03 -0.0025111
19.04 -0.00168346
19.05 0.000512595
19.06 0.00289279
19.07 0.00419795
19.08 0.00369834
19.09 0.0015582
19.1 -0.00118609
19.11 -0.00312213
19.12 -0.00324387
19.13 -0.00158338
19.14 0.000795448
19.15 0.00246229
19.16 0.0024734
19.17 0.000887019
19.18 -0.00130479
19.19 -0.00275591
19.2 -0.00255447
19.21 -0.000762651
19.22 0.00164584
19.23 0.00335792
19.24 0.0034209
19.25 0.00174119
19.26 -0.000843383
19.27 -0.00295531
19.28 -0.00341171
19.29 -0.00192792
19.3 0.000713421
19.31 0.00312858
19.32 0.00406309
19.33 0.00299351
19.34 0.000377865
19.35 -0.00252882
19.36 -0.00429665
19.37 -0.00406416
19.38 -0.00198737
19.39 0.000844821
19.4 0.00298805
19.41 0.00338521
19.42 0.00188418
19.43 -0.000736567
19.44 -0.0031889
19.45 -0.0042984
19.46 -0.00351162
19.47 -0.00118737
19.48 0.00155773
19.49 0.0034197
19.5 0.00350831
19.51 0.0017796
19.52 -0.000896759
19.53 -0.00312293
19.54 -0.00367071
19.55 -0.00216271
19.56 0.000678686
19.57 0.00338937
19.58 0.00456852
19.59 0.00364383
19.6 0.00112339
19.61 -0.00172767
19.62 -0.00353749
19.63 -0.00349488
19.64 -0.00171617
19.65 0.000874521
19.66 0.0030297
19.67 0.00375297
19.68 0.0027415
19.69 0.000526148
19.7 -0.00178306
19.71 -0.00304413
19.72 -0.00266682
19.73 -0.000917169
19.74 0.00126133
19.75 0.00276238
19.76 0.00285228
19.77 0.00150635
19.78 -0.000589776
19.79 -0.0023623
19.8 -0.0028977
19.81 -0.00196104
19.82 -0.000135724
19.83 0.00153735
19.84 0.00215507
19.85 0.00141793
19.86 -0.000241017
19.87 -0.00190265
19.88 -0.00266554
19.89 -0.00213889
19.9 -0.000635947
19.91 0.00103841
19.92 0.0020314
19.93 0.00186632
19.94 0.00067186
19.95 -0.000899468
19.96 -0.00201244
19.97 -0.0020809
19.98 -0.00107268
19.99 0.000493969
20 0.00182511
20.01 0.00223416
20.02 0.00148458
20.03 -5.73988e-05
20.04 -0.00157143
20.05 -0.00220406
20.06 -0.00155843
20.07 4.73604e-05
20.08 0.00176906
20.09 0.00272559
20.1 0.00246252
20.11 0.00115698
20.12 -0.00053679
20.13 -0.00184354
20.14 -0.00221649
20.15 -0.00154948
20.16 -0.000181746
20.17 0.00128115
20.18 0.00221096
20.19 0.00219361
20.2 0.00122839
20.21 -0.000233312
20.22 -0.00147696
20.23 -0.00188547
20.24 -0.00128177
20.25 -1.93072e-05
20.26 0.00125054
20.27 0.00193082
20.28 0.00173477
20.29 0.000781014
20.3 -0.000488478
20.31 -0.0014941
20.32 -0.00174777
20.33 -0.00107521
20.34 0.00028253
20.35 0.00175173
20.36 0.00266628
20.37 0.00257945
20.38 0.00150082
20.39 -8.7377e-05
20.4 -0.00145205
20.41 -0.00195946
20.42 -0.00140024
20.43 -0.000122315
20.44 0.00114803
20.45 0.00168771
20.46 0.00115008
20.47 -0.00024185
20.48 -0.00178198
20.49 -0.00263888
20.5 -0.00231593
20.51 -0.000938672
20.52 0.000817141
20.53 0.00209038
20.54 0.00227223
20.55 0.00130742
20.56 -0.000289522
20.57 -0.00168934
20.58 -0.00215528
20.59 -0.00141297
20.6 0.000220116
20.61 0.00199963
20.62 0.00308249
20.63 0.0028902
20.64 0.00141997
20.65 -0.000667812
20.66 -0.00229669
20.67 -0.00253828
20.68 -0.00121687
20.69 0.000905123
20.7 0.00253459
20.71 0.00260751
20.72 0.00094337
20.73 -0.00161771
20.74 -0.00367233
20.75 -0.00405427
20.76 -0.00251357
20.77 0.000142415
20.78 0.00253169
20.79 0.00344669
20.8 0.00244727
20.81 7.75283e-05
20.82 -0.00239746
20.83 -0.00364875
20.84 -0.00302189
20.85 -0.000923957
20.86 0.00143649
20.87 0.00277351
20.88 0.00242512
20.89 0.000651263
20.9 -0.00157003
20.91 -0.00305694
20.92 -0.00299779
20.93 -0.00136726
20.94 0.00103288
20.95 0.00296757
20.96 0.00343475
20.97 0.00225998
20.98 0.00021824
20.99 -0.00144945
21 -0.00179917
21.01 -0.000717639
21.02 0.0010987
21.03 0.00261601
21.04 0.00302215
21.05 0.00209471
21.06 0.000266147
21.07 -0.0015978
21.08 -0.00259257
21.09 -0.00220452
21.1 -0.000595009
21.11 0.00145735
21.12 0.0029352
21.13 0.00309519
21.14 0.00187702
21.15 -5.2706e-05
21.16 -0.00168467
21.17 -0.00223253
21.18 -0.00152582
21.19 -2.49173e-05
21.2 0.00149825
21.21 0.00233295
21.22 0.00208478
21.23 0.000837416
21.24 -0.000836243
21.25 -0.0020928
21.26 -0.00225508
21.27 -0.00123542
21.28 0.000397926
21.29 0.00176136
21.3 0.00214016
21.31 0.00133462
21.32 -0.000270398
21.33 -0.00188593
21.34 -0.00269214
21.35 -0.00227577
21.36 -0.00088111
21.37 0.000718088
21.38 0.00165473
21.39 0.00144814
21.4 0.00025499
21.41 -0.00125678
21.42 -0.00230343
21.43 -0.00239248
21.44 -0.00152147
21.45 -0.000111989
21.46 0.00122763
21.47 0.0019407
21.48 0.00170867
21.49 0.000621638
21.5 -0.000772774
21.51 -0.00167408
21.52 -0.00148673
21.53 -0.000261237
21.54 0.00128995
21.55 0.0022399
21.56 0.00201821
21.57 0.000724941
21.58 -0.000990804
21.59 -0.00231485
21.6 -0.00265645
21.61 -0.00189449
21.62 -0.000413758
21.63 0.00108477
21.64 0.00190697
21.65 0.00168386
21.66 0.00056523
21.67 -0.000828075
21.68 -0.00168655
21.69 -0.00142539
21.7 -3.31184e-05
21.71 0.0018985
21.72 0.00346851
21.73 0.00390886
21.74 0.00298353
21.75 0.00113631
21.76 -0.000719247
21.77 -0.00165251
21.78 -0.00120427
21.79 0.000351355
21.8 0.0021621
21.81 0.00326417
21.82 0.00308454
21.83 0.00172836
21.84 -8.94272e-05
21.85 -0.00142381
21.86 -0.00159445
21.87 -0.000556506
21.88 0.00107452
21.89 0.00236458
21.9 0.00257023
21.91 0.00154723
21.92 -0.000173567
21.93 -0.00167206
21.94 -0.00212184
21.95 -0.00122647
21.96 0.000625554
21.97 0.00255071
21.98 0.00358747
21.99 0.00317029
22 0.00146317
22.01 -0.000662427
22.02 -0.0020473
22.03 -0.00190092
22.04 -0.000311918
22.05 0.00179932
22.06 0.0032362
22.07 0.00320537
22.08 0.00175504
22.09 -0.000266926
22.1 -0.00169061
22.11 -0.00168137
22.12 -0.000231791
22.13 0.00183418
22.14 0.00333068
22.15 0.00337135
22.16 0.00188875
22.17 -0.000304303
22.18 -0.00196548
22.19 -0.00215141
22.2 -0.000793481
22.21 0.00129469
22.22 0.0029541
22.23 0.00335257
22.24 0.0023824
22.25 0.000606354
22.26 -0.00111296
22.27 -0.0020017
22.28 -0.001648
22.29 -0.000173664
22.3 0.00177266
22.31 0.00325442
22.32 0.00348676
22.33 0.00229341
22.34 0.000250853
22.35 -0.00162048
22.36 -0.00240768
22.37 -0.00176639
22.38 -6.36571e-05
22.39 0.00184936
22.4 0.00304433
22.41 0.00292005
22.42 0.0015142
22.43 -0.000451555
22.44 -0.00187439
22.45 -0.00185608
22.46 -0.000280505
22.47 0.00205534
22.48 0.00385251
22.49 0.00402685
22.5 0.00236787
22.51 -0.000280143
22.52 -0.00247274
22.53 -0.00300693
22.54 -0.00162302
22.55 0.000908979
22.56 0.00330792
22.57 0.00446612
22.58 0.00391407
22.59 0.00196037
22.6 -0.00046279
22.61 -0.00217478
22.62 -0.00230438
22.63 -0.000804474
22.64 0.00149653
22.65 0.00337329
22.66 0.00387044
22.67 0.00276581
22.68 0.000617589
22.69 -0.0015486
22.7 -0.00269265
22.71 -0.00219613
22.72 -0.000170113
22.73 0.00253532
22.74 0.0046471
22.75 0.00506107
22.76 0.00342951
22.77 0.000386546
22.78 -0.00269102
22.79 -0.0043373
22.8 -0.00374862
22.81 -0.00126027
22.82 0.0018446
22.83 0.00405202
22.84 0.00431836
22.85 0.00251677
22.86 -0.000515357
22.87 -0.00331824
22.88 -0.00445715
22.89 -0.00324842
22.9 -0.00015331
22.91 0.00340221
22.92 0.00566401
22.93 0.00534947
22.94 0.00236026
22.95 -0.00198965
22.96 -0.00550066
22.97 -0.0063278
22.98 -0.00404875
22.99 0.000193015
23 0.00436147
23.01 0.00664742
23.02 0.00626666
23.03 0.00359922
23.04 -0.000185961
23.05 -0.00369248
23.06 -0.00568644
23.07 -0.00537459
23.08 -0.00271671
23.09 0.0014045
23.1 0.00536707
23.11 0.00743107
23.12 0.00652645
23.13 0.00279252
23.14 -0.0023568
23.15 -0.00668132
23.16 -0.00827297
23.17 -0.00653363
23.18 -0.00227296
23.19 0.00272309
23.2 0.00639628
23.21 0.00722703
23.22 0.00487471
23.23 0.000343843
23.24 -0.00445712
23.25 -0.0074947
23.26 -0.00740191
23.27 -0.00409362
23.28 0.0011333
23.29 0.00607215
23.3 0.0086051
23.31 0.00767786
23.32 0.0036785
23.33 -0.00179514
23.34 -0.00651381
23.35 -0.00851698
23.36 -0.00702106
23.37 -0.00274751
23.38 0.00248144
23.39 0.00652514
23.4 0.00776044
23.41 0.00569103
23.42 0.00108201
23.43 -0.00439921
23.44 -0.00876274
23.45 -0.010457
23.46 -0.00890654
23.47 -0.00460911
23.48 0.00101501
23.49 0.0060033
23.5 0.00855257
23.51 0.00772274
23.52 0.00398002
23.53 -0.000970912
23.54 -0.00505352
23.55 -0.00669167
23.56 -0.00534747
23.57 -0.00163365
23.58 0.00303813
23.59 0.00699677
23.6 0.00887247
23.61 0.00805105
23.62 0.00490238
23.63 0.000569689
23.64 -0.00363329
23.65 -0.00657527
23.66 -0.007366
23.67 -0.00556038
23.68 -0.00149681
23.69 0.0036486
23.7 0.0081214
23.71 0.0102016
23.72 0.00894762
23.73 0.00462753
23.74 -0.00136354
23.75 -0.00688848
23.76 -0.00979521
23.77 -0.00879468
23.78 -0.00404894
23.79 0.00286415
23.8 0.00947671
23.81 0.0135057
23.82 0.0137065
23.83 0.0100813
23.84 0.00392255
23.85 -0.00268855
23.86 -0.00756836
23.87 -0.00911011
23.88 -0.00692428
23.89 -0.00200974
23.9 0.00380019
23.91 0.00858465
23.92 0.0108156
23.93 0.00971641
23.94 0.00555587
23.95 -0.000380122
23.96 -0.0060892
23.97 -0.00947814
23.98 -0.00921775
23.99 -0.00537829
24 0.000547031
24.01 0.0064359
24.02 0.0104467
24.03 0.0113799
24.04 0.00890471
24.05 0.00377648
24.06 -0.00246223
24.07 -0.00785541
24.08 -0.0105464
24.09 -0.00952382
24.1 -0.00504743
24.11 0.00152108
24.12 0.00825669
24.13 0.0132617
24.14 0.0150809
24.15 0.0130488
24.16 0.00760756
24.17 0.000216067
24.18 -0.00692565
24.19 -0.011434
24.2 -0.0116316
24.21 -0.00733785
24.22 -1.95415e-05
24.23 0.00799654
24.24 0.0143962
24.25 0.01735
24.26 0.0158805
24.27 0.0102194
24.28 0.00186696
24.29 -0.00669925
24.3 -0.0127193
24.31 -0.014313
24.32 -0.0112596
24.33 -0.00490714
24.34 0.00262967
24.35 0.00930389
24.36 0.0135835
24.37 0.0145464
24.38 0.0120788
24.39 0.00706896
24.4 0.0010177
24.41 -0.0044912
24.42 -0.00808142
24.43 -0.00883299
24.44 -0.00659931
24.45 -0.00214907
24.46 0.00323889
24.47 0.00822324
24.48 0.0115646
24.49 0.012307
24.5 0.0101396
24.51 0.00555394
24.52 -0.000464547
24.53 -0.00659871
24.54 -0.0112949
24.55 -0.0131053
24.56 -0.0112418
24.57 -0.00606214
24.58 0.00104942
24.59 0.00826271
24.6 0.0138813
24.61 0.0165634
24.62 0.0155716
24.63 0.0110906
24.64 0.00408561
24.65 -0.00394728
24.66 -0.0109463
24.67 -0.0146854
24.68 -0.0137171
24.69 -0.00810398
24.7 0.00050842
24.71 0.00958229
24.72 0.0166592
24.73 0.0199864
24.74 0.0188097
24.75 0.013522
24.76 0.00547675
24.77 -0.00341991
24.78 -0.0109266
24.79 -0.0150549
24.8 -0.0147077
24.81 -0.0100531
24.82 -0.00259388
24.83 0.00557874
24.84 0.0126761
24.85 0.0174641
24.86 0.019071
24.87 0.0172172
24.88 0.0124677
24.89 0.00580905
24.9 -0.00167817
24.91 -0.00853906
24.92 -0.0130591
24.93 -0.0138737
24.94 -0.01057
24.95 -0.00412764
24.96 0.00350978
24.97 0.0103542
24.98 0.0149899
24.99 0.0165491
25 0.0147083
25.01 0.00995158
25.02 0.00329733
25.03 -0.00398259
25.04 -0.0102986
25.05 -0.013945
25.06 -0.013613
25.07 -0.00904287
25.08 -0.00133886
25.09 0.00746522
25.1 0.0152888
25.11 0.0204614
25.12 0.0217273
25.13 0.0185586
25.14 0.0113437
25.15 0.00118911
25.16 -0.00985264
25.17 -0.0192348
25.18 -0.0253011
25.19 -0.0276758
25.2 -0.0265958
25.21 -0.0223185
25.22 -0.0152058
25.23 -0.00613128
25.24 0.00371685
25.25 0.0129725
25.26 0.0205911
25.27 0.0261899
25.28 0.0294559
25.29 0.0304496
25.3 0.029829
25.31 0.0278454
25.32 0.0241468
25.33 0.0187571
25.34 0.0122254
25.35 0.00492358
25.36 -0.00270832
25.37 -0.00990627
25.38 -0.0160841
25.39 -0.0207557
25.4 -0.0232597
25.41 -0.0232262
25.42 -0.0208392
25.43 -0.0163731
25.44 -0.0100693
25.45 -0.00252806
25.46 0.00520453
25.47 0.0121017
25.48 0.0177227
25.49 0.0218895
25.5 0.0240563
25.51 0.0238623
25.52 0.0216633
25.53 0.0178781
25.54 0.0126062
25.55 0.0062301
25.56 -0.000619396
25.57 -0.00721528
25.58 -0.0129381
25.59 -0.0174676
25.6 -0.0201325
25.61 -0.0199352
25.62 -0.0165863
25.63 -0.0106417
25.64 -0.00285139
25.65 0.00558034
25.66 0.0134591
25.67 0.0202972
25.68 0.0256213
25.69 0.0287527
25.7 0.0295221
25.71 0.0282598
25.72 0.0251151
25.73 0.0201371
25.74 0.0138154
25.75 0.00689132
25.76 -6.85684e-05
25.77 -0.00627101
25.78 -0.0109867
25.79 -0.0139707
25.8 -0.0148689
25.81 -0.0133015
25.82 -0.00948039
25.83 -0.00398068
25.84 0.00252596
25.85 0.00936048
25.86 0.016207
25.87 0.0228839
25.88 0.0289101
25.89 0.0340169
25.9 0.0386305
25.91 0.0433159
25.92 0.0481367
25.93 0.0527517
25.94 0.0567761
25.95 0.0598279
25.96 0.0613746
25.97 0.060781
25.98 0.0576009
25.99 0.0517971
26 0.043628
26.01 0.0333631
26.02 0.0212105
26.03 0.00747385
26.04 -0.00708529
26.05 -0.021068
