0.01 -1.02889e-07
0.02 -3.98188e-07
0.03 -7.65915e-07
0.04 -9.90613e-07
0.05 -9.43334e-07
0.06 -6.5506e-07
0.07 -2.97189e-07
0.08 -8.03875e-08
0.09 -1.31497e-07
0.1 -4.20398e-07
0.11 -7.78966e-07
0.12 -1.0002e-06
0.13 -9.59035e-07
0.14 -6.84217e-07
0.15 -3.39976e-07
0.16 -1.28941e-07
0.17 -1.73503e-07
0.18 -4.44666e-07
0.19 -7.79457e-07
0.2 -9.76484e-07
0.21 -9.13722e-07
0.22 -6.1933e-07
0.23 -2.53687e-07
0.24 -1.37437e-08
0.25 -1.75945e-08
0.26 -2.38184e-07
0.27 -5.23493e-07
0.28 -6.87974e-07
0.29 -6.2034e-07
0.3 -3.47098e-07
0.31 -1.75247e-08
0.32 1.8237e-07
0.33 1.39986e-07
0.34 -1.14808e-07
0.35 -4.27136e-07
0.36 -6.11281e-07
0.37 -5.57814e-07
0.38 -2.84084e-07
0.39 9.30422e-08
0.4 4.27049e-07
0.41 6.0565e-07
0.42 5.87838e-07
0.43 4.16725e-07
0.44 2.04888e-07
0.45 8.19145e-08
0.46 1.19382e-07
0.47 2.83821e-07
0.48 4.60788e-07
0.49 5.37218e-07
0.5 4.79758e-07
0.51 3.52099e-07
0.52 2.63975e-07
0.53 2.91643e-07
0.54 4.22367e-07
0.55 5.56589e-07
0.56 5.6891e-07
0.57 3.95765e-07
0.58 9.61804e-08
0.59 -1.61113e-07
0.6 -1.90092e-07
0.61 8.8001e-08
0.62 5.65276e-07
0.63 9.75063e-07
0.64 1.03202e-06
0.65 6.42945e-07
0.66 -4.11532e-08
0.67 -7.15834e-07
0.68 -1.04824e-06
0.69 -8.6785e-07
0.7 -2.84585e-07
0.71 3.78769e-07
0.72 7.75513e-07
0.73 7.2158e-07
0.74 2.81807e-07
0.75 -2.73282e-07
0.76 -6.10071e-07
0.77 -5.08689e-07
0.78 9.70893e-09
0.79 6.80551e-07
0.8 1.13665e-06
0.81 1.12146e-06
0.82 6.45944e-07
0.83 -1.32338e-08
0.84 -4.76349e-07
0.85 -4.84813e-07
0.86 -5.2617e-08
0.87 5.42536e-07
0.88 9.23635e-07
0.89 8.41704e-07
0.9 3.32586e-07
0.91 -2.96888e-07
0.92 -6.5244e-07
0.93 -4.93759e-07
0.94 1.19261e-07
0.95 8.64911e-07
0.96 1.35045e-06
0.97 1.33376e-06
0.98 8.52818e-07
0.99 2.04857e-07
1 -2.0759e-07
1.01 -9.43379e-08
1.02 5.42829e-07
1.03 1.37454e-06
1.04 1.90609e-06
1.05 1.77568e-06
1.06 1.00966e-06
1.07 4.34926e-08
1.08 -5.40976e-07
1.09 -3.98298e-07
1.1 3.51205e-07
1.11 1.21515e-06
1.12 1.66952e-06
1.13 1.48903e-06
1.14 8.45543e-07
1.15 1.51139e-07
1.16 -2.05499e-07
1.17 -5.85184e-08
1.18 4.80137e-07
1.19 1.10041e-06
1.2 1.46049e-06
1.21 1.37225e-06
1.22 9.13162e-07
1.23 3.83259e-07
1.24 1.13887e-07
1.25 2.49747e-07
1.26 6.58439e-07
1.27 1.03266e-06
1.28 1.11062e-06
1.29 8.5815e-07
1.3 4.85511e-07
1.31 2.89421e-07
1.32 4.36155e-07
1.33 8.43462e-07
1.34 1.24182e-06
1.35 1.35987e-06
1.36 1.09728e-06
1.37 5.7876e-07
1.38 7.83562e-08
1.39 -1.26221e-07
1.4 1.01427e-07
1.41 6.71432e-07
1.42 1.29357e-06
1.43 1.62766e-06
1.44 1.48793e-06
1.45 9.66804e-07
1.46 3.84081e-07
1.47 8.90506e-08
1.48 2.41056e-07
1.49 7.04125e-07
1.5 1.12821e-06
1.51 1.18442e-06
1.52 8.1042e-07
1.53 2.82669e-07
1.54 3.47843e-08
1.55 3.3561e-07
1.56 1.06563e-06
1.57 1.76817e-06
1.58 1.94891e-06
1.59 1.4165e-06
1.6 4.30252e-07
1.61 -4.46112e-07
1.62 -6.93225e-07
1.63 -1.64248e-07
1.64 8.20745e-07
1.65 1.67699e-06
1.66 1.9193e-06
1.67 1.45073e-06
1.68 6.0336e-07
1.69 -7.27907e-08
1.7 -1.35735e-07
1.71 4.88159e-07
1.72 1.44902e-06
1.73 2.16343e-06
1.74 2.15451e-06
1.75 1.34399e-06
1.76 1.1276e-07
1.77 -9.10385e-07
1.78 -1.20215e-06
1.79 -6.33872e-07
1.8 4.55781e-07
1.81 1.43159e-06
1.82 1.68699e-06
1.83 9.67918e-07
1.84 -4.673e-07
1.85 -1.95115e-06
1.86 -2.74439e-06
1.87 -2.44205e-06
1.88 -1.22122e-06
1.89 2.28309e-07
1.9 1.07838e-06
1.91 8.39303e-07
1.92 -3.5168e-07
1.93 -1.82418e-06
1.94 -2.79668e-06
1.95 -2.84812e-06
1.96 -2.1369e-06
1.97 -1.25508e-06
1.98 -8.46409e-07
1.99 -1.23403e-06
2 -2.25549e-06
2.01 -3.36868e-06
2.02 -3.96245e-06
2.03 -3.71479e-06
2.04 -2.80207e-06
2.05 -1.81151e-06
2.06 -1.37046e-06
2.07 -1.71085e-06
2.08 -2.47565e-06
2.09 -2.93375e-06
2.1 -2.47465e-06
2.11 -1.03912e-06
2.12 8.11395e-07
2.13 2.22491e-06
2.14 2.5678e-06
2.15 1.80178e-06
2.16 5.11739e-07
2.17 -4.34751e-07
2.18 -4.05177e-07
2.19 6.1504e-07
2.2 2.02479e-06
2.21 3.00168e-06
2.22 3.02513e-06
2.23 2.18099e-06
2.24 1.07367e-06
2.25 4.4144e-07
2.26 7.22317e-07
2.27 1.79733e-06
2.28 3.03652e-06
2.29 3.65052e-06
2.3 3.19401e-06
2.31 1.92428e-06
2.32 7.29498e-07
2.33 5.91499e-07
2.34 1.90161e-06
2.35 4.11975e-06
2.36 6.06854e-06
2.37 6.69629e-06
2.38 5.77595e-06
2.39 4.03586e-06
2.4 2.63542e-06
2.41 2.38005e-06
2.42 3.23958e-06
2.43 4.47793e-06
2.44 5.24236e-06
2.45 5.1546e-06
2.46 4.49858e-06
2.47 3.93351e-06
2.48 4e-06
2.49 4.78483e-06
2.5 5.93188e-06
2.51 6.91236e-06
2.52 7.32055e-06
2.53 7.01759e-06
2.54 6.10216e-06
2.55 4.79665e-06
2.56 3.34272e-06
2.57 1.94914e-06
2.58 7.87931e-07
2.59 9.00368e-09
2.6 -2.6483e-07
2.61 1.89709e-08
2.62 7.86133e-07
2.63 1.81098e-06
2.64 2.74243e-06
2.65 3.17666e-06
2.66 2.7944e-06
2.67 1.57556e-06
2.68 -1.16821e-08
2.69 -1.07848e-06
2.7 -7.813e-07
2.71 1.02991e-06
2.72 3.51117e-06
2.73 5.26137e-06
2.74 5.29089e-06
2.75 3.79587e-06
2.76 2.10311e-06
2.77 1.79391e-06
2.78 3.62985e-06
2.79 7.00991e-06
2.8 1.02972e-05
2.81 1.18026e-05
2.82 1.08252e-05
2.83 8.10736e-06
2.84 5.39631e-06
2.85 4.37028e-06
2.86 5.63022e-06
2.87 8.4152e-06
2.88 1.11662e-05
2.89 1.2475e-05
2.9 1.17934e-05
2.91 9.58694e-06
2.92 7.01408e-06
2.93 5.37299e-06
2.94 5.51847e-06
2.95 7.42112e-06
2.96 1.00813e-05
2.97 1.19591e-05
2.98 1.18155e-05
2.99 9.52196e-06
3 6.28078e-06
3.01 3.99617e-06
3.02 4.09459e-06
3.03 6.53775e-06
3.04 9.73608e-06
3.05 1.1504e-05
3.06 1.0455e-05
3.07 6.88182e-06
3.08 2.51884e-06
3.09 -6.0938e-07
3.1 -1.42729e-06
3.11 -3.3376e-07
3.12 1.21173e-06
3.13 1.64576e-06
3.14 1.71423e-07
3.15 -2.89434e-06
3.16 -6.37698e-06
3.17 -8.90292e-06
3.18 -9.61999e-06
3.19 -8.63187e-06
3.2 -6.92599e-06
3.21 -5.82128e-06
3.22 -6.22901e-06
3.23 -8.14479e-06
3.24 -1.06675e-05
3.25 -1.25295e-05
3.26 -1.28183e-05
3.27 -1.14714e-05
3.28 -9.29262e-06
3.29 -7.50879e-06
3.3 -7.10638e-06
3.31 -8.28381e-06
3.32 -1.03234e-05
3.33 -1.20019e-05
3.34 -1.23343e-05
3.35 -1.11802e-05
3.36 -9.28127e-06
3.37 -7.70445e-06
3.38 -7.106e-06
3.39 -7.34571e-06
3.4 -7.6732e-06
3.41 -7.27867e-06
3.42 -5.80496e-06
3.43 -3.53511e-06
3.44 -1.21047e-06
3.45 3.85198e-07
3.46 8.54092e-07
3.47 3.92418e-07
3.48 -3.5815e-07
3.49 -7.36688e-07
3.5 -4.79596e-07
3.51 1.64827e-07
3.52 6.76637e-07
3.53 6.40337e-07
3.54 -1.55329e-08
3.55 -1.01694e-06
3.56 -1.90446e-06
3.57 -2.2465e-06
3.58 -1.84929e-06
3.59 -9.09364e-07
3.6 -6.54922e-09
3.61 1.39775e-07
3.62 -9.24488e-07
3.63 -3.06014e-06
3.64 -5.52907e-06
3.65 -7.37978e-06
3.66 -8.04283e-06
3.67 -7.77294e-06
3.68 -7.58331e-06
3.69 -8.59686e-06
3.7 -1.11866e-05
3.71 -1.45475e-05
3.72 -1.71171e-05
3.73 -1.76303e-05
3.74 -1.60695e-05
3.75 -1.3798e-05
3.76 -1.27388e-05
3.77 -1.41357e-05
3.78 -1.77212e-05
3.79 -2.18464e-05
3.8 -2.45063e-05
3.81 -2.46182e-05
3.82 -2.27337e-05
3.83 -2.07067e-05
3.84 -2.0513e-05
3.85 -2.29873e-05
3.86 -2.72948e-05
3.87 -3.14616e-05
3.88 -3.35913e-05
3.89 -3.29948e-05
3.9 -3.05608e-05
3.91 -2.81969e-05
3.92 -2.77096e-05
3.93 -2.97769e-05
3.94 -3.35809e-05
3.95 -3.7287e-05
3.96 -3.90953e-05
3.97 -3.82729e-05
3.98 -3.55848e-05
3.99 -3.28642e-05
4 -3.19451e-05
4.01 -3.35619e-05
4.02 -3.68748e-05
4.03 -3.9929e-05
4.04 -4.0793e-05
4.05 -3.86949e-05
4.06 -3.4473e-05
4.07 -3.00686e-05
4.08 -2.73458e-05
4.09 -2.6937e-05
4.1 -2.78386e-05
4.11 -2.80523e-05
4.12 -2.5891e-05
4.13 -2.11051e-05
4.14 -1.51203e-05
4.15 -1.0282e-05
4.16 -8.56273e-06
4.17 -1.03802e-05
4.18 -1.40609e-05
4.19 -1.63127e-05
4.2 -1.37742e-05
4.21 -5.10038e-06
4.22 7.63873e-06
4.23 1.94949e-05
4.24 2.52524e-05
4.25 2.26635e-05
4.26 1.41396e-05
4.27 5.61208e-06
4.28 3.14958e-06
4.29 9.40145e-06
4.3 2.20338e-05
4.31 3.50706e-05
4.32 4.23239e-05
4.33 4.0914e-05
4.34 3.28769e-05
4.35 2.39534e-05
4.36 2.02603e-05
4.37 2.47553e-05
4.38 3.55473e-05
4.39 4.70302e-05
4.4 5.31598e-05
4.41 5.09396e-05
4.42 4.21051e-05
4.43 3.20811e-05
4.44 2.68488e-05
4.45 2.95261e-05
4.46 3.86163e-05
4.47 4.89334e-05
4.48 5.46544e-05
4.49 5.27016e-05
4.5 4.44812e-05
4.51 3.50018e-05
4.52 2.99099e-05
4.53 3.21445e-05
4.54 4.01343e-05
4.55 4.86473e-05
4.56 5.18998e-05
4.57 4.71227e-05
4.58 3.63662e-05
4.59 2.53259e-05
4.6 1.98679e-05
4.61 2.2434e-05
4.62 3.05705e-05
4.63 3.84345e-05
4.64 4.02937e-05
4.65 3.38972e-05
4.66 2.17555e-05
4.67 9.62917e-06
4.68 3.15318e-06
4.69 4.59551e-06
4.7 1.1645e-05
4.71 1.89031e-05
4.72 2.11479e-05
4.73 1.64029e-05
4.74 6.99242e-06
4.75 -2.00242e-06
4.76 -5.88981e-06
4.77 -3.17239e-06
4.78 3.66474e-06
4.79 9.76774e-06
4.8 1.0851e-05
4.81 5.65897e-06
4.82 -3.44435e-06
4.83 -1.19819e-05
4.84 -1.59928e-05
4.85 -1.42574e-05
4.86 -8.8993e-06
4.87 -4.09433e-06
4.88 -3.65955e-06
4.89 -8.89367e-06
4.9 -1.78667e-05
4.91 -2.65327e-05
4.92 -3.10244e-05
4.93 -2.98364e-05
4.94 -2.46626e-05
4.95 -1.94009e-05
4.96 -1.78825e-05
4.97 -2.16293e-05
4.98 -2.89506e-05
4.99 -3.59285e-05
5 -3.87383e-05
5.01 -3.59355e-05
5.02 -2.9328e-05
5.03 -2.2891e-05
5.04 -2.03862e-05
5.05 -2.31439e-05
5.06 -2.93294e-05
5.07 -3.50859e-05
5.08 -3.68363e-05
5.09 -3.33806e-05
5.1 -2.65568e-05
5.11 -2.00783e-05
5.12 -1.7295e-05
5.13 -1.92972e-05
5.14 -2.44812e-05
5.15 -2.96275e-05
5.16 -3.15913e-05
5.17 -2.86183e-05
5.18 -2.09083e-05
5.19 -1.05501e-05
5.2 -8.84832e-07
5.21 4.79006e-06
5.22 4.87258e-06
5.23 5.22166e-07
5.24 -4.78975e-06
5.25 -7.20966e-06
5.26 -4.7527e-06
5.27 1.57212e-06
5.28 8.44849e-06
5.29 1.2273e-05
5.3 1.12683e-05
5.31 6.47483e-06
5.32 1.09776e-06
5.33 -1.36943e-06
5.34 8.6492e-07
5.35 6.93679e-06
5.36 1.39123e-05
5.37 1.85056e-05
5.38 1.89167e-05
5.39 1.5777e-05
5.4 1.1694e-05
5.41 9.6467e-06
5.42 1.11468e-05
5.43 1.52958e-05
5.44 1.9376e-05
5.45 2.06349e-05
5.46 1.81035e-05
5.47 1.32494e-05
5.48 9.05716e-06
5.49 8.17594e-06
5.5 1.13299e-05
5.51 1.6938e-05
5.52 2.20978e-05
5.53 2.42906e-05
5.54 2.28066e-05
5.55 1.90967e-05
5.56 1.58834e-05
5.57 1.55614e-05
5.58 1.88142e-05
5.59 2.42389e-05
5.6 2.91812e-05
5.61 3.12794e-05
5.62 2.98229e-05
5.63 2.61451e-05
5.64 2.28225e-05
5.65 2.21324e-05
5.66 2.46788e-05
5.67 2.90289e-05
5.68 3.25961e-05
5.69 3.32067e-05
5.7 3.0336e-05
5.71 2.52393e-05
5.72 1.99823e-05
5.73 1.6118e-05
5.74 1.39185e-05
5.75 1.25735e-05
5.76 1.10384e-05
5.77 8.8212e-06
5.78 6.17802e-06
5.79 3.71953e-06
5.8 1.85353e-06
5.81 5.09039e-07
5.82 -7.27311e-07
5.83 -2.26451e-06
5.84 -4.23803e-06
5.85 -6.44965e-06
5.86 -8.46452e-06
5.87 -9.78231e-06
5.88 -1.00686e-05
5.89 -9.41764e-06
5.9 -8.47246e-06
5.91 -8.17247e-06
5.92 -9.13743e-06
5.93 -1.10987e-05
5.94 -1.29192e-05
5.95 -1.33558e-05
5.96 -1.20744e-05
5.97 -1.01187e-05
5.98 -9.38817e-06
5.99 -1.14227e-05
6 -1.63108e-05
6.01 -2.24484e-05
6.02 -2.73137e-05
6.03 -2.88214e-05
6.04 -2.65024e-05
6.05 -2.18509e-05
6.06 -1.75966e-05
6.07 -1.62316e-05
6.08 -1.85861e-05
6.09 -2.33035e-05
6.1 -2.75894e-05
6.11 -2.88417e-05
6.12 -2.62017e-05
6.13 -2.10896e-05
6.14 -1.63903e-05
6.15 -1.47627e-05
6.16 -1.70603e-05
6.17 -2.17837e-05
6.18 -2.58876e-05
6.19 -2.64919e-05
6.2 -2.2544e-05
6.21 -1.54969e-05
6.22 -8.58951e-06
6.23 -5.06933e-06
6.24 -6.30675e-06
6.25 -1.08905e-05
6.26 -1.5325e-05
6.27 -1.60369e-05
6.28 -1.15376e-05
6.29 -3.38654e-06
6.3 4.70888e-06
6.31 9.13225e-06
6.32 8.53347e-06
6.33 4.58839e-06
6.34 9.0959e-07
6.35 8.27472e-07
6.36 5.40583e-06
6.37 1.28448e-05
6.38 1.95619e-05
6.39 2.22819e-05
6.4 1.99355e-05
6.41 1.43001e-05
6.42 9.00763e-06
6.43 7.45104e-06
6.44 1.07844e-05
6.45 1.7218e-05
6.46 2.30767e-05
6.47 2.4998e-05
6.48 2.19225e-05
6.49 1.56703e-05
6.5 9.81656e-06
6.51 7.59655e-06
6.52 1.00562e-05
6.53 1.54334e-05
6.54 2.00844e-05
6.55 2.05061e-05
6.56 1.5414e-05
6.57 6.68401e-06
6.58 -1.52033e-06
6.59 -5.06355e-06
6.6 -2.25727e-06
6.61 5.1144e-06
6.62 1.28056e-05
6.63 1.65226e-05
6.64 1.42979e-05
6.65 7.49102e-06
6.66 -8.34781e-08
6.67 -4.37182e-06
6.68 -3.39495e-06
6.69 1.64964e-06
6.7 7.15351e-06
6.71 9.3244e-06
6.72 6.58418e-06
6.73 6.63502e-07
6.74 -4.38985e-06
6.75 -4.80839e-06
6.76 2.85792e-07
6.77 8.01961e-06
6.78 1.33655e-05
6.79 1.22759e-05
6.8 4.36362e-06
6.81 -6.6225e-06
6.82 -1.4893e-05
6.83 -1.60359e-05
6.84 -9.66487e-06
6.85 3.34604e-07
6.86 8.10439e-06
6.87 9.22786e-06
6.88 3.18785e-06
6.89 -6.52274e-06
6.9 -1.45545e-05
6.91 -1.67597e-05
6.92 -1.24302e-05
6.93 -4.56639e-06
6.94 1.89764e-06
6.95 2.93119e-06
6.96 -2.26991e-06
6.97 -1.0825e-05
6.98 -1.78738e-05
6.99 -1.94452e-05
7 -1.47916e-05
7.01 -6.83497e-06
7.02 -4.76176e-07
7.03 2.83246e-07
7.04 -5.22087e-06
7.05 -1.37612e-05
7.06 -1.99844e-05
7.07 -1.95669e-05
7.08 -1.19006e-05
7.09 -6.21404e-07
7.1 8.42504e-06
7.11 1.05791e-05
7.12 5.06418e-06
7.13 -4.61698e-06
7.14 -1.2759e-05
7.15 -1.47221e-05
7.16 -9.49781e-06
7.17 -1.65577e-07
7.18 7.95073e-06
7.19 1.03596e-05
7.2 5.97338e-06
7.21 -2.2961e-06
7.22 -9.28537e-06
7.23 -1.06705e-05
7.24 -5.57148e-06
7.25 2.91353e-06
7.26 9.5907e-06
7.27 1.03345e-05
7.28 4.59081e-06
7.29 -4.31506e-06
7.3 -1.12278e-05
7.31 -1.22596e-05
7.32 -7.01325e-06
7.33 1.37085e-06
7.34 8.24322e-06
7.35 1.02003e-05
7.36 6.90858e-06
7.37 1.03885e-06
7.38 -3.48271e-06
7.39 -3.79362e-06
7.4 3.45321e-07
7.41 6.57136e-06
7.42 1.14244e-05
7.43 1.24059e-05
7.44 9.38004e-06
7.45 4.53819e-06
7.46 1.02186e-06
7.47 1.05806e-06
7.48 4.66895e-06
7.49 9.63899e-06
7.5 1.27447e-05
7.51 1.16036e-05
7.52 6.13185e-06
7.53 -1.26915e-06
7.54 -7.00228e-06
7.55 -8.34399e-06
7.56 -5.05204e-06
7.57 4.90882e-07
7.58 4.69753e-06
7.59 4.88709e-06
7.6 8.06235e-07
7.61 -5.32714e-06
7.62 -1.0231e-05
7.63 -1.15255e-05
7.64 -9.06567e-06
7.65 -4.87397e-06
7.66 -1.7911e-06
7.67 -1.72561e-06
7.68 -4.55829e-06
7.69 -8.29117e-06
7.7 -1.02781e-05
7.71 -8.78818e-06
7.72 -4.01846e-06
7.73 1.98634e-06
7.74 6.43613e-06
7.75 7.30258e-06
7.76 4.41869e-06
7.77 -4.08475e-07
7.78 -4.33807e-06
7.79 -5.01021e-06
7.8 -1.83237e-06
7.81 3.68307e-06
7.82 8.75109e-06
7.83 1.08725e-05
7.84 9.24441e-06
7.85 5.22414e-06
7.86 1.57985e-06
7.87 9.29369e-07
7.88 4.21587e-06
7.89 1.00743e-05
7.9 1.54968e-05
7.91 1.74989e-05
7.92 1.48778e-05
7.93 9.01433e-06
7.94 3.18178e-06
7.95 7.08537e-07
7.96 3.06427e-06
7.97 9.00696e-06
7.98 1.53018e-05
7.99 1.85875e-05
8 1.72927e-05
8.01 1.24908e-05
8.02 7.22006e-06
8.03 4.68747e-06
8.04 6.41074e-06
8.05 1.13699e-05
8.06 1.66453e-05
8.07 1.91415e-05
8.08 1.73582e-05
8.09 1.21862e-05
8.1 6.34098e-06
8.11 2.82798e-06
8.12 3.26988e-06
8.13 6.92888e-06
8.14 1.09765e-05
8.15 1.20274e-05
8.16 8.21103e-06
8.17 5.15225e-07
8.18 -7.6012e-06
8.19 -1.22334e-05
8.2 -1.14227e-05
8.21 -6.35312e-06
8.22 -6.1395e-07
8.23 1.94014e-06
8.24 -5.98555e-07
8.25 -7.16396e-06
8.26 -1.44035e-05
8.27 -1.86605e-05
8.28 -1.81037e-05
8.29 -1.37476e-05
8.3 -8.75888e-06
8.31 -6.50158e-06
8.32 -8.52001e-06
8.33 -1.3646e-05
8.34 -1.8719e-05
8.35 -2.0469e-05
8.36 -1.74455e-05
8.37 -1.08448e-05
8.38 -3.75634e-06
8.39 6.73239e-07
8.4 1.01298e-06
8.41 -1.78773e-06
8.42 -5.14855e-06
8.43 -6.47896e-06
8.44 -4.68779e-06
8.45 -7.45422e-07
8.46 2.9684e-06
8.47 4.12689e-06
8.48 1.87409e-06
8.49 -2.6392e-06
8.5 -6.92378e-06
8.51 -8.62015e-06
8.52 -6.87808e-06
8.53 -2.82825e-06
8.54 1.11387e-06
8.55 2.6801e-06
8.56 1.06893e-06
8.57 -2.61377e-06
8.58 -6.03834e-06
8.59 -7.0461e-06
8.6 -4.92609e-06
8.61 -8.18567e-07
8.62 2.98563e-06
8.63 4.42248e-06
8.64 2.88389e-06
8.65 -4.32557e-07
8.66 -3.26079e-06
8.67 -3.64755e-06
8.68 -1.14008e-06
8.69 2.94673e-06
8.7 6.34082e-06
8.71 7.18748e-06
8.72 5.14111e-06
8.73 1.53639e-06
8.74 -1.42106e-06
8.75 -1.94696e-06
8.76 2.73482e-07
8.77 3.85174e-06
8.78 6.42915e-06
8.79 6.0293e-06
8.8 2.29926e-06
8.81 -3.12132e-06
8.82 -7.41995e-06
8.83 -8.21092e-06
8.84 -4.96989e-06
8.85 5.82411e-07
8.86 5.3953e-06
8.87 6.77172e-06
8.88 3.86792e-06
8.89 -1.81433e-06
8.9 -7.22416e-06
8.91 -9.44769e-06
8.92 -7.36716e-06
8.93 -2.31858e-06
8.94 2.6898e-06
8.95 4.75761e-06
8.96 2.78472e-06
8.97 -1.94854e-06
8.98 -6.61189e-06
8.99 -8.5047e-06
9 -6.58964e-06
9.01 -2.04924e-06
9.02 2.40677e-06
9.03 4.10351e-06
9.04 1.97244e-06
9.05 -2.78778e-06
9.06 -7.39934e-06
9.07 -9.17073e-06
9.08 -7.13534e-06
9.09 -2.64344e-06
9.1 1.47676e-06
9.11 2.68285e-06
9.12 3.11571e-07
9.13 -4.00643e-06
9.14 -7.38733e-06
9.15 -7.53613e-06
9.16 -4.20933e-06
9.17 6.34156e-07
9.18 4.06146e-06
9.19 3.96521e-06
9.2 3.22782e-07
9.21 -4.79518e-06
9.22 -8.41671e-06
9.23 -8.3591e-06
9.24 -4.47585e-06
9.25 1.23492e-06
9.26 5.74028e-06
9.27 6.69165e-06
9.28 3.76687e-06
9.29 -1.15937e-06
9.3 -5.12672e-06
9.31 -5.82676e-06
9.32 -2.94324e-06
9.33 1.68041e-06
9.34 5.12879e-06
9.35 5.11932e-06
9.36 1.34312e-06
9.37 -4.32677e-06
9.38 -8.88604e-06
9.39 -9.91654e-06
9.4 -6.98552e-06
9.41 -1.90631e-06
9.42 2.31208e-06
9.43 3.22544e-06
9.44 3.85138e-07
9.45 -4.41986e-06
9.46 -8.25459e-06
9.47 -8.79913e-06
9.48 -5.71859e-06
9.49 -8.3422e-07
9.5 2.98471e-06
9.51 3.53425e-06
9.52 5.76091e-07
9.53 -4.03867e-06
9.54 -7.48627e-06
9.55 -7.65805e-06
9.56 -4.41533e-06
9.57 3.29529e-07
9.58 3.74762e-06
9.59 3.76892e-06
9.6 3.09259e-07
9.61 -4.67627e-06
9.62 -8.34756e-06
9.63 -8.65198e-06
9.64 -5.5051e-06
9.65 -7.74183e-07
9.66 2.88564e-06
9.67 3.58896e-06
9.68 1.23423e-06
9.69 -2.55908e-06
9.7 -5.46393e-06
9.71 -5.78378e-06
9.72 -3.37282e-06
9.73 3.40433e-07
9.74 3.21516e-06
9.75 3.65304e-06
9.76 1.5282e-06
9.77 -1.75175e-06
9.78 -4.09874e-06
9.79 -4.01233e-06
9.8 -1.50118e-06
9.81 1.91314e-06
9.82 4.13209e-06
9.83 3.78946e-06
9.84 1.1122e-06
9.85 -2.2173e-06
9.86 -4.10351e-06
9.87 -3.31148e-06
9.88 -1.83878e-07
9.89 3.59158e-06
9.9 5.96782e-06
9.91 5.67884e-06
9.92 2.91142e-06
9.93 -8.19514e-07
9.94 -3.49383e-06
9.95 -3.66513e-06
9.96 -1.23495e-06
9.97 2.48644e-06
9.98 5.48506e-06
9.99 6.15883e-06
10 4.23215e-06
10.01 9.24e-07
10.02 -1.76698e-06
10.03 -2.25535e-06
10.04 -3.10649e-07
10.05 2.83955e-06
10.06 5.29649e-06
10.07 5.65234e-06
10.08 3.80403e-06
10.09 9.53743e-07
10.1 -1.1542e-06
10.11 -1.27397e-06
10.12 6.35159e-07
10.13 3.42689e-06
10.14 5.47539e-06
10.15 5.64331e-06
10.16 3.9396e-06
10.17 1.48716e-06
10.18 -1.68974e-07
10.19 5.86017e-09
10.2 1.91788e-06
10.21 4.40674e-06
10.22 5.94967e-06
10.23 5.58617e-06
10.24 3.50268e-06
10.25 9.17717e-07
10.26 -6.62622e-07
10.27 -3.5861e-07
10.28 1.55878e-06
10.29 3.84314e-06
10.3 5.02958e-06
10.31 4.31534e-06
10.32 2.04486e-06
10.33 -4.80338e-07
10.34 -1.75412e-06
10.35 -9.4828e-07
10.36 1.57693e-06
10.37 4.42853e-06
10.38 5.93302e-06
10.39 5.08445e-06
10.4 2.15884e-06
10.41 -1.38124e-06
10.42 -3.68083e-06
10.43 -3.55218e-06
10.44 -1.17311e-06
10.45 2.0096e-06
10.46 4.12185e-06
10.47 3.94233e-06
10.48 1.58821e-06
10.49 -1.56877e-06
10.5 -3.68544e-06
10.51 -3.48866e-06
10.52 -1.00531e-06
10.53 2.43143e-06
10.54 4.929e-06
10.55 5.12903e-06
10.56 3.00502e-06
10.57 -1.28212e-07
10.58 -2.40349e-06
10.59 -2.5007e-06
10.6 -3.95153e-07
10.61 2.66287e-06
10.62 4.89007e-06
10.63 4.99059e-06
10.64 2.88207e-06
10.65 -2.70181e-07
10.66 -2.72172e-06
10.67 -3.13692e-06
10.68 -1.33441e-06
10.69 1.62359e-06
10.7 4.0322e-06
10.71 4.49591e-06
10.72 2.72341e-06
10.73 -2.60764e-07
10.74 -2.63995e-06
10.75 -2.83966e-06
10.76 -5.11652e-07
10.77 3.15673e-06
10.78 6.07542e-06
10.79 6.4836e-06
10.8 4.01163e-06
10.81 -9.65621e-08
10.82 -3.71419e-06
10.83 -5.03887e-06
10.84 -3.56895e-06
10.85 -3.3745e-07
10.86 2.68718e-06
10.87 3.70756e-06
10.88 2.12154e-06
10.89 -1.11879e-06
10.9 -4.05861e-06
10.91 -4.90897e-06
10.92 -3.12991e-06
10.93 2.49424e-07
10.94 3.2743e-06
10.95 4.2606e-06
10.96 2.79663e-06
10.97 -5.13628e-08
10.98 -2.42544e-06
10.99 -2.81123e-06
11 -9.29673e-07
11.01 2.13119e-06
11.02 4.58481e-06
11.03 4.98824e-06
11.04 3.05306e-06
11.05 -2.03953e-07
11.06 -3.02206e-06
11.07 -3.86027e-06
11.08 -2.25838e-06
11.09 8.72042e-07
11.1 3.72186e-06
11.11 4.60327e-06
11.12 2.94568e-06
11.13 -3.364e-07
11.14 -3.35631e-06
11.15 -4.36107e-06
11.16 -2.76874e-06
11.17 4.86068e-07
11.18 3.50707e-06
11.19 4.56443e-06
11.2 3.12318e-06
11.21 1.46157e-07
11.22 -2.5208e-06
11.23 -3.29886e-06
11.24 -1.82984e-06
11.25 8.65535e-07
11.26 3.08704e-06
11.27 3.52123e-06
11.28 2.00009e-06
11.29 -4.63261e-07
11.3 -2.31726e-06
11.31 -2.38805e-06
11.32 -5.54616e-07
11.33 2.18405e-06
11.34 4.28988e-06
11.35 4.5918e-06
11.36 2.98899e-06
11.37 5.22637e-07
11.38 -1.24298e-06
11.39 -1.17031e-06
11.4 7.34367e-07
11.41 3.27343e-06
11.42 4.7379e-06
11.43 3.94488e-06
11.44 1.01782e-06
11.45 -2.59421e-06
11.46 -4.91638e-06
11.47 -4.60492e-06
11.48 -1.75732e-06
11.49 2.11927e-06
11.5 4.96036e-06
11.51 5.30808e-06
11.52 3.10817e-06
11.53 -3.07007e-07
11.54 -3.01622e-06
11.55 -3.60926e-06
11.56 -1.95418e-06
11.57 7.89047e-07
11.58 2.88364e-06
11.59 3.02599e-06
11.6 1.07195e-06
11.61 -1.91641e-06
11.62 -4.30914e-06
11.63 -4.85288e-06
11.64 -3.37116e-06
11.65 -8.16322e-07
11.66 1.33815e-06
11.67 1.97582e-06
11.68 9.49331e-07
11.69 -9.13653e-07
11.7 -2.36033e-06
11.71 -2.45177e-06
11.72 -1.06445e-06
11.73 1.08892e-06
11.74 2.88523e-06
11.75 3.41355e-06
11.76 2.46819e-06
11.77 6.59352e-07
11.78 -9.22838e-07
11.79 -1.3241e-06
11.8 -2.9084e-07
11.81 1.54528e-06
11.82 2.99815e-06
11.83 3.01217e-06
11.84 1.31192e-06
11.85 -1.37818e-06
11.86 -3.69804e-06
11.87 -4.40451e-06
11.88 -3.07891e-06
11.89 -3.76616e-07
11.9 2.32761e-06
11.91 3.69577e-06
11.92 3.15235e-06
11.93 1.16902e-06
11.94 -1.04521e-06
11.95 -2.25738e-06
11.96 -1.90504e-06
11.97 -3.70443e-07
11.98 1.30728e-06
11.99 2.08719e-06
12 1.54752e-06
12.01 1.11231e-07
12.02 -1.23702e-06
12.03 -1.55528e-06
12.04 -5.05511e-07
12.05 1.45148e-06
12.06 3.32542e-06
12.07 4.16247e-06
12.08 3.58204e-06
12.09 1.98355e-06
12.1 3.04354e-07
12.11 -5.37389e-07
12.12 -1.85338e-07
12.13 9.65465e-07
12.14 2.05437e-06
12.15 2.32409e-06
12.16 1.59254e-06
12.17 3.265e-07
12.18 -7.03351e-07
12.19 -9.34256e-07
12.2 -3.58443e-07
12.21 4.91295e-07
12.22 8.82117e-07
12.23 3.31778e-07
12.24 -1.09159e-06
12.25 -2.7885e-06
12.26 -3.9575e-06
12.27 -4.05265e-06
12.28 -3.10493e-06
12.29 -1.70917e-06
12.3 -6.7076e-07
12.31 -5.19836e-07
12.32 -1.19618e-06
12.33 -2.10791e-06
12.34 -2.52629e-06
12.35 -2.0587e-06
12.36 -8.96309e-07
12.37 3.11793e-07
12.38 8.65941e-07
12.39 4.48653e-07
12.4 -6.71862e-07
12.41 -1.78154e-06
12.42 -2.12813e-06
12.43 -1.37277e-06
12.44 1.77967e-07
12.45 1.71695e-06
12.46 2.39624e-06
12.47 1.83271e-06
12.48 3.44844e-07
12.49 -1.23304e-06
12.5 -2.05111e-06
12.51 -1.75785e-06
12.52 -7.17247e-07
12.53 2.11205e-07
12.54 2.14198e-07
12.55 -9.33725e-07
12.56 -2.68075e-06
12.57 -4.01202e-06
12.58 -4.08514e-06
12.59 -2.77157e-06
12.6 -7.46435e-07
12.61 9.20094e-07
12.62 1.39429e-06
12.63 5.4506e-07
12.64 -1.00832e-06
12.65 -2.26583e-06
12.66 -2.41471e-06
12.67 -1.28936e-06
12.68 5.2229e-07
12.69 1.99259e-06
12.7 2.23217e-06
12.71 1.01662e-06
12.72 -1.04893e-06
12.73 -2.84852e-06
12.74 -3.39407e-06
12.75 -2.41049e-06
12.76 -5.02827e-07
12.77 1.21059e-06
12.78 1.77544e-06
12.79 9.6438e-07
12.8 -6.19313e-07
12.81 -1.9422e-06
12.82 -2.1797e-06
12.83 -1.20228e-06
12.84 3.70425e-07
12.85 1.56261e-06
12.86 1.63692e-06
12.87 5.33311e-07
12.88 -1.10481e-06
12.89 -2.32154e-06
12.9 -2.41206e-06
12.91 -1.32139e-06
12.92 3.47047e-07
12.93 1.70248e-06
12.94 2.09093e-06
12.95 1.46425e-06
12.96 3.7693e-07
12.97 -3.86018e-07
12.98 -3.15961e-07
12.99 5.04572e-07
13 1.48007e-06
13.01 1.90906e-06
13.02 1.44229e-06
13.03 3.00808e-07
13.04 -8.62249e-07
13.05 -1.34868e-06
13.06 -8.16748e-07
13.07 5.19521e-07
13.08 1.99109e-06
13.09 2.8223e-06
13.1 2.55139e-06
13.11 1.29798e-06
13.12 -2.84511e-07
13.13 -1.36661e-06
13.14 -1.41562e-06
13.15 -5.01809e-07
13.16 7.52249e-07
13.17 1.5505e-06
13.18 1.39911e-06
13.19 3.94261e-07
13.2 -8.43075e-07
13.21 -1.53946e-06
13.22 -1.22821e-06
13.23 -3.08847e-08
13.24 1.40038e-06
13.25 2.25008e-06
13.26 2.01048e-06
13.27 7.8574e-07
13.28 -7.54902e-07
13.29 -1.75941e-06
13.3 -1.69252e-06
13.31 -6.54272e-07
13.32 6.78967e-07
13.33 1.4593e-06
13.34 1.1746e-06
13.35 -4.53574e-08
13.36 -1.50384e-06
13.37 -2.348e-06
13.38 -2.07606e-06
13.39 -8.41986e-07
13.4 6.32821e-07
13.41 1.49913e-06
13.42 1.30149e-06
13.43 2.47122e-07
13.44 -9.4597e-07
13.45 -1.50408e-06
13.46 -1.05074e-06
13.47 2.08691e-07
13.48 1.63749e-06
13.49 2.52778e-06
13.5 2.46994e-06
13.51 1.55737e-06
13.52 3.28846e-07
13.53 -5.35325e-07
13.54 -6.09107e-07
13.55 2.52013e-08
13.56 8.30007e-07
13.57 1.14711e-06
13.58 6.14e-07
13.59 -5.82699e-07
13.6 -1.76978e-06
13.61 -2.15352e-06
13.62 -1.30654e-06
13.63 5.06997e-07
13.64 2.4007e-06
13.65 3.34253e-06
13.66 2.77458e-06
13.67 9.81467e-07
13.68 -1.04608e-06
13.69 -2.18099e-06
13.7 -1.8171e-06
13.71 -2.23116e-07
13.72 1.60908e-06
13.73 2.53293e-06
13.74 1.91043e-06
13.75 -8.71927e-09
13.76 -2.21788e-06
13.77 -3.53241e-06
13.78 -3.28716e-06
13.79 -1.73633e-06
13.8 9.80402e-08
13.81 1.04968e-06
13.82 5.22506e-07
13.83 -1.15105e-06
13.84 -2.92774e-06
13.85 -3.6986e-06
13.86 -2.95557e-06
13.87 -1.0849e-06
13.88 8.66604e-07
13.89 1.80271e-06
13.9 1.21583e-06
13.91 -5.10859e-07
13.92 -2.32162e-06
13.93 -3.11434e-06
13.94 -2.40176e-06
13.95 -5.95256e-07
13.96 1.26159e-06
13.97 2.1238e-06
13.98 1.54198e-06
13.99 -1.09689e-07
14 -1.86353e-06
14.01 -2.69201e-06
14.02 -2.06334e-06
14.03 -2.3832e-07
14.04 1.8587e-06
14.05 3.15299e-06
14.06 3.04288e-06
14.07 1.75587e-06
14.08 2.00103e-07
14.09 -6.04188e-07
14.1 -1.51334e-07
14.11 1.25978e-06
14.12 2.73905e-06
14.13 3.36716e-06
14.14 2.74845e-06
14.15 1.22692e-06
14.16 -3.41224e-07
14.17 -1.10017e-06
14.18 -6.83335e-07
14.19 5.95961e-07
14.2 1.94395e-06
14.21 2.5496e-06
14.22 2.04645e-06
14.23 7.15792e-07
14.24 -6.80654e-07
14.25 -1.34529e-06
14.26 -9.14827e-07
14.27 3.16263e-07
14.28 1.55562e-06
14.29 1.97176e-06
14.3 1.18829e-06
14.31 -4.76536e-07
14.32 -2.17123e-06
14.33 -2.99046e-06
14.34 -2.50421e-06
14.35 -1.02847e-06
14.36 5.38321e-07
14.37 1.23799e-06
14.38 6.26385e-07
14.39 -9.63335e-07
14.4 -2.63731e-06
14.41 -3.4914e-06
14.42 -3.13942e-06
14.43 -1.90387e-06
14.44 -5.88816e-07
14.45 -1.79528e-09
14.46 -5.04227e-07
14.47 -1.82306e-06
14.48 -3.21059e-06
14.49 -3.86293e-06
14.5 -3.36973e-06
14.51 -1.94265e-06
14.52 -2.92609e-07
14.53 7.71488e-07
14.54 7.95641e-07
14.55 -6.26206e-08
14.56 -1.11618e-06
14.57 -1.53574e-06
14.58 -8.39326e-07
14.59 7.97601e-07
14.6 2.61028e-06
14.61 3.66979e-06
14.62 3.41846e-06
14.63 1.99436e-06
14.64 1.54951e-07
14.65 -1.14756e-06
14.66 -1.29128e-06
14.67 -3.19366e-07
14.68 1.09471e-06
14.69 2.03151e-06
14.7 1.84994e-06
14.71 5.59027e-07
14.72 -1.17659e-06
14.73 -2.40768e-06
14.74 -2.44222e-06
14.75 -1.24858e-06
14.76 5.18617e-07
14.77 1.89295e-06
14.78 2.15335e-06
14.79 1.23165e-06
14.8 -2.68015e-07
14.81 -1.43621e-06
14.82 -1.58403e-06
14.83 -6.24477e-07
14.84 8.96779e-07
14.85 2.12812e-06
14.86 2.40822e-06
14.87 1.64802e-06
14.88 3.73458e-07
14.89 -5.99168e-07
14.9 -6.57622e-07
14.91 2.46029e-07
14.92 1.58232e-06
14.93 2.57222e-06
14.94 2.65137e-06
14.95 1.79836e-06
14.96 5.37425e-07
14.97 -3.86658e-07
14.98 -4.6281e-07
14.99 2.87548e-07
15 1.34905e-06
15.01 2.04401e-06
15.02 1.93389e-06
15.03 1.05552e-06
15.04 -1.14733e-07
15.05 -9.22354e-07
15.06 -8.82519e-07
15.07 4.93025e-08
15.08 1.42278e-06
15.09 2.51099e-06
15.1 2.71584e-06
15.11 1.93603e-06
15.12 6.53083e-07
15.13 -3.51702e-07
15.14 -4.86615e-07
15.15 2.76415e-07
15.16 1.39578e-06
15.17 2.12004e-06
15.18 1.96235e-06
15.19 9.79447e-07
15.2 -2.97474e-07
15.21 -1.19838e-06
15.22 -1.29273e-06
15.23 -6.01751e-07
15.24 4.46165e-07
15.25 1.27096e-06
15.26 1.46286e-06
15.27 9.98861e-07
15.28 2.38279e-07
15.29 -2.9882e-07
15.3 -2.44747e-07
15.31 3.93766e-07
15.32 1.24111e-06
15.33 1.7884e-06
15.34 1.71354e-06
15.35 1.07952e-06
15.36 2.85136e-07
15.37 -1.88832e-07
15.38 -6.39672e-08
15.39 5.96081e-07
15.4 1.45132e-06
15.41 2.08584e-06
15.42 2.21449e-06
15.43 1.79859e-06
15.44 1.04199e-06
15.45 2.87912e-07
15.46 -1.40709e-07
15.47 -9.81706e-08
15.48 3.05895e-07
15.49 7.65937e-07
15.5 9.61155e-07
15.51 7.50166e-07
15.52 2.48579e-07
15.53 -2.62179e-07
15.54 -5.23094e-07
15.55 -4.46825e-07
15.56 -1.35428e-07
15.57 2.21901e-07
15.58 4.82619e-07
15.59 6.24203e-07
15.6 7.18033e-07
15.61 8.327e-07
15.62 9.44095e-07
15.63 9.31047e-07
15.64 6.76304e-07
15.65 2.01393e-07
15.66 -2.86258e-07
15.67 -5.02498e-07
15.68 -2.89516e-07
15.69 2.44426e-07
15.7 7.67457e-07
15.71 9.24569e-07
15.72 5.53863e-07
15.73 -2.20068e-07
15.74 -1.05508e-06
15.75 -1.56662e-06
15.76 -1.52015e-06
15.77 -9.59905e-07
15.78 -2.08604e-07
15.79 2.87399e-07
15.8 2.06688e-07
15.81 -4.50148e-07
15.82 -1.35176e-06
15.83 -2.03228e-06
15.84 -2.1664e-06
15.85 -1.74383e-06
15.86 -1.03765e-06
15.87 -4.0525e-07
15.88 -6.82543e-08
15.89 -1.60418e-08
15.9 -7.3419e-08
15.91 -5.73099e-08
15.92 9.40084e-08
15.93 2.92976e-07
15.94 3.77857e-07
15.95 2.37133e-07
15.96 -9.64178e-08
15.97 -4.49219e-07
15.98 -6.16103e-07
15.99 -5.0414e-07
16 -2.04437e-07
16.01 6.56366e-08
16.02 1.08496e-07
16.03 -1.24717e-07
16.04 -5.0698e-07
16.05 -8.19385e-07
16.06 -8.89893e-07
16.07 -7.05557e-07
16.08 -4.29074e-07
16.09 -2.98419e-07
16.1 -4.6445e-07
16.11 -8.78095e-07
16.12 -1.31532e-06
16.13 -1.52681e-06
16.14 -1.40177e-06
16.15 -1.02613e-06
16.16 -6.02351e-07
16.17 -3.04008e-07
16.18 -1.77667e-07
16.19 -1.51628e-07
16.2 -1.2009e-07
16.21 -2.14628e-08
16.22 1.43963e-07
16.23 3.46711e-07
16.24 5.62825e-07
16.25 7.78335e-07
16.26 9.71621e-07
16.27 1.10201e-06
16.28 1.12018e-06
16.29 9.92033e-07
16.3 7.17902e-07
16.31 3.36486e-07
16.32 -8.57619e-08
16.33 -4.72853e-07
16.34 -7.5705e-07
16.35 -8.90312e-07
16.36 -8.49328e-07
16.37 -6.40122e-07
16.38 -3.07082e-07
16.39 5.87737e-08
16.4 3.27774e-07
16.41 3.69687e-07
16.42 1.17946e-07
16.43 -3.69864e-07
16.44 -9.0122e-07
16.45 -1.22057e-06
16.46 -1.14838e-06
16.47 -7.10551e-07
16.48 -1.58599e-07
16.49 1.61998e-07
16.5 2.5856e-08
16.51 -5.21931e-07
16.52 -1.18896e-06
16.53 -1.61648e-06
16.54 -1.59216e-06
16.55 -1.15811e-06
16.56 -5.60272e-07
16.57 -9.02633e-08
16.58 7.47315e-08
16.59 -5.29614e-08
16.6 -3.04618e-07
16.61 -4.60972e-07
16.62 -3.72789e-07
16.63 -4.39005e-08
16.64 3.61561e-07
16.65 6.02313e-07
16.66 5.0282e-07
16.67 7.55608e-08
16.68 -4.64056e-07
16.69 -8.13954e-07
16.7 -7.63889e-07
16.71 -3.21594e-07
16.72 2.88788e-07
16.73 7.46981e-07
16.74 8.04908e-07
16.75 4.19507e-07
16.76 -2.14269e-07
16.77 -7.55124e-07
16.78 -8.96429e-07
16.79 -5.42316e-07
16.8 1.27133e-07
16.81 7.49371e-07
16.82 9.84012e-07
16.83 7.11545e-07
16.84 1.09326e-07
16.85 -4.43339e-07
16.86 -5.8168e-07
16.87 -1.71793e-07
16.88 6.00161e-07
16.89 1.32348e-06
16.9 1.5933e-06
16.91 1.244e-06
16.92 4.49337e-07
16.93 -3.70887e-07
16.94 -7.8565e-07
16.95 -5.95506e-07
16.96 5.68902e-08
16.97 7.7447e-07
16.98 1.14143e-06
16.99 9.65055e-07
17 3.7513e-07
17.01 -2.76665e-07
17.02 -6.43508e-07
17.03 -5.83781e-07
17.04 -2.13768e-07
17.05 1.98564e-07
17.06 4.09615e-07
17.07 3.32285e-07
17.08 5.937e-08
17.09 -2.13051e-07
17.1 -3.03832e-07
17.11 -1.41707e-07
17.12 2.01743e-07
17.13 5.45904e-07
17.14 6.83749e-07
17.15 4.84007e-07
17.16 -2.58479e-08
17.17 -6.41595e-07
17.18 -1.06177e-06
17.19 -1.04826e-06
17.2 -5.85625e-07
17.21 7.184e-08
17.22 5.23725e-07
17.23 4.60342e-07
17.24 -1.38132e-07
17.25 -9.80021e-07
17.26 -1.63837e-06
17.27 -1.80742e-06
17.28 -1.4725e-06
17.29 -8.96641e-07
17.3 -4.51434e-07
17.31 -4.05263e-07
17.32 -7.84577e-07
17.33 -1.36791e-06
17.34 -1.80483e-06
17.35 -1.80024e-06
17.36 -1.27672e-06
17.37 -4.31633e-07
17.38 3.49098e-07
17.39 6.87133e-07
17.4 4.21767e-07
17.41 -2.82066e-07
17.42 -1.00305e-06
17.43 -1.29204e-06
17.44 -9.38992e-07
17.45 -1.1368e-07
17.46 7.20666e-07
17.47 1.08128e-06
17.48 7.62902e-07
17.49 -2.86305e-08
17.5 -7.95489e-07
17.51 -1.05007e-06
17.52 -6.11431e-07
17.53 2.90777e-07
17.54 1.16418e-06
17.55 1.54959e-06
17.56 1.27886e-06
17.57 5.52319e-07
17.58 -1.87067e-07
17.59 -4.97794e-07
17.6 -1.72322e-07
17.61 6.53325e-07
17.62 1.56463e-06
17.63 2.08063e-06
17.64 1.91057e-06
17.65 1.11923e-06
17.66 1.02474e-07
17.67 -6.2552e-07
17.68 -7.21091e-07
17.69 -2.08726e-07
17.7 5.37322e-07
17.71 1.02396e-06
17.72 9.41106e-07
17.73 3.43251e-07
17.74 -3.98691e-07
17.75 -8.32662e-07
17.76 -6.9515e-07
17.77 -5.92795e-08
17.78 7.11826e-07
17.79 1.17186e-06
17.8 1.0434e-06
17.81 3.78299e-07
17.82 -4.63078e-07
17.83 -1.00667e-06
17.84 -9.30013e-07
17.85 -2.52368e-07
17.86 6.59828e-07
17.87 1.28523e-06
17.88 1.24107e-06
17.89 5.1395e-07
17.9 -5.16696e-07
17.91 -1.29336e-06
17.92 -1.41322e-06
17.93 -8.72009e-07
17.94 -6.2672e-08
17.95 4.70086e-07
17.96 3.63547e-07
17.97 -3.47718e-07
17.98 -1.26417e-06
17.99 -1.87472e-06
18 -1.86641e-06
18.01 -1.29519e-06
18.02 -5.23694e-07
18.03 1.1677e-08
18.04 4.6656e-08
18.05 -3.89242e-07
18.06 -1.0172e-06
18.07 -1.47174e-06
18.08 -1.49261e-06
18.09 -1.05871e-06
18.1 -4.02644e-07
18.11 1.08642e-07
18.12 1.76302e-07
18.13 -2.51027e-07
18.14 -9.29896e-07
18.15 -1.44788e-06
18.16 -1.45984e-06
18.17 -8.97651e-07
18.18 -2.3489e-08
18.19 7.13509e-07
18.2 9.37463e-07
18.21 5.67789e-07
18.22 -1.32549e-07
18.23 -7.13346e-07
18.24 -8.03986e-07
18.25 -3.3174e-07
18.26 4.33888e-07
18.27 1.03078e-06
18.28 1.0603e-06
18.29 4.12035e-07
18.3 -6.59157e-07
18.31 -1.64817e-06
18.32 -2.05931e-06
18.33 -1.68142e-06
18.34 -7.2014e-07
18.35 3.06811e-07
18.36 8.62723e-07
18.37 6.97501e-07
18.38 -2.00692e-08
18.39 -8.15314e-07
18.4 -1.18894e-06
18.41 -9.01667e-07
18.42 -1.05136e-07
18.43 7.52338e-07
18.44 1.19287e-06
18.45 9.93659e-07
18.46 3.14671e-07
18.47 -4.11955e-07
18.48 -7.56803e-07
18.49 -5.49673e-07
18.5 4.39808e-08
18.51 6.56376e-07
18.52 9.5219e-07
18.53 8.10623e-07
18.54 3.60325e-07
18.55 -1.25411e-07
18.56 -3.94891e-07
18.57 -3.53626e-07
18.58 -1.04436e-07
18.59 1.25334e-07
18.6 1.30144e-07
18.61 -1.39876e-07
18.62 -5.45704e-07
18.63 -8.54205e-07
18.64 -8.97485e-07
18.65 -6.84476e-07
18.66 -3.88796e-07
18.67 -2.27452e-07
18.68 -3.16396e-07
18.69 -5.96702e-07
18.7 -8.76334e-07
18.71 -9.59185e-07
18.72 -7.74463e-07
18.73 -4.17182e-07
18.74 -7.60578e-08
18.75 9.0132e-08
18.76 3.69211e-08
18.77 -1.64806e-07
18.78 -3.86324e-07
18.79 -5.06569e-07
18.8 -4.57732e-07
18.81 -2.47837e-07
18.82 4.39839e-08
18.83 3.06846e-07
18.84 4.57425e-07
18.85 4.80001e-07
18.86 4.20664e-07
18.87 3.49169e-07
18.88 3.21477e-07
18.89 3.59982e-07
18.9 4.49376e-07
18.91 5.47186e-07
18.92 6.12019e-07
18.93 6.387e-07
18.94 6.70726e-07
18.95 7.67859e-07
18.96 9.44522e-07
18.97 1.12954e-06
18.98 1.19191e-06
18.99 1.02847e-06
19 6.55523e-07
19.01 2.3163e-07
19.02 -1.93409e-08
19.03 5.60104e-08
19.04 4.36141e-07
19.05 9.2615e-07
19.06 1.26759e-06
19.07 1.28581e-06
19.08 9.85816e-07
19.09 5.47037e-07
19.1 2.25144e-07
19.11 2.12378e-07
19.12 5.27959e-07
19.13 1.00142e-06
19.14 1.36697e-06
19.15 1.41885e-06
19.16 1.13173e-06
19.17 6.68122e-07
19.18 2.71254e-07
19.19 1.16586e-07
19.2 2.1409e-07
19.21 4.13076e-07
19.22 4.99705e-07
19.23 3.29711e-07
19.24 -7.95282e-08
19.25 -5.53459e-07
19.26 -8.60708e-07
19.27 -8.46645e-07
19.28 -5.16979e-07
19.29 -2.63921e-08
19.3 4.09218e-07
19.31 6.19331e-07
19.32 5.51371e-07
19.33 2.84409e-07
19.34 -1.54161e-08
19.35 -1.78333e-07
19.36 -1.1644e-07
19.37 1.3206e-07
19.38 4.24462e-07
19.39 5.89292e-07
19.4 5.16976e-07
19.41 2.22174e-07
19.42 -1.52709e-07
19.43 -4.01875e-07
19.44 -3.66684e-07
19.45 -3.75373e-08
19.46 4.18976e-07
19.47 7.39735e-07
19.48 7.15476e-07
19.49 3.21672e-07
19.5 -2.54685e-07
19.51 -7.12309e-07
19.52 -8.00471e-07
19.53 -4.58576e-07
19.54 1.43579e-07
19.55 6.85571e-07
19.56 8.59788e-07
19.57 5.41166e-07
19.58 -1.26386e-07
19.59 -7.87107e-07
19.6 -1.06176e-06
19.61 -7.705e-07
19.62 -5.4236e-08
19.63 6.9425e-07
19.64 1.06164e-06
19.65 8.69028e-07
19.66 2.86564e-07
19.67 -2.71542e-07
19.68 -4.09217e-07
19.69 -7.55705e-10
19.7 7.29707e-07
19.71 1.35024e-06
19.72 1.48717e-06
19.73 1.04231e-06
19.74 2.33541e-07
19.75 -5.47618e-07
19.76 -9.61171e-07
19.77 -8.96248e-07
19.78 -5.12824e-07
19.79 -1.37014e-07
19.8 -7.37621e-08
19.81 -4.39817e-07
19.82 -1.10441e-06
19.83 -1.76338e-06
19.84 -2.1015e-06
19.85 -1.95694e-06
19.86 -1.40591e-06
19.87 -7.23538e-07
19.88 -2.33769e-07
19.89 -1.22491e-07
19.9 -3.25243e-07
19.91 -5.71397e-07
19.92 -5.66382e-07
19.93 -1.90822e-07
19.94 4.1973e-07
19.95 9.62108e-07
19.96 1.1518e-06
19.97 8.87119e-07
19.98 3.02601e-07
19.99 -3.04388e-07
20 -6.27801e-07
20.01 -5.09714e-07
20.02 -2.01576e-08
20.03 5.84074e-07
20.04 9.99091e-07
20.05 1.03189e-06
20.06 6.91616e-07
20.07 1.74999e-07
20.08 -2.38048e-07
20.09 -3.27588e-07
20.1 -4.96282e-08
20.11 4.35906e-07
20.12 8.48964e-07
20.13 9.45286e-07
20.14 6.54806e-07
20.15 1.19839e-07
20.16 -3.86022e-07
20.17 -6.05404e-07
20.18 -4.27913e-07
20.19 5.90361e-08
20.2 6.17979e-07
20.21 9.81322e-07
20.22 9.83567e-07
20.23 6.37881e-07
20.24 1.17859e-07
20.25 -3.41039e-07
20.26 -5.62216e-07
20.27 -5.06699e-07
20.28 -2.7548e-07
20.29 -4.30603e-08
20.3 3.89464e-08
20.31 -8.03296e-08
20.32 -3.28278e-07
20.33 -5.50767e-07
20.34 -5.96602e-07
20.35 -3.99569e-07
20.36 -1.31539e-08
20.37 4.20155e-07
20.38 7.43403e-07
20.39 8.59023e-07
20.4 7.64778e-07
20.41 5.41898e-07
20.42 3.10831e-07
20.43 1.78176e-07
20.44 1.94669e-07
20.45 3.36945e-07
20.46 5.17143e-07
20.47 6.16742e-07
20.48 5.36776e-07
20.49 2.52174e-07
20.5 -1.52309e-07
20.51 -4.95887e-07
20.52 -5.82808e-07
20.53 -3.2322e-07
20.54 1.81254e-07
20.55 6.61772e-07
20.56 8.23906e-07
20.57 5.26575e-07
20.58 -1.17271e-07
20.59 -7.88053e-07
20.6 -1.13401e-06
20.61 -9.75442e-07
20.62 -4.19664e-07
20.63 1.90103e-07
20.64 4.77388e-07
20.65 2.72641e-07
20.66 -2.65989e-07
20.67 -7.46085e-07
20.68 -7.99517e-07
20.69 -3.33487e-07
20.7 3.9988e-07
20.71 9.62801e-07
20.72 1.01072e-06
20.73 5.08177e-07
20.74 -2.49837e-07
20.75 -8.14234e-07
20.76 -8.4198e-07
20.77 -2.88294e-07
20.78 5.69265e-07
20.79 1.27765e-06
20.8 1.44476e-06
20.81 9.47654e-07
20.82 9.69874e-09
20.83 -8.99775e-07
20.84 -1.30556e-06
20.85 -9.86802e-07
20.86 -1.08135e-07
20.87 8.66588e-07
20.88 1.43609e-06
20.89 1.34239e-06
20.9 7.01096e-07
20.91 -8.94984e-08
20.92 -5.93106e-07
20.93 -5.81594e-07
20.94 -1.43068e-07
20.95 3.95715e-07
20.96 6.71225e-07
20.97 4.86504e-07
20.98 -9.20849e-08
20.99 -7.83362e-07
21 -1.24764e-06
21.01 -1.26622e-06
21.02 -8.52526e-07
21.03 -2.369e-07
21.04 2.67056e-07
21.05 4.3724e-07
21.06 2.54381e-07
21.07 -1.11777e-07
21.08 -4.18695e-07
21.09 -4.877e-07
21.1 -2.8668e-07
21.11 6.63065e-08
21.12 3.65341e-07
21.13 4.18907e-07
21.14 1.54884e-07
21.15 -3.25344e-07
21.16 -7.88351e-07
21.17 -9.9607e-07
21.18 -8.43627e-07
21.19 -4.16754e-07
21.2 6.58694e-08
21.21 3.8022e-07
21.22 4.11879e-07
21.23 1.98172e-07
21.24 -1.12571e-07
21.25 -3.52053e-07
21.26 -4.19985e-07
21.27 -3.22565e-07
21.28 -1.48151e-07
21.29 -4.96877e-09
21.3 3.90608e-08
21.31 -1.37284e-08
21.32 -9.97788e-08
21.33 -1.37521e-07
21.34 -8.61774e-08
21.35 1.46357e-08
21.36 5.9822e-08
21.37 -4.88197e-08
21.38 -3.18287e-07
21.39 -6.33275e-07
21.4 -8.09147e-07
21.41 -6.99139e-07
21.42 -2.89495e-07
21.43 2.74815e-07
21.44 7.52596e-07
21.45 9.29782e-07
21.46 7.3886e-07
21.47 3.02192e-07
21.48 -1.34494e-07
21.49 -3.44572e-07
21.5 -2.54443e-07
21.51 1.35814e-08
21.52 2.18763e-07
21.53 1.56706e-07
21.54 -2.02706e-07
21.55 -6.84782e-07
21.56 -1.01362e-06
21.57 -9.87847e-07
21.58 -6.1355e-07
21.59 -1.04873e-07
21.6 2.48847e-07
21.61 2.61596e-07
21.62 -3.84833e-08
21.63 -4.29379e-07
21.64 -6.27143e-07
21.65 -4.50762e-07
21.66 6.76448e-08
21.67 6.84023e-07
21.68 1.06136e-06
21.69 9.54865e-07
21.7 3.63977e-07
21.71 -4.48716e-07
21.72 -1.0996e-06
21.73 -1.30594e-06
21.74 -1.04402e-06
21.75 -5.43165e-07
21.76 -1.30916e-07
21.77 -3.86896e-08
21.78 -2.82514e-07
21.79 -6.70259e-07
21.8 -9.1773e-07
21.81 -8.12637e-07
21.82 -3.44175e-07
21.83 2.77123e-07
21.84 7.3176e-07
21.85 7.76607e-07
21.86 3.91258e-07
21.87 -2.05252e-07
21.88 -6.7729e-07
21.89 -7.6207e-07
21.9 -4.18049e-07
21.91 1.4922e-07
21.92 5.98638e-07
21.93 6.44273e-07
21.94 2.2159e-07
21.95 -4.66886e-07
21.96 -1.05934e-06
21.97 -1.23973e-06
21.98 -9.21594e-07
21.99 -2.99412e-07
22 2.65855e-07
22.01 4.5885e-07
22.02 1.91317e-07
22.03 -3.54387e-07
22.04 -8.40418e-07
22.05 -9.72489e-07
22.06 -6.63955e-07
22.07 -7.50213e-08
22.08 4.86286e-07
22.09 7.39523e-07
22.1 5.85918e-07
22.11 1.58278e-07
22.12 -2.61193e-07
22.13 -4.10936e-07
22.14 -2.08796e-07
22.15 1.9937e-07
22.16 5.34191e-07
22.17 5.60657e-07
22.18 2.35563e-07
22.19 -2.67104e-07
22.2 -6.64735e-07
22.21 -7.37947e-07
22.22 -4.59444e-07
22.23 -3.06609e-09
22.24 3.6892e-07
22.25 4.67588e-07
22.26 2.87129e-07
22.27 -2.31432e-09
22.28 -1.67758e-07
22.29 -5.69907e-08
22.3 3.14559e-07
22.31 7.78634e-07
22.32 1.11304e-06
22.33 1.1639e-06
22.34 9.25738e-07
22.35 5.41717e-07
22.36 2.27577e-07
22.37 1.58296e-07
22.38 3.74188e-07
22.39 7.56183e-07
22.4 1.08828e-06
22.41 1.17795e-06
22.42 9.67433e-07
22.43 5.68775e-07
22.44 2.00169e-07
22.45 6.20819e-08
22.46 2.26279e-07
22.47 5.99058e-07
22.48 9.76007e-07
22.49 1.15704e-06
22.5 1.05946e-06
22.51 7.65852e-07
22.52 4.7645e-07
22.53 3.88467e-07
22.54 5.70697e-07
22.55 9.09662e-07
22.56 1.1655e-06
22.57 1.11126e-06
22.58 6.76565e-07
22.59 7.44766e-09
22.6 -6.01512e-07
22.61 -8.70026e-07
22.62 -6.93993e-07
22.63 -2.05969e-07
22.64 3.03041e-07
22.65 5.49434e-07
22.66 4.09273e-07
22.67 -2.62764e-08
22.68 -5.12107e-07
22.69 -7.85081e-07
22.7 -7.03232e-07
22.71 -3.21108e-07
22.72 1.37092e-07
22.73 3.98296e-07
22.74 2.95311e-07
22.75 -1.31882e-07
22.76 -6.52064e-07
22.77 -9.71711e-07
22.78 -9.03299e-07
22.79 -4.74113e-07
22.8 8.94755e-08
22.81 4.95484e-07
22.82 5.60572e-07
22.83 3.18718e-07
22.84 -8.04846e-09
22.85 -1.62377e-07
22.86 -2.57937e-08
22.87 3.07721e-07
22.88 6.08307e-07
22.89 6.74862e-07
22.9 4.66e-07
22.91 1.12198e-07
22.92 -1.82521e-07
22.93 -2.69551e-07
22.94 -1.32451e-07
22.95 1.21179e-07
22.96 3.30377e-07
22.97 3.66855e-07
22.98 1.9569e-07
22.99 -1.101e-07
23 -4.0353e-07
23.01 -5.33869e-07
23.02 -4.25875e-07
23.03 -1.28627e-07
23.04 2.00571e-07
23.05 3.788e-07
23.06 3.01858e-07
23.07 4.08296e-09
23.08 -3.64456e-07
23.09 -6.25172e-07
23.1 -6.66778e-07
23.11 -4.98344e-07
23.12 -2.38618e-07
23.13 -5.15179e-08
23.14 -5.92376e-08
23.15 -2.7581e-07
23.16 -5.98491e-07
23.17 -8.65283e-07
23.18 -9.46247e-07
23.19 -8.13555e-07
23.2 -5.50056e-07
23.21 -2.95847e-07
23.22 -1.67153e-07
23.23 -1.93508e-07
23.24 -3.07667e-07
23.25 -3.93326e-07
23.26 -3.60668e-07
23.27 -2.01668e-07
23.28 7.41234e-09
23.29 1.52802e-07
23.3 1.48838e-07
23.31 -1.22853e-08
23.32 -2.51425e-07
23.33 -4.4231e-07
23.34 -4.83913e-07
23.35 -3.64369e-07
23.36 -1.72509e-07
23.37 -4.38741e-08
23.38 -7.41873e-08
23.39 -2.58396e-07
23.4 -4.9646e-07
23.41 -6.60997e-07
23.42 -6.8003e-07
23.43 -5.78132e-07
23.44 -4.48281e-07
23.45 -3.77981e-07
23.46 -3.88992e-07
23.47 -4.35921e-07
23.48 -4.53284e-07
23.49 -4.00166e-07
23.5 -2.68867e-07
23.51 -7.16709e-08
23.52 1.63714e-07
23.53 3.87621e-07
23.54 5.34749e-07
23.55 5.5568e-07
23.56 4.53546e-07
23.57 2.92566e-07
23.58 1.64649e-07
23.59 1.32779e-07
23.6 1.88863e-07
23.61 2.56755e-07
23.62 2.42827e-07
23.63 1.03347e-07
23.64 -1.18094e-07
23.65 -3.13304e-07
23.66 -3.80522e-07
23.67 -2.95321e-07
23.68 -1.32072e-07
23.69 -2.19794e-08
23.7 -7.5829e-08
23.71 -3.18008e-07
23.72 -6.66715e-07
23.73 -9.68431e-07
23.74 -1.07006e-06
23.75 -8.96757e-07
23.76 -4.98565e-07
23.77 -3.82108e-08
23.78 2.81678e-07
23.79 3.20182e-07
23.8 7.52101e-08
23.81 -3.09817e-07
23.82 -6.19619e-07
23.83 -6.84766e-07
23.84 -4.78053e-07
23.85 -1.31639e-07
23.86 1.39025e-07
23.87 1.62091e-07
23.88 -8.87938e-08
23.89 -4.79788e-07
23.9 -7.97534e-07
23.91 -8.74337e-07
23.92 -6.81455e-07
23.93 -3.36363e-07
23.94 -2.32923e-08
23.95 1.21374e-07
23.96 8.60643e-08
23.97 -2.55658e-08
23.98 -8.18967e-08
23.99 -2.47211e-08
24 8.94434e-08
24.01 1.37158e-07
24.02 2.66707e-08
24.03 -2.26896e-07
24.04 -5.02075e-07
24.05 -6.4336e-07
24.06 -5.56614e-07
24.07 -2.70299e-07
24.08 7.33628e-08
24.09 2.96351e-07
24.1 2.91385e-07
24.11 9.28749e-08
24.12 -1.37888e-07
24.13 -2.10954e-07
24.14 -2.93015e-08
24.15 3.44698e-07
24.16 7.20142e-07
24.17 8.85534e-07
24.18 7.29292e-07
24.19 3.05446e-07
24.2 -1.90829e-07
24.21 -5.25175e-07
24.22 -5.48595e-07
24.23 -2.75903e-07
24.24 1.25101e-07
24.25 4.26783e-07
24.26 4.66397e-07
24.27 2.35672e-07
24.28 -1.14848e-07
24.29 -3.63065e-07
24.3 -3.46939e-07
24.31 -6.2159e-08
24.32 3.34076e-07
24.33 6.145e-07
24.34 6.12608e-07
24.35 3.17668e-07
24.36 -1.17701e-07
24.37 -4.61181e-07
24.38 -5.30624e-07
24.39 -2.96859e-07
24.4 1.02752e-07
24.41 4.49213e-07
24.42 5.6964e-07
24.43 4.25823e-07
24.44 1.16219e-07
24.45 -1.93514e-07
24.46 -3.60186e-07
24.47 -3.28548e-07
24.48 -1.51435e-07
24.49 4.03292e-08
24.5 1.08944e-07
24.51 -9.53186e-09
24.52 -2.61541e-07
24.53 -5.02858e-07
24.54 -5.84855e-07
24.55 -4.46827e-07
24.56 -1.55556e-07
24.57 1.32138e-07
24.58 2.61107e-07
24.59 1.70851e-07
24.6 -6.40854e-08
24.61 -2.73099e-07
24.62 -2.90348e-07
24.63 -6.00211e-08
24.64 3.20344e-07
24.65 6.51425e-07
24.66 7.52046e-07
24.67 5.73696e-07
24.68 2.35126e-07
24.69 -4.73693e-08
24.7 -8.99895e-08
24.71 1.50268e-07
24.72 5.52583e-07
24.73 9.00797e-07
24.74 9.97767e-07
24.75 7.64082e-07
24.76 2.77074e-07
24.77 -2.64228e-07
24.78 -6.33899e-07
24.79 -6.93415e-07
24.8 -4.67733e-07
24.81 -1.34625e-07
24.82 7.55783e-08
24.83 1.35127e-08
24.84 -3.05581e-07
24.85 -7.19569e-07
24.86 -1.02178e-06
24.87 -1.07903e-06
24.88 -8.95384e-07
24.89 -5.93734e-07
24.9 -3.36589e-07
24.91 -2.36321e-07
24.92 -3.04209e-07
24.93 -4.60339e-07
24.94 -5.88497e-07
24.95 -5.9778e-07
24.96 -4.60179e-07
24.97 -2.15591e-07
24.98 5.17646e-08
24.99 2.57799e-07
25 3.65224e-07
25.01 4.01103e-07
25.02 4.25827e-07
25.03 4.74e-07
25.04 5.18648e-07
25.05 4.93543e-07
25.06 3.54724e-07
25.07 1.25489e-07
25.08 -1.12828e-07
25.09 -2.71134e-07
25.1 -3.0137e-07
25.11 -2.15479e-07
25.12 -7.60069e-08
25.13 2.94203e-08
25.14 2.50019e-08
25.15 -1.10268e-07
25.16 -3.15872e-07
25.17 -4.69459e-07
25.18 -4.56793e-07
25.19 -2.51317e-07
25.2 5.50434e-08
25.21 2.96725e-07
25.22 3.27743e-07
25.23 1.0504e-07
25.24 -2.8451e-07
25.25 -6.64133e-07
25.26 -8.53059e-07
25.27 -7.58874e-07
25.28 -4.30888e-07
25.29 -4.09922e-08
25.3 2.05804e-07
25.31 1.84939e-07
25.32 -7.65725e-08
25.33 -4.16408e-07
25.34 -6.34044e-07
25.35 -6.11778e-07
25.36 -3.8471e-07
25.37 -1.14578e-07
25.38 1.51256e-08
25.39 -8.65119e-08
25.4 -3.65404e-07
25.41 -6.58105e-07
25.42 -7.87556e-07
25.43 -6.6295e-07
25.44 -3.32186e-07
25.45 3.90866e-08
25.46 2.53343e-07
25.47 1.90482e-07
25.48 -1.17881e-07
25.49 -4.94905e-07
25.5 -7.1013e-07
25.51 -6.10917e-07
25.52 -2.19825e-07
25.53 2.64168e-07
25.54 5.71992e-07
25.55 5.24006e-07
25.56 1.47038e-07
25.57 -3.29606e-07
25.58 -6.04072e-07
25.59 -4.80568e-07
25.6 1.21835e-08
25.61 6.32319e-07
25.62 1.05734e-06
25.63 1.06193e-06
25.64 6.43456e-07
25.65 2.66727e-08
25.66 -4.56529e-07
25.67 -5.48986e-07
25.68 -2.11771e-07
25.69 3.53306e-07
25.7 8.18682e-07
25.71 9.19611e-07
25.72 6.06335e-07
25.73 7.02274e-08
25.74 -3.6964e-07
25.75 -4.50888e-07
25.76 -1.17716e-07
25.77 4.45152e-07
25.78 9.12423e-07
25.79 1.00012e-06
25.8 6.30614e-07
25.81 -1.65801e-08
25.82 -6.05174e-07
25.83 -8.38261e-07
25.84 -6.29672e-07
25.85 -1.43783e-07
25.86 3.15707e-07
25.87 4.90619e-07
25.88 3.11317e-07
25.89 -7.96171e-08
25.9 -4.24192e-07
25.91 -5.02466e-07
25.92 -2.55093e-07
25.93 1.89801e-07
25.94 5.95088e-07
25.95 7.50521e-07
25.96 5.89196e-07
25.97 2.21331e-07
25.98 -1.31378e-07
25.99 -2.62422e-07
26 -9.55601e-08
26.01 2.75713e-07
26.02 6.41765e-07
26.03 7.89834e-07
26.04 6.1837e-07
26.05 1.98125e-07
26.06 -2.55431e-07
26.07 -4.96855e-07
26.08 -3.97082e-07
26.09 -2.9569e-08
26.1 3.6861e-07
26.11 5.41567e-07
26.12 3.70779e-07
26.13 -5.73478e-08
26.14 -5.08994e-07
26.15 -7.42634e-07
26.16 -6.4562e-07
26.17 -2.92723e-07
26.18 1.01543e-07
26.19 3.08317e-07
26.2 2.17676e-07
26.21 -9.59772e-08
26.22 -4.16423e-07
26.23 -5.1537e-07
26.24 -2.96118e-07
26.25 1.36769e-07
26.26 5.32423e-07
26.27 6.47435e-07
26.28 4.01724e-07
26.29 -6.84343e-08
26.3 -4.94781e-07
26.31 -6.38688e-07
26.32 -4.26665e-07
26.33 1.34083e-08
26.34 4.25157e-07
26.35 5.63653e-07
26.36 3.32729e-07
26.37 -1.52838e-07
26.38 -6.22498e-07
26.39 -8.01578e-07
26.4 -5.74252e-07
26.41 -5.60745e-08
26.42 4.73023e-07
26.43 7.35347e-07
26.44 6.18778e-07
26.45 2.38468e-07
26.46 -1.37385e-07
26.47 -2.50986e-07
26.48 -9.93307e-09
26.49 4.58082e-07
26.5 8.83107e-07
26.51 1.01555e-06
26.52 7.74087e-07
26.53 2.90265e-07
26.54 -1.71859e-07
26.55 -3.67632e-07
26.56 -2.06057e-07
26.57 2.04522e-07
26.58 6.19064e-07
26.59 7.90979e-07
26.6 6.06803e-07
26.61 1.46886e-07
26.62 -3.60616e-07
26.63 -6.64748e-07
26.64 -6.25647e-07
26.65 -2.86135e-07
26.66 1.54765e-07
26.67 4.51575e-07
26.68 4.4735e-07
26.69 1.60034e-07
26.7 -2.3003e-07
26.71 -4.859e-07
26.72 -4.51439e-07
26.73 -1.39441e-07
26.74 2.79032e-07
26.75 5.74244e-07
26.76 5.87995e-07
26.77 3.22985e-07
26.78 -5.69396e-08
26.79 -3.17758e-07
26.8 -2.90288e-07
26.81 2.57675e-08
26.82 4.51794e-07
26.83 7.27635e-07
26.84 6.66633e-07
26.85 2.76567e-07
26.86 -2.35424e-07
26.87 -5.86983e-07
26.88 -5.96458e-07
26.89 -2.92146e-07
26.9 1.1514e-07
26.91 3.67248e-07
26.92 3.07478e-07
26.93 -4.08865e-08
26.94 -4.94455e-07
26.95 -8.06864e-07
26.96 -7.97244e-07
26.97 -4.53241e-07
26.98 4.78195e-08
26.99 4.27161e-07
27 4.67245e-07
27.01 1.53178e-07
27.02 -3.06557e-07
27.03 -6.06582e-07
27.04 -5.40828e-07
27.05 -1.3549e-07
27.06 3.73251e-07
27.07 6.98317e-07
27.08 6.84012e-07
27.09 3.90178e-07
27.1 3.54682e-08
27.11 -1.47729e-07
27.12 -5.15188e-08
27.13 2.50873e-07
27.14 5.53992e-07
27.15 6.45202e-07
27.16 4.3498e-07
27.17 1.35198e-08
27.18 -4.02405e-07
27.19 -5.97241e-07
27.2 -4.7866e-07
27.21 -1.24909e-07
27.22 2.61083e-07
27.23 4.60123e-07
27.24 3.51522e-07
27.25 -2.18864e-08
27.26 -4.72923e-07
27.27 -7.68383e-07
27.28 -7.57125e-07
27.29 -4.55114e-07
27.3 -3.41684e-08
27.31 2.81349e-07
27.32 3.46578e-07
27.33 1.7532e-07
27.34 -7.92708e-08
27.35 -2.25008e-07
27.36 -1.48389e-07
27.37 1.17779e-07
27.38 4.12452e-07
27.39 5.40005e-07
27.4 3.8984e-07
27.41 1.40223e-08
27.42 -3.88775e-07
27.43 -5.82828e-07
27.44 -4.36588e-07
27.45 -7.84367e-09
27.46 4.81159e-07
27.47 7.64239e-07
27.48 6.79492e-07
27.49 2.65309e-07
27.5 -2.50234e-07
27.51 -5.69979e-07
27.52 -4.99309e-07
27.53 -6.87784e-08
27.54 4.7401e-07
27.55 8.06304e-07
27.56 7.20739e-07
27.57 2.47016e-07
27.58 -3.66529e-07
27.59 -7.94267e-07
27.6 -8.11741e-07
27.61 -4.1393e-07
27.62 1.84141e-07
27.63 6.61179e-07
27.64 7.60481e-07
27.65 4.3055e-07
27.66 -1.43736e-07
27.67 -6.44713e-07
27.68 -8.05238e-07
27.69 -5.61372e-07
27.7 -8.0121e-08
27.71 3.50974e-07
27.72 4.98223e-07
27.73 3.12079e-07
27.74 -5.92654e-08
27.75 -3.71587e-07
27.76 -4.35223e-07
27.77 -2.25815e-07
27.78 1.06204e-07
27.79 3.30003e-07
27.8 2.76585e-07
27.81 -5.49824e-08
27.82 -4.91725e-07
27.83 -7.86984e-07
27.84 -7.67048e-07
27.85 -4.346e-07
27.86 3.35212e-08
27.87 3.90107e-07
27.88 4.58241e-07
27.89 2.27285e-07
27.9 -1.46273e-07
27.91 -4.29547e-07
27.92 -4.45263e-07
27.93 -1.74038e-07
27.94 2.31273e-07
27.95 5.32361e-07
27.96 5.46845e-07
27.97 2.59566e-07
27.98 -1.66176e-07
27.99 -4.85141e-07
28 -5.15102e-07
28.01 -2.43787e-07
28.02 1.63164e-07
28.03 4.57206e-07
28.04 4.52561e-07
28.05 1.40086e-07
28.06 -3.00969e-07
28.07 -6.06872e-07
28.08 -5.88167e-07
28.09 -2.43014e-07
28.1 2.44715e-07
28.11 6.15203e-07
28.12 6.7917e-07
28.13 4.18022e-07
28.14 -1.2568e-08
28.15 -3.74733e-07
28.16 -4.85816e-07
28.17 -3.22296e-07
28.18 -2.56421e-08
28.19 1.94204e-07
28.2 1.92531e-07
28.21 -2.72633e-08
28.22 -3.26926e-07
28.23 -5.21493e-07
28.24 -4.84849e-07
28.25 -2.19448e-07
28.26 1.42296e-07
28.27 4.09753e-07
28.28 4.45217e-07
28.29 2.49352e-07
28.3 -3.51263e-08
28.31 -2.0678e-07
28.32 -1.26595e-07
28.33 1.94042e-07
28.34 5.91563e-07
28.35 8.40976e-07
28.36 7.90134e-07
28.37 4.56266e-07
28.38 2.21776e-08
28.39 -2.67883e-07
28.4 -2.49914e-07
28.41 6.37722e-08
28.42 4.87765e-07
28.43 7.64448e-07
28.44 7.10119e-07
28.45 3.27591e-07
28.46 -1.82809e-07
28.47 -5.30766e-07
28.48 -5.0661e-07
28.49 -1.11974e-07
28.5 4.34754e-07
28.51 8.25496e-07
28.52 8.44519e-07
28.53 4.93965e-07
28.54 -1.18573e-08
28.55 -3.77821e-07
28.56 -4.05173e-07
28.57 -1.08867e-07
28.58 2.95026e-07
28.59 5.24898e-07
28.6 4.09884e-07
28.61 -3.44394e-09
28.62 -4.82926e-07
28.63 -7.59808e-07
28.64 -6.94578e-07
28.65 -3.51995e-07
28.66 5.27201e-08
28.67 2.87679e-07
28.68 2.32083e-07
28.69 -6.58366e-08
28.7 -4.20134e-07
28.71 -6.09121e-07
28.72 -4.99128e-07
28.73 -1.24232e-07
28.74 3.27703e-07
28.75 6.19625e-07
28.76 6.00582e-07
28.77 2.92575e-07
28.78 -1.1932e-07
28.79 -3.86168e-07
28.8 -3.31177e-07
28.81 4.64715e-08
28.82 5.56547e-07
28.83 9.10579e-07
28.84 8.84967e-07
28.85 4.63996e-07
28.86 -1.34662e-07
28.87 -5.83996e-07
28.88 -6.47984e-07
28.89 -3.23638e-07
28.9 1.68614e-07
28.91 5.2903e-07
28.92 5.54327e-07
28.93 2.40726e-07
28.94 -2.29136e-07
28.95 -5.93362e-07
28.96 -6.52748e-07
28.97 -3.77572e-07
28.98 7.80905e-08
28.99 4.68157e-07
29 6.01091e-07
29.01 4.4872e-07
29.02 1.49158e-07
29.03 -8.9799e-08
29.04 -1.17219e-07
29.05 8.12036e-08
29.06 3.86565e-07
29.07 6.19741e-07
29.08 6.39713e-07
29.09 4.18158e-07
29.1 5.59286e-08
29.11 -2.67521e-07
29.12 -3.90245e-07
29.13 -2.60685e-07
29.14 2.89127e-08
29.15 2.95321e-07
29.16 3.73502e-07
29.17 2.11484e-07
29.18 -1.07272e-07
29.19 -4.19226e-07
29.2 -5.72939e-07
29.21 -5.06856e-07
29.22 -2.77722e-07
29.23 -2.86857e-08
29.24 8.82573e-08
29.25 -2.77808e-09
29.26 -2.56102e-07
29.27 -5.27298e-07
29.28 -6.5454e-07
29.29 -5.52567e-07
29.3 -2.63781e-07
29.31 6.52741e-08
29.32 2.69599e-07
29.33 2.62513e-07
29.34 8.42554e-08
29.35 -1.2707e-07
29.36 -2.22523e-07
29.37 -1.32645e-07
29.38 9.22197e-08
29.39 3.13181e-07
29.4 3.8736e-07
29.41 2.57666e-07
29.42 -7.40448e-09
29.43 -2.53201e-07
29.44 -3.35217e-07
29.45 -2.08643e-07
29.46 4.71987e-08
29.47 2.81396e-07
29.48 3.6465e-07
29.49 2.67658e-07
29.5 8.00104e-08
29.51 -4.40363e-08
29.52 1.50536e-08
29.53 2.58795e-07
29.54 5.6155e-07
29.55 7.45814e-07
29.56 6.92e-07
29.57 4.1032e-07
29.58 3.44415e-08
29.59 -2.50868e-07
29.6 -3.058e-07
29.61 -1.11271e-07
29.62 2.11891e-07
29.63 4.60693e-07
29.64 4.6694e-07
29.65 2.0781e-07
29.66 -1.68585e-07
29.67 -4.31666e-07
29.68 -4.17609e-07
29.69 -1.37679e-07
29.7 2.29002e-07
29.71 4.51643e-07
29.72 3.93707e-07
29.73 9.52565e-08
29.74 -2.54738e-07
29.75 -4.32792e-07
29.76 -3.10849e-07
29.77 7.15727e-08
29.78 5.29014e-07
29.79 8.29807e-07
29.8 8.18995e-07
29.81 4.99346e-07
29.82 2.77781e-08
29.83 -3.70334e-07
29.84 -5.21216e-07
29.85 -3.90951e-07
29.86 -9.55775e-08
29.87 1.694e-07
29.88 2.40725e-07
29.89 7.93194e-08
29.9 -2.11012e-07
29.91 -4.51618e-07
29.92 -5.01158e-07
29.93 -3.37712e-07
29.94 -6.06923e-08
29.95 1.77871e-07
29.96 2.60336e-07
29.97 1.58746e-07
29.98 -6.19759e-08
29.99 -2.85753e-07
30 -4.086e-07
30.01 -3.91602e-07
30.02 -2.74906e-07
30.03 -1.45514e-07
30.04 -8.21976e-08
30.05 -1.1472e-07
30.06 -2.18165e-07
30.07 -3.34675e-07
30.08 -4.02662e-07
30.09 -3.81424e-07
30.1 -2.67786e-07
30.11 -1.00116e-07
30.12 5.67486e-08
30.13 1.43714e-07
30.14 1.40771e-07
30.15 7.94753e-08
30.16 2.30275e-08
30.17 2.4767e-08
30.18 9.38026e-08
30.19 1.92733e-07
30.2 2.66992e-07
30.21 2.81012e-07
30.22 2.35666e-07
30.23 1.61102e-07
30.24 9.6387e-08
30.25 6.97481e-08
30.26 8.69251e-08
30.27 1.29984e-07
30.28 1.66045e-07
30.29 1.62766e-07
30.3 1.05131e-07
30.31 6.52088e-09
30.32 -9.33825e-08
30.33 -1.4704e-07
30.34 -1.26268e-07
30.35 -4.10252e-08
30.36 6.44629e-08
30.37 1.36454e-07
30.38 1.40271e-07
30.39 7.49857e-08
30.4 -3.07204e-08
30.41 -1.33713e-07
30.42 -1.92944e-07
30.43 -1.838e-07
30.44 -1.09698e-07
30.45 -6.17397e-09
30.46 7.07334e-08
30.47 7.28817e-08
30.48 -8.85539e-09
30.49 -1.32773e-07
30.5 -2.25675e-07
30.51 -2.23872e-07
30.52 -1.11746e-07
30.53 6.4135e-08
30.54 2.13511e-07
30.55 2.46162e-07
30.56 1.21763e-07
30.57 -1.18957e-07
30.58 -3.62656e-07
30.59 -4.75664e-07
30.6 -3.78993e-07
30.61 -1.04841e-07
30.62 2.05149e-07
30.63 3.70664e-07
30.64 2.7963e-07
30.65 -3.27753e-08
30.66 -3.90004e-07
30.67 -5.72716e-07
30.68 -4.54447e-07
30.69 -8.66189e-08
30.7 3.26888e-07
30.71 5.52691e-07
30.72 4.69601e-07
30.73 1.38862e-07
30.74 -2.37702e-07
30.75 -4.39474e-07
30.76 -3.51396e-07
30.77 -2.11872e-08
30.78 3.73807e-07
30.79 6.2375e-07
30.8 5.94789e-07
30.81 2.97222e-07
30.82 -1.18903e-07
30.83 -4.41572e-07
30.84 -5.11736e-07
30.85 -3.13406e-07
30.86 1.59398e-08
30.87 2.65428e-07
30.88 2.75807e-07
30.89 3.37356e-08
30.9 -3.21991e-07
30.91 -5.84379e-07
30.92 -5.99502e-07
30.93 -3.53006e-07
30.94 2.49665e-08
30.95 3.33925e-07
30.96 4.11683e-07
30.97 2.18683e-07
30.98 -1.44347e-07
30.99 -4.91179e-07
31 -6.45585e-07
31.01 -5.28022e-07
31.02 -1.93253e-07
31.03 1.96122e-07
31.04 4.49078e-07
31.05 4.44394e-07
31.06 1.9747e-07
31.07 -1.47302e-07
31.08 -4.00478e-07
31.09 -4.37507e-07
31.1 -2.65271e-07
31.11 -7.23383e-09
31.12 1.76409e-07
31.13 1.81849e-07
31.14 1.74294e-08
31.15 -2.03181e-07
31.16 -3.24961e-07
31.17 -2.40821e-07
31.18 4.12259e-08
31.19 3.9419e-07
31.2 6.39287e-07
31.21 6.47854e-07
31.22 4.17362e-07
31.23 7.47623e-08
31.24 -1.9633e-07
31.25 -2.62118e-07
31.26 -1.14843e-07
31.27 1.28284e-07
31.28 3.02851e-07
31.29 3.01709e-07
31.3 1.38805e-07
31.31 -6.69506e-08
31.32 -1.73348e-07
31.33 -1.06367e-07
31.34 9.58496e-08
31.35 3.09347e-07
31.36 4.00238e-07
31.37 3.03365e-07
31.38 5.94931e-08
31.39 -2.08141e-07
31.4 -3.63419e-07
31.41 -3.33113e-07
31.42 -1.45437e-07
31.43 8.97332e-08
31.44 2.45211e-07
31.45 2.46763e-07
31.46 1.10526e-07
31.47 -7.06282e-08
31.48 -1.82682e-07
31.49 -1.5643e-07
31.5 -4.52337e-09
31.51 1.92837e-07
31.52 3.40488e-07
31.53 3.80603e-07
31.54 3.14215e-07
31.55 1.90134e-07
31.56 7.67856e-08
31.57 3.01208e-08
31.58 6.70783e-08
31.59 1.57352e-07
31.6 2.42592e-07
31.61 2.73249e-07
31.62 2.36307e-07
31.63 1.53994e-07
31.64 5.97967e-08
31.65 -2.39899e-08
31.66 -9.08859e-08
31.67 -1.41334e-07
31.68 -1.7417e-07
31.69 -1.86221e-07
31.7 -1.7834e-07
31.71 -1.60875e-07
31.72 -1.50433e-07
31.73 -1.56218e-07
31.74 -1.67579e-07
31.75 -1.59318e-07
31.76 -1.14688e-07
31.77 -4.4076e-08
31.78 2.08686e-08
31.79 5.20119e-08
31.8 4.43805e-08
31.81 1.62487e-08
31.82 -3.2398e-09
31.83 1.37453e-08
31.84 8.28558e-08
31.85 1.94178e-07
31.86 3.04689e-07
31.87 3.53176e-07
31.88 2.9755e-07
31.89 1.48059e-07
31.9 -3.26274e-08
31.91 -1.64589e-07
31.92 -1.9549e-07
31.93 -1.25663e-07
31.94 -1.1677e-09
31.95 1.16087e-07
31.96 1.79821e-07
31.97 1.74358e-07
31.98 1.11036e-07
31.99 1.80482e-08
32 -6.66182e-08
32.01 -1.03201e-07
32.02 -6.75282e-08
32.03 2.80807e-08
32.04 1.31712e-07
32.05 1.80481e-07
32.06 1.4553e-07
32.07 5.68154e-08
32.08 -1.61592e-08
32.09 -2.18118e-08
32.1 3.5816e-08
32.11 1.07112e-07
32.12 1.33315e-07
32.13 9.0112e-08
32.14 6.62025e-09
32.15 -5.90208e-08
32.16 -6.44069e-08
32.17 -9.40375e-09
32.18 7.24297e-08
32.19 1.41996e-07
32.2 1.76217e-07
32.21 1.71871e-07
32.22 1.38987e-07
32.23 9.45468e-08
32.24 5.89309e-08
32.25 5.04504e-08
32.26 7.54601e-08
32.27 1.20214e-07
32.28 1.5539e-07
32.29 1.55774e-07
32.3 1.20816e-07
32.31 7.60337e-08
32.32 5.1996e-08
32.33 6.04808e-08
32.34 8.9676e-08
32.35 1.1921e-07
32.36 1.36625e-07
32.37 1.40218e-07
32.38 1.31548e-07
32.39 1.11023e-07
32.4 8.19979e-08
32.41 5.50316e-08
32.42 4.25793e-08
32.43 4.66819e-08
32.44 5.30295e-08
32.45 4.05622e-08
32.46 2.53994e-10
32.47 -5.37858e-08
32.48 -9.21938e-08
32.49 -9.24136e-08
32.5 -5.85849e-08
32.51 -2.46241e-08
32.52 -3.68977e-08
32.53 -1.24554e-07
32.54 -2.73357e-07
32.55 -4.2123e-07
32.56 -4.86384e-07
32.57 -4.18635e-07
32.58 -2.41451e-07
32.59 -4.9414e-08
32.6 4.55255e-08
32.61 -1.42169e-08
32.62 -1.91378e-07
32.63 -3.72823e-07
32.64 -4.36646e-07
32.65 -3.26231e-07
32.66 -8.60984e-08
32.67 1.62818e-07
32.68 2.9391e-07
32.69 2.4826e-07
32.7 6.64002e-08
32.71 -1.38532e-07
32.72 -2.47563e-07
32.73 -2.02473e-07
32.74 -3.51109e-08
32.75 1.54982e-07
32.76 2.59819e-07
32.77 2.24365e-07
32.78 7.51962e-08
32.79 -9.88923e-08
32.8 -2.01736e-07
32.81 -1.86689e-07
32.82 -8.09203e-08
32.83 3.70089e-08
32.84 8.97582e-08
32.85 4.81136e-08
32.86 -5.69932e-08
32.87 -1.59715e-07
32.88 -2.00146e-07
32.89 -1.5556e-07
32.9 -4.96907e-08
32.91 5.9704e-08
32.92 1.09992e-07
32.93 6.95891e-08
32.94 -3.85652e-08
32.95 -1.45675e-07
32.96 -1.77807e-07
32.97 -1.02845e-07
32.98 4.78849e-08
32.99 1.9625e-07
33 2.61467e-07
33.01 2.07572e-07
33.02 6.7641e-08
33.03 -7.28402e-08
33.04 -1.28103e-07
33.05 -6.77402e-08
33.06 6.31992e-08
33.07 1.74731e-07
33.08 1.90841e-07
33.09 9.57404e-08
33.1 -6.01201e-08
33.11 -1.92348e-07
33.12 -2.30485e-07
33.13 -1.5562e-07
33.14 -9.87758e-09
33.15 1.26699e-07
33.16 1.7994e-07
33.17 1.2207e-07
33.18 -1.33947e-08
33.19 -1.50364e-07
33.2 -2.1306e-07
33.21 -1.70693e-07
33.22 -5.74447e-08
33.23 4.77626e-08
33.24 7.15844e-08
33.25 -6.43451e-09
33.26 -1.41592e-07
33.27 -2.53514e-07
33.28 -2.7618e-07
33.29 -1.96548e-07
33.3 -5.95401e-08
33.31 6.13081e-08
33.32 1.07211e-07
33.33 6.40741e-08
33.34 -3.63827e-08
33.35 -1.39373e-07
33.36 -1.97093e-07
33.37 -1.91326e-07
33.38 -1.40414e-07
33.39 -8.74653e-08
33.4 -7.36277e-08
33.41 -1.10686e-07
33.42 -1.72272e-07
33.43 -2.12687e-07
33.44 -2.01074e-07
33.45 -1.45019e-07
33.46 -8.51281e-08
33.47 -6.44528e-08
33.48 -9.51688e-08
33.49 -1.47131e-07
33.5 -1.68249e-07
33.51 -1.23318e-07
33.52 -2.15396e-08
33.53 8.97958e-08
33.54 1.58957e-07
33.55 1.61242e-07
33.56 1.05947e-07
33.57 2.25632e-08
33.58 -5.65694e-08
33.59 -1.07868e-07
33.6 -1.23456e-07
33.61 -1.13698e-07
33.62 -1.01686e-07
33.63 -1.09747e-07
33.64 -1.45783e-07
33.65 -1.99062e-07
33.66 -2.48267e-07
33.67 -2.75063e-07
33.68 -2.72799e-07
33.69 -2.45909e-07
33.7 -2.05097e-07
33.71 -1.64372e-07
33.72 -1.37764e-07
33.73 -1.30654e-07
33.74 -1.31628e-07
33.75 -1.19051e-07
33.76 -8.31107e-08
33.77 -4.14784e-08
33.78 -2.73488e-08
33.79 -5.79022e-08
33.8 -1.15083e-07
33.81 -1.58598e-07
33.82 -1.56804e-07
33.83 -1.05788e-07
33.84 -2.58747e-08
33.85 5.11528e-08
33.86 9.1949e-08
33.87 7.19972e-08
33.88 -9.90558e-09
33.89 -1.23601e-07
33.9 -2.18685e-07
33.91 -2.51305e-07
33.92 -2.09377e-07
33.93 -1.20833e-07
33.94 -3.95189e-08
33.95 -1.44291e-08
33.96 -5.96572e-08
33.97 -1.46452e-07
33.98 -2.24154e-07
33.99 -2.52813e-07
34 -2.22082e-07
34.01 -1.47248e-07
34.02 -5.39482e-08
34.03 3.34506e-08
34.04 9.67209e-08
34.05 1.2735e-07
34.06 1.30163e-07
34.07 1.21221e-07
34.08 1.16758e-07
34.09 1.20111e-07
34.1 1.18589e-07
34.11 9.54241e-08
34.12 4.89731e-08
34.13 2.76637e-09
34.14 -6.06802e-09
34.15 4.46459e-08
34.16 1.39469e-07
34.17 2.30825e-07
34.18 2.70733e-07
34.19 2.42605e-07
34.2 1.69078e-07
34.21 9.57827e-08
34.22 6.73175e-08
34.23 1.06656e-07
34.24 1.99973e-07
34.25 2.93163e-07
34.26 3.13653e-07
34.27 2.17444e-07
34.28 3.04901e-08
34.29 -1.56386e-07
34.3 -2.44919e-07
34.31 -1.9599e-07
34.32 -5.26723e-08
34.33 9.33095e-08
34.34 1.59723e-07
34.35 1.15754e-07
34.36 -9.77926e-09
34.37 -1.47686e-07
34.38 -2.22276e-07
34.39 -1.8835e-07
34.4 -5.70561e-08
34.41 1.05427e-07
34.42 2.11407e-07
34.43 2.01797e-07
34.44 8.40595e-08
34.45 -6.5693e-08
34.46 -1.41058e-07
34.47 -6.62584e-08
34.48 1.53878e-07
34.49 4.27042e-07
34.5 6.19191e-07
34.51 6.29454e-07
34.52 4.4998e-07
34.53 1.73852e-07
34.54 -5.50531e-08
34.55 -1.22314e-07
34.56 -8.00884e-09
34.57 2.00948e-07
34.58 3.59995e-07
34.59 3.5125e-07
34.6 1.54294e-07
34.61 -1.39045e-07
34.62 -3.75202e-07
34.63 -4.25158e-07
34.64 -2.57407e-07
34.65 4.28703e-08
34.66 3.19921e-07
34.67 4.35145e-07
34.68 3.46979e-07
34.69 1.34184e-07
34.7 -5.30841e-08
34.71 -8.40009e-08
34.72 7.63802e-08
34.73 3.48033e-07
34.74 5.80708e-07
34.75 6.35586e-07
34.76 4.62606e-07
34.77 1.35042e-07
34.78 -1.81342e-07
34.79 -3.16708e-07
34.8 -1.97748e-07
34.81 1.0239e-07
34.82 4.02039e-07
34.83 5.17337e-07
34.84 3.7214e-07
34.85 4.4938e-08
34.86 -2.74498e-07
34.87 -3.92991e-07
34.88 -2.24475e-07
34.89 1.59244e-07
34.9 5.65432e-07
34.91 7.8441e-07
34.92 7.04622e-07
34.93 3.77096e-07
34.94 -8.37072e-09
34.95 -2.28338e-07
34.96 -1.57232e-07
34.97 1.53578e-07
34.98 5.03974e-07
34.99 6.68789e-07
35 5.38993e-07
35.01 1.87986e-07
35.02 -1.77995e-07
35.03 -3.48661e-07
35.04 -2.34252e-07
35.05 8.72505e-08
35.06 4.22568e-07
35.07 5.79711e-07
35.08 4.78021e-07
35.09 1.87273e-07
35.1 -1.2243e-07
35.11 -2.82365e-07
35.12 -2.15289e-07
35.13 3.09472e-08
35.14 3.12902e-07
35.15 4.64319e-07
35.16 3.82895e-07
35.17 9.4306e-08
35.18 -2.47918e-07
35.19 -4.44262e-07
35.2 -3.7279e-07
35.21 -7.02515e-08
35.22 2.90055e-07
35.23 5.0652e-07
35.24 4.6617e-07
35.25 1.99393e-07
35.26 -1.46656e-07
35.27 -3.89968e-07
35.28 -4.0877e-07
35.29 -2.07218e-07
35.3 8.43562e-08
35.31 2.83951e-07
35.32 2.68465e-07
35.33 4.92853e-08
35.34 -2.374e-07
35.35 -4.16136e-07
35.36 -3.77195e-07
35.37 -1.39941e-07
35.38 1.59402e-07
35.39 3.49223e-07
35.4 3.26666e-07
35.41 1.1963e-07
35.42 -1.33754e-07
35.43 -2.73198e-07
35.44 -2.13382e-07
35.45 8.98733e-09
35.46 2.61649e-07
35.47 3.96923e-07
35.48 3.37926e-07
35.49 1.21741e-07
35.5 -1.24729e-07
35.51 -2.60805e-07
35.52 -2.13842e-07
35.53 -1.94917e-08
35.54 1.99422e-07
35.55 3.01403e-07
35.56 2.0693e-07
35.57 -5.04789e-08
35.58 -3.36152e-07
35.59 -4.91095e-07
35.6 -4.29089e-07
35.61 -1.87696e-07
35.62 1.00028e-07
35.63 2.8662e-07
35.64 2.88821e-07
35.65 1.25216e-07
35.66 -9.68937e-08
35.67 -2.38408e-07
35.68 -2.07096e-07
35.69 -1.64466e-08
35.7 2.18391e-07
35.71 3.54486e-07
35.72 3.18199e-07
35.73 1.55639e-07
35.74 -8.25291e-10
35.75 -2.52625e-08
35.76 1.15619e-07
35.77 3.40084e-07
35.78 5.04869e-07
35.79 4.97962e-07
35.8 3.10917e-07
35.81 4.54899e-08
35.82 -1.48033e-07
35.83 -1.60547e-07
35.84 1.3236e-08
35.85 2.74264e-07
35.86 4.77462e-07
35.87 5.1326e-07
35.88 3.66187e-07
35.89 1.19078e-07
35.9 -9.69111e-08
35.91 -1.75731e-07
35.92 -9.14688e-08
35.93 9.29377e-08
35.94 2.63766e-07
35.95 3.18768e-07
35.96 2.22269e-07
35.97 2.61774e-08
35.98 -1.56137e-07
35.99 -2.13913e-07
36 -1.07258e-07
36.01 1.03956e-07
36.02 2.93899e-07
36.03 3.48636e-07
36.04 2.37252e-07
36.05 3.02322e-08
36.06 -1.44092e-07
36.07 -1.76028e-07
36.08 -4.01019e-08
36.09 1.85815e-07
36.1 3.62248e-07
36.11 3.73702e-07
36.12 2.07474e-07
36.13 -3.20504e-08
36.14 -1.90739e-07
36.15 -1.67765e-07
36.16 2.01782e-08
36.17 2.55874e-07
36.18 4.00556e-07
36.19 3.77392e-07
36.2 2.09705e-07
36.21 1.38376e-10
36.22 -1.29763e-07
36.23 -1.05573e-07
36.24 5.99504e-08
36.25 2.71742e-07
36.26 4.02072e-07
36.27 3.62754e-07
36.28 1.61514e-07
36.29 -9.40319e-08
36.3 -2.5491e-07
36.31 -2.2118e-07
36.32 -6.52658e-09
36.33 2.67536e-07
36.34 4.44213e-07
36.35 4.22634e-07
36.36 2.13653e-07
36.37 -6.61918e-08
36.38 -2.56521e-07
36.39 -2.4166e-07
36.4 -2.11044e-08
36.41 2.8288e-07
36.42 4.94016e-07
36.43 4.89005e-07
36.44 2.73483e-07
36.45 -2.28137e-08
36.46 -2.26062e-07
36.47 -2.21057e-07
36.48 -1.64527e-08
36.49 2.60768e-07
36.5 4.36844e-07
36.51 3.91763e-07
36.52 1.34295e-07
36.53 -1.94743e-07
36.54 -3.99147e-07
36.55 -3.42569e-07
36.56 -3.39798e-08
36.57 3.69669e-07
36.58 6.48545e-07
36.59 6.45662e-07
36.6 3.60082e-07
36.61 -4.88165e-08
36.62 -3.50368e-07
36.63 -3.73892e-07
36.64 -1.07133e-07
36.65 2.93985e-07
36.66 5.9187e-07
36.67 6.04737e-07
36.68 3.17086e-07
36.69 -1.05635e-07
36.7 -4.12751e-07
36.71 -4.19074e-07
36.72 -1.17608e-07
36.73 3.15698e-07
36.74 6.2703e-07
36.75 6.34245e-07
36.76 3.3135e-07
36.77 -1.10894e-07
36.78 -4.44331e-07
36.79 -4.83744e-07
36.8 -2.10493e-07
36.81 2.16249e-07
36.82 5.48578e-07
36.83 5.9337e-07
36.84 3.28932e-07
36.85 -7.83366e-08
36.86 -3.7264e-07
36.87 -3.63884e-07
36.88 -4.24956e-08
36.89 4.16012e-07
36.9 7.56383e-07
36.91 7.93313e-07
36.92 5.17997e-07
36.93 1.02208e-07
36.94 -2.0112e-07
36.95 -2.04513e-07
36.96 1.0383e-07
36.97 5.51213e-07
36.98 8.80525e-07
36.99 9.01907e-07
37 6.06195e-07
37.01 1.71546e-07
37.02 -1.4221e-07
37.03 -1.49857e-07
37.04 1.45363e-07
37.05 5.50398e-07
37.06 7.97827e-07
37.07 7.10544e-07
37.08 3.14168e-07
37.09 -1.75096e-07
37.1 -4.81129e-07
37.11 -4.35027e-07
37.12 -7.49956e-08
37.13 3.79155e-07
37.14 6.56831e-07
37.15 5.9286e-07
37.16 2.1952e-07
37.17 -2.55549e-07
37.18 -5.70975e-07
37.19 -5.62187e-07
37.2 -2.52652e-07
37.21 1.6774e-07
37.22 4.60996e-07
37.23 4.801e-07
37.24 2.44795e-07
37.25 -8.37432e-08
37.26 -3.03802e-07
37.27 -2.86643e-07
37.28 -4.32509e-08
37.29 2.84695e-07
37.3 5.0275e-07
37.31 4.73256e-07
37.32 1.99921e-07
37.33 -1.65392e-07
37.34 -4.08149e-07
37.35 -3.82903e-07
37.36 -1.05449e-07
37.37 2.58978e-07
37.38 5.01814e-07
37.39 4.96251e-07
37.4 2.62667e-07
37.41 -5.36822e-08
37.42 -2.67974e-07
37.43 -2.56433e-07
37.44 -2.45562e-08
37.45 2.92513e-07
37.46 5.04147e-07
37.47 4.76513e-07
37.48 2.15837e-07
37.49 -1.3246e-07
37.5 -3.7071e-07
37.51 -3.67302e-07
37.52 -1.32976e-07
37.53 1.8893e-07
37.54 4.08983e-07
37.55 4.02307e-07
37.56 1.79275e-07
37.57 -1.23881e-07
37.58 -3.2829e-07
37.59 -3.19685e-07
37.6 -1.15245e-07
37.61 1.5e-07
37.62 3.0776e-07
37.63 2.58995e-07
37.64 3.10646e-08
37.65 -2.43647e-07
37.66 -4.1065e-07
37.67 -3.84098e-07
37.68 -1.91282e-07
37.69 5.09273e-08
37.7 2.08804e-07
37.71 2.09323e-07
37.72 7.84516e-08
37.73 -8.08557e-08
37.74 -1.57154e-07
37.75 -1.02609e-07
37.76 3.84376e-08
37.77 1.6353e-07
37.78 1.83765e-07
37.79 8.13278e-08
37.8 -8.53301e-08
37.81 -2.25164e-07
37.82 -2.70328e-07
37.83 -2.08293e-07
37.84 -8.04654e-08
37.85 4.10339e-08
37.86 8.51463e-08
37.87 1.48212e-08
37.88 -1.49509e-07
37.89 -3.33135e-07
37.9 -4.44769e-07
37.91 -4.30457e-07
37.92 -3.07293e-07
37.93 -1.5211e-07
37.94 -5.33328e-08
37.95 -5.94186e-08
37.96 -1.55197e-07
37.97 -2.75683e-07
37.98 -3.45443e-07
37.99 -3.2096e-07
38 -2.13273e-07
38.01 -7.84646e-08
38.02 1.72424e-08
38.03 3.47112e-08
38.04 -2.07299e-08
38.05 -1.07428e-07
38.06 -1.71301e-07
38.07 -1.72361e-07
38.08 -1.04403e-07
38.09 -3.49674e-10
38.1 8.25168e-08
38.11 9.43544e-08
38.12 2.43139e-08
38.13 -9.06141e-08
38.14 -1.8807e-07
38.15 -2.19168e-07
38.16 -1.76789e-07
38.17 -9.61621e-08
38.18 -3.13999e-08
38.19 -2.5096e-08
38.2 -8.68756e-08
38.21 -1.65278e-07
38.22 -1.83475e-07
38.23 -1.18437e-07
38.24 -1.17923e-08
38.25 6.93565e-08
38.26 7.29748e-08
38.27 -1.00463e-08
38.28 -1.40922e-07
38.29 -2.52835e-07
38.3 -2.87564e-07
38.31 -2.30612e-07
38.32 -1.22501e-07
38.33 -3.47105e-08
38.34 -2.27057e-08
38.35 -8.81876e-08
38.36 -1.7877e-07
38.37 -2.24908e-07
38.38 -1.8454e-07
38.39 -6.25981e-08
38.4 1.02048e-07
38.41 2.62094e-07
38.42 3.77061e-07
38.43 4.1556e-07
38.44 3.57867e-07
38.45 2.06891e-07
38.46 -8.50525e-10
38.47 -1.99146e-07
38.48 -3.1541e-07
38.49 -3.02848e-07
38.5 -1.65068e-07
38.51 3.90608e-08
38.52 2.15425e-07
38.53 2.76139e-07
38.54 1.86545e-07
38.55 -9.07729e-09
38.56 -2.0506e-07
38.57 -2.91443e-07
38.58 -2.1733e-07
38.59 -2.00919e-08
38.6 1.96607e-07
38.61 3.19702e-07
38.62 2.85361e-07
38.63 1.11062e-07
38.64 -1.12926e-07
38.65 -2.70651e-07
38.66 -2.85388e-07
38.67 -1.66439e-07
38.68 -6.33086e-09
38.69 7.35981e-08
38.7 -3.88147e-09
38.71 -2.25856e-07
38.72 -4.959e-07
38.73 -6.86137e-07
38.74 -7.05006e-07
38.75 -5.46531e-07
38.76 -2.95758e-07
38.77 -8.50342e-08
38.78 -2.29906e-08
38.79 -1.36141e-07
38.8 -3.5577e-07
38.81 -5.55805e-07
38.82 -6.21182e-07
38.83 -5.12357e-07
38.84 -2.90663e-07
38.85 -8.50878e-08
38.86 -1.53008e-08
38.87 -1.1872e-07
38.88 -3.30016e-07
38.89 -5.24144e-07
38.9 -5.90162e-07
38.91 -4.88808e-07
38.92 -2.66658e-07
38.93 -2.85027e-08
38.94 1.1445e-07
38.95 9.87232e-08
38.96 -5.8457e-08
38.97 -2.66429e-07
38.98 -4.08785e-07
38.99 -4.06719e-07
39 -2.62599e-07
39.01 -5.97884e-08
39.02 8.20245e-08
39.03 7.41051e-08
39.04 -8.77501e-08
39.05 -3.16982e-07
39.06 -4.85408e-07
39.07 -4.99274e-07
39.08 -3.54144e-07
39.09 -1.35161e-07
39.1 3.35556e-08
39.11 5.67013e-08
39.12 -8.42973e-08
39.13 -3.23166e-07
39.14 -5.40587e-07
39.15 -6.22354e-07
39.16 -5.19813e-07
39.17 -2.8174e-07
39.18 -3.37894e-08
39.19 9.08807e-08
39.2 3.1396e-08
39.21 -1.62915e-07
39.22 -3.64105e-07
39.23 -4.46372e-07
39.24 -3.61928e-07
39.25 -1.64404e-07
39.26 2.94949e-08
39.27 1.11098e-07
39.28 4.1088e-08
39.29 -1.30342e-07
39.3 -2.93175e-07
39.31 -3.41348e-07
39.32 -2.35393e-07
39.33 -2.65043e-08
39.34 1.72562e-07
39.35 2.50176e-07
39.36 1.53963e-07
39.37 -8.45679e-08
39.38 -3.6534e-07
39.39 -5.65212e-07
39.4 -5.96859e-07
39.41 -4.56961e-07
39.42 -2.34522e-07
39.43 -6.40488e-08
39.44 -4.51801e-08
39.45 -1.81184e-07
39.46 -3.79463e-07
39.47 -5.12032e-07
39.48 -4.93239e-07
39.49 -3.27008e-07
39.5 -1.0113e-07
39.51 6.34398e-08
39.52 8.06155e-08
39.53 -5.03796e-08
39.54 -2.41399e-07
39.55 -3.65633e-07
39.56 -3.35518e-07
39.57 -1.593e-07
39.58 6.28012e-08
39.59 2.01637e-07
39.6 1.7934e-07
39.61 1.48908e-08
39.62 -1.90419e-07
39.63 -3.14236e-07
39.64 -2.83372e-07
39.65 -1.14737e-07
39.66 9.44202e-08
39.67 2.22314e-07
39.68 1.94052e-07
39.69 2.67432e-08
39.7 -1.79978e-07
39.71 -3.03001e-07
39.72 -2.68435e-07
39.73 -9.41523e-08
39.74 1.22244e-07
39.75 2.61403e-07
39.76 2.51259e-07
39.77 1.07237e-07
39.78 -7.85473e-08
39.79 -1.91783e-07
39.8 -1.62291e-07
39.81 -4.07592e-09
39.82 1.93765e-07
39.83 3.19714e-07
39.84 3.05179e-07
39.85 1.64205e-07
39.86 -1.54968e-08
39.87 -1.24496e-07
39.88 -9.571e-08
39.89 5.69039e-08
39.9 2.47282e-07
39.91 3.68066e-07
39.92 3.53309e-07
39.93 2.16472e-07
39.94 4.18493e-08
39.95 -6.51732e-08
39.96 -3.96901e-08
39.97 1.05295e-07
39.98 2.8717e-07
39.99 4.02482e-07
40 3.8739e-07
40.01 2.5449e-07
40.02 8.47659e-08
40.03 -2.02111e-08
40.04 2.36426e-09
40.05 1.4031e-07
40.06 3.14256e-07
40.07 4.24499e-07
40.08 4.09276e-07
40.09 2.8039e-07
40.1 1.15653e-07
40.11 1.29518e-08
40.12 3.30485e-08
40.13 1.64529e-07
40.14 3.31122e-07
40.15 4.36735e-07
40.16 4.21607e-07
40.17 2.9679e-07
40.18 1.37052e-07
40.19 -9.07682e-09
