0.01 -1.80057e-07
0.02 -6.96829e-07
0.03 -1.34035e-06
0.04 -1.73358e-06
0.05 -1.65084e-06
0.06 -1.14636e-06
0.07 -5.20091e-07
0.08 -1.40686e-07
0.09 -2.30125e-07
0.1 -7.35699e-07
0.11 -1.36319e-06
0.12 -1.75036e-06
0.13 -1.67832e-06
0.14 -1.19739e-06
0.15 -5.94967e-07
0.16 -2.25655e-07
0.17 -3.03636e-07
0.18 -7.78168e-07
0.19 -1.36405e-06
0.2 -1.70885e-06
0.21 -1.59902e-06
0.22 -1.08383e-06
0.23 -4.4396e-07
0.24 -2.40594e-08
0.25 -3.0796e-08
0.26 -4.16826e-07
0.27 -9.16114e-07
0.28 -1.20396e-06
0.29 -1.0856e-06
0.3 -6.07429e-07
0.31 -3.06768e-08
0.32 3.1914e-07
0.33 2.4497e-07
0.34 -2.00917e-07
0.35 -7.47491e-07
0.36 -1.06974e-06
0.37 -9.7618e-07
0.38 -4.97155e-07
0.39 1.62815e-07
0.4 7.47327e-07
0.41 1.05988e-06
0.42 1.02871e-06
0.43 7.29268e-07
0.44 3.58553e-07
0.45 1.43348e-07
0.46 2.08913e-07
0.47 4.96679e-07
0.48 8.06372e-07
0.49 9.40125e-07
0.5 8.39574e-07
0.51 6.16174e-07
0.52 4.61956e-07
0.53 5.10373e-07
0.54 7.39137e-07
0.55 9.74024e-07
0.56 9.95586e-07
0.57 6.92584e-07
0.58 1.68313e-07
0.59 -2.81948e-07
0.6 -3.32662e-07
0.61 1.53999e-07
0.62 9.89228e-07
0.63 1.70635e-06
0.64 1.80602e-06
0.65 1.12515e-06
0.66 -7.20177e-08
0.67 -1.25271e-06
0.68 -1.83442e-06
0.69 -1.51874e-06
0.7 -4.98024e-07
0.71 6.62842e-07
0.72 1.35714e-06
0.73 1.26276e-06
0.74 4.93162e-07
0.75 -4.78242e-07
0.76 -1.06762e-06
0.77 -8.90204e-07
0.78 1.69899e-08
0.79 1.19096e-06
0.8 1.98913e-06
0.81 1.96255e-06
0.82 1.1304e-06
0.83 -2.31561e-08
0.84 -8.33606e-07
0.85 -8.48418e-07
0.86 -9.20791e-08
0.87 9.49435e-07
0.88 1.61636e-06
0.89 1.47298e-06
0.9 5.82025e-07
0.91 -5.19551e-07
0.92 -1.14177e-06
0.93 -8.64074e-07
0.94 2.08708e-07
0.95 1.51359e-06
0.96 2.36328e-06
0.97 2.33408e-06
0.98 1.49243e-06
0.99 3.58507e-07
1 -3.63274e-07
1.01 -1.65083e-07
1.02 9.49954e-07
1.03 2.40544e-06
1.04 3.33565e-06
1.05 3.10743e-06
1.06 1.76691e-06
1.07 7.61319e-08
1.08 -9.46684e-07
1.09 -6.97002e-07
1.1 6.14621e-07
1.11 2.12651e-06
1.12 2.92166e-06
1.13 2.60581e-06
1.14 1.47971e-06
1.15 2.64513e-07
1.16 -3.59601e-07
1.17 -1.02388e-07
1.18 8.4025e-07
1.19 1.92573e-06
1.2 2.55587e-06
1.21 2.40144e-06
1.22 1.59804e-06
1.23 6.70722e-07
1.24 1.99324e-07
1.25 4.37076e-07
1.26 1.15228e-06
1.27 1.80715e-06
1.28 1.94358e-06
1.29 1.50177e-06
1.3 8.49655e-07
1.31 5.06506e-07
1.32 7.63294e-07
1.33 1.47608e-06
1.34 2.17319e-06
1.35 2.37977e-06
1.36 1.92024e-06
1.37 1.01283e-06
1.38 1.37134e-07
1.39 -2.20868e-07
1.4 1.77519e-07
1.41 1.17502e-06
1.42 2.26375e-06
1.43 2.84841e-06
1.44 2.60388e-06
1.45 1.69191e-06
1.46 6.72152e-07
1.47 1.55857e-07
1.48 4.21869e-07
1.49 1.23224e-06
1.5 1.97438e-06
1.51 2.07274e-06
1.52 1.41824e-06
1.53 4.94674e-07
1.54 6.08833e-08
1.55 5.87336e-07
1.56 1.86487e-06
1.57 3.09431e-06
1.58 3.41061e-06
1.59 2.47887e-06
1.6 7.52937e-07
1.61 -7.80697e-07
1.62 -1.21314e-06
1.63 -2.87414e-07
1.64 1.43633e-06
1.65 2.93476e-06
1.66 3.35878e-06
1.67 2.53878e-06
1.68 1.05588e-06
1.69 -1.27384e-07
1.7 -2.37527e-07
1.71 8.54298e-07
1.72 2.53582e-06
1.73 3.78603e-06
1.74 3.77042e-06
1.75 2.35199e-06
1.76 1.97335e-07
1.77 -1.59317e-06
1.78 -2.10375e-06
1.79 -1.10925e-06
1.8 7.97647e-07
1.81 2.50531e-06
1.82 2.95225e-06
1.83 1.69386e-06
1.84 -8.17777e-07
1.85 -3.4145e-06
1.86 -4.80268e-06
1.87 -4.27358e-06
1.88 -2.13715e-06
1.89 3.99511e-07
1.9 1.88712e-06
1.91 1.46874e-06
1.92 -6.15467e-07
1.93 -3.19233e-06
1.94 -4.89419e-06
1.95 -4.98421e-06
1.96 -3.73959e-06
1.97 -2.19641e-06
1.98 -1.48125e-06
1.99 -2.1596e-06
2 -3.94714e-06
2.01 -5.89521e-06
2.02 -6.93431e-06
2.03 -6.50092e-06
2.04 -4.90369e-06
2.05 -3.17023e-06
2.06 -2.39841e-06
2.07 -2.99408e-06
2.08 -4.33245e-06
2.09 -5.13411e-06
2.1 -4.33065e-06
2.11 -1.81849e-06
2.12 1.41988e-06
2.13 3.89351e-06
2.14 4.49355e-06
2.15 3.15302e-06
2.16 8.95483e-07
2.17 -7.60846e-07
2.18 -7.09075e-07
2.19 1.0763e-06
2.2 3.54333e-06
2.21 5.25287e-06
2.22 5.29389e-06
2.23 3.81665e-06
2.24 1.87887e-06
2.25 7.72497e-07
2.26 1.26405e-06
2.27 3.14531e-06
2.28 5.31388e-06
2.29 6.38835e-06
2.3 5.58946e-06
2.31 3.36744e-06
2.32 1.27659e-06
2.33 1.03513e-06
2.34 3.32784e-06
2.35 7.20958e-06
2.36 1.06199e-05
2.37 1.17185e-05
2.38 1.0108e-05
2.39 7.06292e-06
2.4 4.6122e-06
2.41 4.16529e-06
2.42 5.66943e-06
2.43 7.83646e-06
2.44 9.17418e-06
2.45 9.02061e-06
2.46 7.87261e-06
2.47 6.8838e-06
2.48 7.0002e-06
2.49 8.37365e-06
2.5 1.03809e-05
2.51 1.20967e-05
2.52 1.2811e-05
2.53 1.22809e-05
2.54 1.06789e-05
2.55 8.39436e-06
2.56 5.85002e-06
2.57 3.41125e-06
2.58 1.37907e-06
2.59 1.58702e-08
2.6 -4.63384e-07
2.61 3.32789e-08
2.62 1.37587e-06
2.63 3.16943e-06
2.64 4.79952e-06
2.65 5.55941e-06
2.66 4.89039e-06
2.67 2.75735e-06
2.68 -2.03717e-08
2.69 -1.88726e-06
2.7 -1.36713e-06
2.71 1.80255e-06
2.72 6.1448e-06
2.73 9.20764e-06
2.74 9.25924e-06
2.75 6.64289e-06
2.76 3.68052e-06
2.77 3.13943e-06
2.78 6.35238e-06
2.79 1.22675e-05
2.8 1.80204e-05
2.81 2.06548e-05
2.82 1.89445e-05
2.83 1.41885e-05
2.84 9.44431e-06
2.85 7.64876e-06
2.86 9.85356e-06
2.87 1.47271e-05
2.88 1.95412e-05
2.89 2.18316e-05
2.9 2.06388e-05
2.91 1.67778e-05
2.92 1.22755e-05
2.93 9.40362e-06
2.94 9.65814e-06
2.95 1.29876e-05
2.96 1.76428e-05
2.97 2.09288e-05
2.98 2.06776e-05
2.99 1.66641e-05
3 1.09922e-05
3.01 6.99416e-06
3.02 7.16634e-06
3.03 1.14417e-05
3.04 1.70386e-05
3.05 2.01324e-05
3.06 1.82967e-05
3.07 1.20438e-05
3.08 4.40878e-06
3.09 -1.06555e-06
3.1 -2.49696e-06
3.11 -5.83438e-07
3.12 2.12101e-06
3.13 2.8805e-06
3.14 3.00482e-07
3.15 -5.06444e-06
3.16 -1.11589e-05
3.17 -1.55793e-05
3.18 -1.68344e-05
3.19 -1.51056e-05
3.2 -1.21207e-05
3.21 -1.01875e-05
3.22 -1.09008e-05
3.23 -1.42531e-05
3.24 -1.86674e-05
3.25 -2.1926e-05
3.26 -2.24318e-05
3.27 -2.00752e-05
3.28 -1.62628e-05
3.29 -1.31412e-05
3.3 -1.24367e-05
3.31 -1.44967e-05
3.32 -1.80656e-05
3.33 -2.10027e-05
3.34 -2.15849e-05
3.35 -1.95657e-05
3.36 -1.6243e-05
3.37 -1.34836e-05
3.38 -1.2436e-05
3.39 -1.2855e-05
3.4 -1.34277e-05
3.41 -1.27372e-05
3.42 -1.01585e-05
3.43 -6.18677e-06
3.44 -2.11904e-06
3.45 6.73301e-07
3.46 1.49416e-06
3.47 6.86719e-07
3.48 -6.26384e-07
3.49 -1.28875e-06
3.5 -8.39133e-07
3.51 2.88129e-07
3.52 1.18341e-06
3.53 1.11982e-06
3.54 -2.7671e-08
3.55 -1.77967e-06
3.56 -3.33245e-06
3.57 -3.93095e-06
3.58 -3.23611e-06
3.59 -1.5917e-06
3.6 -1.21434e-08
3.61 2.43855e-07
3.62 -1.61833e-06
3.63 -5.35527e-06
3.64 -9.67554e-06
3.65 -1.29142e-05
3.66 -1.40748e-05
3.67 -1.3603e-05
3.68 -1.32715e-05
3.69 -1.50452e-05
3.7 -1.95769e-05
3.71 -2.54582e-05
3.72 -2.99548e-05
3.73 -3.08532e-05
3.74 -2.81225e-05
3.75 -2.4148e-05
3.76 -2.22949e-05
3.77 -2.47392e-05
3.78 -3.10132e-05
3.79 -3.82318e-05
3.8 -4.28868e-05
3.81 -4.30837e-05
3.82 -3.97874e-05
3.83 -3.62409e-05
3.84 -3.59019e-05
3.85 -4.02309e-05
3.86 -4.77678e-05
3.87 -5.50591e-05
3.88 -5.87875e-05
3.89 -5.77464e-05
3.9 -5.34895e-05
3.91 -4.93538e-05
3.92 -4.84998e-05
3.93 -5.21151e-05
3.94 -5.87695e-05
3.95 -6.52541e-05
3.96 -6.842e-05
3.97 -6.69846e-05
3.98 -6.22844e-05
3.99 -5.75253e-05
4 -5.59157e-05
4.01 -5.87416e-05
4.02 -6.45354e-05
4.03 -6.98782e-05
4.04 -7.13915e-05
4.05 -6.77234e-05
4.06 -6.03391e-05
4.07 -5.26336e-05
4.08 -4.78677e-05
4.09 -4.71491e-05
4.1 -4.8723e-05
4.11 -4.90949e-05
4.12 -4.53135e-05
4.13 -3.69413e-05
4.14 -2.64718e-05
4.15 -1.80068e-05
4.16 -1.49973e-05
4.17 -1.81747e-05
4.18 -2.46121e-05
4.19 -2.85508e-05
4.2 -2.41091e-05
4.21 -8.93312e-06
4.22 1.33567e-05
4.23 3.4103e-05
4.24 4.41798e-05
4.25 3.96534e-05
4.26 2.47414e-05
4.27 9.82129e-06
4.28 5.51125e-06
4.29 1.64481e-05
4.3 3.85498e-05
4.31 6.13614e-05
4.32 7.40562e-05
4.33 7.15956e-05
4.34 5.75388e-05
4.35 4.19281e-05
4.36 3.54644e-05
4.37 4.33245e-05
4.38 6.22023e-05
4.39 8.22922e-05
4.4 9.30205e-05
4.41 8.91436e-05
4.42 7.3694e-05
4.43 5.61593e-05
4.44 4.70023e-05
4.45 5.16797e-05
4.46 6.7577e-05
4.47 8.56247e-05
4.48 9.5637e-05
4.49 9.22273e-05
4.5 7.78521e-05
4.51 6.12705e-05
4.52 5.23599e-05
4.53 5.62632e-05
4.54 7.02351e-05
4.55 8.51255e-05
4.56 9.08173e-05
4.57 8.24645e-05
4.58 6.36506e-05
4.59 4.43373e-05
4.6 3.47858e-05
4.61 3.92696e-05
4.62 5.34986e-05
4.63 6.72537e-05
4.64 7.0507e-05
4.65 5.932e-05
4.66 3.80817e-05
4.67 1.68675e-05
4.68 5.5347e-06
4.69 8.05213e-06
4.7 2.03792e-05
4.71 3.30742e-05
4.72 3.70023e-05
4.73 2.87052e-05
4.74 1.22461e-05
4.75 -3.48817e-06
4.76 -1.0291e-05
4.77 -5.54191e-06
4.78 6.41383e-06
4.79 1.70875e-05
4.8 1.8983e-05
4.81 9.90331e-06
4.82 -6.01844e-06
4.83 -2.09526e-05
4.84 -2.79716e-05
4.85 -2.49408e-05
4.86 -1.55731e-05
4.87 -7.17078e-06
4.88 -6.41007e-06
4.89 -1.55637e-05
4.9 -3.12578e-05
4.91 -4.6417e-05
4.92 -5.42773e-05
4.93 -5.22043e-05
4.94 -4.31587e-05
4.95 -3.39568e-05
4.96 -3.12998e-05
4.97 -3.7851e-05
4.98 -5.06548e-05
4.99 -6.286e-05
5 -6.77769e-05
5.01 -6.28778e-05
5.02 -5.13231e-05
5.03 -4.00643e-05
5.04 -3.56811e-05
5.05 -4.05013e-05
5.06 -5.13178e-05
5.07 -6.13859e-05
5.08 -6.44488e-05
5.09 -5.8407e-05
5.1 -4.64732e-05
5.11 -3.51416e-05
5.12 -3.02711e-05
5.13 -3.37696e-05
5.14 -4.28337e-05
5.15 -5.1834e-05
5.16 -5.52705e-05
5.17 -5.0073e-05
5.18 -3.65881e-05
5.19 -1.8467e-05
5.2 -1.55292e-06
5.21 8.38333e-06
5.22 8.53529e-06
5.23 9.2758e-07
5.24 -8.36799e-06
5.25 -1.26079e-05
5.26 -8.31563e-06
5.27 2.74737e-06
5.28 1.47807e-05
5.29 2.14786e-05
5.3 1.97277e-05
5.31 1.13444e-05
5.32 1.93486e-06
5.33 -2.38758e-06
5.34 1.51536e-06
5.35 1.21359e-05
5.36 2.43428e-05
5.37 3.23857e-05
5.38 3.31123e-05
5.39 2.76229e-05
5.4 2.0478e-05
5.41 1.68906e-05
5.42 1.95088e-05
5.43 2.67645e-05
5.44 3.39045e-05
5.45 3.61121e-05
5.46 3.1689e-05
5.47 2.31994e-05
5.48 1.58632e-05
5.49 1.43166e-05
5.5 1.98293e-05
5.51 2.96387e-05
5.52 3.8668e-05
5.53 4.25098e-05
5.54 3.99192e-05
5.55 3.34317e-05
5.56 2.78088e-05
5.57 2.72411e-05
5.58 3.29271e-05
5.59 4.24155e-05
5.6 5.10641e-05
5.61 5.47402e-05
5.62 5.21976e-05
5.63 4.57663e-05
5.64 3.99521e-05
5.65 3.87402e-05
5.66 4.31902e-05
5.67 5.07983e-05
5.68 5.70405e-05
5.69 5.81131e-05
5.7 5.30954e-05
5.71 4.41807e-05
5.72 3.49814e-05
5.73 2.82149e-05
5.74 2.43598e-05
5.75 2.20015e-05
5.76 1.93148e-05
5.77 1.54386e-05
5.78 1.08189e-05
5.79 6.52093e-06
5.8 3.2558e-06
5.81 8.99127e-07
5.82 -1.27022e-06
5.83 -3.96463e-06
5.84 -7.4187e-06
5.85 -1.12853e-05
5.86 -1.48058e-05
5.87 -1.71077e-05
5.88 -1.76083e-05
5.89 -1.64727e-05
5.9 -1.48241e-05
5.91 -1.43033e-05
5.92 -1.59924e-05
5.93 -1.94211e-05
5.94 -2.26016e-05
5.95 -2.33615e-05
5.96 -2.11186e-05
5.97 -1.76997e-05
5.98 -1.64265e-05
5.99 -1.99909e-05
6 -2.85456e-05
6.01 -3.92829e-05
6.02 -4.7792e-05
6.03 -5.04266e-05
6.04 -4.63679e-05
6.05 -3.82311e-05
6.06 -3.07913e-05
6.07 -2.84064e-05
6.08 -3.25271e-05
6.09 -4.07792e-05
6.1 -4.82746e-05
6.11 -5.04623e-05
6.12 -4.5842e-05
6.13 -3.6899e-05
6.14 -2.86801e-05
6.15 -2.58356e-05
6.16 -2.98567e-05
6.17 -3.81196e-05
6.18 -4.52966e-05
6.19 -4.63504e-05
6.2 -3.94412e-05
6.21 -2.71119e-05
6.22 -1.50286e-05
6.23 -8.87192e-06
6.24 -1.10378e-05
6.25 -1.90563e-05
6.26 -2.68121e-05
6.27 -2.80544e-05
6.28 -2.01801e-05
6.29 -5.91878e-06
6.3 8.24364e-06
6.31 1.59811e-05
6.32 1.49328e-05
6.33 8.03185e-06
6.34 1.59844e-06
6.35 1.45816e-06
6.36 9.47068e-06
6.37 2.2486e-05
6.38 3.42366e-05
6.39 3.89932e-05
6.4 3.48866e-05
6.41 2.50275e-05
6.42 1.577e-05
6.43 1.30492e-05
6.44 1.88829e-05
6.45 3.01391e-05
6.46 4.03875e-05
6.47 4.37466e-05
6.48 3.8364e-05
6.49 2.74254e-05
6.5 1.71855e-05
6.51 1.33037e-05
6.52 1.76084e-05
6.53 2.70159e-05
6.54 3.51511e-05
6.55 3.58859e-05
6.56 2.69744e-05
6.57 1.16995e-05
6.58 -2.65411e-06
6.59 -8.85166e-06
6.6 -3.94034e-06
6.61 8.95752e-06
6.62 2.24131e-05
6.63 2.89148e-05
6.64 2.50213e-05
6.65 1.31118e-05
6.66 -1.39647e-07
6.67 -7.64128e-06
6.68 -5.93146e-06
6.69 2.89407e-06
6.7 1.2522e-05
6.71 1.63182e-05
6.72 1.15225e-05
6.73 1.16377e-06
6.74 -7.67584e-06
6.75 -8.40544e-06
6.76 5.09669e-07
6.77 1.40414e-05
6.78 2.33931e-05
6.79 2.14835e-05
6.8 7.6367e-06
6.81 -1.15866e-05
6.82 -2.60564e-05
6.83 -2.80538e-05
6.84 -1.69042e-05
6.85 5.92538e-07
6.86 1.41861e-05
6.87 1.61495e-05
6.88 5.57928e-06
6.89 -1.14119e-05
6.9 -2.5464e-05
6.91 -2.93205e-05
6.92 -2.17437e-05
6.93 -7.98432e-06
6.94 3.32433e-06
6.95 5.1305e-06
6.96 -3.97163e-06
6.97 -1.89407e-05
6.98 -3.12728e-05
6.99 -3.40203e-05
7 -2.58762e-05
7.01 -1.19544e-05
7.02 -8.29817e-07
7.03 4.96719e-07
7.04 -9.13568e-06
7.05 -2.40791e-05
7.06 -3.49664e-05
7.07 -3.42334e-05
7.08 -2.08172e-05
7.09 -1.08075e-06
7.1 1.47474e-05
7.11 1.85146e-05
7.12 8.86333e-06
7.13 -8.0766e-06
7.14 -2.2322e-05
7.15 -2.57552e-05
7.16 -1.66125e-05
7.17 -2.83137e-07
7.18 1.39173e-05
7.19 1.81306e-05
7.2 1.04546e-05
7.21 -4.01498e-06
7.22 -1.62432e-05
7.23 -1.8665e-05
7.24 -9.74153e-06
7.25 5.10521e-06
7.26 1.67873e-05
7.27 1.80867e-05
7.28 8.03521e-06
7.29 -7.54807e-06
7.3 -1.96425e-05
7.31 -2.14459e-05
7.32 -1.22648e-05
7.33 2.40544e-06
7.34 1.44292e-05
7.35 1.78521e-05
7.36 1.20915e-05
7.37 1.82137e-06
7.38 -6.08855e-06
7.39 -6.63063e-06
7.4 6.126e-07
7.41 1.15063e-05
7.42 1.99964e-05
7.43 2.1712e-05
7.44 1.64167e-05
7.45 7.94528e-06
7.46 1.79441e-06
7.47 1.8597e-06
7.48 8.17884e-06
7.49 1.68746e-05
7.5 2.2307e-05
7.51 2.03082e-05
7.52 1.07324e-05
7.53 -2.21751e-06
7.54 -1.22479e-05
7.55 -1.4594e-05
7.56 -8.83305e-06
7.57 8.65297e-07
7.58 8.22439e-06
7.59 8.55429e-06
7.6 1.41273e-06
7.61 -9.31893e-06
7.62 -1.78981e-05
7.63 -2.01618e-05
7.64 -1.5857e-05
7.65 -8.52326e-06
7.66 -3.1307e-06
7.67 -3.01785e-06
7.68 -7.97509e-06
7.69 -1.45059e-05
7.7 -1.79806e-05
7.71 -1.53716e-05
7.72 -7.02453e-06
7.73 3.48224e-06
7.74 1.1267e-05
7.75 1.27816e-05
7.76 7.73477e-06
7.77 -7.11152e-07
7.78 -7.58562e-06
7.79 -8.76021e-06
7.8 -3.19896e-06
7.81 6.45145e-06
7.82 1.53182e-05
7.83 1.90291e-05
7.84 1.61799e-05
7.85 9.14599e-06
7.86 2.77072e-06
7.87 1.63397e-06
7.88 7.38537e-06
7.89 1.76361e-05
7.9 2.71232e-05
7.91 3.06254e-05
7.92 2.60384e-05
7.93 1.57789e-05
7.94 5.57407e-06
7.95 1.24743e-06
7.96 5.36999e-06
7.97 1.57682e-05
7.98 2.6782e-05
7.99 3.25305e-05
8 3.02645e-05
8.01 2.18627e-05
8.02 1.2641e-05
8.03 8.21046e-06
8.04 1.12262e-05
8.05 1.99033e-05
8.06 2.91333e-05
8.07 3.35001e-05
8.08 3.03794e-05
8.09 2.13298e-05
8.1 1.11026e-05
8.11 4.95626e-06
8.12 5.72962e-06
8.13 1.21315e-05
8.14 1.92128e-05
8.15 2.10506e-05
8.16 1.43719e-05
8.17 9.05536e-07
8.18 -1.32963e-05
8.19 -2.14012e-05
8.2 -1.99825e-05
8.21 -1.11121e-05
8.22 -1.07045e-06
8.23 3.39785e-06
8.24 -1.04489e-06
8.25 -1.2533e-05
8.26 -2.52004e-05
8.27 -3.26487e-05
8.28 -3.16744e-05
8.29 -2.40525e-05
8.3 -1.53241e-05
8.31 -1.13751e-05
8.32 -1.49074e-05
8.33 -2.38766e-05
8.34 -3.27524e-05
8.35 -3.58137e-05
8.36 -3.05227e-05
8.37 -1.89726e-05
8.38 -6.56958e-06
8.39 1.18091e-06
8.4 1.77544e-06
8.41 -3.12456e-06
8.42 -9.00422e-06
8.43 -1.13312e-05
8.44 -8.19662e-06
8.45 -1.2987e-06
8.46 5.19875e-06
8.47 7.22489e-06
8.48 3.28246e-06
8.49 -4.61458e-06
8.5 -1.21109e-05
8.51 -1.50783e-05
8.52 -1.20297e-05
8.53 -4.9437e-06
8.54 1.95334e-06
8.55 4.69305e-06
8.56 1.87351e-06
8.57 -4.57005e-06
8.58 -1.05614e-05
8.59 -1.23238e-05
8.6 -8.6138e-06
8.61 -1.42679e-06
8.62 5.22895e-06
8.63 7.74229e-06
8.64 5.04977e-06
8.65 -7.52877e-07
8.66 -5.70069e-06
8.67 -6.37641e-06
8.68 -1.98834e-06
8.69 5.16244e-06
8.7 1.11005e-05
8.71 1.25811e-05
8.72 8.99999e-06
8.73 2.69283e-06
8.74 -2.48117e-06
8.75 -3.40044e-06
8.76 4.85318e-07
8.77 6.74618e-06
8.78 1.12551e-05
8.79 1.05544e-05
8.8 4.02682e-06
8.81 -5.45812e-06
8.82 -1.29793e-05
8.83 -1.43624e-05
8.84 -8.69067e-06
8.85 1.0248e-06
8.86 9.4459e-06
8.87 1.18537e-05
8.88 6.77205e-06
8.89 -3.17085e-06
8.9 -1.26366e-05
8.91 -1.65268e-05
8.92 -1.2886e-05
8.93 -4.05199e-06
8.94 4.71129e-06
8.95 8.32901e-06
8.96 4.87651e-06
8.97 -3.40568e-06
8.98 -1.15652e-05
8.99 -1.48767e-05
9 -1.15254e-05
9.01 -3.58067e-06
9.02 4.21598e-06
9.03 7.18437e-06
9.04 3.45508e-06
9.05 -4.87431e-06
9.06 -1.29432e-05
9.07 -1.60422e-05
9.08 -1.24804e-05
9.09 -4.62056e-06
9.1 2.58847e-06
9.11 4.69827e-06
9.12 5.48609e-07
9.13 -7.00693e-06
9.14 -1.29222e-05
9.15 -1.31818e-05
9.16 -7.35993e-06
9.17 1.1152e-06
9.18 7.11171e-06
9.19 6.94245e-06
9.2 5.68295e-07
9.21 -8.38718e-06
9.22 -1.47236e-05
9.23 -1.4622e-05
9.24 -7.82642e-06
9.25 2.1665e-06
9.26 1.00497e-05
9.27 1.17138e-05
9.28 6.59551e-06
9.29 -2.02447e-06
9.3 -8.96615e-06
9.31 -1.01905e-05
9.32 -5.14441e-06
9.33 2.94607e-06
9.34 8.97957e-06
9.35 8.96224e-06
9.36 2.35401e-06
9.37 -7.56739e-06
9.38 -1.5545e-05
9.39 -1.73476e-05
9.4 -1.22185e-05
9.41 -3.33073e-06
9.42 4.05032e-06
9.43 5.64799e-06
9.44 6.77594e-07
9.45 -7.73027e-06
9.46 -1.44399e-05
9.47 -1.53922e-05
9.48 -1.00014e-05
9.49 -1.45461e-06
9.5 5.22742e-06
9.51 6.18845e-06
9.52 1.01181e-06
9.53 -7.06315e-06
9.54 -1.30954e-05
9.55 -1.33953e-05
9.56 -7.72073e-06
9.57 5.81929e-07
9.58 6.56253e-06
9.59 6.59916e-06
9.6 5.44908e-07
9.61 -8.17893e-06
9.62 -1.46027e-05
9.63 -1.51348e-05
9.64 -9.62788e-06
9.65 -1.3496e-06
9.66 5.05407e-06
9.67 6.28428e-06
9.68 2.16365e-06
9.69 -4.47381e-06
9.7 -9.5563e-06
9.71 -1.01154e-05
9.72 -5.89643e-06
9.73 6.00961e-07
9.74 5.63075e-06
9.75 6.39646e-06
9.76 2.67814e-06
9.77 -3.06097e-06
9.78 -7.16723e-06
9.79 -7.01545e-06
9.8 -2.6211e-06
9.81 3.35317e-06
9.82 7.2354e-06
9.83 6.63524e-06
9.84 1.95019e-06
9.85 -3.87565e-06
9.86 -7.17559e-06
9.87 -5.789e-06
9.88 -3.15867e-07
9.89 6.29042e-06
9.9 1.04479e-05
9.91 9.94169e-06
9.92 5.09888e-06
9.93 -1.4295e-06
9.94 -6.10866e-06
9.95 -6.40793e-06
9.96 -2.15528e-06
9.97 4.3564e-06
9.98 9.60311e-06
9.99 1.07817e-05
10 7.41021e-06
10.01 1.62168e-06
10.02 -3.08668e-06
10.03 -3.94084e-06
10.04 -5.37797e-07
10.05 4.97432e-06
10.06 9.27311e-06
10.07 9.89539e-06
10.08 6.66103e-06
10.09 1.67374e-06
10.1 -2.01432e-06
10.11 -2.22346e-06
10.12 1.11734e-06
10.13 6.00216e-06
10.14 9.58621e-06
10.15 9.87962e-06
10.16 6.89831e-06
10.17 2.60724e-06
10.18 -2.90191e-07
10.19 1.62083e-08
10.2 3.36206e-06
10.21 7.71688e-06
10.22 1.04162e-05
10.23 9.77966e-06
10.24 6.13373e-06
10.25 1.61073e-06
10.26 -1.15409e-06
10.27 -6.21648e-07
10.28 2.73361e-06
10.29 6.73056e-06
10.3 8.80607e-06
10.31 7.55574e-06
10.32 3.58258e-06
10.33 -8.35857e-07
10.34 -3.06422e-06
10.35 -1.65361e-06
10.36 2.76532e-06
10.37 7.75498e-06
10.38 1.03871e-05
10.39 8.90172e-06
10.4 3.78209e-06
10.41 -2.41242e-06
10.42 -6.43599e-06
10.43 -6.21047e-06
10.44 -2.04729e-06
10.45 3.52183e-06
10.46 7.21755e-06
10.47 6.90303e-06
10.48 2.78352e-06
10.49 -2.74057e-06
10.5 -6.44406e-06
10.51 -6.09934e-06
10.52 -1.75367e-06
10.53 4.26001e-06
10.54 8.63007e-06
10.55 8.9798e-06
10.56 5.26298e-06
10.57 -2.19574e-07
10.58 -4.20065e-06
10.59 -4.37044e-06
10.6 -6.8593e-07
10.61 4.66501e-06
10.62 8.56195e-06
10.63 8.73756e-06
10.64 5.04784e-06
10.65 -4.68003e-07
10.66 -4.75755e-06
10.67 -5.48385e-06
10.68 -2.32965e-06
10.69 2.84625e-06
10.7 7.06069e-06
10.71 7.8719e-06
10.72 4.77022e-06
10.73 -4.51508e-07
10.74 -4.61446e-06
10.75 -4.96367e-06
10.76 -8.89868e-07
10.77 5.52924e-06
10.78 1.06363e-05
10.79 1.13504e-05
10.8 7.02464e-06
10.81 -1.64135e-07
10.82 -6.49439e-06
10.83 -8.81231e-06
10.84 -6.24018e-06
10.85 -5.85608e-07
10.86 4.70692e-06
10.87 6.49232e-06
10.88 3.717e-06
10.89 -1.95302e-06
10.9 -7.09714e-06
10.91 -8.58502e-06
10.92 -5.47187e-06
10.93 4.41411e-07
10.94 5.73438e-06
10.95 7.46017e-06
10.96 4.89843e-06
10.97 -8.50086e-08
10.98 -4.23909e-06
10.99 -4.914e-06
11 -1.62148e-06
11.01 3.7345e-06
11.02 8.02778e-06
11.03 8.73355e-06
11.04 5.34721e-06
11.05 -3.52027e-07
11.06 -5.28319e-06
11.07 -6.74984e-06
11.08 -3.94675e-06
11.09 1.53096e-06
11.1 6.51762e-06
11.11 8.05988e-06
11.12 5.15932e-06
11.13 -5.83794e-07
11.14 -5.86813e-06
11.15 -7.62626e-06
11.16 -4.8399e-06
11.17 8.55494e-07
11.18 6.14174e-06
11.19 7.99194e-06
11.2 5.46998e-06
11.21 2.60695e-07
11.22 -4.40598e-06
11.23 -5.76741e-06
11.24 -3.19685e-06
11.25 1.51955e-06
11.26 5.40669e-06
11.27 6.16635e-06
11.28 3.50458e-06
11.29 -8.05782e-07
11.3 -4.0498e-06
11.31 -4.1735e-06
11.32 -9.65225e-07
11.33 3.82694e-06
11.34 7.51169e-06
11.35 8.03987e-06
11.36 5.23519e-06
11.37 9.19552e-07
11.38 -2.16981e-06
11.39 -2.04248e-06
11.4 1.29048e-06
11.41 5.73335e-06
11.42 8.29573e-06
11.43 6.90778e-06
11.44 1.78564e-06
11.45 -4.53493e-06
11.46 -8.59827e-06
11.47 -8.05307e-06
11.48 -3.07e-06
11.49 3.71355e-06
11.5 8.68503e-06
11.51 9.2934e-06
11.52 5.44379e-06
11.53 -5.32299e-07
11.54 -5.27299e-06
11.55 -6.31068e-06
11.56 -3.41452e-06
11.57 1.38565e-06
11.58 5.05077e-06
11.59 5.29975e-06
11.6 1.88042e-06
11.61 -3.34875e-06
11.62 -7.53561e-06
11.63 -8.48704e-06
11.64 -5.89426e-06
11.65 -1.42375e-06
11.66 2.34616e-06
11.67 3.46196e-06
11.68 1.66585e-06
11.69 -1.59392e-06
11.7 -4.1252e-06
11.71 -4.28511e-06
11.72 -1.85753e-06
11.73 1.91042e-06
11.74 5.05357e-06
11.75 5.97802e-06
11.76 4.32388e-06
11.77 1.15885e-06
11.78 -1.6096e-06
11.79 -2.3117e-06
11.8 -5.03726e-07
11.81 2.70905e-06
11.82 5.25119e-06
11.83 5.27561e-06
11.84 2.30042e-06
11.85 -2.40683e-06
11.86 -6.46621e-06
11.87 -7.70244e-06
11.88 -5.38287e-06
11.89 -6.54282e-07
11.9 4.07775e-06
11.91 6.47193e-06
11.92 5.52118e-06
11.93 2.05078e-06
11.94 -1.82376e-06
11.95 -3.94496e-06
11.96 -3.3286e-06
11.97 -6.43478e-07
11.98 2.29217e-06
11.99 3.65692e-06
12 2.71272e-06
12.01 1.99642e-07
12.02 -2.15943e-06
12.03 -2.71631e-06
12.04 -8.79432e-07
12.05 2.54488e-06
12.06 5.82393e-06
12.07 7.28868e-06
12.08 6.27315e-06
12.09 3.4762e-06
12.1 5.37964e-07
12.11 -9.35e-07
12.12 -3.19134e-07
12.13 1.69437e-06
12.14 3.59961e-06
12.15 4.07152e-06
12.16 2.79154e-06
12.17 5.76362e-07
12.18 -1.22553e-06
12.19 -1.62953e-06
12.2 -6.2208e-07
12.21 8.64568e-07
12.22 1.54817e-06
12.23 5.84991e-07
12.24 -1.90569e-06
12.25 -4.87489e-06
12.26 -6.92032e-06
12.27 -7.08675e-06
12.28 -5.42846e-06
12.29 -2.98626e-06
12.3 -1.16936e-06
12.31 -9.05319e-07
12.32 -2.08871e-06
12.33 -3.68387e-06
12.34 -4.41571e-06
12.35 -3.59734e-06
12.36 -1.56337e-06
12.37 5.50439e-07
12.38 1.51989e-06
12.39 7.89559e-07
12.4 -1.17114e-06
12.41 -3.11272e-06
12.42 -3.71894e-06
12.43 -2.39698e-06
12.44 3.166e-07
12.45 3.00946e-06
12.46 4.19793e-06
12.47 3.21168e-06
12.48 6.08116e-07
12.49 -2.15284e-06
12.5 -3.58416e-06
12.51 -3.0709e-06
12.52 -1.25004e-06
12.53 3.74406e-07
12.54 3.79357e-07
12.55 -1.62957e-06
12.56 -4.68667e-06
12.57 -7.01606e-06
12.58 -7.14374e-06
12.59 -4.84492e-06
12.6 -1.30113e-06
12.61 1.61496e-06
12.62 2.44452e-06
12.63 9.58324e-07
12.64 -1.75989e-06
12.65 -3.96021e-06
12.66 -4.22049e-06
12.67 -2.25107e-06
12.68 9.19124e-07
12.69 3.49184e-06
12.7 3.91084e-06
12.71 1.78357e-06
12.72 -1.83096e-06
12.73 -4.97992e-06
12.74 -5.93438e-06
12.75 -4.21307e-06
12.76 -8.74849e-07
12.77 2.12332e-06
12.78 3.11156e-06
12.79 1.69217e-06
12.8 -1.07911e-06
12.81 -3.39386e-06
12.82 -3.80924e-06
12.83 -2.09871e-06
12.84 6.5333e-07
12.85 2.73935e-06
12.86 2.86917e-06
12.87 9.37816e-07
12.88 -1.92871e-06
12.89 -4.0577e-06
12.9 -4.21589e-06
12.91 -2.30718e-06
12.92 6.12406e-07
12.93 2.98413e-06
12.94 3.6637e-06
12.95 2.56697e-06
12.96 6.64348e-07
12.97 -6.7053e-07
12.98 -5.47712e-07
12.99 8.88245e-07
13 2.59519e-06
13.01 3.34564e-06
13.02 2.52859e-06
13.03 5.30967e-07
13.04 -1.50421e-06
13.05 -2.35518e-06
13.06 -1.4241e-06
13.07 9.14388e-07
13.08 3.48945e-06
13.09 4.94382e-06
13.1 4.46953e-06
13.11 2.27604e-06
13.12 -4.9315e-07
13.13 -2.38657e-06
13.14 -2.47213e-06
13.15 -8.72958e-07
13.16 1.32147e-06
13.17 2.71816e-06
13.18 2.45304e-06
13.19 6.94543e-07
13.2 -1.47063e-06
13.21 -2.68905e-06
13.22 -2.14418e-06
13.23 -4.88552e-08
13.24 2.45569e-06
13.25 3.94242e-06
13.26 3.52294e-06
13.27 1.37965e-06
13.28 -1.31631e-06
13.29 -3.07396e-06
13.3 -2.95673e-06
13.31 -1.1398e-06
13.32 1.1932e-06
13.33 2.55856e-06
13.34 2.06017e-06
13.35 -7.47602e-08
13.36 -2.62694e-06
13.37 -4.10399e-06
13.38 -3.62795e-06
13.39 -1.46831e-06
13.4 1.11244e-06
13.41 2.62825e-06
13.42 2.28223e-06
13.43 4.37095e-07
13.44 -1.65066e-06
13.45 -2.62713e-06
13.46 -1.83364e-06
13.47 3.70358e-07
13.48 2.8706e-06
13.49 4.42839e-06
13.5 4.32703e-06
13.51 2.73005e-06
13.52 5.80281e-07
13.53 -9.31808e-07
13.54 -1.06079e-06
13.55 4.92408e-08
13.56 1.4575e-06
13.57 2.01222e-06
13.58 1.07914e-06
13.59 -1.01507e-06
13.6 -3.09232e-06
13.61 -3.76365e-06
13.62 -2.28131e-06
13.63 8.92369e-07
13.64 4.20621e-06
13.65 5.85421e-06
13.66 4.86017e-06
13.67 1.72224e-06
13.68 -1.82582e-06
13.69 -3.81172e-06
13.7 -3.17479e-06
13.71 -3.85346e-07
13.72 2.82084e-06
13.73 4.43741e-06
13.74 3.34791e-06
13.75 -1.05728e-08
13.76 -3.87645e-06
13.77 -6.1767e-06
13.78 -5.74741e-06
13.79 -3.03349e-06
13.8 1.76517e-07
13.81 1.8417e-06
13.82 9.19053e-07
13.83 -2.00963e-06
13.84 -5.1187e-06
13.85 -6.46753e-06
13.86 -5.16714e-06
13.87 -1.89351e-06
13.88 1.52149e-06
13.89 3.15952e-06
13.9 2.13238e-06
13.91 -8.8929e-07
13.92 -4.05799e-06
13.93 -5.44509e-06
13.94 -4.19799e-06
13.95 -1.03663e-06
13.96 2.2127e-06
13.97 3.72142e-06
13.98 2.70316e-06
13.99 -1.8723e-07
14 -3.25631e-06
14.01 -4.706e-06
14.02 -3.60575e-06
14.03 -4.12009e-07
14.04 3.25764e-06
14.05 5.52249e-06
14.06 5.32974e-06
14.07 3.07751e-06
14.08 3.55059e-07
14.09 -1.0523e-06
14.1 -2.59738e-07
14.11 2.20966e-06
14.12 4.79824e-06
14.13 5.89729e-06
14.14 4.81449e-06
14.15 2.15186e-06
14.16 -5.92256e-07
14.17 -1.92028e-06
14.18 -1.19075e-06
14.19 1.04797e-06
14.2 3.40681e-06
14.21 4.46657e-06
14.22 3.58599e-06
14.23 1.2574e-06
14.24 -1.18625e-06
14.25 -2.34924e-06
14.26 -1.59587e-06
14.27 5.58483e-07
14.28 2.72723e-06
14.29 3.45534e-06
14.3 2.08421e-06
14.31 -8.29169e-07
14.32 -3.79475e-06
14.33 -5.22828e-06
14.34 -4.3773e-06
14.35 -1.79481e-06
14.36 9.46944e-07
14.37 2.17125e-06
14.38 1.10089e-06
14.39 -1.68106e-06
14.4 -4.61039e-06
14.41 -6.10494e-06
14.42 -5.48893e-06
14.43 -3.32678e-06
14.44 -1.02555e-06
14.45 1.61586e-09
14.46 -8.77676e-07
14.47 -3.18558e-06
14.48 -5.61362e-06
14.49 -6.7551e-06
14.5 -5.89198e-06
14.51 -3.39465e-06
14.52 -5.07196e-07
14.53 1.35486e-06
14.54 1.3971e-06
14.55 -1.04796e-07
14.56 -1.94839e-06
14.57 -2.68252e-06
14.58 -1.46377e-06
14.59 1.40079e-06
14.6 4.57286e-06
14.61 6.42691e-06
14.62 5.98704e-06
14.63 3.49493e-06
14.64 2.7609e-07
14.65 -2.0032e-06
14.66 -2.25468e-06
14.67 -5.53906e-07
14.68 1.9206e-06
14.69 3.5599e-06
14.7 3.24212e-06
14.71 9.83102e-07
14.72 -2.0541e-06
14.73 -4.2084e-06
14.74 -4.26884e-06
14.75 -2.18004e-06
14.76 9.12435e-07
14.77 3.31742e-06
14.78 3.7731e-06
14.79 2.16021e-06
14.8 -4.64092e-07
14.81 -2.50833e-06
14.82 -2.767e-06
14.83 -1.08786e-06
14.84 1.57421e-06
14.85 3.72897e-06
14.86 4.21913e-06
14.87 2.88885e-06
14.88 6.58492e-07
14.89 -1.04351e-06
14.9 -1.14579e-06
14.91 4.35519e-07
14.92 2.77391e-06
14.93 4.50615e-06
14.94 4.64464e-06
14.95 3.15196e-06
14.96 9.45438e-07
14.97 -6.71616e-07
14.98 -8.04874e-07
14.99 5.08173e-07
15 2.36569e-06
15.01 3.58177e-06
15.02 3.38905e-06
15.03 1.85199e-06
15.04 -1.95837e-07
15.05 -1.60909e-06
15.06 -1.53937e-06
15.07 9.12372e-08
15.08 2.4947e-06
15.09 4.39898e-06
15.1 4.75747e-06
15.11 3.39288e-06
15.12 1.14785e-06
15.13 -6.10444e-07
15.14 -8.46539e-07
15.15 4.88681e-07
15.16 2.44746e-06
15.17 3.71483e-06
15.18 3.43886e-06
15.19 1.71887e-06
15.2 -5.15627e-07
15.21 -2.09213e-06
15.22 -2.25724e-06
15.23 -1.04812e-06
15.24 7.85621e-07
15.25 2.22893e-06
15.26 2.56476e-06
15.27 1.75285e-06
15.28 4.21944e-07
15.29 -5.17901e-07
15.3 -4.23278e-07
15.31 6.94037e-07
15.32 2.17677e-06
15.33 3.13446e-06
15.34 3.00346e-06
15.35 1.89401e-06
15.36 5.03945e-07
15.37 -3.25425e-07
15.38 -1.06916e-07
15.39 1.04809e-06
15.4 2.54464e-06
15.41 3.65498e-06
15.42 3.88012e-06
15.43 3.15238e-06
15.44 1.82844e-06
15.45 5.08878e-07
15.46 -2.41215e-07
15.47 -1.66855e-07
15.48 5.4015e-07
15.49 1.34515e-06
15.5 1.68679e-06
15.51 1.31763e-06
15.52 4.39968e-07
15.53 -4.53786e-07
15.54 -9.10393e-07
15.55 -7.77003e-07
15.56 -2.32166e-07
15.57 3.93087e-07
15.58 8.49349e-07
15.59 1.0972e-06
15.6 1.26151e-06
15.61 1.46225e-06
15.62 1.65719e-06
15.63 1.63428e-06
15.64 1.18837e-06
15.65 3.57204e-07
15.66 -4.96182e-07
15.67 -8.74525e-07
15.68 -5.01704e-07
15.69 4.32762e-07
15.7 1.34806e-06
15.71 1.62293e-06
15.72 9.74101e-07
15.73 -3.80345e-07
15.74 -1.84161e-06
15.75 -2.73674e-06
15.76 -2.65532e-06
15.77 -1.67483e-06
15.78 -3.60053e-07
15.79 5.07883e-07
15.8 3.66545e-07
15.81 -7.82981e-07
15.82 -2.36079e-06
15.83 -3.55163e-06
15.84 -3.78627e-06
15.85 -3.04669e-06
15.86 -1.81089e-06
15.87 -7.04259e-07
15.88 -1.14605e-07
15.89 -2.32912e-08
15.9 -1.23696e-07
15.91 -9.5438e-08
15.92 1.69458e-07
15.93 5.1771e-07
15.94 6.66246e-07
15.95 4.19914e-07
15.96 -1.63886e-07
15.97 -7.81347e-07
15.98 -1.07339e-06
15.99 -8.7739e-07
16 -3.52826e-07
16.01 1.1986e-07
16.02 1.94859e-07
16.03 -2.13324e-07
16.04 -8.82368e-07
16.05 -1.42913e-06
16.06 -1.55252e-06
16.07 -1.22987e-06
16.08 -7.45943e-07
16.09 -5.17242e-07
16.1 -8.078e-07
16.11 -1.53174e-06
16.12 -2.29696e-06
16.13 -2.66713e-06
16.14 -2.4483e-06
16.15 -1.79088e-06
16.16 -1.04918e-06
16.17 -5.27028e-07
16.18 -3.05934e-07
16.19 -2.60423e-07
16.2 -2.05307e-07
16.21 -3.27614e-08
16.22 2.56737e-07
16.23 6.11601e-07
16.24 9.89877e-07
16.25 1.36707e-06
16.26 1.70532e-06
16.27 1.93345e-06
16.28 1.96518e-06
16.29 1.74086e-06
16.3 1.26114e-06
16.31 5.9371e-07
16.32 -1.45151e-07
16.33 -8.22511e-07
16.34 -1.31986e-06
16.35 -1.55312e-06
16.36 -1.48147e-06
16.37 -1.11541e-06
16.38 -5.32588e-07
16.39 1.07712e-07
16.4 5.78534e-07
16.41 6.51932e-07
16.42 2.11384e-07
16.43 -6.42334e-07
16.44 -1.57228e-06
16.45 -2.13119e-06
16.46 -2.00486e-06
16.47 -1.23861e-06
16.48 -2.72622e-07
16.49 2.8847e-07
16.5 5.02226e-08
16.51 -9.08452e-07
16.52 -2.07582e-06
16.53 -2.82402e-06
16.54 -2.78147e-06
16.55 -2.02184e-06
16.56 -9.75556e-07
16.57 -1.52992e-07
16.58 1.3575e-07
16.59 -8.77564e-08
16.6 -5.28219e-07
16.61 -8.01884e-07
16.62 -6.47565e-07
16.63 -7.19665e-08
16.64 6.37653e-07
16.65 1.05901e-06
16.66 8.84904e-07
16.67 1.37158e-07
16.68 -8.07232e-07
16.69 -1.4196e-06
16.7 -1.33199e-06
16.71 -5.57931e-07
16.72 5.10295e-07
16.73 1.31218e-06
16.74 1.41355e-06
16.75 7.39066e-07
16.76 -3.701e-07
16.77 -1.31664e-06
16.78 -1.56393e-06
16.79 -9.44195e-07
16.8 2.27395e-07
16.81 1.31635e-06
16.82 1.72698e-06
16.83 1.25013e-06
16.84 1.96196e-07
16.85 -7.71008e-07
16.86 -1.01311e-06
16.87 -2.95779e-07
16.88 1.05519e-06
16.89 2.32104e-06
16.9 2.79323e-06
16.91 2.18194e-06
16.92 7.9122e-07
16.93 -6.44211e-07
16.94 -1.37005e-06
16.95 -1.03728e-06
16.96 1.04463e-07
16.97 1.36027e-06
16.98 2.00246e-06
16.99 1.69377e-06
17 6.61362e-07
17.01 -4.79317e-07
17.02 -1.1213e-06
17.03 -1.01676e-06
17.04 -3.69192e-07
17.05 3.52424e-07
17.06 7.21772e-07
17.07 5.86423e-07
17.08 1.08782e-07
17.09 -3.67988e-07
17.1 -5.26864e-07
17.11 -2.43124e-07
17.12 3.57952e-07
17.13 9.60265e-07
17.14 1.2015e-06
17.15 8.51935e-07
17.16 -4.03472e-08
17.17 -1.11794e-06
17.18 -1.85326e-06
17.19 -1.82958e-06
17.2 -1.01995e-06
17.21 1.30648e-07
17.22 9.21456e-07
17.23 8.10519e-07
17.24 -2.36842e-07
17.25 -1.71018e-06
17.26 -2.8623e-06
17.27 -3.15812e-06
17.28 -2.57199e-06
17.29 -1.5642e-06
17.3 -7.85076e-07
17.31 -7.04292e-07
17.32 -1.36812e-06
17.33 -2.38899e-06
17.34 -3.15359e-06
17.35 -3.14555e-06
17.36 -2.22937e-06
17.37 -7.50437e-07
17.38 6.15853e-07
17.39 1.2074e-06
17.4 7.42983e-07
17.41 -4.88751e-07
17.42 -1.75047e-06
17.43 -2.2562e-06
17.44 -1.63834e-06
17.45 -1.94022e-07
17.46 1.26609e-06
17.47 1.89715e-06
17.48 1.33997e-06
17.49 -4.52333e-08
17.5 -1.38724e-06
17.51 -1.83275e-06
17.52 -1.06511e-06
17.53 5.13774e-07
17.54 2.04223e-06
17.55 2.7167e-06
17.56 2.2429e-06
17.57 9.71435e-07
17.58 -3.22497e-07
17.59 -8.66262e-07
17.6 -2.96669e-07
17.61 1.14823e-06
17.62 2.74301e-06
17.63 3.646e-06
17.64 3.34839e-06
17.65 1.96354e-06
17.66 1.84205e-07
17.67 -1.08978e-06
17.68 -1.25701e-06
17.69 -3.60363e-07
17.7 9.45223e-07
17.71 1.79683e-06
17.72 1.65182e-06
17.73 6.0557e-07
17.74 -6.9283e-07
17.75 -1.45227e-06
17.76 -1.21162e-06
17.77 -9.88344e-08
17.78 1.2506e-06
17.79 2.05566e-06
17.8 1.83084e-06
17.81 6.66906e-07
17.82 -8.05503e-07
17.83 -1.75678e-06
17.84 -1.62262e-06
17.85 -4.36743e-07
17.86 1.1596e-06
17.87 2.25405e-06
17.88 2.17677e-06
17.89 9.04298e-07
17.9 -8.99328e-07
17.91 -2.25848e-06
17.92 -2.46823e-06
17.93 -1.52112e-06
17.94 -1.04782e-07
17.95 8.27537e-07
17.96 6.41092e-07
17.97 -6.03621e-07
17.98 -2.2074e-06
17.99 -3.27586e-06
18 -3.26132e-06
18.01 -2.26168e-06
18.02 -9.11574e-07
18.03 2.53188e-08
18.04 8.65307e-08
18.05 -6.76286e-07
18.06 -1.7752e-06
18.07 -2.57064e-06
18.08 -2.60717e-06
18.09 -1.84785e-06
18.1 -6.99739e-07
18.11 1.95006e-07
18.12 3.13411e-07
18.13 -4.3441e-07
18.14 -1.62242e-06
18.15 -2.52889e-06
18.16 -2.54982e-06
18.17 -1.566e-06
18.18 -3.62191e-08
18.19 1.25352e-06
18.2 1.64544e-06
18.21 9.98522e-07
18.22 -2.27061e-07
18.23 -1.24345e-06
18.24 -1.40207e-06
18.25 -5.7565e-07
18.26 7.64188e-07
18.27 1.80874e-06
18.28 1.86041e-06
18.29 7.25954e-07
18.3 -1.14862e-06
18.31 -2.87939e-06
18.32 -3.59889e-06
18.33 -2.93759e-06
18.34 -1.25537e-06
18.35 5.41793e-07
18.36 1.51464e-06
18.37 1.22552e-06
18.38 -3.02137e-08
18.39 -1.42189e-06
18.4 -2.07573e-06
18.41 -1.57303e-06
18.42 -1.79111e-07
18.43 1.32146e-06
18.44 2.0924e-06
18.45 1.7438e-06
18.46 5.55584e-07
18.47 -7.16004e-07
18.48 -1.31949e-06
18.49 -9.57033e-07
18.5 8.18423e-08
18.51 1.15352e-06
18.52 1.67121e-06
18.53 1.42348e-06
18.54 6.35481e-07
18.55 -2.14548e-07
18.56 -6.86144e-07
18.57 -6.13949e-07
18.58 -1.77889e-07
18.59 2.24199e-07
18.6 2.32622e-07
18.61 -2.39893e-07
18.62 -9.50073e-07
18.63 -1.48994e-06
18.64 -1.56569e-06
18.65 -1.19294e-06
18.66 -6.7552e-07
18.67 -3.93178e-07
18.68 -5.48822e-07
18.69 -1.03934e-06
18.7 -1.52868e-06
18.71 -1.67366e-06
18.72 -1.3504e-06
18.73 -7.25175e-07
18.74 -1.28226e-07
18.75 1.62596e-07
18.76 6.94835e-08
18.77 -2.83521e-07
18.78 -6.71157e-07
18.79 -8.81576e-07
18.8 -7.96118e-07
18.81 -4.2882e-07
18.82 8.18469e-08
18.83 5.41846e-07
18.84 8.05367e-07
18.85 8.44893e-07
18.86 7.41072e-07
18.87 6.15966e-07
18.88 5.67499e-07
18.89 6.34864e-07
18.9 7.91285e-07
18.91 9.62442e-07
18.92 1.07591e-06
18.93 1.12262e-06
18.94 1.17868e-06
18.95 1.34867e-06
18.96 1.65783e-06
18.97 1.9816e-06
18.98 2.09071e-06
18.99 1.80469e-06
19 1.15204e-06
19.01 4.10244e-07
19.02 -2.89357e-08
19.03 1.02938e-07
19.04 7.6816e-07
19.05 1.62566e-06
19.06 2.22316e-06
19.07 2.25504e-06
19.08 1.73005e-06
19.09 9.62209e-07
19.1 3.98914e-07
19.11 3.76581e-07
19.12 9.28841e-07
19.13 1.75739e-06
19.14 2.39707e-06
19.15 2.48786e-06
19.16 1.98541e-06
19.17 1.17411e-06
19.18 4.79606e-07
19.19 2.08944e-07
19.2 3.7957e-07
19.21 7.27779e-07
19.22 8.79363e-07
19.23 5.81866e-07
19.24 -1.34296e-07
19.25 -9.63659e-07
19.26 -1.50133e-06
19.27 -1.47672e-06
19.28 -8.99808e-07
19.29 -4.12962e-08
19.3 7.21008e-07
19.31 1.0887e-06
19.32 9.6978e-07
19.33 5.02612e-07
19.34 -2.20666e-08
19.35 -3.07167e-07
19.36 -1.98863e-07
19.37 2.35995e-07
19.38 7.47684e-07
19.39 1.03613e-06
19.4 9.09587e-07
19.41 3.93702e-07
19.42 -2.62329e-07
19.43 -6.98365e-07
19.44 -6.36791e-07
19.45 -6.0802e-08
19.46 7.38081e-07
19.47 1.29941e-06
19.48 1.25696e-06
19.49 5.67825e-07
19.5 -4.40784e-07
19.51 -1.24162e-06
19.52 -1.39592e-06
19.53 -7.97622e-07
19.54 2.56133e-07
19.55 1.20462e-06
19.56 1.50951e-06
19.57 9.5194e-07
19.58 -2.16258e-07
19.59 -1.37252e-06
19.6 -1.85317e-06
19.61 -1.34349e-06
19.62 -9.00452e-08
19.63 1.2198e-06
19.64 1.86275e-06
19.65 1.5257e-06
19.66 5.06405e-07
19.67 -4.70275e-07
19.68 -7.11219e-07
19.69 3.56514e-09
19.7 1.28186e-06
19.71 2.36778e-06
19.72 2.60742e-06
19.73 1.82895e-06
19.74 4.13618e-07
19.75 -9.53406e-07
19.76 -1.67714e-06
19.77 -1.56355e-06
19.78 -8.92577e-07
19.79 -2.34916e-07
19.8 -1.24212e-07
19.81 -7.64782e-07
19.82 -1.9278e-06
19.83 -3.08099e-06
19.84 -3.67272e-06
19.85 -3.41977e-06
19.86 -2.45548e-06
19.87 -1.26133e-06
19.88 -4.04224e-07
19.89 -2.09464e-07
19.9 -5.64259e-07
19.91 -9.95021e-07
19.92 -9.86259e-07
19.93 -3.29053e-07
19.94 7.39392e-07
19.95 1.68855e-06
19.96 2.02052e-06
19.97 1.55736e-06
19.98 5.34475e-07
19.99 -5.2775e-07
20 -1.09374e-06
20.01 -8.87113e-07
20.02 -3.04127e-08
20.03 1.02699e-06
20.04 1.75328e-06
20.05 1.81071e-06
20.06 1.21525e-06
20.07 3.11179e-07
20.08 -4.11667e-07
20.09 -5.6839e-07
20.1 -8.19853e-08
20.11 7.67691e-07
20.12 1.49056e-06
20.13 1.65915e-06
20.14 1.15083e-06
20.15 2.14649e-07
20.16 -6.7062e-07
20.17 -1.05457e-06
20.18 -7.43983e-07
20.19 1.08168e-07
20.2 1.08633e-06
20.21 1.72221e-06
20.22 1.72616e-06
20.23 1.12123e-06
20.24 2.11175e-07
20.25 -5.91924e-07
20.26 -9.79012e-07
20.27 -8.81868e-07
20.28 -4.77225e-07
20.29 -7.04649e-08
20.3 7.30733e-08
20.31 -1.35648e-07
20.32 -5.69567e-07
20.33 -9.58947e-07
20.34 -1.03919e-06
20.35 -6.94389e-07
20.36 -1.81536e-08
20.37 7.39946e-07
20.38 1.30525e-06
20.39 1.50745e-06
20.4 1.34281e-06
20.41 9.5332e-07
20.42 5.49435e-07
20.43 3.17424e-07
20.44 3.46e-07
20.45 5.94446e-07
20.46 9.0932e-07
20.47 1.08349e-06
20.48 9.43825e-07
20.49 4.46297e-07
20.5 -2.61085e-07
20.51 -8.62213e-07
20.52 -1.0146e-06
20.53 -5.60838e-07
20.54 3.21534e-07
20.55 1.16231e-06
20.56 1.44631e-06
20.57 9.26494e-07
20.58 -1.99786e-07
20.59 -1.37353e-06
20.6 -1.97922e-06
20.61 -1.70222e-06
20.62 -7.30056e-07
20.63 3.3691e-07
20.64 8.39919e-07
20.65 4.82104e-07
20.66 -4.60062e-07
20.67 -1.3001e-06
20.68 -1.39386e-06
20.69 -5.78796e-07
20.7 7.04166e-07
20.71 1.68915e-06
20.72 1.77326e-06
20.73 8.94289e-07
20.74 -4.31813e-07
20.75 -1.41939e-06
20.76 -1.46819e-06
20.77 -4.99705e-07
20.78 1.00061e-06
20.79 2.24016e-06
20.8 2.53285e-06
20.81 1.66337e-06
20.82 2.2359e-08
20.83 -1.5691e-06
20.84 -2.27947e-06
20.85 -1.72209e-06
20.86 -1.84829e-07
20.87 1.52082e-06
20.88 2.51767e-06
20.89 2.35415e-06
20.9 1.23229e-06
20.91 -1.51133e-07
20.92 -1.03268e-06
20.93 -1.01297e-06
20.94 -2.45944e-07
20.95 6.96807e-07
20.96 1.17917e-06
20.97 8.56345e-07
20.98 -1.55796e-07
20.99 -1.36541e-06
21 -2.17813e-06
21.01 -2.21107e-06
21.02 -1.48748e-06
21.03 -4.10252e-07
21.04 4.71887e-07
21.05 7.70128e-07
21.06 4.50502e-07
21.07 -1.90158e-07
21.08 -7.27475e-07
21.09 -8.48644e-07
21.1 -4.97231e-07
21.11 1.2038e-07
21.12 6.43896e-07
21.13 7.38041e-07
21.14 2.76366e-07
21.15 -5.63919e-07
21.16 -1.37438e-06
21.17 -1.73829e-06
21.18 -1.47187e-06
21.19 -7.24959e-07
21.2 1.19829e-07
21.21 6.70333e-07
21.22 7.2609e-07
21.23 3.52216e-07
21.24 -1.91775e-07
21.25 -6.11252e-07
21.26 -7.30483e-07
21.27 -5.6011e-07
21.28 -2.54697e-07
21.29 -3.75287e-09
21.3 7.36416e-08
21.31 -1.86284e-08
21.32 -1.694e-07
21.33 -2.35816e-07
21.34 -1.46302e-07
21.35 3.0011e-08
21.36 1.09266e-07
21.37 -8.04954e-08
21.38 -5.51732e-07
21.39 -1.10285e-06
21.4 -1.41081e-06
21.41 -1.21865e-06
21.42 -5.02094e-07
21.43 4.85341e-07
21.44 1.32163e-06
21.45 1.63205e-06
21.46 1.29826e-06
21.47 5.342e-07
21.48 -2.30168e-07
21.49 -5.98149e-07
21.5 -4.40738e-07
21.51 2.81981e-08
21.52 3.87429e-07
21.53 2.79167e-07
21.54 -3.49494e-07
21.55 -1.19302e-06
21.56 -1.76866e-06
21.57 -1.72388e-06
21.58 -1.06916e-06
21.59 -1.79082e-07
21.6 4.40085e-07
21.61 4.6272e-07
21.62 -6.21169e-08
21.63 -7.46082e-07
21.64 -1.09232e-06
21.65 -7.83974e-07
21.66 1.22941e-07
21.67 1.2015e-06
21.68 1.86199e-06
21.69 1.67594e-06
21.7 6.4218e-07
21.71 -7.79933e-07
21.72 -1.91914e-06
21.73 -2.28053e-06
21.74 -1.82246e-06
21.75 -9.46067e-07
21.76 -2.24486e-07
21.77 -6.27866e-08
21.78 -4.89195e-07
21.79 -1.16765e-06
21.8 -1.60086e-06
21.81 -1.41725e-06
21.82 -5.97721e-07
21.83 4.89452e-07
21.84 1.28521e-06
21.85 1.36398e-06
21.86 6.89897e-07
21.87 -3.53898e-07
21.88 -1.1801e-06
21.89 -1.32876e-06
21.9 -7.2699e-07
21.91 2.65633e-07
21.92 1.05225e-06
21.93 1.13239e-06
21.94 3.92967e-07
21.95 -8.1177e-07
21.96 -1.8487e-06
21.97 -2.16466e-06
21.98 -1.60818e-06
21.99 -5.19462e-07
22 4.69883e-07
22.01 8.07899e-07
22.02 3.39978e-07
22.03 -6.14908e-07
22.04 -1.46559e-06
22.05 -1.69698e-06
22.06 -1.1573e-06
22.07 -1.26766e-07
22.08 8.55644e-07
22.09 1.29907e-06
22.1 1.03052e-06
22.11 2.82245e-07
22.12 -4.51948e-07
22.13 -7.14259e-07
22.14 -3.60763e-07
22.15 3.53432e-07
22.16 9.39483e-07
22.17 9.86055e-07
22.18 4.17387e-07
22.19 -4.62186e-07
22.2 -1.15815e-06
22.21 -1.28653e-06
22.22 -7.99388e-07
22.23 -8.20607e-10
22.24 6.50265e-07
22.25 8.23182e-07
22.26 5.07619e-07
22.27 1.18497e-09
22.28 -2.88449e-07
22.29 -9.48491e-08
22.3 5.55127e-07
22.31 1.36717e-06
22.32 1.95249e-06
22.33 2.04174e-06
22.34 1.62518e-06
22.35 9.53231e-07
22.36 4.03382e-07
22.37 2.81905e-07
22.38 6.59489e-07
22.39 1.32789e-06
22.4 1.90916e-06
22.41 2.06631e-06
22.42 1.69813e-06
22.43 1.00057e-06
22.44 3.5541e-07
22.45 1.13532e-07
22.46 4.00657e-07
22.47 1.05293e-06
22.48 1.71269e-06
22.49 2.02973e-06
22.5 1.85917e-06
22.51 1.34544e-06
22.52 8.38894e-07
22.53 6.84708e-07
22.54 1.0034e-06
22.55 1.5965e-06
22.56 2.04431e-06
22.57 1.9496e-06
22.58 1.1891e-06
22.59 1.82239e-08
22.6 -1.04755e-06
22.61 -1.51765e-06
22.62 -1.2098e-06
22.63 -3.55846e-07
22.64 5.35009e-07
22.65 9.66404e-07
22.66 7.21325e-07
22.67 -4.08026e-08
22.68 -8.91091e-07
22.69 -1.369e-06
22.7 -1.22597e-06
22.71 -5.5733e-07
22.72 2.44603e-07
22.73 7.01909e-07
22.74 5.21884e-07
22.75 -2.25622e-07
22.76 -1.13602e-06
22.77 -1.6956e-06
22.78 -1.57607e-06
22.79 -8.25081e-07
22.8 1.61278e-07
22.81 8.71985e-07
22.82 9.86083e-07
22.83 5.6292e-07
22.84 -8.99691e-09
22.85 -2.7926e-07
22.86 -4.04303e-08
22.87 5.43139e-07
22.88 1.06924e-06
22.89 1.1859e-06
22.9 8.20574e-07
22.91 2.01501e-07
22.92 -3.14329e-07
22.93 -4.66814e-07
22.94 -2.27073e-07
22.95 2.16698e-07
22.96 5.82866e-07
22.97 6.46881e-07
22.98 3.47524e-07
22.99 -1.8753e-07
23 -7.011e-07
23.01 -9.29369e-07
23.02 -7.4056e-07
23.03 -2.20453e-07
23.04 3.5571e-07
23.05 6.67782e-07
23.06 5.33311e-07
23.07 1.22833e-08
23.08 -6.32726e-07
23.09 -1.08915e-06
23.1 -1.16213e-06
23.11 -8.67452e-07
23.12 -4.12867e-07
23.13 -8.52755e-08
23.14 -9.86139e-08
23.15 -4.77539e-07
23.16 -1.04229e-06
23.17 -1.50934e-06
23.18 -1.6512e-06
23.19 -1.41906e-06
23.2 -9.57877e-07
23.21 -5.12853e-07
23.22 -2.87472e-07
23.23 -3.3352e-07
23.24 -5.33357e-07
23.25 -6.83417e-07
23.26 -6.26428e-07
23.27 -3.4825e-07
23.28 1.76976e-08
23.29 2.72284e-07
23.3 2.65506e-07
23.31 -1.63864e-08
23.32 -4.34936e-07
23.33 -7.69136e-07
23.34 -8.421e-07
23.35 -6.32969e-07
23.36 -2.9716e-07
23.37 -7.19013e-08
23.38 -1.24795e-07
23.39 -4.47088e-07
23.4 -8.63753e-07
23.41 -1.15184e-06
23.42 -1.1853e-06
23.43 -1.00705e-06
23.44 -7.79757e-07
23.45 -6.56588e-07
23.46 -6.75708e-07
23.47 -7.57765e-07
23.48 -7.88201e-07
23.49 -6.95384e-07
23.5 -4.65757e-07
23.51 -1.20732e-07
23.52 2.91241e-07
23.53 6.83215e-07
23.54 9.40833e-07
23.55 9.77531e-07
23.56 7.98749e-07
23.57 5.16899e-07
23.58 2.92903e-07
23.59 2.37063e-07
23.6 3.35258e-07
23.61 4.542e-07
23.62 4.29965e-07
23.63 1.85941e-07
23.64 -2.01626e-07
23.65 -5.43372e-07
23.66 -6.61142e-07
23.67 -5.12107e-07
23.68 -2.26376e-07
23.69 -3.3588e-08
23.7 -1.2769e-07
23.71 -5.51437e-07
23.72 -1.16172e-06
23.73 -1.68985e-06
23.74 -1.86783e-06
23.75 -1.56461e-06
23.76 -8.67736e-07
23.77 -6.19943e-08
23.78 4.97942e-07
23.79 5.65387e-07
23.8 1.36647e-07
23.81 -5.3727e-07
23.82 -1.07955e-06
23.83 -1.19362e-06
23.84 -8.31836e-07
23.85 -2.25495e-07
23.86 2.48292e-07
23.87 2.8872e-07
23.88 -1.50364e-07
23.89 -8.34717e-07
23.9 -1.3909e-06
23.91 -1.52536e-06
23.92 -1.18778e-06
23.93 -5.83763e-07
23.94 -3.5768e-08
23.95 2.1746e-07
23.96 1.55633e-07
23.97 -3.98275e-08
23.98 -1.38525e-07
23.99 -3.85275e-08
24 1.61293e-07
24.01 2.449e-07
24.02 5.16633e-08
24.03 -3.92019e-07
24.04 -8.73615e-07
24.05 -1.12097e-06
24.06 -9.69277e-07
24.07 -4.68285e-07
24.08 1.33155e-07
24.09 5.23486e-07
24.1 5.14909e-07
24.11 1.67575e-07
24.12 -2.3629e-07
24.13 -3.64257e-07
24.14 -4.64754e-08
24.15 6.07965e-07
24.16 1.26502e-06
24.17 1.55456e-06
24.18 1.28124e-06
24.19 5.39571e-07
24.2 -3.28939e-07
24.21 -9.14141e-07
24.22 -9.55236e-07
24.23 -4.78082e-07
24.24 2.23702e-07
24.25 7.5174e-07
24.26 8.21173e-07
24.27 4.17461e-07
24.28 -1.95975e-07
24.29 -6.30447e-07
24.3 -6.02334e-07
24.31 -1.04026e-07
24.32 5.8941e-07
24.33 1.08024e-06
24.34 1.07704e-06
24.35 5.60951e-07
24.36 -2.00968e-07
24.37 -8.02149e-07
24.38 -9.23778e-07
24.39 -5.14748e-07
24.4 1.84595e-07
24.41 7.90991e-07
24.42 1.00184e-06
24.43 7.50218e-07
24.44 2.0839e-07
24.45 -3.3373e-07
24.46 -6.25507e-07
24.47 -5.70197e-07
24.48 -2.60231e-07
24.49 7.5442e-08
24.5 1.95616e-07
24.51 -1.16594e-08
24.52 -4.52695e-07
24.53 -8.75082e-07
24.54 -1.01867e-06
24.55 -7.77181e-07
24.56 -2.67439e-07
24.57 2.36107e-07
24.58 4.61899e-07
24.59 3.04005e-07
24.6 -1.0715e-07
24.61 -4.73003e-07
24.62 -5.03283e-07
24.63 -1.00266e-07
24.64 5.65389e-07
24.65 1.14486e-06
24.66 1.32104e-06
24.67 1.00898e-06
24.68 4.16468e-07
24.69 -7.79743e-08
24.7 -1.52651e-07
24.71 2.67745e-07
24.72 9.71811e-07
24.73 1.58126e-06
24.74 1.75105e-06
24.75 1.34215e-06
24.76 4.89875e-07
24.77 -4.57476e-07
24.78 -1.10449e-06
24.79 -1.2087e-06
24.8 -8.13742e-07
24.81 -2.30732e-07
24.82 1.37212e-07
24.83 2.86502e-08
24.84 -5.29775e-07
24.85 -1.25432e-06
24.86 -1.78328e-06
24.87 -1.88352e-06
24.88 -1.56213e-06
24.89 -1.03417e-06
24.9 -5.84085e-07
24.91 -4.08563e-07
24.92 -5.27378e-07
24.93 -8.00671e-07
24.94 -1.02503e-06
24.95 -1.04133e-06
24.96 -8.00515e-07
24.97 -3.72422e-07
24.98 9.55313e-08
24.99 4.56143e-07
25 6.44127e-07
25.01 7.06854e-07
25.02 7.50042e-07
25.03 8.34295e-07
25.04 9.12438e-07
25.05 8.68564e-07
25.06 6.25709e-07
25.07 2.24597e-07
25.08 -1.92466e-07
25.09 -4.69561e-07
25.1 -5.22552e-07
25.11 -3.72291e-07
25.12 -1.28208e-07
25.13 5.63484e-08
25.14 4.86917e-08
25.15 -1.87982e-07
25.16 -5.47796e-07
25.17 -8.1663e-07
25.18 -7.9454e-07
25.19 -4.35004e-07
25.2 1.01132e-07
25.21 5.24131e-07
25.22 5.78487e-07
25.23 1.88803e-07
25.24 -4.92913e-07
25.25 -1.15731e-06
25.26 -1.488e-06
25.27 -1.32323e-06
25.28 -7.49248e-07
25.29 -6.68748e-08
25.3 3.65091e-07
25.31 3.28623e-07
25.32 -1.29026e-07
25.33 -7.2379e-07
25.34 -1.10472e-06
25.35 -1.0658e-06
25.36 -6.68433e-07
25.37 -1.9565e-07
25.38 3.13998e-08
25.39 -1.4642e-07
25.4 -6.34484e-07
25.41 -1.14676e-06
25.42 -1.37337e-06
25.43 -1.15535e-06
25.44 -5.76512e-07
25.45 7.32628e-08
25.46 4.48278e-07
25.47 3.38316e-07
25.48 -2.0132e-07
25.49 -8.6116e-07
25.5 -1.23787e-06
25.51 -1.06429e-06
25.52 -3.7988e-07
25.53 4.67155e-07
25.54 1.00591e-06
25.55 9.21981e-07
25.56 2.62287e-07
25.57 -5.71885e-07
25.58 -1.05226e-06
25.59 -8.36177e-07
25.6 2.6137e-08
25.61 1.11142e-06
25.62 1.85526e-06
25.63 1.86335e-06
25.64 1.13102e-06
25.65 5.16059e-08
25.66 -7.94058e-07
25.67 -9.55904e-07
25.68 -3.65782e-07
25.69 6.23142e-07
25.7 1.43761e-06
25.71 1.61428e-06
25.72 1.06605e-06
25.73 1.27828e-07
25.74 -6.41998e-07
25.75 -7.84228e-07
25.76 -2.01184e-07
25.77 7.83873e-07
25.78 1.60165e-06
25.79 1.75518e-06
25.8 1.10854e-06
25.81 -2.40838e-08
25.82 -1.05418e-06
25.83 -1.46213e-06
25.84 -1.09711e-06
25.85 -2.46767e-07
25.86 5.57396e-07
25.87 8.63537e-07
25.88 5.49768e-07
25.89 -1.34398e-07
25.9 -7.37458e-07
25.91 -8.74482e-07
25.92 -4.41589e-07
25.93 3.37006e-07
25.94 1.04631e-06
25.95 1.31836e-06
25.96 1.03605e-06
25.97 3.92262e-07
25.98 -2.25029e-07
25.99 -4.544e-07
26 -1.62404e-07
26.01 4.87352e-07
26.02 1.12799e-06
26.03 1.38716e-06
26.04 1.08711e-06
26.05 3.51652e-07
26.06 -4.42119e-07
26.07 -8.64654e-07
26.08 -6.90064e-07
26.09 -4.68926e-08
26.1 6.49968e-07
26.11 9.52685e-07
26.12 6.5382e-07
26.13 -9.54259e-08
26.14 -8.85853e-07
26.15 -1.29476e-06
26.16 -1.12501e-06
26.17 -5.07412e-07
26.18 1.82598e-07
26.19 5.44494e-07
26.2 3.85887e-07
26.21 -1.63027e-07
26.22 -7.23851e-07
26.23 -8.9705e-07
26.24 -5.13373e-07
26.25 2.44199e-07
26.26 9.36635e-07
26.27 1.13795e-06
26.28 7.0797e-07
26.29 -1.14826e-07
26.3 -8.60975e-07
26.31 -1.11285e-06
26.32 -7.4183e-07
26.33 2.83162e-08
26.34 7.48918e-07
26.35 9.91327e-07
26.36 5.87227e-07
26.37 -2.62533e-07
26.38 -1.08448e-06
26.39 -1.39791e-06
26.4 -1.00011e-06
26.41 -9.32795e-08
26.42 8.32681e-07
26.43 1.29179e-06
26.44 1.08781e-06
26.45 4.22254e-07
26.46 -2.35527e-07
26.47 -4.34369e-07
26.48 -1.25441e-08
26.49 8.06495e-07
26.5 1.55033e-06
26.51 1.78215e-06
26.52 1.3596e-06
26.53 5.129e-07
26.54 -2.95854e-07
26.55 -6.38496e-07
26.56 -3.55758e-07
26.57 3.62765e-07
26.58 1.08825e-06
26.59 1.38914e-06
26.6 1.06685e-06
26.61 2.61987e-07
26.62 -6.26175e-07
26.63 -1.15845e-06
26.64 -1.09004e-06
26.65 -4.95886e-07
26.66 2.75722e-07
26.67 7.95176e-07
26.68 7.87804e-07
26.69 2.84995e-07
26.7 -3.97648e-07
26.71 -8.45457e-07
26.72 -7.85174e-07
26.73 -2.3917e-07
26.74 4.93187e-07
26.75 1.00985e-06
26.76 1.03393e-06
26.77 5.70159e-07
26.78 -9.47381e-08
26.79 -5.51206e-07
26.8 -5.03157e-07
26.81 4.99445e-08
26.82 7.95518e-07
26.83 1.27828e-06
26.84 1.17155e-06
26.85 4.88928e-07
26.86 -4.07084e-07
26.87 -1.02235e-06
26.88 -1.03895e-06
26.89 -5.06404e-07
26.9 2.06371e-07
26.91 6.47596e-07
26.92 5.43021e-07
26.93 -6.6617e-08
26.94 -8.60387e-07
26.95 -1.40714e-06
26.96 -1.39033e-06
26.97 -7.8832e-07
26.98 8.85591e-08
26.99 7.52441e-07
27 8.22613e-07
27.01 2.72996e-07
27.02 -5.31564e-07
27.03 -1.05664e-06
27.04 -9.41596e-07
27.05 -2.32256e-07
27.06 6.58063e-07
27.07 1.22696e-06
27.08 1.20195e-06
27.09 6.87746e-07
27.1 6.69832e-08
27.11 -2.53644e-07
27.12 -8.53018e-08
27.13 4.43881e-07
27.14 9.74359e-07
27.15 1.13401e-06
27.16 7.66146e-07
27.17 2.85936e-08
27.18 -6.99294e-07
27.19 -1.04029e-06
27.2 -8.32799e-07
27.21 -2.1374e-07
27.22 4.61766e-07
27.23 8.10117e-07
27.24 6.20092e-07
27.25 -3.33675e-08
27.26 -8.227e-07
27.27 -1.33979e-06
27.28 -1.32011e-06
27.29 -7.91597e-07
27.3 -5.4926e-08
27.31 4.97261e-07
27.32 6.11436e-07
27.33 3.11743e-07
27.34 -1.33807e-07
27.35 -3.88876e-07
27.36 -2.5482e-07
27.37 2.10967e-07
27.38 7.2666e-07
27.39 9.49908e-07
27.4 6.87144e-07
27.41 2.94717e-08
27.42 -6.75439e-07
27.43 -1.01506e-06
27.44 -7.59167e-07
27.45 -8.87328e-09
27.46 8.46895e-07
27.47 1.34232e-06
27.48 1.19404e-06
27.49 4.69224e-07
27.5 -4.3299e-07
27.51 -9.92573e-07
27.52 -8.68927e-07
27.53 -1.15509e-07
27.54 8.34383e-07
27.55 1.41593e-06
27.56 1.26622e-06
27.57 4.37211e-07
27.58 -6.36504e-07
27.59 -1.38507e-06
27.6 -1.41568e-06
27.61 -7.19525e-07
27.62 3.27109e-07
27.63 1.16195e-06
27.64 1.33576e-06
27.65 7.58396e-07
27.66 -2.46615e-07
27.67 -1.12335e-06
27.68 -1.4043e-06
27.69 -9.77548e-07
27.7 -1.35351e-07
27.71 6.19091e-07
27.72 8.76807e-07
27.73 5.51069e-07
27.74 -9.879e-08
27.75 -6.45378e-07
27.76 -7.5677e-07
27.77 -3.90322e-07
27.78 1.90718e-07
27.79 5.82392e-07
27.8 4.88938e-07
27.81 -9.12883e-08
27.82 -8.55595e-07
27.83 -1.37232e-06
27.84 -1.33746e-06
27.85 -7.55695e-07
27.86 6.35221e-08
27.87 6.87573e-07
27.88 8.06836e-07
27.89 4.0268e-07
27.9 -2.51051e-07
27.91 -7.46806e-07
27.92 -7.74337e-07
27.93 -2.99711e-07
27.94 4.09587e-07
27.95 9.36515e-07
27.96 9.61892e-07
27.97 4.59171e-07
27.98 -2.85882e-07
27.99 -8.44094e-07
28 -8.96555e-07
28.01 -4.21772e-07
28.02 2.90396e-07
28.03 8.04992e-07
28.04 7.96892e-07
28.05 2.5008e-07
28.06 -5.21768e-07
28.07 -1.05712e-06
28.08 -1.02442e-06
28.09 -4.20418e-07
28.1 4.33108e-07
28.11 1.08149e-06
28.12 1.19346e-06
28.13 7.3647e-07
28.14 -1.70652e-08
28.15 -6.50876e-07
28.16 -8.45301e-07
28.17 -5.59162e-07
28.18 -4.00166e-08
28.19 3.44736e-07
28.2 3.41836e-07
28.21 -4.27823e-08
28.22 -5.67192e-07
28.23 -9.07705e-07
28.24 -8.43608e-07
28.25 -3.79177e-07
28.26 2.53875e-07
28.27 7.21946e-07
28.28 7.84037e-07
28.29 4.41295e-07
28.3 -5.65421e-08
28.31 -3.56956e-07
28.32 -2.16662e-07
28.33 3.44431e-07
28.34 1.04009e-06
28.35 1.47659e-06
28.36 1.38764e-06
28.37 8.03394e-07
28.38 4.37409e-08
28.39 -4.63884e-07
28.4 -4.32469e-07
28.41 1.16459e-07
28.42 8.58444e-07
28.43 1.34266e-06
28.44 1.24761e-06
28.45 5.78213e-07
28.46 -3.14985e-07
28.47 -9.2393e-07
28.48 -8.81687e-07
28.49 -1.91096e-07
28.5 7.65673e-07
28.51 1.44949e-06
28.52 1.48281e-06
28.53 8.69368e-07
28.54 -1.58176e-08
28.55 -6.56274e-07
28.56 -7.0417e-07
28.57 -1.8566e-07
28.58 5.2115e-07
28.59 9.23443e-07
28.6 7.222e-07
28.61 -1.0988e-09
28.62 -8.40188e-07
28.63 -1.32475e-06
28.64 -1.21063e-06
28.65 -6.11133e-07
28.66 9.71126e-08
28.67 5.08309e-07
28.68 4.11047e-07
28.69 -1.10286e-07
28.7 -7.30302e-07
28.71 -1.06105e-06
28.72 -8.6859e-07
28.73 -2.12548e-07
28.74 5.78333e-07
28.75 1.08921e-06
28.76 1.05592e-06
28.77 5.16934e-07
28.78 -2.03876e-07
28.79 -6.70878e-07
28.8 -5.74675e-07
28.81 8.61831e-08
28.82 9.78809e-07
28.83 1.59838e-06
28.84 1.55359e-06
28.85 8.16922e-07
28.86 -2.30723e-07
28.87 -1.01707e-06
28.88 -1.12909e-06
28.89 -5.6151e-07
28.9 2.99923e-07
28.91 9.30669e-07
28.92 9.74972e-07
28.93 4.26198e-07
28.94 -3.96051e-07
28.95 -1.03346e-06
28.96 -1.13742e-06
28.97 -6.55893e-07
28.98 1.41507e-07
28.99 8.24141e-07
29 1.05681e-06
29.01 7.90189e-07
29.02 2.65963e-07
29.03 -1.52227e-07
29.04 -2.00245e-07
29.05 1.46966e-07
29.06 6.81338e-07
29.07 1.08941e-06
29.08 1.1244e-06
29.09 7.36704e-07
29.1 1.02812e-07
29.11 -4.6324e-07
29.12 -6.78039e-07
29.13 -4.51339e-07
29.14 5.54468e-08
29.15 5.21677e-07
29.16 6.58525e-07
29.17 3.75023e-07
29.18 -1.82789e-07
29.19 -7.28724e-07
29.2 -9.97753e-07
29.21 -8.82137e-07
29.22 -4.81163e-07
29.23 -4.53363e-08
29.24 1.59345e-07
29.25 6.20513e-11
29.26 -4.43244e-07
29.27 -9.17851e-07
29.28 -1.14055e-06
29.29 -9.62131e-07
29.3 -4.56766e-07
29.31 1.19093e-07
29.32 4.76692e-07
29.33 4.6432e-07
29.34 1.52381e-07
29.35 -2.17451e-07
29.36 -3.84523e-07
29.37 -2.27265e-07
29.38 1.66236e-07
29.39 5.52931e-07
29.4 6.82773e-07
29.41 4.55837e-07
29.42 -8.02395e-09
29.43 -4.3818e-07
29.44 -5.81736e-07
29.45 -3.60261e-07
29.46 8.745e-08
29.47 4.97306e-07
29.48 6.4303e-07
29.49 4.73322e-07
29.5 1.44952e-07
29.51 -7.21409e-08
29.52 3.12385e-08
29.53 4.57757e-07
29.54 9.87566e-07
29.55 1.31004e-06
29.56 1.21589e-06
29.57 7.22981e-07
29.58 6.52062e-08
29.59 -4.34096e-07
29.6 -5.30256e-07
29.61 -1.89859e-07
29.62 3.75662e-07
29.63 8.11075e-07
29.64 8.22036e-07
29.65 3.68588e-07
29.66 -2.90091e-07
29.67 -7.50492e-07
29.68 -7.25921e-07
29.69 -2.36072e-07
29.7 4.05605e-07
29.71 7.95238e-07
29.72 6.93878e-07
29.73 1.71619e-07
29.74 -4.40857e-07
29.75 -7.52462e-07
29.76 -5.3909e-07
29.77 1.30118e-07
29.78 9.30627e-07
29.79 1.45702e-06
29.8 1.43813e-06
29.81 8.78777e-07
29.82 5.35467e-08
29.83 -6.43159e-07
29.84 -9.07232e-07
29.85 -6.79298e-07
29.86 -1.6241e-07
29.87 3.01311e-07
29.88 4.26158e-07
29.89 1.43728e-07
29.9 -3.64336e-07
29.91 -7.85407e-07
29.92 -8.7213e-07
29.93 -5.8613e-07
29.94 -1.0136e-07
29.95 3.16135e-07
29.96 4.60477e-07
29.97 2.82724e-07
29.98 -1.03524e-07
29.99 -4.95142e-07
30 -7.10152e-07
30.01 -6.80437e-07
30.02 -4.76234e-07
30.03 -2.4979e-07
30.04 -1.38959e-07
30.05 -1.95843e-07
30.06 -3.76857e-07
30.07 -5.80758e-07
30.08 -6.99762e-07
30.09 -6.62624e-07
30.1 -4.63772e-07
30.11 -1.70341e-07
30.12 1.04197e-07
30.13 2.56415e-07
30.14 2.5128e-07
30.15 1.44006e-07
30.16 4.5197e-08
30.17 4.8213e-08
30.18 1.69011e-07
30.19 3.42145e-07
30.2 4.72124e-07
30.21 4.96685e-07
30.22 4.17345e-07
30.23 2.86852e-07
30.24 1.73576e-07
30.25 1.26931e-07
30.26 1.56976e-07
30.27 2.32335e-07
30.28 2.95466e-07
30.29 2.89755e-07
30.3 1.88907e-07
30.31 1.63337e-08
30.32 -1.5852e-07
30.33 -2.52448e-07
30.34 -2.16111e-07
30.35 -6.69301e-08
30.36 1.17697e-07
30.37 2.43706e-07
30.38 2.50401e-07
30.39 1.36146e-07
30.4 -4.88612e-08
30.41 -2.29123e-07
30.42 -3.32792e-07
30.43 -3.16785e-07
30.44 -1.87085e-07
30.45 -5.8933e-09
30.46 1.28709e-07
30.47 1.32463e-07
30.48 -1.05974e-08
30.49 -2.27478e-07
30.5 -3.9007e-07
30.51 -3.86911e-07
30.52 -1.90669e-07
30.53 1.17146e-07
30.54 3.78568e-07
30.55 4.35703e-07
30.56 2.17986e-07
30.57 -2.03298e-07
30.58 -6.29785e-07
30.59 -8.27545e-07
30.6 -6.58353e-07
30.61 -1.78563e-07
30.62 3.63933e-07
30.63 6.53579e-07
30.64 4.94252e-07
30.65 -5.24783e-08
30.66 -6.77642e-07
30.67 -9.97384e-07
30.68 -7.90396e-07
30.69 -1.46677e-07
30.7 5.76972e-07
30.71 9.72124e-07
30.72 8.26701e-07
30.73 2.47889e-07
30.74 -4.11109e-07
30.75 -7.64208e-07
30.76 -6.10057e-07
30.77 -3.2173e-08
30.78 6.59078e-07
30.79 1.09647e-06
30.8 1.04578e-06
30.81 5.25022e-07
30.82 -2.03208e-07
30.83 -7.67877e-07
30.84 -8.90651e-07
30.85 -5.43558e-07
30.86 3.28068e-08
30.87 4.69409e-07
30.88 4.8756e-07
30.89 6.39205e-08
30.9 -5.58611e-07
30.91 -1.01779e-06
30.92 -1.04424e-06
30.93 -6.12859e-07
30.94 4.86015e-08
30.95 5.89278e-07
30.96 7.25343e-07
30.97 3.8758e-07
30.98 -2.47731e-07
30.99 -8.54685e-07
31 -1.12488e-06
31.01 -9.19138e-07
31.02 -3.33286e-07
31.03 3.48119e-07
31.04 7.90784e-07
31.05 7.82574e-07
31.06 3.50452e-07
31.07 -2.52897e-07
31.08 -6.95946e-07
31.09 -7.60737e-07
31.1 -4.59319e-07
31.11 -7.7556e-09
31.12 3.13611e-07
31.13 3.2312e-07
31.14 3.5381e-08
31.15 -3.50685e-07
31.16 -5.6379e-07
31.17 -4.16536e-07
31.18 7.7051e-08
31.19 6.94735e-07
31.2 1.12365e-06
31.21 1.13863e-06
31.22 7.35266e-07
31.23 1.35719e-07
31.24 -3.38684e-07
31.25 -4.53804e-07
31.26 -1.96071e-07
31.27 2.29398e-07
31.28 5.34882e-07
31.29 5.32874e-07
31.3 2.4779e-07
31.31 -1.12278e-07
31.32 -2.98466e-07
31.33 -1.8124e-07
31.34 1.72641e-07
31.35 5.46258e-07
31.36 7.05308e-07
31.37 5.35774e-07
31.38 1.08996e-07
31.39 -3.59359e-07
31.4 -6.31089e-07
31.41 -5.78047e-07
31.42 -2.49613e-07
31.43 1.61931e-07
31.44 4.3401e-07
31.45 4.3672e-07
31.46 1.98304e-07
31.47 -1.18711e-07
31.48 -3.14798e-07
31.49 -2.68851e-07
31.5 -3.01407e-09
31.51 3.42362e-07
31.52 6.00743e-07
31.53 6.7094e-07
31.54 5.54761e-07
31.55 3.37625e-07
31.56 1.39271e-07
31.57 5.76131e-08
31.58 1.22289e-07
31.59 2.80263e-07
31.6 4.29426e-07
31.61 4.8307e-07
31.62 4.18422e-07
31.63 2.74379e-07
31.64 1.09541e-07
31.65 -3.70808e-08
31.66 -1.54149e-07
31.67 -2.42439e-07
31.68 -2.99909e-07
31.69 -3.21002e-07
31.7 -3.07212e-07
31.71 -2.76641e-07
31.72 -2.58362e-07
31.73 -2.6848e-07
31.74 -2.88362e-07
31.75 -2.7391e-07
31.76 -1.95815e-07
31.77 -7.22485e-08
31.78 4.14045e-08
31.79 9.591e-08
31.8 8.25619e-08
31.81 3.33363e-08
31.82 -7.68394e-10
31.83 2.8951e-08
31.84 1.49887e-07
31.85 3.44696e-07
31.86 5.38091e-07
31.87 6.22948e-07
31.88 5.25609e-07
31.89 2.64005e-07
31.9 -5.21963e-08
31.91 -2.83133e-07
31.92 -3.37217e-07
31.93 -2.15025e-07
31.94 2.84056e-09
31.95 2.08041e-07
31.96 3.19583e-07
31.97 3.10029e-07
31.98 1.99215e-07
31.99 3.64817e-08
32 -1.11691e-07
32.01 -1.75716e-07
32.02 -1.1329e-07
32.03 5.40296e-08
32.04 2.3539e-07
32.05 3.20742e-07
32.06 2.59579e-07
32.07 1.04325e-07
32.08 -2.33876e-08
32.09 -3.32849e-08
32.1 6.75626e-08
32.11 1.92335e-07
32.12 2.38196e-07
32.13 1.62596e-07
32.14 1.64866e-08
32.15 -9.83889e-08
32.16 -1.07821e-07
32.17 -1.15706e-08
32.18 1.31637e-07
32.19 2.53382e-07
32.2 3.13274e-07
32.21 3.05675e-07
32.22 2.48129e-07
32.23 1.70355e-07
32.24 1.08021e-07
32.25 9.31745e-08
32.26 1.3694e-07
32.27 2.15263e-07
32.28 2.76826e-07
32.29 2.77505e-07
32.3 2.16329e-07
32.31 1.37957e-07
32.32 9.58848e-08
32.33 1.10728e-07
32.34 1.61818e-07
32.35 2.13507e-07
32.36 2.43987e-07
32.37 2.50282e-07
32.38 2.35109e-07
32.39 1.99188e-07
32.4 1.48388e-07
32.41 1.01192e-07
32.42 7.93994e-08
32.43 8.6582e-08
32.44 9.76958e-08
32.45 7.58828e-08
32.46 5.34468e-09
32.47 -8.92279e-08
32.48 -1.56447e-07
32.49 -1.56837e-07
32.5 -9.7638e-08
32.51 -3.82037e-08
32.52 -5.9677e-08
32.53 -2.13071e-07
32.54 -4.73475e-07
32.55 -7.32255e-07
32.56 -8.4628e-07
32.57 -7.27725e-07
32.58 -4.17654e-07
32.59 -8.15865e-08
32.6 8.4563e-08
32.61 -1.99813e-08
32.62 -3.30012e-07
32.63 -6.47542e-07
32.64 -7.59239e-07
32.65 -5.66017e-07
32.66 -1.45787e-07
32.67 2.8982e-07
32.68 5.19235e-07
32.69 4.39353e-07
32.7 1.21101e-07
32.71 -2.37533e-07
32.72 -4.28341e-07
32.73 -3.49441e-07
32.74 -5.6559e-08
32.75 2.76105e-07
32.76 4.59576e-07
32.77 3.97536e-07
32.78 1.36494e-07
32.79 -1.68162e-07
32.8 -3.48143e-07
32.81 -3.21818e-07
32.82 -1.36725e-07
32.83 6.96516e-08
32.84 1.61968e-07
32.85 8.90958e-08
32.86 -9.48375e-08
32.87 -2.74601e-07
32.88 -3.4536e-07
32.89 -2.67341e-07
32.9 -8.20737e-08
32.91 1.09368e-07
32.92 1.97376e-07
32.93 1.26678e-07
32.94 -6.25885e-08
32.95 -2.50031e-07
32.96 -3.06267e-07
32.97 -1.7509e-07
32.98 8.86836e-08
32.99 3.48324e-07
33 4.62458e-07
33.01 3.68148e-07
33.02 1.23273e-07
33.03 -1.2257e-07
33.04 -2.19285e-07
33.05 -1.13656e-07
33.06 1.15484e-07
33.07 3.10665e-07
33.08 3.38862e-07
33.09 1.72442e-07
33.1 -1.00309e-07
33.11 -3.31708e-07
33.12 -3.98453e-07
33.13 -2.67447e-07
33.14 -1.24012e-08
33.15 2.26609e-07
33.16 3.19785e-07
33.17 2.18519e-07
33.18 -1.85395e-08
33.19 -2.58236e-07
33.2 -3.67959e-07
33.21 -2.93824e-07
33.22 -9.56438e-08
33.23 8.84692e-08
33.24 1.30162e-07
33.25 -6.36397e-09
33.26 -2.42884e-07
33.27 -4.38749e-07
33.28 -4.78419e-07
33.29 -3.39069e-07
33.3 -9.93107e-08
33.31 1.12174e-07
33.32 1.92508e-07
33.33 1.17026e-07
33.34 -5.87685e-08
33.35 -2.39002e-07
33.36 -3.40017e-07
33.37 -3.29932e-07
33.38 -2.40841e-07
33.39 -1.4818e-07
33.4 -1.23959e-07
33.41 -1.88804e-07
33.42 -2.96575e-07
33.43 -3.67302e-07
33.44 -3.46984e-07
33.45 -2.48893e-07
33.46 -1.4409e-07
33.47 -1.07908e-07
33.48 -1.61656e-07
33.49 -2.52583e-07
33.5 -2.89536e-07
33.51 -2.10907e-07
33.52 -3.27983e-08
33.53 1.62032e-07
33.54 2.8306e-07
33.55 2.8706e-07
33.56 1.90298e-07
33.57 4.43819e-08
33.58 -9.40958e-08
33.59 -1.83869e-07
33.6 -2.11153e-07
33.61 -1.94082e-07
33.62 -1.73065e-07
33.63 -1.87172e-07
33.64 -2.5023e-07
33.65 -3.43463e-07
33.66 -4.29566e-07
33.67 -4.76461e-07
33.68 -4.72502e-07
33.69 -4.25452e-07
33.7 -3.54035e-07
33.71 -2.82766e-07
33.72 -2.36198e-07
33.73 -2.23749e-07
33.74 -2.2545e-07
33.75 -2.0344e-07
33.76 -1.40548e-07
33.77 -6.76978e-08
33.78 -4.29751e-08
33.79 -9.64432e-08
33.8 -1.96505e-07
33.81 -2.72651e-07
33.82 -2.69506e-07
33.83 -1.8023e-07
33.84 -4.03854e-08
33.85 9.44069e-08
33.86 1.65797e-07
33.87 1.30881e-07
33.88 -1.24442e-08
33.89 -2.11405e-07
33.9 -3.77799e-07
33.91 -4.34885e-07
33.92 -3.61514e-07
33.93 -2.06568e-07
33.94 -6.42726e-08
33.95 -2.03649e-08
33.96 -9.95097e-08
33.97 -2.51394e-07
33.98 -3.8737e-07
33.99 -4.37524e-07
34 -3.83749e-07
34.01 -2.52795e-07
34.02 -8.95239e-08
34.03 6.34246e-08
34.04 1.74152e-07
34.05 2.27758e-07
34.06 2.32685e-07
34.07 2.17036e-07
34.08 2.09222e-07
34.09 2.15084e-07
34.1 2.12416e-07
34.11 1.71879e-07
34.12 9.05934e-08
34.13 9.73726e-09
34.14 -5.71922e-09
34.15 8.30298e-08
34.16 2.48966e-07
34.17 4.08833e-07
34.18 4.78668e-07
34.19 4.29446e-07
34.2 3.00777e-07
34.21 1.72516e-07
34.22 1.22706e-07
34.23 1.91548e-07
34.24 3.54848e-07
34.25 5.17925e-07
34.26 5.53779e-07
34.27 3.85414e-07
34.28 5.82489e-08
34.29 -2.68779e-07
34.3 -4.23708e-07
34.31 -3.38084e-07
34.32 -8.72823e-08
34.33 1.68181e-07
34.34 2.84401e-07
34.35 2.07457e-07
34.36 -1.22221e-08
34.37 -2.53554e-07
34.38 -3.84084e-07
34.39 -3.24714e-07
34.4 -9.49544e-08
34.41 1.89385e-07
34.42 3.74848e-07
34.43 3.58031e-07
34.44 1.51996e-07
34.45 -1.10065e-07
34.46 -2.41951e-07
34.47 -1.11054e-07
34.48 2.74181e-07
34.49 7.52212e-07
34.5 1.08847e-06
34.51 1.10643e-06
34.52 7.92359e-07
34.53 3.0914e-07
34.54 -9.14416e-08
34.55 -2.09151e-07
34.56 -9.12223e-09
34.57 3.56546e-07
34.58 6.34875e-07
34.59 6.19574e-07
34.6 2.74908e-07
34.61 -2.3843e-07
34.62 -6.51702e-07
34.63 -7.39128e-07
34.64 -4.4557e-07
34.65 7.9909e-08
34.66 5.64745e-07
34.67 7.66391e-07
34.68 6.12106e-07
34.69 2.39723e-07
34.7 -8.79941e-08
34.71 -1.42102e-07
34.72 1.38558e-07
34.73 6.13943e-07
34.74 1.02112e-06
34.75 1.11716e-06
34.76 8.14454e-07
34.77 2.41225e-07
34.78 -3.12445e-07
34.79 -5.49339e-07
34.8 -3.41167e-07
34.81 1.84068e-07
34.82 7.08451e-07
34.83 9.10225e-07
34.84 6.5614e-07
34.85 8.35437e-08
34.86 -4.75467e-07
34.87 -6.82834e-07
34.88 -3.8794e-07
34.89 2.8356e-07
34.9 9.94387e-07
34.91 1.3776e-06
34.92 1.23798e-06
34.93 6.64822e-07
34.94 -9.74161e-09
34.95 -3.94689e-07
34.96 -2.70263e-07
34.97 2.73645e-07
34.98 8.86833e-07
34.99 1.17526e-06
35 9.48132e-07
35.01 3.3388e-07
35.02 -3.06582e-07
35.03 -6.05253e-07
35.04 -4.05049e-07
35.05 1.5757e-07
35.06 7.44371e-07
35.07 1.01938e-06
35.08 8.41431e-07
35.09 3.32634e-07
35.1 -2.09343e-07
35.11 -4.89235e-07
35.12 -3.71863e-07
35.13 5.90383e-08
35.14 5.52455e-07
35.15 8.17439e-07
35.16 6.74959e-07
35.17 1.69941e-07
35.18 -4.28945e-07
35.19 -7.72553e-07
35.2 -6.4749e-07
35.21 -1.1806e-07
35.22 5.12471e-07
35.23 8.9129e-07
35.24 8.20691e-07
35.25 3.53845e-07
35.26 -2.51736e-07
35.27 -6.77536e-07
35.28 -7.10454e-07
35.29 -3.57753e-07
35.3 1.52497e-07
35.31 5.01793e-07
35.32 4.74705e-07
35.33 9.11555e-08
35.34 -4.10538e-07
35.35 -7.23331e-07
35.36 -6.55197e-07
35.37 -2.40017e-07
35.38 2.83827e-07
35.39 6.16019e-07
35.4 5.76558e-07
35.41 2.14258e-07
35.42 -2.29156e-07
35.43 -4.73189e-07
35.44 -3.68525e-07
35.45 2.06073e-08
35.46 4.62759e-07
35.47 6.99492e-07
35.48 5.96262e-07
35.49 2.17953e-07
35.5 -2.13362e-07
35.51 -4.515e-07
35.52 -3.69329e-07
35.53 -2.92313e-08
35.54 3.5386e-07
35.55 5.32333e-07
35.56 3.67018e-07
35.57 -8.34313e-08
35.58 -5.83352e-07
35.59 -8.54507e-07
35.6 -7.46012e-07
35.61 -3.23589e-07
35.62 1.79919e-07
35.63 5.06461e-07
35.64 5.10328e-07
35.65 2.24034e-07
35.66 -1.64649e-07
35.67 -4.12304e-07
35.68 -3.57524e-07
35.69 -2.39029e-08
35.7 3.87054e-07
35.71 6.25227e-07
35.72 5.61739e-07
35.73 2.77275e-07
35.74 3.47095e-09
35.75 -3.92993e-08
35.76 2.07229e-07
35.77 6.00027e-07
35.78 8.88392e-07
35.79 8.7631e-07
35.8 5.48997e-07
35.81 8.45151e-08
35.82 -2.54143e-07
35.83 -2.76048e-07
35.84 2.80574e-08
35.85 4.84841e-07
35.86 8.40429e-07
35.87 9.03082e-07
35.88 6.45719e-07
35.89 2.13294e-07
35.9 -1.64679e-07
35.91 -3.02619e-07
35.92 -1.55176e-07
35.93 1.67519e-07
35.94 4.66461e-07
35.95 5.6272e-07
35.96 3.93862e-07
35.97 5.07186e-08
35.98 -2.68324e-07
35.99 -3.69438e-07
36 -1.82808e-07
36.01 1.868e-07
36.02 5.19194e-07
36.03 6.14989e-07
36.04 4.20083e-07
36.05 5.78149e-08
36.06 -2.47245e-07
36.07 -3.03139e-07
36.08 -6.52846e-08
36.09 3.30053e-07
36.1 6.38805e-07
36.11 6.58855e-07
36.12 3.67972e-07
36.13 -5.11795e-08
36.14 -3.28877e-07
36.15 -2.8868e-07
36.16 4.0205e-08
36.17 4.52657e-07
36.18 7.05844e-07
36.19 6.65313e-07
36.2 3.71877e-07
36.21 5.15156e-09
36.22 -2.22169e-07
36.23 -1.79844e-07
36.24 1.09806e-07
36.25 4.80426e-07
36.26 7.08497e-07
36.27 6.39697e-07
36.28 2.87543e-07
36.29 -1.59646e-07
36.3 -4.41176e-07
36.31 -3.82156e-07
36.32 -6.5296e-09
36.33 4.73064e-07
36.34 7.82242e-07
36.35 7.44487e-07
36.36 3.78788e-07
36.37 -1.10925e-07
36.38 -4.43995e-07
36.39 -4.17997e-07
36.4 -3.20415e-08
36.41 4.99915e-07
36.42 8.69397e-07
36.43 8.60637e-07
36.44 4.83491e-07
36.45 -3.50124e-08
36.46 -3.90691e-07
36.47 -3.81941e-07
36.48 -2.39017e-08
36.49 4.61219e-07
36.5 7.69347e-07
36.51 6.90463e-07
36.52 2.39913e-07
36.53 -3.35887e-07
36.54 -6.9359e-07
36.55 -5.94587e-07
36.56 -5.4575e-08
36.57 6.51794e-07
36.58 1.13982e-06
36.59 1.13479e-06
36.6 6.35041e-07
36.61 -8.0515e-08
36.62 -6.08226e-07
36.63 -6.49402e-07
36.64 -1.82593e-07
36.65 5.19345e-07
36.66 1.04064e-06
36.67 1.06317e-06
36.68 5.59798e-07
36.69 -1.79946e-07
36.7 -7.17396e-07
36.71 -7.28472e-07
36.72 -2.00926e-07
36.73 5.57343e-07
36.74 1.10217e-06
36.75 1.11481e-06
36.76 5.84761e-07
36.77 -1.89148e-07
36.78 -7.7266e-07
36.79 -8.41644e-07
36.8 -3.63476e-07
36.81 3.83306e-07
36.82 9.64877e-07
36.83 1.04328e-06
36.84 5.80531e-07
36.85 -1.32172e-07
36.86 -6.472e-07
36.87 -6.3189e-07
36.88 -6.94809e-08
36.89 7.3289e-07
36.9 1.32854e-06
36.91 1.39318e-06
36.92 9.11395e-07
36.93 1.83782e-07
36.94 -3.47039e-07
36.95 -3.52989e-07
36.96 1.86589e-07
36.97 9.69492e-07
36.98 1.54578e-06
36.99 1.58322e-06
37 1.06574e-06
37.01 3.05126e-07
37.02 -2.43944e-07
37.03 -2.57341e-07
37.04 2.59271e-07
37.05 9.68065e-07
37.06 1.40106e-06
37.07 1.24833e-06
37.08 5.54695e-07
37.09 -3.01499e-07
37.1 -8.37052e-07
37.11 -7.56388e-07
37.12 -1.26357e-07
37.13 6.68387e-07
37.14 1.15432e-06
37.15 1.04238e-06
37.16 3.89062e-07
37.17 -4.42289e-07
37.18 -9.94281e-07
37.19 -9.78918e-07
37.2 -4.37258e-07
37.21 2.98409e-07
37.22 8.11604e-07
37.23 8.45052e-07
37.24 4.33294e-07
37.25 -1.41628e-07
37.26 -5.26728e-07
37.27 -4.96716e-07
37.28 -7.08054e-08
37.29 5.0308e-07
37.3 8.84674e-07
37.31 8.33075e-07
37.32 3.54764e-07
37.33 -2.84512e-07
37.34 -7.09336e-07
37.35 -6.65171e-07
37.36 -1.79652e-07
37.37 4.58075e-07
37.38 8.83035e-07
37.39 8.73317e-07
37.4 4.6457e-07
37.41 -8.90202e-08
37.42 -4.64029e-07
37.43 -4.43849e-07
37.44 -3.80906e-08
37.45 5.16759e-07
37.46 8.87118e-07
37.47 8.38775e-07
37.48 3.82619e-07
37.49 -2.26882e-07
37.5 -6.43817e-07
37.51 -6.3787e-07
37.52 -2.27825e-07
37.53 3.35489e-07
37.54 7.20579e-07
37.55 7.08913e-07
37.56 3.18636e-07
37.57 -2.11867e-07
37.58 -5.6958e-07
37.59 -5.5454e-07
37.6 -1.96796e-07
37.61 2.6736e-07
37.62 5.4344e-07
37.63 4.58118e-07
37.64 5.92671e-08
37.65 -4.21457e-07
37.66 -7.13712e-07
37.67 -6.67262e-07
37.68 -3.29862e-07
37.69 9.39837e-08
37.7 3.70267e-07
37.71 3.71193e-07
37.72 1.42194e-07
37.73 -1.36573e-07
37.74 -2.70093e-07
37.75 -1.74656e-07
37.76 7.21477e-08
37.77 2.9104e-07
37.78 3.26449e-07
37.79 1.47201e-07
37.8 -1.44424e-07
37.81 -3.89114e-07
37.82 -4.68149e-07
37.83 -3.59605e-07
37.84 -1.35933e-07
37.85 7.66714e-08
37.86 1.53866e-07
37.87 3.08148e-08
37.88 -2.56738e-07
37.89 -5.78063e-07
37.9 -7.73422e-07
37.91 -7.48392e-07
37.92 -5.32882e-07
37.93 -2.6133e-07
37.94 -8.84714e-08
37.95 -9.91048e-08
37.96 -2.66692e-07
37.97 -4.77524e-07
37.98 -5.99602e-07
37.99 -5.56773e-07
38 -3.68345e-07
38.01 -1.3245e-07
38.02 3.50363e-08
38.03 6.56229e-08
38.04 -3.13744e-08
38.05 -1.83078e-07
38.06 -2.94854e-07
38.07 -2.96725e-07
38.08 -1.77822e-07
38.09 4.25277e-09
38.1 1.49267e-07
38.11 1.69999e-07
38.12 4.74518e-08
38.13 -1.53654e-07
38.14 -3.242e-07
38.15 -3.78638e-07
38.16 -3.04498e-07
38.17 -1.63418e-07
38.18 -5.00862e-08
38.19 -3.90392e-08
38.2 -1.4713e-07
38.21 -2.84318e-07
38.22 -3.16161e-07
38.23 -2.02357e-07
38.24 -1.57528e-08
38.25 1.2624e-07
38.26 1.32571e-07
38.27 -1.27015e-08
38.28 -2.41711e-07
38.29 -4.37542e-07
38.3 -4.98316e-07
38.31 -3.98666e-07
38.32 -2.09493e-07
38.33 -5.58765e-08
38.34 -3.48696e-08
38.35 -1.49449e-07
38.36 -3.07946e-07
38.37 -3.88672e-07
38.38 -3.18026e-07
38.39 -1.04641e-07
38.4 1.83467e-07
38.41 4.63533e-07
38.42 6.64723e-07
38.43 7.3211e-07
38.44 6.31169e-07
38.45 3.66978e-07
38.46 3.43131e-09
38.47 -3.436e-07
38.48 -5.47084e-07
38.49 -5.25116e-07
38.5 -2.84004e-07
38.51 7.32361e-08
38.52 3.81895e-07
38.53 4.8816e-07
38.54 3.31372e-07
38.55 -1.0979e-08
38.56 -3.53969e-07
38.57 -5.05156e-07
38.58 -3.75461e-07
38.59 -3.02815e-08
38.6 3.48962e-07
38.61 5.64393e-07
38.62 5.043e-07
38.63 1.99266e-07
38.64 -1.92734e-07
38.65 -4.68768e-07
38.66 -4.94561e-07
38.67 -2.86389e-07
38.68 -6.18107e-09
38.69 1.33715e-07
38.7 -1.86141e-09
38.71 -3.90324e-07
38.72 -8.62926e-07
38.73 -1.19587e-06
38.74 -1.22891e-06
38.75 -9.51569e-07
38.76 -5.12691e-07
38.77 -1.43896e-07
38.78 -3.53044e-08
38.79 -2.33324e-07
38.8 -6.17698e-07
38.81 -9.67787e-07
38.82 -1.08221e-06
38.83 -8.91762e-07
38.84 -5.03775e-07
38.85 -1.43991e-07
38.86 -2.18491e-08
38.87 -2.02839e-07
38.88 -5.72629e-07
38.89 -9.12379e-07
38.9 -1.02792e-06
38.91 -8.5055e-07
38.92 -4.61766e-07
38.93 -4.49685e-08
38.94 2.05214e-07
38.95 1.77686e-07
38.96 -9.74002e-08
38.97 -4.61376e-07
38.98 -7.10514e-07
38.99 -7.06894e-07
39 -4.54663e-07
39.01 -9.97201e-08
39.02 1.48466e-07
39.03 1.34603e-07
39.04 -1.48663e-07
39.05 -5.49843e-07
39.06 -8.44601e-07
39.07 -8.68863e-07
39.08 -6.14867e-07
39.09 -2.31623e-07
39.1 6.3644e-08
39.11 1.04145e-07
39.12 -1.42621e-07
39.13 -5.60662e-07
39.14 -9.41164e-07
39.15 -1.08425e-06
39.16 -9.04788e-07
39.17 -4.88138e-07
39.18 -5.42117e-08
39.19 1.63958e-07
39.2 5.98423e-08
39.21 -2.80222e-07
39.22 -6.32317e-07
39.23 -7.76282e-07
39.24 -6.28488e-07
39.25 -2.828e-07
39.26 5.65343e-08
39.27 1.99337e-07
39.28 7.68032e-08
39.29 -2.23218e-07
39.3 -5.08188e-07
39.31 -5.92489e-07
39.32 -4.07051e-07
39.33 -4.14772e-08
39.34 3.06901e-07
39.35 4.42721e-07
39.36 2.74335e-07
39.37 -1.43113e-07
39.38 -6.34474e-07
39.39 -9.84249e-07
39.4 -1.03962e-06
39.41 -7.94779e-07
39.42 -4.055e-07
39.43 -1.07173e-07
39.44 -7.41667e-08
39.45 -3.12191e-07
39.46 -6.5919e-07
39.47 -8.91184e-07
39.48 -8.58282e-07
39.49 -5.67361e-07
39.5 -1.72064e-07
39.51 1.15931e-07
39.52 1.45976e-07
39.53 -8.32821e-08
39.54 -4.17575e-07
39.55 -6.34984e-07
39.56 -5.82269e-07
39.57 -2.73872e-07
39.58 1.14814e-07
39.59 3.57775e-07
39.6 3.18743e-07
39.61 3.09423e-08
39.62 -3.2836e-07
39.63 -5.45036e-07
39.64 -4.91014e-07
39.65 -1.95889e-07
39.66 1.70146e-07
39.67 3.93959e-07
39.68 3.4449e-07
39.69 5.16851e-08
39.7 -3.10086e-07
39.71 -5.25374e-07
39.72 -4.64873e-07
39.73 -1.59866e-07
39.74 2.18836e-07
39.75 4.62363e-07
39.76 4.44601e-07
39.77 1.92551e-07
39.78 -1.3258e-07
39.79 -3.30741e-07
39.8 -2.79121e-07
39.81 -2.23284e-09
39.82 3.43996e-07
39.83 5.64405e-07
39.84 5.3896e-07
39.85 2.92246e-07
39.86 -2.22402e-08
39.87 -2.12987e-07
39.88 -1.62604e-07
39.89 1.04481e-07
39.9 4.37649e-07
39.91 6.49021e-07
39.92 6.23188e-07
39.93 3.83713e-07
39.94 7.8117e-08
39.95 -1.09172e-07
39.96 -6.45688e-08
39.97 1.89166e-07
39.98 5.07453e-07
39.99 7.09247e-07
40 6.8283e-07
40.01 4.50246e-07
40.02 1.53222e-07
40.03 -3.04867e-08
40.04 9.02688e-09
40.05 2.50441e-07
40.06 5.54851e-07
40.07 7.47776e-07
40.08 7.21131e-07
40.09 4.95572e-07
40.1 2.07275e-07
40.11 2.75495e-08
40.12 6.27247e-08
40.13 2.92823e-07
40.14 5.84367e-07
40.15 7.69188e-07
40.16 7.42709e-07
40.17 5.24272e-07
40.18 2.44726e-07
40.19 -1.09995e-08
