0.01 -1.23935e-07
0.02 -4.79635e-07
0.03 -9.2258e-07
0.04 -1.19324e-06
0.05 -1.13629e-06
0.06 -7.89052e-07
0.07 -3.5798e-07
0.08 -9.68319e-08
0.09 -1.58395e-07
0.1 -5.06389e-07
0.11 -9.383e-07
0.12 -1.20479e-06
0.13 -1.1552e-06
0.14 -8.24173e-07
0.15 -4.09518e-07
0.16 -1.55317e-07
0.17 -2.08994e-07
0.18 -5.35621e-07
0.19 -9.38892e-07
0.2 -1.17622e-06
0.21 -1.10062e-06
0.22 -7.46012e-07
0.23 -3.05579e-07
0.24 -1.65564e-08
0.25 -2.11944e-08
0.26 -2.86904e-07
0.27 -6.30571e-07
0.28 -8.28696e-07
0.29 -7.47228e-07
0.3 -4.18097e-07
0.31 -2.11109e-08
0.32 2.19672e-07
0.33 1.68618e-07
0.34 -1.38292e-07
0.35 -5.14506e-07
0.36 -7.36316e-07
0.37 -6.71913e-07
0.38 -3.42194e-07
0.39 1.12072e-07
0.4 5.14398e-07
0.41 7.29532e-07
0.42 7.08077e-07
0.43 5.01964e-07
0.44 2.46796e-07
0.45 9.86693e-08
0.46 1.438e-07
0.47 3.41874e-07
0.48 5.55039e-07
0.49 6.47102e-07
0.5 5.7789e-07
0.51 4.2412e-07
0.52 3.1797e-07
0.53 3.51297e-07
0.54 5.08759e-07
0.55 6.70436e-07
0.56 6.85277e-07
0.57 4.76717e-07
0.58 1.15853e-07
0.59 -1.94068e-07
0.6 -2.28975e-07
0.61 1.06001e-07
0.62 6.809e-07
0.63 1.17451e-06
0.64 1.24311e-06
0.65 7.74455e-07
0.66 -4.95709e-08
0.67 -8.62254e-07
0.68 -1.26266e-06
0.69 -1.04536e-06
0.7 -3.42795e-07
0.71 4.56244e-07
0.72 9.3414e-07
0.73 8.69175e-07
0.74 3.3945e-07
0.75 -3.29181e-07
0.76 -7.34857e-07
0.77 -6.12738e-07
0.78 1.16947e-08
0.79 8.19753e-07
0.8 1.36914e-06
0.81 1.35085e-06
0.82 7.78069e-07
0.83 -1.59401e-08
0.84 -5.73783e-07
0.85 -5.83978e-07
0.86 -6.33794e-08
0.87 6.53508e-07
0.88 1.11256e-06
0.89 1.01387e-06
0.9 4.00615e-07
0.91 -3.57615e-07
0.92 -7.85893e-07
0.93 -5.94754e-07
0.94 1.43656e-07
0.95 1.04182e-06
0.96 1.62667e-06
0.97 1.60658e-06
0.98 1.02726e-06
0.99 2.46761e-07
1 -2.5005e-07
1.01 -1.13633e-07
1.02 6.53863e-07
1.03 1.65569e-06
1.04 2.29597e-06
1.05 2.13888e-06
1.06 1.21618e-06
1.07 5.23926e-08
1.08 -6.51626e-07
1.09 -4.79765e-07
1.1 4.23045e-07
1.11 1.4637e-06
1.12 2.01102e-06
1.13 1.79361e-06
1.14 1.0185e-06
1.15 1.82058e-07
1.16 -2.47529e-07
1.17 -7.04844e-08
1.18 5.78348e-07
1.19 1.3255e-06
1.2 1.75923e-06
1.21 1.65293e-06
1.22 1.09995e-06
1.23 4.61657e-07
1.24 1.37186e-07
1.25 3.00835e-07
1.26 7.93121e-07
1.27 1.24388e-06
1.28 1.33779e-06
1.29 1.03368e-06
1.3 5.84822e-07
1.31 3.48625e-07
1.32 5.25373e-07
1.33 1.01599e-06
1.34 1.49583e-06
1.35 1.63802e-06
1.36 1.32173e-06
1.37 6.97143e-07
1.38 9.43856e-08
1.39 -1.52035e-07
1.4 1.22178e-07
1.41 8.08774e-07
1.42 1.55816e-06
1.43 1.96059e-06
1.44 1.79228e-06
1.45 1.16456e-06
1.46 4.62644e-07
1.47 1.07269e-07
1.48 2.90367e-07
1.49 8.48154e-07
1.5 1.35898e-06
1.51 1.42669e-06
1.52 9.76188e-07
1.53 3.40488e-07
1.54 4.19013e-08
1.55 4.04261e-07
1.56 1.2836e-06
1.57 2.12984e-06
1.58 2.34755e-06
1.59 1.70623e-06
1.6 5.18257e-07
1.61 -5.37362e-07
1.62 -8.35019e-07
1.63 -1.97841e-07
1.64 9.88629e-07
1.65 2.02002e-06
1.66 2.31188e-06
1.67 1.74747e-06
1.68 7.26775e-07
1.69 -8.76797e-08
1.7 -1.63497e-07
1.71 5.88014e-07
1.72 1.74542e-06
1.73 2.60596e-06
1.74 2.59521e-06
1.75 1.6189e-06
1.76 1.35826e-07
1.77 -1.0966e-06
1.78 -1.44804e-06
1.79 -7.63523e-07
1.8 5.49015e-07
1.81 1.72442e-06
1.82 2.03206e-06
1.83 1.1659e-06
1.84 -5.62885e-07
1.85 -2.35024e-06
1.86 -3.30575e-06
1.87 -2.94155e-06
1.88 -1.47102e-06
1.89 2.75003e-07
1.9 1.29895e-06
1.91 1.01097e-06
1.92 -4.2362e-07
1.93 -2.19731e-06
1.94 -3.36873e-06
1.95 -3.43069e-06
1.96 -2.574e-06
1.97 -1.5118e-06
1.98 -1.01954e-06
1.99 -1.48646e-06
2 -2.71685e-06
2.01 -4.05773e-06
2.02 -4.77296e-06
2.03 -4.47464e-06
2.04 -3.37524e-06
2.05 -2.18206e-06
2.06 -1.6508e-06
2.07 -2.06082e-06
2.08 -2.98204e-06
2.09 -3.53385e-06
2.1 -2.98083e-06
2.11 -1.25167e-06
2.12 9.77351e-07
2.13 2.67999e-06
2.14 3.09301e-06
2.15 2.17031e-06
2.16 6.16402e-07
2.17 -5.23683e-07
2.18 -4.88057e-07
2.19 7.40839e-07
2.2 2.43894e-06
2.21 3.61565e-06
2.22 3.64389e-06
2.23 2.62709e-06
2.24 1.29328e-06
2.25 5.31731e-07
2.26 8.70063e-07
2.27 2.16496e-06
2.28 3.65762e-06
2.29 4.3972e-06
2.3 3.84732e-06
2.31 2.31788e-06
2.32 8.78708e-07
2.33 7.12488e-07
2.34 2.29058e-06
2.35 4.96243e-06
2.36 7.30983e-06
2.37 8.06599e-06
2.38 6.95741e-06
2.39 4.86141e-06
2.4 3.17453e-06
2.41 2.86691e-06
2.42 3.90225e-06
2.43 5.39388e-06
2.44 6.31467e-06
2.45 6.20896e-06
2.46 5.41876e-06
2.47 4.73812e-06
2.48 4.81822e-06
2.49 5.76358e-06
2.5 7.14525e-06
2.51 8.32626e-06
2.52 8.81794e-06
2.53 8.45302e-06
2.54 7.35036e-06
2.55 5.77782e-06
2.56 4.0265e-06
2.57 2.34788e-06
2.58 9.49135e-07
2.59 1.08667e-08
2.6 -3.18987e-07
2.61 2.28663e-08
2.62 9.46959e-07
2.63 2.18145e-06
2.64 3.30343e-06
2.65 3.82648e-06
2.66 3.36602e-06
2.67 1.89786e-06
2.68 -1.40581e-08
2.69 -1.29906e-06
2.7 -9.41084e-07
2.71 1.24061e-06
2.72 4.22941e-06
2.73 6.3376e-06
2.74 6.37315e-06
2.75 4.57232e-06
2.76 2.53331e-06
2.77 2.16087e-06
2.78 4.37234e-06
2.79 8.44379e-06
2.8 1.24035e-05
2.81 1.42168e-05
2.82 1.30395e-05
2.83 9.7658e-06
2.84 6.50025e-06
2.85 5.26434e-06
2.86 6.78199e-06
2.87 1.01366e-05
2.88 1.34503e-05
2.89 1.50267e-05
2.9 1.42057e-05
2.91 1.1548e-05
2.92 8.44894e-06
2.93 6.47218e-06
2.94 6.6474e-06
2.95 8.9392e-06
2.96 1.21435e-05
2.97 1.44054e-05
2.98 1.42324e-05
2.99 1.14698e-05
3 7.56564e-06
3.01 4.81373e-06
3.02 4.93227e-06
3.03 7.87514e-06
3.04 1.17276e-05
3.05 1.38571e-05
3.06 1.25936e-05
3.07 8.28958e-06
3.08 3.03421e-06
3.09 -7.33863e-07
3.1 -1.71909e-06
3.11 -4.01909e-07
3.12 1.45967e-06
3.13 1.98247e-06
3.14 2.06579e-07
3.15 -3.48624e-06
3.16 -7.68122e-06
3.17 -1.07238e-05
3.18 -1.15876e-05
3.19 -1.03975e-05
3.2 -8.34271e-06
3.21 -7.01204e-06
3.22 -7.50314e-06
3.23 -9.81072e-06
3.24 -1.28493e-05
3.25 -1.50923e-05
3.26 -1.54402e-05
3.27 -1.38179e-05
3.28 -1.11935e-05
3.29 -9.04483e-06
3.3 -8.56006e-06
3.31 -9.97823e-06
3.32 -1.2435e-05
3.33 -1.44567e-05
3.34 -1.48572e-05
3.35 -1.34671e-05
3.36 -1.11799e-05
3.37 -9.28051e-06
3.38 -8.5596e-06
3.39 -8.84824e-06
3.4 -9.24264e-06
3.41 -8.7674e-06
3.42 -6.99231e-06
3.43 -4.25826e-06
3.44 -1.4582e-06
3.45 4.63839e-07
3.46 1.0287e-06
3.47 4.72683e-07
3.48 -4.31337e-07
3.49 -8.8729e-07
3.5 -5.77665e-07
3.51 1.98481e-07
3.52 8.14908e-07
3.53 7.71171e-07
3.54 -1.88017e-08
3.55 -1.22496e-06
3.56 -2.29394e-06
3.57 -2.70593e-06
3.58 -2.22752e-06
3.59 -1.09543e-06
3.6 -8.01685e-09
3.61 1.68224e-07
3.62 -1.11368e-06
3.63 -3.68608e-06
3.64 -6.65995e-06
3.65 -8.8892e-06
3.66 -9.68793e-06
3.67 -9.36292e-06
3.68 -9.13456e-06
3.69 -1.03554e-05
3.7 -1.34748e-05
3.71 -1.75231e-05
3.72 -2.06183e-05
3.73 -2.12365e-05
3.74 -1.93566e-05
3.75 -1.66206e-05
3.76 -1.53449e-05
3.77 -1.70274e-05
3.78 -2.13462e-05
3.79 -2.63151e-05
3.8 -2.95191e-05
3.81 -2.96541e-05
3.82 -2.73844e-05
3.83 -2.4943e-05
3.84 -2.47097e-05
3.85 -2.76898e-05
3.86 -3.28782e-05
3.87 -3.78971e-05
3.88 -4.04628e-05
3.89 -3.97448e-05
3.9 -3.68134e-05
3.91 -3.39662e-05
3.92 -3.33789e-05
3.93 -3.58687e-05
3.94 -4.04503e-05
3.95 -4.49143e-05
3.96 -4.70927e-05
3.97 -4.61028e-05
3.98 -4.28656e-05
3.99 -3.95889e-05
4 -3.84815e-05
4.01 -4.04284e-05
4.02 -4.44182e-05
4.03 -4.80968e-05
4.04 -4.91378e-05
4.05 -4.66111e-05
4.06 -4.15264e-05
4.07 -3.62215e-05
4.08 -3.29416e-05
4.09 -3.24486e-05
4.1 -3.35339e-05
4.11 -3.37909e-05
4.12 -3.11877e-05
4.13 -2.54234e-05
4.14 -1.82152e-05
4.15 -1.23876e-05
4.16 -1.03165e-05
4.17 -1.25052e-05
4.18 -1.6938e-05
4.19 -1.96501e-05
4.2 -1.65924e-05
4.21 -6.14504e-06
4.22 9.19911e-06
4.23 2.348e-05
4.24 3.04155e-05
4.25 2.72978e-05
4.26 1.70312e-05
4.27 6.76003e-06
4.28 3.79371e-06
4.29 1.13236e-05
4.3 2.65389e-05
4.31 4.22419e-05
4.32 5.0979e-05
4.33 4.92821e-05
4.34 3.96025e-05
4.35 2.88548e-05
4.36 2.44061e-05
4.37 2.98194e-05
4.38 4.28173e-05
4.39 5.6648e-05
4.4 6.40317e-05
4.41 6.13589e-05
4.42 5.07194e-05
4.43 3.86464e-05
4.44 3.23438e-05
4.45 3.55672e-05
4.46 4.65148e-05
4.47 5.89409e-05
4.48 6.58322e-05
4.49 6.34814e-05
4.5 5.35815e-05
4.51 4.21645e-05
4.52 3.60312e-05
4.53 3.87215e-05
4.54 4.83436e-05
4.55 5.85965e-05
4.56 6.25143e-05
4.57 5.67614e-05
4.58 4.38066e-05
4.59 3.05094e-05
4.6 2.39349e-05
4.61 2.70247e-05
4.62 3.68236e-05
4.63 4.62949e-05
4.64 4.85343e-05
4.65 4.08307e-05
4.66 2.62073e-05
4.67 1.16019e-05
4.68 3.80127e-06
4.69 5.53737e-06
4.7 1.4027e-05
4.71 2.27685e-05
4.72 2.54724e-05
4.73 1.97581e-05
4.74 8.42445e-06
4.75 -2.409e-06
4.76 -7.0915e-06
4.77 -3.81945e-06
4.78 4.41445e-06
4.79 1.17646e-05
4.8 1.30693e-05
4.81 6.81651e-06
4.82 -4.14716e-06
4.83 -1.44298e-05
4.84 -1.92611e-05
4.85 -1.71718e-05
4.86 -1.07195e-05
4.87 -4.93287e-06
4.88 -4.40918e-06
4.89 -1.07128e-05
4.9 -2.15196e-05
4.91 -3.1957e-05
4.92 -3.73674e-05
4.93 -3.59376e-05
4.94 -2.97071e-05
4.95 -2.33702e-05
4.96 -2.15413e-05
4.97 -2.60535e-05
4.98 -3.48707e-05
4.99 -4.32747e-05
5 -4.66592e-05
5.01 -4.32842e-05
5.02 -3.53268e-05
5.03 -2.75742e-05
5.04 -2.45571e-05
5.05 -2.78777e-05
5.06 -3.5327e-05
5.07 -4.22599e-05
5.08 -4.43682e-05
5.09 -4.02068e-05
5.1 -3.19886e-05
5.11 -2.41861e-05
5.12 -2.08336e-05
5.13 -2.32443e-05
5.14 -2.94872e-05
5.15 -3.5685e-05
5.16 -3.80505e-05
5.17 -3.44703e-05
5.18 -2.51847e-05
5.19 -1.27089e-05
5.2 -1.06665e-06
5.21 5.76999e-06
5.22 5.8708e-06
5.23 6.31557e-07
5.24 -5.76683e-06
5.25 -8.68267e-06
5.26 -5.72454e-06
5.27 1.89297e-06
5.28 1.01758e-05
5.29 1.47836e-05
5.3 1.35747e-05
5.31 7.80176e-06
5.32 1.32488e-06
5.33 -1.64786e-06
5.34 1.04217e-06
5.35 8.35502e-06
5.36 1.67573e-05
5.37 2.2291e-05
5.38 2.27875e-05
5.39 1.90066e-05
5.4 1.40885e-05
5.41 1.16215e-05
5.42 1.34272e-05
5.43 1.84239e-05
5.44 2.33386e-05
5.45 2.48558e-05
5.46 2.1808e-05
5.47 1.59619e-05
5.48 1.09122e-05
5.49 9.84992e-06
5.5 1.36477e-05
5.51 2.04021e-05
5.52 2.66172e-05
5.53 2.92594e-05
5.54 2.7473e-05
5.55 2.30051e-05
5.56 1.91346e-05
5.57 1.87461e-05
5.58 2.2663e-05
5.59 2.91964e-05
5.6 3.51495e-05
5.61 3.76777e-05
5.62 3.59244e-05
5.63 3.14953e-05
5.64 2.74932e-05
5.65 2.66611e-05
5.66 2.97271e-05
5.67 3.49662e-05
5.68 3.9263e-05
5.69 3.99992e-05
5.7 3.65424e-05
5.71 3.04041e-05
5.72 2.40719e-05
5.73 1.94165e-05
5.74 1.67659e-05
5.75 1.51449e-05
5.76 1.32958e-05
5.77 1.06258e-05
5.78 7.44308e-06
5.79 4.48254e-06
5.8 2.23493e-06
5.81 6.14717e-07
5.82 -8.75594e-07
5.83 -2.72802e-06
5.84 -5.1053e-06
5.85 -7.7686e-06
5.86 -1.01946e-05
5.87 -1.17811e-05
5.88 -1.21259e-05
5.89 -1.13424e-05
5.9 -1.0205e-05
5.91 -9.84439e-06
5.92 -1.10068e-05
5.93 -1.33686e-05
5.94 -1.55605e-05
5.95 -1.60856e-05
5.96 -1.45419e-05
5.97 -1.21869e-05
5.98 -1.1308e-05
5.99 -1.37593e-05
6 -1.96474e-05
6.01 -2.70397e-05
6.02 -3.28993e-05
6.03 -3.47147e-05
6.04 -3.19212e-05
6.05 -2.63189e-05
6.06 -2.11954e-05
6.07 -1.95519e-05
6.08 -2.23881e-05
6.09 -2.80697e-05
6.1 -3.32314e-05
6.11 -3.47391e-05
6.12 -3.15591e-05
6.13 -2.54019e-05
6.14 -1.97423e-05
6.15 -1.77825e-05
6.16 -2.05501e-05
6.17 -2.62391e-05
6.18 -3.11815e-05
6.19 -3.19087e-05
6.2 -2.71533e-05
6.21 -1.86653e-05
6.22 -1.03459e-05
6.23 -6.10634e-06
6.24 -7.59695e-06
6.25 -1.31177e-05
6.26 -1.84584e-05
6.27 -1.93153e-05
6.28 -1.38955e-05
6.29 -4.0778e-06
6.3 5.67264e-06
6.31 1.10001e-05
6.32 1.02788e-05
6.33 5.52733e-06
6.34 1.09689e-06
6.35 9.98619e-07
6.36 6.51353e-06
6.37 1.54736e-05
6.38 2.35639e-05
6.39 2.68396e-05
6.4 2.40131e-05
6.41 1.72256e-05
6.42 1.08513e-05
6.43 8.97698e-06
6.44 1.29922e-05
6.45 2.07413e-05
6.46 2.77975e-05
6.47 3.01113e-05
6.48 2.64066e-05
6.49 1.8876e-05
6.5 1.18257e-05
6.51 9.15221e-06
6.52 1.2115e-05
6.53 1.85916e-05
6.54 2.41932e-05
6.55 2.47006e-05
6.56 1.85669e-05
6.57 8.05165e-06
6.58 -1.83009e-06
6.59 -6.09748e-06
6.6 -2.71713e-06
6.61 6.1619e-06
6.62 1.54255e-05
6.63 1.99022e-05
6.64 1.72225e-05
6.65 9.02375e-06
6.66 -9.93477e-08
6.67 -5.26429e-06
6.68 -4.08755e-06
6.69 1.98842e-06
6.7 8.61737e-06
6.71 1.12318e-05
6.72 7.93098e-06
6.73 7.99714e-07
6.74 -5.28658e-06
6.75 -5.7902e-06
6.76 3.46037e-07
6.77 9.66132e-06
6.78 1.61e-05
6.79 1.47871e-05
6.8 5.25625e-06
6.81 -7.97659e-06
6.82 -1.79381e-05
6.83 -1.93143e-05
6.84 -1.164e-05
6.85 4.04362e-07
6.86 9.76276e-06
6.87 1.11155e-05
6.88 3.84001e-06
6.89 -7.8564e-06
6.9 -1.75303e-05
6.91 -2.01861e-05
6.92 -1.4971e-05
6.93 -5.49913e-06
6.94 2.28646e-06
6.95 3.53094e-06
6.96 -2.73407e-06
6.97 -1.30386e-05
6.98 -2.15286e-05
6.99 -2.34209e-05
7 -1.78154e-05
7.01 -8.23175e-06
7.02 -5.72909e-07
7.03 3.41387e-07
7.04 -6.28862e-06
7.05 -1.65754e-05
7.06 -2.40709e-05
7.07 -2.35676e-05
7.08 -1.43331e-05
7.09 -7.47242e-07
7.1 1.0149e-05
7.11 1.27432e-05
7.12 6.10023e-06
7.13 -5.56078e-06
7.14 -1.53676e-05
7.15 -1.77319e-05
7.16 -1.14389e-05
7.17 -1.98192e-07
7.18 9.57769e-06
7.19 1.24788e-05
7.2 7.19543e-06
7.21 -2.76517e-06
7.22 -1.11835e-05
7.23 -1.28516e-05
7.24 -6.70949e-06
7.25 3.51071e-06
7.26 1.15531e-05
7.27 1.24486e-05
7.28 5.53008e-06
7.29 -5.19708e-06
7.3 -1.35233e-05
7.31 -1.47656e-05
7.32 -8.4462e-06
7.33 1.65248e-06
7.34 9.93002e-06
7.35 1.22871e-05
7.36 8.32197e-06
7.37 1.25196e-06
7.38 -4.19393e-06
7.39 -4.56806e-06
7.4 4.17513e-07
7.41 7.91671e-06
7.42 1.37619e-05
7.43 1.49438e-05
7.44 1.1299e-05
7.45 5.46709e-06
7.46 1.23202e-06
7.47 1.27599e-06
7.48 5.6255e-06
7.49 1.16118e-05
7.5 1.53523e-05
7.51 1.39775e-05
7.52 7.38641e-06
7.53 -1.5281e-06
7.54 -8.43343e-06
7.55 -1.00492e-05
7.56 -6.08391e-06
7.57 5.92476e-07
7.58 5.6591e-06
7.59 5.88709e-06
7.6 9.71489e-07
7.61 -6.41612e-06
7.62 -1.23225e-05
7.63 -1.38815e-05
7.64 -1.09185e-05
7.65 -5.86974e-06
7.66 -2.15675e-06
7.67 -2.07819e-06
7.68 -5.49031e-06
7.69 -9.98642e-06
7.7 -1.23793e-05
7.71 -1.05843e-05
7.72 -4.83896e-06
7.73 2.3938e-06
7.74 7.75334e-06
7.75 8.7967e-06
7.76 5.3229e-06
7.77 -4.91346e-07
7.78 -5.22428e-06
7.79 -6.03359e-06
7.8 -2.20572e-06
7.81 4.43758e-06
7.82 1.05418e-05
7.83 1.30969e-05
7.84 1.11357e-05
7.85 6.29341e-06
7.86 1.90411e-06
7.87 1.12088e-06
7.88 5.07964e-06
7.89 1.21361e-05
7.9 1.86673e-05
7.91 2.10787e-05
7.92 1.79214e-05
7.93 1.08589e-05
7.94 3.83371e-06
7.95 8.54862e-07
7.96 3.69247e-06
7.97 1.08504e-05
7.98 1.84324e-05
7.99 2.23899e-05
8 2.08302e-05
8.01 1.50465e-05
8.02 8.69799e-06
8.03 5.64765e-06
8.04 7.72342e-06
8.05 1.36967e-05
8.06 2.00508e-05
8.07 2.30573e-05
8.08 2.09092e-05
8.09 1.46796e-05
8.1 7.63908e-06
8.11 3.40779e-06
8.12 3.94009e-06
8.13 8.34728e-06
8.14 1.32224e-05
8.15 1.44881e-05
8.16 9.89104e-06
8.17 6.21333e-07
8.18 -9.15491e-06
8.19 -1.47343e-05
8.2 -1.37578e-05
8.21 -7.6515e-06
8.22 -7.38771e-07
8.23 2.33749e-06
8.24 -7.20501e-07
8.25 -8.62859e-06
8.26 -1.73486e-05
8.27 -2.2476e-05
8.28 -2.18054e-05
8.29 -1.65585e-05
8.3 -1.05497e-05
8.31 -7.83094e-06
8.32 -1.02622e-05
8.33 -1.64365e-05
8.34 -2.25468e-05
8.35 -2.46545e-05
8.36 -2.10126e-05
8.37 -1.3062e-05
8.38 -4.52391e-06
8.39 8.11475e-07
8.4 1.22069e-06
8.41 -2.15267e-06
8.42 -6.20059e-06
8.43 -7.8029e-06
8.44 -5.64534e-06
8.45 -8.96797e-07
8.46 3.57634e-06
8.47 4.97157e-06
8.48 2.25795e-06
8.49 -3.17829e-06
8.5 -8.33895e-06
8.51 -1.03821e-05
8.52 -8.28366e-06
8.53 -3.40567e-06
8.54 1.34249e-06
8.55 3.22885e-06
8.56 1.28811e-06
8.57 -3.14766e-06
8.58 -7.2724e-06
8.59 -8.48607e-06
8.6 -5.93241e-06
8.61 -9.84918e-07
8.62 3.59712e-06
8.63 5.32764e-06
8.64 3.47434e-06
8.65 -5.20274e-07
8.66 -3.92671e-06
8.67 -4.39237e-06
8.68 -1.372e-06
8.69 3.55054e-06
8.7 7.63859e-06
8.71 8.65823e-06
8.72 6.19328e-06
8.73 1.85142e-06
8.74 -1.71068e-06
8.75 -2.34395e-06
8.76 3.30685e-07
8.77 4.64067e-06
8.78 7.74499e-06
8.79 7.26316e-06
8.8 2.77015e-06
8.81 -3.75899e-06
8.82 -8.93662e-06
8.83 -9.88918e-06
8.84 -5.98521e-06
8.85 7.02602e-07
8.86 6.49967e-06
8.87 8.15745e-06
8.88 4.65969e-06
8.89 -2.18466e-06
8.9 -8.70078e-06
8.91 -1.13789e-05
8.92 -8.87285e-06
8.93 -2.79179e-06
8.94 3.24078e-06
8.95 5.73137e-06
8.96 3.35494e-06
8.97 -2.34631e-06
8.98 -7.96327e-06
8.99 -1.02431e-05
9 -7.9363e-06
9.01 -2.46735e-06
9.02 2.89985e-06
9.03 4.94348e-06
9.04 2.37652e-06
9.05 -3.35721e-06
9.06 -8.91179e-06
9.07 -1.10453e-05
9.08 -8.59362e-06
9.09 -3.1831e-06
9.1 1.77962e-06
9.11 3.23225e-06
9.12 3.75934e-07
9.13 -4.82513e-06
9.14 -8.89733e-06
9.15 -9.07641e-06
9.16 -5.06912e-06
9.17 7.64902e-07
9.18 4.89301e-06
9.19 4.77691e-06
9.2 3.89449e-07
9.21 -5.7752e-06
9.22 -1.01373e-05
9.23 -1.00677e-05
9.24 -5.39018e-06
9.25 1.48854e-06
9.26 6.91523e-06
9.27 8.06104e-06
9.28 4.53802e-06
9.29 -1.39569e-06
9.3 -6.17433e-06
9.31 -7.01741e-06
9.32 -3.54409e-06
9.33 2.02515e-06
9.34 6.17867e-06
9.35 6.16711e-06
9.36 1.61851e-06
9.37 -5.21096e-06
9.38 -1.07026e-05
9.39 -1.19437e-05
9.4 -8.41322e-06
9.41 -2.29522e-06
9.42 2.78581e-06
9.43 3.88585e-06
9.44 4.64593e-07
9.45 -5.32309e-06
9.46 -9.942e-06
9.47 -1.05978e-05
9.48 -6.88714e-06
9.49 -1.00385e-06
9.5 3.59602e-06
9.51 4.25784e-06
9.52 6.94613e-07
9.53 -4.86392e-06
9.54 -9.01652e-06
9.55 -9.22331e-06
9.56 -5.31732e-06
9.57 3.97934e-07
9.58 4.51499e-06
9.59 4.54051e-06
9.6 3.73212e-07
9.61 -5.63194e-06
9.62 -1.0054e-05
9.63 -1.04205e-05
9.64 -6.63001e-06
9.65 -9.31542e-07
9.66 3.47669e-06
9.67 4.32375e-06
9.68 1.48739e-06
9.69 -3.08168e-06
9.7 -6.58052e-06
9.71 -6.96568e-06
9.72 -4.06159e-06
9.73 4.1106e-07
9.74 3.87362e-06
9.75 4.40095e-06
9.76 1.8415e-06
9.77 -2.10921e-06
9.78 -4.93609e-06
9.79 -4.83189e-06
9.8 -1.80712e-06
9.81 2.30545e-06
9.82 4.97811e-06
9.83 4.56528e-06
9.84 1.34041e-06
9.85 -2.66998e-06
9.86 -4.94184e-06
9.87 -3.98769e-06
9.88 -2.20374e-07
9.89 4.32721e-06
9.9 7.18932e-06
9.91 6.84113e-06
9.92 3.50767e-06
9.93 -9.86281e-07
9.94 -4.20745e-06
9.95 -4.41369e-06
9.96 -1.48644e-06
9.97 2.99601e-06
9.98 6.60782e-06
9.99 7.41931e-06
10 5.09856e-06
10.01 1.11386e-06
10.02 -2.12739e-06
10.03 -2.71555e-06
10.04 -3.73091e-07
10.05 3.42134e-06
10.06 6.38068e-06
10.07 6.80922e-06
10.08 4.58287e-06
10.09 1.14969e-06
10.1 -1.38927e-06
10.11 -1.53344e-06
10.12 7.66172e-07
10.13 4.12882e-06
10.14 6.59618e-06
10.15 6.79835e-06
10.16 4.74618e-06
10.17 1.79222e-06
10.18 -2.02518e-07
10.19 8.1671e-09
10.2 2.31126e-06
10.21 5.30909e-06
10.22 7.16748e-06
10.23 6.72953e-06
10.24 4.2199e-06
10.25 1.10631e-06
10.26 -7.97141e-07
10.27 -4.3086e-07
10.28 1.87871e-06
10.29 4.6302e-06
10.3 6.05919e-06
10.31 5.19877e-06
10.32 2.46389e-06
10.33 -5.77713e-07
10.34 -2.1119e-06
10.35 -1.14115e-06
10.36 1.90055e-06
10.37 5.33533e-06
10.38 7.14742e-06
10.39 6.1252e-06
10.4 2.6012e-06
10.41 -1.66289e-06
10.42 -4.43272e-06
10.43 -4.27767e-06
10.44 -1.412e-06
10.45 2.42162e-06
10.46 4.96578e-06
10.47 4.74947e-06
10.48 1.91385e-06
10.49 -1.88877e-06
10.5 -4.43827e-06
10.51 -4.20116e-06
10.52 -1.20988e-06
10.53 2.92973e-06
10.54 5.93803e-06
10.55 6.17891e-06
10.56 3.62047e-06
10.57 -1.5355e-07
10.58 -2.8941e-06
10.59 -3.01113e-06
10.6 -4.74926e-07
10.61 3.2085e-06
10.62 5.89114e-06
10.63 6.01216e-06
10.64 3.47237e-06
10.65 -3.24554e-07
10.66 -3.27742e-06
10.67 -3.77749e-06
10.68 -1.6063e-06
10.69 1.95664e-06
10.7 4.8578e-06
10.71 5.4163e-06
10.72 3.28127e-06
10.73 -3.13209e-07
10.74 -3.17893e-06
10.75 -3.41943e-06
10.76 -6.15266e-07
10.77 3.80338e-06
10.78 7.31895e-06
10.79 7.81057e-06
10.8 4.833e-06
10.81 -1.15416e-07
10.82 -4.4729e-06
10.83 -6.06848e-06
10.84 -4.29793e-06
10.85 -4.05532e-07
10.86 3.23767e-06
10.87 4.4667e-06
10.88 2.5563e-06
10.89 -1.34674e-06
10.9 -4.88778e-06
10.91 -5.91202e-06
10.92 -3.76908e-06
10.93 3.01383e-07
10.94 3.94488e-06
10.95 5.13287e-06
10.96 3.36947e-06
10.97 -6.09665e-08
10.98 -2.92055e-06
10.99 -3.3852e-06
11 -1.11881e-06
11.01 2.56806e-06
11.02 5.52344e-06
11.03 6.00934e-06
11.04 3.67836e-06
11.05 -2.44766e-07
11.06 -3.63921e-06
11.07 -4.64882e-06
11.08 -2.7193e-06
11.09 1.05135e-06
11.1 4.48399e-06
11.11 5.54564e-06
11.12 3.54902e-06
11.13 -4.04301e-07
11.14 -4.04183e-06
11.15 -5.25206e-06
11.16 -3.33405e-06
11.17 5.86422e-07
11.18 4.22526e-06
11.19 5.49886e-06
11.2 3.76284e-06
11.21 1.76963e-07
11.22 -3.03542e-06
11.23 -3.97259e-06
11.24 -2.20311e-06
11.25 1.04351e-06
11.26 3.71932e-06
11.27 4.24228e-06
11.28 2.41002e-06
11.29 -5.57108e-07
11.3 -2.79024e-06
11.31 -2.87547e-06
11.32 -6.6705e-07
11.33 2.63171e-06
11.34 5.1682e-06
11.35 5.53184e-06
11.36 3.60121e-06
11.37 6.30454e-07
11.38 -1.49623e-06
11.39 -1.40866e-06
11.4 8.85586e-07
11.41 3.94392e-06
11.42 5.70786e-06
11.43 4.75259e-06
11.44 1.22684e-06
11.45 -3.12393e-06
11.46 -5.921e-06
11.47 -5.5458e-06
11.48 -2.11577e-06
11.49 2.55367e-06
11.5 5.97582e-06
11.51 6.39463e-06
11.52 3.74477e-06
11.53 -3.68885e-07
11.54 -3.63217e-06
11.55 -4.34649e-06
11.56 -2.3529e-06
11.57 9.51364e-07
11.58 3.47432e-06
11.59 3.64575e-06
11.6 1.29206e-06
11.61 -2.30748e-06
11.62 -5.18956e-06
11.63 -5.84449e-06
11.64 -4.05972e-06
11.65 -9.82378e-07
11.66 1.6127e-06
11.67 2.38078e-06
11.68 1.14436e-06
11.69 -1.09961e-06
11.7 -2.84213e-06
11.71 -2.95225e-06
11.72 -1.28119e-06
11.73 1.31257e-06
11.74 3.47624e-06
11.75 4.11259e-06
11.76 2.9739e-06
11.77 7.95142e-07
11.78 -1.11061e-06
11.79 -1.59392e-06
11.8 -3.4934e-07
11.81 1.86228e-06
11.82 3.61226e-06
11.83 3.62911e-06
11.84 1.58112e-06
11.85 -1.65915e-06
11.86 -4.45346e-06
11.87 -5.30442e-06
11.88 -3.7077e-06
11.89 -4.52736e-07
11.9 2.80456e-06
11.91 4.45255e-06
11.92 3.798e-06
11.93 1.40907e-06
11.94 -1.25801e-06
11.95 -2.7181e-06
11.96 -2.29372e-06
11.97 -4.453e-07
11.98 1.57553e-06
11.99 2.51494e-06
12 1.86491e-06
12.01 1.34907e-07
12.02 -1.48905e-06
12.03 -1.8724e-06
12.04 -6.07928e-07
12.05 1.74929e-06
12.06 4.00647e-06
12.07 5.01472e-06
12.08 4.31558e-06
12.09 2.3902e-06
12.1 3.67598e-07
12.11 -6.46298e-07
12.12 -2.22266e-07
12.13 1.16386e-06
12.14 2.47544e-06
12.15 2.8003e-06
12.16 1.91915e-06
12.17 3.94209e-07
12.18 -8.46231e-07
12.19 -1.12434e-06
12.2 -4.30782e-07
12.21 5.92702e-07
12.22 1.06341e-06
12.23 4.00474e-07
12.24 -1.31401e-06
12.25 -3.35795e-06
12.26 -4.76601e-06
12.27 -4.8806e-06
12.28 -3.73906e-06
12.29 -2.05786e-06
12.3 -8.07105e-07
12.31 -6.25331e-07
12.32 -1.43999e-06
12.33 -2.53815e-06
12.34 -3.04205e-06
12.35 -2.47879e-06
12.36 -1.07867e-06
12.37 3.76483e-07
12.38 1.04392e-06
12.39 5.41261e-07
12.4 -8.08422e-07
12.41 -2.14502e-06
12.42 -2.56245e-06
12.43 -1.65256e-06
12.44 2.15342e-07
12.45 2.06905e-06
12.46 2.88724e-06
12.47 2.20842e-06
12.48 4.1625e-07
12.49 -1.48433e-06
12.5 -2.46967e-06
12.51 -2.11642e-06
12.52 -8.62987e-07
12.53 2.5532e-07
12.54 2.58873e-07
12.55 -1.12387e-06
12.56 -3.22821e-06
12.57 -4.83174e-06
12.58 -4.91977e-06
12.59 -3.33748e-06
12.6 -8.98147e-07
12.61 1.10921e-06
12.62 1.68034e-06
12.63 6.57398e-07
12.64 -1.21369e-06
12.65 -2.72837e-06
12.66 -2.90765e-06
12.67 -1.5521e-06
12.68 6.30087e-07
12.69 2.40108e-06
12.7 2.68962e-06
12.71 1.22542e-06
12.72 -1.26261e-06
12.73 -3.43025e-06
12.74 -4.08734e-06
12.75 -2.90256e-06
12.76 -6.04716e-07
12.77 1.45912e-06
12.78 2.13946e-06
12.79 1.16249e-06
12.8 -7.45111e-07
12.81 -2.33854e-06
12.82 -2.62457e-06
12.83 -1.44721e-06
12.84 4.47153e-07
12.85 1.88315e-06
12.86 1.97262e-06
12.87 6.43254e-07
12.88 -1.32991e-06
12.89 -2.79547e-06
12.9 -2.90447e-06
12.91 -1.59069e-06
12.92 4.18991e-07
12.93 2.05162e-06
12.94 2.51949e-06
12.95 1.76461e-06
12.96 4.54914e-07
12.97 -4.64047e-07
12.98 -3.79619e-07
12.99 6.0876e-07
13 1.78377e-06
13.01 2.30046e-06
13.02 1.73818e-06
13.03 3.63199e-07
13.04 -1.03773e-06
13.05 -1.62361e-06
13.06 -9.82843e-07
13.07 6.26764e-07
13.08 2.39931e-06
13.09 3.4005e-06
13.1 3.07414e-06
13.11 1.56434e-06
13.12 -3.41818e-07
13.13 -1.64522e-06
13.14 -1.70421e-06
13.15 -6.03478e-07
13.16 9.07069e-07
13.17 1.86855e-06
13.18 1.68617e-06
13.19 4.75773e-07
13.2 -1.01463e-06
13.21 -1.85342e-06
13.22 -1.47847e-06
13.23 -3.62304e-08
13.24 1.68777e-06
13.25 2.71123e-06
13.26 2.42259e-06
13.27 9.47329e-07
13.28 -9.08421e-07
13.29 -2.11836e-06
13.3 -2.03775e-06
13.31 -7.87131e-07
13.32 8.18793e-07
13.33 1.75871e-06
13.34 1.41574e-06
13.35 -5.37627e-08
13.36 -1.81055e-06
13.37 -2.82734e-06
13.38 -2.49975e-06
13.39 -1.01324e-06
13.4 7.63207e-07
13.41 1.80667e-06
13.42 1.56858e-06
13.43 2.98545e-07
13.44 -1.13857e-06
13.45 -1.8108e-06
13.46 -1.26471e-06
13.47 2.52342e-07
13.48 1.97338e-06
13.49 3.04573e-06
13.5 2.97604e-06
13.51 1.87681e-06
13.52 3.97008e-07
13.53 -6.4389e-07
13.54 -7.32738e-07
13.55 3.13186e-08
13.56 1.00072e-06
13.57 1.38265e-06
13.58 7.40473e-07
13.59 -7.01009e-07
13.6 -2.13089e-06
13.61 -2.59308e-06
13.62 -1.57283e-06
13.63 6.11661e-07
13.64 2.8927e-06
13.65 4.02714e-06
13.66 3.34299e-06
13.67 1.1831e-06
13.68 -1.25915e-06
13.69 -2.62617e-06
13.7 -2.18782e-06
13.71 -2.67797e-07
13.72 1.93914e-06
13.73 3.05194e-06
13.74 2.30208e-06
13.75 -9.6186e-09
13.76 -2.67063e-06
13.77 -4.25401e-06
13.78 -3.95858e-06
13.79 -2.09054e-06
13.8 1.19029e-07
13.81 1.26529e-06
13.82 6.30268e-07
13.83 -1.3856e-06
13.84 -3.52569e-06
13.85 -4.45419e-06
13.86 -3.55916e-06
13.87 -1.30586e-06
13.88 1.0448e-06
13.89 2.17236e-06
13.9 1.46541e-06
13.91 -6.14464e-07
13.92 -2.79559e-06
13.93 -3.75043e-06
13.94 -2.89208e-06
13.95 -7.16063e-07
13.96 1.52057e-06
13.97 2.55912e-06
13.98 1.85828e-06
13.99 -1.31235e-07
14 -2.24379e-06
14.01 -3.24171e-06
14.02 -2.48443e-06
14.03 -2.8612e-07
14.04 2.23982e-06
14.05 3.79882e-06
14.06 3.66618e-06
14.07 2.11591e-06
14.08 2.41945e-07
14.09 -7.26835e-07
14.1 -1.81337e-07
14.11 1.51841e-06
14.12 3.30024e-06
14.13 4.0568e-06
14.14 3.31153e-06
14.15 1.47877e-06
14.16 -4.10106e-07
14.17 -1.32427e-06
14.18 -8.22158e-07
14.19 7.18807e-07
14.2 2.3425e-06
14.21 3.07202e-06
14.22 2.46593e-06
14.23 8.631e-07
14.24 -8.18963e-07
14.25 -1.61953e-06
14.26 -1.101e-06
14.27 3.81896e-07
14.28 1.87474e-06
14.29 2.37598e-06
14.3 1.43224e-06
14.31 -5.73112e-07
14.32 -2.61443e-06
14.33 -3.60121e-06
14.34 -3.01549e-06
14.35 -1.2379e-06
14.36 6.49356e-07
14.37 1.49212e-06
14.38 7.55403e-07
14.39 -1.15948e-06
14.4 -3.17585e-06
14.41 -4.20462e-06
14.42 -3.78063e-06
14.43 -2.29236e-06
14.44 -7.08334e-07
14.45 -1.25934e-09
14.46 -6.0647e-07
14.47 -2.19506e-06
14.48 -3.86638e-06
14.49 -4.65213e-06
14.5 -4.05805e-06
14.51 -2.33908e-06
14.52 -3.51539e-07
14.53 9.30196e-07
14.54 9.59281e-07
14.55 -7.45279e-08
14.56 -1.34356e-06
14.57 -1.84893e-06
14.58 -1.01006e-06
14.59 9.61684e-07
14.6 3.14512e-06
14.61 4.42134e-06
14.62 4.11859e-06
14.63 2.4032e-06
14.64 1.87567e-07
14.65 -1.38135e-06
14.66 -1.55446e-06
14.67 -3.83754e-07
14.68 1.31954e-06
14.69 2.44795e-06
14.7 2.22923e-06
14.71 6.74277e-07
14.72 -1.41633e-06
14.73 -2.89922e-06
14.74 -2.94083e-06
14.75 -1.50304e-06
14.76 6.25616e-07
14.77 2.28105e-06
14.78 2.5947e-06
14.79 1.48449e-06
14.8 -3.21914e-07
14.81 -1.72904e-06
14.82 -1.90709e-06
14.83 -7.51276e-07
14.84 1.08113e-06
14.85 2.56432e-06
14.86 2.90171e-06
14.87 1.98602e-06
14.88 4.5077e-07
14.89 -7.20787e-07
14.9 -7.91192e-07
14.91 2.97287e-07
14.92 1.90689e-06
14.93 3.09926e-06
14.94 3.19459e-06
14.95 2.16712e-06
14.96 6.48277e-07
14.97 -4.64808e-07
14.98 -5.56533e-07
14.99 3.47298e-07
15 1.62591e-06
15.01 2.463e-06
15.02 2.33035e-06
15.03 1.27233e-06
15.04 -1.37276e-07
15.05 -1.11008e-06
15.06 -1.06209e-06
15.07 6.03195e-08
15.08 1.71471e-06
15.09 3.0255e-06
15.1 3.27225e-06
15.11 2.33294e-06
15.12 7.87594e-07
15.13 -4.22702e-07
15.14 -5.85208e-07
15.15 3.33886e-07
15.16 1.6822e-06
15.17 2.55459e-06
15.18 2.36463e-06
15.19 1.1807e-06
15.2 -3.57395e-07
15.21 -1.44256e-06
15.22 -1.55621e-06
15.23 -7.23906e-07
15.24 5.3834e-07
15.25 1.53183e-06
15.26 1.76298e-06
15.27 1.20408e-06
15.28 2.87944e-07
15.29 -3.59003e-07
15.3 -2.93869e-07
15.31 4.75239e-07
15.32 1.49589e-06
15.33 2.15511e-06
15.34 2.06494e-06
15.35 1.30124e-06
15.36 3.44386e-07
15.37 -2.26519e-07
15.38 -7.61113e-08
15.39 7.18936e-07
15.4 1.74909e-06
15.41 2.51339e-06
15.42 2.66835e-06
15.43 2.1674e-06
15.44 1.25605e-06
15.45 3.47742e-07
15.46 -1.6855e-07
15.47 -1.17321e-07
15.48 3.69379e-07
15.49 9.23509e-07
15.5 1.15866e-06
15.51 9.0452e-07
15.52 3.00352e-07
15.53 -3.14868e-07
15.54 -6.29151e-07
15.55 -5.37292e-07
15.56 -1.62215e-07
15.57 2.68192e-07
15.58 5.82238e-07
15.59 7.52792e-07
15.6 8.6583e-07
15.61 1.00396e-06
15.62 1.13814e-06
15.63 1.12242e-06
15.64 8.15554e-07
15.65 2.4349e-07
15.66 -3.43909e-07
15.67 -6.0437e-07
15.68 -3.47809e-07
15.69 2.95359e-07
15.7 9.25375e-07
15.71 1.11461e-06
15.72 6.68068e-07
15.73 -2.64177e-07
15.74 -1.26998e-06
15.75 -1.88615e-06
15.76 -1.83017e-06
15.77 -1.15531e-06
15.78 -2.50336e-07
15.79 3.47113e-07
15.8 2.4988e-07
15.81 -5.41319e-07
15.82 -1.62735e-06
15.83 -2.44706e-06
15.84 -2.60861e-06
15.85 -2.09958e-06
15.86 -1.24896e-06
15.87 -4.87215e-07
15.88 -8.13008e-08
15.89 -1.84178e-08
15.9 -8.75321e-08
15.91 -6.81196e-08
15.92 1.14163e-07
15.93 3.53838e-07
15.94 4.56081e-07
15.95 2.86565e-07
15.96 -1.15224e-07
15.97 -5.40199e-07
15.98 -7.41219e-07
15.99 -6.06346e-07
16 -2.45329e-07
16.01 7.99961e-08
16.02 1.31623e-07
16.03 -1.493e-07
16.04 -6.09765e-07
16.05 -9.8608e-07
16.06 -1.07101e-06
16.07 -8.48962e-07
16.08 -5.15914e-07
16.09 -3.58526e-07
16.1 -5.58517e-07
16.11 -1.05678e-06
16.12 -1.58344e-06
16.13 -1.83821e-06
16.14 -1.68759e-06
16.15 -1.23511e-06
16.16 -7.24635e-07
16.17 -3.65259e-07
16.18 -2.13074e-07
16.19 -1.81717e-07
16.2 -1.43738e-07
16.21 -2.49454e-08
16.22 1.74317e-07
16.23 4.18543e-07
16.24 6.78873e-07
16.25 9.38473e-07
16.26 1.1713e-06
16.27 1.32835e-06
16.28 1.35023e-06
16.29 1.19586e-06
16.3 8.65653e-07
16.31 4.06227e-07
16.32 -1.0238e-07
16.33 -5.68641e-07
16.34 -9.10968e-07
16.35 -1.07149e-06
16.36 -1.02214e-06
16.37 -7.70148e-07
16.38 -3.68987e-07
16.39 7.17092e-08
16.4 3.95742e-07
16.41 4.46236e-07
16.42 1.43004e-07
16.43 -4.44591e-07
16.44 -1.08464e-06
16.45 -1.46932e-06
16.46 -1.38237e-06
16.47 -8.54977e-07
16.48 -1.90116e-07
16.49 1.96064e-07
16.5 3.20769e-08
16.51 -6.27763e-07
16.52 -1.43124e-06
16.53 -1.94621e-06
16.54 -1.91692e-06
16.55 -1.39409e-06
16.56 -6.73951e-07
16.57 -1.07796e-07
16.58 9.0949e-08
16.59 -6.28682e-08
16.6 -3.66009e-07
16.61 -5.54352e-07
16.62 -4.48133e-07
16.63 -5.19661e-08
16.64 4.36439e-07
16.65 7.26443e-07
16.66 6.06601e-07
16.67 9.19428e-08
16.68 -5.58059e-07
16.69 -9.79534e-07
16.7 -9.1923e-07
16.71 -3.86461e-07
16.72 3.4878e-07
16.73 9.00701e-07
16.74 9.70479e-07
16.75 5.06242e-07
16.76 -2.57179e-07
16.77 -9.0867e-07
16.78 -1.07888e-06
16.79 -6.5233e-07
16.8 1.54059e-07
16.81 9.0358e-07
16.82 1.18622e-06
16.83 8.58014e-07
16.84 1.32607e-07
16.85 -5.33109e-07
16.86 -6.9975e-07
16.87 -2.06019e-07
16.88 7.23842e-07
16.89 1.59512e-06
16.9 1.92013e-06
16.91 1.49939e-06
16.92 5.42166e-07
16.93 -4.45837e-07
16.94 -9.4544e-07
16.95 -7.164e-07
16.96 6.94473e-08
16.97 9.33811e-07
16.98 1.37584e-06
16.99 1.16338e-06
17 4.52782e-07
17.01 -3.32342e-07
17.02 -7.74223e-07
17.03 -7.02276e-07
17.04 -2.56573e-07
17.05 2.40105e-07
17.06 4.94328e-07
17.07 4.01178e-07
17.08 7.24342e-08
17.09 -2.55714e-07
17.1 -3.65067e-07
17.11 -1.69778e-07
17.12 2.43929e-07
17.13 6.58491e-07
17.14 8.24535e-07
17.15 5.83934e-07
17.16 -3.02144e-08
17.17 -7.71915e-07
17.18 -1.27804e-06
17.19 -1.26176e-06
17.2 -7.04493e-07
17.21 8.74589e-08
17.22 6.31777e-07
17.23 5.55428e-07
17.24 -1.65466e-07
17.25 -1.17956e-06
17.26 -1.97258e-06
17.27 -2.1762e-06
17.28 -1.77278e-06
17.29 -1.07912e-06
17.3 -5.42846e-07
17.31 -4.87233e-07
17.32 -9.44138e-07
17.33 -1.6468e-06
17.34 -2.17308e-06
17.35 -2.16755e-06
17.36 -1.53695e-06
17.37 -5.18998e-07
17.38 4.2143e-07
17.39 8.28607e-07
17.4 5.08959e-07
17.41 -3.38845e-07
17.42 -1.2073e-06
17.43 -1.55541e-06
17.44 -1.13014e-06
17.45 -1.3601e-07
17.46 8.69e-07
17.47 1.30337e-06
17.48 9.19871e-07
17.49 -3.35691e-08
17.5 -9.57287e-07
17.51 -1.26394e-06
17.52 -7.35577e-07
17.53 3.51177e-07
17.54 1.40323e-06
17.55 1.86748e-06
17.56 1.54137e-06
17.57 6.66212e-07
17.58 -2.24413e-07
17.59 -5.98698e-07
17.6 -2.06651e-07
17.61 7.87882e-07
17.62 1.88559e-06
17.63 2.50713e-06
17.64 2.30229e-06
17.65 1.34909e-06
17.66 1.24352e-07
17.67 -7.52549e-07
17.68 -8.67668e-07
17.69 -2.50498e-07
17.7 6.48151e-07
17.71 1.23433e-06
17.72 1.13453e-06
17.73 4.14381e-07
17.74 -4.79323e-07
17.75 -1.00206e-06
17.76 -8.3642e-07
17.77 -7.04839e-08
17.78 8.58348e-07
17.79 1.41249e-06
17.8 1.25775e-06
17.81 4.56598e-07
17.82 -5.5688e-07
17.83 -1.21166e-06
17.84 -1.11932e-06
17.85 -3.03068e-07
17.86 7.95714e-07
17.87 1.54904e-06
17.88 1.49585e-06
17.89 6.19996e-07
17.9 -6.21464e-07
17.91 -1.55699e-06
17.92 -1.70136e-06
17.93 -1.04945e-06
17.94 -7.45712e-08
17.95 5.6716e-07
17.96 4.38829e-07
17.97 -4.17923e-07
17.98 -1.52183e-06
17.99 -2.25726e-06
18 -2.24726e-06
18.01 -1.55919e-06
18.02 -6.29893e-07
18.03 1.49849e-08
18.04 5.71189e-08
18.05 -4.6794e-07
18.06 -1.22434e-06
18.07 -1.77185e-06
18.08 -1.797e-06
18.09 -1.27435e-06
18.1 -4.84084e-07
18.11 1.31783e-07
18.12 2.13283e-07
18.13 -3.01454e-07
18.14 -1.11918e-06
18.15 -1.74312e-06
18.16 -1.75752e-06
18.17 -1.08034e-06
18.18 -2.73745e-08
18.19 8.60373e-07
18.2 1.13014e-06
18.21 6.84848e-07
18.22 -1.5874e-07
18.23 -8.58336e-07
18.24 -9.67516e-07
18.25 -3.98676e-07
18.26 5.23557e-07
18.27 1.24254e-06
18.28 1.2781e-06
18.29 4.97236e-07
18.3 -7.93063e-07
18.31 -1.98438e-06
18.32 -2.47961e-06
18.33 -2.02442e-06
18.34 -8.66523e-07
18.35 3.70486e-07
18.36 1.04011e-06
18.37 8.41093e-07
18.38 -2.32519e-08
18.39 -9.8116e-07
18.4 -1.43121e-06
18.41 -1.08518e-06
18.42 -1.25723e-07
18.43 9.07143e-07
18.44 1.43779e-06
18.45 1.19783e-06
18.46 3.79958e-07
18.47 -4.95296e-07
18.48 -9.10681e-07
18.49 -6.61187e-07
18.5 5.38944e-08
18.51 7.91551e-07
18.52 1.14787e-06
18.53 9.77353e-07
18.54 4.34951e-07
18.55 -1.50139e-07
18.56 -4.74741e-07
18.57 -4.25038e-07
18.58 -1.24881e-07
18.59 1.51887e-07
18.6 1.57681e-07
18.61 -1.67567e-07
18.62 -6.56403e-07
18.63 -1.028e-06
18.64 -1.08014e-06
18.65 -8.23562e-07
18.66 -4.67406e-07
18.67 -2.73061e-07
18.68 -3.80196e-07
18.69 -7.17834e-07
18.7 -1.05466e-06
18.71 -1.15446e-06
18.72 -9.31954e-07
18.73 -5.01595e-07
18.74 -9.06978e-08
18.75 1.09484e-07
18.76 4.53907e-08
18.77 -1.97596e-07
18.78 -4.64422e-07
18.79 -6.09261e-07
18.8 -5.50437e-07
18.81 -2.97611e-07
18.82 5.38979e-08
18.83 3.70526e-07
18.84 5.51907e-07
18.85 5.79104e-07
18.86 5.07631e-07
18.87 4.21513e-07
18.88 3.88156e-07
18.89 4.34534e-07
18.9 5.42212e-07
18.91 6.60027e-07
18.92 7.38123e-07
18.93 7.70264e-07
18.94 8.08843e-07
18.95 9.25845e-07
18.96 1.13864e-06
18.97 1.36151e-06
18.98 1.43662e-06
18.99 1.23975e-06
19 7.90526e-07
19.01 2.79929e-07
19.02 -2.2374e-08
19.03 6.83908e-08
19.04 5.26275e-07
19.05 1.11651e-06
19.06 1.52779e-06
19.07 1.54973e-06
19.08 1.18838e-06
19.09 6.59852e-07
19.1 2.72119e-07
19.11 2.56743e-07
19.12 6.36873e-07
19.13 1.20718e-06
19.14 1.64749e-06
19.15 1.70999e-06
19.16 1.36414e-06
19.17 8.05704e-07
19.18 3.27661e-07
19.19 1.41357e-07
19.2 2.58804e-07
19.21 4.98489e-07
19.22 6.02836e-07
19.23 3.98069e-07
19.24 -9.48769e-08
19.25 -6.65745e-07
19.26 -1.03584e-06
19.27 -1.0189e-06
19.28 -6.21803e-07
19.29 -3.08713e-08
19.3 4.9384e-07
19.31 7.4693e-07
19.32 6.6507e-07
19.33 3.43505e-07
19.34 -1.76463e-08
19.35 -2.13887e-07
19.36 -1.39335e-07
19.37 1.59992e-07
19.38 5.12201e-07
19.39 7.10746e-07
19.4 6.23639e-07
19.41 2.6854e-07
19.42 -1.83022e-07
19.43 -4.83153e-07
19.44 -4.40766e-07
19.45 -4.42963e-08
19.46 5.05593e-07
19.47 8.91962e-07
19.48 8.62742e-07
19.49 3.8839e-07
19.5 -3.05856e-07
19.51 -8.57084e-07
19.52 -9.63283e-07
19.53 -5.51457e-07
19.54 1.73864e-07
19.55 8.26718e-07
19.56 1.03657e-06
19.57 6.5278e-07
19.58 -1.51313e-07
19.59 -9.47182e-07
19.6 -1.27802e-06
19.61 -9.27183e-07
19.62 -6.44135e-08
19.63 8.37172e-07
19.64 1.27971e-06
19.65 1.04771e-06
19.66 3.46103e-07
19.67 -3.2616e-07
19.68 -4.91998e-07
19.69 8.70192e-12
19.7 8.79882e-07
19.71 1.62734e-06
19.72 1.79228e-06
19.73 1.25644e-06
19.74 2.82235e-07
19.75 -6.58706e-07
19.76 -1.15685e-06
19.77 -1.07865e-06
19.78 -6.16804e-07
19.79 -1.64124e-07
19.8 -8.79325e-08
19.81 -5.28858e-07
19.82 -1.32939e-06
19.83 -2.12315e-06
19.84 -2.53043e-06
19.85 -2.35631e-06
19.86 -1.69257e-06
19.87 -8.70619e-07
19.88 -2.80668e-07
19.89 -1.46625e-07
19.9 -3.90847e-07
19.91 -6.87349e-07
19.92 -6.81311e-07
19.93 -2.28935e-07
19.94 5.06499e-07
19.95 1.15982e-06
19.96 1.38831e-06
19.97 1.0695e-06
19.98 3.65422e-07
19.99 -3.65724e-07
20 -7.55292e-07
20.01 -6.13055e-07
20.02 -2.33653e-08
20.03 7.04458e-07
20.04 1.20437e-06
20.05 1.24388e-06
20.06 8.34008e-07
20.07 2.1172e-07
20.08 -2.85816e-07
20.09 -3.93676e-07
20.1 -5.88638e-08
20.11 5.25983e-07
20.12 1.02353e-06
20.13 1.13956e-06
20.14 7.89668e-07
20.15 1.45277e-07
20.16 -4.64058e-07
20.17 -7.28317e-07
20.18 -5.14525e-07
20.19 7.20261e-08
20.2 7.453e-07
20.21 1.18297e-06
20.22 1.18568e-06
20.23 7.69283e-07
20.24 1.42891e-07
20.25 -4.09877e-07
20.26 -6.76299e-07
20.27 -6.09427e-07
20.28 -3.30912e-07
20.29 -5.09481e-08
20.3 4.78366e-08
20.31 -9.58352e-08
20.32 -3.94502e-07
20.33 -6.62503e-07
20.34 -7.17718e-07
20.35 -4.80384e-07
20.36 -1.49282e-08
20.37 5.06868e-07
20.38 8.95962e-07
20.39 1.03513e-06
20.4 9.21811e-07
20.41 6.53731e-07
20.42 3.75745e-07
20.43 2.16056e-07
20.44 2.35722e-07
20.45 4.06718e-07
20.46 6.23436e-07
20.47 7.43309e-07
20.48 6.47183e-07
20.49 3.04741e-07
20.5 -1.82145e-07
20.51 -5.95902e-07
20.52 -7.00795e-07
20.53 -3.88476e-07
20.54 2.18858e-07
20.55 7.97567e-07
20.56 9.93054e-07
20.57 6.35265e-07
20.58 -1.39954e-07
20.59 -9.47847e-07
20.6 -1.36476e-06
20.61 -1.1741e-06
20.62 -5.04961e-07
20.63 2.29438e-07
20.64 5.75667e-07
20.65 3.29387e-07
20.66 -3.19107e-07
20.67 -8.97311e-07
20.68 -9.6185e-07
20.69 -4.00836e-07
20.7 4.82232e-07
20.71 1.1602e-06
20.72 1.2181e-06
20.73 6.13098e-07
20.74 -2.99665e-07
20.75 -9.79417e-07
20.76 -1.01301e-06
20.77 -3.46396e-07
20.78 6.86277e-07
20.79 1.53947e-06
20.8 1.74093e-06
20.81 1.14246e-06
20.82 1.29443e-08
20.83 -1.08247e-06
20.84 -1.57142e-06
20.85 -1.18778e-06
20.86 -1.29669e-07
20.87 1.04434e-06
20.88 1.73049e-06
20.89 1.61794e-06
20.9 8.45751e-07
20.91 -1.0647e-07
20.92 -7.13244e-07
20.93 -6.99683e-07
20.94 -1.71734e-07
20.95 4.77169e-07
20.96 8.09186e-07
20.97 5.86981e-07
20.98 -1.09684e-07
20.99 -9.42274e-07
21 -1.50167e-06
21.01 -1.52435e-06
21.02 -1.0263e-06
21.03 -2.84831e-07
21.04 3.22354e-07
21.05 5.27637e-07
21.06 3.07638e-07
21.07 -1.33334e-07
21.08 -5.03174e-07
21.09 -5.86577e-07
21.1 -3.44697e-07
21.11 8.04099e-08
21.12 4.4075e-07
21.13 5.05552e-07
21.14 1.87777e-07
21.15 -3.90599e-07
21.16 -9.48449e-07
21.17 -1.19893e-06
21.18 -1.01555e-06
21.19 -5.01445e-07
21.2 8.0031e-08
21.21 4.58949e-07
21.22 4.97327e-07
21.23 2.39986e-07
21.24 -1.34448e-07
21.25 -4.23179e-07
21.26 -5.05246e-07
21.27 -3.87977e-07
21.28 -1.77759e-07
21.29 -5.03156e-09
21.3 4.82401e-08
21.31 -1.527e-08
21.32 -1.19047e-07
21.33 -1.64762e-07
21.34 -1.03149e-07
21.35 1.82095e-08
21.36 7.27613e-08
21.37 -5.78543e-08
21.38 -3.82212e-07
21.39 -7.61555e-07
21.4 -9.73521e-07
21.41 -8.41255e-07
21.42 -3.48044e-07
21.43 3.31619e-07
21.44 9.07246e-07
21.45 1.12091e-06
21.46 8.91159e-07
21.47 3.65246e-07
21.48 -1.60876e-07
21.49 -4.14161e-07
21.5 -3.05812e-07
21.51 1.69633e-08
21.52 2.64226e-07
21.53 1.89706e-07
21.54 -2.4301e-07
21.55 -8.23621e-07
21.56 -1.21984e-06
21.57 -1.18901e-06
21.58 -7.38364e-07
21.59 -1.25709e-07
21.6 3.00471e-07
21.61 3.16049e-07
21.62 -4.52049e-08
21.63 -5.15987e-07
21.64 -7.54308e-07
21.65 -5.42066e-07
21.66 8.21759e-08
21.67 8.24563e-07
21.68 1.27918e-06
21.69 1.15112e-06
21.7 4.39569e-07
21.71 -5.3929e-07
21.72 -1.32341e-06
21.73 -1.57216e-06
21.74 -1.25686e-06
21.75 -6.53631e-07
21.76 -1.56959e-07
21.77 -4.56627e-08
21.78 -3.39169e-07
21.79 -8.06159e-07
21.8 -1.10435e-06
21.81 -9.77958e-07
21.82 -4.13862e-07
21.83 3.34453e-07
21.84 8.82179e-07
21.85 9.36397e-07
21.86 4.72412e-07
21.87 -2.46046e-07
21.88 -8.14731e-07
21.89 -9.17047e-07
21.9 -5.02839e-07
21.91 1.80398e-07
21.92 7.21833e-07
21.93 7.76994e-07
21.94 2.68032e-07
21.95 -5.61206e-07
21.96 -1.27494e-06
21.97 -1.49241e-06
21.98 -1.10938e-06
21.99 -3.59991e-07
22 3.20986e-07
22.01 5.53641e-07
22.02 2.31559e-07
22.03 -4.25705e-07
22.04 -1.01124e-06
22.05 -1.1705e-06
22.06 -7.99029e-07
22.07 -8.96927e-08
22.08 5.86511e-07
22.09 8.91724e-07
22.1 7.06866e-07
22.11 1.91816e-07
22.12 -3.13538e-07
22.13 -4.94084e-07
22.14 -2.50761e-07
22.15 2.40833e-07
22.16 6.44219e-07
22.17 6.76269e-07
22.18 2.8484e-07
22.19 -3.20585e-07
22.2 -7.99627e-07
22.21 -8.87983e-07
22.22 -5.52672e-07
22.23 -3.00223e-09
22.24 4.45148e-07
22.25 5.64162e-07
22.26 3.46948e-07
22.27 -1.64258e-09
22.28 -2.01001e-07
22.29 -6.77382e-08
22.3 3.79657e-07
22.31 9.386e-07
22.32 1.34148e-06
22.33 1.40291e-06
22.34 1.11617e-06
22.35 6.53661e-07
22.36 2.75193e-07
22.37 1.91586e-07
22.38 4.5149e-07
22.39 9.11565e-07
22.4 1.31166e-06
22.41 1.41982e-06
22.42 1.16639e-06
22.43 6.86245e-07
22.44 2.42174e-07
22.45 7.56926e-08
22.46 2.73332e-07
22.47 7.22308e-07
22.48 1.17643e-06
22.49 1.39464e-06
22.5 1.27723e-06
22.51 9.23625e-07
22.52 5.74962e-07
22.53 4.6884e-07
22.54 6.88205e-07
22.55 1.09645e-06
22.56 1.40468e-06
22.57 1.33949e-06
22.58 8.16017e-07
22.59 1.00855e-08
22.6 -7.23496e-07
22.61 -1.04707e-06
22.62 -8.35166e-07
22.63 -2.47369e-07
22.64 3.65816e-07
22.65 6.62745e-07
22.66 4.94045e-07
22.67 -3.05435e-08
22.68 -6.15807e-07
22.69 -9.44751e-07
22.7 -8.4629e-07
22.71 -3.86053e-07
22.72 1.65927e-07
22.73 4.8069e-07
22.74 3.56768e-07
22.75 -1.57757e-07
22.76 -7.84397e-07
22.77 -1.16955e-06
22.78 -1.08727e-06
22.79 -5.70349e-07
22.8 1.08575e-07
22.81 5.97757e-07
22.82 6.76281e-07
22.83 3.85005e-07
22.84 -8.65399e-09
22.85 -1.94673e-07
22.86 -3.02734e-08
22.87 3.71413e-07
22.88 7.33535e-07
22.89 8.13825e-07
22.9 5.6236e-07
22.91 1.36236e-07
22.92 -2.18818e-07
22.93 -3.23769e-07
22.94 -1.58742e-07
22.95 1.4672e-07
22.96 3.9876e-07
22.97 4.42816e-07
22.98 2.36754e-07
22.99 -1.31538e-07
23 -4.85037e-07
23.01 -6.42151e-07
23.02 -5.12181e-07
23.03 -1.54176e-07
23.04 2.42406e-07
23.05 4.57203e-07
23.06 3.64633e-07
23.07 5.99483e-09
23.08 -4.37975e-07
23.09 -7.52129e-07
23.1 -8.02354e-07
23.11 -5.99512e-07
23.12 -2.86614e-07
23.13 -6.11351e-08
23.14 -7.03269e-08
23.15 -3.31155e-07
23.16 -7.19883e-07
23.17 -1.04135e-06
23.18 -1.13898e-06
23.19 -9.79192e-07
23.2 -6.61751e-07
23.21 -3.55442e-07
23.22 -2.0032e-07
23.23 -2.32024e-07
23.24 -3.69576e-07
23.25 -4.72859e-07
23.26 -4.33623e-07
23.27 -2.42141e-07
23.28 9.74769e-09
23.29 1.84977e-07
23.3 1.80301e-07
23.31 -1.37379e-08
23.32 -3.01833e-07
23.33 -5.31861e-07
23.34 -5.82073e-07
23.35 -4.38116e-07
23.36 -2.06972e-07
23.37 -5.19296e-08
23.38 -8.83469e-08
23.39 -3.10194e-07
23.4 -5.96992e-07
23.41 -7.95279e-07
23.42 -8.18301e-07
23.43 -6.95599e-07
23.44 -5.3915e-07
23.45 -4.54376e-07
23.46 -4.67547e-07
23.47 -5.24036e-07
23.48 -5.44988e-07
23.49 -4.81096e-07
23.5 -3.23032e-07
23.51 -8.55385e-08
23.52 1.9803e-07
23.53 4.67825e-07
23.54 6.45137e-07
23.55 6.70388e-07
23.56 5.47327e-07
23.57 3.53331e-07
23.58 1.99162e-07
23.59 1.60736e-07
23.6 2.28326e-07
23.61 3.10191e-07
23.62 2.93501e-07
23.63 1.25527e-07
23.64 -1.41242e-07
23.65 -3.76466e-07
23.66 -4.57518e-07
23.67 -3.54927e-07
23.68 -1.58252e-07
23.69 -2.5558e-08
23.7 -9.03388e-08
23.71 -3.82018e-07
23.72 -8.02085e-07
23.73 -1.1656e-06
23.74 -1.28809e-06
23.75 -1.07938e-06
23.76 -5.99707e-07
23.77 -4.51099e-08
23.78 3.40291e-07
23.79 3.86705e-07
23.8 9.15955e-08
23.81 -3.72266e-07
23.82 -7.45515e-07
23.83 -8.24022e-07
23.84 -5.74997e-07
23.85 -1.57649e-07
23.86 1.68456e-07
23.87 1.96273e-07
23.88 -1.05957e-07
23.89 -5.77002e-07
23.9 -9.59818e-07
23.91 -1.05236e-06
23.92 -8.20001e-07
23.93 -4.04249e-07
23.94 -2.70658e-08
23.95 1.47225e-07
23.96 1.04664e-07
23.97 -2.98709e-08
23.98 -9.77975e-08
23.99 -2.89593e-08
24 1.08584e-07
24.01 1.66129e-07
24.02 3.31141e-08
24.03 -2.72286e-07
24.04 -6.03779e-07
24.05 -7.74032e-07
24.06 -6.69613e-07
24.07 -3.24766e-07
24.08 8.92166e-08
24.09 3.57883e-07
24.1 3.51972e-07
24.11 1.12889e-07
24.12 -1.65101e-07
24.13 -2.53179e-07
24.14 -3.44387e-08
24.15 4.16029e-07
24.16 8.68294e-07
24.17 1.06758e-06
24.18 8.79448e-07
24.19 3.68937e-07
24.2 -2.28873e-07
24.21 -6.31671e-07
24.22 -6.59949e-07
24.23 -3.31509e-07
24.24 1.51542e-07
24.25 5.14994e-07
24.26 5.62777e-07
24.27 2.84887e-07
24.28 -1.37353e-07
24.29 -4.36402e-07
24.3 -4.17042e-07
24.31 -7.40414e-08
24.32 4.03263e-07
24.33 7.41108e-07
24.34 7.38892e-07
24.35 3.83652e-07
24.36 -1.40791e-07
24.37 -5.54587e-07
24.38 -6.38297e-07
24.39 -3.56746e-07
24.4 1.24626e-07
24.41 5.42012e-07
24.42 6.87132e-07
24.43 5.13927e-07
24.44 1.40975e-07
24.45 -2.3217e-07
24.46 -4.32994e-07
24.47 -3.94913e-07
24.48 -1.81553e-07
24.49 4.94921e-08
24.5 1.322e-07
24.51 -1.0481e-08
24.52 -3.14057e-07
24.53 -6.04789e-07
24.54 -7.03616e-07
24.55 -5.37382e-07
24.56 -1.86515e-07
24.57 1.6008e-07
24.58 3.15486e-07
24.59 2.06795e-07
24.6 -7.62144e-08
24.61 -3.28034e-07
24.62 -3.48866e-07
24.63 -7.14541e-08
24.64 3.8673e-07
24.65 7.85585e-07
24.66 9.06842e-07
24.67 6.92038e-07
24.68 2.84198e-07
24.69 -5.61314e-08
24.7 -1.07523e-07
24.71 1.81852e-07
24.72 6.66475e-07
24.73 1.08596e-06
24.74 1.20282e-06
24.75 9.21364e-07
24.76 3.34724e-07
24.77 -3.17347e-07
24.78 -7.62685e-07
24.79 -8.34401e-07
24.8 -5.62541e-07
24.81 -1.61249e-07
24.82 9.20016e-08
24.83 1.7266e-08
24.84 -3.67112e-07
24.85 -8.65826e-07
24.86 -1.2299e-06
24.87 -1.29889e-06
24.88 -1.07766e-06
24.89 -7.14267e-07
24.9 -4.04475e-07
24.91 -2.83672e-07
24.92 -3.65462e-07
24.93 -5.53572e-07
24.94 -7.07993e-07
24.95 -7.19198e-07
24.96 -5.53437e-07
24.97 -2.58776e-07
24.98 6.33132e-08
24.99 3.11515e-07
25 4.40899e-07
25.01 4.84075e-07
25.02 5.13809e-07
25.03 5.71812e-07
25.04 6.25606e-07
25.05 5.95408e-07
25.06 4.2824e-07
25.07 1.52139e-07
25.08 -1.34938e-07
25.09 -3.25665e-07
25.1 -3.62132e-07
25.11 -2.58694e-07
25.12 -9.06815e-08
25.13 3.63507e-08
25.14 3.1073e-08
25.15 -1.31843e-07
25.16 -3.79515e-07
25.17 -5.64557e-07
25.18 -5.49344e-07
25.19 -3.01861e-07
25.2 6.7176e-08
25.21 3.58331e-07
25.22 3.95737e-07
25.23 1.27502e-07
25.24 -3.41739e-07
25.25 -7.9905e-07
25.26 -1.02666e-06
25.27 -9.13235e-07
25.28 -5.1815e-07
25.29 -4.84646e-08
25.3 2.48854e-07
25.31 2.23743e-07
25.32 -9.12707e-08
25.33 -5.00654e-07
25.34 -7.62848e-07
25.35 -7.36048e-07
25.36 -4.62524e-07
25.37 -1.37102e-07
25.38 1.91718e-08
25.39 -1.03234e-07
25.4 -4.39183e-07
25.41 -7.91789e-07
25.42 -9.47759e-07
25.43 -7.97685e-07
25.44 -3.99255e-07
25.45 4.79938e-08
25.46 3.06114e-07
25.47 2.30415e-07
25.48 -1.41032e-07
25.49 -5.95208e-07
25.5 -8.54494e-07
25.51 -7.35007e-07
25.52 -2.6391e-07
25.53 3.19115e-07
25.54 6.8994e-07
25.55 6.32159e-07
25.56 1.78074e-07
25.57 -3.96097e-07
25.58 -7.26741e-07
25.59 -5.77994e-07
25.6 1.5556e-08
25.61 7.62578e-07
25.62 1.27459e-06
25.63 1.28015e-06
25.64 7.76052e-07
25.65 3.30527e-08
25.66 -5.49043e-07
25.67 -6.60437e-07
25.68 -2.54226e-07
25.69 4.26489e-07
25.7 9.87112e-07
25.71 1.10871e-06
25.72 7.31336e-07
25.73 8.55169e-08
25.74 -4.44378e-07
25.75 -5.42271e-07
25.76 -1.40931e-07
25.77 5.37122e-07
25.78 1.10002e-06
25.79 1.20569e-06
25.8 7.6058e-07
25.81 -1.90463e-08
25.82 -7.28087e-07
25.83 -1.00888e-06
25.84 -7.57604e-07
25.85 -1.72279e-07
25.86 3.81251e-07
25.87 5.91964e-07
25.88 3.7597e-07
25.89 -9.4977e-08
25.9 -5.10084e-07
25.91 -6.04393e-07
25.92 -3.06404e-07
25.93 2.29539e-07
25.94 7.17776e-07
25.95 9.05025e-07
25.96 7.10686e-07
25.97 2.67529e-07
25.98 -1.57374e-07
25.99 -3.15246e-07
26 -1.14238e-07
26.01 3.33024e-07
26.02 7.73998e-07
26.03 9.52376e-07
26.04 7.45825e-07
26.05 2.39577e-07
26.06 -3.06799e-07
26.07 -5.97628e-07
26.08 -4.77432e-07
26.09 -3.47031e-08
26.1 4.44968e-07
26.11 6.53325e-07
26.12 4.47589e-07
26.13 -6.81518e-08
26.14 -6.12226e-07
26.15 -8.93678e-07
26.16 -7.76807e-07
26.17 -3.51684e-07
26.18 1.23272e-07
26.19 3.72362e-07
26.2 2.63168e-07
26.21 -1.14683e-07
26.22 -5.00718e-07
26.23 -6.19926e-07
26.24 -3.55813e-07
26.25 1.65658e-07
26.26 6.42284e-07
26.27 7.80844e-07
26.28 4.84861e-07
26.29 -8.15055e-08
26.3 -5.95102e-07
26.31 -7.68466e-07
26.32 -5.13062e-07
26.33 1.70643e-08
26.34 5.13076e-07
26.35 6.79922e-07
26.36 4.01752e-07
26.37 -1.83174e-07
26.38 -7.48941e-07
26.39 -9.64672e-07
26.4 -6.90836e-07
26.41 -6.66311e-08
26.42 5.70731e-07
26.43 8.86732e-07
26.44 7.46309e-07
26.45 2.88172e-07
26.46 -1.64599e-07
26.47 -3.01457e-07
26.48 -1.10864e-08
26.49 5.52694e-07
26.5 1.06469e-06
26.51 1.22425e-06
26.52 9.33384e-07
26.53 3.50565e-07
26.54 -2.06123e-07
26.55 -4.4196e-07
26.56 -2.47325e-07
26.57 2.4727e-07
26.58 7.46641e-07
26.59 9.53739e-07
26.6 7.31882e-07
26.61 1.77859e-07
26.62 -4.33487e-07
26.63 -7.99847e-07
26.64 -7.5274e-07
26.65 -3.4375e-07
26.66 1.8737e-07
26.67 5.44909e-07
26.68 5.39812e-07
26.69 1.93696e-07
26.7 -2.76189e-07
26.71 -5.84414e-07
26.72 -5.42896e-07
26.73 -1.6705e-07
26.74 3.37054e-07
26.75 6.92668e-07
26.76 7.09224e-07
26.77 3.89978e-07
26.78 -6.7692e-08
26.79 -3.81878e-07
26.8 -3.48781e-07
26.81 3.19508e-08
26.82 5.45151e-07
26.83 8.77433e-07
26.84 8.03946e-07
26.85 3.34066e-07
26.86 -2.82684e-07
26.87 -7.06169e-07
26.88 -7.17576e-07
26.89 -3.5099e-07
26.9 1.39635e-07
26.91 4.43328e-07
26.92 3.71325e-07
26.93 -4.83219e-08
26.94 -5.94696e-07
26.95 -9.71024e-07
26.96 -9.59431e-07
26.97 -5.45036e-07
26.98 5.85433e-08
26.99 5.15494e-07
27 5.63771e-07
27.01 1.85438e-07
27.02 -3.68364e-07
27.03 -7.29773e-07
27.04 -6.50564e-07
27.05 -1.62292e-07
27.06 4.50539e-07
27.07 8.42112e-07
27.08 8.24876e-07
27.09 4.70915e-07
27.1 4.36228e-08
27.11 -1.77063e-07
27.12 -6.11677e-08
27.13 3.03101e-07
27.14 6.68249e-07
27.15 7.78131e-07
27.16 5.24904e-07
27.17 1.72131e-08
27.18 -4.83814e-07
27.19 -7.18519e-07
27.2 -5.75678e-07
27.21 -1.49547e-07
27.22 3.15425e-07
27.23 5.55193e-07
27.24 4.24374e-07
27.25 -2.54353e-08
27.26 -5.68756e-07
27.27 -9.24666e-07
27.28 -9.111e-07
27.29 -5.47293e-07
27.3 -4.02196e-08
27.31 3.39851e-07
27.32 4.18417e-07
27.33 2.12109e-07
27.34 -9.45825e-08
27.35 -2.70144e-07
27.36 -1.77849e-07
27.37 1.42782e-07
27.38 4.97754e-07
27.39 6.51412e-07
27.4 4.70527e-07
27.41 1.78183e-08
27.42 -4.67394e-07
27.43 -7.01153e-07
27.44 -5.24996e-07
27.45 -8.53565e-09
27.46 5.80513e-07
27.47 9.21511e-07
27.48 8.19426e-07
27.49 3.20505e-07
27.5 -3.00513e-07
27.51 -6.85675e-07
27.52 -6.00546e-07
27.53 -8.19343e-08
27.54 5.71902e-07
27.55 9.72178e-07
27.56 8.69109e-07
27.57 2.9847e-07
27.58 -4.40595e-07
27.59 -9.55839e-07
27.6 -9.76884e-07
27.61 -4.97685e-07
27.62 2.22739e-07
27.63 7.97367e-07
27.64 9.16979e-07
27.65 5.19545e-07
27.66 -1.7223e-07
27.67 -7.75692e-07
27.68 -9.6905e-07
27.69 -6.75285e-07
27.7 -9.55767e-08
27.71 4.23709e-07
27.72 6.01076e-07
27.73 3.76841e-07
27.74 -7.048e-08
27.75 -4.46698e-07
27.76 -5.23348e-07
27.77 -2.71092e-07
27.78 1.28859e-07
27.79 3.98448e-07
27.8 3.34101e-07
27.81 -6.53011e-08
27.82 -5.91397e-07
27.83 -9.47061e-07
27.84 -9.23046e-07
27.85 -5.22583e-07
27.86 4.1309e-08
27.87 4.70845e-07
27.88 5.52914e-07
27.89 2.74703e-07
27.9 -1.75283e-07
27.91 -5.16512e-07
27.92 -5.3544e-07
27.93 -2.08724e-07
27.94 2.79509e-07
27.95 6.42195e-07
27.96 6.59641e-07
27.97 3.13587e-07
27.98 -1.99257e-07
27.99 -5.83476e-07
28 -6.19565e-07
28.01 -2.9274e-07
28.02 1.97468e-07
28.03 5.51666e-07
28.04 5.4607e-07
28.05 1.69667e-07
28.06 -3.6162e-07
28.07 -7.30106e-07
28.08 -7.07573e-07
28.09 -2.91808e-07
28.1 2.95699e-07
28.11 7.4198e-07
28.12 8.1903e-07
28.13 5.04455e-07
28.14 -1.4227e-08
28.15 -4.50482e-07
28.16 -5.84286e-07
28.17 -3.87308e-07
28.18 -2.99588e-08
28.19 2.34867e-07
28.2 2.3285e-07
28.21 -3.19126e-08
28.22 -3.92885e-07
28.23 -6.2726e-07
28.24 -5.83121e-07
28.25 -2.63422e-07
28.26 1.7233e-07
28.27 4.94504e-07
28.28 5.37222e-07
28.29 3.01284e-07
28.3 -4.13984e-08
28.31 -2.48173e-07
28.32 -1.51587e-07
28.33 2.34645e-07
28.34 7.13492e-07
28.35 1.01393e-06
28.36 9.52689e-07
28.37 5.5052e-07
28.38 2.76274e-08
28.39 -3.21773e-07
28.4 -3.00129e-07
28.41 7.77296e-08
28.42 5.88461e-07
28.43 9.21749e-07
28.44 8.56308e-07
28.45 3.95526e-07
28.46 -2.19287e-07
28.47 -6.38428e-07
28.48 -6.09331e-07
28.49 -1.33964e-07
28.5 5.24606e-07
28.51 9.95283e-07
28.52 1.0182e-06
28.53 5.95931e-07
28.54 -1.33677e-08
28.55 -4.54197e-07
28.56 -4.87144e-07
28.57 -1.30223e-07
28.58 3.56298e-07
28.59 6.33197e-07
28.6 4.94659e-07
28.61 -3.2211e-09
28.62 -5.80791e-07
28.63 -9.14317e-07
28.64 -8.35746e-07
28.65 -4.23081e-07
28.66 6.44284e-08
28.67 3.47456e-07
28.68 2.80489e-07
28.69 -7.83759e-08
28.7 -5.05155e-07
28.71 -7.32807e-07
28.72 -6.00316e-07
28.73 -1.4873e-07
28.74 3.95657e-07
28.75 7.473e-07
28.76 7.24363e-07
28.77 3.53347e-07
28.78 -1.4281e-07
28.79 -4.64249e-07
28.8 -3.98011e-07
28.81 5.689e-08
28.82 6.7131e-07
28.83 1.09777e-06
28.84 1.06692e-06
28.85 5.59832e-07
28.86 -1.6129e-07
28.87 -7.0254e-07
28.88 -7.79619e-07
28.89 -3.88924e-07
28.9 2.04026e-07
28.91 6.38172e-07
28.92 6.68645e-07
28.93 2.90892e-07
28.94 -2.75087e-07
28.95 -7.13822e-07
28.96 -7.85357e-07
28.97 -4.53889e-07
28.98 9.49859e-08
28.99 5.64847e-07
29 7.24974e-07
29.01 5.41431e-07
29.02 1.80585e-07
29.03 -1.07257e-07
29.04 -1.40288e-07
29.05 9.87267e-08
29.06 4.66557e-07
29.07 7.47437e-07
29.08 7.71495e-07
29.09 5.04618e-07
29.1 6.82869e-08
29.11 -3.2133e-07
29.12 -4.69159e-07
29.13 -3.13094e-07
29.14 3.57484e-08
29.15 3.56657e-07
29.16 4.50832e-07
29.17 2.55669e-07
29.18 -1.28295e-07
29.19 -5.04065e-07
29.2 -6.89222e-07
29.21 -6.09617e-07
29.22 -3.33607e-07
29.23 -3.36248e-08
29.24 1.0724e-07
29.25 -2.41986e-09
29.26 -3.07568e-07
29.27 -6.34243e-07
29.28 -7.87514e-07
29.29 -6.64678e-07
29.3 -3.16815e-07
29.31 7.95537e-08
29.32 3.25675e-07
29.33 3.17135e-07
29.34 1.02408e-07
29.35 -1.5215e-07
29.36 -2.67129e-07
29.37 -1.58863e-07
29.38 1.12004e-07
29.39 3.78168e-07
29.4 4.67522e-07
29.41 3.11296e-07
29.42 -7.99984e-09
29.43 -3.0408e-07
29.44 -4.02873e-07
29.45 -2.50406e-07
29.46 5.77739e-08
29.47 3.39881e-07
29.48 4.40167e-07
29.49 3.23332e-07
29.5 9.72956e-08
29.51 -5.21303e-08
29.52 1.90441e-08
29.53 3.12644e-07
29.54 6.77333e-07
29.55 8.99294e-07
29.56 8.34474e-07
29.57 4.95175e-07
29.58 4.2406e-08
29.59 -3.01268e-07
29.6 -3.67439e-07
29.61 -1.33117e-07
29.62 2.56153e-07
29.63 5.55852e-07
29.64 5.63379e-07
29.65 2.51243e-07
29.66 -2.02148e-07
29.67 -5.19047e-07
29.68 -5.02117e-07
29.69 -1.64926e-07
29.7 2.76763e-07
29.71 5.44951e-07
29.72 4.75166e-07
29.73 1.15666e-07
29.74 -3.05923e-07
29.75 -5.20403e-07
29.76 -3.73519e-07
29.77 8.71271e-08
29.78 6.38141e-07
29.79 1.00047e-06
29.8 9.87444e-07
29.81 6.02411e-07
29.82 3.43807e-08
29.83 -4.45169e-07
29.84 -6.26916e-07
29.85 -4.70003e-07
29.86 -1.14208e-07
29.87 2.04975e-07
29.88 2.90892e-07
29.89 9.64694e-08
29.9 -2.53252e-07
29.91 -5.43079e-07
29.92 -6.02755e-07
29.93 -4.05875e-07
29.94 -7.21874e-08
29.95 2.15178e-07
29.96 3.14514e-07
29.97 1.92143e-07
29.98 -7.37318e-08
29.99 -3.43286e-07
30 -4.91264e-07
30.01 -4.70788e-07
30.02 -3.30218e-07
30.03 -1.74355e-07
30.04 -9.80844e-08
30.05 -1.3726e-07
30.06 -2.61869e-07
30.07 -4.02215e-07
30.08 -4.84111e-07
30.09 -4.58528e-07
30.1 -3.21641e-07
30.11 -1.1967e-07
30.12 6.92825e-08
30.13 1.74035e-07
30.14 1.70486e-07
30.15 9.66481e-08
30.16 2.86518e-08
30.17 3.07483e-08
30.18 1.13909e-07
30.19 2.33079e-07
30.2 3.2253e-07
30.21 3.39416e-07
30.22 2.84792e-07
30.23 1.94971e-07
30.24 1.17017e-07
30.25 8.49303e-08
30.26 1.05625e-07
30.27 1.57495e-07
30.28 2.00935e-07
30.29 1.96984e-07
30.3 1.27556e-07
30.31 8.77158e-09
30.32 -1.11569e-07
30.33 -1.76201e-07
30.34 -1.51177e-07
30.35 -4.84934e-08
30.36 7.8574e-08
30.37 1.65289e-07
30.38 1.69884e-07
30.39 9.12407e-08
30.4 -3.60891e-08
30.41 -1.60147e-07
30.42 -2.3149e-07
30.43 -2.20472e-07
30.44 -1.31211e-07
30.45 -6.51262e-09
30.46 8.61225e-08
30.47 8.87065e-08
30.48 -9.75152e-09
30.49 -1.59015e-07
30.5 -2.70917e-07
30.51 -2.68741e-07
30.52 -1.33678e-07
30.53 7.81775e-08
30.54 2.58104e-07
30.55 2.97431e-07
30.56 1.47585e-07
30.57 -1.42373e-07
30.58 -4.35916e-07
30.59 -5.72036e-07
30.6 -4.5559e-07
30.61 -1.25362e-07
30.62 2.48032e-07
30.63 4.47398e-07
30.64 3.37743e-07
30.65 -3.85626e-08
30.66 -4.68858e-07
30.67 -6.88939e-07
30.68 -5.46477e-07
30.69 -1.03413e-07
30.7 3.94672e-07
30.71 6.66658e-07
30.72 5.66571e-07
30.73 1.68183e-07
30.74 -2.85402e-07
30.75 -5.28444e-07
30.76 -4.22348e-07
30.77 -2.45979e-08
30.78 4.51187e-07
30.79 7.52252e-07
30.8 7.17366e-07
30.81 3.58935e-07
30.82 -1.42304e-07
30.83 -5.30971e-07
30.84 -6.15485e-07
30.85 -3.76589e-07
30.86 2.01199e-08
30.87 3.20637e-07
30.88 3.33138e-07
30.89 4.15535e-08
30.9 -3.86933e-07
30.91 -7.02988e-07
30.92 -7.21203e-07
30.93 -4.24289e-07
30.94 3.09928e-08
30.95 4.03145e-07
30.96 4.96807e-07
30.97 2.64332e-07
30.98 -1.72952e-07
30.99 -5.90724e-07
31 -7.76712e-07
31.01 -6.35104e-07
31.02 -2.31863e-07
31.03 2.37154e-07
31.04 5.41851e-07
31.05 5.3621e-07
31.06 2.38783e-07
31.07 -1.76508e-07
31.08 -4.8147e-07
31.09 -5.26075e-07
31.1 -3.18612e-07
31.11 -7.79701e-09
31.12 2.13409e-07
31.13 2.19963e-07
31.14 2.19155e-08
31.15 -2.43818e-07
31.16 -3.90506e-07
31.17 -2.89157e-07
31.18 5.05777e-08
31.19 4.75736e-07
31.2 7.70966e-07
31.21 7.81287e-07
31.22 5.03653e-07
31.23 9.09785e-08
31.24 -2.35564e-07
31.25 -3.1481e-07
31.26 -1.37415e-07
31.27 1.5544e-07
31.28 3.65714e-07
31.29 3.6434e-07
31.3 1.68118e-07
31.31 -7.97212e-08
31.32 -2.07882e-07
31.33 -1.27201e-07
31.34 1.16374e-07
31.35 3.73539e-07
31.36 4.83021e-07
31.37 3.66335e-07
31.38 7.25833e-08
31.39 -2.49791e-07
31.4 -4.36831e-07
31.41 -4.00328e-07
31.42 -1.74267e-07
31.43 1.09004e-07
31.44 2.96284e-07
31.45 2.98155e-07
31.46 1.34055e-07
31.47 -8.4151e-08
31.48 -2.19124e-07
31.49 -1.87504e-07
31.5 -4.52954e-09
31.51 2.33197e-07
31.52 4.11049e-07
31.53 4.59372e-07
31.54 3.79407e-07
31.55 2.2995e-07
31.56 9.34162e-08
31.57 3.72043e-08
31.58 8.1718e-08
31.59 1.90454e-07
31.6 2.9313e-07
31.61 3.30059e-07
31.62 2.85563e-07
31.63 1.86416e-07
31.64 7.29521e-08
31.65 -2.79746e-08
31.66 -1.08557e-07
31.67 -1.69327e-07
31.68 -2.0888e-07
31.69 -2.23394e-07
31.7 -2.13898e-07
31.71 -1.92857e-07
31.72 -1.80279e-07
31.73 -1.87249e-07
31.74 -2.00937e-07
31.75 -1.90989e-07
31.76 -1.37231e-07
31.77 -5.21736e-08
31.78 2.60581e-08
31.79 6.35741e-08
31.8 5.43823e-08
31.81 2.04946e-08
31.82 -2.98313e-09
31.83 1.74738e-08
31.84 1.0072e-07
31.85 2.34814e-07
31.86 3.67933e-07
31.87 4.2634e-07
31.88 3.59336e-07
31.89 1.79266e-07
31.9 -3.83817e-08
31.91 -1.97337e-07
31.92 -2.3456e-07
31.93 -1.50449e-07
31.94 -4.85865e-10
31.95 1.40755e-07
31.96 2.17527e-07
31.97 2.10945e-07
31.98 1.34668e-07
31.99 2.26572e-08
32 -7.9328e-08
32.01 -1.23392e-07
32.02 -8.04202e-08
32.03 3.47474e-08
32.04 1.59576e-07
32.05 2.1832e-07
32.06 1.76217e-07
32.07 6.93543e-08
32.08 -1.85476e-08
32.09 -2.53551e-08
32.1 4.40627e-08
32.11 1.29944e-07
32.12 1.61508e-07
32.13 1.09466e-07
32.14 8.89406e-09
32.15 -7.01757e-08
32.16 -7.6664e-08
32.17 -1.0409e-08
32.18 8.81654e-08
32.19 1.71964e-07
32.2 2.13184e-07
32.21 2.07949e-07
32.22 1.68336e-07
32.23 1.14804e-07
32.24 7.19021e-08
32.25 6.16881e-08
32.26 9.18157e-08
32.27 1.45726e-07
32.28 1.88097e-07
32.29 1.88559e-07
32.3 1.46448e-07
32.31 9.25039e-08
32.32 6.35488e-08
32.33 7.37703e-08
32.34 1.08939e-07
32.35 1.44517e-07
32.36 1.65493e-07
32.37 1.69821e-07
32.38 1.59375e-07
32.39 1.3465e-07
32.4 9.96875e-08
32.41 6.72065e-08
32.42 5.22092e-08
32.43 5.71528e-08
32.44 6.47993e-08
32.45 4.97809e-08
32.46 1.22576e-09
32.47 -6.38694e-08
32.48 -1.10134e-07
32.49 -1.10398e-07
32.5 -6.96478e-08
32.51 -2.87387e-08
32.52 -4.35222e-08
32.53 -1.49109e-07
32.54 -3.28351e-07
32.55 -5.06472e-07
32.56 -5.84954e-07
32.57 -5.03346e-07
32.58 -2.89918e-07
32.59 -5.85994e-08
32.6 5.57601e-08
32.61 -1.62032e-08
32.62 -2.29604e-07
32.63 -4.48164e-07
32.64 -5.25043e-07
32.65 -3.92041e-07
32.66 -1.02789e-07
32.67 1.97044e-07
32.68 3.5495e-07
32.69 2.99962e-07
32.7 8.09022e-08
32.71 -1.6595e-07
32.72 -2.97283e-07
32.73 -2.4297e-07
32.74 -4.13726e-08
32.75 1.87604e-07
32.76 3.13886e-07
32.77 2.71179e-07
32.78 9.14974e-08
32.79 -1.18202e-07
32.8 -2.42081e-07
32.81 -2.23957e-07
32.82 -9.6552e-08
32.83 4.55003e-08
32.84 1.0904e-07
32.85 5.88765e-08
32.86 -6.77307e-08
32.87 -1.91465e-07
32.88 -2.40166e-07
32.89 -1.8646e-07
32.9 -5.89347e-08
32.91 7.28375e-08
32.92 1.33412e-07
32.93 8.47446e-08
32.94 -4.55333e-08
32.95 -1.74553e-07
32.96 -2.13258e-07
32.97 -1.22962e-07
32.98 5.85995e-08
32.99 2.37313e-07
33 3.1587e-07
33.01 2.50951e-07
33.02 8.2397e-08
33.03 -8.68202e-08
33.04 -1.53387e-07
33.05 -8.06773e-08
33.06 7.70463e-08
33.07 2.11393e-07
33.08 2.30798e-07
33.09 1.16245e-07
33.1 -7.1497e-08
33.11 -2.30772e-07
33.12 -2.76711e-07
33.13 -1.86533e-07
33.14 -1.09782e-08
33.15 1.53536e-07
33.16 2.17667e-07
33.17 1.4796e-07
33.18 -1.52141e-08
33.19 -1.80201e-07
33.2 -2.55722e-07
33.21 -2.04689e-07
33.22 -6.8275e-08
33.23 5.84529e-08
33.24 8.71481e-08
33.25 -6.82939e-09
33.26 -1.69633e-07
33.27 -3.0445e-07
33.28 -3.31752e-07
33.29 -2.35832e-07
33.3 -7.0799e-08
33.31 7.47691e-08
33.32 1.30062e-07
33.33 7.81014e-08
33.34 -4.2904e-08
33.35 -1.66962e-07
33.36 -2.36489e-07
33.37 -2.29542e-07
33.38 -1.68216e-07
33.39 -1.04435e-07
33.4 -8.77667e-08
33.41 -1.32405e-07
33.42 -2.06589e-07
33.43 -2.55272e-07
33.44 -2.41284e-07
33.45 -1.73762e-07
33.46 -1.01621e-07
33.47 -7.67158e-08
33.48 -1.13714e-07
33.49 -1.76305e-07
33.5 -2.01743e-07
33.51 -1.47623e-07
33.52 -2.50264e-08
33.53 1.09082e-07
33.54 1.92391e-07
33.55 1.95144e-07
33.56 1.2854e-07
33.57 2.80996e-08
33.58 -6.72198e-08
33.59 -1.29012e-07
33.6 -1.4779e-07
33.61 -1.36035e-07
33.62 -1.21565e-07
33.63 -1.31275e-07
33.64 -1.74681e-07
33.65 -2.38858e-07
33.66 -2.98128e-07
33.67 -3.30407e-07
33.68 -3.27679e-07
33.69 -2.9529e-07
33.7 -2.46129e-07
33.71 -1.97074e-07
33.72 -1.65022e-07
33.73 -1.56458e-07
33.74 -1.57632e-07
33.75 -1.42483e-07
33.76 -9.91915e-08
33.77 -4.90435e-08
33.78 -3.20233e-08
33.79 -6.88254e-08
33.8 -1.37702e-07
33.81 -1.90118e-07
33.82 -1.87957e-07
33.83 -1.26507e-07
33.84 -3.02481e-08
33.85 6.25349e-08
33.86 1.11676e-07
33.87 8.76443e-08
33.88 -1.10106e-08
33.89 -1.47961e-07
33.9 -2.62496e-07
33.91 -3.01789e-07
33.92 -2.51284e-07
33.93 -1.4463e-07
33.94 -4.66827e-08
33.95 -1.64601e-08
33.96 -7.09388e-08
33.97 -1.75486e-07
33.98 -2.69083e-07
33.99 -3.03605e-07
34 -2.66589e-07
34.01 -1.76448e-07
34.02 -6.40635e-08
34.03 4.12131e-08
34.04 1.17426e-07
34.05 1.5432e-07
34.06 1.57707e-07
34.07 1.46936e-07
34.08 1.4156e-07
34.09 1.45598e-07
34.1 1.43765e-07
34.11 1.15863e-07
34.12 5.99113e-08
34.13 4.25328e-09
34.14 -6.38856e-09
34.15 5.4698e-08
34.16 1.68916e-07
34.17 2.78958e-07
34.18 3.27029e-07
34.19 2.93149e-07
34.2 2.04583e-07
34.21 1.16296e-07
34.22 8.20076e-08
34.23 1.29392e-07
34.24 2.41796e-07
34.25 3.54047e-07
34.26 3.78729e-07
34.27 2.62841e-07
34.28 3.76477e-08
34.29 -1.87453e-07
34.3 -2.94095e-07
34.31 -2.35159e-07
34.32 -6.2527e-08
34.33 1.13315e-07
34.34 1.93313e-07
34.35 1.40351e-07
34.36 -1.08586e-08
34.37 -1.76974e-07
34.38 -2.66821e-07
34.39 -2.25956e-07
34.4 -6.78075e-08
34.41 1.2791e-07
34.42 2.55569e-07
34.43 2.43994e-07
34.44 1.02175e-07
34.45 -7.8209e-08
34.46 -1.6899e-07
34.47 -7.88913e-08
34.48 1.86273e-07
34.49 5.15311e-07
34.5 7.46763e-07
34.51 7.59126e-07
34.52 5.42943e-07
34.53 2.10334e-07
34.54 -6.53929e-08
34.55 -1.46413e-07
34.56 -8.72781e-09
34.57 2.4297e-07
34.58 4.34549e-07
34.59 4.24017e-07
34.6 1.86776e-07
34.61 -1.66565e-07
34.62 -4.51027e-07
34.63 -5.11203e-07
34.64 -3.09139e-07
34.65 5.25579e-08
34.66 3.86278e-07
34.67 5.25073e-07
34.68 4.18873e-07
34.69 1.62553e-07
34.7 -6.30209e-08
34.71 -1.00263e-07
34.72 9.29226e-08
34.73 4.2014e-07
34.74 7.00409e-07
34.75 7.66512e-07
34.76 5.58151e-07
34.77 1.63586e-07
34.78 -2.17514e-07
34.79 -3.80569e-07
34.8 -2.37278e-07
34.81 1.24252e-07
34.82 4.85193e-07
34.83 6.24076e-07
34.84 4.49181e-07
34.85 5.50518e-08
34.86 -3.29724e-07
34.87 -4.72455e-07
34.88 -2.69472e-07
34.89 1.92734e-07
34.9 6.82007e-07
34.91 9.45778e-07
34.92 8.4967e-07
34.93 4.55152e-07
34.94 -9.16093e-09
34.95 -2.74123e-07
34.96 -1.88474e-07
34.97 1.8591e-07
34.98 6.07978e-07
34.99 8.06506e-07
35 6.50163e-07
35.01 2.2736e-07
35.02 -2.1348e-07
35.03 -4.19057e-07
35.04 -2.81248e-07
35.05 1.06015e-07
35.06 5.0992e-07
35.07 6.99207e-07
35.08 5.76719e-07
35.09 2.26502e-07
35.1 -1.4655e-07
35.11 -3.39201e-07
35.12 -2.58406e-07
35.13 3.81952e-08
35.14 3.77823e-07
35.15 5.60212e-07
35.16 4.62135e-07
35.17 1.14518e-07
35.18 -2.97705e-07
35.19 -5.34213e-07
35.2 -4.48124e-07
35.21 -8.37033e-08
35.22 3.50302e-07
35.23 6.11045e-07
35.24 5.62444e-07
35.25 2.41101e-07
35.26 -1.75731e-07
35.27 -4.68812e-07
35.28 -4.91463e-07
35.29 -2.48686e-07
35.3 1.02528e-07
35.31 3.4295e-07
35.32 3.24299e-07
35.33 6.02889e-08
35.34 -2.85037e-07
35.35 -5.00333e-07
35.36 -4.53428e-07
35.37 -1.67648e-07
35.38 1.92925e-07
35.39 4.21574e-07
35.4 3.94405e-07
35.41 1.45022e-07
35.42 -1.6019e-07
35.43 -3.28158e-07
35.44 -2.56109e-07
35.45 1.17434e-08
35.46 3.16086e-07
35.47 4.7903e-07
35.48 4.07968e-07
35.49 1.47565e-07
35.5 -1.49319e-07
35.51 -3.1323e-07
35.52 -2.56663e-07
35.53 -2.25609e-08
35.54 2.4113e-07
35.55 3.63972e-07
35.56 2.50177e-07
35.57 -5.98816e-08
35.58 -4.03987e-07
35.59 -5.90624e-07
35.6 -5.15938e-07
35.61 -2.2517e-07
35.62 1.21405e-07
35.63 3.46165e-07
35.64 3.48819e-07
35.65 1.5175e-07
35.66 -1.1579e-07
35.67 -2.86251e-07
35.68 -2.48537e-07
35.69 -1.8893e-08
35.7 2.63978e-07
35.71 4.27913e-07
35.72 3.84205e-07
35.73 1.88397e-07
35.74 -7.075e-11
35.75 -2.95076e-08
35.76 1.40189e-07
35.77 4.10565e-07
35.78 6.09055e-07
35.79 6.00736e-07
35.8 3.75435e-07
35.81 5.57173e-08
35.82 -1.77389e-07
35.83 -1.92464e-07
35.84 1.68632e-08
35.85 3.31281e-07
35.86 5.76041e-07
35.87 6.19163e-07
35.88 4.42009e-07
35.89 1.44357e-07
35.9 -1.1581e-07
35.91 -2.10754e-07
35.92 -1.09258e-07
35.93 1.12865e-07
35.94 3.18635e-07
35.95 3.84889e-07
35.96 2.68653e-07
35.97 3.24545e-08
35.98 -1.87151e-07
35.99 -2.56746e-07
36 -1.28278e-07
36.01 1.26137e-07
36.02 3.54932e-07
36.03 4.20866e-07
36.04 2.86701e-07
36.05 3.73388e-08
36.06 -1.72642e-07
36.07 -2.11111e-07
36.08 -4.73847e-08
36.09 2.2474e-07
36.1 4.37261e-07
36.11 4.51059e-07
36.12 2.50833e-07
36.13 -3.76834e-08
36.14 -2.2883e-07
36.15 -2.01159e-07
36.16 2.52253e-08
36.17 3.09129e-07
36.18 4.83405e-07
36.19 4.55504e-07
36.2 2.5352e-07
36.21 1.08953e-09
36.22 -1.55382e-07
36.23 -1.26245e-07
36.24 7.31327e-08
36.25 3.28243e-07
36.26 4.85231e-07
36.27 4.37872e-07
36.28 1.95471e-07
36.29 -1.12343e-07
36.3 -3.06127e-07
36.31 -2.65499e-07
36.32 -6.94199e-09
36.33 3.23177e-07
36.34 5.35991e-07
36.35 5.1e-07
36.36 2.58276e-07
36.37 -7.8808e-08
36.38 -3.08067e-07
36.39 -2.90169e-07
36.4 -2.45017e-08
36.41 3.41659e-07
36.42 5.95981e-07
36.43 5.89947e-07
36.44 3.30344e-07
36.45 -2.6557e-08
36.46 -2.71378e-07
36.47 -2.65351e-07
36.48 -1.88987e-08
36.49 3.15025e-07
36.5 5.27116e-07
36.51 4.72814e-07
36.52 1.62686e-07
36.53 -2.33653e-07
36.54 -4.79867e-07
36.55 -4.11717e-07
36.56 -4.0011e-08
36.57 4.462e-07
36.58 7.82119e-07
36.59 7.78648e-07
36.6 4.34657e-07
36.61 -5.78781e-08
36.62 -4.2111e-07
36.63 -4.49447e-07
36.64 -1.28127e-07
36.65 3.55034e-07
36.66 7.13851e-07
36.67 7.29351e-07
36.68 3.82865e-07
36.69 -1.26318e-07
36.7 -4.96254e-07
36.71 -5.03872e-07
36.72 -1.40745e-07
36.73 3.8119e-07
36.74 7.56202e-07
36.75 7.64896e-07
36.76 4.00047e-07
36.77 -1.32652e-07
36.78 -5.34293e-07
36.79 -5.81769e-07
36.8 -2.5263e-07
36.81 2.61399e-07
36.82 6.61703e-07
36.83 7.15659e-07
36.84 3.97135e-07
36.85 -9.3436e-08
36.86 -4.47938e-07
36.87 -4.37393e-07
36.88 -5.02691e-08
36.89 5.02022e-07
36.9 9.12014e-07
36.91 9.56499e-07
36.92 6.24872e-07
36.93 1.24038e-07
36.94 -2.41334e-07
36.95 -2.45423e-07
36.96 1.25987e-07
36.97 6.64878e-07
36.98 1.06155e-06
36.99 1.08731e-06
37 7.31111e-07
37.01 2.0756e-07
37.02 -1.70373e-07
37.03 -1.79587e-07
37.04 1.76015e-07
37.05 6.63896e-07
37.06 9.61935e-07
37.07 8.56801e-07
37.08 3.79351e-07
37.09 -2.09987e-07
37.1 -5.78617e-07
37.11 -5.23087e-07
37.12 -8.9417e-08
37.13 4.57626e-07
37.14 7.92098e-07
37.15 7.15045e-07
37.16 2.65344e-07
37.17 -3.06895e-07
37.18 -6.8684e-07
37.19 -6.76257e-07
37.2 -3.03413e-07
37.21 2.02966e-07
37.22 5.56206e-07
37.23 5.7922e-07
37.24 2.95789e-07
37.25 -9.99477e-08
37.26 -3.65018e-07
37.27 -3.44352e-07
37.28 -5.11792e-08
37.29 3.43844e-07
37.3 6.06501e-07
37.31 5.70977e-07
37.32 2.41735e-07
37.33 -1.98297e-07
37.34 -4.90709e-07
37.35 -4.60302e-07
37.36 -1.26099e-07
37.37 3.12866e-07
37.38 6.05373e-07
37.39 5.98675e-07
37.4 3.17316e-07
37.41 -6.37377e-08
37.42 -3.21862e-07
37.43 -3.07963e-07
37.44 -2.86607e-08
37.45 3.5326e-07
37.46 6.08184e-07
37.47 5.749e-07
37.48 2.60908e-07
37.49 -1.5863e-07
37.5 -4.45612e-07
37.51 -4.4151e-07
37.52 -1.59257e-07
37.53 2.2849e-07
37.54 4.93553e-07
37.55 4.85514e-07
37.56 2.16867e-07
37.57 -1.48295e-07
37.58 -3.94514e-07
37.59 -3.84153e-07
37.6 -1.37899e-07
37.61 1.81597e-07
37.62 3.71626e-07
37.63 3.12889e-07
37.64 3.83408e-08
37.65 -2.92558e-07
37.66 -4.93722e-07
37.67 -4.61741e-07
37.68 -2.2949e-07
37.69 6.22593e-08
37.7 2.52429e-07
37.71 2.53057e-07
37.72 9.54206e-08
37.73 -9.64693e-08
37.74 -1.88374e-07
37.75 -1.22674e-07
37.76 4.7218e-08
37.77 1.97895e-07
37.78 2.22269e-07
37.79 9.8881e-08
37.8 -1.01862e-07
37.81 -2.70296e-07
37.82 -3.24698e-07
37.83 -2.49976e-07
37.84 -9.60061e-08
37.85 5.03424e-08
37.86 1.03478e-07
37.87 1.87708e-08
37.88 -1.79169e-07
37.89 -4.00351e-07
37.9 -5.3482e-07
37.91 -5.17583e-07
37.92 -3.69231e-07
37.93 -1.82308e-07
37.94 -6.33265e-08
37.95 -7.06544e-08
37.96 -1.8602e-07
37.97 -3.31148e-07
37.98 -4.15177e-07
37.99 -3.85688e-07
38 -2.55979e-07
38.01 -9.35987e-08
38.02 2.16847e-08
38.03 4.27293e-08
38.04 -2.40482e-08
38.05 -1.28477e-07
38.06 -2.05415e-07
38.07 -2.06695e-07
38.08 -1.24839e-07
38.09 4.94474e-10
38.1 1.00311e-07
38.11 1.14572e-07
38.12 3.02089e-08
38.13 -1.08224e-07
38.14 -2.25614e-07
38.15 -2.63076e-07
38.16 -2.12032e-07
38.17 -1.14916e-07
38.18 -3.69069e-08
38.19 -2.93112e-08
38.2 -1.03724e-07
38.21 -1.98161e-07
38.22 -2.2008e-07
38.23 -1.4174e-07
38.24 -1.32858e-08
38.25 8.4459e-08
38.26 8.88173e-08
38.27 -1.1183e-08
38.28 -1.68825e-07
38.29 -3.03626e-07
38.3 -3.45459e-07
38.31 -2.76861e-07
38.32 -1.46639e-07
38.33 -4.08944e-08
38.34 -2.64341e-08
38.35 -1.05308e-07
38.36 -2.14415e-07
38.37 -2.69988e-07
38.38 -2.21363e-07
38.39 -7.44804e-08
38.4 1.2384e-07
38.41 3.16621e-07
38.42 4.55103e-07
38.43 5.01479e-07
38.44 4.31988e-07
38.45 2.50134e-07
38.46 -1.00303e-10
38.47 -2.38959e-07
38.48 -3.79008e-07
38.49 -3.63878e-07
38.5 -1.97916e-07
38.51 4.79687e-08
38.52 2.60411e-07
38.53 3.33545e-07
38.54 2.25625e-07
38.55 -1.0012e-08
38.56 -2.46085e-07
38.57 -3.5014e-07
38.58 -2.60868e-07
38.59 -2.32835e-08
38.6 2.37743e-07
38.61 3.86019e-07
38.62 3.44654e-07
38.63 1.34702e-07
38.64 -1.35106e-07
38.65 -3.25095e-07
38.66 -3.42847e-07
38.67 -1.99565e-07
38.68 -6.70476e-09
38.69 8.95757e-08
38.7 -3.75163e-09
38.71 -2.71132e-07
38.72 -5.96415e-07
38.73 -8.25566e-07
38.74 -8.48296e-07
38.75 -6.57404e-07
38.76 -3.55333e-07
38.77 -1.01504e-07
38.78 -2.67697e-08
38.79 -1.63066e-07
38.8 -4.27622e-07
38.81 -6.68575e-07
38.82 -7.47326e-07
38.83 -6.16239e-07
38.84 -3.49196e-07
38.85 -1.01569e-07
38.86 -1.75071e-08
38.87 -1.42082e-07
38.88 -3.966e-07
38.89 -6.30438e-07
38.9 -7.0996e-07
38.91 -5.87873e-07
38.92 -3.20281e-07
38.93 -3.341e-08
38.94 1.38784e-07
38.95 1.19838e-07
38.96 -6.94947e-08
38.97 -3.20008e-07
38.98 -4.91484e-07
38.99 -4.88994e-07
39 -3.15392e-07
39.01 -7.10953e-08
39.02 9.97252e-08
39.03 9.01846e-08
39.04 -1.04779e-07
39.05 -3.80902e-07
39.06 -5.83778e-07
39.07 -6.0048e-07
39.08 -4.25662e-07
39.09 -1.61885e-07
39.1 4.1342e-08
39.11 6.92209e-08
39.12 -1.0062e-07
39.13 -3.8835e-07
39.14 -6.50245e-07
39.15 -7.48736e-07
39.16 -6.25218e-07
39.17 -3.38446e-07
39.18 -3.97783e-08
39.19 1.10391e-07
39.2 3.87375e-08
39.21 -1.9532e-07
39.22 -4.37663e-07
39.23 -5.36757e-07
39.24 -4.35038e-07
39.25 -1.9711e-07
39.26 3.64503e-08
39.27 1.34744e-07
39.28 5.0412e-08
39.29 -1.56084e-07
39.3 -3.52224e-07
39.31 -4.10251e-07
39.32 -2.82621e-07
39.33 -3.10037e-08
39.34 2.08782e-07
39.35 3.02269e-07
39.36 1.86375e-07
39.37 -1.00947e-07
39.38 -4.3915e-07
39.39 -6.79904e-07
39.4 -7.18023e-07
39.41 -5.49509e-07
39.42 -2.81571e-07
39.43 -7.62287e-08
39.44 -5.35019e-08
39.45 -2.17326e-07
39.46 -4.56163e-07
39.47 -6.15847e-07
39.48 -5.93208e-07
39.49 -3.92974e-07
39.5 -1.20894e-07
39.51 7.73371e-08
39.52 9.80246e-08
39.53 -5.9766e-08
39.54 -2.89857e-07
39.55 -4.39503e-07
39.56 -4.03226e-07
39.57 -1.90962e-07
39.58 7.65686e-08
39.59 2.43802e-07
39.6 2.16943e-07
39.61 1.88553e-08
39.62 -2.2845e-07
39.63 -3.77592e-07
39.64 -3.40414e-07
39.65 -1.37285e-07
39.66 1.14655e-07
39.67 2.68708e-07
39.68 2.34665e-07
39.69 3.31323e-08
39.7 -2.15873e-07
39.71 -3.64058e-07
39.72 -3.22421e-07
39.73 -1.12489e-07
39.74 1.4817e-07
39.75 3.15792e-07
39.76 3.03573e-07
39.77 1.30091e-07
39.78 -9.36947e-08
39.79 -2.30091e-07
39.8 -1.94566e-07
39.81 -3.98845e-09
39.82 2.34319e-07
39.83 3.8603e-07
39.84 3.68521e-07
39.85 1.98712e-07
39.86 -1.77474e-08
39.87 -1.49041e-07
39.88 -1.14366e-07
39.89 6.94644e-08
39.9 2.98783e-07
39.91 4.44273e-07
39.92 4.26496e-07
39.93 2.61669e-07
39.94 5.13288e-08
39.95 -7.75841e-08
39.96 -4.68879e-08
39.97 1.27754e-07
39.98 3.46831e-07
39.99 4.85728e-07
40 4.67549e-07
40.01 3.07464e-07
40.02 1.03024e-07
40.03 -2.3425e-08
40.04 3.76856e-09
40.05 1.69931e-07
40.06 3.79456e-07
40.07 5.12248e-07
40.08 4.93912e-07
40.09 3.38662e-07
40.1 1.40229e-07
40.11 1.65213e-08
40.12 4.07291e-08
40.13 1.99103e-07
40.14 3.99773e-07
40.15 5.26987e-07
40.16 5.08765e-07
40.17 3.58417e-07
40.18 1.66005e-07
40.19 -1.00131e-08
