0.01 -2.57224e-07
0.02 -9.9547e-07
0.03 -1.91479e-06
0.04 -2.47654e-06
0.05 -2.35835e-06
0.06 -1.63767e-06
0.07 -7.43e-07
0.08 -2.00992e-07
0.09 -3.28757e-07
0.1 -1.051e-06
0.11 -1.94742e-06
0.12 -2.50051e-06
0.13 -2.3976e-06
0.14 -1.71057e-06
0.15 -8.49965e-07
0.16 -3.22375e-07
0.17 -4.33774e-07
0.18 -1.11167e-06
0.19 -1.94865e-06
0.2 -2.44122e-06
0.21 -2.28432e-06
0.22 -1.54835e-06
0.23 -6.34242e-07
0.24 -3.43819e-08
0.25 -4.40022e-08
0.26 -5.9547e-07
0.27 -1.30874e-06
0.28 -1.71994e-06
0.29 -1.55086e-06
0.3 -8.67767e-07
0.31 -4.38364e-08
0.32 4.55903e-07
0.33 3.49949e-07
0.34 -2.8703e-07
0.35 -1.06785e-06
0.36 -1.52821e-06
0.37 -1.39455e-06
0.38 -7.10232e-07
0.39 2.32581e-07
0.4 1.0676e-06
0.41 1.51411e-06
0.42 1.46959e-06
0.43 1.04181e-06
0.44 5.12218e-07
0.45 2.0478e-07
0.46 2.9844e-07
0.47 7.09531e-07
0.48 1.15195e-06
0.49 1.34303e-06
0.5 1.19939e-06
0.51 8.80248e-07
0.52 6.59937e-07
0.53 7.29101e-07
0.54 1.0559e-06
0.55 1.39145e-06
0.56 1.42226e-06
0.57 9.89399e-07
0.58 2.40444e-07
0.59 -4.02784e-07
0.6 -4.75232e-07
0.61 2.19996e-07
0.62 1.41318e-06
0.63 2.43764e-06
0.64 2.58002e-06
0.65 1.60735e-06
0.66 -1.02882e-07
0.67 -1.78958e-06
0.68 -2.6206e-06
0.69 -2.16962e-06
0.7 -7.11464e-07
0.71 9.46912e-07
0.72 1.93877e-06
0.73 1.80394e-06
0.74 7.04515e-07
0.75 -6.83201e-07
0.76 -1.52517e-06
0.77 -1.27172e-06
0.78 2.42701e-08
0.79 1.70137e-06
0.8 2.8416e-06
0.81 2.80364e-06
0.82 1.61486e-06
0.83 -3.30758e-08
0.84 -1.19086e-06
0.85 -1.21202e-06
0.86 -1.31541e-07
0.87 1.35633e-06
0.88 2.30907e-06
0.89 2.10425e-06
0.9 8.31464e-07
0.91 -7.42212e-07
0.92 -1.63109e-06
0.93 -1.23439e-06
0.94 2.98155e-07
0.95 2.16227e-06
0.96 3.3761e-06
0.97 3.3344e-06
0.98 2.13205e-06
0.99 5.12161e-07
1 -5.1895e-07
1.01 -2.35822e-07
1.02 1.35708e-06
1.03 3.43634e-06
1.04 4.76521e-06
1.05 4.43919e-06
1.06 2.52418e-06
1.07 1.08788e-07
1.08 -1.35237e-06
1.09 -9.95689e-07
1.1 8.78045e-07
1.11 3.03787e-06
1.12 4.1738e-06
1.13 3.72258e-06
1.14 2.11389e-06
1.15 3.77904e-07
1.16 -5.13683e-07
1.17 -1.4624e-07
1.18 1.20037e-06
1.19 2.75105e-06
1.2 3.65124e-06
1.21 3.43063e-06
1.22 2.28294e-06
1.23 9.58202e-07
1.24 2.84781e-07
1.25 6.24422e-07
1.26 1.64613e-06
1.27 2.58165e-06
1.28 2.77654e-06
1.29 2.14538e-06
1.3 1.21381e-06
1.31 7.23607e-07
1.32 1.09045e-06
1.33 2.10871e-06
1.34 3.10458e-06
1.35 3.39968e-06
1.36 2.74321e-06
1.37 1.44691e-06
1.38 1.95921e-07
1.39 -3.15499e-07
1.4 2.5363e-07
1.41 1.67863e-06
1.42 3.23395e-06
1.43 4.06916e-06
1.44 3.71983e-06
1.45 2.41702e-06
1.46 9.60232e-07
1.47 2.22678e-07
1.48 6.02701e-07
1.49 1.76037e-06
1.5 2.82055e-06
1.51 2.96106e-06
1.52 2.02605e-06
1.53 7.06683e-07
1.54 8.69915e-08
1.55 8.39077e-07
1.56 2.66413e-06
1.57 4.42047e-06
1.58 4.87231e-06
1.59 3.54125e-06
1.6 1.07562e-06
1.61 -1.11528e-06
1.62 -1.73304e-06
1.63 -4.10564e-07
1.64 2.05194e-06
1.65 4.19255e-06
1.66 4.79828e-06
1.67 3.62683e-06
1.68 1.50839e-06
1.69 -1.81977e-07
1.7 -3.39312e-07
1.71 1.22045e-06
1.72 3.62263e-06
1.73 5.40865e-06
1.74 5.38633e-06
1.75 3.35999e-06
1.76 2.81913e-07
1.77 -2.27594e-06
1.78 -3.00533e-06
1.79 -1.58461e-06
1.8 1.13954e-06
1.81 3.57904e-06
1.82 4.21752e-06
1.83 2.41981e-06
1.84 -1.16825e-06
1.85 -4.87786e-06
1.86 -6.86096e-06
1.87 -6.1051e-06
1.88 -3.05308e-06
1.89 5.70688e-07
1.9 2.69582e-06
1.91 2.09814e-06
1.92 -8.79278e-07
1.93 -4.56048e-06
1.94 -6.99169e-06
1.95 -7.1203e-06
1.96 -5.34228e-06
1.97 -3.13776e-06
1.98 -2.11612e-06
1.99 -3.08519e-06
2 -5.63882e-06
2.01 -8.42177e-06
2.02 -9.90618e-06
2.03 -9.28708e-06
2.04 -7.00536e-06
2.05 -4.52904e-06
2.06 -3.42646e-06
2.07 -4.27739e-06
2.08 -6.1893e-06
2.09 -7.33449e-06
2.1 -6.18668e-06
2.11 -2.59789e-06
2.12 2.02831e-06
2.13 5.56203e-06
2.14 6.41921e-06
2.15 4.50419e-06
2.16 1.27917e-06
2.17 -1.08697e-06
2.18 -1.01299e-06
2.19 1.53753e-06
2.2 5.06183e-06
2.21 7.50399e-06
2.22 7.56257e-06
2.23 5.45225e-06
2.24 2.68402e-06
2.25 1.10353e-06
2.26 1.80578e-06
2.27 4.49329e-06
2.28 7.59121e-06
2.29 9.12613e-06
2.3 7.98484e-06
2.31 4.81054e-06
2.32 1.82366e-06
2.33 1.47876e-06
2.34 4.75409e-06
2.35 1.02994e-05
2.36 1.51713e-05
2.37 1.67408e-05
2.38 1.44401e-05
2.39 1.00901e-05
2.4 6.58915e-06
2.41 5.9507e-06
2.42 8.0994e-06
2.43 1.11951e-05
2.44 1.3106e-05
2.45 1.28866e-05
2.46 1.12467e-05
2.47 9.83423e-06
2.48 1.00006e-05
2.49 1.19626e-05
2.5 1.48301e-05
2.51 1.72812e-05
2.52 1.83015e-05
2.53 1.75442e-05
2.54 1.52558e-05
2.55 1.19923e-05
2.56 8.35755e-06
2.57 4.87358e-06
2.58 1.97037e-06
2.59 2.28342e-08
2.6 -6.61879e-07
2.61 4.76553e-08
2.62 1.96574e-06
2.63 4.52807e-06
2.64 6.85683e-06
2.65 7.94237e-06
2.66 6.98654e-06
2.67 3.93923e-06
2.68 -2.89998e-08
2.69 -2.69597e-06
2.7 -1.95284e-06
2.71 2.57538e-06
2.72 8.77865e-06
2.73 1.31541e-05
2.74 1.32278e-05
2.75 9.49001e-06
2.76 5.258e-06
2.77 4.48503e-06
2.78 9.07503e-06
2.79 1.75254e-05
2.8 2.57437e-05
2.81 2.95073e-05
2.82 2.70642e-05
2.83 2.02702e-05
2.84 1.3493e-05
2.85 1.09279e-05
2.86 1.40775e-05
2.87 2.10394e-05
2.88 2.79166e-05
2.89 3.11885e-05
2.9 2.94847e-05
2.91 2.39692e-05
2.92 1.75375e-05
2.93 1.3435e-05
2.94 1.37985e-05
2.95 1.85546e-05
2.96 2.52047e-05
2.97 2.98989e-05
2.98 2.95402e-05
2.99 2.38067e-05
3 1.57043e-05
3.01 9.99291e-06
3.02 1.02388e-05
3.03 1.63462e-05
3.04 2.43416e-05
3.05 2.87611e-05
3.06 2.61388e-05
3.07 1.72064e-05
3.08 6.2994e-06
3.09 -1.52098e-06
3.1 -3.56595e-06
3.11 -8.32565e-07
3.12 3.03072e-06
3.13 4.11561e-06
3.14 4.29964e-07
3.15 -7.23399e-06
3.16 -1.59402e-05
3.17 -2.2255e-05
3.18 -2.40484e-05
3.19 -2.15792e-05
3.2 -1.73155e-05
3.21 -1.45539e-05
3.22 -1.55727e-05
3.23 -2.03611e-05
3.24 -2.66669e-05
3.25 -3.1322e-05
3.26 -3.2045e-05
3.27 -2.86794e-05
3.28 -2.32337e-05
3.29 -1.87744e-05
3.3 -1.77674e-05
3.31 -2.07095e-05
3.32 -2.58074e-05
3.33 -3.00032e-05
3.34 -3.08353e-05
3.35 -2.79515e-05
3.36 -2.32053e-05
3.37 -1.92635e-05
3.38 -1.77665e-05
3.39 -1.83643e-05
3.4 -1.91819e-05
3.41 -1.81953e-05
3.42 -1.45119e-05
3.43 -8.8387e-06
3.44 -3.02824e-06
3.45 9.60722e-07
3.46 2.1338e-06
3.47 9.81009e-07
3.48 -8.94291e-07
3.49 -1.84043e-06
3.5 -1.19853e-06
3.51 4.1116e-07
3.52 1.68958e-06
3.53 1.59864e-06
3.54 -4.02289e-08
3.55 -2.54241e-06
3.56 -4.76013e-06
3.57 -5.61503e-06
3.58 -4.62279e-06
3.59 -2.2743e-06
3.6 -1.83236e-08
3.61 3.4729e-07
3.62 -2.31259e-06
3.63 -7.65042e-06
3.64 -1.38217e-05
3.65 -1.84483e-05
3.66 -2.01067e-05
3.67 -1.94332e-05
3.68 -1.89602e-05
3.69 -2.14942e-05
3.7 -2.79677e-05
3.71 -3.63689e-05
3.72 -4.27922e-05
3.73 -4.40761e-05
3.74 -4.01761e-05
3.75 -3.44994e-05
3.76 -3.18526e-05
3.77 -3.53442e-05
3.78 -4.4306e-05
3.79 -5.46176e-05
3.8 -6.12678e-05
3.81 -6.15508e-05
3.82 -5.68438e-05
3.83 -5.17788e-05
3.84 -5.12943e-05
3.85 -5.74771e-05
3.86 -6.82423e-05
3.87 -7.86578e-05
3.88 -8.39859e-05
3.89 -8.25025e-05
3.9 -7.64251e-05
3.91 -7.05185e-05
3.92 -6.9297e-05
3.93 -7.4458e-05
3.94 -8.39606e-05
3.95 -9.32227e-05
3.96 -9.77475e-05
3.97 -9.57021e-05
3.98 -8.89933e-05
3.99 -8.21975e-05
4 -7.98964e-05
4.01 -8.39285e-05
4.02 -9.21997e-05
4.03 -9.98295e-05
4.04 -0.000101993
4.05 -9.67582e-05
4.06 -8.6215e-05
4.07 -7.52101e-05
4.08 -6.84006e-05
4.09 -6.73691e-05
4.1 -6.96121e-05
4.11 -7.01403e-05
4.12 -6.47395e-05
4.13 -5.27839e-05
4.14 -3.78329e-05
4.15 -2.57431e-05
4.16 -2.14426e-05
4.17 -2.59771e-05
4.18 -3.51682e-05
4.19 -4.07919e-05
4.2 -3.44477e-05
4.21 -1.27723e-05
4.22 1.9065e-05
4.23 4.86997e-05
4.24 6.30969e-05
4.25 5.66366e-05
4.26 3.53409e-05
4.27 1.40307e-05
4.28 7.87251e-06
4.29 2.3491e-05
4.3 5.5058e-05
4.31 8.76417e-05
4.32 0.000105779
4.33 0.000102274
4.34 8.22045e-05
4.35 5.99109e-05
4.36 5.06761e-05
4.37 6.18959e-05
4.38 8.88527e-05
4.39 0.000117545
4.4 0.000132873
4.41 0.000127347
4.42 0.000105292
4.43 8.02525e-05
4.44 6.71704e-05
4.45 7.38409e-05
4.46 9.65362e-05
4.47 0.000122309
4.48 0.000136613
4.49 0.000131753
4.5 0.000111232
4.51 8.75543e-05
4.52 7.48249e-05
4.53 8.03908e-05
4.54 0.000100336
4.55 0.000121598
4.56 0.000129728
4.57 0.000117806
4.58 9.09436e-05
4.59 6.33633e-05
4.6 4.97185e-05
4.61 5.6114e-05
4.62 7.6427e-05
4.63 9.6067e-05
4.64 0.000100715
4.65 8.47427e-05
4.66 5.44162e-05
4.67 2.41201e-05
4.68 7.93054e-06
4.69 1.15173e-05
4.7 2.91139e-05
4.71 4.72398e-05
4.72 5.28512e-05
4.73 4.10075e-05
4.74 1.75079e-05
4.75 -4.96008e-06
4.76 -1.46782e-05
4.77 -7.9031e-06
4.78 9.16328e-06
4.79 2.44019e-05
4.8 2.71096e-05
4.81 1.41477e-05
4.82 -8.58462e-06
4.83 -2.99098e-05
4.84 -3.99368e-05
4.85 -3.56161e-05
4.86 -2.22465e-05
4.87 -1.02523e-05
4.88 -9.16577e-06
4.89 -2.22336e-05
4.9 -4.46411e-05
4.91 -6.62882e-05
4.92 -7.75169e-05
4.93 -7.45642e-05
4.94 -6.16543e-05
4.95 -4.85176e-05
4.96 -4.47221e-05
4.97 -5.40724e-05
4.98 -7.23514e-05
4.99 -8.97787e-05
5 -9.68027e-05
5.01 -8.98122e-05
5.02 -7.33174e-05
5.03 -5.72419e-05
5.04 -5.09805e-05
5.05 -5.78584e-05
5.06 -7.32989e-05
5.07 -8.76735e-05
5.08 -9.20487e-05
5.09 -8.34255e-05
5.1 -6.63888e-05
5.11 -5.0209e-05
5.12 -4.32515e-05
5.13 -4.82415e-05
5.14 -6.1179e-05
5.15 -7.40283e-05
5.16 -7.89373e-05
5.17 -7.152e-05
5.18 -5.2267e-05
5.19 -2.63876e-05
5.2 -2.225e-06
5.21 1.19772e-05
5.22 1.22051e-05
5.23 1.3449e-06
5.24 -1.19341e-05
5.25 -1.79984e-05
5.26 -1.18773e-05
5.27 3.91917e-06
5.28 2.11093e-05
5.29 3.06849e-05
5.3 2.81941e-05
5.31 1.62257e-05
5.32 2.78389e-06
5.33 -3.39806e-06
5.34 2.16723e-06
5.35 1.73318e-05
5.36 3.47698e-05
5.37 4.62665e-05
5.38 4.73147e-05
5.39 3.94803e-05
5.4 2.92738e-05
5.41 2.4142e-05
5.42 2.78724e-05
5.43 3.82303e-05
5.44 4.84299e-05
5.45 5.15901e-05
5.46 4.52812e-05
5.47 3.31605e-05
5.48 2.26808e-05
5.49 2.04648e-05
5.5 2.83305e-05
5.51 4.23367e-05
5.52 5.52353e-05
5.53 6.07299e-05
5.54 5.70386e-05
5.55 4.77777e-05
5.56 3.97454e-05
5.57 3.89282e-05
5.58 4.70417e-05
5.59 6.05898e-05
5.6 7.29445e-05
5.61 7.82022e-05
5.62 7.45789e-05
5.63 6.53981e-05
5.64 5.70927e-05
5.65 5.53554e-05
5.66 6.17036e-05
5.67 7.25656e-05
5.68 8.14825e-05
5.69 8.30207e-05
5.7 7.58613e-05
5.71 6.31326e-05
5.72 4.99913e-05
5.73 4.03191e-05
5.74 3.48032e-05
5.75 3.14278e-05
5.76 2.75891e-05
5.77 2.20573e-05
5.78 1.54662e-05
5.79 9.33252e-06
5.8 4.66858e-06
5.81 1.2964e-06
5.82 -1.81096e-06
5.83 -5.66635e-06
5.84 -1.06014e-05
5.85 -1.61198e-05
5.86 -2.11409e-05
5.87 -2.44232e-05
5.88 -2.51378e-05
5.89 -2.35208e-05
5.9 -2.11736e-05
5.91 -2.04356e-05
5.92 -2.28491e-05
5.93 -2.77421e-05
5.94 -3.22779e-05
5.95 -3.33577e-05
5.96 -3.01529e-05
5.97 -2.52737e-05
5.98 -2.34626e-05
5.99 -2.85604e-05
6 -4.0782e-05
6.01 -5.6116e-05
6.02 -6.82645e-05
6.03 -7.20225e-05
6.04 -6.62237e-05
6.05 -5.46045e-05
6.06 -4.39836e-05
6.07 -4.05822e-05
6.08 -4.64695e-05
6.09 -5.82536e-05
6.1 -6.8954e-05
6.11 -7.20738e-05
6.12 -6.54728e-05
6.13 -5.27017e-05
6.14 -4.09675e-05
6.15 -3.69093e-05
6.16 -4.26543e-05
6.17 -5.4454e-05
6.18 -6.46998e-05
6.19 -6.61999e-05
6.2 -5.63291e-05
6.21 -3.87202e-05
6.22 -2.14652e-05
6.23 -1.26751e-05
6.24 -1.57699e-05
6.25 -2.72205e-05
6.26 -3.82935e-05
6.27 -4.00631e-05
6.28 -2.88135e-05
6.29 -8.44447e-06
6.3 1.1781e-05
6.31 2.28294e-05
6.32 2.13314e-05
6.33 1.14771e-05
6.34 2.29302e-06
6.35 2.09757e-06
6.36 1.35445e-05
6.37 3.21338e-05
6.38 4.89139e-05
6.39 5.57043e-05
6.4 4.98372e-05
6.41 3.57568e-05
6.42 2.2538e-05
6.43 1.8656e-05
6.44 2.69903e-05
6.45 4.30666e-05
6.46 5.7701e-05
6.47 6.24951e-05
6.48 5.48052e-05
6.49 3.91824e-05
6.5 2.45601e-05
6.51 1.90193e-05
6.52 2.51693e-05
6.53 3.86048e-05
6.54 5.02205e-05
6.55 5.12658e-05
6.56 3.85346e-05
6.57 1.6717e-05
6.58 -3.78231e-06
6.59 -1.26315e-05
6.6 -5.61489e-06
6.61 1.28069e-05
6.62 3.20234e-05
6.63 4.13072e-05
6.64 3.57447e-05
6.65 1.87348e-05
6.66 -1.90222e-07
6.67 -1.09026e-05
6.68 -8.4596e-06
6.69 4.14462e-06
6.7 1.78933e-05
6.71 2.33122e-05
6.72 1.64609e-05
6.73 1.66631e-06
6.74 -1.09563e-05
6.75 -1.19945e-05
6.76 7.41757e-07
6.77 2.00693e-05
6.78 3.34234e-05
6.79 3.06915e-05
6.8 1.091e-05
6.81 -1.65484e-05
6.82 -3.72143e-05
6.83 -4.00639e-05
6.84 -2.41355e-05
6.85 8.56337e-07
6.86 2.02706e-05
6.87 2.30717e-05
6.88 7.97112e-06
6.89 -1.62986e-05
6.9 -3.63679e-05
6.91 -4.18736e-05
6.92 -3.10494e-05
6.93 -1.13965e-05
6.94 4.75376e-06
6.95 7.33038e-06
6.96 -5.67283e-06
6.97 -2.70539e-05
6.98 -4.46663e-05
6.99 -4.85877e-05
7 -3.69533e-05
7.01 -1.70682e-05
7.02 -1.18071e-06
7.03 7.10881e-07
7.04 -1.30498e-05
7.05 -3.43943e-05
7.06 -4.9943e-05
7.07 -4.88924e-05
7.08 -2.97262e-05
7.09 -1.53451e-06
7.1 2.10725e-05
7.11 2.64509e-05
7.12 1.26633e-05
7.13 -1.15335e-05
7.14 -3.18795e-05
7.15 -3.67808e-05
7.16 -2.37197e-05
7.17 -3.95214e-07
7.18 1.98867e-05
7.19 2.59024e-05
7.2 1.49367e-05
7.21 -5.73099e-06
7.22 -2.31954e-05
7.23 -2.66521e-05
7.24 -1.39043e-05
7.25 7.3023e-06
7.26 2.39867e-05
7.27 2.584e-05
7.28 1.14807e-05
7.29 -1.07781e-05
7.3 -2.80516e-05
7.31 -3.0625e-05
7.32 -1.75092e-05
7.33 3.44532e-06
7.34 2.0618e-05
7.35 2.5505e-05
7.36 1.72756e-05
7.37 2.60697e-06
7.38 -8.68883e-06
7.39 -9.46042e-06
7.4 8.86948e-07
7.41 1.64464e-05
7.42 2.85711e-05
7.43 3.10193e-05
7.44 2.34546e-05
7.45 1.13555e-05
7.46 2.57251e-06
7.47 2.66848e-06
7.48 1.16957e-05
7.49 2.41154e-05
7.5 3.18721e-05
7.51 2.9014e-05
7.52 1.53345e-05
7.53 -3.16269e-06
7.54 -1.7488e-05
7.55 -2.08371e-05
7.56 -1.26072e-05
7.57 1.24481e-06
7.58 1.17541e-05
7.59 1.22229e-05
7.6 2.02079e-06
7.61 -1.33075e-05
7.62 -2.55598e-05
7.63 -2.87912e-05
7.64 -2.26417e-05
7.65 -1.21675e-05
7.66 -4.46745e-06
7.67 -4.30864e-06
7.68 -1.13903e-05
7.69 -2.07175e-05
7.7 -2.56778e-05
7.71 -2.19482e-05
7.72 -1.0024e-05
7.73 4.98313e-06
7.74 1.61008e-05
7.75 1.82622e-05
7.76 1.10526e-05
7.77 -1.01047e-06
7.78 -1.08278e-05
7.79 -1.25035e-05
7.8 -4.55905e-06
7.81 9.22477e-06
7.82 2.18883e-05
7.83 2.71874e-05
7.84 2.31173e-05
7.85 1.30713e-05
7.86 3.96701e-06
7.87 2.34522e-06
7.88 1.05613e-05
7.89 2.52029e-05
7.9 3.87527e-05
7.91 4.37537e-05
7.92 3.72009e-05
7.93 2.25469e-05
7.94 7.97175e-06
7.95 1.79291e-06
7.96 7.6821e-06
7.97 2.25344e-05
7.98 3.82653e-05
7.99 4.64754e-05
8 4.32384e-05
8.01 3.12382e-05
8.02 1.80673e-05
8.03 1.174e-05
8.04 1.6048e-05
8.05 2.84416e-05
8.06 4.16243e-05
8.07 4.78607e-05
8.08 4.34026e-05
8.09 3.04768e-05
8.1 1.58695e-05
8.11 7.09097e-06
8.12 8.19562e-06
8.13 1.7339e-05
8.14 2.74524e-05
8.15 3.00758e-05
8.16 2.05349e-05
8.17 1.29938e-06
8.18 -1.89861e-05
8.19 -3.05627e-05
8.2 -2.85361e-05
8.21 -1.58663e-05
8.22 -1.52389e-06
8.23 4.85754e-06
8.24 -1.48904e-06
8.25 -1.78986e-05
8.26 -3.5992e-05
8.27 -4.66307e-05
8.28 -4.5239e-05
8.29 -3.43526e-05
8.3 -2.18862e-05
8.31 -1.62466e-05
8.32 -2.12925e-05
8.33 -3.41037e-05
8.34 -4.67807e-05
8.35 -5.11522e-05
8.36 -4.35938e-05
8.37 -2.70957e-05
8.38 -9.37972e-06
8.39 1.69069e-06
8.4 2.5402e-06
8.41 -4.45782e-06
8.42 -1.28547e-05
8.43 -1.61773e-05
8.44 -1.16995e-05
8.45 -1.84726e-06
8.46 7.43224e-06
8.47 1.03251e-05
8.48 4.69321e-06
8.49 -6.58635e-06
8.5 -1.72929e-05
8.51 -2.15304e-05
8.52 -1.71754e-05
8.53 -7.05448e-06
8.54 2.79596e-06
8.55 6.70823e-06
8.56 2.68052e-06
8.57 -6.52267e-06
8.58 -1.50793e-05
8.59 -1.75955e-05
8.6 -1.22957e-05
8.61 -2.03037e-06
8.62 7.47542e-06
8.63 1.10644e-05
8.64 7.21815e-06
8.65 -1.0695e-06
8.66 -8.13543e-06
8.67 -9.09925e-06
8.68 -2.83082e-06
8.69 7.38277e-06
8.7 1.58634e-05
8.71 1.79771e-05
8.72 1.28614e-05
8.73 3.85301e-06
8.74 -3.53614e-06
8.75 -4.84794e-06
8.76 7.02888e-07
8.77 9.64521e-06
8.78 1.60843e-05
8.79 1.50818e-05
8.8 5.75702e-06
8.81 -7.79116e-06
8.82 -1.85334e-05
8.83 -2.05081e-05
8.84 -1.24058e-05
8.85 1.47171e-06
8.86 1.34997e-05
8.87 1.6938e-05
8.88 9.6789e-06
8.89 -4.52354e-06
8.9 -1.8044e-05
8.91 -2.36002e-05
8.92 -1.83992e-05
8.93 -5.78094e-06
8.94 6.73595e-06
8.95 1.19029e-05
8.96 6.97106e-06
8.97 -4.85895e-06
8.98 -1.65133e-05
8.99 -2.12428e-05
9 -1.64556e-05
9.01 -5.10768e-06
9.02 6.02837e-06
9.03 1.02677e-05
9.04 4.94053e-06
9.05 -6.95694e-06
9.06 -1.84819e-05
9.07 -2.2908e-05
9.08 -1.782e-05
9.09 -6.59329e-06
9.1 3.70336e-06
9.11 6.71623e-06
9.12 7.88503e-07
9.13 -1.00035e-05
9.14 -1.84519e-05
9.15 -1.88216e-05
9.16 -1.05051e-05
9.17 1.60061e-06
9.18 1.01652e-05
9.19 9.92228e-06
9.2 8.16732e-07
9.21 -1.19752e-05
9.22 -2.10254e-05
9.23 -2.08792e-05
9.24 -1.11716e-05
9.25 3.10239e-06
9.26 1.43622e-05
9.27 1.67385e-05
9.28 9.42716e-06
9.29 -2.88555e-06
9.3 -1.28004e-05
9.31 -1.45485e-05
9.32 -7.34027e-06
9.33 4.216e-06
9.34 1.28335e-05
9.35 1.28079e-05
9.36 3.36795e-06
9.37 -1.08039e-05
9.38 -2.21988e-05
9.39 -2.47731e-05
9.4 -1.74462e-05
9.41 -4.75093e-06
9.42 5.79173e-06
9.43 8.07324e-06
9.44 9.73138e-07
9.45 -1.10366e-05
9.46 -2.06202e-05
9.47 -2.19797e-05
9.48 -1.4279e-05
9.49 -2.07079e-06
9.5 7.47332e-06
9.51 8.84539e-06
9.52 1.45065e-06
9.53 -1.00835e-05
9.54 -1.86994e-05
9.55 -1.91271e-05
9.56 -1.1021e-05
9.57 8.38511e-07
9.58 9.38064e-06
9.59 9.43219e-06
9.6 7.83738e-07
9.61 -1.16774e-05
9.62 -2.08526e-05
9.63 -2.1612e-05
9.64 -1.37456e-05
9.65 -1.92087e-06
9.66 7.2257e-06
9.67 8.9824e-06
9.68 3.09629e-06
9.69 -6.38438e-06
9.7 -1.36436e-05
9.71 -1.44416e-05
9.72 -8.41496e-06
9.73 8.65621e-07
9.74 8.04955e-06
9.75 9.14273e-06
9.76 3.83135e-06
9.77 -4.36598e-06
9.78 -1.02306e-05
9.79 -1.00131e-05
9.8 -3.73599e-06
9.81 4.79731e-06
9.82 1.03419e-05
9.83 9.48391e-06
9.84 2.79149e-06
9.85 -5.52977e-06
9.86 -1.02426e-05
9.87 -8.26112e-06
9.88 -4.42866e-07
9.89 8.99335e-06
9.9 1.49313e-05
9.91 1.42075e-05
9.92 7.28969e-06
9.93 -2.03523e-06
9.94 -8.7184e-06
9.95 -9.14535e-06
9.96 -3.07068e-06
9.97 6.23042e-06
9.98 1.37244e-05
9.99 1.54076e-05
10 1.05917e-05
10.01 2.32364e-06
10.02 -4.40129e-06
10.03 -5.62098e-06
10.04 -7.60024e-07
10.05 7.11313e-06
10.06 1.3253e-05
10.07 1.41414e-05
10.08 9.52145e-06
10.09 2.39804e-06
10.1 -2.86936e-06
10.11 -3.16762e-06
10.12 1.60441e-06
10.13 8.58146e-06
10.14 1.37003e-05
10.15 1.4119e-05
10.16 9.86048e-06
10.17 3.73162e-06
10.18 -4.06346e-07
10.19 3.18513e-08
10.2 4.81111e-06
10.21 1.1031e-05
10.22 1.48861e-05
10.23 1.39762e-05
10.24 8.76828e-06
10.25 2.30805e-06
10.26 -1.64051e-06
10.27 -8.79423e-07
10.28 3.91327e-06
10.29 9.62199e-06
10.3 1.25859e-05
10.31 1.07992e-05
10.32 5.12381e-06
10.33 -1.18706e-06
10.34 -4.3693e-06
10.35 -2.35372e-06
10.36 3.9585e-06
10.37 1.10854e-05
10.38 1.48445e-05
10.39 1.27221e-05
10.4 5.4089e-06
10.41 -3.43926e-06
10.42 -9.18613e-06
10.43 -8.86358e-06
10.44 -2.91671e-06
10.45 5.03803e-06
10.46 1.03166e-05
10.47 9.86689e-06
10.48 3.98241e-06
10.49 -3.90802e-06
10.5 -9.19767e-06
10.51 -8.70486e-06
10.52 -2.49731e-06
10.53 6.09255e-06
10.54 1.23345e-05
10.55 1.28337e-05
10.56 7.52456e-06
10.57 -3.06557e-07
10.58 -5.99281e-06
10.59 -6.23505e-06
10.6 -9.72021e-07
10.61 6.67109e-06
10.62 1.22372e-05
10.63 1.24877e-05
10.64 7.21727e-06
10.65 -6.61432e-07
10.66 -6.7884e-06
10.67 -7.82568e-06
10.68 -3.32025e-06
10.69 4.07284e-06
10.7 1.00925e-05
10.71 1.12511e-05
10.72 6.82071e-06
10.73 -6.37846e-07
10.74 -6.584e-06
10.75 -7.08261e-06
10.76 -1.26345e-06
10.77 7.90566e-06
10.78 1.52006e-05
10.79 1.62204e-05
10.8 1.00414e-05
10.81 -2.27281e-07
10.82 -9.26961e-06
10.83 -1.25807e-05
10.84 -8.90681e-06
10.85 -8.2988e-07
10.86 6.73e-06
10.87 9.28036e-06
10.88 5.31619e-06
10.89 -2.78282e-06
10.9 -1.01307e-05
10.91 -1.2256e-05
10.92 -7.80925e-06
10.93 6.37276e-07
10.94 8.1978e-06
10.95 1.0663e-05
10.96 7.00398e-06
10.97 -1.14204e-07
10.98 -6.04777e-06
10.99 -7.01175e-06
11 -2.30874e-06
11.01 5.34167e-06
11.02 1.14741e-05
11.03 1.24822e-05
11.04 7.64514e-06
11.05 -4.95638e-07
11.06 -7.53935e-06
11.07 -9.63441e-06
11.08 -5.63059e-06
11.09 2.19374e-06
11.1 9.31675e-06
11.11 1.15198e-05
11.12 7.37677e-06
11.13 -8.26712e-07
11.14 -8.37499e-06
11.15 -1.08865e-05
11.16 -6.90656e-06
11.17 1.22876e-06
11.18 8.77978e-06
11.19 1.14228e-05
11.2 7.8206e-06
11.21 3.79724e-07
11.22 -6.28621e-06
11.23 -8.23099e-06
11.24 -4.55936e-06
11.25 2.1774e-06
11.26 7.72971e-06
11.27 8.81484e-06
11.28 5.0129e-06
11.29 -1.14381e-06
11.3 -5.77739e-06
11.31 -5.95401e-06
11.32 -1.37136e-06
11.33 5.47366e-06
11.34 1.07369e-05
11.35 1.14913e-05
11.36 7.48524e-06
11.37 1.32097e-06
11.38 -3.09171e-06
11.39 -2.90972e-06
11.4 1.85106e-06
11.41 8.1971e-06
11.42 1.1857e-05
11.43 9.8741e-06
11.44 2.55735e-06
11.45 -6.47114e-06
11.46 -1.22752e-05
11.47 -1.14963e-05
11.48 -4.37824e-06
11.49 5.31164e-06
11.5 1.24131e-05
11.51 1.32822e-05
11.52 7.78331e-06
11.53 -7.53067e-07
11.54 -7.52483e-06
11.55 -9.00722e-06
11.56 -4.87046e-06
11.57 1.98605e-06
11.58 7.2213e-06
11.59 7.57697e-06
11.6 2.69281e-06
11.61 -4.77656e-06
11.62 -1.07572e-05
11.63 -1.21163e-05
11.64 -8.41298e-06
11.65 -2.0274e-06
11.66 3.35758e-06
11.67 4.95157e-06
11.68 2.3863e-06
11.69 -2.26965e-06
11.7 -5.88515e-06
11.71 -6.11359e-06
11.72 -2.64623e-06
11.73 2.73572e-06
11.74 7.22533e-06
11.75 8.54596e-06
11.76 6.18351e-06
11.77 1.66288e-06
11.78 -2.29145e-06
11.79 -3.29446e-06
11.8 -7.12228e-07
11.81 3.87661e-06
11.82 7.50766e-06
11.83 7.54255e-06
11.84 3.29286e-06
11.85 -3.43095e-06
11.86 -9.22949e-06
11.87 -1.09956e-05
11.88 -7.68246e-06
11.89 -9.28158e-07
11.9 5.83131e-06
11.91 9.25159e-06
11.92 7.89396e-06
11.93 2.93707e-06
11.94 -2.59741e-06
11.95 -5.62772e-06
11.96 -4.74779e-06
11.97 -9.12717e-07
11.98 3.2805e-06
11.99 5.23015e-06
12 3.88188e-06
12.01 2.92575e-07
12.02 -3.07696e-06
12.03 -3.87252e-06
12.04 -1.24898e-06
12.05 3.6421e-06
12.06 8.3259e-06
12.07 1.04184e-05
12.08 8.96822e-06
12.09 4.97338e-06
12.1 7.76446e-07
12.11 -1.3278e-06
12.12 -4.48558e-07
12.13 2.42708e-06
12.14 5.14831e-06
12.15 5.82248e-06
12.16 3.99449e-06
12.17 8.30729e-07
12.18 -1.74287e-06
12.19 -2.32002e-06
12.2 -8.8135e-07
12.21 1.24166e-06
12.22 2.2177e-06
12.23 8.41743e-07
12.24 -2.71583e-06
12.25 -6.9568e-06
12.26 -9.87831e-06
12.27 -1.01161e-05
12.28 -7.74763e-06
12.29 -4.25952e-06
12.3 -1.66446e-06
12.31 -1.28725e-06
12.32 -2.97728e-06
12.33 -5.25535e-06
12.34 -6.30034e-06
12.35 -5.13125e-06
12.36 -2.2261e-06
12.37 7.92923e-07
12.38 2.17736e-06
12.39 1.13405e-06
12.4 -1.66643e-06
12.41 -4.43941e-06
12.42 -5.30496e-06
12.43 -3.41647e-06
12.44 4.59565e-07
12.45 4.30582e-06
12.46 6.00316e-06
12.47 4.59426e-06
12.48 8.75387e-07
12.49 -3.06815e-06
12.5 -5.11244e-06
12.51 -4.37924e-06
12.52 -1.77852e-06
12.53 5.41447e-07
12.54 5.48068e-07
12.55 -2.32179e-06
12.56 -6.68858e-06
12.57 -1.00156e-05
12.58 -1.01976e-05
12.59 -6.9136e-06
12.6 -1.85153e-06
12.61 2.31367e-06
12.62 3.49833e-06
12.63 1.37523e-06
12.64 -2.50745e-06
12.65 -5.65012e-06
12.66 -6.02153e-06
12.67 -3.20811e-06
12.68 1.32025e-06
12.69 4.99493e-06
12.7 5.5931e-06
12.71 2.5542e-06
12.72 -2.60894e-06
12.73 -7.10685e-06
12.74 -8.46997e-06
12.75 -6.01102e-06
12.76 -1.2426e-06
12.77 3.0399e-06
12.78 4.45128e-06
12.79 2.42364e-06
12.8 -1.53485e-06
12.81 -4.84104e-06
12.82 -5.43406e-06
12.83 -2.99052e-06
12.84 9.40498e-07
12.85 3.91995e-06
12.86 4.10504e-06
12.87 1.34603e-06
12.88 -2.74855e-06
12.89 -5.78939e-06
12.9 -6.01502e-06
12.91 -3.28837e-06
12.92 8.82012e-07
12.93 4.26962e-06
12.94 5.2401e-06
12.95 3.67343e-06
12.96 9.55846e-07
12.97 -9.50569e-07
12.98 -7.74782e-07
12.99 1.2765e-06
13 3.71455e-06
13.01 4.78608e-06
13.02 3.61854e-06
13.03 7.64876e-07
13.04 -2.14208e-06
13.05 -3.35722e-06
13.06 -2.0268e-06
13.07 1.31382e-06
13.08 4.99205e-06
13.09 7.0692e-06
13.1 6.39134e-06
13.11 3.25788e-06
13.12 -6.97686e-07
13.13 -3.40207e-06
13.14 -3.52401e-06
13.15 -1.23957e-06
13.16 1.89491e-06
13.17 3.88967e-06
13.18 3.51066e-06
13.19 9.98616e-07
13.2 -2.09406e-06
13.21 -3.83418e-06
13.22 -3.05552e-06
13.23 -6.23058e-08
13.24 3.5152e-06
13.25 5.63863e-06
13.26 5.03911e-06
13.27 1.97737e-06
13.28 -1.87359e-06
13.29 -4.38405e-06
13.3 -4.21633e-06
13.31 -1.62083e-06
13.32 1.71163e-06
13.33 3.66168e-06
13.34 2.94945e-06
13.35 -1.00332e-07
13.36 -3.74591e-06
13.37 -5.85553e-06
13.38 -5.17524e-06
13.39 -2.09016e-06
13.4 1.59623e-06
13.41 3.76124e-06
13.42 3.2667e-06
13.43 6.30917e-07
13.44 -2.35119e-06
13.45 -3.74572e-06
13.46 -2.61196e-06
13.47 5.36488e-07
13.48 4.10788e-06
13.49 6.33287e-06
13.5 6.18787e-06
13.51 3.9066e-06
13.52 8.35882e-07
13.53 -1.32384e-06
13.54 -1.50789e-06
13.55 7.77308e-08
13.56 2.08914e-06
13.57 2.8812e-06
13.58 1.54804e-06
13.59 -1.44356e-06
13.6 -4.41069e-06
13.61 -5.36935e-06
13.62 -3.25153e-06
13.63 1.28217e-06
13.64 6.01586e-06
13.65 8.36978e-06
13.66 6.94955e-06
13.67 2.46692e-06
13.68 -2.60138e-06
13.69 -5.43801e-06
13.7 -4.52794e-06
13.71 -5.43168e-07
13.72 4.03674e-06
13.73 6.34576e-06
13.74 4.78918e-06
13.75 -8.50448e-09
13.76 -5.53083e-06
13.77 -8.81655e-06
13.78 -8.20314e-06
13.79 -4.32627e-06
13.8 2.59106e-07
13.81 2.6376e-06
13.82 1.3194e-06
13.83 -2.86428e-06
13.84 -7.30546e-06
13.85 -9.23202e-06
13.86 -7.37419e-06
13.87 -2.69774e-06
13.88 2.18048e-06
13.89 4.52019e-06
13.9 3.05273e-06
13.91 -1.26376e-06
13.92 -5.79013e-06
13.93 -7.77138e-06
13.94 -5.98971e-06
13.95 -1.47366e-06
13.96 3.16791e-06
13.97 5.3229e-06
13.98 3.86816e-06
13.99 -2.60793e-07
14 -4.64486e-06
14.01 -6.71554e-06
14.02 -5.14367e-06
14.03 -5.81364e-07
14.04 4.66065e-06
14.05 7.89587e-06
14.06 7.62043e-06
14.07 4.40315e-06
14.08 5.14271e-07
14.09 -1.49596e-06
14.1 -3.63652e-07
14.11 3.16386e-06
14.12 6.86151e-06
14.13 8.43129e-06
14.14 6.88438e-06
14.15 3.08081e-06
14.16 -8.39026e-07
14.17 -2.73592e-06
14.18 -1.69368e-06
14.19 1.50428e-06
14.2 4.87373e-06
14.21 6.38741e-06
14.22 5.12939e-06
14.23 1.80302e-06
14.24 -1.68758e-06
14.25 -3.34873e-06
14.26 -2.27244e-06
14.27 8.05002e-07
14.28 3.90288e-06
14.29 4.94279e-06
14.3 2.984e-06
14.31 -1.17777e-06
14.32 -5.414e-06
14.33 -7.46165e-06
14.34 -6.24594e-06
14.35 -2.55688e-06
14.36 1.3596e-06
14.37 3.10837e-06
14.38 1.57927e-06
14.39 -2.39473e-06
14.4 -6.57919e-06
14.41 -8.71402e-06
14.42 -7.834e-06
14.43 -4.74543e-06
14.44 -1.45826e-06
14.45 8.89664e-09
14.46 -1.24725e-06
14.47 -4.54404e-06
14.48 -8.01237e-06
14.49 -9.64284e-06
14.5 -8.40979e-06
14.51 -4.8424e-06
14.52 -7.17755e-07
14.53 1.94211e-06
14.54 2.00244e-06
14.55 -1.42914e-07
14.56 -2.77632e-06
14.57 -3.82485e-06
14.58 -2.08378e-06
14.59 2.00824e-06
14.6 6.53948e-06
14.61 9.18791e-06
14.62 8.55953e-06
14.63 4.99959e-06
14.64 4.0153e-07
14.65 -2.85439e-06
14.66 -3.21366e-06
14.67 -7.84196e-07
14.68 2.75051e-06
14.69 5.09217e-06
14.7 4.63821e-06
14.71 1.41126e-06
14.72 -2.92731e-06
14.73 -6.00469e-06
14.74 -6.09104e-06
14.75 -3.10726e-06
14.76 1.31027e-06
14.77 4.74576e-06
14.78 5.39676e-06
14.79 3.09285e-06
14.8 -6.55857e-07
14.81 -3.576e-06
14.82 -3.94556e-06
14.83 -1.54702e-06
14.84 2.25565e-06
14.85 5.33369e-06
14.86 6.03396e-06
14.87 4.13377e-06
14.88 9.47844e-07
14.89 -1.4834e-06
14.9 -1.62955e-06
14.91 6.2924e-07
14.92 3.9695e-06
14.93 6.44395e-06
14.94 6.64183e-06
14.95 4.50966e-06
14.96 1.35777e-06
14.97 -9.52128e-07
14.98 -1.14253e-06
14.99 7.33024e-07
15 3.38633e-06
15.01 5.12341e-06
15.02 4.84813e-06
15.03 2.65255e-06
15.04 -2.72622e-07
15.05 -2.29138e-06
15.06 -2.19182e-06
15.07 1.37389e-07
15.08 3.57062e-06
15.09 6.29086e-06
15.1 6.80304e-06
15.11 4.85385e-06
15.12 1.64694e-06
15.13 -8.64741e-07
15.14 -1.20206e-06
15.15 7.05162e-07
15.16 3.50314e-06
15.17 5.3135e-06
15.18 4.91931e-06
15.19 2.46241e-06
15.2 -7.29456e-07
15.21 -2.98144e-06
15.22 -3.21737e-06
15.23 -1.49028e-06
15.24 1.12907e-06
15.25 3.19079e-06
15.26 3.6706e-06
15.27 2.51095e-06
15.28 6.09935e-07
15.29 -7.32545e-07
15.3 -5.97421e-07
15.31 9.98513e-07
15.32 3.11644e-06
15.33 4.4844e-06
15.34 4.29732e-06
15.35 2.71261e-06
15.36 7.2708e-07
15.37 -4.57583e-07
15.38 -1.45481e-07
15.39 1.50429e-06
15.4 3.64196e-06
15.41 5.22802e-06
15.42 5.54969e-06
15.43 4.5103e-06
15.44 2.61921e-06
15.45 7.34274e-07
15.46 -3.37341e-07
15.47 -2.31337e-07
15.48 7.78408e-07
15.49 1.92826e-06
15.5 2.41636e-06
15.51 1.88922e-06
15.52 6.35673e-07
15.53 -6.4097e-07
15.54 -1.29332e-06
15.55 -1.10298e-06
15.56 -3.24898e-07
15.57 5.68175e-07
15.58 1.22003e-06
15.59 1.57432e-06
15.6 1.8093e-06
15.61 2.09622e-06
15.62 2.37465e-06
15.63 2.34171e-06
15.64 1.70445e-06
15.65 5.16929e-07
15.66 -7.02148e-07
15.67 -1.24243e-06
15.68 -7.09588e-07
15.69 6.25501e-07
15.7 1.93303e-06
15.71 2.3255e-06
15.72 1.39836e-06
15.73 -5.36697e-07
15.74 -2.62417e-06
15.75 -3.90273e-06
15.76 -3.7862e-06
15.77 -2.38536e-06
15.78 -5.07159e-07
15.79 7.32559e-07
15.8 5.30425e-07
15.81 -1.11188e-06
15.82 -3.36585e-06
15.83 -5.06687e-06
15.84 -5.40184e-06
15.85 -4.34519e-06
15.86 -2.57981e-06
15.87 -9.9908e-07
15.88 -1.56929e-07
15.89 -2.65987e-08
15.9 -1.69988e-07
15.91 -1.29438e-07
15.92 2.49196e-07
15.93 7.46818e-07
15.94 9.58969e-07
15.95 6.06888e-07
15.96 -2.2732e-07
15.97 -1.10952e-06
15.98 -1.52669e-06
15.99 -1.24651e-06
16 -4.96934e-07
16.01 1.78446e-07
16.02 2.85548e-07
16.03 -2.9774e-07
16.04 -1.25372e-06
16.05 -2.03492e-06
16.06 -2.21115e-06
16.07 -1.75006e-06
16.08 -1.05854e-06
16.09 -7.31712e-07
16.1 -1.14683e-06
16.11 -2.18119e-06
16.12 -3.27455e-06
16.13 -3.80347e-06
16.14 -3.49083e-06
16.15 -2.5515e-06
16.16 -1.49175e-06
16.17 -7.45704e-07
16.18 -4.29889e-07
16.19 -3.65028e-07
16.2 -2.86474e-07
16.21 -4.00861e-08
16.22 3.73517e-07
16.23 8.8062e-07
16.24 1.4212e-06
16.25 1.96016e-06
16.26 2.44334e-06
16.27 2.76909e-06
16.28 2.81423e-06
16.29 2.49368e-06
16.3 1.80838e-06
16.31 8.55064e-07
16.32 -2.00276e-07
16.33 -1.16783e-06
16.34 -1.87836e-06
16.35 -2.21174e-06
16.36 -2.10956e-06
16.37 -1.58672e-06
16.38 -7.54081e-07
16.39 1.60778e-07
16.4 8.33553e-07
16.41 9.38508e-07
16.42 3.09126e-07
16.43 -9.10612e-07
16.44 -2.23927e-06
16.45 -3.03782e-06
16.46 -2.85733e-06
16.47 -1.76254e-06
16.48 -3.82396e-07
16.49 4.19264e-07
16.5 7.88863e-08
16.51 -1.29078e-06
16.52 -2.95861e-06
16.53 -4.02756e-06
16.54 -3.96676e-06
16.55 -2.88145e-06
16.56 -1.3866e-06
16.57 -2.1141e-07
16.58 2.01059e-07
16.59 -1.18359e-07
16.6 -7.47743e-07
16.61 -1.13879e-06
16.62 -9.1831e-07
16.63 -9.59051e-08
16.64 9.17986e-07
16.65 1.52002e-06
16.66 1.27127e-06
16.67 2.0295e-07
16.68 -1.14632e-06
16.69 -2.02122e-06
16.7 -1.89605e-06
16.71 -7.90143e-07
16.72 7.36036e-07
16.73 1.88167e-06
16.74 2.02648e-06
16.75 1.06282e-06
16.76 -5.2184e-07
16.77 -1.87413e-06
16.78 -2.22739e-06
16.79 -1.34195e-06
16.8 3.31883e-07
16.81 1.88763e-06
16.82 2.47423e-06
16.83 1.79292e-06
16.84 2.87166e-07
16.85 -1.09464e-06
16.86 -1.44049e-06
16.87 -4.1564e-07
16.88 1.51444e-06
16.89 3.32288e-06
16.9 3.99743e-06
16.91 3.12407e-06
16.92 1.13721e-06
16.93 -9.13484e-07
16.94 -1.9504e-06
16.95 -1.47492e-06
16.96 1.56246e-07
16.97 1.95033e-06
16.98 2.86774e-06
16.99 2.42669e-06
17 9.51707e-07
17.01 -6.77907e-07
17.02 -1.59503e-06
17.03 -1.4456e-06
17.04 -5.20411e-07
17.05 5.10538e-07
17.06 1.03818e-06
17.07 8.44752e-07
17.08 1.62311e-07
17.09 -5.18856e-07
17.1 -7.45822e-07
17.11 -3.40412e-07
17.12 5.18362e-07
17.13 1.37888e-06
17.14 1.7235e-06
17.15 1.22406e-06
17.16 -5.07248e-08
17.17 -1.5902e-06
17.18 -2.64066e-06
17.19 -2.60679e-06
17.2 -1.45007e-06
17.21 1.93697e-07
17.22 1.32342e-06
17.23 1.16489e-06
17.24 -3.31426e-07
17.25 -2.43625e-06
17.26 -4.08214e-06
17.27 -4.50469e-06
17.28 -3.66728e-06
17.29 -2.22753e-06
17.3 -1.11449e-06
17.31 -9.99136e-07
17.32 -1.94754e-06
17.33 -3.40598e-06
17.34 -4.49828e-06
17.35 -4.48674e-06
17.36 -3.17784e-06
17.37 -1.06501e-06
17.38 8.86833e-07
17.39 1.73185e-06
17.4 1.06833e-06
17.41 -6.91341e-07
17.42 -2.4938e-06
17.43 -3.21623e-06
17.44 -2.33351e-06
17.45 -2.70144e-07
17.46 1.81574e-06
17.47 2.7172e-06
17.48 1.92117e-06
17.49 -5.77339e-08
17.5 -1.97489e-06
17.51 -2.61128e-06
17.52 -1.5146e-06
17.53 7.40986e-07
17.54 2.9245e-06
17.55 3.88798e-06
17.56 3.21108e-06
17.57 1.39466e-06
17.58 -4.5381e-07
17.59 -1.23058e-06
17.6 -4.1683e-07
17.61 1.64734e-06
17.62 3.9256e-06
17.63 5.21556e-06
17.64 4.79035e-06
17.65 2.81197e-06
17.66 2.70066e-07
17.67 -1.54988e-06
17.68 -1.78875e-06
17.69 -5.07796e-07
17.7 1.35732e-06
17.71 2.57387e-06
17.72 2.36668e-06
17.73 8.72009e-07
17.74 -9.82836e-07
17.75 -2.06772e-06
17.76 -1.72389e-06
17.77 -1.34191e-07
17.78 1.79356e-06
17.79 2.94361e-06
17.8 2.62242e-06
17.81 9.59639e-07
17.82 -1.14379e-06
17.83 -2.50272e-06
17.84 -2.31105e-06
17.85 -6.16924e-07
17.86 1.66355e-06
17.87 3.22701e-06
17.88 3.11659e-06
17.89 1.29878e-06
17.9 -1.27781e-06
17.91 -3.21943e-06
17.92 -3.51905e-06
17.93 -2.16604e-06
17.94 -1.42727e-07
17.95 1.18913e-06
17.96 9.22762e-07
17.97 -8.55393e-07
17.98 -3.14648e-06
17.99 -4.67282e-06
18 -4.65204e-06
18.01 -3.22399e-06
18.02 -1.29529e-06
18.03 4.30958e-08
18.04 1.30529e-07
18.05 -9.59197e-07
18.06 -2.52904e-06
18.07 -3.66536e-06
18.08 -3.71753e-06
18.09 -2.63281e-06
18.1 -9.92677e-07
18.11 2.85503e-07
18.12 4.54643e-07
18.13 -6.13657e-07
18.14 -2.31079e-06
18.15 -3.60571e-06
18.16 -3.63561e-06
18.17 -2.23016e-06
18.18 -4.47946e-08
18.19 1.79767e-06
18.2 2.35755e-06
18.21 1.4334e-06
18.22 -3.17405e-07
18.23 -1.76936e-06
18.24 -1.99596e-06
18.25 -8.15381e-07
18.26 1.09864e-06
18.27 2.59083e-06
18.28 2.66464e-06
18.29 1.04402e-06
18.3 -1.63391e-06
18.31 -4.10642e-06
18.32 -5.13427e-06
18.33 -4.18959e-06
18.34 -1.78645e-06
18.35 7.80895e-07
18.36 2.17069e-06
18.37 1.75768e-06
18.38 -3.6179e-08
18.39 -2.02425e-06
18.4 -2.95832e-06
18.41 -2.24021e-06
18.42 -2.48947e-07
18.43 1.8947e-06
18.44 2.99605e-06
18.45 2.49808e-06
18.46 8.0068e-07
18.47 -1.01584e-06
18.48 -1.87797e-06
18.49 -1.36022e-06
18.5 1.23841e-07
18.51 1.65478e-06
18.52 2.39433e-06
18.53 2.04049e-06
18.54 9.14822e-07
18.55 -2.99471e-07
18.56 -9.73187e-07
18.57 -8.70095e-07
18.58 -2.47206e-07
18.59 3.27171e-07
18.6 3.3921e-07
18.61 -3.35769e-07
18.62 -1.35026e-06
18.63 -2.12146e-06
18.64 -2.22968e-06
18.65 -1.69722e-06
18.66 -9.58109e-07
18.67 -5.54795e-07
18.68 -7.77138e-07
18.69 -1.47783e-06
18.7 -2.17683e-06
18.71 -2.38392e-06
18.72 -1.92213e-06
18.73 -1.02899e-06
18.74 -1.7626e-07
18.75 2.3917e-07
18.76 1.06158e-07
18.77 -3.98092e-07
18.78 -9.51807e-07
18.79 -1.25237e-06
18.8 -1.1303e-06
18.81 -6.05628e-07
18.82 1.23846e-07
18.83 7.80956e-07
18.84 1.15742e-06
18.85 1.21393e-06
18.86 1.06567e-06
18.87 8.86974e-07
18.88 8.17728e-07
18.89 9.13923e-07
18.9 1.13733e-06
18.91 1.38181e-06
18.92 1.54391e-06
18.93 1.61068e-06
18.94 1.69082e-06
18.95 1.9337e-06
18.96 2.37534e-06
18.97 2.83783e-06
18.98 2.99366e-06
18.99 2.58502e-06
19 1.65268e-06
19.01 5.93007e-07
19.02 -3.43455e-08
19.03 1.54073e-07
19.04 1.10438e-06
19.05 2.32934e-06
19.06 3.18286e-06
19.07 3.22838e-06
19.08 2.47841e-06
19.09 1.38153e-06
19.1 5.76872e-07
19.11 5.44993e-07
19.12 1.33393e-06
19.13 2.51753e-06
19.14 3.43131e-06
19.15 3.56098e-06
19.16 2.84321e-06
19.17 1.68425e-06
19.18 6.92145e-07
19.19 3.0551e-07
19.2 5.49252e-07
19.21 1.04666e-06
19.22 1.26316e-06
19.23 8.38141e-07
19.24 -1.84939e-07
19.25 -1.36971e-06
19.26 -2.13777e-06
19.27 -2.10259e-06
19.28 -1.27844e-06
19.29 -5.20349e-08
19.3 1.03693e-06
19.31 1.56219e-06
19.32 1.39232e-06
19.33 7.24972e-07
19.34 -2.45304e-08
19.35 -4.318e-07
19.36 -2.77094e-07
19.37 3.44094e-07
19.38 1.07504e-06
19.39 1.48709e-06
19.4 1.30633e-06
19.41 5.69388e-07
19.42 -3.67761e-07
19.43 -9.90653e-07
19.44 -9.02706e-07
19.45 -7.99049e-08
19.46 1.06132e-06
19.47 1.8632e-06
19.48 1.80258e-06
19.49 8.18138e-07
19.5 -6.22692e-07
19.51 -1.76673e-06
19.52 -1.98718e-06
19.53 -1.13251e-06
19.54 3.72815e-07
19.55 1.72778e-06
19.56 2.16336e-06
19.57 1.36688e-06
19.58 -3.01936e-07
19.59 -1.95372e-06
19.6 -2.6404e-06
19.61 -1.91232e-06
19.62 -1.21731e-07
19.63 1.74947e-06
19.64 2.66798e-06
19.65 2.18653e-06
19.66 7.30445e-07
19.67 -6.64796e-07
19.68 -1.00903e-06
19.69 1.20455e-08
19.7 1.83813e-06
19.71 3.38943e-06
19.72 3.7318e-06
19.73 2.61975e-06
19.74 5.97897e-07
19.75 -1.35498e-06
19.76 -2.3889e-06
19.77 -2.22669e-06
19.78 -1.26821e-06
19.79 -3.28715e-07
19.8 -1.70543e-07
19.81 -1.08559e-06
19.82 -2.74699e-06
19.83 -4.39439e-06
19.84 -5.23974e-06
19.85 -4.87843e-06
19.86 -3.50093e-06
19.87 -1.79503e-06
19.88 -5.70563e-07
19.89 -2.92281e-07
19.9 -7.9908e-07
19.91 -1.41443e-06
19.92 -1.40194e-06
19.93 -4.63128e-07
19.94 1.06317e-06
19.95 2.41909e-06
19.96 2.89336e-06
19.97 2.23176e-06
19.98 7.70555e-07
19.99 -7.46892e-07
20 -1.55547e-06
20.01 -1.26035e-06
20.02 -3.65522e-08
20.03 1.474e-06
20.04 2.51159e-06
20.05 2.59369e-06
20.06 1.74309e-06
20.07 4.51583e-07
20.08 -5.81081e-07
20.09 -8.05031e-07
20.1 -1.10226e-07
20.11 1.10357e-06
20.12 2.13627e-06
20.13 2.37717e-06
20.14 1.65107e-06
20.15 3.13684e-07
20.16 -9.51012e-07
20.17 -1.49956e-06
20.18 -1.05594e-06
20.19 1.61397e-07
20.2 1.55879e-06
20.21 2.46725e-06
20.22 2.47296e-06
20.23 1.60879e-06
20.24 3.08701e-07
20.25 -8.38641e-07
20.26 -1.39168e-06
20.27 -1.25294e-06
20.28 -6.7486e-07
20.29 -9.37189e-08
20.3 1.11396e-07
20.31 -1.86747e-07
20.32 -8.06648e-07
20.33 -1.36296e-06
20.34 -1.47764e-06
20.35 -9.85109e-07
20.36 -1.90424e-08
20.37 1.06401e-06
20.38 1.87165e-06
20.39 2.16054e-06
20.4 1.92533e-06
20.41 1.36886e-06
20.42 7.91821e-07
20.43 4.60345e-07
20.44 5.01182e-07
20.45 8.56153e-07
20.46 1.30603e-06
20.47 1.55487e-06
20.48 1.35534e-06
20.49 6.4454e-07
20.5 -3.66062e-07
20.51 -1.22485e-06
20.52 -1.44254e-06
20.53 -7.94258e-07
20.54 4.66328e-07
20.55 1.66747e-06
20.56 2.07318e-06
20.57 1.33054e-06
20.58 -2.78485e-07
20.59 -1.95529e-06
20.6 -2.82056e-06
20.61 -2.42481e-06
20.62 -1.03595e-06
20.63 4.88313e-07
20.64 1.20689e-06
20.65 6.95693e-07
20.66 -6.50302e-07
20.67 -1.85039e-06
20.68 -1.98433e-06
20.69 -8.19914e-07
20.7 1.01293e-06
20.71 2.42009e-06
20.72 2.54024e-06
20.73 1.28453e-06
20.74 -6.09938e-07
20.75 -2.02078e-06
20.76 -2.0905e-06
20.77 -7.0693e-07
20.78 1.43641e-06
20.79 3.20723e-06
20.8 3.62536e-06
20.81 2.38323e-06
20.82 3.88908e-08
20.83 -2.23465e-06
20.84 -3.24947e-06
20.85 -2.4532e-06
20.86 -2.57083e-07
20.87 2.17958e-06
20.88 3.60367e-06
20.89 3.37006e-06
20.9 1.76737e-06
20.91 -2.08967e-07
20.92 -1.46832e-06
20.93 -1.44017e-06
20.94 -3.44394e-07
20.95 1.00241e-06
20.96 1.69151e-06
20.97 1.23033e-06
20.98 -2.15606e-07
20.99 -1.94365e-06
21 -3.10468e-06
21.01 -3.15174e-06
21.02 -2.11802e-06
21.03 -5.7911e-07
21.04 6.81098e-07
21.05 1.10715e-06
21.06 6.50536e-07
21.07 -2.64706e-07
21.08 -1.03231e-06
21.09 -1.20541e-06
21.1 -7.0338e-07
21.11 1.78933e-07
21.12 9.26821e-07
21.13 1.06131e-06
21.14 4.01771e-07
21.15 -7.98648e-07
21.16 -1.95646e-06
21.17 -2.47633e-06
21.18 -2.09573e-06
21.19 -1.0287e-06
21.2 1.78148e-07
21.21 9.64584e-07
21.22 1.04423e-06
21.23 5.10121e-07
21.24 -2.67015e-07
21.25 -8.6627e-07
21.26 -1.0366e-06
21.27 -7.932e-07
21.28 -3.56892e-07
21.29 1.60099e-09
21.3 1.12162e-07
21.31 -1.96573e-08
21.32 -2.35049e-07
21.33 -3.2993e-07
21.34 -2.02051e-07
21.35 4.983e-08
21.36 1.63056e-07
21.37 -1.08032e-07
21.38 -7.81229e-07
21.39 -1.56855e-06
21.4 -2.00849e-06
21.41 -1.73397e-06
21.42 -7.10328e-07
21.43 7.00298e-07
21.44 1.895e-06
21.45 2.33847e-06
21.46 1.86163e-06
21.47 7.70105e-07
21.48 -3.21853e-07
21.49 -8.47545e-07
21.5 -6.22675e-07
21.51 4.72329e-08
21.52 5.60423e-07
21.53 4.05767e-07
21.54 -4.92316e-07
21.55 -1.69735e-06
21.56 -2.51969e-06
21.57 -2.45573e-06
21.58 -1.52043e-06
21.59 -2.48887e-07
21.6 6.35642e-07
21.61 6.67984e-07
21.62 -8.17757e-08
21.63 -1.05887e-06
21.64 -1.5535e-06
21.65 -1.11301e-06
21.66 1.82577e-07
21.67 1.72337e-06
21.68 2.66693e-06
21.69 2.40116e-06
21.7 9.24369e-07
21.71 -1.10722e-06
21.72 -2.73465e-06
21.73 -3.25094e-06
21.74 -2.59657e-06
21.75 -1.34459e-06
21.76 -3.13757e-07
21.77 -8.27448e-08
21.78 -6.91885e-07
21.79 -1.6611e-06
21.8 -2.27998e-06
21.81 -2.01769e-06
21.82 -8.46943e-07
21.83 7.06151e-07
21.84 1.84294e-06
21.85 1.9555e-06
21.86 9.92537e-07
21.87 -4.98587e-07
21.88 -1.67888e-06
21.89 -1.89126e-06
21.9 -1.03162e-06
21.91 3.86405e-07
21.92 1.51014e-06
21.93 1.62466e-06
21.94 5.68354e-07
21.95 -1.15269e-06
21.96 -2.63402e-06
21.97 -3.08541e-06
21.98 -2.29047e-06
21.99 -7.35166e-07
22 6.78188e-07
22.01 1.16109e-06
22.02 4.92654e-07
22.03 -8.71451e-07
22.04 -2.08671e-06
22.05 -2.41729e-06
22.06 -1.64635e-06
22.07 -1.74174e-07
22.08 1.22927e-06
22.09 1.86276e-06
22.1 1.47914e-06
22.11 4.10201e-07
22.12 -6.38646e-07
22.13 -1.0134e-06
22.14 -5.08433e-07
22.15 5.11822e-07
22.16 1.34904e-06
22.17 1.41559e-06
22.18 6.03237e-07
22.19 -6.53271e-07
22.2 -1.64751e-06
22.21 -1.83092e-06
22.22 -1.13504e-06
22.23 5.74379e-09
22.24 9.35865e-07
22.25 1.18291e-06
22.26 7.32141e-07
22.27 8.68956e-09
22.28 -4.05071e-07
22.29 -1.28523e-07
22.3 7.9998e-07
22.31 1.96001e-06
22.32 2.79619e-06
22.33 2.92371e-06
22.34 2.32866e-06
22.35 1.36876e-06
22.36 5.83262e-07
22.37 4.097e-07
22.38 9.49071e-07
22.39 1.90391e-06
22.4 2.73429e-06
22.41 2.95882e-06
22.42 2.43288e-06
22.43 1.43638e-06
22.44 5.14729e-07
22.45 1.69166e-07
22.46 5.79354e-07
22.47 1.51123e-06
22.48 2.45377e-06
22.49 2.90665e-06
22.5 2.66291e-06
22.51 1.92894e-06
22.52 1.20527e-06
22.53 9.85042e-07
22.54 1.44039e-06
22.55 2.28776e-06
22.56 2.9275e-06
22.57 2.79217e-06
22.58 1.70566e-06
22.59 3.2915e-08
22.6 -1.48964e-06
22.61 -2.16119e-06
22.62 -1.72133e-06
22.63 -5.01323e-07
22.64 7.71351e-07
22.65 1.3876e-06
22.66 1.03742e-06
22.67 -5.14022e-08
22.68 -1.26612e-06
22.69 -1.94882e-06
22.7 -1.74442e-06
22.71 -7.89165e-07
22.72 3.56476e-07
22.73 1.00974e-06
22.74 7.525e-07
22.75 -3.15425e-07
22.76 -1.61602e-06
22.77 -2.41539e-06
22.78 -2.24458e-06
22.79 -1.17167e-06
22.8 2.37431e-07
22.81 1.2527e-06
22.82 1.41564e-06
22.83 8.11071e-07
22.84 -5.97155e-09
22.85 -3.92036e-07
22.86 -5.07961e-08
22.87 7.82925e-07
22.88 1.53451e-06
22.89 1.70114e-06
22.9 1.1792e-06
22.91 2.94763e-07
22.92 -4.42155e-07
22.93 -6.59966e-07
22.94 -3.1743e-07
22.95 3.16576e-07
22.96 8.3969e-07
22.97 9.31116e-07
22.98 5.03415e-07
22.99 -2.60992e-07
23 -9.9468e-07
23.01 -1.32076e-06
23.02 -1.05098e-06
23.03 -3.07932e-07
23.04 5.15175e-07
23.05 9.60972e-07
23.06 7.68825e-07
23.07 2.44596e-08
23.08 -8.96996e-07
23.09 -1.54901e-06
23.1 -1.65323e-06
23.11 -1.23222e-06
23.12 -5.828e-07
23.13 -1.14831e-07
23.14 -1.33926e-07
23.15 -6.75286e-07
23.16 -1.48209e-06
23.17 -2.14928e-06
23.18 -2.3519e-06
23.19 -2.02024e-06
23.2 -1.36139e-06
23.21 -7.25658e-07
23.22 -4.03725e-07
23.23 -4.69544e-07
23.24 -7.55038e-07
23.25 -9.69392e-07
23.26 -8.8794e-07
23.27 -4.90507e-07
23.28 3.22879e-08
23.29 3.95966e-07
23.3 3.86246e-07
23.31 -1.64905e-08
23.32 -6.1443e-07
23.33 -1.09184e-06
23.34 -1.19604e-06
23.35 -8.9725e-07
23.36 -4.17512e-07
23.37 -9.57311e-08
23.38 -1.71327e-07
23.39 -6.31777e-07
23.4 -1.22702e-06
23.41 -1.63856e-06
23.42 -1.68633e-06
23.43 -1.43165e-06
23.44 -1.10694e-06
23.45 -9.31e-07
23.46 -9.58347e-07
23.47 -1.0756e-06
23.48 -1.11909e-06
23.49 -9.86479e-07
23.5 -6.58409e-07
23.51 -1.65487e-07
23.52 4.23056e-07
23.53 9.83003e-07
23.54 1.351e-06
23.55 1.4034e-06
23.56 1.14799e-06
23.57 7.45361e-07
23.58 4.25396e-07
23.59 3.4565e-07
23.6 4.85936e-07
23.61 6.55839e-07
23.62 6.21189e-07
23.63 2.72557e-07
23.64 -2.81117e-07
23.65 -7.69312e-07
23.66 -9.37528e-07
23.67 -7.24598e-07
23.68 -3.16404e-07
23.69 -4.10063e-08
23.7 -1.75463e-07
23.71 -7.80839e-07
23.72 -1.65268e-06
23.73 -2.40713e-06
23.74 -2.66137e-06
23.75 -2.22818e-06
23.76 -1.23264e-06
23.77 -8.15907e-08
23.78 7.18295e-07
23.79 8.14625e-07
23.8 2.02137e-07
23.81 -7.60588e-07
23.82 -1.53525e-06
23.83 -1.69819e-06
23.84 -1.18135e-06
23.85 -3.15167e-07
23.86 3.6165e-07
23.87 4.19386e-07
23.88 -2.07879e-07
23.89 -1.18551e-06
23.9 -1.98003e-06
23.91 -2.17211e-06
23.92 -1.68985e-06
23.93 -8.26981e-07
23.94 -4.41533e-08
23.95 3.17585e-07
23.96 2.29262e-07
23.97 -4.9951e-08
23.98 -1.90925e-07
23.99 -4.8056e-08
24 2.37402e-07
24.01 3.56823e-07
24.02 8.07492e-08
24.03 -5.53097e-07
24.04 -1.24109e-06
24.05 -1.59444e-06
24.06 -1.37772e-06
24.07 -6.61999e-07
24.08 1.97201e-07
24.09 7.54802e-07
24.1 7.4253e-07
24.11 2.46326e-07
24.12 -3.30623e-07
24.13 -5.13418e-07
24.14 -5.94262e-08
24.15 8.75501e-07
24.16 1.81415e-06
24.17 2.22776e-06
24.18 1.8373e-06
24.19 7.77754e-07
24.2 -4.62973e-07
24.21 -1.29896e-06
24.22 -1.35766e-06
24.23 -6.76002e-07
24.24 3.26544e-07
24.25 1.08087e-06
24.26 1.18005e-06
24.27 6.03313e-07
24.28 -2.73019e-07
24.29 -8.93683e-07
24.3 -8.5351e-07
24.31 -1.41637e-07
24.32 8.4898e-07
24.33 1.55016e-06
24.34 1.54557e-06
24.35 8.08302e-07
24.36 -2.80148e-07
24.37 -1.13897e-06
24.38 -1.31272e-06
24.39 -7.28386e-07
24.4 2.70668e-07
24.41 1.13694e-06
24.42 1.43814e-06
24.43 1.07869e-06
24.44 3.04654e-07
24.45 -4.69792e-07
24.46 -8.86611e-07
24.47 -8.07599e-07
24.48 -3.648e-07
24.49 1.14721e-07
24.5 2.86393e-07
24.51 -9.71258e-09
24.52 -6.39753e-07
24.53 -1.24315e-06
24.54 -1.44828e-06
24.55 -1.10329e-06
24.56 -3.75101e-07
24.57 3.4424e-07
24.58 6.66795e-07
24.59 4.41238e-07
24.6 -1.46115e-07
24.61 -6.68751e-07
24.62 -7.12003e-07
24.63 -1.3627e-07
24.64 8.14654e-07
24.65 1.64246e-06
24.66 1.89414e-06
24.67 1.44835e-06
24.68 6.01916e-07
24.69 -1.0442e-07
24.7 -2.11099e-07
24.71 3.8946e-07
24.72 1.39525e-06
24.73 2.26589e-06
24.74 2.50844e-06
24.75 1.92431e-06
24.76 7.06786e-07
24.77 -6.46562e-07
24.78 -1.57087e-06
24.79 -1.71975e-06
24.8 -1.15554e-06
24.81 -3.22682e-07
24.82 2.0295e-07
24.83 4.78739e-08
24.84 -7.49859e-07
24.85 -1.78491e-06
24.86 -2.54056e-06
24.87 -2.68378e-06
24.88 -2.22467e-06
24.89 -1.47046e-06
24.9 -8.27477e-07
24.91 -5.76719e-07
24.92 -7.46436e-07
24.93 -1.13684e-06
24.94 -1.45736e-06
24.95 -1.48065e-06
24.96 -1.13665e-06
24.97 -5.25099e-07
24.98 1.43405e-07
24.99 6.58577e-07
25 9.27145e-07
25.01 1.01677e-06
25.02 1.07847e-06
25.03 1.19882e-06
25.04 1.31043e-06
25.05 1.24774e-06
25.06 9.00805e-07
25.07 3.27798e-07
25.08 -2.67988e-07
25.09 -6.63824e-07
25.1 -7.39523e-07
25.11 -5.24877e-07
25.12 -1.76206e-07
25.13 8.74315e-08
25.14 7.6492e-08
25.15 -2.61601e-07
25.16 -7.75602e-07
25.17 -1.15964e-06
25.18 -1.12808e-06
25.19 -6.14469e-07
25.2 1.51422e-07
25.21 7.55692e-07
25.22 8.33343e-07
25.23 2.76666e-07
25.24 -6.97196e-07
25.25 -1.64632e-06
25.26 -2.11874e-06
25.27 -1.88336e-06
25.28 -1.06341e-06
25.29 -8.8606e-08
25.3 5.28489e-07
25.31 4.76409e-07
25.32 -1.77355e-07
25.33 -1.027e-06
25.34 -1.5712e-06
25.35 -1.51561e-06
25.36 -9.47962e-07
25.37 -2.72573e-07
25.38 5.17858e-08
25.39 -2.02225e-07
25.4 -8.99438e-07
25.41 -1.63125e-06
25.42 -1.95497e-06
25.43 -1.64354e-06
25.44 -8.16648e-07
25.45 1.11588e-07
25.46 6.47325e-07
25.47 4.90255e-07
25.48 -2.80631e-07
25.49 -1.22324e-06
25.5 -1.7614e-06
25.51 -1.51345e-06
25.52 -5.35746e-07
25.53 6.74288e-07
25.54 1.44394e-06
25.55 1.32406e-06
25.56 3.81669e-07
25.57 -8.09988e-07
25.58 -1.49625e-06
25.59 -1.18757e-06
25.6 4.42766e-08
25.61 1.59466e-06
25.62 2.6573e-06
25.63 2.66887e-06
25.64 1.62272e-06
25.65 8.07195e-08
25.66 -1.12738e-06
25.67 -1.35861e-06
25.68 -5.1561e-07
25.69 8.97118e-07
25.7 2.06065e-06
25.71 2.31306e-06
25.72 1.52991e-06
25.73 1.89613e-07
25.74 -9.10143e-07
25.75 -1.11336e-06
25.76 -2.80471e-07
25.77 1.12673e-06
25.78 2.29499e-06
25.79 2.51434e-06
25.8 1.59061e-06
25.81 -2.74009e-08
25.82 -1.49897e-06
25.83 -2.08178e-06
25.84 -1.56036e-06
25.85 -3.45618e-07
25.86 8.03188e-07
25.87 1.24056e-06
25.88 7.9236e-07
25.89 -1.84992e-07
25.9 -1.04651e-06
25.91 -1.24228e-06
25.92 -6.23907e-07
25.93 4.88343e-07
25.94 1.50164e-06
25.95 1.89031e-06
25.96 1.48706e-06
25.97 5.67384e-07
25.98 -3.14461e-07
25.99 -6.42164e-07
26 -2.2507e-07
26.01 7.03122e-07
26.02 1.61832e-06
26.03 1.98859e-06
26.04 1.55999e-06
26.05 5.0937e-07
26.06 -6.24587e-07
26.07 -1.22824e-06
26.08 -9.7887e-07
26.09 -6.0087e-08
26.1 9.35425e-07
26.11 1.36791e-06
26.12 9.41005e-07
26.13 -1.29312e-07
26.14 -1.25849e-06
26.15 -1.84268e-06
26.16 -1.60022e-06
26.17 -7.17975e-07
26.18 2.67751e-07
26.19 7.84775e-07
26.2 5.58242e-07
26.21 -2.25885e-07
26.22 -1.02706e-06
26.23 -1.27451e-06
26.24 -7.26453e-07
26.25 3.55756e-07
26.26 1.34495e-06
26.27 1.63257e-06
26.28 1.01836e-06
26.29 -1.57024e-07
26.3 -1.22295e-06
26.31 -1.58281e-06
26.32 -1.05282e-06
26.33 4.73489e-08
26.34 1.07678e-06
26.35 1.42311e-06
26.36 8.45872e-07
26.37 -3.68031e-07
26.38 -1.54223e-06
26.39 -1.99003e-06
26.4 -1.42179e-06
26.41 -1.26362e-07
26.42 1.19643e-06
26.43 1.85233e-06
26.44 1.56099e-06
26.45 6.10238e-07
26.46 -3.29443e-07
26.47 -6.13535e-07
26.48 -1.09814e-08
26.49 1.15903e-06
26.5 2.22164e-06
26.51 2.55285e-06
26.52 1.94926e-06
26.53 7.39735e-07
26.54 -4.15621e-07
26.55 -9.05143e-07
26.56 -5.01287e-07
26.57 5.2513e-07
26.58 1.56152e-06
26.59 1.9914e-06
26.6 1.53105e-06
26.61 3.81288e-07
26.62 -8.87506e-07
26.63 -1.64793e-06
26.64 -1.55026e-06
26.65 -7.01518e-07
26.66 4.00769e-07
26.67 1.14288e-06
26.68 1.13241e-06
26.69 4.14156e-07
26.7 -5.61036e-07
26.71 -1.2008e-06
26.72 -1.11473e-06
26.73 -3.3478e-07
26.74 7.11432e-07
26.75 1.44955e-06
26.76 1.48401e-06
26.77 8.21534e-07
26.78 -1.28306e-07
26.79 -7.80435e-07
26.8 -7.11852e-07
26.81 7.8242e-08
26.82 1.14333e-06
26.83 1.83302e-06
26.84 1.68061e-06
26.85 7.0549e-07
26.86 -5.74513e-07
26.87 -1.45349e-06
26.88 -1.47727e-06
26.89 -7.16542e-07
26.9 3.01691e-07
26.91 9.32043e-07
26.92 7.8271e-07
26.93 -8.81471e-08
26.94 -1.22209e-06
26.95 -2.00319e-06
26.96 -1.97924e-06
26.97 -1.11928e-06
26.98 1.33386e-07
26.99 1.08182e-06
27 1.18212e-06
27.01 3.97015e-07
27.02 -7.52338e-07
27.03 -1.50248e-06
27.04 -1.33819e-06
27.05 -3.24903e-07
27.06 9.46962e-07
27.07 1.7597e-06
27.08 1.72404e-06
27.09 9.89515e-07
27.1 1.02733e-07
27.11 -3.55335e-07
27.12 -1.14907e-07
27.13 6.41009e-07
27.14 1.39881e-06
27.15 1.62691e-06
27.16 1.10146e-06
27.17 4.78686e-08
27.18 -9.91949e-07
27.19 -1.47911e-06
27.2 -1.18276e-06
27.21 -2.98451e-07
27.22 6.66534e-07
27.23 1.16421e-06
27.24 8.92806e-07
27.25 -4.06472e-08
27.26 -1.16824e-06
27.27 -1.90697e-06
27.28 -1.87892e-06
27.29 -1.12396e-06
27.3 -7.15986e-08
27.31 7.17267e-07
27.32 8.80439e-07
27.33 4.52368e-07
27.34 -1.84109e-07
27.35 -5.48521e-07
27.36 -3.57074e-07
27.37 3.08274e-07
27.38 1.04495e-06
27.39 1.36391e-06
27.4 9.88594e-07
27.41 4.91226e-08
27.42 -9.57869e-07
27.43 -1.44307e-06
27.44 -1.07757e-06
27.45 -5.78464e-09
27.46 1.21672e-06
27.47 1.92449e-06
27.48 1.71273e-06
27.49 6.77343e-07
27.5 -6.1151e-07
27.51 -1.41094e-06
27.52 -1.23437e-06
27.53 -1.58123e-07
27.54 1.19884e-06
27.55 2.02964e-06
27.56 1.81584e-06
27.57 6.3161e-07
27.58 -9.02241e-07
27.59 -1.97165e-06
27.6 -2.01545e-06
27.61 -1.021e-06
27.62 4.74159e-07
27.63 1.66682e-06
27.64 1.91519e-06
27.65 1.09045e-06
27.66 -3.45254e-07
27.67 -1.59776e-06
27.68 -1.99918e-06
27.69 -1.38961e-06
27.7 -1.865e-07
27.71 8.91299e-07
27.72 1.25953e-06
27.73 7.94263e-07
27.74 -1.34075e-07
27.75 -9.14939e-07
27.76 -1.07414e-06
27.77 -5.5071e-07
27.78 2.79313e-07
27.79 8.38871e-07
27.8 7.05432e-07
27.81 -1.23393e-07
27.82 -1.21523e-06
27.83 -1.95343e-06
27.84 -1.9037e-06
27.85 -1.07267e-06
27.86 9.7604e-08
27.87 9.89128e-07
27.88 1.15957e-06
27.89 5.82277e-07
27.9 -3.51591e-07
27.91 -1.05983e-06
27.92 -1.09923e-06
27.93 -4.21265e-07
27.94 5.91983e-07
27.95 1.34476e-06
27.96 1.38108e-06
27.97 6.62978e-07
27.98 -4.01349e-07
27.99 -1.19882e-06
28 -1.27383e-06
28.01 -5.95639e-07
28.02 4.21709e-07
28.03 1.15687e-06
28.04 1.14536e-06
28.05 3.64276e-07
28.06 -7.38329e-07
28.07 -1.50314e-06
28.08 -1.45649e-06
28.09 -5.93704e-07
28.1 6.25583e-07
28.11 1.55186e-06
28.12 1.71188e-06
28.13 1.05912e-06
28.14 -1.73225e-08
28.15 -9.22788e-07
28.16 -1.2006e-06
28.17 -7.91908e-07
28.18 -5.03103e-08
28.19 4.99356e-07
28.2 4.9528e-07
28.21 -5.41015e-08
28.22 -8.0322e-07
28.23 -1.28969e-06
28.24 -1.19819e-06
28.25 -5.34786e-07
28.26 3.69536e-07
28.27 1.03823e-06
28.28 1.127e-06
28.29 6.37438e-07
28.3 -7.37196e-08
28.31 -5.02902e-07
28.32 -3.02546e-07
28.33 4.98942e-07
28.34 1.49271e-06
28.35 2.11629e-06
28.36 1.98929e-06
28.37 1.15472e-06
28.38 6.95431e-08
28.39 -6.55655e-07
28.4 -6.10842e-07
28.41 1.73267e-07
28.42 1.23321e-06
28.43 1.92496e-06
28.44 1.78925e-06
28.45 8.33037e-07
28.46 -4.42921e-07
28.47 -1.31286e-06
28.48 -1.25258e-06
28.49 -2.661e-07
28.5 1.10067e-06
28.51 2.07758e-06
28.52 2.12525e-06
28.53 1.24897e-06
28.54 -1.55371e-08
28.55 -9.30493e-07
28.56 -9.98983e-07
28.57 -2.58333e-07
28.58 7.51353e-07
28.59 1.32608e-06
28.6 1.03865e-06
28.61 5.44691e-09
28.62 -1.19321e-06
28.63 -1.88546e-06
28.64 -1.7225e-06
28.65 -8.66153e-07
28.66 1.45584e-07
28.67 7.33025e-07
28.68 5.94148e-07
28.69 -1.50536e-07
28.7 -1.03623e-06
28.71 -1.50874e-06
28.72 -1.23387e-06
28.73 -2.96745e-07
28.74 8.33042e-07
28.75 1.56289e-06
28.76 1.5154e-06
28.77 7.45495e-07
28.78 -2.84191e-07
28.79 -9.51354e-07
28.8 -8.13989e-07
28.81 1.30014e-07
28.82 1.40515e-06
28.83 2.29027e-06
28.84 2.22636e-06
28.85 1.17405e-06
28.86 -3.2254e-07
28.87 -1.44592e-06
28.88 -1.60601e-06
28.89 -7.95264e-07
28.9 4.35311e-07
28.91 1.33639e-06
28.92 1.39975e-06
28.93 6.15873e-07
28.94 -5.58723e-07
28.95 -1.46933e-06
28.96 -1.61791e-06
28.97 -9.30096e-07
28.98 2.09001e-07
28.99 1.18421e-06
29 1.51666e-06
29.01 1.13586e-06
29.02 3.87012e-07
29.03 -2.10419e-07
29.04 -2.79085e-07
29.05 2.16848e-07
29.06 9.8019e-07
29.07 1.56317e-06
29.08 1.61321e-06
29.09 1.05945e-06
29.1 1.53937e-07
29.11 -6.54724e-07
29.12 -9.61648e-07
29.13 -6.37873e-07
29.14 8.606e-08
29.15 7.52118e-07
29.16 9.47682e-07
29.17 5.4276e-07
29.18 -2.54067e-07
29.19 -1.03399e-06
29.2 -1.41838e-06
29.21 -1.2533e-06
29.22 -6.80525e-07
29.23 -5.79021e-08
29.24 2.34565e-07
29.25 7.09924e-09
29.26 -6.26147e-07
29.27 -1.30417e-06
29.28 -1.62238e-06
29.29 -1.36757e-06
29.3 -6.4567e-07
29.31 1.76998e-07
29.32 6.87918e-07
29.33 6.70323e-07
29.34 2.24745e-07
29.35 -3.03598e-07
29.36 -5.42335e-07
29.37 -3.17759e-07
29.38 2.44337e-07
29.39 7.96767e-07
29.4 9.82319e-07
29.41 6.58202e-07
29.42 -4.40765e-09
29.43 -6.18926e-07
29.44 -8.24067e-07
29.45 -5.07752e-07
29.46 1.31787e-07
29.47 7.17304e-07
29.48 9.25542e-07
29.49 6.83179e-07
29.5 2.14127e-07
29.51 -9.60132e-08
29.52 5.16119e-08
29.53 6.60847e-07
29.54 1.41767e-06
29.55 1.87835e-06
29.56 1.74392e-06
29.57 1.03984e-06
29.58 1.00205e-07
29.59 -6.13093e-07
29.6 -7.50524e-07
29.61 -2.64319e-07
29.62 5.4352e-07
29.63 1.16555e-06
29.64 1.18126e-06
29.65 5.33559e-07
29.66 -4.07363e-07
29.67 -1.06509e-06
29.68 -1.03005e-06
29.69 -3.30338e-07
29.7 5.86296e-07
29.71 1.14292e-06
29.72 9.98182e-07
29.73 2.52174e-07
29.74 -6.22744e-07
29.75 -1.0679e-06
29.76 -7.63144e-07
29.77 1.92792e-07
29.78 1.33633e-06
29.79 2.08833e-06
29.8 2.0614e-06
29.81 1.2624e-06
29.82 8.35503e-08
29.83 -9.11753e-07
29.84 -1.28906e-06
29.85 -9.63518e-07
29.86 -2.25156e-07
29.87 4.37309e-07
29.88 6.15722e-07
29.89 2.12328e-07
29.9 -5.13428e-07
29.91 -1.11496e-06
29.92 -1.23891e-06
29.93 -8.30419e-07
29.94 -1.3794e-07
29.95 4.58487e-07
29.96 6.64748e-07
29.97 4.10892e-07
29.98 -1.40841e-07
29.99 -7.00301e-07
30 -1.00752e-06
30.01 -9.65141e-07
30.02 -6.73473e-07
30.03 -3.49976e-07
30.04 -1.9159e-07
30.05 -2.72778e-07
30.06 -5.31321e-07
30.07 -8.22612e-07
30.08 -9.92673e-07
30.09 -9.39692e-07
30.1 -6.55666e-07
30.11 -2.36475e-07
30.12 1.55777e-07
30.13 3.73304e-07
30.14 3.66016e-07
30.15 2.12763e-07
30.16 7.1555e-08
30.17 7.5793e-08
30.18 2.48314e-07
30.19 4.95651e-07
30.2 6.81387e-07
30.21 7.16545e-07
30.22 6.03249e-07
30.23 4.16827e-07
30.24 2.54954e-07
30.25 1.8825e-07
30.26 2.31125e-07
30.27 3.38783e-07
30.28 4.2902e-07
30.29 4.20928e-07
30.3 2.76905e-07
30.31 3.03695e-08
30.32 -2.1947e-07
30.33 -3.53719e-07
30.34 -3.01855e-07
30.35 -8.87369e-08
30.36 1.75063e-07
30.37 3.55142e-07
30.38 3.64751e-07
30.39 2.01528e-07
30.4 -6.28149e-08
30.41 -3.20396e-07
30.42 -4.68538e-07
30.43 -4.4567e-07
30.44 -2.60339e-07
30.45 -1.43134e-09
30.46 1.909e-07
30.47 1.96263e-07
30.48 -8.15295e-09
30.49 -3.18044e-07
30.5 -5.50361e-07
30.51 -5.45847e-07
30.52 -2.65459e-07
30.53 1.74337e-07
30.54 5.47838e-07
30.55 6.29461e-07
30.56 3.18394e-07
30.57 -2.83498e-07
30.58 -8.92806e-07
30.59 -1.17532e-06
30.6 -9.33579e-07
30.61 -2.48109e-07
30.62 5.26926e-07
30.63 9.40708e-07
30.64 7.1306e-07
30.65 -6.80373e-08
30.66 -9.61167e-07
30.67 -1.41794e-06
30.68 -1.12221e-06
30.69 -2.0256e-07
30.7 8.31262e-07
30.71 1.39577e-06
30.72 1.18799e-06
30.73 3.61063e-07
30.74 -5.80398e-07
30.75 -1.08483e-06
30.76 -8.6458e-07
30.77 -3.89862e-08
30.78 9.48549e-07
30.79 1.5734e-06
30.8 1.50096e-06
30.81 7.56971e-07
30.82 -2.8339e-07
30.83 -1.09006e-06
30.84 -1.26543e-06
30.85 -7.6954e-07
30.86 5.3869e-08
30.87 6.7759e-07
30.88 7.03495e-07
30.89 9.82558e-08
30.9 -7.91104e-07
30.91 -1.44707e-06
30.92 -1.48484e-06
30.93 -8.68544e-07
30.94 7.64284e-08
30.95 8.48827e-07
30.96 1.04318e-06
30.97 5.60629e-07
30.98 -3.46985e-07
30.99 -1.21407e-06
31 -1.60004e-06
31.01 -1.30609e-06
31.02 -4.6913e-07
31.03 5.04309e-07
31.04 1.13667e-06
31.05 1.12491e-06
31.06 5.07567e-07
31.07 -3.54362e-07
31.08 -9.8727e-07
31.09 -1.0798e-06
31.1 -6.4918e-07
31.11 -4.08906e-09
31.12 4.54987e-07
31.13 4.68543e-07
31.14 5.74673e-08
31.15 -4.94056e-07
31.16 -7.98473e-07
31.17 -5.88083e-07
31.18 1.1706e-07
31.19 9.99467e-07
31.2 1.61218e-06
31.21 1.63356e-06
31.22 1.05731e-06
31.23 2.00812e-07
31.24 -4.76889e-07
31.25 -6.41323e-07
31.26 -2.73116e-07
31.27 3.34695e-07
31.28 7.71083e-07
31.29 7.68192e-07
31.3 3.60914e-07
31.31 -1.53467e-07
31.32 -4.19432e-07
31.33 -2.51944e-07
31.34 2.53613e-07
31.35 7.87349e-07
31.36 1.01455e-06
31.37 7.72335e-07
31.38 1.62639e-07
31.39 -5.06437e-07
31.4 -8.94607e-07
31.41 -8.18814e-07
31.42 -3.4961e-07
31.43 2.38307e-07
31.44 6.26976e-07
31.45 6.30829e-07
31.46 2.90224e-07
31.47 -1.62651e-07
31.48 -4.4276e-07
31.49 -3.77104e-07
31.5 2.67251e-09
31.51 4.96063e-07
31.52 8.65166e-07
31.53 9.6543e-07
31.54 7.99451e-07
31.55 4.89261e-07
31.56 2.05913e-07
31.57 8.92739e-08
31.58 1.81676e-07
31.59 4.07349e-07
31.6 6.20426e-07
31.61 6.97044e-07
31.62 6.04681e-07
31.63 3.9891e-07
31.64 1.63441e-07
31.65 -4.60031e-08
31.66 -2.13236e-07
31.67 -3.39369e-07
31.68 -4.21483e-07
31.69 -4.51632e-07
31.7 -4.31939e-07
31.71 -3.88263e-07
31.72 -3.62135e-07
31.73 -3.76575e-07
31.74 -4.04969e-07
31.75 -3.84328e-07
31.76 -2.72778e-07
31.77 -9.62692e-08
31.78 6.60848e-08
31.79 1.43954e-07
31.8 1.24899e-07
31.81 5.45921e-08
31.82 5.87839e-09
31.83 4.83302e-08
31.84 2.21083e-07
31.85 4.99366e-07
31.86 7.75638e-07
31.87 8.96867e-07
31.88 7.57825e-07
31.89 3.8412e-07
31.9 -6.75893e-08
31.91 -3.97504e-07
31.92 -4.74781e-07
31.93 -3.00236e-07
31.94 1.09932e-08
31.95 3.04141e-07
31.96 4.63501e-07
31.97 4.49867e-07
31.98 2.9157e-07
31.99 5.90895e-08
32 -1.526e-07
32.01 -2.44079e-07
32.02 -1.54907e-07
32.03 8.41248e-08
32.04 3.43225e-07
32.05 4.65171e-07
32.06 3.77804e-07
32.07 1.56008e-07
32.08 -2.64511e-08
32.09 -4.06051e-08
32.1 1.03455e-07
32.11 2.81704e-07
32.12 3.47233e-07
32.13 2.39247e-07
32.14 3.05278e-08
32.15 -1.33583e-07
32.16 -1.4707e-07
32.17 -9.58434e-09
32.18 1.94989e-07
32.19 3.68915e-07
32.2 4.54486e-07
32.21 4.43645e-07
32.22 3.61445e-07
32.23 2.50336e-07
32.24 1.61275e-07
32.25 1.40052e-07
32.26 2.02567e-07
32.27 3.14459e-07
32.28 4.02418e-07
32.29 4.03401e-07
32.3 3.16016e-07
32.31 2.04053e-07
32.32 1.43939e-07
32.33 1.65129e-07
32.34 2.38107e-07
32.35 3.1195e-07
32.36 3.55505e-07
32.37 3.64511e-07
32.38 3.42844e-07
32.39 2.91526e-07
32.4 2.18944e-07
32.41 1.51507e-07
32.42 1.20367e-07
32.43 1.30629e-07
32.44 1.46517e-07
32.45 1.15369e-07
32.46 1.46082e-08
32.47 -1.20497e-07
32.48 -2.16536e-07
32.49 -2.17105e-07
32.5 -1.32544e-07
32.51 -4.76356e-08
32.52 -7.83012e-08
32.53 -2.97422e-07
32.54 -6.6942e-07
32.55 -1.03911e-06
32.56 -1.20201e-06
32.57 -1.03266e-06
32.58 -5.89711e-07
32.59 -1.09612e-07
32.6 1.27755e-07
32.61 -2.15808e-08
32.62 -4.64474e-07
32.63 -9.18089e-07
32.64 -1.07767e-06
32.65 -8.01648e-07
32.66 -2.01329e-07
32.67 4.20968e-07
32.68 7.48714e-07
32.69 6.34611e-07
32.7 1.79975e-07
32.71 -3.32359e-07
32.72 -6.04953e-07
32.73 -4.92253e-07
32.74 -7.38606e-08
32.75 4.01373e-07
32.76 6.63486e-07
32.77 5.74872e-07
32.78 2.01966e-07
32.79 -2.33257e-07
32.8 -4.90383e-07
32.81 -4.52791e-07
32.82 -1.88385e-07
32.83 1.06439e-07
32.84 2.3833e-07
32.85 1.34242e-07
32.86 -1.28508e-07
32.87 -3.85313e-07
32.88 -4.86408e-07
32.89 -3.74967e-07
32.9 -1.1031e-07
32.91 1.63177e-07
32.92 2.88913e-07
32.93 1.87931e-07
32.94 -8.24384e-08
32.95 -3.50212e-07
32.96 -4.30559e-07
32.97 -2.43178e-07
32.98 1.33629e-07
32.99 5.04542e-07
33 6.67601e-07
33.01 5.32888e-07
33.02 1.83078e-07
33.03 -1.68124e-07
33.04 -3.06298e-07
33.05 -1.55416e-07
33.06 1.71915e-07
33.07 4.50744e-07
33.08 4.91035e-07
33.09 2.53308e-07
33.1 -1.36325e-07
33.11 -4.66893e-07
33.12 -5.62253e-07
33.13 -3.75117e-07
33.14 -1.07784e-08
33.15 3.30663e-07
33.16 4.63782e-07
33.17 3.19133e-07
33.18 -1.95104e-08
33.19 -3.61932e-07
33.2 -5.1869e-07
33.21 -4.12798e-07
33.22 -1.29697e-07
33.23 1.3332e-07
33.24 1.92892e-07
33.25 -2.12993e-09
33.26 -3.40004e-07
33.27 -6.19809e-07
33.28 -6.7649e-07
33.29 -4.77435e-07
33.3 -1.34935e-07
33.31 1.67184e-07
33.32 2.81957e-07
33.33 1.74141e-07
33.34 -7.69809e-08
33.35 -3.34456e-07
33.36 -4.78772e-07
33.37 -4.6438e-07
33.38 -3.37121e-07
33.39 -2.0475e-07
33.4 -1.7014e-07
33.41 -2.62759e-07
33.42 -4.16705e-07
33.43 -5.17741e-07
33.44 -4.88725e-07
33.45 -3.48611e-07
33.46 -1.98904e-07
33.47 -1.47218e-07
33.48 -2.23992e-07
33.49 -3.53873e-07
33.5 -4.0665e-07
33.51 -2.94321e-07
33.52 -3.98888e-08
33.53 2.38426e-07
33.54 4.11311e-07
33.55 4.17023e-07
33.56 2.78801e-07
33.57 7.03639e-08
33.58 -1.2745e-07
33.59 -2.55695e-07
33.6 -2.94681e-07
33.61 -2.70309e-07
33.62 -2.40296e-07
33.63 -2.60451e-07
33.64 -3.50525e-07
33.65 -4.837e-07
33.66 -6.06694e-07
33.67 -6.73685e-07
33.68 -6.68038e-07
33.69 -6.00838e-07
33.7 -4.98825e-07
33.71 -3.97014e-07
33.72 -3.30479e-07
33.73 -3.12681e-07
33.74 -3.151e-07
33.75 -2.83655e-07
33.76 -1.93819e-07
33.77 -8.97605e-08
33.78 -5.44529e-08
33.79 -1.30837e-07
33.8 -2.73774e-07
33.81 -3.8254e-07
33.82 -3.78038e-07
33.83 -2.50499e-07
33.84 -5.07296e-08
33.85 1.41818e-07
33.86 2.43793e-07
33.87 1.93913e-07
33.88 -1.08291e-08
33.89 -2.95045e-07
33.9 -5.32742e-07
33.91 -6.14292e-07
33.92 -5.09486e-07
33.93 -2.88148e-07
33.94 -8.48778e-08
33.95 -2.2153e-08
33.96 -1.35208e-07
33.97 -3.52173e-07
33.98 -5.46414e-07
33.99 -6.18062e-07
34 -5.41251e-07
34.01 -3.54187e-07
34.02 -1.20951e-07
34.03 9.75463e-08
34.04 2.55737e-07
34.05 3.32331e-07
34.06 3.39378e-07
34.07 3.17024e-07
34.08 3.05853e-07
34.09 3.14214e-07
34.1 3.10393e-07
34.11 2.52481e-07
34.12 1.36368e-07
34.13 2.08719e-08
34.14 -1.19945e-09
34.15 1.25585e-07
34.16 3.62629e-07
34.17 5.90998e-07
34.18 6.90754e-07
34.19 6.20436e-07
34.2 4.36632e-07
34.21 2.53414e-07
34.22 1.82265e-07
34.23 2.80611e-07
34.24 5.13888e-07
34.25 7.46843e-07
34.26 7.98056e-07
34.27 5.57533e-07
34.28 9.01635e-08
34.29 -3.77007e-07
34.3 -5.98327e-07
34.31 -4.76008e-07
34.32 -1.17728e-07
34.33 2.47207e-07
34.34 4.13229e-07
34.35 3.03309e-07
34.36 -1.05086e-08
34.37 -3.55257e-07
34.38 -5.4172e-07
34.39 -4.56907e-07
34.4 -1.28689e-07
34.41 2.77498e-07
34.42 5.42438e-07
34.43 5.18416e-07
34.44 2.2409e-07
34.45 -1.50271e-07
34.46 -3.38673e-07
34.47 -1.51678e-07
34.48 3.98646e-07
34.49 1.08154e-06
34.5 1.5619e-06
34.51 1.58756e-06
34.52 1.1389e-06
34.53 4.48596e-07
34.54 -1.23657e-07
34.55 -2.91817e-07
34.56 -6.07329e-09
34.57 5.16297e-07
34.58 9.13903e-07
34.59 8.92049e-07
34.6 3.99681e-07
34.61 -3.33646e-07
34.62 -9.24028e-07
34.63 -1.04893e-06
34.64 -6.29572e-07
34.65 1.21098e-07
34.66 8.13714e-07
34.67 1.10179e-06
34.68 8.81394e-07
34.69 3.49432e-07
34.7 -1.18728e-07
34.71 -1.9603e-07
34.72 2.04898e-07
34.73 8.84004e-07
34.74 1.46568e-06
34.75 1.60289e-06
34.76 1.17046e-06
34.77 3.5158e-07
34.78 -4.39371e-07
34.79 -7.77797e-07
34.8 -4.80425e-07
34.81 2.69894e-07
34.82 1.019e-06
34.83 1.30726e-06
34.84 9.443e-07
34.85 1.26322e-07
34.86 -6.72257e-07
34.87 -9.68503e-07
34.88 -5.47244e-07
34.89 4.12023e-07
34.9 1.42748e-06
34.91 1.97494e-06
34.92 1.77551e-06
34.93 9.56724e-07
34.94 -6.93046e-09
34.95 -5.56885e-07
34.96 -3.79194e-07
34.97 3.97781e-07
34.98 1.27379e-06
34.99 1.68589e-06
35 1.36149e-06
35.01 4.84025e-07
35.02 -4.30941e-07
35.03 -8.57677e-07
35.04 -5.71743e-07
35.05 2.31961e-07
35.06 1.07027e-06
35.07 1.46319e-06
35.08 1.20906e-06
35.09 4.82244e-07
35.1 -2.92026e-07
35.11 -6.91934e-07
35.12 -5.24332e-07
35.13 9.12022e-08
35.14 7.96099e-07
35.15 1.17471e-06
35.16 9.71238e-07
35.17 2.49823e-07
35.18 -6.05743e-07
35.19 -1.09667e-06
35.2 -9.18083e-07
35.21 -1.61795e-07
35.22 7.38978e-07
35.23 1.28021e-06
35.24 1.17942e-06
35.25 5.12542e-07
35.26 -3.52586e-07
35.27 -9.60931e-07
35.28 -1.00803e-06
35.29 -5.04211e-07
35.3 2.24728e-07
35.31 7.23779e-07
35.32 6.85154e-07
35.33 1.37269e-07
35.34 -5.79447e-07
35.35 -1.02635e-06
35.36 -9.29086e-07
35.37 -3.36016e-07
35.38 4.12343e-07
35.39 8.86958e-07
35.4 8.30655e-07
35.41 3.13129e-07
35.42 -3.20329e-07
35.43 -6.69002e-07
35.44 -5.19552e-07
35.45 3.63075e-08
35.46 6.6796e-07
35.47 1.0062e-06
35.48 8.58802e-07
35.49 3.18405e-07
35.5 -2.97765e-07
35.51 -6.38016e-07
35.52 -5.20698e-07
35.53 -3.48887e-08
35.54 5.1239e-07
35.55 7.67404e-07
35.56 5.31308e-07
35.57 -1.12146e-07
35.58 -8.26324e-07
35.59 -1.21374e-06
35.6 -1.05882e-06
35.61 -4.55399e-07
35.62 2.63903e-07
35.63 7.30442e-07
35.64 7.36035e-07
35.65 3.27089e-07
35.66 -2.28177e-07
35.67 -5.8202e-07
35.68 -5.0383e-07
35.69 -2.72736e-08
35.7 5.59811e-07
35.71 9.00107e-07
35.72 8.09477e-07
35.73 4.03146e-07
35.74 1.19944e-08
35.75 -4.91545e-08
35.76 3.02962e-07
35.77 8.64057e-07
35.78 1.27601e-06
35.79 1.2588e-06
35.8 7.91275e-07
35.81 1.27773e-07
35.82 -3.56026e-07
35.83 -3.87368e-07
35.84 4.7003e-08
35.85 6.99506e-07
35.86 1.20749e-06
35.87 1.29704e-06
35.88 9.29449e-07
35.89 3.11743e-07
35.9 -2.28221e-07
35.91 -4.25326e-07
35.92 -2.14758e-07
35.93 2.4619e-07
35.94 6.73252e-07
35.95 8.10812e-07
35.96 5.69651e-07
35.97 7.94898e-08
35.98 -3.76286e-07
35.99 -5.20782e-07
36 -2.54231e-07
36.01 2.73736e-07
36.02 7.48585e-07
36.03 8.85482e-07
36.04 6.07107e-07
36.05 8.96263e-08
36.06 -3.46175e-07
36.07 -4.26069e-07
36.08 -8.63397e-08
36.09 4.78384e-07
36.1 9.19459e-07
36.11 9.48148e-07
36.12 5.32664e-07
36.13 -6.60812e-08
36.14 -4.62793e-07
36.15 -4.05414e-07
36.16 6.43601e-08
36.17 6.53533e-07
36.18 1.01523e-06
36.19 9.57374e-07
36.2 5.38241e-07
36.21 1.43912e-08
36.22 -3.10353e-07
36.23 -2.49933e-07
36.24 1.6379e-07
36.25 6.93204e-07
36.26 1.01902e-06
36.27 9.2078e-07
36.28 4.17764e-07
36.29 -2.21035e-07
36.3 -6.23222e-07
36.31 -5.38951e-07
36.32 -2.4036e-09
36.33 6.82688e-07
36.34 1.12437e-06
36.35 1.07048e-06
36.36 5.48114e-07
36.37 -1.51433e-07
36.38 -6.27248e-07
36.39 -5.90153e-07
36.4 -3.88495e-08
36.41 7.21045e-07
36.42 1.24888e-06
36.43 1.23641e-06
36.44 6.9769e-07
36.45 -4.29858e-08
36.46 -5.511e-07
36.47 -5.38645e-07
36.48 -2.72214e-08
36.49 6.65766e-07
36.5 1.10595e-06
36.51 9.93303e-07
36.52 3.49722e-07
36.53 -4.72807e-07
36.54 -9.83813e-07
36.55 -8.42425e-07
36.56 -7.10412e-08
36.57 9.38015e-07
36.58 1.6352e-06
36.59 1.62805e-06
36.6 9.14193e-07
36.61 -1.07988e-07
36.62 -8.61862e-07
36.63 -9.20732e-07
36.64 -2.53926e-07
36.65 7.488e-07
36.66 1.49351e-06
36.67 1.52574e-06
36.68 8.06702e-07
36.69 -2.50031e-07
36.7 -1.01782e-06
36.71 -1.03369e-06
36.72 -2.80116e-07
36.73 8.03082e-07
36.74 1.58141e-06
36.75 1.59951e-06
36.76 8.42364e-07
36.77 -2.63175e-07
36.78 -1.09677e-06
36.79 -1.19536e-06
36.8 -5.12331e-07
36.81 5.54456e-07
36.82 1.38527e-06
36.83 1.49732e-06
36.84 8.36322e-07
36.85 -1.8178e-07
36.86 -9.17537e-07
36.87 -8.95713e-07
36.88 -9.23386e-08
36.89 1.05386e-06
36.9 1.90479e-06
36.91 1.99718e-06
36.92 1.30899e-06
36.93 2.69585e-07
36.94 -4.88733e-07
36.95 -4.97282e-07
36.96 2.73477e-07
36.97 1.39186e-06
36.98 2.21514e-06
36.99 2.26866e-06
37 1.52948e-06
37.01 4.42933e-07
37.02 -3.41454e-07
37.03 -3.60641e-07
37.04 3.77309e-07
37.05 1.38983e-06
37.06 2.00839e-06
37.07 1.79026e-06
37.08 7.99416e-07
37.09 -4.23673e-07
37.1 -1.18875e-06
37.11 -1.07357e-06
37.12 -1.73592e-07
37.13 9.61712e-07
37.14 1.6559e-06
37.15 1.49604e-06
37.16 5.62798e-07
37.17 -6.24799e-07
37.18 -1.41336e-06
37.19 -1.39147e-06
37.2 -6.17737e-07
37.21 4.33168e-07
37.22 1.16631e-06
37.23 1.21414e-06
37.24 6.25985e-07
37.25 -1.95284e-07
37.26 -7.45429e-07
37.27 -7.02606e-07
37.28 -9.42325e-08
37.29 7.25556e-07
37.3 1.27069e-06
37.31 1.19703e-06
37.32 5.138e-07
37.33 -3.99403e-07
37.34 -1.0063e-06
37.35 -9.43256e-07
37.36 -2.49729e-07
37.37 6.61262e-07
37.38 1.26835e-06
37.39 1.25452e-06
37.4 6.70667e-07
37.41 -1.20128e-07
37.42 -6.55857e-07
37.43 -6.27081e-07
37.44 -4.74975e-08
37.45 7.45097e-07
37.46 1.27418e-06
37.47 1.20518e-06
37.48 5.53595e-07
37.49 -3.17072e-07
37.5 -9.12697e-07
37.51 -9.04254e-07
37.52 -3.18548e-07
37.53 4.86138e-07
37.54 1.03627e-06
37.55 1.01966e-06
37.56 4.62189e-07
37.57 -2.95623e-07
37.58 -8.06644e-07
37.59 -7.85211e-07
37.6 -2.74221e-07
37.61 3.88812e-07
37.62 7.83213e-07
37.63 6.61378e-07
37.64 9.16621e-08
37.65 -5.95038e-07
37.66 -1.01255e-06
37.67 -9.46244e-07
37.68 -4.64315e-07
37.69 1.41131e-07
37.7 5.35824e-07
37.71 5.37199e-07
37.72 2.10129e-07
37.73 -1.88062e-07
37.74 -3.78807e-07
37.75 -2.42521e-07
37.76 1.09987e-07
37.77 4.22643e-07
37.78 4.73229e-07
37.79 2.17212e-07
37.8 -1.99327e-07
37.81 -5.48837e-07
37.82 -6.61747e-07
37.83 -5.06734e-07
37.84 -1.87271e-07
37.85 1.16404e-07
37.86 2.26685e-07
37.87 5.09462e-08
37.88 -3.59777e-07
37.89 -8.18768e-07
37.9 -1.09785e-06
37.91 -1.06215e-06
37.92 -7.54341e-07
37.93 -3.66454e-07
37.94 -1.19511e-07
37.95 -1.34653e-07
37.96 -3.73999e-07
37.97 -6.75142e-07
37.98 -8.49543e-07
37.99 -7.88405e-07
38 -5.19287e-07
38.01 -1.82336e-07
38.02 5.69317e-08
38.03 1.00673e-07
38.04 -3.78313e-08
38.05 -2.54507e-07
38.06 -4.14189e-07
38.07 -4.16908e-07
38.08 -2.47108e-07
38.09 1.29558e-08
38.1 2.20121e-07
38.11 2.49782e-07
38.12 7.47765e-08
38.13 -2.12476e-07
38.14 -4.56114e-07
38.15 -5.33927e-07
38.16 -4.28073e-07
38.17 -2.26572e-07
38.18 -6.46677e-08
38.19 -4.88431e-08
38.2 -2.03199e-07
38.21 -3.9914e-07
38.22 -4.44631e-07
38.23 -2.82098e-07
38.24 -1.55786e-08
38.25 1.87228e-07
38.26 1.96273e-07
38.27 -1.12168e-08
38.28 -3.38315e-07
38.29 -6.18034e-07
38.3 -7.04856e-07
38.31 -5.6254e-07
38.32 -2.92349e-07
38.33 -7.29369e-08
38.34 -4.29256e-08
38.35 -2.06569e-07
38.36 -4.32938e-07
38.37 -5.48222e-07
38.38 -4.473e-07
38.39 -1.42506e-07
38.4 2.69023e-07
38.41 6.69078e-07
38.42 9.56495e-07
38.43 1.0528e-06
38.44 9.08657e-07
38.45 5.31278e-07
38.46 1.1924e-08
38.47 -4.83875e-07
38.48 -7.74621e-07
38.49 -7.43276e-07
38.5 -3.98829e-07
38.51 1.11552e-07
38.52 5.52547e-07
38.53 7.04392e-07
38.54 4.8041e-07
38.55 -8.70069e-09
38.56 -4.98739e-07
38.57 -7.14758e-07
38.58 -5.2948e-07
38.59 -3.63312e-08
38.6 5.05496e-07
38.61 8.13293e-07
38.62 7.27448e-07
38.63 2.9165e-07
38.64 -2.684e-07
38.65 -6.62771e-07
38.66 -6.99621e-07
38.67 -4.022e-07
38.68 -1.85403e-09
38.69 1.98027e-07
38.7 4.33586e-09
38.71 -5.50647e-07
38.72 -1.22583e-06
38.73 -1.70148e-06
38.74 -1.74866e-06
38.75 -1.35243e-06
38.76 -7.25428e-07
38.77 -1.98561e-07
38.78 -4.34425e-08
38.79 -3.26362e-07
38.8 -8.75503e-07
38.81 -1.37565e-06
38.82 -1.5391e-06
38.83 -1.26699e-06
38.84 -7.12692e-07
38.85 -1.987e-07
38.86 -2.42232e-08
38.87 -2.82812e-07
38.88 -8.11116e-07
38.89 -1.29649e-06
38.9 -1.46154e-06
38.91 -1.20812e-06
38.92 -6.52682e-07
38.93 -5.72421e-08
38.94 3.0015e-07
38.95 2.60796e-07
38.96 -1.32215e-07
38.97 -6.52194e-07
38.98 -1.0081e-06
38.99 -1.0029e-06
39 -6.42536e-07
39.01 -1.35462e-07
39.02 2.1908e-07
39.03 1.99248e-07
39.04 -2.05446e-07
39.05 -7.78573e-07
39.06 -1.19965e-06
39.07 -1.23428e-06
39.08 -8.71402e-07
39.09 -3.23898e-07
39.1 9.79026e-08
39.11 1.55736e-07
39.12 -1.96813e-07
39.13 -7.94027e-07
39.14 -1.33759e-06
39.15 -1.54198e-06
39.16 -1.28558e-06
39.17 -6.9035e-07
39.18 -7.04657e-08
39.19 2.41181e-07
39.2 9.24214e-08
39.21 -3.93394e-07
39.22 -8.96378e-07
39.23 -1.10202e-06
39.24 -8.90862e-07
39.25 -3.97013e-07
39.26 8.77404e-08
39.27 2.91722e-07
39.28 1.16652e-07
39.29 -3.11958e-07
39.3 -7.19047e-07
39.31 -8.39456e-07
39.32 -5.74525e-07
39.33 -5.22681e-08
39.34 4.45406e-07
39.35 6.39414e-07
39.36 3.98842e-07
39.37 -1.97518e-07
39.38 -8.99454e-07
39.39 -1.39911e-06
39.4 -1.47819e-06
39.41 -1.12842e-06
39.42 -5.72314e-07
39.43 -1.46152e-07
39.44 -9.90179e-08
39.45 -4.39059e-07
39.46 -9.34762e-07
39.47 -1.26616e-06
39.48 -1.21914e-06
39.49 -8.03536e-07
39.5 -2.38835e-07
39.51 1.72568e-07
39.52 2.15472e-07
39.53 -1.12044e-07
39.54 -5.89595e-07
39.55 -9.0016e-07
39.56 -8.24838e-07
39.57 -3.84265e-07
39.58 1.7099e-07
39.59 5.18059e-07
39.6 4.62283e-07
39.61 5.11359e-08
39.62 -4.62142e-07
39.63 -7.71662e-07
39.64 -6.94473e-07
39.65 -2.72863e-07
39.66 2.50033e-07
39.67 5.69748e-07
39.68 4.99065e-07
39.69 8.07704e-08
39.7 -4.36034e-07
39.71 -7.43572e-07
39.72 -6.57129e-07
39.73 -2.21403e-07
39.74 3.19589e-07
39.75 6.67467e-07
39.76 6.42082e-07
39.77 2.8201e-07
39.78 -1.82452e-07
39.79 -4.65523e-07
39.8 -3.91769e-07
39.81 3.78507e-09
39.82 4.98385e-07
39.83 8.13241e-07
39.84 7.76881e-07
39.85 4.24432e-07
39.86 -2.48212e-08
39.87 -2.97302e-07
39.88 -2.25316e-07
39.89 1.56232e-07
39.9 6.32175e-07
39.91 9.34119e-07
39.92 8.97206e-07
39.93 5.55102e-07
39.94 1.18548e-07
39.95 -1.48992e-07
39.96 -8.52661e-08
39.97 2.77209e-07
39.98 7.31893e-07
39.99 1.02016e-06
40 9.8241e-07
40.01 6.50151e-07
40.02 2.25844e-07
40.03 -3.65841e-08
40.04 1.98707e-08
40.05 3.64744e-07
40.06 7.99603e-07
40.07 1.0752e-06
40.08 1.03713e-06
40.09 7.14903e-07
40.1 3.03064e-07
40.11 4.63259e-08
40.12 9.65819e-08
40.13 4.25288e-07
40.14 8.41767e-07
40.15 1.10578e-06
40.16 1.06795e-06
40.17 7.55904e-07
40.18 3.56566e-07
40.19 -8.74305e-09
