0.01 -3.08668e-07
0.02 -1.19456e-06
0.03 -2.29775e-06
0.04 -2.97185e-06
0.05 -2.83003e-06
0.06 -1.96522e-06
0.07 -8.9161e-07
0.08 -2.41199e-07
0.09 -3.94515e-07
0.1 -1.26121e-06
0.11 -2.33691e-06
0.12 -3.00062e-06
0.13 -2.87713e-06
0.14 -2.05269e-06
0.15 -1.01997e-06
0.16 -3.86859e-07
0.17 -5.20536e-07
0.18 -1.33401e-06
0.19 -2.33838e-06
0.2 -2.92947e-06
0.21 -2.74119e-06
0.22 -1.85802e-06
0.23 -7.611e-07
0.24 -4.12673e-08
0.25 -5.2809e-08
0.26 -7.14568e-07
0.27 -1.57049e-06
0.28 -2.06394e-06
0.29 -1.86104e-06
0.3 -1.04133e-06
0.31 -5.26136e-08
0.32 5.47075e-07
0.33 4.19932e-07
0.34 -3.44439e-07
0.35 -1.28142e-06
0.36 -1.83386e-06
0.37 -1.67347e-06
0.38 -8.52286e-07
0.39 2.79088e-07
0.4 1.28111e-06
0.41 1.81693e-06
0.42 1.7635e-06
0.43 1.25017e-06
0.44 6.14662e-07
0.45 2.45733e-07
0.46 3.58122e-07
0.47 8.51429e-07
0.48 1.38233e-06
0.49 1.61163e-06
0.5 1.43926e-06
0.51 1.0563e-06
0.52 7.91924e-07
0.53 8.74919e-07
0.54 1.26708e-06
0.55 1.66974e-06
0.56 1.7067e-06
0.57 1.18727e-06
0.58 2.8853e-07
0.59 -4.83341e-07
0.6 -5.70278e-07
0.61 2.63992e-07
0.62 1.6958e-06
0.63 2.92516e-06
0.64 3.09602e-06
0.65 1.92882e-06
0.66 -1.23458e-07
0.67 -2.14749e-06
0.68 -3.14472e-06
0.69 -2.60354e-06
0.7 -8.53758e-07
0.71 1.13629e-06
0.72 2.32652e-06
0.73 2.16472e-06
0.74 8.45416e-07
0.75 -8.19839e-07
0.76 -1.8302e-06
0.77 -1.52606e-06
0.78 2.91233e-08
0.79 2.04164e-06
0.8 3.40992e-06
0.81 3.36437e-06
0.82 1.93783e-06
0.83 -3.96875e-08
0.84 -1.42903e-06
0.85 -1.45442e-06
0.86 -1.57848e-07
0.87 1.62759e-06
0.88 2.77088e-06
0.89 2.5251e-06
0.9 9.97756e-07
0.91 -8.90651e-07
0.92 -1.9573e-06
0.93 -1.48126e-06
0.94 3.57787e-07
0.95 2.59472e-06
0.96 4.05132e-06
0.97 4.00128e-06
0.98 2.55846e-06
0.99 6.14601e-07
1 -6.2273e-07
1.01 -2.82977e-07
1.02 1.6285e-06
1.03 4.12361e-06
1.04 5.71825e-06
1.05 5.32704e-06
1.06 3.02903e-06
1.07 1.30568e-07
1.08 -1.62282e-06
1.09 -1.1948e-06
1.1 1.05367e-06
1.11 3.64545e-06
1.12 5.00856e-06
1.13 4.4671e-06
1.14 2.53668e-06
1.15 4.53507e-07
1.16 -6.16393e-07
1.17 -1.75466e-07
1.18 1.44046e-06
1.19 3.30126e-06
1.2 4.38148e-06
1.21 4.11675e-06
1.22 2.73954e-06
1.23 1.14986e-06
1.24 3.41763e-07
1.25 7.49328e-07
1.26 1.97537e-06
1.27 3.09799e-06
1.28 3.33185e-06
1.29 2.57446e-06
1.3 1.45658e-06
1.31 8.6835e-07
1.32 1.30857e-06
1.33 2.53047e-06
1.34 3.7255e-06
1.35 4.07961e-06
1.36 3.29185e-06
1.37 1.73629e-06
1.38 2.35118e-07
1.39 -3.78578e-07
1.4 3.04381e-07
1.41 2.01438e-06
1.42 3.88075e-06
1.43 4.883e-06
1.44 4.4638e-06
1.45 2.90043e-06
1.46 1.15229e-06
1.47 2.67235e-07
1.48 7.23266e-07
1.49 2.11246e-06
1.5 3.38468e-06
1.51 3.55328e-06
1.52 2.43127e-06
1.53 8.48024e-07
1.54 1.04402e-07
1.55 1.00691e-06
1.56 3.19698e-06
1.57 5.30459e-06
1.58 5.84679e-06
1.59 4.2495e-06
1.6 1.29074e-06
1.61 -1.33834e-06
1.62 -2.07964e-06
1.63 -4.92654e-07
1.64 2.46235e-06
1.65 5.03109e-06
1.66 5.75796e-06
1.67 4.3522e-06
1.68 1.81007e-06
1.69 -2.18373e-07
1.7 -4.07165e-07
1.71 1.46457e-06
1.72 4.34719e-06
1.73 6.4904e-06
1.74 6.46362e-06
1.75 4.032e-06
1.76 3.383e-07
1.77 -2.73112e-06
1.78 -3.60638e-06
1.79 -1.9015e-06
1.8 1.36748e-06
1.81 4.29488e-06
1.82 5.06104e-06
1.83 2.90377e-06
1.84 -1.40191e-06
1.85 -5.85342e-06
1.86 -8.23315e-06
1.87 -7.32612e-06
1.88 -3.66371e-06
1.89 6.84791e-07
1.9 3.23494e-06
1.91 2.51772e-06
1.92 -1.05516e-06
1.93 -5.47259e-06
1.94 -8.39003e-06
1.95 -8.54436e-06
1.96 -6.41075e-06
1.97 -3.76534e-06
1.98 -2.53938e-06
1.99 -3.70227e-06
2 -6.76663e-06
2.01 -1.01061e-05
2.02 -1.18874e-05
2.03 -1.11445e-05
2.04 -8.40651e-06
2.05 -5.43495e-06
2.06 -4.11187e-06
2.07 -5.13298e-06
2.08 -7.42724e-06
2.09 -8.80143e-06
2.1 -7.42405e-06
2.11 -3.11751e-06
2.12 2.4339e-06
2.13 6.67433e-06
2.14 7.70294e-06
2.15 5.40492e-06
2.16 1.53494e-06
2.17 -1.3044e-06
2.18 -1.2156e-06
2.19 1.84501e-06
2.2 6.07414e-06
2.21 9.0047e-06
2.22 9.07498e-06
2.23 6.5426e-06
2.24 3.22076e-06
2.25 1.32421e-06
2.26 2.16693e-06
2.27 5.39194e-06
2.28 9.10942e-06
2.29 1.09513e-05
2.3 9.58172e-06
2.31 5.77258e-06
2.32 2.18836e-06
2.33 1.77452e-06
2.34 5.70493e-06
2.35 1.23593e-05
2.36 1.82056e-05
2.37 2.0089e-05
2.38 1.73282e-05
2.39 1.21083e-05
2.4 7.90721e-06
2.41 7.14108e-06
2.42 9.71946e-06
2.43 1.34342e-05
2.44 1.57273e-05
2.45 1.5464e-05
2.46 1.34962e-05
2.47 1.18013e-05
2.48 1.20009e-05
2.49 1.43554e-05
2.5 1.77964e-05
2.51 2.07375e-05
2.52 2.19619e-05
2.53 2.10531e-05
2.54 1.83071e-05
2.55 1.4391e-05
2.56 1.00294e-05
2.57 5.84858e-06
2.58 2.36467e-06
2.59 2.75311e-08
2.6 -7.94177e-07
2.61 5.72776e-08
2.62 2.35904e-06
2.63 5.43393e-06
2.64 8.22849e-06
2.65 9.53113e-06
2.66 8.38407e-06
2.67 4.72721e-06
2.68 -3.47175e-08
2.69 -3.23506e-06
2.7 -2.34325e-06
2.71 3.0907e-06
2.72 1.05347e-05
2.73 1.57852e-05
2.74 1.58735e-05
2.75 1.13882e-05
2.76 6.30968e-06
2.77 5.38213e-06
2.78 1.08902e-05
2.79 2.10307e-05
2.8 3.08928e-05
2.81 3.54092e-05
2.82 3.24776e-05
2.83 2.4325e-05
2.84 1.61924e-05
2.85 1.31144e-05
2.86 1.68937e-05
2.87 2.52479e-05
2.88 3.35003e-05
2.89 3.74266e-05
2.9 3.53822e-05
2.91 2.87638e-05
2.92 2.1046e-05
2.93 1.6123e-05
2.94 1.65591e-05
2.95 2.22663e-05
2.96 3.02462e-05
2.97 3.58792e-05
2.98 3.54487e-05
2.99 2.85688e-05
3 1.8846e-05
3.01 1.19925e-05
3.02 1.22875e-05
3.03 1.96162e-05
3.04 2.92104e-05
3.05 3.45138e-05
3.06 3.13672e-05
3.07 2.06484e-05
3.08 7.5602e-06
3.09 -1.82418e-06
3.1 -4.27822e-06
3.11 -9.98344e-07
3.12 3.63742e-06
3.13 4.93922e-06
3.14 5.16518e-07
3.15 -8.68006e-06
3.16 -1.91273e-05
3.17 -2.67051e-05
3.18 -2.88574e-05
3.19 -2.58949e-05
3.2 -2.07788e-05
3.21 -1.7465e-05
3.22 -1.86873e-05
3.23 -2.4433e-05
3.24 -3.19995e-05
3.25 -3.75857e-05
3.26 -3.84537e-05
3.27 -3.44156e-05
3.28 -2.78814e-05
3.29 -2.25302e-05
3.3 -2.13215e-05
3.31 -2.48514e-05
3.32 -3.09684e-05
3.33 -3.60033e-05
3.34 -3.70022e-05
3.35 -3.35422e-05
3.36 -2.78472e-05
3.37 -2.31171e-05
3.38 -2.13203e-05
3.39 -2.20372e-05
3.4 -2.30178e-05
3.41 -2.18339e-05
3.42 -1.74141e-05
3.43 -1.06068e-05
3.44 -3.63472e-06
3.45 1.15196e-06
3.46 2.55999e-06
3.47 1.1772e-06
3.48 -1.07271e-06
3.49 -2.208e-06
3.5 -1.43805e-06
3.51 4.9303e-07
3.52 2.0267e-06
3.53 1.91748e-06
3.54 -4.88346e-08
3.55 -3.05092e-06
3.56 -5.71174e-06
3.57 -6.73754e-06
3.58 -5.54718e-06
3.59 -2.72951e-06
3.6 -2.27699e-08
3.61 4.15888e-07
3.62 -2.77565e-06
3.63 -9.18054e-06
3.64 -1.65857e-05
3.65 -2.21375e-05
3.66 -2.41279e-05
3.67 -2.33202e-05
3.68 -2.2753e-05
3.69 -2.57939e-05
3.7 -3.35618e-05
3.71 -4.36427e-05
3.72 -5.13504e-05
3.73 -5.28915e-05
3.74 -4.82123e-05
3.75 -4.14011e-05
3.76 -3.82253e-05
3.77 -4.2415e-05
3.78 -5.31685e-05
3.79 -6.55417e-05
3.8 -7.35222e-05
3.81 -7.38631e-05
3.82 -6.82164e-05
3.83 -6.21394e-05
3.84 -6.15579e-05
3.85 -6.89761e-05
3.86 -8.18929e-05
3.87 -9.43909e-05
3.88 -0.000100786
3.89 -9.90092e-05
3.9 -9.17194e-05
3.91 -8.46327e-05
3.92 -8.31657e-05
3.93 -8.93559e-05
3.94 -0.000100756
3.95 -0.000111869
3.96 -0.000117301
3.97 -0.00011485
3.98 -0.000106804
3.99 -9.86517e-05
4 -9.58892e-05
4.01 -0.000100724
4.02 -0.000110645
4.03 -0.000119798
4.04 -0.000122396
4.05 -0.000116118
4.06 -0.000103471
4.07 -9.02676e-05
4.08 -8.20952e-05
4.09 -8.08536e-05
4.1 -8.35407e-05
4.11 -8.41721e-05
4.12 -7.76921e-05
4.13 -6.33492e-05
4.14 -4.54124e-05
4.15 -3.0907e-05
4.16 -2.57455e-05
4.17 -3.11832e-05
4.18 -4.22082e-05
4.19 -4.89543e-05
4.2 -4.13422e-05
4.21 -1.53352e-05
4.22 2.28653e-05
4.23 5.84247e-05
4.24 7.57027e-05
4.25 6.79551e-05
4.26 4.2406e-05
4.27 1.68371e-05
4.28 9.44648e-06
4.29 2.81842e-05
4.3 6.6059e-05
4.31 0.000105156
4.32 0.000126923
4.33 0.000122724
4.34 9.86503e-05
4.35 7.19041e-05
4.36 6.08216e-05
4.37 7.42781e-05
4.38 0.000106617
4.39 0.000141042
4.4 0.000159438
4.41 0.000152816
4.42 0.000126362
4.43 9.6323e-05
4.44 8.06238e-05
4.45 8.86194e-05
4.46 0.000115842
4.47 0.00014676
4.48 0.000163926
4.49 0.000158103
4.5 0.00013349
4.51 0.000105085
4.52 8.981e-05
4.53 9.64807e-05
4.54 0.000120403
4.55 0.000145909
4.56 0.000155666
4.57 0.000141367
4.58 0.000109144
4.59 7.60554e-05
4.6 5.96817e-05
4.61 6.73484e-05
4.62 9.17127e-05
4.63 0.000115273
4.64 0.00012085
4.65 0.000101691
4.66 6.53105e-05
4.67 2.89631e-05
4.68 9.53574e-06
4.69 1.38322e-05
4.7 3.49372e-05
4.71 5.66805e-05
4.72 6.34141e-05
4.73 4.92091e-05
4.74 2.10203e-05
4.75 -5.93363e-06
4.76 -1.75952e-05
4.77 -9.47261e-06
4.78 1.09964e-05
4.79 2.92751e-05
4.8 3.25243e-05
4.81 1.69774e-05
4.82 -1.0291e-05
4.83 -3.58738e-05
4.84 -4.79061e-05
4.85 -4.27284e-05
4.86 -2.66952e-05
4.87 -1.23095e-05
4.88 -1.10058e-05
4.89 -2.66801e-05
4.9 -5.3559e-05
4.91 -7.95283e-05
4.92 -9.30026e-05
4.93 -8.94664e-05
4.94 -7.39845e-05
4.95 -5.82275e-05
4.96 -5.3673e-05
4.97 -6.48866e-05
4.98 -8.68116e-05
4.99 -0.000107717
5 -0.000116146
5.01 -0.000107764
5.02 -8.798e-05
5.03 -6.86963e-05
5.04 -6.11827e-05
5.05 -6.94296e-05
5.06 -8.79488e-05
5.07 -0.000105192
5.08 -0.000110442
5.09 -0.0001001
5.1 -7.96654e-05
5.11 -6.02564e-05
5.12 -5.19075e-05
5.13 -5.78892e-05
5.14 -7.34051e-05
5.15 -8.88178e-05
5.16 -9.47084e-05
5.17 -8.58138e-05
5.18 -6.27191e-05
5.19 -3.16703e-05
5.2 -2.67533e-06
5.21 1.43733e-05
5.22 1.46557e-05
5.23 1.62976e-06
5.24 -1.43047e-05
5.25 -2.15878e-05
5.26 -1.42511e-05
5.27 4.69839e-06
5.28 2.53262e-05
5.29 3.68227e-05
5.3 3.38423e-05
5.31 1.94864e-05
5.32 3.35658e-06
5.33 -4.06744e-06
5.34 2.60256e-06
5.35 2.07939e-05
5.36 4.17191e-05
5.37 5.55208e-05
5.38 5.67868e-05
5.39 4.73916e-05
5.4 3.51442e-05
5.41 2.89806e-05
5.42 3.34489e-05
5.43 4.58725e-05
5.44 5.81116e-05
5.45 6.19093e-05
5.46 5.43465e-05
5.47 3.98074e-05
5.48 2.72322e-05
5.49 2.45678e-05
5.5 3.39989e-05
5.51 5.08006e-05
5.52 6.62785e-05
5.53 7.28771e-05
5.54 6.84552e-05
5.55 5.73478e-05
5.56 4.77095e-05
5.57 4.67238e-05
5.58 5.64525e-05
5.59 7.27047e-05
5.6 8.75298e-05
5.61 9.3844e-05
5.62 8.95035e-05
5.63 7.8492e-05
5.64 6.85259e-05
5.65 6.64363e-05
5.66 7.40469e-05
5.67 8.7076e-05
5.68 9.77758e-05
5.69 9.96263e-05
5.7 9.10422e-05
5.71 7.57731e-05
5.72 6.00039e-05
5.73 4.83927e-05
5.74 4.17666e-05
5.75 3.77109e-05
5.76 3.31041e-05
5.77 2.64705e-05
5.78 1.85679e-05
5.79 1.12126e-05
5.8 5.61634e-06
5.81 1.56528e-06
5.82 -2.17025e-06
5.83 -6.80178e-06
5.84 -1.27243e-05
5.85 -1.93422e-05
5.86 -2.5361e-05
5.87 -2.92948e-05
5.88 -3.01519e-05
5.89 -2.82155e-05
5.9 -2.54053e-05
5.91 -2.45246e-05
5.92 -2.74213e-05
5.93 -3.32888e-05
5.94 -3.87255e-05
5.95 -4.00164e-05
5.96 -3.61702e-05
5.97 -3.03192e-05
5.98 -2.8152e-05
5.99 -3.4274e-05
6 -4.89405e-05
6.01 -6.73374e-05
6.02 -8.19095e-05
6.03 -8.64146e-05
6.04 -7.94555e-05
6.05 -6.55164e-05
6.06 -5.27772e-05
6.07 -4.87e-05
6.08 -5.57653e-05
6.09 -6.99023e-05
6.1 -8.27371e-05
6.11 -8.64764e-05
6.12 -7.85547e-05
6.13 -6.3233e-05
6.14 -4.91577e-05
6.15 -4.42922e-05
6.16 -5.11867e-05
6.17 -6.53427e-05
6.18 -7.76322e-05
6.19 -7.9428e-05
6.2 -6.75826e-05
6.21 -4.64554e-05
6.22 -2.57549e-05
6.23 -1.5211e-05
6.24 -1.89252e-05
6.25 -3.26624e-05
6.26 -4.59447e-05
6.27 -4.8064e-05
6.28 -3.45641e-05
6.29 -1.01246e-05
6.3 1.41407e-05
6.31 2.73947e-05
6.32 2.55967e-05
6.33 1.37749e-05
6.34 2.75926e-06
6.35 2.5287e-06
6.36 1.62655e-05
6.37 3.85692e-05
6.38 5.87003e-05
6.39 6.68448e-05
6.4 5.98039e-05
6.41 4.29108e-05
6.42 2.70532e-05
6.43 2.23987e-05
6.44 3.24003e-05
6.45 5.16885e-05
6.46 6.92449e-05
6.47 7.49941e-05
6.48 6.57657e-05
6.49 4.70216e-05
6.5 2.94797e-05
6.51 2.28343e-05
6.52 3.02149e-05
6.53 4.63343e-05
6.54 6.02684e-05
6.55 6.15191e-05
6.56 4.62412e-05
6.57 2.00632e-05
6.58 -4.53132e-06
6.59 -1.51468e-05
6.6 -6.72651e-06
6.61 1.53765e-05
6.62 3.84317e-05
6.63 4.95689e-05
6.64 4.28935e-05
6.65 2.24847e-05
6.66 -2.20799e-07
6.67 -1.30722e-05
6.68 -1.01404e-05
6.69 4.9817e-06
6.7 2.14756e-05
6.71 2.7975e-05
6.72 1.97531e-05
6.73 2.0026e-06
6.74 -1.31401e-05
6.75 -1.43826e-05
6.76 9.01061e-07
6.77 2.40912e-05
6.78 4.01118e-05
6.79 3.68303e-05
6.8 1.30923e-05
6.81 -1.98549e-05
6.82 -4.46498e-05
6.83 -4.80661e-05
6.84 -2.8952e-05
6.85 1.03541e-06
6.86 2.43284e-05
6.87 2.76867e-05
6.88 9.56589e-06
6.89 -1.9555e-05
6.9 -4.36341e-05
6.91 -5.02379e-05
6.92 -3.72488e-05
6.93 -1.36682e-05
6.94 5.70813e-06
6.95 8.79722e-06
6.96 -6.80669e-06
6.97 -3.24612e-05
6.98 -5.35922e-05
6.99 -5.82951e-05
7 -4.43337e-05
7.01 -2.04744e-05
7.02 -1.41321e-06
7.03 8.5395e-07
7.04 -1.5659e-05
7.05 -4.12696e-05
7.06 -5.99243e-05
7.07 -5.86608e-05
7.08 -3.56614e-05
7.09 -1.834e-06
7.1 2.52906e-05
7.11 3.17422e-05
7.12 1.5197e-05
7.13 -1.38364e-05
7.14 -3.8248e-05
7.15 -4.4127e-05
7.16 -2.84538e-05
7.17 -4.66972e-07
7.18 2.38677e-05
7.19 3.10841e-05
7.2 1.79253e-05
7.21 -6.87333e-06
7.22 -2.78271e-05
7.23 -3.19726e-05
7.24 -1.66754e-05
7.25 8.76993e-06
7.26 2.87877e-05
7.27 3.10092e-05
7.28 1.37783e-05
7.29 -1.29297e-05
7.3 -3.36545e-05
7.31 -3.67402e-05
7.32 -2.10014e-05
7.33 4.14141e-06
7.34 2.47453e-05
7.35 3.06074e-05
7.36 2.07323e-05
7.37 3.1325e-06
7.38 -1.04191e-05
7.39 -1.13429e-05
7.4 1.07376e-06
7.41 1.97426e-05
7.42 3.4289e-05
7.43 3.72248e-05
7.44 2.81474e-05
7.45 1.36309e-05
7.46 3.09445e-06
7.47 3.21171e-06
7.48 1.40442e-05
7.49 2.89454e-05
7.5 3.82503e-05
7.51 3.48185e-05
7.52 1.84033e-05
7.53 -3.79096e-06
7.54 -2.09783e-05
7.55 -2.49951e-05
7.56 -1.51196e-05
7.57 1.50054e-06
7.58 1.41087e-05
7.59 1.46692e-05
7.6 2.42701e-06
7.61 -1.59646e-05
7.62 -3.06644e-05
7.63 -3.45402e-05
7.64 -2.71611e-05
7.65 -1.45944e-05
7.66 -5.35719e-06
7.67 -5.16848e-06
7.68 -1.36662e-05
7.69 -2.48566e-05
7.7 -3.08061e-05
7.71 -2.63288e-05
7.72 -1.202e-05
7.73 5.98639e-06
7.74 1.93248e-05
7.75 2.19167e-05
7.76 1.32655e-05
7.77 -1.20806e-06
7.78 -1.29861e-05
7.79 -1.49952e-05
7.8 -5.46219e-06
7.81 1.10763e-05
7.82 2.62698e-05
7.83 3.2627e-05
7.84 2.77432e-05
7.85 1.56902e-05
7.86 4.76767e-06
7.87 2.82317e-06
7.88 1.26822e-05
7.89 3.025e-05
7.9 4.65071e-05
7.91 5.25068e-05
7.92 4.46437e-05
7.93 2.70609e-05
7.94 9.57333e-06
7.95 2.16031e-06
7.96 9.22704e-06
7.97 2.70478e-05
7.98 4.59224e-05
7.99 5.57729e-05
8 5.18889e-05
8.01 3.74905e-05
8.02 2.16879e-05
8.03 1.40967e-05
8.04 1.9266e-05
8.05 3.41364e-05
8.06 4.99532e-05
8.07 5.74354e-05
8.08 5.2086e-05
8.09 3.65769e-05
8.1 1.90504e-05
8.11 8.51775e-06
8.12 9.84308e-06
8.13 2.08133e-05
8.14 3.2947e-05
8.15 3.60937e-05
8.16 2.46448e-05
8.17 1.56399e-06
8.18 -2.27763e-05
8.19 -3.66668e-05
8.2 -3.42352e-05
8.21 -1.90332e-05
8.22 -1.82464e-06
8.23 5.83167e-06
8.24 -1.78394e-06
8.25 -2.14736e-05
8.26 -4.31834e-05
8.27 -5.59484e-05
8.28 -5.42787e-05
8.29 -4.12169e-05
8.3 -2.62594e-05
8.31 -1.94932e-05
8.32 -2.5548e-05
8.33 -4.09197e-05
8.34 -5.613e-05
8.35 -6.13744e-05
8.36 -5.23046e-05
8.37 -3.25087e-05
8.38 -1.12516e-05
8.39 2.03161e-06
8.4 3.05131e-06
8.41 -5.3446e-06
8.42 -1.54187e-05
8.43 -1.94045e-05
8.44 -1.40314e-05
8.45 -2.21045e-06
8.46 8.92284e-06
8.47 1.23929e-05
8.48 5.63501e-06
8.49 -7.89878e-06
8.5 -2.07445e-05
8.51 -2.58283e-05
8.52 -2.06027e-05
8.53 -8.45917e-06
8.54 3.3593e-06
8.55 8.05281e-06
8.56 3.21986e-06
8.57 -7.82231e-06
8.58 -1.80882e-05
8.59 -2.11065e-05
8.6 -1.4747e-05
8.61 -2.43028e-06
8.62 8.97467e-06
8.63 1.32803e-05
8.64 8.6651e-06
8.65 -1.27846e-06
8.66 -9.75562e-06
8.67 -1.09111e-05
8.68 -3.38927e-06
8.69 8.86545e-06
8.7 1.90403e-05
8.71 2.15756e-05
8.72 1.54372e-05
8.73 4.62862e-06
8.74 -4.23646e-06
8.75 -5.80954e-06
8.76 8.51108e-07
8.77 1.15803e-05
8.78 1.93054e-05
8.79 1.81014e-05
8.8 6.91194e-06
8.81 -9.34433e-06
8.82 -2.22333e-05
8.83 -2.46018e-05
8.84 -1.48794e-05
8.85 1.77205e-06
8.86 1.62039e-05
8.87 2.03289e-05
8.88 1.16183e-05
8.89 -5.42312e-06
8.9 -2.16459e-05
8.91 -2.83124e-05
8.92 -2.20716e-05
8.93 -6.93121e-06
8.94 8.08733e-06
8.95 1.42867e-05
8.96 8.36896e-06
8.97 -5.82555e-06
8.98 -1.98091e-05
8.99 -2.54836e-05
9 -1.97393e-05
9.01 -6.12335e-06
9.02 7.23823e-06
9.03 1.23246e-05
9.04 5.93238e-06
9.05 -8.34309e-06
9.06 -2.21714e-05
9.07 -2.74819e-05
9.08 -2.13767e-05
9.09 -7.90614e-06
9.1 4.44821e-06
9.11 8.06283e-06
9.12 9.50009e-07
9.13 -1.19989e-05
9.14 -2.21355e-05
9.15 -2.25783e-05
9.16 -1.25989e-05
9.17 1.92652e-06
9.18 1.22024e-05
9.19 1.19102e-05
9.2 9.83974e-07
9.21 -1.43649e-05
9.22 -2.52236e-05
9.23 -2.50475e-05
9.24 -1.33988e-05
9.25 3.72859e-06
9.26 1.72389e-05
9.27 2.00897e-05
9.28 1.13166e-05
9.29 -3.45725e-06
9.3 -1.53536e-05
9.31 -1.74506e-05
9.32 -8.80127e-06
9.33 5.06487e-06
9.34 1.54044e-05
9.35 1.5373e-05
9.36 4.04561e-06
9.37 -1.29593e-05
9.38 -2.66316e-05
9.39 -2.97202e-05
9.4 -2.09285e-05
9.41 -5.69553e-06
9.42 6.95426e-06
9.43 9.69147e-06
9.44 1.17188e-06
9.45 -1.32384e-05
9.46 -2.47373e-05
9.47 -2.63682e-05
9.48 -1.71279e-05
9.49 -2.47939e-06
9.5 8.97218e-06
9.51 1.06181e-05
9.52 1.74495e-06
9.53 -1.20947e-05
9.54 -2.24324e-05
9.55 -2.29451e-05
9.56 -1.32183e-05
9.57 1.01175e-06
9.58 1.1261e-05
9.59 1.13223e-05
9.6 9.44728e-07
9.61 -1.40074e-05
9.62 -2.50163e-05
9.63 -2.59271e-05
9.64 -1.64879e-05
9.65 -2.29956e-06
9.66 8.67505e-06
9.67 1.07826e-05
9.68 3.71983e-06
9.69 -7.65566e-06
9.7 -1.63654e-05
9.71 -1.73226e-05
9.72 -1.00912e-05
9.73 1.04421e-06
9.74 9.66369e-06
9.75 1.0975e-05
9.76 4.60198e-06
9.77 -5.23355e-06
9.78 -1.22699e-05
9.79 -1.20085e-05
9.8 -4.47648e-06
9.81 5.76221e-06
9.82 1.24146e-05
9.83 1.13845e-05
9.84 3.3542e-06
9.85 -6.63006e-06
9.86 -1.22843e-05
9.87 -9.90611e-06
9.88 -5.24795e-07
9.89 1.07974e-05
9.9 1.79218e-05
9.91 1.70529e-05
9.92 8.75212e-06
9.93 -2.43656e-06
9.94 -1.04552e-05
9.95 -1.09672e-05
9.96 -3.67823e-06
9.97 7.48188e-06
9.98 1.64735e-05
9.99 1.8493e-05
10 1.27145e-05
10.01 2.79411e-06
10.02 -5.27472e-06
10.03 -6.73801e-06
10.04 -9.05479e-07
10.05 8.54111e-06
10.06 1.59079e-05
10.07 1.69737e-05
10.08 1.14303e-05
10.09 2.8834e-06
10.1 -3.43642e-06
10.11 -3.79401e-06
10.12 1.9318e-06
10.13 1.03031e-05
10.14 1.64447e-05
10.15 1.69468e-05
10.16 1.18372e-05
10.17 4.48371e-06
10.18 -4.80823e-07
10.19 4.53056e-08
10.2 5.77981e-06
10.21 1.32426e-05
10.22 1.78676e-05
10.23 1.67755e-05
10.24 1.05266e-05
10.25 2.77544e-06
10.26 -1.96184e-06
10.27 -1.04827e-06
10.28 4.70236e-06
10.29 1.15517e-05
10.3 1.51074e-05
10.31 1.29632e-05
10.32 6.15327e-06
10.33 -1.41868e-06
10.34 -5.23642e-06
10.35 -2.81748e-06
10.36 4.75659e-06
10.37 1.33078e-05
10.38 1.78178e-05
10.39 1.52707e-05
10.4 6.49543e-06
10.41 -4.1213e-06
10.42 -1.10166e-05
10.43 -1.06294e-05
10.44 -3.49374e-06
10.45 6.05089e-06
10.46 1.23843e-05
10.47 1.18444e-05
10.48 4.78369e-06
10.49 -4.68378e-06
10.5 -1.10305e-05
10.51 -1.04389e-05
10.52 -2.9905e-06
10.53 7.31629e-06
10.54 1.48057e-05
10.55 1.54047e-05
10.56 9.03431e-06
10.57 -3.61996e-07
10.58 -7.18466e-06
10.59 -7.4752e-06
10.6 -1.16019e-06
10.61 8.01053e-06
10.62 1.4689e-05
10.63 1.49895e-05
10.64 8.6656e-06
10.65 -7.87827e-07
10.66 -8.13938e-06
10.67 -9.384e-06
10.68 -3.97811e-06
10.69 4.8926e-06
10.7 1.21154e-05
10.71 1.35056e-05
10.72 8.18977e-06
10.73 -7.59506e-07
10.74 -7.89412e-06
10.75 -8.49235e-06
10.76 -1.50999e-06
10.77 9.49196e-06
10.78 1.82451e-05
10.79 1.94688e-05
10.8 1.20546e-05
10.81 -2.668e-07
10.82 -1.11169e-05
10.83 -1.50901e-05
10.84 -1.06821e-05
10.85 -9.90718e-07
10.86 8.08041e-06
10.87 1.11408e-05
10.88 6.38441e-06
10.89 -3.33344e-06
10.9 -1.21502e-05
10.91 -1.47005e-05
10.92 -9.36501e-06
10.93 7.69861e-07
10.94 9.84178e-06
10.95 1.28e-05
10.96 8.4098e-06
10.97 -1.31076e-07
10.98 -7.25065e-06
10.99 -8.40738e-06
11 -2.76442e-06
11.01 6.41512e-06
11.02 1.37734e-05
11.03 1.4983e-05
11.04 9.17921e-06
11.05 -5.88783e-07
11.06 -9.04056e-06
11.07 -1.15546e-05
11.08 -6.75068e-06
11.09 2.63758e-06
11.1 1.11845e-05
11.11 1.38282e-05
11.12 8.8572e-06
11.13 -9.86054e-07
11.14 -1.00433e-05
11.15 -1.30571e-05
11.16 -8.28188e-06
11.17 1.47959e-06
11.18 1.05402e-05
11.19 1.37118e-05
11.2 9.38983e-06
11.21 4.61689e-07
11.22 -7.53679e-06
11.23 -9.87055e-06
11.24 -5.46524e-06
11.25 2.61796e-06
11.26 9.2801e-06
11.27 1.05823e-05
11.28 6.0206e-06
11.29 -1.36655e-06
11.3 -6.92623e-06
11.31 -7.1382e-06
11.32 -1.63967e-06
11.33 6.57346e-06
11.34 1.28887e-05
11.35 1.37941e-05
11.36 8.98744e-06
11.37 1.59119e-06
11.38 -3.70342e-06
11.39 -3.48507e-06
11.4 2.22722e-06
11.41 9.84159e-06
11.42 1.42328e-05
11.43 1.18534e-05
11.44 3.07399e-06
11.45 -7.75933e-06
11.46 -1.47237e-05
11.47 -1.3789e-05
11.48 -5.24799e-06
11.49 6.379e-06
11.5 1.49002e-05
11.51 1.59431e-05
11.52 9.34518e-06
11.53 -8.97617e-07
11.54 -9.02318e-06
11.55 -1.08021e-05
11.56 -5.83868e-06
11.57 2.38828e-06
11.58 8.67004e-06
11.59 9.09692e-06
11.6 3.2366e-06
11.61 -5.7258e-06
11.62 -1.2902e-05
11.63 -1.45331e-05
11.64 -1.00897e-05
11.65 -2.42788e-06
11.66 4.03357e-06
11.67 5.94646e-06
11.68 2.86879e-06
11.69 -2.71752e-06
11.7 -7.0556e-06
11.71 -7.32982e-06
11.72 -3.16963e-06
11.73 3.28788e-06
11.74 8.6749e-06
11.75 1.02598e-05
11.76 7.42548e-06
11.77 2.00153e-06
11.78 -2.74316e-06
11.79 -3.9468